18-12-17 22:31:42 [INFO] [OctoBans] File Handler successfully initialized!
18-12-17 22:31:42 [INFO] [OctoBans] SQL connection successfully etablished
18-12-17 22:31:42 [INFO] [OctoBans] Moderator Tools by Octonia.
18-12-17 22:31:47 [INFO] [OctoBans] sqkaa_ sql checked, record: spammp by Remil to -1
18-12-17 22:31:47 [INFO] [OctoBans] sqkaa_ sql checked, record: spammp by Remil to -1
18-12-17 22:31:47 [INFO] [OctoBans] sqkaa_ sql checked, record: spammp by Remil to -1
18-12-17 22:31:47 [INFO] [OctoBans] the_slash sql checked, record: spammp by pepedjo to -1
18-12-17 22:31:47 [INFO] [OctoBans] the_slash sql checked, record: spammp by drbrine to -1
18-12-17 22:31:47 [INFO] [OctoBans] the_slash sql checked, record: spammp by NeyTox to -1
18-12-17 22:31:52 [INFO] [OctoBans] ayken sql checked, record: spammp by KelianHD to -1
18-12-17 22:32:02 [INFO] [OctoBans] xx_yz_xx sql checked, record: spammp by SkillBOotiiS to -1
18-12-17 22:32:13 [INFO] [OctoBans] wilson84 sql checked, record: spammp by OCIP_Matth to -1
18-12-17 22:32:13 [INFO] [OctoBans] wilson84 sql checked, record: spammp by ToXiCz_TV to -1
18-12-17 22:32:13 [INFO] [OctoBans] wilson84 sql checked, record: spammp by LaKitaw to -1
18-12-17 22:32:13 [INFO] [OctoBans] wilson84 sql checked, record: spammp by PseudooNull to -1
18-12-17 22:32:13 [INFO] [OctoBans] wilson84 sql checked, record: spammp by woimant to -1
18-12-17 22:32:14 [INFO] [OctoBans] _topui_ sql checked, record: spammp by EW3L to -1
18-12-17 22:32:14 [INFO] [OctoBans] _topui_ sql checked, record: spammp by MrKebab to -1
18-12-17 22:32:16 [INFO] [OctoBans] chut3000 sql checked, record: spammp by FiasK0 to -1
18-12-17 22:32:19 [INFO] [OctoBans] xx_volrod_xx sql checked, record: spammp by Spovly to -1
18-12-17 22:32:19 [INFO] [OctoBans] xx_volrod_xx sql checked, record: spammp by Spovly to -1
18-12-17 22:32:19 [INFO] [OctoBans] xx_volrod_xx sql checked, record: spammp by The_Frusty to -1
18-12-17 22:32:19 [INFO] [OctoBans] xx_volrod_xx sql checked, record: spammp by The_Frusty to -1
18-12-17 22:32:19 [INFO] [OctoBans] xx_volrod_xx sql checked, record: spammp by The_Frusty to -1
18-12-17 22:32:19 [INFO] [OctoBans] xx_volrod_xx sql checked, record: spammp by Spovly to -1
18-12-17 22:32:19 [INFO] [OctoBans] xx_volrod_xx sql checked, record: spammp by KelianHD to -1
18-12-17 22:32:19 [INFO] [OctoBans] xx_volrod_xx sql checked, record: spammp by OCIP_Matth to -1
18-12-17 22:32:19 [INFO] [OctoBans] xx_volrod_xx sql checked, record: spammp by OCIP_Matth to -1
18-12-17 22:32:19 [INFO] [OctoBans] xx_volrod_xx sql checked, record: spammp by OCIP_Matth to -1
18-12-17 22:32:19 [INFO] [OctoBans] xx_volrod_xx sql checked, record: spammp by Evolze to -1
18-12-17 22:32:19 [INFO] [OctoBans] xx_volrod_xx sql checked, record: floodmp by NiceFR to -1
18-12-17 22:32:19 [INFO] [OctoBans] xx_volrod_xx sql checked, record: spammp by NiceFR to -1
18-12-17 22:32:19 [INFO] [OctoBans] xx_volrod_xx sql checked, record: spammp by FiasK0 to -1
18-12-17 22:32:19 [INFO] [OctoBans] xx_volrod_xx sql checked, record: spammp by OCIP_Matth to -1
18-12-17 22:32:19 [INFO] [OctoBans] xx_volrod_xx sql checked, record: spammp by MrKebab to -1
18-12-17 22:32:19 [INFO] [OctoBans] xx_volrod_xx sql checked, record: insultegrave by Hkz_Skillon to 1513668568
18-12-17 22:32:19 [INFO] [OctoBans] xx_volrod_xx sql checked, record: spammp by D3adOrSnipSurYTB to -1
18-12-17 22:32:19 [INFO] [OctoBans] xx_volrod_xx sql checked, record: insultegrave by Taygrax07 to 1513900828
18-12-17 22:32:25 [INFO] [OctoBans] swichdi sql checked, record: spammp by Gamer09 to -1
18-12-17 22:32:27 [INFO] [OctoBans] doli_gaming sql checked, record: insultegrave by MrKebab to 1513650198
18-12-17 22:32:49 [INFO] [OctoBans] aexraptorz sql checked, record: spammp by Remil to -1
18-12-17 22:32:49 [INFO] [OctoBans] aexraptorz sql checked, record: spammp by PseudooNull to -1
18-12-17 22:33:49 [INFO] [OctoBans] virocl sql checked, record: spammp by PseudooNull to -1
18-12-17 22:34:04 [INFO] [OctoBans] le_clodov2 sql checked, record: spammp by ToXiCz_TV to -1
18-12-17 22:34:04 [INFO] [OctoBans] le_clodov2 sql checked, record: spammp by FamousxRay to -1
18-12-17 22:34:05 [INFO] [OctoBans] srxze sql checked, record: spam by D3adOrSnipSurYTB to 1513635895
18-12-17 22:34:33 [INFO] [OctoBans] arakword sql checked, record: spammp by PseudooNull to -1
18-12-17 22:35:01 [INFO] [OctoBans] tigro17 sql checked, record: spammp by ToXiCz_TV to -1
18-12-17 22:35:01 [INFO] [OctoBans] tigro17 sql checked, record: insulte by NiceFR to 1513640695
18-12-17 22:35:46 [INFO] [OctoBans] remil sql checked, record: spammp by FiasK0 to -1
18-12-17 22:40:26 [INFO] [OctoBans] idreyzen sql checked, record: pubyt by Koeseb97 to 1513633917
18-12-17 22:43:28 [INFO] [OctoBans] D3adOrSnipSurYTB punished ironthug for: Double Poste
18-12-17 22:43:30 [INFO] [OctoBans] D3adOrSnipSurYTB punished dingo15 for: Double Poste
18-12-17 22:46:37 [INFO] [OctoBans] byzoo sql checked, record: spammp by PseudooNull to -1
18-12-17 22:46:37 [INFO] [OctoBans] byzoo sql checked, record: spammp by PseudooNull to -1
18-12-17 22:46:48 [INFO] [OctoBans] D3adOrSnipSurYTB punished aexraptorz for: Double Poste
18-12-17 22:51:42 [INFO] [OctoBans] zeynox sql checked, record: spammp by Zayrox29 to -1
18-12-17 22:51:42 [INFO] [OctoBans] zeynox sql checked, record: spammp by Zoseq to -1
18-12-17 22:51:42 [INFO] [OctoBans] zeynox sql checked, record: spammp by LaKitaw to -1
18-12-17 22:51:42 [INFO] [OctoBans] zeynox sql checked, record: spammp by LaKitaw to -1
18-12-17 22:51:42 [INFO] [OctoBans] zeynox sql checked, record: spammp by LaKitaw to -1
18-12-17 22:52:16 [INFO] [OctoBans] darryl1 sql checked, record: spammp by FiasK0 to -1
18-12-17 22:53:40 [INFO] [OctoBans] pouletgriller sql checked, record: spammp by Gamer09 to -1
18-12-17 22:53:40 [INFO] [OctoBans] pouletgriller sql checked, record: spammp by ToXiCz_TV to -1
18-12-17 22:53:51 [INFO] [OctoBans] hayden_frost sql checked, record: spammp by OCIP_Matth to -1
18-12-17 22:55:18 [INFO] [OctoBans] D3adOrSnipSurYTB punished xenotium_pvp for: Double Poste
18-12-17 22:57:05 [INFO] [OctoBans] rubyyy123 sql checked, record: incitationflood by Koeseb97 to 1513638042
18-12-17 22:59:02 [INFO] [OctoBans] PseudooNull punished byzoo for: Double Poste
18-12-17 22:59:54 [INFO] [OctoBans] D3adOrSnipSurYTB punished dingo15 for: Double Poste
18-12-17 23:03:35 [INFO] [OctoBans] D3adOrSnipSurYTB punished anatrox for: Majuscule
18-12-17 23:03:40 [INFO] [OctoBans] ocean sql checked, record: multicompte by YTB_XxKarnageXx to -1
18-12-17 23:04:11 [INFO] [OctoBans] SmooKeur punished tigrediamants for: Multi Comptes
18-12-17 23:04:17 [INFO] [OctoBans] SmooKeur punished tigrediamant for: Multi Comptes
18-12-17 23:19:46 [INFO] [OctoBans] D3adOrSnipSurYTB punished idreyzen for: Publicité Youtubeur
18-12-17 23:23:28 [INFO] [OctoBans] rubyyy1234 sql checked, record: incitationflood by Koeseb97 to 1513637580
18-12-17 23:23:28 [INFO] [OctoBans] rubyyy1234 sql checked, record: spammp by Koeseb97 to -1
18-12-17 23:31:39 [INFO] [OctoBans] PseudooNull punished thesexydog for: Spam/flood
18-12-17 23:32:44 [INFO] [OctoBans] maxoupvp sql checked, record: spammp by LeRe to -1
18-12-17 23:32:44 [INFO] [OctoBans] maxoupvp sql checked, record: spammp by drbrine to -1
18-12-17 23:47:14 [INFO] [OctoBans] syrox_ytb sql checked, record: spammp by Koeseb97 to -1
19-12-17 00:08:33 [INFO] [OctoBans] romudu269 sql checked, record: spammp by Remil to -1
19-12-17 00:08:58 [INFO] [OctoBans] cocacola62 sql checked, record: spammp by Kyabe to -1
19-12-17 00:33:05 [INFO] [OctoBans] blackwhite010 sql checked, record: insultegrave by Koeseb97 to 1513771530
19-12-17 00:37:42 [INFO] [OctoBans] xxdubeskillsxx sql checked, record: spammp by FamousxRay to -1
19-12-17 00:53:02 [INFO] [OctoBans] PseudooNull punished syrox_ytb for: Spam/flood en MP
19-12-17 01:36:24 [INFO] [OctoBans] ccm707 sql checked, record: spammp by FiasK0 to -1
19-12-17 02:02:55 [INFO] [OctoBans] firexpower666_ sql checked, record: spammp by tinmar to -1
19-12-17 03:37:50 [INFO] [OctoBans] mgk_tozzzz sql checked, record: spammp by drbrine to -1
19-12-17 04:27:35 [INFO] [OctoBans] by_fly sql checked, record: spammp by Hkz_Skillon to -1
19-12-17 04:29:31 [INFO] [OctoBans] skyfox93 sql checked, record: spammp by ToXiCz_TV to -1
19-12-17 06:01:02 [INFO] [OctoBans] Disabling OctoBans v1.0
