31-01-18 22:31:44 [INFO] [OctoBans] File Handler successfully initialized!
31-01-18 22:31:44 [INFO] [OctoBans] SQL connection successfully etablished
31-01-18 22:31:44 [INFO] [OctoBans] Moderator Tools by Octonia.
31-01-18 22:31:49 [INFO] [OctoBans] sangoku sql checked, record: spammp by atsuky to -1
31-01-18 22:31:49 [INFO] [OctoBans] sangoku sql checked, record: spammp by Awesomeboy to -1
31-01-18 22:31:49 [INFO] [OctoBans] sangoku sql checked, record: spammp by Awesomeboy to -1
31-01-18 22:31:50 [INFO] [OctoBans] wazhrod sql checked, record: spammp by DEEProdole to -1
31-01-18 22:32:06 [INFO] [OctoBans] mr_redorite_yt sql checked, record: spammp by Furiomaniak to -1
31-01-18 22:32:15 [INFO] [OctoBans] lethugdu46 sql checked, record: spammp by PseudooNull to -1
31-01-18 22:32:15 [INFO] [OctoBans] lethugdu46 sql checked, record: spammp by PseudooNull to -1
31-01-18 22:32:15 [INFO] [OctoBans] lethugdu46 sql checked, record: spam by SkillBOotiiS to 1517471846
31-01-18 22:32:15 [INFO] [OctoBans] lethugdu46 sql checked, record: spammp by atsuky to -1
31-01-18 22:32:15 [INFO] [OctoBans] lethugdu46 sql checked, record: spammp by iDecow_ to -1
31-01-18 22:32:23 [INFO] [OctoBans] keen0x sql checked, record: spammp by FNGOD to -1
31-01-18 22:32:40 [INFO] [OctoBans] bloodgamer25 sql checked, record: spammp by FiasK0 to -1
31-01-18 22:32:40 [INFO] [OctoBans] bloodgamer25 sql checked, record: provocation by Furiomaniak to 1517434985
31-01-18 22:33:19 [INFO] [OctoBans] onflyenrec sql checked, record: spammp by Antoine57565 to -1
31-01-18 22:33:19 [INFO] [OctoBans] onflyenrec sql checked, record: spammp by PseudooNull to -1
31-01-18 22:33:19 [INFO] [OctoBans] onflyenrec sql checked, record: spammp by Elfideltia to -1
31-01-18 22:33:19 [INFO] [OctoBans] onflyenrec sql checked, record: insultegrave by atsuky to 1517534808
31-01-18 22:33:24 [INFO] [OctoBans] progameur sql checked, record: spammp by FiasK0 to -1
31-01-18 22:33:24 [INFO] [OctoBans] progameur sql checked, record: spammp by D3adOrSnipSurYTB to -1
31-01-18 22:33:24 [INFO] [OctoBans] progameur sql checked, record: spammp by atsuky to -1
31-01-18 22:36:49 [INFO] [OctoBans] pepsicoca sql checked, record: spammp by FiasK0 to -1
31-01-18 22:36:49 [INFO] [OctoBans] pepsicoca sql checked, record: spammp by Elfideltia to -1
31-01-18 22:36:49 [INFO] [OctoBans] pepsicoca sql checked, record: spammp by Elfideltia to -1
31-01-18 22:37:42 [INFO] [OctoBans] _topui_ sql checked, record: insulte by iDecow_ to 1517443397
31-01-18 22:45:53 [INFO] [OctoBans] darryl1 sql checked, record: spammp by FiasK0 to -1
31-01-18 22:46:24 [INFO] [OctoBans] aexraptorz sql checked, record: spammp by Remil to -1
31-01-18 22:46:24 [INFO] [OctoBans] aexraptorz sql checked, record: spammp by PseudooNull to -1
31-01-18 22:50:28 [INFO] [OctoBans] naplock sql checked, record: spammp by Zoseq to -1
31-01-18 22:58:50 [INFO] [OctoBans] akriiiii_i sql checked, record: spammp by FiasK0 to -1
31-01-18 22:58:50 [INFO] [OctoBans] akriiiii_i sql checked, record: spammp by FiasK0 to -1
31-01-18 23:14:26 [INFO] [OctoBans] maxhit57 sql checked, record: spammp by Angel55 to -1
31-01-18 23:18:23 [INFO] [OctoBans] chut3000 sql checked, record: spammp by FiasK0 to -1
31-01-18 23:18:23 [INFO] [OctoBans] chut3000 sql checked, record: spammp by Zayrox29 to -1
31-01-18 23:18:23 [INFO] [OctoBans] chut3000 sql checked, record: spammp by NeyTox to -1
31-01-18 23:22:07 [INFO] [OctoBans] deeprodole sql checked, record: spammp by Zayrox29 to -1
31-01-18 23:22:07 [INFO] [OctoBans] deeprodole sql checked, record: spammp by Zayrox29 to -1
31-01-18 23:23:44 [INFO] [OctoBans] DEEProdole punished stan94 for: Insulte grave
31-01-18 23:25:16 [INFO] [OctoBans] racaille76 sql checked, record: spammp by AO_Darkness to -1
31-01-18 23:29:32 [INFO] [OctoBans] DEEProdole punished imdylan for: Provocation
31-01-18 23:30:39 [INFO] [OctoBans] DEEProdole punished sangoku for: Provocation
31-01-18 23:31:11 [INFO] [OctoBans] DEEProdole punished sosfight for: Provocation
31-01-18 23:35:22 [INFO] [OctoBans] sosfight sql checked, record: provocation by DEEProdole to 1517443571
31-01-18 23:46:17 [INFO] [OctoBans] zeynox sql checked, record: spammp by Zayrox29 to -1
31-01-18 23:46:17 [INFO] [OctoBans] zeynox sql checked, record: spammp by Zoseq to -1
31-01-18 23:46:17 [INFO] [OctoBans] zeynox sql checked, record: spammp by LaKitaw to -1
31-01-18 23:46:17 [INFO] [OctoBans] zeynox sql checked, record: spammp by LaKitaw to -1
31-01-18 23:46:17 [INFO] [OctoBans] zeynox sql checked, record: spammp by LaKitaw to -1
31-01-18 23:46:17 [INFO] [OctoBans] zeynox sql checked, record: spammp by D3adOrSnipSurYTB to -1
31-01-18 23:46:17 [INFO] [OctoBans] zeynox sql checked, record: spammp by Awesomeboy to -1
01-02-18 00:59:54 [INFO] [OctoBans] agentbeffu2 sql checked, record: spammp by EW3L to -1
01-02-18 01:52:45 [INFO] [OctoBans] grenousse_pvp sql checked, record: spammp by SmooKeur to -1
01-02-18 02:17:32 [INFO] [OctoBans] by_fly sql checked, record: spammp by Hkz_Skillon to -1
01-02-18 02:17:32 [INFO] [OctoBans] by_fly sql checked, record: spammp by PseudooNull to -1
01-02-18 06:01:01 [INFO] [OctoBans] Disabling OctoBans v1.0
