10-12-17 22:31:42 [INFO] [OctoBans] File Handler successfully initialized!
10-12-17 22:31:42 [INFO] [OctoBans] SQL connection successfully etablished
10-12-17 22:31:42 [INFO] [OctoBans] Moderator Tools by Octonia.
10-12-17 22:31:46 [INFO] [OctoBans] xxsubxx sql checked, record: spammp by OCIP_Matth to -1
10-12-17 22:31:46 [INFO] [OctoBans] amokon sql checked, record: spammp by PoukoaMoa to -1
10-12-17 22:31:46 [INFO] [OctoBans] sawidead sql checked, record: doubleposte by D3adOrSnipSurYTB to 1512941847
10-12-17 22:31:46 [INFO] [OctoBans] pablo sql checked, record: spammp by OCIP_Matth to -1
10-12-17 22:31:46 [INFO] [OctoBans] keezy sql checked, record: spammp by LeRe to -1
10-12-17 22:31:46 [INFO] [OctoBans] keezy sql checked, record: spammp by LeRe to -1
10-12-17 22:31:46 [INFO] [OctoBans] keezy sql checked, record: spammp by ToXiCz_TV to -1
10-12-17 22:31:46 [INFO] [OctoBans] keezy sql checked, record: spammp by FamousxRay to -1
10-12-17 22:31:47 [INFO] [OctoBans] shadd_ sql checked, record: spam by Gamer09 to 1512951739
10-12-17 22:32:04 [INFO] [OctoBans] opalephisla sql checked, record: insultegrave by tinmar to 1512956139
10-12-17 22:32:34 [INFO] [OctoBans] the_slash sql checked, record: spammp by pepedjo to -1
10-12-17 22:32:34 [INFO] [OctoBans] the_slash sql checked, record: spammp by drbrine to -1
10-12-17 22:32:34 [INFO] [OctoBans] the_slash sql checked, record: spammp by NeyTox to -1
10-12-17 22:32:34 [INFO] [OctoBans] the_slash sql checked, record: spam by YTB_XxKarnageXx to 1512965456
10-12-17 22:32:45 [INFO] [OctoBans] lukas_01 sql checked, record: doubleposte by Gamer09 to 1512942201
10-12-17 22:33:04 [INFO] [OctoBans] nrgx_sh4d0w sql checked, record: spammp by NeyTox to -1
10-12-17 22:33:17 [INFO] [OctoBans] noirafricain sql checked, record: spammp by Zoseq to -1
10-12-17 22:33:17 [INFO] [OctoBans] noirafricain sql checked, record: spammp by EW3L to -1
10-12-17 22:33:17 [INFO] [OctoBans] noirafricain sql checked, record: spammp by EW3L to -1
10-12-17 22:33:27 [INFO] [OctoBans] srxze sql checked, record: langage by Gamer09 to 1512941762
10-12-17 22:33:59 [INFO] [OctoBans] camaro sql checked, record: doubleposte by D3adOrSnipSurYTB to 1512943654
10-12-17 22:34:27 [INFO] [OctoBans] ayken sql checked, record: spammp by KelianHD to -1
10-12-17 22:40:13 [INFO] [OctoBans] seyyde_ sql checked, record: spammp by Gamer09 to -1
10-12-17 22:45:28 [INFO] [OctoBans] bardaxx_ sql checked, record: spammp by Zoseq to -1
10-12-17 22:49:18 [INFO] [OctoBans] xx_biom_xx sql checked, record: spammp by Spovly to -1
10-12-17 22:50:42 [INFO] [OctoBans] Koeseb97 punished zbeubz2 for: Double Poste
10-12-17 22:54:22 [INFO] [OctoBans] hayden_frost sql checked, record: spammp by OCIP_Matth to -1
10-12-17 22:56:48 [INFO] [OctoBans] grenousse_pvp sql checked, record: spammp by SmooKeur to -1
10-12-17 22:57:53 [INFO] [OctoBans] nicro2000 sql checked, record: spammp by EGGSPLOSION to -1
10-12-17 22:58:20 [INFO] [OctoBans] tifou_fou sql checked, record: spammp by OCIP_Matth to -1
10-12-17 23:02:17 [INFO] [OctoBans] gismo2806 sql checked, record: insultegrave by Zayrox29 to 1513007099
10-12-17 23:02:53 [INFO] [OctoBans] aexraptorz sql checked, record: spammp by Remil to -1
10-12-17 23:02:53 [INFO] [OctoBans] aexraptorz sql checked, record: faussesinfos by FiasK0 to 1513014765
10-12-17 23:10:46 [INFO] [OctoBans] louis990 sql checked, record: spammp by OCIP_Matth to -1
10-12-17 23:35:06 [INFO] [OctoBans] drbrine punished amokon for: Double Poste
10-12-17 23:43:54 [INFO] [OctoBans] drbrine punished nicro2000 for: Double Poste
10-12-17 23:50:27 [INFO] [OctoBans] drbrine punished xx_biom_xx for: Spam/flood
11-12-17 00:05:06 [INFO] [OctoBans] drbrine punished amokon for: Spam/flood en MP
11-12-17 00:11:42 [INFO] [OctoBans] easy sql checked, record: spammp by D3adOrSnipSurYTB to -1
11-12-17 00:11:42 [INFO] [OctoBans] easy sql checked, record: insultestaff by LaKitaw to 1512973438
11-12-17 00:14:16 [INFO] [OctoBans] cocacola62 sql checked, record: spammp by Kyabe to -1
11-12-17 00:22:10 [INFO] [OctoBans] darryl1 sql checked, record: spammp by FiasK0 to -1
11-12-17 00:29:05 [INFO] [OctoBans] xx_after_xx sql checked, record: spammp by FiasK0 to -1
11-12-17 00:43:54 [INFO] [OctoBans] kimoli sql checked, record: spammp by NeyTox to -1
11-12-17 00:43:54 [INFO] [OctoBans] kimoli sql checked, record: spammp by NeyTox to -1
11-12-17 00:43:54 [INFO] [OctoBans] kimoli sql checked, record: spammp by NeyTox to -1
11-12-17 00:43:54 [INFO] [OctoBans] kimoli sql checked, record: spammp by NeyTox to -1
11-12-17 00:43:54 [INFO] [OctoBans] kimoli sql checked, record: spammp by NeyTox to -1
11-12-17 00:43:54 [INFO] [OctoBans] kimoli sql checked, record: spammp by NeyTox to -1
11-12-17 00:43:54 [INFO] [OctoBans] kimoli sql checked, record: spammp by NeyTox to -1
11-12-17 00:43:54 [INFO] [OctoBans] kimoli sql checked, record: spammp by NeyTox to -1
11-12-17 00:43:54 [INFO] [OctoBans] kimoli sql checked, record: spammp by NeyTox to -1
11-12-17 00:43:54 [INFO] [OctoBans] kimoli sql checked, record: spammp by Remil to -1
11-12-17 00:43:54 [INFO] [OctoBans] kimoli sql checked, record: spammp by OCIP_Matth to -1
11-12-17 00:43:54 [INFO] [OctoBans] kimoli sql checked, record: spammp by YTB_XxKarnageXx to -1
11-12-17 00:43:54 [INFO] [OctoBans] kimoli sql checked, record: spammp by YTB_XxKarnageXx to -1
11-12-17 00:43:54 [INFO] [OctoBans] kimoli sql checked, record: spammp by YTB_XxKarnageXx to -1
11-12-17 00:43:54 [INFO] [OctoBans] kimoli sql checked, record: faussesinfos by Gamer09 to 1513013941
11-12-17 00:46:04 [INFO] [OctoBans] xxdubeskillsxx sql checked, record: spammp by FamousxRay to -1
11-12-17 01:01:05 [INFO] [OctoBans] weezy sql checked, record: spammp by LeRe to -1
11-12-17 06:01:01 [INFO] [OctoBans] Disabling OctoBans v1.0
