08-06-17 22:31:42 [INFO] [OctoBans] File Handler successfully initialized!
08-06-17 22:31:42 [INFO] [OctoBans] SQL connection successfully etablished
08-06-17 22:31:42 [INFO] [OctoBans] Moderator Tools by Octonia.
08-06-17 22:31:46 [INFO] [OctoBans] triton_ sql checked, record: spammp by Remil to -1
08-06-17 22:31:46 [INFO] [OctoBans] triton_ sql checked, record: spammp by SkyKosIV to -1
08-06-17 22:31:46 [INFO] [OctoBans] triton_ sql checked, record: spam by Kevdacosta to 1496955455
08-06-17 22:31:46 [INFO] [OctoBans] singe_de_telfort sql checked, record: spammp by SuperJojo to -1
08-06-17 22:31:46 [INFO] [OctoBans] singe_de_telfort sql checked, record: kickautre by Steph078 to -1
08-06-17 22:31:46 [INFO] [OctoBans] singe_de_telfort sql checked, record: spammp by SuperJojo to -1
08-06-17 22:31:46 [INFO] [OctoBans] singe_de_telfort sql checked, record: spammp by SkyKosIV to -1
08-06-17 22:31:46 [INFO] [OctoBans] singe_de_telfort sql checked, record: spammp by YTB_XxKarnageXx to -1
08-06-17 22:31:46 [INFO] [OctoBans] ew3l sql checked, record: spammp by SnowEffect to -1
08-06-17 22:31:46 [INFO] [OctoBans] idecow_ sql checked, record: spammp by PseudoNul to -1
08-06-17 22:31:46 [INFO] [OctoBans] idecow_ sql checked, record: spammp by SuperJojo to -1
08-06-17 22:31:46 [INFO] [OctoBans] idecow_ sql checked, record: spammp by PseudoNul to -1
08-06-17 22:31:46 [INFO] [OctoBans] logamer sql checked, record: provocation by Forway to 1496954037
08-06-17 22:31:46 [INFO] [OctoBans] ocip_matth sql checked, record: spammp by ZerKup to -1
08-06-17 22:31:46 [INFO] [OctoBans] ocip_matth sql checked, record: spammp by SuperJojo to -1
08-06-17 22:31:46 [INFO] [OctoBans] ocip_matth sql checked, record: kickautre by Steph078 to -1
08-06-17 22:31:46 [INFO] [OctoBans] zelnox sql checked, record: doubleposte by SuperJojo to 1496954643
08-06-17 22:31:46 [INFO] [OctoBans] superjojo sql checked, record: spammp by SkyKosIV to -1
08-06-17 22:31:46 [INFO] [OctoBans] zkingrage sql checked, record: insultegrave by Theoklm57 to 1496960548
08-06-17 22:31:46 [INFO] [OctoBans] zkingrage sql checked, record: spammp by PseudoNul to -1
08-06-17 22:31:46 [INFO] [OctoBans] zkingrage sql checked, record: spammp by PseudoNul to -1
08-06-17 22:31:46 [INFO] [OctoBans] hawai sql checked, record: provocation by Forway to 1496954058
08-06-17 22:31:46 [INFO] [OctoBans] blackzik_ sql checked, record: spam by Remil to 1496955003
08-06-17 22:31:46 [INFO] [OctoBans] kanekiiiii sql checked, record: kickautre by Steph078 to -1
08-06-17 22:31:46 [INFO] [OctoBans] kanekiiiii sql checked, record: spammp by Remil to -1
08-06-17 22:31:46 [INFO] [OctoBans] kanekiiiii sql checked, record: spammp by Remil to -1
08-06-17 22:31:46 [INFO] [OctoBans] waytek sql checked, record: spammp by PseudoNul to -1
08-06-17 22:31:46 [INFO] [OctoBans] fabio sql checked, record: spammp by Remil to -1
08-06-17 22:31:46 [INFO] [OctoBans] stickfly sql checked, record: spammp by SnowEffect to -1
08-06-17 22:31:53 [INFO] [OctoBans] romudu269 sql checked, record: spammp by SkyKosIV to -1
08-06-17 22:31:53 [INFO] [OctoBans] romudu269 sql checked, record: insultegrave by Forway to 1497025488
08-06-17 22:31:54 [INFO] [OctoBans] zoxis sql checked, record: spammp by Theo97 to -1
08-06-17 22:31:55 [INFO] [OctoBans] _supreme_gamer_ sql checked, record: spammp by SnowEffect to -1
08-06-17 22:31:58 [INFO] [OctoBans] liltossman41 sql checked, record: spammp by Remil to -1
08-06-17 22:31:58 [INFO] [OctoBans] hayden_frost sql checked, record: spammp by PseudoNul to -1
08-06-17 22:31:59 [INFO] [OctoBans] stonewolf sql checked, record: spammp by SuperJojo to -1
08-06-17 22:31:59 [INFO] [OctoBans] goxno_ sql checked, record: incitationflood by PseudoNul to 1497024857
08-06-17 22:32:02 [INFO] [OctoBans] _hello_kitty sql checked, record: insultegrave by ZerKup to 1496980194
08-06-17 22:32:03 [INFO] [OctoBans] pvpthug sql checked, record: doubleposte by Forway to 1496954198
08-06-17 22:32:13 [INFO] [OctoBans] SuperJojo punished poseycanapey for: Double Poste
08-06-17 22:32:20 [INFO] [OctoBans] swiftstay sql checked, record: spammp by Remil to -1
08-06-17 22:32:35 [INFO] [OctoBans] tipi201 sql checked, record: kickautre by ZerKup to -1
08-06-17 22:32:43 [INFO] [OctoBans] itz_smokew33d sql checked, record: spammp by Remil to -1
08-06-17 22:32:43 [INFO] [OctoBans] itz_smokew33d sql checked, record: insultestaff by Forway to 1496979300
08-06-17 22:32:43 [INFO] [OctoBans] itz_smokew33d sql checked, record: insultestaff by Remil to 1497015325
08-06-17 22:32:51 [INFO] [OctoBans] univerzkerror sql checked, record: insultegrave by zlKayzen to 1496977501
08-06-17 22:32:56 [INFO] [OctoBans] superfilleciel sql checked, record: spammp by Theo97 to -1
08-06-17 22:32:57 [INFO] [OctoBans] lavache sql checked, record: spammp by SkyKosIV to -1
08-06-17 22:32:57 [INFO] [OctoBans] shouteur sql checked, record: spammp by Remil to -1
08-06-17 22:33:05 [INFO] [OctoBans] walterwhite sql checked, record: incitationflood by Forway to 1497024443
08-06-17 22:33:05 [INFO] [OctoBans] walterwhite sql checked, record: spammp by SuperJojo to -1
08-06-17 22:33:05 [INFO] [OctoBans] walterwhite sql checked, record: insultestaff by Forway to 1497090624
08-06-17 22:33:05 [INFO] [OctoBans] walterwhite sql checked, record: insultestaff by Forway to 1497128064
08-06-17 22:33:10 [INFO] [OctoBans] mire sql checked, record: spammp by YTB_XxKarnageXx to -1
08-06-17 22:33:10 [INFO] [OctoBans] mire sql checked, record: spam by SuperJojo to 1496956190
08-06-17 22:33:10 [INFO] [OctoBans] mire sql checked, record: spammp by SuperJojo to -1
08-06-17 22:33:33 [INFO] [OctoBans] sportek_ sql checked, record: spammp by SkyKosIV to -1
08-06-17 22:33:41 [INFO] [OctoBans] theo_pveur sql checked, record: spammp by Remil to -1
08-06-17 22:33:55 [INFO] [OctoBans] azizlapoite sql checked, record: spammp by Steph078 to -1
08-06-17 22:33:55 [INFO] [OctoBans] azizlapoite sql checked, record: faussesinfos by 54melih54 to 1497025864
08-06-17 22:35:22 [INFO] [OctoBans] samybg sql checked, record: spammp by Remil to -1
08-06-17 22:35:24 [INFO] [OctoBans] xeloman sql checked, record: spammp by SnowEffect to -1
08-06-17 22:36:34 [INFO] [OctoBans] molotof sql checked, record: incitationflood by Sango to 1496954462
08-06-17 22:37:18 [INFO] [OctoBans] zerkup sql checked, record: spammp by Theo97 to -1
08-06-17 22:38:04 [INFO] [OctoBans] njims sql checked, record: spammp by Remil to -1
08-06-17 22:38:04 [INFO] [OctoBans] njims sql checked, record: spammp by PseudoNul to -1
08-06-17 22:41:54 [INFO] [OctoBans] by_fayth sql checked, record: spammp by SuperJojo to -1
08-06-17 22:41:54 [INFO] [OctoBans] by_fayth sql checked, record: spammp by YTB_XxKarnageXx to -1
08-06-17 22:43:40 [INFO] [OctoBans] Tybou punished njims for: Double Poste
08-06-17 22:47:55 [INFO] [OctoBans] xekodu2016 sql checked, record: doubleposte by Antoine57565 to 1496955194
08-06-17 22:48:17 [INFO] [OctoBans] Forway punished tutur_007 for: Incitation au flood
08-06-17 22:48:47 [INFO] [OctoBans] SuperJojo punished plaugin33 for: Spam/flood
08-06-17 22:49:07 [INFO] [OctoBans] Forway punished icesword for: Double Poste
08-06-17 22:50:21 [INFO] [OctoBans] strikewail sql checked, record: insultegrave by zlKayzen to 1497015684
08-06-17 22:52:47 [INFO] [OctoBans] Forway punished poseycanapey for: Langage incorrect
08-06-17 22:54:17 [INFO] [OctoBans] grm25 sql checked, record: spammp by SuperJojo to -1
08-06-17 22:56:50 [INFO] [OctoBans] Remil punished pvpthug for: Double Poste
08-06-17 22:59:06 [INFO] [OctoBans] erinoxlx sql checked, record: kickautre by Steph078 to -1
08-06-17 23:00:25 [INFO] [OctoBans] gamix_yt sql checked, record: spammp by SkyKosIV to -1
08-06-17 23:00:25 [INFO] [OctoBans] gamix_yt sql checked, record: spammp by Steph078 to -1
08-06-17 23:00:33 [INFO] [OctoBans] Tybou punished streem22 for: Spam/flood
08-06-17 23:01:17 [INFO] [OctoBans] Kevdacosta punished teamomega for: Double Poste
08-06-17 23:01:49 [INFO] [OctoBans] Chirak_sama punished etienne068 for: Double Poste
08-06-17 23:03:29 [INFO] [OctoBans] siplyoyt sql checked, record: menacehack by Steph078 to 1496956717
08-06-17 23:04:16 [INFO] [OctoBans] whiskass sql checked, record: spammp by SuperJojo to -1
08-06-17 23:06:58 [INFO] [OctoBans] Chirak_sama punished atrazior for: Insulte
08-06-17 23:07:19 [INFO] [OctoBans] SuperJojo punished atrazior for: Insulte grave
08-06-17 23:08:39 [INFO] [OctoBans] Forway punished bayfatih for: Provocation
08-06-17 23:10:05 [INFO] [OctoBans] chirak_sama sql checked, record: langage by Chirak_sama to 1496850787
08-06-17 23:10:05 [INFO] [OctoBans] chirak_sama sql checked, record: faussesinfos by Chirak_sama to 1496939566
08-06-17 23:10:05 [INFO] [OctoBans] chirak_sama sql checked, record: provocation by Chirak_sama to 1496854252
08-06-17 23:10:05 [INFO] [OctoBans] chirak_sama sql checked, record: doubleposte by Chirak_sama to 1496855860
08-06-17 23:10:05 [INFO] [OctoBans] chirak_sama sql checked, record: doubleposte by Chirak_sama to 1496855201
08-06-17 23:10:05 [INFO] [OctoBans] chirak_sama sql checked, record: doubleposte by Chirak_sama to 1496857605
08-06-17 23:10:05 [INFO] [OctoBans] chirak_sama sql checked, record: provocation by Chirak_sama to 1496863518
08-06-17 23:10:05 [INFO] [OctoBans] chirak_sama sql checked, record: langage by Chirak_sama to 1496868040
08-06-17 23:10:05 [INFO] [OctoBans] chirak_sama sql checked, record: spam by Chirak_sama to 1496870964
08-06-17 23:10:05 [INFO] [OctoBans] chirak_sama sql checked, record: insulte by Chirak_sama to 1496870802
08-06-17 23:10:05 [INFO] [OctoBans] chirak_sama sql checked, record: doubleposte by Chirak_sama to 1496869102
08-06-17 23:10:05 [INFO] [OctoBans] chirak_sama sql checked, record: langage by Chirak_sama to 1496870330
08-06-17 23:10:05 [INFO] [OctoBans] chirak_sama sql checked, record: provocation by Chirak_sama to 1496869693
08-06-17 23:10:05 [INFO] [OctoBans] chirak_sama sql checked, record: provocation by Chirak_sama to 1496875829
08-06-17 23:10:05 [INFO] [OctoBans] chirak_sama sql checked, record: insultestaff by Chirak_sama to 1496910378
08-06-17 23:10:05 [INFO] [OctoBans] chirak_sama sql checked, record: insultestaff by Chirak_sama to 1496947036
08-06-17 23:10:05 [INFO] [OctoBans] chirak_sama sql checked, record: doubleposte by Chirak_sama to 1496912294
08-06-17 23:10:05 [INFO] [OctoBans] chirak_sama sql checked, record: doubleposte by Chirak_sama to 1496912321
08-06-17 23:10:05 [INFO] [OctoBans] chirak_sama sql checked, record: doubleposte by Chirak_sama to 1496914532
08-06-17 23:10:05 [INFO] [OctoBans] chirak_sama sql checked, record: insulte by Chirak_sama to 1496920919
08-06-17 23:10:05 [INFO] [OctoBans] chirak_sama sql checked, record: doubleposte by Chirak_sama to 1496918167
08-06-17 23:10:05 [INFO] [OctoBans] chirak_sama sql checked, record: doubleposte by Chirak_sama to 1496934191
08-06-17 23:10:05 [INFO] [OctoBans] chirak_sama sql checked, record: doubleposte by Chirak_sama to 1496935611
08-06-17 23:10:05 [INFO] [OctoBans] chirak_sama sql checked, record: langage by Chirak_sama to 1496936675
08-06-17 23:10:05 [INFO] [OctoBans] chirak_sama sql checked, record: doubleposte by Chirak_sama to 1496936478
08-06-17 23:10:05 [INFO] [OctoBans] chirak_sama sql checked, record: doubleposte by Chirak_sama to 1496941752
08-06-17 23:10:05 [INFO] [OctoBans] chirak_sama sql checked, record: doubleposte by Chirak_sama to 1496939737
08-06-17 23:10:05 [INFO] [OctoBans] chirak_sama sql checked, record: doubleposte by Chirak_sama to 1496941832
08-06-17 23:10:05 [INFO] [OctoBans] chirak_sama sql checked, record: doubleposte by Chirak_sama to 1496941067
08-06-17 23:10:05 [INFO] [OctoBans] chirak_sama sql checked, record: doubleposte by Chirak_sama to 1496941768
08-06-17 23:10:05 [INFO] [OctoBans] chirak_sama sql checked, record: doubleposte by Chirak_sama to 1496944283
08-06-17 23:10:05 [INFO] [OctoBans] chirak_sama sql checked, record: provocation by Chirak_sama to 1496942296
08-06-17 23:10:05 [INFO] [OctoBans] chirak_sama sql checked, record: langage by Chirak_sama to 1496943230
08-06-17 23:10:05 [INFO] [OctoBans] chirak_sama sql checked, record: insultesrv by Chirak_sama to 1496961337
08-06-17 23:10:05 [INFO] [OctoBans] chirak_sama sql checked, record: racism by Chirak_sama to 1497030925
08-06-17 23:10:05 [INFO] [OctoBans] chirak_sama sql checked, record: doubleposte by Chirak_sama to 1496946869
08-06-17 23:10:05 [INFO] [OctoBans] chirak_sama sql checked, record: doubleposte by Chirak_sama to 1496956609
08-06-17 23:10:05 [INFO] [OctoBans] chirak_sama sql checked, record: insulte by Chirak_sama to 1496958718
08-06-17 23:10:47 [INFO] [OctoBans] Chirak_sama punished drkiritoz_ for: Double Poste
08-06-17 23:12:18 [INFO] [OctoBans] ZerKup punished gamix_yt for: Homophobie
08-06-17 23:13:35 [INFO] [OctoBans] ZerKup punished poseycanapey for: Insulte
08-06-17 23:13:50 [INFO] [OctoBans] Chirak_sama punished sportek_ for: Insulte
08-06-17 23:16:38 [INFO] [OctoBans] poseycanapey sql checked, record: insulte by ZerKup to 1496959115
08-06-17 23:19:31 [INFO] [OctoBans] skyizi91 sql checked, record: spammp by PseudoNul to -1
08-06-17 23:19:31 [INFO] [OctoBans] skyizi91 sql checked, record: insultegrave by Elyxir to 1496959013
08-06-17 23:19:31 [INFO] [OctoBans] skyizi91 sql checked, record: spammp by Remil to -1
08-06-17 23:19:56 [INFO] [OctoBans] Chirak_sama punished goto_camus for: Insulte grave
08-06-17 23:21:13 [INFO] [OctoBans] Steph078 punished thisbrain_ for: Langage incorrect
08-06-17 23:29:06 [INFO] [OctoBans] SuperJojo punished zelnox for: Double Poste
08-06-17 23:30:53 [INFO] [OctoBans] Forway punished lefifoudu3 for: Double Poste
08-06-17 23:32:39 [INFO] [OctoBans] Tybou punished demousselucas34 for: Spam/flood
08-06-17 23:35:17 [INFO] [OctoBans] Forway punished gage999 for: Provocation
08-06-17 23:35:40 [INFO] [OctoBans] Tybou punished lefifoudu3 for: Spam/flood
08-06-17 23:41:19 [INFO] [OctoBans] D3adOrSnipSurYTB punished flow_ for: Provocation
08-06-17 23:47:02 [INFO] [OctoBans] by_kw3e sql checked, record: kickautre by Antoine57565 to -1
08-06-17 23:49:03 [INFO] [OctoBans] Forway punished flow_ for: Insulte grave
08-06-17 23:49:29 [INFO] [OctoBans] Forway punished flow_ for: Insulte staff
08-06-17 23:49:30 [INFO] [OctoBans] Steph078 punished waytek for: Provocation
08-06-17 23:52:34 [INFO] [OctoBans] Remil punished frite_merguez for: Double Poste
08-06-17 23:53:19 [INFO] [OctoBans] SuperJojo punished sigmoz for: Menace de hack
08-06-17 23:53:22 [INFO] [OctoBans] Remil punished singe_de_telfort for: Majuscule
08-06-17 23:55:19 [INFO] [OctoBans] SuperJojo punished etienne068 for: Provocation
08-06-17 23:59:53 [INFO] [OctoBans] Tybou punished waytek for: Double Poste
09-06-17 00:00:11 [INFO] [OctoBans] SuperJojo punished demon69 for: Langage incorrect
09-06-17 00:02:50 [INFO] [OctoBans] Tybou punished samybg for: Double Poste
09-06-17 00:03:24 [INFO] [OctoBans] SuperJojo punished izi_gamer for: Langage incorrect
09-06-17 00:05:15 [INFO] [OctoBans] teddy2502 sql checked, record: spammp by SkyKosIV to -1
09-06-17 00:05:29 [INFO] [OctoBans] SuperJojo punished kiagarag for: Spam/flood
09-06-17 00:06:04 [INFO] [OctoBans] neeskof sql checked, record: spammp by SuperJojo to -1
09-06-17 00:07:30 [INFO] [OctoBans] Chirak_sama punished supertootoo for: Langage incorrect
09-06-17 00:07:38 [INFO] [OctoBans] D3adOrSnipSurYTB punished oporta for: Majuscule
09-06-17 00:19:21 [INFO] [OctoBans] SuperJojo punished stickfly for: Double Poste
09-06-17 00:28:38 [INFO] [OctoBans] Remil punished progameraam for: Langage incorrect
09-06-17 00:34:32 [INFO] [OctoBans] SuperJojo punished cafoufoune for: Double Poste
09-06-17 00:38:02 [INFO] [OctoBans] Tybou punished demon69 for: Langage incorrect
09-06-17 00:50:48 [INFO] [OctoBans] SuperJojo punished cafoufoune for: Double Poste
09-06-17 00:52:53 [INFO] [OctoBans] SuperJojo punished stickfly for: Spam/flood
09-06-17 00:56:06 [INFO] [OctoBans] galaxiemonsteur sql checked, record: spammp by Remil to -1
09-06-17 00:57:39 [INFO] [OctoBans] SuperJojo punished ezpadrille for: Double Poste
09-06-17 01:00:52 [INFO] [OctoBans] D3adOrSnipSurYTB punished julie52100 for: Double Poste
09-06-17 01:08:06 [INFO] [OctoBans] SuperJojo punished tirx_124 for: Insulte
09-06-17 01:19:27 [INFO] [OctoBans] alecsy08 sql checked, record: menacehack by SkyKosIV to 1497044233
09-06-17 01:31:07 [INFO] [OctoBans] Remil punished oeufdepoule62 for: Insulte
09-06-17 01:31:15 [INFO] [OctoBans] Remil punished superman123 for: Double Poste
09-06-17 02:22:22 [INFO] [OctoBans] Remil punished batu for: Spam/flood
09-06-17 02:22:29 [INFO] [OctoBans] Remil punished neeskof for: Insulte
09-06-17 02:23:23 [INFO] [OctoBans] Remil punished julianne for: Spam/flood en MP
09-06-17 02:24:08 [INFO] [OctoBans] Remil punished dogu for: Langage incorrect
09-06-17 02:28:45 [INFO] [OctoBans] Remil punished julianne for: Anti-AFK
09-06-17 02:32:05 [INFO] [OctoBans] Remil punished poulpeiluminaty1 for: Double Poste
09-06-17 02:36:03 [INFO] [OctoBans] Remil punished singe_de_telfort for: Insulte grave
09-06-17 03:14:13 [INFO] [OctoBans] LeSheitan punished galaxiemonsteur for: Insulte grave
09-06-17 04:18:18 [INFO] [OctoBans] SuperJojo punished siplyoyt for: Langage incorrect
09-06-17 04:57:20 [INFO] [OctoBans] SuperJojo punished neeskof for: Provocation
09-06-17 05:01:15 [INFO] [OctoBans] SuperJojo punished guezmann for: Langage incorrect
09-06-17 05:01:58 [INFO] [OctoBans] strikewail sql checked, record: insultegrave by zlKayzen to 1497015684
09-06-17 06:01:01 [INFO] [OctoBans] Disabling OctoBans v1.0
