02-07-17 22:31:43 [INFO] [OctoBans] File Handler successfully initialized!
02-07-17 22:31:43 [INFO] [OctoBans] SQL connection successfully etablished
02-07-17 22:31:43 [INFO] [OctoBans] Moderator Tools by Octonia.
02-07-17 22:31:49 [INFO] [OctoBans] sunfall sql checked, record: spammp by aubune to -1
02-07-17 22:31:49 [INFO] [OctoBans] sunfall sql checked, record: floodmp by Forway to -1
02-07-17 22:31:49 [INFO] [OctoBans] sunfall sql checked, record: spammp by Steph078 to -1
02-07-17 22:31:49 [INFO] [OctoBans] sunfall sql checked, record: spammp by PseudoNul to -1
02-07-17 22:31:49 [INFO] [OctoBans] lefifoudu3 sql checked, record: spammp by SuperJojo to -1
02-07-17 22:31:49 [INFO] [OctoBans] lefifoudu3 sql checked, record: insultestaff by woimant to 1499082784
02-07-17 22:31:49 [INFO] [OctoBans] anthony972 sql checked, record: spammp by Remil to -1
02-07-17 22:31:49 [INFO] [OctoBans] thepegase sql checked, record: spam by D3adOrSnipSurYTB to 1499027568
02-07-17 22:31:49 [INFO] [OctoBans] xersu sql checked, record: spammp by SnowEffect to -1
02-07-17 22:31:49 [INFO] [OctoBans] mathis81 sql checked, record: spammp by Steph078 to -1
02-07-17 22:31:49 [INFO] [OctoBans] mathis81 sql checked, record: spammp by Steph078 to -1
02-07-17 22:31:49 [INFO] [OctoBans] nicerush sql checked, record: spammp by YTB_XxKarnageXx to -1
02-07-17 22:31:49 [INFO] [OctoBans] nicerush sql checked, record: spammp by PseudoNul to -1
02-07-17 22:31:49 [INFO] [OctoBans] nicerush sql checked, record: flood by JustMySkill to 1499031589
02-07-17 22:31:49 [INFO] [OctoBans] lucas59261 sql checked, record: kickautre by ZerKup to -1
02-07-17 22:31:49 [INFO] [OctoBans] lucas59261 sql checked, record: spammp by PseudoNul to -1
02-07-17 22:31:49 [INFO] [OctoBans] lucas59261 sql checked, record: spammp by YTB_XxKarnageXx to -1
02-07-17 22:31:49 [INFO] [OctoBans] lucas59261 sql checked, record: spammp by Remil to -1
02-07-17 22:31:49 [INFO] [OctoBans] lucas59261 sql checked, record: spammp by PseudoNul to -1
02-07-17 22:31:49 [INFO] [OctoBans] lucas59261 sql checked, record: spammp by PseudoNul to -1
02-07-17 22:31:49 [INFO] [OctoBans] lucas59261 sql checked, record: spam by JustMySkill to 1499046965
02-07-17 22:31:49 [INFO] [OctoBans] lucas59261 sql checked, record: spam by Shainko to 1499056410
02-07-17 22:31:49 [INFO] [OctoBans] titidu06 sql checked, record: spammp by PseudoNul to -1
02-07-17 22:31:49 [INFO] [OctoBans] zayrozz sql checked, record: spammp by Remil to -1
02-07-17 22:31:49 [INFO] [OctoBans] zayrozz sql checked, record: doubleposte by JustMySkill to 1499028484
02-07-17 22:31:49 [INFO] [OctoBans] drkiritoz_ sql checked, record: spammp by YTB_XxKarnageXx to -1
02-07-17 22:31:49 [INFO] [OctoBans] drkiritoz_ sql checked, record: spammp by SuperJojo to -1
02-07-17 22:31:49 [INFO] [OctoBans] drkiritoz_ sql checked, record: floodmp by Forway to -1
02-07-17 22:31:49 [INFO] [OctoBans] drkiritoz_ sql checked, record: spammp by Remil to -1
02-07-17 22:31:49 [INFO] [OctoBans] julie52100 sql checked, record: spammp by SnowEffect to -1
02-07-17 22:31:49 [INFO] [OctoBans] julie52100 sql checked, record: spammp by PseudoNul to -1
02-07-17 22:31:49 [INFO] [OctoBans] bykory_ sql checked, record: spammp by Steph078 to -1
02-07-17 22:31:49 [INFO] [OctoBans] azayoz sql checked, record: spammp by SnowEffect to -1
02-07-17 22:31:49 [INFO] [OctoBans] azayoz sql checked, record: spammp by SnowEffect to -1
02-07-17 22:31:49 [INFO] [OctoBans] leo2316 sql checked, record: spammp by SuperJojo to -1
02-07-17 22:31:49 [INFO] [OctoBans] leo2316 sql checked, record: spammp by Remil to -1
02-07-17 22:31:49 [INFO] [OctoBans] thekronosdu53 sql checked, record: incitationflood by D3adOrSnipSurYTB to 1499108271
02-07-17 22:31:49 [INFO] [OctoBans] zumbie sql checked, record: insultestaff by SkyKosIV to 1499042654
02-07-17 22:31:49 [INFO] [OctoBans] sasuto19 sql checked, record: spammp by SnowEffect to -1
02-07-17 22:31:49 [INFO] [OctoBans] sasuto19 sql checked, record: spammp by SnowEffect to -1
02-07-17 22:31:49 [INFO] [OctoBans] mxt_startry sql checked, record: faussesinfos by SkyKosIV to 1499089462
02-07-17 22:31:49 [INFO] [OctoBans] vendeur2tacos sql checked, record: spammp by PseudoNul to -1
02-07-17 22:31:49 [INFO] [OctoBans] darkgames5962 sql checked, record: floodmp by Forway to -1
02-07-17 22:31:49 [INFO] [OctoBans] darkgames5962 sql checked, record: spam by YTB_XxKarnageXx to 1499032224
02-07-17 22:31:50 [INFO] [OctoBans] hayden_frost sql checked, record: spammp by PseudoNul to -1
02-07-17 22:31:54 [INFO] [OctoBans] julo02420 sql checked, record: spam by Anzerti to 1499027773
02-07-17 22:31:54 [INFO] [OctoBans] thetigerplay sql checked, record: faussesinfos by woimant to 1499072699
02-07-17 22:31:54 [INFO] [OctoBans] stickfly sql checked, record: spammp by SnowEffect to -1
02-07-17 22:31:54 [INFO] [OctoBans] vendeur2kebab sql checked, record: doubleposte by SnowEffect to 1499032377
02-07-17 22:31:54 [INFO] [OctoBans] pablo sql checked, record: kickautre by Antoine57565 to -1
02-07-17 22:31:54 [INFO] [OctoBans] oow_ll sql checked, record: spammp by SkyKosIV to -1
02-07-17 22:31:54 [INFO] [OctoBans] oow_ll sql checked, record: spammp by SnowEffect to -1
02-07-17 22:31:55 [INFO] [OctoBans] reborncreep sql checked, record: spammp by Remil to -1
02-07-17 22:31:55 [INFO] [OctoBans] reborncreep sql checked, record: spammp by PseudoNul to -1
02-07-17 22:31:55 [INFO] [OctoBans] reborncreep sql checked, record: incitationflood by D3adOrSnipSurYTB to 1499038755
02-07-17 22:31:59 [INFO] [OctoBans] jaeger sql checked, record: spammp by Remil to -1
02-07-17 22:31:59 [INFO] [OctoBans] jaeger sql checked, record: insultegrave by D3adOrSnipSurYTB to 1499128885
02-07-17 22:31:59 [INFO] [OctoBans] jaeger sql checked, record: insultestaff by D3adOrSnipSurYTB to 1499092940
02-07-17 22:32:02 [INFO] [OctoBans] wardogz_59 sql checked, record: spammp by PseudoNul to -1
02-07-17 22:32:08 [INFO] [OctoBans] MaacDoo punished djadenne for: Provocation
02-07-17 22:32:16 [INFO] [OctoBans] univerzkerror sql checked, record: faussesinfos by ZerKup to 1499117184
02-07-17 22:32:22 [INFO] [OctoBans] lolo201 sql checked, record: spammp by Remil to -1
02-07-17 22:32:32 [INFO] [OctoBans] flmio sql checked, record: incitationflood by JustMySkill to 1499102823
02-07-17 22:32:34 [INFO] [OctoBans] nanaimo123itsme sql checked, record: flood by JustMySkill to 1499027745
02-07-17 22:32:36 [INFO] [OctoBans] leikow sql checked, record: kickautre by Steph078 to -1
02-07-17 22:32:40 [INFO] [OctoBans] taygrax07 sql checked, record: spammp by SnowEffect to -1
02-07-17 22:32:55 [INFO] [OctoBans] d3adorsnipsurytb sql checked, record: spammp by SuperJojo to -1
02-07-17 22:33:00 [INFO] [OctoBans] ruth_skwiz sql checked, record: spammp by Remil to -1
02-07-17 22:33:04 [INFO] [OctoBans] cocacola62 sql checked, record: spammp by SuperJojo to -1
02-07-17 22:33:04 [INFO] [OctoBans] cocacola62 sql checked, record: spammp by SuperJojo to -1
02-07-17 22:33:04 [INFO] [OctoBans] cocacola62 sql checked, record: spammp by SuperJojo to -1
02-07-17 22:33:05 [INFO] [OctoBans] bazoukateur sql checked, record: spammp by SnowEffect to -1
02-07-17 22:33:18 [INFO] [OctoBans] kyzirie sql checked, record: spammp by PseudoNul to -1
02-07-17 22:33:18 [INFO] [OctoBans] kyzirie sql checked, record: faussesinfos by SnowEffect to 1499105372
02-07-17 22:33:33 [INFO] [OctoBans] thekillervaca sql checked, record: spammp by SuperJojo to -1
02-07-17 22:33:39 [INFO] [OctoBans] SnowEffect punished cocacola62 for: Langage incorrect
02-07-17 22:33:44 [INFO] [OctoBans] luluplaying sql checked, record: spammp by Remil to -1
02-07-17 22:33:44 [INFO] [OctoBans] luluplaying sql checked, record: spammp by SnowEffect to -1
02-07-17 22:34:06 [INFO] [OctoBans] nolaninomc sql checked, record: faussesinfos by JustMySkill to 1499096998
02-07-17 22:34:22 [INFO] [OctoBans] lolpigman sql checked, record: spammp by SnowEffect to -1
02-07-17 22:34:22 [INFO] [OctoBans] lolpigman sql checked, record: spammp by skhey to -1
02-07-17 22:34:22 [INFO] [OctoBans] lolpigman sql checked, record: insultegrave by PseudoNul to 1499044694
02-07-17 22:34:24 [INFO] [OctoBans] waytek sql checked, record: spammp by PseudoNul to -1
02-07-17 22:34:30 [INFO] [OctoBans] erinoxlx sql checked, record: kickautre by Steph078 to -1
02-07-17 22:35:09 [INFO] [OctoBans] JustMySkill punished thepegase for: Double Poste
02-07-17 22:36:16 [INFO] [OctoBans] lassa18 sql checked, record: spammp by Remil to -1
02-07-17 22:36:16 [INFO] [OctoBans] lassa18 sql checked, record: spammp by Remil to -1
02-07-17 22:36:31 [INFO] [OctoBans] Shainko punished kitzy for: Double Poste
02-07-17 22:36:35 [INFO] [OctoBans] bouda sql checked, record: kickautre by Steph078 to -1
02-07-17 22:36:55 [INFO] [OctoBans] _yoshi_king_ sql checked, record: spammp by SuperJojo to -1
02-07-17 22:37:41 [INFO] [OctoBans] wiindows sql checked, record: faussesinfos by SnowEffect to 1499079732
02-07-17 22:37:47 [INFO] [OctoBans] lafilledemushway sql checked, record: spammp by PseudoNul to -1
02-07-17 22:37:55 [INFO] [OctoBans] by_kw3e sql checked, record: kickautre by Antoine57565 to -1
02-07-17 22:38:58 [INFO] [OctoBans] rex12890 sql checked, record: spamftag by SkyKosIV to 1499103045
02-07-17 22:39:15 [INFO] [OctoBans] arcz058 sql checked, record: spammp by Remil to -1
02-07-17 22:39:17 [INFO] [OctoBans] FiasK0 punished yolax for: Spam/flood
02-07-17 22:39:55 [INFO] [OctoBans] thebrioche13 sql checked, record: spammp by Remil to -1
02-07-17 22:39:55 [INFO] [OctoBans] thebrioche13 sql checked, record: spammp by SkyKosIV to -1
02-07-17 22:40:21 [INFO] [OctoBans] JustMySkill punished lassa18 for: Double Poste
02-07-17 22:41:03 [INFO] [OctoBans] max78jb sql checked, record: spammp by SnowEffect to -1
02-07-17 22:42:31 [INFO] [OctoBans] nitrom_yt sql checked, record: spammp by SnowEffect to -1
02-07-17 22:43:22 [INFO] [OctoBans] JustMySkill punished sunfall for: Double Poste
02-07-17 22:43:46 [INFO] [OctoBans] _dragibus_ sql checked, record: spammp by Remil to -1
02-07-17 22:43:46 [INFO] [OctoBans] _dragibus_ sql checked, record: spammp by Remil to -1
02-07-17 22:43:46 [INFO] [OctoBans] _dragibus_ sql checked, record: spammp by Remil to -1
02-07-17 22:43:46 [INFO] [OctoBans] _dragibus_ sql checked, record: spammp by Remil to -1
02-07-17 22:43:46 [INFO] [OctoBans] _dragibus_ sql checked, record: spammp by Remil to -1
02-07-17 22:43:46 [INFO] [OctoBans] _dragibus_ sql checked, record: spammp by Remil to -1
02-07-17 22:43:46 [INFO] [OctoBans] _dragibus_ sql checked, record: spammp by Remil to -1
02-07-17 22:43:46 [INFO] [OctoBans] _dragibus_ sql checked, record: spammp by Remil to -1
02-07-17 22:43:46 [INFO] [OctoBans] _dragibus_ sql checked, record: spammp by Remil to -1
02-07-17 22:43:46 [INFO] [OctoBans] _dragibus_ sql checked, record: spammp by Remil to -1
02-07-17 22:43:46 [INFO] [OctoBans] _dragibus_ sql checked, record: spammp by Remil to -1
02-07-17 22:43:46 [INFO] [OctoBans] _dragibus_ sql checked, record: spammp by Remil to -1
02-07-17 22:43:46 [INFO] [OctoBans] _dragibus_ sql checked, record: spammp by PseudoNul to -1
02-07-17 22:43:46 [INFO] [OctoBans] _dragibus_ sql checked, record: spammp by SkyKosIV to -1
02-07-17 22:43:46 [INFO] [OctoBans] JustMySkill punished oklm581 for: Double Poste
02-07-17 22:45:08 [INFO] [OctoBans] darkinggaming sql checked, record: floodmp by Forway to -1
02-07-17 22:45:52 [INFO] [OctoBans] JustMySkill punished lenny_off for: Insulte grave
02-07-17 22:46:02 [INFO] [OctoBans] matgone01 sql checked, record: spammp by ZerKup to -1
02-07-17 22:46:02 [INFO] [OctoBans] matgone01 sql checked, record: spammp by ZerKup to -1
02-07-17 22:46:02 [INFO] [OctoBans] matgone01 sql checked, record: spammp by Remil to -1
02-07-17 22:46:02 [INFO] [OctoBans] matgone01 sql checked, record: floodmp by Forway to -1
02-07-17 22:46:02 [INFO] [OctoBans] matgone01 sql checked, record: langage by D3adOrSnipSurYTB to 1499035334
02-07-17 22:48:12 [INFO] [OctoBans] JustMySkill punished julie52100 for: Insulte grave
02-07-17 22:48:38 [INFO] [OctoBans] JustMySkill punished daemoniak_ for: Double Poste
02-07-17 22:48:56 [INFO] [OctoBans] valmew sql checked, record: spammp by SnowEffect to -1
02-07-17 22:49:14 [INFO] [OctoBans] totolezz_pvp sql checked, record: spammp by SnowEffect to -1
02-07-17 22:50:14 [INFO] [OctoBans] xx_volrod_xx sql checked, record: spam by JustMySkill to 1499072958
02-07-17 22:50:37 [INFO] [OctoBans] _propvp_ sql checked, record: incitationflood by SnowEffect to 1499105383
02-07-17 22:51:54 [INFO] [OctoBans] Shainko punished adeems for: Spam/flood
02-07-17 22:52:33 [INFO] [OctoBans] vagosts sql checked, record: insultestaff by TheBrioche13 to 1499063238
02-07-17 22:52:33 [INFO] [OctoBans] vagosts sql checked, record: spam by YTB_XxKarnageXx to 1499037975
02-07-17 22:52:34 [INFO] [OctoBans] frite_merguez sql checked, record: floodmp by Forway to -1
02-07-17 22:53:34 [INFO] [OctoBans] Remil punished blackdasseful for: Homophobie
02-07-17 22:55:30 [INFO] [OctoBans] Shainko punished nanaimo123itsme for: Double Poste
02-07-17 22:56:03 [INFO] [OctoBans] JustMySkill punished max78jb for: Double Poste
02-07-17 22:58:42 [INFO] [OctoBans] Shainko punished jai for: Double Poste
02-07-17 22:58:45 [INFO] [OctoBans] JustMySkill punished lolo201 for: Double Poste
02-07-17 22:58:50 [INFO] [OctoBans] JustMySkill punished zgamer1248 for: Majuscule
02-07-17 22:59:31 [INFO] [OctoBans] MaacDoo punished stigaxe_ for: Majuscule
02-07-17 22:59:44 [INFO] [OctoBans] mightymouse_ sql checked, record: spammp by SuperJojo to -1
02-07-17 23:00:23 [INFO] [OctoBans] JustMySkill punished anthony972 for: Double Poste
02-07-17 23:01:15 [INFO] [OctoBans] papigabi sql checked, record: spammp by SnowEffect to -1
02-07-17 23:01:15 [INFO] [OctoBans] papigabi sql checked, record: spammp by SnowEffect to -1
02-07-17 23:03:01 [INFO] [OctoBans] cocoledozo sql checked, record: doubleposte by TheBrioche13 to 1499029953
02-07-17 23:04:11 [INFO] [OctoBans] Remil punished shetters for: Majuscule
02-07-17 23:06:27 [INFO] [OctoBans] wiindows sql checked, record: faussesinfos by SnowEffect to 1499079732
02-07-17 23:06:49 [INFO] [OctoBans] JustMySkill punished thepegase for: Spam/flood
02-07-17 23:08:18 [INFO] [OctoBans] Shainko punished kitzy for: Spam/flood
02-07-17 23:08:59 [INFO] [OctoBans] Shainko punished waytek for: Double Poste
02-07-17 23:09:33 [INFO] [OctoBans] Remil punished hayden_frost for: Double Poste
02-07-17 23:09:34 [INFO] [OctoBans] puissance10 sql checked, record: spammp by PseudoNul to -1
02-07-17 23:12:15 [INFO] [OctoBans] idecow_ sql checked, record: spammp by PseudoNul to -1
02-07-17 23:12:15 [INFO] [OctoBans] idecow_ sql checked, record: spammp by SuperJojo to -1
02-07-17 23:12:15 [INFO] [OctoBans] idecow_ sql checked, record: spammp by PseudoNul to -1
02-07-17 23:12:15 [INFO] [OctoBans] idecow_ sql checked, record: spammp by Remil to -1
02-07-17 23:12:15 [INFO] [OctoBans] idecow_ sql checked, record: spammp by SnowEffect to -1
02-07-17 23:12:47 [INFO] [OctoBans] Shainko punished yazidzittoun for: Double Poste
02-07-17 23:13:16 [INFO] [OctoBans] Shainko punished plaugin33 for: Spam/flood
02-07-17 23:13:57 [INFO] [OctoBans] JustMySkill punished valmew for: Double Poste
02-07-17 23:15:02 [INFO] [OctoBans] MaacDoo punished arthurbl44 for: Spam/flood
02-07-17 23:15:21 [INFO] [OctoBans] JustMySkill punished yourdead for: Double Poste
02-07-17 23:16:08 [INFO] [OctoBans] ray54 sql checked, record: spammp by SuperJojo to -1
02-07-17 23:17:24 [INFO] [OctoBans] Anzerti punished mamydugetto for: Provocation
02-07-17 23:19:29 [INFO] [OctoBans] JustMySkill punished ishaadow_ for: Double Poste
02-07-17 23:21:00 [INFO] [OctoBans] Anzerti punished matt_ for: Double Poste
02-07-17 23:23:03 [INFO] [OctoBans] ew3l sql checked, record: floodmp by Forway to -1
02-07-17 23:25:12 [INFO] [OctoBans] JustMySkill punished unetonguequiezz for: Double Poste
02-07-17 23:26:13 [INFO] [OctoBans] JustMySkill punished xersu for: Double Poste
02-07-17 23:29:11 [INFO] [OctoBans] fragstone sql checked, record: spammp by PseudoNul to -1
02-07-17 23:32:11 [INFO] [OctoBans] waldeck22 sql checked, record: insultegrave by JustMySkill to 1499123712
02-07-17 23:33:52 [INFO] [OctoBans] Shainko punished vendeur2tacos for: Double Poste
02-07-17 23:34:03 [INFO] [OctoBans] JustMySkill punished kawzenhd for: Spam/flood
02-07-17 23:34:03 [INFO] [OctoBans] electro_rusher sql checked, record: menacehack by SkyKosIV to 1499272194
02-07-17 23:34:50 [INFO] [OctoBans] Shainko punished blastninja for: Spam/flood
02-07-17 23:35:31 [INFO] [OctoBans] aldorbest sql checked, record: kickautre by Steph078 to -1
02-07-17 23:35:31 [INFO] [OctoBans] aldorbest sql checked, record: floodmp by Forway to -1
02-07-17 23:37:45 [INFO] [OctoBans] JustMySkill punished arnsmel for: Spam/flood
02-07-17 23:40:18 [INFO] [OctoBans] JustMySkill punished ktm125sx for: Double Poste
02-07-17 23:44:30 [INFO] [OctoBans] Shainko punished jaeger for: Spam/flood
02-07-17 23:47:02 [INFO] [OctoBans] allanyolo sql checked, record: spammp by PseudoNul to -1
02-07-17 23:47:45 [INFO] [OctoBans] craziix_eu sql checked, record: spammp by Remil to -1
02-07-17 23:47:45 [INFO] [OctoBans] craziix_eu sql checked, record: spammp by Remil to -1
02-07-17 23:47:45 [INFO] [OctoBans] craziix_eu sql checked, record: spammp by Remil to -1
02-07-17 23:47:45 [INFO] [OctoBans] craziix_eu sql checked, record: spammp by Remil to -1
02-07-17 23:49:49 [INFO] [OctoBans] Shainko punished luluplaying for: Double Poste
02-07-17 23:56:06 [INFO] [OctoBans] Anzerti punished c4mp3urx9_ for: Langage incorrect
02-07-17 23:56:24 [INFO] [OctoBans] Anzerti punished applepod494 for: Spam/flood
02-07-17 23:56:33 [INFO] [OctoBans] Anzerti punished hb65 for: Double Poste
02-07-17 23:56:47 [INFO] [OctoBans] JustMySkill punished zackdh for: Double Poste
02-07-17 23:57:16 [INFO] [OctoBans] Anzerti punished allanyolo for: Double Poste
02-07-17 23:58:30 [INFO] [OctoBans] Anzerti punished axou86 for: Fausses informations
03-07-17 00:01:27 [INFO] [OctoBans] Anzerti punished _blackboudon59_ for: Double Poste
03-07-17 00:05:00 [INFO] [OctoBans] Anzerti punished aldorbest for: Provocation
03-07-17 00:05:26 [INFO] [OctoBans] JustMySkill punished lassa18 for: Double Poste
03-07-17 00:07:29 [INFO] [OctoBans] Anzerti punished washroxx for: Double Poste
03-07-17 00:07:51 [INFO] [OctoBans] Anzerti punished yolax for: Langage incorrect
03-07-17 00:09:39 [INFO] [OctoBans] JustMySkill punished valyprod for: Double Poste
03-07-17 00:10:57 [INFO] [OctoBans] Anzerti punished arnsmel for: Insulte
03-07-17 00:11:18 [INFO] [OctoBans] juldestructeur sql checked, record: spammp by PseudoNul to -1
03-07-17 00:11:18 [INFO] [OctoBans] juldestructeur sql checked, record: spammp by PseudoNul to -1
03-07-17 00:11:52 [INFO] [OctoBans] wethox sql checked, record: spammp by SnowEffect to -1
03-07-17 00:19:58 [INFO] [OctoBans] JustMySkill punished yolax for: Insulte serveur
03-07-17 00:20:30 [INFO] [OctoBans] xd_zombie_xd sql checked, record: spammp by PseudoNul to -1
03-07-17 00:20:32 [INFO] [OctoBans] JustMySkill punished alexdu15 for: Double Poste
03-07-17 00:21:25 [INFO] [OctoBans] tokyo sql checked, record: faussesinfos by Anzerti to 1499133850
03-07-17 00:21:25 [INFO] [OctoBans] tokyo sql checked, record: spammp by SnowEffect to -1
03-07-17 00:21:57 [INFO] [OctoBans] JustMySkill punished nitroteck for: Fausses informations
03-07-17 00:22:10 [INFO] [OctoBans] mabilou29 sql checked, record: spammp by SnowEffect to -1
03-07-17 00:22:10 [INFO] [OctoBans] mabilou29 sql checked, record: spammp by SnowEffect to -1
03-07-17 00:24:30 [INFO] [OctoBans] JustMySkill punished mabilou29 for: Double Poste
03-07-17 00:29:51 [INFO] [OctoBans] JustMySkill punished vendeur2kebab for: Provocation
03-07-17 00:32:40 [INFO] [OctoBans] MaacDoo punished blablacar for: Double Poste
03-07-17 00:33:43 [INFO] [OctoBans] splashwire sql checked, record: faussesinfos by TheBrioche13 to 1499036313
03-07-17 00:33:43 [INFO] [OctoBans] splashwire sql checked, record: tpkill by SnowEffect to 1499036338
03-07-17 00:33:59 [INFO] [OctoBans] bgxf_warior sql checked, record: insultegrave by D3adOrSnipSurYTB to 1499059396
03-07-17 00:34:30 [INFO] [OctoBans] JustMySkill punished jtereckttoutnu for: Spam/flood
03-07-17 00:36:56 [INFO] [OctoBans] JustMySkill punished lapin2chasse for: Double Poste
03-07-17 00:45:08 [INFO] [OctoBans] JustMySkill punished safoufoucraft for: Insulte légère
03-07-17 00:45:11 [INFO] [OctoBans] JustMySkill punished pioupiou2003 for: Langage incorrect
03-07-17 00:51:15 [INFO] [OctoBans] JustMySkill punished power_king for: Spam/flood
03-07-17 00:54:26 [INFO] [OctoBans] izi_les_byy sql checked, record: spammp by YTB_XxKarnageXx to -1
03-07-17 00:54:26 [INFO] [OctoBans] izi_les_byy sql checked, record: spammp by SuperJojo to -1
03-07-17 00:54:26 [INFO] [OctoBans] izi_les_byy sql checked, record: spammp by Remil to -1
03-07-17 01:02:52 [INFO] [OctoBans] lightman sql checked, record: floodmp by Forway to -1
03-07-17 01:02:52 [INFO] [OctoBans] lightman sql checked, record: floodmp by Forway to -1
03-07-17 01:03:17 [INFO] [OctoBans] Anzerti punished bfa69 for: Provocation
03-07-17 01:04:11 [INFO] [OctoBans] Anzerti punished julie52100 for: Insulte
03-07-17 01:04:25 [INFO] [OctoBans] Anzerti punished pgolden for: Double Poste
03-07-17 01:05:17 [INFO] [OctoBans] godarceus sql checked, record: majuscule by FiasK0 to 1499037255
03-07-17 01:08:34 [INFO] [OctoBans] karimospvp sql checked, record: spammp by YTB_XxKarnageXx to -1
03-07-17 01:09:22 [INFO] [OctoBans] JustMySkill punished mrjoke for: Double Poste
03-07-17 01:10:23 [INFO] [OctoBans] JustMySkill punished front for: Insulte staff
03-07-17 01:10:44 [INFO] [OctoBans] JustMySkill punished nitrom_yt for: Double Poste
03-07-17 01:15:07 [INFO] [OctoBans] MaacDoo punished lassa18 for: Double Poste
03-07-17 01:16:58 [INFO] [OctoBans] adamoyonnax sql checked, record: doubleposte by FiasK0 to 1499037564
03-07-17 01:18:51 [INFO] [OctoBans] shouteur sql checked, record: spammp by Remil to -1
03-07-17 01:18:51 [INFO] [OctoBans] shouteur sql checked, record: spammp by Remil to -1
03-07-17 01:18:51 [INFO] [OctoBans] shouteur sql checked, record: spammp by Remil to -1
03-07-17 01:18:51 [INFO] [OctoBans] shouteur sql checked, record: spammp by Remil to -1
03-07-17 01:26:10 [INFO] [OctoBans] Remil punished xersu for: Double Poste
03-07-17 01:31:26 [INFO] [OctoBans] JustMySkill punished adamoyonnax for: Double Poste
03-07-17 01:32:28 [INFO] [OctoBans] xxnutellapvps_ sql checked, record: provocation by FiasK0 to 1499038538
03-07-17 01:32:31 [INFO] [OctoBans] JustMySkill punished karysai for: Double Poste
03-07-17 01:33:15 [INFO] [OctoBans] JustMySkill punished luluplaying for: Insulte grave
03-07-17 01:35:47 [INFO] [OctoBans] tifou_fou sql checked, record: spammp by SkyKosIV to -1
03-07-17 01:38:29 [INFO] [OctoBans] JustMySkill punished stepop for: Majuscule
03-07-17 01:45:40 [INFO] [OctoBans] JustMySkill punished blacknigth for: Double Poste
03-07-17 01:50:06 [INFO] [OctoBans] JustMySkill punished neybey for: Spam/flood
03-07-17 01:59:02 [INFO] [OctoBans] JustMySkill punished jasoxx for: Spam/flood
03-07-17 02:00:37 [INFO] [OctoBans] JustMySkill punished rayz_burn for: Provocation
03-07-17 02:03:10 [INFO] [OctoBans] bellepatate sql checked, record: spammp by SkyKosIV to -1
03-07-17 02:03:10 [INFO] [OctoBans] bellepatate sql checked, record: spammp by Remil to -1
03-07-17 02:03:10 [INFO] [OctoBans] bellepatate sql checked, record: spammp by Steph078 to -1
03-07-17 02:05:08 [INFO] [OctoBans] JustMySkill punished poncv2 for: Spam/flood
03-07-17 02:05:25 [INFO] [OctoBans] JustMySkill punished vendeur2kebab for: Spam/flood
03-07-17 02:09:54 [INFO] [OctoBans] stonewolf sql checked, record: spammp by SuperJojo to -1
03-07-17 02:10:11 [INFO] [OctoBans] JustMySkill punished rayz_burn for: Provocation
03-07-17 02:10:45 [INFO] [OctoBans] JustMySkill punished mr_zzeglitch for: Insulte grave
03-07-17 02:11:16 [INFO] [OctoBans] JustMySkill punished mr_zzeglitch for: Insulte staff
03-07-17 02:14:52 [INFO] [OctoBans] JustMySkill punished craziix_eu for: Double Poste
03-07-17 02:29:52 [INFO] [OctoBans] sportek_ sql checked, record: spammp by SkyKosIV to -1
03-07-17 02:30:35 [INFO] [OctoBans] JustMySkill punished devastateur for: Double Poste
03-07-17 02:36:40 [INFO] [OctoBans] JustMySkill punished deathkalibur for: Spam/flood
03-07-17 02:43:04 [INFO] [OctoBans] JustMySkill punished zxspace15 for: Double Poste
03-07-17 03:01:59 [INFO] [OctoBans] JustMySkill punished ityxx for: Double Poste
03-07-17 03:04:59 [INFO] [OctoBans] soufianmc sql checked, record: tpkill by PseudoNul to 1499071269
03-07-17 03:09:32 [INFO] [OctoBans] singe_de_telfort sql checked, record: spammp by SuperJojo to -1
03-07-17 03:09:32 [INFO] [OctoBans] singe_de_telfort sql checked, record: kickautre by Steph078 to -1
03-07-17 03:09:32 [INFO] [OctoBans] singe_de_telfort sql checked, record: spammp by SuperJojo to -1
03-07-17 03:09:32 [INFO] [OctoBans] singe_de_telfort sql checked, record: spammp by SkyKosIV to -1
03-07-17 03:09:32 [INFO] [OctoBans] singe_de_telfort sql checked, record: spammp by YTB_XxKarnageXx to -1
03-07-17 03:09:32 [INFO] [OctoBans] singe_de_telfort sql checked, record: spam by FiasK0 to 1499072688
03-07-17 03:24:41 [INFO] [OctoBans] blackwhite010 sql checked, record: spammp by PseudoNul to -1
03-07-17 03:24:41 [INFO] [OctoBans] blackwhite010 sql checked, record: menacehack by Remil to 1499188764
03-07-17 03:24:41 [INFO] [OctoBans] blackwhite010 sql checked, record: menacehack by Remil to 1499447984
03-07-17 03:32:36 [INFO] [OctoBans] JustMySkill punished swichdi for: Langage incorrect
03-07-17 03:39:47 [INFO] [OctoBans] JustMySkill punished fuzefac for: Spam/flood
03-07-17 06:01:03 [INFO] [OctoBans] Disabling OctoBans v1.0
