23-10-17 22:31:44 [INFO] [OctoBans] File Handler successfully initialized!
23-10-17 22:31:44 [INFO] [OctoBans] SQL connection successfully etablished
23-10-17 22:31:44 [INFO] [OctoBans] Moderator Tools by Octonia.
23-10-17 22:31:50 [INFO] [OctoBans] ecaid sql checked, record: insultesrv by MisterBlazing to 1508800875
23-10-17 22:31:50 [INFO] [OctoBans] paul sql checked, record: insultestaff by SkyKosIV to 1508793919
23-10-17 22:31:50 [INFO] [OctoBans] samy13310 sql checked, record: insultestaff by Spovly to 1508812428
23-10-17 22:31:50 [INFO] [OctoBans] _blitz_hugo sql checked, record: spammp by SmooKeur to -1
23-10-17 22:31:50 [INFO] [OctoBans] swichdi sql checked, record: spammp by Gamer09 to -1
23-10-17 22:31:50 [INFO] [OctoBans] minethuglife sql checked, record: spammp by ToXiCz_TV to -1
23-10-17 22:31:50 [INFO] [OctoBans] snoxx_ sql checked, record: spammp by Kyabe to -1
23-10-17 22:32:01 [INFO] [OctoBans] tutogamingtv sql checked, record: spam by Remil to 1508792950
23-10-17 22:32:04 [INFO] [OctoBans] keke91270 sql checked, record: insultegrave by tinmar to 1508795281
23-10-17 22:32:05 [INFO] [OctoBans] algorskis_yt sql checked, record: insultegrave by SkyKosIV to 1508796055
23-10-17 22:32:05 [INFO] [OctoBans] algorskis_yt sql checked, record: insultegrave by ToXiCz_TV to 1508832108
23-10-17 22:32:14 [INFO] [OctoBans] NeyTox punished tibs for: Double Poste
23-10-17 22:32:22 [INFO] [OctoBans] _airchinehd_ sql checked, record: spam by Gamer09 to 1508791435
23-10-17 22:32:22 [INFO] [OctoBans] cocacola62 sql checked, record: spammp by Kyabe to -1
23-10-17 22:32:29 [INFO] [OctoBans] kimoli sql checked, record: spammp by NeyTox to -1
23-10-17 22:32:36 [INFO] [OctoBans] _theodu13_ sql checked, record: spammp by FiasK0 to -1
23-10-17 22:32:51 [INFO] [OctoBans] Zayrox29 punished towneq for: Insulte grave
23-10-17 22:32:58 [INFO] [OctoBans] onflyenrec sql checked, record: spammp by Antoine57565 to -1
23-10-17 22:33:11 [INFO] [OctoBans] hugoboss44 sql checked, record: spammp by Remil to -1
23-10-17 22:33:11 [INFO] [OctoBans] hugoboss44 sql checked, record: spammp by LeRe to -1
23-10-17 22:33:11 [INFO] [OctoBans] hugoboss44 sql checked, record: spammp by LeRe to -1
23-10-17 22:33:37 [INFO] [OctoBans] dionysos57 sql checked, record: spam by MisterBlazing to 1508794023
23-10-17 22:33:53 [INFO] [OctoBans] benjamint sql checked, record: incitationflood by Taygrax07 to 1508861798
23-10-17 22:35:09 [INFO] [OctoBans] xcasing sql checked, record: spammp by MisterBlazing to -1
23-10-17 22:35:42 [INFO] [OctoBans] clemro27 sql checked, record: insultegrave by MisterBlazing to 1508824142
23-10-17 22:38:28 [INFO] [OctoBans] NeyTox punished potato_potatogod for: Double Poste
23-10-17 22:38:45 [INFO] [OctoBans] NeyTox punished skuuurtmzz for: Provocation
23-10-17 22:39:57 [INFO] [OctoBans] Taygrax07 punished matt_ for: Insulte
23-10-17 22:40:32 [INFO] [OctoBans] Zayrox29 punished zlkayzen for: Provocation
23-10-17 22:41:26 [INFO] [OctoBans] Zayrox29 punished hugoboss44 for: Double Poste
23-10-17 22:41:49 [INFO] [OctoBans] Taygrax07 punished hugoboss44 for: Provocation
23-10-17 22:42:11 [INFO] [OctoBans] Remil punished kiawhe_865 for: Majuscule
23-10-17 22:43:17 [INFO] [OctoBans] lolodu02 sql checked, record: spammp by Remil to -1
23-10-17 22:43:59 [INFO] [OctoBans] wolfyx_yt sql checked, record: insultegrave by YTB_XxKarnageXx to 1508810335
23-10-17 22:44:20 [INFO] [OctoBans] SmooKeur punished kimoli for: Fausses informations
23-10-17 22:45:12 [INFO] [OctoBans] SmooKeur punished keylane for: Provocation
23-10-17 22:47:05 [INFO] [OctoBans] Taygrax07 punished ineoz_ for: Provocation
23-10-17 22:47:32 [INFO] [OctoBans] smookeur sql checked, record: spammp by SmooKeur to -1
23-10-17 22:47:32 [INFO] [OctoBans] smookeur sql checked, record: spammp by SmooKeur to -1
23-10-17 22:47:32 [INFO] [OctoBans] smookeur sql checked, record: doubleposte by SmooKeur to 1508686029
23-10-17 22:47:32 [INFO] [OctoBans] smookeur sql checked, record: incitationflood by SmooKeur to 1508772147
23-10-17 22:47:32 [INFO] [OctoBans] smookeur sql checked, record: incitationflood by SmooKeur to 1508772158
23-10-17 22:47:32 [INFO] [OctoBans] smookeur sql checked, record: spammp by SmooKeur to -1
23-10-17 22:47:32 [INFO] [OctoBans] smookeur sql checked, record: incitationflood by SmooKeur to 1508773461
23-10-17 22:47:32 [INFO] [OctoBans] smookeur sql checked, record: doubleposte by SmooKeur to 1508688246
23-10-17 22:47:32 [INFO] [OctoBans] smookeur sql checked, record: doubleposte by SmooKeur to 1508688256
23-10-17 22:47:32 [INFO] [OctoBans] smookeur sql checked, record: pubyt by SmooKeur to 1508691613
23-10-17 22:47:32 [INFO] [OctoBans] smookeur sql checked, record: majuscule by SmooKeur to 1508688702
23-10-17 22:47:32 [INFO] [OctoBans] smookeur sql checked, record: doubleposte by SmooKeur to 1508688458
23-10-17 22:47:32 [INFO] [OctoBans] smookeur sql checked, record: majuscule by SmooKeur to 1508688904
23-10-17 22:47:32 [INFO] [OctoBans] smookeur sql checked, record: doubleposte by SmooKeur to 1508688681
23-10-17 22:47:32 [INFO] [OctoBans] smookeur sql checked, record: racism by SmooKeur to 1508774789
23-10-17 22:47:32 [INFO] [OctoBans] smookeur sql checked, record: pubyt by SmooKeur to 1508692096
23-10-17 22:47:32 [INFO] [OctoBans] smookeur sql checked, record: pubyt by SmooKeur to 1508692146
23-10-17 22:47:32 [INFO] [OctoBans] smookeur sql checked, record: tpkill by SmooKeur to 1508775000
23-10-17 22:47:32 [INFO] [OctoBans] smookeur sql checked, record: faussesinfos by SmooKeur to 1508775025
23-10-17 22:47:32 [INFO] [OctoBans] smookeur sql checked, record: majuscule by SmooKeur to 1508689245
23-10-17 22:47:32 [INFO] [OctoBans] smookeur sql checked, record: majuscule by SmooKeur to 1508689259
23-10-17 22:47:32 [INFO] [OctoBans] smookeur sql checked, record: spam by SmooKeur to 1508692300
23-10-17 22:47:32 [INFO] [OctoBans] smookeur sql checked, record: doubleposte by SmooKeur to 1508689215
23-10-17 22:47:32 [INFO] [OctoBans] smookeur sql checked, record: majuscule by SmooKeur to 1508689574
23-10-17 22:47:32 [INFO] [OctoBans] smookeur sql checked, record: spammp by SmooKeur to -1
23-10-17 22:47:32 [INFO] [OctoBans] smookeur sql checked, record: majuscule by SmooKeur to 1508690294
23-10-17 22:47:32 [INFO] [OctoBans] smookeur sql checked, record: doubleposte by SmooKeur to 1508752124
23-10-17 22:47:32 [INFO] [OctoBans] smookeur sql checked, record: pubyt by SmooKeur to 1508755447
23-10-17 22:47:32 [INFO] [OctoBans] smookeur sql checked, record: doubleposte by SmooKeur to 1508752162
23-10-17 22:47:32 [INFO] [OctoBans] smookeur sql checked, record: majuscule by SmooKeur to 1508752656
23-10-17 22:47:32 [INFO] [OctoBans] smookeur sql checked, record: majuscule by SmooKeur to 1508752668
23-10-17 22:47:32 [INFO] [OctoBans] smookeur sql checked, record: insulte by SmooKeur to 1508754939
23-10-17 22:47:32 [INFO] [OctoBans] smookeur sql checked, record: spam by SmooKeur to 1508755873
23-10-17 22:47:32 [INFO] [OctoBans] smookeur sql checked, record: doubleposte by SmooKeur to 1508753061
23-10-17 22:47:32 [INFO] [OctoBans] smookeur sql checked, record: majuscule by SmooKeur to 1508753089
23-10-17 22:47:32 [INFO] [OctoBans] smookeur sql checked, record: tpkill by SmooKeur to 1508838932
23-10-17 22:47:32 [INFO] [OctoBans] smookeur sql checked, record: doubleposte by SmooKeur to 1508753751
23-10-17 22:47:32 [INFO] [OctoBans] smookeur sql checked, record: insulte by SmooKeur to 1508758065
23-10-17 22:47:32 [INFO] [OctoBans] smookeur sql checked, record: majuscule by SmooKeur to 1508753505
23-10-17 22:47:32 [INFO] [OctoBans] smookeur sql checked, record: majuscule by SmooKeur to 1508753815
23-10-17 22:47:32 [INFO] [OctoBans] smookeur sql checked, record: doubleposte by SmooKeur to 1508753730
23-10-17 22:47:32 [INFO] [OctoBans] smookeur sql checked, record: pubyt by SmooKeur to 1508757259
23-10-17 22:47:32 [INFO] [OctoBans] smookeur sql checked, record: majuscule by SmooKeur to 1508754319
23-10-17 22:47:32 [INFO] [OctoBans] smookeur sql checked, record: pubyt by SmooKeur to 1508757527
23-10-17 22:47:32 [INFO] [OctoBans] smookeur sql checked, record: majuscule by SmooKeur to 1508754563
23-10-17 22:47:32 [INFO] [OctoBans] smookeur sql checked, record: majuscule by SmooKeur to 1508755872
23-10-17 22:47:32 [INFO] [OctoBans] smookeur sql checked, record: majuscule by SmooKeur to 1508756022
23-10-17 22:47:32 [INFO] [OctoBans] smookeur sql checked, record: spammp by SmooKeur to -1
23-10-17 22:47:32 [INFO] [OctoBans] smookeur sql checked, record: tpkill by SmooKeur to 1508842398
23-10-17 22:47:32 [INFO] [OctoBans] smookeur sql checked, record: spam by SmooKeur to 1508760241
23-10-17 22:47:32 [INFO] [OctoBans] smookeur sql checked, record: majuscule by SmooKeur to 1508757466
23-10-17 22:47:32 [INFO] [OctoBans] smookeur sql checked, record: majuscule by SmooKeur to 1508757552
23-10-17 22:47:32 [INFO] [OctoBans] smookeur sql checked, record: majuscule by SmooKeur to 1508758669
23-10-17 22:47:32 [INFO] [OctoBans] smookeur sql checked, record: incitationflood by SmooKeur to 1508843980
23-10-17 22:47:32 [INFO] [OctoBans] smookeur sql checked, record: incitationflood by SmooKeur to 1508844005
23-10-17 22:47:32 [INFO] [OctoBans] smookeur sql checked, record: doubleposte by SmooKeur to 1508758529
23-10-17 22:47:32 [INFO] [OctoBans] smookeur sql checked, record: majuscule by SmooKeur to 1508760333
23-10-17 22:47:32 [INFO] [OctoBans] smookeur sql checked, record: langage by SmooKeur to 1508761664
23-10-17 22:47:32 [INFO] [OctoBans] smookeur sql checked, record: majuscule by SmooKeur to 1508761679
23-10-17 22:47:32 [INFO] [OctoBans] smookeur sql checked, record: tpkill by SmooKeur to 1508847965
23-10-17 22:47:32 [INFO] [OctoBans] smookeur sql checked, record: majuscule by SmooKeur to 1508762478
23-10-17 22:47:32 [INFO] [OctoBans] smookeur sql checked, record: majuscule by SmooKeur to 1508762585
23-10-17 22:47:32 [INFO] [OctoBans] smookeur sql checked, record: tpkill by SmooKeur to 1508849733
23-10-17 22:47:32 [INFO] [OctoBans] smookeur sql checked, record: spammp by SmooKeur to -1
23-10-17 22:47:32 [INFO] [OctoBans] smookeur sql checked, record: menacehack by SmooKeur to 1509282998
23-10-17 22:47:32 [INFO] [OctoBans] smookeur sql checked, record: menacehack by SmooKeur to 1509023833
23-10-17 22:47:32 [INFO] [OctoBans] smookeur sql checked, record: majuscule by SmooKeur to 1508766459
23-10-17 22:47:32 [INFO] [OctoBans] smookeur sql checked, record: majuscule by SmooKeur to 1508766501
23-10-17 22:47:32 [INFO] [OctoBans] smookeur sql checked, record: doubleposte by SmooKeur to 1508766596
23-10-17 22:47:32 [INFO] [OctoBans] smookeur sql checked, record: doubleposte by SmooKeur to 1508766973
23-10-17 22:47:32 [INFO] [OctoBans] smookeur sql checked, record: faussesinfos by SmooKeur to 1508852894
23-10-17 22:47:32 [INFO] [OctoBans] smookeur sql checked, record: majuscule by SmooKeur to 1508768029
23-10-17 22:47:32 [INFO] [OctoBans] smookeur sql checked, record: majuscule by SmooKeur to 1508768052
23-10-17 22:47:32 [INFO] [OctoBans] smookeur sql checked, record: doubleposte by SmooKeur to 1508768230
23-10-17 22:47:32 [INFO] [OctoBans] smookeur sql checked, record: majuscule by SmooKeur to 1508769251
23-10-17 22:47:32 [INFO] [OctoBans] smookeur sql checked, record: incitationflood by SmooKeur to 1508855323
23-10-17 22:47:32 [INFO] [OctoBans] smookeur sql checked, record: insultegrave by SmooKeur to 1508804980
23-10-17 22:47:32 [INFO] [OctoBans] smookeur sql checked, record: spammp by SmooKeur to -1
23-10-17 22:47:32 [INFO] [OctoBans] smookeur sql checked, record: spammp by SmooKeur to -1
23-10-17 22:47:32 [INFO] [OctoBans] smookeur sql checked, record: doubleposte by SmooKeur to 1508769816
23-10-17 22:47:32 [INFO] [OctoBans] smookeur sql checked, record: multicompte by SmooKeur to -1
23-10-17 22:47:32 [INFO] [OctoBans] smookeur sql checked, record: doubleposte by SmooKeur to 1508771107
23-10-17 22:47:32 [INFO] [OctoBans] smookeur sql checked, record: langage by SmooKeur to 1508771807
23-10-17 22:47:32 [INFO] [OctoBans] smookeur sql checked, record: majuscule by SmooKeur to 1508771948
23-10-17 22:47:32 [INFO] [OctoBans] smookeur sql checked, record: doubleposte by SmooKeur to 1508773026
23-10-17 22:47:32 [INFO] [OctoBans] smookeur sql checked, record: doubleposte by SmooKeur to 1508773843
23-10-17 22:47:32 [INFO] [OctoBans] smookeur sql checked, record: majuscule by SmooKeur to 1508773986
23-10-17 22:47:32 [INFO] [OctoBans] smookeur sql checked, record: doubleposte by SmooKeur to 1508774991
23-10-17 22:47:32 [INFO] [OctoBans] smookeur sql checked, record: majuscule by SmooKeur to 1508775777
23-10-17 22:47:32 [INFO] [OctoBans] smookeur sql checked, record: majuscule by SmooKeur to 1508775786
23-10-17 22:47:32 [INFO] [OctoBans] smookeur sql checked, record: doubleposte by SmooKeur to 1508775592
23-10-17 22:47:32 [INFO] [OctoBans] smookeur sql checked, record: doubleposte by SmooKeur to 1508776451
23-10-17 22:47:32 [INFO] [OctoBans] smookeur sql checked, record: doubleposte by SmooKeur to 1508777653
23-10-17 22:47:32 [INFO] [OctoBans] smookeur sql checked, record: spammp by SmooKeur to -1
23-10-17 22:47:32 [INFO] [OctoBans] smookeur sql checked, record: majuscule by SmooKeur to 1508781843
23-10-17 22:47:32 [INFO] [OctoBans] smookeur sql checked, record: spammp by SmooKeur to -1
23-10-17 22:47:32 [INFO] [OctoBans] smookeur sql checked, record: langage by SmooKeur to 1508782527
23-10-17 22:47:32 [INFO] [OctoBans] smookeur sql checked, record: langage by SmooKeur to 1508782787
23-10-17 22:47:32 [INFO] [OctoBans] smookeur sql checked, record: majuscule by SmooKeur to 1508783187
23-10-17 22:47:32 [INFO] [OctoBans] smookeur sql checked, record: pubyt by SmooKeur to 1508786878
23-10-17 22:47:32 [INFO] [OctoBans] smookeur sql checked, record: doubleposte by SmooKeur to 1508783624
23-10-17 22:47:32 [INFO] [OctoBans] smookeur sql checked, record: doubleposte by SmooKeur to 1508784418
23-10-17 22:47:32 [INFO] [OctoBans] smookeur sql checked, record: doubleposte by SmooKeur to 1508784761
23-10-17 22:47:32 [INFO] [OctoBans] smookeur sql checked, record: doubleposte by SmooKeur to 1508785248
23-10-17 22:47:32 [INFO] [OctoBans] smookeur sql checked, record: majuscule by SmooKeur to 1508785858
23-10-17 22:47:32 [INFO] [OctoBans] smookeur sql checked, record: insulte by SmooKeur to 1508787990
23-10-17 22:47:32 [INFO] [OctoBans] smookeur sql checked, record: insulte by SmooKeur to 1508788098
23-10-17 22:47:32 [INFO] [OctoBans] smookeur sql checked, record: menacehack by SmooKeur to 1509047637
23-10-17 22:47:32 [INFO] [OctoBans] smookeur sql checked, record: tpkill by SmooKeur to 1508875013
23-10-17 22:47:32 [INFO] [OctoBans] smookeur sql checked, record: doubleposte by SmooKeur to 1508789379
23-10-17 22:47:32 [INFO] [OctoBans] smookeur sql checked, record: spam by SmooKeur to 1508792581
23-10-17 22:47:32 [INFO] [OctoBans] smookeur sql checked, record: faussesinfos by SmooKeur to 1508877860
23-10-17 22:47:32 [INFO] [OctoBans] smookeur sql checked, record: provocation by SmooKeur to 1508791812
23-10-17 22:47:36 [INFO] [OctoBans] neytox sql checked, record: doubleposte by NeyTox to 1508759501
23-10-17 22:47:36 [INFO] [OctoBans] neytox sql checked, record: doubleposte by NeyTox to 1508760841
23-10-17 22:47:36 [INFO] [OctoBans] neytox sql checked, record: spam by NeyTox to 1508764373
23-10-17 22:47:36 [INFO] [OctoBans] neytox sql checked, record: provocation by NeyTox to 1508761413
23-10-17 22:47:36 [INFO] [OctoBans] neytox sql checked, record: doubleposte by NeyTox to 1508762184
23-10-17 22:47:36 [INFO] [OctoBans] neytox sql checked, record: pubyt by NeyTox to 1508765602
23-10-17 22:47:36 [INFO] [OctoBans] neytox sql checked, record: doubleposte by NeyTox to 1508762474
23-10-17 22:47:36 [INFO] [OctoBans] neytox sql checked, record: doubleposte by NeyTox to 1508762695
23-10-17 22:47:36 [INFO] [OctoBans] neytox sql checked, record: doubleposte by NeyTox to 1508762748
23-10-17 22:47:36 [INFO] [OctoBans] neytox sql checked, record: doubleposte by NeyTox to 1508763724
23-10-17 22:47:36 [INFO] [OctoBans] neytox sql checked, record: spam by NeyTox to 1508770178
23-10-17 22:47:36 [INFO] [OctoBans] neytox sql checked, record: doubleposte by NeyTox to 1508768954
23-10-17 22:47:36 [INFO] [OctoBans] neytox sql checked, record: doubleposte by NeyTox to 1508769209
23-10-17 22:47:36 [INFO] [OctoBans] neytox sql checked, record: spammp by NeyTox to -1
23-10-17 22:47:36 [INFO] [OctoBans] neytox sql checked, record: doubleposte by NeyTox to 1508772809
23-10-17 22:47:36 [INFO] [OctoBans] neytox sql checked, record: doubleposte by NeyTox to 1508772529
23-10-17 22:47:36 [INFO] [OctoBans] neytox sql checked, record: doubleposte by NeyTox to 1508773499
23-10-17 22:47:36 [INFO] [OctoBans] neytox sql checked, record: insultegrave by NeyTox to 1508810488
23-10-17 22:47:36 [INFO] [OctoBans] neytox sql checked, record: spam by NeyTox to 1508778842
23-10-17 22:47:36 [INFO] [OctoBans] neytox sql checked, record: doubleposte by NeyTox to 1508778048
23-10-17 22:47:36 [INFO] [OctoBans] neytox sql checked, record: doubleposte by NeyTox to 1508780959
23-10-17 22:47:36 [INFO] [OctoBans] neytox sql checked, record: doubleposte by NeyTox to 1508781500
23-10-17 22:47:36 [INFO] [OctoBans] neytox sql checked, record: spam by NeyTox to 1508785511
23-10-17 22:47:36 [INFO] [OctoBans] neytox sql checked, record: spam by NeyTox to 1508785539
23-10-17 22:47:36 [INFO] [OctoBans] neytox sql checked, record: provocation by NeyTox to 1508788791
23-10-17 22:47:36 [INFO] [OctoBans] neytox sql checked, record: doubleposte by NeyTox to 1508790118
23-10-17 22:47:36 [INFO] [OctoBans] neytox sql checked, record: doubleposte by NeyTox to 1508790559
23-10-17 22:47:36 [INFO] [OctoBans] neytox sql checked, record: doubleposte by NeyTox to 1508791634
23-10-17 22:47:36 [INFO] [OctoBans] neytox sql checked, record: doubleposte by NeyTox to 1508791408
23-10-17 22:47:36 [INFO] [OctoBans] neytox sql checked, record: provocation by NeyTox to 1508791425
23-10-17 22:48:23 [INFO] [OctoBans] Zayrox29 punished jow88 for: Double Poste
23-10-17 22:49:01 [INFO] [OctoBans] Zayrox29 punished idreyzen for: Insulte
23-10-17 22:51:19 [INFO] [OctoBans] Remil punished atomik_ for: Homophobie
23-10-17 22:51:27 [INFO] [OctoBans] Remil punished minerod_yt for: Majuscule
23-10-17 22:53:13 [INFO] [OctoBans] Zayrox29 punished rewindqd for: Insulte
23-10-17 22:54:20 [INFO] [OctoBans] NeyTox punished mrkebab for: Spam/flood
23-10-17 22:55:20 [INFO] [OctoBans] zzmatthgaming sql checked, record: insultestaff by Spovly to 1508812461
23-10-17 22:57:24 [INFO] [OctoBans] Taygrax07 punished _blitz_hugo for: Provocation
23-10-17 22:59:07 [INFO] [OctoBans] SmooKeur punished azoxfr_yt for: Fausses informations
23-10-17 23:02:42 [INFO] [OctoBans] SmooKeur punished florent05 for: Double Poste
23-10-17 23:02:47 [INFO] [OctoBans] smookeur sql checked, record: spammp by SmooKeur to -1
23-10-17 23:02:47 [INFO] [OctoBans] smookeur sql checked, record: spammp by SmooKeur to -1
23-10-17 23:02:47 [INFO] [OctoBans] smookeur sql checked, record: doubleposte by SmooKeur to 1508686029
23-10-17 23:02:47 [INFO] [OctoBans] smookeur sql checked, record: incitationflood by SmooKeur to 1508772147
23-10-17 23:02:47 [INFO] [OctoBans] smookeur sql checked, record: incitationflood by SmooKeur to 1508772158
23-10-17 23:02:47 [INFO] [OctoBans] smookeur sql checked, record: spammp by SmooKeur to -1
23-10-17 23:02:47 [INFO] [OctoBans] smookeur sql checked, record: incitationflood by SmooKeur to 1508773461
23-10-17 23:02:47 [INFO] [OctoBans] smookeur sql checked, record: doubleposte by SmooKeur to 1508688246
23-10-17 23:02:47 [INFO] [OctoBans] smookeur sql checked, record: doubleposte by SmooKeur to 1508688256
23-10-17 23:02:47 [INFO] [OctoBans] smookeur sql checked, record: pubyt by SmooKeur to 1508691613
23-10-17 23:02:47 [INFO] [OctoBans] smookeur sql checked, record: majuscule by SmooKeur to 1508688702
23-10-17 23:02:47 [INFO] [OctoBans] smookeur sql checked, record: doubleposte by SmooKeur to 1508688458
23-10-17 23:02:47 [INFO] [OctoBans] smookeur sql checked, record: majuscule by SmooKeur to 1508688904
23-10-17 23:02:47 [INFO] [OctoBans] smookeur sql checked, record: doubleposte by SmooKeur to 1508688681
23-10-17 23:02:47 [INFO] [OctoBans] smookeur sql checked, record: racism by SmooKeur to 1508774789
23-10-17 23:02:47 [INFO] [OctoBans] smookeur sql checked, record: pubyt by SmooKeur to 1508692096
23-10-17 23:02:47 [INFO] [OctoBans] smookeur sql checked, record: pubyt by SmooKeur to 1508692146
23-10-17 23:02:47 [INFO] [OctoBans] smookeur sql checked, record: tpkill by SmooKeur to 1508775000
23-10-17 23:02:47 [INFO] [OctoBans] smookeur sql checked, record: faussesinfos by SmooKeur to 1508775025
23-10-17 23:02:47 [INFO] [OctoBans] smookeur sql checked, record: majuscule by SmooKeur to 1508689245
23-10-17 23:02:47 [INFO] [OctoBans] smookeur sql checked, record: majuscule by SmooKeur to 1508689259
23-10-17 23:02:47 [INFO] [OctoBans] smookeur sql checked, record: spam by SmooKeur to 1508692300
23-10-17 23:02:47 [INFO] [OctoBans] smookeur sql checked, record: doubleposte by SmooKeur to 1508689215
23-10-17 23:02:47 [INFO] [OctoBans] smookeur sql checked, record: majuscule by SmooKeur to 1508689574
23-10-17 23:02:47 [INFO] [OctoBans] smookeur sql checked, record: spammp by SmooKeur to -1
23-10-17 23:02:47 [INFO] [OctoBans] smookeur sql checked, record: majuscule by SmooKeur to 1508690294
23-10-17 23:02:47 [INFO] [OctoBans] smookeur sql checked, record: doubleposte by SmooKeur to 1508752124
23-10-17 23:02:47 [INFO] [OctoBans] smookeur sql checked, record: pubyt by SmooKeur to 1508755447
23-10-17 23:02:47 [INFO] [OctoBans] smookeur sql checked, record: doubleposte by SmooKeur to 1508752162
23-10-17 23:02:47 [INFO] [OctoBans] smookeur sql checked, record: majuscule by SmooKeur to 1508752656
23-10-17 23:02:47 [INFO] [OctoBans] smookeur sql checked, record: majuscule by SmooKeur to 1508752668
23-10-17 23:02:47 [INFO] [OctoBans] smookeur sql checked, record: insulte by SmooKeur to 1508754939
23-10-17 23:02:47 [INFO] [OctoBans] smookeur sql checked, record: spam by SmooKeur to 1508755873
23-10-17 23:02:47 [INFO] [OctoBans] smookeur sql checked, record: doubleposte by SmooKeur to 1508753061
23-10-17 23:02:47 [INFO] [OctoBans] smookeur sql checked, record: majuscule by SmooKeur to 1508753089
23-10-17 23:02:47 [INFO] [OctoBans] smookeur sql checked, record: tpkill by SmooKeur to 1508838932
23-10-17 23:02:47 [INFO] [OctoBans] smookeur sql checked, record: doubleposte by SmooKeur to 1508753751
23-10-17 23:02:47 [INFO] [OctoBans] smookeur sql checked, record: insulte by SmooKeur to 1508758065
23-10-17 23:02:47 [INFO] [OctoBans] smookeur sql checked, record: majuscule by SmooKeur to 1508753505
23-10-17 23:02:47 [INFO] [OctoBans] smookeur sql checked, record: majuscule by SmooKeur to 1508753815
23-10-17 23:02:47 [INFO] [OctoBans] smookeur sql checked, record: doubleposte by SmooKeur to 1508753730
23-10-17 23:02:47 [INFO] [OctoBans] smookeur sql checked, record: pubyt by SmooKeur to 1508757259
23-10-17 23:02:47 [INFO] [OctoBans] smookeur sql checked, record: majuscule by SmooKeur to 1508754319
23-10-17 23:02:47 [INFO] [OctoBans] smookeur sql checked, record: pubyt by SmooKeur to 1508757527
23-10-17 23:02:47 [INFO] [OctoBans] smookeur sql checked, record: majuscule by SmooKeur to 1508754563
23-10-17 23:02:47 [INFO] [OctoBans] smookeur sql checked, record: majuscule by SmooKeur to 1508755872
23-10-17 23:02:47 [INFO] [OctoBans] smookeur sql checked, record: majuscule by SmooKeur to 1508756022
23-10-17 23:02:47 [INFO] [OctoBans] smookeur sql checked, record: spammp by SmooKeur to -1
23-10-17 23:02:47 [INFO] [OctoBans] smookeur sql checked, record: tpkill by SmooKeur to 1508842398
23-10-17 23:02:47 [INFO] [OctoBans] smookeur sql checked, record: spam by SmooKeur to 1508760241
23-10-17 23:02:47 [INFO] [OctoBans] smookeur sql checked, record: majuscule by SmooKeur to 1508757466
23-10-17 23:02:47 [INFO] [OctoBans] smookeur sql checked, record: majuscule by SmooKeur to 1508757552
23-10-17 23:02:47 [INFO] [OctoBans] smookeur sql checked, record: majuscule by SmooKeur to 1508758669
23-10-17 23:02:47 [INFO] [OctoBans] smookeur sql checked, record: incitationflood by SmooKeur to 1508843980
23-10-17 23:02:47 [INFO] [OctoBans] smookeur sql checked, record: incitationflood by SmooKeur to 1508844005
23-10-17 23:02:47 [INFO] [OctoBans] smookeur sql checked, record: doubleposte by SmooKeur to 1508758529
23-10-17 23:02:47 [INFO] [OctoBans] smookeur sql checked, record: majuscule by SmooKeur to 1508760333
23-10-17 23:02:47 [INFO] [OctoBans] smookeur sql checked, record: langage by SmooKeur to 1508761664
23-10-17 23:02:47 [INFO] [OctoBans] smookeur sql checked, record: majuscule by SmooKeur to 1508761679
23-10-17 23:02:47 [INFO] [OctoBans] smookeur sql checked, record: tpkill by SmooKeur to 1508847965
23-10-17 23:02:47 [INFO] [OctoBans] smookeur sql checked, record: majuscule by SmooKeur to 1508762478
23-10-17 23:02:47 [INFO] [OctoBans] smookeur sql checked, record: majuscule by SmooKeur to 1508762585
23-10-17 23:02:47 [INFO] [OctoBans] smookeur sql checked, record: tpkill by SmooKeur to 1508849733
23-10-17 23:02:47 [INFO] [OctoBans] smookeur sql checked, record: spammp by SmooKeur to -1
23-10-17 23:02:47 [INFO] [OctoBans] smookeur sql checked, record: menacehack by SmooKeur to 1509282998
23-10-17 23:02:47 [INFO] [OctoBans] smookeur sql checked, record: menacehack by SmooKeur to 1509023833
23-10-17 23:02:47 [INFO] [OctoBans] smookeur sql checked, record: majuscule by SmooKeur to 1508766459
23-10-17 23:02:47 [INFO] [OctoBans] smookeur sql checked, record: majuscule by SmooKeur to 1508766501
23-10-17 23:02:47 [INFO] [OctoBans] smookeur sql checked, record: doubleposte by SmooKeur to 1508766596
23-10-17 23:02:47 [INFO] [OctoBans] smookeur sql checked, record: doubleposte by SmooKeur to 1508766973
23-10-17 23:02:47 [INFO] [OctoBans] smookeur sql checked, record: faussesinfos by SmooKeur to 1508852894
23-10-17 23:02:47 [INFO] [OctoBans] smookeur sql checked, record: majuscule by SmooKeur to 1508768029
23-10-17 23:02:47 [INFO] [OctoBans] smookeur sql checked, record: majuscule by SmooKeur to 1508768052
23-10-17 23:02:47 [INFO] [OctoBans] smookeur sql checked, record: doubleposte by SmooKeur to 1508768230
23-10-17 23:02:47 [INFO] [OctoBans] smookeur sql checked, record: majuscule by SmooKeur to 1508769251
23-10-17 23:02:47 [INFO] [OctoBans] smookeur sql checked, record: incitationflood by SmooKeur to 1508855323
23-10-17 23:02:47 [INFO] [OctoBans] smookeur sql checked, record: insultegrave by SmooKeur to 1508804980
23-10-17 23:02:47 [INFO] [OctoBans] smookeur sql checked, record: spammp by SmooKeur to -1
23-10-17 23:02:47 [INFO] [OctoBans] smookeur sql checked, record: spammp by SmooKeur to -1
23-10-17 23:02:47 [INFO] [OctoBans] smookeur sql checked, record: doubleposte by SmooKeur to 1508769816
23-10-17 23:02:47 [INFO] [OctoBans] smookeur sql checked, record: multicompte by SmooKeur to -1
23-10-17 23:02:47 [INFO] [OctoBans] smookeur sql checked, record: doubleposte by SmooKeur to 1508771107
23-10-17 23:02:47 [INFO] [OctoBans] smookeur sql checked, record: langage by SmooKeur to 1508771807
23-10-17 23:02:47 [INFO] [OctoBans] smookeur sql checked, record: majuscule by SmooKeur to 1508771948
23-10-17 23:02:47 [INFO] [OctoBans] smookeur sql checked, record: doubleposte by SmooKeur to 1508773026
23-10-17 23:02:47 [INFO] [OctoBans] smookeur sql checked, record: doubleposte by SmooKeur to 1508773843
23-10-17 23:02:47 [INFO] [OctoBans] smookeur sql checked, record: majuscule by SmooKeur to 1508773986
23-10-17 23:02:47 [INFO] [OctoBans] smookeur sql checked, record: doubleposte by SmooKeur to 1508774991
23-10-17 23:02:47 [INFO] [OctoBans] smookeur sql checked, record: majuscule by SmooKeur to 1508775777
23-10-17 23:02:47 [INFO] [OctoBans] smookeur sql checked, record: majuscule by SmooKeur to 1508775786
23-10-17 23:02:47 [INFO] [OctoBans] smookeur sql checked, record: doubleposte by SmooKeur to 1508775592
23-10-17 23:02:47 [INFO] [OctoBans] smookeur sql checked, record: doubleposte by SmooKeur to 1508776451
23-10-17 23:02:47 [INFO] [OctoBans] smookeur sql checked, record: doubleposte by SmooKeur to 1508777653
23-10-17 23:02:47 [INFO] [OctoBans] smookeur sql checked, record: spammp by SmooKeur to -1
23-10-17 23:02:47 [INFO] [OctoBans] smookeur sql checked, record: majuscule by SmooKeur to 1508781843
23-10-17 23:02:47 [INFO] [OctoBans] smookeur sql checked, record: spammp by SmooKeur to -1
23-10-17 23:02:47 [INFO] [OctoBans] smookeur sql checked, record: langage by SmooKeur to 1508782527
23-10-17 23:02:47 [INFO] [OctoBans] smookeur sql checked, record: langage by SmooKeur to 1508782787
23-10-17 23:02:47 [INFO] [OctoBans] smookeur sql checked, record: majuscule by SmooKeur to 1508783187
23-10-17 23:02:47 [INFO] [OctoBans] smookeur sql checked, record: pubyt by SmooKeur to 1508786878
23-10-17 23:02:47 [INFO] [OctoBans] smookeur sql checked, record: doubleposte by SmooKeur to 1508783624
23-10-17 23:02:47 [INFO] [OctoBans] smookeur sql checked, record: doubleposte by SmooKeur to 1508784418
23-10-17 23:02:47 [INFO] [OctoBans] smookeur sql checked, record: doubleposte by SmooKeur to 1508784761
23-10-17 23:02:47 [INFO] [OctoBans] smookeur sql checked, record: doubleposte by SmooKeur to 1508785248
23-10-17 23:02:47 [INFO] [OctoBans] smookeur sql checked, record: majuscule by SmooKeur to 1508785858
23-10-17 23:02:47 [INFO] [OctoBans] smookeur sql checked, record: insulte by SmooKeur to 1508787990
23-10-17 23:02:47 [INFO] [OctoBans] smookeur sql checked, record: insulte by SmooKeur to 1508788098
23-10-17 23:02:47 [INFO] [OctoBans] smookeur sql checked, record: menacehack by SmooKeur to 1509047637
23-10-17 23:02:47 [INFO] [OctoBans] smookeur sql checked, record: tpkill by SmooKeur to 1508875013
23-10-17 23:02:47 [INFO] [OctoBans] smookeur sql checked, record: doubleposte by SmooKeur to 1508789379
23-10-17 23:02:47 [INFO] [OctoBans] smookeur sql checked, record: spam by SmooKeur to 1508792581
23-10-17 23:02:47 [INFO] [OctoBans] smookeur sql checked, record: faussesinfos by SmooKeur to 1508877860
23-10-17 23:02:47 [INFO] [OctoBans] smookeur sql checked, record: provocation by SmooKeur to 1508791812
23-10-17 23:02:47 [INFO] [OctoBans] smookeur sql checked, record: faussesinfos by SmooKeur to 1508878747
23-10-17 23:02:47 [INFO] [OctoBans] smookeur sql checked, record: doubleposte by SmooKeur to 1508792862
23-10-17 23:03:12 [INFO] [OctoBans] Remil punished neeptune for: Double Poste
23-10-17 23:05:20 [INFO] [OctoBans] woimant punished hyzer97 for: Double Poste
23-10-17 23:06:19 [INFO] [OctoBans] neytox sql checked, record: doubleposte by NeyTox to 1508759501
23-10-17 23:06:19 [INFO] [OctoBans] neytox sql checked, record: doubleposte by NeyTox to 1508760841
23-10-17 23:06:19 [INFO] [OctoBans] neytox sql checked, record: spam by NeyTox to 1508764373
23-10-17 23:06:19 [INFO] [OctoBans] neytox sql checked, record: provocation by NeyTox to 1508761413
23-10-17 23:06:19 [INFO] [OctoBans] neytox sql checked, record: doubleposte by NeyTox to 1508762184
23-10-17 23:06:19 [INFO] [OctoBans] neytox sql checked, record: pubyt by NeyTox to 1508765602
23-10-17 23:06:19 [INFO] [OctoBans] neytox sql checked, record: doubleposte by NeyTox to 1508762474
23-10-17 23:06:19 [INFO] [OctoBans] neytox sql checked, record: doubleposte by NeyTox to 1508762695
23-10-17 23:06:19 [INFO] [OctoBans] neytox sql checked, record: doubleposte by NeyTox to 1508762748
23-10-17 23:06:19 [INFO] [OctoBans] neytox sql checked, record: doubleposte by NeyTox to 1508763724
23-10-17 23:06:19 [INFO] [OctoBans] neytox sql checked, record: spam by NeyTox to 1508770178
23-10-17 23:06:19 [INFO] [OctoBans] neytox sql checked, record: doubleposte by NeyTox to 1508768954
23-10-17 23:06:19 [INFO] [OctoBans] neytox sql checked, record: doubleposte by NeyTox to 1508769209
23-10-17 23:06:19 [INFO] [OctoBans] neytox sql checked, record: spammp by NeyTox to -1
23-10-17 23:06:19 [INFO] [OctoBans] neytox sql checked, record: doubleposte by NeyTox to 1508772809
23-10-17 23:06:19 [INFO] [OctoBans] neytox sql checked, record: doubleposte by NeyTox to 1508772529
23-10-17 23:06:19 [INFO] [OctoBans] neytox sql checked, record: doubleposte by NeyTox to 1508773499
23-10-17 23:06:19 [INFO] [OctoBans] neytox sql checked, record: insultegrave by NeyTox to 1508810488
23-10-17 23:06:19 [INFO] [OctoBans] neytox sql checked, record: spam by NeyTox to 1508778842
23-10-17 23:06:19 [INFO] [OctoBans] neytox sql checked, record: doubleposte by NeyTox to 1508778048
23-10-17 23:06:19 [INFO] [OctoBans] neytox sql checked, record: doubleposte by NeyTox to 1508780959
23-10-17 23:06:19 [INFO] [OctoBans] neytox sql checked, record: doubleposte by NeyTox to 1508781500
23-10-17 23:06:19 [INFO] [OctoBans] neytox sql checked, record: spam by NeyTox to 1508785511
23-10-17 23:06:19 [INFO] [OctoBans] neytox sql checked, record: spam by NeyTox to 1508785539
23-10-17 23:06:19 [INFO] [OctoBans] neytox sql checked, record: provocation by NeyTox to 1508788791
23-10-17 23:06:19 [INFO] [OctoBans] neytox sql checked, record: doubleposte by NeyTox to 1508790118
23-10-17 23:06:19 [INFO] [OctoBans] neytox sql checked, record: doubleposte by NeyTox to 1508790559
23-10-17 23:06:19 [INFO] [OctoBans] neytox sql checked, record: doubleposte by NeyTox to 1508791634
23-10-17 23:06:19 [INFO] [OctoBans] neytox sql checked, record: doubleposte by NeyTox to 1508791408
23-10-17 23:06:19 [INFO] [OctoBans] neytox sql checked, record: provocation by NeyTox to 1508791425
23-10-17 23:06:19 [INFO] [OctoBans] neytox sql checked, record: spam by NeyTox to 1508799260
23-10-17 23:06:22 [INFO] [OctoBans] woimant sql checked, record: doubleposte by woimant to 1508763004
23-10-17 23:06:22 [INFO] [OctoBans] woimant sql checked, record: doubleposte by woimant to 1508763260
23-10-17 23:06:22 [INFO] [OctoBans] woimant sql checked, record: doubleposte by woimant to 1508763055
23-10-17 23:06:22 [INFO] [OctoBans] woimant sql checked, record: doubleposte by woimant to 1508763778
23-10-17 23:06:22 [INFO] [OctoBans] woimant sql checked, record: doubleposte by woimant to 1508764082
23-10-17 23:06:22 [INFO] [OctoBans] woimant sql checked, record: doubleposte by woimant to 1508764096
23-10-17 23:06:22 [INFO] [OctoBans] woimant sql checked, record: doubleposte by woimant to 1508764193
23-10-17 23:06:22 [INFO] [OctoBans] woimant sql checked, record: doubleposte by woimant to 1508764199
23-10-17 23:06:22 [INFO] [OctoBans] woimant sql checked, record: doubleposte by woimant to 1508764530
23-10-17 23:06:22 [INFO] [OctoBans] woimant sql checked, record: provocation by woimant to 1508764327
23-10-17 23:06:22 [INFO] [OctoBans] woimant sql checked, record: doubleposte by woimant to 1508764338
23-10-17 23:06:22 [INFO] [OctoBans] woimant sql checked, record: doubleposte by woimant to 1508764683
23-10-17 23:06:22 [INFO] [OctoBans] woimant sql checked, record: doubleposte by woimant to 1508764968
23-10-17 23:06:22 [INFO] [OctoBans] woimant sql checked, record: doubleposte by woimant to 1508765170
23-10-17 23:06:22 [INFO] [OctoBans] woimant sql checked, record: doubleposte by woimant to 1508766537
23-10-17 23:06:22 [INFO] [OctoBans] woimant sql checked, record: doubleposte by woimant to 1508766998
23-10-17 23:06:22 [INFO] [OctoBans] woimant sql checked, record: provocation by woimant to 1508767006
23-10-17 23:06:22 [INFO] [OctoBans] woimant sql checked, record: doubleposte by woimant to 1508772648
23-10-17 23:06:22 [INFO] [OctoBans] woimant sql checked, record: incitationflood by woimant to 1508860290
23-10-17 23:06:22 [INFO] [OctoBans] woimant sql checked, record: doubleposte by woimant to 1508774266
23-10-17 23:06:22 [INFO] [OctoBans] woimant sql checked, record: provocation by woimant to 1508775338
23-10-17 23:06:22 [INFO] [OctoBans] woimant sql checked, record: doubleposte by woimant to 1508775575
23-10-17 23:06:22 [INFO] [OctoBans] woimant sql checked, record: doubleposte by woimant to 1508793020
23-10-17 23:07:20 [INFO] [OctoBans] juju123 sql checked, record: spammp by EGGSPLOSION to -1
23-10-17 23:07:52 [INFO] [OctoBans] Remil punished titimos12 for: Double Poste
23-10-17 23:11:07 [INFO] [OctoBans] Remil punished wistorm22 for: Double Poste
23-10-17 23:13:17 [INFO] [OctoBans] Remil punished kalibadounoux for: Spam/flood en MP
23-10-17 23:15:34 [INFO] [OctoBans] Remil punished alloytb for: Double Poste
23-10-17 23:16:07 [INFO] [OctoBans] maxougaming sql checked, record: spammp by LeRe to -1
23-10-17 23:16:07 [INFO] [OctoBans] maxougaming sql checked, record: insultegrave by SmooKeur to 1508804980
23-10-17 23:18:19 [INFO] [OctoBans] SkillBOotiiS punished liskoh for: Double Poste
23-10-17 23:22:28 [INFO] [OctoBans] SmooKeur punished jojokiller11 for: Majuscule
23-10-17 23:23:32 [INFO] [OctoBans] Zoseq punished swichdi for: Insulte
23-10-17 23:26:04 [INFO] [OctoBans] Remil punished thebigbosnono for: Double Poste
23-10-17 23:26:18 [INFO] [OctoBans] xwakez sql checked, record: spam by MisterBlazing to 1508797039
23-10-17 23:31:32 [INFO] [OctoBans] Remil punished magi_fragz_yt for: Double Poste
23-10-17 23:32:22 [INFO] [OctoBans] Zoseq punished paul for: Double Poste
23-10-17 23:39:20 [INFO] [OctoBans] Remil punished ew3l for: Majuscule
23-10-17 23:39:34 [INFO] [OctoBans] Remil punished gafaw4 for: Spam/flood
23-10-17 23:39:51 [INFO] [OctoBans] LeRe punished paul for: Spam/flood
23-10-17 23:40:54 [INFO] [OctoBans] NeyTox punished paul15440 for: Provocation
23-10-17 23:41:49 [INFO] [OctoBans] azzymaster punished widelegend18 for: Publicité Youtubeur
23-10-17 23:44:49 [INFO] [OctoBans] LeRe punished spooonty for: Spam/flood
23-10-17 23:44:54 [INFO] [OctoBans] azzymaster punished is0x_qc for: Double Poste
23-10-17 23:51:43 [INFO] [OctoBans] mohamedvi sql checked, record: spammp by Gamer09 to -1
23-10-17 23:52:06 [INFO] [OctoBans] woimant punished jesuismechant for: Double Poste
23-10-17 23:54:58 [INFO] [OctoBans] SmooKeur punished alexisdu59 for: Majuscule
23-10-17 23:55:03 [INFO] [OctoBans] tomi90 sql checked, record: spammp by Antoine57565 to -1
24-10-17 00:02:27 [INFO] [OctoBans] SmooKeur punished alex8238 for: Majuscule
24-10-17 00:03:33 [INFO] [OctoBans] maxoupvp sql checked, record: spammp by LeRe to -1
24-10-17 00:04:14 [INFO] [OctoBans] Remil punished tigerprime07 for: Majuscule
24-10-17 00:04:34 [INFO] [OctoBans] azzymaster sql checked, record: pubyt by azzymaster to 1508798509
24-10-17 00:04:34 [INFO] [OctoBans] azzymaster sql checked, record: doubleposte by azzymaster to 1508795394
24-10-17 00:05:10 [INFO] [OctoBans] azzymaster punished craziix_eu for: Double Poste
24-10-17 00:06:53 [INFO] [OctoBans] azzymaster punished keke91270 for: Insulte
24-10-17 00:08:03 [INFO] [OctoBans] Remil punished craziix_eu for: Provocation
24-10-17 00:10:48 [INFO] [OctoBans] smookeur sql checked, record: spammp by SmooKeur to -1
24-10-17 00:10:48 [INFO] [OctoBans] smookeur sql checked, record: spammp by SmooKeur to -1
24-10-17 00:10:48 [INFO] [OctoBans] smookeur sql checked, record: doubleposte by SmooKeur to 1508686029
24-10-17 00:10:48 [INFO] [OctoBans] smookeur sql checked, record: incitationflood by SmooKeur to 1508772147
24-10-17 00:10:48 [INFO] [OctoBans] smookeur sql checked, record: incitationflood by SmooKeur to 1508772158
24-10-17 00:10:48 [INFO] [OctoBans] smookeur sql checked, record: spammp by SmooKeur to -1
24-10-17 00:10:48 [INFO] [OctoBans] smookeur sql checked, record: incitationflood by SmooKeur to 1508773461
24-10-17 00:10:48 [INFO] [OctoBans] smookeur sql checked, record: doubleposte by SmooKeur to 1508688246
24-10-17 00:10:48 [INFO] [OctoBans] smookeur sql checked, record: doubleposte by SmooKeur to 1508688256
24-10-17 00:10:48 [INFO] [OctoBans] smookeur sql checked, record: pubyt by SmooKeur to 1508691613
24-10-17 00:10:48 [INFO] [OctoBans] smookeur sql checked, record: majuscule by SmooKeur to 1508688702
24-10-17 00:10:48 [INFO] [OctoBans] smookeur sql checked, record: doubleposte by SmooKeur to 1508688458
24-10-17 00:10:48 [INFO] [OctoBans] smookeur sql checked, record: majuscule by SmooKeur to 1508688904
24-10-17 00:10:48 [INFO] [OctoBans] smookeur sql checked, record: doubleposte by SmooKeur to 1508688681
24-10-17 00:10:48 [INFO] [OctoBans] smookeur sql checked, record: racism by SmooKeur to 1508774789
24-10-17 00:10:48 [INFO] [OctoBans] smookeur sql checked, record: pubyt by SmooKeur to 1508692096
24-10-17 00:10:48 [INFO] [OctoBans] smookeur sql checked, record: pubyt by SmooKeur to 1508692146
24-10-17 00:10:48 [INFO] [OctoBans] smookeur sql checked, record: tpkill by SmooKeur to 1508775000
24-10-17 00:10:48 [INFO] [OctoBans] smookeur sql checked, record: faussesinfos by SmooKeur to 1508775025
24-10-17 00:10:48 [INFO] [OctoBans] smookeur sql checked, record: majuscule by SmooKeur to 1508689245
24-10-17 00:10:48 [INFO] [OctoBans] smookeur sql checked, record: majuscule by SmooKeur to 1508689259
24-10-17 00:10:48 [INFO] [OctoBans] smookeur sql checked, record: spam by SmooKeur to 1508692300
24-10-17 00:10:48 [INFO] [OctoBans] smookeur sql checked, record: doubleposte by SmooKeur to 1508689215
24-10-17 00:10:48 [INFO] [OctoBans] smookeur sql checked, record: majuscule by SmooKeur to 1508689574
24-10-17 00:10:48 [INFO] [OctoBans] smookeur sql checked, record: spammp by SmooKeur to -1
24-10-17 00:10:48 [INFO] [OctoBans] smookeur sql checked, record: majuscule by SmooKeur to 1508690294
24-10-17 00:10:48 [INFO] [OctoBans] smookeur sql checked, record: doubleposte by SmooKeur to 1508752124
24-10-17 00:10:48 [INFO] [OctoBans] smookeur sql checked, record: pubyt by SmooKeur to 1508755447
24-10-17 00:10:48 [INFO] [OctoBans] smookeur sql checked, record: doubleposte by SmooKeur to 1508752162
24-10-17 00:10:48 [INFO] [OctoBans] smookeur sql checked, record: majuscule by SmooKeur to 1508752656
24-10-17 00:10:48 [INFO] [OctoBans] smookeur sql checked, record: majuscule by SmooKeur to 1508752668
24-10-17 00:10:48 [INFO] [OctoBans] smookeur sql checked, record: insulte by SmooKeur to 1508754939
24-10-17 00:10:48 [INFO] [OctoBans] smookeur sql checked, record: spam by SmooKeur to 1508755873
24-10-17 00:10:48 [INFO] [OctoBans] smookeur sql checked, record: doubleposte by SmooKeur to 1508753061
24-10-17 00:10:48 [INFO] [OctoBans] smookeur sql checked, record: majuscule by SmooKeur to 1508753089
24-10-17 00:10:48 [INFO] [OctoBans] smookeur sql checked, record: tpkill by SmooKeur to 1508838932
24-10-17 00:10:48 [INFO] [OctoBans] smookeur sql checked, record: doubleposte by SmooKeur to 1508753751
24-10-17 00:10:48 [INFO] [OctoBans] smookeur sql checked, record: insulte by SmooKeur to 1508758065
24-10-17 00:10:48 [INFO] [OctoBans] smookeur sql checked, record: majuscule by SmooKeur to 1508753505
24-10-17 00:10:48 [INFO] [OctoBans] smookeur sql checked, record: majuscule by SmooKeur to 1508753815
24-10-17 00:10:48 [INFO] [OctoBans] smookeur sql checked, record: doubleposte by SmooKeur to 1508753730
24-10-17 00:10:48 [INFO] [OctoBans] smookeur sql checked, record: pubyt by SmooKeur to 1508757259
24-10-17 00:10:48 [INFO] [OctoBans] smookeur sql checked, record: majuscule by SmooKeur to 1508754319
24-10-17 00:10:48 [INFO] [OctoBans] smookeur sql checked, record: pubyt by SmooKeur to 1508757527
24-10-17 00:10:48 [INFO] [OctoBans] smookeur sql checked, record: majuscule by SmooKeur to 1508754563
24-10-17 00:10:48 [INFO] [OctoBans] smookeur sql checked, record: majuscule by SmooKeur to 1508755872
24-10-17 00:10:48 [INFO] [OctoBans] smookeur sql checked, record: majuscule by SmooKeur to 1508756022
24-10-17 00:10:48 [INFO] [OctoBans] smookeur sql checked, record: spammp by SmooKeur to -1
24-10-17 00:10:48 [INFO] [OctoBans] smookeur sql checked, record: tpkill by SmooKeur to 1508842398
24-10-17 00:10:48 [INFO] [OctoBans] smookeur sql checked, record: spam by SmooKeur to 1508760241
24-10-17 00:10:48 [INFO] [OctoBans] smookeur sql checked, record: majuscule by SmooKeur to 1508757466
24-10-17 00:10:48 [INFO] [OctoBans] smookeur sql checked, record: majuscule by SmooKeur to 1508757552
24-10-17 00:10:48 [INFO] [OctoBans] smookeur sql checked, record: majuscule by SmooKeur to 1508758669
24-10-17 00:10:48 [INFO] [OctoBans] smookeur sql checked, record: incitationflood by SmooKeur to 1508843980
24-10-17 00:10:48 [INFO] [OctoBans] smookeur sql checked, record: incitationflood by SmooKeur to 1508844005
24-10-17 00:10:48 [INFO] [OctoBans] smookeur sql checked, record: doubleposte by SmooKeur to 1508758529
24-10-17 00:10:48 [INFO] [OctoBans] smookeur sql checked, record: majuscule by SmooKeur to 1508760333
24-10-17 00:10:48 [INFO] [OctoBans] smookeur sql checked, record: langage by SmooKeur to 1508761664
24-10-17 00:10:48 [INFO] [OctoBans] smookeur sql checked, record: majuscule by SmooKeur to 1508761679
24-10-17 00:10:48 [INFO] [OctoBans] smookeur sql checked, record: tpkill by SmooKeur to 1508847965
24-10-17 00:10:48 [INFO] [OctoBans] smookeur sql checked, record: majuscule by SmooKeur to 1508762478
24-10-17 00:10:48 [INFO] [OctoBans] smookeur sql checked, record: majuscule by SmooKeur to 1508762585
24-10-17 00:10:48 [INFO] [OctoBans] smookeur sql checked, record: tpkill by SmooKeur to 1508849733
24-10-17 00:10:48 [INFO] [OctoBans] smookeur sql checked, record: spammp by SmooKeur to -1
24-10-17 00:10:48 [INFO] [OctoBans] smookeur sql checked, record: menacehack by SmooKeur to 1509282998
24-10-17 00:10:48 [INFO] [OctoBans] smookeur sql checked, record: menacehack by SmooKeur to 1509023833
24-10-17 00:10:48 [INFO] [OctoBans] smookeur sql checked, record: majuscule by SmooKeur to 1508766459
24-10-17 00:10:48 [INFO] [OctoBans] smookeur sql checked, record: majuscule by SmooKeur to 1508766501
24-10-17 00:10:48 [INFO] [OctoBans] smookeur sql checked, record: doubleposte by SmooKeur to 1508766596
24-10-17 00:10:48 [INFO] [OctoBans] smookeur sql checked, record: doubleposte by SmooKeur to 1508766973
24-10-17 00:10:48 [INFO] [OctoBans] smookeur sql checked, record: faussesinfos by SmooKeur to 1508852894
24-10-17 00:10:48 [INFO] [OctoBans] smookeur sql checked, record: majuscule by SmooKeur to 1508768029
24-10-17 00:10:48 [INFO] [OctoBans] smookeur sql checked, record: majuscule by SmooKeur to 1508768052
24-10-17 00:10:48 [INFO] [OctoBans] smookeur sql checked, record: doubleposte by SmooKeur to 1508768230
24-10-17 00:10:48 [INFO] [OctoBans] smookeur sql checked, record: majuscule by SmooKeur to 1508769251
24-10-17 00:10:48 [INFO] [OctoBans] smookeur sql checked, record: incitationflood by SmooKeur to 1508855323
24-10-17 00:10:48 [INFO] [OctoBans] smookeur sql checked, record: insultegrave by SmooKeur to 1508804980
24-10-17 00:10:48 [INFO] [OctoBans] smookeur sql checked, record: spammp by SmooKeur to -1
24-10-17 00:10:48 [INFO] [OctoBans] smookeur sql checked, record: spammp by SmooKeur to -1
24-10-17 00:10:48 [INFO] [OctoBans] smookeur sql checked, record: doubleposte by SmooKeur to 1508769816
24-10-17 00:10:48 [INFO] [OctoBans] smookeur sql checked, record: multicompte by SmooKeur to -1
24-10-17 00:10:48 [INFO] [OctoBans] smookeur sql checked, record: doubleposte by SmooKeur to 1508771107
24-10-17 00:10:48 [INFO] [OctoBans] smookeur sql checked, record: langage by SmooKeur to 1508771807
24-10-17 00:10:48 [INFO] [OctoBans] smookeur sql checked, record: majuscule by SmooKeur to 1508771948
24-10-17 00:10:48 [INFO] [OctoBans] smookeur sql checked, record: doubleposte by SmooKeur to 1508773026
24-10-17 00:10:48 [INFO] [OctoBans] smookeur sql checked, record: doubleposte by SmooKeur to 1508773843
24-10-17 00:10:48 [INFO] [OctoBans] smookeur sql checked, record: majuscule by SmooKeur to 1508773986
24-10-17 00:10:48 [INFO] [OctoBans] smookeur sql checked, record: doubleposte by SmooKeur to 1508774991
24-10-17 00:10:48 [INFO] [OctoBans] smookeur sql checked, record: majuscule by SmooKeur to 1508775777
24-10-17 00:10:48 [INFO] [OctoBans] smookeur sql checked, record: majuscule by SmooKeur to 1508775786
24-10-17 00:10:48 [INFO] [OctoBans] smookeur sql checked, record: doubleposte by SmooKeur to 1508775592
24-10-17 00:10:48 [INFO] [OctoBans] smookeur sql checked, record: doubleposte by SmooKeur to 1508776451
24-10-17 00:10:48 [INFO] [OctoBans] smookeur sql checked, record: doubleposte by SmooKeur to 1508777653
24-10-17 00:10:48 [INFO] [OctoBans] smookeur sql checked, record: spammp by SmooKeur to -1
24-10-17 00:10:48 [INFO] [OctoBans] smookeur sql checked, record: majuscule by SmooKeur to 1508781843
24-10-17 00:10:48 [INFO] [OctoBans] smookeur sql checked, record: spammp by SmooKeur to -1
24-10-17 00:10:48 [INFO] [OctoBans] smookeur sql checked, record: langage by SmooKeur to 1508782527
24-10-17 00:10:48 [INFO] [OctoBans] smookeur sql checked, record: langage by SmooKeur to 1508782787
24-10-17 00:10:48 [INFO] [OctoBans] smookeur sql checked, record: majuscule by SmooKeur to 1508783187
24-10-17 00:10:48 [INFO] [OctoBans] smookeur sql checked, record: pubyt by SmooKeur to 1508786878
24-10-17 00:10:48 [INFO] [OctoBans] smookeur sql checked, record: doubleposte by SmooKeur to 1508783624
24-10-17 00:10:48 [INFO] [OctoBans] smookeur sql checked, record: doubleposte by SmooKeur to 1508784418
24-10-17 00:10:48 [INFO] [OctoBans] smookeur sql checked, record: doubleposte by SmooKeur to 1508784761
24-10-17 00:10:48 [INFO] [OctoBans] smookeur sql checked, record: doubleposte by SmooKeur to 1508785248
24-10-17 00:10:48 [INFO] [OctoBans] smookeur sql checked, record: majuscule by SmooKeur to 1508785858
24-10-17 00:10:48 [INFO] [OctoBans] smookeur sql checked, record: insulte by SmooKeur to 1508787990
24-10-17 00:10:48 [INFO] [OctoBans] smookeur sql checked, record: insulte by SmooKeur to 1508788098
24-10-17 00:10:48 [INFO] [OctoBans] smookeur sql checked, record: menacehack by SmooKeur to 1509047637
24-10-17 00:10:48 [INFO] [OctoBans] smookeur sql checked, record: tpkill by SmooKeur to 1508875013
24-10-17 00:10:48 [INFO] [OctoBans] smookeur sql checked, record: doubleposte by SmooKeur to 1508789379
24-10-17 00:10:48 [INFO] [OctoBans] smookeur sql checked, record: spam by SmooKeur to 1508792581
24-10-17 00:10:48 [INFO] [OctoBans] smookeur sql checked, record: faussesinfos by SmooKeur to 1508877860
24-10-17 00:10:48 [INFO] [OctoBans] smookeur sql checked, record: provocation by SmooKeur to 1508791812
24-10-17 00:10:48 [INFO] [OctoBans] smookeur sql checked, record: faussesinfos by SmooKeur to 1508878747
24-10-17 00:10:48 [INFO] [OctoBans] smookeur sql checked, record: doubleposte by SmooKeur to 1508792862
24-10-17 00:10:48 [INFO] [OctoBans] smookeur sql checked, record: majuscule by SmooKeur to 1508794348
24-10-17 00:10:48 [INFO] [OctoBans] smookeur sql checked, record: majuscule by SmooKeur to 1508796898
24-10-17 00:10:48 [INFO] [OctoBans] smookeur sql checked, record: majuscule by SmooKeur to 1508796747
24-10-17 00:10:54 [INFO] [OctoBans] remil sql checked, record: spammp by Remil to -1
24-10-17 00:10:54 [INFO] [OctoBans] remil sql checked, record: spammp by Remil to -1
24-10-17 00:10:54 [INFO] [OctoBans] remil sql checked, record: spammp by Remil to -1
24-10-17 00:10:54 [INFO] [OctoBans] remil sql checked, record: spammp by Remil to -1
24-10-17 00:10:54 [INFO] [OctoBans] remil sql checked, record: spammp by Remil to -1
24-10-17 00:10:54 [INFO] [OctoBans] remil sql checked, record: spammp by Remil to -1
24-10-17 00:10:54 [INFO] [OctoBans] remil sql checked, record: spammp by Remil to -1
24-10-17 00:10:54 [INFO] [OctoBans] remil sql checked, record: doubleposte by Remil to 1508684140
24-10-17 00:10:54 [INFO] [OctoBans] remil sql checked, record: provocation by Remil to 1508684334
24-10-17 00:10:54 [INFO] [OctoBans] remil sql checked, record: spammp by Remil to -1
24-10-17 00:10:54 [INFO] [OctoBans] remil sql checked, record: majuscule by Remil to 1508685893
24-10-17 00:10:54 [INFO] [OctoBans] remil sql checked, record: doubleposte by Remil to 1508685632
24-10-17 00:10:54 [INFO] [OctoBans] remil sql checked, record: doubleposte by Remil to 1508685698
24-10-17 00:10:54 [INFO] [OctoBans] remil sql checked, record: doubleposte by Remil to 1508685848
24-10-17 00:10:54 [INFO] [OctoBans] remil sql checked, record: spammp by Remil to -1
24-10-17 00:10:54 [INFO] [OctoBans] remil sql checked, record: spammp by Remil to -1
24-10-17 00:10:54 [INFO] [OctoBans] remil sql checked, record: doubleposte by Remil to 1508687217
24-10-17 00:10:54 [INFO] [OctoBans] remil sql checked, record: majuscule by Remil to 1508688511
24-10-17 00:10:54 [INFO] [OctoBans] remil sql checked, record: spam by Remil to 1508691527
24-10-17 00:10:54 [INFO] [OctoBans] remil sql checked, record: majuscule by Remil to 1508688575
24-10-17 00:10:54 [INFO] [OctoBans] remil sql checked, record: spammp by Remil to -1
24-10-17 00:10:54 [INFO] [OctoBans] remil sql checked, record: spammp by Remil to -1
24-10-17 00:10:54 [INFO] [OctoBans] remil sql checked, record: majuscule by Remil to 1508689005
24-10-17 00:10:54 [INFO] [OctoBans] remil sql checked, record: majuscule by Remil to 1508689018
24-10-17 00:10:54 [INFO] [OctoBans] remil sql checked, record: faussesinfos by Remil to 1508775004
24-10-17 00:10:54 [INFO] [OctoBans] remil sql checked, record: spam by Remil to 1508692377
24-10-17 00:10:54 [INFO] [OctoBans] remil sql checked, record: doubleposte by Remil to 1508689650
24-10-17 00:10:54 [INFO] [OctoBans] remil sql checked, record: spam by Remil to 1508692931
24-10-17 00:10:54 [INFO] [OctoBans] remil sql checked, record: majuscule by Remil to 1508690284
24-10-17 00:10:54 [INFO] [OctoBans] remil sql checked, record: majuscule by Remil to 1508691018
24-10-17 00:10:54 [INFO] [OctoBans] remil sql checked, record: provocation by Remil to 1508691027
24-10-17 00:10:54 [INFO] [OctoBans] remil sql checked, record: langage by Remil to 1508691623
24-10-17 00:10:54 [INFO] [OctoBans] remil sql checked, record: spam by Remil to 1508694897
24-10-17 00:10:54 [INFO] [OctoBans] remil sql checked, record: pubyt by Remil to 1508695777
24-10-17 00:10:54 [INFO] [OctoBans] remil sql checked, record: majuscule by Remil to 1508693810
24-10-17 00:10:54 [INFO] [OctoBans] remil sql checked, record: insultegrave by Remil to 1508729285
24-10-17 00:10:54 [INFO] [OctoBans] remil sql checked, record: doubleposte by Remil to 1508693604
24-10-17 00:10:54 [INFO] [OctoBans] remil sql checked, record: majuscule by Remil to 1508695774
24-10-17 00:10:54 [INFO] [OctoBans] remil sql checked, record: majuscule by Remil to 1508695845
24-10-17 00:10:54 [INFO] [OctoBans] remil sql checked, record: homophobie by Remil to 1508781741
24-10-17 00:10:54 [INFO] [OctoBans] remil sql checked, record: doubleposte by Remil to 1508696889
24-10-17 00:10:54 [INFO] [OctoBans] remil sql checked, record: majuscule by Remil to 1508696835
24-10-17 00:10:54 [INFO] [OctoBans] remil sql checked, record: majuscule by Remil to 1508696878
24-10-17 00:10:54 [INFO] [OctoBans] remil sql checked, record: majuscule by Remil to 1508696883
24-10-17 00:10:54 [INFO] [OctoBans] remil sql checked, record: insulte by Remil to 1508698990
24-10-17 00:10:54 [INFO] [OctoBans] remil sql checked, record: spam by Remil to 1508699902
24-10-17 00:10:54 [INFO] [OctoBans] remil sql checked, record: majuscule by Remil to 1508696963
24-10-17 00:10:54 [INFO] [OctoBans] remil sql checked, record: majuscule by Remil to 1508698036
24-10-17 00:10:54 [INFO] [OctoBans] remil sql checked, record: majuscule by Remil to 1508698366
24-10-17 00:10:54 [INFO] [OctoBans] remil sql checked, record: insulte by Remil to 1508700797
24-10-17 00:10:54 [INFO] [OctoBans] remil sql checked, record: majuscule by Remil to 1508698865
24-10-17 00:10:54 [INFO] [OctoBans] remil sql checked, record: insulte by Remil to 1508701040
24-10-17 00:10:54 [INFO] [OctoBans] remil sql checked, record: spam by Remil to 1508702107
24-10-17 00:10:54 [INFO] [OctoBans] remil sql checked, record: insulte by Remil to 1508701246
24-10-17 00:10:54 [INFO] [OctoBans] remil sql checked, record: majuscule by Remil to 1508699308
24-10-17 00:10:54 [INFO] [OctoBans] remil sql checked, record: doubleposte by Remil to 1508699181
24-10-17 00:10:54 [INFO] [OctoBans] remil sql checked, record: doubleposte by Remil to 1508699336
24-10-17 00:10:54 [INFO] [OctoBans] remil sql checked, record: spam by Remil to 1508702699
24-10-17 00:10:54 [INFO] [OctoBans] remil sql checked, record: tpkill by Remil to 1508785506
24-10-17 00:10:54 [INFO] [OctoBans] remil sql checked, record: doubleposte by Remil to 1508699446
24-10-17 00:10:54 [INFO] [OctoBans] remil sql checked, record: majuscule by Remil to 1508700490
24-10-17 00:10:54 [INFO] [OctoBans] remil sql checked, record: majuscule by Remil to 1508700254
24-10-17 00:10:54 [INFO] [OctoBans] remil sql checked, record: doubleposte by Remil to 1508699961
24-10-17 00:10:54 [INFO] [OctoBans] remil sql checked, record: doubleposte by Remil to 1508700040
24-10-17 00:10:54 [INFO] [OctoBans] remil sql checked, record: majuscule by Remil to 1508700469
24-10-17 00:10:54 [INFO] [OctoBans] remil sql checked, record: majuscule by Remil to 1508700587
24-10-17 00:10:54 [INFO] [OctoBans] remil sql checked, record: spam by Remil to 1508703590
24-10-17 00:10:54 [INFO] [OctoBans] remil sql checked, record: doubleposte by Remil to 1508700304
24-10-17 00:10:54 [INFO] [OctoBans] remil sql checked, record: doubleposte by Remil to 1508701360
24-10-17 00:10:54 [INFO] [OctoBans] remil sql checked, record: doubleposte by Remil to 1508701744
24-10-17 00:10:54 [INFO] [OctoBans] remil sql checked, record: langage by Remil to 1508702196
24-10-17 00:10:54 [INFO] [OctoBans] remil sql checked, record: majuscule by Remil to 1508702275
24-10-17 00:10:54 [INFO] [OctoBans] remil sql checked, record: majuscule by Remil to 1508702446
24-10-17 00:10:54 [INFO] [OctoBans] remil sql checked, record: majuscule by Remil to 1508702534
24-10-17 00:10:54 [INFO] [OctoBans] remil sql checked, record: spamfopen by Remil to 1508875719
24-10-17 00:10:54 [INFO] [OctoBans] remil sql checked, record: majuscule by Remil to 1508704939
24-10-17 00:10:54 [INFO] [OctoBans] remil sql checked, record: majuscule by Remil to 1508705335
24-10-17 00:10:54 [INFO] [OctoBans] remil sql checked, record: langage by Remil to 1508705436
24-10-17 00:10:54 [INFO] [OctoBans] remil sql checked, record: provocation by Remil to 1508705149
24-10-17 00:10:54 [INFO] [OctoBans] remil sql checked, record: majuscule by Remil to 1508705460
24-10-17 00:10:54 [INFO] [OctoBans] remil sql checked, record: doubleposte by Remil to 1508705221
24-10-17 00:10:54 [INFO] [OctoBans] remil sql checked, record: tpkill by Remil to 1508791369
24-10-17 00:10:54 [INFO] [OctoBans] remil sql checked, record: insultegrave by Remil to 1508741443
24-10-17 00:10:54 [INFO] [OctoBans] remil sql checked, record: doubleposte by Remil to 1508706107
24-10-17 00:10:54 [INFO] [OctoBans] remil sql checked, record: doubleposte by Remil to 1508706645
24-10-17 00:10:54 [INFO] [OctoBans] remil sql checked, record: doubleposte by Remil to 1508707266
24-10-17 00:10:54 [INFO] [OctoBans] remil sql checked, record: insultegrave by Remil to 1508743412
24-10-17 00:10:54 [INFO] [OctoBans] remil sql checked, record: majuscule by Remil to 1508708041
24-10-17 00:10:54 [INFO] [OctoBans] remil sql checked, record: doubleposte by Remil to 1508708035
24-10-17 00:10:54 [INFO] [OctoBans] remil sql checked, record: langage by Remil to 1508708346
24-10-17 00:10:54 [INFO] [OctoBans] remil sql checked, record: doubleposte by Remil to 1508711490
24-10-17 00:10:54 [INFO] [OctoBans] remil sql checked, record: doubleposte by Remil to 1508713135
24-10-17 00:10:54 [INFO] [OctoBans] remil sql checked, record: spammp by Remil to -1
24-10-17 00:10:54 [INFO] [OctoBans] remil sql checked, record: doubleposte by Remil to 1508713655
24-10-17 00:10:54 [INFO] [OctoBans] remil sql checked, record: faussesinfos by Remil to 1508800581
24-10-17 00:10:54 [INFO] [OctoBans] remil sql checked, record: langage by Remil to 1508714790
24-10-17 00:10:54 [INFO] [OctoBans] remil sql checked, record: langage by Remil to 1508714800
24-10-17 00:10:54 [INFO] [OctoBans] remil sql checked, record: doubleposte by Remil to 1508715223
24-10-17 00:10:54 [INFO] [OctoBans] remil sql checked, record: majuscule by Remil to 1508715658
24-10-17 00:10:54 [INFO] [OctoBans] remil sql checked, record: majuscule by Remil to 1508715782
24-10-17 00:10:54 [INFO] [OctoBans] remil sql checked, record: doubleposte by Remil to 1508721377
24-10-17 00:10:54 [INFO] [OctoBans] remil sql checked, record: provocation by Remil to 1508722958
24-10-17 00:10:54 [INFO] [OctoBans] remil sql checked, record: spam by Remil to 1508779428
24-10-17 00:10:54 [INFO] [OctoBans] remil sql checked, record: doubleposte by Remil to 1508777192
24-10-17 00:10:54 [INFO] [OctoBans] remil sql checked, record: doubleposte by Remil to 1508777238
24-10-17 00:10:54 [INFO] [OctoBans] remil sql checked, record: doubleposte by Remil to 1508777739
24-10-17 00:10:54 [INFO] [OctoBans] remil sql checked, record: majuscule by Remil to 1508778092
24-10-17 00:10:54 [INFO] [OctoBans] remil sql checked, record: incitationflood by Remil to 1508865357
24-10-17 00:10:54 [INFO] [OctoBans] remil sql checked, record: menacehack by Remil to 1509038183
24-10-17 00:10:54 [INFO] [OctoBans] remil sql checked, record: spam by Remil to 1508782939
24-10-17 00:10:54 [INFO] [OctoBans] remil sql checked, record: insulte by Remil to 1508782481
24-10-17 00:10:54 [INFO] [OctoBans] remil sql checked, record: majuscule by Remil to 1508780571
24-10-17 00:10:54 [INFO] [OctoBans] remil sql checked, record: majuscule by Remil to 1508780626
24-10-17 00:10:54 [INFO] [OctoBans] remil sql checked, record: majuscule by Remil to 1508780711
24-10-17 00:10:54 [INFO] [OctoBans] remil sql checked, record: doubleposte by Remil to 1508780690
24-10-17 00:10:54 [INFO] [OctoBans] remil sql checked, record: doubleposte by Remil to 1508780881
24-10-17 00:10:54 [INFO] [OctoBans] remil sql checked, record: doubleposte by Remil to 1508780897
24-10-17 00:10:54 [INFO] [OctoBans] remil sql checked, record: langage by Remil to 1508781256
24-10-17 00:10:54 [INFO] [OctoBans] remil sql checked, record: spam by Remil to 1508784269
24-10-17 00:10:54 [INFO] [OctoBans] remil sql checked, record: spam by Remil to 1508784603
24-10-17 00:10:54 [INFO] [OctoBans] remil sql checked, record: spam by Remil to 1508785326
24-10-17 00:10:54 [INFO] [OctoBans] remil sql checked, record: spam by Remil to 1508785330
24-10-17 00:10:54 [INFO] [OctoBans] remil sql checked, record: spam by Remil to 1508785424
24-10-17 00:10:54 [INFO] [OctoBans] remil sql checked, record: spam by Remil to 1508785426
24-10-17 00:10:54 [INFO] [OctoBans] remil sql checked, record: spam by Remil to 1508785430
24-10-17 00:10:54 [INFO] [OctoBans] remil sql checked, record: spam by Remil to 1508785433
24-10-17 00:10:54 [INFO] [OctoBans] remil sql checked, record: doubleposte by Remil to 1508782477
24-10-17 00:10:54 [INFO] [OctoBans] remil sql checked, record: majuscule by Remil to 1508786069
24-10-17 00:10:54 [INFO] [OctoBans] remil sql checked, record: doubleposte by Remil to 1508785926
24-10-17 00:10:54 [INFO] [OctoBans] remil sql checked, record: doubleposte by Remil to 1508786040
24-10-17 00:10:54 [INFO] [OctoBans] remil sql checked, record: doubleposte by Remil to 1508786547
24-10-17 00:10:54 [INFO] [OctoBans] remil sql checked, record: doubleposte by Remil to 1508786896
24-10-17 00:10:54 [INFO] [OctoBans] remil sql checked, record: doubleposte by Remil to 1508786299
24-10-17 00:10:54 [INFO] [OctoBans] remil sql checked, record: insultegrave by Remil to 1508822155
24-10-17 00:10:54 [INFO] [OctoBans] remil sql checked, record: doubleposte by Remil to 1508786460
24-10-17 00:10:54 [INFO] [OctoBans] remil sql checked, record: insultegrave by Remil to 1508858177
24-10-17 00:10:54 [INFO] [OctoBans] remil sql checked, record: doubleposte by Remil to 1508787081
24-10-17 00:10:54 [INFO] [OctoBans] remil sql checked, record: doubleposte by Remil to 1508787132
24-10-17 00:10:54 [INFO] [OctoBans] remil sql checked, record: provocation by Remil to 1508788800
24-10-17 00:10:54 [INFO] [OctoBans] remil sql checked, record: spammp by Remil to -1
24-10-17 00:10:54 [INFO] [OctoBans] remil sql checked, record: tpkill by Remil to 1508875719
24-10-17 00:10:54 [INFO] [OctoBans] remil sql checked, record: spam by Remil to 1508792950
24-10-17 00:10:54 [INFO] [OctoBans] remil sql checked, record: majuscule by Remil to 1508792531
24-10-17 00:10:54 [INFO] [OctoBans] remil sql checked, record: homophobie by Remil to 1508878279
24-10-17 00:10:54 [INFO] [OctoBans] remil sql checked, record: majuscule by Remil to 1508792487
24-10-17 00:10:54 [INFO] [OctoBans] remil sql checked, record: doubleposte by Remil to 1508793792
24-10-17 00:10:54 [INFO] [OctoBans] remil sql checked, record: doubleposte by Remil to 1508793172
24-10-17 00:10:54 [INFO] [OctoBans] remil sql checked, record: doubleposte by Remil to 1508793367
24-10-17 00:10:54 [INFO] [OctoBans] remil sql checked, record: spammp by Remil to -1
24-10-17 00:10:54 [INFO] [OctoBans] remil sql checked, record: doubleposte by Remil to 1508793934
24-10-17 00:10:54 [INFO] [OctoBans] remil sql checked, record: doubleposte by Remil to 1508794264
24-10-17 00:10:54 [INFO] [OctoBans] remil sql checked, record: doubleposte by Remil to 1508794592
24-10-17 00:10:54 [INFO] [OctoBans] remil sql checked, record: majuscule by Remil to 1508795960
24-10-17 00:10:54 [INFO] [OctoBans] remil sql checked, record: spam by Remil to 1508798374
24-10-17 00:10:54 [INFO] [OctoBans] remil sql checked, record: majuscule by Remil to 1508796854
24-10-17 00:10:54 [INFO] [OctoBans] remil sql checked, record: provocation by Remil to 1508796783
24-10-17 00:13:17 [INFO] [OctoBans] Remil punished blacorino for: Double Poste
24-10-17 00:15:38 [INFO] [OctoBans] Remil punished bfa69 for: Fausses informations
24-10-17 00:16:35 [INFO] [OctoBans] Remil punished bfa69 for: Fausses informations
24-10-17 00:19:03 [INFO] [OctoBans] LeRe punished walterwhite for: Insulte serveur
24-10-17 00:22:17 [INFO] [OctoBans] azzymaster punished blacorino for: Insulte grave
24-10-17 00:27:25 [INFO] [OctoBans] Zayrox29 punished ziokfr for: Publicité Youtubeur
24-10-17 00:29:04 [INFO] [OctoBans] azzymaster punished zlkayzen for: Insulte grave
24-10-17 00:29:27 [INFO] [OctoBans] Flowtox punished zlkayzen for: Provocation
24-10-17 00:30:27 [INFO] [OctoBans] azzymaster punished lenofix069 for: Double Poste
24-10-17 00:37:47 [INFO] [OctoBans] Zayrox29 punished karibo127 for: Provocation
24-10-17 00:39:56 [INFO] [OctoBans] smatemm sql checked, record: insultegrave by Zayrox29 to 1508825793
24-10-17 00:39:57 [INFO] [OctoBans] An0m4lly punished _theodu13_ for: Provocation
24-10-17 00:42:28 [INFO] [OctoBans] Remil punished wistorm22 for: Majuscule
24-10-17 00:42:40 [INFO] [OctoBans] Remil punished vortex_games for: Fausses informations
24-10-17 00:42:58 [INFO] [OctoBans] Remil punished octoman for: Spam/flood
24-10-17 00:43:46 [INFO] [OctoBans] azzymaster punished blackdark123 for: Provocation
24-10-17 00:44:26 [INFO] [OctoBans] Remil punished winningyt for: Majuscule
24-10-17 00:45:35 [INFO] [OctoBans] azzymaster punished leminecraftien80 for: Insulte
24-10-17 00:47:28 [INFO] [OctoBans] Remil punished zyross1506 for: Majuscule
24-10-17 00:48:16 [INFO] [OctoBans] azzymaster punished patate2015 for: Double Poste
24-10-17 00:51:09 [INFO] [OctoBans] winningyt sql checked, record: majuscule by Remil to 1508799266
24-10-17 00:54:06 [INFO] [OctoBans] azzymaster punished random13 for: Double Poste
24-10-17 00:54:12 [INFO] [OctoBans] azzymaster punished gafaw4 for: Insulte grave
24-10-17 00:55:33 [INFO] [OctoBans] azzymaster punished brookdu81 for: Provocation
24-10-17 01:01:49 [INFO] [OctoBans] azzymaster punished maxoupvp for: Insulte
24-10-17 01:06:29 [INFO] [OctoBans] azzymaster punished titouhoveryt for: Publicité Youtubeur
24-10-17 01:07:58 [INFO] [OctoBans] NeyTox punished haze1812 for: Double Poste
24-10-17 01:08:41 [INFO] [OctoBans] azzymaster punished tallioz for: Double Poste
24-10-17 01:09:52 [INFO] [OctoBans] azzymaster punished venom_monster for: Insulte
24-10-17 01:14:00 [INFO] [OctoBans] azzymaster punished dark_titix for: Insulte grave
24-10-17 01:15:21 [INFO] [OctoBans] NeyTox punished zehky for: Double Poste
24-10-17 01:20:21 [INFO] [OctoBans] aexraptorz sql checked, record: spammp by Remil to -1
24-10-17 01:22:12 [INFO] [OctoBans] azzymaster punished tallioz for: Double Poste
24-10-17 01:23:44 [INFO] [OctoBans] NeyTox punished dyfrox for: Double Poste
24-10-17 01:28:44 [INFO] [OctoBans] azzymaster punished supertictac for: Spam/flood
24-10-17 01:30:13 [INFO] [OctoBans] NeyTox punished dyfrox for: Double Poste
24-10-17 01:33:20 [INFO] [OctoBans] azzymaster punished brookdu81 for: Insulte
24-10-17 01:33:41 [INFO] [OctoBans] NeyTox punished brookdu81 for: Double Poste
24-10-17 01:36:38 [INFO] [OctoBans] jojosse sql checked, record: spammp by LeRe to -1
24-10-17 01:39:01 [INFO] [OctoBans] azzymaster punished chaser for: Spam/flood
24-10-17 01:40:51 [INFO] [OctoBans] azzymaster punished levapedenems for: Double Poste
24-10-17 01:40:57 [INFO] [OctoBans] azzymaster punished tallioz for: Double Poste
24-10-17 01:41:05 [INFO] [OctoBans] leocrouze sql checked, record: spammp by Antoine57565 to -1
24-10-17 02:22:05 [INFO] [OctoBans] Remil punished lucas76 for: Double Poste
24-10-17 02:23:25 [INFO] [OctoBans] Remil punished fabio for: Provocation
24-10-17 02:23:51 [INFO] [OctoBans] Remil punished fabio for: Spam/flood en MP
24-10-17 02:24:21 [INFO] [OctoBans] Remil punished asygom for: Spam/flood
24-10-17 02:24:55 [INFO] [OctoBans] Remil punished blackwhite010 for: Insulte
24-10-17 02:43:59 [INFO] [OctoBans] ryda4 sql checked, record: spammp by Remil to -1
24-10-17 02:45:37 [INFO] [OctoBans] Remil punished titimos12 for: Spam/flood
24-10-17 02:45:56 [INFO] [OctoBans] _guigui_ sql checked, record: spammp by Remil to -1
24-10-17 02:46:01 [INFO] [OctoBans] teqzmodz32 sql checked, record: spammp by Evolze to -1
24-10-17 02:46:21 [INFO] [OctoBans] Remil punished maximehockey for: Double Poste
24-10-17 02:51:26 [INFO] [OctoBans] An0m4lly punished chaser for: Double Poste
24-10-17 02:53:55 [INFO] [OctoBans] An0m4lly punished whitstar for: Spam/flood
24-10-17 05:21:29 [INFO] [OctoBans] azzymaster punished red_sheep for: Provocation
24-10-17 05:43:27 [INFO] [OctoBans] azzymaster punished skyanto_974yt for: Incitation au flood
24-10-17 06:01:01 [INFO] [OctoBans] Disabling OctoBans v1.0
