11-07-17 22:31:43 [INFO] [OctoBans] File Handler successfully initialized!
11-07-17 22:31:43 [INFO] [OctoBans] SQL connection successfully etablished
11-07-17 22:31:43 [INFO] [OctoBans] Moderator Tools by Octonia.
11-07-17 22:31:49 [INFO] [OctoBans] brookdu81 sql checked, record: doubleposte by YTB_XxKarnageXx to 1499805482
11-07-17 22:31:49 [INFO] [OctoBans] leo2316 sql checked, record: spammp by SuperJojo to -1
11-07-17 22:31:49 [INFO] [OctoBans] leo2316 sql checked, record: spammp by Remil to -1
11-07-17 22:31:49 [INFO] [OctoBans] biguiboss31 sql checked, record: spammp by PseudoNul to -1
11-07-17 22:31:49 [INFO] [OctoBans] biguiboss31 sql checked, record: spammp by Remil to -1
11-07-17 22:31:49 [INFO] [OctoBans] pvp_thibaut_pvp sql checked, record: spammp by SuperJojo to -1
11-07-17 22:31:49 [INFO] [OctoBans] dark_titix sql checked, record: spammp by Remil to -1
11-07-17 22:31:49 [INFO] [OctoBans] tomcase14 sql checked, record: kickautre by Antoine57565 to -1
11-07-17 22:31:49 [INFO] [OctoBans] tomcase14 sql checked, record: kickautre by Antoine57565 to -1
11-07-17 22:31:49 [INFO] [OctoBans] tomcase14 sql checked, record: insultegrave by iPurple_ to 1499838599
11-07-17 22:31:49 [INFO] [OctoBans] charifboss sql checked, record: spammp by Blubfire to -1
11-07-17 22:31:49 [INFO] [OctoBans] mistergamingv2 sql checked, record: spammp by Remil to -1
11-07-17 22:31:49 [INFO] [OctoBans] mistergamingv2 sql checked, record: spammp by YTB_XxKarnageXx to -1
11-07-17 22:31:49 [INFO] [OctoBans] ew3l sql checked, record: floodmp by Forway to -1
11-07-17 22:31:49 [INFO] [OctoBans] ishaadow_ sql checked, record: homophobie by drbrine to 1499899444
11-07-17 22:31:49 [INFO] [OctoBans] ishaadow_ sql checked, record: spam by Kyabe to 1499808305
11-07-17 22:31:49 [INFO] [OctoBans] _dragibus_ sql checked, record: spammp by Remil to -1
11-07-17 22:31:49 [INFO] [OctoBans] _dragibus_ sql checked, record: spammp by Remil to -1
11-07-17 22:31:49 [INFO] [OctoBans] _dragibus_ sql checked, record: spammp by Remil to -1
11-07-17 22:31:49 [INFO] [OctoBans] _dragibus_ sql checked, record: spammp by Remil to -1
11-07-17 22:31:49 [INFO] [OctoBans] _dragibus_ sql checked, record: spammp by Remil to -1
11-07-17 22:31:49 [INFO] [OctoBans] _dragibus_ sql checked, record: spammp by Remil to -1
11-07-17 22:31:49 [INFO] [OctoBans] _dragibus_ sql checked, record: spammp by Remil to -1
11-07-17 22:31:49 [INFO] [OctoBans] _dragibus_ sql checked, record: spammp by Remil to -1
11-07-17 22:31:49 [INFO] [OctoBans] _dragibus_ sql checked, record: spammp by Remil to -1
11-07-17 22:31:49 [INFO] [OctoBans] _dragibus_ sql checked, record: spammp by Remil to -1
11-07-17 22:31:49 [INFO] [OctoBans] _dragibus_ sql checked, record: spammp by Remil to -1
11-07-17 22:31:49 [INFO] [OctoBans] _dragibus_ sql checked, record: spammp by Remil to -1
11-07-17 22:31:49 [INFO] [OctoBans] _dragibus_ sql checked, record: spammp by PseudoNul to -1
11-07-17 22:31:49 [INFO] [OctoBans] _dragibus_ sql checked, record: spammp by SkyKosIV to -1
11-07-17 22:31:49 [INFO] [OctoBans] _dragibus_ sql checked, record: spammp by Remil to -1
11-07-17 22:31:49 [INFO] [OctoBans] _dragibus_ sql checked, record: spammp by Remil to -1
11-07-17 22:31:49 [INFO] [OctoBans] _dragibus_ sql checked, record: doubleposte by drbrine to 1499805581
11-07-17 22:31:49 [INFO] [OctoBans] war2sunn sql checked, record: insultegrave by SnowEffect to 1499854939
11-07-17 22:31:49 [INFO] [OctoBans] tokyo sql checked, record: spammp by SnowEffect to -1
11-07-17 22:31:49 [INFO] [OctoBans] zarconia sql checked, record: spammp by SuperJojo to -1
11-07-17 22:31:49 [INFO] [OctoBans] fabio sql checked, record: spammp by Remil to -1
11-07-17 22:31:49 [INFO] [OctoBans] fabio sql checked, record: insultegrave by TheBrioche13 to 1499877967
11-07-17 22:31:49 [INFO] [OctoBans] fabio sql checked, record: spammp by CreepyEagle to -1
11-07-17 22:31:49 [INFO] [OctoBans] fabio sql checked, record: insultestaff by DEEProdole to 1499837159
11-07-17 22:31:49 [INFO] [OctoBans] pablo sql checked, record: kickautre by Antoine57565 to -1
11-07-17 22:31:49 [INFO] [OctoBans] clem010 sql checked, record: spammp by Remil to -1
11-07-17 22:31:49 [INFO] [OctoBans] clem010 sql checked, record: flood by iPurple_ to 1499808387
11-07-17 22:31:49 [INFO] [OctoBans] marchandloup sql checked, record: spammp by Remil to -1
11-07-17 22:31:49 [INFO] [OctoBans] marchandloup sql checked, record: spammp by PseudoNul to -1
11-07-17 22:31:49 [INFO] [OctoBans] teezer_fr sql checked, record: floodmp by Forway to -1
11-07-17 22:31:49 [INFO] [OctoBans] laknar sql checked, record: spam by YTB_XxKarnageXx to 1499806106
11-07-17 22:31:49 [INFO] [OctoBans] docteurwho99 sql checked, record: incitationflood by YTB_XxKarnageXx to 1499887880
11-07-17 22:31:49 [INFO] [OctoBans] mathieu28130 sql checked, record: insultegrave by iPurple_ to 1499849058
11-07-17 22:31:49 [INFO] [OctoBans] zayrozz sql checked, record: spammp by Remil to -1
11-07-17 22:31:53 [INFO] [OctoBans] karimospvp sql checked, record: spammp by YTB_XxKarnageXx to -1
11-07-17 22:31:54 [INFO] [OctoBans] lolo201 sql checked, record: spammp by Remil to -1
11-07-17 22:31:54 [INFO] [OctoBans] lolpigman sql checked, record: spammp by SnowEffect to -1
11-07-17 22:31:54 [INFO] [OctoBans] lolpigman sql checked, record: spammp by skhey to -1
11-07-17 22:31:56 [INFO] [OctoBans] wintorix sql checked, record: spam by drbrine to 1499809009
11-07-17 22:32:07 [INFO] [OctoBans] kaillian06 sql checked, record: majuscule by FiasK0 to 1499805790
11-07-17 22:32:19 [INFO] [OctoBans] osmanlitorunu sql checked, record: incitationflood by DEEProdole to 1499875508
11-07-17 22:32:30 [INFO] [OctoBans] getturclegrand sql checked, record: spammp by YTB_XxKarnageXx to -1
11-07-17 22:32:36 [INFO] [OctoBans] sneef sql checked, record: insultesrv by CreepyEagle to 1499818257
11-07-17 22:32:36 [INFO] [OctoBans] sneef sql checked, record: incitationflood by CreepyEagle to 1499886681
11-07-17 22:32:39 [INFO] [OctoBans] blackwhite010 sql checked, record: spammp by Remil to -1
11-07-17 22:33:33 [INFO] [OctoBans] wheass sql checked, record: spammp by SkyKosIV to -1
11-07-17 22:33:39 [INFO] [OctoBans] arrowgaming sql checked, record: spammp by SkyKosIV to -1
11-07-17 22:33:41 [INFO] [OctoBans] matgone01 sql checked, record: spammp by ZerKup to -1
11-07-17 22:33:41 [INFO] [OctoBans] matgone01 sql checked, record: spammp by ZerKup to -1
11-07-17 22:33:41 [INFO] [OctoBans] matgone01 sql checked, record: spammp by Remil to -1
11-07-17 22:33:41 [INFO] [OctoBans] matgone01 sql checked, record: floodmp by Forway to -1
11-07-17 22:33:41 [INFO] [OctoBans] matgone01 sql checked, record: spammp by PseudoNul to -1
11-07-17 22:34:01 [INFO] [OctoBans] mabilou29 sql checked, record: spammp by SnowEffect to -1
11-07-17 22:34:01 [INFO] [OctoBans] mabilou29 sql checked, record: spammp by SnowEffect to -1
11-07-17 22:34:03 [INFO] [OctoBans] krais7681 sql checked, record: insultegrave by D3adOrSnipSurYTB to 1499838782
11-07-17 22:34:05 [INFO] [OctoBans] totoresto sql checked, record: homophobie by YTB_XxKarnageXx to 1499879762
11-07-17 22:34:11 [INFO] [OctoBans] _hello_kitty sql checked, record: spammp by SuperJojo to -1
11-07-17 22:34:11 [INFO] [OctoBans] _hello_kitty sql checked, record: spammp by PseudoNul to -1
11-07-17 22:34:23 [INFO] [OctoBans] MaacDoo punished matgone01 for: Provocation
11-07-17 22:35:16 [INFO] [OctoBans] maxpv34 sql checked, record: spammp by YTB_XxKarnageXx to -1
11-07-17 22:36:53 [INFO] [OctoBans] zekiller69 sql checked, record: spammp by SkyKosIV to -1
11-07-17 22:36:57 [INFO] [OctoBans] craziix_eu sql checked, record: spammp by Remil to -1
11-07-17 22:36:57 [INFO] [OctoBans] craziix_eu sql checked, record: spammp by Remil to -1
11-07-17 22:36:57 [INFO] [OctoBans] craziix_eu sql checked, record: spammp by Remil to -1
11-07-17 22:36:57 [INFO] [OctoBans] craziix_eu sql checked, record: spammp by Remil to -1
11-07-17 22:37:11 [INFO] [OctoBans] anzerti sql checked, record: spammp by Steph078 to -1
11-07-17 22:37:44 [INFO] [OctoBans] ineow sql checked, record: flood by FiasK0 to 1499806325
11-07-17 22:38:11 [INFO] [OctoBans] Anzerti punished louiska_ for: Double Poste
11-07-17 22:39:24 [INFO] [OctoBans] shouteur sql checked, record: spammp by Remil to -1
11-07-17 22:39:24 [INFO] [OctoBans] shouteur sql checked, record: spammp by Remil to -1
11-07-17 22:39:24 [INFO] [OctoBans] shouteur sql checked, record: spammp by Remil to -1
11-07-17 22:39:24 [INFO] [OctoBans] shouteur sql checked, record: spammp by Remil to -1
11-07-17 22:39:36 [INFO] [OctoBans] thomasdu29200 sql checked, record: spammp by iPurple_ to -1
11-07-17 22:41:19 [INFO] [OctoBans] etlimas sql checked, record: spammp by SkyKosIV to -1
11-07-17 22:42:02 [INFO] [OctoBans] alex29380 sql checked, record: insultegrave by D3adOrSnipSurYTB to 1499825065
11-07-17 22:42:08 [INFO] [OctoBans] titidu06 sql checked, record: spammp by PseudoNul to -1
11-07-17 22:42:19 [INFO] [OctoBans] Anzerti punished geekmap for: Spam/flood
11-07-17 22:44:40 [INFO] [OctoBans] oozema sql checked, record: spammp by YTB_XxKarnageXx to -1
11-07-17 22:44:48 [INFO] [OctoBans] MaacDoo punished krame_ for: Provocation
11-07-17 22:45:16 [INFO] [OctoBans] zombiekiller02 sql checked, record: insultegrave by iPurple_ to 1499839246
11-07-17 22:45:16 [INFO] [OctoBans] zombiekiller02 sql checked, record: insultegrave by drbrine to 1499875268
11-07-17 22:46:24 [INFO] [OctoBans] oeufdepoule62 sql checked, record: spammp by Remil to -1
11-07-17 22:46:24 [INFO] [OctoBans] oeufdepoule62 sql checked, record: spammp by SkyKosIV to -1
11-07-17 22:47:01 [INFO] [OctoBans] gigi161205 sql checked, record: faussesinfos by YTB_XxKarnageXx to 1499890086
11-07-17 22:47:24 [INFO] [OctoBans] hayden_frost sql checked, record: spammp by PseudoNul to -1
11-07-17 22:47:53 [INFO] [OctoBans] spikey1312 sql checked, record: menacehack by Remil to 1499808730
11-07-17 22:49:02 [INFO] [OctoBans] qcoxe sql checked, record: spammp by PseudoNul to -1
11-07-17 22:49:42 [INFO] [OctoBans] dylims sql checked, record: insultegrave by tinmar to 1499825403
11-07-17 22:50:09 [INFO] [OctoBans] xelio57 sql checked, record: spammp by SnowEffect to -1
11-07-17 22:50:17 [INFO] [OctoBans] t4ntr1ss sql checked, record: insultegrave by D3adOrSnipSurYTB to 1499839198
11-07-17 22:50:22 [INFO] [OctoBans] Anzerti punished _hello_kitty for: Insulte légère
11-07-17 22:51:07 [INFO] [OctoBans] Anzerti punished weetiix for: Spam/flood
11-07-17 22:51:07 [INFO] [OctoBans] lucas81160 sql checked, record: floodmp by Forway to -1
11-07-17 22:51:09 [INFO] [OctoBans] NeyTox punished lolo201 for: Langage incorrect
11-07-17 22:52:09 [INFO] [OctoBans] Anzerti punished colonelsemih76 for: Double Poste
11-07-17 22:52:19 [INFO] [OctoBans] bfa69 sql checked, record: menacehack by Remil to 1499811362
11-07-17 22:52:19 [INFO] [OctoBans] bfa69 sql checked, record: menacehack by Remil to 1500070671
11-07-17 22:53:14 [INFO] [OctoBans] Anzerti punished xx_demonpvp_xx for: Spam/flood
11-07-17 22:53:20 [INFO] [OctoBans] gamerdu06 sql checked, record: incitationflood by YTB_XxKarnageXx to 1499889664
11-07-17 22:56:13 [INFO] [OctoBans] waytek sql checked, record: spammp by PseudoNul to -1
11-07-17 22:56:13 [INFO] [OctoBans] waytek sql checked, record: spammp by Remil to -1
11-07-17 22:56:13 [INFO] [OctoBans] waytek sql checked, record: spammp by Remil to -1
11-07-17 22:59:12 [INFO] [OctoBans] drbrine punished azbanzeur for: Spam/flood
11-07-17 22:59:43 [INFO] [OctoBans] evian sql checked, record: incitationflood by 54melih54 to 1499874729
11-07-17 23:03:43 [INFO] [OctoBans] Anzerti punished mybitacos for: Double Poste
11-07-17 23:04:49 [INFO] [OctoBans] sam_ytb sql checked, record: spammp by iPurple_ to -1
11-07-17 23:05:29 [INFO] [OctoBans] Anzerti punished minepixelytb for: Double Poste
11-07-17 23:05:41 [INFO] [OctoBans] Anzerti punished marseillekalash for: Double Poste
11-07-17 23:06:01 [INFO] [OctoBans] Anzerti punished poussi_rushbear_ for: Langage incorrect
11-07-17 23:06:31 [INFO] [OctoBans] Anzerti punished messasoyt for: Langage incorrect
11-07-17 23:07:47 [INFO] [OctoBans] Anzerti punished theohand for: Majuscule
11-07-17 23:08:26 [INFO] [OctoBans] Anzerti punished kowa_nono for: Double Poste
11-07-17 23:09:24 [INFO] [OctoBans] xxmrenderman6xx sql checked, record: spam by D3adOrSnipSurYTB to 1499809799
11-07-17 23:11:00 [INFO] [OctoBans] Anzerti punished wintorix for: Spam/flood
11-07-17 23:11:07 [INFO] [OctoBans] Anzerti punished skygalactics for: Spam/flood
11-07-17 23:11:20 [INFO] [OctoBans] teamnarvaloeny sql checked, record: doubleposte by Kyabe to 1499808022
11-07-17 23:11:46 [INFO] [OctoBans] Anzerti punished swtowt for: Double Poste
11-07-17 23:12:11 [INFO] [OctoBans] Anzerti punished dragongaming for: Spam/flood
11-07-17 23:12:43 [INFO] [OctoBans] thebrioche13 sql checked, record: spammp by Remil to -1
11-07-17 23:12:43 [INFO] [OctoBans] thebrioche13 sql checked, record: spammp by SkyKosIV to -1
11-07-17 23:12:43 [INFO] [OctoBans] thebrioche13 sql checked, record: kickautre by Antoine57565 to -1
11-07-17 23:14:12 [INFO] [OctoBans] n3qi62 sql checked, record: spammp by iPurple_ to -1
11-07-17 23:14:12 [INFO] [OctoBans] n3qi62 sql checked, record: insulte by YTB_XxKarnageXx to 1499810123
11-07-17 23:20:50 [INFO] [OctoBans] produpvp sql checked, record: spammp by Remil to -1
11-07-17 23:21:09 [INFO] [OctoBans] wardinq_ sql checked, record: spammp by YTB_XxKarnageXx to -1
11-07-17 23:21:59 [INFO] [OctoBans] lehewewdu44 sql checked, record: incitationflood by The_Frusty to 1499935041
11-07-17 23:26:59 [INFO] [OctoBans] neeskof sql checked, record: spammp by SuperJojo to -1
11-07-17 23:28:22 [INFO] [OctoBans] CreepyEagle punished wugo06 for: Spam/flood
11-07-17 23:39:08 [INFO] [OctoBans] arsenic_ytb sql checked, record: spammp by Remil to -1
11-07-17 23:39:08 [INFO] [OctoBans] arsenic_ytb sql checked, record: spammp by iPurple_ to -1
11-07-17 23:42:39 [INFO] [OctoBans] d3adorsnipsurytb sql checked, record: spammp by SuperJojo to -1
11-07-17 23:43:37 [INFO] [OctoBans] natan sql checked, record: faussesinfos by 54melih54 to 1499863752
11-07-17 23:47:42 [INFO] [OctoBans] Anzerti punished senpai for: Double Poste
11-07-17 23:49:20 [INFO] [OctoBans] TheBrioche13 punished chaudlapin29 for: Double Poste
11-07-17 23:55:05 [INFO] [OctoBans] drbrine punished azoxfr_yt for: Spam/flood
11-07-17 23:55:30 [INFO] [OctoBans] Anzerti punished ishaadow_ for: Double Poste
11-07-17 23:55:32 [INFO] [OctoBans] eggsplosion sql checked, record: doubleposte by Kyabe to 1499810492
11-07-17 23:57:15 [INFO] [OctoBans] NeyTox punished deniz for: Spam/flood
11-07-17 23:58:03 [INFO] [OctoBans] D3adOrSnipSurYTB punished xxmrenderman6xx for: Langage incorrect
11-07-17 23:59:28 [INFO] [OctoBans] D3adOrSnipSurYTB punished ultra_arth_ytb for: Majuscule
11-07-17 23:59:37 [INFO] [OctoBans] CreepyEagle punished imperator122 for: Spam/flood
12-07-17 00:02:08 [INFO] [OctoBans] TheBrioche13 punished _xonelg for: Double Poste
12-07-17 00:02:53 [INFO] [OctoBans] Anzerti punished theohand for: Majuscule
12-07-17 00:04:19 [INFO] [OctoBans] CreepyEagle punished xxfiier_pvpxx for: Majuscule
12-07-17 00:06:55 [INFO] [OctoBans] CreepyEagle punished totototo11 for: Double Poste
12-07-17 00:07:36 [INFO] [OctoBans] Anzerti punished sam_ytb for: Double Poste
12-07-17 00:12:25 [INFO] [OctoBans] CreepyEagle punished djadenne for: Langage incorrect
12-07-17 00:20:37 [INFO] [OctoBans] MaacDoo punished _xonelg for: Double Poste
12-07-17 00:24:29 [INFO] [OctoBans] sqkaa_ sql checked, record: spammp by SkyKosIV to -1
12-07-17 00:30:14 [INFO] [OctoBans] drbrine punished thanou2004 for: Double Poste
12-07-17 00:33:05 [INFO] [OctoBans] drbrine punished nexzablox for: Double Poste
12-07-17 00:33:52 [INFO] [OctoBans] NeyTox punished pioupiou2003 for: Langage incorrect
12-07-17 00:34:58 [INFO] [OctoBans] NeyTox punished dark_titix for: Majuscule
12-07-17 00:36:32 [INFO] [OctoBans] TheBrioche13 punished dyreams for: Double Poste
12-07-17 00:39:51 [INFO] [OctoBans] drbrine punished _xonelg for: Double Poste
12-07-17 00:41:56 [INFO] [OctoBans] yassir321 sql checked, record: spammp by PseudoNul to -1
12-07-17 00:45:22 [INFO] [OctoBans] Kyabe punished jiggy for: Spam/flood
12-07-17 00:48:02 [INFO] [OctoBans] NeyTox punished knooze for: Spam/flood
12-07-17 01:02:18 [INFO] [OctoBans] c4mp3urx9 sql checked, record: incitationflood by The_Frusty to 1499899281
12-07-17 01:02:28 [INFO] [OctoBans] wahleno sql checked, record: kickautre by MrPropre to -1
12-07-17 01:15:38 [INFO] [OctoBans] TheBrioche13 punished dz_legammer for: Majuscule
12-07-17 01:27:05 [INFO] [OctoBans] NeyTox punished kaiqzz_z for: Majuscule
12-07-17 01:32:56 [INFO] [OctoBans] NeyTox punished byxal for: Majuscule
12-07-17 01:35:46 [INFO] [OctoBans] TheBrioche13 punished ziskos_gaming for: Insulte
12-07-17 01:38:08 [INFO] [OctoBans] NeyTox punished enzoblankok for: Provocation
12-07-17 01:42:13 [INFO] [OctoBans] WoRg_31 punished worg_31 for: Insulte légère
12-07-17 01:45:11 [INFO] [OctoBans] TheBrioche13 punished ghostcorn for: Double Poste
12-07-17 01:47:12 [INFO] [OctoBans] toly_ sql checked, record: spammp by PseudoNul to -1
12-07-17 01:47:12 [INFO] [OctoBans] toly_ sql checked, record: spammp by PseudoNul to -1
12-07-17 01:47:12 [INFO] [OctoBans] toly_ sql checked, record: spammp by Remil to -1
12-07-17 01:54:21 [INFO] [OctoBans] MaacDoo punished _bycocoytb for: Spam/flood
12-07-17 01:59:30 [INFO] [OctoBans] MaacDoo punished brookdu81 for: Double Poste
12-07-17 02:04:31 [INFO] [OctoBans] MaacDoo punished araah_ for: Insulte
12-07-17 02:04:39 [INFO] [OctoBans] MaacDoo punished worg_31 for: Langage incorrect
12-07-17 02:08:54 [INFO] [OctoBans] TheBrioche13 punished totototo11 for: Double Poste
12-07-17 02:12:46 [INFO] [OctoBans] MaacDoo punished haydreams for: Double Poste
12-07-17 02:18:33 [INFO] [OctoBans] DEEProdole punished lapatate2017 for: Double Poste
12-07-17 02:22:09 [INFO] [OctoBans] stonewolf sql checked, record: spammp by SuperJojo to -1
12-07-17 02:26:24 [INFO] [OctoBans] WoRg_31 punished realitynova for: Provocation
12-07-17 02:26:24 [INFO] [OctoBans] drbrine punished the_frusty for: Langage incorrect
12-07-17 02:30:03 [INFO] [OctoBans] DEEProdole punished lebrocolie2017 for: Double Poste
12-07-17 02:31:35 [INFO] [OctoBans] TheBrioche13 punished zeus_fx for: Double Poste
12-07-17 02:32:15 [INFO] [OctoBans] drbrine punished kaiqzz_z for: Majuscule
12-07-17 02:35:10 [INFO] [OctoBans] by_sneak sql checked, record: spammp by SkyKosIV to -1
12-07-17 02:35:10 [INFO] [OctoBans] by_sneak sql checked, record: insultestaff by Forway to 1499919132
12-07-17 02:35:10 [INFO] [OctoBans] by_sneak sql checked, record: spammp by YTB_XxKarnageXx to -1
12-07-17 02:35:10 [INFO] [OctoBans] by_sneak sql checked, record: insultegrave by tinmar to 1499998667
12-07-17 02:36:24 [INFO] [OctoBans] lekileurdu54 sql checked, record: cheat by NeosiaNexus to -1
12-07-17 02:37:29 [INFO] [OctoBans] WoRg_31 punished by_sneak for: Spam/flood
12-07-17 02:37:44 [INFO] [OctoBans] TheBrioche13 punished legaimeur for: Double Poste
12-07-17 02:38:06 [INFO] [OctoBans] MaacDoo punished worg_31 for: Langage incorrect
12-07-17 02:38:15 [INFO] [OctoBans] DEEProdole punished totototo11 for: Insulte staff
12-07-17 02:38:31 [INFO] [OctoBans] skhey punished worg_31 for: Langage incorrect
12-07-17 02:38:36 [INFO] [OctoBans] DEEProdole punished totototo11 for: Insulte staff
12-07-17 02:39:04 [INFO] [OctoBans] DEEProdole punished totototo11 for: Insulte staff
12-07-17 02:39:47 [INFO] [OctoBans] TheBrioche13 punished sosonateur for: Provocation
12-07-17 02:40:02 [INFO] [OctoBans] NeosiaNexus punished totototo11 for: Spam/flood en MP
12-07-17 02:40:22 [INFO] [OctoBans] TheBrioche13 punished haydreams for: Spam/flood
12-07-17 02:41:14 [INFO] [OctoBans] Kyabe punished idemmux for: Langage incorrect
12-07-17 02:41:51 [INFO] [OctoBans] Kyabe punished ecire for: Insulte légère
12-07-17 02:44:37 [INFO] [OctoBans] MaacDoo punished craziix_eu for: Double Poste
12-07-17 02:46:20 [INFO] [OctoBans] MaacDoo punished akazede for: Spam/flood
12-07-17 02:46:51 [INFO] [OctoBans] MaacDoo punished matth for: Spam/flood
12-07-17 02:46:56 [INFO] [OctoBans] MaacDoo punished tokyo for: Spam/flood
12-07-17 02:47:05 [INFO] [OctoBans] MaacDoo punished mzeeriii for: Majuscule
12-07-17 02:48:38 [INFO] [OctoBans] worg_31 sql checked, record: langage by MaacDoo to 1499821086
12-07-17 02:48:38 [INFO] [OctoBans] worg_31 sql checked, record: langage by skhey to 1499821711
12-07-17 02:48:38 [INFO] [OctoBans] worg_31 sql checked, record: insultelegere by WoRg_31 to 1499817433
12-07-17 02:48:38 [INFO] [OctoBans] worg_31 sql checked, record: provocation by WoRg_31 to 1499819784
12-07-17 02:48:38 [INFO] [OctoBans] worg_31 sql checked, record: spam by WoRg_31 to 1499837849
12-07-17 02:48:52 [INFO] [OctoBans] NeyTox punished pyxel for: Provocation
12-07-17 02:49:30 [INFO] [OctoBans] MaacDoo punished lololaclarinette for: Insulte
12-07-17 02:55:33 [INFO] [OctoBans] drbrine punished the_frusty for: Langage incorrect
12-07-17 03:06:24 [INFO] [OctoBans] Disabling OctoBans v1.0
