30-06-17 22:31:43 [INFO] [OctoBans] File Handler successfully initialized!
30-06-17 22:31:43 [INFO] [OctoBans] SQL connection successfully etablished
30-06-17 22:31:43 [INFO] [OctoBans] Moderator Tools by Octonia.
30-06-17 22:31:49 [INFO] [OctoBans] karimospvp sql checked, record: spammp by YTB_XxKarnageXx to -1
30-06-17 22:31:49 [INFO] [OctoBans] martin sql checked, record: kickautre by Steph078 to -1
30-06-17 22:31:49 [INFO] [OctoBans] technoblaze sql checked, record: doubleposte by SnowEffect to 1498855571
30-06-17 22:31:49 [INFO] [OctoBans] maxougaming sql checked, record: spammp by PseudoNul to -1
30-06-17 22:31:49 [INFO] [OctoBans] maxougaming sql checked, record: spammp by PseudoNul to -1
30-06-17 22:31:49 [INFO] [OctoBans] maxougaming sql checked, record: spammp by Remil to -1
30-06-17 22:31:49 [INFO] [OctoBans] maxougaming sql checked, record: spammp by Remil to -1
30-06-17 22:31:49 [INFO] [OctoBans] leo2316 sql checked, record: spammp by SuperJojo to -1
30-06-17 22:31:49 [INFO] [OctoBans] leo2316 sql checked, record: spammp by Remil to -1
30-06-17 22:31:49 [INFO] [OctoBans] mathis81 sql checked, record: spammp by Steph078 to -1
30-06-17 22:31:49 [INFO] [OctoBans] darktw sql checked, record: floodmp by Forway to -1
30-06-17 22:31:49 [INFO] [OctoBans] ew3l sql checked, record: floodmp by Forway to -1
30-06-17 22:31:49 [INFO] [OctoBans] zarconia sql checked, record: spammp by SuperJojo to -1
30-06-17 22:31:49 [INFO] [OctoBans] by_fly sql checked, record: langage by Anzerti to 1498857585
30-06-17 22:31:49 [INFO] [OctoBans] pppuissance sql checked, record: kickautre by Steph078 to -1
30-06-17 22:31:49 [INFO] [OctoBans] lolpigman sql checked, record: spammp by SnowEffect to -1
30-06-17 22:31:49 [INFO] [OctoBans] lolpigman sql checked, record: spammp by skhey to -1
30-06-17 22:31:49 [INFO] [OctoBans] lolpigman sql checked, record: incitationflood by SnowEffect to 1498924870
30-06-17 22:31:49 [INFO] [OctoBans] lolpigman sql checked, record: insultestaff by SproFids to 1498926517
30-06-17 22:31:49 [INFO] [OctoBans] nicerush sql checked, record: spammp by YTB_XxKarnageXx to -1
30-06-17 22:31:49 [INFO] [OctoBans] nicerush sql checked, record: spammp by PseudoNul to -1
30-06-17 22:31:49 [INFO] [OctoBans] nicerush sql checked, record: pubyt by Anzerti to 1498856902
30-06-17 22:31:49 [INFO] [OctoBans] xersu sql checked, record: doubleposte by D3adOrSnipSurYTB to 1498855207
30-06-17 22:31:49 [INFO] [OctoBans] zumbie sql checked, record: faussesinfos by Anzerti to 1498858613
30-06-17 22:31:49 [INFO] [OctoBans] izi_les_byy sql checked, record: spammp by YTB_XxKarnageXx to -1
30-06-17 22:31:49 [INFO] [OctoBans] izi_les_byy sql checked, record: spammp by SuperJojo to -1
30-06-17 22:31:49 [INFO] [OctoBans] izi_les_byy sql checked, record: spammp by Remil to -1
30-06-17 22:31:49 [INFO] [OctoBans] mainoff67 sql checked, record: spammp by SuperJojo to -1
30-06-17 22:31:49 [INFO] [OctoBans] mainoff67 sql checked, record: spam by Shainko to 1498857163
30-06-17 22:31:49 [INFO] [OctoBans] lefifoudu3 sql checked, record: spammp by SuperJojo to -1
30-06-17 22:31:49 [INFO] [OctoBans] lefifoudu3 sql checked, record: insultestaff by Anzerti to 1498880649
30-06-17 22:31:49 [INFO] [OctoBans] sosofb sql checked, record: spammp by Theo97 to -1
30-06-17 22:31:49 [INFO] [OctoBans] sosofb sql checked, record: spammp by SkyKosIV to -1
30-06-17 22:31:49 [INFO] [OctoBans] julie52100 sql checked, record: spammp by SnowEffect to -1
30-06-17 22:31:49 [INFO] [OctoBans] julie52100 sql checked, record: spammp by PseudoNul to -1
30-06-17 22:31:49 [INFO] [OctoBans] julie52100 sql checked, record: faussesinfos by SnowEffect to 1498913774
30-06-17 22:31:49 [INFO] [OctoBans] julie52100 sql checked, record: flood by JustMySkill to 1498856360
30-06-17 22:31:54 [INFO] [OctoBans] bykory_ sql checked, record: spammp by Steph078 to -1
30-06-17 22:31:54 [INFO] [OctoBans] _dragibus_ sql checked, record: spammp by Remil to -1
30-06-17 22:31:54 [INFO] [OctoBans] _dragibus_ sql checked, record: spammp by Remil to -1
30-06-17 22:31:54 [INFO] [OctoBans] _dragibus_ sql checked, record: spammp by Remil to -1
30-06-17 22:31:54 [INFO] [OctoBans] _dragibus_ sql checked, record: spammp by Remil to -1
30-06-17 22:31:54 [INFO] [OctoBans] _dragibus_ sql checked, record: spammp by Remil to -1
30-06-17 22:31:54 [INFO] [OctoBans] _dragibus_ sql checked, record: spammp by Remil to -1
30-06-17 22:31:54 [INFO] [OctoBans] _dragibus_ sql checked, record: spammp by Remil to -1
30-06-17 22:31:54 [INFO] [OctoBans] _dragibus_ sql checked, record: spammp by Remil to -1
30-06-17 22:31:54 [INFO] [OctoBans] _dragibus_ sql checked, record: spammp by Remil to -1
30-06-17 22:31:54 [INFO] [OctoBans] _dragibus_ sql checked, record: spammp by Remil to -1
30-06-17 22:31:54 [INFO] [OctoBans] _dragibus_ sql checked, record: spammp by Remil to -1
30-06-17 22:31:54 [INFO] [OctoBans] _dragibus_ sql checked, record: spammp by Remil to -1
30-06-17 22:31:54 [INFO] [OctoBans] _dragibus_ sql checked, record: spammp by PseudoNul to -1
30-06-17 22:31:54 [INFO] [OctoBans] _dragibus_ sql checked, record: doubleposte by SnowEffect to 1498855049
30-06-17 22:31:54 [INFO] [OctoBans] d3adorsnipsurytb sql checked, record: spammp by SuperJojo to -1
30-06-17 22:31:54 [INFO] [OctoBans] darkinggaming sql checked, record: floodmp by Forway to -1
30-06-17 22:31:54 [INFO] [OctoBans] sunfall sql checked, record: spammp by aubune to -1
30-06-17 22:31:54 [INFO] [OctoBans] sunfall sql checked, record: floodmp by Forway to -1
30-06-17 22:31:54 [INFO] [OctoBans] sunfall sql checked, record: spammp by Steph078 to -1
30-06-17 22:31:54 [INFO] [OctoBans] sunfall sql checked, record: faussesinfos by Shainko to 1499003264
30-06-17 22:31:54 [INFO] [OctoBans] craziix_eu sql checked, record: spammp by Remil to -1
30-06-17 22:31:54 [INFO] [OctoBans] craziix_eu sql checked, record: spammp by Remil to -1
30-06-17 22:31:54 [INFO] [OctoBans] craziix_eu sql checked, record: spammp by Remil to -1
30-06-17 22:31:54 [INFO] [OctoBans] craziix_eu sql checked, record: spammp by Remil to -1
30-06-17 22:31:54 [INFO] [OctoBans] enjoymycombo sql checked, record: spammp by SnowEffect to -1
30-06-17 22:31:54 [INFO] [OctoBans] drkiritoz_ sql checked, record: spammp by YTB_XxKarnageXx to -1
30-06-17 22:31:54 [INFO] [OctoBans] drkiritoz_ sql checked, record: spammp by SuperJojo to -1
30-06-17 22:31:54 [INFO] [OctoBans] drkiritoz_ sql checked, record: floodmp by Forway to -1
30-06-17 22:31:54 [INFO] [OctoBans] drkiritoz_ sql checked, record: spammp by Remil to -1
30-06-17 22:31:54 [INFO] [OctoBans] justmyskill sql checked, record: spammp by PseudoNul to -1
30-06-17 22:31:54 [INFO] [OctoBans] ratorlosc1102 sql checked, record: spammp by YTB_XxKarnageXx to -1
30-06-17 22:31:55 [INFO] [OctoBans] tyzaa sql checked, record: spammp by PseudoNul to -1
30-06-17 22:31:55 [INFO] [OctoBans] tyzaa sql checked, record: incitationflood by D3adOrSnipSurYTB to 1498991399
30-06-17 22:31:55 [INFO] [OctoBans] tyzaa sql checked, record: insultegrave by SproFids to 1499026814
30-06-17 22:31:56 [INFO] [OctoBans] tifou_fou sql checked, record: spammp by SkyKosIV to -1
30-06-17 22:31:56 [INFO] [OctoBans] vagosts sql checked, record: insultestaff by TheBrioche13 to 1498954968
30-06-17 22:31:56 [INFO] [OctoBans] vagosts sql checked, record: insultestaff by TheBrioche13 to 1498991144
30-06-17 22:31:56 [INFO] [OctoBans] vagosts sql checked, record: insultestaff by TheBrioche13 to 1499027174
30-06-17 22:31:56 [INFO] [OctoBans] vagosts sql checked, record: insultestaff by TheBrioche13 to 1499063238
30-06-17 22:31:56 [INFO] [OctoBans] vagosts sql checked, record: insultegrave by Forway to 1498998070
30-06-17 22:31:56 [INFO] [OctoBans] hobzy sql checked, record: spammp by Remil to -1
30-06-17 22:31:57 [INFO] [OctoBans] soufian sql checked, record: faussesinfos by woimant to 1498865434
30-06-17 22:31:57 [INFO] [OctoBans] lucas59261 sql checked, record: kickautre by ZerKup to -1
30-06-17 22:31:57 [INFO] [OctoBans] lucas59261 sql checked, record: spammp by PseudoNul to -1
30-06-17 22:31:57 [INFO] [OctoBans] lucas59261 sql checked, record: spammp by YTB_XxKarnageXx to -1
30-06-17 22:31:57 [INFO] [OctoBans] lucas59261 sql checked, record: spammp by Remil to -1
30-06-17 22:31:57 [INFO] [OctoBans] lucas59261 sql checked, record: spammp by PseudoNul to -1
30-06-17 22:31:57 [INFO] [OctoBans] lucas59261 sql checked, record: spammp by PseudoNul to -1
30-06-17 22:31:58 [INFO] [OctoBans] gomette05 sql checked, record: incitationflood by SnowEffect to 1498926081
30-06-17 22:31:58 [INFO] [OctoBans] waytek sql checked, record: spammp by PseudoNul to -1
30-06-17 22:31:59 [INFO] [OctoBans] ronweasley sql checked, record: spammp by SkyKosIV to -1
30-06-17 22:32:00 [INFO] [OctoBans] wardogz_59 sql checked, record: spammp by PseudoNul to -1
30-06-17 22:32:00 [INFO] [OctoBans] wardogz_59 sql checked, record: langage by Anzerti to 1498855720
30-06-17 22:32:02 [INFO] [OctoBans] ryan21 sql checked, record: spammp by PseudoNul to -1
30-06-17 22:32:03 [INFO] [OctoBans] toledo sql checked, record: spammp by Remil to -1
30-06-17 22:32:03 [INFO] [OctoBans] bananna_yt sql checked, record: spammp by YTB_XxKarnageXx to -1
30-06-17 22:32:03 [INFO] [OctoBans] aweee_ sql checked, record: insultegrave by DEEProdole to 1498870533
30-06-17 22:32:04 [INFO] [OctoBans] kyzirie sql checked, record: spammp by PseudoNul to -1
30-06-17 22:32:11 [INFO] [OctoBans] lucas59261 sql checked, record: kickautre by ZerKup to -1
30-06-17 22:32:11 [INFO] [OctoBans] lucas59261 sql checked, record: spammp by PseudoNul to -1
30-06-17 22:32:11 [INFO] [OctoBans] lucas59261 sql checked, record: spammp by YTB_XxKarnageXx to -1
30-06-17 22:32:11 [INFO] [OctoBans] lucas59261 sql checked, record: spammp by Remil to -1
30-06-17 22:32:11 [INFO] [OctoBans] lucas59261 sql checked, record: spammp by PseudoNul to -1
30-06-17 22:32:11 [INFO] [OctoBans] lucas59261 sql checked, record: spammp by PseudoNul to -1
30-06-17 22:32:13 [INFO] [OctoBans] ryan5906 sql checked, record: incitationflood by SuperJojo to 1498929885
30-06-17 22:32:21 [INFO] [OctoBans] biguiboss31 sql checked, record: spammp by PseudoNul to -1
30-06-17 22:32:21 [INFO] [OctoBans] biguiboss31 sql checked, record: spammp by Remil to -1
30-06-17 22:32:23 [INFO] [OctoBans] shouteur sql checked, record: spammp by Remil to -1
30-06-17 22:32:23 [INFO] [OctoBans] shouteur sql checked, record: spammp by Remil to -1
30-06-17 22:32:23 [INFO] [OctoBans] shouteur sql checked, record: spammp by Remil to -1
30-06-17 22:32:23 [INFO] [OctoBans] shouteur sql checked, record: spammp by Remil to -1
30-06-17 22:32:25 [INFO] [OctoBans] charifboss sql checked, record: spammp by Blubfire to -1
30-06-17 22:32:50 [INFO] [OctoBans] fragstone sql checked, record: spammp by PseudoNul to -1
30-06-17 22:33:06 [INFO] [OctoBans] Shainko punished lucas59261 for: Langage incorrect
30-06-17 22:33:24 [INFO] [OctoBans] luluplaying sql checked, record: spammp by Remil to -1
30-06-17 22:33:24 [INFO] [OctoBans] luluplaying sql checked, record: spammp by SnowEffect to -1
30-06-17 22:33:35 [INFO] [OctoBans] kawzenhd sql checked, record: langage by Anzerti to 1498854974
30-06-17 22:33:45 [INFO] [OctoBans] thekillervaca sql checked, record: spammp by SuperJojo to -1
30-06-17 22:34:19 [INFO] [OctoBans] swichdi sql checked, record: faussesinfos by TheBrioche13 to 1499010805
30-06-17 22:34:29 [INFO] [OctoBans] reborncreep sql checked, record: spammp by Remil to -1
30-06-17 22:34:29 [INFO] [OctoBans] reborncreep sql checked, record: spammp by PseudoNul to -1
30-06-17 22:34:44 [INFO] [OctoBans] julkiller1 sql checked, record: flood by JustMySkill to 1498856396
30-06-17 22:34:59 [INFO] [OctoBans] hugiix sql checked, record: spammp by PseudoNul to -1
30-06-17 22:34:59 [INFO] [OctoBans] hugiix sql checked, record: spammp by PseudoNul to -1
30-06-17 22:35:11 [INFO] [OctoBans] SproFids punished tostestastos for: Double Poste
30-06-17 22:35:11 [INFO] [OctoBans] stickfly sql checked, record: spammp by SnowEffect to -1
30-06-17 22:35:31 [INFO] [OctoBans] mrdaflix sql checked, record: majuscule by TheBrioche13 to 1498856586
30-06-17 22:36:03 [INFO] [OctoBans] darkgames5962 sql checked, record: floodmp by Forway to -1
30-06-17 22:36:10 [INFO] [OctoBans] algorskis_yt sql checked, record: floodmp by Forway to -1
30-06-17 22:36:30 [INFO] [OctoBans] thibaut0205 sql checked, record: doubleposte by TheBrioche13 to 1498856063
30-06-17 22:36:30 [INFO] [OctoBans] thibaut0205 sql checked, record: doubleposte by TheBrioche13 to 1498856397
30-06-17 22:36:40 [INFO] [OctoBans] mightymouse_ sql checked, record: spammp by SuperJojo to -1
30-06-17 22:37:36 [INFO] [OctoBans] lolo201 sql checked, record: spammp by Remil to -1
30-06-17 22:37:46 [INFO] [OctoBans] Jibuse punished zebosse for: Double Poste
30-06-17 22:38:08 [INFO] [OctoBans] Jibuse punished sosofb for: Double Poste
30-06-17 22:39:31 [INFO] [OctoBans] SnowEffect punished nytraxv2 for: Spam/flood
30-06-17 22:39:34 [INFO] [OctoBans] SproFids punished saysyyy for: Insulte
30-06-17 22:40:18 [INFO] [OctoBans] Jibuse punished joting for: Majuscule
30-06-17 22:42:10 [INFO] [OctoBans] Anzerti punished maze_yt for: Double Poste
30-06-17 22:42:25 [INFO] [OctoBans] Anzerti punished vexchess for: Double Poste
30-06-17 22:42:27 [INFO] [OctoBans] SnowEffect punished omegafoxx for: Majuscule
30-06-17 22:42:42 [INFO] [OctoBans] maze_yt sql checked, record: doubleposte by Anzerti to 1498855630
30-06-17 22:42:52 [INFO] [OctoBans] lassa18 sql checked, record: spammp by Remil to -1
30-06-17 22:42:52 [INFO] [OctoBans] lassa18 sql checked, record: spammp by Remil to -1
30-06-17 22:43:18 [INFO] [OctoBans] oow_ll sql checked, record: spammp by SkyKosIV to -1
30-06-17 22:43:20 [INFO] [OctoBans] couilledeloup sql checked, record: kickautre by Steph078 to -1
30-06-17 22:43:31 [INFO] [OctoBans] mistergamingv2 sql checked, record: spammp by Remil to -1
30-06-17 22:45:26 [INFO] [OctoBans] thebrioche13 sql checked, record: spammp by Remil to -1
30-06-17 22:45:26 [INFO] [OctoBans] thebrioche13 sql checked, record: spammp by SkyKosIV to -1
30-06-17 22:46:17 [INFO] [OctoBans] wortexgaming sql checked, record: spammp by PseudoNul to -1
30-06-17 22:46:17 [INFO] [OctoBans] wortexgaming sql checked, record: spammp by Steph078 to -1
30-06-17 22:46:17 [INFO] [OctoBans] wortexgaming sql checked, record: menacehack by SnowEffect to 1499090528
30-06-17 22:48:36 [INFO] [OctoBans] Shainko punished zellow_zellow for: Spam/flood
30-06-17 22:48:57 [INFO] [OctoBans] SnowEffect punished louray for: Majuscule
30-06-17 22:49:25 [INFO] [OctoBans] Anzerti punished mickdu63_ytb for: Majuscule
30-06-17 22:50:00 [INFO] [OctoBans] SnowEffect punished azertyloolgamer for: Spam/flood
30-06-17 22:50:15 [INFO] [OctoBans] toms2006 sql checked, record: spammp by SnowEffect to -1
30-06-17 22:51:00 [INFO] [OctoBans] zlkayzen sql checked, record: insultestaff by Anzerti to 1498886941
30-06-17 22:51:03 [INFO] [OctoBans] Anzerti punished bgmine13 for: Spam/flood
30-06-17 22:53:26 [INFO] [OctoBans] D3adOrSnipSurYTB punished caseur311 for: Double Poste
30-06-17 22:53:57 [INFO] [OctoBans] sportek_ sql checked, record: spammp by SkyKosIV to -1
30-06-17 22:54:48 [INFO] [OctoBans] bouda sql checked, record: kickautre by Steph078 to -1
30-06-17 22:56:05 [INFO] [OctoBans] proxy_killeur sql checked, record: faussesinfos by Shainko to 1498859807
30-06-17 22:56:05 [INFO] [OctoBans] proxy_killeur sql checked, record: spam by FiasK0 to 1498858579
30-06-17 22:56:05 [INFO] [OctoBans] proxy_killeur sql checked, record: insultestaff by SproFids to 1498887506
30-06-17 22:56:24 [INFO] [OctoBans] zaikiin sql checked, record: spammp by Remil to -1
30-06-17 22:56:35 [INFO] [OctoBans] matgone01 sql checked, record: spammp by ZerKup to -1
30-06-17 22:56:35 [INFO] [OctoBans] matgone01 sql checked, record: spammp by ZerKup to -1
30-06-17 22:56:35 [INFO] [OctoBans] matgone01 sql checked, record: insultestaff by JustMySkill to 1498878314
30-06-17 22:56:35 [INFO] [OctoBans] matgone01 sql checked, record: spammp by Remil to -1
30-06-17 22:56:35 [INFO] [OctoBans] matgone01 sql checked, record: insultestaff by SproFids to 1498969105
30-06-17 22:56:35 [INFO] [OctoBans] matgone01 sql checked, record: spam by YTB_XxKarnageXx to 1498888176
30-06-17 22:56:35 [INFO] [OctoBans] matgone01 sql checked, record: langage by JustMySkill to 1498859409
30-06-17 22:57:06 [INFO] [OctoBans] JustMySkill punished ocip_matth for: Double Poste
30-06-17 22:57:40 [INFO] [OctoBans] mr_darkgame sql checked, record: spammp by PseudoNul to -1
30-06-17 23:00:00 [INFO] [OctoBans] njims sql checked, record: spammp by Remil to -1
30-06-17 23:00:00 [INFO] [OctoBans] njims sql checked, record: spammp by PseudoNul to -1
30-06-17 23:00:23 [INFO] [OctoBans] YTB_XxKarnageXx punished crepgaming for: Spam/flood
30-06-17 23:01:18 [INFO] [OctoBans] goto_camus sql checked, record: spammp by SuperJojo to -1
30-06-17 23:01:53 [INFO] [OctoBans] YTB_XxKarnageXx punished venumoff for: Double Poste
30-06-17 23:03:13 [INFO] [OctoBans] kaguyu_sama sql checked, record: spam by SproFids to 1498861814
30-06-17 23:03:58 [INFO] [OctoBans] SproFids punished matgone01 for: Double Poste
30-06-17 23:03:59 [INFO] [OctoBans] captainenergy sql checked, record: spammp by Remil to -1
30-06-17 23:03:59 [INFO] [OctoBans] captainenergy sql checked, record: spammp by PseudoNul to -1
30-06-17 23:04:11 [INFO] [OctoBans] YTB_XxKarnageXx punished _dragibus_ for: Provocation
30-06-17 23:04:14 [INFO] [OctoBans] Anzerti punished wardogz_59 for: Provocation
30-06-17 23:04:19 [INFO] [OctoBans] SproFids punished matgone01 for: Double Poste
30-06-17 23:04:39 [INFO] [OctoBans] Anzerti punished nitrom_yt for: Spam/flood
30-06-17 23:04:43 [INFO] [OctoBans] SproFids punished thegost for: Double Poste
30-06-17 23:04:49 [INFO] [OctoBans] SproFids punished algorskis_yt for: Langage incorrect
30-06-17 23:04:55 [INFO] [OctoBans] creed_2 sql checked, record: spammp by YTB_XxKarnageXx to -1
30-06-17 23:04:55 [INFO] [OctoBans] creed_2 sql checked, record: spammp by SuperJojo to -1
30-06-17 23:04:55 [INFO] [OctoBans] creed_2 sql checked, record: spammp by SuperJojo to -1
30-06-17 23:05:25 [INFO] [OctoBans] YTB_XxKarnageXx punished killerdark for: Langage incorrect
30-06-17 23:05:39 [INFO] [OctoBans] Anzerti punished yeviah for: Provocation
30-06-17 23:05:52 [INFO] [OctoBans] SnowEffect punished nitrom_yt for: Spam/flood en MP
30-06-17 23:06:36 [INFO] [OctoBans] SnowEffect punished diams_ for: Majuscule
30-06-17 23:08:47 [INFO] [OctoBans] nitrom_yt sql checked, record: spam by Anzerti to 1498863879
30-06-17 23:08:47 [INFO] [OctoBans] nitrom_yt sql checked, record: spammp by SnowEffect to -1
30-06-17 23:08:52 [INFO] [OctoBans] Anzerti punished maitre_popy for: Insulte
30-06-17 23:08:53 [INFO] [OctoBans] YTB_XxKarnageXx punished nitrom_yt for: Insulte grave
30-06-17 23:11:14 [INFO] [OctoBans] YTB_XxKarnageXx punished fl0rent91 for: Double Poste
30-06-17 23:13:31 [INFO] [OctoBans] Anzerti punished antoine0501 for: Double Poste
30-06-17 23:13:51 [INFO] [OctoBans] SnowEffect punished antoine0501 for: Spam/flood
30-06-17 23:15:16 [INFO] [OctoBans] SnowEffect punished saupz for: Majuscule
30-06-17 23:16:15 [INFO] [OctoBans] SproFids punished mathys_63 for: Majuscule
30-06-17 23:16:26 [INFO] [OctoBans] SnowEffect punished tueur9019 for: Double Poste
30-06-17 23:16:32 [INFO] [OctoBans] JustMySkill punished bardaxx_ for: Majuscule
30-06-17 23:16:51 [INFO] [OctoBans] framboisegaming sql checked, record: doubleposte by Shainko to 1498857592
30-06-17 23:18:38 [INFO] [OctoBans] poncv2 sql checked, record: homophobie by Anzerti to 1498932279
30-06-17 23:19:25 [INFO] [OctoBans] tokyo sql checked, record: faussesinfos by Anzerti to 1498958464
30-06-17 23:19:25 [INFO] [OctoBans] tokyo sql checked, record: faussesinfos by Anzerti to 1499133850
30-06-17 23:19:25 [INFO] [OctoBans] tokyo sql checked, record: spammp by SnowEffect to -1
30-06-17 23:19:51 [INFO] [OctoBans] tabassetoy sql checked, record: spammp by SuperJojo to -1
30-06-17 23:20:25 [INFO] [OctoBans] SproFids punished tuturtf29 for: Spam/flood
30-06-17 23:21:32 [INFO] [OctoBans] YTB_XxKarnageXx punished tabassetoy for: Majuscule
30-06-17 23:22:56 [INFO] [OctoBans] JustMySkill punished killerdark for: Langage incorrect
30-06-17 23:25:37 [INFO] [OctoBans] sacha33340 sql checked, record: spammp by Remil to -1
30-06-17 23:25:37 [INFO] [OctoBans] sacha33340 sql checked, record: spammp by SkyKosIV to -1
30-06-17 23:25:37 [INFO] [OctoBans] sacha33340 sql checked, record: incitationflood by MaacDoo to 1498988468
30-06-17 23:27:45 [INFO] [OctoBans] SproFids punished neoxgaming for: Spam/flood
30-06-17 23:28:45 [INFO] [OctoBans] SnowEffect punished camillevalley for: Double Poste
30-06-17 23:29:06 [INFO] [OctoBans] SnowEffect punished mathys_63 for: Double Poste
30-06-17 23:29:16 [INFO] [OctoBans] SproFids punished trinitygames for: Spam/flood
30-06-17 23:30:19 [INFO] [OctoBans] denis018 sql checked, record: spammp by Remil to -1
30-06-17 23:31:27 [INFO] [OctoBans] SnowEffect punished rm_iziix_ for: Majuscule
30-06-17 23:33:54 [INFO] [OctoBans] _thenovagaming sql checked, record: insultegrave by Remil to 1498956775
30-06-17 23:35:37 [INFO] [OctoBans] JustMySkill punished thozz for: Langage incorrect
30-06-17 23:35:48 [INFO] [OctoBans] Anzerti punished caseur311 for: Double Poste
30-06-17 23:38:27 [INFO] [OctoBans] SnowEffect punished sacha33340 for: Spam/flood en MP
30-06-17 23:40:41 [INFO] [OctoBans] JustMySkill punished poulemouiller for: Insulte grave
30-06-17 23:41:22 [INFO] [OctoBans] marchandloup sql checked, record: spammp by Remil to -1
30-06-17 23:41:22 [INFO] [OctoBans] marchandloup sql checked, record: spammp by PseudoNul to -1
30-06-17 23:42:46 [INFO] [OctoBans] weesley sql checked, record: spammp by YTB_XxKarnageXx to -1
30-06-17 23:42:46 [INFO] [OctoBans] weesley sql checked, record: spammp by ZerKup to -1
30-06-17 23:42:46 [INFO] [OctoBans] weesley sql checked, record: spammp by Remil to -1
30-06-17 23:43:02 [INFO] [OctoBans] SnowEffect punished totolezz_pvp for: Spam/flood en MP
30-06-17 23:43:07 [INFO] [OctoBans] JustMySkill punished nicerush for: Double Poste
30-06-17 23:43:22 [INFO] [OctoBans] vendeur2tacos sql checked, record: spammp by PseudoNul to -1
30-06-17 23:46:31 [INFO] [OctoBans] mabilou29 sql checked, record: faussesinfos by Anzerti to 1498958807
30-06-17 23:46:31 [INFO] [OctoBans] mabilou29 sql checked, record: spammp by SnowEffect to -1
30-06-17 23:46:31 [INFO] [OctoBans] mabilou29 sql checked, record: spammp by SnowEffect to -1
30-06-17 23:46:42 [INFO] [OctoBans] JustMySkill punished sunfall for: Insulte staff
30-06-17 23:47:51 [INFO] [OctoBans] anthony972 sql checked, record: spammp by Remil to -1
30-06-17 23:48:11 [INFO] [OctoBans] D3adOrSnipSurYTB punished matth70 for: Langage incorrect
30-06-17 23:49:44 [INFO] [OctoBans] JustMySkill punished valyprod for: Double Poste
30-06-17 23:50:52 [INFO] [OctoBans] D3adOrSnipSurYTB punished captainenergy for: Majuscule
30-06-17 23:53:25 [INFO] [OctoBans] D3adOrSnipSurYTB punished ethress for: Majuscule
30-06-17 23:53:39 [INFO] [OctoBans] D3adOrSnipSurYTB punished exodus for: Provocation
30-06-17 23:55:39 [INFO] [OctoBans] Anzerti punished killerdark for: Spam/flood
30-06-17 23:56:29 [INFO] [OctoBans] D3adOrSnipSurYTB punished mryacine59 for: Double Poste
30-06-17 23:59:15 [INFO] [OctoBans] MaacDoo punished unetonguequiezz for: Insulte staff
01-07-17 00:01:29 [INFO] [OctoBans] JustMySkill punished adeems for: Incitation au flood
01-07-17 00:03:51 [INFO] [OctoBans] JustMySkill punished anthony972 for: Double Poste
01-07-17 00:08:11 [INFO] [OctoBans] SnowEffect punished zatose for: Spam/flood
01-07-17 00:08:24 [INFO] [OctoBans] JustMySkill punished zebosse for: Double Poste
01-07-17 00:10:36 [INFO] [OctoBans] whitstar sql checked, record: spammp by Remil to -1
01-07-17 00:11:14 [INFO] [OctoBans] JustMySkill punished michou147 for: Publicité Youtubeur
01-07-17 00:12:11 [INFO] [OctoBans] JustMySkill punished zozodu14 for: Provocation
01-07-17 00:12:16 [INFO] [OctoBans] Anzerti punished valentin5959 for: Double Poste
01-07-17 00:12:30 [INFO] [OctoBans] Shainko punished kyzirie for: Provocation
01-07-17 00:13:40 [INFO] [OctoBans] SnowEffect punished octoway for: Langage incorrect
01-07-17 00:14:15 [INFO] [OctoBans] Shainko punished maze_yt for: Spam/flood
01-07-17 00:15:04 [INFO] [OctoBans] Anzerti punished attbeug for: Majuscule
01-07-17 00:19:00 [INFO] [OctoBans] SnowEffect punished superfilleciel for: Provocation
01-07-17 00:20:01 [INFO] [OctoBans] SnowEffect punished khaosdach27 for: Double Poste
01-07-17 00:20:14 [INFO] [OctoBans] wethox sql checked, record: spammp by SnowEffect to -1
01-07-17 00:25:22 [INFO] [OctoBans] Anzerti punished lightman for: Double Poste
01-07-17 00:27:34 [INFO] [OctoBans] SnowEffect punished nexzablox for: Langage incorrect
01-07-17 00:29:35 [INFO] [OctoBans] Anzerti punished xxfiier_pvpxx for: Provocation
01-07-17 00:32:02 [INFO] [OctoBans] Anzerti punished fl0_x for: Double Poste
01-07-17 00:32:35 [INFO] [OctoBans] Anzerti punished stayers for: Spam/flood
01-07-17 00:32:41 [INFO] [OctoBans] Anzerti punished thekillervaca for: Double Poste
01-07-17 00:35:40 [INFO] [OctoBans] ext4zzy sql checked, record: spammp by Remil to -1
01-07-17 00:35:40 [INFO] [OctoBans] ext4zzy sql checked, record: spammp by Remil to -1
01-07-17 00:35:40 [INFO] [OctoBans] ext4zzy sql checked, record: spammp by Remil to -1
01-07-17 00:35:40 [INFO] [OctoBans] ext4zzy sql checked, record: spammp by SuperJojo to -1
01-07-17 00:35:40 [INFO] [OctoBans] ext4zzy sql checked, record: kickautre by Steph078 to -1
01-07-17 00:35:40 [INFO] [OctoBans] ext4zzy sql checked, record: spammp by SuperJojo to -1
01-07-17 00:35:40 [INFO] [OctoBans] ext4zzy sql checked, record: spammp by Remil to -1
01-07-17 00:35:40 [INFO] [OctoBans] ext4zzy sql checked, record: spammp by Remil to -1
01-07-17 00:37:51 [INFO] [OctoBans] SnowEffect punished fl0_x for: Double Poste
01-07-17 00:39:23 [INFO] [OctoBans] Anzerti punished univerzkerror for: Provocation
01-07-17 00:44:28 [INFO] [OctoBans] singe_de_telfort sql checked, record: spammp by SuperJojo to -1
01-07-17 00:44:28 [INFO] [OctoBans] singe_de_telfort sql checked, record: kickautre by Steph078 to -1
01-07-17 00:44:28 [INFO] [OctoBans] singe_de_telfort sql checked, record: spammp by SuperJojo to -1
01-07-17 00:44:28 [INFO] [OctoBans] singe_de_telfort sql checked, record: spammp by SkyKosIV to -1
01-07-17 00:44:28 [INFO] [OctoBans] singe_de_telfort sql checked, record: spammp by YTB_XxKarnageXx to -1
01-07-17 00:44:47 [INFO] [OctoBans] MaacDoo punished moussa_ for: Double Poste
01-07-17 00:45:21 [INFO] [OctoBans] scratchill sql checked, record: insultegrave by SnowEffect to 1498875454
01-07-17 00:48:52 [INFO] [OctoBans] Antoine57565 punished lightman for: Langage incorrect
01-07-17 00:50:21 [INFO] [OctoBans] D3adOrSnipSurYTB punished xenario for: Provocation
01-07-17 00:52:25 [INFO] [OctoBans] JustMySkill punished lightman for: Provocation
01-07-17 00:57:32 [INFO] [OctoBans] celticevan95 sql checked, record: spammp by SnowEffect to -1
01-07-17 00:58:38 [INFO] [OctoBans] D3adOrSnipSurYTB punished lolpigman for: Insulte staff
01-07-17 01:04:48 [INFO] [OctoBans] MaacDoo punished thebbdragz for: Langage incorrect
01-07-17 01:06:14 [INFO] [OctoBans] D3adOrSnipSurYTB punished monstergamex7 for: Spam/flood
01-07-17 01:08:34 [INFO] [OctoBans] D3adOrSnipSurYTB punished myxo for: Double Poste
01-07-17 01:09:03 [INFO] [OctoBans] TheBrioche13 punished agnimos25youtube for: Double Poste
01-07-17 01:10:25 [INFO] [OctoBans] blackwhite010 sql checked, record: spammp by PseudoNul to -1
01-07-17 01:14:22 [INFO] [OctoBans] MaacDoo punished shetters for: Insulte staff
01-07-17 01:20:18 [INFO] [OctoBans] TheBrioche13 punished link750 for: Provocation
01-07-17 01:20:29 [INFO] [OctoBans] D3adOrSnipSurYTB punished pablo for: Provocation
01-07-17 01:22:11 [INFO] [OctoBans] TheBrioche13 punished kanti for: Fausses informations
01-07-17 01:23:08 [INFO] [OctoBans] D3adOrSnipSurYTB punished shadow_knight87 for: Langage incorrect
01-07-17 01:26:43 [INFO] [OctoBans] SnowEffect punished thekiller200 for: Double Poste
01-07-17 01:27:57 [INFO] [OctoBans] SnowEffect punished realitycarnage for: Provocation
01-07-17 01:29:56 [INFO] [OctoBans] Anzerti punished bfa69 for: Provocation
01-07-17 01:30:05 [INFO] [OctoBans] Anzerti punished blablacar for: Double Poste
01-07-17 01:30:48 [INFO] [OctoBans] Anzerti punished thekillervaca for: Langage incorrect
01-07-17 01:31:03 [INFO] [OctoBans] Anzerti punished erolismc for: Langage incorrect
01-07-17 01:31:53 [INFO] [OctoBans] SproFids punished sintaxx for: Double Poste
01-07-17 01:35:51 [INFO] [OctoBans] D3adOrSnipSurYTB punished siropdefraise for: Double Poste
01-07-17 01:38:11 [INFO] [OctoBans] Anzerti punished issaha1478 for: Double Poste
01-07-17 01:39:17 [INFO] [OctoBans] Anzerti punished drkiritoz_ for: Provocation
01-07-17 01:39:30 [INFO] [OctoBans] Anzerti punished northfirez for: Provocation
01-07-17 01:42:32 [INFO] [OctoBans] D3adOrSnipSurYTB punished loleur07 for: Double Poste
01-07-17 01:43:24 [INFO] [OctoBans] SnowEffect punished tweeyn_ for: Double Poste
01-07-17 01:43:54 [INFO] [OctoBans] Anzerti punished algorskis_yt for: Langage incorrect
01-07-17 01:50:51 [INFO] [OctoBans] ZerKup punished denis018 for: Double Poste
01-07-17 01:51:18 [INFO] [OctoBans] Anzerti punished rorost for: Spam/flood
01-07-17 01:56:27 [INFO] [OctoBans] SnowEffect punished nicerush for: Double Poste
01-07-17 02:01:46 [INFO] [OctoBans] Anzerti punished anthony972 for: Double Poste
01-07-17 02:05:28 [INFO] [OctoBans] TheBrioche13 punished siropdefraise for: Langage incorrect
01-07-17 02:05:49 [INFO] [OctoBans] SproFids punished celticevan95 for: Double Poste
01-07-17 02:09:47 [INFO] [OctoBans] D3adOrSnipSurYTB punished rorost for: Langage incorrect
01-07-17 02:14:23 [INFO] [OctoBans] D3adOrSnipSurYTB punished zarshou for: Langage incorrect
01-07-17 02:14:35 [INFO] [OctoBans] D3adOrSnipSurYTB punished drkiritoz_ for: Provocation
01-07-17 02:18:15 [INFO] [OctoBans] D3adOrSnipSurYTB punished cerealekilleur for: Double Poste
01-07-17 02:18:22 [INFO] [OctoBans] D3adOrSnipSurYTB punished nexzablox for: Majuscule
01-07-17 02:28:41 [INFO] [OctoBans] D3adOrSnipSurYTB punished hostam for: Incitation au flood
01-07-17 02:34:01 [INFO] [OctoBans] D3adOrSnipSurYTB punished xxsnip68 for: Majuscule
01-07-17 02:41:59 [INFO] [OctoBans] D3adOrSnipSurYTB punished karysai for: Double Poste
01-07-17 02:44:17 [INFO] [OctoBans] D3adOrSnipSurYTB punished ozmog_yt for: Spam/flood
01-07-17 02:49:51 [INFO] [OctoBans] MaacDoo punished tigrediamants for: Langage incorrect
01-07-17 02:50:55 [INFO] [OctoBans] TheBrioche13 punished modzg for: Fausses informations
01-07-17 02:59:31 [INFO] [OctoBans] SproFids punished karysai for: Majuscule
01-07-17 03:03:19 [INFO] [OctoBans] Anzerti punished quqio__ for: Majuscule
01-07-17 03:18:17 [INFO] [OctoBans] D3adOrSnipSurYTB punished quqio__ for: Double Poste
01-07-17 03:22:32 [INFO] [OctoBans] D3adOrSnipSurYTB punished karysai for: Majuscule
01-07-17 03:23:51 [INFO] [OctoBans] TheBrioche13 punished doudou70 for: Spam/flood
01-07-17 03:24:51 [INFO] [OctoBans] Anzerti punished julie52100 for: Majuscule
01-07-17 03:24:56 [INFO] [OctoBans] Anzerti punished dragongaming for: Double Poste
01-07-17 03:25:45 [INFO] [OctoBans] Anzerti punished attbeug for: Double Poste
01-07-17 03:27:09 [INFO] [OctoBans] Anzerti punished loleur07 for: Double Poste
01-07-17 03:28:23 [INFO] [OctoBans] TheBrioche13 punished c4mp3urx9 for: Spam/flood
01-07-17 03:30:48 [INFO] [OctoBans] D3adOrSnipSurYTB punished alpha117k for: Double Poste
01-07-17 03:36:11 [INFO] [OctoBans] D3adOrSnipSurYTB punished thepopspvp for: Double Poste
01-07-17 03:39:05 [INFO] [OctoBans] D3adOrSnipSurYTB punished zach_940 for: Spam/flood
01-07-17 06:01:02 [INFO] [OctoBans] Disabling OctoBans v1.0
