15-07-17 22:31:42 [INFO] [OctoBans] File Handler successfully initialized!
15-07-17 22:31:42 [INFO] [OctoBans] SQL connection successfully etablished
15-07-17 22:31:42 [INFO] [OctoBans] Moderator Tools by Octonia.
15-07-17 22:31:47 [INFO] [OctoBans] nicerush sql checked, record: spammp by YTB_XxKarnageXx to -1
15-07-17 22:31:47 [INFO] [OctoBans] nicerush sql checked, record: spammp by PseudoNul to -1
15-07-17 22:31:47 [INFO] [OctoBans] goblex sql checked, record: flood by SkyKosIV to 1500155013
15-07-17 22:31:47 [INFO] [OctoBans] zighapvp sql checked, record: spammp by SuperJojo to -1
15-07-17 22:31:47 [INFO] [OctoBans] zighapvp sql checked, record: spammp by PseudoNul to -1
15-07-17 22:31:47 [INFO] [OctoBans] zighapvp sql checked, record: spammp by PseudoNul to -1
15-07-17 22:31:47 [INFO] [OctoBans] zighapvp sql checked, record: spammp by Remil to -1
15-07-17 22:31:47 [INFO] [OctoBans] gangstardu59 sql checked, record: insultegrave by NeosiaNexus to 1500184207
15-07-17 22:31:48 [INFO] [OctoBans] hayden_frost sql checked, record: spammp by PseudoNul to -1
15-07-17 22:31:48 [INFO] [OctoBans] skygames974 sql checked, record: flood by SkyKosIV to 1500151404
15-07-17 22:31:48 [INFO] [OctoBans] mathou_gaming_fr sql checked, record: incitationflood by drbrine to 1500286102
15-07-17 22:31:48 [INFO] [OctoBans] tomcase14 sql checked, record: kickautre by Antoine57565 to -1
15-07-17 22:31:48 [INFO] [OctoBans] tomcase14 sql checked, record: kickautre by Antoine57565 to -1
15-07-17 22:31:49 [INFO] [OctoBans] hyper_max23 sql checked, record: insultestaff by LaKitaw to 1500164833
15-07-17 22:31:49 [INFO] [OctoBans] thegost sql checked, record: floodmp by Forway to -1
15-07-17 22:31:49 [INFO] [OctoBans] thegost sql checked, record: faussesinfos by SnowEffect to 1500214940
15-07-17 22:31:53 [INFO] [OctoBans] allanyolo sql checked, record: spammp by PseudoNul to -1
15-07-17 22:31:54 [INFO] [OctoBans] thebbdragz sql checked, record: insultegrave by Anzerti to 1500220360
15-07-17 22:31:56 [INFO] [OctoBans] drbrine sql checked, record: spammp by PseudoNul to -1
15-07-17 22:31:58 [INFO] [OctoBans] enjoymycombo sql checked, record: spammp by SnowEffect to -1
15-07-17 22:31:58 [INFO] [OctoBans] ipurple_ sql checked, record: spammp by SnowEffect to -1
15-07-17 22:32:00 [INFO] [OctoBans] dark_titix sql checked, record: spammp by Remil to -1
15-07-17 22:32:02 [INFO] [OctoBans] fragstone sql checked, record: spammp by PseudoNul to -1
15-07-17 22:32:06 [INFO] [OctoBans] matthubbellucci_ sql checked, record: kickautre by NeosiaNexus to -1
15-07-17 22:32:08 [INFO] [OctoBans] maxougaming sql checked, record: spammp by PseudoNul to -1
15-07-17 22:32:08 [INFO] [OctoBans] maxougaming sql checked, record: spammp by PseudoNul to -1
15-07-17 22:32:08 [INFO] [OctoBans] maxougaming sql checked, record: spammp by Remil to -1
15-07-17 22:32:08 [INFO] [OctoBans] maxougaming sql checked, record: spammp by Remil to -1
15-07-17 22:32:08 [INFO] [OctoBans] maxougaming sql checked, record: spammp by NeosiaNexus to -1
15-07-17 22:32:12 [INFO] [OctoBans] arsenic_ytb sql checked, record: spammp by Remil to -1
15-07-17 22:32:12 [INFO] [OctoBans] arsenic_ytb sql checked, record: spammp by iPurple_ to -1
15-07-17 22:32:13 [INFO] [OctoBans] oozema sql checked, record: spammp by YTB_XxKarnageXx to -1
15-07-17 22:32:14 [INFO] [OctoBans] blc_frr_pvp sql checked, record: spammp by iPurple_ to -1
15-07-17 22:32:17 [INFO] [OctoBans] wheass sql checked, record: spammp by SkyKosIV to -1
15-07-17 22:32:17 [INFO] [OctoBans] wheass sql checked, record: spammp by iPurple_ to -1
15-07-17 22:32:20 [INFO] [OctoBans] zig203 sql checked, record: incitationflood by SkyKosIV to 1500234311
15-07-17 22:32:20 [INFO] [OctoBans] zozodu14 sql checked, record: spammp by iPurple_ to -1
15-07-17 22:32:44 [INFO] [OctoBans] biguiboss31 sql checked, record: spammp by PseudoNul to -1
15-07-17 22:32:44 [INFO] [OctoBans] biguiboss31 sql checked, record: spammp by Remil to -1
15-07-17 22:32:47 [INFO] [OctoBans] arrowgaming sql checked, record: spammp by SkyKosIV to -1
15-07-17 22:33:05 [INFO] [OctoBans] xenart sql checked, record: incitationflood by PseudoNul to 1500225547
15-07-17 22:33:07 [INFO] [OctoBans] djams sql checked, record: spammp by iPurple_ to -1
15-07-17 22:33:08 [INFO] [OctoBans] the_diamons_ sql checked, record: spammp by SkyKosIV to -1
15-07-17 22:33:24 [INFO] [OctoBans] cruze2014 sql checked, record: incitationflood by FiasK0 to 1500151183
15-07-17 22:33:30 [INFO] [OctoBans] justsx sql checked, record: spammp by iPurple_ to -1
15-07-17 22:33:30 [INFO] [OctoBans] justsx sql checked, record: spammp by iPurple_ to -1
15-07-17 22:33:30 [INFO] [OctoBans] ivluzofficial sql checked, record: spammp by iPurple_ to -1
15-07-17 22:33:34 [INFO] [OctoBans] zarconia sql checked, record: spammp by SuperJojo to -1
15-07-17 22:33:34 [INFO] [OctoBans] zarconia sql checked, record: spam by Anzerti to 1500157813
15-07-17 22:33:51 [INFO] [OctoBans] julie52100 sql checked, record: spammp by SnowEffect to -1
15-07-17 22:33:51 [INFO] [OctoBans] julie52100 sql checked, record: spammp by PseudoNul to -1
15-07-17 22:33:51 [INFO] [OctoBans] julie52100 sql checked, record: insultegrave by drbrine to 1500315363
15-07-17 22:33:57 [INFO] [OctoBans] shouteur sql checked, record: spammp by Remil to -1
15-07-17 22:33:57 [INFO] [OctoBans] shouteur sql checked, record: spammp by Remil to -1
15-07-17 22:33:57 [INFO] [OctoBans] shouteur sql checked, record: spammp by Remil to -1
15-07-17 22:33:57 [INFO] [OctoBans] shouteur sql checked, record: spammp by Remil to -1
15-07-17 22:34:04 [INFO] [OctoBans] ly69n sql checked, record: kickautre by NeosiaNexus to -1
15-07-17 22:34:49 [INFO] [OctoBans] adri2222 sql checked, record: insultegrave by Forway to 1500169438
15-07-17 22:35:16 [INFO] [OctoBans] _hello_kitty sql checked, record: spammp by SuperJojo to -1
15-07-17 22:35:16 [INFO] [OctoBans] _hello_kitty sql checked, record: spammp by PseudoNul to -1
15-07-17 22:35:28 [INFO] [OctoBans] totototo11 sql checked, record: spammp by NeosiaNexus to -1
15-07-17 22:35:28 [INFO] [OctoBans] totototo11 sql checked, record: doubleposte by Shainko to 1500155714
15-07-17 22:35:56 [INFO] [OctoBans] witer sql checked, record: spammp by Remil to -1
15-07-17 22:36:47 [INFO] [OctoBans] eglantinette sql checked, record: pubyt by Shainko to 1500154289
15-07-17 22:37:22 [INFO] [OctoBans] _ashbrooks_pvp sql checked, record: kickautre by NeosiaNexus to -1
15-07-17 22:37:31 [INFO] [OctoBans] automan sql checked, record: insultegrave by SuperJojo to 1500299780
15-07-17 22:37:40 [INFO] [OctoBans] deeprodole sql checked, record: spammp by SnowEffect to -1
15-07-17 22:37:46 [INFO] [OctoBans] charifboss sql checked, record: spammp by Blubfire to -1
15-07-17 22:37:46 [INFO] [OctoBans] charifboss sql checked, record: spammp by SnowEffect to -1
15-07-17 22:38:15 [INFO] [OctoBans] c4mp3urx9 sql checked, record: insultestaff by SkyKosIV to 1500256595
15-07-17 22:38:48 [INFO] [OctoBans] kyzirie sql checked, record: spammp by PseudoNul to -1
15-07-17 22:38:48 [INFO] [OctoBans] kyzirie sql checked, record: spammp by PseudoNul to -1
15-07-17 22:38:48 [INFO] [OctoBans] kyzirie sql checked, record: spammp by PseudoNul to -1
15-07-17 22:38:48 [INFO] [OctoBans] kyzirie sql checked, record: insultestaff by PseudoNul to 1500157714
15-07-17 22:38:48 [INFO] [OctoBans] kyzirie sql checked, record: insultestaff by SuperJojo to 1500193796
15-07-17 22:38:48 [INFO] [OctoBans] kyzirie sql checked, record: insultestaff by SuperJojo to 1500229925
15-07-17 22:41:00 [INFO] [OctoBans] apoxysmc sql checked, record: spammp by PseudoNul to -1
15-07-17 22:41:00 [INFO] [OctoBans] apoxysmc sql checked, record: spammp by PseudoNul to -1
15-07-17 22:41:48 [INFO] [OctoBans] Shainko punished blastzog for: Spam/flood
15-07-17 22:42:45 [INFO] [OctoBans] ziskos_gaming sql checked, record: faussesinfos by Anzerti to 1500216336
15-07-17 22:43:02 [INFO] [OctoBans] samybg sql checked, record: spammp by Remil to -1
15-07-17 22:43:02 [INFO] [OctoBans] samybg sql checked, record: spammp by Remil to -1
15-07-17 22:43:48 [INFO] [OctoBans] bazoukateur sql checked, record: spammp by SnowEffect to -1
15-07-17 22:46:56 [INFO] [OctoBans] milo49 sql checked, record: spammp by SnowEffect to -1
15-07-17 22:47:49 [INFO] [OctoBans] drbrine punished floflo for: Double Poste
15-07-17 22:53:34 [INFO] [OctoBans] Shainko punished enjoymycombo for: Spam/flood
15-07-17 22:54:00 [INFO] [OctoBans] DEEProdole punished link750 for: Double Poste
15-07-17 22:55:33 [INFO] [OctoBans] fross27 sql checked, record: spammp by Remil to -1
15-07-17 22:56:28 [INFO] [OctoBans] c4mp3urx9 sql checked, record: insultestaff by SkyKosIV to 1500256595
15-07-17 22:57:09 [INFO] [OctoBans] iPurple_ punished neo_zango for: Langage incorrect
15-07-17 22:57:28 [INFO] [OctoBans] millardm sql checked, record: spammp by PseudoNul to -1
15-07-17 22:57:51 [INFO] [OctoBans] ormilope sql checked, record: spammp by YTB_XxKarnageXx to -1
15-07-17 22:57:51 [INFO] [OctoBans] ormilope sql checked, record: kickautre by NeosiaNexus to -1
15-07-17 22:58:22 [INFO] [OctoBans] vendeur2kebab sql checked, record: spammp by ZerKup to -1
15-07-17 22:58:22 [INFO] [OctoBans] vendeur2kebab sql checked, record: spammp by YTB_XxKarnageXx to -1
15-07-17 22:58:43 [INFO] [OctoBans] iPurple_ punished brookdu81 for: Spam/flood
15-07-17 23:01:59 [INFO] [OctoBans] iPurple_ punished relaster for: Spam/flood
15-07-17 23:02:18 [INFO] [OctoBans] iPurple_ punished pvpmecanique for: Provocation
15-07-17 23:02:26 [INFO] [OctoBans] anzerti sql checked, record: spammp by Steph078 to -1
15-07-17 23:03:40 [INFO] [OctoBans] iPurple_ punished mr_cookies012 for: Spam/flood
15-07-17 23:05:53 [INFO] [OctoBans] Anzerti punished dz_legammer for: Double Poste
15-07-17 23:06:10 [INFO] [OctoBans] Anzerti punished xxmrenderman6xx for: Double Poste
15-07-17 23:07:52 [INFO] [OctoBans] val28120 sql checked, record: faussesinfos by iPurple_ to 1500216632
15-07-17 23:08:00 [INFO] [OctoBans] pvp_thibaut_pvp sql checked, record: spammp by SuperJojo to -1
15-07-17 23:08:03 [INFO] [OctoBans] Anzerti punished xx_toto_xx for: Double Poste
15-07-17 23:08:44 [INFO] [OctoBans] Anzerti punished batte271 for: Double Poste
15-07-17 23:10:30 [INFO] [OctoBans] iPurple_ punished xwakez for: Double Poste
15-07-17 23:10:36 [INFO] [OctoBans] maacdoo sql checked, record: spammp by PseudoNul to -1
15-07-17 23:11:24 [INFO] [OctoBans] Anzerti punished lolo28300 for: Double Poste
15-07-17 23:11:41 [INFO] [OctoBans] zizou03 sql checked, record: insultegrave by iPurple_ to 1500160386
15-07-17 23:12:34 [INFO] [OctoBans] Anzerti punished kostiik_pvp for: Langage incorrect
15-07-17 23:15:45 [INFO] [OctoBans] xxminecraft579 sql checked, record: spammp by iPurple_ to -1
15-07-17 23:16:25 [INFO] [OctoBans] Anzerti punished neo_zango for: Provocation
15-07-17 23:18:11 [INFO] [OctoBans] Anzerti punished justsx for: Provocation
15-07-17 23:19:47 [INFO] [OctoBans] Anzerti punished alpha_jumpyi for: Provocation
15-07-17 23:21:36 [INFO] [OctoBans] SkyKosIV punished azer_pvp for: Double Poste
15-07-17 23:21:40 [INFO] [OctoBans] sam_ytb sql checked, record: spammp by iPurple_ to -1
15-07-17 23:24:29 [INFO] [OctoBans] marchandloup sql checked, record: spammp by Remil to -1
15-07-17 23:24:29 [INFO] [OctoBans] marchandloup sql checked, record: spammp by PseudoNul to -1
15-07-17 23:25:18 [INFO] [OctoBans] FiasK0 punished skeiblue100 for: Insulte grave
15-07-17 23:26:16 [INFO] [OctoBans] wyzek sql checked, record: tpkill by Forway to 1500223413
15-07-17 23:27:00 [INFO] [OctoBans] Shainko punished gamscraft for: Double Poste
15-07-17 23:27:23 [INFO] [OctoBans] MaacDoo punished blass for: Langage incorrect
15-07-17 23:30:30 [INFO] [OctoBans] produpvp sql checked, record: spammp by Remil to -1
15-07-17 23:41:24 [INFO] [OctoBans] shawngriff sql checked, record: incitationflood by SnowEffect to 1500279996
15-07-17 23:41:54 [INFO] [OctoBans] DEEProdole punished k0stik_ for: Fausses informations
15-07-17 23:45:53 [INFO] [OctoBans] Disabling OctoBans v1.0
