25-09-17 22:31:43 [INFO] [OctoBans] File Handler successfully initialized!
25-09-17 22:31:43 [INFO] [OctoBans] SQL connection successfully etablished
25-09-17 22:31:43 [INFO] [OctoBans] Moderator Tools by Octonia.
25-09-17 22:31:50 [INFO] [OctoBans] blackstars301 sql checked, record: langage by EGGSPLOSION to 1506372202
25-09-17 22:33:07 [INFO] [OctoBans] axelpas sql checked, record: spammp by SmooKeur to -1
25-09-17 22:40:12 [INFO] [OctoBans] sqkaa_ sql checked, record: spammp by Remil to -1
25-09-17 22:40:12 [INFO] [OctoBans] sqkaa_ sql checked, record: spammp by Remil to -1
25-09-17 22:40:12 [INFO] [OctoBans] sqkaa_ sql checked, record: spammp by Remil to -1
25-09-17 22:50:25 [INFO] [OctoBans] NeyTox punished sonice2 for: Double Poste
25-09-17 22:53:40 [INFO] [OctoBans] superb3b3 sql checked, record: spammp by Remil to -1
25-09-17 22:53:40 [INFO] [OctoBans] superb3b3 sql checked, record: spammp by Remil to -1
25-09-17 22:53:40 [INFO] [OctoBans] superb3b3 sql checked, record: insultestaff by FiasK0 to 1506391338
25-09-17 23:10:51 [INFO] [OctoBans] NeyTox punished superteemo for: Double Poste
25-09-17 23:42:23 [INFO] [OctoBans] NeyTox punished leprincedupvp for: Spam/flood
25-09-17 23:48:07 [INFO] [OctoBans] zayrozz sql checked, record: spammp by Remil to -1
26-09-17 00:00:31 [INFO] [OctoBans] _Hello_Kitty punished kamikaz93 for: Majuscule
26-09-17 00:00:42 [INFO] [OctoBans] _Hello_Kitty punished hydross93 for: Majuscule
26-09-17 00:30:15 [INFO] [OctoBans] _Hello_Kitty punished hydross93 for: Provocation
26-09-17 00:34:12 [INFO] [OctoBans] _Hello_Kitty punished chico123 for: Double Poste
26-09-17 00:36:22 [INFO] [OctoBans] _Hello_Kitty punished darkilleur63 for: Double Poste
26-09-17 01:16:21 [INFO] [OctoBans] _Hello_Kitty punished kamikaz93 for: Majuscule
26-09-17 01:19:20 [INFO] [OctoBans] _Hello_Kitty punished chico456 for: Provocation
26-09-17 01:34:46 [INFO] [OctoBans] _Hello_Kitty punished godarceus for: Insulte grave
26-09-17 06:01:02 [INFO] [OctoBans] Disabling OctoBans v1.0
