25-10-17 22:31:57 [INFO] [OctoBans] File Handler successfully initialized!
25-10-17 22:31:57 [INFO] [OctoBans] SQL connection successfully etablished
25-10-17 22:31:57 [INFO] [OctoBans] Moderator Tools by Octonia.
25-10-17 22:32:02 [INFO] [OctoBans] pvp_thibaut_pvp sql checked, record: spam by NeyTox to 1508965453
25-10-17 22:32:02 [INFO] [OctoBans] yayan sql checked, record: spammp by Zoseq to -1
25-10-17 22:32:02 [INFO] [OctoBans] maxougaming sql checked, record: spammp by LeRe to -1
25-10-17 22:32:02 [INFO] [OctoBans] maxougaming sql checked, record: spammp by Taygrax07 to -1
25-10-17 22:32:02 [INFO] [OctoBans] meven789 sql checked, record: spammp by LeRe to -1
25-10-17 22:32:02 [INFO] [OctoBans] mortroi sql checked, record: spammp by Antoine57565 to -1
25-10-17 22:32:02 [INFO] [OctoBans] mortroi sql checked, record: spam by Antoine57565 to 1508964171
25-10-17 22:32:02 [INFO] [OctoBans] mrcapers sql checked, record: spammp by FiasK0 to -1
25-10-17 22:32:02 [INFO] [OctoBans] roxkillerz sql checked, record: spammp by Zoseq to -1
25-10-17 22:32:02 [INFO] [OctoBans] roxkillerz sql checked, record: spammp by Zoseq to -1
25-10-17 22:32:04 [INFO] [OctoBans] kimoli sql checked, record: spammp by NeyTox to -1
25-10-17 22:32:08 [INFO] [OctoBans] lachemoi sql checked, record: spammp by ToXiCz_TV to -1
25-10-17 22:32:12 [INFO] [OctoBans] zotix_math sql checked, record: spammp by Kyabe to -1
25-10-17 22:32:14 [INFO] [OctoBans] _theodu13_ sql checked, record: spammp by FiasK0 to -1
25-10-17 22:32:14 [INFO] [OctoBans] _theodu13_ sql checked, record: insultestaff by Gamer09 to 1508964344
25-10-17 22:32:14 [INFO] [OctoBans] _theodu13_ sql checked, record: incitationflood by tinmar to 1509043428
25-10-17 22:32:14 [INFO] [OctoBans] hulz0 sql checked, record: spammp by FiasK0 to -1
25-10-17 22:32:14 [INFO] [OctoBans] lefifoudu3 sql checked, record: spammp by Zoseq to -1
25-10-17 22:32:14 [INFO] [OctoBans] lefifoudu3 sql checked, record: homophobie by SkillBOotiiS to 1509048982
25-10-17 22:32:18 [INFO] [OctoBans] cocacola62 sql checked, record: spammp by Kyabe to -1
25-10-17 22:32:20 [INFO] [OctoBans] aexraptorz sql checked, record: spammp by Remil to -1
25-10-17 22:32:23 [INFO] [OctoBans] amirdenain sql checked, record: homophobie by EGGSPLOSION to 1509026875
25-10-17 22:32:23 [INFO] [OctoBans] snoxx_ sql checked, record: spammp by Kyabe to -1
25-10-17 22:32:23 [INFO] [OctoBans] snoxx_ sql checked, record: spammp by Zoseq to -1
25-10-17 22:32:23 [INFO] [OctoBans] snoxx_ sql checked, record: spammp by tinmar to -1
25-10-17 22:32:23 [INFO] [OctoBans] snoxx_ sql checked, record: spammp by tinmar to -1
25-10-17 22:32:26 [INFO] [OctoBans] fighter62 sql checked, record: spammp by SmooKeur to -1
25-10-17 22:32:34 [INFO] [OctoBans] zlkayzen sql checked, record: insultegrave by Antoine57565 to 1509014967
25-10-17 22:32:34 [INFO] [OctoBans] zlkayzen sql checked, record: spammp by tinmar to -1
25-10-17 22:32:41 [INFO] [OctoBans] paradoxium sql checked, record: spammp by Taygrax07 to -1
25-10-17 22:32:41 [INFO] [OctoBans] paradoxium sql checked, record: insulte by NeyTox to 1508965315
25-10-17 22:32:42 [INFO] [OctoBans] skuuurtmzz sql checked, record: spammp by tinmar to -1
25-10-17 22:32:42 [INFO] [OctoBans] skuuurtmzz sql checked, record: spam by NeyTox to 1508964593
25-10-17 22:32:49 [INFO] [OctoBans] ludo63 sql checked, record: spammp by YTB_XxKarnageXx to -1
25-10-17 22:32:49 [INFO] [OctoBans] _guigui_ sql checked, record: spammp by Remil to -1
25-10-17 22:33:02 [INFO] [OctoBans] noragev12 sql checked, record: spammp by Shainko to -1
25-10-17 22:33:10 [INFO] [OctoBans] zrk_warthog sql checked, record: spammp by MisterBlazing to -1
25-10-17 22:33:14 [INFO] [OctoBans] onflyenrec sql checked, record: spammp by Antoine57565 to -1
25-10-17 22:33:31 [INFO] [OctoBans] elumix sql checked, record: spammp by Remil to -1
25-10-17 22:33:32 [INFO] [OctoBans] jesuislepepsi sql checked, record: insultegrave by Spovly to 1508993142
25-10-17 22:35:08 [INFO] [OctoBans] cobra_ sql checked, record: insultestaff by Spovly to 1508964895
25-10-17 22:35:08 [INFO] [OctoBans] cobra_ sql checked, record: spammp by Spovly to -1
25-10-17 22:35:09 [INFO] [OctoBans] foxtv sql checked, record: homophobie by Taygrax07 to 1508963857
25-10-17 22:35:30 [INFO] [OctoBans] fabio sql checked, record: spammp by Remil to -1
25-10-17 22:36:02 [INFO] [OctoBans] nastu2727 sql checked, record: spammp by Remil to -1
25-10-17 22:36:20 [INFO] [OctoBans] lolodu02 sql checked, record: spammp by Remil to -1
25-10-17 22:36:20 [INFO] [OctoBans] lolodu02 sql checked, record: insultegrave by SkillBOotiiS to 1508992520
25-10-17 22:36:57 [INFO] [OctoBans] nicec0mb0 sql checked, record: spammp by Remil to -1
25-10-17 22:36:57 [INFO] [OctoBans] nicec0mb0 sql checked, record: insultegrave by Gamer09 to 1508971921
25-10-17 22:37:53 [INFO] [OctoBans] SkillBOotiiS punished is0x_qc for: Double Poste
25-10-17 22:39:13 [INFO] [OctoBans] coldentv sql checked, record: insultegrave by Antoine57565 to 1509062299
25-10-17 22:41:05 [INFO] [OctoBans] elcookie2 sql checked, record: insultegrave by tinmar to 1508988166
25-10-17 22:41:09 [INFO] [OctoBans] SkillBOotiiS punished lebidou365 for: Double Poste
25-10-17 22:42:52 [INFO] [OctoBans] NeyTox punished lepetitfoulol for: Double Poste
25-10-17 22:42:54 [INFO] [OctoBans] teqzmodz32 sql checked, record: spammp by Evolze to -1
25-10-17 22:42:59 [INFO] [OctoBans] XxVoltirxX punished lefan2wiroox for: Double Poste
25-10-17 22:43:24 [INFO] [OctoBans] SkillBOotiiS punished cactus for: Double Poste
25-10-17 22:45:20 [INFO] [OctoBans] NeyTox punished _iproz_22 for: Double Poste
25-10-17 22:46:14 [INFO] [OctoBans] firexpower666_ sql checked, record: spammp by tinmar to -1
25-10-17 22:47:10 [INFO] [OctoBans] XxVoltirxX punished lembont for: Double Poste
25-10-17 22:48:52 [INFO] [OctoBans] elkwell sql checked, record: tpkill by Spovly to 1508964538
25-10-17 22:48:52 [INFO] [OctoBans] Taygrax07 punished glab62 for: Insulte
25-10-17 22:49:27 [INFO] [OctoBans] Taygrax07 punished nezgroooss_ for: Homophobie
25-10-17 22:51:02 [INFO] [OctoBans] NeyTox punished xabimogaming for: Spam/flood
25-10-17 22:54:14 [INFO] [OctoBans] NeyTox punished mister_foxy66 for: Provocation
25-10-17 22:54:47 [INFO] [OctoBans] NeyTox punished gafaw4 for: Insulte
25-10-17 22:55:15 [INFO] [OctoBans] juju123 sql checked, record: spammp by EGGSPLOSION to -1
25-10-17 22:58:55 [INFO] [OctoBans] mohamedvi sql checked, record: spammp by Gamer09 to -1
25-10-17 22:59:45 [INFO] [OctoBans] NeyTox punished vokken for: Provocation
25-10-17 23:02:54 [INFO] [OctoBans] NeyTox punished coldentv for: Spam/flood
25-10-17 23:03:00 [INFO] [OctoBans] NeyTox punished colonelsemih76 for: Spam/flood
25-10-17 23:03:07 [INFO] [OctoBans] Taygrax07 punished wheass for: Spam/flood
25-10-17 23:03:28 [INFO] [OctoBans] NeyTox punished hero2468 for: Spam/flood
25-10-17 23:03:38 [INFO] [OctoBans] SkillBOotiiS punished heromegabrine for: Spam/flood
25-10-17 23:03:47 [INFO] [OctoBans] NeyTox punished lipton9194 for: Insulte
25-10-17 23:03:58 [INFO] [OctoBans] NeyTox punished boubou37 for: Spam/flood
25-10-17 23:04:03 [INFO] [OctoBans] NeyTox punished llushy for: Insulte
25-10-17 23:04:34 [INFO] [OctoBans] SkillBOotiiS punished thecriptoplay for: Insulte
25-10-17 23:07:11 [INFO] [OctoBans] NeyTox punished amokon for: Double Poste
25-10-17 23:07:58 [INFO] [OctoBans] Taygrax07 punished vokken for: Spam/flood
25-10-17 23:07:58 [INFO] [OctoBans] absol022 sql checked, record: spammp by Zoseq to -1
25-10-17 23:09:11 [INFO] [OctoBans] a7medxboyx sql checked, record: insultegrave by Gamer09 to 1508970445
25-10-17 23:10:13 [INFO] [OctoBans] NeyTox punished meven789 for: Insulte grave
25-10-17 23:10:22 [INFO] [OctoBans] NeyTox punished smatemm for: Insulte grave
25-10-17 23:10:57 [INFO] [OctoBans] SkillBOotiiS punished gamerthug for: Double Poste
25-10-17 23:11:36 [INFO] [OctoBans] minethuglife sql checked, record: spammp by ToXiCz_TV to -1
25-10-17 23:14:41 [INFO] [OctoBans] SkillBOotiiS punished kryptookibidou for: Provocation
25-10-17 23:17:13 [INFO] [OctoBans] SkillBOotiiS punished mrkebab for: Provocation
25-10-17 23:17:26 [INFO] [OctoBans] NeyTox punished lepetitfoulol for: Double Poste
25-10-17 23:19:10 [INFO] [OctoBans] NeyTox punished fabio for: Insulte grave
25-10-17 23:20:12 [INFO] [OctoBans] thegameurytb sql checked, record: spammp by NiceFR to -1
25-10-17 23:20:12 [INFO] [OctoBans] thegameurytb sql checked, record: spammp by MisterBlazing to -1
25-10-17 23:27:12 [INFO] [OctoBans] SkillBOotiiS punished klanx_ for: Double Poste
25-10-17 23:28:17 [INFO] [OctoBans] SkillBOotiiS punished baerox for: Double Poste
25-10-17 23:29:44 [INFO] [OctoBans] NeyTox punished zebieux for: Provocation
25-10-17 23:30:55 [INFO] [OctoBans] NeyTox punished zegamer1233 for: Double Poste
25-10-17 23:32:06 [INFO] [OctoBans] vexchess sql checked, record: tpkill by Spovly to 1508967257
25-10-17 23:32:17 [INFO] [OctoBans] SkillBOotiiS punished dodox85 for: Double Poste
25-10-17 23:33:12 [INFO] [OctoBans] SkillBOotiiS punished xcuzimluca for: Double Poste
25-10-17 23:33:22 [INFO] [OctoBans] NeyTox punished mire for: Spam/flood
25-10-17 23:33:30 [INFO] [OctoBans] NeyTox punished imperator122 for: Spam/flood
25-10-17 23:33:30 [INFO] [OctoBans] diabledu25 sql checked, record: majuscule by YTB_XxKarnageXx to 1508968651
25-10-17 23:33:39 [INFO] [OctoBans] Taygrax07 punished azoxfr_yt for: Incitation au flood
25-10-17 23:33:48 [INFO] [OctoBans] ryda4 sql checked, record: spammp by Remil to -1
25-10-17 23:34:54 [INFO] [OctoBans] NeyTox punished agentgaming for: Double Poste
25-10-17 23:35:36 [INFO] [OctoBans] NeyTox punished paul15440 for: Insulte grave
25-10-17 23:36:08 [INFO] [OctoBans] SkillBOotiiS punished elgang10 for: Provocation
25-10-17 23:37:57 [INFO] [OctoBans] SkillBOotiiS punished lachemoi for: Insulte grave
25-10-17 23:38:19 [INFO] [OctoBans] NeyTox punished klanx_ for: Double Poste
25-10-17 23:38:36 [INFO] [OctoBans] Taygrax07 punished samju10 for: Provocation
25-10-17 23:39:00 [INFO] [OctoBans] SkillBOotiiS punished algorskis_yt for: Insulte
25-10-17 23:40:17 [INFO] [OctoBans] NeyTox punished lenofix069 for: Double Poste
25-10-17 23:41:44 [INFO] [OctoBans] SkillBOotiiS punished zebieux for: Double Poste
25-10-17 23:42:40 [INFO] [OctoBans] NeyTox punished darketemplar for: Double Poste
25-10-17 23:43:10 [INFO] [OctoBans] neox_warior sql checked, record: spammp by SmooKeur to -1
25-10-17 23:43:36 [INFO] [OctoBans] SkillBOotiiS punished brilinggaming for: Double Poste
25-10-17 23:43:42 [INFO] [OctoBans] Zoseq punished by_sneak for: Insulte grave
25-10-17 23:44:07 [INFO] [OctoBans] Zoseq punished bazoukateur for: Provocation
25-10-17 23:45:43 [INFO] [OctoBans] SkillBOotiiS punished sniperdu30 for: Spam/flood
25-10-17 23:46:00 [INFO] [OctoBans] Zoseq punished neox_warior for: Double Poste
25-10-17 23:47:02 [INFO] [OctoBans] SkillBOotiiS punished matth70 for: Provocation
25-10-17 23:48:23 [INFO] [OctoBans] ytb_xxkarnagexx sql checked, record: spamfopen by YTB_XxKarnageXx to 1508857091
25-10-17 23:48:23 [INFO] [OctoBans] ytb_xxkarnagexx sql checked, record: spamfopen by YTB_XxKarnageXx to 1508857114
25-10-17 23:48:23 [INFO] [OctoBans] ytb_xxkarnagexx sql checked, record: spamfopen by YTB_XxKarnageXx to 1508857552
25-10-17 23:48:23 [INFO] [OctoBans] ytb_xxkarnagexx sql checked, record: spamfopen by YTB_XxKarnageXx to 1508857877
25-10-17 23:48:23 [INFO] [OctoBans] ytb_xxkarnagexx sql checked, record: spammp by YTB_XxKarnageXx to -1
25-10-17 23:48:23 [INFO] [OctoBans] ytb_xxkarnagexx sql checked, record: doubleposte by YTB_XxKarnageXx to 1508689162
25-10-17 23:48:23 [INFO] [OctoBans] ytb_xxkarnagexx sql checked, record: spam by YTB_XxKarnageXx to 1508692465
25-10-17 23:48:23 [INFO] [OctoBans] ytb_xxkarnagexx sql checked, record: spam by YTB_XxKarnageXx to 1508692470
25-10-17 23:48:23 [INFO] [OctoBans] ytb_xxkarnagexx sql checked, record: doubleposte by YTB_XxKarnageXx to 1508689243
25-10-17 23:48:23 [INFO] [OctoBans] ytb_xxkarnagexx sql checked, record: majuscule by YTB_XxKarnageXx to 1508689570
25-10-17 23:48:23 [INFO] [OctoBans] ytb_xxkarnagexx sql checked, record: majuscule by YTB_XxKarnageXx to 1508689627
25-10-17 23:48:23 [INFO] [OctoBans] ytb_xxkarnagexx sql checked, record: doubleposte by YTB_XxKarnageXx to 1508689471
25-10-17 23:48:23 [INFO] [OctoBans] ytb_xxkarnagexx sql checked, record: doubleposte by YTB_XxKarnageXx to 1508689562
25-10-17 23:48:23 [INFO] [OctoBans] ytb_xxkarnagexx sql checked, record: tpkill by YTB_XxKarnageXx to 1508776228
25-10-17 23:48:23 [INFO] [OctoBans] ytb_xxkarnagexx sql checked, record: tpkill by YTB_XxKarnageXx to 1508776313
25-10-17 23:48:23 [INFO] [OctoBans] ytb_xxkarnagexx sql checked, record: tpkill by YTB_XxKarnageXx to 1508776324
25-10-17 23:48:23 [INFO] [OctoBans] ytb_xxkarnagexx sql checked, record: doubleposte by YTB_XxKarnageXx to 1508690577
25-10-17 23:48:23 [INFO] [OctoBans] ytb_xxkarnagexx sql checked, record: pseudograve by YTB_XxKarnageXx to -1
25-10-17 23:48:23 [INFO] [OctoBans] ytb_xxkarnagexx sql checked, record: pubyt by YTB_XxKarnageXx to 1508694989
25-10-17 23:48:23 [INFO] [OctoBans] ytb_xxkarnagexx sql checked, record: spam by YTB_XxKarnageXx to 1508695260
25-10-17 23:48:23 [INFO] [OctoBans] ytb_xxkarnagexx sql checked, record: spam by YTB_XxKarnageXx to 1508695309
25-10-17 23:48:23 [INFO] [OctoBans] ytb_xxkarnagexx sql checked, record: spam by YTB_XxKarnageXx to 1508695685
25-10-17 23:48:23 [INFO] [OctoBans] ytb_xxkarnagexx sql checked, record: insultesrv by YTB_XxKarnageXx to 1508710120
25-10-17 23:48:23 [INFO] [OctoBans] ytb_xxkarnagexx sql checked, record: tpkill by YTB_XxKarnageXx to 1508778769
25-10-17 23:48:23 [INFO] [OctoBans] ytb_xxkarnagexx sql checked, record: pubsrv by YTB_XxKarnageXx to 1508696249
25-10-17 23:48:23 [INFO] [OctoBans] ytb_xxkarnagexx sql checked, record: doubleposte by YTB_XxKarnageXx to 1508693077
25-10-17 23:48:23 [INFO] [OctoBans] ytb_xxkarnagexx sql checked, record: doubleposte by YTB_XxKarnageXx to 1508693234
25-10-17 23:48:23 [INFO] [OctoBans] ytb_xxkarnagexx sql checked, record: pubyt by YTB_XxKarnageXx to 1508698286
25-10-17 23:48:23 [INFO] [OctoBans] ytb_xxkarnagexx sql checked, record: majuscule by YTB_XxKarnageXx to 1508695292
25-10-17 23:48:23 [INFO] [OctoBans] ytb_xxkarnagexx sql checked, record: insultegrave by YTB_XxKarnageXx to 1508730714
25-10-17 23:48:23 [INFO] [OctoBans] ytb_xxkarnagexx sql checked, record: langage by YTB_XxKarnageXx to 1508695672
25-10-17 23:48:23 [INFO] [OctoBans] ytb_xxkarnagexx sql checked, record: provocation by YTB_XxKarnageXx to 1508695688
25-10-17 23:48:23 [INFO] [OctoBans] ytb_xxkarnagexx sql checked, record: langage by YTB_XxKarnageXx to 1508696005
25-10-17 23:48:23 [INFO] [OctoBans] ytb_xxkarnagexx sql checked, record: doubleposte by YTB_XxKarnageXx to 1508695708
25-10-17 23:48:23 [INFO] [OctoBans] ytb_xxkarnagexx sql checked, record: majuscule by YTB_XxKarnageXx to 1508696027
25-10-17 23:48:23 [INFO] [OctoBans] ytb_xxkarnagexx sql checked, record: majuscule by YTB_XxKarnageXx to 1508696072
25-10-17 23:48:23 [INFO] [OctoBans] ytb_xxkarnagexx sql checked, record: tpkill by YTB_XxKarnageXx to 1508781891
25-10-17 23:48:23 [INFO] [OctoBans] ytb_xxkarnagexx sql checked, record: majuscule by YTB_XxKarnageXx to 1508696096
25-10-17 23:48:23 [INFO] [OctoBans] ytb_xxkarnagexx sql checked, record: doubleposte by YTB_XxKarnageXx to 1508695831
25-10-17 23:48:23 [INFO] [OctoBans] ytb_xxkarnagexx sql checked, record: pubsrv by YTB_XxKarnageXx to 1508699752
25-10-17 23:48:23 [INFO] [OctoBans] ytb_xxkarnagexx sql checked, record: pubsrv by YTB_XxKarnageXx to 1508699769
25-10-17 23:48:23 [INFO] [OctoBans] ytb_xxkarnagexx sql checked, record: doubleposte by YTB_XxKarnageXx to 1508696502
25-10-17 23:48:23 [INFO] [OctoBans] ytb_xxkarnagexx sql checked, record: spam by YTB_XxKarnageXx to 1508699815
25-10-17 23:48:23 [INFO] [OctoBans] ytb_xxkarnagexx sql checked, record: doubleposte by YTB_XxKarnageXx to 1508696627
25-10-17 23:48:23 [INFO] [OctoBans] ytb_xxkarnagexx sql checked, record: pubsrv by YTB_XxKarnageXx to 1508700278
25-10-17 23:48:23 [INFO] [OctoBans] ytb_xxkarnagexx sql checked, record: doubleposte by YTB_XxKarnageXx to 1508697074
25-10-17 23:48:23 [INFO] [OctoBans] ytb_xxkarnagexx sql checked, record: doubleposte by YTB_XxKarnageXx to 1508697175
25-10-17 23:48:23 [INFO] [OctoBans] ytb_xxkarnagexx sql checked, record: doubleposte by YTB_XxKarnageXx to 1508697398
25-10-17 23:48:23 [INFO] [OctoBans] ytb_xxkarnagexx sql checked, record: tpkill by YTB_XxKarnageXx to 1508783834
25-10-17 23:48:23 [INFO] [OctoBans] ytb_xxkarnagexx sql checked, record: majuscule by YTB_XxKarnageXx to 1508699322
25-10-17 23:48:23 [INFO] [OctoBans] ytb_xxkarnagexx sql checked, record: doubleposte by YTB_XxKarnageXx to 1508699064
25-10-17 23:48:23 [INFO] [OctoBans] ytb_xxkarnagexx sql checked, record: doubleposte by YTB_XxKarnageXx to 1508699784
25-10-17 23:48:23 [INFO] [OctoBans] ytb_xxkarnagexx sql checked, record: majuscule by YTB_XxKarnageXx to 1508700572
25-10-17 23:48:23 [INFO] [OctoBans] ytb_xxkarnagexx sql checked, record: tpkill by YTB_XxKarnageXx to 1508787064
25-10-17 23:48:23 [INFO] [OctoBans] ytb_xxkarnagexx sql checked, record: spam by YTB_XxKarnageXx to 1508704828
25-10-17 23:48:23 [INFO] [OctoBans] ytb_xxkarnagexx sql checked, record: spam by YTB_XxKarnageXx to 1508704835
25-10-17 23:48:23 [INFO] [OctoBans] ytb_xxkarnagexx sql checked, record: spam by YTB_XxKarnageXx to 1508704842
25-10-17 23:48:23 [INFO] [OctoBans] ytb_xxkarnagexx sql checked, record: spam by YTB_XxKarnageXx to 1508704847
25-10-17 23:48:23 [INFO] [OctoBans] ytb_xxkarnagexx sql checked, record: spam by YTB_XxKarnageXx to 1508704854
25-10-17 23:48:23 [INFO] [OctoBans] ytb_xxkarnagexx sql checked, record: spam by YTB_XxKarnageXx to 1508704863
25-10-17 23:48:23 [INFO] [OctoBans] ytb_xxkarnagexx sql checked, record: spam by YTB_XxKarnageXx to 1508704876
25-10-17 23:48:23 [INFO] [OctoBans] ytb_xxkarnagexx sql checked, record: spam by YTB_XxKarnageXx to 1508704882
25-10-17 23:48:23 [INFO] [OctoBans] ytb_xxkarnagexx sql checked, record: spam by YTB_XxKarnageXx to 1508704900
25-10-17 23:48:23 [INFO] [OctoBans] ytb_xxkarnagexx sql checked, record: provocation by YTB_XxKarnageXx to 1508701636
25-10-17 23:48:23 [INFO] [OctoBans] ytb_xxkarnagexx sql checked, record: doubleposte by YTB_XxKarnageXx to 1508701663
25-10-17 23:48:23 [INFO] [OctoBans] ytb_xxkarnagexx sql checked, record: spam by YTB_XxKarnageXx to 1508705140
25-10-17 23:48:23 [INFO] [OctoBans] ytb_xxkarnagexx sql checked, record: doubleposte by YTB_XxKarnageXx to 1508701848
25-10-17 23:48:23 [INFO] [OctoBans] ytb_xxkarnagexx sql checked, record: insulte by YTB_XxKarnageXx to 1508704399
25-10-17 23:48:23 [INFO] [OctoBans] ytb_xxkarnagexx sql checked, record: doubleposte by YTB_XxKarnageXx to 1508703187
25-10-17 23:48:23 [INFO] [OctoBans] ytb_xxkarnagexx sql checked, record: doubleposte by YTB_XxKarnageXx to 1508703581
25-10-17 23:48:23 [INFO] [OctoBans] ytb_xxkarnagexx sql checked, record: doubleposte by YTB_XxKarnageXx to 1508703753
25-10-17 23:48:23 [INFO] [OctoBans] ytb_xxkarnagexx sql checked, record: spam by YTB_XxKarnageXx to 1508709005
25-10-17 23:48:23 [INFO] [OctoBans] ytb_xxkarnagexx sql checked, record: langage by YTB_XxKarnageXx to 1508706010
25-10-17 23:48:23 [INFO] [OctoBans] ytb_xxkarnagexx sql checked, record: langage by YTB_XxKarnageXx to 1508706781
25-10-17 23:48:23 [INFO] [OctoBans] ytb_xxkarnagexx sql checked, record: majuscule by YTB_XxKarnageXx to 1508707524
25-10-17 23:48:23 [INFO] [OctoBans] ytb_xxkarnagexx sql checked, record: langage by YTB_XxKarnageXx to 1508707599
25-10-17 23:48:23 [INFO] [OctoBans] ytb_xxkarnagexx sql checked, record: doubleposte by YTB_XxKarnageXx to 1508709184
25-10-17 23:48:23 [INFO] [OctoBans] ytb_xxkarnagexx sql checked, record: tpkill by YTB_XxKarnageXx to 1508796104
25-10-17 23:48:23 [INFO] [OctoBans] ytb_xxkarnagexx sql checked, record: usurpationgrave by YTB_XxKarnageXx to -1
25-10-17 23:48:23 [INFO] [OctoBans] ytb_xxkarnagexx sql checked, record: doubleposte by YTB_XxKarnageXx to 1508711752
25-10-17 23:48:23 [INFO] [OctoBans] ytb_xxkarnagexx sql checked, record: insultestaff by YTB_XxKarnageXx to 1508747458
25-10-17 23:48:23 [INFO] [OctoBans] ytb_xxkarnagexx sql checked, record: doubleposte by YTB_XxKarnageXx to 1508712321
25-10-17 23:48:23 [INFO] [OctoBans] ytb_xxkarnagexx sql checked, record: spam by YTB_XxKarnageXx to 1508716423
25-10-17 23:48:23 [INFO] [OctoBans] ytb_xxkarnagexx sql checked, record: langage by YTB_XxKarnageXx to 1508713675
25-10-17 23:48:23 [INFO] [OctoBans] ytb_xxkarnagexx sql checked, record: majuscule by YTB_XxKarnageXx to 1508752349
25-10-17 23:48:23 [INFO] [OctoBans] ytb_xxkarnagexx sql checked, record: spam by YTB_XxKarnageXx to 1508758991
25-10-17 23:48:23 [INFO] [OctoBans] ytb_xxkarnagexx sql checked, record: spam by YTB_XxKarnageXx to 1508755394
25-10-17 23:48:23 [INFO] [OctoBans] ytb_xxkarnagexx sql checked, record: spam by YTB_XxKarnageXx to 1508755399
25-10-17 23:48:23 [INFO] [OctoBans] ytb_xxkarnagexx sql checked, record: spam by YTB_XxKarnageXx to 1508759002
25-10-17 23:48:23 [INFO] [OctoBans] ytb_xxkarnagexx sql checked, record: pubyt by YTB_XxKarnageXx to 1508755411
25-10-17 23:48:23 [INFO] [OctoBans] ytb_xxkarnagexx sql checked, record: langage by YTB_XxKarnageXx to 1508752438
25-10-17 23:48:23 [INFO] [OctoBans] ytb_xxkarnagexx sql checked, record: pubyt by YTB_XxKarnageXx to 1508755583
25-10-17 23:48:23 [INFO] [OctoBans] ytb_xxkarnagexx sql checked, record: pubyt by YTB_XxKarnageXx to 1508755618
25-10-17 23:48:23 [INFO] [OctoBans] ytb_xxkarnagexx sql checked, record: tpkill by YTB_XxKarnageXx to 1508925099
25-10-17 23:48:23 [INFO] [OctoBans] ytb_xxkarnagexx sql checked, record: majuscule by YTB_XxKarnageXx to 1508752942
25-10-17 23:48:23 [INFO] [OctoBans] ytb_xxkarnagexx sql checked, record: spam by YTB_XxKarnageXx to 1508756206
25-10-17 23:48:23 [INFO] [OctoBans] ytb_xxkarnagexx sql checked, record: majuscule by YTB_XxKarnageXx to 1508753246
25-10-17 23:48:23 [INFO] [OctoBans] ytb_xxkarnagexx sql checked, record: majuscule by YTB_XxKarnageXx to 1508753532
25-10-17 23:48:23 [INFO] [OctoBans] ytb_xxkarnagexx sql checked, record: majuscule by YTB_XxKarnageXx to 1508753831
25-10-17 23:48:23 [INFO] [OctoBans] ytb_xxkarnagexx sql checked, record: doubleposte by YTB_XxKarnageXx to 1508753581
25-10-17 23:48:23 [INFO] [OctoBans] ytb_xxkarnagexx sql checked, record: tpkill by YTB_XxKarnageXx to 1508839711
25-10-17 23:48:23 [INFO] [OctoBans] ytb_xxkarnagexx sql checked, record: tpkill by YTB_XxKarnageXx to 1508839856
25-10-17 23:48:23 [INFO] [OctoBans] ytb_xxkarnagexx sql checked, record: doubleposte by YTB_XxKarnageXx to 1508753923
25-10-17 23:48:23 [INFO] [OctoBans] ytb_xxkarnagexx sql checked, record: tpkill by YTB_XxKarnageXx to 1508840032
25-10-17 23:48:23 [INFO] [OctoBans] ytb_xxkarnagexx sql checked, record: tpkill by YTB_XxKarnageXx to 1508840039
25-10-17 23:48:23 [INFO] [OctoBans] ytb_xxkarnagexx sql checked, record: doubleposte by YTB_XxKarnageXx to 1508753942
25-10-17 23:48:23 [INFO] [OctoBans] ytb_xxkarnagexx sql checked, record: insultestaff by YTB_XxKarnageXx to 1508789704
25-10-17 23:48:23 [INFO] [OctoBans] ytb_xxkarnagexx sql checked, record: incitationflood by YTB_XxKarnageXx to 1508840110
25-10-17 23:48:23 [INFO] [OctoBans] ytb_xxkarnagexx sql checked, record: spam by YTB_XxKarnageXx to 1508757319
25-10-17 23:48:23 [INFO] [OctoBans] ytb_xxkarnagexx sql checked, record: doubleposte by YTB_XxKarnageXx to 1508754655
25-10-17 23:48:23 [INFO] [OctoBans] ytb_xxkarnagexx sql checked, record: spam by YTB_XxKarnageXx to 1508757969
25-10-17 23:48:23 [INFO] [OctoBans] ytb_xxkarnagexx sql checked, record: majuscule by YTB_XxKarnageXx to 1508755789
25-10-17 23:48:23 [INFO] [OctoBans] ytb_xxkarnagexx sql checked, record: majuscule by YTB_XxKarnageXx to 1508755238
25-10-17 23:48:23 [INFO] [OctoBans] ytb_xxkarnagexx sql checked, record: majuscule by YTB_XxKarnageXx to 1508755265
25-10-17 23:48:23 [INFO] [OctoBans] ytb_xxkarnagexx sql checked, record: provocation by YTB_XxKarnageXx to 1508755009
25-10-17 23:48:23 [INFO] [OctoBans] ytb_xxkarnagexx sql checked, record: majuscule by YTB_XxKarnageXx to 1508755702
25-10-17 23:48:23 [INFO] [OctoBans] ytb_xxkarnagexx sql checked, record: doubleposte by YTB_XxKarnageXx to 1508755450
25-10-17 23:48:23 [INFO] [OctoBans] ytb_xxkarnagexx sql checked, record: doubleposte by YTB_XxKarnageXx to 1508756307
25-10-17 23:48:23 [INFO] [OctoBans] ytb_xxkarnagexx sql checked, record: langage by YTB_XxKarnageXx to 1508756626
25-10-17 23:48:23 [INFO] [OctoBans] ytb_xxkarnagexx sql checked, record: langage by YTB_XxKarnageXx to 1508764472
25-10-17 23:48:23 [INFO] [OctoBans] ytb_xxkarnagexx sql checked, record: doubleposte by YTB_XxKarnageXx to 1508765250
25-10-17 23:48:23 [INFO] [OctoBans] ytb_xxkarnagexx sql checked, record: insultesrv by YTB_XxKarnageXx to 1508783065
25-10-17 23:48:23 [INFO] [OctoBans] ytb_xxkarnagexx sql checked, record: tpkill by YTB_XxKarnageXx to 1508851589
25-10-17 23:48:23 [INFO] [OctoBans] ytb_xxkarnagexx sql checked, record: tpkill by YTB_XxKarnageXx to 1508852724
25-10-17 23:48:23 [INFO] [OctoBans] ytb_xxkarnagexx sql checked, record: doubleposte by YTB_XxKarnageXx to 1508767628
25-10-17 23:48:23 [INFO] [OctoBans] ytb_xxkarnagexx sql checked, record: majuscule by YTB_XxKarnageXx to 1508769644
25-10-17 23:48:23 [INFO] [OctoBans] ytb_xxkarnagexx sql checked, record: spam by YTB_XxKarnageXx to 1508774741
25-10-17 23:48:23 [INFO] [OctoBans] ytb_xxkarnagexx sql checked, record: majuscule by YTB_XxKarnageXx to 1508772251
25-10-17 23:48:23 [INFO] [OctoBans] ytb_xxkarnagexx sql checked, record: majuscule by YTB_XxKarnageXx to 1508773376
25-10-17 23:48:23 [INFO] [OctoBans] ytb_xxkarnagexx sql checked, record: doubleposte by YTB_XxKarnageXx to 1508772915
25-10-17 23:48:23 [INFO] [OctoBans] ytb_xxkarnagexx sql checked, record: tpkill by YTB_XxKarnageXx to 1508859073
25-10-17 23:48:23 [INFO] [OctoBans] ytb_xxkarnagexx sql checked, record: pseudograve by YTB_XxKarnageXx to -1
25-10-17 23:48:23 [INFO] [OctoBans] ytb_xxkarnagexx sql checked, record: majuscule by YTB_XxKarnageXx to 1508774111
25-10-17 23:48:23 [INFO] [OctoBans] ytb_xxkarnagexx sql checked, record: insultegrave by YTB_XxKarnageXx to 1508810328
25-10-17 23:48:23 [INFO] [OctoBans] ytb_xxkarnagexx sql checked, record: insultegrave by YTB_XxKarnageXx to 1508810335
25-10-17 23:48:23 [INFO] [OctoBans] ytb_xxkarnagexx sql checked, record: doubleposte by YTB_XxKarnageXx to 1508774642
25-10-17 23:48:23 [INFO] [OctoBans] ytb_xxkarnagexx sql checked, record: tpkill by YTB_XxKarnageXx to 1508861004
25-10-17 23:48:23 [INFO] [OctoBans] ytb_xxkarnagexx sql checked, record: doubleposte by YTB_XxKarnageXx to 1508775030
25-10-17 23:48:23 [INFO] [OctoBans] ytb_xxkarnagexx sql checked, record: insultegrave by YTB_XxKarnageXx to 1508810938
25-10-17 23:48:23 [INFO] [OctoBans] ytb_xxkarnagexx sql checked, record: langage by YTB_XxKarnageXx to 1508775608
25-10-17 23:48:23 [INFO] [OctoBans] ytb_xxkarnagexx sql checked, record: majuscule by YTB_XxKarnageXx to 1508783880
25-10-17 23:48:23 [INFO] [OctoBans] ytb_xxkarnagexx sql checked, record: doubleposte by YTB_XxKarnageXx to 1508783795
25-10-17 23:48:23 [INFO] [OctoBans] ytb_xxkarnagexx sql checked, record: tpkill by YTB_XxKarnageXx to 1508870306
25-10-17 23:48:23 [INFO] [OctoBans] ytb_xxkarnagexx sql checked, record: doubleposte by YTB_XxKarnageXx to 1508784528
25-10-17 23:48:23 [INFO] [OctoBans] ytb_xxkarnagexx sql checked, record: majuscule by YTB_XxKarnageXx to 1508785434
25-10-17 23:48:23 [INFO] [OctoBans] ytb_xxkarnagexx sql checked, record: langage by YTB_XxKarnageXx to 1508784841
25-10-17 23:48:23 [INFO] [OctoBans] ytb_xxkarnagexx sql checked, record: majuscule by YTB_XxKarnageXx to 1508784883
25-10-17 23:48:23 [INFO] [OctoBans] ytb_xxkarnagexx sql checked, record: pubsrv by YTB_XxKarnageXx to 1508788057
25-10-17 23:48:23 [INFO] [OctoBans] ytb_xxkarnagexx sql checked, record: doubleposte by YTB_XxKarnageXx to 1508784764
25-10-17 23:48:23 [INFO] [OctoBans] ytb_xxkarnagexx sql checked, record: doubleposte by YTB_XxKarnageXx to 1508785975
25-10-17 23:48:23 [INFO] [OctoBans] ytb_xxkarnagexx sql checked, record: majuscule by YTB_XxKarnageXx to 1508786845
25-10-17 23:48:23 [INFO] [OctoBans] ytb_xxkarnagexx sql checked, record: doubleposte by YTB_XxKarnageXx to 1508786575
25-10-17 23:48:23 [INFO] [OctoBans] ytb_xxkarnagexx sql checked, record: pubyt by YTB_XxKarnageXx to 1508790382
25-10-17 23:48:23 [INFO] [OctoBans] ytb_xxkarnagexx sql checked, record: doubleposte by YTB_XxKarnageXx to 1508864791
25-10-17 23:48:23 [INFO] [OctoBans] ytb_xxkarnagexx sql checked, record: majuscule by YTB_XxKarnageXx to 1508863915
25-10-17 23:48:23 [INFO] [OctoBans] ytb_xxkarnagexx sql checked, record: tpkill by YTB_XxKarnageXx to 1508949815
25-10-17 23:48:23 [INFO] [OctoBans] ytb_xxkarnagexx sql checked, record: majuscule by YTB_XxKarnageXx to 1508864958
25-10-17 23:48:23 [INFO] [OctoBans] ytb_xxkarnagexx sql checked, record: langage by YTB_XxKarnageXx to 1508865206
25-10-17 23:48:23 [INFO] [OctoBans] ytb_xxkarnagexx sql checked, record: spam by YTB_XxKarnageXx to 1508869113
25-10-17 23:48:23 [INFO] [OctoBans] ytb_xxkarnagexx sql checked, record: majuscule by YTB_XxKarnageXx to 1508866689
25-10-17 23:48:23 [INFO] [OctoBans] ytb_xxkarnagexx sql checked, record: langage by YTB_XxKarnageXx to 1508878523
25-10-17 23:48:23 [INFO] [OctoBans] ytb_xxkarnagexx sql checked, record: spam by YTB_XxKarnageXx to 1508881662
25-10-17 23:48:23 [INFO] [OctoBans] ytb_xxkarnagexx sql checked, record: spam by YTB_XxKarnageXx to 1508881880
25-10-17 23:48:23 [INFO] [OctoBans] ytb_xxkarnagexx sql checked, record: doubleposte by YTB_XxKarnageXx to 1508879126
25-10-17 23:48:23 [INFO] [OctoBans] ytb_xxkarnagexx sql checked, record: langage by YTB_XxKarnageXx to 1508881701
25-10-17 23:48:23 [INFO] [OctoBans] ytb_xxkarnagexx sql checked, record: spammp by YTB_XxKarnageXx to -1
25-10-17 23:48:23 [INFO] [OctoBans] ytb_xxkarnagexx sql checked, record: tpkill by YTB_XxKarnageXx to 1508972126
25-10-17 23:48:23 [INFO] [OctoBans] ytb_xxkarnagexx sql checked, record: insultegrave by YTB_XxKarnageXx to 1508922958
25-10-17 23:48:23 [INFO] [OctoBans] ytb_xxkarnagexx sql checked, record: provocation by YTB_XxKarnageXx to 1508888317
25-10-17 23:48:23 [INFO] [OctoBans] ytb_xxkarnagexx sql checked, record: spam by YTB_XxKarnageXx to 1508891510
25-10-17 23:48:23 [INFO] [OctoBans] ytb_xxkarnagexx sql checked, record: majuscule by YTB_XxKarnageXx to 1508889282
25-10-17 23:48:23 [INFO] [OctoBans] ytb_xxkarnagexx sql checked, record: doubleposte by YTB_XxKarnageXx to 1508890315
25-10-17 23:48:23 [INFO] [OctoBans] ytb_xxkarnagexx sql checked, record: tpkill by YTB_XxKarnageXx to 1508976437
25-10-17 23:48:23 [INFO] [OctoBans] ytb_xxkarnagexx sql checked, record: doubleposte by YTB_XxKarnageXx to 1508890980
25-10-17 23:48:23 [INFO] [OctoBans] ytb_xxkarnagexx sql checked, record: tpkill by YTB_XxKarnageXx to 1509010774
25-10-17 23:48:23 [INFO] [OctoBans] ytb_xxkarnagexx sql checked, record: majuscule by YTB_XxKarnageXx to 1508926349
25-10-17 23:48:23 [INFO] [OctoBans] ytb_xxkarnagexx sql checked, record: langage by YTB_XxKarnageXx to 1508925460
25-10-17 23:48:23 [INFO] [OctoBans] ytb_xxkarnagexx sql checked, record: insultestaff by YTB_XxKarnageXx to 1508960926
25-10-17 23:48:23 [INFO] [OctoBans] ytb_xxkarnagexx sql checked, record: insultegrave by YTB_XxKarnageXx to 1508970598
25-10-17 23:48:23 [INFO] [OctoBans] ytb_xxkarnagexx sql checked, record: langage by YTB_XxKarnageXx to 1508935542
25-10-17 23:48:23 [INFO] [OctoBans] ytb_xxkarnagexx sql checked, record: majuscule by YTB_XxKarnageXx to 1508936169
25-10-17 23:48:23 [INFO] [OctoBans] ytb_xxkarnagexx sql checked, record: tpkill by YTB_XxKarnageXx to 1509022815
25-10-17 23:48:23 [INFO] [OctoBans] ytb_xxkarnagexx sql checked, record: spam by YTB_XxKarnageXx to 1508940125
25-10-17 23:48:23 [INFO] [OctoBans] ytb_xxkarnagexx sql checked, record: provocation by YTB_XxKarnageXx to 1508937572
25-10-17 23:48:23 [INFO] [OctoBans] ytb_xxkarnagexx sql checked, record: langage by YTB_XxKarnageXx to 1508937685
25-10-17 23:48:23 [INFO] [OctoBans] ytb_xxkarnagexx sql checked, record: majuscule by YTB_XxKarnageXx to 1508942300
25-10-17 23:48:23 [INFO] [OctoBans] ytb_xxkarnagexx sql checked, record: majuscule by YTB_XxKarnageXx to 1508942645
25-10-17 23:48:23 [INFO] [OctoBans] ytb_xxkarnagexx sql checked, record: majuscule by YTB_XxKarnageXx to 1508943949
25-10-17 23:48:23 [INFO] [OctoBans] ytb_xxkarnagexx sql checked, record: majuscule by YTB_XxKarnageXx to 1508943317
25-10-17 23:48:23 [INFO] [OctoBans] ytb_xxkarnagexx sql checked, record: majuscule by YTB_XxKarnageXx to 1508943915
25-10-17 23:48:23 [INFO] [OctoBans] ytb_xxkarnagexx sql checked, record: multicompte by YTB_XxKarnageXx to -1
25-10-17 23:48:23 [INFO] [OctoBans] ytb_xxkarnagexx sql checked, record: spam by YTB_XxKarnageXx to 1508948317
25-10-17 23:48:23 [INFO] [OctoBans] ytb_xxkarnagexx sql checked, record: majuscule by YTB_XxKarnageXx to 1508945364
25-10-17 23:48:23 [INFO] [OctoBans] ytb_xxkarnagexx sql checked, record: spam by YTB_XxKarnageXx to 1508963204
25-10-17 23:48:23 [INFO] [OctoBans] ytb_xxkarnagexx sql checked, record: doubleposte by YTB_XxKarnageXx to 1508962510
25-10-17 23:48:23 [INFO] [OctoBans] ytb_xxkarnagexx sql checked, record: doubleposte by YTB_XxKarnageXx to 1508966489
25-10-17 23:48:23 [INFO] [OctoBans] ytb_xxkarnagexx sql checked, record: majuscule by YTB_XxKarnageXx to 1508966712
25-10-17 23:48:23 [INFO] [OctoBans] ytb_xxkarnagexx sql checked, record: doubleposte by YTB_XxKarnageXx to 1508966439
25-10-17 23:48:23 [INFO] [OctoBans] ytb_xxkarnagexx sql checked, record: langage by YTB_XxKarnageXx to 1508966752
25-10-17 23:48:23 [INFO] [OctoBans] ytb_xxkarnagexx sql checked, record: majuscule by YTB_XxKarnageXx to 1508968651
25-10-17 23:48:23 [INFO] [OctoBans] ytb_xxkarnagexx sql checked, record: majuscule by YTB_XxKarnageXx to 1508967899
25-10-17 23:48:23 [INFO] [OctoBans] ytb_xxkarnagexx sql checked, record: majuscule by YTB_XxKarnageXx to 1508968135
25-10-17 23:48:26 [INFO] [OctoBans] Remil punished zlkayzen for: Spam/flood en MP
25-10-17 23:48:35 [INFO] [OctoBans] Remil punished yooko for: Langage incorrect
25-10-17 23:48:49 [INFO] [OctoBans] Remil punished oow_ll for: Majuscule
25-10-17 23:50:45 [INFO] [OctoBans] Remil punished witherben for: Langage incorrect
25-10-17 23:51:29 [INFO] [OctoBans] Remil punished kinedo_youtube for: Langage incorrect
25-10-17 23:51:47 [INFO] [OctoBans] Remil punished lembont for: Majuscule
25-10-17 23:55:01 [INFO] [OctoBans] Zoseq punished karibo127 for: Double Poste
25-10-17 23:55:40 [INFO] [OctoBans] Zoseq punished geanrouge for: Double Poste
25-10-17 23:56:51 [INFO] [OctoBans] NeyTox punished poupounet for: Double Poste
25-10-17 23:57:13 [INFO] [OctoBans] Zoseq punished sam1 for: Spam/flood
25-10-17 23:58:03 [INFO] [OctoBans] LeRe punished deeprodole for: Insulte
26-10-17 00:07:04 [INFO] [OctoBans] otheriii sql checked, record: spammp by MisterBlazing to -1
26-10-17 00:07:15 [INFO] [OctoBans] Remil punished yooko for: Double Poste
26-10-17 00:07:39 [INFO] [OctoBans] SkillBOotiiS punished lembont for: Spam/flood
26-10-17 00:08:08 [INFO] [OctoBans] SkillBOotiiS punished kinedo_youtube for: Spam/flood
26-10-17 00:21:01 [INFO] [OctoBans] NeyTox punished gafaw4 for: Double Poste
26-10-17 00:21:13 [INFO] [OctoBans] NeyTox punished muffmon for: Spam/flood
26-10-17 00:22:29 [INFO] [OctoBans] NeyTox punished lenofix069 for: Spam/flood
26-10-17 00:27:18 [INFO] [OctoBans] SkillBOotiiS punished freddaman for: Double Poste
26-10-17 00:28:16 [INFO] [OctoBans] SkillBOotiiS punished mgk_tozzzz for: Double Poste
26-10-17 00:57:56 [INFO] [OctoBans] octomanredoman sql checked, record: insultesrv by MisterBlazing to 1508988406
26-10-17 00:57:56 [INFO] [OctoBans] octomanredoman sql checked, record: insulte by MisterBlazing to 1508973128
26-10-17 01:05:19 [INFO] [OctoBans] SkillBOotiiS punished freddaman for: Double Poste
26-10-17 01:09:02 [INFO] [OctoBans] chacaldu01 sql checked, record: spamfopen by Remil to 1509071721
26-10-17 01:13:09 [INFO] [OctoBans] Zayrox29 punished wiksfaitduveloyt for: Spam/flood
26-10-17 01:13:14 [INFO] [OctoBans] SkillBOotiiS punished cobocope for: Spam/flood
26-10-17 01:16:28 [INFO] [OctoBans] Zayrox29 punished in4ch0spvp for: Provocation
26-10-17 01:17:26 [INFO] [OctoBans] Zayrox29 punished lembont for: Insulte
26-10-17 01:22:32 [INFO] [OctoBans] NeyTox punished jerminator02294 for: Provocation
26-10-17 01:32:04 [INFO] [OctoBans] Zayrox29 punished atomik_ for: Double Poste
26-10-17 01:39:35 [INFO] [OctoBans] Antoine57565 punished minouto for: Provocation
26-10-17 01:40:03 [INFO] [OctoBans] NeyTox punished zegamer1233 for: Double Poste
26-10-17 01:44:18 [INFO] [OctoBans] Antoine57565 punished vulna for: Insulte
26-10-17 01:44:57 [INFO] [OctoBans] Antoine57565 punished random13 for: Spam/flood
26-10-17 01:52:04 [INFO] [OctoBans] Antoine57565 punished kryptookibidou for: Provocation
26-10-17 02:06:07 [INFO] [OctoBans] Antoine57565 punished vulna2eme for: Provocation
26-10-17 02:11:28 [INFO] [OctoBans] megapvp85 sql checked, record: spam by MisterBlazing to 1508981343
26-10-17 02:17:21 [INFO] [OctoBans] Antoine57565 punished gafaw4 for: Spam/flood
26-10-17 02:42:19 [INFO] [OctoBans] Zayrox29 punished davenherobrine for: Spam/flood en MP
26-10-17 02:47:34 [INFO] [OctoBans] Antoine57565 punished ronweasley for: Homophobie
26-10-17 03:18:54 [INFO] [OctoBans] Antoine57565 punished aydatsu for: Insulte
26-10-17 03:19:03 [INFO] [OctoBans] Antoine57565 punished ryda4 for: Provocation
26-10-17 03:43:33 [INFO] [OctoBans] Antoine57565 punished eazyo for: Insulte
26-10-17 03:43:47 [INFO] [OctoBans] Antoine57565 punished tibs for: Provocation
26-10-17 03:45:56 [INFO] [OctoBans] Antoine57565 punished oeuf32 for: Spam /f tag
26-10-17 03:51:51 [INFO] [OctoBans] xcasing sql checked, record: spammp by MisterBlazing to -1
26-10-17 03:51:51 [INFO] [OctoBans] xcasing sql checked, record: spammp by MisterBlazing to -1
26-10-17 06:01:02 [INFO] [OctoBans] Disabling OctoBans v1.0
