03-07-17 22:31:43 [INFO] [OctoBans] File Handler successfully initialized!
03-07-17 22:31:43 [INFO] [OctoBans] SQL connection successfully etablished
03-07-17 22:31:43 [INFO] [OctoBans] Moderator Tools by Octonia.
03-07-17 22:31:49 [INFO] [OctoBans] erinoxlx sql checked, record: kickautre by Steph078 to -1
03-07-17 22:31:49 [INFO] [OctoBans] axou86 sql checked, record: faussesinfos by Anzerti to 1499119110
03-07-17 22:31:49 [INFO] [OctoBans] luluplaying sql checked, record: spammp by Remil to -1
03-07-17 22:31:49 [INFO] [OctoBans] luluplaying sql checked, record: spammp by SnowEffect to -1
03-07-17 22:31:49 [INFO] [OctoBans] fabiendu45 sql checked, record: spam by Shainko to 1499116295
03-07-17 22:31:49 [INFO] [OctoBans] skypemod sql checked, record: spammp by YTB_XxKarnageXx to -1
03-07-17 22:31:49 [INFO] [OctoBans] skypemod sql checked, record: spammp by PseudoNul to -1
03-07-17 22:31:49 [INFO] [OctoBans] lefifoudu3 sql checked, record: spammp by SuperJojo to -1
03-07-17 22:31:49 [INFO] [OctoBans] craziix_eu sql checked, record: spammp by Remil to -1
03-07-17 22:31:49 [INFO] [OctoBans] craziix_eu sql checked, record: spammp by Remil to -1
03-07-17 22:31:49 [INFO] [OctoBans] craziix_eu sql checked, record: spammp by Remil to -1
03-07-17 22:31:49 [INFO] [OctoBans] craziix_eu sql checked, record: spammp by Remil to -1
03-07-17 22:31:49 [INFO] [OctoBans] stickfly sql checked, record: spammp by SnowEffect to -1
03-07-17 22:31:49 [INFO] [OctoBans] hayden_frost sql checked, record: spammp by PseudoNul to -1
03-07-17 22:31:49 [INFO] [OctoBans] max78jb sql checked, record: spammp by SnowEffect to -1
03-07-17 22:31:49 [INFO] [OctoBans] max78jb sql checked, record: insultestaff by SproFids to 1499122491
03-07-17 22:31:49 [INFO] [OctoBans] unsdfquidab sql checked, record: spammp by Antoine57565 to -1
03-07-17 22:31:49 [INFO] [OctoBans] matgone01 sql checked, record: spammp by ZerKup to -1
03-07-17 22:31:49 [INFO] [OctoBans] matgone01 sql checked, record: spammp by ZerKup to -1
03-07-17 22:31:49 [INFO] [OctoBans] matgone01 sql checked, record: spammp by Remil to -1
03-07-17 22:31:49 [INFO] [OctoBans] matgone01 sql checked, record: floodmp by Forway to -1
03-07-17 22:31:49 [INFO] [OctoBans] matgone01 sql checked, record: spam by JustMySkill to 1499118727
03-07-17 22:31:49 [INFO] [OctoBans] matgone01 sql checked, record: insultegrave by JustMySkill to 1499147566
03-07-17 22:31:49 [INFO] [OctoBans] zayrozz sql checked, record: spammp by Remil to -1
03-07-17 22:31:49 [INFO] [OctoBans] oow_ll sql checked, record: spammp by SkyKosIV to -1
03-07-17 22:31:49 [INFO] [OctoBans] oow_ll sql checked, record: spammp by SnowEffect to -1
03-07-17 22:31:49 [INFO] [OctoBans] idecow_ sql checked, record: spammp by PseudoNul to -1
03-07-17 22:31:49 [INFO] [OctoBans] idecow_ sql checked, record: spammp by SuperJojo to -1
03-07-17 22:31:49 [INFO] [OctoBans] idecow_ sql checked, record: spammp by PseudoNul to -1
03-07-17 22:31:49 [INFO] [OctoBans] idecow_ sql checked, record: spammp by Remil to -1
03-07-17 22:31:49 [INFO] [OctoBans] idecow_ sql checked, record: spammp by SnowEffect to -1
03-07-17 22:31:54 [INFO] [OctoBans] gangsterytb sql checked, record: langage by Shainko to 1499114141
03-07-17 22:31:54 [INFO] [OctoBans] xelio57 sql checked, record: spammp by SnowEffect to -1
03-07-17 22:31:54 [INFO] [OctoBans] arrowgaming sql checked, record: spammp by SkyKosIV to -1
03-07-17 22:31:55 [INFO] [OctoBans] thekillervaca sql checked, record: spammp by SuperJojo to -1
03-07-17 22:31:55 [INFO] [OctoBans] mathis81 sql checked, record: spammp by Steph078 to -1
03-07-17 22:31:55 [INFO] [OctoBans] mathis81 sql checked, record: spammp by Steph078 to -1
03-07-17 22:31:55 [INFO] [OctoBans] bykory_ sql checked, record: spammp by Steph078 to -1
03-07-17 22:31:56 [INFO] [OctoBans] lassa18 sql checked, record: spammp by Remil to -1
03-07-17 22:31:56 [INFO] [OctoBans] lassa18 sql checked, record: spammp by Remil to -1
03-07-17 22:31:56 [INFO] [OctoBans] electricarcher sql checked, record: insultegrave by YTB_XxKarnageXx to 1499116270
03-07-17 22:31:57 [INFO] [OctoBans] pablo sql checked, record: kickautre by Antoine57565 to -1
03-07-17 22:31:58 [INFO] [OctoBans] valmew sql checked, record: spammp by SnowEffect to -1
03-07-17 22:31:58 [INFO] [OctoBans] kitzy sql checked, record: insultegrave by SnowEffect to 1499141751
03-07-17 22:32:03 [INFO] [OctoBans] shetters sql checked, record: faussesinfos by D3adOrSnipSurYTB to 1499273328
03-07-17 22:32:05 [INFO] [OctoBans] darkgames5962 sql checked, record: floodmp by Forway to -1
03-07-17 22:32:12 [INFO] [OctoBans] wardogz_59 sql checked, record: spammp by PseudoNul to -1
03-07-17 22:32:22 [INFO] [OctoBans] illumino900 sql checked, record: floodmp by Forway to -1
03-07-17 22:32:29 [INFO] [OctoBans] Shainko punished xxzeldarkxx for: Double Poste
03-07-17 22:32:34 [INFO] [OctoBans] lolpigman sql checked, record: spammp by SnowEffect to -1
03-07-17 22:32:34 [INFO] [OctoBans] lolpigman sql checked, record: spammp by skhey to -1
03-07-17 22:32:40 [INFO] [OctoBans] _dragibus_ sql checked, record: spammp by Remil to -1
03-07-17 22:32:40 [INFO] [OctoBans] _dragibus_ sql checked, record: spammp by Remil to -1
03-07-17 22:32:40 [INFO] [OctoBans] _dragibus_ sql checked, record: spammp by Remil to -1
03-07-17 22:32:40 [INFO] [OctoBans] _dragibus_ sql checked, record: spammp by Remil to -1
03-07-17 22:32:40 [INFO] [OctoBans] _dragibus_ sql checked, record: spammp by Remil to -1
03-07-17 22:32:40 [INFO] [OctoBans] _dragibus_ sql checked, record: spammp by Remil to -1
03-07-17 22:32:40 [INFO] [OctoBans] _dragibus_ sql checked, record: spammp by Remil to -1
03-07-17 22:32:40 [INFO] [OctoBans] _dragibus_ sql checked, record: spammp by Remil to -1
03-07-17 22:32:40 [INFO] [OctoBans] _dragibus_ sql checked, record: spammp by Remil to -1
03-07-17 22:32:40 [INFO] [OctoBans] _dragibus_ sql checked, record: spammp by Remil to -1
03-07-17 22:32:40 [INFO] [OctoBans] _dragibus_ sql checked, record: spammp by Remil to -1
03-07-17 22:32:40 [INFO] [OctoBans] _dragibus_ sql checked, record: spammp by Remil to -1
03-07-17 22:32:40 [INFO] [OctoBans] _dragibus_ sql checked, record: spammp by PseudoNul to -1
03-07-17 22:32:40 [INFO] [OctoBans] _dragibus_ sql checked, record: spammp by SkyKosIV to -1
03-07-17 22:32:43 [INFO] [OctoBans] bazoukateur sql checked, record: spammp by SnowEffect to -1
03-07-17 22:32:43 [INFO] [OctoBans] leo2316 sql checked, record: spammp by SuperJojo to -1
03-07-17 22:32:43 [INFO] [OctoBans] leo2316 sql checked, record: spammp by Remil to -1
03-07-17 22:32:49 [INFO] [OctoBans] lolo201 sql checked, record: spammp by Remil to -1
03-07-17 22:32:53 [INFO] [OctoBans] waytek sql checked, record: spammp by PseudoNul to -1
03-07-17 22:32:53 [INFO] [OctoBans] waytek sql checked, record: majuscule by D3adOrSnipSurYTB to 1499115314
03-07-17 22:33:06 [INFO] [OctoBans] julie52100 sql checked, record: spammp by SnowEffect to -1
03-07-17 22:33:06 [INFO] [OctoBans] julie52100 sql checked, record: spammp by PseudoNul to -1
03-07-17 22:33:06 [INFO] [OctoBans] julie52100 sql checked, record: insultegrave by JustMySkill to 1499136492
03-07-17 22:33:07 [INFO] [OctoBans] leikow sql checked, record: kickautre by Steph078 to -1
03-07-17 22:33:15 [INFO] [OctoBans] vendeur2kebab sql checked, record: faussesinfos by Anzerti to 1499155147
03-07-17 22:33:26 [INFO] [OctoBans] theohand sql checked, record: majuscule by JustMySkill to 1499115022
03-07-17 22:33:50 [INFO] [OctoBans] thegost sql checked, record: spam by Antoine57565 to 1499124977
03-07-17 22:33:53 [INFO] [OctoBans] pixikz3_lpv sql checked, record: incitationflood by SkyKosIV to 1499174480
03-07-17 22:34:34 [INFO] [OctoBans] taygrax07 sql checked, record: spammp by SnowEffect to -1
03-07-17 22:34:51 [INFO] [OctoBans] _hello_kitty sql checked, record: spammp by SuperJojo to -1
03-07-17 22:34:51 [INFO] [OctoBans] _hello_kitty sql checked, record: spammp by PseudoNul to -1
03-07-17 22:36:06 [INFO] [OctoBans] xxrayanpvpxx sql checked, record: spammp by Remil to -1
03-07-17 22:36:35 [INFO] [OctoBans] Shainko punished unpandarusheuryt for: Double Poste
03-07-17 22:37:38 [INFO] [OctoBans] azer_nexo sql checked, record: incitationflood by SkyKosIV to 1499175907
03-07-17 22:37:55 [INFO] [OctoBans] reborncreep sql checked, record: spammp by Remil to -1
03-07-17 22:37:55 [INFO] [OctoBans] reborncreep sql checked, record: spammp by PseudoNul to -1
03-07-17 22:38:15 [INFO] [OctoBans] xx_propvp_xx sql checked, record: spammp by Remil to -1
03-07-17 22:41:24 [INFO] [OctoBans] sunfall sql checked, record: spammp by aubune to -1
03-07-17 22:41:24 [INFO] [OctoBans] sunfall sql checked, record: floodmp by Forway to -1
03-07-17 22:41:24 [INFO] [OctoBans] sunfall sql checked, record: spammp by Steph078 to -1
03-07-17 22:41:24 [INFO] [OctoBans] sunfall sql checked, record: spammp by PseudoNul to -1
03-07-17 22:41:24 [INFO] [OctoBans] sunfall sql checked, record: spam by Antoine57565 to 1499129156
03-07-17 22:43:53 [INFO] [OctoBans] ratorlosc1102 sql checked, record: spammp by YTB_XxKarnageXx to -1
03-07-17 22:46:25 [INFO] [OctoBans] anthony972 sql checked, record: spammp by Remil to -1
03-07-17 22:46:25 [INFO] [OctoBans] anthony972 sql checked, record: spammp by Remil to -1
03-07-17 22:46:58 [INFO] [OctoBans] Shainko punished ratorlosc1102 for: Majuscule
03-07-17 22:47:34 [INFO] [OctoBans] drkiritoz_ sql checked, record: spammp by YTB_XxKarnageXx to -1
03-07-17 22:47:34 [INFO] [OctoBans] drkiritoz_ sql checked, record: spammp by SuperJojo to -1
03-07-17 22:47:34 [INFO] [OctoBans] drkiritoz_ sql checked, record: floodmp by Forway to -1
03-07-17 22:47:34 [INFO] [OctoBans] drkiritoz_ sql checked, record: spammp by Remil to -1
03-07-17 22:47:48 [INFO] [OctoBans] JustMySkill punished zumbie for: Majuscule
03-07-17 22:50:53 [INFO] [OctoBans] lafilledemushway sql checked, record: spammp by PseudoNul to -1
03-07-17 22:51:15 [INFO] [OctoBans] xersu sql checked, record: spammp by SnowEffect to -1
03-07-17 22:51:28 [INFO] [OctoBans] JustMySkill punished sinagome07 for: Double Poste
03-07-17 22:51:28 [INFO] [OctoBans] whiskass sql checked, record: spammp by SuperJojo to -1
03-07-17 22:51:39 [INFO] [OctoBans] totolezz_pvp sql checked, record: spammp by SnowEffect to -1
03-07-17 22:52:02 [INFO] [OctoBans] njims sql checked, record: spammp by Remil to -1
03-07-17 22:52:02 [INFO] [OctoBans] njims sql checked, record: spammp by PseudoNul to -1
03-07-17 22:53:14 [INFO] [OctoBans] aweee_ sql checked, record: insultegrave by JustMySkill to 1499144934
03-07-17 22:53:41 [INFO] [OctoBans] Shainko punished worm_guizmo for: Insulte grave
03-07-17 22:53:50 [INFO] [OctoBans] Shainko punished vsk_drackooo for: Double Poste
03-07-17 22:58:10 [INFO] [OctoBans] lightman sql checked, record: floodmp by Forway to -1
03-07-17 22:58:10 [INFO] [OctoBans] lightman sql checked, record: floodmp by Forway to -1
03-07-17 22:58:41 [INFO] [OctoBans] dk_skyze sql checked, record: insultegrave by SnowEffect to 1499141868
03-07-17 22:59:11 [INFO] [OctoBans] iPurple_ punished skygames974 for: Double Poste
03-07-17 22:59:53 [INFO] [OctoBans] Shainko punished zerfio42 for: Double Poste
03-07-17 22:59:56 [INFO] [OctoBans] evian sql checked, record: tpkill by Forway to 1499175201
03-07-17 23:02:02 [INFO] [OctoBans] d3adorsnipsurytb sql checked, record: spammp by SuperJojo to -1
03-07-17 23:02:40 [INFO] [OctoBans] mistergamingv2 sql checked, record: spammp by Remil to -1
03-07-17 23:02:54 [INFO] [OctoBans] Shainko punished areski for: Insulte grave
03-07-17 23:03:47 [INFO] [OctoBans] D3adOrSnipSurYTB punished kenzuu_ for: Majuscule
03-07-17 23:04:39 [INFO] [OctoBans] D3adOrSnipSurYTB punished lightman for: Double Poste
03-07-17 23:06:09 [INFO] [OctoBans] _ashbrooks_pvp sql checked, record: incitationflood by Shainko to 1499161954
03-07-17 23:08:52 [INFO] [OctoBans] univerzkerror sql checked, record: faussesinfos by ZerKup to 1499117184
03-07-17 23:10:16 [INFO] [OctoBans] xxbossteamxx sql checked, record: spammp by SuperJojo to -1
03-07-17 23:10:16 [INFO] [OctoBans] xxbossteamxx sql checked, record: spammp by SkyKosIV to -1
03-07-17 23:10:16 [INFO] [OctoBans] xxbossteamxx sql checked, record: spammp by SnowEffect to -1
03-07-17 23:10:16 [INFO] [OctoBans] xxbossteamxx sql checked, record: spammp by SnowEffect to -1
03-07-17 23:10:16 [INFO] [OctoBans] xxbossteamxx sql checked, record: spammp by Remil to -1
03-07-17 23:10:58 [INFO] [OctoBans] D3adOrSnipSurYTB punished _dragibus_ for: Double Poste
03-07-17 23:12:25 [INFO] [OctoBans] vendeur2tacos sql checked, record: spammp by PseudoNul to -1
03-07-17 23:12:34 [INFO] [OctoBans] JustMySkill punished getturclegrand for: Spam/flood
03-07-17 23:13:08 [INFO] [OctoBans] ray54 sql checked, record: spammp by SuperJojo to -1
03-07-17 23:13:32 [INFO] [OctoBans] nitroteck sql checked, record: faussesinfos by JustMySkill to 1499120517
03-07-17 23:13:56 [INFO] [OctoBans] JustMySkill punished skyfack for: Insulte grave
03-07-17 23:14:32 [INFO] [OctoBans] blackzik_ sql checked, record: spammp by PseudoNul to -1
03-07-17 23:14:53 [INFO] [OctoBans] D3adOrSnipSurYTB punished northfirez for: Majuscule
03-07-17 23:14:54 [INFO] [OctoBans] northfirez sql checked, record: majuscule by D3adOrSnipSurYTB to 1499117693
03-07-17 23:15:19 [INFO] [OctoBans] JustMySkill punished labaguette for: Fausses informations
03-07-17 23:15:53 [INFO] [OctoBans] JustMySkill punished oow_ll for: Provocation
03-07-17 23:19:16 [INFO] [OctoBans] shouteur sql checked, record: spammp by Remil to -1
03-07-17 23:19:16 [INFO] [OctoBans] shouteur sql checked, record: spammp by Remil to -1
03-07-17 23:19:16 [INFO] [OctoBans] shouteur sql checked, record: spammp by Remil to -1
03-07-17 23:19:16 [INFO] [OctoBans] shouteur sql checked, record: spammp by Remil to -1
03-07-17 23:19:48 [INFO] [OctoBans] JustMySkill punished pzoklm for: Double Poste
03-07-17 23:20:25 [INFO] [OctoBans] alphaox sql checked, record: insultegrave by D3adOrSnipSurYTB to 1499119019
03-07-17 23:20:41 [INFO] [OctoBans] Shainko punished x4gaming for: Homophobie
03-07-17 23:21:05 [INFO] [OctoBans] JustMySkill punished totolezz_pvp for: Double Poste
03-07-17 23:24:04 [INFO] [OctoBans] darkinggaming sql checked, record: floodmp by Forway to -1
03-07-17 23:27:13 [INFO] [OctoBans] kyzirie sql checked, record: spammp by PseudoNul to -1
03-07-17 23:28:34 [INFO] [OctoBans] D3adOrSnipSurYTB punished theohand for: Double Poste
03-07-17 23:28:48 [INFO] [OctoBans] JustMySkill punished tiquent for: Insulte grave
03-07-17 23:30:07 [INFO] [OctoBans] JustMySkill punished wacycy34 for: Provocation
03-07-17 23:31:07 [INFO] [OctoBans] biguiboss31 sql checked, record: spammp by PseudoNul to -1
03-07-17 23:31:07 [INFO] [OctoBans] biguiboss31 sql checked, record: spammp by Remil to -1
03-07-17 23:36:31 [INFO] [OctoBans] D3adOrSnipSurYTB punished wacycy34 for: Double Poste
03-07-17 23:37:45 [INFO] [OctoBans] JustMySkill punished blastninja for: Spam/flood
03-07-17 23:39:36 [INFO] [OctoBans] JustMySkill punished temamareach for: Spam/flood
03-07-17 23:49:15 [INFO] [OctoBans] JustMySkill punished izotek for: Spam/flood
03-07-17 23:50:29 [INFO] [OctoBans] JustMySkill punished tweeyn_ for: Double Poste
03-07-17 23:53:57 [INFO] [OctoBans] allanyolo sql checked, record: spammp by PseudoNul to -1
03-07-17 23:57:15 [INFO] [OctoBans] algorskis_yt sql checked, record: floodmp by Forway to -1
03-07-17 23:58:10 [INFO] [OctoBans] D3adOrSnipSurYTB punished krais7681 for: Double Poste
03-07-17 23:58:44 [INFO] [OctoBans] D3adOrSnipSurYTB punished unpandarusheuryt for: Majuscule
03-07-17 23:59:11 [INFO] [OctoBans] D3adOrSnipSurYTB punished ix2snik for: Double Poste
04-07-17 00:00:12 [INFO] [OctoBans] iPurple_ punished bgxf_warior for: Menace de hack
04-07-17 00:00:24 [INFO] [OctoBans] iPurple_ punished demers7qc for: Double Poste
04-07-17 00:08:28 [INFO] [OctoBans] link750 sql checked, record: incitationflood by Anzerti to 1499238223
04-07-17 00:10:57 [INFO] [OctoBans] produpvp sql checked, record: spammp by Remil to -1
04-07-17 00:11:49 [INFO] [OctoBans] Shainko punished illumino900 for: Double Poste
04-07-17 00:14:15 [INFO] [OctoBans] D3adOrSnipSurYTB punished axou86 for: Majuscule
04-07-17 00:17:34 [INFO] [OctoBans] titidu06 sql checked, record: spammp by PseudoNul to -1
04-07-17 00:17:42 [INFO] [OctoBans] D3adOrSnipSurYTB punished oxog0d for: Majuscule
04-07-17 00:17:50 [INFO] [OctoBans] D3adOrSnipSurYTB punished mehdi1 for: Langage incorrect
04-07-17 00:27:54 [INFO] [OctoBans] juldestructeur sql checked, record: spammp by PseudoNul to -1
04-07-17 00:27:54 [INFO] [OctoBans] juldestructeur sql checked, record: spammp by PseudoNul to -1
04-07-17 00:28:45 [INFO] [OctoBans] ruth_skwiz sql checked, record: spammp by Remil to -1
04-07-17 00:34:32 [INFO] [OctoBans] D3adOrSnipSurYTB punished lolo201 for: Double Poste
04-07-17 00:38:19 [INFO] [OctoBans] D3adOrSnipSurYTB punished allanyolo for: Double Poste
04-07-17 00:38:41 [INFO] [OctoBans] JustMySkill punished allanyolo for: Spam/flood
04-07-17 00:39:15 [INFO] [OctoBans] D3adOrSnipSurYTB punished brakhorytb for: Double Poste
04-07-17 00:39:35 [INFO] [OctoBans] soufian sql checked, record: faussesinfos by FiasK0 to 1499214576
04-07-17 00:39:47 [INFO] [OctoBans] JustMySkill punished master88 for: Double Poste
04-07-17 00:43:25 [INFO] [OctoBans] JustMySkill punished sucematrompe for: Double Poste
04-07-17 00:47:30 [INFO] [OctoBans] wortexgaming sql checked, record: spammp by PseudoNul to -1
04-07-17 00:47:30 [INFO] [OctoBans] wortexgaming sql checked, record: spammp by Steph078 to -1
04-07-17 00:50:29 [INFO] [OctoBans] tokyo sql checked, record: faussesinfos by Anzerti to 1499133850
04-07-17 00:50:29 [INFO] [OctoBans] tokyo sql checked, record: spammp by SnowEffect to -1
04-07-17 00:53:25 [INFO] [OctoBans] D3adOrSnipSurYTB punished louiska_ for: Spam/flood
04-07-17 00:56:45 [INFO] [OctoBans] D3adOrSnipSurYTB punished weetiix for: Double Poste
04-07-17 00:58:16 [INFO] [OctoBans] JustMySkill punished by_fly for: Provocation
04-07-17 01:02:28 [INFO] [OctoBans] stonewolf sql checked, record: spammp by SuperJojo to -1
04-07-17 01:13:29 [INFO] [OctoBans] weezy sql checked, record: kickautre by Steph078 to -1
04-07-17 01:15:28 [INFO] [OctoBans] JustMySkill punished bfa69 for: Langage incorrect
04-07-17 01:16:42 [INFO] [OctoBans] JustMySkill punished unetonguequiezz for: Double Poste
04-07-17 01:17:05 [INFO] [OctoBans] JustMySkill punished johan22600 for: Double Poste
04-07-17 01:18:04 [INFO] [OctoBans] JustMySkill punished nanaimo123itsme for: Double Poste
04-07-17 01:19:15 [INFO] [OctoBans] denis018 sql checked, record: spammp by Remil to -1
04-07-17 01:32:14 [INFO] [OctoBans] JustMySkill punished sucematrompe for: Langage incorrect
04-07-17 01:46:49 [INFO] [OctoBans] JustMySkill punished tereure for: Provocation
04-07-17 01:49:18 [INFO] [OctoBans] JustMySkill punished shap_coc_2 for: Insulte grave
04-07-17 01:49:26 [INFO] [OctoBans] JustMySkill punished oulam for: Insulte grave
04-07-17 01:54:57 [INFO] [OctoBans] JustMySkill punished demers7qc for: Double Poste
04-07-17 02:06:29 [INFO] [OctoBans] kieronvb sql checked, record: kickautre by ZerKup to -1
04-07-17 02:06:35 [INFO] [OctoBans] ixtray sql checked, record: spammp by SnowEffect to -1
04-07-17 02:08:29 [INFO] [OctoBans] D3adOrSnipSurYTB punished ixtray for: Double Poste
04-07-17 02:18:48 [INFO] [OctoBans] witer sql checked, record: spammp by Remil to -1
04-07-17 02:21:16 [INFO] [OctoBans] D3adOrSnipSurYTB punished strikewail for: Spam/flood
04-07-17 02:21:18 [INFO] [OctoBans] D3adOrSnipSurYTB punished kowwar for: Spam/flood
04-07-17 02:21:23 [INFO] [OctoBans] D3adOrSnipSurYTB punished ityxx for: Majuscule
04-07-17 02:21:44 [INFO] [OctoBans] D3adOrSnipSurYTB punished kieronvb for: Spam/flood
04-07-17 02:22:41 [INFO] [OctoBans] D3adOrSnipSurYTB punished c4mp3urx9_ for: Provocation
04-07-17 02:24:02 [INFO] [OctoBans] D3adOrSnipSurYTB punished madelenechoco2 for: Spam/flood
04-07-17 02:24:06 [INFO] [OctoBans] D3adOrSnipSurYTB punished by_fly for: Langage incorrect
04-07-17 02:25:39 [INFO] [OctoBans] D3adOrSnipSurYTB punished kieronvb for: Spam/flood
04-07-17 02:26:08 [INFO] [OctoBans] JustMySkill punished neeskofnoob for: Spam/flood
04-07-17 02:27:46 [INFO] [OctoBans] JustMySkill punished neeskofnoob for: Spam/flood
04-07-17 02:28:08 [INFO] [OctoBans] D3adOrSnipSurYTB punished neeskofnoob for: Spam/flood
04-07-17 02:28:29 [INFO] [OctoBans] D3adOrSnipSurYTB punished neeskofnoob for: Spam/flood
04-07-17 02:29:14 [INFO] [OctoBans] JustMySkill punished neeskofnoob for: Spam/flood
04-07-17 02:29:35 [INFO] [OctoBans] D3adOrSnipSurYTB punished neeskofnoob for: Spam/flood
04-07-17 02:29:57 [INFO] [OctoBans] D3adOrSnipSurYTB punished neeskofnoob for: Spam/flood
04-07-17 02:30:19 [INFO] [OctoBans] D3adOrSnipSurYTB punished neeskofnoob for: Spam/flood
04-07-17 02:30:34 [INFO] [OctoBans] D3adOrSnipSurYTB punished mathis81 for: Majuscule
04-07-17 02:30:52 [INFO] [OctoBans] D3adOrSnipSurYTB punished nexzablox for: Double Poste
04-07-17 02:31:01 [INFO] [OctoBans] JustMySkill punished neeskofnoob for: Spam/flood
04-07-17 02:31:21 [INFO] [OctoBans] D3adOrSnipSurYTB punished neeskofnoob for: Spam/flood
04-07-17 02:31:41 [INFO] [OctoBans] D3adOrSnipSurYTB punished neeskofnoob for: Spam/flood
04-07-17 02:31:59 [INFO] [OctoBans] D3adOrSnipSurYTB punished ityxx for: Majuscule
04-07-17 02:32:01 [INFO] [OctoBans] D3adOrSnipSurYTB punished neeskofnoob for: Spam/flood
04-07-17 02:32:17 [INFO] [OctoBans] D3adOrSnipSurYTB punished kassi for: Insulte staff
04-07-17 02:32:47 [INFO] [OctoBans] D3adOrSnipSurYTB punished neeskofnoob for: Spam/flood
04-07-17 02:33:08 [INFO] [OctoBans] D3adOrSnipSurYTB punished neeskofnoob for: Spam/flood
04-07-17 02:33:28 [INFO] [OctoBans] D3adOrSnipSurYTB punished neeskofnoob for: Spam/flood
04-07-17 02:33:58 [INFO] [OctoBans] JustMySkill punished nanaimo123itsme for: Langage incorrect
04-07-17 02:34:08 [INFO] [OctoBans] D3adOrSnipSurYTB punished neeskofnoob for: Spam/flood
04-07-17 02:34:10 [INFO] [OctoBans] JustMySkill punished jojolatereur972 for: Langage incorrect
04-07-17 02:34:30 [INFO] [OctoBans] D3adOrSnipSurYTB punished neeskofnoob for: Spam/flood
04-07-17 02:35:19 [INFO] [OctoBans] aubune punished neeskofnoob for: Spam/flood
04-07-17 02:35:42 [INFO] [OctoBans] D3adOrSnipSurYTB punished neeskofnoob for: Spam/flood
04-07-17 02:36:03 [INFO] [OctoBans] D3adOrSnipSurYTB punished neeskofnoob for: Spam/flood
04-07-17 02:36:30 [INFO] [OctoBans] JustMySkill punished neeskofnoob for: Spam/flood
04-07-17 02:36:50 [INFO] [OctoBans] aubune punished neeskofnoob for: TpKill
04-07-17 02:40:30 [INFO] [OctoBans] D3adOrSnipSurYTB punished joffkorfrkdz for: Spam/flood
04-07-17 02:47:37 [INFO] [OctoBans] Remil punished joffkorfrkdz for: Spam /f open
04-07-17 02:47:59 [INFO] [OctoBans] anzerti sql checked, record: spammp by Steph078 to -1
04-07-17 02:48:00 [INFO] [OctoBans] Remil punished nesskofnoob for: Spam /f open
04-07-17 02:48:08 [INFO] [OctoBans] Remil punished strikewail for: Spam /f open
04-07-17 02:51:16 [INFO] [OctoBans] Anzerti punished drkiritoz_ for: Double Poste
04-07-17 02:52:59 [INFO] [OctoBans] JustMySkill punished twinx_boy for: Incitation au flood
04-07-17 02:56:27 [INFO] [OctoBans] Anzerti punished lapatate2017 for: Double Poste
04-07-17 02:59:06 [INFO] [OctoBans] D3adOrSnipSurYTB punished eden07 for: Double Poste
04-07-17 03:03:01 [INFO] [OctoBans] D3adOrSnipSurYTB punished shap_coc_2 for: Spam/flood
04-07-17 03:03:59 [INFO] [OctoBans] Anzerti punished azway_yt for: Spam/flood
04-07-17 03:04:54 [INFO] [OctoBans] Anzerti punished jojolatereur971 for: Langage incorrect
04-07-17 03:06:53 [INFO] [OctoBans] Anzerti punished blackzombie for: Double Poste
04-07-17 03:07:55 [INFO] [OctoBans] Anzerti punished weezy for: Provocation
04-07-17 03:09:52 [INFO] [OctoBans] Anzerti punished renards127 for: Double Poste
04-07-17 03:10:40 [INFO] [OctoBans] Anzerti punished jojolatereur972 for: Langage incorrect
04-07-17 03:13:45 [INFO] [OctoBans] Anzerti punished deathkalibur for: Provocation
04-07-17 03:15:57 [INFO] [OctoBans] deathkalibur sql checked, record: provocation by Anzerti to 1499131725
04-07-17 03:17:24 [INFO] [OctoBans] D3adOrSnipSurYTB punished blackzombie for: Double Poste
04-07-17 03:20:31 [INFO] [OctoBans] JustMySkill punished renards127 for: Double Poste
04-07-17 03:21:43 [INFO] [OctoBans] D3adOrSnipSurYTB punished lapatate2017 for: Double Poste
04-07-17 03:35:48 [INFO] [OctoBans] JustMySkill punished krais7681 for: Double Poste
04-07-17 04:02:59 [INFO] [OctoBans] JustMySkill punished thedarkorb45 for: Provocation
04-07-17 04:09:16 [INFO] [OctoBans] JustMySkill punished shap_coc_2 for: Spam/flood
04-07-17 04:12:57 [INFO] [OctoBans] xeloman sql checked, record: spammp by SnowEffect to -1
04-07-17 04:24:07 [INFO] [OctoBans] blackwhite010 sql checked, record: spammp by PseudoNul to -1
04-07-17 04:24:07 [INFO] [OctoBans] blackwhite010 sql checked, record: menacehack by Remil to 1499188764
04-07-17 04:24:07 [INFO] [OctoBans] blackwhite010 sql checked, record: menacehack by Remil to 1499447984
04-07-17 04:31:38 [INFO] [OctoBans] JustMySkill punished askover for: Double Poste
04-07-17 04:31:52 [INFO] [OctoBans] JustMySkill punished thedarkorb45 for: Spam/flood
04-07-17 04:32:14 [INFO] [OctoBans] JustMySkill punished thedarkorb45 for: Spam/flood
04-07-17 04:53:07 [INFO] [OctoBans] JustMySkill punished coolvice for: Majuscule
04-07-17 06:01:02 [INFO] [OctoBans] Disabling OctoBans v1.0
