27-11-17 22:31:42 [INFO] [OctoBans] File Handler successfully initialized!
27-11-17 22:31:42 [INFO] [OctoBans] SQL connection successfully etablished
27-11-17 22:31:42 [INFO] [OctoBans] Moderator Tools by Octonia.
27-11-17 22:31:47 [INFO] [OctoBans] ocip_matth sql checked, record: majuscule by Flowtox to 1511818574
27-11-17 22:31:47 [INFO] [OctoBans] aparia sql checked, record: spammp by pepedjo to -1
27-11-17 22:31:47 [INFO] [OctoBans] aparia sql checked, record: spammp by pepedjo to -1
27-11-17 22:31:47 [INFO] [OctoBans] aparia sql checked, record: spammp by Evolze to -1
27-11-17 22:31:47 [INFO] [OctoBans] aparia sql checked, record: spammp by FiasK0 to -1
27-11-17 22:31:47 [INFO] [OctoBans] kimoli sql checked, record: spammp by NeyTox to -1
27-11-17 22:31:47 [INFO] [OctoBans] kimoli sql checked, record: spammp by NeyTox to -1
27-11-17 22:31:47 [INFO] [OctoBans] kimoli sql checked, record: spammp by NeyTox to -1
27-11-17 22:31:47 [INFO] [OctoBans] kimoli sql checked, record: spammp by NeyTox to -1
27-11-17 22:31:47 [INFO] [OctoBans] kimoli sql checked, record: spammp by NeyTox to -1
27-11-17 22:31:47 [INFO] [OctoBans] kimoli sql checked, record: spammp by NeyTox to -1
27-11-17 22:31:47 [INFO] [OctoBans] kimoli sql checked, record: spammp by NeyTox to -1
27-11-17 22:31:47 [INFO] [OctoBans] kimoli sql checked, record: spammp by NeyTox to -1
27-11-17 22:31:47 [INFO] [OctoBans] kimoli sql checked, record: spammp by NeyTox to -1
27-11-17 22:31:47 [INFO] [OctoBans] kimoli sql checked, record: spammp by Remil to -1
27-11-17 22:31:47 [INFO] [OctoBans] kimoli sql checked, record: spammp by OCIP_Matth to -1
27-11-17 22:31:47 [INFO] [OctoBans] kimoli sql checked, record: spammp by YTB_XxKarnageXx to -1
27-11-17 22:31:47 [INFO] [OctoBans] kimoli sql checked, record: spammp by YTB_XxKarnageXx to -1
27-11-17 22:31:47 [INFO] [OctoBans] kimoli sql checked, record: spammp by YTB_XxKarnageXx to -1
27-11-17 22:31:47 [INFO] [OctoBans] kimoli sql checked, record: doubleposte by Gamer09 to 1511820986
27-11-17 22:31:52 [INFO] [OctoBans] noirafricain sql checked, record: spammp by Zoseq to -1
27-11-17 22:32:09 [INFO] [OctoBans] the_slash sql checked, record: spammp by pepedjo to -1
27-11-17 22:32:09 [INFO] [OctoBans] the_slash sql checked, record: spammp by drbrine to -1
27-11-17 22:32:09 [INFO] [OctoBans] the_slash sql checked, record: homophobie by FiasK0 to 1511825105
27-11-17 22:32:12 [INFO] [OctoBans] jesuislepepsi sql checked, record: spammp by infinitim to -1
27-11-17 22:32:12 [INFO] [OctoBans] jesuislepepsi sql checked, record: spammp by infinitim to -1
27-11-17 22:33:04 [INFO] [OctoBans] fabio sql checked, record: insultegrave by drbrine to 1511951436
27-11-17 22:33:04 [INFO] [OctoBans] fabio sql checked, record: homophobie by drbrine to 1511908292
27-11-17 22:33:04 [INFO] [OctoBans] fabio sql checked, record: spammp by drbrine to -1
27-11-17 22:33:04 [INFO] [OctoBans] fabio sql checked, record: insultegrave by drbrine to 1512061047
27-11-17 22:33:04 [INFO] [OctoBans] fabio sql checked, record: spammp by OCIP_Matth to -1
27-11-17 22:33:04 [INFO] [OctoBans] fabio sql checked, record: insultestaff by OCIP_Matth to 1512029594
27-11-17 22:33:24 [INFO] [OctoBans] virocl sql checked, record: spammp by drbrine to -1
27-11-17 22:34:01 [INFO] [OctoBans] mamoun sql checked, record: doubleposte by D3adOrSnipSurYTB to 1511819840
27-11-17 22:40:54 [INFO] [OctoBans] Gamer09 punished jesuislepepsi for: Spam/flood
27-11-17 22:41:14 [INFO] [OctoBans] Gamer09 punished jesuislepepsi for: Insulte staff
27-11-17 22:42:11 [INFO] [OctoBans] Gamer09 punished xppvp for: Insulte
27-11-17 22:47:39 [INFO] [OctoBans] darryl1 sql checked, record: spammp by FiasK0 to -1
27-11-17 22:55:11 [INFO] [OctoBans] _dragibus_ sql checked, record: spammp by FiasK0 to -1
27-11-17 22:55:47 [INFO] [OctoBans] hayden_frost sql checked, record: spammp by OCIP_Matth to -1
27-11-17 22:57:17 [INFO] [OctoBans] Gamer09 punished fabubu for: Majuscule
27-11-17 22:59:13 [INFO] [OctoBans] Flowtox punished ocip_matth for: Trahison
27-11-17 22:59:35 [INFO] [OctoBans] Flowtox punished timed0ut for: Spam/flood
27-11-17 22:59:55 [INFO] [OctoBans] Flowtox punished okine_ for: Provocation
27-11-17 23:00:33 [INFO] [OctoBans] Gamer09 punished timed0ut for: Insulte grave
27-11-17 23:04:29 [INFO] [OctoBans] drbrine punished electriiz for: Double Poste
27-11-17 23:26:21 [INFO] [OctoBans] legamer80135 sql checked, record: spammp by LaKitaw to -1
27-11-17 23:27:57 [INFO] [OctoBans] amokon sql checked, record: spammp by PoukoaMoa to -1
27-11-17 23:39:49 [INFO] [OctoBans] algorskis_yt sql checked, record: spammp by SmooKeur to -1
27-11-17 23:43:40 [INFO] [OctoBans] drbrine punished thelordfirst for: Pub serveur
27-11-17 23:56:29 [INFO] [OctoBans] ourox_ sql checked, record: spammp by OCIP_Matth to -1
27-11-17 23:56:29 [INFO] [OctoBans] ourox_ sql checked, record: spammp by LaKitaw to -1
27-11-17 23:56:29 [INFO] [OctoBans] ourox_ sql checked, record: spammp by PoukoaMoa to -1
28-11-17 00:40:47 [INFO] [OctoBans] aexraptorz sql checked, record: spammp by Remil to -1
28-11-17 00:55:26 [INFO] [OctoBans] drbrine punished mathlem for: Double Poste
28-11-17 01:10:45 [INFO] [OctoBans] killerboydu13 sql checked, record: spammp by Evolze to -1
28-11-17 01:10:45 [INFO] [OctoBans] killerboydu13 sql checked, record: spammp by KelianHD to -1
28-11-17 01:10:45 [INFO] [OctoBans] killerboydu13 sql checked, record: spammp by OCIP_Matth to -1
28-11-17 05:28:18 [INFO] [OctoBans] kikoo53000 sql checked, record: spammp by ToXiCz_TV to -1
28-11-17 06:01:02 [INFO] [OctoBans] Disabling OctoBans v1.0
