08-01-18 22:31:42 [INFO] [OctoBans] File Handler successfully initialized!
08-01-18 22:31:42 [INFO] [OctoBans] SQL connection successfully etablished
08-01-18 22:31:42 [INFO] [OctoBans] Moderator Tools by Octonia.
08-01-18 22:31:48 [INFO] [OctoBans] mayeul sql checked, record: spammp by SmooKeur to -1
08-01-18 22:31:48 [INFO] [OctoBans] progameur sql checked, record: spammp by FiasK0 to -1
08-01-18 22:31:48 [INFO] [OctoBans] progameur sql checked, record: spammp by D3adOrSnipSurYTB to -1
08-01-18 22:31:48 [INFO] [OctoBans] progameur sql checked, record: insultegrave by FiasK0 to 1515551826
08-01-18 22:31:53 [INFO] [OctoBans] killeur56 sql checked, record: spammp by PseudooNull to -1
08-01-18 22:32:01 [INFO] [OctoBans] mame sql checked, record: spammp by FiasK0 to -1
08-01-18 22:32:01 [INFO] [OctoBans] mame sql checked, record: spammp by Ourox_ to -1
08-01-18 22:32:01 [INFO] [OctoBans] mame sql checked, record: spammp by tinmar to -1
08-01-18 22:32:24 [INFO] [OctoBans] je_rush_en_z sql checked, record: spammp by LaKitaw to -1
08-01-18 22:32:46 [INFO] [OctoBans] boblesang sql checked, record: spammp by woimant to -1
08-01-18 22:32:52 [INFO] [OctoBans] the_slash sql checked, record: spammp by pepedjo to -1
08-01-18 22:32:52 [INFO] [OctoBans] the_slash sql checked, record: spammp by drbrine to -1
08-01-18 22:32:52 [INFO] [OctoBans] the_slash sql checked, record: spammp by NeyTox to -1
08-01-18 22:32:52 [INFO] [OctoBans] the_slash sql checked, record: spammp by EW3L to -1
08-01-18 22:33:00 [INFO] [OctoBans] ytbibossyt sql checked, record: spammp by atsuky to -1
08-01-18 22:34:49 [INFO] [OctoBans] azenpvp sql checked, record: spammp by D3adOrSnipSurYTB to -1
08-01-18 22:38:08 [INFO] [OctoBans] chut3000 sql checked, record: spammp by FiasK0 to -1
08-01-18 22:38:08 [INFO] [OctoBans] chut3000 sql checked, record: spammp by Zayrox29 to -1
08-01-18 22:38:08 [INFO] [OctoBans] chut3000 sql checked, record: spammp by NeyTox to -1
08-01-18 22:42:38 [INFO] [OctoBans] deeprodole sql checked, record: spammp by Zayrox29 to -1
08-01-18 22:42:38 [INFO] [OctoBans] deeprodole sql checked, record: spammp by Zayrox29 to -1
08-01-18 22:45:53 [INFO] [OctoBans] maitre4 sql checked, record: spammp by FiasK0 to -1
08-01-18 22:49:42 [INFO] [OctoBans] agoniel sql checked, record: spammp by Koeseb97 to -1
08-01-18 23:00:21 [INFO] [OctoBans] oth716 sql checked, record: spammp by EGGSPLOSION to -1
08-01-18 23:38:18 [INFO] [OctoBans] virocl sql checked, record: spammp by PseudooNull to -1
08-01-18 23:39:55 [INFO] [OctoBans] rdvsurlebloc sql checked, record: spammp by D3adOrSnipSurYTB to -1
09-01-18 00:21:34 [INFO] [OctoBans] aexraptorz sql checked, record: spammp by Remil to -1
09-01-18 00:21:34 [INFO] [OctoBans] aexraptorz sql checked, record: spammp by PseudooNull to -1
09-01-18 00:21:34 [INFO] [OctoBans] aexraptorz sql checked, record: insultegrave by NeyTox to 1515553857
09-01-18 00:25:12 [INFO] [OctoBans] pepsicoca sql checked, record: spammp by FiasK0 to -1
09-01-18 00:33:05 [INFO] [OctoBans] easy sql checked, record: faussesinfos by SmooKeur to 1515597092
09-01-18 00:57:53 [INFO] [OctoBans] SmooKeur punished lexbott18 for: Spam/flood
09-01-18 01:18:03 [INFO] [OctoBans] SmooKeur punished oth716 for: Provocation
09-01-18 03:43:36 [INFO] [OctoBans] remil sql checked, record: spammp by FiasK0 to -1
09-01-18 05:35:40 [INFO] [OctoBans] diodu sql checked, record: spammp by Gamer09 to -1
09-01-18 05:38:09 [INFO] [OctoBans] pepedjo sql checked, record: spammp by NiceFR to -1
09-01-18 05:38:09 [INFO] [OctoBans] pepedjo sql checked, record: spammp by ToXiCz_TV to -1
09-01-18 06:01:02 [INFO] [OctoBans] Disabling OctoBans v1.0
