09-08-17 22:31:42 [INFO] [OctoBans] File Handler successfully initialized!
09-08-17 22:31:42 [INFO] [OctoBans] SQL connection successfully etablished
09-08-17 22:31:42 [INFO] [OctoBans] Moderator Tools by Octonia.
09-08-17 22:31:49 [INFO] [OctoBans] widglitcher_yt sql checked, record: spammp by Remil to -1
09-08-17 22:31:49 [INFO] [OctoBans] oeufdepoule62 sql checked, record: spammp by Remil to -1
09-08-17 22:31:49 [INFO] [OctoBans] oeufdepoule62 sql checked, record: spammp by SkyKosIV to -1
09-08-17 22:31:49 [INFO] [OctoBans] oeufdepoule62 sql checked, record: kickautre by NeosiaNexus to -1
09-08-17 22:31:49 [INFO] [OctoBans] oeufdepoule62 sql checked, record: insultegrave by JustMySkill to 1502434156
09-08-17 22:31:49 [INFO] [OctoBans] nikefort sql checked, record: doubleposte by _Hello_Kitty to 1502311611
09-08-17 22:31:49 [INFO] [OctoBans] darkinggaming sql checked, record: floodmp by Forway to -1
09-08-17 22:31:49 [INFO] [OctoBans] denis018 sql checked, record: spammp by Remil to -1
09-08-17 22:31:49 [INFO] [OctoBans] jasoxx sql checked, record: spammp by iPurple_ to -1
09-08-17 22:31:49 [INFO] [OctoBans] jasoxx sql checked, record: spammp by drbrine to -1
09-08-17 22:31:49 [INFO] [OctoBans] jasoxx sql checked, record: spammp by drbrine to -1
09-08-17 22:31:49 [INFO] [OctoBans] jasoxx sql checked, record: spammp by drbrine to -1
09-08-17 22:31:50 [INFO] [OctoBans] xelio57 sql checked, record: spammp by SnowEffect to -1
09-08-17 22:31:57 [INFO] [OctoBans] mistergamingv2 sql checked, record: spammp by Remil to -1
09-08-17 22:31:57 [INFO] [OctoBans] mistergamingv2 sql checked, record: spammp by YTB_XxKarnageXx to -1
09-08-17 22:31:58 [INFO] [OctoBans] sosodidi sql checked, record: spammp by Remil to -1
09-08-17 22:31:58 [INFO] [OctoBans] gaming_clash sql checked, record: spammp by SkyKosIV to -1
09-08-17 22:32:08 [INFO] [OctoBans] thebbdragz sql checked, record: spammp by Remil to -1
09-08-17 22:32:09 [INFO] [OctoBans] weetiix sql checked, record: spammp by SmooKeur to -1
09-08-17 22:32:09 [INFO] [OctoBans] weetiix sql checked, record: spammp by SmooKeur to -1
09-08-17 22:32:10 [INFO] [OctoBans] flytrack sql checked, record: incitationflood by Xylear to 1502468697
09-08-17 22:32:11 [INFO] [OctoBans] keozeo sql checked, record: insultegrave by ChronoEthernal to 1502381381
09-08-17 22:32:21 [INFO] [OctoBans] xboymax sql checked, record: spammp by YTB_XxKarnageXx to -1
09-08-17 22:32:21 [INFO] [OctoBans] xboymax sql checked, record: spammp by tinmar to -1
09-08-17 22:32:21 [INFO] [OctoBans] xboymax sql checked, record: kickautre by CreepyEagle to -1
09-08-17 22:32:21 [INFO] [OctoBans] xboymax sql checked, record: spammp by tinmar to -1
09-08-17 22:32:21 [INFO] [OctoBans] xboymax sql checked, record: spammp by YTB_XxKarnageXx to -1
09-08-17 22:32:24 [INFO] [OctoBans] christophe2003 sql checked, record: flood by Wiindows to 1502313979
09-08-17 22:32:27 [INFO] [OctoBans] wize_ sql checked, record: spammp by TheBrioche13 to -1
09-08-17 22:32:28 [INFO] [OctoBans] xarioxytb sql checked, record: majuscule by TheBrioche13 to 1502311512
09-08-17 22:32:33 [INFO] [OctoBans] charifboss sql checked, record: insultegrave by JustMySkill to 1502384757
09-08-17 22:32:33 [INFO] [OctoBans] charifboss sql checked, record: insultegrave by JustMySkill to 1502444686
09-08-17 22:32:34 [INFO] [OctoBans] lololaclarinette sql checked, record: spammp by tinmar to -1
09-08-17 22:32:41 [INFO] [OctoBans] xxrandomxx sql checked, record: spammp by SmooKeur to -1
09-08-17 22:32:41 [INFO] [OctoBans] xxrandomxx sql checked, record: incitationflood by JustMySkill to 1502315620
09-08-17 22:32:48 [INFO] [OctoBans] _vortex_ sql checked, record: insultegrave by JustMySkill to 1502361482
09-08-17 22:32:52 [INFO] [OctoBans] hurycedaniel sql checked, record: insultegrave by YTB_XxKarnageXx to 1502334917
09-08-17 22:33:44 [INFO] [OctoBans] ededed91 sql checked, record: spammp by SkyKosIV to -1
09-08-17 22:33:47 [INFO] [OctoBans] mrkebab sql checked, record: spammp by SuperJojo to -1
09-08-17 22:33:47 [INFO] [OctoBans] mrkebab sql checked, record: spammp by SuperJojo to -1
09-08-17 22:33:47 [INFO] [OctoBans] mrkebab sql checked, record: spammp by Remil to -1
09-08-17 22:33:50 [INFO] [OctoBans] gangstardu59 sql checked, record: faussesinfos by EGGSPLOSION to 1502383201
09-08-17 22:33:53 [INFO] [OctoBans] kyabe sql checked, record: kickautre by CreepyEagle to -1
09-08-17 22:33:53 [INFO] [OctoBans] kyabe sql checked, record: spammp by Steph078 to -1
09-08-17 22:33:55 [INFO] [OctoBans] dylan433 sql checked, record: spammp by PseudoNul to -1
09-08-17 22:33:55 [INFO] [OctoBans] dylan433 sql checked, record: spammp by Remil to -1
09-08-17 22:34:05 [INFO] [OctoBans] azertuip sql checked, record: spammp by Remil to -1
09-08-17 22:34:18 [INFO] [OctoBans] shayloup sql checked, record: faussesinfos by Shouteur to 1502480077
09-08-17 22:34:18 [INFO] [OctoBans] shayloup sql checked, record: faussesinfos by FiasK0 to 1502569544
09-08-17 22:34:28 [INFO] [OctoBans] mister_foxy66 sql checked, record: incitationflood by The_Frusty to 1502380380
09-08-17 22:34:51 [INFO] [OctoBans] joliace sql checked, record: flood by EGGSPLOSION to 1502317188
09-08-17 22:34:52 [INFO] [OctoBans] _dragibus_ sql checked, record: spammp by Remil to -1
09-08-17 22:34:52 [INFO] [OctoBans] _dragibus_ sql checked, record: faussesinfos by Shouteur to 1502476600
09-08-17 22:34:52 [INFO] [OctoBans] matryx sql checked, record: insultegrave by EGGSPLOSION to 1502346187
09-08-17 22:35:22 [INFO] [OctoBans] JustMySkill punished chronos for: Insulte grave
09-08-17 22:35:25 [INFO] [OctoBans] goldengamer sql checked, record: insulte by ChronoEthernal to 1502312902
09-08-17 22:35:25 [INFO] [OctoBans] goldengamer sql checked, record: insultegrave by ChronoEthernal to 1502346228
09-08-17 22:35:34 [INFO] [OctoBans] lesimulateure sql checked, record: incitationflood by Remil to 1502319095
09-08-17 22:35:35 [INFO] [OctoBans] logamer sql checked, record: floodmp by Forway to -1
09-08-17 22:35:35 [INFO] [OctoBans] logamer sql checked, record: spammp by iPurple_ to -1
09-08-17 22:35:35 [INFO] [OctoBans] logamer sql checked, record: spammp by YTB_XxKarnageXx to -1
09-08-17 22:35:47 [INFO] [OctoBans] jfgo542 sql checked, record: insultegrave by JustMySkill to 1502313144
09-08-17 22:36:11 [INFO] [OctoBans] papigabi sql checked, record: spammp by SmooKeur to -1
09-08-17 22:37:01 [INFO] [OctoBans] ly69n sql checked, record: kickautre by NeosiaNexus to -1
09-08-17 22:37:01 [INFO] [OctoBans] ly69n sql checked, record: insulte by ChronoEthernal to 1502315059
09-08-17 22:39:53 [INFO] [OctoBans] _topui_ sql checked, record: spammp by ZerKup to -1
09-08-17 22:40:04 [INFO] [OctoBans] zamasu sql checked, record: insultegrave by ZerKup to 1502360002
09-08-17 22:42:30 [INFO] [OctoBans] The_Frusty punished _pvpgameur_ for: Publicité Youtubeur
09-08-17 22:42:52 [INFO] [OctoBans] neox_ytb sql checked, record: spammp by iPurple_ to -1
09-08-17 22:42:52 [INFO] [OctoBans] neox_ytb sql checked, record: spammp by PseudoNul to -1
09-08-17 22:42:57 [INFO] [OctoBans] deeprodole sql checked, record: spammp by SnowEffect to -1
09-08-17 22:42:57 [INFO] [OctoBans] deeprodole sql checked, record: spammp by Steph078 to -1
09-08-17 22:43:03 [INFO] [OctoBans] mazeup sql checked, record: insultegrave by JustMySkill to 1502410534
09-08-17 22:44:27 [INFO] [OctoBans] hugiix sql checked, record: spammp by PseudoNul to -1
09-08-17 22:44:27 [INFO] [OctoBans] hugiix sql checked, record: spammp by PseudoNul to -1
09-08-17 22:44:27 [INFO] [OctoBans] hugiix sql checked, record: floodmp by Forway to -1
09-08-17 22:44:27 [INFO] [OctoBans] hugiix sql checked, record: spammp by PseudoNul to -1
09-08-17 22:44:27 [INFO] [OctoBans] hugiix sql checked, record: floodmp by Forway to -1
09-08-17 22:44:27 [INFO] [OctoBans] hugiix sql checked, record: floodmp by Forway to -1
09-08-17 22:44:28 [INFO] [OctoBans] ChronoEthernal punished overd00se for: Double Poste
09-08-17 22:46:34 [INFO] [OctoBans] pepsicoca sql checked, record: spammp by Steph078 to -1
09-08-17 22:47:20 [INFO] [OctoBans] boubou37 sql checked, record: spam by tinmar to 1502314850
09-08-17 22:47:20 [INFO] [OctoBans] boubou37 sql checked, record: insultestaff by _Hello_Kitty to 1502341446
09-08-17 22:47:56 [INFO] [OctoBans] Kyabe punished sosodidi for: Double Poste
09-08-17 22:48:32 [INFO] [OctoBans] kille sql checked, record: spammp by Remil to -1
09-08-17 22:48:32 [INFO] [OctoBans] kille sql checked, record: spammp by SkyKosIV to -1
09-08-17 22:49:09 [INFO] [OctoBans] herobrineisreal sql checked, record: spam by TheBrioche13 to 1502324268
09-08-17 22:49:09 [INFO] [OctoBans] zozodu14 sql checked, record: spammp by Remil to -1
09-08-17 22:50:32 [INFO] [OctoBans] elene88000 sql checked, record: spammp by Remil to -1
09-08-17 22:50:49 [INFO] [OctoBans] Kyabe punished killle for: Double Poste
09-08-17 22:51:32 [INFO] [OctoBans] tomcase14 sql checked, record: kickautre by Antoine57565 to -1
09-08-17 22:51:32 [INFO] [OctoBans] tomcase14 sql checked, record: kickautre by Antoine57565 to -1
09-08-17 22:52:03 [INFO] [OctoBans] Wiindows punished osmanlitorunu for: Langage incorrect
09-08-17 22:53:31 [INFO] [OctoBans] teddy2502 sql checked, record: spammp by SkyKosIV to -1
09-08-17 22:54:52 [INFO] [OctoBans] The_Frusty punished titi33 for: Provocation
09-08-17 22:55:34 [INFO] [OctoBans] _Hello_Kitty punished zlkayzen for: Provocation
09-08-17 22:57:33 [INFO] [OctoBans] sqkaa_ sql checked, record: spammp by Remil to -1
09-08-17 22:58:27 [INFO] [OctoBans] woimant punished nikefort for: Double Poste
09-08-17 23:00:16 [INFO] [OctoBans] la_banane sql checked, record: doubleposte by EGGSPLOSION to 1502313899
09-08-17 23:00:16 [INFO] [OctoBans] la_banane sql checked, record: provocation by EGGSPLOSION to 1502312796
09-08-17 23:01:22 [INFO] [OctoBans] JustMySkill punished widglitcher_yt for: Double Poste
09-08-17 23:02:20 [INFO] [OctoBans] JustMySkill punished ix2snik for: Spam/flood
09-08-17 23:06:01 [INFO] [OctoBans] The_Frusty punished jukur for: Double Poste
09-08-17 23:06:21 [INFO] [OctoBans] insanity sql checked, record: spammp by SkyKosIV to -1
09-08-17 23:06:58 [INFO] [OctoBans] JustMySkill punished killle for: Incitation au flood
09-08-17 23:07:07 [INFO] [OctoBans] JustMySkill punished blackstars301 for: Double Poste
09-08-17 23:09:04 [INFO] [OctoBans] swikey_ sql checked, record: spammp by Remil to -1
09-08-17 23:09:43 [INFO] [OctoBans] The_Frusty punished 0_luffy_0 for: Majuscule
09-08-17 23:12:49 [INFO] [OctoBans] fire_dark sql checked, record: kickautre by ZerKup to -1
09-08-17 23:12:49 [INFO] [OctoBans] fire_dark sql checked, record: spammp by PseudoNul to -1
09-08-17 23:18:53 [INFO] [OctoBans] blc_frr_pvp sql checked, record: insulte by TheBrioche13 to 1502315145
09-08-17 23:21:50 [INFO] [OctoBans] zamasu sql checked, record: insultegrave by ZerKup to 1502360002
09-08-17 23:29:06 [INFO] [OctoBans] The_Frusty punished byrozehd for: Double Poste
09-08-17 23:30:08 [INFO] [OctoBans] dark_titix sql checked, record: spammp by Remil to -1
09-08-17 23:30:08 [INFO] [OctoBans] dark_titix sql checked, record: spammp by Remil to -1
09-08-17 23:30:08 [INFO] [OctoBans] dark_titix sql checked, record: insulte by tinmar to 1502318389
09-08-17 23:30:53 [INFO] [OctoBans] woimant punished pioupiou2003 for: Double Poste
09-08-17 23:31:52 [INFO] [OctoBans] Remil punished infernum_ for: Double Poste
09-08-17 23:31:57 [INFO] [OctoBans] woimant punished zerdozz for: Double Poste
09-08-17 23:42:35 [INFO] [OctoBans] pandazzz sql checked, record: spammp by Remil to -1
09-08-17 23:45:13 [INFO] [OctoBans] mathis81 sql checked, record: spammp by Steph078 to -1
09-08-17 23:45:13 [INFO] [OctoBans] mathis81 sql checked, record: spammp by Steph078 to -1
09-08-17 23:45:25 [INFO] [OctoBans] The_Frusty punished logamer for: Double Poste
09-08-17 23:46:18 [INFO] [OctoBans] grm25 sql checked, record: spammp by SuperJojo to -1
09-08-17 23:47:35 [INFO] [OctoBans] Shouteur punished woimant for: Double Poste
09-08-17 23:49:31 [INFO] [OctoBans] migie sql checked, record: multicompte by zlFire49 to -1
10-08-17 00:02:34 [INFO] [OctoBans] The_Frusty punished sosodidi for: Double Poste
10-08-17 00:10:33 [INFO] [OctoBans] The_Frusty punished thefabi66 for: Majuscule
10-08-17 00:13:01 [INFO] [OctoBans] The_Frusty punished weetiix for: Majuscule
10-08-17 00:13:41 [INFO] [OctoBans] The_Frusty punished virocl for: Provocation
10-08-17 00:23:47 [INFO] [OctoBans] wilson84 sql checked, record: kickautre by YTB_XxKarnageXx to -1
10-08-17 00:23:53 [INFO] [OctoBans] Kyabe punished tozo for: Double Poste
10-08-17 00:26:35 [INFO] [OctoBans] woimant punished pioupiou2003 for: Double Poste
10-08-17 00:26:45 [INFO] [OctoBans] woimant punished swaype for: Langage incorrect
10-08-17 00:27:06 [INFO] [OctoBans] Shouteur punished minecanis for: Fausses informations
10-08-17 00:29:07 [INFO] [OctoBans] _Hello_Kitty punished mateolebg39 for: Provocation
10-08-17 00:30:10 [INFO] [OctoBans] woimant punished zerdozz for: Double Poste
10-08-17 00:30:36 [INFO] [OctoBans] ishaadow_ sql checked, record: spammp by SmooKeur to -1
10-08-17 00:31:03 [INFO] [OctoBans] Remil punished minecanis for: Spam/flood en MP
10-08-17 00:32:11 [INFO] [OctoBans] hockey25 sql checked, record: spammp by iPurple_ to -1
10-08-17 00:32:11 [INFO] [OctoBans] hockey25 sql checked, record: spammp by iPurple_ to -1
10-08-17 00:32:11 [INFO] [OctoBans] hockey25 sql checked, record: spammp by Anzerti to -1
10-08-17 00:35:37 [INFO] [OctoBans] Remil punished ishaadow_ for: Majuscule
10-08-17 00:35:40 [INFO] [OctoBans] Remil punished _hello_kitty for: Provocation
10-08-17 00:35:51 [INFO] [OctoBans] Remil punished hockey25 for: Provocation
10-08-17 00:36:05 [INFO] [OctoBans] Remil punished ishaadow_ for: Spam/flood en MP
10-08-17 00:36:13 [INFO] [OctoBans] Remil punished hockey25 for: Insulte grave
10-08-17 00:36:37 [INFO] [OctoBans] akowi sql checked, record: spammp by SkyKosIV to -1
10-08-17 00:36:56 [INFO] [OctoBans] woimant punished iuozoi for: Provocation
10-08-17 00:38:48 [INFO] [OctoBans] riyane6122 sql checked, record: spammp by SkyKosIV to -1
10-08-17 00:40:16 [INFO] [OctoBans] iuozoi sql checked, record: provocation by woimant to 1502320316
10-08-17 00:44:21 [INFO] [OctoBans] Remil punished shouteur for: Spam/flood en MP
10-08-17 00:49:02 [INFO] [OctoBans] _dragibus_ sql checked, record: spammp by Remil to -1
10-08-17 00:49:02 [INFO] [OctoBans] _dragibus_ sql checked, record: faussesinfos by Shouteur to 1502476600
10-08-17 00:51:59 [INFO] [OctoBans] Remil punished _dragibus_ for: Commerce hors serveur
10-08-17 00:53:04 [INFO] [OctoBans] Remil punished axelpas for: Insulte grave
10-08-17 00:53:35 [INFO] [OctoBans] Remil punished _dragibus_ for: Fausses informations
10-08-17 00:55:20 [INFO] [OctoBans] zarconia sql checked, record: spammp by SuperJojo to -1
10-08-17 00:58:22 [INFO] [OctoBans] Shouteur punished shouteur for: Langage incorrect
10-08-17 01:03:05 [INFO] [OctoBans] _strykz_ sql checked, record: spammp by Remil to -1
10-08-17 01:03:05 [INFO] [OctoBans] _strykz_ sql checked, record: spammp by Remil to -1
10-08-17 01:03:05 [INFO] [OctoBans] _strykz_ sql checked, record: insultegrave by Wiindows to 1502354123
10-08-17 01:04:32 [INFO] [OctoBans] zayrozz sql checked, record: spammp by Remil to -1
10-08-17 01:09:13 [INFO] [OctoBans] sportek_ sql checked, record: spammp by SkyKosIV to -1
10-08-17 01:10:34 [INFO] [OctoBans] Remil punished xxblueskyxx for: Provocation
10-08-17 01:10:37 [INFO] [OctoBans] Remil punished weetiix for: Provocation
10-08-17 01:10:58 [INFO] [OctoBans] Remil punished dark_titix for: Provocation
10-08-17 01:12:21 [INFO] [OctoBans] Shouteur punished azenpvp for: Langage incorrect
10-08-17 01:23:01 [INFO] [OctoBans] zlKayzen punished lapemterrev3 for: Majuscule
10-08-17 01:34:17 [INFO] [OctoBans] Wiindows punished krixx for: Langage incorrect
10-08-17 01:34:56 [INFO] [OctoBans] Remil punished xxrandomxx for: Spam/flood
10-08-17 01:38:48 [INFO] [OctoBans] leikow sql checked, record: kickautre by Steph078 to -1
10-08-17 01:41:06 [INFO] [OctoBans] siruse sql checked, record: spammp by YTB_XxKarnageXx to -1
10-08-17 01:46:43 [INFO] [OctoBans] jojolatereur971 sql checked, record: spammp by TheBrioche13 to -1
10-08-17 01:55:27 [INFO] [OctoBans] leodu999 sql checked, record: spammp by Remil to -1
10-08-17 02:10:47 [INFO] [OctoBans] _Hello_Kitty punished le_clodov2 for: Double Poste
10-08-17 02:11:59 [INFO] [OctoBans] _hello_kitty sql checked, record: provocation by Remil to 1502324740
10-08-17 02:11:59 [INFO] [OctoBans] _hello_kitty sql checked, record: majuscule by _Hello_Kitty to 1502204183
10-08-17 02:11:59 [INFO] [OctoBans] _hello_kitty sql checked, record: doubleposte by _Hello_Kitty to 1502205490
10-08-17 02:11:59 [INFO] [OctoBans] _hello_kitty sql checked, record: doubleposte by _Hello_Kitty to 1502210834
10-08-17 02:11:59 [INFO] [OctoBans] _hello_kitty sql checked, record: insultestaff by _Hello_Kitty to 1502248906
10-08-17 02:11:59 [INFO] [OctoBans] _hello_kitty sql checked, record: provocation by _Hello_Kitty to 1502214526
10-08-17 02:11:59 [INFO] [OctoBans] _hello_kitty sql checked, record: doubleposte by _Hello_Kitty to 1502218852
10-08-17 02:11:59 [INFO] [OctoBans] _hello_kitty sql checked, record: provocation by _Hello_Kitty to 1502219105
10-08-17 02:11:59 [INFO] [OctoBans] _hello_kitty sql checked, record: insultegrave by _Hello_Kitty to 1502254282
10-08-17 02:11:59 [INFO] [OctoBans] _hello_kitty sql checked, record: provocation by _Hello_Kitty to 1502221205
10-08-17 02:11:59 [INFO] [OctoBans] _hello_kitty sql checked, record: langage by _Hello_Kitty to 1502225731
10-08-17 02:11:59 [INFO] [OctoBans] _hello_kitty sql checked, record: doubleposte by _Hello_Kitty to 1502223252
10-08-17 02:11:59 [INFO] [OctoBans] _hello_kitty sql checked, record: langage by _Hello_Kitty to 1502221549
10-08-17 02:11:59 [INFO] [OctoBans] _hello_kitty sql checked, record: majuscule by _Hello_Kitty to 1502221759
10-08-17 02:11:59 [INFO] [OctoBans] _hello_kitty sql checked, record: langage by _Hello_Kitty to 1502228949
10-08-17 02:11:59 [INFO] [OctoBans] _hello_kitty sql checked, record: insultestaff by _Hello_Kitty to 1502341446
10-08-17 02:11:59 [INFO] [OctoBans] _hello_kitty sql checked, record: provocation by _Hello_Kitty to 1502306921
10-08-17 02:11:59 [INFO] [OctoBans] _hello_kitty sql checked, record: provocation by _Hello_Kitty to 1502309899
10-08-17 02:11:59 [INFO] [OctoBans] _hello_kitty sql checked, record: doubleposte by _Hello_Kitty to 1502311611
10-08-17 02:11:59 [INFO] [OctoBans] _hello_kitty sql checked, record: doubleposte by _Hello_Kitty to 1502310057
10-08-17 02:11:59 [INFO] [OctoBans] _hello_kitty sql checked, record: provocation by _Hello_Kitty to 1502319634
10-08-17 02:11:59 [INFO] [OctoBans] _hello_kitty sql checked, record: provocation by _Hello_Kitty to 1502318047
10-08-17 02:11:59 [INFO] [OctoBans] _hello_kitty sql checked, record: doubleposte by _Hello_Kitty to 1502328047
10-08-17 02:18:04 [INFO] [OctoBans] YTB_XxKarnageXx punished pioupiou2003 for: Double Poste
10-08-17 02:18:27 [INFO] [OctoBans] lefoufou sql checked, record: spammp by Remil to -1
10-08-17 02:18:48 [INFO] [OctoBans] YTB_XxKarnageXx punished reglepro for: Double Poste
10-08-17 02:20:05 [INFO] [OctoBans] YTB_XxKarnageXx punished lesimulateure for: Fausses informations
10-08-17 02:20:13 [INFO] [OctoBans] rayz_burn sql checked, record: spammp by Remil to -1
10-08-17 02:22:48 [INFO] [OctoBans] YTB_XxKarnageXx punished lucas83 for: Fausses informations
10-08-17 02:23:18 [INFO] [OctoBans] weezy sql checked, record: kickautre by Steph078 to -1
10-08-17 02:28:16 [INFO] [OctoBans] Shouteur punished easy for: Provocation
10-08-17 02:29:00 [INFO] [OctoBans] _Hello_Kitty punished iuozoi for: Double Poste
10-08-17 02:30:09 [INFO] [OctoBans] YTB_XxKarnageXx punished snoxx_ for: Double Poste
10-08-17 02:44:42 [INFO] [OctoBans] yassir321 sql checked, record: spammp by PseudoNul to -1
10-08-17 02:52:01 [INFO] [OctoBans] _Hello_Kitty punished syoco45 for: Double Poste
10-08-17 02:58:49 [INFO] [OctoBans] YTB_XxKarnageXx punished nospam for: Majuscule
10-08-17 03:05:30 [INFO] [OctoBans] Remil punished easy for: Langage incorrect
10-08-17 03:11:54 [INFO] [OctoBans] booba92i sql checked, record: kickautre by NeosiaNexus to -1
10-08-17 03:11:54 [INFO] [OctoBans] booba92i sql checked, record: spamfopen by Remil to 1502387356
10-08-17 03:30:31 [INFO] [OctoBans] Wiindows punished mamapgames13 for: Spam/flood
10-08-17 03:47:39 [INFO] [OctoBans] Remil punished ededed91 for: Spam/flood en MP
10-08-17 03:59:04 [INFO] [OctoBans] Remil punished pokemoonsurytb for: Langage incorrect
10-08-17 04:58:31 [INFO] [OctoBans] Remil punished misterbolo for: Spam/flood
10-08-17 05:07:52 [INFO] [OctoBans] _Hello_Kitty punished twyz__ for: Insulte grave
10-08-17 05:09:02 [INFO] [OctoBans] _Hello_Kitty punished tozo for: Insulte grave
10-08-17 05:36:59 [INFO] [OctoBans] marchandloup sql checked, record: spammp by Remil to -1
10-08-17 05:36:59 [INFO] [OctoBans] marchandloup sql checked, record: spammp by PseudoNul to -1
10-08-17 05:36:59 [INFO] [OctoBans] marchandloup sql checked, record: spammp by NeosiaNexus to -1
10-08-17 06:01:01 [INFO] [OctoBans] Disabling OctoBans v1.0
