19-06-17 22:31:42 [INFO] [OctoBans] File Handler successfully initialized!
19-06-17 22:31:42 [INFO] [OctoBans] SQL connection successfully etablished
19-06-17 22:31:42 [INFO] [OctoBans] Moderator Tools by Octonia.
19-06-17 22:31:46 [INFO] [OctoBans] craziix_eu sql checked, record: spammp by Remil to -1
19-06-17 22:31:46 [INFO] [OctoBans] craziix_eu sql checked, record: spammp by Remil to -1
19-06-17 22:31:46 [INFO] [OctoBans] craziix_eu sql checked, record: spammp by Remil to -1
19-06-17 22:31:46 [INFO] [OctoBans] craziix_eu sql checked, record: spammp by Remil to -1
19-06-17 22:31:46 [INFO] [OctoBans] elkwell sql checked, record: insultestaff by Forway to 1497938946
19-06-17 22:31:46 [INFO] [OctoBans] mr_darkgame sql checked, record: spammp by PseudoNul to -1
19-06-17 22:31:46 [INFO] [OctoBans] lafilledemushway sql checked, record: majuscule by Forway to 1497904940
19-06-17 22:31:46 [INFO] [OctoBans] blackwhite010 sql checked, record: spammp by PseudoNul to -1
19-06-17 22:31:46 [INFO] [OctoBans] sacha sql checked, record: incitationflood by Remil to 1498076874
19-06-17 22:31:46 [INFO] [OctoBans] creed_2 sql checked, record: spammp by YTB_XxKarnageXx to -1
19-06-17 22:31:46 [INFO] [OctoBans] creed_2 sql checked, record: faussesinfos by SuperJojo to 1497988398
19-06-17 22:31:46 [INFO] [OctoBans] creed_2 sql checked, record: spammp by SuperJojo to -1
19-06-17 22:31:46 [INFO] [OctoBans] sacha33340 sql checked, record: spammp by Remil to -1
19-06-17 22:31:46 [INFO] [OctoBans] sacha33340 sql checked, record: spammp by SkyKosIV to -1
19-06-17 22:31:46 [INFO] [OctoBans] kyzirie sql checked, record: spammp by PseudoNul to -1
19-06-17 22:31:47 [INFO] [OctoBans] superfilleciel sql checked, record: spammp by Theo97 to -1
19-06-17 22:31:47 [INFO] [OctoBans] superfilleciel sql checked, record: spammp by Remil to -1
19-06-17 22:31:47 [INFO] [OctoBans] superfilleciel sql checked, record: spammp by Remil to -1
19-06-17 22:31:47 [INFO] [OctoBans] izi_les_byy sql checked, record: spammp by YTB_XxKarnageXx to -1
19-06-17 22:31:47 [INFO] [OctoBans] goto_camus sql checked, record: incitationflood by SuperJojo to 1497985829
19-06-17 22:31:50 [INFO] [OctoBans] luluplaying sql checked, record: spammp by Remil to -1
19-06-17 22:31:50 [INFO] [OctoBans] luluplaying sql checked, record: spammp by SnowEffect to -1
19-06-17 22:31:50 [INFO] [OctoBans] luluplaying sql checked, record: doubleposte by SuperJojo to 1497905703
19-06-17 22:31:52 [INFO] [OctoBans] arcz058 sql checked, record: spammp by Remil to -1
19-06-17 22:31:53 [INFO] [OctoBans] tifou_fou sql checked, record: spammp by SkyKosIV to -1
19-06-17 22:31:56 [INFO] [OctoBans] _hello_kitty sql checked, record: spammp by Remil to -1
19-06-17 22:31:58 [INFO] [OctoBans] lucas59261 sql checked, record: kickautre by ZerKup to -1
19-06-17 22:31:58 [INFO] [OctoBans] lucas59261 sql checked, record: spammp by PseudoNul to -1
19-06-17 22:31:58 [INFO] [OctoBans] lucas59261 sql checked, record: spammp by YTB_XxKarnageXx to -1
19-06-17 22:31:58 [INFO] [OctoBans] lucas59261 sql checked, record: spammp by Remil to -1
19-06-17 22:31:59 [INFO] [OctoBans] badounoux sql checked, record: spammp by ZerKup to -1
19-06-17 22:32:04 [INFO] [OctoBans] itz_smokew33d sql checked, record: spammp by Remil to -1
19-06-17 22:32:05 [INFO] [OctoBans] superjojo sql checked, record: spammp by SkyKosIV to -1
19-06-17 22:32:05 [INFO] [OctoBans] superjojo sql checked, record: spammp by Blubfire to -1
19-06-17 22:32:06 [INFO] [OctoBans] marchandloup sql checked, record: spammp by Remil to -1
19-06-17 22:32:07 [INFO] [OctoBans] shouteur sql checked, record: spammp by Remil to -1
19-06-17 22:32:07 [INFO] [OctoBans] shouteur sql checked, record: spammp by Remil to -1
19-06-17 22:32:07 [INFO] [OctoBans] shouteur sql checked, record: spammp by Remil to -1
19-06-17 22:32:15 [INFO] [OctoBans] doudou70 sql checked, record: spam by Forway to 1497907637
19-06-17 22:32:29 [INFO] [OctoBans] mrkebab sql checked, record: spammp by SuperJojo to -1
19-06-17 22:32:29 [INFO] [OctoBans] mrkebab sql checked, record: faussesinfos by YTB_XxKarnageXx to 1497978654
19-06-17 22:32:30 [INFO] [OctoBans] ew3l sql checked, record: spammp by SnowEffect to -1
19-06-17 22:32:35 [INFO] [OctoBans] Remil punished totototo11 for: Langage incorrect
19-06-17 22:34:31 [INFO] [OctoBans] _marjo_ sql checked, record: spam by SuperJojo to 1497910953
19-06-17 22:35:13 [INFO] [OctoBans] zeowww sql checked, record: spammp by PseudoNul to -1
19-06-17 22:35:21 [INFO] [OctoBans] Remil punished samir93 for: Double Poste
19-06-17 22:37:19 [INFO] [OctoBans] mrbspino517 sql checked, record: spammp by SnowEffect to -1
19-06-17 22:37:52 [INFO] [OctoBans] Forway punished gaspeur for: Double Poste
19-06-17 22:39:37 [INFO] [OctoBans] walterwhite sql checked, record: spammp by SuperJojo to -1
19-06-17 22:43:03 [INFO] [OctoBans] dylan5621 sql checked, record: spammp by PseudoNul to -1
19-06-17 22:43:42 [INFO] [OctoBans] Forway punished yotory for: Provocation
19-06-17 22:44:07 [INFO] [OctoBans] Forway punished kindoor for: Spam/flood
19-06-17 22:50:21 [INFO] [OctoBans] matgone01 sql checked, record: spammp by ZerKup to -1
19-06-17 22:50:21 [INFO] [OctoBans] matgone01 sql checked, record: spammp by ZerKup to -1
19-06-17 22:50:21 [INFO] [OctoBans] matgone01 sql checked, record: incitationflood by SkyKosIV to 1497988058
19-06-17 22:53:12 [INFO] [OctoBans] sango sql checked, record: spammp by Theo97 to -1
19-06-17 22:54:15 [INFO] [OctoBans] sam_ytb sql checked, record: majuscule by Forway to 1497907083
19-06-17 23:00:43 [INFO] [OctoBans] sunfall sql checked, record: spammp by Remil to -1
19-06-17 23:03:39 [INFO] [OctoBans] SuperJojo punished luluplaying for: Double Poste
19-06-17 23:04:55 [INFO] [OctoBans] Forway punished mrurgrod for: Double Poste
19-06-17 23:05:23 [INFO] [OctoBans] Forway punished xxfloxx19 for: Langage incorrect
19-06-17 23:06:45 [INFO] [OctoBans] Forway punished marchandloup for: Double Poste
19-06-17 23:06:48 [INFO] [OctoBans] celticevan95 sql checked, record: spammp by SnowEffect to -1
19-06-17 23:07:43 [INFO] [OctoBans] Forway punished walterwhite for: Spam/flood
19-06-17 23:09:44 [INFO] [OctoBans] Shampoooz punished sunfall for: Provocation
19-06-17 23:12:12 [INFO] [OctoBans] lolpigman sql checked, record: spammp by SnowEffect to -1
19-06-17 23:12:12 [INFO] [OctoBans] lolpigman sql checked, record: insultegrave by SnowEffect to 1497957560
19-06-17 23:15:20 [INFO] [OctoBans] Forway punished itz_smokew33d for: Langage incorrect
19-06-17 23:16:02 [INFO] [OctoBans] samuel sql checked, record: insultestaff by YTB_XxKarnageXx to 1497932208
19-06-17 23:16:45 [INFO] [OctoBans] Shampoooz punished pandazzz for: Majuscule
19-06-17 23:20:41 [INFO] [OctoBans] SuperJojo punished kevvan1051 for: Double Poste
19-06-17 23:28:04 [INFO] [OctoBans] Remil punished mybitacos for: Double Poste
19-06-17 23:29:07 [INFO] [OctoBans] Shampoooz punished deadkill19_ytb for: Publicité Youtubeur
19-06-17 23:32:20 [INFO] [OctoBans] SuperJojo punished theblackmask92 for: Double Poste
19-06-17 23:34:53 [INFO] [OctoBans] SuperJojo punished walterwhite for: Langage incorrect
19-06-17 23:41:45 [INFO] [OctoBans] SuperJojo punished theayos for: Double Poste
19-06-17 23:41:47 [INFO] [OctoBans] Shampoooz punished arcz058 for: Insulte
19-06-17 23:44:40 [INFO] [OctoBans] SuperJojo punished thegamer38 for: Double Poste
19-06-17 23:45:09 [INFO] [OctoBans] SuperJojo punished wildtriton for: Double Poste
19-06-17 23:48:29 [INFO] [OctoBans] SuperJojo punished matt for: Double Poste
19-06-17 23:56:00 [INFO] [OctoBans] SuperJojo punished samir93 for: Provocation
19-06-17 23:57:37 [INFO] [OctoBans] hayden_frost sql checked, record: spammp by PseudoNul to -1
19-06-17 23:58:50 [INFO] [OctoBans] SuperJojo punished guilhem2311 for: Majuscule
20-06-17 00:05:06 [INFO] [OctoBans] SuperJojo punished mrurgrod for: Double Poste
20-06-17 00:05:22 [INFO] [OctoBans] LeSheitan punished zneyzen for: Double Poste
20-06-17 00:17:32 [INFO] [OctoBans] Steph078 punished supernicoul2002 for: Double Poste
20-06-17 00:19:12 [INFO] [OctoBans] Steph078 punished modzboy for: Double Poste
20-06-17 00:22:17 [INFO] [OctoBans] LeSheitan punished guilhem2311 for: Insulte serveur
20-06-17 00:22:49 [INFO] [OctoBans] Steph078 punished guilhem2311 for: Langage incorrect
20-06-17 00:22:53 [INFO] [OctoBans] Steph078 punished onmapelelovni for: Double Poste
20-06-17 00:23:38 [INFO] [OctoBans] Steph078 punished guilhem2311 for: Fausses informations
20-06-17 00:25:31 [INFO] [OctoBans] Steph078 punished sam1 for: Spam/flood
20-06-17 00:25:56 [INFO] [OctoBans] fross27 sql checked, record: spammp by Remil to -1
20-06-17 00:27:17 [INFO] [OctoBans] jeremylol88 sql checked, record: spammp by Remil to -1
20-06-17 00:28:45 [INFO] [OctoBans] Steph078 punished x_wazup_x for: TpKill
20-06-17 00:30:41 [INFO] [OctoBans] Steph078 punished jeanchristop919 for: Spam/flood
20-06-17 00:32:10 [INFO] [OctoBans] lolpigman sql checked, record: spammp by SnowEffect to -1
20-06-17 00:32:10 [INFO] [OctoBans] lolpigman sql checked, record: insultegrave by SnowEffect to 1497957560
20-06-17 00:44:24 [INFO] [OctoBans] kill sql checked, record: incitationflood by Remil to 1497989801
20-06-17 00:47:03 [INFO] [OctoBans] Steph078 punished hatemxpala for: Langage incorrect
20-06-17 00:49:23 [INFO] [OctoBans] LeSheitan punished lelapinquidab for: Majuscule
20-06-17 00:52:41 [INFO] [OctoBans] by_kw3e sql checked, record: kickautre by Antoine57565 to -1
20-06-17 00:59:29 [INFO] [OctoBans] Remil punished samir93 for: Double Poste
20-06-17 01:00:33 [INFO] [OctoBans] LeSheitan punished lolpigman for: Provocation
20-06-17 01:00:44 [INFO] [OctoBans] lolpigman sql checked, record: spammp by SnowEffect to -1
20-06-17 01:00:44 [INFO] [OctoBans] lolpigman sql checked, record: insultegrave by SnowEffect to 1497957560
20-06-17 01:00:44 [INFO] [OctoBans] lolpigman sql checked, record: provocation by LeSheitan to 1497913533
20-06-17 01:06:10 [INFO] [OctoBans] Remil punished xx_gab13_xx for: Langage incorrect
20-06-17 01:13:40 [INFO] [OctoBans] Remil punished jeremylol88 for: Double Poste
20-06-17 01:23:28 [INFO] [OctoBans] lavache sql checked, record: spammp by SkyKosIV to -1
20-06-17 01:31:20 [INFO] [OctoBans] Remil punished supernicoul2002 for: Insulte grave
20-06-17 01:31:29 [INFO] [OctoBans] supernicoul2002 sql checked, record: insultegrave by Remil to 1497951080
20-06-17 01:31:29 [INFO] [OctoBans] supernicoul2002 sql checked, record: insultegrave by Remil to 1497951080
20-06-17 01:32:57 [INFO] [OctoBans] Steph078 punished kikoo53000 for: Majuscule
20-06-17 01:41:40 [INFO] [OctoBans] Steph078 punished enfr_unvrs for: Provocation
20-06-17 01:45:34 [INFO] [OctoBans] zoroto sql checked, record: spammp by Remil to -1
20-06-17 02:10:00 [INFO] [OctoBans] Remil punished mrkebab for: Insulte grave
20-06-17 02:14:05 [INFO] [OctoBans] Remil punished lolpigman for: Double Poste
20-06-17 02:34:38 [INFO] [OctoBans] Remil punished tokyo for: Double Poste
20-06-17 02:38:39 [INFO] [OctoBans] stonewolf sql checked, record: spammp by SuperJojo to -1
20-06-17 02:45:47 [INFO] [OctoBans] Remil punished yassir321 for: Double Poste
20-06-17 02:47:33 [INFO] [OctoBans] Steph078 punished _hello_kitty for: Spam/flood en MP
20-06-17 02:48:05 [INFO] [OctoBans] Steph078 punished lolpigman for: Majuscule
20-06-17 02:54:32 [INFO] [OctoBans] Steph078 punished kanti for: Double Poste
20-06-17 03:08:33 [INFO] [OctoBans] ext4zzy sql checked, record: spammp by Remil to -1
20-06-17 03:08:33 [INFO] [OctoBans] ext4zzy sql checked, record: spammp by Remil to -1
20-06-17 03:08:33 [INFO] [OctoBans] ext4zzy sql checked, record: spammp by Remil to -1
20-06-17 03:08:33 [INFO] [OctoBans] ext4zzy sql checked, record: spammp by SuperJojo to -1
20-06-17 03:08:33 [INFO] [OctoBans] ext4zzy sql checked, record: kickautre by Steph078 to -1
20-06-17 03:08:33 [INFO] [OctoBans] ext4zzy sql checked, record: spammp by SuperJojo to -1
20-06-17 03:08:33 [INFO] [OctoBans] ext4zzy sql checked, record: spammp by Remil to -1
20-06-17 03:08:33 [INFO] [OctoBans] ext4zzy sql checked, record: spammp by Remil to -1
20-06-17 03:14:06 [INFO] [OctoBans] tay1 sql checked, record: spammp by PseudoNul to -1
20-06-17 03:14:06 [INFO] [OctoBans] tay1 sql checked, record: tpkill by SuperJojo to 1497977706
20-06-17 03:42:36 [INFO] [OctoBans] imdylan sql checked, record: spammp by SnowEffect to -1
20-06-17 03:51:01 [INFO] [OctoBans] mrkebab sql checked, record: spammp by SuperJojo to -1
20-06-17 03:51:01 [INFO] [OctoBans] mrkebab sql checked, record: faussesinfos by YTB_XxKarnageXx to 1497978654
20-06-17 03:51:01 [INFO] [OctoBans] mrkebab sql checked, record: insultegrave by Remil to 1497953400
20-06-17 03:59:43 [INFO] [OctoBans] ma7h15 sql checked, record: spammp by SnowEffect to -1
20-06-17 04:03:02 [INFO] [OctoBans] Remil punished yassir321 for: Double Poste
20-06-17 04:18:35 [INFO] [OctoBans] SuperJojo punished mrkebab for: Spam/flood en MP
20-06-17 04:35:05 [INFO] [OctoBans] Steph078 punished xenon987 for: Double Poste
20-06-17 04:39:11 [INFO] [OctoBans] SuperJojo punished xboymax for: Double Poste
20-06-17 04:48:10 [INFO] [OctoBans] Remil punished xboymax for: Insulte staff
20-06-17 05:23:37 [INFO] [OctoBans] SuperJojo punished flo_king2005 for: Provocation
20-06-17 05:23:57 [INFO] [OctoBans] Remil punished flo_king2005 for: Langage incorrect
20-06-17 05:44:45 [INFO] [OctoBans] zeroghoster sql checked, record: spammp by YTB_XxKarnageXx to -1
20-06-17 05:44:45 [INFO] [OctoBans] zeroghoster sql checked, record: spammp by SnowEffect to -1
20-06-17 05:49:44 [INFO] [OctoBans] SuperJojo punished flo_king2005 for: Double Poste
20-06-17 06:01:02 [INFO] [OctoBans] Disabling OctoBans v1.0
