11-10-17 22:31:43 [INFO] [OctoBans] File Handler successfully initialized!
11-10-17 22:31:43 [INFO] [OctoBans] SQL connection successfully etablished
11-10-17 22:31:43 [INFO] [OctoBans] Moderator Tools by Octonia.
11-10-17 22:31:49 [INFO] [OctoBans] cfm_arthur sql checked, record: doubleposte by ViRoCl to 1507756229
11-10-17 22:32:19 [INFO] [OctoBans] freizen64 sql checked, record: spam by ViRoCl to 1507759333
11-10-17 22:34:53 [INFO] [OctoBans] superb3b3 sql checked, record: spammp by Remil to -1
11-10-17 22:34:53 [INFO] [OctoBans] superb3b3 sql checked, record: spammp by Remil to -1
11-10-17 22:37:11 [INFO] [OctoBans] pioupiou2003 sql checked, record: spam by ViRoCl to 1507761197
11-10-17 22:38:04 [INFO] [OctoBans] _topui_ sql checked, record: spammp by Remil to -1
11-10-17 22:47:32 [INFO] [OctoBans] darkilleur63 sql checked, record: doubleposte by Shouteur to 1507756048
11-10-17 23:28:04 [INFO] [OctoBans] azizlapoite sql checked, record: insultestaff by EGGSPLOSION to 1507769465
11-10-17 23:41:09 [INFO] [OctoBans] NeyTox punished jusdepoiros for: Majuscule
12-10-17 00:03:20 [INFO] [OctoBans] NeyTox punished ayken for: Insulte grave
12-10-17 00:27:08 [INFO] [OctoBans] nolaninomc sql checked, record: spammp by SmooKeur to -1
12-10-17 01:01:17 [INFO] [OctoBans] NeyTox punished minecraft534 for: Majuscule
12-10-17 01:05:28 [INFO] [OctoBans] NeyTox punished chico456 for: Provocation
12-10-17 01:10:49 [INFO] [OctoBans] NeyTox punished superb3b3 for: Majuscule
12-10-17 01:10:57 [INFO] [OctoBans] skhey punished darkilleur63 for: Double Poste
12-10-17 01:18:22 [INFO] [OctoBans] skhey punished darkilleur63 for: Spam/flood en MP
12-10-17 01:28:48 [INFO] [OctoBans] skhey punished lempereurdusale for: Langage incorrect
12-10-17 01:55:37 [INFO] [OctoBans] skhey punished wazhrod for: Double Poste
12-10-17 02:02:44 [INFO] [OctoBans] skhey punished chico456 for: Langage incorrect
12-10-17 02:49:53 [INFO] [OctoBans] _Hello_Kitty punished rafoughali for: Double Poste
12-10-17 06:01:01 [INFO] [OctoBans] Disabling OctoBans v1.0
