24-09-17 22:31:42 [INFO] [OctoBans] File Handler successfully initialized!
24-09-17 22:31:42 [INFO] [OctoBans] SQL connection successfully etablished
24-09-17 22:31:42 [INFO] [OctoBans] Moderator Tools by Octonia.
24-09-17 22:31:48 [INFO] [OctoBans] xersu sql checked, record: spammp by SnowEffect to -1
24-09-17 22:31:48 [INFO] [OctoBans] xersu sql checked, record: doubleposte by FiasK0 to 1506290694
24-09-17 22:31:48 [INFO] [OctoBans] osmanlitorunu sql checked, record: doubleposte by woimant to 1506286855
24-09-17 22:31:49 [INFO] [OctoBans] bossjoao45 sql checked, record: spam by Antoine57565 to 1506285762
24-09-17 22:31:55 [INFO] [OctoBans] grizzlywarrior sql checked, record: spammp by Remil to -1
24-09-17 22:31:55 [INFO] [OctoBans] grizzlywarrior sql checked, record: spammp by Remil to -1
24-09-17 22:31:55 [INFO] [OctoBans] grizzlywarrior sql checked, record: insulte by FiasK0 to 1506286729
24-09-17 22:32:00 [INFO] [OctoBans] hydross93 sql checked, record: doubleposte by FiasK0 to 1506285647
24-09-17 22:32:05 [INFO] [OctoBans] fullcoq sql checked, record: langage by FiasK0 to 1506285425
24-09-17 22:32:07 [INFO] [OctoBans] patoxyt sql checked, record: doubleposte by FiasK0 to 1506287347
24-09-17 22:33:02 [INFO] [OctoBans] _sneakyz sql checked, record: spammp by Remil to -1
24-09-17 22:33:11 [INFO] [OctoBans] luluobo14 sql checked, record: doubleposte by EGGSPLOSION to 1506285559
24-09-17 22:37:17 [INFO] [OctoBans] jessy12345 sql checked, record: spam by FiasK0 to 1506287282
24-09-17 23:04:11 [INFO] [OctoBans] elumix sql checked, record: insultestaff by FiasK0 to 1506317730
24-09-17 23:04:26 [INFO] [OctoBans] nosferial sql checked, record: incitationflood by Forway to 1506331152
24-09-17 23:33:19 [INFO] [OctoBans] superb3b3 sql checked, record: spammp by Remil to -1
24-09-17 23:33:19 [INFO] [OctoBans] superb3b3 sql checked, record: spammp by Remil to -1
24-09-17 23:33:19 [INFO] [OctoBans] superb3b3 sql checked, record: insultestaff by FiasK0 to 1506391338
24-09-17 23:37:47 [INFO] [OctoBans] NeyTox punished luluobo14 for: Double Poste
25-09-17 00:02:30 [INFO] [OctoBans] ededed91 sql checked, record: spammp by SkyKosIV to -1
25-09-17 00:02:30 [INFO] [OctoBans] ededed91 sql checked, record: spammp by Remil to -1
25-09-17 01:13:57 [INFO] [OctoBans] NeyTox punished blackstars301 for: Majuscule
25-09-17 01:48:30 [INFO] [OctoBans] _Hello_Kitty punished godarceus for: Langage incorrect
25-09-17 01:50:28 [INFO] [OctoBans] gamix_yt sql checked, record: spammp by tinmar to -1
25-09-17 01:50:28 [INFO] [OctoBans] gamix_yt sql checked, record: spammp by tinmar to -1
25-09-17 01:50:28 [INFO] [OctoBans] gamix_yt sql checked, record: insultegrave by NeyTox to 1506302270
25-09-17 05:37:00 [INFO] [OctoBans] marvin53000 sql checked, record: incitationflood by FiasK0 to 1506336322
25-09-17 06:01:01 [INFO] [OctoBans] Disabling OctoBans v1.0
