15-09-17 22:31:43 [INFO] [OctoBans] File Handler successfully initialized!
15-09-17 22:31:43 [INFO] [OctoBans] SQL connection successfully etablished
15-09-17 22:31:43 [INFO] [OctoBans] Moderator Tools by Octonia.
15-09-17 22:31:49 [INFO] [OctoBans] gamix_yt sql checked, record: spammp by tinmar to -1
15-09-17 22:31:49 [INFO] [OctoBans] gamix_yt sql checked, record: spammp by tinmar to -1
15-09-17 22:31:49 [INFO] [OctoBans] gamix_yt sql checked, record: langage by YTB_XxKarnageXx to 1505511105
15-09-17 22:31:49 [INFO] [OctoBans] atsuky sql checked, record: insulte by EGGSPLOSION to 1505508217
15-09-17 22:31:49 [INFO] [OctoBans] sacha33340 sql checked, record: spammp by ZerKup to -1
15-09-17 22:31:49 [INFO] [OctoBans] sacha33340 sql checked, record: spammp by Remil to -1
15-09-17 22:31:49 [INFO] [OctoBans] sacha33340 sql checked, record: spammp by Remil to -1
15-09-17 22:31:49 [INFO] [OctoBans] sacha33340 sql checked, record: floodmp by Forway to -1
15-09-17 22:31:49 [INFO] [OctoBans] sacha33340 sql checked, record: doubleposte by TheBrioche13 to 1505511408
15-09-17 22:31:49 [INFO] [OctoBans] momo54 sql checked, record: spam by TheBrioche13 to 1505514555
15-09-17 22:31:49 [INFO] [OctoBans] zumbie sql checked, record: insultegrave by _Hello_Kitty to 1505561842
15-09-17 22:31:49 [INFO] [OctoBans] masterfight63 sql checked, record: spammp by Remil to -1
15-09-17 22:31:49 [INFO] [OctoBans] masterfight63 sql checked, record: spam by TheBrioche13 to 1505529056
15-09-17 22:31:49 [INFO] [OctoBans] getturclegrand sql checked, record: spam by EGGSPLOSION to 1505541711
15-09-17 22:31:49 [INFO] [OctoBans] eranck sql checked, record: insultegrave by InstateProoFy to 1505530835
15-09-17 22:31:55 [INFO] [OctoBans] diskion_ sql checked, record: spam by NeyTox to 1505508471
15-09-17 22:31:58 [INFO] [OctoBans] grizzlywarrior sql checked, record: spammp by Remil to -1
15-09-17 22:31:58 [INFO] [OctoBans] grizzlywarrior sql checked, record: spammp by Remil to -1
15-09-17 22:32:10 [INFO] [OctoBans] saucisse2france sql checked, record: spammp by SmooKeur to -1
15-09-17 22:32:12 [INFO] [OctoBans] lefifoudu3 sql checked, record: spam by Theo97 to 1505517106
15-09-17 22:32:22 [INFO] [OctoBans] wiroox sql checked, record: insultegrave by Shouteur to 1505700093
15-09-17 22:32:28 [INFO] [OctoBans] chronoethernal sql checked, record: floodmp by Forway to -1
15-09-17 22:32:34 [INFO] [OctoBans] skygames974 sql checked, record: provocation by InstateProoFy to 1505507980
15-09-17 22:32:41 [INFO] [OctoBans] karibo127 sql checked, record: provocation by EGGSPLOSION to 1505509183
15-09-17 22:32:57 [INFO] [OctoBans] _theodu13_ sql checked, record: spammp by Remil to -1
15-09-17 22:32:59 [INFO] [OctoBans] dropzzz_pvp sql checked, record: spam by InstateProoFy to 1505509573
15-09-17 22:34:33 [INFO] [OctoBans] _topui_ sql checked, record: spammp by ZerKup to -1
15-09-17 22:34:33 [INFO] [OctoBans] _topui_ sql checked, record: majuscule by TheBrioche13 to 1505511722
15-09-17 22:34:59 [INFO] [OctoBans] alberic sql checked, record: spammp by Remil to -1
15-09-17 22:35:22 [INFO] [OctoBans] _Hello_Kitty punished wiroox for: Provocation
15-09-17 22:36:13 [INFO] [OctoBans] hugoboss44 sql checked, record: incitationflood by NeyTox to 1505588205
15-09-17 22:39:36 [INFO] [OctoBans] riyane6122 sql checked, record: spammp by SkyKosIV to -1
15-09-17 22:39:36 [INFO] [OctoBans] riyane6122 sql checked, record: doubleposte by EGGSPLOSION to 1505508171
15-09-17 22:39:36 [INFO] [OctoBans] riyane6122 sql checked, record: spam by TheBrioche13 to 1505517937
15-09-17 22:39:51 [INFO] [OctoBans] cocodu621 sql checked, record: spammp by tinmar to -1
15-09-17 22:42:05 [INFO] [OctoBans] oow_ll sql checked, record: spam by InstateProoFy to 1505520425
15-09-17 22:42:06 [INFO] [OctoBans] hkz_skillon sql checked, record: spammp by Remil to -1
15-09-17 22:43:00 [INFO] [OctoBans] EGGSPLOSION punished silver_skulls for: Double Poste
15-09-17 22:44:00 [INFO] [OctoBans] zeynox sql checked, record: spammp by Remil to -1
15-09-17 22:44:00 [INFO] [OctoBans] zeynox sql checked, record: insultestaff by _Hello_Kitty to 1505536436
15-09-17 22:44:04 [INFO] [OctoBans] derpik sql checked, record: spammp by Remil to -1
15-09-17 22:44:04 [INFO] [OctoBans] derpik sql checked, record: floodmp by Forway to -1
15-09-17 22:45:16 [INFO] [OctoBans] mrsyouyou sql checked, record: doubleposte by NeyTox to 1505508772
15-09-17 22:48:25 [INFO] [OctoBans] thegost sql checked, record: spammp by Remil to -1
15-09-17 22:48:31 [INFO] [OctoBans] YTB_XxKarnageXx punished shouteur for: Langage incorrect
15-09-17 22:49:23 [INFO] [OctoBans] azer_nexo sql checked, record: spammp by YTB_XxKarnageXx to -1
15-09-17 22:50:31 [INFO] [OctoBans] EGGSPLOSION punished ze_biguy for: Majuscule
15-09-17 22:51:58 [INFO] [OctoBans] weetiix sql checked, record: spammp by SmooKeur to -1
15-09-17 22:51:58 [INFO] [OctoBans] weetiix sql checked, record: spammp by SmooKeur to -1
15-09-17 22:52:05 [INFO] [OctoBans] YTB_XxKarnageXx punished fido81 for: TpKill
15-09-17 22:54:19 [INFO] [OctoBans] ma7h15 sql checked, record: spammp by SnowEffect to -1
15-09-17 22:56:06 [INFO] [OctoBans] woimant punished weetiix for: Incitation au flood
15-09-17 22:59:55 [INFO] [OctoBans] woimant punished thegost for: Langage incorrect
15-09-17 23:03:20 [INFO] [OctoBans] YTB_XxKarnageXx punished thekillervaca for: Provocation
15-09-17 23:04:17 [INFO] [OctoBans] woimant punished skillbootiis for: Insulte staff
15-09-17 23:04:35 [INFO] [OctoBans] skillbootiis sql checked, record: insultestaff by woimant to 1505545457
15-09-17 23:09:12 [INFO] [OctoBans] _Hello_Kitty punished goblex for: Provocation
15-09-17 23:11:35 [INFO] [OctoBans] EGGSPLOSION punished athena86 for: Langage incorrect
15-09-17 23:12:57 [INFO] [OctoBans] sasuto19 sql checked, record: spammp by SnowEffect to -1
15-09-17 23:12:57 [INFO] [OctoBans] sasuto19 sql checked, record: spammp by SnowEffect to -1
15-09-17 23:12:57 [INFO] [OctoBans] sasuto19 sql checked, record: spammp by iPurple_ to -1
15-09-17 23:12:57 [INFO] [OctoBans] sasuto19 sql checked, record: spammp by Remil to -1
15-09-17 23:12:57 [INFO] [OctoBans] sasuto19 sql checked, record: doubleposte by EGGSPLOSION to 1505513856
15-09-17 23:19:14 [INFO] [OctoBans] ChronoEthernal punished azer_nexo for: Insulte grave
15-09-17 23:22:37 [INFO] [OctoBans] woimant punished woimant for: Majuscule
15-09-17 23:22:50 [INFO] [OctoBans] shouteur sql checked, record: langage by YTB_XxKarnageXx to 1505514511
15-09-17 23:22:50 [INFO] [OctoBans] shouteur sql checked, record: provocation by Shouteur to 1502211528
15-09-17 23:22:50 [INFO] [OctoBans] shouteur sql checked, record: provocation by Shouteur to 1502216345
15-09-17 23:22:50 [INFO] [OctoBans] shouteur sql checked, record: pubyt by Shouteur to 1502220507
15-09-17 23:22:50 [INFO] [OctoBans] shouteur sql checked, record: langage by Shouteur to 1502225591
15-09-17 23:22:50 [INFO] [OctoBans] shouteur sql checked, record: provocation by Shouteur to 1502238426
15-09-17 23:22:50 [INFO] [OctoBans] shouteur sql checked, record: langage by Shouteur to 1502256458
15-09-17 23:22:50 [INFO] [OctoBans] shouteur sql checked, record: langage by Shouteur to 1502288897
15-09-17 23:22:50 [INFO] [OctoBans] shouteur sql checked, record: faussesinfos by Shouteur to 1502480077
15-09-17 23:22:50 [INFO] [OctoBans] shouteur sql checked, record: doubleposte by Shouteur to 1502316155
15-09-17 23:22:50 [INFO] [OctoBans] shouteur sql checked, record: faussesinfos by Shouteur to 1502404026
15-09-17 23:22:50 [INFO] [OctoBans] shouteur sql checked, record: langage by Shouteur to 1502322502
15-09-17 23:22:50 [INFO] [OctoBans] shouteur sql checked, record: langage by Shouteur to 1502323341
15-09-17 23:22:50 [INFO] [OctoBans] shouteur sql checked, record: provocation by Shouteur to 1502326996
15-09-17 23:22:50 [INFO] [OctoBans] shouteur sql checked, record: langage by Shouteur to 1502377325
15-09-17 23:22:50 [INFO] [OctoBans] shouteur sql checked, record: provocation by Shouteur to 1502375550
15-09-17 23:22:50 [INFO] [OctoBans] shouteur sql checked, record: spam by Shouteur to 1502385659
15-09-17 23:22:50 [INFO] [OctoBans] shouteur sql checked, record: provocation by Shouteur to 1502377412
15-09-17 23:22:50 [INFO] [OctoBans] shouteur sql checked, record: majuscule by Shouteur to 1502379724
15-09-17 23:22:50 [INFO] [OctoBans] shouteur sql checked, record: doubleposte by Shouteur to 1502404794
15-09-17 23:22:50 [INFO] [OctoBans] shouteur sql checked, record: spam by Shouteur to 1502471947
15-09-17 23:22:50 [INFO] [OctoBans] shouteur sql checked, record: spam by Shouteur to 1502474689
15-09-17 23:22:50 [INFO] [OctoBans] shouteur sql checked, record: insultesrv by Shouteur to 1502482497
15-09-17 23:22:50 [INFO] [OctoBans] shouteur sql checked, record: spam by Shouteur to 1502494828
15-09-17 23:22:50 [INFO] [OctoBans] shouteur sql checked, record: spam by Shouteur to 1502495130
15-09-17 23:22:50 [INFO] [OctoBans] shouteur sql checked, record: langage by Shouteur to 1502500808
15-09-17 23:22:50 [INFO] [OctoBans] shouteur sql checked, record: doubleposte by Shouteur to 1502493468
15-09-17 23:22:50 [INFO] [OctoBans] shouteur sql checked, record: doubleposte by Shouteur to 1502496351
15-09-17 23:22:50 [INFO] [OctoBans] shouteur sql checked, record: langage by Shouteur to 1502503641
15-09-17 23:22:50 [INFO] [OctoBans] shouteur sql checked, record: doubleposte by Shouteur to 1502497812
15-09-17 23:22:50 [INFO] [OctoBans] shouteur sql checked, record: doubleposte by Shouteur to 1502496769
15-09-17 23:22:50 [INFO] [OctoBans] shouteur sql checked, record: langage by Shouteur to 1502500103
15-09-17 23:22:50 [INFO] [OctoBans] shouteur sql checked, record: provocation by Shouteur to 1502501888
15-09-17 23:22:50 [INFO] [OctoBans] shouteur sql checked, record: pubyt by Shouteur to 1502505345
15-09-17 23:22:50 [INFO] [OctoBans] shouteur sql checked, record: homophobie by Shouteur to 1502589974
15-09-17 23:22:50 [INFO] [OctoBans] shouteur sql checked, record: doubleposte by Shouteur to 1502574247
15-09-17 23:22:50 [INFO] [OctoBans] shouteur sql checked, record: majuscule by Shouteur to 1502576809
15-09-17 23:22:50 [INFO] [OctoBans] shouteur sql checked, record: langage by Shouteur to 1502671896
15-09-17 23:22:50 [INFO] [OctoBans] shouteur sql checked, record: doubleposte by Shouteur to 1502671662
15-09-17 23:22:50 [INFO] [OctoBans] shouteur sql checked, record: spam by Shouteur to 1502673770
15-09-17 23:22:50 [INFO] [OctoBans] shouteur sql checked, record: provocation by Shouteur to 1502719799
15-09-17 23:22:50 [INFO] [OctoBans] shouteur sql checked, record: doubleposte by Shouteur to 1502724920
15-09-17 23:22:50 [INFO] [OctoBans] shouteur sql checked, record: spam by Shouteur to 1502754822
15-09-17 23:22:50 [INFO] [OctoBans] shouteur sql checked, record: doubleposte by Shouteur to 1502753222
15-09-17 23:22:50 [INFO] [OctoBans] shouteur sql checked, record: provocation by Shouteur to 1502839057
15-09-17 23:22:50 [INFO] [OctoBans] shouteur sql checked, record: langage by Shouteur to 1502843228
15-09-17 23:22:50 [INFO] [OctoBans] shouteur sql checked, record: doubleposte by Shouteur to 1502901182
15-09-17 23:22:50 [INFO] [OctoBans] shouteur sql checked, record: doubleposte by Shouteur to 1502902412
15-09-17 23:22:50 [INFO] [OctoBans] shouteur sql checked, record: doubleposte by Shouteur to 1502927769
15-09-17 23:22:50 [INFO] [OctoBans] shouteur sql checked, record: provocation by Shouteur to 1502924785
15-09-17 23:22:50 [INFO] [OctoBans] shouteur sql checked, record: langage by Shouteur to 1502954507
15-09-17 23:22:50 [INFO] [OctoBans] shouteur sql checked, record: langage by Shouteur to 1502951866
15-09-17 23:22:50 [INFO] [OctoBans] shouteur sql checked, record: doubleposte by Shouteur to 1502958759
15-09-17 23:22:50 [INFO] [OctoBans] shouteur sql checked, record: langage by Shouteur to 1502990599
15-09-17 23:22:50 [INFO] [OctoBans] shouteur sql checked, record: langage by Shouteur to 1502988278
15-09-17 23:22:50 [INFO] [OctoBans] shouteur sql checked, record: provocation by Shouteur to 1502992002
15-09-17 23:22:50 [INFO] [OctoBans] shouteur sql checked, record: doubleposte by Shouteur to 1503046322
15-09-17 23:22:50 [INFO] [OctoBans] shouteur sql checked, record: provocation by Shouteur to 1503043841
15-09-17 23:22:50 [INFO] [OctoBans] shouteur sql checked, record: doubleposte by Shouteur to 1503101112
15-09-17 23:22:50 [INFO] [OctoBans] shouteur sql checked, record: doubleposte by Shouteur to 1503153221
15-09-17 23:22:50 [INFO] [OctoBans] shouteur sql checked, record: insulte by Shouteur to 1503153350
15-09-17 23:22:50 [INFO] [OctoBans] shouteur sql checked, record: doubleposte by Shouteur to 1503151865
15-09-17 23:22:50 [INFO] [OctoBans] shouteur sql checked, record: provocation by Shouteur to 1503170323
15-09-17 23:22:50 [INFO] [OctoBans] shouteur sql checked, record: doubleposte by Shouteur to 1503175650
15-09-17 23:22:50 [INFO] [OctoBans] shouteur sql checked, record: doubleposte by Shouteur to 1503191798
15-09-17 23:22:50 [INFO] [OctoBans] shouteur sql checked, record: insultegrave by Shouteur to 1503522141
15-09-17 23:22:50 [INFO] [OctoBans] shouteur sql checked, record: doubleposte by Shouteur to 1503270630
15-09-17 23:22:50 [INFO] [OctoBans] shouteur sql checked, record: doubleposte by Shouteur to 1503272283
15-09-17 23:22:50 [INFO] [OctoBans] shouteur sql checked, record: doubleposte by Shouteur to 1503274551
15-09-17 23:22:50 [INFO] [OctoBans] shouteur sql checked, record: majuscule by Shouteur to 1503274009
15-09-17 23:22:50 [INFO] [OctoBans] shouteur sql checked, record: spam by Shouteur to 1503277293
15-09-17 23:22:50 [INFO] [OctoBans] shouteur sql checked, record: doubleposte by Shouteur to 1503282371
15-09-17 23:22:50 [INFO] [OctoBans] shouteur sql checked, record: doubleposte by Shouteur to 1503286260
15-09-17 23:22:50 [INFO] [OctoBans] shouteur sql checked, record: doubleposte by Shouteur to 1503289353
15-09-17 23:22:50 [INFO] [OctoBans] shouteur sql checked, record: insultegrave by Shouteur to 1503359139
15-09-17 23:22:50 [INFO] [OctoBans] shouteur sql checked, record: insultegrave by Shouteur to 1503367785
15-09-17 23:22:50 [INFO] [OctoBans] shouteur sql checked, record: doubleposte by Shouteur to 1503301287
15-09-17 23:22:50 [INFO] [OctoBans] shouteur sql checked, record: provocation by Shouteur to 1503304888
15-09-17 23:22:50 [INFO] [OctoBans] shouteur sql checked, record: doubleposte by Shouteur to 1503305276
15-09-17 23:22:50 [INFO] [OctoBans] shouteur sql checked, record: doubleposte by Shouteur to 1503309089
15-09-17 23:22:50 [INFO] [OctoBans] shouteur sql checked, record: doubleposte by Shouteur to 1503310224
15-09-17 23:22:50 [INFO] [OctoBans] shouteur sql checked, record: insultegrave by Shouteur to 1503432088
15-09-17 23:22:50 [INFO] [OctoBans] shouteur sql checked, record: faussesinfos by Shouteur to 1503587123
15-09-17 23:22:50 [INFO] [OctoBans] shouteur sql checked, record: provocation by Shouteur to 1503334280
15-09-17 23:22:50 [INFO] [OctoBans] shouteur sql checked, record: doubleposte by Shouteur to 1503334281
15-09-17 23:22:50 [INFO] [OctoBans] shouteur sql checked, record: doubleposte by Shouteur to 1503342159
15-09-17 23:22:50 [INFO] [OctoBans] shouteur sql checked, record: provocation by Shouteur to 1503339006
15-09-17 23:22:50 [INFO] [OctoBans] shouteur sql checked, record: provocation by Shouteur to 1503339419
15-09-17 23:22:50 [INFO] [OctoBans] shouteur sql checked, record: provocation by Shouteur to 1503339641
15-09-17 23:22:50 [INFO] [OctoBans] shouteur sql checked, record: spam by Shouteur to 1503383410
15-09-17 23:22:50 [INFO] [OctoBans] shouteur sql checked, record: provocation by Shouteur to 1503380753
15-09-17 23:22:50 [INFO] [OctoBans] shouteur sql checked, record: insulte by Shouteur to 1503382864
15-09-17 23:22:50 [INFO] [OctoBans] shouteur sql checked, record: provocation by Shouteur to 1503386501
15-09-17 23:22:50 [INFO] [OctoBans] shouteur sql checked, record: doubleposte by Shouteur to 1503403248
15-09-17 23:22:50 [INFO] [OctoBans] shouteur sql checked, record: doubleposte by Shouteur to 1503407778
15-09-17 23:22:50 [INFO] [OctoBans] shouteur sql checked, record: spam by Shouteur to 1503435353
15-09-17 23:22:50 [INFO] [OctoBans] shouteur sql checked, record: insulte by Shouteur to 1503409273
15-09-17 23:22:50 [INFO] [OctoBans] shouteur sql checked, record: majuscule by Shouteur to 1503407271
15-09-17 23:22:50 [INFO] [OctoBans] shouteur sql checked, record: provocation by Shouteur to 1503427917
15-09-17 23:22:50 [INFO] [OctoBans] shouteur sql checked, record: doubleposte by Shouteur to 1503430062
15-09-17 23:22:50 [INFO] [OctoBans] shouteur sql checked, record: insultegrave by Shouteur to 1503501491
15-09-17 23:22:50 [INFO] [OctoBans] shouteur sql checked, record: spam by Shouteur to 1503442814
15-09-17 23:22:50 [INFO] [OctoBans] shouteur sql checked, record: provocation by Shouteur to 1503478327
15-09-17 23:22:50 [INFO] [OctoBans] shouteur sql checked, record: doubleposte by Shouteur to 1503482708
15-09-17 23:22:50 [INFO] [OctoBans] shouteur sql checked, record: insultegrave by Shouteur to 1503669153
15-09-17 23:22:50 [INFO] [OctoBans] shouteur sql checked, record: insultegrave by Shouteur to 1503705164
15-09-17 23:22:50 [INFO] [OctoBans] shouteur sql checked, record: majuscule by Shouteur to 1503563579
15-09-17 23:22:50 [INFO] [OctoBans] shouteur sql checked, record: insultegrave by Shouteur to 1503633206
15-09-17 23:22:50 [INFO] [OctoBans] shouteur sql checked, record: insulte by Shouteur to 1503563953
15-09-17 23:22:50 [INFO] [OctoBans] shouteur sql checked, record: insultegrave by Shouteur to 1503597428
15-09-17 23:22:50 [INFO] [OctoBans] shouteur sql checked, record: insultegrave by Shouteur to 1503597442
15-09-17 23:22:50 [INFO] [OctoBans] shouteur sql checked, record: doubleposte by Shouteur to 1503564993
15-09-17 23:22:50 [INFO] [OctoBans] shouteur sql checked, record: provocation by Shouteur to 1503564052
15-09-17 23:22:50 [INFO] [OctoBans] shouteur sql checked, record: spam by Shouteur to 1503657489
15-09-17 23:22:50 [INFO] [OctoBans] shouteur sql checked, record: doubleposte by Shouteur to 1503687227
15-09-17 23:22:50 [INFO] [OctoBans] shouteur sql checked, record: provocation by Shouteur to 1503688637
15-09-17 23:22:50 [INFO] [OctoBans] shouteur sql checked, record: doubleposte by Shouteur to 1503731156
15-09-17 23:22:50 [INFO] [OctoBans] shouteur sql checked, record: doubleposte by Shouteur to 1503732835
15-09-17 23:22:50 [INFO] [OctoBans] shouteur sql checked, record: doubleposte by Shouteur to 1503755408
15-09-17 23:22:50 [INFO] [OctoBans] shouteur sql checked, record: doubleposte by Shouteur to 1503758054
15-09-17 23:22:50 [INFO] [OctoBans] shouteur sql checked, record: doubleposte by Shouteur to 1503768535
15-09-17 23:22:50 [INFO] [OctoBans] shouteur sql checked, record: spam by Shouteur to 1503848150
15-09-17 23:22:50 [INFO] [OctoBans] shouteur sql checked, record: doubleposte by Shouteur to 1503824873
15-09-17 23:22:50 [INFO] [OctoBans] shouteur sql checked, record: homophobie by Shouteur to 1503906262
15-09-17 23:22:50 [INFO] [OctoBans] shouteur sql checked, record: doubleposte by Shouteur to 1503820178
15-09-17 23:22:50 [INFO] [OctoBans] shouteur sql checked, record: doubleposte by Shouteur to 1503822332
15-09-17 23:22:50 [INFO] [OctoBans] shouteur sql checked, record: doubleposte by Shouteur to 1503826578
15-09-17 23:22:50 [INFO] [OctoBans] shouteur sql checked, record: doubleposte by Shouteur to 1503852185
15-09-17 23:22:50 [INFO] [OctoBans] shouteur sql checked, record: provocation by Shouteur to 1503853441
15-09-17 23:22:50 [INFO] [OctoBans] shouteur sql checked, record: insulte by Shouteur to 1503861268
15-09-17 23:22:50 [INFO] [OctoBans] shouteur sql checked, record: provocation by Shouteur to 1503854679
15-09-17 23:22:50 [INFO] [OctoBans] shouteur sql checked, record: spam by Shouteur to 1503857061
15-09-17 23:22:50 [INFO] [OctoBans] shouteur sql checked, record: majuscule by Shouteur to 1503910030
15-09-17 23:22:50 [INFO] [OctoBans] shouteur sql checked, record: insultegrave by Shouteur to 1503945881
15-09-17 23:22:50 [INFO] [OctoBans] shouteur sql checked, record: doubleposte by Shouteur to 1503946939
15-09-17 23:22:50 [INFO] [OctoBans] shouteur sql checked, record: doubleposte by Shouteur to 1503948184
15-09-17 23:22:50 [INFO] [OctoBans] shouteur sql checked, record: doubleposte by Shouteur to 1503946936
15-09-17 23:22:50 [INFO] [OctoBans] shouteur sql checked, record: doubleposte by Shouteur to 1503947411
15-09-17 23:22:50 [INFO] [OctoBans] shouteur sql checked, record: spam by Shouteur to 1503954503
15-09-17 23:22:50 [INFO] [OctoBans] shouteur sql checked, record: doubleposte by Shouteur to 1503949919
15-09-17 23:22:50 [INFO] [OctoBans] shouteur sql checked, record: doubleposte by Shouteur to 1504004194
15-09-17 23:22:50 [INFO] [OctoBans] shouteur sql checked, record: doubleposte by Shouteur to 1504080721
15-09-17 23:22:50 [INFO] [OctoBans] shouteur sql checked, record: majuscule by Shouteur to 1504085811
15-09-17 23:22:50 [INFO] [OctoBans] shouteur sql checked, record: doubleposte by Shouteur to 1504117174
15-09-17 23:22:50 [INFO] [OctoBans] shouteur sql checked, record: doubleposte by Shouteur to 1504123344
15-09-17 23:22:50 [INFO] [OctoBans] shouteur sql checked, record: doubleposte by Shouteur to 1504117696
15-09-17 23:22:50 [INFO] [OctoBans] shouteur sql checked, record: doubleposte by Shouteur to 1504118310
15-09-17 23:22:50 [INFO] [OctoBans] shouteur sql checked, record: doubleposte by Shouteur to 1504168851
15-09-17 23:22:50 [INFO] [OctoBans] shouteur sql checked, record: provocation by Shouteur to 1504174922
15-09-17 23:22:50 [INFO] [OctoBans] shouteur sql checked, record: provocation by Shouteur to 1504174026
15-09-17 23:22:50 [INFO] [OctoBans] shouteur sql checked, record: provocation by Shouteur to 1504173730
15-09-17 23:22:50 [INFO] [OctoBans] shouteur sql checked, record: provocation by Shouteur to 1504174934
15-09-17 23:22:50 [INFO] [OctoBans] shouteur sql checked, record: provocation by Shouteur to 1504173513
15-09-17 23:22:50 [INFO] [OctoBans] shouteur sql checked, record: doubleposte by Shouteur to 1504175426
15-09-17 23:22:50 [INFO] [OctoBans] shouteur sql checked, record: majuscule by Shouteur to 1504184017
15-09-17 23:22:50 [INFO] [OctoBans] shouteur sql checked, record: doubleposte by Shouteur to 1504204954
15-09-17 23:22:50 [INFO] [OctoBans] shouteur sql checked, record: doubleposte by Shouteur to 1504203096
15-09-17 23:22:50 [INFO] [OctoBans] shouteur sql checked, record: doubleposte by Shouteur to 1504203482
15-09-17 23:22:50 [INFO] [OctoBans] shouteur sql checked, record: spam by Shouteur to 1504295995
15-09-17 23:22:50 [INFO] [OctoBans] shouteur sql checked, record: spam by Shouteur to 1504298117
15-09-17 23:22:50 [INFO] [OctoBans] shouteur sql checked, record: doubleposte by Shouteur to 1504288902
15-09-17 23:22:50 [INFO] [OctoBans] shouteur sql checked, record: majuscule by Shouteur to 1504352665
15-09-17 23:22:50 [INFO] [OctoBans] shouteur sql checked, record: doubleposte by Shouteur to 1504352155
15-09-17 23:22:50 [INFO] [OctoBans] shouteur sql checked, record: majuscule by Shouteur to 1504349778
15-09-17 23:22:50 [INFO] [OctoBans] shouteur sql checked, record: doubleposte by Shouteur to 1504354312
15-09-17 23:22:50 [INFO] [OctoBans] shouteur sql checked, record: doubleposte by Shouteur to 1504349879
15-09-17 23:22:50 [INFO] [OctoBans] shouteur sql checked, record: doubleposte by Shouteur to 1504350196
15-09-17 23:22:50 [INFO] [OctoBans] shouteur sql checked, record: doubleposte by Shouteur to 1504355804
15-09-17 23:22:50 [INFO] [OctoBans] shouteur sql checked, record: insulte by Shouteur to 1504355046
15-09-17 23:22:50 [INFO] [OctoBans] shouteur sql checked, record: doubleposte by Shouteur to 1504353256
15-09-17 23:22:50 [INFO] [OctoBans] shouteur sql checked, record: doubleposte by Shouteur to 1504350009
15-09-17 23:22:50 [INFO] [OctoBans] shouteur sql checked, record: doubleposte by Shouteur to 1504350577
15-09-17 23:22:50 [INFO] [OctoBans] shouteur sql checked, record: doubleposte by Shouteur to 1504350373
15-09-17 23:22:50 [INFO] [OctoBans] shouteur sql checked, record: provocation by Shouteur to 1504351799
15-09-17 23:22:50 [INFO] [OctoBans] shouteur sql checked, record: insultegrave by Shouteur to 1504459660
15-09-17 23:22:50 [INFO] [OctoBans] shouteur sql checked, record: doubleposte by Shouteur to 1504353292
15-09-17 23:22:50 [INFO] [OctoBans] shouteur sql checked, record: doubleposte by Shouteur to 1504352452
15-09-17 23:22:50 [INFO] [OctoBans] shouteur sql checked, record: provocation by Shouteur to 1504354897
15-09-17 23:22:50 [INFO] [OctoBans] shouteur sql checked, record: provocation by Shouteur to 1504357137
15-09-17 23:22:50 [INFO] [OctoBans] shouteur sql checked, record: doubleposte by Shouteur to 1504363653
15-09-17 23:22:50 [INFO] [OctoBans] shouteur sql checked, record: spam by Shouteur to 1504371163
15-09-17 23:22:50 [INFO] [OctoBans] shouteur sql checked, record: majuscule by Shouteur to 1504364584
15-09-17 23:22:50 [INFO] [OctoBans] shouteur sql checked, record: flood by Shouteur to 1504379585
15-09-17 23:22:50 [INFO] [OctoBans] shouteur sql checked, record: insulte by Shouteur to 1504376041
15-09-17 23:22:50 [INFO] [OctoBans] shouteur sql checked, record: doubleposte by Shouteur to 1504376492
15-09-17 23:22:50 [INFO] [OctoBans] shouteur sql checked, record: insulte by Shouteur to 1504378592
15-09-17 23:22:50 [INFO] [OctoBans] shouteur sql checked, record: doubleposte by Shouteur to 1504376539
15-09-17 23:22:50 [INFO] [OctoBans] shouteur sql checked, record: doubleposte by Shouteur to 1504377728
15-09-17 23:22:50 [INFO] [OctoBans] shouteur sql checked, record: doubleposte by Shouteur to 1504382330
15-09-17 23:22:50 [INFO] [OctoBans] shouteur sql checked, record: insultegrave by Shouteur to 1504520821
15-09-17 23:22:50 [INFO] [OctoBans] shouteur sql checked, record: flood by Shouteur to 1504384385
15-09-17 23:22:50 [INFO] [OctoBans] shouteur sql checked, record: spam by Shouteur to 1504458072
15-09-17 23:22:50 [INFO] [OctoBans] shouteur sql checked, record: doubleposte by Shouteur to 1504433845
15-09-17 23:22:50 [INFO] [OctoBans] shouteur sql checked, record: majuscule by Shouteur to 1504434959
15-09-17 23:22:50 [INFO] [OctoBans] shouteur sql checked, record: doubleposte by Shouteur to 1504434673
15-09-17 23:22:50 [INFO] [OctoBans] shouteur sql checked, record: doubleposte by Shouteur to 1504443408
15-09-17 23:22:50 [INFO] [OctoBans] shouteur sql checked, record: spam by Shouteur to 1504451404
15-09-17 23:22:50 [INFO] [OctoBans] shouteur sql checked, record: doubleposte by Shouteur to 1504460225
15-09-17 23:22:50 [INFO] [OctoBans] shouteur sql checked, record: spam by Shouteur to 1504463381
15-09-17 23:22:50 [INFO] [OctoBans] shouteur sql checked, record: doubleposte by Shouteur to 1504463472
15-09-17 23:22:50 [INFO] [OctoBans] shouteur sql checked, record: provocation by Shouteur to 1504468310
15-09-17 23:22:50 [INFO] [OctoBans] shouteur sql checked, record: doubleposte by Shouteur to 1504472904
15-09-17 23:22:50 [INFO] [OctoBans] shouteur sql checked, record: doubleposte by Shouteur to 1504465812
15-09-17 23:22:50 [INFO] [OctoBans] shouteur sql checked, record: doubleposte by Shouteur to 1504480902
15-09-17 23:22:50 [INFO] [OctoBans] shouteur sql checked, record: provocation by Shouteur to 1504524444
15-09-17 23:22:50 [INFO] [OctoBans] shouteur sql checked, record: spam by Shouteur to 1504553418
15-09-17 23:22:50 [INFO] [OctoBans] shouteur sql checked, record: doubleposte by Shouteur to 1504538377
15-09-17 23:22:50 [INFO] [OctoBans] shouteur sql checked, record: doubleposte by Shouteur to 1504539295
15-09-17 23:22:50 [INFO] [OctoBans] shouteur sql checked, record: spam by Shouteur to 1504554887
15-09-17 23:22:50 [INFO] [OctoBans] shouteur sql checked, record: flood by Shouteur to 1504570745
15-09-17 23:22:50 [INFO] [OctoBans] shouteur sql checked, record: spam by Shouteur to 1504579066
15-09-17 23:22:50 [INFO] [OctoBans] shouteur sql checked, record: spam by Shouteur to 1504559965
15-09-17 23:22:50 [INFO] [OctoBans] shouteur sql checked, record: spam by Shouteur to 1504563059
15-09-17 23:22:50 [INFO] [OctoBans] shouteur sql checked, record: doubleposte by Shouteur to 1504560774
15-09-17 23:22:50 [INFO] [OctoBans] shouteur sql checked, record: insultegrave by Shouteur to 1504657786
15-09-17 23:22:50 [INFO] [OctoBans] shouteur sql checked, record: doubleposte by Shouteur to 1504622608
15-09-17 23:22:50 [INFO] [OctoBans] shouteur sql checked, record: doubleposte by Shouteur to 1504624774
15-09-17 23:22:50 [INFO] [OctoBans] shouteur sql checked, record: faussesinfos by Shouteur to 1504710922
15-09-17 23:22:50 [INFO] [OctoBans] shouteur sql checked, record: doubleposte by Shouteur to 1504626223
15-09-17 23:22:50 [INFO] [OctoBans] shouteur sql checked, record: doubleposte by Shouteur to 1504632136
15-09-17 23:22:50 [INFO] [OctoBans] shouteur sql checked, record: spam by Shouteur to 1504633532
15-09-17 23:22:50 [INFO] [OctoBans] shouteur sql checked, record: doubleposte by Shouteur to 1504629025
15-09-17 23:22:50 [INFO] [OctoBans] shouteur sql checked, record: doubleposte by Shouteur to 1504631146
15-09-17 23:22:50 [INFO] [OctoBans] shouteur sql checked, record: doubleposte by Shouteur to 1504629134
15-09-17 23:22:50 [INFO] [OctoBans] shouteur sql checked, record: provocation by Shouteur to 1504631281
15-09-17 23:22:50 [INFO] [OctoBans] shouteur sql checked, record: majuscule by Shouteur to 1504634737
15-09-17 23:22:50 [INFO] [OctoBans] shouteur sql checked, record: provocation by Shouteur to 1504632943
15-09-17 23:22:50 [INFO] [OctoBans] shouteur sql checked, record: spam by Shouteur to 1504642577
15-09-17 23:22:50 [INFO] [OctoBans] shouteur sql checked, record: insulte by Shouteur to 1504641907
15-09-17 23:22:50 [INFO] [OctoBans] shouteur sql checked, record: provocation by Shouteur to 1504644166
15-09-17 23:22:50 [INFO] [OctoBans] shouteur sql checked, record: langage by Shouteur to 1504645373
15-09-17 23:22:50 [INFO] [OctoBans] shouteur sql checked, record: majuscule by Shouteur to 1504645430
15-09-17 23:22:50 [INFO] [OctoBans] shouteur sql checked, record: doubleposte by Shouteur to 1504648451
15-09-17 23:22:50 [INFO] [OctoBans] shouteur sql checked, record: insulte by Shouteur to 1504650567
15-09-17 23:22:50 [INFO] [OctoBans] shouteur sql checked, record: provocation by Shouteur to 1504648815
15-09-17 23:22:50 [INFO] [OctoBans] shouteur sql checked, record: doubleposte by Shouteur to 1504649118
15-09-17 23:22:50 [INFO] [OctoBans] shouteur sql checked, record: doubleposte by Shouteur to 1504649365
15-09-17 23:22:50 [INFO] [OctoBans] shouteur sql checked, record: insultegrave by Shouteur to 1504797223
15-09-17 23:22:50 [INFO] [OctoBans] shouteur sql checked, record: doubleposte by Shouteur to 1504698510
15-09-17 23:22:50 [INFO] [OctoBans] shouteur sql checked, record: insulte by Shouteur to 1504699728
15-09-17 23:22:50 [INFO] [OctoBans] shouteur sql checked, record: doubleposte by Shouteur to 1504703315
15-09-17 23:22:50 [INFO] [OctoBans] shouteur sql checked, record: insulte by Shouteur to 1504708490
15-09-17 23:22:50 [INFO] [OctoBans] shouteur sql checked, record: doubleposte by Shouteur to 1504706000
15-09-17 23:22:50 [INFO] [OctoBans] shouteur sql checked, record: doubleposte by Shouteur to 1504704657
15-09-17 23:22:50 [INFO] [OctoBans] shouteur sql checked, record: doubleposte by Shouteur to 1504705210
15-09-17 23:22:50 [INFO] [OctoBans] shouteur sql checked, record: insultegrave by Shouteur to 1504740703
15-09-17 23:22:50 [INFO] [OctoBans] shouteur sql checked, record: provocation by Shouteur to 1504706023
15-09-17 23:22:50 [INFO] [OctoBans] shouteur sql checked, record: doubleposte by Shouteur to 1504710232
15-09-17 23:22:50 [INFO] [OctoBans] shouteur sql checked, record: doubleposte by Shouteur to 1504720005
15-09-17 23:22:50 [INFO] [OctoBans] shouteur sql checked, record: doubleposte by Shouteur to 1504715241
15-09-17 23:22:50 [INFO] [OctoBans] shouteur sql checked, record: doubleposte by Shouteur to 1504717064
15-09-17 23:22:50 [INFO] [OctoBans] shouteur sql checked, record: doubleposte by Shouteur to 1504721844
15-09-17 23:22:50 [INFO] [OctoBans] shouteur sql checked, record: doubleposte by Shouteur to 1504718499
15-09-17 23:22:50 [INFO] [OctoBans] shouteur sql checked, record: doubleposte by Shouteur to 1504717269
15-09-17 23:22:50 [INFO] [OctoBans] shouteur sql checked, record: doubleposte by Shouteur to 1504721094
15-09-17 23:22:50 [INFO] [OctoBans] shouteur sql checked, record: doubleposte by Shouteur to 1504725607
15-09-17 23:22:50 [INFO] [OctoBans] shouteur sql checked, record: majuscule by Shouteur to 1504722796
15-09-17 23:22:50 [INFO] [OctoBans] shouteur sql checked, record: doubleposte by Shouteur to 1504724492
15-09-17 23:22:50 [INFO] [OctoBans] shouteur sql checked, record: doubleposte by Shouteur to 1504729577
15-09-17 23:22:50 [INFO] [OctoBans] shouteur sql checked, record: doubleposte by Shouteur to 1504732728
15-09-17 23:22:50 [INFO] [OctoBans] shouteur sql checked, record: doubleposte by Shouteur to 1504732504
15-09-17 23:22:50 [INFO] [OctoBans] shouteur sql checked, record: insultegrave by Shouteur to 1504840157
15-09-17 23:22:50 [INFO] [OctoBans] shouteur sql checked, record: provocation by Shouteur to 1504777999
15-09-17 23:22:50 [INFO] [OctoBans] shouteur sql checked, record: spam by Shouteur to 1504905664
15-09-17 23:22:50 [INFO] [OctoBans] shouteur sql checked, record: langage by Shouteur to 1504780890
15-09-17 23:22:50 [INFO] [OctoBans] shouteur sql checked, record: provocation by Shouteur to 1504781053
15-09-17 23:22:50 [INFO] [OctoBans] shouteur sql checked, record: doubleposte by Shouteur to 1504784950
15-09-17 23:22:50 [INFO] [OctoBans] shouteur sql checked, record: spam by Shouteur to 1504792280
15-09-17 23:22:50 [INFO] [OctoBans] shouteur sql checked, record: doubleposte by Shouteur to 1504797417
15-09-17 23:22:50 [INFO] [OctoBans] shouteur sql checked, record: doubleposte by Shouteur to 1504792472
15-09-17 23:22:50 [INFO] [OctoBans] shouteur sql checked, record: doubleposte by Shouteur to 1504800136
15-09-17 23:22:50 [INFO] [OctoBans] shouteur sql checked, record: spam by Shouteur to 1504814387
15-09-17 23:22:50 [INFO] [OctoBans] shouteur sql checked, record: spam by Shouteur to 1504798162
15-09-17 23:22:50 [INFO] [OctoBans] shouteur sql checked, record: doubleposte by Shouteur to 1504796377
15-09-17 23:22:50 [INFO] [OctoBans] shouteur sql checked, record: provocation by Shouteur to 1504799082
15-09-17 23:22:50 [INFO] [OctoBans] shouteur sql checked, record: majuscule by Shouteur to 1504796258
15-09-17 23:22:50 [INFO] [OctoBans] shouteur sql checked, record: doubleposte by Shouteur to 1504805795
15-09-17 23:22:50 [INFO] [OctoBans] shouteur sql checked, record: insultegrave by Shouteur to 1504989569
15-09-17 23:22:50 [INFO] [OctoBans] shouteur sql checked, record: insultegrave by Shouteur to 1505062058
15-09-17 23:22:50 [INFO] [OctoBans] shouteur sql checked, record: insultegrave by Shouteur to 1505109040
15-09-17 23:22:50 [INFO] [OctoBans] shouteur sql checked, record: majuscule by Shouteur to 1504974558
15-09-17 23:22:50 [INFO] [OctoBans] shouteur sql checked, record: spam by Shouteur to 1504987032
15-09-17 23:22:50 [INFO] [OctoBans] shouteur sql checked, record: spam by Shouteur to 1504985797
15-09-17 23:22:50 [INFO] [OctoBans] shouteur sql checked, record: spam by Shouteur to 1505015590
15-09-17 23:22:50 [INFO] [OctoBans] shouteur sql checked, record: insultegrave by Shouteur to 1505236744
15-09-17 23:22:50 [INFO] [OctoBans] shouteur sql checked, record: doubleposte by Shouteur to 1504986965
15-09-17 23:22:50 [INFO] [OctoBans] shouteur sql checked, record: majuscule by Shouteur to 1504986985
15-09-17 23:22:50 [INFO] [OctoBans] shouteur sql checked, record: provocation by Shouteur to 1505007732
15-09-17 23:22:50 [INFO] [OctoBans] shouteur sql checked, record: doubleposte by Shouteur to 1505039788
15-09-17 23:22:50 [INFO] [OctoBans] shouteur sql checked, record: provocation by Shouteur to 1505039560
15-09-17 23:22:50 [INFO] [OctoBans] shouteur sql checked, record: doubleposte by Shouteur to 1505042108
15-09-17 23:22:50 [INFO] [OctoBans] shouteur sql checked, record: majuscule by Shouteur to 1505045064
15-09-17 23:22:50 [INFO] [OctoBans] shouteur sql checked, record: doubleposte by Shouteur to 1505044196
15-09-17 23:22:50 [INFO] [OctoBans] shouteur sql checked, record: majuscule by Shouteur to 1505046673
15-09-17 23:22:50 [INFO] [OctoBans] shouteur sql checked, record: majuscule by Shouteur to 1505048830
15-09-17 23:22:50 [INFO] [OctoBans] shouteur sql checked, record: provocation by Shouteur to 1505056116
15-09-17 23:22:50 [INFO] [OctoBans] shouteur sql checked, record: spam by Shouteur to 1505057442
15-09-17 23:22:50 [INFO] [OctoBans] shouteur sql checked, record: doubleposte by Shouteur to 1505056146
15-09-17 23:22:50 [INFO] [OctoBans] shouteur sql checked, record: insultegrave by Shouteur to 1505234170
15-09-17 23:22:50 [INFO] [OctoBans] shouteur sql checked, record: doubleposte by Shouteur to 1505060955
15-09-17 23:22:50 [INFO] [OctoBans] shouteur sql checked, record: langage by Shouteur to 1505056765
15-09-17 23:22:50 [INFO] [OctoBans] shouteur sql checked, record: majuscule by Shouteur to 1505068790
15-09-17 23:22:50 [INFO] [OctoBans] shouteur sql checked, record: doubleposte by Shouteur to 1505069764
15-09-17 23:22:50 [INFO] [OctoBans] shouteur sql checked, record: spam by Shouteur to 1505072348
15-09-17 23:22:50 [INFO] [OctoBans] shouteur sql checked, record: spam by Shouteur to 1505072357
15-09-17 23:22:50 [INFO] [OctoBans] shouteur sql checked, record: doubleposte by Shouteur to 1505069114
15-09-17 23:22:50 [INFO] [OctoBans] shouteur sql checked, record: spam by Shouteur to 1505072580
15-09-17 23:22:50 [INFO] [OctoBans] shouteur sql checked, record: spam by Shouteur to 1505104987
15-09-17 23:22:50 [INFO] [OctoBans] shouteur sql checked, record: spam by Shouteur to 1505090631
15-09-17 23:22:50 [INFO] [OctoBans] shouteur sql checked, record: majuscule by Shouteur to 1505071596
15-09-17 23:22:50 [INFO] [OctoBans] shouteur sql checked, record: spam by Shouteur to 1505080272
15-09-17 23:22:50 [INFO] [OctoBans] shouteur sql checked, record: faussesinfos by Shouteur to 1505155969
15-09-17 23:22:50 [INFO] [OctoBans] shouteur sql checked, record: majuscule by Shouteur to 1505070601
15-09-17 23:22:50 [INFO] [OctoBans] shouteur sql checked, record: majuscule by Shouteur to 1505070617
15-09-17 23:22:50 [INFO] [OctoBans] shouteur sql checked, record: doubleposte by Shouteur to 1505070930
15-09-17 23:22:50 [INFO] [OctoBans] shouteur sql checked, record: doubleposte by Shouteur to 1505071625
15-09-17 23:22:50 [INFO] [OctoBans] shouteur sql checked, record: insultegrave by Shouteur to 1505145137
15-09-17 23:22:50 [INFO] [OctoBans] shouteur sql checked, record: doubleposte by Shouteur to 1505073937
15-09-17 23:22:50 [INFO] [OctoBans] shouteur sql checked, record: doubleposte by Shouteur to 1505076643
15-09-17 23:22:50 [INFO] [OctoBans] shouteur sql checked, record: doubleposte by Shouteur to 1505084190
15-09-17 23:22:50 [INFO] [OctoBans] shouteur sql checked, record: spam by Shouteur to 1505152391
15-09-17 23:22:50 [INFO] [OctoBans] shouteur sql checked, record: spam by Shouteur to 1505156006
15-09-17 23:22:50 [INFO] [OctoBans] shouteur sql checked, record: spam by Shouteur to 1505152430
15-09-17 23:22:50 [INFO] [OctoBans] shouteur sql checked, record: spam by Shouteur to 1505152437
15-09-17 23:22:50 [INFO] [OctoBans] shouteur sql checked, record: spam by Shouteur to 1505152518
15-09-17 23:22:50 [INFO] [OctoBans] shouteur sql checked, record: doubleposte by Shouteur to 1505149821
15-09-17 23:22:50 [INFO] [OctoBans] shouteur sql checked, record: spam by Shouteur to 1505153000
15-09-17 23:22:50 [INFO] [OctoBans] shouteur sql checked, record: spam by Shouteur to 1505153004
15-09-17 23:22:50 [INFO] [OctoBans] shouteur sql checked, record: spam by Shouteur to 1505153009
15-09-17 23:22:50 [INFO] [OctoBans] shouteur sql checked, record: doubleposte by Shouteur to 1505153250
15-09-17 23:22:50 [INFO] [OctoBans] shouteur sql checked, record: doubleposte by Shouteur to 1505150559
15-09-17 23:22:50 [INFO] [OctoBans] shouteur sql checked, record: spam by Shouteur to 1505153809
15-09-17 23:22:50 [INFO] [OctoBans] shouteur sql checked, record: spam by Shouteur to 1505153817
15-09-17 23:22:50 [INFO] [OctoBans] shouteur sql checked, record: majuscule by Shouteur to 1505152491
15-09-17 23:22:50 [INFO] [OctoBans] shouteur sql checked, record: spam by Shouteur to 1505161416
15-09-17 23:22:50 [INFO] [OctoBans] shouteur sql checked, record: doubleposte by Shouteur to 1505160523
15-09-17 23:22:50 [INFO] [OctoBans] shouteur sql checked, record: flood by Shouteur to 1505185955
15-09-17 23:22:50 [INFO] [OctoBans] shouteur sql checked, record: majuscule by Shouteur to 1505173602
15-09-17 23:22:50 [INFO] [OctoBans] shouteur sql checked, record: insultegrave by Shouteur to 1505243824
15-09-17 23:22:50 [INFO] [OctoBans] shouteur sql checked, record: langage by Shouteur to 1505178063
15-09-17 23:22:50 [INFO] [OctoBans] shouteur sql checked, record: doubleposte by Shouteur to 1505226246
15-09-17 23:22:50 [INFO] [OctoBans] shouteur sql checked, record: homophobie by Shouteur to 1505312007
15-09-17 23:22:50 [INFO] [OctoBans] shouteur sql checked, record: majuscule by Shouteur to 1505231105
15-09-17 23:22:50 [INFO] [OctoBans] shouteur sql checked, record: majuscule by Shouteur to 1505232317
15-09-17 23:22:50 [INFO] [OctoBans] shouteur sql checked, record: spam by Shouteur to 1505234752
15-09-17 23:22:50 [INFO] [OctoBans] shouteur sql checked, record: majuscule by Shouteur to 1505235913
15-09-17 23:22:50 [INFO] [OctoBans] shouteur sql checked, record: doubleposte by Shouteur to 1505234161
15-09-17 23:22:50 [INFO] [OctoBans] shouteur sql checked, record: doubleposte by Shouteur to 1505241168
15-09-17 23:22:50 [INFO] [OctoBans] shouteur sql checked, record: doubleposte by Shouteur to 1505244892
15-09-17 23:22:50 [INFO] [OctoBans] shouteur sql checked, record: spam by Shouteur to 1505265303
15-09-17 23:22:50 [INFO] [OctoBans] shouteur sql checked, record: doubleposte by Shouteur to 1505251207
15-09-17 23:22:50 [INFO] [OctoBans] shouteur sql checked, record: provocation by Shouteur to 1505306424
15-09-17 23:22:50 [INFO] [OctoBans] shouteur sql checked, record: homophobie by Shouteur to 1505391434
15-09-17 23:22:50 [INFO] [OctoBans] shouteur sql checked, record: doubleposte by Shouteur to 1505315137
15-09-17 23:22:50 [INFO] [OctoBans] shouteur sql checked, record: provocation by Shouteur to 1505316479
15-09-17 23:22:50 [INFO] [OctoBans] shouteur sql checked, record: doubleposte by Shouteur to 1505318047
15-09-17 23:22:50 [INFO] [OctoBans] shouteur sql checked, record: doubleposte by Shouteur to 1505329437
15-09-17 23:22:50 [INFO] [OctoBans] shouteur sql checked, record: doubleposte by Shouteur to 1505335231
15-09-17 23:22:50 [INFO] [OctoBans] shouteur sql checked, record: faussesinfos by Shouteur to 1505420494
15-09-17 23:22:50 [INFO] [OctoBans] shouteur sql checked, record: doubleposte by Shouteur to 1505339105
15-09-17 23:22:50 [INFO] [OctoBans] shouteur sql checked, record: langage by Shouteur to 1505340103
15-09-17 23:22:50 [INFO] [OctoBans] shouteur sql checked, record: majuscule by Shouteur to 1505340374
15-09-17 23:22:50 [INFO] [OctoBans] shouteur sql checked, record: provocation by Shouteur to 1505349164
15-09-17 23:22:50 [INFO] [OctoBans] shouteur sql checked, record: provocation by Shouteur to 1505347732
15-09-17 23:22:50 [INFO] [OctoBans] shouteur sql checked, record: provocation by Shouteur to 1505346852
15-09-17 23:22:50 [INFO] [OctoBans] shouteur sql checked, record: faussesinfos by Shouteur to 1505476964
15-09-17 23:22:50 [INFO] [OctoBans] shouteur sql checked, record: faussesinfos by Shouteur to 1505477226
15-09-17 23:22:50 [INFO] [OctoBans] shouteur sql checked, record: faussesinfos by Shouteur to 1505477371
15-09-17 23:22:50 [INFO] [OctoBans] shouteur sql checked, record: spam by Shouteur to 1505395261
15-09-17 23:22:50 [INFO] [OctoBans] shouteur sql checked, record: majuscule by Shouteur to 1505392775
15-09-17 23:22:50 [INFO] [OctoBans] shouteur sql checked, record: insultegrave by Shouteur to 1505465562
15-09-17 23:22:50 [INFO] [OctoBans] shouteur sql checked, record: provocation by Shouteur to 1505393873
15-09-17 23:22:50 [INFO] [OctoBans] shouteur sql checked, record: majuscule by Shouteur to 1505405334
15-09-17 23:22:50 [INFO] [OctoBans] shouteur sql checked, record: spam by Shouteur to 1505419488
15-09-17 23:22:50 [INFO] [OctoBans] shouteur sql checked, record: doubleposte by Shouteur to 1505406404
15-09-17 23:22:50 [INFO] [OctoBans] shouteur sql checked, record: doubleposte by Shouteur to 1505411560
15-09-17 23:22:50 [INFO] [OctoBans] shouteur sql checked, record: doubleposte by Shouteur to 1505407845
15-09-17 23:22:50 [INFO] [OctoBans] shouteur sql checked, record: doubleposte by Shouteur to 1505408150
15-09-17 23:22:50 [INFO] [OctoBans] shouteur sql checked, record: doubleposte by Shouteur to 1505407637
15-09-17 23:22:50 [INFO] [OctoBans] shouteur sql checked, record: insultegrave by Shouteur to 1505442821
15-09-17 23:22:50 [INFO] [OctoBans] shouteur sql checked, record: provocation by Shouteur to 1505407768
15-09-17 23:22:50 [INFO] [OctoBans] shouteur sql checked, record: langage by Shouteur to 1505409293
15-09-17 23:22:50 [INFO] [OctoBans] shouteur sql checked, record: spam by Shouteur to 1505421451
15-09-17 23:22:50 [INFO] [OctoBans] shouteur sql checked, record: doubleposte by Shouteur to 1505407855
15-09-17 23:22:50 [INFO] [OctoBans] shouteur sql checked, record: spam by Shouteur to 1505425262
15-09-17 23:22:50 [INFO] [OctoBans] shouteur sql checked, record: spam by Shouteur to 1505418074
15-09-17 23:22:50 [INFO] [OctoBans] shouteur sql checked, record: spam by Shouteur to 1505468491
15-09-17 23:22:50 [INFO] [OctoBans] shouteur sql checked, record: spam by Shouteur to 1505428895
15-09-17 23:22:50 [INFO] [OctoBans] shouteur sql checked, record: spam by Shouteur to 1505421946
15-09-17 23:22:50 [INFO] [OctoBans] shouteur sql checked, record: spam by Shouteur to 1505411157
15-09-17 23:22:50 [INFO] [OctoBans] shouteur sql checked, record: doubleposte by Shouteur to 1505408207
15-09-17 23:22:50 [INFO] [OctoBans] shouteur sql checked, record: majuscule by Shouteur to 1505409165
15-09-17 23:22:50 [INFO] [OctoBans] shouteur sql checked, record: insultegrave by Shouteur to 1505700093
15-09-17 23:22:50 [INFO] [OctoBans] shouteur sql checked, record: doubleposte by Shouteur to 1505414785
15-09-17 23:22:50 [INFO] [OctoBans] shouteur sql checked, record: spam by Shouteur to 1505433402
15-09-17 23:22:50 [INFO] [OctoBans] shouteur sql checked, record: insultesrv by Shouteur to 1505436130
15-09-17 23:22:50 [INFO] [OctoBans] shouteur sql checked, record: doubleposte by Shouteur to 1505481091
15-09-17 23:22:50 [INFO] [OctoBans] shouteur sql checked, record: doubleposte by Shouteur to 1505484859
15-09-17 23:22:50 [INFO] [OctoBans] shouteur sql checked, record: doubleposte by Shouteur to 1505496311
15-09-17 23:22:50 [INFO] [OctoBans] shouteur sql checked, record: doubleposte by Shouteur to 1505498283
15-09-17 23:22:50 [INFO] [OctoBans] shouteur sql checked, record: doubleposte by Shouteur to 1505500997
15-09-17 23:22:50 [INFO] [OctoBans] shouteur sql checked, record: provocation by Shouteur to 1505500157
15-09-17 23:22:50 [INFO] [OctoBans] shouteur sql checked, record: doubleposte by Shouteur to 1505499268
15-09-17 23:22:50 [INFO] [OctoBans] shouteur sql checked, record: doubleposte by Shouteur to 1505500232
15-09-17 23:22:50 [INFO] [OctoBans] shouteur sql checked, record: doubleposte by Shouteur to 1505499920
15-09-17 23:22:50 [INFO] [OctoBans] shouteur sql checked, record: spam by Shouteur to 1505502998
15-09-17 23:22:50 [INFO] [OctoBans] shouteur sql checked, record: incitationflood by Shouteur to 1505672358
15-09-17 23:22:50 [INFO] [OctoBans] shouteur sql checked, record: majuscule by Shouteur to 1505504692
15-09-17 23:22:50 [INFO] [OctoBans] shouteur sql checked, record: doubleposte by Shouteur to 1505503323
15-09-17 23:22:50 [INFO] [OctoBans] shouteur sql checked, record: insulte by Shouteur to 1505510934
15-09-17 23:29:18 [INFO] [OctoBans] Shouteur punished wiroox for: Insulte grave
15-09-17 23:31:25 [INFO] [OctoBans] insanity sql checked, record: spammp by SkyKosIV to -1
15-09-17 23:33:24 [INFO] [OctoBans] YTB_XxKarnageXx punished kimoli for: TpKill
15-09-17 23:42:36 [INFO] [OctoBans] d3adorsnipsurytb sql checked, record: spammp by Remil to -1
15-09-17 23:42:36 [INFO] [OctoBans] d3adorsnipsurytb sql checked, record: spammp by Remil to -1
15-09-17 23:42:36 [INFO] [OctoBans] d3adorsnipsurytb sql checked, record: spammp by SmooCoeur to -1
15-09-17 23:43:00 [INFO] [OctoBans] fiask0 sql checked, record: floodmp by Forway to -1
15-09-17 23:43:27 [INFO] [OctoBans] YTB_XxKarnageXx punished d3adorsnipsurytb for: Spam/flood en MP
15-09-17 23:48:10 [INFO] [OctoBans] pepsicoca sql checked, record: spammp by Steph078 to -1
15-09-17 23:51:23 [INFO] [OctoBans] la_banane sql checked, record: spam by InstateProoFy to 1505513231
15-09-17 23:52:10 [INFO] [OctoBans] YTB_XxKarnageXx punished sonice2 for: Majuscule
16-09-17 00:02:32 [INFO] [OctoBans] Shouteur punished _thenovagaming for: Insulte grave
16-09-17 00:05:46 [INFO] [OctoBans] Shouteur punished nicerush for: Langage incorrect
16-09-17 00:09:34 [INFO] [OctoBans] FiasK0 punished lightingfoxyt for: Majuscule
16-09-17 00:11:50 [INFO] [OctoBans] FiasK0 punished thegost for: Double Poste
16-09-17 00:14:17 [INFO] [OctoBans] FiasK0 punished jeanpierredu025 for: Provocation
16-09-17 00:16:06 [INFO] [OctoBans] FiasK0 punished lelaloluli for: Provocation
16-09-17 00:30:41 [INFO] [OctoBans] FiasK0 punished gameur827 for: Spam/flood
16-09-17 00:46:35 [INFO] [OctoBans] FiasK0 punished krais7681 for: Insulte grave
16-09-17 00:51:50 [INFO] [OctoBans] FiasK0 punished swichdi for: Double Poste
16-09-17 01:13:35 [INFO] [OctoBans] blastninja sql checked, record: faussesinfos by EGGSPLOSION to 1505558210
16-09-17 01:14:55 [INFO] [OctoBans] FiasK0 punished kage_bushin for: Double Poste
16-09-17 01:18:03 [INFO] [OctoBans] FiasK0 punished wazhrod for: Insulte grave
16-09-17 01:25:27 [INFO] [OctoBans] FiasK0 punished kayisleroi for: Double Poste
16-09-17 01:32:13 [INFO] [OctoBans] FiasK0 punished pouletgriller for: Double Poste
16-09-17 01:35:45 [INFO] [OctoBans] NeyTox punished kayisleroi for: Double Poste
16-09-17 01:55:46 [INFO] [OctoBans] FiasK0 punished waizzer for: Majuscule
16-09-17 01:59:38 [INFO] [OctoBans] FiasK0 punished karlwill for: Double Poste
16-09-17 02:08:27 [INFO] [OctoBans] FiasK0 punished waizzer for: Majuscule
16-09-17 02:09:38 [INFO] [OctoBans] FiasK0 punished darryl1 for: Double Poste
16-09-17 02:15:06 [INFO] [OctoBans] FiasK0 punished karlwill for: Double Poste
16-09-17 02:22:42 [INFO] [OctoBans] NeyTox punished kage_bushin for: Provocation
16-09-17 02:24:43 [INFO] [OctoBans] FiasK0 punished besez for: Majuscule
16-09-17 02:24:51 [INFO] [OctoBans] FiasK0 punished vautour38 for: Provocation
16-09-17 02:24:57 [INFO] [OctoBans] FiasK0 punished kage_bushin for: Provocation
16-09-17 02:25:41 [INFO] [OctoBans] FiasK0 punished kayisleroi for: Majuscule
16-09-17 03:07:10 [INFO] [OctoBans] NeyTox punished darryl1 for: Majuscule
16-09-17 03:11:56 [INFO] [OctoBans] NeyTox punished erisium_panda for: Langage incorrect
16-09-17 03:16:58 [INFO] [OctoBans] NeyTox punished vautour38 for: Provocation
16-09-17 03:17:44 [INFO] [OctoBans] NeyTox punished waizzer for: Langage incorrect
16-09-17 03:22:02 [INFO] [OctoBans] NeyTox punished karlwill for: Double Poste
16-09-17 03:26:53 [INFO] [OctoBans] skyanto_974yt sql checked, record: incitationflood by Remil to 1505566999
16-09-17 05:21:35 [INFO] [OctoBans] xboymax sql checked, record: spammp by YTB_XxKarnageXx to -1
16-09-17 05:21:35 [INFO] [OctoBans] xboymax sql checked, record: spammp by tinmar to -1
16-09-17 05:21:35 [INFO] [OctoBans] xboymax sql checked, record: kickautre by CreepyEagle to -1
16-09-17 05:21:35 [INFO] [OctoBans] xboymax sql checked, record: spammp by tinmar to -1
16-09-17 05:21:35 [INFO] [OctoBans] xboymax sql checked, record: spammp by YTB_XxKarnageXx to -1
16-09-17 05:21:35 [INFO] [OctoBans] xboymax sql checked, record: spammp by NeosiaNexus to -1
16-09-17 05:21:35 [INFO] [OctoBans] xboymax sql checked, record: spammp by NeosiaNexus to -1
16-09-17 05:21:35 [INFO] [OctoBans] xboymax sql checked, record: spammp by NeosiaNexus to -1
16-09-17 06:01:01 [INFO] [OctoBans] Disabling OctoBans v1.0
