05-07-17 22:31:43 [INFO] [OctoBans] File Handler successfully initialized!
05-07-17 22:31:43 [INFO] [OctoBans] SQL connection successfully etablished
05-07-17 22:31:43 [INFO] [OctoBans] Moderator Tools by Octonia.
05-07-17 22:31:50 [INFO] [OctoBans] thekillervaca sql checked, record: spammp by SuperJojo to -1
05-07-17 22:31:50 [INFO] [OctoBans] clem010 sql checked, record: insultegrave by MaacDoo to 1499288671
05-07-17 22:31:50 [INFO] [OctoBans] clem010 sql checked, record: spammp by Remil to -1
05-07-17 22:31:50 [INFO] [OctoBans] lafilledemushway sql checked, record: spammp by PseudoNul to -1
05-07-17 22:31:50 [INFO] [OctoBans] shouteur sql checked, record: spammp by Remil to -1
05-07-17 22:31:50 [INFO] [OctoBans] shouteur sql checked, record: spammp by Remil to -1
05-07-17 22:31:50 [INFO] [OctoBans] shouteur sql checked, record: spammp by Remil to -1
05-07-17 22:31:50 [INFO] [OctoBans] shouteur sql checked, record: spammp by Remil to -1
05-07-17 22:31:50 [INFO] [OctoBans] wardogz_59 sql checked, record: spammp by PseudoNul to -1
05-07-17 22:31:50 [INFO] [OctoBans] darkgames5962 sql checked, record: floodmp by Forway to -1
05-07-17 22:31:50 [INFO] [OctoBans] xelio57 sql checked, record: spammp by SnowEffect to -1
05-07-17 22:31:50 [INFO] [OctoBans] arrowgaming sql checked, record: spammp by SkyKosIV to -1
05-07-17 22:31:50 [INFO] [OctoBans] waytek sql checked, record: spammp by PseudoNul to -1
05-07-17 22:31:50 [INFO] [OctoBans] _dragibus_ sql checked, record: spammp by Remil to -1
05-07-17 22:31:50 [INFO] [OctoBans] _dragibus_ sql checked, record: spammp by Remil to -1
05-07-17 22:31:50 [INFO] [OctoBans] _dragibus_ sql checked, record: spammp by Remil to -1
05-07-17 22:31:50 [INFO] [OctoBans] _dragibus_ sql checked, record: spammp by Remil to -1
05-07-17 22:31:50 [INFO] [OctoBans] _dragibus_ sql checked, record: spammp by Remil to -1
05-07-17 22:31:50 [INFO] [OctoBans] _dragibus_ sql checked, record: spammp by Remil to -1
05-07-17 22:31:50 [INFO] [OctoBans] _dragibus_ sql checked, record: spammp by Remil to -1
05-07-17 22:31:50 [INFO] [OctoBans] _dragibus_ sql checked, record: spammp by Remil to -1
05-07-17 22:31:50 [INFO] [OctoBans] _dragibus_ sql checked, record: spammp by Remil to -1
05-07-17 22:31:50 [INFO] [OctoBans] _dragibus_ sql checked, record: spammp by Remil to -1
05-07-17 22:31:50 [INFO] [OctoBans] _dragibus_ sql checked, record: spammp by Remil to -1
05-07-17 22:31:50 [INFO] [OctoBans] _dragibus_ sql checked, record: spammp by Remil to -1
05-07-17 22:31:50 [INFO] [OctoBans] _dragibus_ sql checked, record: spammp by PseudoNul to -1
05-07-17 22:31:50 [INFO] [OctoBans] _dragibus_ sql checked, record: spammp by SkyKosIV to -1
05-07-17 22:31:50 [INFO] [OctoBans] charifboss sql checked, record: spammp by Blubfire to -1
05-07-17 22:31:50 [INFO] [OctoBans] twinx_boy sql checked, record: incitationflood by JustMySkill to 1499302379
05-07-17 22:31:50 [INFO] [OctoBans] twinx_boy sql checked, record: spammp by SnowEffect to -1
05-07-17 22:31:50 [INFO] [OctoBans] skypemod sql checked, record: spammp by YTB_XxKarnageXx to -1
05-07-17 22:31:50 [INFO] [OctoBans] skypemod sql checked, record: spammp by PseudoNul to -1
05-07-17 22:31:50 [INFO] [OctoBans] nemhos2pik sql checked, record: faussesinfos by Kyabe to 1499369492
05-07-17 22:31:50 [INFO] [OctoBans] sunfall sql checked, record: spammp by aubune to -1
05-07-17 22:31:50 [INFO] [OctoBans] sunfall sql checked, record: floodmp by Forway to -1
05-07-17 22:31:50 [INFO] [OctoBans] sunfall sql checked, record: spammp by Steph078 to -1
05-07-17 22:31:50 [INFO] [OctoBans] sunfall sql checked, record: spammp by PseudoNul to -1
05-07-17 22:31:50 [INFO] [OctoBans] sunfall sql checked, record: insultestaff by Anzerti to 1499377727
05-07-17 22:31:50 [INFO] [OctoBans] sunfall sql checked, record: insultegrave by iPurple_ to 1499320969
05-07-17 22:31:50 [INFO] [OctoBans] marchandloup sql checked, record: spammp by Remil to -1
05-07-17 22:31:50 [INFO] [OctoBans] marchandloup sql checked, record: spammp by PseudoNul to -1
05-07-17 22:31:50 [INFO] [OctoBans] romudu269 sql checked, record: spammp by SkyKosIV to -1
05-07-17 22:31:50 [INFO] [OctoBans] max78jb sql checked, record: spammp by SnowEffect to -1
05-07-17 22:31:50 [INFO] [OctoBans] yassyass123 sql checked, record: doubleposte by MaacDoo to 1499288680
05-07-17 22:31:50 [INFO] [OctoBans] unsdfquidab sql checked, record: spammp by Antoine57565 to -1
05-07-17 22:31:50 [INFO] [OctoBans] d3adorsnipsurytb sql checked, record: spammp by SuperJojo to -1
05-07-17 22:31:50 [INFO] [OctoBans] drkiritoz_ sql checked, record: spammp by YTB_XxKarnageXx to -1
05-07-17 22:31:50 [INFO] [OctoBans] drkiritoz_ sql checked, record: spammp by SuperJojo to -1
05-07-17 22:31:50 [INFO] [OctoBans] drkiritoz_ sql checked, record: floodmp by Forway to -1
05-07-17 22:31:50 [INFO] [OctoBans] drkiritoz_ sql checked, record: spammp by Remil to -1
05-07-17 22:31:50 [INFO] [OctoBans] black_shadow sql checked, record: incitationflood by JustMySkill to 1499330497
05-07-17 22:31:55 [INFO] [OctoBans] etlimas sql checked, record: insultesrv by Kyabe to 1499301971
05-07-17 22:31:55 [INFO] [OctoBans] vendeur2kebab sql checked, record: spammp by ZerKup to -1
05-07-17 22:31:56 [INFO] [OctoBans] _hello_kitty sql checked, record: spammp by SuperJojo to -1
05-07-17 22:31:56 [INFO] [OctoBans] _hello_kitty sql checked, record: spammp by PseudoNul to -1
05-07-17 22:31:56 [INFO] [OctoBans] lolo201 sql checked, record: spammp by Remil to -1
05-07-17 22:31:58 [INFO] [OctoBans] chivas_gaming sql checked, record: incitationflood by SnowEffect to 1499344856
05-07-17 22:32:02 [INFO] [OctoBans] anthony972 sql checked, record: spammp by Remil to -1
05-07-17 22:32:02 [INFO] [OctoBans] anthony972 sql checked, record: spammp by Remil to -1
05-07-17 22:32:04 [INFO] [OctoBans] geekboy sql checked, record: spammp by skhey to -1
05-07-17 22:32:10 [INFO] [OctoBans] JustMySkill punished darkgames5962 for: Double Poste
05-07-17 22:32:27 [INFO] [OctoBans] ocip_matth sql checked, record: spam by SnowEffect to 1499296377
05-07-17 22:32:28 [INFO] [OctoBans] illumino900 sql checked, record: floodmp by Forway to -1
05-07-17 22:32:29 [INFO] [OctoBans] karimospvp sql checked, record: spammp by YTB_XxKarnageXx to -1
05-07-17 22:32:30 [INFO] [OctoBans] vendeur2tacos sql checked, record: spammp by PseudoNul to -1
05-07-17 22:32:34 [INFO] [OctoBans] diodu sql checked, record: spam by SnowEffect to 1499288325
05-07-17 22:32:44 [INFO] [OctoBans] xersu sql checked, record: spammp by SnowEffect to -1
05-07-17 22:32:46 [INFO] [OctoBans] tommy_boy_yt sql checked, record: insultegrave by iPurple_ to 1499298748
05-07-17 22:33:07 [INFO] [OctoBans] kyzirie sql checked, record: spammp by PseudoNul to -1
05-07-17 22:33:52 [INFO] [OctoBans] JustMySkill punished attbeug for: Langage incorrect
05-07-17 22:34:15 [INFO] [OctoBans] julie52100 sql checked, record: spammp by SnowEffect to -1
05-07-17 22:34:15 [INFO] [OctoBans] julie52100 sql checked, record: spammp by PseudoNul to -1
05-07-17 22:34:15 [INFO] [OctoBans] julie52100 sql checked, record: insultestaff by iPurple_ to 1499356625
05-07-17 22:34:15 [INFO] [OctoBans] julie52100 sql checked, record: insultegrave by JustMySkill to 1499423380
05-07-17 22:34:32 [INFO] [OctoBans] zoxis sql checked, record: spammp by Theo97 to -1
05-07-17 22:34:36 [INFO] [OctoBans] JustMySkill punished attbeug for: Langage incorrect
05-07-17 22:34:48 [INFO] [OctoBans] ikhaisuryoutube sql checked, record: spammp by Steph078 to -1
05-07-17 22:36:35 [INFO] [OctoBans] _supreme_gamer_ sql checked, record: spammp by SnowEffect to -1
05-07-17 22:37:37 [INFO] [OctoBans] darktw sql checked, record: floodmp by Forway to -1
05-07-17 22:37:37 [INFO] [OctoBans] darktw sql checked, record: spammp by SuperJojo to -1
05-07-17 22:37:37 [INFO] [OctoBans] darktw sql checked, record: spammp by SkyKosIV to -1
05-07-17 22:37:37 [INFO] [OctoBans] lolpigman sql checked, record: spammp by SnowEffect to -1
05-07-17 22:37:37 [INFO] [OctoBans] lolpigman sql checked, record: spammp by skhey to -1
05-07-17 22:37:37 [INFO] [OctoBans] lolpigman sql checked, record: insultegrave by SkyKosIV to 1499418966
05-07-17 22:37:43 [INFO] [OctoBans] Shainko punished gisi0 for: Majuscule
05-07-17 22:37:51 [INFO] [OctoBans] misterred6 sql checked, record: spam by MaacDoo to 1499290394
05-07-17 22:38:00 [INFO] [OctoBans] gordswinn sql checked, record: flood by iPurple_ to 1499287623
05-07-17 22:38:58 [INFO] [OctoBans] lefifoudu3 sql checked, record: spammp by SuperJojo to -1
05-07-17 22:39:22 [INFO] [OctoBans] enjoymycombo sql checked, record: spammp by SnowEffect to -1
05-07-17 22:39:40 [INFO] [OctoBans] lassa18 sql checked, record: spammp by Remil to -1
05-07-17 22:39:40 [INFO] [OctoBans] lassa18 sql checked, record: spammp by Remil to -1
05-07-17 22:40:29 [INFO] [OctoBans] anzerti sql checked, record: spammp by Steph078 to -1
05-07-17 22:40:47 [INFO] [OctoBans] tokyo sql checked, record: spammp by SnowEffect to -1
05-07-17 22:41:00 [INFO] [OctoBans] Anzerti punished chairsim92 for: Insulte staff
05-07-17 22:42:43 [INFO] [OctoBans] Anzerti punished spark for: Double Poste
05-07-17 22:42:55 [INFO] [OctoBans] Anzerti punished firebreakeur for: Double Poste
05-07-17 22:43:10 [INFO] [OctoBans] Anzerti punished tytyvava for: Spam/flood
05-07-17 22:44:17 [INFO] [OctoBans] pioupiou2003 sql checked, record: insultestaff by FiasK0 to 1499309083
05-07-17 22:44:27 [INFO] [OctoBans] Anzerti punished kostya904 for: Spam/flood
05-07-17 22:45:47 [INFO] [OctoBans] erinoxlx sql checked, record: kickautre by Steph078 to -1
05-07-17 22:46:26 [INFO] [OctoBans] Anzerti punished link750 for: Incitation au flood
05-07-17 22:47:11 [INFO] [OctoBans] by_kw3e sql checked, record: kickautre by Antoine57565 to -1
05-07-17 22:47:16 [INFO] [OctoBans] ruth_skwiz sql checked, record: spammp by Remil to -1
05-07-17 22:47:26 [INFO] [OctoBans] pablo sql checked, record: kickautre by Antoine57565 to -1
05-07-17 22:48:21 [INFO] [OctoBans] Anzerti punished teckzi for: Publicité Youtubeur
05-07-17 22:48:35 [INFO] [OctoBans] Anzerti punished anthony972 for: Double Poste
05-07-17 22:48:50 [INFO] [OctoBans] Anzerti punished sunfall for: Langage incorrect
05-07-17 22:48:57 [INFO] [OctoBans] Anzerti punished iherozz for: Spam/flood
05-07-17 22:49:42 [INFO] [OctoBans] gramatik sql checked, record: insulte by Kyabe to 1499288545
05-07-17 22:50:34 [INFO] [OctoBans] cheatoctonia sql checked, record: spam by SproFids to 1499291162
05-07-17 22:52:26 [INFO] [OctoBans] Anzerti punished ikhaisuryoutube for: Majuscule
05-07-17 22:52:37 [INFO] [OctoBans] Remil punished realitycarnage for: Langage incorrect
05-07-17 22:52:39 [INFO] [OctoBans] D3adOrSnipSurYTB punished corentin77 for: Langage incorrect
05-07-17 22:53:13 [INFO] [OctoBans] Shainko punished bersekalex05 for: Provocation
05-07-17 22:54:07 [INFO] [OctoBans] droppedpot sql checked, record: insultegrave by SkyKosIV to 1499308728
05-07-17 22:55:19 [INFO] [OctoBans] mathieu28130 sql checked, record: insultesrv by SnowEffect to 1499295891
05-07-17 22:55:49 [INFO] [OctoBans] grm25 sql checked, record: spammp by SuperJojo to -1
05-07-17 22:55:50 [INFO] [OctoBans] Anzerti punished beatsaudio for: Majuscule
05-07-17 22:56:01 [INFO] [OctoBans] Anzerti punished kille for: Majuscule
05-07-17 22:56:32 [INFO] [OctoBans] razgard59 sql checked, record: spammp by SuperJojo to -1
05-07-17 22:56:37 [INFO] [OctoBans] olivier28130 sql checked, record: insultegrave by MaacDoo to 1499394141
05-07-17 22:56:57 [INFO] [OctoBans] Shainko punished flashskill for: Provocation
05-07-17 23:00:19 [INFO] [OctoBans] Remil punished ender450 for: Spam/flood
05-07-17 23:02:15 [INFO] [OctoBans] masterelect sql checked, record: insultestaff by YTB_XxKarnageXx to 1499308482
05-07-17 23:04:38 [INFO] [OctoBans] blubfire sql checked, record: spammp by YTB_XxKarnageXx to -1
05-07-17 23:04:44 [INFO] [OctoBans] Remil punished c00lb0y for: Double Poste
05-07-17 23:11:09 [INFO] [OctoBans] d4rko sql checked, record: spammp by SnowEffect to -1
05-07-17 23:16:59 [INFO] [OctoBans] by_fly sql checked, record: insultegrave by SnowEffect to 1499421784
05-07-17 23:17:17 [INFO] [OctoBans] vivellaviie sql checked, record: insultegrave by SkyKosIV to 1499308752
05-07-17 23:17:21 [INFO] [OctoBans] denis018 sql checked, record: spammp by Remil to -1
05-07-17 23:17:21 [INFO] [OctoBans] denis018 sql checked, record: faussesinfos by FiasK0 to 1499291554
05-07-17 23:18:14 [INFO] [OctoBans] sunfall sql checked, record: spammp by aubune to -1
05-07-17 23:18:14 [INFO] [OctoBans] sunfall sql checked, record: floodmp by Forway to -1
05-07-17 23:18:14 [INFO] [OctoBans] sunfall sql checked, record: spammp by Steph078 to -1
05-07-17 23:18:14 [INFO] [OctoBans] sunfall sql checked, record: spammp by PseudoNul to -1
05-07-17 23:18:14 [INFO] [OctoBans] sunfall sql checked, record: insultestaff by Anzerti to 1499377727
05-07-17 23:18:14 [INFO] [OctoBans] sunfall sql checked, record: insultegrave by iPurple_ to 1499320969
05-07-17 23:18:14 [INFO] [OctoBans] sunfall sql checked, record: langage by Anzerti to 1499289530
05-07-17 23:19:47 [INFO] [OctoBans] Remil punished azbanzeur for: Spam/flood
05-07-17 23:19:55 [INFO] [OctoBans] Remil punished swichdi for: Provocation
05-07-17 23:20:13 [INFO] [OctoBans] iPurple_ punished titwixmc for: Double Poste
05-07-17 23:22:07 [INFO] [OctoBans] Remil punished master88 for: Double Poste
05-07-17 23:23:17 [INFO] [OctoBans] Remil punished johan22600 for: Double Poste
05-07-17 23:23:45 [INFO] [OctoBans] Remil punished dragongaming for: Double Poste
05-07-17 23:27:06 [INFO] [OctoBans] D3adOrSnipSurYTB punished sunfall for: Double Poste
05-07-17 23:29:20 [INFO] [OctoBans] shodaw sql checked, record: tpkill by Steph078 to 1499349156
05-07-17 23:29:49 [INFO] [OctoBans] JustMySkill punished emma888b for: Double Poste
05-07-17 23:30:50 [INFO] [OctoBans] ixtray sql checked, record: spammp by SnowEffect to -1
05-07-17 23:31:53 [INFO] [OctoBans] darkinggaming sql checked, record: floodmp by Forway to -1
05-07-17 23:32:09 [INFO] [OctoBans] xboymax sql checked, record: insultestaff by Remil to 1499295383
05-07-17 23:32:09 [INFO] [OctoBans] xboymax sql checked, record: spammp by YTB_XxKarnageXx to -1
05-07-17 23:34:29 [INFO] [OctoBans] JustMySkill punished adeems for: Provocation
05-07-17 23:36:52 [INFO] [OctoBans] JustMySkill punished chicken_pvp for: Spam/flood
05-07-17 23:37:28 [INFO] [OctoBans] northfirez sql checked, record: insultegrave by D3adOrSnipSurYTB to 1499325902
05-07-17 23:37:55 [INFO] [OctoBans] mixou2007 sql checked, record: spammp by Remil to -1
05-07-17 23:39:03 [INFO] [OctoBans] Remil punished bersekalex05 for: Double Poste
05-07-17 23:40:08 [INFO] [OctoBans] Remil punished gilet for: Spam/flood
05-07-17 23:40:23 [INFO] [OctoBans] iPurple_ punished icleanpvp_ for: Double Poste
05-07-17 23:41:24 [INFO] [OctoBans] pixe3 sql checked, record: floodmp by Forway to -1
05-07-17 23:43:22 [INFO] [OctoBans] craziix_eu sql checked, record: spammp by Remil to -1
05-07-17 23:43:22 [INFO] [OctoBans] craziix_eu sql checked, record: spammp by Remil to -1
05-07-17 23:43:22 [INFO] [OctoBans] craziix_eu sql checked, record: spammp by Remil to -1
05-07-17 23:43:22 [INFO] [OctoBans] craziix_eu sql checked, record: spammp by Remil to -1
05-07-17 23:46:18 [INFO] [OctoBans] chaudlapin29 sql checked, record: incitationflood by FiasK0 to 1499343790
05-07-17 23:47:48 [INFO] [OctoBans] JustMySkill punished sunfall for: Provocation
05-07-17 23:48:39 [INFO] [OctoBans] ridley27 sql checked, record: insultegrave by iPurple_ to 1499316619
05-07-17 23:51:53 [INFO] [OctoBans] inzikithen sql checked, record: menacehack by SkyKosIV to 1499531902
05-07-17 23:51:53 [INFO] [OctoBans] inzikithen sql checked, record: menacehack by SkyKosIV to 1499791160
05-07-17 23:52:02 [INFO] [OctoBans] FiasK0 punished gramatik for: Provocation
05-07-17 23:53:38 [INFO] [OctoBans] bellepoutine sql checked, record: spammp by SnowEffect to -1
05-07-17 23:53:38 [INFO] [OctoBans] bellepoutine sql checked, record: spammp by SnowEffect to -1
05-07-17 23:53:46 [INFO] [OctoBans] JustMySkill punished titwixmc for: Double Poste
05-07-17 23:55:48 [INFO] [OctoBans] Shainko punished tacos for: Double Poste
05-07-17 23:58:42 [INFO] [OctoBans] stickfly sql checked, record: spammp by SnowEffect to -1
05-07-17 23:59:53 [INFO] [OctoBans] teddy2502 sql checked, record: spammp by SkyKosIV to -1
06-07-17 00:02:12 [INFO] [OctoBans] MaacDoo punished darkinggaming for: Provocation
06-07-17 00:03:15 [INFO] [OctoBans] D3adOrSnipSurYTB punished ishaadow_ for: Langage incorrect
06-07-17 00:03:44 [INFO] [OctoBans] MaacDoo punished blackwhite010 for: Provocation
06-07-17 00:06:38 [INFO] [OctoBans] witer sql checked, record: spammp by Remil to -1
06-07-17 00:06:48 [INFO] [OctoBans] frite_merguez sql checked, record: floodmp by Forway to -1
06-07-17 00:10:33 [INFO] [OctoBans] totolezz_pvp sql checked, record: spammp by SnowEffect to -1
06-07-17 00:12:23 [INFO] [OctoBans] Shainko punished yazidzittoun for: Spam/flood
06-07-17 00:13:03 [INFO] [OctoBans] Shainko punished zawozeo for: Double Poste
06-07-17 00:14:01 [INFO] [OctoBans] iPurple_ punished n3qi62 for: Spam/flood en MP
06-07-17 00:15:06 [INFO] [OctoBans] Shainko punished johan22600 for: Spam/flood
06-07-17 00:24:02 [INFO] [OctoBans] iPurple_ punished swiiz_ for: Insulte grave
06-07-17 00:24:05 [INFO] [OctoBans] FiasK0 punished siwiiz_ for: Insulte staff
06-07-17 00:35:50 [INFO] [OctoBans] dylan5621 sql checked, record: spammp by PseudoNul to -1
06-07-17 00:36:39 [INFO] [OctoBans] _simon_ sql checked, record: insultegrave by SproFids to 1499299095
06-07-17 00:38:56 [INFO] [OctoBans] JustMySkill punished tortueninja for: Spam/flood
06-07-17 00:39:04 [INFO] [OctoBans] MaacDoo punished harkz for: Spam/flood
06-07-17 00:41:22 [INFO] [OctoBans] JustMySkill punished jeffthekileur for: Insulte grave
06-07-17 00:45:21 [INFO] [OctoBans] stonewolf sql checked, record: spammp by SuperJojo to -1
06-07-17 00:50:05 [INFO] [OctoBans] JustMySkill punished wardogz_59 for: Incitation au flood
06-07-17 00:51:52 [INFO] [OctoBans] juldestructeur sql checked, record: spammp by PseudoNul to -1
06-07-17 00:51:52 [INFO] [OctoBans] juldestructeur sql checked, record: spammp by PseudoNul to -1
06-07-17 00:52:19 [INFO] [OctoBans] JustMySkill punished jalil_craft for: Spam/flood
06-07-17 00:52:26 [INFO] [OctoBans] JustMySkill punished demers7qc for: Double Poste
06-07-17 00:56:52 [INFO] [OctoBans] arcz058 sql checked, record: spammp by Remil to -1
06-07-17 01:06:03 [INFO] [OctoBans] JustMySkill punished kassi for: Spam/flood
06-07-17 01:09:48 [INFO] [OctoBans] JustMySkill punished anthony972 for: Spam/flood
06-07-17 01:11:29 [INFO] [OctoBans] MaacDoo punished xxninjaxx for: Majuscule
06-07-17 01:23:09 [INFO] [OctoBans] produpvp sql checked, record: spammp by Remil to -1
06-07-17 01:23:38 [INFO] [OctoBans] JustMySkill punished ns_zetrox for: Insulte grave
06-07-17 01:24:21 [INFO] [OctoBans] JustMySkill punished akazede for: Langage incorrect
06-07-17 01:27:39 [INFO] [OctoBans] MaacDoo punished stickfly for: Provocation
06-07-17 01:32:39 [INFO] [OctoBans] JustMySkill punished safoufoucraft for: Insulte grave
06-07-17 01:33:06 [INFO] [OctoBans] imdylan sql checked, record: spammp by SnowEffect to -1
06-07-17 01:38:02 [INFO] [OctoBans] JustMySkill punished olivier58130 for: Insulte légère
06-07-17 01:40:47 [INFO] [OctoBans] JustMySkill punished by_sneak for: Insulte légère
06-07-17 01:50:58 [INFO] [OctoBans] _NeXon_ punished babyquicked for: Provocation
06-07-17 01:57:06 [INFO] [OctoBans] JustMySkill punished lolollo for: Double Poste
06-07-17 01:58:34 [INFO] [OctoBans] MaacDoo punished sydpvp for: Spam/flood
06-07-17 02:20:22 [INFO] [OctoBans] MaacDoo punished vendeur2kebab for: Double Poste
06-07-17 02:21:12 [INFO] [OctoBans] MaacDoo punished vagosts for: Spam/flood
06-07-17 02:24:31 [INFO] [OctoBans] JustMySkill punished swichdi for: Insulte légère
06-07-17 02:32:07 [INFO] [OctoBans] JustMySkill punished stickfly for: Provocation
06-07-17 02:32:15 [INFO] [OctoBans] JustMySkill punished by_fly for: Provocation
06-07-17 02:32:26 [INFO] [OctoBans] JustMySkill punished el_moustachu for: Double Poste
06-07-17 02:32:35 [INFO] [OctoBans] JustMySkill punished devastateur for: Provocation
06-07-17 02:32:52 [INFO] [OctoBans] JustMySkill punished stickfly for: Insulte grave
06-07-17 02:42:13 [INFO] [OctoBans] by_sneak sql checked, record: spammp by SkyKosIV to -1
06-07-17 02:42:13 [INFO] [OctoBans] by_sneak sql checked, record: insultestaff by SproFids to 1499375134
06-07-17 02:42:13 [INFO] [OctoBans] by_sneak sql checked, record: insultestaff by SproFids to 1499411247
06-07-17 02:42:13 [INFO] [OctoBans] by_sneak sql checked, record: insultestaff by SproFids to 1499447275
06-07-17 02:42:13 [INFO] [OctoBans] by_sneak sql checked, record: insultestaff by FiasK0 to 1499485001
06-07-17 02:42:18 [INFO] [OctoBans] by_fly sql checked, record: insultegrave by SnowEffect to 1499421784
06-07-17 02:42:18 [INFO] [OctoBans] by_fly sql checked, record: provocation by JustMySkill to 1499303835
06-07-17 02:47:23 [INFO] [OctoBans] xeloman sql checked, record: spammp by SnowEffect to -1
06-07-17 02:47:25 [INFO] [OctoBans] D3adOrSnipSurYTB punished by_sneak for: Spam/flood
06-07-17 02:52:20 [INFO] [OctoBans] D3adOrSnipSurYTB punished pgolden for: Double Poste
06-07-17 02:54:02 [INFO] [OctoBans] MaacDoo punished jblethug for: Spam/flood
06-07-17 03:37:56 [INFO] [OctoBans] JustMySkill punished styx_yt for: Incitation au flood
06-07-17 03:38:17 [INFO] [OctoBans] JustMySkill punished artz_dimm for: Provocation
06-07-17 03:40:47 [INFO] [OctoBans] JustMySkill punished neditesjamaisoui for: Langage incorrect
06-07-17 03:56:44 [INFO] [OctoBans] JustMySkill punished modattozz for: Double Poste
06-07-17 04:35:09 [INFO] [OctoBans] JustMySkill punished sloan974pvp for: Langage incorrect
06-07-17 04:46:46 [INFO] [OctoBans] toly_ sql checked, record: spammp by PseudoNul to -1
06-07-17 04:46:46 [INFO] [OctoBans] toly_ sql checked, record: spammp by PseudoNul to -1
06-07-17 04:46:46 [INFO] [OctoBans] toly_ sql checked, record: spammp by Remil to -1
06-07-17 04:50:48 [INFO] [OctoBans] JustMySkill punished toly_ for: Incitation au flood
06-07-17 04:52:31 [INFO] [OctoBans] JustMySkill punished poulemouiller for: Double Poste
06-07-17 04:58:01 [INFO] [OctoBans] JustMySkill punished _hello_kitty for: Fausses informations
06-07-17 05:32:35 [INFO] [OctoBans] JustMySkill punished bboy124 for: Spam/flood
06-07-17 06:01:02 [INFO] [OctoBans] Disabling OctoBans v1.0
