05-10-17 22:31:42 [INFO] [OctoBans] File Handler successfully initialized!
05-10-17 22:31:42 [INFO] [OctoBans] SQL connection successfully etablished
05-10-17 22:31:42 [INFO] [OctoBans] Moderator Tools by Octonia.
05-10-17 22:31:48 [INFO] [OctoBans] _romain_ sql checked, record: spammp by Remil to -1
05-10-17 22:31:48 [INFO] [OctoBans] _romain_ sql checked, record: doubleposte by ViRoCl to 1507238115
05-10-17 22:33:30 [INFO] [OctoBans] elbelladum sql checked, record: spammp by Steph078 to -1
05-10-17 22:33:31 [INFO] [OctoBans] tony0803205 sql checked, record: insultegrave by Antoine57565 to 1507408847
05-10-17 22:35:33 [INFO] [OctoBans] superb3b3 sql checked, record: spammp by Remil to -1
05-10-17 22:35:33 [INFO] [OctoBans] superb3b3 sql checked, record: spammp by Remil to -1
05-10-17 22:36:02 [INFO] [OctoBans] siruse sql checked, record: spammp by YTB_XxKarnageXx to -1
05-10-17 22:37:38 [INFO] [OctoBans] whitstar sql checked, record: spammp by Remil to -1
05-10-17 22:37:38 [INFO] [OctoBans] whitstar sql checked, record: faussesinfos by ViRoCl to 1507308975
05-10-17 22:40:24 [INFO] [OctoBans] ViRoCl punished mrbrique for: Langage incorrect
05-10-17 22:51:57 [INFO] [OctoBans] ViRoCl punished lamya for: Spam/flood
05-10-17 22:52:33 [INFO] [OctoBans] zeffirzyt sql checked, record: incitationflood by EGGSPLOSION to 1507318619
05-10-17 22:54:21 [INFO] [OctoBans] ViRoCl punished misterblazing for: Insulte
05-10-17 23:34:57 [INFO] [OctoBans] ViRoCl punished kevin7589 for: Langage incorrect
05-10-17 23:35:39 [INFO] [OctoBans] sqkaa_ sql checked, record: spammp by Remil to -1
05-10-17 23:35:39 [INFO] [OctoBans] sqkaa_ sql checked, record: spammp by Remil to -1
05-10-17 23:35:39 [INFO] [OctoBans] sqkaa_ sql checked, record: spammp by Remil to -1
06-10-17 00:01:12 [INFO] [OctoBans] ededed91 sql checked, record: spammp by SkyKosIV to -1
06-10-17 00:01:12 [INFO] [OctoBans] ededed91 sql checked, record: spammp by Remil to -1
06-10-17 00:25:44 [INFO] [OctoBans] NeyTox punished keen0x for: Spam/flood
06-10-17 00:51:26 [INFO] [OctoBans] ViRoCl punished thekillervaca for: Langage incorrect
06-10-17 00:52:13 [INFO] [OctoBans] ViRoCl punished superb3b3 for: Langage incorrect
06-10-17 00:52:57 [INFO] [OctoBans] ViRoCl punished thekillervaca for: Insulte grave
06-10-17 00:54:06 [INFO] [OctoBans] ViRoCl punished kevin7589 for: Double Poste
06-10-17 00:55:28 [INFO] [OctoBans] ViRoCl punished superb3b3 for: Insulte grave
06-10-17 00:57:41 [INFO] [OctoBans] ViRoCl punished kevin7589 for: Spam/flood
06-10-17 01:01:47 [INFO] [OctoBans] ViRoCl punished momo321 for: Majuscule
06-10-17 03:35:50 [INFO] [OctoBans] NeyTox punished red_sheep for: Double Poste
06-10-17 04:22:52 [INFO] [OctoBans] NeyTox punished kevin7589 for: Spam/flood
06-10-17 06:01:01 [INFO] [OctoBans] Disabling OctoBans v1.0
