02-06-17 22:31:43 [INFO] [OctoBans] File Handler successfully initialized!
02-06-17 22:31:44 [INFO] [OctoBans] SQL connection successfully etablished
02-06-17 22:31:44 [INFO] [OctoBans] Moderator Tools by Octonia.
02-06-17 22:31:48 [INFO] [OctoBans] by_fayth sql checked, record: spammp by SuperJojo to -1
02-06-17 22:31:48 [INFO] [OctoBans] _crazi sql checked, record: faussesinfos by Theo97 to 1496502669
02-06-17 22:31:48 [INFO] [OctoBans] kyabe sql checked, record: insulte by Remil to 1496437191
02-06-17 22:31:48 [INFO] [OctoBans] sportek_ sql checked, record: spammp by SkyKosIV to -1
02-06-17 22:31:48 [INFO] [OctoBans] matgone01 sql checked, record: spammp by SuperJojo to -1
02-06-17 22:31:48 [INFO] [OctoBans] ew3l sql checked, record: spammp by SnowEffect to -1
02-06-17 22:31:48 [INFO] [OctoBans] blackwhite010 sql checked, record: insultegrave by Steph078 to 1496485296
02-06-17 22:31:48 [INFO] [OctoBans] blackwhite010 sql checked, record: spammp by Remil to -1
02-06-17 22:31:48 [INFO] [OctoBans] craft459 sql checked, record: faussesinfos by YTB_XxKarnageXx to 1496511873
02-06-17 22:31:48 [INFO] [OctoBans] redflash208 sql checked, record: doubleposte by YTB_XxKarnageXx to 1496435522
02-06-17 22:31:48 [INFO] [OctoBans] julie52100 sql checked, record: majuscule by YTB_XxKarnageXx to 1496436756
02-06-17 22:31:48 [INFO] [OctoBans] zlkayzen sql checked, record: spammp by SuperJojo to -1
02-06-17 22:31:51 [INFO] [OctoBans] arrowgaming sql checked, record: spammp by SkyKosIV to -1
02-06-17 22:31:52 [INFO] [OctoBans] helder sql checked, record: spammp by SkyKosIV to -1
02-06-17 22:31:52 [INFO] [OctoBans] theo_pveur sql checked, record: spammp by Remil to -1
02-06-17 22:31:52 [INFO] [OctoBans] maxencecraftytb sql checked, record: spammp by ZerKup to -1
02-06-17 22:31:52 [INFO] [OctoBans] maxencecraftytb sql checked, record: spam by SuperJojo to 1496445279
02-06-17 22:31:57 [INFO] [OctoBans] zrk_warthog sql checked, record: spammp by Remil to -1
02-06-17 22:31:57 [INFO] [OctoBans] zrk_warthog sql checked, record: insultegrave by YTB_XxKarnageXx to 1496449858
02-06-17 22:31:58 [INFO] [OctoBans] kevdacosta sql checked, record: doubleposte by YTB_XxKarnageXx to 1496435643
02-06-17 22:31:58 [INFO] [OctoBans] erinoxlx sql checked, record: kickautre by Steph078 to -1
02-06-17 22:31:58 [INFO] [OctoBans] duranoideman sql checked, record: faussesinfos by SuperJojo to 1496598620
02-06-17 22:32:01 [INFO] [OctoBans] iskeaz sql checked, record: spammp by SkyKosIV to -1
02-06-17 22:32:02 [INFO] [OctoBans] YTB_XxKarnageXx punished by_fayth for: Double Poste
02-06-17 22:32:06 [INFO] [OctoBans] toly_ sql checked, record: spammp by Remil to -1
02-06-17 22:32:06 [INFO] [OctoBans] toly_ sql checked, record: insultestaff by Theo97 to 1496436542
02-06-17 22:32:06 [INFO] [OctoBans] toly_ sql checked, record: insultestaff by Theo97 to 1496472596
02-06-17 22:32:06 [INFO] [OctoBans] toly_ sql checked, record: insultestaff by Theo97 to 1496575856
02-06-17 22:32:07 [INFO] [OctoBans] bananna_yt sql checked, record: spammp by YTB_XxKarnageXx to -1
02-06-17 22:32:07 [INFO] [OctoBans] gameur712 sql checked, record: incitationflood by SuperJojo to 1496516480
02-06-17 22:32:09 [INFO] [OctoBans] samybg sql checked, record: spammp by Remil to -1
02-06-17 22:32:12 [INFO] [OctoBans] alae59 sql checked, record: insultegrave by ZerKup to 1496447404
02-06-17 22:32:19 [INFO] [OctoBans] strikewail sql checked, record: insultegrave by Forway to 1496533891
02-06-17 22:32:23 [INFO] [OctoBans] gamix_yt sql checked, record: spammp by SkyKosIV to -1
02-06-17 22:32:23 [INFO] [OctoBans] gamix_yt sql checked, record: spammp by Steph078 to -1
02-06-17 22:32:25 [INFO] [OctoBans] triton_ sql checked, record: incitationflood by SuperJojo to 1496498647
02-06-17 22:32:25 [INFO] [OctoBans] triton_ sql checked, record: spammp by Remil to -1
02-06-17 22:32:33 [INFO] [OctoBans] mini_cookies sql checked, record: insultegrave by ZerKup to 1496457065
02-06-17 22:32:33 [INFO] [OctoBans] rugmon sql checked, record: doubleposte by YTB_XxKarnageXx to 1496436044
02-06-17 22:32:37 [INFO] [OctoBans] xxminecraft579 sql checked, record: insultegrave by Remil to 1496456125
02-06-17 22:32:45 [INFO] [OctoBans] steanart sql checked, record: spammp by Remil to -1
02-06-17 22:32:46 [INFO] [OctoBans] superjojo sql checked, record: spammp by SkyKosIV to -1
02-06-17 22:32:58 [INFO] [OctoBans] stonewolf sql checked, record: spammp by SuperJojo to -1
02-06-17 22:32:59 [INFO] [OctoBans] lassa18 sql checked, record: spammp by Remil to -1
02-06-17 22:33:01 [INFO] [OctoBans] YTB_XxKarnageXx punished by_fayth for: Spam/flood en MP
02-06-17 22:33:21 [INFO] [OctoBans] univerzkerror sql checked, record: insultesrv by ZerKup to 1496447037
02-06-17 22:33:30 [INFO] [OctoBans] allanyolo sql checked, record: faussesinfos by Steph078 to 1496502692
02-06-17 22:34:02 [INFO] [OctoBans] YTB_XxKarnageXx punished spooky for: Double Poste
02-06-17 22:34:09 [INFO] [OctoBans] singe_de_telfort sql checked, record: spammp by SuperJojo to -1
02-06-17 22:34:09 [INFO] [OctoBans] singe_de_telfort sql checked, record: insultestaff by Remil to 1496542628
02-06-17 22:34:55 [INFO] [OctoBans] safoufoucraft00 sql checked, record: spammp by YTB_XxKarnageXx to -1
02-06-17 22:35:08 [INFO] [OctoBans] grm25 sql checked, record: spammp by SuperJojo to -1
02-06-17 22:35:34 [INFO] [OctoBans] ZerKup punished selim45 for: Double Poste
02-06-17 22:35:41 [INFO] [OctoBans] ytb_xxkarnagexx sql checked, record: doubleposte by YTB_XxKarnageXx to 1495748664
02-06-17 22:35:41 [INFO] [OctoBans] ytb_xxkarnagexx sql checked, record: spam by YTB_XxKarnageXx to 1495752064
02-06-17 22:35:41 [INFO] [OctoBans] ytb_xxkarnagexx sql checked, record: spam by YTB_XxKarnageXx to 1495756020
02-06-17 22:35:41 [INFO] [OctoBans] ytb_xxkarnagexx sql checked, record: spammp by YTB_XxKarnageXx to -1
02-06-17 22:35:41 [INFO] [OctoBans] ytb_xxkarnagexx sql checked, record: insultegrave by YTB_XxKarnageXx to 1495785715
02-06-17 22:35:41 [INFO] [OctoBans] ytb_xxkarnagexx sql checked, record: doubleposte by YTB_XxKarnageXx to 1495750195
02-06-17 22:35:41 [INFO] [OctoBans] ytb_xxkarnagexx sql checked, record: insultegrave by YTB_XxKarnageXx to 1495786730
02-06-17 22:35:41 [INFO] [OctoBans] ytb_xxkarnagexx sql checked, record: majuscule by YTB_XxKarnageXx to 1495752447
02-06-17 22:35:41 [INFO] [OctoBans] ytb_xxkarnagexx sql checked, record: langage by YTB_XxKarnageXx to 1495752721
02-06-17 22:35:41 [INFO] [OctoBans] ytb_xxkarnagexx sql checked, record: doubleposte by YTB_XxKarnageXx to 1495752895
02-06-17 22:35:41 [INFO] [OctoBans] ytb_xxkarnagexx sql checked, record: langage by YTB_XxKarnageXx to 1495753606
02-06-17 22:35:41 [INFO] [OctoBans] ytb_xxkarnagexx sql checked, record: spam by YTB_XxKarnageXx to 1495756719
02-06-17 22:35:41 [INFO] [OctoBans] ytb_xxkarnagexx sql checked, record: pubyt by YTB_XxKarnageXx to 1495801562
02-06-17 22:35:41 [INFO] [OctoBans] ytb_xxkarnagexx sql checked, record: doubleposte by YTB_XxKarnageXx to 1495798761
02-06-17 22:35:41 [INFO] [OctoBans] ytb_xxkarnagexx sql checked, record: langage by YTB_XxKarnageXx to 1495799118
02-06-17 22:35:41 [INFO] [OctoBans] ytb_xxkarnagexx sql checked, record: doubleposte by YTB_XxKarnageXx to 1495798886
02-06-17 22:35:41 [INFO] [OctoBans] ytb_xxkarnagexx sql checked, record: doubleposte by YTB_XxKarnageXx to 1495799499
02-06-17 22:35:41 [INFO] [OctoBans] ytb_xxkarnagexx sql checked, record: majuscule by YTB_XxKarnageXx to 1495799638
02-06-17 22:35:41 [INFO] [OctoBans] ytb_xxkarnagexx sql checked, record: doubleposte by YTB_XxKarnageXx to 1495800319
02-06-17 22:35:41 [INFO] [OctoBans] ytb_xxkarnagexx sql checked, record: doubleposte by YTB_XxKarnageXx to 1495799874
02-06-17 22:35:41 [INFO] [OctoBans] ytb_xxkarnagexx sql checked, record: majuscule by YTB_XxKarnageXx to 1495800386
02-06-17 22:35:41 [INFO] [OctoBans] ytb_xxkarnagexx sql checked, record: doubleposte by YTB_XxKarnageXx to 1495800240
02-06-17 22:35:41 [INFO] [OctoBans] ytb_xxkarnagexx sql checked, record: doubleposte by YTB_XxKarnageXx to 1495800590
02-06-17 22:35:41 [INFO] [OctoBans] ytb_xxkarnagexx sql checked, record: doubleposte by YTB_XxKarnageXx to 1495800937
02-06-17 22:35:41 [INFO] [OctoBans] ytb_xxkarnagexx sql checked, record: langage by YTB_XxKarnageXx to 1495801120
02-06-17 22:35:41 [INFO] [OctoBans] ytb_xxkarnagexx sql checked, record: majuscule by YTB_XxKarnageXx to 1495801155
02-06-17 22:35:41 [INFO] [OctoBans] ytb_xxkarnagexx sql checked, record: majuscule by YTB_XxKarnageXx to 1495801502
02-06-17 22:35:41 [INFO] [OctoBans] ytb_xxkarnagexx sql checked, record: doubleposte by YTB_XxKarnageXx to 1495801341
02-06-17 22:35:41 [INFO] [OctoBans] ytb_xxkarnagexx sql checked, record: majuscule by YTB_XxKarnageXx to 1495802106
02-06-17 22:35:41 [INFO] [OctoBans] ytb_xxkarnagexx sql checked, record: doubleposte by YTB_XxKarnageXx to 1495801899
02-06-17 22:35:41 [INFO] [OctoBans] ytb_xxkarnagexx sql checked, record: provocation by YTB_XxKarnageXx to 1495801907
02-06-17 22:35:41 [INFO] [OctoBans] ytb_xxkarnagexx sql checked, record: majuscule by YTB_XxKarnageXx to 1495802336
02-06-17 22:35:41 [INFO] [OctoBans] ytb_xxkarnagexx sql checked, record: spam by YTB_XxKarnageXx to 1495805592
02-06-17 22:35:41 [INFO] [OctoBans] ytb_xxkarnagexx sql checked, record: doubleposte by YTB_XxKarnageXx to 1495802302
02-06-17 22:35:41 [INFO] [OctoBans] ytb_xxkarnagexx sql checked, record: doubleposte by YTB_XxKarnageXx to 1495802440
02-06-17 22:35:41 [INFO] [OctoBans] ytb_xxkarnagexx sql checked, record: doubleposte by YTB_XxKarnageXx to 1495802748
02-06-17 22:35:41 [INFO] [OctoBans] ytb_xxkarnagexx sql checked, record: majuscule by YTB_XxKarnageXx to 1495803078
02-06-17 22:35:41 [INFO] [OctoBans] ytb_xxkarnagexx sql checked, record: spammp by YTB_XxKarnageXx to -1
02-06-17 22:35:41 [INFO] [OctoBans] ytb_xxkarnagexx sql checked, record: pubyt by YTB_XxKarnageXx to 1495810117
02-06-17 22:35:41 [INFO] [OctoBans] ytb_xxkarnagexx sql checked, record: doubleposte by YTB_XxKarnageXx to 1495806882
02-06-17 22:35:41 [INFO] [OctoBans] ytb_xxkarnagexx sql checked, record: doubleposte by YTB_XxKarnageXx to 1495806911
02-06-17 22:35:41 [INFO] [OctoBans] ytb_xxkarnagexx sql checked, record: doubleposte by YTB_XxKarnageXx to 1495806920
02-06-17 22:35:41 [INFO] [OctoBans] ytb_xxkarnagexx sql checked, record: majuscule by YTB_XxKarnageXx to 1495807254
02-06-17 22:35:41 [INFO] [OctoBans] ytb_xxkarnagexx sql checked, record: pubyt by YTB_XxKarnageXx to 1495810367
02-06-17 22:35:41 [INFO] [OctoBans] ytb_xxkarnagexx sql checked, record: majuscule by YTB_XxKarnageXx to 1495807403
02-06-17 22:35:41 [INFO] [OctoBans] ytb_xxkarnagexx sql checked, record: majuscule by YTB_XxKarnageXx to 1495807411
02-06-17 22:35:41 [INFO] [OctoBans] ytb_xxkarnagexx sql checked, record: spam by YTB_XxKarnageXx to 1495810441
02-06-17 22:35:41 [INFO] [OctoBans] ytb_xxkarnagexx sql checked, record: doubleposte by YTB_XxKarnageXx to 1495807434
02-06-17 22:35:41 [INFO] [OctoBans] ytb_xxkarnagexx sql checked, record: spam by YTB_XxKarnageXx to 1495810751
02-06-17 22:35:41 [INFO] [OctoBans] ytb_xxkarnagexx sql checked, record: majuscule by YTB_XxKarnageXx to 1495807999
02-06-17 22:35:41 [INFO] [OctoBans] ytb_xxkarnagexx sql checked, record: provocation by YTB_XxKarnageXx to 1495808036
02-06-17 22:35:41 [INFO] [OctoBans] ytb_xxkarnagexx sql checked, record: majuscule by YTB_XxKarnageXx to 1495808388
02-06-17 22:35:41 [INFO] [OctoBans] ytb_xxkarnagexx sql checked, record: langage by YTB_XxKarnageXx to 1495808445
02-06-17 22:35:41 [INFO] [OctoBans] ytb_xxkarnagexx sql checked, record: majuscule by YTB_XxKarnageXx to 1495808449
02-06-17 22:35:41 [INFO] [OctoBans] ytb_xxkarnagexx sql checked, record: spam by YTB_XxKarnageXx to 1495811689
02-06-17 22:35:41 [INFO] [OctoBans] ytb_xxkarnagexx sql checked, record: spam by YTB_XxKarnageXx to 1495811691
02-06-17 22:35:41 [INFO] [OctoBans] ytb_xxkarnagexx sql checked, record: spam by YTB_XxKarnageXx to 1495815317
02-06-17 22:35:41 [INFO] [OctoBans] ytb_xxkarnagexx sql checked, record: spam by YTB_XxKarnageXx to 1495811755
02-06-17 22:35:41 [INFO] [OctoBans] ytb_xxkarnagexx sql checked, record: spam by YTB_XxKarnageXx to 1495811863
02-06-17 22:35:41 [INFO] [OctoBans] ytb_xxkarnagexx sql checked, record: spam by YTB_XxKarnageXx to 1495811874
02-06-17 22:35:41 [INFO] [OctoBans] ytb_xxkarnagexx sql checked, record: doubleposte by YTB_XxKarnageXx to 1495808891
02-06-17 22:35:41 [INFO] [OctoBans] ytb_xxkarnagexx sql checked, record: majuscule by YTB_XxKarnageXx to 1495809078
02-06-17 22:35:41 [INFO] [OctoBans] ytb_xxkarnagexx sql checked, record: doubleposte by YTB_XxKarnageXx to 1495808801
02-06-17 22:35:41 [INFO] [OctoBans] ytb_xxkarnagexx sql checked, record: doubleposte by YTB_XxKarnageXx to 1495808899
02-06-17 22:35:41 [INFO] [OctoBans] ytb_xxkarnagexx sql checked, record: provocation by YTB_XxKarnageXx to 1495808910
02-06-17 22:35:41 [INFO] [OctoBans] ytb_xxkarnagexx sql checked, record: doubleposte by YTB_XxKarnageXx to 1495809146
02-06-17 22:35:41 [INFO] [OctoBans] ytb_xxkarnagexx sql checked, record: spam by YTB_XxKarnageXx to 1495812513
02-06-17 22:35:41 [INFO] [OctoBans] ytb_xxkarnagexx sql checked, record: majuscule by YTB_XxKarnageXx to 1495810124
02-06-17 22:35:41 [INFO] [OctoBans] ytb_xxkarnagexx sql checked, record: spam by YTB_XxKarnageXx to 1495813175
02-06-17 22:35:41 [INFO] [OctoBans] ytb_xxkarnagexx sql checked, record: langage by YTB_XxKarnageXx to 1495810367
02-06-17 22:35:41 [INFO] [OctoBans] ytb_xxkarnagexx sql checked, record: spam by YTB_XxKarnageXx to 1495822178
02-06-17 22:35:41 [INFO] [OctoBans] ytb_xxkarnagexx sql checked, record: spam by YTB_XxKarnageXx to 1495822196
02-06-17 22:35:41 [INFO] [OctoBans] ytb_xxkarnagexx sql checked, record: langage by YTB_XxKarnageXx to 1495819625
02-06-17 22:35:41 [INFO] [OctoBans] ytb_xxkarnagexx sql checked, record: spam by YTB_XxKarnageXx to 1495826651
02-06-17 22:35:41 [INFO] [OctoBans] ytb_xxkarnagexx sql checked, record: spam by YTB_XxKarnageXx to 1495826894
02-06-17 22:35:41 [INFO] [OctoBans] ytb_xxkarnagexx sql checked, record: provocation by YTB_XxKarnageXx to 1495823671
02-06-17 22:35:41 [INFO] [OctoBans] ytb_xxkarnagexx sql checked, record: doubleposte by YTB_XxKarnageXx to 1495823906
02-06-17 22:35:41 [INFO] [OctoBans] ytb_xxkarnagexx sql checked, record: doubleposte by YTB_XxKarnageXx to 1495823953
02-06-17 22:35:41 [INFO] [OctoBans] ytb_xxkarnagexx sql checked, record: provocation by YTB_XxKarnageXx to 1495824019
02-06-17 22:35:41 [INFO] [OctoBans] ytb_xxkarnagexx sql checked, record: spam by YTB_XxKarnageXx to 1495831042
02-06-17 22:35:41 [INFO] [OctoBans] ytb_xxkarnagexx sql checked, record: antiafk by YTB_XxKarnageXx to 1495827659
02-06-17 22:35:41 [INFO] [OctoBans] ytb_xxkarnagexx sql checked, record: spam by YTB_XxKarnageXx to 1495827758
02-06-17 22:35:41 [INFO] [OctoBans] ytb_xxkarnagexx sql checked, record: majuscule by YTB_XxKarnageXx to 1495824992
02-06-17 22:35:41 [INFO] [OctoBans] ytb_xxkarnagexx sql checked, record: spam by YTB_XxKarnageXx to 1495828182
02-06-17 22:35:41 [INFO] [OctoBans] ytb_xxkarnagexx sql checked, record: majuscule by YTB_XxKarnageXx to 1495825502
02-06-17 22:35:41 [INFO] [OctoBans] ytb_xxkarnagexx sql checked, record: tpkill by YTB_XxKarnageXx to 1495911369
02-06-17 22:35:41 [INFO] [OctoBans] ytb_xxkarnagexx sql checked, record: spammp by YTB_XxKarnageXx to -1
02-06-17 22:35:41 [INFO] [OctoBans] ytb_xxkarnagexx sql checked, record: spammp by YTB_XxKarnageXx to -1
02-06-17 22:35:41 [INFO] [OctoBans] ytb_xxkarnagexx sql checked, record: doubleposte by YTB_XxKarnageXx to 1495830814
02-06-17 22:35:41 [INFO] [OctoBans] ytb_xxkarnagexx sql checked, record: doubleposte by YTB_XxKarnageXx to 1495831186
02-06-17 22:35:41 [INFO] [OctoBans] ytb_xxkarnagexx sql checked, record: doubleposte by YTB_XxKarnageXx to 1495832165
02-06-17 22:35:41 [INFO] [OctoBans] ytb_xxkarnagexx sql checked, record: majuscule by YTB_XxKarnageXx to 1495833049
02-06-17 22:35:41 [INFO] [OctoBans] ytb_xxkarnagexx sql checked, record: doubleposte by YTB_XxKarnageXx to 1495832858
02-06-17 22:35:41 [INFO] [OctoBans] ytb_xxkarnagexx sql checked, record: insultestaff by YTB_XxKarnageXx to 1495869314
02-06-17 22:35:41 [INFO] [OctoBans] ytb_xxkarnagexx sql checked, record: insulte by YTB_XxKarnageXx to 1495836120
02-06-17 22:35:41 [INFO] [OctoBans] ytb_xxkarnagexx sql checked, record: doubleposte by YTB_XxKarnageXx to 1495834160
02-06-17 22:35:41 [INFO] [OctoBans] ytb_xxkarnagexx sql checked, record: doubleposte by YTB_XxKarnageXx to 1495834170
02-06-17 22:35:41 [INFO] [OctoBans] ytb_xxkarnagexx sql checked, record: langage by YTB_XxKarnageXx to 1495834486
02-06-17 22:35:41 [INFO] [OctoBans] ytb_xxkarnagexx sql checked, record: doubleposte by YTB_XxKarnageXx to 1495834813
02-06-17 22:35:41 [INFO] [OctoBans] ytb_xxkarnagexx sql checked, record: spam by YTB_XxKarnageXx to 1495838696
02-06-17 22:35:41 [INFO] [OctoBans] ytb_xxkarnagexx sql checked, record: provocation by YTB_XxKarnageXx to 1495835868
02-06-17 22:35:41 [INFO] [OctoBans] ytb_xxkarnagexx sql checked, record: spam by YTB_XxKarnageXx to 1495838996
02-06-17 22:35:41 [INFO] [OctoBans] ytb_xxkarnagexx sql checked, record: doubleposte by YTB_XxKarnageXx to 1495835804
02-06-17 22:35:41 [INFO] [OctoBans] ytb_xxkarnagexx sql checked, record: doubleposte by YTB_XxKarnageXx to 1495835850
02-06-17 22:35:41 [INFO] [OctoBans] ytb_xxkarnagexx sql checked, record: spam by YTB_XxKarnageXx to 1495839153
02-06-17 22:35:41 [INFO] [OctoBans] ytb_xxkarnagexx sql checked, record: doubleposte by YTB_XxKarnageXx to 1495835954
02-06-17 22:35:41 [INFO] [OctoBans] ytb_xxkarnagexx sql checked, record: doubleposte by YTB_XxKarnageXx to 1495836393
02-06-17 22:35:41 [INFO] [OctoBans] ytb_xxkarnagexx sql checked, record: spam by YTB_XxKarnageXx to 1495839742
02-06-17 22:35:41 [INFO] [OctoBans] ytb_xxkarnagexx sql checked, record: faussesinfos by YTB_XxKarnageXx to 1495922762
02-06-17 22:35:41 [INFO] [OctoBans] ytb_xxkarnagexx sql checked, record: faussesinfos by YTB_XxKarnageXx to 1495922770
02-06-17 22:35:41 [INFO] [OctoBans] ytb_xxkarnagexx sql checked, record: majuscule by YTB_XxKarnageXx to 1495837020
02-06-17 22:35:41 [INFO] [OctoBans] ytb_xxkarnagexx sql checked, record: spam by YTB_XxKarnageXx to 1495840056
02-06-17 22:35:41 [INFO] [OctoBans] ytb_xxkarnagexx sql checked, record: majuscule by YTB_XxKarnageXx to 1495837180
02-06-17 22:35:41 [INFO] [OctoBans] ytb_xxkarnagexx sql checked, record: spamfopen by YTB_XxKarnageXx to 1496009657
02-06-17 22:35:41 [INFO] [OctoBans] ytb_xxkarnagexx sql checked, record: provocation by YTB_XxKarnageXx to 1495837554
02-06-17 22:35:41 [INFO] [OctoBans] ytb_xxkarnagexx sql checked, record: doubleposte by YTB_XxKarnageXx to 1495838113
02-06-17 22:35:41 [INFO] [OctoBans] ytb_xxkarnagexx sql checked, record: doubleposte by YTB_XxKarnageXx to 1495838075
02-06-17 22:35:41 [INFO] [OctoBans] ytb_xxkarnagexx sql checked, record: spam by YTB_XxKarnageXx to 1495841683
02-06-17 22:35:41 [INFO] [OctoBans] ytb_xxkarnagexx sql checked, record: provocation by YTB_XxKarnageXx to 1495838577
02-06-17 22:35:41 [INFO] [OctoBans] ytb_xxkarnagexx sql checked, record: doubleposte by YTB_XxKarnageXx to 1495839063
02-06-17 22:35:41 [INFO] [OctoBans] ytb_xxkarnagexx sql checked, record: doubleposte by YTB_XxKarnageXx to 1495838866
02-06-17 22:35:41 [INFO] [OctoBans] ytb_xxkarnagexx sql checked, record: majuscule by YTB_XxKarnageXx to 1495839242
02-06-17 22:35:41 [INFO] [OctoBans] ytb_xxkarnagexx sql checked, record: majuscule by YTB_XxKarnageXx to 1495839490
02-06-17 22:35:41 [INFO] [OctoBans] ytb_xxkarnagexx sql checked, record: majuscule by YTB_XxKarnageXx to 1495839628
02-06-17 22:35:41 [INFO] [OctoBans] ytb_xxkarnagexx sql checked, record: insultegrave by YTB_XxKarnageXx to 1495875232
02-06-17 22:35:41 [INFO] [OctoBans] ytb_xxkarnagexx sql checked, record: doubleposte by YTB_XxKarnageXx to 1495840235
02-06-17 22:35:41 [INFO] [OctoBans] ytb_xxkarnagexx sql checked, record: langage by YTB_XxKarnageXx to 1495842348
02-06-17 22:35:41 [INFO] [OctoBans] ytb_xxkarnagexx sql checked, record: provocation by YTB_XxKarnageXx to 1495844462
02-06-17 22:35:41 [INFO] [OctoBans] ytb_xxkarnagexx sql checked, record: langage by YTB_XxKarnageXx to 1495845128
02-06-17 22:35:41 [INFO] [OctoBans] ytb_xxkarnagexx sql checked, record: majuscule by YTB_XxKarnageXx to 1495845254
02-06-17 22:35:41 [INFO] [OctoBans] ytb_xxkarnagexx sql checked, record: majuscule by YTB_XxKarnageXx to 1495845330
02-06-17 22:35:41 [INFO] [OctoBans] ytb_xxkarnagexx sql checked, record: doubleposte by YTB_XxKarnageXx to 1495845071
02-06-17 22:35:41 [INFO] [OctoBans] ytb_xxkarnagexx sql checked, record: provocation by YTB_XxKarnageXx to 1495845185
02-06-17 22:35:41 [INFO] [OctoBans] ytb_xxkarnagexx sql checked, record: doubleposte by YTB_XxKarnageXx to 1495845567
02-06-17 22:35:41 [INFO] [OctoBans] ytb_xxkarnagexx sql checked, record: insultegrave by YTB_XxKarnageXx to 1495881442
02-06-17 22:35:41 [INFO] [OctoBans] ytb_xxkarnagexx sql checked, record: insultestaff by YTB_XxKarnageXx to 1495882025
02-06-17 22:35:41 [INFO] [OctoBans] ytb_xxkarnagexx sql checked, record: doubleposte by YTB_XxKarnageXx to 1495846564
02-06-17 22:35:41 [INFO] [OctoBans] ytb_xxkarnagexx sql checked, record: langage by YTB_XxKarnageXx to 1495846881
02-06-17 22:35:41 [INFO] [OctoBans] ytb_xxkarnagexx sql checked, record: langage by YTB_XxKarnageXx to 1495888172
02-06-17 22:35:41 [INFO] [OctoBans] ytb_xxkarnagexx sql checked, record: langage by YTB_XxKarnageXx to 1495888478
02-06-17 22:35:41 [INFO] [OctoBans] ytb_xxkarnagexx sql checked, record: doubleposte by YTB_XxKarnageXx to 1495888276
02-06-17 22:35:41 [INFO] [OctoBans] ytb_xxkarnagexx sql checked, record: doubleposte by YTB_XxKarnageXx to 1495888668
02-06-17 22:35:41 [INFO] [OctoBans] ytb_xxkarnagexx sql checked, record: doubleposte by YTB_XxKarnageXx to 1495888765
02-06-17 22:35:41 [INFO] [OctoBans] ytb_xxkarnagexx sql checked, record: doubleposte by YTB_XxKarnageXx to 1495888847
02-06-17 22:35:41 [INFO] [OctoBans] ytb_xxkarnagexx sql checked, record: insultestaff by YTB_XxKarnageXx to 1495924645
02-06-17 22:35:41 [INFO] [OctoBans] ytb_xxkarnagexx sql checked, record: insultestaff by YTB_XxKarnageXx to 1495924655
02-06-17 22:35:41 [INFO] [OctoBans] ytb_xxkarnagexx sql checked, record: spammp by YTB_XxKarnageXx to -1
02-06-17 22:35:41 [INFO] [OctoBans] ytb_xxkarnagexx sql checked, record: doubleposte by YTB_XxKarnageXx to 1495893098
02-06-17 22:35:41 [INFO] [OctoBans] ytb_xxkarnagexx sql checked, record: majuscule by YTB_XxKarnageXx to 1495891042
02-06-17 22:35:41 [INFO] [OctoBans] ytb_xxkarnagexx sql checked, record: langage by YTB_XxKarnageXx to 1495890557
02-06-17 22:35:41 [INFO] [OctoBans] ytb_xxkarnagexx sql checked, record: majuscule by YTB_XxKarnageXx to 1495890582
02-06-17 22:35:41 [INFO] [OctoBans] ytb_xxkarnagexx sql checked, record: faussesinfos by YTB_XxKarnageXx to 1496063291
02-06-17 22:35:41 [INFO] [OctoBans] ytb_xxkarnagexx sql checked, record: doubleposte by YTB_XxKarnageXx to 1495891070
02-06-17 22:35:41 [INFO] [OctoBans] ytb_xxkarnagexx sql checked, record: doubleposte by YTB_XxKarnageXx to 1495891299
02-06-17 22:35:41 [INFO] [OctoBans] ytb_xxkarnagexx sql checked, record: doubleposte by YTB_XxKarnageXx to 1495891311
02-06-17 22:35:41 [INFO] [OctoBans] ytb_xxkarnagexx sql checked, record: majuscule by YTB_XxKarnageXx to 1495892668
02-06-17 22:35:41 [INFO] [OctoBans] ytb_xxkarnagexx sql checked, record: doubleposte by YTB_XxKarnageXx to 1495892398
02-06-17 22:35:41 [INFO] [OctoBans] ytb_xxkarnagexx sql checked, record: langage by YTB_XxKarnageXx to 1495893319
02-06-17 22:35:41 [INFO] [OctoBans] ytb_xxkarnagexx sql checked, record: provocation by YTB_XxKarnageXx to 1495893191
02-06-17 22:35:41 [INFO] [OctoBans] ytb_xxkarnagexx sql checked, record: langage by YTB_XxKarnageXx to 1495893116
02-06-17 22:35:41 [INFO] [OctoBans] ytb_xxkarnagexx sql checked, record: langage by YTB_XxKarnageXx to 1495897359
02-06-17 22:35:41 [INFO] [OctoBans] ytb_xxkarnagexx sql checked, record: majuscule by YTB_XxKarnageXx to 1495897974
02-06-17 22:35:41 [INFO] [OctoBans] ytb_xxkarnagexx sql checked, record: faussesinfos by YTB_XxKarnageXx to 1495984007
02-06-17 22:35:41 [INFO] [OctoBans] ytb_xxkarnagexx sql checked, record: majuscule by YTB_XxKarnageXx to 1495898234
02-06-17 22:35:41 [INFO] [OctoBans] ytb_xxkarnagexx sql checked, record: doubleposte by YTB_XxKarnageXx to 1495898025
02-06-17 22:35:41 [INFO] [OctoBans] ytb_xxkarnagexx sql checked, record: majuscule by YTB_XxKarnageXx to 1495899541
02-06-17 22:35:41 [INFO] [OctoBans] ytb_xxkarnagexx sql checked, record: doubleposte by YTB_XxKarnageXx to 1495898080
02-06-17 22:35:41 [INFO] [OctoBans] ytb_xxkarnagexx sql checked, record: doubleposte by YTB_XxKarnageXx to 1495898258
02-06-17 22:35:41 [INFO] [OctoBans] ytb_xxkarnagexx sql checked, record: doubleposte by YTB_XxKarnageXx to 1495898579
02-06-17 22:35:41 [INFO] [OctoBans] ytb_xxkarnagexx sql checked, record: doubleposte by YTB_XxKarnageXx to 1495905249
02-06-17 22:35:41 [INFO] [OctoBans] ytb_xxkarnagexx sql checked, record: majuscule by YTB_XxKarnageXx to 1495905957
02-06-17 22:35:41 [INFO] [OctoBans] ytb_xxkarnagexx sql checked, record: provocation by YTB_XxKarnageXx to 1495906623
02-06-17 22:35:41 [INFO] [OctoBans] ytb_xxkarnagexx sql checked, record: provocation by YTB_XxKarnageXx to 1495905755
02-06-17 22:35:41 [INFO] [OctoBans] ytb_xxkarnagexx sql checked, record: spam by YTB_XxKarnageXx to 1495909534
02-06-17 22:35:41 [INFO] [OctoBans] ytb_xxkarnagexx sql checked, record: langage by YTB_XxKarnageXx to 1495906737
02-06-17 22:35:41 [INFO] [OctoBans] ytb_xxkarnagexx sql checked, record: doubleposte by YTB_XxKarnageXx to 1495906518
02-06-17 22:35:41 [INFO] [OctoBans] ytb_xxkarnagexx sql checked, record: spam by YTB_XxKarnageXx to 1495910128
02-06-17 22:35:41 [INFO] [OctoBans] ytb_xxkarnagexx sql checked, record: spam by YTB_XxKarnageXx to 1495910202
02-06-17 22:35:41 [INFO] [OctoBans] ytb_xxkarnagexx sql checked, record: tpkill by YTB_XxKarnageXx to 1495993094
02-06-17 22:35:41 [INFO] [OctoBans] ytb_xxkarnagexx sql checked, record: tpkill by YTB_XxKarnageXx to 1495993161
02-06-17 22:35:41 [INFO] [OctoBans] ytb_xxkarnagexx sql checked, record: doubleposte by YTB_XxKarnageXx to 1495907408
02-06-17 22:35:41 [INFO] [OctoBans] ytb_xxkarnagexx sql checked, record: spam by YTB_XxKarnageXx to 1495910446
02-06-17 22:35:41 [INFO] [OctoBans] ytb_xxkarnagexx sql checked, record: majuscule by YTB_XxKarnageXx to 1495907635
02-06-17 22:35:41 [INFO] [OctoBans] ytb_xxkarnagexx sql checked, record: doubleposte by YTB_XxKarnageXx to 1495908487
02-06-17 22:35:41 [INFO] [OctoBans] ytb_xxkarnagexx sql checked, record: racism by YTB_XxKarnageXx to 1495994716
02-06-17 22:35:41 [INFO] [OctoBans] ytb_xxkarnagexx sql checked, record: majuscule by YTB_XxKarnageXx to 1495909104
02-06-17 22:35:41 [INFO] [OctoBans] ytb_xxkarnagexx sql checked, record: doubleposte by YTB_XxKarnageXx to 1495908888
02-06-17 22:35:41 [INFO] [OctoBans] ytb_xxkarnagexx sql checked, record: doubleposte by YTB_XxKarnageXx to 1495909447
02-06-17 22:35:41 [INFO] [OctoBans] ytb_xxkarnagexx sql checked, record: provocation by YTB_XxKarnageXx to 1495909455
02-06-17 22:35:41 [INFO] [OctoBans] ytb_xxkarnagexx sql checked, record: racism by YTB_XxKarnageXx to 1495995776
02-06-17 22:35:41 [INFO] [OctoBans] ytb_xxkarnagexx sql checked, record: incitationflood by YTB_XxKarnageXx to 1495996722
02-06-17 22:35:41 [INFO] [OctoBans] ytb_xxkarnagexx sql checked, record: doubleposte by YTB_XxKarnageXx to 1495910845
02-06-17 22:35:41 [INFO] [OctoBans] ytb_xxkarnagexx sql checked, record: insultestaff by YTB_XxKarnageXx to 1495946722
02-06-17 22:35:41 [INFO] [OctoBans] ytb_xxkarnagexx sql checked, record: insultestaff by YTB_XxKarnageXx to 1495982750
02-06-17 22:35:41 [INFO] [OctoBans] ytb_xxkarnagexx sql checked, record: majuscule by YTB_XxKarnageXx to 1495911360
02-06-17 22:35:41 [INFO] [OctoBans] ytb_xxkarnagexx sql checked, record: incitationflood by YTB_XxKarnageXx to 1495997217
02-06-17 22:35:41 [INFO] [OctoBans] ytb_xxkarnagexx sql checked, record: incitationflood by YTB_XxKarnageXx to 1496083668
02-06-17 22:35:41 [INFO] [OctoBans] ytb_xxkarnagexx sql checked, record: faussesinfos by YTB_XxKarnageXx to 1495997299
02-06-17 22:35:41 [INFO] [OctoBans] ytb_xxkarnagexx sql checked, record: doubleposte by YTB_XxKarnageXx to 1495911287
02-06-17 22:35:41 [INFO] [OctoBans] ytb_xxkarnagexx sql checked, record: insulte by YTB_XxKarnageXx to 1495913810
02-06-17 22:35:41 [INFO] [OctoBans] ytb_xxkarnagexx sql checked, record: tpkill by YTB_XxKarnageXx to 1495997745
02-06-17 22:35:41 [INFO] [OctoBans] ytb_xxkarnagexx sql checked, record: tpkill by YTB_XxKarnageXx to 1495997748
02-06-17 22:35:41 [INFO] [OctoBans] ytb_xxkarnagexx sql checked, record: spam by YTB_XxKarnageXx to 1495915217
02-06-17 22:35:41 [INFO] [OctoBans] ytb_xxkarnagexx sql checked, record: spam by YTB_XxKarnageXx to 1495915775
02-06-17 22:35:41 [INFO] [OctoBans] ytb_xxkarnagexx sql checked, record: doubleposte by YTB_XxKarnageXx to 1495916565
02-06-17 22:35:41 [INFO] [OctoBans] ytb_xxkarnagexx sql checked, record: majuscule by YTB_XxKarnageXx to 1495917631
02-06-17 22:35:41 [INFO] [OctoBans] ytb_xxkarnagexx sql checked, record: spammp by YTB_XxKarnageXx to -1
02-06-17 22:35:41 [INFO] [OctoBans] ytb_xxkarnagexx sql checked, record: spamfopen by YTB_XxKarnageXx to 1496089937
02-06-17 22:35:41 [INFO] [OctoBans] ytb_xxkarnagexx sql checked, record: doubleposte by YTB_XxKarnageXx to 1495918829
02-06-17 22:35:41 [INFO] [OctoBans] ytb_xxkarnagexx sql checked, record: doubleposte by YTB_XxKarnageXx to 1495918602
02-06-17 22:35:41 [INFO] [OctoBans] ytb_xxkarnagexx sql checked, record: spam by YTB_XxKarnageXx to 1495922109
02-06-17 22:35:41 [INFO] [OctoBans] ytb_xxkarnagexx sql checked, record: spam by YTB_XxKarnageXx to 1495925899
02-06-17 22:35:41 [INFO] [OctoBans] ytb_xxkarnagexx sql checked, record: spam by YTB_XxKarnageXx to 1495922432
02-06-17 22:35:41 [INFO] [OctoBans] ytb_xxkarnagexx sql checked, record: doubleposte by YTB_XxKarnageXx to 1495919423
02-06-17 22:35:41 [INFO] [OctoBans] ytb_xxkarnagexx sql checked, record: spammp by YTB_XxKarnageXx to -1
02-06-17 22:35:41 [INFO] [OctoBans] ytb_xxkarnagexx sql checked, record: doubleposte by YTB_XxKarnageXx to 1495922147
02-06-17 22:35:41 [INFO] [OctoBans] ytb_xxkarnagexx sql checked, record: insultegrave by YTB_XxKarnageXx to 1495961866
02-06-17 22:35:41 [INFO] [OctoBans] ytb_xxkarnagexx sql checked, record: doubleposte by YTB_XxKarnageXx to 1495926625
02-06-17 22:35:41 [INFO] [OctoBans] ytb_xxkarnagexx sql checked, record: insultegrave by YTB_XxKarnageXx to 1495962615
02-06-17 22:35:41 [INFO] [OctoBans] ytb_xxkarnagexx sql checked, record: doubleposte by YTB_XxKarnageXx to 1495927536
02-06-17 22:35:41 [INFO] [OctoBans] ytb_xxkarnagexx sql checked, record: doubleposte by YTB_XxKarnageXx to 1495928002
02-06-17 22:35:41 [INFO] [OctoBans] ytb_xxkarnagexx sql checked, record: doubleposte by YTB_XxKarnageXx to 1495928318
02-06-17 22:35:41 [INFO] [OctoBans] ytb_xxkarnagexx sql checked, record: provocation by YTB_XxKarnageXx to 1495930018
02-06-17 22:35:41 [INFO] [OctoBans] ytb_xxkarnagexx sql checked, record: provocation by YTB_XxKarnageXx to 1495929721
02-06-17 22:35:41 [INFO] [OctoBans] ytb_xxkarnagexx sql checked, record: spam by YTB_XxKarnageXx to 1495933062
02-06-17 22:35:41 [INFO] [OctoBans] ytb_xxkarnagexx sql checked, record: provocation by YTB_XxKarnageXx to 1495930366
02-06-17 22:35:41 [INFO] [OctoBans] ytb_xxkarnagexx sql checked, record: insultestaff by YTB_XxKarnageXx to 1495965936
02-06-17 22:35:41 [INFO] [OctoBans] ytb_xxkarnagexx sql checked, record: antiafk by YTB_XxKarnageXx to 1495933600
02-06-17 22:35:41 [INFO] [OctoBans] ytb_xxkarnagexx sql checked, record: doubleposte by YTB_XxKarnageXx to 1495932118
02-06-17 22:35:41 [INFO] [OctoBans] ytb_xxkarnagexx sql checked, record: provocation by YTB_XxKarnageXx to 1495931825
02-06-17 22:35:41 [INFO] [OctoBans] ytb_xxkarnagexx sql checked, record: doubleposte by YTB_XxKarnageXx to 1495975885
02-06-17 22:35:41 [INFO] [OctoBans] ytb_xxkarnagexx sql checked, record: doubleposte by YTB_XxKarnageXx to 1495976259
02-06-17 22:35:41 [INFO] [OctoBans] ytb_xxkarnagexx sql checked, record: doubleposte by YTB_XxKarnageXx to 1495976845
02-06-17 22:35:41 [INFO] [OctoBans] ytb_xxkarnagexx sql checked, record: doubleposte by YTB_XxKarnageXx to 1495977150
02-06-17 22:35:41 [INFO] [OctoBans] ytb_xxkarnagexx sql checked, record: majuscule by YTB_XxKarnageXx to 1495977516
02-06-17 22:35:41 [INFO] [OctoBans] ytb_xxkarnagexx sql checked, record: spam by YTB_XxKarnageXx to 1495979967
02-06-17 22:35:41 [INFO] [OctoBans] ytb_xxkarnagexx sql checked, record: spam by YTB_XxKarnageXx to 1495983642
02-06-17 22:35:41 [INFO] [OctoBans] ytb_xxkarnagexx sql checked, record: spam by YTB_XxKarnageXx to 1495980046
02-06-17 22:35:41 [INFO] [OctoBans] ytb_xxkarnagexx sql checked, record: spam by YTB_XxKarnageXx to 1495983652
02-06-17 22:35:41 [INFO] [OctoBans] ytb_xxkarnagexx sql checked, record: spam by YTB_XxKarnageXx to 1495980058
02-06-17 22:35:41 [INFO] [OctoBans] ytb_xxkarnagexx sql checked, record: spam by YTB_XxKarnageXx to 1495980067
02-06-17 22:35:41 [INFO] [OctoBans] ytb_xxkarnagexx sql checked, record: doubleposte by YTB_XxKarnageXx to 1495976775
02-06-17 22:35:41 [INFO] [OctoBans] ytb_xxkarnagexx sql checked, record: spam by YTB_XxKarnageXx to 1495980159
02-06-17 22:35:41 [INFO] [OctoBans] ytb_xxkarnagexx sql checked, record: spam by YTB_XxKarnageXx to 1495980163
02-06-17 22:35:41 [INFO] [OctoBans] ytb_xxkarnagexx sql checked, record: spam by YTB_XxKarnageXx to 1495980187
02-06-17 22:35:41 [INFO] [OctoBans] ytb_xxkarnagexx sql checked, record: spam by YTB_XxKarnageXx to 1495980316
02-06-17 22:35:41 [INFO] [OctoBans] ytb_xxkarnagexx sql checked, record: menacehack by YTB_XxKarnageXx to 1496495125
02-06-17 22:35:41 [INFO] [OctoBans] ytb_xxkarnagexx sql checked, record: spam by YTB_XxKarnageXx to 1495980483
02-06-17 22:35:41 [INFO] [OctoBans] ytb_xxkarnagexx sql checked, record: spam by YTB_XxKarnageXx to 1495980544
02-06-17 22:35:41 [INFO] [OctoBans] ytb_xxkarnagexx sql checked, record: spam by YTB_XxKarnageXx to 1495984645
02-06-17 22:35:41 [INFO] [OctoBans] ytb_xxkarnagexx sql checked, record: doubleposte by YTB_XxKarnageXx to 1495978465
02-06-17 22:35:41 [INFO] [OctoBans] ytb_xxkarnagexx sql checked, record: faussesinfos by YTB_XxKarnageXx to 1496064108
02-06-17 22:35:41 [INFO] [OctoBans] ytb_xxkarnagexx sql checked, record: spammp by YTB_XxKarnageXx to -1
02-06-17 22:35:41 [INFO] [OctoBans] ytb_xxkarnagexx sql checked, record: doubleposte by YTB_XxKarnageXx to 1495978445
02-06-17 22:35:41 [INFO] [OctoBans] ytb_xxkarnagexx sql checked, record: spam by YTB_XxKarnageXx to 1495981458
02-06-17 22:35:41 [INFO] [OctoBans] ytb_xxkarnagexx sql checked, record: spam by YTB_XxKarnageXx to 1495981510
02-06-17 22:35:41 [INFO] [OctoBans] ytb_xxkarnagexx sql checked, record: doubleposte by YTB_XxKarnageXx to 1495978515
02-06-17 22:35:41 [INFO] [OctoBans] ytb_xxkarnagexx sql checked, record: spam by YTB_XxKarnageXx to 1495982178
02-06-17 22:35:41 [INFO] [OctoBans] ytb_xxkarnagexx sql checked, record: langage by YTB_XxKarnageXx to 1495979229
02-06-17 22:35:41 [INFO] [OctoBans] ytb_xxkarnagexx sql checked, record: spam by YTB_XxKarnageXx to 1495982587
02-06-17 22:35:41 [INFO] [OctoBans] ytb_xxkarnagexx sql checked, record: majuscule by YTB_XxKarnageXx to 1495980389
02-06-17 22:35:41 [INFO] [OctoBans] ytb_xxkarnagexx sql checked, record: provocation by YTB_XxKarnageXx to 1495979655
02-06-17 22:35:41 [INFO] [OctoBans] ytb_xxkarnagexx sql checked, record: pubyt by YTB_XxKarnageXx to 1495983029
02-06-17 22:35:41 [INFO] [OctoBans] ytb_xxkarnagexx sql checked, record: spam by YTB_XxKarnageXx to 1495983254
02-06-17 22:35:41 [INFO] [OctoBans] ytb_xxkarnagexx sql checked, record: majuscule by YTB_XxKarnageXx to 1495981020
02-06-17 22:35:41 [INFO] [OctoBans] ytb_xxkarnagexx sql checked, record: doubleposte by YTB_XxKarnageXx to 1495981115
02-06-17 22:35:41 [INFO] [OctoBans] ytb_xxkarnagexx sql checked, record: doubleposte by YTB_XxKarnageXx to 1495981539
02-06-17 22:35:41 [INFO] [OctoBans] ytb_xxkarnagexx sql checked, record: doubleposte by YTB_XxKarnageXx to 1495981555
02-06-17 22:35:41 [INFO] [OctoBans] ytb_xxkarnagexx sql checked, record: incitationflood by YTB_XxKarnageXx to 1496067932
02-06-17 22:35:41 [INFO] [OctoBans] ytb_xxkarnagexx sql checked, record: majuscule by YTB_XxKarnageXx to 1495982402
02-06-17 22:35:41 [INFO] [OctoBans] ytb_xxkarnagexx sql checked, record: langage by YTB_XxKarnageXx to 1495982421
02-06-17 22:35:41 [INFO] [OctoBans] ytb_xxkarnagexx sql checked, record: provocation by YTB_XxKarnageXx to 1495982598
02-06-17 22:35:41 [INFO] [OctoBans] ytb_xxkarnagexx sql checked, record: langage by YTB_XxKarnageXx to 1495982764
02-06-17 22:35:41 [INFO] [OctoBans] ytb_xxkarnagexx sql checked, record: doubleposte by YTB_XxKarnageXx to 1495982749
02-06-17 22:35:41 [INFO] [OctoBans] ytb_xxkarnagexx sql checked, record: tpkill by YTB_XxKarnageXx to 1496069083
02-06-17 22:35:41 [INFO] [OctoBans] ytb_xxkarnagexx sql checked, record: insultegrave by YTB_XxKarnageXx to 1496018752
02-06-17 22:35:41 [INFO] [OctoBans] ytb_xxkarnagexx sql checked, record: provocation by YTB_XxKarnageXx to 1495983061
02-06-17 22:35:41 [INFO] [OctoBans] ytb_xxkarnagexx sql checked, record: spam by YTB_XxKarnageXx to 1495989996
02-06-17 22:35:41 [INFO] [OctoBans] ytb_xxkarnagexx sql checked, record: spam by YTB_XxKarnageXx to 1495986414
02-06-17 22:35:41 [INFO] [OctoBans] ytb_xxkarnagexx sql checked, record: majuscule by YTB_XxKarnageXx to 1495985646
02-06-17 22:35:41 [INFO] [OctoBans] ytb_xxkarnagexx sql checked, record: insultegrave by YTB_XxKarnageXx to 1496019257
02-06-17 22:35:41 [INFO] [OctoBans] ytb_xxkarnagexx sql checked, record: tpkill by YTB_XxKarnageXx to 1496069705
02-06-17 22:35:41 [INFO] [OctoBans] ytb_xxkarnagexx sql checked, record: doubleposte by YTB_XxKarnageXx to 1495983631
02-06-17 22:35:41 [INFO] [OctoBans] ytb_xxkarnagexx sql checked, record: langage by YTB_XxKarnageXx to 1495984043
02-06-17 22:35:41 [INFO] [OctoBans] ytb_xxkarnagexx sql checked, record: tpkill by YTB_XxKarnageXx to 1496069916
02-06-17 22:35:41 [INFO] [OctoBans] ytb_xxkarnagexx sql checked, record: doubleposte by YTB_XxKarnageXx to 1495983950
02-06-17 22:35:41 [INFO] [OctoBans] ytb_xxkarnagexx sql checked, record: incitationflood by YTB_XxKarnageXx to 1496070393
02-06-17 22:35:41 [INFO] [OctoBans] ytb_xxkarnagexx sql checked, record: incitationflood by YTB_XxKarnageXx to 1496070517
02-06-17 22:35:41 [INFO] [OctoBans] ytb_xxkarnagexx sql checked, record: doubleposte by YTB_XxKarnageXx to 1495985197
02-06-17 22:35:41 [INFO] [OctoBans] ytb_xxkarnagexx sql checked, record: spammp by YTB_XxKarnageXx to -1
02-06-17 22:35:41 [INFO] [OctoBans] ytb_xxkarnagexx sql checked, record: faussesinfos by YTB_XxKarnageXx to 1496071402
02-06-17 22:35:41 [INFO] [OctoBans] ytb_xxkarnagexx sql checked, record: doubleposte by YTB_XxKarnageXx to 1495985976
02-06-17 22:35:41 [INFO] [OctoBans] ytb_xxkarnagexx sql checked, record: doubleposte by YTB_XxKarnageXx to 1495986128
02-06-17 22:35:41 [INFO] [OctoBans] ytb_xxkarnagexx sql checked, record: doubleposte by YTB_XxKarnageXx to 1495987744
02-06-17 22:35:41 [INFO] [OctoBans] ytb_xxkarnagexx sql checked, record: spam by YTB_XxKarnageXx to 1495994702
02-06-17 22:35:41 [INFO] [OctoBans] ytb_xxkarnagexx sql checked, record: majuscule by YTB_XxKarnageXx to 1495988741
02-06-17 22:35:41 [INFO] [OctoBans] ytb_xxkarnagexx sql checked, record: insultegrave by YTB_XxKarnageXx to 1496023701
02-06-17 22:35:41 [INFO] [OctoBans] ytb_xxkarnagexx sql checked, record: spamfopen by YTB_XxKarnageXx to 1496160630
02-06-17 22:35:41 [INFO] [OctoBans] ytb_xxkarnagexx sql checked, record: spam by YTB_XxKarnageXx to 1495991913
02-06-17 22:35:41 [INFO] [OctoBans] ytb_xxkarnagexx sql checked, record: provocation by YTB_XxKarnageXx to 1495989127
02-06-17 22:35:41 [INFO] [OctoBans] ytb_xxkarnagexx sql checked, record: provocation by YTB_XxKarnageXx to 1495989669
02-06-17 22:35:41 [INFO] [OctoBans] ytb_xxkarnagexx sql checked, record: tpkill by YTB_XxKarnageXx to 1496075851
02-06-17 22:35:41 [INFO] [OctoBans] ytb_xxkarnagexx sql checked, record: insultegrave by YTB_XxKarnageXx to 1496025834
02-06-17 22:35:41 [INFO] [OctoBans] ytb_xxkarnagexx sql checked, record: doubleposte by YTB_XxKarnageXx to 1495990812
02-06-17 22:35:41 [INFO] [OctoBans] ytb_xxkarnagexx sql checked, record: doubleposte by YTB_XxKarnageXx to 1495991403
02-06-17 22:35:41 [INFO] [OctoBans] ytb_xxkarnagexx sql checked, record: langage by YTB_XxKarnageXx to 1495991270
02-06-17 22:35:41 [INFO] [OctoBans] ytb_xxkarnagexx sql checked, record: doubleposte by YTB_XxKarnageXx to 1495991144
02-06-17 22:35:41 [INFO] [OctoBans] ytb_xxkarnagexx sql checked, record: spam by YTB_XxKarnageXx to 1495994561
02-06-17 22:35:41 [INFO] [OctoBans] ytb_xxkarnagexx sql checked, record: insultelegere by YTB_XxKarnageXx to 1495992145
02-06-17 22:35:41 [INFO] [OctoBans] ytb_xxkarnagexx sql checked, record: faussesinfos by YTB_XxKarnageXx to 1496077714
02-06-17 22:35:41 [INFO] [OctoBans] ytb_xxkarnagexx sql checked, record: provocation by YTB_XxKarnageXx to 1495991723
02-06-17 22:35:41 [INFO] [OctoBans] ytb_xxkarnagexx sql checked, record: doubleposte by YTB_XxKarnageXx to 1495992366
02-06-17 22:35:41 [INFO] [OctoBans] ytb_xxkarnagexx sql checked, record: pubyt by YTB_XxKarnageXx to 1495995291
02-06-17 22:35:41 [INFO] [OctoBans] ytb_xxkarnagexx sql checked, record: tpkill by YTB_XxKarnageXx to 1496078559
02-06-17 22:35:41 [INFO] [OctoBans] ytb_xxkarnagexx sql checked, record: doubleposte by YTB_XxKarnageXx to 1495992842
02-06-17 22:35:41 [INFO] [OctoBans] ytb_xxkarnagexx sql checked, record: doubleposte by YTB_XxKarnageXx to 1495992569
02-06-17 22:35:41 [INFO] [OctoBans] ytb_xxkarnagexx sql checked, record: langage by YTB_XxKarnageXx to 1495992973
02-06-17 22:35:41 [INFO] [OctoBans] ytb_xxkarnagexx sql checked, record: doubleposte by YTB_XxKarnageXx to 1495992992
02-06-17 22:35:41 [INFO] [OctoBans] ytb_xxkarnagexx sql checked, record: doubleposte by YTB_XxKarnageXx to 1496080807
02-06-17 22:35:41 [INFO] [OctoBans] ytb_xxkarnagexx sql checked, record: faussesinfos by YTB_XxKarnageXx to 1496167132
02-06-17 22:35:41 [INFO] [OctoBans] ytb_xxkarnagexx sql checked, record: faussesinfos by YTB_XxKarnageXx to 1496167178
02-06-17 22:35:41 [INFO] [OctoBans] ytb_xxkarnagexx sql checked, record: insultegrave by YTB_XxKarnageXx to 1496117047
02-06-17 22:35:41 [INFO] [OctoBans] ytb_xxkarnagexx sql checked, record: tpkill by YTB_XxKarnageXx to 1496167648
02-06-17 22:35:41 [INFO] [OctoBans] ytb_xxkarnagexx sql checked, record: tpkill by YTB_XxKarnageXx to 1496167707
02-06-17 22:35:41 [INFO] [OctoBans] ytb_xxkarnagexx sql checked, record: doubleposte by YTB_XxKarnageXx to 1496082333
02-06-17 22:35:41 [INFO] [OctoBans] ytb_xxkarnagexx sql checked, record: doubleposte by YTB_XxKarnageXx to 1496081794
02-06-17 22:35:41 [INFO] [OctoBans] ytb_xxkarnagexx sql checked, record: langage by YTB_XxKarnageXx to 1496082130
02-06-17 22:35:41 [INFO] [OctoBans] ytb_xxkarnagexx sql checked, record: majuscule by YTB_XxKarnageXx to 1496082766
02-06-17 22:35:41 [INFO] [OctoBans] ytb_xxkarnagexx sql checked, record: faussesinfos by YTB_XxKarnageXx to 1496168097
02-06-17 22:35:41 [INFO] [OctoBans] ytb_xxkarnagexx sql checked, record: insultesrv by YTB_XxKarnageXx to 1496099706
02-06-17 22:35:41 [INFO] [OctoBans] ytb_xxkarnagexx sql checked, record: incitationflood by YTB_XxKarnageXx to 1496168127
02-06-17 22:35:41 [INFO] [OctoBans] ytb_xxkarnagexx sql checked, record: doubleposte by YTB_XxKarnageXx to 1496082263
02-06-17 22:35:41 [INFO] [OctoBans] ytb_xxkarnagexx sql checked, record: tpkill by YTB_XxKarnageXx to 1496254869
02-06-17 22:35:41 [INFO] [OctoBans] ytb_xxkarnagexx sql checked, record: incitationflood by YTB_XxKarnageXx to 1496168473
02-06-17 22:35:41 [INFO] [OctoBans] ytb_xxkarnagexx sql checked, record: spammp by YTB_XxKarnageXx to -1
02-06-17 22:35:41 [INFO] [OctoBans] ytb_xxkarnagexx sql checked, record: incitationflood by YTB_XxKarnageXx to 1496168641
02-06-17 22:35:41 [INFO] [OctoBans] ytb_xxkarnagexx sql checked, record: majuscule by YTB_XxKarnageXx to 1496083453
02-06-17 22:35:41 [INFO] [OctoBans] ytb_xxkarnagexx sql checked, record: doubleposte by YTB_XxKarnageXx to 1496083081
02-06-17 22:35:41 [INFO] [OctoBans] ytb_xxkarnagexx sql checked, record: doubleposte by YTB_XxKarnageXx to 1496086208
02-06-17 22:35:41 [INFO] [OctoBans] ytb_xxkarnagexx sql checked, record: doubleposte by YTB_XxKarnageXx to 1496087808
02-06-17 22:35:41 [INFO] [OctoBans] ytb_xxkarnagexx sql checked, record: majuscule by YTB_XxKarnageXx to 1496086617
02-06-17 22:35:41 [INFO] [OctoBans] ytb_xxkarnagexx sql checked, record: doubleposte by YTB_XxKarnageXx to 1496087033
02-06-17 22:35:41 [INFO] [OctoBans] ytb_xxkarnagexx sql checked, record: provocation by YTB_XxKarnageXx to 1496086880
02-06-17 22:35:41 [INFO] [OctoBans] ytb_xxkarnagexx sql checked, record: doubleposte by YTB_XxKarnageXx to 1496087671
02-06-17 22:35:41 [INFO] [OctoBans] ytb_xxkarnagexx sql checked, record: pubyt by YTB_XxKarnageXx to 1496090189
02-06-17 22:35:41 [INFO] [OctoBans] ytb_xxkarnagexx sql checked, record: doubleposte by YTB_XxKarnageXx to 1496089692
02-06-17 22:35:41 [INFO] [OctoBans] ytb_xxkarnagexx sql checked, record: doubleposte by YTB_XxKarnageXx to 1496093004
02-06-17 22:35:41 [INFO] [OctoBans] ytb_xxkarnagexx sql checked, record: doubleposte by YTB_XxKarnageXx to 1496093234
02-06-17 22:35:41 [INFO] [OctoBans] ytb_xxkarnagexx sql checked, record: doubleposte by YTB_XxKarnageXx to 1496167083
02-06-17 22:35:41 [INFO] [OctoBans] ytb_xxkarnagexx sql checked, record: langage by YTB_XxKarnageXx to 1496167601
02-06-17 22:35:41 [INFO] [OctoBans] ytb_xxkarnagexx sql checked, record: doubleposte by YTB_XxKarnageXx to 1496167752
02-06-17 22:35:41 [INFO] [OctoBans] ytb_xxkarnagexx sql checked, record: spam by YTB_XxKarnageXx to 1496170880
02-06-17 22:35:41 [INFO] [OctoBans] ytb_xxkarnagexx sql checked, record: spam by YTB_XxKarnageXx to 1496171002
02-06-17 22:35:41 [INFO] [OctoBans] ytb_xxkarnagexx sql checked, record: spam by YTB_XxKarnageXx to 1496178601
02-06-17 22:35:41 [INFO] [OctoBans] ytb_xxkarnagexx sql checked, record: doubleposte by YTB_XxKarnageXx to 1496168342
02-06-17 22:35:41 [INFO] [OctoBans] ytb_xxkarnagexx sql checked, record: doubleposte by YTB_XxKarnageXx to 1496168575
02-06-17 22:35:41 [INFO] [OctoBans] ytb_xxkarnagexx sql checked, record: doubleposte by YTB_XxKarnageXx to 1496168938
02-06-17 22:35:41 [INFO] [OctoBans] ytb_xxkarnagexx sql checked, record: insultestaff by YTB_XxKarnageXx to 1496204469
02-06-17 22:35:41 [INFO] [OctoBans] ytb_xxkarnagexx sql checked, record: doubleposte by YTB_XxKarnageXx to 1496168880
02-06-17 22:35:41 [INFO] [OctoBans] ytb_xxkarnagexx sql checked, record: doubleposte by YTB_XxKarnageXx to 1496168917
02-06-17 22:35:41 [INFO] [OctoBans] ytb_xxkarnagexx sql checked, record: tpkill by YTB_XxKarnageXx to 1496255331
02-06-17 22:35:41 [INFO] [OctoBans] ytb_xxkarnagexx sql checked, record: tpkill by YTB_XxKarnageXx to 1496255367
02-06-17 22:35:41 [INFO] [OctoBans] ytb_xxkarnagexx sql checked, record: antiafk by YTB_XxKarnageXx to 1496172642
02-06-17 22:35:41 [INFO] [OctoBans] ytb_xxkarnagexx sql checked, record: antiafk by YTB_XxKarnageXx to 1496172892
02-06-17 22:35:41 [INFO] [OctoBans] ytb_xxkarnagexx sql checked, record: doubleposte by YTB_XxKarnageXx to 1496170133
02-06-17 22:35:41 [INFO] [OctoBans] ytb_xxkarnagexx sql checked, record: majuscule by YTB_XxKarnageXx to 1496170532
02-06-17 22:35:41 [INFO] [OctoBans] ytb_xxkarnagexx sql checked, record: majuscule by YTB_XxKarnageXx to 1496172530
02-06-17 22:35:41 [INFO] [OctoBans] ytb_xxkarnagexx sql checked, record: langage by YTB_XxKarnageXx to 1496171972
02-06-17 22:35:41 [INFO] [OctoBans] ytb_xxkarnagexx sql checked, record: langage by YTB_XxKarnageXx to 1496172007
02-06-17 22:35:41 [INFO] [OctoBans] ytb_xxkarnagexx sql checked, record: spam by YTB_XxKarnageXx to 1496184098
02-06-17 22:35:41 [INFO] [OctoBans] ytb_xxkarnagexx sql checked, record: insultestaff by YTB_XxKarnageXx to 1496209493
02-06-17 22:35:41 [INFO] [OctoBans] ytb_xxkarnagexx sql checked, record: langage by YTB_XxKarnageXx to 1496174974
02-06-17 22:35:41 [INFO] [OctoBans] ytb_xxkarnagexx sql checked, record: provocation by YTB_XxKarnageXx to 1496174465
02-06-17 22:35:41 [INFO] [OctoBans] ytb_xxkarnagexx sql checked, record: langage by YTB_XxKarnageXx to 1496174932
02-06-17 22:35:41 [INFO] [OctoBans] ytb_xxkarnagexx sql checked, record: majuscule by YTB_XxKarnageXx to 1496176062
02-06-17 22:35:41 [INFO] [OctoBans] ytb_xxkarnagexx sql checked, record: doubleposte by YTB_XxKarnageXx to 1496175357
02-06-17 22:35:41 [INFO] [OctoBans] ytb_xxkarnagexx sql checked, record: langage by YTB_XxKarnageXx to 1496175876
02-06-17 22:35:41 [INFO] [OctoBans] ytb_xxkarnagexx sql checked, record: majuscule by YTB_XxKarnageXx to 1496176546
02-06-17 22:35:41 [INFO] [OctoBans] ytb_xxkarnagexx sql checked, record: doubleposte by YTB_XxKarnageXx to 1496176637
02-06-17 22:35:41 [INFO] [OctoBans] ytb_xxkarnagexx sql checked, record: langage by YTB_XxKarnageXx to 1496176191
02-06-17 22:35:41 [INFO] [OctoBans] ytb_xxkarnagexx sql checked, record: langage by YTB_XxKarnageXx to 1496251728
02-06-17 22:35:41 [INFO] [OctoBans] ytb_xxkarnagexx sql checked, record: langage by YTB_XxKarnageXx to 1496251740
02-06-17 22:35:41 [INFO] [OctoBans] ytb_xxkarnagexx sql checked, record: langage by YTB_XxKarnageXx to 1496251770
02-06-17 22:35:41 [INFO] [OctoBans] ytb_xxkarnagexx sql checked, record: antiafk by YTB_XxKarnageXx to 1496255757
02-06-17 22:35:41 [INFO] [OctoBans] ytb_xxkarnagexx sql checked, record: antiafk by YTB_XxKarnageXx to 1496256094
02-06-17 22:35:41 [INFO] [OctoBans] ytb_xxkarnagexx sql checked, record: spamfopen by YTB_XxKarnageXx to 1496427491
02-06-17 22:35:41 [INFO] [OctoBans] ytb_xxkarnagexx sql checked, record: langage by YTB_XxKarnageXx to 1496261901
02-06-17 22:35:41 [INFO] [OctoBans] ytb_xxkarnagexx sql checked, record: doubleposte by YTB_XxKarnageXx to 1496261519
02-06-17 22:35:41 [INFO] [OctoBans] ytb_xxkarnagexx sql checked, record: provocation by YTB_XxKarnageXx to 1496262119
02-06-17 22:35:41 [INFO] [OctoBans] ytb_xxkarnagexx sql checked, record: majuscule by YTB_XxKarnageXx to 1496339778
02-06-17 22:35:41 [INFO] [OctoBans] ytb_xxkarnagexx sql checked, record: spam by YTB_XxKarnageXx to 1496342786
02-06-17 22:35:41 [INFO] [OctoBans] ytb_xxkarnagexx sql checked, record: spammp by YTB_XxKarnageXx to -1
02-06-17 22:35:41 [INFO] [OctoBans] ytb_xxkarnagexx sql checked, record: provocation by YTB_XxKarnageXx to 1496340163
02-06-17 22:35:41 [INFO] [OctoBans] ytb_xxkarnagexx sql checked, record: provocation by YTB_XxKarnageXx to 1496339591
02-06-17 22:35:41 [INFO] [OctoBans] ytb_xxkarnagexx sql checked, record: incitationflood by YTB_XxKarnageXx to 1496425813
02-06-17 22:35:41 [INFO] [OctoBans] ytb_xxkarnagexx sql checked, record: spamfopen by YTB_XxKarnageXx to 1496512225
02-06-17 22:35:41 [INFO] [OctoBans] ytb_xxkarnagexx sql checked, record: insultesrv by YTB_XxKarnageXx to 1496357450
02-06-17 22:35:41 [INFO] [OctoBans] ytb_xxkarnagexx sql checked, record: incitationflood by YTB_XxKarnageXx to 1496425870
02-06-17 22:35:41 [INFO] [OctoBans] ytb_xxkarnagexx sql checked, record: spamfopen by YTB_XxKarnageXx to 1496512370
02-06-17 22:35:41 [INFO] [OctoBans] ytb_xxkarnagexx sql checked, record: majuscule by YTB_XxKarnageXx to 1496340184
02-06-17 22:35:41 [INFO] [OctoBans] ytb_xxkarnagexx sql checked, record: spamfopen by YTB_XxKarnageXx to 1496512424
02-06-17 22:35:41 [INFO] [OctoBans] ytb_xxkarnagexx sql checked, record: faussesinfos by YTB_XxKarnageXx to 1496426088
02-06-17 22:35:41 [INFO] [OctoBans] ytb_xxkarnagexx sql checked, record: majuscule by YTB_XxKarnageXx to 1496340347
02-06-17 22:35:41 [INFO] [OctoBans] ytb_xxkarnagexx sql checked, record: majuscule by YTB_XxKarnageXx to 1496341412
02-06-17 22:35:41 [INFO] [OctoBans] ytb_xxkarnagexx sql checked, record: majuscule by YTB_XxKarnageXx to 1496340827
02-06-17 22:35:41 [INFO] [OctoBans] ytb_xxkarnagexx sql checked, record: majuscule by YTB_XxKarnageXx to 1496343861
02-06-17 22:35:41 [INFO] [OctoBans] ytb_xxkarnagexx sql checked, record: doubleposte by YTB_XxKarnageXx to 1496340663
02-06-17 22:35:41 [INFO] [OctoBans] ytb_xxkarnagexx sql checked, record: doubleposte by YTB_XxKarnageXx to 1496341353
02-06-17 22:35:41 [INFO] [OctoBans] ytb_xxkarnagexx sql checked, record: spam by YTB_XxKarnageXx to 1496344157
02-06-17 22:35:41 [INFO] [OctoBans] ytb_xxkarnagexx sql checked, record: doubleposte by YTB_XxKarnageXx to 1496340886
02-06-17 22:35:41 [INFO] [OctoBans] ytb_xxkarnagexx sql checked, record: doubleposte by YTB_XxKarnageXx to 1496340982
02-06-17 22:35:41 [INFO] [OctoBans] ytb_xxkarnagexx sql checked, record: provocation by YTB_XxKarnageXx to 1496341079
02-06-17 22:35:41 [INFO] [OctoBans] ytb_xxkarnagexx sql checked, record: spam by YTB_XxKarnageXx to 1496348022
02-06-17 22:35:41 [INFO] [OctoBans] ytb_xxkarnagexx sql checked, record: majuscule by YTB_XxKarnageXx to 1496341651
02-06-17 22:35:41 [INFO] [OctoBans] ytb_xxkarnagexx sql checked, record: provocation by YTB_XxKarnageXx to 1496341401
02-06-17 22:35:41 [INFO] [OctoBans] ytb_xxkarnagexx sql checked, record: spam by YTB_XxKarnageXx to 1496348361
02-06-17 22:35:41 [INFO] [OctoBans] ytb_xxkarnagexx sql checked, record: doubleposte by YTB_XxKarnageXx to 1496343140
02-06-17 22:35:41 [INFO] [OctoBans] ytb_xxkarnagexx sql checked, record: majuscule by YTB_XxKarnageXx to 1496343449
02-06-17 22:35:41 [INFO] [OctoBans] ytb_xxkarnagexx sql checked, record: insultegrave by YTB_XxKarnageXx to 1496377670
02-06-17 22:35:41 [INFO] [OctoBans] ytb_xxkarnagexx sql checked, record: provocation by YTB_XxKarnageXx to 1496343045
02-06-17 22:35:41 [INFO] [OctoBans] ytb_xxkarnagexx sql checked, record: doubleposte by YTB_XxKarnageXx to 1496342274
02-06-17 22:35:41 [INFO] [OctoBans] ytb_xxkarnagexx sql checked, record: insultegrave by YTB_XxKarnageXx to 1496378116
02-06-17 22:35:41 [INFO] [OctoBans] ytb_xxkarnagexx sql checked, record: provocation by YTB_XxKarnageXx to 1496342594
02-06-17 22:35:41 [INFO] [OctoBans] ytb_xxkarnagexx sql checked, record: doubleposte by YTB_XxKarnageXx to 1496342914
02-06-17 22:35:41 [INFO] [OctoBans] ytb_xxkarnagexx sql checked, record: spammp by YTB_XxKarnageXx to -1
02-06-17 22:35:41 [INFO] [OctoBans] ytb_xxkarnagexx sql checked, record: langage by YTB_XxKarnageXx to 1496343645
02-06-17 22:35:41 [INFO] [OctoBans] ytb_xxkarnagexx sql checked, record: doubleposte by YTB_XxKarnageXx to 1496343056
02-06-17 22:35:41 [INFO] [OctoBans] ytb_xxkarnagexx sql checked, record: langage by YTB_XxKarnageXx to 1496345772
02-06-17 22:35:41 [INFO] [OctoBans] ytb_xxkarnagexx sql checked, record: provocation by YTB_XxKarnageXx to 1496346116
02-06-17 22:35:41 [INFO] [OctoBans] ytb_xxkarnagexx sql checked, record: langage by YTB_XxKarnageXx to 1496346074
02-06-17 22:35:41 [INFO] [OctoBans] ytb_xxkarnagexx sql checked, record: langage by YTB_XxKarnageXx to 1496348194
02-06-17 22:35:41 [INFO] [OctoBans] ytb_xxkarnagexx sql checked, record: majuscule by YTB_XxKarnageXx to 1496347183
02-06-17 22:35:41 [INFO] [OctoBans] ytb_xxkarnagexx sql checked, record: doubleposte by YTB_XxKarnageXx to 1496347844
02-06-17 22:35:41 [INFO] [OctoBans] ytb_xxkarnagexx sql checked, record: majuscule by YTB_XxKarnageXx to 1496348499
02-06-17 22:35:41 [INFO] [OctoBans] ytb_xxkarnagexx sql checked, record: doubleposte by YTB_XxKarnageXx to 1496347227
02-06-17 22:35:41 [INFO] [OctoBans] ytb_xxkarnagexx sql checked, record: spam by YTB_XxKarnageXx to 1496352801
02-06-17 22:35:41 [INFO] [OctoBans] ytb_xxkarnagexx sql checked, record: spam by YTB_XxKarnageXx to 1496356409
02-06-17 22:35:41 [INFO] [OctoBans] ytb_xxkarnagexx sql checked, record: doubleposte by YTB_XxKarnageXx to 1496349553
02-06-17 22:35:41 [INFO] [OctoBans] ytb_xxkarnagexx sql checked, record: doubleposte by YTB_XxKarnageXx to 1496353198
02-06-17 22:35:41 [INFO] [OctoBans] ytb_xxkarnagexx sql checked, record: majuscule by YTB_XxKarnageXx to 1496353455
02-06-17 22:35:41 [INFO] [OctoBans] ytb_xxkarnagexx sql checked, record: langage by YTB_XxKarnageXx to 1496354061
02-06-17 22:35:41 [INFO] [OctoBans] ytb_xxkarnagexx sql checked, record: doubleposte by YTB_XxKarnageXx to 1496353300
02-06-17 22:35:41 [INFO] [OctoBans] ytb_xxkarnagexx sql checked, record: langage by YTB_XxKarnageXx to 1496353718
02-06-17 22:35:41 [INFO] [OctoBans] ytb_xxkarnagexx sql checked, record: langage by YTB_XxKarnageXx to 1496354320
02-06-17 22:35:41 [INFO] [OctoBans] ytb_xxkarnagexx sql checked, record: provocation by YTB_XxKarnageXx to 1496353571
02-06-17 22:35:41 [INFO] [OctoBans] ytb_xxkarnagexx sql checked, record: provocation by YTB_XxKarnageXx to 1496353592
02-06-17 22:35:41 [INFO] [OctoBans] ytb_xxkarnagexx sql checked, record: homophobie by YTB_XxKarnageXx to 1496440507
02-06-17 22:35:41 [INFO] [OctoBans] ytb_xxkarnagexx sql checked, record: spammp by YTB_XxKarnageXx to -1
02-06-17 22:35:41 [INFO] [OctoBans] ytb_xxkarnagexx sql checked, record: menacehack by YTB_XxKarnageXx to 1496613694
02-06-17 22:35:41 [INFO] [OctoBans] ytb_xxkarnagexx sql checked, record: spam by YTB_XxKarnageXx to 1496358550
02-06-17 22:35:41 [INFO] [OctoBans] ytb_xxkarnagexx sql checked, record: insultegrave by YTB_XxKarnageXx to 1496390970
02-06-17 22:35:41 [INFO] [OctoBans] ytb_xxkarnagexx sql checked, record: provocation by YTB_XxKarnageXx to 1496356790
02-06-17 22:35:41 [INFO] [OctoBans] ytb_xxkarnagexx sql checked, record: tpkill by YTB_XxKarnageXx to 1496442107
02-06-17 22:35:41 [INFO] [OctoBans] ytb_xxkarnagexx sql checked, record: spam by YTB_XxKarnageXx to 1496360788
02-06-17 22:35:41 [INFO] [OctoBans] ytb_xxkarnagexx sql checked, record: majuscule by YTB_XxKarnageXx to 1496359199
02-06-17 22:35:41 [INFO] [OctoBans] ytb_xxkarnagexx sql checked, record: spammp by YTB_XxKarnageXx to -1
02-06-17 22:35:41 [INFO] [OctoBans] ytb_xxkarnagexx sql checked, record: langage by YTB_XxKarnageXx to 1496393061
02-06-17 22:35:41 [INFO] [OctoBans] ytb_xxkarnagexx sql checked, record: doubleposte by YTB_XxKarnageXx to 1496396472
02-06-17 22:35:41 [INFO] [OctoBans] ytb_xxkarnagexx sql checked, record: insultegrave by YTB_XxKarnageXx to 1496432326
02-06-17 22:35:41 [INFO] [OctoBans] ytb_xxkarnagexx sql checked, record: doubleposte by YTB_XxKarnageXx to 1496397516
02-06-17 22:35:41 [INFO] [OctoBans] ytb_xxkarnagexx sql checked, record: langage by YTB_XxKarnageXx to 1496398336
02-06-17 22:35:41 [INFO] [OctoBans] ytb_xxkarnagexx sql checked, record: langage by YTB_XxKarnageXx to 1496398718
02-06-17 22:35:41 [INFO] [OctoBans] ytb_xxkarnagexx sql checked, record: majuscule by YTB_XxKarnageXx to 1496400051
02-06-17 22:35:41 [INFO] [OctoBans] ytb_xxkarnagexx sql checked, record: doubleposte by YTB_XxKarnageXx to 1496399327
02-06-17 22:35:41 [INFO] [OctoBans] ytb_xxkarnagexx sql checked, record: doubleposte by YTB_XxKarnageXx to 1496400572
02-06-17 22:35:41 [INFO] [OctoBans] ytb_xxkarnagexx sql checked, record: tpkill by YTB_XxKarnageXx to 1496487193
02-06-17 22:35:41 [INFO] [OctoBans] ytb_xxkarnagexx sql checked, record: langage by YTB_XxKarnageXx to 1496402205
02-06-17 22:35:41 [INFO] [OctoBans] ytb_xxkarnagexx sql checked, record: majuscule by YTB_XxKarnageXx to 1496401660
02-06-17 22:35:41 [INFO] [OctoBans] ytb_xxkarnagexx sql checked, record: pubyt by YTB_XxKarnageXx to 1496404937
02-06-17 22:35:41 [INFO] [OctoBans] ytb_xxkarnagexx sql checked, record: tpkill by YTB_XxKarnageXx to 1496487826
02-06-17 22:35:41 [INFO] [OctoBans] ytb_xxkarnagexx sql checked, record: doubleposte by YTB_XxKarnageXx to 1496402965
02-06-17 22:35:41 [INFO] [OctoBans] ytb_xxkarnagexx sql checked, record: langage by YTB_XxKarnageXx to 1496402750
02-06-17 22:35:41 [INFO] [OctoBans] ytb_xxkarnagexx sql checked, record: doubleposte by YTB_XxKarnageXx to 1496402949
02-06-17 22:35:41 [INFO] [OctoBans] ytb_xxkarnagexx sql checked, record: insultelegere by YTB_XxKarnageXx to 1496403327
02-06-17 22:35:41 [INFO] [OctoBans] ytb_xxkarnagexx sql checked, record: doubleposte by YTB_XxKarnageXx to 1496403378
02-06-17 22:35:41 [INFO] [OctoBans] ytb_xxkarnagexx sql checked, record: doubleposte by YTB_XxKarnageXx to 1496404335
02-06-17 22:35:41 [INFO] [OctoBans] ytb_xxkarnagexx sql checked, record: spam by YTB_XxKarnageXx to 1496410587
02-06-17 22:35:41 [INFO] [OctoBans] ytb_xxkarnagexx sql checked, record: doubleposte by YTB_XxKarnageXx to 1496412110
02-06-17 22:35:41 [INFO] [OctoBans] ytb_xxkarnagexx sql checked, record: spam by YTB_XxKarnageXx to 1496420831
02-06-17 22:35:41 [INFO] [OctoBans] ytb_xxkarnagexx sql checked, record: langage by YTB_XxKarnageXx to 1496412556
02-06-17 22:35:41 [INFO] [OctoBans] ytb_xxkarnagexx sql checked, record: langage by YTB_XxKarnageXx to 1496411430
02-06-17 22:35:41 [INFO] [OctoBans] ytb_xxkarnagexx sql checked, record: insultelegere by YTB_XxKarnageXx to 1496412020
02-06-17 22:35:41 [INFO] [OctoBans] ytb_xxkarnagexx sql checked, record: incitationflood by YTB_XxKarnageXx to 1496497562
02-06-17 22:35:41 [INFO] [OctoBans] ytb_xxkarnagexx sql checked, record: homophobie by YTB_XxKarnageXx to 1496497614
02-06-17 22:35:41 [INFO] [OctoBans] ytb_xxkarnagexx sql checked, record: provocation by YTB_XxKarnageXx to 1496412231
02-06-17 22:35:41 [INFO] [OctoBans] ytb_xxkarnagexx sql checked, record: provocation by YTB_XxKarnageXx to 1496412821
02-06-17 22:35:41 [INFO] [OctoBans] ytb_xxkarnagexx sql checked, record: doubleposte by YTB_XxKarnageXx to 1496413816
02-06-17 22:35:41 [INFO] [OctoBans] ytb_xxkarnagexx sql checked, record: majuscule by YTB_XxKarnageXx to 1496414109
02-06-17 22:35:41 [INFO] [OctoBans] ytb_xxkarnagexx sql checked, record: spam by YTB_XxKarnageXx to 1496417130
02-06-17 22:35:41 [INFO] [OctoBans] ytb_xxkarnagexx sql checked, record: insultegrave by YTB_XxKarnageXx to 1496449858
02-06-17 22:35:41 [INFO] [OctoBans] ytb_xxkarnagexx sql checked, record: doubleposte by YTB_XxKarnageXx to 1496415155
02-06-17 22:35:41 [INFO] [OctoBans] ytb_xxkarnagexx sql checked, record: langage by YTB_XxKarnageXx to 1496414929
02-06-17 22:35:41 [INFO] [OctoBans] ytb_xxkarnagexx sql checked, record: provocation by YTB_XxKarnageXx to 1496415909
02-06-17 22:35:41 [INFO] [OctoBans] ytb_xxkarnagexx sql checked, record: langage by YTB_XxKarnageXx to 1496417426
02-06-17 22:35:41 [INFO] [OctoBans] ytb_xxkarnagexx sql checked, record: spam by YTB_XxKarnageXx to 1496418804
02-06-17 22:35:41 [INFO] [OctoBans] ytb_xxkarnagexx sql checked, record: pubyt by YTB_XxKarnageXx to 1496419166
02-06-17 22:35:41 [INFO] [OctoBans] ytb_xxkarnagexx sql checked, record: provocation by YTB_XxKarnageXx to 1496416206
02-06-17 22:35:41 [INFO] [OctoBans] ytb_xxkarnagexx sql checked, record: doubleposte by YTB_XxKarnageXx to 1496416072
02-06-17 22:35:41 [INFO] [OctoBans] ytb_xxkarnagexx sql checked, record: insultegrave by YTB_XxKarnageXx to 1496452923
02-06-17 22:35:41 [INFO] [OctoBans] ytb_xxkarnagexx sql checked, record: majuscule by YTB_XxKarnageXx to 1496417791
02-06-17 22:35:41 [INFO] [OctoBans] ytb_xxkarnagexx sql checked, record: majuscule by YTB_XxKarnageXx to 1496418600
02-06-17 22:35:41 [INFO] [OctoBans] ytb_xxkarnagexx sql checked, record: spam by YTB_XxKarnageXx to 1496421143
02-06-17 22:35:41 [INFO] [OctoBans] ytb_xxkarnagexx sql checked, record: majuscule by YTB_XxKarnageXx to 1496418605
02-06-17 22:35:41 [INFO] [OctoBans] ytb_xxkarnagexx sql checked, record: majuscule by YTB_XxKarnageXx to 1496418751
02-06-17 22:35:41 [INFO] [OctoBans] ytb_xxkarnagexx sql checked, record: majuscule by YTB_XxKarnageXx to 1496419997
02-06-17 22:35:41 [INFO] [OctoBans] ytb_xxkarnagexx sql checked, record: doubleposte by YTB_XxKarnageXx to 1496418520
02-06-17 22:35:41 [INFO] [OctoBans] ytb_xxkarnagexx sql checked, record: majuscule by YTB_XxKarnageXx to 1496419471
02-06-17 22:35:41 [INFO] [OctoBans] ytb_xxkarnagexx sql checked, record: doubleposte by YTB_XxKarnageXx to 1496418581
02-06-17 22:35:41 [INFO] [OctoBans] ytb_xxkarnagexx sql checked, record: spam by YTB_XxKarnageXx to 1496421937
02-06-17 22:35:41 [INFO] [OctoBans] ytb_xxkarnagexx sql checked, record: insultegrave by YTB_XxKarnageXx to 1496454492
02-06-17 22:35:41 [INFO] [OctoBans] ytb_xxkarnagexx sql checked, record: spam by YTB_XxKarnageXx to 1496425839
02-06-17 22:35:41 [INFO] [OctoBans] ytb_xxkarnagexx sql checked, record: provocation by YTB_XxKarnageXx to 1496419686
02-06-17 22:35:41 [INFO] [OctoBans] ytb_xxkarnagexx sql checked, record: doubleposte by YTB_XxKarnageXx to 1496420095
02-06-17 22:35:41 [INFO] [OctoBans] ytb_xxkarnagexx sql checked, record: majuscule by YTB_XxKarnageXx to 1496420755
02-06-17 22:35:41 [INFO] [OctoBans] ytb_xxkarnagexx sql checked, record: doubleposte by YTB_XxKarnageXx to 1496419653
02-06-17 22:35:41 [INFO] [OctoBans] ytb_xxkarnagexx sql checked, record: doubleposte by YTB_XxKarnageXx to 1496419553
02-06-17 22:35:41 [INFO] [OctoBans] ytb_xxkarnagexx sql checked, record: langage by YTB_XxKarnageXx to 1496420078
02-06-17 22:35:41 [INFO] [OctoBans] ytb_xxkarnagexx sql checked, record: doubleposte by YTB_XxKarnageXx to 1496423858
02-06-17 22:35:41 [INFO] [OctoBans] ytb_xxkarnagexx sql checked, record: majuscule by YTB_XxKarnageXx to 1496424890
02-06-17 22:35:41 [INFO] [OctoBans] ytb_xxkarnagexx sql checked, record: langage by YTB_XxKarnageXx to 1496424687
02-06-17 22:35:41 [INFO] [OctoBans] ytb_xxkarnagexx sql checked, record: doubleposte by YTB_XxKarnageXx to 1496424856
02-06-17 22:35:41 [INFO] [OctoBans] ytb_xxkarnagexx sql checked, record: spam by YTB_XxKarnageXx to 1496428418
02-06-17 22:35:41 [INFO] [OctoBans] ytb_xxkarnagexx sql checked, record: langage by YTB_XxKarnageXx to 1496425451
02-06-17 22:35:41 [INFO] [OctoBans] ytb_xxkarnagexx sql checked, record: insulte by YTB_XxKarnageXx to 1496427575
02-06-17 22:35:41 [INFO] [OctoBans] ytb_xxkarnagexx sql checked, record: doubleposte by YTB_XxKarnageXx to 1496425513
02-06-17 22:35:41 [INFO] [OctoBans] ytb_xxkarnagexx sql checked, record: majuscule by YTB_XxKarnageXx to 1496426287
02-06-17 22:35:41 [INFO] [OctoBans] ytb_xxkarnagexx sql checked, record: spam by YTB_XxKarnageXx to 1496428858
02-06-17 22:35:41 [INFO] [OctoBans] ytb_xxkarnagexx sql checked, record: faussesinfos by YTB_XxKarnageXx to 1496511873
02-06-17 22:35:41 [INFO] [OctoBans] ytb_xxkarnagexx sql checked, record: doubleposte by YTB_XxKarnageXx to 1496427117
02-06-17 22:35:41 [INFO] [OctoBans] ytb_xxkarnagexx sql checked, record: faussesinfos by YTB_XxKarnageXx to 1496513353
02-06-17 22:35:41 [INFO] [OctoBans] ytb_xxkarnagexx sql checked, record: insultegrave by YTB_XxKarnageXx to 1496500357
02-06-17 22:35:41 [INFO] [OctoBans] ytb_xxkarnagexx sql checked, record: doubleposte by YTB_XxKarnageXx to 1496430268
02-06-17 22:35:41 [INFO] [OctoBans] ytb_xxkarnagexx sql checked, record: doubleposte by YTB_XxKarnageXx to 1496431368
02-06-17 22:35:41 [INFO] [OctoBans] ytb_xxkarnagexx sql checked, record: insultestaff by YTB_XxKarnageXx to 1496468985
02-06-17 22:35:41 [INFO] [OctoBans] ytb_xxkarnagexx sql checked, record: spam by YTB_XxKarnageXx to 1496436609
02-06-17 22:35:41 [INFO] [OctoBans] ytb_xxkarnagexx sql checked, record: majuscule by YTB_XxKarnageXx to 1496433816
02-06-17 22:35:41 [INFO] [OctoBans] ytb_xxkarnagexx sql checked, record: doubleposte by YTB_XxKarnageXx to 1496434682
02-06-17 22:35:41 [INFO] [OctoBans] ytb_xxkarnagexx sql checked, record: majuscule by YTB_XxKarnageXx to 1496436756
02-06-17 22:35:41 [INFO] [OctoBans] ytb_xxkarnagexx sql checked, record: majuscule by YTB_XxKarnageXx to 1496435724
02-06-17 22:35:41 [INFO] [OctoBans] ytb_xxkarnagexx sql checked, record: doubleposte by YTB_XxKarnageXx to 1496435522
02-06-17 22:35:41 [INFO] [OctoBans] ytb_xxkarnagexx sql checked, record: doubleposte by YTB_XxKarnageXx to 1496435643
02-06-17 22:35:41 [INFO] [OctoBans] ytb_xxkarnagexx sql checked, record: doubleposte by YTB_XxKarnageXx to 1496436044
02-06-17 22:35:41 [INFO] [OctoBans] ytb_xxkarnagexx sql checked, record: doubleposte by YTB_XxKarnageXx to 1496436122
02-06-17 22:35:41 [INFO] [OctoBans] ytb_xxkarnagexx sql checked, record: spammp by YTB_XxKarnageXx to -1
02-06-17 22:35:41 [INFO] [OctoBans] ytb_xxkarnagexx sql checked, record: doubleposte by YTB_XxKarnageXx to 1496435942
02-06-17 22:35:50 [INFO] [OctoBans] Forway punished apsgirl for: Majuscule
02-06-17 22:37:56 [INFO] [OctoBans] weezy sql checked, record: kickautre by Steph078 to -1
02-06-17 22:38:13 [INFO] [OctoBans] kanekiiiii sql checked, record: kickautre by Steph078 to -1
02-06-17 22:38:13 [INFO] [OctoBans] kanekiiiii sql checked, record: spammp by Remil to -1
02-06-17 22:38:13 [INFO] [OctoBans] kanekiiiii sql checked, record: spammp by Remil to -1
02-06-17 22:45:39 [INFO] [OctoBans] YTB_XxKarnageXx punished yassyass123 for: Double Poste
02-06-17 22:48:23 [INFO] [OctoBans] tipi201 sql checked, record: kickautre by ZerKup to -1
02-06-17 22:49:00 [INFO] [OctoBans] Remil punished pepsicoca for: Double Poste
02-06-17 22:49:15 [INFO] [OctoBans] imdylan sql checked, record: spammp by SnowEffect to -1
02-06-17 22:49:57 [INFO] [OctoBans] surprisesxx sql checked, record: spammp by SkyKosIV to -1
02-06-17 22:52:34 [INFO] [OctoBans] D3adOrSnipSurYTB punished lois_rvl for: Double Poste
02-06-17 22:55:00 [INFO] [OctoBans] shouteur sql checked, record: spammp by Remil to -1
02-06-17 22:55:15 [INFO] [OctoBans] SuperJojo punished samybg for: Double Poste
02-06-17 22:56:39 [INFO] [OctoBans] SuperJojo punished evann95 for: Double Poste
02-06-17 22:57:05 [INFO] [OctoBans] YTB_XxKarnageXx punished by_fayth for: Langage incorrect
02-06-17 22:58:14 [INFO] [OctoBans] ext4zzy sql checked, record: spammp by Remil to -1
02-06-17 22:58:14 [INFO] [OctoBans] ext4zzy sql checked, record: spammp by Remil to -1
02-06-17 22:58:14 [INFO] [OctoBans] ext4zzy sql checked, record: spammp by Remil to -1
02-06-17 22:58:14 [INFO] [OctoBans] ext4zzy sql checked, record: spammp by SuperJojo to -1
02-06-17 22:59:26 [INFO] [OctoBans] YTB_XxKarnageXx punished pixels_pvp for: Double Poste
02-06-17 22:59:44 [INFO] [OctoBans] SuperJojo punished supertootoo for: Langage incorrect
02-06-17 23:02:21 [INFO] [OctoBans] SuperJojo punished crazy_pvp for: Double Poste
02-06-17 23:02:30 [INFO] [OctoBans] D3adOrSnipSurYTB punished olio for: Spam/flood
02-06-17 23:03:47 [INFO] [OctoBans] SuperJojo punished zlkayzen for: Insulte staff
02-06-17 23:03:57 [INFO] [OctoBans] SuperJojo punished drossven for: Majuscule
02-06-17 23:04:20 [INFO] [OctoBans] bouda sql checked, record: kickautre by Steph078 to -1
02-06-17 23:04:27 [INFO] [OctoBans] mgk_tozzzz sql checked, record: spammp by SnowEffect to -1
02-06-17 23:06:00 [INFO] [OctoBans] Forway punished grm25 for: Double Poste
02-06-17 23:06:06 [INFO] [OctoBans] SuperJojo punished matgone01 for: Spam/flood
02-06-17 23:06:39 [INFO] [OctoBans] superfilleciel sql checked, record: kickautre by Steph078 to -1
02-06-17 23:06:39 [INFO] [OctoBans] superfilleciel sql checked, record: spammp by Remil to -1
02-06-17 23:06:39 [INFO] [OctoBans] superfilleciel sql checked, record: spammp by Remil to -1
02-06-17 23:06:39 [INFO] [OctoBans] superfilleciel sql checked, record: spammp by Remil to -1
02-06-17 23:06:59 [INFO] [OctoBans] Remil punished black_snow for: Double Poste
02-06-17 23:07:29 [INFO] [OctoBans] Remil punished i_waze for: Spam/flood
02-06-17 23:08:27 [INFO] [OctoBans] ocip_matth sql checked, record: spammp by ZerKup to -1
02-06-17 23:08:27 [INFO] [OctoBans] ocip_matth sql checked, record: spammp by SuperJojo to -1
02-06-17 23:08:27 [INFO] [OctoBans] ocip_matth sql checked, record: kickautre by Steph078 to -1
02-06-17 23:08:41 [INFO] [OctoBans] Steph078 punished apsgirl for: Spam/flood
02-06-17 23:08:48 [INFO] [OctoBans] acos79 sql checked, record: spammp by YTB_XxKarnageXx to -1
02-06-17 23:08:48 [INFO] [OctoBans] acos79 sql checked, record: spammp by Steph078 to -1
02-06-17 23:10:33 [INFO] [OctoBans] xxbossteamxx sql checked, record: spammp by SuperJojo to -1
02-06-17 23:13:32 [INFO] [OctoBans] 120403jean sql checked, record: spammp by Remil to -1
02-06-17 23:15:13 [INFO] [OctoBans] logandu39 sql checked, record: insultestaff by YTB_XxKarnageXx to 1496468985
02-06-17 23:16:04 [INFO] [OctoBans] killer0710 sql checked, record: insultegrave by YTB_XxKarnageXx to 1496500357
02-06-17 23:18:07 [INFO] [OctoBans] Steph078 punished ytb_xxkarnagexx for: Raison inconnue
02-06-17 23:18:41 [INFO] [OctoBans] Steph078 punished zerkup for: Raison inconnue
02-06-17 23:18:46 [INFO] [OctoBans] Remil punished yassyass123 for: Spam/flood
02-06-17 23:18:50 [INFO] [OctoBans] Remil punished minethuglife for: Insulte
02-06-17 23:19:02 [INFO] [OctoBans] SuperJojo punished crazy_pvp for: Langage incorrect
02-06-17 23:19:05 [INFO] [OctoBans] SkyKosIV punished xxbossteamxx for: Spam/flood
02-06-17 23:19:12 [INFO] [OctoBans] YTB_XxKarnageXx punished batte for: Provocation
02-06-17 23:19:12 [INFO] [OctoBans] SuperJojo punished zacharymisi for: Insulte
02-06-17 23:19:13 [INFO] [OctoBans] Remil punished azrod59 for: Double Poste
02-06-17 23:19:17 [INFO] [OctoBans] YTB_XxKarnageXx punished azlord11 for: Spam/flood
02-06-17 23:19:18 [INFO] [OctoBans] SuperJojo punished saminator for: Langage incorrect
02-06-17 23:19:26 [INFO] [OctoBans] Remil punished xx_volrod_xx for: Insulte
02-06-17 23:19:29 [INFO] [OctoBans] SkyKosIV punished xxbossteamxx for: Spam/flood en MP
02-06-17 23:19:32 [INFO] [OctoBans] YTB_XxKarnageXx punished simyasuoplayer for: Spam/flood
02-06-17 23:19:47 [INFO] [OctoBans] SuperJojo punished xx_volrod_xx for: Insulte grave
02-06-17 23:19:59 [INFO] [OctoBans] SuperJojo punished vendeur2kebab for: Double Poste
02-06-17 23:20:05 [INFO] [OctoBans] Forway punished vendeur2singe for: Double Poste
02-06-17 23:20:17 [INFO] [OctoBans] SuperJojo punished yayaninis for: Majuscule
02-06-17 23:20:22 [INFO] [OctoBans] SuperJojo punished lakikoo for: Majuscule
02-06-17 23:20:48 [INFO] [OctoBans] SuperJojo punished xruptors for: Spam/flood
02-06-17 23:21:22 [INFO] [OctoBans] ZerKup punished superfilleciel for: Fausses informations
02-06-17 23:23:04 [INFO] [OctoBans] Forway punished darko782 for: Spam/flood
02-06-17 23:24:26 [INFO] [OctoBans] YTB_XxKarnageXx punished whiteswand for: Double Poste
02-06-17 23:25:30 [INFO] [OctoBans] ZerKup punished lame_diablo for: Double Poste
02-06-17 23:26:00 [INFO] [OctoBans] Steph078 punished singe_de_telfort for: Raison inconnue
02-06-17 23:27:20 [INFO] [OctoBans] chaser sql checked, record: homophobie by YTB_XxKarnageXx to 1496497614
02-06-17 23:29:03 [INFO] [OctoBans] Forway punished mr_so6 for: Spam/flood
02-06-17 23:32:01 [INFO] [OctoBans] whiskass sql checked, record: spammp by SuperJojo to -1
02-06-17 23:32:01 [INFO] [OctoBans] whiskass sql checked, record: insultegrave by YTB_XxKarnageXx to 1496452923
02-06-17 23:33:29 [INFO] [OctoBans] mehdi1 sql checked, record: faussesinfos by Remil to 1496516456
02-06-17 23:34:51 [INFO] [OctoBans] Forway punished batte for: Provocation
02-06-17 23:35:03 [INFO] [OctoBans] Steph078 punished sipha for: Fausses informations
02-06-17 23:35:41 [INFO] [OctoBans] Remil punished lois_rvl for: Spam/flood en MP
02-06-17 23:36:24 [INFO] [OctoBans] Steph078 punished sipha for: Majuscule
02-06-17 23:36:37 [INFO] [OctoBans] nicerush sql checked, record: menacehack by SuperJojo to 1496495262
02-06-17 23:38:32 [INFO] [OctoBans] Forway punished akazede for: Majuscule
02-06-17 23:41:45 [INFO] [OctoBans] Forway punished sachat5 for: Majuscule
02-06-17 23:43:27 [INFO] [OctoBans] SkyKosIV punished teddy2502 for: Spam/flood en MP
02-06-17 23:43:36 [INFO] [OctoBans] SkyKosIV punished shadowspark for: Spam/flood
02-06-17 23:43:39 [INFO] [OctoBans] Remil punished mrdiablo74 for: Spam/flood
02-06-17 23:48:33 [INFO] [OctoBans] by_sneak sql checked, record: spammp by SkyKosIV to -1
02-06-17 23:49:00 [INFO] [OctoBans] Forway punished solidrobot for: Spam/flood
02-06-17 23:50:39 [INFO] [OctoBans] Forway punished saminator for: Double Poste
02-06-17 23:51:18 [INFO] [OctoBans] ZerKup punished azizlapoite for: Double Poste
02-06-17 23:51:35 [INFO] [OctoBans] _serlonix sql checked, record: kickautre by ZerKup to -1
02-06-17 23:52:23 [INFO] [OctoBans] ZerKup punished crimoz91 for: Insulte grave
02-06-17 23:52:30 [INFO] [OctoBans] ZerKup punished simbadu43 for: Double Poste
02-06-17 23:54:35 [INFO] [OctoBans] Remil punished skyizi91 for: Majuscule
02-06-17 23:55:02 [INFO] [OctoBans] ZerKup punished lois_rvl for: Double Poste
03-06-17 00:00:04 [INFO] [OctoBans] SkyKosIV punished grenados88 for: Double Poste
03-06-17 00:01:10 [INFO] [OctoBans] Forway punished frogiel for: Langage incorrect
03-06-17 00:03:06 [INFO] [OctoBans] TwYz__ punished erisium_panda for: Double Poste
03-06-17 00:03:17 [INFO] [OctoBans] TwYz__ punished erisium_ethan for: Double Poste
03-06-17 00:14:09 [INFO] [OctoBans] D3adOrSnipSurYTB punished neeskof for: Majuscule
03-06-17 00:19:24 [INFO] [OctoBans] D3adOrSnipSurYTB punished shadowspark2 for: Double Poste
03-06-17 00:22:04 [INFO] [OctoBans] D3adOrSnipSurYTB punished kevdacosta for: Double Poste
03-06-17 00:22:56 [INFO] [OctoBans] tipi201 punished force_pst for: Double Poste
03-06-17 00:23:19 [INFO] [OctoBans] tipi201 punished antocraft for: Double Poste
03-06-17 00:27:18 [INFO] [OctoBans] D3adOrSnipSurYTB punished vendeur2singe for: Double Poste
03-06-17 00:27:27 [INFO] [OctoBans] D3adOrSnipSurYTB punished shadowspark2 for: Double Poste
03-06-17 00:27:32 [INFO] [OctoBans] D3adOrSnipSurYTB punished minethuglife for: Majuscule
03-06-17 00:32:06 [INFO] [OctoBans] TwYz__ punished magickzz for: Majuscule
03-06-17 00:32:25 [INFO] [OctoBans] D3adOrSnipSurYTB punished evildragons for: Spam/flood
03-06-17 00:33:52 [INFO] [OctoBans] D3adOrSnipSurYTB punished crimoz91 for: Insulte grave
03-06-17 00:36:46 [INFO] [OctoBans] D3adOrSnipSurYTB punished iszertick for: Majuscule
03-06-17 00:40:55 [INFO] [OctoBans] Steph078 punished dodole1 for: Double Poste
03-06-17 00:44:19 [INFO] [OctoBans] liltossman41 sql checked, record: spammp by Remil to -1
03-06-17 00:46:50 [INFO] [OctoBans] Steph078 punished xelf for: Langage incorrect
03-06-17 00:50:03 [INFO] [OctoBans] SkyKosIV punished elkwell for: Double Poste
03-06-17 00:52:09 [INFO] [OctoBans] Remil punished lololaclarinette for: Spam/flood
03-06-17 01:08:41 [INFO] [OctoBans] zlKayzen punished lefifoudu3 for: Majuscule
03-06-17 01:09:02 [INFO] [OctoBans] Remil punished romlcm89 for: Majuscule
03-06-17 01:09:54 [INFO] [OctoBans] zlKayzen punished enzole31 for: Insulte
03-06-17 01:10:02 [INFO] [OctoBans] zlKayzen punished skyizi91 for: Insulte
03-06-17 01:19:50 [INFO] [OctoBans] Remil punished ezpadrille for: Spam/flood
03-06-17 01:23:45 [INFO] [OctoBans] zlKayzen punished samybg for: Double Poste
03-06-17 01:31:23 [INFO] [OctoBans] YTB_XxKarnageXx punished grm25 for: Langage incorrect
03-06-17 01:33:37 [INFO] [OctoBans] _dragibus_ sql checked, record: spammp by Remil to -1
03-06-17 01:33:37 [INFO] [OctoBans] _dragibus_ sql checked, record: spammp by Remil to -1
03-06-17 01:33:37 [INFO] [OctoBans] _dragibus_ sql checked, record: spammp by Remil to -1
03-06-17 01:35:22 [INFO] [OctoBans] Remil punished scorpmanskill for: Langage incorrect
03-06-17 01:36:10 [INFO] [OctoBans] Remil punished 54melih54 for: Spam/flood
03-06-17 01:36:13 [INFO] [OctoBans] Remil punished romlcm89 for: Majuscule
03-06-17 01:38:32 [INFO] [OctoBans] YTB_XxKarnageXx punished mkdarkos for: Double Poste
03-06-17 01:52:35 [INFO] [OctoBans] YTB_XxKarnageXx punished dodole1 for: Majuscule
03-06-17 01:53:19 [INFO] [OctoBans] YTB_XxKarnageXx punished minimodo for: Double Poste
03-06-17 01:55:58 [INFO] [OctoBans] Steph078 punished azenpvp for: Spam/flood
03-06-17 02:02:10 [INFO] [OctoBans] Remil punished ocip_matth for: Double Poste
03-06-17 02:03:44 [INFO] [OctoBans] YTB_XxKarnageXx punished progameraam for: Double Poste
03-06-17 02:04:54 [INFO] [OctoBans] zlKayzen punished siplyoyt for: Double Poste
03-06-17 02:11:24 [INFO] [OctoBans] YTB_XxKarnageXx punished minimodo for: Double Poste
03-06-17 02:13:16 [INFO] [OctoBans] gamix_yt sql checked, record: spammp by SkyKosIV to -1
03-06-17 02:13:16 [INFO] [OctoBans] gamix_yt sql checked, record: spammp by Steph078 to -1
03-06-17 02:13:21 [INFO] [OctoBans] YTB_XxKarnageXx punished gamix_yt for: Insulte grave
03-06-17 02:16:44 [INFO] [OctoBans] YTB_XxKarnageXx punished ncisenzo for: Majuscule
03-06-17 02:18:20 [INFO] [OctoBans] Remil punished lame_diablo for: Double Poste
03-06-17 02:33:41 [INFO] [OctoBans] SuperJojo punished lepinguoingamer for: Majuscule
03-06-17 02:35:11 [INFO] [OctoBans] Steph078 punished blackpvp978655 for: Publicit Youtubeur
03-06-17 02:37:29 [INFO] [OctoBans] SuperJojo punished ectaure for: Majuscule
03-06-17 02:46:36 [INFO] [OctoBans] SuperJojo punished walterwhite for: Majuscule
03-06-17 02:48:32 [INFO] [OctoBans] Steph078 punished oeufdepoule62 for: Insulte staff
03-06-17 02:55:24 [INFO] [OctoBans] Remil punished dodole1 for: Langage incorrect
03-06-17 03:05:43 [INFO] [OctoBans] SuperJojo punished galaxiemonsteur for: Provocation
03-06-17 03:10:15 [INFO] [OctoBans] SuperJojo punished skyizi91 for: Majuscule
03-06-17 03:43:07 [INFO] [OctoBans] SuperJojo punished alae59 for: Double Poste
03-06-17 03:43:36 [INFO] [OctoBans] Steph078 punished xxstarshopxx for: Double Poste
03-06-17 03:44:33 [INFO] [OctoBans] SuperJojo punished singe_de_telfort for: Spam/flood en MP
03-06-17 04:06:29 [INFO] [OctoBans] SuperJojo punished ezpadrille for: Provocation
03-06-17 04:14:44 [INFO] [OctoBans] SuperJojo punished guezmann for: Majuscule
03-06-17 04:15:12 [INFO] [OctoBans] SuperJojo punished neeskof for: Spam/flood
03-06-17 04:18:50 [INFO] [OctoBans] SuperJojo punished mainoff67 for: Double Poste
03-06-17 04:22:36 [INFO] [OctoBans] SuperJojo punished strikewail for: Langage incorrect
03-06-17 04:23:34 [INFO] [OctoBans] SuperJojo punished neeskof for: Spam/flood en MP
03-06-17 04:37:06 [INFO] [OctoBans] SuperJojo punished labigmerguezz for: Double Poste
03-06-17 04:38:14 [INFO] [OctoBans] SuperJojo punished walterwhite for: Spam/flood
03-06-17 04:50:29 [INFO] [OctoBans] strikewail sql checked, record: insultegrave by Forway to 1496533891
03-06-17 04:50:29 [INFO] [OctoBans] strikewail sql checked, record: langage by SuperJojo to 1496459556
03-06-17 04:54:59 [INFO] [OctoBans] SuperJojo punished kiratsuki_ for: Double Poste
03-06-17 06:01:02 [INFO] [OctoBans] Disabling OctoBans v1.0
