12-11-17 22:31:41 [INFO] [OctoBans] File Handler successfully initialized!
12-11-17 22:31:41 [INFO] [OctoBans] SQL connection successfully etablished
12-11-17 22:31:42 [INFO] [OctoBans] Moderator Tools by Octonia.
12-11-17 22:31:46 [INFO] [OctoBans] thelordfirst sql checked, record: spam by OCIP_Matth to 1510526065
12-11-17 22:31:46 [INFO] [OctoBans] shimo_ sql checked, record: insultegrave by Zoseq to 1510645816
12-11-17 22:31:46 [INFO] [OctoBans] marseillekalash sql checked, record: spammp by Gamer09 to -1
12-11-17 22:31:46 [INFO] [OctoBans] marseillekalash sql checked, record: spammp by OCIP_Matth to -1
12-11-17 22:31:46 [INFO] [OctoBans] yeti2001vd sql checked, record: spammp by Frite_Merguez to -1
12-11-17 22:31:46 [INFO] [OctoBans] yeti2001vd sql checked, record: provocation by Zayrox29 to 1510523283
12-11-17 22:31:46 [INFO] [OctoBans] soufian sql checked, record: spammp by WeeZix to -1
12-11-17 22:31:46 [INFO] [OctoBans] mathis81 sql checked, record: spammp by KelianHD to -1
12-11-17 22:31:56 [INFO] [OctoBans] antolo sql checked, record: tpkill by Gamer09 to 1510590913
12-11-17 22:32:03 [INFO] [OctoBans] pepedjo sql checked, record: spammp by NiceFR to -1
12-11-17 22:32:03 [INFO] [OctoBans] pepedjo sql checked, record: spammp by ToXiCz_TV to -1
12-11-17 22:32:26 [INFO] [OctoBans] zphantom7251 sql checked, record: spam by OCIP_Matth to 1510523738
12-11-17 22:32:27 [INFO] [OctoBans] lukas117 sql checked, record: homophobie by Remil to 1510588391
12-11-17 22:32:33 [INFO] [OctoBans] ayken sql checked, record: spammp by KelianHD to -1
12-11-17 22:33:08 [INFO] [OctoBans] the_slash sql checked, record: spammp by pepedjo to -1
12-11-17 22:33:08 [INFO] [OctoBans] the_slash sql checked, record: spam by Remil to 1510534046
12-11-17 22:33:12 [INFO] [OctoBans] pepsicoca sql checked, record: spammp by infinitim to -1
12-11-17 22:33:25 [INFO] [OctoBans] kakakiki sql checked, record: spammp by OCIP_Matth to -1
12-11-17 22:33:25 [INFO] [OctoBans] kakakiki sql checked, record: spammp by NeyTox to -1
12-11-17 22:33:25 [INFO] [OctoBans] kakakiki sql checked, record: insultegrave by OCIP_Matth to 1510561078
12-11-17 22:33:38 [INFO] [OctoBans] mrmafiasnow sql checked, record: spam by Zayrox29 to 1510528921
12-11-17 22:38:47 [INFO] [OctoBans] gameurdumsk sql checked, record: spammp by SkillBOotiiS to -1
12-11-17 22:38:47 [INFO] [OctoBans] gameurdumsk sql checked, record: spammp by SkillBOotiiS to -1
12-11-17 22:38:47 [INFO] [OctoBans] gameurdumsk sql checked, record: spammp by NeyTox to -1
12-11-17 22:51:42 [INFO] [OctoBans] OCIP_Matth punished ytbibossyt for: Double Poste
12-11-17 22:53:24 [INFO] [OctoBans] OCIP_Matth punished porto73 for: Double Poste
12-11-17 23:08:23 [INFO] [OctoBans] _dragibus_ sql checked, record: spammp by FiasK0 to -1
12-11-17 23:09:03 [INFO] [OctoBans] mohamedvi sql checked, record: spammp by Gamer09 to -1
12-11-17 23:13:40 [INFO] [OctoBans] icesword sql checked, record: insultegrave by Zayrox29 to 1510628408
12-11-17 23:21:00 [INFO] [OctoBans] amzgameuse sql checked, record: spammp by OCIP_Matth to -1
12-11-17 23:22:24 [INFO] [OctoBans] ozmog_yt sql checked, record: spammp by Remil to -1
12-11-17 23:22:24 [INFO] [OctoBans] ozmog_yt sql checked, record: spammp by OCIP_Matth to -1
12-11-17 23:22:24 [INFO] [OctoBans] ozmog_yt sql checked, record: spammp by KelianHD to -1
12-11-17 23:25:57 [INFO] [OctoBans] pepedjo punished gameurpcman for: Double Poste
12-11-17 23:32:56 [INFO] [OctoBans] pepedjo punished mgk_tozzzz for: Double Poste
12-11-17 23:42:23 [INFO] [OctoBans] pepedjo punished skybow for: Double Poste
13-11-17 00:04:29 [INFO] [OctoBans] monstergamex7 sql checked, record: spammp by pepedjo to -1
13-11-17 00:04:57 [INFO] [OctoBans] virocl sql checked, record: spammp by Antoine57565 to -1
13-11-17 00:15:17 [INFO] [OctoBans] cocacola62 sql checked, record: spammp by Kyabe to -1
13-11-17 00:16:49 [INFO] [OctoBans] aexraptorz sql checked, record: spammp by Remil to -1
13-11-17 00:36:55 [INFO] [OctoBans] MisterBlazing punished poukijump for: Double Poste
13-11-17 00:44:21 [INFO] [OctoBans] blastninja sql checked, record: spammp by LeRe to -1
13-11-17 00:44:21 [INFO] [OctoBans] blastninja sql checked, record: spammp by Zoseq to -1
13-11-17 00:51:11 [INFO] [OctoBans] NeyTox punished poukijump for: Double Poste
13-11-17 01:09:16 [INFO] [OctoBans] NeyTox punished poukijump for: Double Poste
13-11-17 01:46:34 [INFO] [OctoBans] pepedjo punished _ashbrooks_pvp for: Double Poste
13-11-17 02:37:37 [INFO] [OctoBans] superb3b3 sql checked, record: spammp by Evolze to -1
13-11-17 02:37:37 [INFO] [OctoBans] superb3b3 sql checked, record: spammp by Evolze to -1
13-11-17 06:01:01 [INFO] [OctoBans] Disabling OctoBans v1.0
