23-12-17 22:31:42 [INFO] [OctoBans] File Handler successfully initialized!
23-12-17 22:31:42 [INFO] [OctoBans] SQL connection successfully etablished
23-12-17 22:31:42 [INFO] [OctoBans] Moderator Tools by Octonia.
23-12-17 22:31:47 [INFO] [OctoBans] malik9080 sql checked, record: spammp by EW3L to -1
23-12-17 22:31:47 [INFO] [OctoBans] the_dz_men sql checked, record: spammp by FiasK0 to -1
23-12-17 22:31:47 [INFO] [OctoBans] atsuky sql checked, record: spammp by EGGSPLOSION to -1
23-12-17 22:31:47 [INFO] [OctoBans] zxbrine_ sql checked, record: spammp by Evolze to -1
23-12-17 22:31:47 [INFO] [OctoBans] zxbrine_ sql checked, record: spammp by drbrine to -1
23-12-17 22:31:47 [INFO] [OctoBans] zxbrine_ sql checked, record: spammp by EGGSPLOSION to -1
23-12-17 22:31:47 [INFO] [OctoBans] zxbrine_ sql checked, record: spammp by drbrine to -1
23-12-17 22:31:47 [INFO] [OctoBans] zxbrine_ sql checked, record: spammp by MrKebab to -1
23-12-17 22:31:47 [INFO] [OctoBans] nezox_ sql checked, record: spammp by LaKitaw to -1
23-12-17 22:31:47 [INFO] [OctoBans] nezox_ sql checked, record: spammp by D3adOrSnipSurYTB to -1
23-12-17 22:31:47 [INFO] [OctoBans] nezox_ sql checked, record: spammp by PseudooNull to -1
23-12-17 22:31:47 [INFO] [OctoBans] tereure sql checked, record: spammp by Zayrox29 to -1
23-12-17 22:31:47 [INFO] [OctoBans] bardaxx_ sql checked, record: spammp by Zoseq to -1
23-12-17 22:31:47 [INFO] [OctoBans] easy sql checked, record: spammp by zlKayzen to -1
23-12-17 22:31:47 [INFO] [OctoBans] nrgx_sh4d0w sql checked, record: spammp by NeyTox to -1
23-12-17 22:31:47 [INFO] [OctoBans] chasseetpeche71 sql checked, record: spammp by FiasK0 to -1
23-12-17 22:31:47 [INFO] [OctoBans] hkz_skillon sql checked, record: spammp by OCIP_Matth to -1
23-12-17 22:31:47 [INFO] [OctoBans] matkiller_ sql checked, record: spammp by MisterBlazing to -1
23-12-17 22:31:47 [INFO] [OctoBans] lethugdu46 sql checked, record: spammp by LaKitaw to -1
23-12-17 22:31:47 [INFO] [OctoBans] lethugdu46 sql checked, record: spammp by Hkz_Skillon to -1
23-12-17 22:31:47 [INFO] [OctoBans] xolte sql checked, record: spammp by EGGSPLOSION to -1
23-12-17 22:31:48 [INFO] [OctoBans] diodu sql checked, record: spammp by Gamer09 to -1
23-12-17 22:31:49 [INFO] [OctoBans] the_slash sql checked, record: spammp by pepedjo to -1
23-12-17 22:31:49 [INFO] [OctoBans] the_slash sql checked, record: spammp by drbrine to -1
23-12-17 22:31:49 [INFO] [OctoBans] the_slash sql checked, record: spammp by NeyTox to -1
23-12-17 22:31:49 [INFO] [OctoBans] the_slash sql checked, record: spammp by EW3L to -1
23-12-17 22:31:51 [INFO] [OctoBans] xxsubxx sql checked, record: spammp by OCIP_Matth to -1
23-12-17 22:31:51 [INFO] [OctoBans] zeynox sql checked, record: spammp by Zayrox29 to -1
23-12-17 22:31:51 [INFO] [OctoBans] zeynox sql checked, record: spammp by Zoseq to -1
23-12-17 22:31:51 [INFO] [OctoBans] zeynox sql checked, record: spammp by LaKitaw to -1
23-12-17 22:31:51 [INFO] [OctoBans] zeynox sql checked, record: spammp by LaKitaw to -1
23-12-17 22:31:51 [INFO] [OctoBans] zeynox sql checked, record: spammp by LaKitaw to -1
23-12-17 22:31:51 [INFO] [OctoBans] zeynox sql checked, record: spammp by D3adOrSnipSurYTB to -1
23-12-17 22:31:51 [INFO] [OctoBans] zeynox sql checked, record: insultegrave by zlKayzen to 1514218892
23-12-17 22:31:53 [INFO] [OctoBans] octonian sql checked, record: spammp by FNGOD to -1
23-12-17 22:31:54 [INFO] [OctoBans] mrkebab sql checked, record: spammp by SmooKeur to -1
23-12-17 22:31:54 [INFO] [OctoBans] mrkebab sql checked, record: spammp by PseudooNull to -1
23-12-17 22:31:54 [INFO] [OctoBans] mrkebab sql checked, record: spammp by zlKayzen to -1
23-12-17 22:31:54 [INFO] [OctoBans] mrkebab sql checked, record: spammp by OCIP_Matth to -1
23-12-17 22:31:54 [INFO] [OctoBans] mrkebab sql checked, record: homophobie by PseudooNull to 1514112532
23-12-17 22:31:56 [INFO] [OctoBans] ourox_ sql checked, record: spammp by FiasK0 to -1
23-12-17 22:31:56 [INFO] [OctoBans] ourox_ sql checked, record: spammp by FiasK0 to -1
23-12-17 22:31:59 [INFO] [OctoBans] bokos sql checked, record: spammp by yeti2001vd to -1
23-12-17 22:31:59 [INFO] [OctoBans] bokos sql checked, record: spammp by yeti2001vd to -1
23-12-17 22:31:59 [INFO] [OctoBans] bokos sql checked, record: spammp by FNGOD to -1
23-12-17 22:31:59 [INFO] [OctoBans] bokos sql checked, record: provocation by EW3L to 1514068896
23-12-17 22:31:59 [INFO] [OctoBans] bokos sql checked, record: spammp by EW3L to -1
23-12-17 22:32:07 [INFO] [OctoBans] zeus_monkey sql checked, record: spammp by Zoseq to -1
23-12-17 22:32:07 [INFO] [OctoBans] zeus_monkey sql checked, record: spammp by EGGSPLOSION to -1
23-12-17 22:32:12 [INFO] [OctoBans] kikoo53000 sql checked, record: spammp by ToXiCz_TV to -1
23-12-17 22:32:16 [INFO] [OctoBans] fngod sql checked, record: spammp by FamousxRay to -1
23-12-17 22:32:16 [INFO] [OctoBans] fngod sql checked, record: spammp by drbrine to -1
23-12-17 22:32:26 [INFO] [OctoBans] lefifoudu3 sql checked, record: spammp by EW3L to -1
23-12-17 22:32:26 [INFO] [OctoBans] lefifoudu3 sql checked, record: spammp by EW3L to -1
23-12-17 22:32:26 [INFO] [OctoBans] lefifoudu3 sql checked, record: spammp by Koeseb97 to -1
23-12-17 22:32:26 [INFO] [OctoBans] lefifoudu3 sql checked, record: spammp by LaKitaw to -1
23-12-17 22:32:26 [INFO] [OctoBans] lefifoudu3 sql checked, record: spammp by SkillBOotiiS to -1
23-12-17 22:32:26 [INFO] [OctoBans] lefifoudu3 sql checked, record: insultegrave by Zayrox29 to 1514145308
23-12-17 22:32:26 [INFO] [OctoBans] lefifoudu3 sql checked, record: spammp by zlKayzen to -1
23-12-17 22:32:26 [INFO] [OctoBans] idreyzen sql checked, record: insultegrave by tinmar to 1514203599
23-12-17 22:32:35 [INFO] [OctoBans] unnainportant sql checked, record: spammp by Evolze to -1
23-12-17 22:32:35 [INFO] [OctoBans] unnainportant sql checked, record: spammp by LaKitaw to -1
23-12-17 22:32:35 [INFO] [OctoBans] unnainportant sql checked, record: insultegrave by WeeZix to 1514253958
23-12-17 22:32:35 [INFO] [OctoBans] firexpower666_ sql checked, record: spammp by tinmar to -1
23-12-17 22:32:35 [INFO] [OctoBans] youmakemelol sql checked, record: spammp by EW3L to -1
23-12-17 22:32:35 [INFO] [OctoBans] mzeer sql checked, record: insultegrave by EW3L to 1514122932
23-12-17 22:32:42 [INFO] [OctoBans] thecrane sql checked, record: spammp by WeeZix to -1
23-12-17 22:32:42 [INFO] [OctoBans] xxfloxx19 sql checked, record: spammp by Evolze to -1
23-12-17 22:32:55 [INFO] [OctoBans] ishaadow_ sql checked, record: spammp by FamousxRay to -1
23-12-17 22:32:55 [INFO] [OctoBans] ishaadow_ sql checked, record: spammp by FNGOD to -1
23-12-17 22:32:55 [INFO] [OctoBans] kikx sql checked, record: spammp by EW3L to -1
23-12-17 22:32:55 [INFO] [OctoBans] cotototniadr sql checked, record: spammp by Shainko to -1
23-12-17 22:32:55 [INFO] [OctoBans] cotototniadr sql checked, record: spam by Hkz_Skillon to 1514085599
23-12-17 22:33:04 [INFO] [OctoBans] mcfleury sql checked, record: spammp by Koeseb97 to -1
23-12-17 22:33:06 [INFO] [OctoBans] reborncreep sql checked, record: spammp by drbrine to -1
23-12-17 22:33:06 [INFO] [OctoBans] reborncreep sql checked, record: insultegrave by EGGSPLOSION to 1514181343
23-12-17 22:33:17 [INFO] [OctoBans] ozmog_yt sql checked, record: spammp by Remil to -1
23-12-17 22:33:17 [INFO] [OctoBans] ozmog_yt sql checked, record: spammp by OCIP_Matth to -1
23-12-17 22:33:17 [INFO] [OctoBans] ozmog_yt sql checked, record: spammp by KelianHD to -1
23-12-17 22:33:17 [INFO] [OctoBans] ozmog_yt sql checked, record: spammp by SkillBOotiiS to -1
23-12-17 22:33:17 [INFO] [OctoBans] ozmog_yt sql checked, record: spammp by FiasK0 to -1
23-12-17 22:33:31 [INFO] [OctoBans] maxoupvp sql checked, record: spammp by LeRe to -1
23-12-17 22:33:31 [INFO] [OctoBans] maxoupvp sql checked, record: spammp by drbrine to -1
23-12-17 22:33:31 [INFO] [OctoBans] maxoupvp sql checked, record: spammp by PseudooNull to -1
23-12-17 22:33:39 [INFO] [OctoBans] darkfr45 sql checked, record: spammp by FiasK0 to -1
23-12-17 22:33:39 [INFO] [OctoBans] darkfr45 sql checked, record: spammp by FiasK0 to -1
23-12-17 22:33:43 [INFO] [OctoBans] swokip sql checked, record: spammp by SkillBOotiiS to -1
23-12-17 22:33:46 [INFO] [OctoBans] athes974 sql checked, record: spammp by FamousxRay to -1
23-12-17 22:33:58 [INFO] [OctoBans] byzoo sql checked, record: spammp by PseudooNull to -1
23-12-17 22:33:58 [INFO] [OctoBans] byzoo sql checked, record: spammp by PseudooNull to -1
23-12-17 22:34:09 [INFO] [OctoBans] kamikassss sql checked, record: spammp by Remil to -1
23-12-17 22:34:15 [INFO] [OctoBans] byskinoz sql checked, record: spammp by OCIP_Matth to -1
23-12-17 22:34:16 [INFO] [OctoBans] tigro17 sql checked, record: spammp by ToXiCz_TV to -1
23-12-17 22:34:16 [INFO] [OctoBans] tigro17 sql checked, record: insulte by NiceFR to 1514077366
23-12-17 22:34:42 [INFO] [OctoBans] xx_after_xx sql checked, record: spammp by FiasK0 to -1
23-12-17 22:34:45 [INFO] [OctoBans] prozeur sql checked, record: spammp by LaKitaw to -1
23-12-17 22:35:43 [INFO] [OctoBans] seyyde_ sql checked, record: spammp by ToXiCz_TV to -1
23-12-17 22:36:53 [INFO] [OctoBans] mimi146 sql checked, record: spammp by FiasK0 to -1
23-12-17 22:37:05 [INFO] [OctoBans] chut3000 sql checked, record: spammp by FiasK0 to -1
23-12-17 22:37:57 [INFO] [OctoBans] ToXiCz_TV punished tomredbull for: Spam/flood
23-12-17 22:38:16 [INFO] [OctoBans] remil sql checked, record: spammp by FiasK0 to -1
23-12-17 22:38:52 [INFO] [OctoBans] rubyyy123 sql checked, record: spammp by SmooKeur to -1
23-12-17 22:39:06 [INFO] [OctoBans] amokon sql checked, record: spammp by PoukoaMoa to -1
23-12-17 22:39:06 [INFO] [OctoBans] amokon sql checked, record: spammp by drbrine to -1
23-12-17 22:41:13 [INFO] [OctoBans] darryl1 sql checked, record: spammp by FiasK0 to -1
23-12-17 22:41:41 [INFO] [OctoBans] jeremygameur sql checked, record: spammp by EW3L to -1
23-12-17 22:42:58 [INFO] [OctoBans] dodole1 sql checked, record: spammp by PoukoaMoa to -1
23-12-17 22:42:58 [INFO] [OctoBans] dodole1 sql checked, record: spammp by OCIP_Matth to -1
23-12-17 22:42:58 [INFO] [OctoBans] dodole1 sql checked, record: spammp by Remil to -1
23-12-17 22:42:58 [INFO] [OctoBans] dodole1 sql checked, record: spammp by LaKitaw to -1
23-12-17 22:43:22 [INFO] [OctoBans] zlKayzen punished lightyugo for: Insulte grave
23-12-17 22:46:11 [INFO] [OctoBans] ccffer sql checked, record: spammp by LaKitaw to -1
23-12-17 22:46:11 [INFO] [OctoBans] ccffer sql checked, record: spammp by NeyTox to -1
23-12-17 22:46:11 [INFO] [OctoBans] ccffer sql checked, record: spammp by Zayrox29 to -1
23-12-17 22:46:11 [INFO] [OctoBans] ccffer sql checked, record: spammp by Hkz_Skillon to -1
23-12-17 22:46:11 [INFO] [OctoBans] ccffer sql checked, record: spammp by EGGSPLOSION to -1
23-12-17 22:46:11 [INFO] [OctoBans] ccffer sql checked, record: spammp by Koeseb97 to -1
23-12-17 22:46:11 [INFO] [OctoBans] ccffer sql checked, record: spammp by Remil to -1
23-12-17 22:46:22 [INFO] [OctoBans] sangoku sql checked, record: spammp by yeti2001vd to -1
23-12-17 22:46:22 [INFO] [OctoBans] sangoku sql checked, record: spammp by D3adOrSnipSurYTB to -1
23-12-17 22:50:29 [INFO] [OctoBans] mkdarkos sql checked, record: spammp by PseudooNull to -1
23-12-17 22:53:52 [INFO] [OctoBans] onflyenrec sql checked, record: spammp by Antoine57565 to -1
23-12-17 22:54:54 [INFO] [OctoBans] rdvsurlebloc sql checked, record: spammp by D3adOrSnipSurYTB to -1
23-12-17 22:57:17 [INFO] [OctoBans] ijonas_ sql checked, record: spammp by tinmar to -1
23-12-17 22:58:48 [INFO] [OctoBans] wiroox sql checked, record: spammp by WeeZix to -1
23-12-17 22:58:48 [INFO] [OctoBans] wiroox sql checked, record: spammp by FiasK0 to -1
23-12-17 22:58:48 [INFO] [OctoBans] wiroox sql checked, record: spammp by WeeZix to -1
23-12-17 22:58:48 [INFO] [OctoBans] wiroox sql checked, record: spammp by Remil to -1
23-12-17 22:58:48 [INFO] [OctoBans] wiroox sql checked, record: spammp by WeeZix to -1
23-12-17 22:58:48 [INFO] [OctoBans] wiroox sql checked, record: faussesinfos by Gamer09 to 1514123335
23-12-17 22:58:48 [INFO] [OctoBans] wiroox sql checked, record: spammp by EW3L to -1
23-12-17 22:58:48 [INFO] [OctoBans] wiroox sql checked, record: spammp by FNGOD to -1
23-12-17 23:00:16 [INFO] [OctoBans] hayden_frost sql checked, record: spammp by OCIP_Matth to -1
23-12-17 23:03:04 [INFO] [OctoBans] atsuky punished xx_after_xx for: Pub serveur
23-12-17 23:07:23 [INFO] [OctoBans] xx_biom_xx sql checked, record: spammp by Spovly to -1
23-12-17 23:07:23 [INFO] [OctoBans] xx_biom_xx sql checked, record: spammp by PseudooNull to -1
23-12-17 23:12:52 [INFO] [OctoBans] ToXiCz_TV punished bokos for: Provocation
23-12-17 23:17:01 [INFO] [OctoBans] pepsicoca sql checked, record: spammp by FiasK0 to -1
23-12-17 23:18:52 [INFO] [OctoBans] minecraft05_yt sql checked, record: spammp by Gamer09 to -1
23-12-17 23:22:02 [INFO] [OctoBans] EW3L punished the_slash for: Spam/flood
23-12-17 23:25:16 [INFO] [OctoBans] azenpvp sql checked, record: spammp by D3adOrSnipSurYTB to -1
23-12-17 23:26:35 [INFO] [OctoBans] maxougaming sql checked, record: spammp by Ceraiste to -1
23-12-17 23:26:35 [INFO] [OctoBans] maxougaming sql checked, record: insultegrave by EW3L to 1514102994
23-12-17 23:26:35 [INFO] [OctoBans] maxougaming sql checked, record: spammp by EW3L to -1
23-12-17 23:26:35 [INFO] [OctoBans] maxougaming sql checked, record: spammp by FiasK0 to -1
23-12-17 23:30:39 [INFO] [OctoBans] atsuky punished okalorsok for: Provocation
23-12-17 23:30:47 [INFO] [OctoBans] wasakill sql checked, record: spammp by EW3L to -1
23-12-17 23:31:45 [INFO] [OctoBans] ccffer sql checked, record: spammp by LaKitaw to -1
23-12-17 23:31:45 [INFO] [OctoBans] ccffer sql checked, record: spammp by NeyTox to -1
23-12-17 23:31:45 [INFO] [OctoBans] ccffer sql checked, record: spammp by Zayrox29 to -1
23-12-17 23:31:45 [INFO] [OctoBans] ccffer sql checked, record: spammp by Hkz_Skillon to -1
23-12-17 23:31:45 [INFO] [OctoBans] ccffer sql checked, record: spammp by EGGSPLOSION to -1
23-12-17 23:31:45 [INFO] [OctoBans] ccffer sql checked, record: spammp by Koeseb97 to -1
23-12-17 23:31:45 [INFO] [OctoBans] ccffer sql checked, record: spammp by Remil to -1
23-12-17 23:32:23 [INFO] [OctoBans] syrox_ytb sql checked, record: spammp by Koeseb97 to -1
23-12-17 23:32:23 [INFO] [OctoBans] syrox_ytb sql checked, record: spammp by PseudooNull to -1
23-12-17 23:32:23 [INFO] [OctoBans] syrox_ytb sql checked, record: insultegrave by OCIP_Matth to 1514240976
23-12-17 23:35:22 [INFO] [OctoBans] atsuky punished anatrox for: Provocation
23-12-17 23:36:12 [INFO] [OctoBans] drbrine punished death_punish for: Spam/flood
23-12-17 23:38:45 [INFO] [OctoBans] atsuky punished anatrox for: Insulte
23-12-17 23:40:24 [INFO] [OctoBans] PseudooNull punished tereure for: Spam/flood en MP
23-12-17 23:40:26 [INFO] [OctoBans] FNGOD punished bcz for: Provocation
23-12-17 23:41:12 [INFO] [OctoBans] atsuky punished oulam for: Provocation
23-12-17 23:41:54 [INFO] [OctoBans] death_punish sql checked, record: spam by drbrine to 1514082972
23-12-17 23:47:43 [INFO] [OctoBans] romudu269 sql checked, record: spammp by Remil to -1
23-12-17 23:47:43 [INFO] [OctoBans] romudu269 sql checked, record: provocation by EW3L to 1514081647
23-12-17 23:51:59 [INFO] [OctoBans] kixaro sql checked, record: spammp by ToXiCz_TV to -1
23-12-17 23:52:15 [INFO] [OctoBans] batte sql checked, record: spammp by yeti2001vd to -1
23-12-17 23:52:25 [INFO] [OctoBans] pouletgriller sql checked, record: spammp by Gamer09 to -1
23-12-17 23:52:25 [INFO] [OctoBans] pouletgriller sql checked, record: spammp by ToXiCz_TV to -1
23-12-17 23:54:20 [INFO] [OctoBans] ToXiCz_TV punished loozer_ for: Spam/flood
23-12-17 23:58:09 [INFO] [OctoBans] walterwhite sql checked, record: insultegrave by woimant to 1514099344
23-12-17 23:58:21 [INFO] [OctoBans] rewd sql checked, record: spammp by Ceraiste to -1
23-12-17 23:58:42 [INFO] [OctoBans] norgonz sql checked, record: spammp by SkyKosIV to -1
23-12-17 23:59:01 [INFO] [OctoBans] zeusaupvp sql checked, record: spammp by OCIP_Matth to -1
23-12-17 23:59:19 [INFO] [OctoBans] atsuky punished _theodu13_ for: Spam/flood en MP
24-12-17 00:00:51 [INFO] [OctoBans] lilimomopopo sql checked, record: spammp by EW3L to -1
24-12-17 00:02:26 [INFO] [OctoBans] Gamer09 punished doli_gaming for: Spam/flood
24-12-17 00:02:42 [INFO] [OctoBans] yongmen sql checked, record: spammp by ToXiCz_TV to -1
24-12-17 00:02:42 [INFO] [OctoBans] yongmen sql checked, record: spammp by ToXiCz_TV to -1
24-12-17 00:02:42 [INFO] [OctoBans] yongmen sql checked, record: spammp by ToXiCz_TV to -1
24-12-17 00:02:42 [INFO] [OctoBans] yongmen sql checked, record: spammp by ToXiCz_TV to -1
24-12-17 00:02:42 [INFO] [OctoBans] yongmen sql checked, record: spammp by ToXiCz_TV to -1
24-12-17 00:02:42 [INFO] [OctoBans] yongmen sql checked, record: spammp by Koeseb97 to -1
24-12-17 00:02:42 [INFO] [OctoBans] yongmen sql checked, record: spam by OCIP_Matth to 1514070585
24-12-17 00:02:42 [INFO] [OctoBans] yongmen sql checked, record: spammp by OCIP_Matth to -1
24-12-17 00:02:42 [INFO] [OctoBans] maxgaming69 sql checked, record: spammp by EW3L to -1
24-12-17 00:03:15 [INFO] [OctoBans] thedarck sql checked, record: spammp by ToXiCz_TV to -1
24-12-17 00:03:15 [INFO] [OctoBans] thedarck sql checked, record: spammp by OCIP_Matth to -1
24-12-17 00:04:20 [INFO] [OctoBans] anguille sql checked, record: spammp by Remil to -1
24-12-17 00:04:20 [INFO] [OctoBans] anguille sql checked, record: spammp by FiasK0 to -1
24-12-17 00:07:33 [INFO] [OctoBans] rayzfire sql checked, record: spammp by ToXiCz_TV to -1
24-12-17 00:07:33 [INFO] [OctoBans] rayzfire sql checked, record: spammp by ToXiCz_TV to -1
24-12-17 00:07:33 [INFO] [OctoBans] rayzfire sql checked, record: spammp by Koeseb97 to -1
24-12-17 00:08:16 [INFO] [OctoBans] Gamer09 punished mkdarkos for: Spam/flood
24-12-17 00:14:02 [INFO] [OctoBans] romudu269 sql checked, record: spammp by Remil to -1
24-12-17 00:14:02 [INFO] [OctoBans] romudu269 sql checked, record: provocation by EW3L to 1514081647
24-12-17 00:14:13 [INFO] [OctoBans] FNGOD punished romudu269 for: Insulte serveur
24-12-17 00:17:10 [INFO] [OctoBans] sosodidi sql checked, record: spammp by Zoseq to -1
24-12-17 00:17:26 [INFO] [OctoBans] Gamer09 punished xxsubxx for: Provocation
24-12-17 00:19:12 [INFO] [OctoBans] _rubilax sql checked, record: incitationflood by OCIP_Matth to 1514076461
24-12-17 00:20:55 [INFO] [OctoBans] zumbie sql checked, record: spammp by EGGSPLOSION to -1
24-12-17 00:20:55 [INFO] [OctoBans] zumbie sql checked, record: spammp by EW3L to -1
24-12-17 00:20:56 [INFO] [OctoBans] aparia sql checked, record: spammp by pepedjo to -1
24-12-17 00:20:56 [INFO] [OctoBans] aparia sql checked, record: spammp by pepedjo to -1
24-12-17 00:20:56 [INFO] [OctoBans] aparia sql checked, record: spammp by Evolze to -1
24-12-17 00:20:56 [INFO] [OctoBans] aparia sql checked, record: spammp by FiasK0 to -1
24-12-17 00:23:24 [INFO] [OctoBans] Gamer09 punished goblex for: TpKill
24-12-17 00:24:43 [INFO] [OctoBans] Gamer09 punished heizenberg for: Spam/flood
24-12-17 00:28:35 [INFO] [OctoBans] ytfreeze sql checked, record: spam by OCIP_Matth to 1514074245
24-12-17 00:39:41 [INFO] [OctoBans] touti sql checked, record: spammp by FNGOD to -1
24-12-17 00:42:51 [INFO] [OctoBans] Zayrox29 punished stan93 for: Insulte serveur
24-12-17 00:44:56 [INFO] [OctoBans] zlKayzen punished sosodidi for: Spam/flood
24-12-17 00:46:57 [INFO] [OctoBans] Gamer09 punished realitycarnage for: Fausses informations
24-12-17 00:48:58 [INFO] [OctoBans] zlKayzen punished realitycarnage for: Spam/flood en MP
24-12-17 00:51:13 [INFO] [OctoBans] atsuky sql checked, record: spammp by EGGSPLOSION to -1
24-12-17 00:51:13 [INFO] [OctoBans] atsuky sql checked, record: provocation by atsuky to 1514063666
24-12-17 00:51:13 [INFO] [OctoBans] atsuky sql checked, record: pubsrv by atsuky to 1514073784
24-12-17 00:51:13 [INFO] [OctoBans] atsuky sql checked, record: provocation by atsuky to 1514068539
24-12-17 00:51:13 [INFO] [OctoBans] atsuky sql checked, record: provocation by atsuky to 1514068822
24-12-17 00:51:13 [INFO] [OctoBans] atsuky sql checked, record: insulte by atsuky to 1514071425
24-12-17 00:51:13 [INFO] [OctoBans] atsuky sql checked, record: provocation by atsuky to 1514069172
24-12-17 00:51:13 [INFO] [OctoBans] atsuky sql checked, record: spammp by atsuky to -1
24-12-17 00:53:34 [INFO] [OctoBans] realitycarnage sql checked, record: faussesinfos by Gamer09 to 1514159217
24-12-17 00:53:34 [INFO] [OctoBans] realitycarnage sql checked, record: spammp by zlKayzen to -1
24-12-17 00:53:36 [INFO] [OctoBans] zlKayzen punished realitycarnage for: Spam/flood en MP
24-12-17 00:55:44 [INFO] [OctoBans] zoroto sql checked, record: spammp by Ceraiste to -1
24-12-17 01:00:20 [INFO] [OctoBans] algorskis_yt sql checked, record: spammp by SmooKeur to -1
24-12-17 01:00:20 [INFO] [OctoBans] algorskis_yt sql checked, record: spammp by Antoine57565 to -1
24-12-17 01:00:20 [INFO] [OctoBans] algorskis_yt sql checked, record: insultegrave by Gamer09 to 1514208261
24-12-17 01:01:37 [INFO] [OctoBans] momolegardien sql checked, record: spammp by ToXiCz_TV to -1
24-12-17 01:02:35 [INFO] [OctoBans] kitsky sql checked, record: spammp by Gamer09 to -1
24-12-17 01:03:18 [INFO] [OctoBans] zarteck09 sql checked, record: spammp by Hkz_Skillon to -1
24-12-17 01:03:18 [INFO] [OctoBans] zarteck09 sql checked, record: spammp by MrKebab to -1
24-12-17 01:03:38 [INFO] [OctoBans] skuuurtmzz sql checked, record: spammp by tinmar to -1
24-12-17 01:03:38 [INFO] [OctoBans] skuuurtmzz sql checked, record: spammp by Remil to -1
24-12-17 01:03:38 [INFO] [OctoBans] skuuurtmzz sql checked, record: spammp by Spovly to -1
24-12-17 01:05:59 [INFO] [OctoBans] mayeul sql checked, record: spammp by SmooKeur to -1
24-12-17 01:06:01 [INFO] [OctoBans] sangvip sql checked, record: spammp by EW3L to -1
24-12-17 01:06:44 [INFO] [OctoBans] destroyer_s_34 sql checked, record: spammp by Zayrox29 to -1
24-12-17 01:10:16 [INFO] [OctoBans] xxdubeskillsxx sql checked, record: spammp by FamousxRay to -1
24-12-17 01:11:29 [INFO] [OctoBans] zbeubz sql checked, record: spammp by KelianHD to -1
24-12-17 01:11:29 [INFO] [OctoBans] zbeubz sql checked, record: spammp by pepedjo to -1
24-12-17 01:15:13 [INFO] [OctoBans] PseudooNull punished zxbrine_ for: Spam/flood
24-12-17 01:16:16 [INFO] [OctoBans] PseudooNull punished zxbrine_ for: Spam/flood en MP
24-12-17 01:18:50 [INFO] [OctoBans] PseudooNull punished touti for: TpKill
24-12-17 01:21:38 [INFO] [OctoBans] nicro2000 sql checked, record: spammp by EGGSPLOSION to -1
24-12-17 01:23:17 [INFO] [OctoBans] karlwill sql checked, record: spammp by Gamer09 to -1
24-12-17 01:23:17 [INFO] [OctoBans] karlwill sql checked, record: spammp by LeRe to -1
24-12-17 01:25:52 [INFO] [OctoBans] wilson84 sql checked, record: spammp by OCIP_Matth to -1
24-12-17 01:25:52 [INFO] [OctoBans] wilson84 sql checked, record: spammp by ToXiCz_TV to -1
24-12-17 01:25:52 [INFO] [OctoBans] wilson84 sql checked, record: spammp by LaKitaw to -1
24-12-17 01:25:52 [INFO] [OctoBans] wilson84 sql checked, record: spammp by PseudooNull to -1
24-12-17 01:25:52 [INFO] [OctoBans] wilson84 sql checked, record: spammp by woimant to -1
24-12-17 01:25:52 [INFO] [OctoBans] wilson84 sql checked, record: spammp by Gamer09 to -1
24-12-17 01:35:04 [INFO] [OctoBans] PseudooNull punished tytou1409 for: Spam/flood
24-12-17 01:37:54 [INFO] [OctoBans] virocl sql checked, record: spammp by PseudooNull to -1
24-12-17 01:41:14 [INFO] [OctoBans] PseudooNull punished gronyi for: Majuscule
24-12-17 01:42:03 [INFO] [OctoBans] by_fly sql checked, record: spammp by Hkz_Skillon to -1
24-12-17 01:42:06 [INFO] [OctoBans] Flowtox punished dozz_ytb for: Insulte
24-12-17 01:45:57 [INFO] [OctoBans] PseudooNull punished tytou1409 for: TpKill
24-12-17 01:49:45 [INFO] [OctoBans] imjeezk sql checked, record: spammp by Gamer09 to -1
24-12-17 01:49:45 [INFO] [OctoBans] imjeezk sql checked, record: spammp by OCIP_Matth to -1
24-12-17 01:57:42 [INFO] [OctoBans] PseudooNull punished by_fly for: Insulte grave
24-12-17 01:59:32 [INFO] [OctoBans] weezy sql checked, record: spammp by LeRe to -1
24-12-17 02:03:46 [INFO] [OctoBans] PseudooNull punished nezox_ for: Insulte
24-12-17 02:27:47 [INFO] [OctoBans] MisterBlazing punished _theodu13_ for: Insulte grave
24-12-17 02:46:11 [INFO] [OctoBans] FNGOD punished wyskar for: Spam/flood
24-12-17 02:46:30 [INFO] [OctoBans] FNGOD punished virocl for: Double Poste
24-12-17 02:47:32 [INFO] [OctoBans] FNGOD punished wyskar for: Insulte grave
24-12-17 02:57:29 [INFO] [OctoBans] FNGOD punished kevlhard for: Double Poste
24-12-17 03:03:44 [INFO] [OctoBans] swichdi sql checked, record: spammp by Gamer09 to -1
24-12-17 03:11:17 [INFO] [OctoBans] FNGOD punished petitpigeon for: Spam/flood
24-12-17 03:20:37 [INFO] [OctoBans] dark_gaming80 sql checked, record: spammp by Remil to -1
24-12-17 03:34:34 [INFO] [OctoBans] mgk_tozzzz sql checked, record: spammp by drbrine to -1
24-12-17 04:03:12 [INFO] [OctoBans] FNGOD punished swichdi for: Provocation
24-12-17 04:05:16 [INFO] [OctoBans] FNGOD punished keen0x for: Spam/flood
24-12-17 04:06:31 [INFO] [OctoBans] FNGOD punished keen0x for: Spam/flood en MP
24-12-17 04:14:04 [INFO] [OctoBans] atsuky punished easy for: Provocation
24-12-17 04:21:57 [INFO] [OctoBans] atsuky punished aparia for: Double Poste
24-12-17 04:25:27 [INFO] [OctoBans] atsuky punished aparia for: Spam/flood en MP
24-12-17 04:29:03 [INFO] [OctoBans] atsuky punished xxdubeskillsxx for: Spam/flood en MP
24-12-17 04:29:19 [INFO] [OctoBans] atsuky punished rayoutop74 for: Spam/flood en MP
24-12-17 04:39:20 [INFO] [OctoBans] aexraptorz sql checked, record: spammp by Remil to -1
24-12-17 04:39:20 [INFO] [OctoBans] aexraptorz sql checked, record: spammp by PseudooNull to -1
24-12-17 04:58:47 [INFO] [OctoBans] FNGOD punished xxdubeskillsxx for: Provocation
24-12-17 05:16:58 [INFO] [OctoBans] indow_ sql checked, record: spammp by Evolze to -1
24-12-17 05:16:58 [INFO] [OctoBans] indow_ sql checked, record: spammp by WeeZix to -1
24-12-17 06:01:02 [INFO] [OctoBans] Disabling OctoBans v1.0
