14-12-17 22:31:42 [INFO] [OctoBans] File Handler successfully initialized!
14-12-17 22:31:42 [INFO] [OctoBans] SQL connection successfully etablished
14-12-17 22:31:42 [INFO] [OctoBans] Moderator Tools by Octonia.
14-12-17 22:31:47 [INFO] [OctoBans] xx_biom_xx sql checked, record: spammp by Spovly to -1
14-12-17 22:31:49 [INFO] [OctoBans] the_dz_men sql checked, record: spammp by FiasK0 to -1
14-12-17 22:31:50 [INFO] [OctoBans] romudu269 sql checked, record: spammp by Remil to -1
14-12-17 22:31:50 [INFO] [OctoBans] romudu269 sql checked, record: insultegrave by tinmar to 1513299081
14-12-17 22:31:53 [INFO] [OctoBans] mgk_tozzzz sql checked, record: spammp by drbrine to -1
14-12-17 22:31:54 [INFO] [OctoBans] mayeul sql checked, record: spammp by SmooKeur to -1
14-12-17 22:31:56 [INFO] [OctoBans] aexraptorz sql checked, record: spammp by Remil to -1
14-12-17 22:31:56 [INFO] [OctoBans] blackwhite010 sql checked, record: spammp by D3adOrSnipSurYTB to -1
14-12-17 22:31:56 [INFO] [OctoBans] blackwhite010 sql checked, record: spammp by LaKitaw to -1
14-12-17 22:31:56 [INFO] [OctoBans] blackwhite010 sql checked, record: spammp by MrKebab to -1
14-12-17 22:31:59 [INFO] [OctoBans] byskinoz sql checked, record: insultestaff by OCIP_Matth to 1513294250
14-12-17 22:31:59 [INFO] [OctoBans] byskinoz sql checked, record: insultestaff by OCIP_Matth to 1513339553
14-12-17 22:31:59 [INFO] [OctoBans] byskinoz sql checked, record: spammp by OCIP_Matth to -1
14-12-17 22:32:02 [INFO] [OctoBans] _theodu13_ sql checked, record: spammp by FamousxRay to -1
14-12-17 22:32:02 [INFO] [OctoBans] _theodu13_ sql checked, record: faussesinfos by SmooKeur to 1513347601
14-12-17 22:32:03 [INFO] [OctoBans] darryl1 sql checked, record: spammp by FiasK0 to -1
14-12-17 22:32:09 [INFO] [OctoBans] by_fly sql checked, record: spammp by Hkz_Skillon to -1
14-12-17 22:32:23 [INFO] [OctoBans] tavars sql checked, record: insultegrave by YTB_XxKarnageXx to 1513349424
14-12-17 22:32:32 [INFO] [OctoBans] thetombolla sql checked, record: spammp by EGGSPLOSION to -1
14-12-17 22:32:40 [INFO] [OctoBans] xxdubeskillsxx sql checked, record: spammp by FamousxRay to -1
14-12-17 22:32:53 [INFO] [OctoBans] hayden_frost sql checked, record: spammp by OCIP_Matth to -1
14-12-17 22:33:02 [INFO] [OctoBans] tigro17 sql checked, record: spammp by ToXiCz_TV to -1
14-12-17 22:33:11 [INFO] [OctoBans] ertynox83 sql checked, record: spammp by Koeseb97 to -1
14-12-17 22:33:19 [INFO] [OctoBans] nrgx_sh4d0w sql checked, record: spammp by NeyTox to -1
14-12-17 22:33:19 [INFO] [OctoBans] nrgx_sh4d0w sql checked, record: insultegrave by ToXiCz_TV to 1513389085
14-12-17 22:35:14 [INFO] [OctoBans] SkillBOotiiS punished pulsar for: Provocation
14-12-17 22:35:29 [INFO] [OctoBans] pablo sql checked, record: spammp by OCIP_Matth to -1
14-12-17 22:35:38 [INFO] [OctoBans] xxheroiikxx sql checked, record: spammp by Hkz_Skillon to -1
14-12-17 22:36:30 [INFO] [OctoBans] virocl sql checked, record: spammp by PseudooNull to -1
14-12-17 22:36:41 [INFO] [OctoBans] the_slash sql checked, record: spammp by pepedjo to -1
14-12-17 22:36:41 [INFO] [OctoBans] the_slash sql checked, record: spammp by drbrine to -1
14-12-17 22:36:41 [INFO] [OctoBans] the_slash sql checked, record: spammp by NeyTox to -1
14-12-17 22:36:42 [INFO] [OctoBans] louis990 sql checked, record: spammp by OCIP_Matth to -1
14-12-17 22:37:31 [INFO] [OctoBans] karlwill sql checked, record: spammp by Gamer09 to -1
14-12-17 22:37:31 [INFO] [OctoBans] karlwill sql checked, record: spammp by LeRe to -1
14-12-17 22:37:42 [INFO] [OctoBans] imjeezk sql checked, record: spammp by Gamer09 to -1
14-12-17 22:37:42 [INFO] [OctoBans] imjeezk sql checked, record: spammp by OCIP_Matth to -1
14-12-17 22:38:08 [INFO] [OctoBans] byskinoz sql checked, record: insultestaff by OCIP_Matth to 1513294250
14-12-17 22:38:08 [INFO] [OctoBans] byskinoz sql checked, record: insultestaff by OCIP_Matth to 1513339553
14-12-17 22:38:08 [INFO] [OctoBans] byskinoz sql checked, record: spammp by OCIP_Matth to -1
14-12-17 22:40:08 [INFO] [OctoBans] byskinoz sql checked, record: insultestaff by OCIP_Matth to 1513294250
14-12-17 22:40:08 [INFO] [OctoBans] byskinoz sql checked, record: insultestaff by OCIP_Matth to 1513339553
14-12-17 22:40:08 [INFO] [OctoBans] byskinoz sql checked, record: spammp by OCIP_Matth to -1
14-12-17 22:40:14 [INFO] [OctoBans] NeyTox punished byskinoz for: Insulte staff
14-12-17 22:40:43 [INFO] [OctoBans] ayken sql checked, record: spammp by KelianHD to -1
14-12-17 22:53:54 [INFO] [OctoBans] hulz0 sql checked, record: spammp by FiasK0 to -1
14-12-17 22:59:32 [INFO] [OctoBans] xxheroiikxx sql checked, record: spammp by Hkz_Skillon to -1
14-12-17 23:00:24 [INFO] [OctoBans] magi_fragz_yt sql checked, record: spammp by LeRe to -1
14-12-17 23:03:07 [INFO] [OctoBans] xx_yz_xx sql checked, record: spammp by SkillBOotiiS to -1
14-12-17 23:16:54 [INFO] [OctoBans] NeyTox punished pablo for: Provocation
14-12-17 23:16:58 [INFO] [OctoBans] NeyTox punished famousxray for: Provocation
14-12-17 23:24:30 [INFO] [OctoBans] grenousse_pvp sql checked, record: spammp by SmooKeur to -1
14-12-17 23:30:46 [INFO] [OctoBans] PseudooNull punished ourox_ for: Double Poste
14-12-17 23:59:46 [INFO] [OctoBans] ooshinichikudoo sql checked, record: spammp by OCIP_Matth to -1
15-12-17 00:02:19 [INFO] [OctoBans] NeyTox punished famousxray for: Provocation
15-12-17 00:19:13 [INFO] [OctoBans] PseudooNull punished ourox_ for: Provocation
15-12-17 00:20:22 [INFO] [OctoBans] PseudooNull punished exozgames for: Double Poste
15-12-17 00:20:47 [INFO] [OctoBans] ourox_ sql checked, record: insulte by Ourox_ to 1512162162
15-12-17 00:20:47 [INFO] [OctoBans] ourox_ sql checked, record: insulte by Ourox_ to 1512588222
15-12-17 00:20:47 [INFO] [OctoBans] ourox_ sql checked, record: doubleposte by Ourox_ to 1512585859
15-12-17 00:20:47 [INFO] [OctoBans] ourox_ sql checked, record: provocation by Ourox_ to 1512585954
15-12-17 00:20:47 [INFO] [OctoBans] ourox_ sql checked, record: doubleposte by Ourox_ to 1512591659
15-12-17 00:20:47 [INFO] [OctoBans] ourox_ sql checked, record: doubleposte by Ourox_ to 1512586296
15-12-17 00:20:47 [INFO] [OctoBans] ourox_ sql checked, record: doubleposte by Ourox_ to 1512587020
15-12-17 00:20:47 [INFO] [OctoBans] ourox_ sql checked, record: doubleposte by Ourox_ to 1512588594
15-12-17 00:20:47 [INFO] [OctoBans] ourox_ sql checked, record: doubleposte by Ourox_ to 1512589981
15-12-17 00:20:47 [INFO] [OctoBans] ourox_ sql checked, record: doubleposte by Ourox_ to 1512590726
15-12-17 00:20:47 [INFO] [OctoBans] ourox_ sql checked, record: spammp by Ourox_ to -1
15-12-17 00:20:47 [INFO] [OctoBans] ourox_ sql checked, record: insulte by Ourox_ to 1512703714
15-12-17 00:21:44 [INFO] [OctoBans] PseudooNull punished grenousse_pvp for: Provocation
15-12-17 00:24:54 [INFO] [OctoBans] ourox_ sql checked, record: insulte by Ourox_ to 1512162162
15-12-17 00:24:54 [INFO] [OctoBans] ourox_ sql checked, record: insulte by Ourox_ to 1512588222
15-12-17 00:24:54 [INFO] [OctoBans] ourox_ sql checked, record: doubleposte by Ourox_ to 1512585859
15-12-17 00:24:54 [INFO] [OctoBans] ourox_ sql checked, record: provocation by Ourox_ to 1512585954
15-12-17 00:24:54 [INFO] [OctoBans] ourox_ sql checked, record: doubleposte by Ourox_ to 1512591659
15-12-17 00:24:54 [INFO] [OctoBans] ourox_ sql checked, record: doubleposte by Ourox_ to 1512586296
15-12-17 00:24:54 [INFO] [OctoBans] ourox_ sql checked, record: doubleposte by Ourox_ to 1512587020
15-12-17 00:24:54 [INFO] [OctoBans] ourox_ sql checked, record: doubleposte by Ourox_ to 1512588594
15-12-17 00:24:54 [INFO] [OctoBans] ourox_ sql checked, record: doubleposte by Ourox_ to 1512589981
15-12-17 00:24:54 [INFO] [OctoBans] ourox_ sql checked, record: doubleposte by Ourox_ to 1512590726
15-12-17 00:24:54 [INFO] [OctoBans] ourox_ sql checked, record: spammp by Ourox_ to -1
15-12-17 00:24:54 [INFO] [OctoBans] ourox_ sql checked, record: insulte by Ourox_ to 1512703714
15-12-17 00:25:36 [INFO] [OctoBans] grenousse_pvp sql checked, record: spammp by SmooKeur to -1
15-12-17 00:25:36 [INFO] [OctoBans] grenousse_pvp sql checked, record: provocation by PseudooNull to 1513294304
15-12-17 00:26:11 [INFO] [OctoBans] xx_after_xx sql checked, record: spammp by FiasK0 to -1
15-12-17 00:31:48 [INFO] [OctoBans] PseudooNull punished aigle_pala for: Spam/flood
15-12-17 00:33:52 [INFO] [OctoBans] PseudooNull punished xx_yz_xx for: Double Poste
15-12-17 00:34:43 [INFO] [OctoBans] PseudooNull punished ourox_ for: Provocation
15-12-17 00:35:44 [INFO] [OctoBans] ourox_ sql checked, record: provocation by PseudooNull to 1513296283
15-12-17 00:35:44 [INFO] [OctoBans] ourox_ sql checked, record: insulte by Ourox_ to 1512162162
15-12-17 00:35:44 [INFO] [OctoBans] ourox_ sql checked, record: insulte by Ourox_ to 1512588222
15-12-17 00:35:44 [INFO] [OctoBans] ourox_ sql checked, record: doubleposte by Ourox_ to 1512585859
15-12-17 00:35:44 [INFO] [OctoBans] ourox_ sql checked, record: provocation by Ourox_ to 1512585954
15-12-17 00:35:44 [INFO] [OctoBans] ourox_ sql checked, record: doubleposte by Ourox_ to 1512591659
15-12-17 00:35:44 [INFO] [OctoBans] ourox_ sql checked, record: doubleposte by Ourox_ to 1512586296
15-12-17 00:35:44 [INFO] [OctoBans] ourox_ sql checked, record: doubleposte by Ourox_ to 1512587020
15-12-17 00:35:44 [INFO] [OctoBans] ourox_ sql checked, record: doubleposte by Ourox_ to 1512588594
15-12-17 00:35:44 [INFO] [OctoBans] ourox_ sql checked, record: doubleposte by Ourox_ to 1512589981
15-12-17 00:35:44 [INFO] [OctoBans] ourox_ sql checked, record: doubleposte by Ourox_ to 1512590726
15-12-17 00:35:44 [INFO] [OctoBans] ourox_ sql checked, record: spammp by Ourox_ to -1
15-12-17 00:35:44 [INFO] [OctoBans] ourox_ sql checked, record: insulte by Ourox_ to 1512703714
15-12-17 00:36:30 [INFO] [OctoBans] ourox_ sql checked, record: provocation by PseudooNull to 1513296283
15-12-17 00:36:30 [INFO] [OctoBans] ourox_ sql checked, record: insulte by Ourox_ to 1512162162
15-12-17 00:36:30 [INFO] [OctoBans] ourox_ sql checked, record: insulte by Ourox_ to 1512588222
15-12-17 00:36:30 [INFO] [OctoBans] ourox_ sql checked, record: doubleposte by Ourox_ to 1512585859
15-12-17 00:36:30 [INFO] [OctoBans] ourox_ sql checked, record: provocation by Ourox_ to 1512585954
15-12-17 00:36:30 [INFO] [OctoBans] ourox_ sql checked, record: doubleposte by Ourox_ to 1512591659
15-12-17 00:36:30 [INFO] [OctoBans] ourox_ sql checked, record: doubleposte by Ourox_ to 1512586296
15-12-17 00:36:30 [INFO] [OctoBans] ourox_ sql checked, record: doubleposte by Ourox_ to 1512587020
15-12-17 00:36:30 [INFO] [OctoBans] ourox_ sql checked, record: doubleposte by Ourox_ to 1512588594
15-12-17 00:36:30 [INFO] [OctoBans] ourox_ sql checked, record: doubleposte by Ourox_ to 1512589981
15-12-17 00:36:30 [INFO] [OctoBans] ourox_ sql checked, record: doubleposte by Ourox_ to 1512590726
15-12-17 00:36:30 [INFO] [OctoBans] ourox_ sql checked, record: spammp by Ourox_ to -1
15-12-17 00:36:30 [INFO] [OctoBans] ourox_ sql checked, record: insulte by Ourox_ to 1512703714
15-12-17 00:41:10 [INFO] [OctoBans] ourox_ sql checked, record: provocation by PseudooNull to 1513296283
15-12-17 00:41:10 [INFO] [OctoBans] ourox_ sql checked, record: insulte by Ourox_ to 1512162162
15-12-17 00:41:10 [INFO] [OctoBans] ourox_ sql checked, record: insulte by Ourox_ to 1512588222
15-12-17 00:41:10 [INFO] [OctoBans] ourox_ sql checked, record: doubleposte by Ourox_ to 1512585859
15-12-17 00:41:10 [INFO] [OctoBans] ourox_ sql checked, record: provocation by Ourox_ to 1512585954
15-12-17 00:41:10 [INFO] [OctoBans] ourox_ sql checked, record: doubleposte by Ourox_ to 1512591659
15-12-17 00:41:10 [INFO] [OctoBans] ourox_ sql checked, record: doubleposte by Ourox_ to 1512586296
15-12-17 00:41:10 [INFO] [OctoBans] ourox_ sql checked, record: doubleposte by Ourox_ to 1512587020
15-12-17 00:41:10 [INFO] [OctoBans] ourox_ sql checked, record: doubleposte by Ourox_ to 1512588594
15-12-17 00:41:10 [INFO] [OctoBans] ourox_ sql checked, record: doubleposte by Ourox_ to 1512589981
15-12-17 00:41:10 [INFO] [OctoBans] ourox_ sql checked, record: doubleposte by Ourox_ to 1512590726
15-12-17 00:41:10 [INFO] [OctoBans] ourox_ sql checked, record: spammp by Ourox_ to -1
15-12-17 00:41:10 [INFO] [OctoBans] ourox_ sql checked, record: insulte by Ourox_ to 1512703714
15-12-17 01:25:31 [INFO] [OctoBans] ahmed9 sql checked, record: spammp by ToXiCz_TV to -1
15-12-17 01:55:36 [INFO] [OctoBans] zarteck09 sql checked, record: spammp by Hkz_Skillon to -1
15-12-17 01:55:36 [INFO] [OctoBans] zarteck09 sql checked, record: spammp by MrKebab to -1
15-12-17 02:51:44 [INFO] [OctoBans] xpowaaa sql checked, record: spamfopen by Remil to 1513379118
15-12-17 06:01:01 [INFO] [OctoBans] Disabling OctoBans v1.0
