20-11-17 22:31:42 [INFO] [OctoBans] File Handler successfully initialized!
20-11-17 22:31:42 [INFO] [OctoBans] SQL connection successfully etablished
20-11-17 22:31:42 [INFO] [OctoBans] Moderator Tools by Octonia.
20-11-17 22:31:48 [INFO] [OctoBans] the_slash sql checked, record: spammp by pepedjo to -1
20-11-17 22:31:48 [INFO] [OctoBans] seyyde_ sql checked, record: spammp by Gamer09 to -1
20-11-17 22:31:48 [INFO] [OctoBans] seyyde_ sql checked, record: doubleposte by NiceFR to 1511213860
20-11-17 22:31:58 [INFO] [OctoBans] tifou_fou sql checked, record: insultegrave by LaKitaw to 1511233399
20-11-17 22:32:08 [INFO] [OctoBans] tyzaa sql checked, record: spammp by Zoseq to -1
20-11-17 22:32:08 [INFO] [OctoBans] tyzaa sql checked, record: spammp by FiasK0 to -1
20-11-17 22:32:08 [INFO] [OctoBans] tyzaa sql checked, record: insulte by NeyTox to 1511218906
20-11-17 22:32:08 [INFO] [OctoBans] tyzaa sql checked, record: insultegrave by Evolze to 1511245209
20-11-17 22:32:08 [INFO] [OctoBans] tyzaa sql checked, record: spammp by Evolze to -1
20-11-17 22:32:10 [INFO] [OctoBans] virocl sql checked, record: spammp by drbrine to -1
20-11-17 22:32:14 [INFO] [OctoBans] azizlapoite sql checked, record: spammp by FiasK0 to -1
20-11-17 22:32:35 [INFO] [OctoBans] NeyTox punished jennairredesa for: TpKill
20-11-17 22:35:02 [INFO] [OctoBans] NeyTox punished titifouini for: Insulte
20-11-17 22:35:09 [INFO] [OctoBans] NeyTox punished the_slash for: Insulte
20-11-17 22:37:31 [INFO] [OctoBans] leminecraftien80 sql checked, record: spammp by infinitim to -1
20-11-17 22:37:31 [INFO] [OctoBans] leminecraftien80 sql checked, record: spammp by Zoseq to -1
20-11-17 22:37:31 [INFO] [OctoBans] leminecraftien80 sql checked, record: spammp by FiasK0 to -1
20-11-17 22:37:31 [INFO] [OctoBans] leminecraftien80 sql checked, record: insultegrave by NeyTox to 1511405888
20-11-17 22:37:31 [INFO] [OctoBans] leminecraftien80 sql checked, record: insultegrave by Evolze to 1511487562
20-11-17 22:37:31 [INFO] [OctoBans] leminecraftien80 sql checked, record: insultegrave by Evolze to 1511523628
20-11-17 22:37:31 [INFO] [OctoBans] leminecraftien80 sql checked, record: insultegrave by EGGSPLOSION to 1511570649
20-11-17 22:37:31 [INFO] [OctoBans] leminecraftien80 sql checked, record: spammp by SkillBOotiiS to -1
20-11-17 22:38:04 [INFO] [OctoBans] fiask0 sql checked, record: spammp by FiasK0 to -1
20-11-17 22:38:15 [INFO] [OctoBans] fabio sql checked, record: spammp by Remil to -1
20-11-17 22:38:15 [INFO] [OctoBans] fabio sql checked, record: spammp by Remil to -1
20-11-17 22:38:15 [INFO] [OctoBans] fabio sql checked, record: spammp by EGGSPLOSION to -1
20-11-17 22:38:15 [INFO] [OctoBans] fabio sql checked, record: insultegrave by drbrine to 1511323518
20-11-17 22:38:15 [INFO] [OctoBans] fabio sql checked, record: insultegrave by drbrine to 1511359563
20-11-17 22:38:15 [INFO] [OctoBans] fabio sql checked, record: spammp by drbrine to -1
20-11-17 22:38:15 [INFO] [OctoBans] fabio sql checked, record: insultestaff by NeyTox to 1511313352
20-11-17 22:38:53 [INFO] [OctoBans] drbrine punished the_slash for: Spam/flood en MP
20-11-17 22:45:04 [INFO] [OctoBans] minemove sql checked, record: insultegrave by OCIP_Matth to 1511245027
20-11-17 22:55:42 [INFO] [OctoBans] OCIP_Matth punished romudu269 for: Provocation
20-11-17 22:55:55 [INFO] [OctoBans] OCIP_Matth punished shimo_ for: Provocation
20-11-17 22:59:14 [INFO] [OctoBans] _dragibus_ sql checked, record: spammp by FiasK0 to -1
20-11-17 23:00:36 [INFO] [OctoBans] sigmoz sql checked, record: spammp by KelianHD to -1
20-11-17 23:02:18 [INFO] [OctoBans] drbrine punished zefrozekilleur for: Insulte
20-11-17 23:02:48 [INFO] [OctoBans] kakakiki sql checked, record: spammp by ToXiCz_TV to -1
20-11-17 23:03:18 [INFO] [OctoBans] NeyTox punished zenoxgame for: Spam /f tag
20-11-17 23:03:28 [INFO] [OctoBans] yeti2001vd sql checked, record: spammp by Frite_Merguez to -1
20-11-17 23:03:28 [INFO] [OctoBans] yeti2001vd sql checked, record: insultegrave by SkillBOotiiS to 1511267389
20-11-17 23:03:28 [INFO] [OctoBans] yeti2001vd sql checked, record: spammp by FiasK0 to -1
20-11-17 23:03:35 [INFO] [OctoBans] NeyTox punished zefrozekilleur for: Spam /f tag
20-11-17 23:12:49 [INFO] [OctoBans] drbrine punished _rubilax for: Insulte
20-11-17 23:16:19 [INFO] [OctoBans] blackwhite010 sql checked, record: spammp by drbrine to -1
20-11-17 23:16:19 [INFO] [OctoBans] blackwhite010 sql checked, record: spammp by drbrine to -1
20-11-17 23:16:19 [INFO] [OctoBans] blackwhite010 sql checked, record: spammp by drbrine to -1
20-11-17 23:22:31 [INFO] [OctoBans] woimant punished sangoku for: Provocation
20-11-17 23:39:52 [INFO] [OctoBans] drbrine punished famousxray for: Provocation
20-11-17 23:40:13 [INFO] [OctoBans] drbrine punished blackwhite010 for: Provocation
20-11-17 23:52:15 [INFO] [OctoBans] aexraptorz sql checked, record: spammp by Remil to -1
21-11-17 00:03:48 [INFO] [OctoBans] serge58 sql checked, record: spammp by pepedjo to -1
21-11-17 00:03:48 [INFO] [OctoBans] serge58 sql checked, record: spammp by tinmar to -1
21-11-17 00:24:58 [INFO] [OctoBans] swichdi sql checked, record: spammp by Gamer09 to -1
21-11-17 04:59:10 [INFO] [OctoBans] dark_t0x sql checked, record: spammp by NiceFR to -1
21-11-17 06:01:01 [INFO] [OctoBans] Disabling OctoBans v1.0
