16-11-17 22:31:42 [INFO] [OctoBans] File Handler successfully initialized!
16-11-17 22:31:42 [INFO] [OctoBans] SQL connection successfully etablished
16-11-17 22:31:42 [INFO] [OctoBans] Moderator Tools by Octonia.
16-11-17 22:31:47 [INFO] [OctoBans] blackwhite010 sql checked, record: spammp by drbrine to -1
16-11-17 22:31:47 [INFO] [OctoBans] spark sql checked, record: faussesinfos by Remil to 1510937772
16-11-17 22:31:47 [INFO] [OctoBans] rality80 sql checked, record: doubleposte by NeyTox to 1510869563
16-11-17 22:31:47 [INFO] [OctoBans] creeperking7 sql checked, record: majuscule by Remil to 1510868446
16-11-17 22:31:47 [INFO] [OctoBans] dodole1 sql checked, record: spammp by PoukoaMoa to -1
16-11-17 22:31:47 [INFO] [OctoBans] dodole1 sql checked, record: spammp by OCIP_Matth to -1
16-11-17 22:31:47 [INFO] [OctoBans] fiask0 sql checked, record: spammp by FiasK0 to -1
16-11-17 22:31:51 [INFO] [OctoBans] ozmog_yt sql checked, record: spammp by Remil to -1
16-11-17 22:31:51 [INFO] [OctoBans] ozmog_yt sql checked, record: spammp by OCIP_Matth to -1
16-11-17 22:31:51 [INFO] [OctoBans] ozmog_yt sql checked, record: spammp by KelianHD to -1
16-11-17 22:31:57 [INFO] [OctoBans] darryl1 sql checked, record: spammp by FiasK0 to -1
16-11-17 22:32:01 [INFO] [OctoBans] aexraptorz sql checked, record: spammp by Remil to -1
16-11-17 22:32:05 [INFO] [OctoBans] fabio sql checked, record: spammp by Remil to -1
16-11-17 22:32:05 [INFO] [OctoBans] fabio sql checked, record: insultegrave by OCIP_Matth to 1510962145
16-11-17 22:32:05 [INFO] [OctoBans] fabio sql checked, record: spammp by Remil to -1
16-11-17 22:32:16 [INFO] [OctoBans] starman54 sql checked, record: doubleposte by EGGSPLOSION to 1510868073
16-11-17 22:32:27 [INFO] [OctoBans] kimoli sql checked, record: spammp by NeyTox to -1
16-11-17 22:32:27 [INFO] [OctoBans] kimoli sql checked, record: spammp by NeyTox to -1
16-11-17 22:32:27 [INFO] [OctoBans] kimoli sql checked, record: spammp by NeyTox to -1
16-11-17 22:32:27 [INFO] [OctoBans] kimoli sql checked, record: spammp by NeyTox to -1
16-11-17 22:32:27 [INFO] [OctoBans] kimoli sql checked, record: spammp by NeyTox to -1
16-11-17 22:32:27 [INFO] [OctoBans] kimoli sql checked, record: spammp by NeyTox to -1
16-11-17 22:32:27 [INFO] [OctoBans] kimoli sql checked, record: spammp by NeyTox to -1
16-11-17 22:32:27 [INFO] [OctoBans] kimoli sql checked, record: spammp by NeyTox to -1
16-11-17 22:32:27 [INFO] [OctoBans] kimoli sql checked, record: spammp by NeyTox to -1
16-11-17 22:32:27 [INFO] [OctoBans] kimoli sql checked, record: spammp by Remil to -1
16-11-17 22:32:27 [INFO] [OctoBans] kimoli sql checked, record: majuscule by NeyTox to 1510871100
16-11-17 22:32:31 [INFO] [OctoBans] the_slash sql checked, record: spammp by pepedjo to -1
16-11-17 22:32:45 [INFO] [OctoBans] swichdi sql checked, record: spammp by Gamer09 to -1
16-11-17 22:32:45 [INFO] [OctoBans] swichdi sql checked, record: insultegrave by LaKitaw to 1510889768
16-11-17 22:32:45 [INFO] [OctoBans] swichdi sql checked, record: insultegrave by LaKitaw to 1510925810
16-11-17 22:32:48 [INFO] [OctoBans] pablo sql checked, record: tpkill by Gamer09 to 1510947187
16-11-17 22:33:28 [INFO] [OctoBans] monstergamex7 sql checked, record: spammp by pepedjo to -1
16-11-17 22:36:27 [INFO] [OctoBans] pepsicoca sql checked, record: spammp by infinitim to -1
16-11-17 22:42:45 [INFO] [OctoBans] hkz_skillon sql checked, record: spammp by YTB_XxKarnageXx to -1
16-11-17 22:42:50 [INFO] [OctoBans] FiasK0 punished dodole1 for: Majuscule
16-11-17 22:49:37 [INFO] [OctoBans] thetombolla sql checked, record: spammp by EGGSPLOSION to -1
16-11-17 22:55:32 [INFO] [OctoBans] NeyTox punished arento for: Spam/flood
16-11-17 22:57:01 [INFO] [OctoBans] virocl sql checked, record: spammp by Antoine57565 to -1
16-11-17 22:58:06 [INFO] [OctoBans] NeyTox punished starman54 for: Double Poste
16-11-17 23:29:05 [INFO] [OctoBans] woimant punished rality80 for: Double Poste
16-11-17 23:30:33 [INFO] [OctoBans] superb3b3 sql checked, record: spammp by Evolze to -1
16-11-17 23:30:33 [INFO] [OctoBans] superb3b3 sql checked, record: spammp by Evolze to -1
16-11-17 23:47:25 [INFO] [OctoBans] NeyTox punished fabubu for: Majuscule
17-11-17 00:14:01 [INFO] [OctoBans] NeyTox punished agentbeffu2 for: Double Poste
17-11-17 00:14:12 [INFO] [OctoBans] killerboydu13 sql checked, record: spammp by Evolze to -1
17-11-17 00:14:12 [INFO] [OctoBans] killerboydu13 sql checked, record: spammp by KelianHD to -1
17-11-17 00:14:12 [INFO] [OctoBans] killerboydu13 sql checked, record: spammp by OCIP_Matth to -1
17-11-17 06:01:01 [INFO] [OctoBans] Disabling OctoBans v1.0
