01-10-17 22:31:43 [INFO] [OctoBans] File Handler successfully initialized!
01-10-17 22:31:43 [INFO] [OctoBans] SQL connection successfully etablished
01-10-17 22:31:43 [INFO] [OctoBans] Moderator Tools by Octonia.
01-10-17 22:31:49 [INFO] [OctoBans] humanity_ sql checked, record: insultegrave by Antoine57565 to 1506947801
01-10-17 22:31:49 [INFO] [OctoBans] _topui_ sql checked, record: spammp by ZerKup to -1
01-10-17 22:31:49 [INFO] [OctoBans] _topui_ sql checked, record: majuscule by EGGSPLOSION to 1506894325
01-10-17 22:31:49 [INFO] [OctoBans] vagosts sql checked, record: insultegrave by NeyTox to 1507116396
01-10-17 22:31:49 [INFO] [OctoBans] vagosts sql checked, record: provocation by EGGSPLOSION to 1506890370
01-10-17 22:31:56 [INFO] [OctoBans] _theodu13_ sql checked, record: spammp by Remil to -1
01-10-17 22:32:06 [INFO] [OctoBans] minethuglife sql checked, record: doubleposte by Remil to 1506890329
01-10-17 22:33:01 [INFO] [OctoBans] mohamedia sql checked, record: incitationflood by YTB_XxKarnageXx to 1506893426
01-10-17 22:33:57 [INFO] [OctoBans] karlwill sql checked, record: spammp by Remil to -1
01-10-17 22:33:57 [INFO] [OctoBans] karlwill sql checked, record: spammp by YTB_XxKarnageXx to -1
01-10-17 22:34:36 [INFO] [OctoBans] zighapvp sql checked, record: spammp by YTB_XxKarnageXx to -1
01-10-17 22:34:36 [INFO] [OctoBans] zighapvp sql checked, record: incitationflood by TheBrioche13 to 1507049383
01-10-17 22:35:21 [INFO] [OctoBans] unnainportant sql checked, record: doubleposte by EGGSPLOSION to 1506890982
01-10-17 22:35:25 [INFO] [OctoBans] Remil punished zighapvp for: Spam/flood en MP
01-10-17 22:35:59 [INFO] [OctoBans] superb3b3 sql checked, record: spammp by Remil to -1
01-10-17 22:35:59 [INFO] [OctoBans] superb3b3 sql checked, record: spammp by Remil to -1
01-10-17 22:35:59 [INFO] [OctoBans] superb3b3 sql checked, record: spam by EGGSPLOSION to 1506934346
01-10-17 22:38:34 [INFO] [OctoBans] _topui_ sql checked, record: spammp by ZerKup to -1
01-10-17 22:38:34 [INFO] [OctoBans] _topui_ sql checked, record: majuscule by EGGSPLOSION to 1506894325
01-10-17 22:41:15 [INFO] [OctoBans] molotof sql checked, record: faussesinfos by woimant to 1506940659
01-10-17 22:44:46 [INFO] [OctoBans] beatsaudio sql checked, record: multicompte by Remil to -1
01-10-17 23:04:25 [INFO] [OctoBans] ViRoCl punished unnainportant for: Double Poste
01-10-17 23:13:49 [INFO] [OctoBans] sqkaa_ sql checked, record: spammp by Remil to -1
01-10-17 23:13:49 [INFO] [OctoBans] sqkaa_ sql checked, record: spammp by Remil to -1
01-10-17 23:13:49 [INFO] [OctoBans] sqkaa_ sql checked, record: spammp by Remil to -1
01-10-17 23:13:52 [INFO] [OctoBans] ViRoCl punished aparia for: Double Poste
01-10-17 23:24:22 [INFO] [OctoBans] _Hello_Kitty punished bernar for: Double Poste
01-10-17 23:25:35 [INFO] [OctoBans] Shouteur punished zeref_ytb for: Majuscule
01-10-17 23:26:16 [INFO] [OctoBans] ededed91 sql checked, record: spammp by SkyKosIV to -1
01-10-17 23:26:16 [INFO] [OctoBans] ededed91 sql checked, record: spammp by Remil to -1
01-10-17 23:38:48 [INFO] [OctoBans] ViRoCl punished annonei for: Double Poste
01-10-17 23:43:05 [INFO] [OctoBans] ViRoCl punished ozio_ques for: Provocation
02-10-17 00:05:09 [INFO] [OctoBans] ViRoCl punished xwakez for: Langage incorrect
02-10-17 00:20:58 [INFO] [OctoBans] ViRoCl punished unnainportant for: Spam/flood
02-10-17 00:25:11 [INFO] [OctoBans] ViRoCl punished kevin7589 for: Double Poste
02-10-17 00:27:55 [INFO] [OctoBans] ViRoCl punished nofqke_e for: Langage incorrect
02-10-17 00:39:19 [INFO] [OctoBans] ViRoCl punished ozio_ques for: Provocation
02-10-17 00:55:57 [INFO] [OctoBans] ViRoCl punished tenpouce for: Double Poste
02-10-17 01:01:03 [INFO] [OctoBans] ViRoCl punished sawidead for: Provocation
02-10-17 01:02:12 [INFO] [OctoBans] NeyTox punished wazhrod for: Double Poste
02-10-17 01:29:42 [INFO] [OctoBans] ViRoCl punished nofqke_e for: Insulte grave
02-10-17 01:55:16 [INFO] [OctoBans] ViRoCl punished sqkaa_ for: Double Poste
02-10-17 02:07:03 [INFO] [OctoBans] ViRoCl punished sydrofight for: Insulte grave
02-10-17 02:07:12 [INFO] [OctoBans] ViRoCl punished karlwill for: Provocation
02-10-17 02:27:15 [INFO] [OctoBans] ViRoCl punished kainoa for: Langage incorrect
02-10-17 02:30:34 [INFO] [OctoBans] ViRoCl punished virocl for: Double Poste
02-10-17 03:05:41 [INFO] [OctoBans] NeyTox punished darkilleur63 for: Insulte staff
02-10-17 04:02:39 [INFO] [OctoBans] NeyTox punished kainoa for: Double Poste
02-10-17 04:20:09 [INFO] [OctoBans] darkilleur63 sql checked, record: insultestaff by NeyTox to 1506942341
02-10-17 06:01:01 [INFO] [OctoBans] Disabling OctoBans v1.0
