04-06-17 22:31:42 [INFO] [OctoBans] File Handler successfully initialized!
04-06-17 22:31:42 [INFO] [OctoBans] SQL connection successfully etablished
04-06-17 22:31:42 [INFO] [OctoBans] Moderator Tools by Octonia.
04-06-17 22:31:47 [INFO] [OctoBans] izi_les_byy sql checked, record: insultegrave by Steph078 to 1496614276
04-06-17 22:31:47 [INFO] [OctoBans] bananna_yt sql checked, record: spammp by YTB_XxKarnageXx to -1
04-06-17 22:31:47 [INFO] [OctoBans] pandazzz sql checked, record: spam by SuperJojo to 1496608915
04-06-17 22:31:47 [INFO] [OctoBans] itz_smokew33d sql checked, record: spammp by Remil to -1
04-06-17 22:31:47 [INFO] [OctoBans] ew3l sql checked, record: spammp by SnowEffect to -1
04-06-17 22:31:47 [INFO] [OctoBans] phoenix_o sql checked, record: spam by SnowEffect to 1496608935
04-06-17 22:31:47 [INFO] [OctoBans] singe_de_telfort sql checked, record: spammp by SuperJojo to -1
04-06-17 22:31:47 [INFO] [OctoBans] singe_de_telfort sql checked, record: kickautre by Steph078 to -1
04-06-17 22:31:47 [INFO] [OctoBans] singe_de_telfort sql checked, record: spammp by SuperJojo to -1
04-06-17 22:31:47 [INFO] [OctoBans] superjojo sql checked, record: spammp by SkyKosIV to -1
04-06-17 22:31:47 [INFO] [OctoBans] gamix_yt sql checked, record: spammp by SkyKosIV to -1
04-06-17 22:31:47 [INFO] [OctoBans] gamix_yt sql checked, record: spammp by Steph078 to -1
04-06-17 22:31:51 [INFO] [OctoBans] fabio sql checked, record: spammp by Remil to -1
04-06-17 22:31:52 [INFO] [OctoBans] killerstan2424 sql checked, record: spammp by Remil to -1
04-06-17 22:31:52 [INFO] [OctoBans] killerstan2424 sql checked, record: insulte by Elyxir to 1496612015
04-06-17 22:31:54 [INFO] [OctoBans] _dragibus_ sql checked, record: spammp by Remil to -1
04-06-17 22:31:54 [INFO] [OctoBans] _dragibus_ sql checked, record: spammp by Remil to -1
04-06-17 22:31:54 [INFO] [OctoBans] _dragibus_ sql checked, record: spammp by Remil to -1
04-06-17 22:31:55 [INFO] [OctoBans] matgone01 sql checked, record: spammp by SuperJojo to -1
04-06-17 22:31:55 [INFO] [OctoBans] matgone01 sql checked, record: doubleposte by Forway to 1496609926
04-06-17 22:31:58 [INFO] [OctoBans] chirak_sama sql checked, record: insulte by zlKayzen to 1496609312
04-06-17 22:32:03 [INFO] [OctoBans] sirusex sql checked, record: spammp by Steph078 to -1
04-06-17 22:32:03 [INFO] [OctoBans] sirusex sql checked, record: spammp by Steph078 to -1
04-06-17 22:32:03 [INFO] [OctoBans] sirusex sql checked, record: spammp by SkyKosIV to -1
04-06-17 22:32:03 [INFO] [OctoBans] sirusex sql checked, record: spammp by SkyKosIV to -1
04-06-17 22:32:04 [INFO] [OctoBans] holympe sql checked, record: faussesinfos by Theo97 to 1496652834
04-06-17 22:32:10 [INFO] [OctoBans] neoxgaming sql checked, record: spammp by SuperJojo to -1
04-06-17 22:32:10 [INFO] [OctoBans] neoxgaming sql checked, record: spammp by SuperJojo to -1
04-06-17 22:32:12 [INFO] [OctoBans] zarconia sql checked, record: incitationflood by YTB_XxKarnageXx to 1496683710
04-06-17 22:32:15 [INFO] [OctoBans] sportek_ sql checked, record: spammp by SkyKosIV to -1
04-06-17 22:32:20 [INFO] [OctoBans] loupbeurette sql checked, record: spam by SuperJojo to 1496611610
04-06-17 22:32:27 [INFO] [OctoBans] SuperJojo punished zerkup for: Spam/flood en MP
04-06-17 22:32:27 [INFO] [OctoBans] logamer sql checked, record: spam by SnowEffect to 1496608946
04-06-17 22:32:38 [INFO] [OctoBans] apex_blam sql checked, record: spammp by YTB_XxKarnageXx to -1
04-06-17 22:32:38 [INFO] [OctoBans] apex_blam sql checked, record: spam by Elyxir to 1496612362
04-06-17 22:32:52 [INFO] [OctoBans] jojofaitdugaming sql checked, record: incitationflood by SuperJojo to 1496680519
04-06-17 22:32:52 [INFO] [OctoBans] jojofaitdugaming sql checked, record: spammp by SuperJojo to -1
04-06-17 22:32:54 [INFO] [OctoBans] sifri59xd sql checked, record: spam by SuperJojo to 1496611279
04-06-17 22:33:14 [INFO] [OctoBans] liltossman41 sql checked, record: spammp by Remil to -1
04-06-17 22:33:16 [INFO] [OctoBans] theo_pveur sql checked, record: spammp by Remil to -1
04-06-17 22:33:28 [INFO] [OctoBans] syrox_ytb sql checked, record: insultegrave by SuperJojo to 1496615610
04-06-17 22:33:28 [INFO] [OctoBans] fantik099 sql checked, record: insultestaff by Forway to 1496623495
04-06-17 22:33:34 [INFO] [OctoBans] inagames sql checked, record: doubleposte by Forway to 1496608517
04-06-17 22:33:36 [INFO] [OctoBans] whiskass sql checked, record: spammp by SuperJojo to -1
04-06-17 22:33:42 [INFO] [OctoBans] xxbossteamxx sql checked, record: spammp by SuperJojo to -1
04-06-17 22:33:42 [INFO] [OctoBans] xxbossteamxx sql checked, record: spammp by SkyKosIV to -1
04-06-17 22:33:42 [INFO] [OctoBans] xxbossteamxx sql checked, record: spammp by SnowEffect to -1
04-06-17 22:33:42 [INFO] [OctoBans] xxbossteamxx sql checked, record: spammp by SnowEffect to -1
04-06-17 22:33:42 [INFO] [OctoBans] xxbossteamxx sql checked, record: spammp by Remil to -1
04-06-17 22:33:54 [INFO] [OctoBans] ocip_matth sql checked, record: spammp by ZerKup to -1
04-06-17 22:33:54 [INFO] [OctoBans] ocip_matth sql checked, record: spammp by SuperJojo to -1
04-06-17 22:33:54 [INFO] [OctoBans] ocip_matth sql checked, record: kickautre by Steph078 to -1
04-06-17 22:33:54 [INFO] [OctoBans] ocip_matth sql checked, record: insultegrave by Theo97 to 1496633099
04-06-17 22:34:00 [INFO] [OctoBans] pppuissance sql checked, record: kickautre by Steph078 to -1
04-06-17 22:34:08 [INFO] [OctoBans] _thenovagaming sql checked, record: insultegrave by ZerKup to 1496645793
04-06-17 22:34:10 [INFO] [OctoBans] paulin009 sql checked, record: incitationflood by SnowEffect to 1496776683
04-06-17 22:34:12 [INFO] [OctoBans] 120403jean sql checked, record: spammp by Remil to -1
04-06-17 22:34:22 [INFO] [OctoBans] darkai76 sql checked, record: kickautre by Steph078 to -1
04-06-17 22:34:22 [INFO] [OctoBans] darkai76 sql checked, record: faussesinfos by SuperJojo to 1496674495
04-06-17 22:34:22 [INFO] [OctoBans] darkai76 sql checked, record: kickautre by Antoine57565 to -1
04-06-17 22:34:26 [INFO] [OctoBans] by_fayth sql checked, record: spammp by SuperJojo to -1
04-06-17 22:34:26 [INFO] [OctoBans] by_fayth sql checked, record: spammp by YTB_XxKarnageXx to -1
04-06-17 22:34:35 [INFO] [OctoBans] mgk_tozzzz sql checked, record: spammp by SnowEffect to -1
04-06-17 22:34:35 [INFO] [OctoBans] hugochief63 sql checked, record: insultegrave by PseudoNul to 1496615626
04-06-17 22:34:36 [INFO] [OctoBans] erinoxlx sql checked, record: kickautre by Steph078 to -1
04-06-17 22:34:54 [INFO] [OctoBans] vanzaxelyt sql checked, record: doubleposte by Forway to 1496608531
04-06-17 22:34:54 [INFO] [OctoBans] vanzaxelyt sql checked, record: spam by SuperJojo to 1496611856
04-06-17 22:34:58 [INFO] [OctoBans] 54melih54 punished ededed81 for: Spam/flood
04-06-17 22:35:12 [INFO] [OctoBans] ray54 sql checked, record: spammp by SuperJojo to -1
04-06-17 22:35:20 [INFO] [OctoBans] toxicz_tv sql checked, record: spam by SuperJojo to 1496610913
04-06-17 22:35:28 [INFO] [OctoBans] jteezenclaquet sql checked, record: kickautre by Steph078 to -1
04-06-17 22:35:29 [INFO] [OctoBans] skypemod sql checked, record: spammp by YTB_XxKarnageXx to -1
04-06-17 22:35:47 [INFO] [OctoBans] lefifoudu3 sql checked, record: faussesinfos by SkyKosIV to 1496614743
04-06-17 22:35:48 [INFO] [OctoBans] lassa18 sql checked, record: spammp by Remil to -1
04-06-17 22:35:54 [INFO] [OctoBans] fulse50 sql checked, record: spammp by SnowEffect to -1
04-06-17 22:35:57 [INFO] [OctoBans] wolfgang sql checked, record: insultestaff by Elyxir to 1496644239
04-06-17 22:36:16 [INFO] [OctoBans] benji258 sql checked, record: faussesinfos by SkyKosIV to 1496616215
04-06-17 22:36:22 [INFO] [OctoBans] grm25 sql checked, record: spammp by SuperJojo to -1
04-06-17 22:36:32 [INFO] [OctoBans] anguille sql checked, record: spammp by SkyKosIV to -1
04-06-17 22:36:40 [INFO] [OctoBans] Elyxir punished wolfgang for: Insulte grave
04-06-17 22:37:06 [INFO] [OctoBans] blackpvp978655 sql checked, record: pubyt by ZerKup to 1496611251
04-06-17 22:37:22 [INFO] [OctoBans] SuperJojo punished deniz for: Double Poste
04-06-17 22:37:24 [INFO] [OctoBans] yannpvp65 sql checked, record: spammp by SuperJojo to -1
04-06-17 22:37:28 [INFO] [OctoBans] SuperJojo punished grm25 for: Double Poste
04-06-17 22:37:28 [INFO] [OctoBans] selim45 sql checked, record: doubleposte by Forway to 1496609354
04-06-17 22:37:28 [INFO] [OctoBans] selim45 sql checked, record: spam by Forway to 1496618079
04-06-17 22:37:53 [INFO] [OctoBans] kanekiiiii sql checked, record: kickautre by Steph078 to -1
04-06-17 22:37:53 [INFO] [OctoBans] kanekiiiii sql checked, record: spammp by Remil to -1
04-06-17 22:37:53 [INFO] [OctoBans] kanekiiiii sql checked, record: spammp by Remil to -1
04-06-17 22:38:26 [INFO] [OctoBans] sky_shote sql checked, record: spam by SuperJojo to 1496611061
04-06-17 22:38:44 [INFO] [OctoBans] paupaudu31 sql checked, record: insultestaff by Forway to 1496628421
04-06-17 22:38:51 [INFO] [OctoBans] samybg sql checked, record: spammp by Remil to -1
04-06-17 22:40:43 [INFO] [OctoBans] ZerKup punished harkz for: Spam/flood
04-06-17 22:40:51 [INFO] [OctoBans] SuperJojo punished theo19 for: Insulte
04-06-17 22:41:03 [INFO] [OctoBans] SuperJojo punished nelstrik for: Provocation
04-06-17 22:41:13 [INFO] [OctoBans] ZerKup punished leo2316 for: Majuscule
04-06-17 22:41:20 [INFO] [OctoBans] ZerKup punished siruse for: Double Poste
04-06-17 22:41:27 [INFO] [OctoBans] ZerKup punished theo19 for: Insulte grave
04-06-17 22:41:34 [INFO] [OctoBans] Elyxir punished alexbrioche for: Spam/flood
04-06-17 22:41:40 [INFO] [OctoBans] SuperJojo punished ray54 for: Insulte grave
04-06-17 22:42:28 [INFO] [OctoBans] Forway punished vagosts for: Spam/flood
04-06-17 22:42:33 [INFO] [OctoBans] 54melih54 punished leminecraftien80 for: Majuscule
04-06-17 22:42:47 [INFO] [OctoBans] SuperJojo punished didi for: Double Poste
04-06-17 22:43:31 [INFO] [OctoBans] zlKayzen punished kindoor for: Insulte
04-06-17 22:44:33 [INFO] [OctoBans] Elyxir punished misterblazing for: Spam/flood
04-06-17 22:45:45 [INFO] [OctoBans] SuperJojo punished xxetienne068xx for: Double Poste
04-06-17 22:47:56 [INFO] [OctoBans] lavache sql checked, record: spammp by SkyKosIV to -1
04-06-17 22:48:34 [INFO] [OctoBans] zrk_warthog sql checked, record: spammp by Remil to -1
04-06-17 22:49:26 [INFO] [OctoBans] pioupiou2002 sql checked, record: spam by Elyxir to 1496621539
04-06-17 22:50:24 [INFO] [OctoBans] Elyxir punished savatoi for: Spam/flood
04-06-17 22:51:15 [INFO] [OctoBans] dodole1 sql checked, record: spammp by SuperJojo to -1
04-06-17 22:53:05 [INFO] [OctoBans] Elyxir punished ttot for: Spam/flood
04-06-17 22:53:49 [INFO] [OctoBans] jeteezragepas sql checked, record: spam by Forway to 1496615495
04-06-17 22:54:11 [INFO] [OctoBans] emre69 sql checked, record: faussesinfos by YTB_XxKarnageXx to 1496613489
04-06-17 22:57:09 [INFO] [OctoBans] iskeaz sql checked, record: spammp by SkyKosIV to -1
04-06-17 22:58:11 [INFO] [OctoBans] Forway punished bazaax for: Insulte serveur
04-06-17 22:59:36 [INFO] [OctoBans] SuperJojo punished benjam091 for: Double Poste
04-06-17 23:05:05 [INFO] [OctoBans] acos79 sql checked, record: spammp by YTB_XxKarnageXx to -1
04-06-17 23:05:05 [INFO] [OctoBans] acos79 sql checked, record: spammp by Steph078 to -1
04-06-17 23:07:54 [INFO] [OctoBans] zlKayzen punished xxfortmort for: Double Poste
04-06-17 23:08:37 [INFO] [OctoBans] SuperJojo punished pioupiou2003 for: Langage incorrect
04-06-17 23:08:47 [INFO] [OctoBans] arrowgaming sql checked, record: spammp by SkyKosIV to -1
04-06-17 23:14:17 [INFO] [OctoBans] Forway punished neoxgaming for: Spam/flood
04-06-17 23:15:31 [INFO] [OctoBans] zoroto sql checked, record: insultegrave by Forway to 1496633634
04-06-17 23:17:04 [INFO] [OctoBans] shouteur sql checked, record: spammp by Remil to -1
04-06-17 23:17:35 [INFO] [OctoBans] SuperJojo punished pandazzz for: Double Poste
04-06-17 23:18:42 [INFO] [OctoBans] lucas59261 sql checked, record: kickautre by ZerKup to -1
04-06-17 23:18:55 [INFO] [OctoBans] Elyxir punished xelio57 for: Spam/flood
04-06-17 23:20:45 [INFO] [OctoBans] Elyxir punished biscotte32 for: Provocation
04-06-17 23:31:02 [INFO] [OctoBans] romlcm89 sql checked, record: insultegrave by PseudoNul to 1496647370
04-06-17 23:37:17 [INFO] [OctoBans] Elyxir punished demon69 for: Spam/flood
04-06-17 23:41:08 [INFO] [OctoBans] Elyxir punished theoklm57 for: Spam/flood
04-06-17 23:43:37 [INFO] [OctoBans] anarchyzs sql checked, record: commercehorsserv by Steph078 to -1
04-06-17 23:43:41 [INFO] [OctoBans] Elyxir punished guezmann for: Majuscule
04-06-17 23:43:53 [INFO] [OctoBans] Elyxir punished xbiche13 for: Spam/flood
04-06-17 23:49:33 [INFO] [OctoBans] Elyxir punished poweray for: Majuscule
04-06-17 23:50:37 [INFO] [OctoBans] 54melih54 punished azway_yt for: Majuscule
04-06-17 23:51:02 [INFO] [OctoBans] Elyxir punished crazy_pvp for: Spam/flood
04-06-17 23:51:56 [INFO] [OctoBans] Elyxir punished teamomega for: Majuscule
04-06-17 23:52:22 [INFO] [OctoBans] Elyxir punished crazy_pvp for: Spam/flood
04-06-17 23:52:42 [INFO] [OctoBans] stonewolf sql checked, record: spammp by SuperJojo to -1
04-06-17 23:53:01 [INFO] [OctoBans] Elyxir punished petitsagi for: Spam/flood
04-06-17 23:54:35 [INFO] [OctoBans] Elyxir punished ozyrix for: Double Poste
04-06-17 23:55:24 [INFO] [OctoBans] walterwhite sql checked, record: faussesinfos by ZerKup to 1496769607
04-06-17 23:56:50 [INFO] [OctoBans] 54melih54 punished titeuf1709 for: Spam/flood
04-06-17 23:57:12 [INFO] [OctoBans] Kevdacosta punished redsquix for: Double Poste
04-06-17 23:57:15 [INFO] [OctoBans] redsquix sql checked, record: doubleposte by Kevdacosta to 1496614332
04-06-17 23:57:33 [INFO] [OctoBans] Kevdacosta punished dodole1 for: Spam/flood
05-06-17 00:00:06 [INFO] [OctoBans] reiikopvp sql checked, record: spammp by Remil to -1
05-06-17 00:02:21 [INFO] [OctoBans] safoufoucraft00 sql checked, record: spammp by YTB_XxKarnageXx to -1
05-06-17 00:06:33 [INFO] [OctoBans] Remil punished sheewar_ for: Double Poste
05-06-17 00:09:57 [INFO] [OctoBans] Kevdacosta punished blacknigth for: Double Poste
05-06-17 00:20:30 [INFO] [OctoBans] Kevdacosta punished korgnar for: Spam/flood
05-06-17 00:22:11 [INFO] [OctoBans] 54melih54 punished sportek_ for: Fausses informations
05-06-17 00:26:37 [INFO] [OctoBans] leoreko sql checked, record: incitationflood by Forway to 1496677322
05-06-17 00:30:12 [INFO] [OctoBans] Remil punished closte124 for: Provocation
05-06-17 00:30:58 [INFO] [OctoBans] xeloman sql checked, record: spammp by SnowEffect to -1
05-06-17 00:33:47 [INFO] [OctoBans] Remil punished miloud33 for: Insulte grave
05-06-17 00:39:18 [INFO] [OctoBans] ext4zzy sql checked, record: spammp by Remil to -1
05-06-17 00:39:18 [INFO] [OctoBans] ext4zzy sql checked, record: spammp by Remil to -1
05-06-17 00:39:18 [INFO] [OctoBans] ext4zzy sql checked, record: spammp by Remil to -1
05-06-17 00:39:18 [INFO] [OctoBans] ext4zzy sql checked, record: spammp by SuperJojo to -1
05-06-17 00:39:18 [INFO] [OctoBans] ext4zzy sql checked, record: kickautre by Steph078 to -1
05-06-17 00:39:18 [INFO] [OctoBans] ext4zzy sql checked, record: spammp by SuperJojo to -1
05-06-17 00:39:18 [INFO] [OctoBans] ext4zzy sql checked, record: spammp by Remil to -1
05-06-17 00:39:54 [INFO] [OctoBans] Remil punished sirusex for: Provocation
05-06-17 00:41:38 [INFO] [OctoBans] kill_ytb sql checked, record: tpkill by YTB_XxKarnageXx to 1496620517
05-06-17 00:43:56 [INFO] [OctoBans] 54melih54 punished sportek_ for: Insulte légère
05-06-17 00:44:18 [INFO] [OctoBans] Remil punished mightymouse_ for: Double Poste
05-06-17 00:44:56 [INFO] [OctoBans] Remil punished azr530 for: Spam/flood
05-06-17 00:55:24 [INFO] [OctoBans] Remil punished idarko_ for: Double Poste
05-06-17 01:01:08 [INFO] [OctoBans] 54melih54 punished omar for: Spam/flood
05-06-17 01:14:44 [INFO] [OctoBans] 54melih54 punished samu40 for: Majuscule
05-06-17 01:16:27 [INFO] [OctoBans] theoklm57 sql checked, record: spam by Elyxir to 1496619668
05-06-17 01:22:03 [INFO] [OctoBans] Remil punished kayzer95 for: Spam/flood
05-06-17 01:22:53 [INFO] [OctoBans] Remil punished swifer022 for: Double Poste
05-06-17 01:26:01 [INFO] [OctoBans] 54melih54 punished sportek_ for: Double Poste
05-06-17 01:27:42 [INFO] [OctoBans] imdylan sql checked, record: spammp by SnowEffect to -1
05-06-17 01:32:54 [INFO] [OctoBans] 54melih54 punished diablos367 for: Spam/flood
05-06-17 01:35:34 [INFO] [OctoBans] Kevdacosta punished thekiller200 for: Double Poste
05-06-17 01:46:49 [INFO] [OctoBans] 54melih54 punished stawlker for: Fausses informations
05-06-17 01:59:48 [INFO] [OctoBans] 54melih54 punished bfa69 for: Provocation
05-06-17 02:00:48 [INFO] [OctoBans] 54melih54 punished siplyoyt for: Double Poste
05-06-17 02:02:20 [INFO] [OctoBans] siplyoyt sql checked, record: doubleposte by 54melih54 to 1496621748
05-06-17 02:05:39 [INFO] [OctoBans] 54melih54 punished theo_pveur for: Double Poste
05-06-17 02:06:27 [INFO] [OctoBans] zlKayzen punished force_pst for: Double Poste
05-06-17 02:06:37 [INFO] [OctoBans] theo_pveur sql checked, record: spammp by Remil to -1
05-06-17 02:06:37 [INFO] [OctoBans] theo_pveur sql checked, record: doubleposte by 54melih54 to 1496621439
05-06-17 02:08:45 [INFO] [OctoBans] zlKayzen punished batu for: Spam/flood
05-06-17 02:13:56 [INFO] [OctoBans] 54melih54 punished misterblazing for: Double Poste
05-06-17 02:14:04 [INFO] [OctoBans] 54melih54 punished blackzik_ for: Double Poste
05-06-17 02:14:15 [INFO] [OctoBans] 54melih54 punished frozen_20 for: Double Poste
05-06-17 02:14:23 [INFO] [OctoBans] 54melih54 punished misterblazing for: Double Poste
05-06-17 02:20:30 [INFO] [OctoBans] 54melih54 punished fiask0 for: Provocation
05-06-17 02:24:26 [INFO] [OctoBans] Kevdacosta punished zneyzen for: Double Poste
05-06-17 02:28:51 [INFO] [OctoBans] Kevdacosta punished dodole1 for: Spam/flood
05-06-17 02:33:26 [INFO] [OctoBans] 54melih54 punished fiask0 for: Insulte
05-06-17 02:38:06 [INFO] [OctoBans] mgk_tozzzz sql checked, record: spammp by SnowEffect to -1
05-06-17 02:40:43 [INFO] [OctoBans] 54melih54 punished aero_script for: Majuscule
05-06-17 02:42:40 [INFO] [OctoBans] 54melih54 punished kill_ytb for: Double Poste
05-06-17 02:48:02 [INFO] [OctoBans] Kevdacosta punished xelf for: Provocation
05-06-17 02:48:11 [INFO] [OctoBans] Kevdacosta punished gamix_yt for: Majuscule
05-06-17 02:50:25 [INFO] [OctoBans] Remil punished pandazzz for: Insulte staff
05-06-17 02:54:35 [INFO] [OctoBans] 54melih54 punished blackstars301 for: Fausses informations
05-06-17 02:54:42 [INFO] [OctoBans] SuperJojo punished mightymouse_ for: Double Poste
05-06-17 02:58:09 [INFO] [OctoBans] neeskof sql checked, record: spammp by SuperJojo to -1
05-06-17 03:05:02 [INFO] [OctoBans] SuperJojo punished bfa69 for: Double Poste
05-06-17 03:06:57 [INFO] [OctoBans] SuperJojo punished etienne068 for: Majuscule
05-06-17 03:09:27 [INFO] [OctoBans] SuperJojo punished kill_ytb for: Publicité Youtubeur
05-06-17 03:22:42 [INFO] [OctoBans] SuperJojo punished skyizi91 for: Double Poste
05-06-17 03:27:50 [INFO] [OctoBans] SuperJojo punished blackzik_ for: Double Poste
05-06-17 03:46:21 [INFO] [OctoBans] SuperJojo punished ezpadrille for: Double Poste
05-06-17 03:47:13 [INFO] [OctoBans] SuperJojo punished singe_de_telfort for: Langage incorrect
05-06-17 03:50:33 [INFO] [OctoBans] SuperJojo punished gamix_yt for: Majuscule
05-06-17 03:51:37 [INFO] [OctoBans] SuperJojo punished itz_smokew33d for: Double Poste
05-06-17 03:57:08 [INFO] [OctoBans] SuperJojo punished faygueurnote95 for: Majuscule
05-06-17 03:57:56 [INFO] [OctoBans] SuperJojo punished 123axelere for: Langage incorrect
05-06-17 04:13:57 [INFO] [OctoBans] by_kw3e sql checked, record: kickautre by Antoine57565 to -1
05-06-17 04:13:57 [INFO] [OctoBans] by_kw3e sql checked, record: faussesinfos by Antoine57565 to 1496674632
05-06-17 04:13:57 [INFO] [OctoBans] by_kw3e sql checked, record: faussesinfos by Antoine57565 to 1496761285
05-06-17 04:14:29 [INFO] [OctoBans] SuperJojo punished mightymouse_ for: Langage incorrect
05-06-17 04:19:02 [INFO] [OctoBans] grenousse_pvp sql checked, record: spammp by YTB_XxKarnageXx to -1
05-06-17 04:28:56 [INFO] [OctoBans] SuperJojo punished icesword for: Double Poste
05-06-17 04:43:31 [INFO] [OctoBans] SuperJojo punished skyizi91 for: Langage incorrect
05-06-17 04:47:30 [INFO] [OctoBans] SuperJojo punished theoklm57 for: Spam/flood
05-06-17 04:50:03 [INFO] [OctoBans] SuperJojo punished alae59 for: Double Poste
05-06-17 04:50:07 [INFO] [OctoBans] SuperJojo punished toly_ for: Double Poste
05-06-17 05:03:03 [INFO] [OctoBans] SuperJojo punished by_fly for: Majuscule
05-06-17 05:17:46 [INFO] [OctoBans] SuperJojo punished shouteur for: Double Poste
05-06-17 05:19:41 [INFO] [OctoBans] SuperJojo punished force_pst for: Double Poste
05-06-17 05:31:46 [INFO] [OctoBans] SuperJojo punished kiki24 for: Double Poste
05-06-17 05:37:40 [INFO] [OctoBans] SuperJojo punished galaxiemonsteur for: Provocation
05-06-17 05:39:07 [INFO] [OctoBans] SuperJojo punished gamix_yt for: Spam/flood
05-06-17 05:39:58 [INFO] [OctoBans] SuperJojo punished galaxiemonsteur for: Spam /f open
05-06-17 06:01:02 [INFO] [OctoBans] Disabling OctoBans v1.0
