02-01-18 22:31:42 [INFO] [OctoBans] File Handler successfully initialized!
02-01-18 22:31:43 [INFO] [OctoBans] SQL connection successfully etablished
02-01-18 22:31:43 [INFO] [OctoBans] Moderator Tools by Octonia.
02-01-18 22:31:47 [INFO] [OctoBans] progameur sql checked, record: spammp by FiasK0 to -1
02-01-18 22:31:47 [INFO] [OctoBans] progameur sql checked, record: spammp by D3adOrSnipSurYTB to -1
02-01-18 22:31:47 [INFO] [OctoBans] zumbie sql checked, record: spammp by EGGSPLOSION to -1
02-01-18 22:31:47 [INFO] [OctoBans] zumbie sql checked, record: spammp by EW3L to -1
02-01-18 22:31:47 [INFO] [OctoBans] whiteswand sql checked, record: spammp by Remil to -1
02-01-18 22:31:47 [INFO] [OctoBans] whiteswand sql checked, record: spammp by zlKayzen to -1
02-01-18 22:31:47 [INFO] [OctoBans] whiteswand sql checked, record: insultegrave by tinmar to 1514970690
02-01-18 22:31:47 [INFO] [OctoBans] reborncreep sql checked, record: spammp by drbrine to -1
02-01-18 22:31:47 [INFO] [OctoBans] reborncreep sql checked, record: insultegrave by NeyTox to 1514958074
02-01-18 22:31:47 [INFO] [OctoBans] logankillers sql checked, record: spammp by woimant to -1
02-01-18 22:31:47 [INFO] [OctoBans] jeremygameur sql checked, record: spammp by EW3L to -1
02-01-18 22:31:47 [INFO] [OctoBans] jeremygameur sql checked, record: spammp by atsuky to -1
02-01-18 22:31:47 [INFO] [OctoBans] jeremygameur sql checked, record: spammp by EW3L to -1
02-01-18 22:31:47 [INFO] [OctoBans] sosfight sql checked, record: spammp by PseudooNull to -1
02-01-18 22:31:47 [INFO] [OctoBans] sosfight sql checked, record: insultesrv by EGGSPLOSION to 1514944095
02-01-18 22:31:47 [INFO] [OctoBans] geantfusee sql checked, record: insultegrave by SkillBOotiiS to 1514979002
02-01-18 22:31:47 [INFO] [OctoBans] je_rush_en_z sql checked, record: spammp by LaKitaw to -1
02-01-18 22:31:47 [INFO] [OctoBans] team121 sql checked, record: spammp by EW3L to -1
02-01-18 22:31:47 [INFO] [OctoBans] team121 sql checked, record: spammp by EW3L to -1
02-01-18 22:31:47 [INFO] [OctoBans] team121 sql checked, record: spammp by EW3L to -1
02-01-18 22:31:47 [INFO] [OctoBans] maxougaming sql checked, record: spammp by Ceraiste to -1
02-01-18 22:31:47 [INFO] [OctoBans] maxougaming sql checked, record: spammp by EW3L to -1
02-01-18 22:31:47 [INFO] [OctoBans] maxougaming sql checked, record: spammp by FiasK0 to -1
02-01-18 22:31:47 [INFO] [OctoBans] maxougaming sql checked, record: spammp by FNGOD to -1
02-01-18 22:31:47 [INFO] [OctoBans] ourox_ sql checked, record: spammp by FiasK0 to -1
02-01-18 22:31:47 [INFO] [OctoBans] ourox_ sql checked, record: spammp by FiasK0 to -1
02-01-18 22:31:47 [INFO] [OctoBans] ourox_ sql checked, record: incitationflood by EW3L to 1514980686
02-01-18 22:31:48 [INFO] [OctoBans] zrk_warthog sql checked, record: spammp by MisterBlazing to -1
02-01-18 22:31:48 [INFO] [OctoBans] lokyin sql checked, record: spammp by ToXiCz_TV to -1
02-01-18 22:31:48 [INFO] [OctoBans] lokyin sql checked, record: spammp by skhey to -1
02-01-18 22:31:48 [INFO] [OctoBans] byzoo sql checked, record: spammp by PseudooNull to -1
02-01-18 22:31:48 [INFO] [OctoBans] byzoo sql checked, record: spammp by PseudooNull to -1
02-01-18 22:31:48 [INFO] [OctoBans] byzoo sql checked, record: spam by ToXiCz_TV to 1514937328
02-01-18 22:31:48 [INFO] [OctoBans] mayeul sql checked, record: spammp by SmooKeur to -1
02-01-18 22:31:48 [INFO] [OctoBans] grospvp sql checked, record: spammp by EGGSPLOSION to -1
02-01-18 22:31:48 [INFO] [OctoBans] easy sql checked, record: insultegrave by D3adOrSnipSurYTB to 1514960914
02-01-18 22:31:48 [INFO] [OctoBans] easy sql checked, record: insultegrave by YTB_XxKarnageXx to 1515009580
02-01-18 22:31:48 [INFO] [OctoBans] pvp_thibaut_pvp sql checked, record: spammp by tinmar to -1
02-01-18 22:31:48 [INFO] [OctoBans] pvp_thibaut_pvp sql checked, record: spammp by SkillBOotiiS to -1
02-01-18 22:31:48 [INFO] [OctoBans] pvp_thibaut_pvp sql checked, record: spammp by pepedjo to -1
02-01-18 22:31:48 [INFO] [OctoBans] pvp_thibaut_pvp sql checked, record: spammp by tinmar to -1
02-01-18 22:31:48 [INFO] [OctoBans] pvp_thibaut_pvp sql checked, record: floodmp by FiasK0 to -1
02-01-18 22:31:52 [INFO] [OctoBans] bardaxx_ sql checked, record: spammp by Zoseq to -1
02-01-18 22:31:52 [INFO] [OctoBans] friphiano sql checked, record: spammp by atsuky to -1
02-01-18 22:31:52 [INFO] [OctoBans] friphiano sql checked, record: spammp by OCIP_Matth to -1
02-01-18 22:31:53 [INFO] [OctoBans] ocip_matth sql checked, record: spammp by PseudooNull to -1
02-01-18 22:31:54 [INFO] [OctoBans] sohard_ sql checked, record: spammp by OCIP_Matth to -1
02-01-18 22:31:56 [INFO] [OctoBans] onflyenrec sql checked, record: spammp by Antoine57565 to -1
02-01-18 22:31:58 [INFO] [OctoBans] softspringer sql checked, record: spammp by LaKitaw to -1
02-01-18 22:31:58 [INFO] [OctoBans] softspringer sql checked, record: spammp by ToXiCz_TV to -1
02-01-18 22:32:04 [INFO] [OctoBans] hayden_frost sql checked, record: spammp by OCIP_Matth to -1
02-01-18 22:32:08 [INFO] [OctoBans] superwass sql checked, record: insultestaff by PseudooNull to 1514984093
02-01-18 22:32:08 [INFO] [OctoBans] x4gaming sql checked, record: spammp by D3adOrSnipSurYTB to -1
02-01-18 22:32:08 [INFO] [OctoBans] x4gaming sql checked, record: spammp by atsuky to -1
02-01-18 22:32:10 [INFO] [OctoBans] peredo78 sql checked, record: spammp by D3adOrSnipSurYTB to -1
02-01-18 22:32:12 [INFO] [OctoBans] ytbibossyt sql checked, record: spammp by atsuky to -1
02-01-18 22:32:15 [INFO] [OctoBans] brookdu81 sql checked, record: spammp by D3adOrSnipSurYTB to -1
02-01-18 22:32:15 [INFO] [OctoBans] brookdu81 sql checked, record: insulte by ToXiCz_TV to 1514931866
02-01-18 22:32:18 [INFO] [OctoBans] tifou_fou sql checked, record: insultegrave by ToXiCz_TV to 1515067355
02-01-18 22:32:18 [INFO] [OctoBans] tifou_fou sql checked, record: insultegrave by ToXiCz_TV to 1515103572
02-01-18 22:32:18 [INFO] [OctoBans] tifou_fou sql checked, record: spammp by ToXiCz_TV to -1
02-01-18 22:32:21 [INFO] [OctoBans] killyan sql checked, record: spammp by EW3L to -1
02-01-18 22:32:27 [INFO] [OctoBans] _theodu13_ sql checked, record: insultegrave by OCIP_Matth to 1515179650
02-01-18 22:32:30 [INFO] [OctoBans] deeprodole sql checked, record: spammp by Zayrox29 to -1
02-01-18 22:32:30 [INFO] [OctoBans] deeprodole sql checked, record: spammp by Zayrox29 to -1
02-01-18 22:32:32 [INFO] [OctoBans] lucas94350 sql checked, record: spammp by Kyabe to -1
02-01-18 22:32:34 [INFO] [OctoBans] xx_volrod_xx sql checked, record: spammp by Spovly to -1
02-01-18 22:32:34 [INFO] [OctoBans] xx_volrod_xx sql checked, record: spammp by Spovly to -1
02-01-18 22:32:34 [INFO] [OctoBans] xx_volrod_xx sql checked, record: spammp by The_Frusty to -1
02-01-18 22:32:34 [INFO] [OctoBans] xx_volrod_xx sql checked, record: spammp by The_Frusty to -1
02-01-18 22:32:34 [INFO] [OctoBans] xx_volrod_xx sql checked, record: spammp by The_Frusty to -1
02-01-18 22:32:34 [INFO] [OctoBans] xx_volrod_xx sql checked, record: spammp by Spovly to -1
02-01-18 22:32:34 [INFO] [OctoBans] xx_volrod_xx sql checked, record: spammp by KelianHD to -1
02-01-18 22:32:34 [INFO] [OctoBans] xx_volrod_xx sql checked, record: spammp by OCIP_Matth to -1
02-01-18 22:32:34 [INFO] [OctoBans] xx_volrod_xx sql checked, record: spammp by OCIP_Matth to -1
02-01-18 22:32:34 [INFO] [OctoBans] xx_volrod_xx sql checked, record: spammp by OCIP_Matth to -1
02-01-18 22:32:34 [INFO] [OctoBans] xx_volrod_xx sql checked, record: spammp by Evolze to -1
02-01-18 22:32:34 [INFO] [OctoBans] xx_volrod_xx sql checked, record: floodmp by NiceFR to -1
02-01-18 22:32:34 [INFO] [OctoBans] xx_volrod_xx sql checked, record: spammp by NiceFR to -1
02-01-18 22:32:34 [INFO] [OctoBans] xx_volrod_xx sql checked, record: spammp by FiasK0 to -1
02-01-18 22:32:34 [INFO] [OctoBans] xx_volrod_xx sql checked, record: spammp by OCIP_Matth to -1
02-01-18 22:32:34 [INFO] [OctoBans] xx_volrod_xx sql checked, record: spammp by MrKebab to -1
02-01-18 22:32:34 [INFO] [OctoBans] xx_volrod_xx sql checked, record: spammp by D3adOrSnipSurYTB to -1
02-01-18 22:32:34 [INFO] [OctoBans] faruz sql checked, record: spammp by D3adOrSnipSurYTB to -1
02-01-18 22:32:36 [INFO] [OctoBans] mhadipoum sql checked, record: insultegrave by D3adOrSnipSurYTB to 1514945839
02-01-18 22:32:47 [INFO] [OctoBans] youmakemelol sql checked, record: spammp by EW3L to -1
02-01-18 22:32:58 [INFO] [OctoBans] gotmalive sql checked, record: spammp by PseudooNull to -1
02-01-18 22:33:00 [INFO] [OctoBans] mrkebab sql checked, record: insultestaff by Remil to 1515000092
02-01-18 22:33:00 [INFO] [OctoBans] rewd sql checked, record: spammp by Ceraiste to -1
02-01-18 22:33:14 [INFO] [OctoBans] idecow_ sql checked, record: spammp by OCIP_Matth to -1
02-01-18 22:33:23 [INFO] [OctoBans] ToXiCz_TV punished _theodu13_ for: Insulte
02-01-18 22:33:27 [INFO] [OctoBans] jeanude sql checked, record: tpkill by D3adOrSnipSurYTB to 1515010740
02-01-18 22:33:28 [INFO] [OctoBans] zig4d0 sql checked, record: spammp by Remil to -1
02-01-18 22:33:28 [INFO] [OctoBans] zig4d0 sql checked, record: spammp by woimant to -1
02-01-18 22:33:28 [INFO] [OctoBans] zig4d0 sql checked, record: spammp by woimant to -1
02-01-18 22:33:43 [INFO] [OctoBans] bokos sql checked, record: spammp by yeti2001vd to -1
02-01-18 22:33:43 [INFO] [OctoBans] bokos sql checked, record: spammp by yeti2001vd to -1
02-01-18 22:33:43 [INFO] [OctoBans] bokos sql checked, record: spammp by FNGOD to -1
02-01-18 22:33:43 [INFO] [OctoBans] bokos sql checked, record: spammp by EW3L to -1
02-01-18 22:33:43 [INFO] [OctoBans] bokos sql checked, record: spammp by FNGOD to -1
02-01-18 22:33:43 [INFO] [OctoBans] fearzk_ sql checked, record: spammp by WeeZix to -1
02-01-18 22:33:46 [INFO] [OctoBans] ToXiCz_TV punished _theodu13_ for: Spam/flood en MP
02-01-18 22:34:22 [INFO] [OctoBans] d3adorsnipsurytb sql checked, record: spammp by Koeseb97 to -1
02-01-18 22:34:22 [INFO] [OctoBans] d3adorsnipsurytb sql checked, record: spammp by Koeseb97 to -1
02-01-18 22:34:22 [INFO] [OctoBans] d3adorsnipsurytb sql checked, record: spammp by Koeseb97 to -1
02-01-18 22:34:22 [INFO] [OctoBans] d3adorsnipsurytb sql checked, record: spammp by Koeseb97 to -1
02-01-18 22:34:22 [INFO] [OctoBans] d3adorsnipsurytb sql checked, record: spammp by Koeseb97 to -1
02-01-18 22:34:22 [INFO] [OctoBans] d3adorsnipsurytb sql checked, record: spammp by Koeseb97 to -1
02-01-18 22:34:59 [INFO] [OctoBans] duckawikytb sql checked, record: spammp by OCIP_Matth to -1
02-01-18 22:35:01 [INFO] [OctoBans] zeynox sql checked, record: spammp by Zayrox29 to -1
02-01-18 22:35:01 [INFO] [OctoBans] zeynox sql checked, record: spammp by Zoseq to -1
02-01-18 22:35:01 [INFO] [OctoBans] zeynox sql checked, record: spammp by LaKitaw to -1
02-01-18 22:35:01 [INFO] [OctoBans] zeynox sql checked, record: spammp by LaKitaw to -1
02-01-18 22:35:01 [INFO] [OctoBans] zeynox sql checked, record: spammp by LaKitaw to -1
02-01-18 22:35:01 [INFO] [OctoBans] zeynox sql checked, record: spammp by D3adOrSnipSurYTB to -1
02-01-18 22:35:01 [INFO] [OctoBans] zeynox sql checked, record: insultegrave by OCIP_Matth to 1515069973
02-01-18 22:35:01 [INFO] [OctoBans] zeynox sql checked, record: spam by ToXiCz_TV to 1514929966
02-01-18 22:35:20 [INFO] [OctoBans] chut3000 sql checked, record: spammp by FiasK0 to -1
02-01-18 22:35:20 [INFO] [OctoBans] chut3000 sql checked, record: spammp by Zayrox29 to -1
02-01-18 22:35:20 [INFO] [OctoBans] chut3000 sql checked, record: spammp by NeyTox to -1
02-01-18 22:35:38 [INFO] [OctoBans] thomas62200 sql checked, record: spammp by atsuky to -1
02-01-18 22:35:45 [INFO] [OctoBans] ijonas_ sql checked, record: spammp by tinmar to -1
02-01-18 22:35:45 [INFO] [OctoBans] ijonas_ sql checked, record: insultegrave by EGGSPLOSION to 1514972933
02-01-18 22:35:45 [INFO] [OctoBans] ijonas_ sql checked, record: spammp by woimant to -1
02-01-18 22:35:45 [INFO] [OctoBans] ijonas_ sql checked, record: spammp by OCIP_Matth to -1
02-01-18 22:36:00 [INFO] [OctoBans] tymolak14 sql checked, record: spammp by LsAnGfRoId to -1
02-01-18 22:36:00 [INFO] [OctoBans] tymolak14 sql checked, record: spammp by LsAnGfRoId to -1
02-01-18 22:36:00 [INFO] [OctoBans] tymolak14 sql checked, record: spammp by LsAnGfRoId to -1
02-01-18 22:36:09 [INFO] [OctoBans] vix sql checked, record: spammp by Taygrax07 to -1
02-01-18 22:36:09 [INFO] [OctoBans] vix sql checked, record: spammp by EW3L to -1
02-01-18 22:36:09 [INFO] [OctoBans] vix sql checked, record: spammp by tinmar to -1
02-01-18 22:36:09 [INFO] [OctoBans] vix sql checked, record: doubleposte by ToXiCz_TV to 1514930079
02-01-18 22:36:41 [INFO] [OctoBans] kakakiki sql checked, record: spammp by WeeZix to -1
02-01-18 22:37:01 [INFO] [OctoBans] YTB_XxKarnageXx punished aurestoke24 for: Double Poste
02-01-18 22:37:02 [INFO] [OctoBans] bluegumsurytb sql checked, record: spammp by PseudooNull to -1
02-01-18 22:37:02 [INFO] [OctoBans] bluegumsurytb sql checked, record: spammp by ToXiCz_TV to -1
02-01-18 22:37:02 [INFO] [OctoBans] bluegumsurytb sql checked, record: insultegrave by EW3L to 1515006400
02-01-18 22:37:56 [INFO] [OctoBans] YTB_XxKarnageXx punished sohard_ for: Majuscule
02-01-18 22:37:57 [INFO] [OctoBans] swokip sql checked, record: spammp by WeeZix to -1
02-01-18 22:38:03 [INFO] [OctoBans] unnainportant sql checked, record: insulte by ToXiCz_TV to 1514941788
02-01-18 22:38:33 [INFO] [OctoBans] lethugdu46 sql checked, record: spam by SkillBOotiiS to 1514935200
02-01-18 22:39:02 [INFO] [OctoBans] xx_yz_xx sql checked, record: spammp by SkillBOotiiS to -1
02-01-18 22:40:44 [INFO] [OctoBans] drtz sql checked, record: insultegrave by EW3L to 1514943608
02-01-18 22:40:44 [INFO] [OctoBans] drtz sql checked, record: spammp by ToXiCz_TV to -1
02-01-18 22:40:44 [INFO] [OctoBans] drtz sql checked, record: spammp by ToXiCz_TV to -1
02-01-18 22:40:56 [INFO] [OctoBans] arakword sql checked, record: spammp by PseudooNull to -1
02-01-18 22:41:15 [INFO] [OctoBans] xxfloxx19 sql checked, record: spammp by Evolze to -1
02-01-18 22:41:54 [INFO] [OctoBans] momolegardien sql checked, record: spammp by ToXiCz_TV to -1
02-01-18 22:44:00 [INFO] [OctoBans] thetombolla sql checked, record: spammp by EGGSPLOSION to -1
02-01-18 22:44:25 [INFO] [OctoBans] martow_mc sql checked, record: insultegrave by EW3L to 1514943289
02-01-18 22:44:57 [INFO] [OctoBans] darryl1 sql checked, record: spammp by FiasK0 to -1
02-01-18 22:45:03 [INFO] [OctoBans] drtz sql checked, record: insultegrave by EW3L to 1514943608
02-01-18 22:45:03 [INFO] [OctoBans] drtz sql checked, record: spammp by ToXiCz_TV to -1
02-01-18 22:45:03 [INFO] [OctoBans] drtz sql checked, record: spammp by ToXiCz_TV to -1
02-01-18 22:45:13 [INFO] [OctoBans] ertynox83 sql checked, record: spammp by Koeseb97 to -1
02-01-18 22:45:32 [INFO] [OctoBans] D3adOrSnipSurYTB punished arakword for: Langage incorrect
02-01-18 22:45:45 [INFO] [OctoBans] infinity_du59 sql checked, record: spammp by Antoine57565 to -1
02-01-18 22:45:45 [INFO] [OctoBans] onflyenrec sql checked, record: spammp by Antoine57565 to -1
02-01-18 22:45:48 [INFO] [OctoBans] EGGSPLOSION punished onflyenrec for: Provocation
02-01-18 22:47:05 [INFO] [OctoBans] Zayrox29 punished drtz for: Spam/flood en MP
02-01-18 22:48:37 [INFO] [OctoBans] D3adOrSnipSurYTB punished papa for: Majuscule
02-01-18 22:49:04 [INFO] [OctoBans] babu sql checked, record: spam by PseudooNull to 1514931777
02-01-18 22:49:32 [INFO] [OctoBans] xenotium_pvp sql checked, record: insultegrave by EW3L to 1514930833
02-01-18 22:49:32 [INFO] [OctoBans] xenotium_pvp sql checked, record: spammp by EW3L to -1
02-01-18 22:51:33 [INFO] [OctoBans] the_slash sql checked, record: spammp by pepedjo to -1
02-01-18 22:51:33 [INFO] [OctoBans] the_slash sql checked, record: spammp by drbrine to -1
02-01-18 22:51:33 [INFO] [OctoBans] the_slash sql checked, record: spammp by NeyTox to -1
02-01-18 22:51:33 [INFO] [OctoBans] the_slash sql checked, record: spammp by EW3L to -1
02-01-18 22:51:50 [INFO] [OctoBans] mrfire19 sql checked, record: spammp by atsuky to -1
02-01-18 22:52:04 [INFO] [OctoBans] kaiyoken sql checked, record: spammp by OCIP_Matth to -1
02-01-18 22:55:17 [INFO] [OctoBans] epedrakesse sql checked, record: spammp by YTB_XxKarnageXx to -1
02-01-18 22:56:58 [INFO] [OctoBans] ishaadow_ sql checked, record: spammp by FamousxRay to -1
02-01-18 22:56:58 [INFO] [OctoBans] ishaadow_ sql checked, record: spammp by FNGOD to -1
02-01-18 22:57:53 [INFO] [OctoBans] thedarck sql checked, record: spammp by ToXiCz_TV to -1
02-01-18 22:57:53 [INFO] [OctoBans] thedarck sql checked, record: spammp by OCIP_Matth to -1
02-01-18 22:58:08 [INFO] [OctoBans] EGGSPLOSION punished lefifoudu3 for: Insulte grave
02-01-18 22:58:20 [INFO] [OctoBans] _zwiiko_ sql checked, record: spammp by Zayrox29 to -1
02-01-18 22:58:59 [INFO] [OctoBans] monstergamex7 sql checked, record: spammp by pepedjo to -1
02-01-18 22:59:39 [INFO] [OctoBans] energy_panda sql checked, record: spammp by ToXiCz_TV to -1
02-01-18 22:59:39 [INFO] [OctoBans] energy_panda sql checked, record: spammp by FiasK0 to -1
02-01-18 23:00:03 [INFO] [OctoBans] dilili sql checked, record: spammp by ToXiCz_TV to -1
02-01-18 23:00:03 [INFO] [OctoBans] dilili sql checked, record: spammp by PseudooNull to -1
02-01-18 23:00:32 [INFO] [OctoBans] dozz_ytb sql checked, record: spammp by WeeZix to -1
02-01-18 23:01:07 [INFO] [OctoBans] faryu_ sql checked, record: spammp by Spovly to -1
02-01-18 23:01:07 [INFO] [OctoBans] faryu_ sql checked, record: spammp by Taygrax07 to -1
02-01-18 23:01:56 [INFO] [OctoBans] D3adOrSnipSurYTB punished tryzox_octonia for: Majuscule
02-01-18 23:02:11 [INFO] [OctoBans] idreyzen sql checked, record: insultegrave by EW3L to 1515021260
02-01-18 23:02:11 [INFO] [OctoBans] idreyzen sql checked, record: spammp by zlKayzen to -1
02-01-18 23:02:11 [INFO] [OctoBans] idreyzen sql checked, record: spammp by ToXiCz_TV to -1
02-01-18 23:04:40 [INFO] [OctoBans] noragev12 sql checked, record: spammp by Shainko to -1
02-01-18 23:05:19 [INFO] [OctoBans] D3adOrSnipSurYTB punished nekros_ for: Spam/flood
02-01-18 23:05:39 [INFO] [OctoBans] Zayrox29 punished _theodu13_ for: Spam/flood en MP
02-01-18 23:06:02 [INFO] [OctoBans] kixaro sql checked, record: spammp by ToXiCz_TV to -1
02-01-18 23:06:53 [INFO] [OctoBans] Zayrox29 punished martow_mc for: Spam/flood en MP
02-01-18 23:08:33 [INFO] [OctoBans] heiroz sql checked, record: homophobie by woimant to 1515005597
02-01-18 23:09:48 [INFO] [OctoBans] ToXiCz_TV punished ltt_lucky for: Insulte
02-01-18 23:10:04 [INFO] [OctoBans] ToXiCz_TV punished drtz for: Provocation
02-01-18 23:11:34 [INFO] [OctoBans] reqz_ sql checked, record: spammp by FiasK0 to -1
02-01-18 23:16:35 [INFO] [OctoBans] amiralfujitora sql checked, record: insultegrave by tinmar to 1514933533
02-01-18 23:17:39 [INFO] [OctoBans] rafael21300500 sql checked, record: spammp by OCIP_Matth to -1
02-01-18 23:24:34 [INFO] [OctoBans] aexraptorz sql checked, record: spammp by Remil to -1
02-01-18 23:24:34 [INFO] [OctoBans] aexraptorz sql checked, record: spammp by PseudooNull to -1
02-01-18 23:26:02 [INFO] [OctoBans] D3adOrSnipSurYTB punished supebubu13 for: Spam/flood
02-01-18 23:27:17 [INFO] [OctoBans] YTB_XxKarnageXx punished streem22 for: Provocation
02-01-18 23:31:23 [INFO] [OctoBans] azenpvp sql checked, record: spammp by D3adOrSnipSurYTB to -1
02-01-18 23:32:34 [INFO] [OctoBans] aparia sql checked, record: spammp by pepedjo to -1
02-01-18 23:32:34 [INFO] [OctoBans] aparia sql checked, record: spammp by pepedjo to -1
02-01-18 23:32:34 [INFO] [OctoBans] aparia sql checked, record: spammp by Evolze to -1
02-01-18 23:32:34 [INFO] [OctoBans] aparia sql checked, record: spammp by FiasK0 to -1
02-01-18 23:32:34 [INFO] [OctoBans] aparia sql checked, record: spammp by atsuky to -1
02-01-18 23:34:13 [INFO] [OctoBans] D3adOrSnipSurYTB punished labeurette for: Insulte grave
02-01-18 23:36:25 [INFO] [OctoBans] D3adOrSnipSurYTB punished azenpvp for: Langage incorrect
02-01-18 23:37:15 [INFO] [OctoBans] xarode sql checked, record: spammp by PseudooNull to -1
02-01-18 23:37:23 [INFO] [OctoBans] _topui_ sql checked, record: spammp by EW3L to -1
02-01-18 23:37:23 [INFO] [OctoBans] _topui_ sql checked, record: spammp by MrKebab to -1
02-01-18 23:37:23 [INFO] [OctoBans] _topui_ sql checked, record: spammp by LsAnGfRoId to -1
02-01-18 23:37:23 [INFO] [OctoBans] _topui_ sql checked, record: spam by YTB_XxKarnageXx to 1514938305
02-01-18 23:39:14 [INFO] [OctoBans] D3adOrSnipSurYTB punished pandaleroux for: Double Poste
02-01-18 23:40:09 [INFO] [OctoBans] PseudooNull punished xx_volrod_xx for: Spam/flood
02-01-18 23:46:50 [INFO] [OctoBans] PseudooNull punished drtz for: Spam/flood en MP
02-01-18 23:48:04 [INFO] [OctoBans] YTB_XxKarnageXx punished tryzox_octonia for: Majuscule
02-01-18 23:54:08 [INFO] [OctoBans] D3adOrSnipSurYTB punished xxfloxx19 for: Spam/flood
02-01-18 23:54:55 [INFO] [OctoBans] D3adOrSnipSurYTB punished arakword for: Spam/flood
02-01-18 23:57:00 [INFO] [OctoBans] minethuglife sql checked, record: insultegrave by LsAnGfRoId to 1514973864
02-01-18 23:57:00 [INFO] [OctoBans] minethuglife sql checked, record: spammp by EW3L to -1
03-01-18 00:01:46 [INFO] [OctoBans] leminecraftien80 sql checked, record: spammp by PseudooNull to -1
03-01-18 00:01:46 [INFO] [OctoBans] leminecraftien80 sql checked, record: spammp by skhey to -1
03-01-18 00:01:46 [INFO] [OctoBans] leminecraftien80 sql checked, record: spammp by D3adOrSnipSurYTB to -1
03-01-18 00:01:46 [INFO] [OctoBans] leminecraftien80 sql checked, record: insultegrave by EGGSPLOSION to 1515348292
03-01-18 00:01:46 [INFO] [OctoBans] leminecraftien80 sql checked, record: insultegrave by ToXiCz_TV to 1515494694
03-01-18 00:01:46 [INFO] [OctoBans] leminecraftien80 sql checked, record: spammp by OCIP_Matth to -1
03-01-18 00:01:46 [INFO] [OctoBans] leminecraftien80 sql checked, record: insultegrave by OCIP_Matth to 1515602298
03-01-18 00:01:46 [INFO] [OctoBans] leminecraftien80 sql checked, record: insultegrave by ToXiCz_TV to 1515638893
03-01-18 00:01:46 [INFO] [OctoBans] leminecraftien80 sql checked, record: insultegrave by ToXiCz_TV to 1515676554
03-01-18 00:02:27 [INFO] [OctoBans] pepsicoca sql checked, record: spammp by FiasK0 to -1
03-01-18 00:08:25 [INFO] [OctoBans] D3adOrSnipSurYTB punished pandaleroux for: Spam/flood en MP
03-01-18 00:13:29 [INFO] [OctoBans] YTB_XxKarnageXx punished joker8_3 for: Majuscule
03-01-18 00:16:07 [INFO] [OctoBans] D3adOrSnipSurYTB punished cheko for: Spam/flood
03-01-18 00:21:03 [INFO] [OctoBans] lukas117 sql checked, record: incitationflood by OCIP_Matth to 1514943924
03-01-18 00:21:42 [INFO] [OctoBans] azer_nexo sql checked, record: spammp by ToXiCz_TV to -1
03-01-18 00:21:42 [INFO] [OctoBans] azer_nexo sql checked, record: spammp by Evolze to -1
03-01-18 00:21:42 [INFO] [OctoBans] azer_nexo sql checked, record: spammp by OCIP_Matth to -1
03-01-18 00:21:42 [INFO] [OctoBans] azer_nexo sql checked, record: spam by WeeZix to 1514935550
03-01-18 00:23:06 [INFO] [OctoBans] lucastyle sql checked, record: spammp by LeRe to -1
03-01-18 00:32:45 [INFO] [OctoBans] wilson84 sql checked, record: spammp by OCIP_Matth to -1
03-01-18 00:32:45 [INFO] [OctoBans] wilson84 sql checked, record: spammp by ToXiCz_TV to -1
03-01-18 00:32:45 [INFO] [OctoBans] wilson84 sql checked, record: spammp by LaKitaw to -1
03-01-18 00:32:45 [INFO] [OctoBans] wilson84 sql checked, record: spammp by PseudooNull to -1
03-01-18 00:32:45 [INFO] [OctoBans] wilson84 sql checked, record: spammp by woimant to -1
03-01-18 00:32:45 [INFO] [OctoBans] wilson84 sql checked, record: spammp by Gamer09 to -1
03-01-18 00:56:11 [INFO] [OctoBans] ToXiCz_TV punished fabubu for: Spam/flood
03-01-18 01:00:49 [INFO] [OctoBans] ozmog_yt sql checked, record: spammp by Remil to -1
03-01-18 01:00:49 [INFO] [OctoBans] ozmog_yt sql checked, record: spammp by OCIP_Matth to -1
03-01-18 01:00:49 [INFO] [OctoBans] ozmog_yt sql checked, record: spammp by KelianHD to -1
03-01-18 01:00:49 [INFO] [OctoBans] ozmog_yt sql checked, record: spammp by SkillBOotiiS to -1
03-01-18 01:00:49 [INFO] [OctoBans] ozmog_yt sql checked, record: spammp by FiasK0 to -1
03-01-18 01:02:22 [INFO] [OctoBans] Zayrox29 punished el_roblochondu93 for: Homophobie
03-01-18 01:02:33 [INFO] [OctoBans] Zayrox29 punished el_moustachu for: Homophobie
03-01-18 01:09:07 [INFO] [OctoBans] NeyTox punished el_roblochondu93 for: Spam/flood en MP
03-01-18 01:09:42 [INFO] [OctoBans] el_roblochondu93 sql checked, record: homophobie by Zayrox29 to 1515024142
03-01-18 01:09:42 [INFO] [OctoBans] el_roblochondu93 sql checked, record: spammp by NeyTox to -1
03-01-18 01:37:23 [INFO] [OctoBans] ayken sql checked, record: spammp by KelianHD to -1
03-01-18 01:41:01 [INFO] [OctoBans] ourox_ sql checked, record: spammp by FiasK0 to -1
03-01-18 01:41:01 [INFO] [OctoBans] ourox_ sql checked, record: spammp by FiasK0 to -1
03-01-18 01:41:01 [INFO] [OctoBans] ourox_ sql checked, record: incitationflood by EW3L to 1514980686
03-01-18 01:41:01 [INFO] [OctoBans] ourox_ sql checked, record: insulte by Ourox_ to 1512162162
03-01-18 01:41:01 [INFO] [OctoBans] ourox_ sql checked, record: insulte by Ourox_ to 1512588222
03-01-18 01:41:01 [INFO] [OctoBans] ourox_ sql checked, record: doubleposte by Ourox_ to 1512585859
03-01-18 01:41:01 [INFO] [OctoBans] ourox_ sql checked, record: provocation by Ourox_ to 1512585954
03-01-18 01:41:01 [INFO] [OctoBans] ourox_ sql checked, record: doubleposte by Ourox_ to 1512591659
03-01-18 01:41:01 [INFO] [OctoBans] ourox_ sql checked, record: doubleposte by Ourox_ to 1512586296
03-01-18 01:41:01 [INFO] [OctoBans] ourox_ sql checked, record: doubleposte by Ourox_ to 1512587020
03-01-18 01:41:01 [INFO] [OctoBans] ourox_ sql checked, record: doubleposte by Ourox_ to 1512588594
03-01-18 01:41:01 [INFO] [OctoBans] ourox_ sql checked, record: doubleposte by Ourox_ to 1512589981
03-01-18 01:41:01 [INFO] [OctoBans] ourox_ sql checked, record: doubleposte by Ourox_ to 1512590726
03-01-18 01:41:01 [INFO] [OctoBans] ourox_ sql checked, record: spammp by Ourox_ to -1
03-01-18 01:41:01 [INFO] [OctoBans] ourox_ sql checked, record: insulte by Ourox_ to 1512703714
03-01-18 02:09:02 [INFO] [OctoBans] imjeezk sql checked, record: spammp by Gamer09 to -1
03-01-18 02:09:02 [INFO] [OctoBans] imjeezk sql checked, record: spammp by OCIP_Matth to -1
03-01-18 02:09:02 [INFO] [OctoBans] imjeezk sql checked, record: spammp by NiceFR to -1
03-01-18 02:17:42 [INFO] [OctoBans] goodbyeadc sql checked, record: spammp by Gamer09 to -1
03-01-18 02:17:42 [INFO] [OctoBans] goodbyeadc sql checked, record: spammp by OCIP_Matth to -1
03-01-18 02:21:05 [INFO] [OctoBans] samjj68 sql checked, record: spammp by PseudooNull to -1
03-01-18 02:39:43 [INFO] [OctoBans] lionduciel sql checked, record: spammp by Zoseq to -1
03-01-18 02:39:43 [INFO] [OctoBans] lionduciel sql checked, record: spammp by Zoseq to -1
03-01-18 02:39:43 [INFO] [OctoBans] lionduciel sql checked, record: spammp by Zoseq to -1
03-01-18 02:51:14 [INFO] [OctoBans] by_fly sql checked, record: spammp by Hkz_Skillon to -1
03-01-18 02:51:14 [INFO] [OctoBans] by_fly sql checked, record: spammp by PseudooNull to -1
03-01-18 02:57:59 [INFO] [OctoBans] weezy sql checked, record: spammp by LeRe to -1
03-01-18 02:58:09 [INFO] [OctoBans] nrgx_sh4d0w sql checked, record: spammp by NeyTox to -1
03-01-18 03:00:09 [INFO] [OctoBans] nicro2000 sql checked, record: spammp by EGGSPLOSION to -1
03-01-18 03:15:39 [INFO] [OctoBans] th3ndr4l sql checked, record: spammp by skhey to -1
03-01-18 03:20:02 [INFO] [OctoBans] ar_warzen sql checked, record: spammp by LsAnGfRoId to -1
03-01-18 03:20:02 [INFO] [OctoBans] ar_warzen sql checked, record: spammp by LsAnGfRoId to -1
03-01-18 03:20:02 [INFO] [OctoBans] ar_warzen sql checked, record: spammp by LsAnGfRoId to -1
03-01-18 03:20:02 [INFO] [OctoBans] ar_warzen sql checked, record: spammp by woimant to -1
03-01-18 03:20:02 [INFO] [OctoBans] ar_warzen sql checked, record: spammp by tinmar to -1
03-01-18 03:20:02 [INFO] [OctoBans] ar_warzen sql checked, record: spammp by woimant to -1
03-01-18 03:20:02 [INFO] [OctoBans] ar_warzen sql checked, record: spammp by tinmar to -1
03-01-18 03:20:02 [INFO] [OctoBans] ar_warzen sql checked, record: spammp by woimant to -1
03-01-18 03:20:02 [INFO] [OctoBans] ar_warzen sql checked, record: spammp by ToXiCz_TV to -1
03-01-18 03:20:02 [INFO] [OctoBans] ar_warzen sql checked, record: spammp by ToXiCz_TV to -1
03-01-18 03:20:02 [INFO] [OctoBans] ar_warzen sql checked, record: spammp by ToXiCz_TV to -1
03-01-18 03:20:02 [INFO] [OctoBans] ar_warzen sql checked, record: hack by Flowtox to -1
03-01-18 03:22:04 [INFO] [OctoBans] NeyTox punished by_fly for: Insulte grave
03-01-18 03:31:10 [INFO] [OctoBans] NeyTox punished xxfantaxx for: Publicité Youtubeur
03-01-18 03:33:54 [INFO] [OctoBans] NeyTox punished gangstardu59 for: Insulte grave
03-01-18 04:12:32 [INFO] [OctoBans] NeyTox punished brookdu81 for: Spam/flood
03-01-18 04:24:18 [INFO] [OctoBans] brookdu81 sql checked, record: spammp by D3adOrSnipSurYTB to -1
03-01-18 04:24:18 [INFO] [OctoBans] brookdu81 sql checked, record: spam by NeyTox to 1514956352
03-01-18 04:26:04 [INFO] [OctoBans] YTB_XxKarnageXx punished pheonax5 for: Majuscule
03-01-18 04:28:28 [INFO] [OctoBans] skybow sql checked, record: spammp by yeti2001vd to -1
03-01-18 04:28:28 [INFO] [OctoBans] skybow sql checked, record: spammp by drbrine to -1
03-01-18 05:28:01 [INFO] [OctoBans] xx_thors_xx sql checked, record: spammp by PoukoaMoa to -1
03-01-18 06:01:02 [INFO] [OctoBans] Disabling OctoBans v1.0
