12-12-17 22:31:42 [INFO] [OctoBans] File Handler successfully initialized!
12-12-17 22:31:42 [INFO] [OctoBans] SQL connection successfully etablished
12-12-17 22:31:42 [INFO] [OctoBans] Moderator Tools by Octonia.
12-12-17 22:31:47 [INFO] [OctoBans] fifoudu92 sql checked, record: insultegrave by Taygrax07 to 1513148132
12-12-17 22:31:47 [INFO] [OctoBans] fifoudu92 sql checked, record: insultesrv by Taygrax07 to 1513130301
12-12-17 22:31:47 [INFO] [OctoBans] fifoudu92 sql checked, record: spammp by Taygrax07 to -1
12-12-17 22:31:47 [INFO] [OctoBans] karlwill sql checked, record: spammp by Gamer09 to -1
12-12-17 22:31:47 [INFO] [OctoBans] karlwill sql checked, record: spammp by LeRe to -1
12-12-17 22:31:47 [INFO] [OctoBans] noirafricain sql checked, record: spammp by Zoseq to -1
12-12-17 22:31:47 [INFO] [OctoBans] noirafricain sql checked, record: spammp by EW3L to -1
12-12-17 22:31:47 [INFO] [OctoBans] noirafricain sql checked, record: spammp by EW3L to -1
12-12-17 22:31:49 [INFO] [OctoBans] by_fly sql checked, record: spammp by Hkz_Skillon to -1
12-12-17 22:31:50 [INFO] [OctoBans] grospvp sql checked, record: spammp by EGGSPLOSION to -1
12-12-17 22:31:50 [INFO] [OctoBans] grospvp sql checked, record: spam by NeyTox to 1513129862
12-12-17 22:31:52 [INFO] [OctoBans] amokon sql checked, record: spammp by PoukoaMoa to -1
12-12-17 22:31:52 [INFO] [OctoBans] amokon sql checked, record: spammp by drbrine to -1
12-12-17 22:31:53 [INFO] [OctoBans] biffy sql checked, record: doubleposte by Zayrox29 to 1513115812
12-12-17 22:31:54 [INFO] [OctoBans] shimo_ sql checked, record: provocation by drbrine to 1513114999
12-12-17 22:31:54 [INFO] [OctoBans] shimo_ sql checked, record: provocation by drbrine to 1513115840
12-12-17 22:32:06 [INFO] [OctoBans] zumbie sql checked, record: spammp by EGGSPLOSION to -1
12-12-17 22:32:06 [INFO] [OctoBans] zumbie sql checked, record: spammp by EW3L to -1
12-12-17 22:32:07 [INFO] [OctoBans] zarteck09 sql checked, record: spammp by Hkz_Skillon to -1
12-12-17 22:32:08 [INFO] [OctoBans] pablo sql checked, record: spammp by OCIP_Matth to -1
12-12-17 22:32:09 [INFO] [OctoBans] mayeul sql checked, record: spammp by SmooKeur to -1
12-12-17 22:32:18 [INFO] [OctoBans] jesuislepepsi sql checked, record: spammp by Remil to -1
12-12-17 22:32:18 [INFO] [OctoBans] jesuislepepsi sql checked, record: spammp by Bucky57 to -1
12-12-17 22:32:19 [INFO] [OctoBans] thetombolla sql checked, record: spammp by EGGSPLOSION to -1
12-12-17 22:32:21 [INFO] [OctoBans] darryl1 sql checked, record: spammp by FiasK0 to -1
12-12-17 22:32:30 [INFO] [OctoBans] keezy sql checked, record: spammp by LeRe to -1
12-12-17 22:32:30 [INFO] [OctoBans] keezy sql checked, record: spammp by LeRe to -1
12-12-17 22:32:30 [INFO] [OctoBans] keezy sql checked, record: spammp by ToXiCz_TV to -1
12-12-17 22:32:30 [INFO] [OctoBans] keezy sql checked, record: spammp by FamousxRay to -1
12-12-17 22:32:30 [INFO] [OctoBans] romudu269 sql checked, record: spammp by Remil to -1
12-12-17 22:32:30 [INFO] [OctoBans] romudu269 sql checked, record: provocation by Koeseb97 to 1513128521
12-12-17 22:32:30 [INFO] [OctoBans] romudu269 sql checked, record: provocation by Koeseb97 to 1513128964
12-12-17 22:32:45 [INFO] [OctoBans] futienstring sql checked, record: insulte by Mrzifio98 to 1513116082
12-12-17 22:33:36 [INFO] [OctoBans] weezix sql checked, record: spammp by ToXiCz_TV to -1
12-12-17 22:34:07 [INFO] [OctoBans] ayken sql checked, record: spammp by KelianHD to -1
12-12-17 22:34:11 [INFO] [OctoBans] manyl93 sql checked, record: spammp by OCIP_Matth to -1
12-12-17 22:37:07 [INFO] [OctoBans] louis990 sql checked, record: spammp by OCIP_Matth to -1
12-12-17 22:37:49 [INFO] [OctoBans] Zayrox29 punished bizsurtabite for: Double Poste
12-12-17 22:38:33 [INFO] [OctoBans] captainenergy sql checked, record: spammp by FamousxRay to -1
12-12-17 22:45:50 [INFO] [OctoBans] Zayrox29 punished cfm_arthur for: Double Poste
12-12-17 22:52:59 [INFO] [OctoBans] Zayrox29 punished eliottee for: Double Poste
12-12-17 22:54:19 [INFO] [OctoBans] blackwhite010 sql checked, record: spammp by D3adOrSnipSurYTB to -1
12-12-17 22:54:19 [INFO] [OctoBans] blackwhite010 sql checked, record: insultegrave by LaKitaw to 1513270305
12-12-17 22:57:55 [INFO] [OctoBans] grenousse_pvp sql checked, record: spammp by SmooKeur to -1
12-12-17 22:59:33 [INFO] [OctoBans] Zayrox29 punished massacreur315 for: Insulte
12-12-17 22:59:54 [INFO] [OctoBans] Zayrox29 punished supertootoo for: Majuscule
12-12-17 23:02:02 [INFO] [OctoBans] Zayrox29 punished molotof for: Majuscule
12-12-17 23:03:08 [INFO] [OctoBans] Zayrox29 punished eliottee for: Majuscule
12-12-17 23:03:54 [INFO] [OctoBans] xx_yz_xx sql checked, record: spammp by SkillBOotiiS to -1
12-12-17 23:04:28 [INFO] [OctoBans] Zayrox29 punished just_vape for: Spam/flood
12-12-17 23:04:57 [INFO] [OctoBans] Zayrox29 punished matheo06510 for: Majuscule
12-12-17 23:05:45 [INFO] [OctoBans] Zayrox29 punished gismo2806 for: Double Poste
12-12-17 23:06:01 [INFO] [OctoBans] algorskis_yt sql checked, record: spammp by SmooKeur to -1
12-12-17 23:08:59 [INFO] [OctoBans] aexraptorz sql checked, record: spammp by Remil to -1
12-12-17 23:11:37 [INFO] [OctoBans] ishaadow_ sql checked, record: spammp by FamousxRay to -1
12-12-17 23:14:15 [INFO] [OctoBans] Koeseb97 punished bizsurtabite for: Double Poste
12-12-17 23:17:16 [INFO] [OctoBans] Zayrox29 punished fifoudu92 for: Spam/flood en MP
12-12-17 23:20:23 [INFO] [OctoBans] zeynox sql checked, record: spammp by Zayrox29 to -1
12-12-17 23:20:23 [INFO] [OctoBans] zeynox sql checked, record: spammp by Zoseq to -1
12-12-17 23:20:23 [INFO] [OctoBans] zeynox sql checked, record: spammp by LaKitaw to -1
12-12-17 23:20:23 [INFO] [OctoBans] zeynox sql checked, record: spammp by LaKitaw to -1
12-12-17 23:20:23 [INFO] [OctoBans] zeynox sql checked, record: spammp by LaKitaw to -1
12-12-17 23:20:56 [INFO] [OctoBans] minecraft05_yt sql checked, record: spammp by Gamer09 to -1
12-12-17 23:21:20 [INFO] [OctoBans] the_slash sql checked, record: spammp by pepedjo to -1
12-12-17 23:21:20 [INFO] [OctoBans] the_slash sql checked, record: spammp by drbrine to -1
12-12-17 23:21:20 [INFO] [OctoBans] the_slash sql checked, record: spammp by NeyTox to -1
12-12-17 23:24:56 [INFO] [OctoBans] leminecraftien80 sql checked, record: spammp by EW3L to -1
12-12-17 23:24:56 [INFO] [OctoBans] leminecraftien80 sql checked, record: spammp by D3adOrSnipSurYTB to -1
12-12-17 23:27:22 [INFO] [OctoBans] Zayrox29 punished racid for: Provocation
12-12-17 23:28:52 [INFO] [OctoBans] Zayrox29 punished exozgames for: Double Poste
12-12-17 23:29:15 [INFO] [OctoBans] Gamer09 punished bizsurtabite for: TpKill
12-12-17 23:30:01 [INFO] [OctoBans] Gamer09 punished bloodgamer25 for: Double Poste
12-12-17 23:30:25 [INFO] [OctoBans] Gamer09 punished fifoudu92 for: Spam /f open
12-12-17 23:48:34 [INFO] [OctoBans] Zayrox29 punished racid for: Majuscule
12-12-17 23:50:11 [INFO] [OctoBans] Zayrox29 punished mkdarkos for: Double Poste
12-12-17 23:51:33 [INFO] [OctoBans] Zayrox29 punished the_slash for: Double Poste
12-12-17 23:59:37 [INFO] [OctoBans] Zayrox29 punished racid for: Insulte serveur
13-12-17 00:01:53 [INFO] [OctoBans] pepedjo sql checked, record: spammp by NiceFR to -1
13-12-17 00:01:53 [INFO] [OctoBans] pepedjo sql checked, record: spammp by ToXiCz_TV to -1
13-12-17 00:18:27 [INFO] [OctoBans] pepedjo punished darryl1 for: Double Poste
13-12-17 00:19:12 [INFO] [OctoBans] pepedjo punished aexraptorz for: Spam/flood
13-12-17 00:19:20 [INFO] [OctoBans] pepedjo punished gismo2806 for: Insulte
13-12-17 00:38:08 [INFO] [OctoBans] tytu01 sql checked, record: spammp by ToXiCz_TV to -1
13-12-17 01:20:04 [INFO] [OctoBans] mgk_tozzzz sql checked, record: spammp by drbrine to -1
13-12-17 06:01:01 [INFO] [OctoBans] Disabling OctoBans v1.0
