04-11-17 22:31:43 [INFO] [OctoBans] File Handler successfully initialized!
04-11-17 22:31:43 [INFO] [OctoBans] SQL connection successfully etablished
04-11-17 22:31:43 [INFO] [OctoBans] Moderator Tools by Octonia.
04-11-17 22:31:47 [INFO] [OctoBans] shimo_ sql checked, record: spammp by LaKitaw to -1
04-11-17 22:31:47 [INFO] [OctoBans] zabilotero sql checked, record: insultegrave by tinmar to 1509858072
04-11-17 22:31:47 [INFO] [OctoBans] shimo_ sql checked, record: insultegrave by Zayrox29 to 1509893829
04-11-17 22:31:47 [INFO] [OctoBans] shimo_ sql checked, record: spammp by SkillBOotiiS to -1
04-11-17 22:31:47 [INFO] [OctoBans] xcuzimluca sql checked, record: insultegrave by NeyTox to 1509879925
04-11-17 22:31:47 [INFO] [OctoBans] maxougaming sql checked, record: spammp by LeRe to -1
04-11-17 22:31:47 [INFO] [OctoBans] maxougaming sql checked, record: spammp by Taygrax07 to -1
04-11-17 22:31:47 [INFO] [OctoBans] sqkaa_ sql checked, record: spammp by Remil to -1
04-11-17 22:31:47 [INFO] [OctoBans] sqkaa_ sql checked, record: spammp by Remil to -1
04-11-17 22:31:47 [INFO] [OctoBans] sqkaa_ sql checked, record: spammp by Remil to -1
04-11-17 22:31:47 [INFO] [OctoBans] superroro sql checked, record: spammp by SmooKeur to -1
04-11-17 22:31:47 [INFO] [OctoBans] superroro sql checked, record: spammp by drbrine to -1
04-11-17 22:31:47 [INFO] [OctoBans] llushy sql checked, record: spam by NeyTox to 1509832183
04-11-17 22:31:47 [INFO] [OctoBans] mortroi sql checked, record: spammp by Antoine57565 to -1
04-11-17 22:31:47 [INFO] [OctoBans] theorangekiller sql checked, record: spammp by Gamer09 to -1
04-11-17 22:31:47 [INFO] [OctoBans] boubou37 sql checked, record: spam by SkillBOotiiS to 1509835003
04-11-17 22:31:47 [INFO] [OctoBans] saykain sql checked, record: spammp by Shainko to -1
04-11-17 22:31:48 [INFO] [OctoBans] variax sql checked, record: insultegrave by PoukoaMoa to 1509962312
04-11-17 22:31:49 [INFO] [OctoBans] skiwiix_ sql checked, record: spammp by FiasK0 to -1
04-11-17 22:31:53 [INFO] [OctoBans] cerialekiller sql checked, record: spam by NeyTox to 1509832227
04-11-17 22:31:57 [INFO] [OctoBans] deeprodole sql checked, record: spammp by Zayrox29 to -1
04-11-17 22:31:57 [INFO] [OctoBans] deeprodole sql checked, record: spammp by Zayrox29 to -1
04-11-17 22:32:01 [INFO] [OctoBans] kqsuke_ sql checked, record: spammp by LaKitaw to -1
04-11-17 22:32:01 [INFO] [OctoBans] idreyzen sql checked, record: spammp by SkillBOotiiS to -1
04-11-17 22:32:01 [INFO] [OctoBans] idreyzen sql checked, record: spammp by WeeZix to -1
04-11-17 22:32:03 [INFO] [OctoBans] yolodu13 sql checked, record: spammp by pepedjo to -1
04-11-17 22:32:03 [INFO] [OctoBans] topyann sql checked, record: insultesrv by Zayrox29 to 1509848503
04-11-17 22:32:03 [INFO] [OctoBans] uu_uu sql checked, record: spammp by Remil to -1
04-11-17 22:32:04 [INFO] [OctoBans] wiroox sql checked, record: spammp by WeeZix to -1
04-11-17 22:32:04 [INFO] [OctoBans] wiroox sql checked, record: spammp by FiasK0 to -1
04-11-17 22:32:04 [INFO] [OctoBans] wiroox sql checked, record: spammp by WeeZix to -1
04-11-17 22:32:05 [INFO] [OctoBans] blackdark123 sql checked, record: spammp by SmooKeur to -1
04-11-17 22:32:07 [INFO] [OctoBans] pvp_thibaut_pvp sql checked, record: spammp by tinmar to -1
04-11-17 22:32:13 [INFO] [OctoBans] strikewail sql checked, record: spammp by LaKitaw to -1
04-11-17 22:32:13 [INFO] [OctoBans] strikewail sql checked, record: insultegrave by Zayrox29 to 1509914678
04-11-17 22:32:29 [INFO] [OctoBans] jesuispaunkikoo sql checked, record: spammp by Remil to -1
04-11-17 22:32:29 [INFO] [OctoBans] jesuispaunkikoo sql checked, record: spammp by Zoseq to -1
04-11-17 22:32:31 [INFO] [OctoBans] atsuky sql checked, record: provocation by SkillBOotiiS to 1509831714
04-11-17 22:32:37 [INFO] [OctoBans] Zayrox29 punished clochette for: Provocation
04-11-17 22:32:49 [INFO] [OctoBans] capitainecochon sql checked, record: spammp by Remil to -1
04-11-17 22:32:49 [INFO] [OctoBans] capitainecochon sql checked, record: spam by NeyTox to 1509831335
04-11-17 22:33:04 [INFO] [OctoBans] swichdi sql checked, record: spammp by Gamer09 to -1
04-11-17 22:33:20 [INFO] [OctoBans] azoxfr_yt sql checked, record: spammp by NeyTox to -1
04-11-17 22:33:20 [INFO] [OctoBans] azoxfr_yt sql checked, record: spammp by Antoine57565 to -1
04-11-17 22:33:20 [INFO] [OctoBans] azoxfr_yt sql checked, record: spammp by KelianHD to -1
04-11-17 22:33:24 [INFO] [OctoBans] ludo63 sql checked, record: spammp by YTB_XxKarnageXx to -1
04-11-17 22:34:34 [INFO] [OctoBans] leminecraftien80 sql checked, record: spammp by infinitim to -1
04-11-17 22:34:34 [INFO] [OctoBans] leminecraftien80 sql checked, record: spammp by Zoseq to -1
04-11-17 22:34:34 [INFO] [OctoBans] leminecraftien80 sql checked, record: insultegrave by Antoine57565 to 1509941673
04-11-17 22:34:45 [INFO] [OctoBans] yayan sql checked, record: spammp by Zoseq to -1
04-11-17 22:34:50 [INFO] [OctoBans] ozmog_yt sql checked, record: spammp by Remil to -1
04-11-17 22:34:50 [INFO] [OctoBans] ozmog_yt sql checked, record: spammp by OCIP_Matth to -1
04-11-17 22:34:57 [INFO] [OctoBans] alzarolle sql checked, record: spammp by SmooKeur to -1
04-11-17 22:35:19 [INFO] [OctoBans] frozen_20 sql checked, record: spammp by LeRe to -1
04-11-17 22:35:19 [INFO] [OctoBans] frozen_20 sql checked, record: spammp by woimant to -1
04-11-17 22:36:02 [INFO] [OctoBans] nakzu_u sql checked, record: spammp by PoukoaMoa to -1
04-11-17 22:36:02 [INFO] [OctoBans] nakzu_u sql checked, record: spammp by PoukoaMoa to -1
04-11-17 22:36:42 [INFO] [OctoBans] bardaxx_ sql checked, record: spammp by Zoseq to -1
04-11-17 22:37:42 [INFO] [OctoBans] _theodu13_ sql checked, record: spammp by FiasK0 to -1
04-11-17 22:37:42 [INFO] [OctoBans] _theodu13_ sql checked, record: spammp by SmooKeur to -1
04-11-17 22:39:02 [INFO] [OctoBans] lefifoudu3 sql checked, record: spammp by Zoseq to -1
04-11-17 22:39:02 [INFO] [OctoBans] lefifoudu3 sql checked, record: spammp by Remil to -1
04-11-17 22:39:02 [INFO] [OctoBans] lefifoudu3 sql checked, record: insultegrave by Zayrox29 to 1509950332
04-11-17 22:39:24 [INFO] [OctoBans] blackwhite010 sql checked, record: spammp by NeyTox to -1
04-11-17 22:39:24 [INFO] [OctoBans] blackwhite010 sql checked, record: spammp by LeRe to -1
04-11-17 22:39:24 [INFO] [OctoBans] blackwhite010 sql checked, record: insulte by Zoseq to 1509842918
04-11-17 22:39:52 [INFO] [OctoBans] hugoboss44 sql checked, record: spammp by Remil to -1
04-11-17 22:39:52 [INFO] [OctoBans] hugoboss44 sql checked, record: spammp by LeRe to -1
04-11-17 22:39:52 [INFO] [OctoBans] hugoboss44 sql checked, record: spammp by LeRe to -1
04-11-17 22:40:43 [INFO] [OctoBans] gramatik sql checked, record: spammp by YTB_XxKarnageXx to -1
04-11-17 22:40:43 [INFO] [OctoBans] gramatik sql checked, record: spammp by LaKitaw to -1
04-11-17 22:41:17 [INFO] [OctoBans] marseillekalash sql checked, record: spammp by SmooKeur to -1
04-11-17 22:41:17 [INFO] [OctoBans] marseillekalash sql checked, record: insultegrave by KelianHD to 1509931458
04-11-17 22:41:17 [INFO] [OctoBans] marseillekalash sql checked, record: insultegrave by KelianHD to 1509967482
04-11-17 22:41:17 [INFO] [OctoBans] marseillekalash sql checked, record: insulte by pepedjo to 1509831801
04-11-17 22:41:17 [INFO] [OctoBans] marseillekalash sql checked, record: spammp by pepedjo to -1
04-11-17 22:41:17 [INFO] [OctoBans] marseillekalash sql checked, record: insulte by pepedjo to 1509834585
04-11-17 22:43:12 [INFO] [OctoBans] nastu2727 sql checked, record: spammp by Remil to -1
04-11-17 22:43:46 [INFO] [OctoBans] SkillBOotiiS punished yeti2001vd for: Provocation
04-11-17 22:45:00 [INFO] [OctoBans] lad11 sql checked, record: spammp by Gamer09 to -1
04-11-17 22:45:00 [INFO] [OctoBans] lad11 sql checked, record: insultegrave by NiceFR to 1509841394
04-11-17 22:45:47 [INFO] [OctoBans] virocl sql checked, record: spammp by Antoine57565 to -1
04-11-17 22:45:51 [INFO] [OctoBans] malone sql checked, record: spammp by Zoseq to -1
04-11-17 22:46:32 [INFO] [OctoBans] lethugdu46 sql checked, record: spammp by LaKitaw to -1
04-11-17 22:47:38 [INFO] [OctoBans] noirafricain sql checked, record: insultegrave by tinmar to 1509861048
04-11-17 22:47:38 [INFO] [OctoBans] noirafricain sql checked, record: spammp by Zoseq to -1
04-11-17 22:48:35 [INFO] [OctoBans] Frite_Merguez punished malone for: Double Poste
04-11-17 22:49:39 [INFO] [OctoBans] guezmann sql checked, record: spammp by infinitim to -1
04-11-17 22:51:00 [INFO] [OctoBans] maxoupvp sql checked, record: spammp by LeRe to -1
04-11-17 22:51:09 [INFO] [OctoBans] SkillBOotiiS punished xtrey666 for: Double Poste
04-11-17 22:51:26 [INFO] [OctoBans] SkillBOotiiS punished lad11 for: Provocation
04-11-17 22:51:51 [INFO] [OctoBans] _guigui_ sql checked, record: spammp by Remil to -1
04-11-17 22:54:05 [INFO] [OctoBans] SkillBOotiiS punished oow_ll for: Provocation
04-11-17 22:54:07 [INFO] [OctoBans] fabio sql checked, record: spammp by Remil to -1
04-11-17 22:55:57 [INFO] [OctoBans] drbrine punished _guigui_ for: Provocation
04-11-17 22:55:57 [INFO] [OctoBans] SkillBOotiiS punished idreyzen for: Provocation
04-11-17 22:57:18 [INFO] [OctoBans] ayken sql checked, record: spammp by KelianHD to -1
04-11-17 22:57:24 [INFO] [OctoBans] SkillBOotiiS punished guezmann for: Double Poste
04-11-17 22:57:29 [INFO] [OctoBans] SkillBOotiiS punished neeskof for: Spam/flood
04-11-17 22:57:44 [INFO] [OctoBans] SkillBOotiiS punished captainenergy for: Spam/flood
04-11-17 22:57:45 [INFO] [OctoBans] gameurdumsk sql checked, record: spammp by SkillBOotiiS to -1
04-11-17 22:57:45 [INFO] [OctoBans] gameurdumsk sql checked, record: spammp by SkillBOotiiS to -1
04-11-17 22:57:45 [INFO] [OctoBans] gameurdumsk sql checked, record: spammp by NeyTox to -1
04-11-17 22:58:09 [INFO] [OctoBans] SkillBOotiiS punished saykain for: Provocation
04-11-17 22:58:18 [INFO] [OctoBans] SkillBOotiiS punished vzsquad for: Spam/flood
04-11-17 22:58:41 [INFO] [OctoBans] SkillBOotiiS punished vzsquad for: Insulte
04-11-17 22:58:57 [INFO] [OctoBans] pepsicoca sql checked, record: spammp by infinitim to -1
04-11-17 22:58:57 [INFO] [OctoBans] pepsicoca sql checked, record: insultegrave by NeyTox to 1509835203
04-11-17 23:02:46 [INFO] [OctoBans] SkillBOotiiS punished hkz_skillon for: Provocation
04-11-17 23:05:10 [INFO] [OctoBans] SkillBOotiiS punished _zeylox_ for: Spam/flood
04-11-17 23:07:01 [INFO] [OctoBans] Zayrox29 punished molotof for: Provocation
04-11-17 23:07:08 [INFO] [OctoBans] Zayrox29 punished fabio for: Provocation
04-11-17 23:07:32 [INFO] [OctoBans] snoxx_ sql checked, record: spammp by Kyabe to -1
04-11-17 23:07:32 [INFO] [OctoBans] snoxx_ sql checked, record: spammp by Zoseq to -1
04-11-17 23:07:32 [INFO] [OctoBans] snoxx_ sql checked, record: spammp by tinmar to -1
04-11-17 23:07:32 [INFO] [OctoBans] snoxx_ sql checked, record: spammp by tinmar to -1
04-11-17 23:08:24 [INFO] [OctoBans] Zayrox29 punished ourox_ for: Provocation
04-11-17 23:08:45 [INFO] [OctoBans] zeus_monkey sql checked, record: spammp by Zoseq to -1
04-11-17 23:09:44 [INFO] [OctoBans] trashroyal sql checked, record: doubleposte by OCIP_Matth to 1509833896
04-11-17 23:13:08 [INFO] [OctoBans] titi09 sql checked, record: insultegrave by skhey to 1509854364
04-11-17 23:17:28 [INFO] [OctoBans] zeynox sql checked, record: spammp by Zayrox29 to -1
04-11-17 23:17:28 [INFO] [OctoBans] zeynox sql checked, record: spammp by Zoseq to -1
04-11-17 23:17:28 [INFO] [OctoBans] zeynox sql checked, record: insultegrave by woimant to 1509863755
04-11-17 23:17:28 [INFO] [OctoBans] zeynox sql checked, record: insultegrave by Remil to 1509899827
04-11-17 23:18:55 [INFO] [OctoBans] superjojo sql checked, record: spammp by SkillBOotiiS to -1
04-11-17 23:21:51 [INFO] [OctoBans] Frite_Merguez punished thegamer80 for: Double Poste
04-11-17 23:22:28 [INFO] [OctoBans] totoorrus sql checked, record: spammp by KelianHD to -1
04-11-17 23:22:58 [INFO] [OctoBans] Frite_Merguez punished monstergamex7 for: Provocation
04-11-17 23:23:27 [INFO] [OctoBans] SkillBOotiiS punished gamix_yt for: Provocation
04-11-17 23:24:31 [INFO] [OctoBans] SkillBOotiiS punished winningyt for: Insulte grave
04-11-17 23:25:17 [INFO] [OctoBans] zeusaupvp sql checked, record: spammp by OCIP_Matth to -1
04-11-17 23:26:34 [INFO] [OctoBans] SkillBOotiiS punished lolodu02 for: Double Poste
04-11-17 23:28:03 [INFO] [OctoBans] FiasK0 punished malone for: Publicité Youtubeur
04-11-17 23:31:32 [INFO] [OctoBans] SkillBOotiiS punished swichdi for: Double Poste
04-11-17 23:32:34 [INFO] [OctoBans] FiasK0 punished miloute for: Majuscule
04-11-17 23:34:53 [INFO] [OctoBans] SkillBOotiiS punished jawed83 for: Spam/flood
04-11-17 23:37:01 [INFO] [OctoBans] sosodidi sql checked, record: insultegrave by WeeZix to 1509871890
04-11-17 23:37:24 [INFO] [OctoBans] justunepoire sql checked, record: spammp by SkillBOotiiS to -1
04-11-17 23:38:23 [INFO] [OctoBans] Frite_Merguez punished yeti2001vd for: Provocation
04-11-17 23:38:35 [INFO] [OctoBans] Frite_Merguez punished theo for: Provocation
04-11-17 23:39:21 [INFO] [OctoBans] Frite_Merguez punished thegamer80 for: Insulte
04-11-17 23:39:50 [INFO] [OctoBans] Frite_Merguez punished batte for: Insulte grave
04-11-17 23:40:08 [INFO] [OctoBans] Frite_Merguez punished yeti2001vd for: Spam/flood en MP
04-11-17 23:40:23 [INFO] [OctoBans] SkillBOotiiS punished pvp_thibaut_pvp for: Spam/flood en MP
04-11-17 23:40:54 [INFO] [OctoBans] FiasK0 punished porto73 for: Insulte grave
04-11-17 23:40:59 [INFO] [OctoBans] kakakiki sql checked, record: spammp by OCIP_Matth to -1
04-11-17 23:40:59 [INFO] [OctoBans] kakakiki sql checked, record: insultegrave by OCIP_Matth to 1509846844
04-11-17 23:41:09 [INFO] [OctoBans] FiasK0 punished thefenris32 for: Majuscule
04-11-17 23:44:49 [INFO] [OctoBans] norgonz sql checked, record: spammp by SkyKosIV to -1
04-11-17 23:49:51 [INFO] [OctoBans] FiasK0 punished sebasti_1 for: Majuscule
04-11-17 23:50:23 [INFO] [OctoBans] FiasK0 punished sqkaa_ for: Majuscule
04-11-17 23:51:09 [INFO] [OctoBans] FiasK0 punished fabio for: Insulte
04-11-17 23:51:32 [INFO] [OctoBans] derpik sql checked, record: spammp by SmooKeur to -1
04-11-17 23:52:30 [INFO] [OctoBans] Antoine57565 punished destroyer_s_34 for: Double Poste
04-11-17 23:55:05 [INFO] [OctoBans] reborncreep sql checked, record: spammp by drbrine to -1
05-11-17 00:01:01 [INFO] [OctoBans] FiasK0 punished zeusaupvp for: Spam/flood
05-11-17 00:02:06 [INFO] [OctoBans] Antoine57565 punished _theodu13_ for: Insulte grave
05-11-17 00:02:53 [INFO] [OctoBans] FiasK0 punished _theodu13_ for: Spam/flood en MP
05-11-17 00:03:07 [INFO] [OctoBans] keke91 sql checked, record: spammp by Zoseq to -1
05-11-17 00:04:57 [INFO] [OctoBans] FiasK0 punished fantome for: Spam/flood
05-11-17 00:05:22 [INFO] [OctoBans] kimoli sql checked, record: spammp by NeyTox to -1
05-11-17 00:05:22 [INFO] [OctoBans] kimoli sql checked, record: spammp by NeyTox to -1
05-11-17 00:05:22 [INFO] [OctoBans] kimoli sql checked, record: insultegrave by NeyTox to 1509853796
05-11-17 00:05:22 [INFO] [OctoBans] kimoli sql checked, record: spammp by NeyTox to -1
05-11-17 00:05:22 [INFO] [OctoBans] kimoli sql checked, record: spammp by NeyTox to -1
05-11-17 00:05:22 [INFO] [OctoBans] kimoli sql checked, record: spammp by NeyTox to -1
05-11-17 00:05:22 [INFO] [OctoBans] kimoli sql checked, record: spammp by NeyTox to -1
05-11-17 00:05:22 [INFO] [OctoBans] kimoli sql checked, record: spammp by NeyTox to -1
05-11-17 00:05:22 [INFO] [OctoBans] kimoli sql checked, record: spammp by NeyTox to -1
05-11-17 00:05:22 [INFO] [OctoBans] kimoli sql checked, record: spammp by NeyTox to -1
05-11-17 00:10:34 [INFO] [OctoBans] FiasK0 punished wayplane for: Insulte grave
05-11-17 00:15:43 [INFO] [OctoBans] Antoine57565 punished gameurdumsk for: Majuscule
05-11-17 00:24:38 [INFO] [OctoBans] FiasK0 punished the_legends_62 for: Majuscule
05-11-17 00:25:16 [INFO] [OctoBans] potion2speed sql checked, record: spammp by FiasK0 to -1
05-11-17 00:25:16 [INFO] [OctoBans] potion2speed sql checked, record: spammp by FiasK0 to -1
05-11-17 00:27:15 [INFO] [OctoBans] FiasK0 punished _coco_ for: Majuscule
05-11-17 00:27:47 [INFO] [OctoBans] inquisiteur1 sql checked, record: spammp by LaKitaw to -1
05-11-17 00:30:31 [INFO] [OctoBans] YTB_XxKarnageXx punished kazroju for: Langage incorrect
05-11-17 00:31:06 [INFO] [OctoBans] pepedjo sql checked, record: spammp by NiceFR to -1
05-11-17 00:32:43 [INFO] [OctoBans] YTB_XxKarnageXx punished zlkayzen for: Provocation
05-11-17 00:33:14 [INFO] [OctoBans] daymond_ytb sql checked, record: spammp by Antoine57565 to -1
05-11-17 00:33:14 [INFO] [OctoBans] daymond_ytb sql checked, record: spammp by Antoine57565 to -1
05-11-17 00:33:14 [INFO] [OctoBans] daymond_ytb sql checked, record: spammp by FiasK0 to -1
05-11-17 00:33:14 [INFO] [OctoBans] daymond_ytb sql checked, record: spammp by FiasK0 to -1
05-11-17 00:33:14 [INFO] [OctoBans] daymond_ytb sql checked, record: spammp by Zoseq to -1
05-11-17 00:33:14 [INFO] [OctoBans] daymond_ytb sql checked, record: spammp by KelianHD to -1
05-11-17 00:33:14 [INFO] [OctoBans] daymond_ytb sql checked, record: spammp by Zoseq to -1
05-11-17 00:33:14 [INFO] [OctoBans] daymond_ytb sql checked, record: spammp by EGGSPLOSION to -1
05-11-17 00:36:27 [INFO] [OctoBans] YTB_XxKarnageXx punished uu_uu for: Provocation
05-11-17 00:37:59 [INFO] [OctoBans] fighter62 sql checked, record: spammp by SmooKeur to -1
05-11-17 00:43:32 [INFO] [OctoBans] YTB_XxKarnageXx punished muffmon for: Double Poste
05-11-17 00:51:51 [INFO] [OctoBans] YTB_XxKarnageXx punished uchiwa45 for: Double Poste
05-11-17 01:02:29 [INFO] [OctoBans] faryu_ sql checked, record: spammp by Spovly to -1
05-11-17 01:02:29 [INFO] [OctoBans] faryu_ sql checked, record: spammp by Taygrax07 to -1
05-11-17 01:06:54 [INFO] [OctoBans] YTB_XxKarnageXx punished deeprodole for: Langage incorrect
05-11-17 01:07:54 [INFO] [OctoBans] YTB_XxKarnageXx punished sqkaa_ for: Provocation
05-11-17 01:33:17 [INFO] [OctoBans] drbrine punished sniper314 for: Insulte
05-11-17 01:33:25 [INFO] [OctoBans] drbrine punished the_slash for: Insulte
05-11-17 01:33:35 [INFO] [OctoBans] drbrine punished brookdu81 for: Insulte
05-11-17 01:34:18 [INFO] [OctoBans] sigmoz sql checked, record: spammp by KelianHD to -1
05-11-17 01:34:18 [INFO] [OctoBans] sigmoz sql checked, record: spam by KelianHD to 1509845560
05-11-17 01:42:13 [INFO] [OctoBans] drbrine punished oturan03 for: Insulte
05-11-17 01:43:23 [INFO] [OctoBans] drbrine punished marseillekalash for: Double Poste
05-11-17 01:44:43 [INFO] [OctoBans] drbrine punished paul15440 for: Double Poste
05-11-17 01:47:27 [INFO] [OctoBans] drbrine punished captainenergy for: Spam/flood
05-11-17 01:53:39 [INFO] [OctoBans] drbrine punished firlo for: Double Poste
05-11-17 01:54:23 [INFO] [OctoBans] drbrine punished bfa69 for: Provocation
05-11-17 01:54:26 [INFO] [OctoBans] drbrine punished imperator122 for: Provocation
05-11-17 01:54:39 [INFO] [OctoBans] pepedjo punished zlkayzen for: Spam/flood en MP
05-11-17 01:56:44 [INFO] [OctoBans] drbrine punished azoxfr_yt for: Double Poste
05-11-17 01:58:29 [INFO] [OctoBans] drbrine punished azoxfr_yt for: Spam/flood en MP
05-11-17 01:58:51 [INFO] [OctoBans] skhey punished marseillekalash for: Provocation
05-11-17 02:00:08 [INFO] [OctoBans] skhey punished marseillekalash for: Insulte staff
05-11-17 02:00:47 [INFO] [OctoBans] drbrine punished azoxfr_yt for: Provocation
05-11-17 02:03:11 [INFO] [OctoBans] drbrine punished azoxfr_yt for: Provocation
05-11-17 02:03:35 [INFO] [OctoBans] drbrine punished skybow for: Double Poste
05-11-17 02:05:08 [INFO] [OctoBans] bananna_yt sql checked, record: incitationflood by KelianHD to 1509912494
05-11-17 02:05:08 [INFO] [OctoBans] bananna_yt sql checked, record: spammp by Zayrox29 to -1
05-11-17 02:14:35 [INFO] [OctoBans] Remil punished marseillekalash for: Insulte serveur
05-11-17 02:14:58 [INFO] [OctoBans] Remil punished marseillekalash for: Insulte staff
05-11-17 02:27:16 [INFO] [OctoBans] drbrine punished sniper314 for: Spam/flood
05-11-17 02:29:35 [INFO] [OctoBans] skhey punished inquisiteur1 for: Provocation
05-11-17 02:30:12 [INFO] [OctoBans] skhey punished rosedesbois for: Insulte
05-11-17 02:32:30 [INFO] [OctoBans] skhey punished davlow_ for: Double Poste
05-11-17 02:44:10 [INFO] [OctoBans] drbrine punished kakakiki for: Insulte grave
05-11-17 03:02:22 [INFO] [OctoBans] xx_after_xx sql checked, record: homophobie by KelianHD to 1509930777
05-11-17 03:27:37 [INFO] [OctoBans] aexraptorz sql checked, record: spammp by Remil to -1
05-11-17 03:34:21 [INFO] [OctoBans] ryda4 sql checked, record: spammp by Remil to -1
05-11-17 03:45:39 [INFO] [OctoBans] pepedjo punished bfa69 for: Double Poste
05-11-17 03:45:46 [INFO] [OctoBans] pepedjo punished rosedesbois for: Double Poste
05-11-17 04:09:07 [INFO] [OctoBans] Remil punished aexraptorz for: Double Poste
05-11-17 04:35:55 [INFO] [OctoBans] Remil punished polise123 for: Langage incorrect
05-11-17 05:05:08 [INFO] [OctoBans] Remil punished prestoweed for: Insulte grave
05-11-17 05:51:34 [INFO] [OctoBans] deniz sql checked, record: spammp by SmooKeur to -1
05-11-17 06:01:01 [INFO] [OctoBans] Disabling OctoBans v1.0
