21-11-17 22:31:42 [INFO] [OctoBans] File Handler successfully initialized!
21-11-17 22:31:42 [INFO] [OctoBans] SQL connection successfully etablished
21-11-17 22:31:42 [INFO] [OctoBans] Moderator Tools by Octonia.
21-11-17 22:31:47 [INFO] [OctoBans] pablo sql checked, record: homophobie by YTB_XxKarnageXx to 1511375852
21-11-17 22:31:47 [INFO] [OctoBans] winningyt sql checked, record: spammp by LaKitaw to -1
21-11-17 22:31:59 [INFO] [OctoBans] yoda2123 sql checked, record: pubyt by NeyTox to 1511301950
21-11-17 22:32:01 [INFO] [OctoBans] snoxx_ sql checked, record: spammp by Kyabe to -1
21-11-17 22:32:01 [INFO] [OctoBans] snoxx_ sql checked, record: spammp by Zoseq to -1
21-11-17 22:32:01 [INFO] [OctoBans] snoxx_ sql checked, record: spammp by tinmar to -1
21-11-17 22:32:01 [INFO] [OctoBans] snoxx_ sql checked, record: spammp by tinmar to -1
21-11-17 22:32:09 [INFO] [OctoBans] ddjokos sql checked, record: majuscule by NeyTox to 1511301712
21-11-17 22:32:15 [INFO] [OctoBans] aexraptorz sql checked, record: spammp by Remil to -1
21-11-17 22:32:15 [INFO] [OctoBans] ncs_pig sql checked, record: spammp by ToXiCz_TV to -1
21-11-17 22:32:15 [INFO] [OctoBans] darryl1 sql checked, record: spammp by FiasK0 to -1
21-11-17 22:32:17 [INFO] [OctoBans] zlkayzen sql checked, record: spammp by Remil to -1
21-11-17 22:32:17 [INFO] [OctoBans] zlkayzen sql checked, record: spammp by Remil to -1
21-11-17 22:32:17 [INFO] [OctoBans] zlkayzen sql checked, record: insultestaff by Flowtox to 1511370296
21-11-17 22:33:04 [INFO] [OctoBans] aparia sql checked, record: spammp by pepedjo to -1
21-11-17 22:33:04 [INFO] [OctoBans] aparia sql checked, record: spammp by pepedjo to -1
21-11-17 22:33:04 [INFO] [OctoBans] aparia sql checked, record: spammp by Evolze to -1
21-11-17 22:33:20 [INFO] [OctoBans] manyl93 sql checked, record: incitationflood by woimant to 1511386017
21-11-17 22:33:38 [INFO] [OctoBans] the_slash sql checked, record: spammp by pepedjo to -1
21-11-17 22:33:38 [INFO] [OctoBans] the_slash sql checked, record: spammp by drbrine to -1
21-11-17 22:33:55 [INFO] [OctoBans] masterfoot sql checked, record: spammp by KelianHD to -1
21-11-17 22:33:55 [INFO] [OctoBans] masterfoot sql checked, record: spammp by KelianHD to -1
21-11-17 22:34:02 [INFO] [OctoBans] superb3b3 sql checked, record: spammp by Evolze to -1
21-11-17 22:34:02 [INFO] [OctoBans] superb3b3 sql checked, record: spammp by Evolze to -1
21-11-17 22:34:02 [INFO] [OctoBans] superb3b3 sql checked, record: spammp by OCIP_Matth to -1
21-11-17 22:39:05 [INFO] [OctoBans] lolodu02 sql checked, record: spammp by drbrine to -1
21-11-17 22:39:05 [INFO] [OctoBans] lolodu02 sql checked, record: trahisonforum by SmooKeur to -1
21-11-17 22:41:36 [INFO] [OctoBans] woimant punished kaiyoken for: Double Poste
21-11-17 22:41:54 [INFO] [OctoBans] momolegardien sql checked, record: spammp by ToXiCz_TV to -1
21-11-17 22:47:04 [INFO] [OctoBans] OCIP_Matth punished xcasing for: Insulte staff
21-11-17 22:48:23 [INFO] [OctoBans] OCIP_Matth punished xcasing for: Spam/flood en MP
21-11-17 22:48:56 [INFO] [OctoBans] swichdi sql checked, record: spammp by Gamer09 to -1
21-11-17 22:49:11 [INFO] [OctoBans] fabio sql checked, record: spammp by Remil to -1
21-11-17 22:49:11 [INFO] [OctoBans] fabio sql checked, record: spammp by Remil to -1
21-11-17 22:49:11 [INFO] [OctoBans] fabio sql checked, record: spammp by EGGSPLOSION to -1
21-11-17 22:49:11 [INFO] [OctoBans] fabio sql checked, record: insultegrave by drbrine to 1511323518
21-11-17 22:49:11 [INFO] [OctoBans] fabio sql checked, record: insultegrave by drbrine to 1511359563
21-11-17 22:49:11 [INFO] [OctoBans] fabio sql checked, record: spammp by drbrine to -1
21-11-17 22:49:11 [INFO] [OctoBans] fabio sql checked, record: insultestaff by NeyTox to 1511313352
21-11-17 22:49:11 [INFO] [OctoBans] fabio sql checked, record: insultestaff by Remil to 1511432701
21-11-17 22:53:01 [INFO] [OctoBans] leminecraftien80 sql checked, record: spammp by infinitim to -1
21-11-17 22:53:01 [INFO] [OctoBans] leminecraftien80 sql checked, record: spammp by Zoseq to -1
21-11-17 22:53:01 [INFO] [OctoBans] leminecraftien80 sql checked, record: spammp by FiasK0 to -1
21-11-17 22:53:01 [INFO] [OctoBans] leminecraftien80 sql checked, record: insultegrave by NeyTox to 1511405888
21-11-17 22:53:01 [INFO] [OctoBans] leminecraftien80 sql checked, record: insultegrave by Evolze to 1511487562
21-11-17 22:53:01 [INFO] [OctoBans] leminecraftien80 sql checked, record: insultegrave by Evolze to 1511523628
21-11-17 22:53:01 [INFO] [OctoBans] leminecraftien80 sql checked, record: insultegrave by EGGSPLOSION to 1511570649
21-11-17 22:53:01 [INFO] [OctoBans] leminecraftien80 sql checked, record: spammp by SkillBOotiiS to -1
21-11-17 22:55:50 [INFO] [OctoBans] virocl sql checked, record: spammp by drbrine to -1
21-11-17 22:56:25 [INFO] [OctoBans] Zayrox29 punished crax_ for: Double Poste
21-11-17 22:58:14 [INFO] [OctoBans] virtl_skymodz sql checked, record: spammp by EGGSPLOSION to -1
21-11-17 23:01:08 [INFO] [OctoBans] OCIP_Matth punished jojomonster2 for: Double Poste
21-11-17 23:02:16 [INFO] [OctoBans] NeyTox punished clashdu45 for: Double Poste
21-11-17 23:03:57 [INFO] [OctoBans] OCIP_Matth punished darryl1 for: Double Poste
21-11-17 23:05:42 [INFO] [OctoBans] NeyTox punished fireboys for: Double Poste
21-11-17 23:07:41 [INFO] [OctoBans] yeti2001vd sql checked, record: spammp by Frite_Merguez to -1
21-11-17 23:07:41 [INFO] [OctoBans] yeti2001vd sql checked, record: spammp by FiasK0 to -1
21-11-17 23:07:41 [INFO] [OctoBans] yeti2001vd sql checked, record: insultegrave by FiasK0 to 1511389869
21-11-17 23:11:58 [INFO] [OctoBans] NeyTox punished clashdu45 for: Publicité Youtubeur
21-11-17 23:13:11 [INFO] [OctoBans] OCIP_Matth punished relaster for: Double Poste
21-11-17 23:17:29 [INFO] [OctoBans] OCIP_Matth punished fireboys for: TpKill
21-11-17 23:18:16 [INFO] [OctoBans] OCIP_Matth punished jojolatereur972 for: TpKill
21-11-17 23:28:56 [INFO] [OctoBans] woimant punished luffy1304 for: Double Poste
21-11-17 23:44:17 [INFO] [OctoBans] NeyTox punished fabio for: Insulte
21-11-17 23:45:16 [INFO] [OctoBans] NeyTox punished fabio for: Insulte staff
21-11-17 23:50:05 [INFO] [OctoBans] blackwhite010 sql checked, record: spammp by drbrine to -1
21-11-17 23:50:05 [INFO] [OctoBans] blackwhite010 sql checked, record: spammp by drbrine to -1
21-11-17 23:50:05 [INFO] [OctoBans] blackwhite010 sql checked, record: spammp by drbrine to -1
21-11-17 23:50:05 [INFO] [OctoBans] blackwhite010 sql checked, record: insultegrave by woimant to 1511418210
21-11-17 23:50:05 [INFO] [OctoBans] blackwhite010 sql checked, record: spammp by woimant to -1
22-11-17 00:48:37 [INFO] [OctoBans] zitro_pvp sql checked, record: provocation by OCIP_Matth to 1511310126
22-11-17 01:10:33 [INFO] [OctoBans] OCIP_Matth punished winningyt for: Double Poste
22-11-17 01:19:05 [INFO] [OctoBans] cocacola62 sql checked, record: spammp by Kyabe to -1
22-11-17 01:23:06 [INFO] [OctoBans] OCIP_Matth punished sangoku for: Provocation
22-11-17 01:41:32 [INFO] [OctoBans] sangoku sql checked, record: provocation by OCIP_Matth to 1511317086
22-11-17 01:59:55 [INFO] [OctoBans] dark_t0x sql checked, record: spammp by NiceFR to -1
22-11-17 02:07:18 [INFO] [OctoBans] NeyTox punished aexraptorz for: Spam/flood
22-11-17 04:44:56 [INFO] [OctoBans] pepedjo sql checked, record: spammp by NiceFR to -1
22-11-17 04:44:56 [INFO] [OctoBans] pepedjo sql checked, record: spammp by ToXiCz_TV to -1
22-11-17 05:11:11 [INFO] [OctoBans] kikoo53000 sql checked, record: spammp by ToXiCz_TV to -1
22-11-17 05:17:59 [INFO] [OctoBans] pepedjo punished jojolatereur971 for: Spam/flood
22-11-17 05:18:05 [INFO] [OctoBans] pepedjo punished kikoo53000 for: Insulte
22-11-17 05:18:50 [INFO] [OctoBans] pepedjo punished dark_t0x for: Spam/flood
22-11-17 05:19:12 [INFO] [OctoBans] pepedjo punished kikoo53000 for: Insulte
22-11-17 05:24:46 [INFO] [OctoBans] pepedjo punished kikoo53000 for: Insulte grave
22-11-17 05:25:28 [INFO] [OctoBans] kikoo53000 sql checked, record: spammp by ToXiCz_TV to -1
22-11-17 05:25:28 [INFO] [OctoBans] kikoo53000 sql checked, record: insulte by pepedjo to 1511332385
22-11-17 05:25:28 [INFO] [OctoBans] kikoo53000 sql checked, record: insulte by pepedjo to 1511335152
22-11-17 05:25:28 [INFO] [OctoBans] kikoo53000 sql checked, record: insultegrave by pepedjo to 1511432686
22-11-17 06:01:02 [INFO] [OctoBans] Disabling OctoBans v1.0
