14-09-17 22:31:42 [INFO] [OctoBans] File Handler successfully initialized!
14-09-17 22:31:42 [INFO] [OctoBans] SQL connection successfully etablished
14-09-17 22:31:42 [INFO] [OctoBans] Moderator Tools by Octonia.
14-09-17 22:31:48 [INFO] [OctoBans] sonice2 sql checked, record: doubleposte by EGGSPLOSION to 1505421361
14-09-17 22:31:48 [INFO] [OctoBans] grizzlywarrior sql checked, record: spammp by Remil to -1
14-09-17 22:31:48 [INFO] [OctoBans] grizzlywarrior sql checked, record: spammp by Remil to -1
14-09-17 22:31:48 [INFO] [OctoBans] grizzlywarrior sql checked, record: incitationflood by InstateProoFy to 1505484927
14-09-17 22:32:03 [INFO] [OctoBans] molotof sql checked, record: langage by EGGSPLOSION to 1505423265
14-09-17 22:32:29 [INFO] [OctoBans] alberic sql checked, record: spammp by Remil to -1
14-09-17 22:32:48 [INFO] [OctoBans] gamix_yt sql checked, record: spammp by tinmar to -1
14-09-17 22:32:48 [INFO] [OctoBans] gamix_yt sql checked, record: spammp by tinmar to -1
14-09-17 22:33:06 [INFO] [OctoBans] fiask0 sql checked, record: floodmp by Forway to -1
14-09-17 22:44:16 [INFO] [OctoBans] hayden_frost sql checked, record: spammp by PseudoNul to -1
14-09-17 22:44:16 [INFO] [OctoBans] hayden_frost sql checked, record: spammp by Remil to -1
14-09-17 22:45:57 [INFO] [OctoBans] trollmypvp sql checked, record: spammp by YTB_XxKarnageXx to -1
14-09-17 22:45:57 [INFO] [OctoBans] trollmypvp sql checked, record: spammp by tinmar to -1
14-09-17 22:46:28 [INFO] [OctoBans] FiasK0 punished stove83 for: Majuscule
14-09-17 22:53:15 [INFO] [OctoBans] sacha33340 sql checked, record: spammp by ZerKup to -1
14-09-17 22:53:15 [INFO] [OctoBans] sacha33340 sql checked, record: spammp by Remil to -1
14-09-17 22:53:15 [INFO] [OctoBans] sacha33340 sql checked, record: spammp by Remil to -1
14-09-17 22:53:15 [INFO] [OctoBans] sacha33340 sql checked, record: floodmp by Forway to -1
14-09-17 22:54:07 [INFO] [OctoBans] FiasK0 punished sonice2 for: Double Poste
14-09-17 22:54:47 [INFO] [OctoBans] FiasK0 punished trollmypvp for: Double Poste
14-09-17 22:55:27 [INFO] [OctoBans] FiasK0 punished ayken for: Provocation
14-09-17 22:58:50 [INFO] [OctoBans] FiasK0 punished virocl for: Provocation
14-09-17 23:01:09 [INFO] [OctoBans] FiasK0 punished virocl for: Provocation
14-09-17 23:01:14 [INFO] [OctoBans] virocl sql checked, record: provocation by FiasK0 to 1505426930
14-09-17 23:01:14 [INFO] [OctoBans] virocl sql checked, record: provocation by FiasK0 to 1505427369
14-09-17 23:02:28 [INFO] [OctoBans] octomanredoman sql checked, record: spammp by tinmar to -1
14-09-17 23:11:32 [INFO] [OctoBans] insanity sql checked, record: spammp by SkyKosIV to -1
14-09-17 23:34:04 [INFO] [OctoBans] sam_ytb sql checked, record: spammp by iPurple_ to -1
14-09-17 23:34:04 [INFO] [OctoBans] sam_ytb sql checked, record: spammp by drbrine to -1
14-09-17 23:34:04 [INFO] [OctoBans] sam_ytb sql checked, record: spammp by TheBrioche13 to -1
15-09-17 00:59:57 [INFO] [OctoBans] superb3b3 sql checked, record: spammp by Remil to -1
15-09-17 00:59:57 [INFO] [OctoBans] superb3b3 sql checked, record: spammp by Remil to -1
15-09-17 06:01:01 [INFO] [OctoBans] Disabling OctoBans v1.0
