10-11-17 22:31:43 [INFO] [OctoBans] File Handler successfully initialized!
10-11-17 22:31:43 [INFO] [OctoBans] SQL connection successfully etablished
10-11-17 22:31:43 [INFO] [OctoBans] Moderator Tools by Octonia.
10-11-17 22:31:47 [INFO] [OctoBans] red_sheep sql checked, record: spammp by Remil to -1
10-11-17 22:31:47 [INFO] [OctoBans] whiteswand sql checked, record: spammp by Remil to -1
10-11-17 22:31:47 [INFO] [OctoBans] idreyzen sql checked, record: spammp by SkillBOotiiS to -1
10-11-17 22:31:47 [INFO] [OctoBans] idreyzen sql checked, record: spammp by WeeZix to -1
10-11-17 22:31:47 [INFO] [OctoBans] xx_biom_xx sql checked, record: spammp by Spovly to -1
10-11-17 22:31:47 [INFO] [OctoBans] clochette sql checked, record: insultegrave by FiasK0 to 1510364374
10-11-17 22:31:47 [INFO] [OctoBans] capitainecochon sql checked, record: spammp by Remil to -1
10-11-17 22:31:47 [INFO] [OctoBans] capitainecochon sql checked, record: spammp by tinmar to -1
10-11-17 22:31:47 [INFO] [OctoBans] capitainecochon sql checked, record: spam by OCIP_Matth to 1510353762
10-11-17 22:31:47 [INFO] [OctoBans] proxy_killeur sql checked, record: spammp by Remil to -1
10-11-17 22:31:47 [INFO] [OctoBans] westromv1 sql checked, record: insultestaff by FiasK0 to 1510356883
10-11-17 22:31:47 [INFO] [OctoBans] mortroi sql checked, record: spammp by Antoine57565 to -1
10-11-17 22:31:47 [INFO] [OctoBans] pvp_thibaut_pvp sql checked, record: spammp by tinmar to -1
10-11-17 22:31:47 [INFO] [OctoBans] pvp_thibaut_pvp sql checked, record: spammp by SkillBOotiiS to -1
10-11-17 22:31:47 [INFO] [OctoBans] pvp_thibaut_pvp sql checked, record: spammp by pepedjo to -1
10-11-17 22:31:48 [INFO] [OctoBans] proxy_killeur sql checked, record: spammp by Remil to -1
10-11-17 22:31:49 [INFO] [OctoBans] jesuispaunkikoo sql checked, record: spammp by Remil to -1
10-11-17 22:31:49 [INFO] [OctoBans] jesuispaunkikoo sql checked, record: spammp by Zoseq to -1
10-11-17 22:31:50 [INFO] [OctoBans] autoclick_pvp sql checked, record: insultegrave by FiasK0 to 1510381875
10-11-17 22:31:50 [INFO] [OctoBans] autoclick_pvp sql checked, record: spammp by FiasK0 to -1
10-11-17 22:31:50 [INFO] [OctoBans] autoclick_pvp sql checked, record: spam by FiasK0 to 1510353159
10-11-17 22:31:51 [INFO] [OctoBans] neofurie sql checked, record: insulte by woimant to 1510351673
10-11-17 22:31:54 [INFO] [OctoBans] theorangekiller sql checked, record: spammp by Gamer09 to -1
10-11-17 22:31:56 [INFO] [OctoBans] strikewail sql checked, record: spammp by LaKitaw to -1
10-11-17 22:31:56 [INFO] [OctoBans] strikewail sql checked, record: spammp by LaKitaw to -1
10-11-17 22:31:56 [INFO] [OctoBans] strikewail sql checked, record: insultegrave by EGGSPLOSION to 1510524040
10-11-17 22:32:00 [INFO] [OctoBans] marcus27500 sql checked, record: spammp by Remil to -1
10-11-17 22:32:00 [INFO] [OctoBans] rayzfire sql checked, record: spammp by ToXiCz_TV to -1
10-11-17 22:32:06 [INFO] [OctoBans] zeus_monkey sql checked, record: spammp by Zoseq to -1
10-11-17 22:32:06 [INFO] [OctoBans] zeus_monkey sql checked, record: spammp by EGGSPLOSION to -1
10-11-17 22:32:18 [INFO] [OctoBans] zig4d0 sql checked, record: spammp by Remil to -1
10-11-17 22:32:19 [INFO] [OctoBans] darkmen25 sql checked, record: insultegrave by LaKitaw to 1510439990
10-11-17 22:32:19 [INFO] [OctoBans] darkmen25 sql checked, record: insultegrave by OCIP_Matth to 1510476917
10-11-17 22:32:20 [INFO] [OctoBans] nexbox sql checked, record: spammp by pepedjo to -1
10-11-17 22:32:21 [INFO] [OctoBans] harkz sql checked, record: insulte by Zayrox29 to 1510354167
10-11-17 22:32:21 [INFO] [OctoBans] yeti2001vd sql checked, record: spammp by Frite_Merguez to -1
10-11-17 22:32:29 [INFO] [OctoBans] bfa69 sql checked, record: spammp by millardm to -1
10-11-17 22:32:29 [INFO] [OctoBans] bfa69 sql checked, record: insultesrv by EGGSPLOSION to 1510361089
10-11-17 22:32:31 [INFO] [OctoBans] tomlaille32 sql checked, record: spammp by Spovly to -1
10-11-17 22:32:31 [INFO] [OctoBans] tomlaille32 sql checked, record: spammp by Spovly to -1
10-11-17 22:32:31 [INFO] [OctoBans] tomlaille32 sql checked, record: spammp by PoukoaMoa to -1
10-11-17 22:32:45 [INFO] [OctoBans] _topui_ sql checked, record: insultegrave by woimant to 1510359483
10-11-17 22:32:54 [INFO] [OctoBans] pepsicoca sql checked, record: spammp by infinitim to -1
10-11-17 22:33:07 [INFO] [OctoBans] aldorbest sql checked, record: spam by NeyTox to 1510355338
10-11-17 22:33:24 [INFO] [OctoBans] FiasK0 punished strikewail for: Spam/flood en MP
10-11-17 22:33:30 [INFO] [OctoBans] sebasti_1 sql checked, record: insultestaff by FiasK0 to 1510368490
10-11-17 22:33:38 [INFO] [OctoBans] aexraptorz sql checked, record: spammp by Remil to -1
10-11-17 22:33:41 [INFO] [OctoBans] cocacola62 sql checked, record: spammp by Kyabe to -1
10-11-17 22:33:58 [INFO] [OctoBans] shimo_ sql checked, record: spammp by LaKitaw to -1
10-11-17 22:33:58 [INFO] [OctoBans] shimo_ sql checked, record: spammp by SkillBOotiiS to -1
10-11-17 22:33:58 [INFO] [OctoBans] shimo_ sql checked, record: spammp by WeeZix to -1
10-11-17 22:34:07 [INFO] [OctoBans] unnainportant sql checked, record: spammp by pepedjo to -1
10-11-17 22:34:07 [INFO] [OctoBans] unnainportant sql checked, record: insulte by OCIP_Matth to 1510363825
10-11-17 22:34:46 [INFO] [OctoBans] FiasK0 punished byskinoz for: Spam/flood
10-11-17 22:35:33 [INFO] [OctoBans] inquisiteur1 sql checked, record: spammp by LaKitaw to -1
10-11-17 22:35:33 [INFO] [OctoBans] inquisiteur1 sql checked, record: spammp by Frite_Merguez to -1
10-11-17 22:35:51 [INFO] [OctoBans] kimoli sql checked, record: spammp by NeyTox to -1
10-11-17 22:35:51 [INFO] [OctoBans] kimoli sql checked, record: spammp by NeyTox to -1
10-11-17 22:35:51 [INFO] [OctoBans] kimoli sql checked, record: spammp by NeyTox to -1
10-11-17 22:35:51 [INFO] [OctoBans] kimoli sql checked, record: spammp by NeyTox to -1
10-11-17 22:35:51 [INFO] [OctoBans] kimoli sql checked, record: spammp by NeyTox to -1
10-11-17 22:35:51 [INFO] [OctoBans] kimoli sql checked, record: spammp by NeyTox to -1
10-11-17 22:35:51 [INFO] [OctoBans] kimoli sql checked, record: spammp by NeyTox to -1
10-11-17 22:35:51 [INFO] [OctoBans] kimoli sql checked, record: spammp by NeyTox to -1
10-11-17 22:35:51 [INFO] [OctoBans] kimoli sql checked, record: spammp by NeyTox to -1
10-11-17 22:35:51 [INFO] [OctoBans] kimoli sql checked, record: spammp by Remil to -1
10-11-17 22:35:57 [INFO] [OctoBans] LaKitaw punished lateamminage for: Double Poste
10-11-17 22:36:22 [INFO] [OctoBans] ayken sql checked, record: spammp by KelianHD to -1
10-11-17 22:37:48 [INFO] [OctoBans] NeyTox punished minethuglife for: Insulte grave
10-11-17 22:38:39 [INFO] [OctoBans] guezmann sql checked, record: spammp by infinitim to -1
10-11-17 22:38:49 [INFO] [OctoBans] ozmog_yt sql checked, record: spammp by Remil to -1
10-11-17 22:38:49 [INFO] [OctoBans] ozmog_yt sql checked, record: spammp by OCIP_Matth to -1
10-11-17 22:38:49 [INFO] [OctoBans] ozmog_yt sql checked, record: spammp by KelianHD to -1
10-11-17 22:39:34 [INFO] [OctoBans] bardaxx_ sql checked, record: spammp by Zoseq to -1
10-11-17 22:39:42 [INFO] [OctoBans] okonore sql checked, record: spammp by Gamer09 to -1
10-11-17 22:41:14 [INFO] [OctoBans] FiasK0 punished kimoli for: Majuscule
10-11-17 22:41:49 [INFO] [OctoBans] NeyTox punished radiateur53 for: Majuscule
10-11-17 22:42:04 [INFO] [OctoBans] YTB_XxKarnageXx punished cerialekiller for: TpKill
10-11-17 22:42:20 [INFO] [OctoBans] mrkebab sql checked, record: spammp by tinmar to -1
10-11-17 22:42:20 [INFO] [OctoBans] mrkebab sql checked, record: spammp by NeyTox to -1
10-11-17 22:42:20 [INFO] [OctoBans] mrkebab sql checked, record: spammp by LeRe to -1
10-11-17 22:42:20 [INFO] [OctoBans] mrkebab sql checked, record: spammp by FiasK0 to -1
10-11-17 22:42:20 [INFO] [OctoBans] mrkebab sql checked, record: spammp by Remil to -1
10-11-17 22:42:20 [INFO] [OctoBans] mrkebab sql checked, record: spammp by drbrine to -1
10-11-17 22:42:20 [INFO] [OctoBans] mrkebab sql checked, record: insultegrave by SkillBOotiiS to 1510443521
10-11-17 22:42:20 [INFO] [OctoBans] mrkebab sql checked, record: spammp by FiasK0 to -1
10-11-17 22:42:26 [INFO] [OctoBans] YTB_XxKarnageXx punished raaezer for: Majuscule
10-11-17 22:42:57 [INFO] [OctoBans] selim6671 sql checked, record: spammp by LeRe to -1
10-11-17 22:43:56 [INFO] [OctoBans] nakzu_u sql checked, record: spammp by PoukoaMoa to -1
10-11-17 22:43:56 [INFO] [OctoBans] nakzu_u sql checked, record: spammp by PoukoaMoa to -1
10-11-17 22:45:31 [INFO] [OctoBans] Zayrox29 punished icesword for: Double Poste
10-11-17 22:46:02 [INFO] [OctoBans] YTB_XxKarnageXx punished thomas62200 for: Double Poste
10-11-17 22:47:45 [INFO] [OctoBans] YTB_XxKarnageXx punished zozodu14 for: Double Poste
10-11-17 22:49:22 [INFO] [OctoBans] YTB_XxKarnageXx punished jeanthierry for: Majuscule
10-11-17 22:50:55 [INFO] [OctoBans] FiasK0 punished pandazzz for: Spam/flood
10-11-17 22:51:44 [INFO] [OctoBans] NeyTox punished ourox_ for: Majuscule
10-11-17 22:51:51 [INFO] [OctoBans] oow_ll sql checked, record: insultegrave by Antoine57565 to 1510405870
10-11-17 22:52:46 [INFO] [OctoBans] zebieux sql checked, record: spammp by pepedjo to -1
10-11-17 22:52:46 [INFO] [OctoBans] zebieux sql checked, record: spammp by Remil to -1
10-11-17 22:54:56 [INFO] [OctoBans] amgaming sql checked, record: spammp by woimant to -1
10-11-17 22:56:20 [INFO] [OctoBans] NeyTox punished buslondon for: Double Poste
10-11-17 22:56:44 [INFO] [OctoBans] alzarolle sql checked, record: spammp by SmooKeur to -1
10-11-17 22:57:56 [INFO] [OctoBans] dodole1 sql checked, record: spammp by PoukoaMoa to -1
10-11-17 22:57:56 [INFO] [OctoBans] dodole1 sql checked, record: spammp by OCIP_Matth to -1
10-11-17 22:58:25 [INFO] [OctoBans] NeyTox punished jordane67800 for: Double Poste
10-11-17 22:58:40 [INFO] [OctoBans] LaKitaw punished lakitaw for: Double Poste
10-11-17 22:59:54 [INFO] [OctoBans] enderkileur555 sql checked, record: doubleposte by MisterBlazing to 1510351861
10-11-17 22:59:54 [INFO] [OctoBans] enderkileur555 sql checked, record: doubleposte by MisterBlazing to 1510352214
10-11-17 23:01:01 [INFO] [OctoBans] FiasK0 punished thomas62200 for: TpKill
10-11-17 23:04:39 [INFO] [OctoBans] xmatrix73 sql checked, record: insultegrave by Zayrox29 to 1510418148
10-11-17 23:05:50 [INFO] [OctoBans] alpha_cronospvp sql checked, record: spammp by Gamer09 to -1
10-11-17 23:05:50 [INFO] [OctoBans] alpha_cronospvp sql checked, record: spammp by FiasK0 to -1
10-11-17 23:07:09 [INFO] [OctoBans] NeyTox punished aycool50 for: Majuscule
10-11-17 23:07:19 [INFO] [OctoBans] NeyTox punished crohn for: Insulte
10-11-17 23:07:46 [INFO] [OctoBans] LaKitaw punished pvp_thibaut_pvp for: Double Poste
10-11-17 23:10:28 [INFO] [OctoBans] FiasK0 punished seya for: TpKill
10-11-17 23:12:43 [INFO] [OctoBans] norgonz sql checked, record: spammp by SkyKosIV to -1
10-11-17 23:12:54 [INFO] [OctoBans] FiasK0 punished batte for: Provocation
10-11-17 23:15:43 [INFO] [OctoBans] YTB_XxKarnageXx punished shiprowz_ for: Insulte grave
10-11-17 23:19:42 [INFO] [OctoBans] FiasK0 punished batte for: TpKill
10-11-17 23:20:38 [INFO] [OctoBans] FiasK0 punished shiiq271 for: Double Poste
10-11-17 23:23:35 [INFO] [OctoBans] YTB_XxKarnageXx punished mmmmario for: Spam/flood
10-11-17 23:24:18 [INFO] [OctoBans] mattys0403 sql checked, record: spammp by pepedjo to -1
10-11-17 23:24:18 [INFO] [OctoBans] mattys0403 sql checked, record: spammp by pepedjo to -1
10-11-17 23:24:53 [INFO] [OctoBans] maxoupvp sql checked, record: spammp by LeRe to -1
10-11-17 23:26:08 [INFO] [OctoBans] seyyde_ sql checked, record: spammp by Gamer09 to -1
10-11-17 23:28:07 [INFO] [OctoBans] YTB_XxKarnageXx punished a_n_u_b_i_s for: Provocation
10-11-17 23:28:19 [INFO] [OctoBans] YTB_XxKarnageXx punished valmew for: Provocation
10-11-17 23:28:47 [INFO] [OctoBans] FiasK0 punished idreyzen for: Majuscule
10-11-17 23:30:26 [INFO] [OctoBans] FiasK0 punished yeti2001vd for: Double Poste
10-11-17 23:31:30 [INFO] [OctoBans] YTB_XxKarnageXx punished skykosiv for: Provocation
10-11-17 23:34:07 [INFO] [OctoBans] YTB_XxKarnageXx punished kimoli for: Fausses informations
10-11-17 23:34:19 [INFO] [OctoBans] YTB_XxKarnageXx punished pulsar for: Langage incorrect
10-11-17 23:34:30 [INFO] [OctoBans] azoxfr_yt sql checked, record: spammp by NeyTox to -1
10-11-17 23:34:30 [INFO] [OctoBans] azoxfr_yt sql checked, record: spammp by Antoine57565 to -1
10-11-17 23:34:30 [INFO] [OctoBans] azoxfr_yt sql checked, record: spammp by KelianHD to -1
10-11-17 23:34:30 [INFO] [OctoBans] azoxfr_yt sql checked, record: spammp by drbrine to -1
10-11-17 23:34:34 [INFO] [OctoBans] NeyTox punished fantome for: Double Poste
10-11-17 23:36:48 [INFO] [OctoBans] benbob71110 sql checked, record: spammp by Remil to -1
10-11-17 23:37:01 [INFO] [OctoBans] lassa18 sql checked, record: spammp by KelianHD to -1
10-11-17 23:38:43 [INFO] [OctoBans] reborncreep sql checked, record: spammp by drbrine to -1
10-11-17 23:38:56 [INFO] [OctoBans] YTB_XxKarnageXx punished neoxgaming for: Langage incorrect
10-11-17 23:39:10 [INFO] [OctoBans] FiasK0 punished icesword for: Spam/flood
10-11-17 23:39:17 [INFO] [OctoBans] FiasK0 punished hassrol for: Spam/flood
10-11-17 23:39:24 [INFO] [OctoBans] FiasK0 punished nath11 for: Double Poste
10-11-17 23:40:26 [INFO] [OctoBans] meven789 sql checked, record: spammp by LeRe to -1
10-11-17 23:40:26 [INFO] [OctoBans] meven789 sql checked, record: spammp by FiasK0 to -1
10-11-17 23:40:26 [INFO] [OctoBans] meven789 sql checked, record: spammp by infinitim to -1
10-11-17 23:40:26 [INFO] [OctoBans] meven789 sql checked, record: spammp by infinitim to -1
10-11-17 23:40:26 [INFO] [OctoBans] meven789 sql checked, record: spammp by infinitim to -1
10-11-17 23:40:26 [INFO] [OctoBans] meven789 sql checked, record: spammp by infinitim to -1
10-11-17 23:42:42 [INFO] [OctoBans] FiasK0 punished kitito for: Double Poste
10-11-17 23:44:34 [INFO] [OctoBans] FiasK0 punished etienne1985 for: Double Poste
10-11-17 23:49:01 [INFO] [OctoBans] strikewailv2 sql checked, record: spammp by LeRe to -1
10-11-17 23:49:01 [INFO] [OctoBans] strikewailv2 sql checked, record: spammp by LeRe to -1
10-11-17 23:49:01 [INFO] [OctoBans] strikewailv2 sql checked, record: spammp by LeRe to -1
10-11-17 23:49:01 [INFO] [OctoBans] strikewailv2 sql checked, record: spammp by NeyTox to -1
10-11-17 23:49:01 [INFO] [OctoBans] strikewailv2 sql checked, record: spammp by NeyTox to -1
10-11-17 23:50:53 [INFO] [OctoBans] woimant punished sosfight for: Double Poste
10-11-17 23:52:44 [INFO] [OctoBans] redgamer000 sql checked, record: doubleposte by MisterBlazing to 1510354575
10-11-17 23:59:32 [INFO] [OctoBans] PoukoaMoa punished ourox_ for: Insulte grave
11-11-17 00:01:00 [INFO] [OctoBans] woimant punished frishi05 for: Spam/flood
11-11-17 00:08:58 [INFO] [OctoBans] woimant punished kitito for: Pub serveur
11-11-17 00:09:28 [INFO] [OctoBans] pouletgriller sql checked, record: spammp by Gamer09 to -1
11-11-17 00:12:31 [INFO] [OctoBans] zeynox sql checked, record: spammp by Zayrox29 to -1
11-11-17 00:12:31 [INFO] [OctoBans] zeynox sql checked, record: spammp by Zoseq to -1
11-11-17 00:12:31 [INFO] [OctoBans] zeynox sql checked, record: insultegrave by LaKitaw to 1510395935
11-11-17 00:12:31 [INFO] [OctoBans] zeynox sql checked, record: spammp by LaKitaw to -1
11-11-17 00:12:31 [INFO] [OctoBans] zeynox sql checked, record: spammp by LaKitaw to -1
11-11-17 00:12:31 [INFO] [OctoBans] zeynox sql checked, record: spammp by LaKitaw to -1
11-11-17 00:20:04 [INFO] [OctoBans] the_slash sql checked, record: spammp by pepedjo to -1
11-11-17 00:21:39 [INFO] [OctoBans] leminecraftien80 sql checked, record: spammp by infinitim to -1
11-11-17 00:21:39 [INFO] [OctoBans] leminecraftien80 sql checked, record: spammp by Zoseq to -1
11-11-17 00:21:39 [INFO] [OctoBans] leminecraftien80 sql checked, record: insultegrave by Antoine57565 to 1510384607
11-11-17 00:26:34 [INFO] [OctoBans] SkillBOotiiS punished winningyt for: Spam/flood
11-11-17 00:35:24 [INFO] [OctoBans] soufian sql checked, record: spammp by WeeZix to -1
11-11-17 00:37:16 [INFO] [OctoBans] neo_linkytb sql checked, record: spammp by OCIP_Matth to -1
11-11-17 00:37:19 [INFO] [OctoBans] FiasK0 punished yeti2001vd for: Insulte staff
11-11-17 00:39:30 [INFO] [OctoBans] SkillBOotiiS punished slash117 for: Spam/flood
11-11-17 00:40:00 [INFO] [OctoBans] SkillBOotiiS punished slash117 for: Insulte grave
11-11-17 00:40:52 [INFO] [OctoBans] Zayrox29 punished killer0710 for: Double Poste
11-11-17 00:41:15 [INFO] [OctoBans] zeynox sql checked, record: spammp by Zayrox29 to -1
11-11-17 00:41:15 [INFO] [OctoBans] zeynox sql checked, record: spammp by Zoseq to -1
11-11-17 00:41:15 [INFO] [OctoBans] zeynox sql checked, record: insultegrave by LaKitaw to 1510395935
11-11-17 00:41:15 [INFO] [OctoBans] zeynox sql checked, record: spammp by LaKitaw to -1
11-11-17 00:41:15 [INFO] [OctoBans] zeynox sql checked, record: spammp by LaKitaw to -1
11-11-17 00:41:15 [INFO] [OctoBans] zeynox sql checked, record: spammp by LaKitaw to -1
11-11-17 00:45:17 [INFO] [OctoBans] woimant punished zebieux for: Insulte
11-11-17 00:45:26 [INFO] [OctoBans] woimant punished icesword for: Provocation
11-11-17 00:47:02 [INFO] [OctoBans] Zayrox29 punished elmouthgrostete for: Double Poste
11-11-17 00:49:04 [INFO] [OctoBans] FiasK0 punished a_n_u_b_i_s for: Provocation
11-11-17 00:59:22 [INFO] [OctoBans] LaKitaw punished karlwill for: Double Poste
11-11-17 01:00:46 [INFO] [OctoBans] LaKitaw punished the_slash for: Double Poste
11-11-17 01:08:13 [INFO] [OctoBans] Zayrox29 punished okine_ for: Spam/flood
11-11-17 01:13:48 [INFO] [OctoBans] Zayrox29 punished legamerdu94 for: Double Poste
11-11-17 01:14:03 [INFO] [OctoBans] Zayrox29 punished _zwiiko_ for: Provocation
11-11-17 01:14:41 [INFO] [OctoBans] kakakiki sql checked, record: spammp by OCIP_Matth to -1
11-11-17 01:14:41 [INFO] [OctoBans] kakakiki sql checked, record: spammp by NeyTox to -1
11-11-17 01:14:41 [INFO] [OctoBans] kakakiki sql checked, record: insultegrave by OCIP_Matth to 1510561078
11-11-17 01:15:14 [INFO] [OctoBans] darryl1 sql checked, record: spammp by FiasK0 to -1
11-11-17 01:17:30 [INFO] [OctoBans] Zayrox29 punished ozmog_yt for: Provocation
11-11-17 01:18:58 [INFO] [OctoBans] Zayrox29 punished azoxfr_yt for: Provocation
11-11-17 01:20:32 [INFO] [OctoBans] Zayrox29 punished lolollo for: Spam/flood
11-11-17 01:23:08 [INFO] [OctoBans] Zayrox29 punished javitheworld for: Double Poste
11-11-17 01:23:29 [INFO] [OctoBans] Zayrox29 punished azzoxyt for: Double Poste
11-11-17 01:45:00 [INFO] [OctoBans] Zayrox29 punished monstergamex7 for: Incitation au flood
11-11-17 01:45:09 [INFO] [OctoBans] Zayrox29 punished darryl1 for: Spam/flood
11-11-17 01:45:23 [INFO] [OctoBans] Zayrox29 punished aexraptorz for: Spam/flood
11-11-17 01:49:00 [INFO] [OctoBans] Zayrox29 punished billy24 for: Double Poste
11-11-17 01:55:23 [INFO] [OctoBans] superb3b3 sql checked, record: spammp by Evolze to -1
11-11-17 01:55:23 [INFO] [OctoBans] superb3b3 sql checked, record: spammp by Evolze to -1
11-11-17 02:02:52 [INFO] [OctoBans] SkillBOotiiS punished tytu01 for: Insulte
11-11-17 02:10:12 [INFO] [OctoBans] SkillBOotiiS punished nektow for: Double Poste
11-11-17 02:29:58 [INFO] [OctoBans] swichdi sql checked, record: spammp by Gamer09 to -1
11-11-17 02:38:46 [INFO] [OctoBans] gamix_yt sql checked, record: spammp by FiasK0 to -1
11-11-17 05:48:05 [INFO] [OctoBans] killerboydu13 sql checked, record: spammp by Evolze to -1
11-11-17 05:48:05 [INFO] [OctoBans] killerboydu13 sql checked, record: spammp by KelianHD to -1
11-11-17 06:01:01 [INFO] [OctoBans] Disabling OctoBans v1.0
