03-11-17 22:31:42 [INFO] [OctoBans] File Handler successfully initialized!
03-11-17 22:31:42 [INFO] [OctoBans] SQL connection successfully etablished
03-11-17 22:31:42 [INFO] [OctoBans] Moderator Tools by Octonia.
03-11-17 22:31:47 [INFO] [OctoBans] shimo_ sql checked, record: spammp by LaKitaw to -1
03-11-17 22:31:47 [INFO] [OctoBans] _theodu13_ sql checked, record: spammp by FiasK0 to -1
03-11-17 22:31:47 [INFO] [OctoBans] _theodu13_ sql checked, record: spammp by SmooKeur to -1
03-11-17 22:31:47 [INFO] [OctoBans] xcuzimluca sql checked, record: insultegrave by FiasK0 to 1509762343
03-11-17 22:31:47 [INFO] [OctoBans] azoxfr_yt sql checked, record: spammp by NeyTox to -1
03-11-17 22:31:47 [INFO] [OctoBans] azoxfr_yt sql checked, record: spammp by Antoine57565 to -1
03-11-17 22:31:47 [INFO] [OctoBans] azoxfr_yt sql checked, record: spammp by KelianHD to -1
03-11-17 22:31:47 [INFO] [OctoBans] nastu2727 sql checked, record: spammp by Remil to -1
03-11-17 22:31:47 [INFO] [OctoBans] the_legends_62 sql checked, record: insultegrave by WeeZix to 1509768164
03-11-17 22:31:47 [INFO] [OctoBans] derpik sql checked, record: spammp by SmooKeur to -1
03-11-17 22:31:47 [INFO] [OctoBans] marseillekalash sql checked, record: spammp by SmooKeur to -1
03-11-17 22:31:47 [INFO] [OctoBans] lefifoudu3 sql checked, record: spammp by Zoseq to -1
03-11-17 22:31:47 [INFO] [OctoBans] lefifoudu3 sql checked, record: spammp by Remil to -1
03-11-17 22:31:48 [INFO] [OctoBans] potion2speed sql checked, record: spammp by FiasK0 to -1
03-11-17 22:31:48 [INFO] [OctoBans] potion2speed sql checked, record: spammp by FiasK0 to -1
03-11-17 22:31:48 [INFO] [OctoBans] _neyko_ sql checked, record: spammp by SkillBOotiiS to -1
03-11-17 22:31:48 [INFO] [OctoBans] _neyko_ sql checked, record: spam by Antoine57565 to 1509749209
03-11-17 22:31:53 [INFO] [OctoBans] _guigui_ sql checked, record: spammp by Remil to -1
03-11-17 22:31:53 [INFO] [OctoBans] sacha33340 sql checked, record: spammp by drbrine to -1
03-11-17 22:31:53 [INFO] [OctoBans] sacha33340 sql checked, record: spammp by KelianHD to -1
03-11-17 22:31:53 [INFO] [OctoBans] sacha33340 sql checked, record: spammp by KelianHD to -1
03-11-17 22:32:04 [INFO] [OctoBans] theorangekiller sql checked, record: spammp by Gamer09 to -1
03-11-17 22:32:05 [INFO] [OctoBans] ludo63 sql checked, record: spammp by YTB_XxKarnageXx to -1
03-11-17 22:32:07 [INFO] [OctoBans] reborncreep sql checked, record: spammp by drbrine to -1
03-11-17 22:32:08 [INFO] [OctoBans] blackdark123 sql checked, record: spammp by SmooKeur to -1
03-11-17 22:32:08 [INFO] [OctoBans] gamer12 sql checked, record: spammp by EGGSPLOSION to -1
03-11-17 22:32:11 [INFO] [OctoBans] lethugdu46 sql checked, record: spammp by LaKitaw to -1
03-11-17 22:32:18 [INFO] [OctoBans] Zayrox29 punished diskion_ for: Double Poste
03-11-17 22:32:19 [INFO] [OctoBans] zeynox sql checked, record: spammp by Zayrox29 to -1
03-11-17 22:32:19 [INFO] [OctoBans] zeynox sql checked, record: spammp by Zoseq to -1
03-11-17 22:32:26 [INFO] [OctoBans] zlspeyz sql checked, record: provocation by Zayrox29 to 1509745840
03-11-17 22:32:26 [INFO] [OctoBans] roi_du_rush sql checked, record: spammp by FiasK0 to -1
03-11-17 22:32:33 [INFO] [OctoBans] Zayrox29 punished zobelsuryoutube for: Double Poste
03-11-17 22:32:56 [INFO] [OctoBans] grm25 sql checked, record: insulte by NeyTox to 1509746317
03-11-17 22:32:58 [INFO] [OctoBans] deeprodole sql checked, record: spammp by Zayrox29 to -1
03-11-17 22:32:58 [INFO] [OctoBans] deeprodole sql checked, record: spammp by Zayrox29 to -1
03-11-17 22:32:58 [INFO] [OctoBans] deeprodole sql checked, record: incitationflood by WeeZix to 1509825805
03-11-17 22:33:04 [INFO] [OctoBans] noirafricain sql checked, record: insulte by Zayrox29 to 1509746841
03-11-17 22:33:04 [INFO] [OctoBans] noirafricain sql checked, record: provocation by FiasK0 to 1509744808
03-11-17 22:33:06 [INFO] [OctoBans] nakzu_u sql checked, record: spammp by PoukoaMoa to -1
03-11-17 22:33:06 [INFO] [OctoBans] nakzu_u sql checked, record: spammp by PoukoaMoa to -1
03-11-17 22:33:24 [INFO] [OctoBans] zoseq sql checked, record: spammp by LeRe to -1
03-11-17 22:33:25 [INFO] [OctoBans] jesuislepepsi sql checked, record: spammp by infinitim to -1
03-11-17 22:33:25 [INFO] [OctoBans] jesuislepepsi sql checked, record: spammp by infinitim to -1
03-11-17 22:33:25 [INFO] [OctoBans] jesuislepepsi sql checked, record: doubleposte by NeyTox to 1509747032
03-11-17 22:33:25 [INFO] [OctoBans] capitainecochon sql checked, record: spammp by Remil to -1
03-11-17 22:33:35 [INFO] [OctoBans] amgaming sql checked, record: spammp by woimant to -1
03-11-17 22:33:46 [INFO] [OctoBans] mortroi sql checked, record: spammp by Antoine57565 to -1
03-11-17 22:33:46 [INFO] [OctoBans] virocl sql checked, record: spammp by Antoine57565 to -1
03-11-17 22:34:25 [INFO] [OctoBans] xx_volrod_xx sql checked, record: spammp by Spovly to -1
03-11-17 22:34:25 [INFO] [OctoBans] xx_volrod_xx sql checked, record: spammp by Spovly to -1
03-11-17 22:34:25 [INFO] [OctoBans] xx_volrod_xx sql checked, record: spammp by The_Frusty to -1
03-11-17 22:34:25 [INFO] [OctoBans] xx_volrod_xx sql checked, record: spammp by The_Frusty to -1
03-11-17 22:34:25 [INFO] [OctoBans] xx_volrod_xx sql checked, record: spammp by The_Frusty to -1
03-11-17 22:34:25 [INFO] [OctoBans] xx_volrod_xx sql checked, record: spammp by Spovly to -1
03-11-17 22:34:30 [INFO] [OctoBans] alzarolle sql checked, record: spammp by SmooKeur to -1
03-11-17 22:35:29 [INFO] [OctoBans] kabcrast sql checked, record: spammp by Gamer09 to -1
03-11-17 22:36:06 [INFO] [OctoBans] bananna_yt sql checked, record: incitationflood by OCIP_Matth to 1509825639
03-11-17 22:36:06 [INFO] [OctoBans] bananna_yt sql checked, record: incitationflood by KelianHD to 1509912494
03-11-17 22:36:38 [INFO] [OctoBans] Zoseq punished sacha33340 for: Double Poste
03-11-17 22:36:51 [INFO] [OctoBans] idreyzen sql checked, record: spammp by SkillBOotiiS to -1
03-11-17 22:37:30 [INFO] [OctoBans] yayan sql checked, record: spammp by Zoseq to -1
03-11-17 22:40:39 [INFO] [OctoBans] theohand sql checked, record: spammp by OCIP_Matth to -1
03-11-17 22:41:59 [INFO] [OctoBans] on_drekos sql checked, record: spammp by OCIP_Matth to -1
03-11-17 22:41:59 [INFO] [OctoBans] on_drekos sql checked, record: insulte by woimant to 1509748482
03-11-17 22:41:59 [INFO] [OctoBans] on_drekos sql checked, record: insultegrave by OCIP_Matth to 1509774325
03-11-17 22:42:29 [INFO] [OctoBans] totototo11 sql checked, record: spammp by LaKitaw to -1
03-11-17 22:43:18 [INFO] [OctoBans] blackwhite010 sql checked, record: spammp by NeyTox to -1
03-11-17 22:43:18 [INFO] [OctoBans] blackwhite010 sql checked, record: spammp by LeRe to -1
03-11-17 22:43:30 [INFO] [OctoBans] Antoine57565 punished jujitsu60 for: Double Poste
03-11-17 22:45:14 [INFO] [OctoBans] Zayrox29 punished electriiz for: Double Poste
03-11-17 22:46:53 [INFO] [OctoBans] xcasing sql checked, record: insultegrave by pepedjo to 1509746487
03-11-17 22:48:00 [INFO] [OctoBans] wiroox sql checked, record: spammp by WeeZix to -1
03-11-17 22:48:00 [INFO] [OctoBans] wiroox sql checked, record: insulte by FiasK0 to 1509748679
03-11-17 22:48:00 [INFO] [OctoBans] wiroox sql checked, record: spammp by FiasK0 to -1
03-11-17 22:48:00 [INFO] [OctoBans] wiroox sql checked, record: insulte by KelianHD to 1509753437
03-11-17 22:48:00 [INFO] [OctoBans] wiroox sql checked, record: insultegrave by PoukoaMoa to 1509811958
03-11-17 22:50:54 [INFO] [OctoBans] doga9345 sql checked, record: insultegrave by YTB_XxKarnageXx to 1509772779
03-11-17 22:53:30 [INFO] [OctoBans] zriman35 sql checked, record: spammp by Zoseq to -1
03-11-17 22:54:02 [INFO] [OctoBans] Zayrox29 punished black_shadow for: Insulte serveur
03-11-17 22:54:37 [INFO] [OctoBans] Antoine57565 punished ew3l for: Majuscule
03-11-17 22:54:59 [INFO] [OctoBans] inquisiteur1 sql checked, record: spammp by LaKitaw to -1
03-11-17 22:57:35 [INFO] [OctoBans] Antoine57565 punished shimo_ for: Spam/flood
03-11-17 22:58:17 [INFO] [OctoBans] drbrine punished aken_ for: Spam/flood
03-11-17 22:58:25 [INFO] [OctoBans] Antoine57565 punished matmatbtk for: Homophobie
03-11-17 22:59:00 [INFO] [OctoBans] drbrine punished shimo_ for: Pub serveur
03-11-17 22:59:13 [INFO] [OctoBans] shimo_ sql checked, record: spammp by LaKitaw to -1
03-11-17 22:59:13 [INFO] [OctoBans] shimo_ sql checked, record: spam by Antoine57565 to 1509760655
03-11-17 22:59:13 [INFO] [OctoBans] shimo_ sql checked, record: pubsrv by drbrine to 1509749940
03-11-17 22:59:15 [INFO] [OctoBans] shimo_ sql checked, record: spammp by LaKitaw to -1
03-11-17 22:59:15 [INFO] [OctoBans] shimo_ sql checked, record: spam by Antoine57565 to 1509760655
03-11-17 22:59:15 [INFO] [OctoBans] shimo_ sql checked, record: pubsrv by drbrine to 1509749940
03-11-17 23:00:37 [INFO] [OctoBans] fighter62 sql checked, record: spammp by SmooKeur to -1
03-11-17 23:01:03 [INFO] [OctoBans] bykorysurunkebab sql checked, record: spammp by XxVoltirxX to -1
03-11-17 23:05:02 [INFO] [OctoBans] Zayrox29 punished nekoseie for: Insulte grave
03-11-17 23:12:01 [INFO] [OctoBans] ryd3rtvv0x sql checked, record: insultegrave by Antoine57565 to 1509810096
03-11-17 23:12:18 [INFO] [OctoBans] NeyTox punished amgaming for: Double Poste
03-11-17 23:12:21 [INFO] [OctoBans] NeyTox punished artex for: Spam/flood
03-11-17 23:13:24 [INFO] [OctoBans] zeusaupvp sql checked, record: spammp by OCIP_Matth to -1
03-11-17 23:14:55 [INFO] [OctoBans] Antoine57565 punished the_slash for: Provocation
03-11-17 23:22:41 [INFO] [OctoBans] drbrine punished iswizzi for: Insulte grave
03-11-17 23:25:56 [INFO] [OctoBans] meven789 sql checked, record: spammp by LeRe to -1
03-11-17 23:25:56 [INFO] [OctoBans] meven789 sql checked, record: spammp by FiasK0 to -1
03-11-17 23:25:56 [INFO] [OctoBans] meven789 sql checked, record: spammp by infinitim to -1
03-11-17 23:25:56 [INFO] [OctoBans] meven789 sql checked, record: spammp by infinitim to -1
03-11-17 23:25:56 [INFO] [OctoBans] meven789 sql checked, record: spammp by infinitim to -1
03-11-17 23:25:56 [INFO] [OctoBans] meven789 sql checked, record: spammp by infinitim to -1
03-11-17 23:25:56 [INFO] [OctoBans] meven789 sql checked, record: insultegrave by infinitim to 1509830896
03-11-17 23:25:56 [INFO] [OctoBans] meven789 sql checked, record: insultegrave by infinitim to 1509866972
03-11-17 23:25:56 [INFO] [OctoBans] meven789 sql checked, record: insultegrave by infinitim to 1509903984
03-11-17 23:27:03 [INFO] [OctoBans] lad11 sql checked, record: spammp by Gamer09 to -1
03-11-17 23:27:52 [INFO] [OctoBans] NeyTox punished tavars for: Double Poste
03-11-17 23:28:43 [INFO] [OctoBans] FiasK0 punished bykorysurunkebab for: Double Poste
03-11-17 23:29:27 [INFO] [OctoBans] elumix sql checked, record: spammp by Remil to -1
03-11-17 23:29:27 [INFO] [OctoBans] elumix sql checked, record: spammp by SmooKeur to -1
03-11-17 23:29:51 [INFO] [OctoBans] Antoine57565 punished iswizzi for: TpKill
03-11-17 23:30:51 [INFO] [OctoBans] Antoine57565 punished kapaman for: Majuscule
03-11-17 23:33:29 [INFO] [OctoBans] Antoine57565 punished algorskis_yt for: Double Poste
03-11-17 23:33:47 [INFO] [OctoBans] whiskass sql checked, record: spammp by FiasK0 to -1
03-11-17 23:33:47 [INFO] [OctoBans] Antoine57565 punished potion2speed for: Majuscule
03-11-17 23:34:31 [INFO] [OctoBans] NeyTox punished _topui_ for: Double Poste
03-11-17 23:36:08 [INFO] [OctoBans] YTB_XxKarnageXx punished rayan5507 for: Majuscule
03-11-17 23:36:23 [INFO] [OctoBans] kqsuke_ sql checked, record: spammp by LaKitaw to -1
03-11-17 23:38:21 [INFO] [OctoBans] woimant punished bfa69 for: Provocation
03-11-17 23:40:20 [INFO] [OctoBans] pepsicoca sql checked, record: spammp by infinitim to -1
03-11-17 23:41:16 [INFO] [OctoBans] woimant punished ibytick for: Double Poste
03-11-17 23:41:28 [INFO] [OctoBans] NeyTox punished mame for: Double Poste
03-11-17 23:42:55 [INFO] [OctoBans] FiasK0 punished exoticz for: Majuscule
03-11-17 23:43:03 [INFO] [OctoBans] daymond_ytb sql checked, record: spammp by Antoine57565 to -1
03-11-17 23:43:03 [INFO] [OctoBans] daymond_ytb sql checked, record: spammp by Antoine57565 to -1
03-11-17 23:43:03 [INFO] [OctoBans] daymond_ytb sql checked, record: spammp by FiasK0 to -1
03-11-17 23:43:03 [INFO] [OctoBans] daymond_ytb sql checked, record: spammp by FiasK0 to -1
03-11-17 23:43:03 [INFO] [OctoBans] daymond_ytb sql checked, record: spammp by Zoseq to -1
03-11-17 23:43:03 [INFO] [OctoBans] daymond_ytb sql checked, record: spammp by KelianHD to -1
03-11-17 23:43:03 [INFO] [OctoBans] daymond_ytb sql checked, record: spam by NeyTox to 1509750180
03-11-17 23:43:03 [INFO] [OctoBans] daymond_ytb sql checked, record: spammp by Zoseq to -1
03-11-17 23:45:34 [INFO] [OctoBans] woimant punished zriman35 for: Double Poste
03-11-17 23:46:23 [INFO] [OctoBans] YTB_XxKarnageXx punished lejugeponey for: TpKill
03-11-17 23:46:43 [INFO] [OctoBans] YTB_XxKarnageXx punished destroideur_424 for: TpKill
03-11-17 23:52:00 [INFO] [OctoBans] woimant punished syrox_ytb for: Double Poste
03-11-17 23:52:34 [INFO] [OctoBans] Antoine57565 punished atsuky for: Insulte grave
03-11-17 23:54:21 [INFO] [OctoBans] kelianhd sql checked, record: provocation by KelianHD to 1509663677
03-11-17 23:54:21 [INFO] [OctoBans] kelianhd sql checked, record: insulte by KelianHD to 1509667244
03-11-17 23:54:21 [INFO] [OctoBans] kelianhd sql checked, record: insulte by KelianHD to 1509672810
03-11-17 23:54:21 [INFO] [OctoBans] kelianhd sql checked, record: provocation by KelianHD to 1509665613
03-11-17 23:54:21 [INFO] [OctoBans] kelianhd sql checked, record: spam by KelianHD to 1509669527
03-11-17 23:54:21 [INFO] [OctoBans] kelianhd sql checked, record: spammp by KelianHD to -1
03-11-17 23:54:21 [INFO] [OctoBans] kelianhd sql checked, record: spammp by KelianHD to -1
03-11-17 23:54:21 [INFO] [OctoBans] kelianhd sql checked, record: spammp by KelianHD to -1
03-11-17 23:54:21 [INFO] [OctoBans] kelianhd sql checked, record: doubleposte by KelianHD to 1509704079
03-11-17 23:54:21 [INFO] [OctoBans] kelianhd sql checked, record: doubleposte by KelianHD to 1509704422
03-11-17 23:54:21 [INFO] [OctoBans] kelianhd sql checked, record: spam by KelianHD to 1509705691
03-11-17 23:54:21 [INFO] [OctoBans] kelianhd sql checked, record: insulte by KelianHD to 1509717833
03-11-17 23:54:21 [INFO] [OctoBans] kelianhd sql checked, record: provocation by KelianHD to 1509715511
03-11-17 23:54:21 [INFO] [OctoBans] kelianhd sql checked, record: doubleposte by KelianHD to 1509715546
03-11-17 23:54:21 [INFO] [OctoBans] kelianhd sql checked, record: doubleposte by KelianHD to 1509715568
03-11-17 23:54:21 [INFO] [OctoBans] kelianhd sql checked, record: doubleposte by KelianHD to 1509715631
03-11-17 23:54:21 [INFO] [OctoBans] kelianhd sql checked, record: insulte by KelianHD to 1509721045
03-11-17 23:54:21 [INFO] [OctoBans] kelianhd sql checked, record: insultegrave by KelianHD to 1509751852
03-11-17 23:54:21 [INFO] [OctoBans] kelianhd sql checked, record: doubleposte by KelianHD to 1509717072
03-11-17 23:54:21 [INFO] [OctoBans] kelianhd sql checked, record: insulte by KelianHD to 1509723981
03-11-17 23:54:21 [INFO] [OctoBans] kelianhd sql checked, record: spammp by KelianHD to -1
03-11-17 23:54:21 [INFO] [OctoBans] kelianhd sql checked, record: pubyt by KelianHD to 1509726799
03-11-17 23:54:21 [INFO] [OctoBans] kelianhd sql checked, record: provocation by KelianHD to 1509716606
03-11-17 23:54:21 [INFO] [OctoBans] kelianhd sql checked, record: provocation by KelianHD to 1509716329
03-11-17 23:54:21 [INFO] [OctoBans] kelianhd sql checked, record: insulte by KelianHD to 1509729546
03-11-17 23:54:21 [INFO] [OctoBans] kelianhd sql checked, record: spammp by KelianHD to -1
03-11-17 23:54:21 [INFO] [OctoBans] kelianhd sql checked, record: provocation by KelianHD to 1509716882
03-11-17 23:54:21 [INFO] [OctoBans] kelianhd sql checked, record: spammp by KelianHD to -1
03-11-17 23:54:21 [INFO] [OctoBans] kelianhd sql checked, record: spammp by KelianHD to -1
03-11-17 23:54:21 [INFO] [OctoBans] kelianhd sql checked, record: provocation by KelianHD to 1509719588
03-11-17 23:54:21 [INFO] [OctoBans] kelianhd sql checked, record: pubyt by KelianHD to 1509723574
03-11-17 23:54:21 [INFO] [OctoBans] kelianhd sql checked, record: spam by KelianHD to 1509723915
03-11-17 23:54:21 [INFO] [OctoBans] kelianhd sql checked, record: spammp by KelianHD to -1
03-11-17 23:54:21 [INFO] [OctoBans] kelianhd sql checked, record: spam by KelianHD to 1509733335
03-11-17 23:54:21 [INFO] [OctoBans] kelianhd sql checked, record: spammp by KelianHD to -1
03-11-17 23:54:21 [INFO] [OctoBans] kelianhd sql checked, record: doubleposte by KelianHD to 1509738615
03-11-17 23:54:21 [INFO] [OctoBans] kelianhd sql checked, record: insulte by KelianHD to 1509741873
03-11-17 23:54:21 [INFO] [OctoBans] kelianhd sql checked, record: spam by KelianHD to 1509742904
03-11-17 23:54:21 [INFO] [OctoBans] kelianhd sql checked, record: insulte by KelianHD to 1509742013
03-11-17 23:54:21 [INFO] [OctoBans] kelianhd sql checked, record: doubleposte by KelianHD to 1509739617
03-11-17 23:54:21 [INFO] [OctoBans] kelianhd sql checked, record: spam by KelianHD to 1509742962
03-11-17 23:54:21 [INFO] [OctoBans] kelianhd sql checked, record: spam by KelianHD to 1509743047
03-11-17 23:54:21 [INFO] [OctoBans] kelianhd sql checked, record: insulte by KelianHD to 1509742170
03-11-17 23:54:21 [INFO] [OctoBans] kelianhd sql checked, record: spam by KelianHD to 1509743124
03-11-17 23:54:21 [INFO] [OctoBans] kelianhd sql checked, record: incitationflood by KelianHD to 1509912494
03-11-17 23:54:21 [INFO] [OctoBans] kelianhd sql checked, record: insulte by KelianHD to 1509742446
03-11-17 23:54:21 [INFO] [OctoBans] kelianhd sql checked, record: spammp by KelianHD to -1
03-11-17 23:54:21 [INFO] [OctoBans] kelianhd sql checked, record: spammp by KelianHD to -1
03-11-17 23:54:21 [INFO] [OctoBans] kelianhd sql checked, record: spammp by KelianHD to -1
03-11-17 23:54:21 [INFO] [OctoBans] kelianhd sql checked, record: spam by KelianHD to 1509743485
03-11-17 23:54:21 [INFO] [OctoBans] kelianhd sql checked, record: spam by KelianHD to 1509743491
03-11-17 23:54:21 [INFO] [OctoBans] kelianhd sql checked, record: insulte by KelianHD to 1509753437
03-11-17 23:54:21 [INFO] [OctoBans] kelianhd sql checked, record: spammp by KelianHD to -1
03-11-17 23:54:21 [INFO] [OctoBans] kelianhd sql checked, record: spammp by KelianHD to -1
03-11-17 23:54:21 [INFO] [OctoBans] kelianhd sql checked, record: doubleposte by KelianHD to 1509746636
03-11-17 23:56:47 [INFO] [OctoBans] leminecraftien80 sql checked, record: spammp by infinitim to -1
03-11-17 23:56:47 [INFO] [OctoBans] leminecraftien80 sql checked, record: spammp by Zoseq to -1
03-11-17 23:58:09 [INFO] [OctoBans] FiasK0 punished tahzyk for: Majuscule
03-11-17 23:58:39 [INFO] [OctoBans] YTB_XxKarnageXx punished algorskis_yt for: Langage incorrect
03-11-17 23:59:04 [INFO] [OctoBans] KelianHD punished ew3l for: Insulte
04-11-17 00:00:38 [INFO] [OctoBans] Antoine57565 punished syrox_ytb for: Majuscule
04-11-17 00:01:55 [INFO] [OctoBans] darryl1 sql checked, record: spammp by FiasK0 to -1
04-11-17 00:05:44 [INFO] [OctoBans] juju123 sql checked, record: spammp by EGGSPLOSION to -1
04-11-17 00:08:24 [INFO] [OctoBans] NeyTox punished fusionix_game for: Double Poste
04-11-17 00:12:46 [INFO] [OctoBans] kakakiki sql checked, record: insultegrave by infinitim to 1509776401
04-11-17 00:12:46 [INFO] [OctoBans] kakakiki sql checked, record: spammp by OCIP_Matth to -1
04-11-17 00:12:46 [INFO] [OctoBans] kakakiki sql checked, record: insultegrave by OCIP_Matth to 1509846844
04-11-17 00:12:54 [INFO] [OctoBans] multifir42 sql checked, record: spammp by FiasK0 to -1
04-11-17 00:12:54 [INFO] [OctoBans] multifir42 sql checked, record: incitationflood by infinitim to 1509792318
04-11-17 00:12:54 [INFO] [OctoBans] multifir42 sql checked, record: spammp by NiceFR to -1
04-11-17 00:15:10 [INFO] [OctoBans] YTB_XxKarnageXx punished swartek for: Majuscule
04-11-17 00:15:43 [INFO] [OctoBans] Antoine57565 punished lucas775 for: Double Poste
04-11-17 00:16:30 [INFO] [OctoBans] YTB_XxKarnageXx punished troll666 for: Pub serveur
04-11-17 00:18:56 [INFO] [OctoBans] KelianHD punished lassa18 for: Spam/flood en MP
04-11-17 00:19:33 [INFO] [OctoBans] skyizi91 sql checked, record: spammp by MisterBlazing to -1
04-11-17 00:19:33 [INFO] [OctoBans] skyizi91 sql checked, record: spammp by Zoseq to -1
04-11-17 00:25:56 [INFO] [OctoBans] alloytb sql checked, record: doubleposte by OCIP_Matth to 1509752187
04-11-17 00:30:43 [INFO] [OctoBans] FiasK0 punished inquisiteur1 for: Majuscule
04-11-17 00:34:10 [INFO] [OctoBans] young_smoker sql checked, record: insultegrave by OCIP_Matth to 1509787869
04-11-17 00:35:17 [INFO] [OctoBans] evoevo sql checked, record: incitationflood by NiceFR to 1509809029
04-11-17 00:36:49 [INFO] [OctoBans] FiasK0 punished rectozzyt for: Insulte
04-11-17 00:39:29 [INFO] [OctoBans] FiasK0 punished alzarolle for: Double Poste
04-11-17 00:47:55 [INFO] [OctoBans] FiasK0 punished algorskis_yt for: Provocation
04-11-17 00:48:08 [INFO] [OctoBans] Antoine57565 punished wildshark for: Majuscule
04-11-17 00:49:27 [INFO] [OctoBans] Zayrox29 punished lucas for: Spam/flood
04-11-17 00:51:17 [INFO] [OctoBans] xx_biom_xx sql checked, record: spammp by Spovly to -1
04-11-17 00:53:24 [INFO] [OctoBans] Zayrox29 punished skybow for: Double Poste
04-11-17 00:54:34 [INFO] [OctoBans] superroro sql checked, record: spammp by SmooKeur to -1
04-11-17 00:54:34 [INFO] [OctoBans] superroro sql checked, record: spammp by drbrine to -1
04-11-17 00:55:00 [INFO] [OctoBans] dozman sql checked, record: insultegrave by OCIP_Matth to 1509788608
04-11-17 00:55:25 [INFO] [OctoBans] Antoine57565 punished zyr0x for: Double Poste
04-11-17 00:57:06 [INFO] [OctoBans] Antoine57565 punished camaro for: Double Poste
04-11-17 00:57:37 [INFO] [OctoBans] FiasK0 punished shimo_ for: Insulte
04-11-17 01:08:46 [INFO] [OctoBans] Antoine57565 punished saj for: Spam/flood
04-11-17 01:10:07 [INFO] [OctoBans] weezy sql checked, record: spammp by LeRe to -1
04-11-17 01:16:25 [INFO] [OctoBans] aexraptorz sql checked, record: spammp by Remil to -1
04-11-17 01:16:34 [INFO] [OctoBans] Antoine57565 punished _romain_ for: Spam/flood
04-11-17 01:16:46 [INFO] [OctoBans] FiasK0 punished slyve for: Double Poste
04-11-17 01:16:57 [INFO] [OctoBans] FiasK0 punished aken_ for: Spam/flood
04-11-17 01:20:23 [INFO] [OctoBans] YTB_XxKarnageXx punished virtl_skymodz for: Insulte grave
04-11-17 01:28:48 [INFO] [OctoBans] YTB_XxKarnageXx punished alzarolle for: Double Poste
04-11-17 01:31:41 [INFO] [OctoBans] Antoine57565 punished the_killerdu94 for: Double Poste
04-11-17 01:35:01 [INFO] [OctoBans] YTB_XxKarnageXx punished killerboydu13 for: Double Poste
04-11-17 01:40:53 [INFO] [OctoBans] Frite_Merguez punished frite_merguez for: Double Poste
04-11-17 01:44:49 [INFO] [OctoBans] Antoine57565 punished captainenergy for: Spam/flood
04-11-17 01:51:08 [INFO] [OctoBans] Frite_Merguez punished potion2speed for: Spam/flood
04-11-17 01:51:31 [INFO] [OctoBans] Frite_Merguez punished thekiller1256 for: Insulte
04-11-17 01:58:34 [INFO] [OctoBans] magi_fragz_yt sql checked, record: spammp by LeRe to -1
04-11-17 02:00:54 [INFO] [OctoBans] Antoine57565 punished xxreaperzxx for: Double Poste
04-11-17 02:04:54 [INFO] [OctoBans] Antoine57565 punished magi_fragz_yt for: Spam/flood
04-11-17 02:09:58 [INFO] [OctoBans] Remil punished _theodu13_ for: Spam/flood
04-11-17 02:11:33 [INFO] [OctoBans] Antoine57565 punished roxidox for: Double Poste
04-11-17 02:25:51 [INFO] [OctoBans] ayken sql checked, record: spammp by KelianHD to -1
04-11-17 02:43:16 [INFO] [OctoBans] NeyTox punished brookdu81 for: Double Poste
04-11-17 03:02:27 [INFO] [OctoBans] NeyTox punished bfa69 for: Double Poste
04-11-17 03:10:27 [INFO] [OctoBans] Antoine57565 punished skykosiv for: Spam/flood
04-11-17 03:14:33 [INFO] [OctoBans] Antoine57565 punished leminecraftien80 for: Insulte grave
04-11-17 03:40:03 [INFO] [OctoBans] NeyTox punished pepsicoca for: Insulte grave
04-11-17 04:06:18 [INFO] [OctoBans] fabio sql checked, record: spammp by Remil to -1
04-11-17 04:16:45 [INFO] [OctoBans] NeyTox punished sosfight for: Double Poste
04-11-17 04:52:49 [INFO] [OctoBans] deniz sql checked, record: spammp by SmooKeur to -1
04-11-17 06:01:02 [INFO] [OctoBans] Disabling OctoBans v1.0
