06-09-17 22:31:42 [INFO] [OctoBans] File Handler successfully initialized!
06-09-17 22:31:42 [INFO] [OctoBans] SQL connection successfully etablished
06-09-17 22:31:42 [INFO] [OctoBans] Moderator Tools by Octonia.
06-09-17 22:32:01 [INFO] [OctoBans] grizzlywarrior sql checked, record: insultegrave by Vendeur2KeBaB to 1504738321
06-09-17 22:32:01 [INFO] [OctoBans] grizzlywarrior sql checked, record: spammp by Remil to -1
06-09-17 22:32:13 [INFO] [OctoBans] lethugdu46 sql checked, record: insulte by EGGSPLOSION to 1504731403
06-09-17 22:32:13 [INFO] [OctoBans] lethugdu46 sql checked, record: faussesinfos by EGGSPLOSION to 1504815446
06-09-17 22:38:42 [INFO] [OctoBans] _topui_ sql checked, record: spammp by ZerKup to -1
06-09-17 22:38:50 [INFO] [OctoBans] xersu sql checked, record: spammp by SnowEffect to -1
06-09-17 22:38:50 [INFO] [OctoBans] xersu sql checked, record: tpkill by zlFire49 to 1504735012
06-09-17 22:40:47 [INFO] [OctoBans] instateproofy sql checked, record: insultestaff by 54melih54 to 1504756408
06-09-17 22:40:47 [INFO] [OctoBans] instateproofy sql checked, record: insultestaff by 54melih54 to 1504795355
06-09-17 22:40:47 [INFO] [OctoBans] derpik sql checked, record: spammp by Remil to -1
06-09-17 22:40:47 [INFO] [OctoBans] derpik sql checked, record: floodmp by Forway to -1
06-09-17 22:43:48 [INFO] [OctoBans] Shouteur punished darkilleur63 for: Double Poste
06-09-17 22:55:04 [INFO] [OctoBans] Shouteur punished fredb777 for: Double Poste
06-09-17 22:55:35 [INFO] [OctoBans] lepotededarryl sql checked, record: spammp by Remil to -1
06-09-17 22:55:35 [INFO] [OctoBans] lepotededarryl sql checked, record: spammp by Remil to -1
06-09-17 23:09:17 [INFO] [OctoBans] Shouteur punished kuro37 for: Insulte grave
07-09-17 00:07:47 [INFO] [OctoBans] gamix_yt sql checked, record: spammp by tinmar to -1
07-09-17 00:33:55 [INFO] [OctoBans] 54melih54 punished skybow for: Insulte grave
07-09-17 00:34:44 [INFO] [OctoBans] 54melih54 punished virocl for: Provocation
07-09-17 01:09:44 [INFO] [OctoBans] 54melih54 punished lucas1996 for: Majuscule
07-09-17 03:03:03 [INFO] [OctoBans] insanity sql checked, record: spammp by SkyKosIV to -1
07-09-17 03:11:15 [INFO] [OctoBans] xboymax sql checked, record: spammp by YTB_XxKarnageXx to -1
07-09-17 03:11:15 [INFO] [OctoBans] xboymax sql checked, record: spammp by tinmar to -1
07-09-17 03:11:15 [INFO] [OctoBans] xboymax sql checked, record: kickautre by CreepyEagle to -1
07-09-17 03:11:15 [INFO] [OctoBans] xboymax sql checked, record: spammp by tinmar to -1
07-09-17 03:11:15 [INFO] [OctoBans] xboymax sql checked, record: spammp by YTB_XxKarnageXx to -1
07-09-17 03:11:15 [INFO] [OctoBans] xboymax sql checked, record: spammp by NeosiaNexus to -1
07-09-17 03:11:15 [INFO] [OctoBans] xboymax sql checked, record: spammp by NeosiaNexus to -1
07-09-17 03:11:15 [INFO] [OctoBans] xboymax sql checked, record: spammp by NeosiaNexus to -1
07-09-17 03:15:44 [INFO] [OctoBans] bluebox sql checked, record: faussesinfos by Vendeur2KeBaB to 1504777373
07-09-17 05:08:03 [INFO] [OctoBans] axelpas sql checked, record: spammp by SmooKeur to -1
07-09-17 06:01:01 [INFO] [OctoBans] Disabling OctoBans v1.0
