20-07-17 22:31:42 [INFO] [OctoBans] File Handler successfully initialized!
20-07-17 22:31:42 [INFO] [OctoBans] SQL connection successfully etablished
20-07-17 22:31:42 [INFO] [OctoBans] Moderator Tools by Octonia.
20-07-17 22:31:48 [INFO] [OctoBans] bysadow sql checked, record: spammp by SnowEffect to -1
20-07-17 22:31:48 [INFO] [OctoBans] bysadow sql checked, record: spammp by SnowEffect to -1
20-07-17 22:31:48 [INFO] [OctoBans] bysadow sql checked, record: insultegrave by PseudoNul to 1500618798
20-07-17 22:31:48 [INFO] [OctoBans] nicerush sql checked, record: spammp by YTB_XxKarnageXx to -1
20-07-17 22:31:48 [INFO] [OctoBans] nicerush sql checked, record: spammp by PseudoNul to -1
20-07-17 22:31:48 [INFO] [OctoBans] nicerush sql checked, record: insultegrave by iPurple_ to 1500610874
20-07-17 22:31:48 [INFO] [OctoBans] samybg sql checked, record: spammp by Remil to -1
20-07-17 22:31:48 [INFO] [OctoBans] samybg sql checked, record: spammp by Remil to -1
20-07-17 22:31:48 [INFO] [OctoBans] biguiboss31 sql checked, record: spammp by PseudoNul to -1
20-07-17 22:31:48 [INFO] [OctoBans] biguiboss31 sql checked, record: spammp by Remil to -1
20-07-17 22:31:48 [INFO] [OctoBans] xxheroiikxx sql checked, record: floodmp by Forway to -1
20-07-17 22:31:48 [INFO] [OctoBans] leo2316 sql checked, record: spammp by SuperJojo to -1
20-07-17 22:31:48 [INFO] [OctoBans] leo2316 sql checked, record: spammp by Remil to -1
20-07-17 22:31:48 [INFO] [OctoBans] marchandloup sql checked, record: spammp by Remil to -1
20-07-17 22:31:48 [INFO] [OctoBans] marchandloup sql checked, record: spammp by PseudoNul to -1
20-07-17 22:31:48 [INFO] [OctoBans] modattozz sql checked, record: spammp by tinmar to -1
20-07-17 22:31:48 [INFO] [OctoBans] biffy sql checked, record: kickautre by Antoine57565 to -1
20-07-17 22:31:48 [INFO] [OctoBans] biffy sql checked, record: incitationflood by iPurple_ to 1500661087
20-07-17 22:31:48 [INFO] [OctoBans] maxougaming sql checked, record: spammp by PseudoNul to -1
20-07-17 22:31:48 [INFO] [OctoBans] maxougaming sql checked, record: spammp by PseudoNul to -1
20-07-17 22:31:48 [INFO] [OctoBans] maxougaming sql checked, record: spammp by Remil to -1
20-07-17 22:31:48 [INFO] [OctoBans] maxougaming sql checked, record: spammp by Remil to -1
20-07-17 22:31:48 [INFO] [OctoBans] maxougaming sql checked, record: spammp by NeosiaNexus to -1
20-07-17 22:31:48 [INFO] [OctoBans] maxougaming sql checked, record: spammp by iPurple_ to -1
20-07-17 22:31:49 [INFO] [OctoBans] lolo201 sql checked, record: faussesinfos by NeyTox to 1500590315
20-07-17 22:31:49 [INFO] [OctoBans] lolo201 sql checked, record: flood by Wiindows to 1500586165
20-07-17 22:31:52 [INFO] [OctoBans] gims27 sql checked, record: doubleposte by drbrine to 1500585073
20-07-17 22:31:52 [INFO] [OctoBans] logamer sql checked, record: floodmp by Forway to -1
20-07-17 22:31:52 [INFO] [OctoBans] logamer sql checked, record: spammp by iPurple_ to -1
20-07-17 22:31:54 [INFO] [OctoBans] trenitycrash sql checked, record: spammp by Anzerti to -1
20-07-17 22:31:55 [INFO] [OctoBans] neox_ytb sql checked, record: spammp by iPurple_ to -1
20-07-17 22:32:01 [INFO] [OctoBans] olivier28130 sql checked, record: spammp by iPurple_ to -1
20-07-17 22:32:01 [INFO] [OctoBans] olivier28130 sql checked, record: flood by Wiindows to 1500592011
20-07-17 22:32:03 [INFO] [OctoBans] drbrine sql checked, record: spammp by PseudoNul to -1
20-07-17 22:32:04 [INFO] [OctoBans] sulog_pvp sql checked, record: insultegrave by tinmar to 1500583868
20-07-17 22:32:04 [INFO] [OctoBans] sulog_pvp sql checked, record: insultegrave by Wiindows to 1500637176
20-07-17 22:32:09 [INFO] [OctoBans] hayden_frost sql checked, record: spammp by PseudoNul to -1
20-07-17 22:32:10 [INFO] [OctoBans] frozen_20 sql checked, record: spammp by skhey to -1
20-07-17 22:32:10 [INFO] [OctoBans] frozen_20 sql checked, record: spammp by iPurple_ to -1
20-07-17 22:32:10 [INFO] [OctoBans] mindex45 sql checked, record: spammp by SnowEffect to -1
20-07-17 22:32:10 [INFO] [OctoBans] mindex45 sql checked, record: kickautre by NeosiaNexus to -1
20-07-17 22:32:11 [INFO] [OctoBans] totototo11 sql checked, record: spammp by NeosiaNexus to -1
20-07-17 22:32:11 [INFO] [OctoBans] totototo11 sql checked, record: spammp by PseudoNul to -1
20-07-17 22:32:27 [INFO] [OctoBans] mathieu28130 sql checked, record: insultegrave by tinmar to 1500653267
20-07-17 22:32:27 [INFO] [OctoBans] mathieu28130 sql checked, record: insultegrave by Wiindows to 1500709932
20-07-17 22:32:30 [INFO] [OctoBans] the_frusty sql checked, record: spammp by iPurple_ to -1
20-07-17 22:32:33 [INFO] [OctoBans] illumino900 sql checked, record: floodmp by Forway to -1
20-07-17 22:32:39 [INFO] [OctoBans] ew3l sql checked, record: floodmp by Forway to -1
20-07-17 22:32:44 [INFO] [OctoBans] sam_ytb sql checked, record: spammp by iPurple_ to -1
20-07-17 22:32:51 [INFO] [OctoBans] shouteur sql checked, record: spammp by Remil to -1
20-07-17 22:32:51 [INFO] [OctoBans] shouteur sql checked, record: spammp by Remil to -1
20-07-17 22:32:51 [INFO] [OctoBans] shouteur sql checked, record: spammp by Remil to -1
20-07-17 22:32:51 [INFO] [OctoBans] shouteur sql checked, record: spammp by Remil to -1
20-07-17 22:33:10 [INFO] [OctoBans] grm25 sql checked, record: spammp by SuperJojo to -1
20-07-17 22:33:14 [INFO] [OctoBans] goto_camus2 sql checked, record: insultegrave by K0STiK_ to 1500614439
20-07-17 22:33:48 [INFO] [OctoBans] titidu46 sql checked, record: insultegrave by Shainko to 1500670479
20-07-17 22:33:48 [INFO] [OctoBans] titidu46 sql checked, record: spammp by drbrine to -1
20-07-17 22:33:49 [INFO] [OctoBans] gamix_yt sql checked, record: spammp by SkyKosIV to -1
20-07-17 22:33:49 [INFO] [OctoBans] gamix_yt sql checked, record: spammp by Steph078 to -1
20-07-17 22:33:52 [INFO] [OctoBans] zizou03 sql checked, record: spammp by drbrine to -1
20-07-17 22:33:52 [INFO] [OctoBans] zizou03 sql checked, record: spammp by drbrine to -1
20-07-17 22:33:52 [INFO] [OctoBans] zizou03 sql checked, record: spammp by drbrine to -1
20-07-17 22:33:56 [INFO] [OctoBans] xx_toto_xx sql checked, record: spammp by iPurple_ to -1
20-07-17 22:33:56 [INFO] [OctoBans] xx_toto_xx sql checked, record: spammp by iPurple_ to -1
20-07-17 22:33:56 [INFO] [OctoBans] xx_toto_xx sql checked, record: spammp by iPurple_ to -1
20-07-17 22:34:02 [INFO] [OctoBans] lucas59261 sql checked, record: kickautre by ZerKup to -1
20-07-17 22:34:02 [INFO] [OctoBans] lucas59261 sql checked, record: spammp by PseudoNul to -1
20-07-17 22:34:02 [INFO] [OctoBans] lucas59261 sql checked, record: spammp by YTB_XxKarnageXx to -1
20-07-17 22:34:02 [INFO] [OctoBans] lucas59261 sql checked, record: spammp by Remil to -1
20-07-17 22:34:02 [INFO] [OctoBans] lucas59261 sql checked, record: spammp by PseudoNul to -1
20-07-17 22:34:02 [INFO] [OctoBans] lucas59261 sql checked, record: spammp by PseudoNul to -1
20-07-17 22:34:02 [INFO] [OctoBans] lucas59261 sql checked, record: spammp by Anzerti to -1
20-07-17 22:34:02 [INFO] [OctoBans] lucas59261 sql checked, record: spam by Shainko to 1500614074
20-07-17 22:34:55 [INFO] [OctoBans] anthony972 sql checked, record: spammp by Remil to -1
20-07-17 22:34:55 [INFO] [OctoBans] anthony972 sql checked, record: spammp by Remil to -1
20-07-17 22:35:01 [INFO] [OctoBans] fistagger sql checked, record: faussesinfos by tinmar to 1500636999
20-07-17 22:35:28 [INFO] [OctoBans] darkinggaming sql checked, record: floodmp by Forway to -1
20-07-17 22:36:39 [INFO] [OctoBans] Wiindows punished allanskill for: Insulte grave
20-07-17 22:36:46 [INFO] [OctoBans] waytek sql checked, record: spammp by PseudoNul to -1
20-07-17 22:36:46 [INFO] [OctoBans] waytek sql checked, record: spammp by Remil to -1
20-07-17 22:36:46 [INFO] [OctoBans] waytek sql checked, record: spammp by Remil to -1
20-07-17 22:36:51 [INFO] [OctoBans] ktm125sx sql checked, record: spammp by Remil to -1
20-07-17 22:37:25 [INFO] [OctoBans] kawaziu_ sql checked, record: faussesinfos by Wiindows to 1500606146
20-07-17 22:37:26 [INFO] [OctoBans] neskuiik sql checked, record: spammp by iPurple_ to -1
20-07-17 22:37:26 [INFO] [OctoBans] neskuiik sql checked, record: spammp by iPurple_ to -1
20-07-17 22:37:43 [INFO] [OctoBans] lachemoi sql checked, record: incitationflood by tinmar to 1500629715
20-07-17 22:38:10 [INFO] [OctoBans] ly69n sql checked, record: kickautre by NeosiaNexus to -1
20-07-17 22:38:25 [INFO] [OctoBans] maacdoo sql checked, record: kickautre by CreepyEagle to -1
20-07-17 22:38:31 [INFO] [OctoBans] shainko sql checked, record: spammp by PseudoNul to -1
20-07-17 22:38:31 [INFO] [OctoBans] shainko sql checked, record: floodmp by Forway to -1
20-07-17 22:38:31 [INFO] [OctoBans] shainko sql checked, record: floodmp by Forway to -1
20-07-17 22:39:16 [INFO] [OctoBans] wiirko sql checked, record: spammp by Remil to -1
20-07-17 22:39:26 [INFO] [OctoBans] Wiindows punished valtribe975 for: Spam/flood
20-07-17 22:40:00 [INFO] [OctoBans] Wiindows punished johan22600 for: Provocation
20-07-17 22:41:24 [INFO] [OctoBans] Wiindows punished goldenboy5959 for: Double Poste
20-07-17 22:41:39 [INFO] [OctoBans] drbrine punished zizou03 for: Double Poste
20-07-17 22:41:49 [INFO] [OctoBans] Wiindows punished suki_ for: Insulte
20-07-17 22:42:41 [INFO] [OctoBans] Wiindows punished xxnolanxx for: Double Poste
20-07-17 22:43:19 [INFO] [OctoBans] Wiindows punished osmanlitorunu for: Majuscule
20-07-17 22:44:39 [INFO] [OctoBans] Wiindows punished zerdozz for: Spam/flood
20-07-17 22:46:15 [INFO] [OctoBans] bbdark sql checked, record: insultegrave by Forway to 1500584107
20-07-17 22:46:17 [INFO] [OctoBans] xx_triso_xx sql checked, record: spammp by iPurple_ to -1
20-07-17 22:46:50 [INFO] [OctoBans] Wiindows punished staillight for: Provocation
20-07-17 22:48:14 [INFO] [OctoBans] darkcraft203 sql checked, record: spammp by Anzerti to -1
20-07-17 22:48:22 [INFO] [OctoBans] plitoufmc sql checked, record: tpkill by drbrine to 1500588331
20-07-17 22:52:06 [INFO] [OctoBans] Wiindows punished thelittlexeo for: Majuscule
20-07-17 22:52:17 [INFO] [OctoBans] Wiindows punished nayrod for: Double Poste
20-07-17 22:52:35 [INFO] [OctoBans] Wiindows punished mushawpro for: Langage incorrect
20-07-17 22:52:48 [INFO] [OctoBans] PseudoNul punished maxougaming for: Spam/flood en MP
20-07-17 22:54:37 [INFO] [OctoBans] sh0aq sql checked, record: insultegrave by Shainko to 1500619978
20-07-17 22:55:20 [INFO] [OctoBans] PseudoNul punished frowardpvp for: Double Poste
20-07-17 22:55:34 [INFO] [OctoBans] PseudoNul punished octocool for: Double Poste
20-07-17 22:55:49 [INFO] [OctoBans] PseudoNul punished _topui_ for: Spam/flood
20-07-17 22:56:03 [INFO] [OctoBans] Wiindows punished biguiboss31 for: Insulte grave
20-07-17 22:58:12 [INFO] [OctoBans] PseudoNul punished leo2316 for: Double Poste
20-07-17 22:58:41 [INFO] [OctoBans] Wiindows punished jtmmaistesizi for: Double Poste
20-07-17 23:02:47 [INFO] [OctoBans] drbrine punished lere for: Provocation
20-07-17 23:03:24 [INFO] [OctoBans] Wiindows punished okalorsok for: Spam/flood
20-07-17 23:03:51 [INFO] [OctoBans] drbrine punished okalorsok for: Incitation au flood
20-07-17 23:04:12 [INFO] [OctoBans] Wiindows punished anthony972 for: Langage incorrect
20-07-17 23:04:46 [INFO] [OctoBans] drbrine punished jtmmaistesizi for: Langage incorrect
20-07-17 23:04:51 [INFO] [OctoBans] Wiindows punished lipton9194 for: Langage incorrect
20-07-17 23:05:23 [INFO] [OctoBans] drbrine punished juju123 for: Spam/flood
20-07-17 23:06:52 [INFO] [OctoBans] dragongaming sql checked, record: menacehack by TheBrioche13 to 1500822347
20-07-17 23:06:52 [INFO] [OctoBans] dragongaming sql checked, record: menacehack by TheBrioche13 to 1501081605
20-07-17 23:07:15 [INFO] [OctoBans] PseudoNul punished lemineur for: TpKill
20-07-17 23:08:21 [INFO] [OctoBans] selim45 sql checked, record: spammp by ZerKup to -1
20-07-17 23:10:01 [INFO] [OctoBans] PseudoNul punished timoko for: Spam/flood
20-07-17 23:10:04 [INFO] [OctoBans] banano6768 sql checked, record: faussesinfos by SmooKeur to 1500652136
20-07-17 23:10:15 [INFO] [OctoBans] drbrine punished luca20 for: Spam/flood
20-07-17 23:10:26 [INFO] [OctoBans] PseudoNul punished gadjoo for: Spam/flood
20-07-17 23:11:02 [INFO] [OctoBans] PseudoNul punished lololaclarinette for: Incitation au flood
20-07-17 23:16:41 [INFO] [OctoBans] fifou1165 sql checked, record: insultegrave by Shainko to 1500620802
20-07-17 23:17:48 [INFO] [OctoBans] Wiindows punished alex_1707 for: Provocation
20-07-17 23:18:28 [INFO] [OctoBans] drbrine punished bykory_ for: Menace de hack
20-07-17 23:19:44 [INFO] [OctoBans] Wiindows punished brookdu81 for: Incitation au flood
20-07-17 23:20:23 [INFO] [OctoBans] dark_sea sql checked, record: spammp by drbrine to -1
20-07-17 23:20:49 [INFO] [OctoBans] vendeur2kebab sql checked, record: spammp by ZerKup to -1
20-07-17 23:20:49 [INFO] [OctoBans] vendeur2kebab sql checked, record: spammp by YTB_XxKarnageXx to -1
20-07-17 23:22:52 [INFO] [OctoBans] PseudoNul punished vendeur2kebab for: Spam/flood en MP
20-07-17 23:23:19 [INFO] [OctoBans] NeyTox punished thefabi66 for: Double Poste
20-07-17 23:25:33 [INFO] [OctoBans] NeyTox punished _ridercreep_ for: Double Poste
20-07-17 23:28:40 [INFO] [OctoBans] Wiindows punished karibo127 for: Langage incorrect
20-07-17 23:30:55 [INFO] [OctoBans] Wiindows punished artinikz for: Majuscule
20-07-17 23:31:36 [INFO] [OctoBans] Wiindows punished montoitytb for: Majuscule
20-07-17 23:32:27 [INFO] [OctoBans] Wiindows punished kitito for: Majuscule
20-07-17 23:32:36 [INFO] [OctoBans] Wiindows punished brookdu81 for: Insulte
20-07-17 23:33:07 [INFO] [OctoBans] Wiindows punished jakepaul for: Insulte
20-07-17 23:33:53 [INFO] [OctoBans] Wiindows punished artinikz for: Insulte légère
20-07-17 23:34:54 [INFO] [OctoBans] Wiindows punished doboul for: Provocation
20-07-17 23:36:34 [INFO] [OctoBans] val28120 sql checked, record: floodmp by Forway to -1
20-07-17 23:36:34 [INFO] [OctoBans] val28120 sql checked, record: spammp by PseudoNul to -1
20-07-17 23:36:34 [INFO] [OctoBans] val28120 sql checked, record: floodmp by Forway to -1
20-07-17 23:36:34 [INFO] [OctoBans] val28120 sql checked, record: spam by SuperJojo to 1500600107
20-07-17 23:38:39 [INFO] [OctoBans] 1nainposteur sql checked, record: tpkill by drbrine to 1500592577
20-07-17 23:38:40 [INFO] [OctoBans] dodole1 sql checked, record: spammp by SuperJojo to -1
20-07-17 23:38:40 [INFO] [OctoBans] dodole1 sql checked, record: spam by Forway to 1500638234
20-07-17 23:39:09 [INFO] [OctoBans] brookdu81 sql checked, record: incitationflood by Wiindows to 1500671984
20-07-17 23:39:09 [INFO] [OctoBans] brookdu81 sql checked, record: insulte by Wiindows to 1500589056
20-07-17 23:39:32 [INFO] [OctoBans] thegost sql checked, record: floodmp by Forway to -1
20-07-17 23:39:32 [INFO] [OctoBans] thegost sql checked, record: spammp by iPurple_ to -1
20-07-17 23:39:32 [INFO] [OctoBans] thegost sql checked, record: spammp by Anzerti to -1
20-07-17 23:39:32 [INFO] [OctoBans] thegost sql checked, record: spammp by Anzerti to -1
20-07-17 23:39:32 [INFO] [OctoBans] thegost sql checked, record: spammp by SnowEffect to -1
20-07-17 23:39:32 [INFO] [OctoBans] thegost sql checked, record: spam by K0STiK_ to 1500607168
20-07-17 23:40:09 [INFO] [OctoBans] MaacDoo punished brookdu81 for: Spam/flood
20-07-17 23:40:32 [INFO] [OctoBans] dylandu94 sql checked, record: spammp by iPurple_ to -1
20-07-17 23:40:32 [INFO] [OctoBans] dylandu94 sql checked, record: spammp by iPurple_ to -1
20-07-17 23:40:32 [INFO] [OctoBans] dylandu94 sql checked, record: spammp by Anzerti to -1
20-07-17 23:40:45 [INFO] [OctoBans] brookdu81 sql checked, record: incitationflood by Wiindows to 1500671984
20-07-17 23:40:45 [INFO] [OctoBans] brookdu81 sql checked, record: insulte by Wiindows to 1500589056
20-07-17 23:40:45 [INFO] [OctoBans] brookdu81 sql checked, record: spam by MaacDoo to 1500601209
20-07-17 23:41:41 [INFO] [OctoBans] Wiindows punished zizou03 for: Spam/flood
20-07-17 23:42:03 [INFO] [OctoBans] drbrine punished eglantinette for: Spam/flood
20-07-17 23:42:09 [INFO] [OctoBans] PseudoNul punished cctoi for: Spam/flood
20-07-17 23:42:39 [INFO] [OctoBans] drbrine punished eglantinette for: Spam/flood en MP
20-07-17 23:43:05 [INFO] [OctoBans] simyasuoplayer sql checked, record: insultegrave by FiasK0 to 1500602362
20-07-17 23:43:59 [INFO] [OctoBans] PseudoNul punished drbrine for: Spam/flood en MP
20-07-17 23:44:30 [INFO] [OctoBans] PseudoNul punished dragonfou21 for: Spam/flood en MP
20-07-17 23:44:42 [INFO] [OctoBans] Wiindows punished neo_zango for: Double Poste
20-07-17 23:45:13 [INFO] [OctoBans] dodole1e sql checked, record: spammp by drbrine to -1
20-07-17 23:45:13 [INFO] [OctoBans] dodole1e sql checked, record: spammp by PseudoNul to -1
20-07-17 23:45:13 [INFO] [OctoBans] dodole1e sql checked, record: incitationflood by PseudoNul to 1500629667
20-07-17 23:45:13 [INFO] [OctoBans] dodole1e sql checked, record: spam by tinmar to 1500595815
20-07-17 23:45:13 [INFO] [OctoBans] eglantinette sql checked, record: spammp by drbrine to -1
20-07-17 23:48:14 [INFO] [OctoBans] Wiindows punished mr_wolf_gaming for: Majuscule
20-07-17 23:49:43 [INFO] [OctoBans] wahleno sql checked, record: insultegrave by FiasK0 to 1500694507
20-07-17 23:49:43 [INFO] [OctoBans] wahleno sql checked, record: insultestaff by Shainko to 1500658601
20-07-17 23:50:54 [INFO] [OctoBans] iPurple_ punished awap for: Majuscule
20-07-17 23:52:39 [INFO] [OctoBans] Wiindows punished lelerap33 for: Majuscule
20-07-17 23:55:33 [INFO] [OctoBans] NeyTox punished xx_toto_xx for: Double Poste
20-07-17 23:59:39 [INFO] [OctoBans] zizou03 sql checked, record: spammp by drbrine to -1
20-07-17 23:59:39 [INFO] [OctoBans] zizou03 sql checked, record: spammp by drbrine to -1
20-07-17 23:59:39 [INFO] [OctoBans] zizou03 sql checked, record: spammp by drbrine to -1
20-07-17 23:59:39 [INFO] [OctoBans] zizou03 sql checked, record: flood by Wiindows to 1500590501
21-07-17 00:00:17 [INFO] [OctoBans] jasoxx sql checked, record: spammp by iPurple_ to -1
21-07-17 00:11:43 [INFO] [OctoBans] Wiindows punished momo54 for: Majuscule
21-07-17 00:15:40 [INFO] [OctoBans] Wiindows punished eliottee for: Insulte staff
21-07-17 00:16:17 [INFO] [OctoBans] Wiindows punished neskuiik for: Double Poste
21-07-17 00:18:01 [INFO] [OctoBans] mister88 sql checked, record: tpkill by drbrine to 1500591853
21-07-17 00:18:52 [INFO] [OctoBans] luluplaying sql checked, record: spammp by Remil to -1
21-07-17 00:18:52 [INFO] [OctoBans] luluplaying sql checked, record: spammp by SnowEffect to -1
21-07-17 00:24:13 [INFO] [OctoBans] mister88 sql checked, record: tpkill by drbrine to 1500591853
21-07-17 00:26:33 [INFO] [OctoBans] PseudoNul punished itswoomis for: Insulte staff
21-07-17 00:31:35 [INFO] [OctoBans] drbrine punished war2sunn for: Provocation
21-07-17 00:34:28 [INFO] [OctoBans] MaacDoo punished tweeyn_ for: Insulte staff
21-07-17 00:34:55 [INFO] [OctoBans] millardm sql checked, record: spammp by PseudoNul to -1
21-07-17 00:35:15 [INFO] [OctoBans] drbrine punished xxheroiikxx for: Double Poste
21-07-17 00:35:26 [INFO] [OctoBans] drbrine punished momo54 for: Insulte grave
21-07-17 00:36:19 [INFO] [OctoBans] drbrine punished cratereble16 for: Langage incorrect
21-07-17 00:36:32 [INFO] [OctoBans] PseudoNul punished neox_ytb for: Spam/flood en MP
21-07-17 00:36:50 [INFO] [OctoBans] Remil punished shouteur for: Spam/flood en MP
21-07-17 00:37:13 [INFO] [OctoBans] MaacDoo punished lolipop98014 for: Langage incorrect
21-07-17 00:40:11 [INFO] [OctoBans] drbrine punished enzo1771 for: Insulte grave
21-07-17 00:40:14 [INFO] [OctoBans] Remil punished enzou31 for: Insulte grave
21-07-17 00:41:05 [INFO] [OctoBans] Wiindows punished anthony972 for: Insulte
21-07-17 00:41:27 [INFO] [OctoBans] drbrine punished anthony972 for: Insulte staff
21-07-17 00:43:04 [INFO] [OctoBans] Remil punished gadjoo for: Double Poste
21-07-17 00:45:00 [INFO] [OctoBans] drbrine punished zizou03 for: Homophobie
21-07-17 00:46:00 [INFO] [OctoBans] iPurple_ punished thefabi66 for: Majuscule
21-07-17 00:47:07 [INFO] [OctoBans] anthony972 sql checked, record: spammp by Remil to -1
21-07-17 00:47:07 [INFO] [OctoBans] anthony972 sql checked, record: spammp by Remil to -1
21-07-17 00:47:07 [INFO] [OctoBans] anthony972 sql checked, record: insulte by Wiindows to 1500593165
21-07-17 00:47:07 [INFO] [OctoBans] anthony972 sql checked, record: insultestaff by drbrine to 1500626487
21-07-17 00:48:49 [INFO] [OctoBans] zayrozz sql checked, record: spammp by Remil to -1
21-07-17 00:49:15 [INFO] [OctoBans] iPurple_ punished joeylegrand96 for: Spam/flood
21-07-17 00:50:06 [INFO] [OctoBans] iPurple_ punished psykodiablo for: Majuscule
21-07-17 00:50:17 [INFO] [OctoBans] goto_camus sql checked, record: spammp by SuperJojo to -1
21-07-17 00:50:52 [INFO] [OctoBans] Wiindows punished anthony972 for: Insulte staff
21-07-17 00:51:23 [INFO] [OctoBans] enzo1771 sql checked, record: insultegrave by drbrine to 1500626411
21-07-17 00:55:19 [INFO] [OctoBans] iPurple_ punished ytboctalio for: Insulte serveur
21-07-17 00:55:40 [INFO] [OctoBans] iPurple_ punished ytboctalio for: Spam /f open
21-07-17 00:57:31 [INFO] [OctoBans] matthubbellucci_ sql checked, record: kickautre by NeosiaNexus to -1
21-07-17 00:57:31 [INFO] [OctoBans] matthubbellucci_ sql checked, record: racism by FiasK0 to 1500667018
21-07-17 00:59:11 [INFO] [OctoBans] Remil punished akowi for: Spam/flood
21-07-17 01:00:13 [INFO] [OctoBans] booba92i sql checked, record: kickautre by NeosiaNexus to -1
21-07-17 01:00:52 [INFO] [OctoBans] iPurple_ punished _dragibus_ for: Spam/flood
21-07-17 01:01:13 [INFO] [OctoBans] iPurple_ punished _dragibus_ for: Menace de hack
21-07-17 01:01:44 [INFO] [OctoBans] iPurple_ punished neskuiik for: Fausses informations
21-07-17 01:01:49 [INFO] [OctoBans] iPurple_ punished luluobo14 for: Double Poste
21-07-17 01:24:34 [INFO] [OctoBans] momo54 sql checked, record: insultegrave by drbrine to 1500626126
21-07-17 01:40:55 [INFO] [OctoBans] Wiindows punished modzdegtabo3 for: Double Poste
21-07-17 01:48:52 [INFO] [OctoBans] fross27 sql checked, record: spammp by Remil to -1
21-07-17 01:53:26 [INFO] [OctoBans] Wiindows punished staillight for: Majuscule
21-07-17 01:54:01 [INFO] [OctoBans] momo54 sql checked, record: insultegrave by drbrine to 1500626126
21-07-17 01:58:30 [INFO] [OctoBans] Wiindows punished marchale for: Majuscule
21-07-17 01:58:56 [INFO] [OctoBans] Wiindows punished goldenboy5959 for: Double Poste
21-07-17 02:13:16 [INFO] [OctoBans] Wiindows punished heppah for: Insulte
21-07-17 02:14:41 [INFO] [OctoBans] Wiindows punished dravhight for: Spam/flood
21-07-17 02:21:59 [INFO] [OctoBans] mrstormax sql checked, record: spammp by tinmar to -1
21-07-17 02:21:59 [INFO] [OctoBans] mrstormax sql checked, record: incitationflood by Forway to 1500672264
21-07-17 02:31:48 [INFO] [OctoBans] Wiindows punished derpik for: Insulte
21-07-17 02:38:39 [INFO] [OctoBans] zarkos93 sql checked, record: spammp by tinmar to -1
21-07-17 02:39:52 [INFO] [OctoBans] Wiindows punished jasoxx for: Double Poste
21-07-17 02:47:36 [INFO] [OctoBans] Wiindows punished olivier28130 for: Majuscule
21-07-17 03:01:54 [INFO] [OctoBans] by_sneak sql checked, record: spammp by SkyKosIV to -1
21-07-17 03:01:54 [INFO] [OctoBans] by_sneak sql checked, record: spammp by YTB_XxKarnageXx to -1
21-07-17 03:01:54 [INFO] [OctoBans] by_sneak sql checked, record: menacehack by SkyKosIV to 1500667652
21-07-17 03:02:07 [INFO] [OctoBans] crapule punished _ridercreep_ for: Insulte staff
21-07-17 03:05:04 [INFO] [OctoBans] iPurple_ punished xfraven for: Double Poste
21-07-17 03:07:01 [INFO] [OctoBans] iPurple_ punished staillight for: Majuscule
21-07-17 03:21:06 [INFO] [OctoBans] iPurple_ punished modattozz for: Double Poste
21-07-17 03:22:45 [INFO] [OctoBans] Wiindows punished olivier28130 for: Langage incorrect
21-07-17 03:33:42 [INFO] [OctoBans] mkdarkos sql checked, record: floodmp by Forway to -1
21-07-17 03:40:33 [INFO] [OctoBans] moist sql checked, record: faussesinfos by Wiindows to 1500663112
21-07-17 03:49:23 [INFO] [OctoBans] crapule punished pepsicoca for: Spam/flood
21-07-17 04:02:28 [INFO] [OctoBans] NeyTox punished wolmog for: Double Poste
21-07-17 04:06:50 [INFO] [OctoBans] crapule punished tsokabb for: Insulte
21-07-17 04:10:53 [INFO] [OctoBans] crapule punished dz_legammer for: Incitation au flood
21-07-17 04:11:09 [INFO] [OctoBans] crapule punished wosparta for: Incitation au flood
21-07-17 04:12:11 [INFO] [OctoBans] crapule punished modattozz for: Double Poste
21-07-17 04:15:49 [INFO] [OctoBans] crapule punished blackstars301 for: Incitation au flood
21-07-17 04:18:49 [INFO] [OctoBans] crapule punished heppah for: Majuscule
21-07-17 04:51:09 [INFO] [OctoBans] Remil punished montoitytb for: Spam/flood
21-07-17 04:56:25 [INFO] [OctoBans] Remil punished heppah for: Majuscule
21-07-17 04:56:39 [INFO] [OctoBans] Remil punished montoitytb for: Spam/flood
21-07-17 05:00:16 [INFO] [OctoBans] Remil punished shouteur for: Spam/flood en MP
21-07-17 05:44:01 [INFO] [OctoBans] karimospvp sql checked, record: spammp by YTB_XxKarnageXx to -1
21-07-17 05:44:01 [INFO] [OctoBans] karimospvp sql checked, record: spammp by YTB_XxKarnageXx to -1
21-07-17 05:44:01 [INFO] [OctoBans] karimospvp sql checked, record: spammp by tinmar to -1
21-07-17 06:01:01 [INFO] [OctoBans] Disabling OctoBans v1.0
