20-12-17 22:31:42 [INFO] [OctoBans] File Handler successfully initialized!
20-12-17 22:31:42 [INFO] [OctoBans] SQL connection successfully etablished
20-12-17 22:31:42 [INFO] [OctoBans] Moderator Tools by Octonia.
20-12-17 22:31:47 [INFO] [OctoBans] tereure sql checked, record: spammp by Zayrox29 to -1
20-12-17 22:31:47 [INFO] [OctoBans] skybow sql checked, record: spammp by yeti2001vd to -1
20-12-17 22:31:49 [INFO] [OctoBans] the_dz_men sql checked, record: spammp by FiasK0 to -1
20-12-17 22:31:52 [INFO] [OctoBans] aexraptorz sql checked, record: spammp by Remil to -1
20-12-17 22:31:52 [INFO] [OctoBans] aexraptorz sql checked, record: spammp by PseudooNull to -1
20-12-17 22:31:56 [INFO] [OctoBans] bardaxx_ sql checked, record: spammp by Zoseq to -1
20-12-17 22:32:27 [INFO] [OctoBans] karlwill sql checked, record: spammp by Gamer09 to -1
20-12-17 22:32:27 [INFO] [OctoBans] karlwill sql checked, record: spammp by LeRe to -1
20-12-17 22:32:35 [INFO] [OctoBans] xxdubeskillsxx sql checked, record: spammp by FamousxRay to -1
20-12-17 22:32:35 [INFO] [OctoBans] the_slash sql checked, record: spammp by pepedjo to -1
20-12-17 22:32:35 [INFO] [OctoBans] the_slash sql checked, record: spammp by drbrine to -1
20-12-17 22:32:35 [INFO] [OctoBans] the_slash sql checked, record: spammp by NeyTox to -1
20-12-17 22:32:35 [INFO] [OctoBans] virocl sql checked, record: spammp by PseudooNull to -1
20-12-17 22:32:40 [INFO] [OctoBans] lushen sql checked, record: pubyt by D3adOrSnipSurYTB to 1513809959
20-12-17 22:32:51 [INFO] [OctoBans] px_skillpvpyt sql checked, record: majuscule by D3adOrSnipSurYTB to 1513806148
20-12-17 22:33:07 [INFO] [OctoBans] thedindin2004 sql checked, record: insulte by EW3L to 1513809752
20-12-17 22:34:21 [INFO] [OctoBans] noirafricain sql checked, record: spammp by Zoseq to -1
20-12-17 22:34:21 [INFO] [OctoBans] noirafricain sql checked, record: spammp by EW3L to -1
20-12-17 22:34:21 [INFO] [OctoBans] noirafricain sql checked, record: spammp by EW3L to -1
20-12-17 22:34:58 [INFO] [OctoBans] darryl1 sql checked, record: spammp by FiasK0 to -1
20-12-17 22:35:04 [INFO] [OctoBans] tigro17 sql checked, record: spammp by ToXiCz_TV to -1
20-12-17 22:35:07 [INFO] [OctoBans] PseudooNull punished zercoy93 for: TpKill
20-12-17 22:35:45 [INFO] [OctoBans] hayden_frost sql checked, record: spammp by OCIP_Matth to -1
20-12-17 22:36:35 [INFO] [OctoBans] ayken sql checked, record: spammp by KelianHD to -1
20-12-17 22:40:19 [INFO] [OctoBans] fngod sql checked, record: spammp by FamousxRay to -1
20-12-17 22:40:19 [INFO] [OctoBans] fngod sql checked, record: spammp by drbrine to -1
20-12-17 22:44:30 [INFO] [OctoBans] minecraft05_yt sql checked, record: spammp by Gamer09 to -1
20-12-17 22:48:19 [INFO] [OctoBans] batte sql checked, record: spammp by yeti2001vd to -1
20-12-17 22:50:31 [INFO] [OctoBans] diodu sql checked, record: spammp by Gamer09 to -1
20-12-17 22:59:25 [INFO] [OctoBans] harst_ sql checked, record: spammp by FiasK0 to -1
20-12-17 23:03:45 [INFO] [OctoBans] _dragibus_ sql checked, record: spammp by FiasK0 to -1
20-12-17 23:06:58 [INFO] [OctoBans] FNGOD punished _dragibus_ for: Insulte grave
20-12-17 23:08:03 [INFO] [OctoBans] ertynox83 sql checked, record: spammp by Koeseb97 to -1
20-12-17 23:08:49 [INFO] [OctoBans] chut3000 sql checked, record: spammp by FiasK0 to -1
20-12-17 23:11:59 [INFO] [OctoBans] remil sql checked, record: spammp by FiasK0 to -1
20-12-17 23:12:52 [INFO] [OctoBans] syrox_ytb sql checked, record: spammp by Koeseb97 to -1
20-12-17 23:12:52 [INFO] [OctoBans] syrox_ytb sql checked, record: spammp by PseudooNull to -1
20-12-17 23:12:52 [INFO] [OctoBans] syrox_ytb sql checked, record: insultegrave by PseudooNull to 1513836669
20-12-17 23:20:52 [INFO] [OctoBans] mcfleury sql checked, record: spammp by Koeseb97 to -1
20-12-17 23:38:39 [INFO] [OctoBans] Koeseb97 punished blastninja for: Insulte
20-12-17 23:58:02 [INFO] [OctoBans] drbrine punished botprogaming for: Spam/flood
21-12-17 00:05:04 [INFO] [OctoBans] shazekhq_q sql checked, record: spammp by Gamer09 to -1
21-12-17 00:07:54 [INFO] [OctoBans] rayzfire sql checked, record: spammp by ToXiCz_TV to -1
21-12-17 00:07:54 [INFO] [OctoBans] rayzfire sql checked, record: spammp by ToXiCz_TV to -1
21-12-17 00:07:54 [INFO] [OctoBans] rayzfire sql checked, record: spammp by Koeseb97 to -1
21-12-17 00:11:50 [INFO] [OctoBans] grenousse_pvp sql checked, record: spammp by SmooKeur to -1
21-12-17 00:36:01 [INFO] [OctoBans] drbrine punished zbeubz2 for: Spam/flood
21-12-17 00:36:46 [INFO] [OctoBans] drbrine punished raaezer for: Pub serveur
21-12-17 00:39:41 [INFO] [OctoBans] romudu269 sql checked, record: spammp by Remil to -1
21-12-17 00:39:41 [INFO] [OctoBans] romudu269 sql checked, record: insultegrave by FNGOD to 1513824700
21-12-17 00:39:41 [INFO] [OctoBans] romudu269 sql checked, record: insultegrave by FNGOD to 1513898543
21-12-17 00:39:41 [INFO] [OctoBans] romudu269 sql checked, record: provocation by FNGOD to 1513822339
21-12-17 01:03:33 [INFO] [OctoBans] nicro2000 sql checked, record: spammp by EGGSPLOSION to -1
21-12-17 01:08:11 [INFO] [OctoBans] zbeubz sql checked, record: spammp by KelianHD to -1
21-12-17 01:08:11 [INFO] [OctoBans] zbeubz sql checked, record: spammp by pepedjo to -1
21-12-17 01:23:07 [INFO] [OctoBans] drbrine punished aexraptorz for: Insulte
21-12-17 01:49:38 [INFO] [OctoBans] drbrine punished skybow for: Majuscule
21-12-17 01:50:48 [INFO] [OctoBans] FNGOD punished fngod for: Double Poste
21-12-17 02:03:43 [INFO] [OctoBans] drbrine punished skybow for: Spam/flood en MP
21-12-17 02:21:22 [INFO] [OctoBans] thedarck sql checked, record: spammp by ToXiCz_TV to -1
21-12-17 04:41:58 [INFO] [OctoBans] firexpower666_ sql checked, record: spammp by tinmar to -1
21-12-17 04:47:21 [INFO] [OctoBans] indow_ sql checked, record: spammp by Evolze to -1
21-12-17 04:47:21 [INFO] [OctoBans] indow_ sql checked, record: spammp by WeeZix to -1
21-12-17 05:05:52 [INFO] [OctoBans] mgk_tozzzz sql checked, record: spammp by drbrine to -1
21-12-17 05:36:24 [INFO] [OctoBans] xx_thors_xx sql checked, record: spammp by PoukoaMoa to -1
21-12-17 06:01:01 [INFO] [OctoBans] Disabling OctoBans v1.0
