31-05-17 22:31:42 [INFO] [OctoBans] File Handler successfully initialized!
31-05-17 22:31:42 [INFO] [OctoBans] SQL connection successfully etablished
31-05-17 22:31:42 [INFO] [OctoBans] Moderator Tools by Octonia.
31-05-17 22:31:46 [INFO] [OctoBans] theo_pveur sql checked, record: spammp by Remil to -1
31-05-17 22:31:46 [INFO] [OctoBans] liltossman41 sql checked, record: spammp by Remil to -1
31-05-17 22:31:46 [INFO] [OctoBans] liltossman41 sql checked, record: insultestaff by Forway to 1496284635
31-05-17 22:31:46 [INFO] [OctoBans] liltossman41 sql checked, record: insultestaff by PseudoNul to 1496320671
31-05-17 22:31:46 [INFO] [OctoBans] sportek_ sql checked, record: spammp by SkyKosIV to -1
31-05-17 22:31:46 [INFO] [OctoBans] walterwhite sql checked, record: insultestaff by Remil to 1496279689
31-05-17 22:31:46 [INFO] [OctoBans] walterwhite sql checked, record: provocation by D3adOrSnipSurYTB to 1496263113
31-05-17 22:31:46 [INFO] [OctoBans] aldorbest sql checked, record: kickautre by Steph078 to -1
31-05-17 22:31:48 [INFO] [OctoBans] singe_de_telfort sql checked, record: spammp by SuperJojo to -1
31-05-17 22:31:48 [INFO] [OctoBans] minimoy22 sql checked, record: doubleposte by Steph078 to 1496263158
31-05-17 22:31:52 [INFO] [OctoBans] samybg sql checked, record: spammp by Remil to -1
31-05-17 22:32:05 [INFO] [OctoBans] xxbossteamxx sql checked, record: spammp by SuperJojo to -1
31-05-17 22:32:41 [INFO] [OctoBans] erinoxlx sql checked, record: kickautre by Steph078 to -1
31-05-17 22:32:43 [INFO] [OctoBans] _hello_kitty sql checked, record: spammp by Steph078 to -1
31-05-17 22:32:43 [INFO] [OctoBans] _hello_kitty sql checked, record: homophobie by SkyKosIV to 1496266754
31-05-17 22:34:47 [INFO] [OctoBans] tipi201 sql checked, record: kickautre by ZerKup to -1
31-05-17 22:39:14 [INFO] [OctoBans] SkyKosIV punished frite_merguez for: Double Poste
31-05-17 22:39:27 [INFO] [OctoBans] acos79 sql checked, record: spammp by YTB_XxKarnageXx to -1
31-05-17 22:39:27 [INFO] [OctoBans] acos79 sql checked, record: spammp by Steph078 to -1
31-05-17 22:41:34 [INFO] [OctoBans] Remil punished e_soraya for: Double Poste
31-05-17 22:43:32 [INFO] [OctoBans] SkyKosIV punished tifou_fou for: Langage incorrect
31-05-17 22:48:09 [INFO] [OctoBans] D3adOrSnipSurYTB punished xxbossteamxx for: Spam/flood
31-05-17 22:48:58 [INFO] [OctoBans] D3adOrSnipSurYTB punished xxbossteamxx for: Spam/flood
31-05-17 22:53:24 [INFO] [OctoBans] hakimos66 sql checked, record: menacehack by SkyKosIV to 1496441963
31-05-17 22:56:20 [INFO] [OctoBans] D3adOrSnipSurYTB punished theoklm57 for: Spam/flood
31-05-17 22:57:29 [INFO] [OctoBans] D3adOrSnipSurYTB punished sifri59xd for: Double Poste
31-05-17 22:58:41 [INFO] [OctoBans] strikewail sql checked, record: insultegrave by SuperJojo to 1496301906
31-05-17 22:59:20 [INFO] [OctoBans] superfilleciel sql checked, record: kickautre by Steph078 to -1
31-05-17 22:59:45 [INFO] [OctoBans] D3adOrSnipSurYTB punished pandazzz for: Spam/flood
31-05-17 23:16:16 [INFO] [OctoBans] toly_ sql checked, record: spammp by Remil to -1
31-05-17 23:16:16 [INFO] [OctoBans] toly_ sql checked, record: insultestaff by Theo97 to 1496364461
31-05-17 23:16:16 [INFO] [OctoBans] toly_ sql checked, record: insultestaff by Theo97 to 1496400508
31-05-17 23:16:16 [INFO] [OctoBans] toly_ sql checked, record: insultestaff by Theo97 to 1496436542
31-05-17 23:16:16 [INFO] [OctoBans] toly_ sql checked, record: insultestaff by Theo97 to 1496472596
31-05-17 23:16:16 [INFO] [OctoBans] toly_ sql checked, record: insultestaff by Theo97 to 1496575856
31-05-17 23:28:27 [INFO] [OctoBans] Steph078 punished crimoz91 for: Insulte
31-05-17 23:31:41 [INFO] [OctoBans] Steph078 punished ziced942 for: Insulte
31-05-17 23:36:50 [INFO] [OctoBans] Steph078 punished blackzik_ for: Double Poste
31-05-17 23:43:27 [INFO] [OctoBans] Remil punished oeufdepoule62 for: Langage incorrect
01-06-17 00:13:39 [INFO] [OctoBans] Remil punished siplyoyt for: Insulte
01-06-17 00:16:51 [INFO] [OctoBans] Remil punished blackzik_ for: Spam/flood
01-06-17 00:17:27 [INFO] [OctoBans] superjojo sql checked, record: spammp by SkyKosIV to -1
01-06-17 00:26:43 [INFO] [OctoBans] SuperJojo punished crimoz91 for: Majuscule
01-06-17 00:29:46 [INFO] [OctoBans] SuperJojo punished _overboss_ for: Double Poste
01-06-17 00:31:39 [INFO] [OctoBans] Remil punished drkiritoz_ for: Insulte grave
01-06-17 00:36:49 [INFO] [OctoBans] SuperJojo punished skyizi91 for: Langage incorrect
01-06-17 00:43:43 [INFO] [OctoBans] SuperJojo punished da_fail_troll for: Double Poste
01-06-17 00:46:27 [INFO] [OctoBans] SuperJojo punished _overboss_ for: Majuscule
01-06-17 00:54:02 [INFO] [OctoBans] SuperJojo punished zitro_pvp for: Double Poste
01-06-17 00:55:14 [INFO] [OctoBans] gamix_yt sql checked, record: spammp by SkyKosIV to -1
01-06-17 00:55:17 [INFO] [OctoBans] SuperJojo punished _hello_kitty for: Double Poste
01-06-17 00:57:57 [INFO] [OctoBans] SuperJojo punished splitepvp_yt for: Langage incorrect
01-06-17 00:58:41 [INFO] [OctoBans] SkyKosIV punished singe_de_telfort for: Langage incorrect
01-06-17 00:59:02 [INFO] [OctoBans] SkyKosIV punished singe_de_telfort for: Insulte grave
01-06-17 01:03:31 [INFO] [OctoBans] SuperJojo punished da_fail_troll for: Double Poste
01-06-17 01:03:48 [INFO] [OctoBans] singe_de_telfort sql checked, record: spammp by SuperJojo to -1
01-06-17 01:03:48 [INFO] [OctoBans] singe_de_telfort sql checked, record: langage by SkyKosIV to 1496272721
01-06-17 01:03:48 [INFO] [OctoBans] singe_de_telfort sql checked, record: insultegrave by SkyKosIV to 1496307542
01-06-17 01:04:20 [INFO] [OctoBans] singe_de_telfort sql checked, record: spammp by SuperJojo to -1
01-06-17 01:04:20 [INFO] [OctoBans] singe_de_telfort sql checked, record: langage by SkyKosIV to 1496272721
01-06-17 01:04:20 [INFO] [OctoBans] singe_de_telfort sql checked, record: insultegrave by SkyKosIV to 1496307542
01-06-17 01:04:30 [INFO] [OctoBans] Steph078 punished singe_de_telfort for: Insulte staff
01-06-17 01:05:14 [INFO] [OctoBans] SkyKosIV punished teamomega for: Double Poste
01-06-17 01:11:49 [INFO] [OctoBans] sigmoz sql checked, record: tpkill by Remil to 1496332591
01-06-17 01:12:34 [INFO] [OctoBans] SuperJojo punished karimospvp for: Spam/flood
01-06-17 01:15:03 [INFO] [OctoBans] SuperJojo punished apspro56 for: Langage incorrect
01-06-17 01:20:05 [INFO] [OctoBans] SkyKosIV punished zitro_pvp for: Double Poste
01-06-17 01:39:35 [INFO] [OctoBans] SkyKosIV punished skyizi91 for: Insulte
01-06-17 01:55:52 [INFO] [OctoBans] Steph078 punished gamix_yt for: Majuscule
01-06-17 02:25:55 [INFO] [OctoBans] Steph078 punished ryd3rtvv0x for: Double Poste
01-06-17 06:01:01 [INFO] [OctoBans] Disabling OctoBans v1.0
