11-12-17 22:31:42 [INFO] [OctoBans] File Handler successfully initialized!
11-12-17 22:31:42 [INFO] [OctoBans] SQL connection successfully etablished
11-12-17 22:31:42 [INFO] [OctoBans] Moderator Tools by Octonia.
11-12-17 22:31:46 [INFO] [OctoBans] pablo sql checked, record: spammp by OCIP_Matth to -1
11-12-17 22:31:46 [INFO] [OctoBans] easy sql checked, record: spammp by D3adOrSnipSurYTB to -1
11-12-17 22:31:46 [INFO] [OctoBans] nrgx_sh4d0w sql checked, record: spammp by NeyTox to -1
11-12-17 22:31:46 [INFO] [OctoBans] karlwill sql checked, record: spammp by Gamer09 to -1
11-12-17 22:31:46 [INFO] [OctoBans] karlwill sql checked, record: spammp by LeRe to -1
11-12-17 22:31:57 [INFO] [OctoBans] aexraptorz sql checked, record: spammp by Remil to -1
11-12-17 22:31:59 [INFO] [OctoBans] darryl1 sql checked, record: spammp by FiasK0 to -1
11-12-17 22:32:28 [INFO] [OctoBans] _theodu13_ sql checked, record: spammp by FamousxRay to -1
11-12-17 22:33:00 [INFO] [OctoBans] strongernight sql checked, record: insultegrave by Koeseb97 to 1513077746
11-12-17 22:33:01 [INFO] [OctoBans] okonore sql checked, record: spammp by Gamer09 to -1
11-12-17 22:33:38 [INFO] [OctoBans] ourox_ sql checked, record: doubleposte by Zayrox29 to 1513028821
11-12-17 22:34:12 [INFO] [OctoBans] blackwhite010 sql checked, record: spammp by D3adOrSnipSurYTB to -1
11-12-17 22:34:28 [INFO] [OctoBans] romudu269 sql checked, record: spammp by Remil to -1
11-12-17 22:34:41 [INFO] [OctoBans] yeti2001vd sql checked, record: spammp by EW3L to -1
11-12-17 22:34:41 [INFO] [OctoBans] yeti2001vd sql checked, record: doubleposte by Zayrox29 to 1513030116
11-12-17 22:34:41 [INFO] [OctoBans] yeti2001vd sql checked, record: insultegrave by Zayrox29 to 1513170240
11-12-17 22:38:17 [INFO] [OctoBans] xx_yz_xx sql checked, record: spammp by SkillBOotiiS to -1
11-12-17 22:39:08 [INFO] [OctoBans] keezy sql checked, record: spammp by LeRe to -1
11-12-17 22:39:08 [INFO] [OctoBans] keezy sql checked, record: spammp by LeRe to -1
11-12-17 22:39:08 [INFO] [OctoBans] keezy sql checked, record: spammp by ToXiCz_TV to -1
11-12-17 22:39:08 [INFO] [OctoBans] keezy sql checked, record: spammp by FamousxRay to -1
11-12-17 22:39:39 [INFO] [OctoBans] le_clodov2 sql checked, record: spammp by ToXiCz_TV to -1
11-12-17 22:39:39 [INFO] [OctoBans] le_clodov2 sql checked, record: spammp by FamousxRay to -1
11-12-17 22:56:56 [INFO] [OctoBans] magi_fragz_yt sql checked, record: spammp by LeRe to -1
11-12-17 23:04:59 [INFO] [OctoBans] amokon sql checked, record: spammp by PoukoaMoa to -1
11-12-17 23:04:59 [INFO] [OctoBans] amokon sql checked, record: spammp by drbrine to -1
11-12-17 23:16:03 [INFO] [OctoBans] hayden_frost sql checked, record: spammp by OCIP_Matth to -1
11-12-17 23:18:12 [INFO] [OctoBans] batte sql checked, record: spammp by yeti2001vd to -1
11-12-17 23:21:47 [INFO] [OctoBans] xx_after_xx sql checked, record: spammp by FiasK0 to -1
12-12-17 00:42:34 [INFO] [OctoBans] drbrine punished _rubilax for: Provocation
12-12-17 00:46:23 [INFO] [OctoBans] drbrine punished imdylan for: Insulte
12-12-17 01:07:14 [INFO] [OctoBans] kimoli sql checked, record: spammp by NeyTox to -1
12-12-17 01:07:14 [INFO] [OctoBans] kimoli sql checked, record: spammp by NeyTox to -1
12-12-17 01:07:14 [INFO] [OctoBans] kimoli sql checked, record: spammp by NeyTox to -1
12-12-17 01:07:14 [INFO] [OctoBans] kimoli sql checked, record: spammp by NeyTox to -1
12-12-17 01:07:14 [INFO] [OctoBans] kimoli sql checked, record: spammp by NeyTox to -1
12-12-17 01:07:14 [INFO] [OctoBans] kimoli sql checked, record: spammp by NeyTox to -1
12-12-17 01:07:14 [INFO] [OctoBans] kimoli sql checked, record: spammp by NeyTox to -1
12-12-17 01:07:14 [INFO] [OctoBans] kimoli sql checked, record: spammp by NeyTox to -1
12-12-17 01:07:14 [INFO] [OctoBans] kimoli sql checked, record: spammp by NeyTox to -1
12-12-17 01:07:14 [INFO] [OctoBans] kimoli sql checked, record: spammp by Remil to -1
12-12-17 01:07:14 [INFO] [OctoBans] kimoli sql checked, record: spammp by OCIP_Matth to -1
12-12-17 01:07:14 [INFO] [OctoBans] kimoli sql checked, record: spammp by YTB_XxKarnageXx to -1
12-12-17 01:07:14 [INFO] [OctoBans] kimoli sql checked, record: spammp by YTB_XxKarnageXx to -1
12-12-17 01:07:14 [INFO] [OctoBans] kimoli sql checked, record: spammp by YTB_XxKarnageXx to -1
12-12-17 01:22:28 [INFO] [OctoBans] weezy sql checked, record: spammp by LeRe to -1
12-12-17 01:36:05 [INFO] [OctoBans] vagosts sql checked, record: spammp by yeti2001vd to -1
12-12-17 01:36:05 [INFO] [OctoBans] vagosts sql checked, record: spammp by FamousxRay to -1
12-12-17 03:58:45 [INFO] [OctoBans] firexpower666_ sql checked, record: spammp by tinmar to -1
12-12-17 04:26:14 [INFO] [OctoBans] ahmed9 sql checked, record: spammp by ToXiCz_TV to -1
12-12-17 05:15:13 [INFO] [OctoBans] grenousse_pvp sql checked, record: spammp by SmooKeur to -1
12-12-17 06:01:01 [INFO] [OctoBans] Disabling OctoBans v1.0
