21-06-17 22:31:42 [INFO] [OctoBans] File Handler successfully initialized!
21-06-17 22:31:42 [INFO] [OctoBans] SQL connection successfully etablished
21-06-17 22:31:42 [INFO] [OctoBans] Moderator Tools by Octonia.
21-06-17 22:31:46 [INFO] [OctoBans] shouteur sql checked, record: spammp by Remil to -1
21-06-17 22:31:46 [INFO] [OctoBans] shouteur sql checked, record: spammp by Remil to -1
21-06-17 22:31:46 [INFO] [OctoBans] craziix_eu sql checked, record: spammp by Remil to -1
21-06-17 22:31:46 [INFO] [OctoBans] craziix_eu sql checked, record: spammp by Remil to -1
21-06-17 22:31:46 [INFO] [OctoBans] craziix_eu sql checked, record: spammp by Remil to -1
21-06-17 22:31:46 [INFO] [OctoBans] shouteur sql checked, record: spammp by Remil to -1
21-06-17 22:31:46 [INFO] [OctoBans] craziix_eu sql checked, record: spammp by Remil to -1
21-06-17 22:31:46 [INFO] [OctoBans] infinity_du59 sql checked, record: insultestaff by Forway to 1498111410
21-06-17 22:31:46 [INFO] [OctoBans] neox_ytb sql checked, record: spammp by SnowEffect to -1
21-06-17 22:31:46 [INFO] [OctoBans] stickfly sql checked, record: spammp by SnowEffect to -1
21-06-17 22:31:46 [INFO] [OctoBans] zeowww sql checked, record: spammp by PseudoNul to -1
21-06-17 22:31:46 [INFO] [OctoBans] zeowww sql checked, record: insultegrave by Remil to 1498080803
21-06-17 22:31:46 [INFO] [OctoBans] grm25 sql checked, record: spammp by SuperJojo to -1
21-06-17 22:31:46 [INFO] [OctoBans] erinoxlx sql checked, record: kickautre by Steph078 to -1
21-06-17 22:31:46 [INFO] [OctoBans] kyzirie sql checked, record: spammp by PseudoNul to -1
21-06-17 22:31:46 [INFO] [OctoBans] shetters sql checked, record: spammp by PseudoNul to -1
21-06-17 22:31:46 [INFO] [OctoBans] dodole1 sql checked, record: spammp by SuperJojo to -1
21-06-17 22:31:46 [INFO] [OctoBans] lafilledemushway sql checked, record: spammp by PseudoNul to -1
21-06-17 22:31:46 [INFO] [OctoBans] arthopos sql checked, record: faussesinfos by SnowEffect to 1498129018
21-06-17 22:31:46 [INFO] [OctoBans] itz_smokew33d sql checked, record: spammp by Remil to -1
21-06-17 22:31:46 [INFO] [OctoBans] zayrozz sql checked, record: spammp by Remil to -1
21-06-17 22:31:46 [INFO] [OctoBans] univerzkerror sql checked, record: faussesinfos by Remil to 1498077703
21-06-17 22:31:46 [INFO] [OctoBans] reyzzerpvp sql checked, record: spam by Remil to 1498082662
21-06-17 22:31:46 [INFO] [OctoBans] scratchill sql checked, record: faussesinfos by YTB_XxKarnageXx to 1498154911
21-06-17 22:31:46 [INFO] [OctoBans] biguiboss31 sql checked, record: spammp by PseudoNul to -1
21-06-17 22:31:46 [INFO] [OctoBans] biguiboss31 sql checked, record: spammp by Remil to -1
21-06-17 22:31:48 [INFO] [OctoBans] nicerush sql checked, record: spam by Remil to 1498079033
21-06-17 22:31:49 [INFO] [OctoBans] weetiix sql checked, record: doubleposte by Forway to 1498077413
21-06-17 22:31:50 [INFO] [OctoBans] goto_camus sql checked, record: spammp by SuperJojo to -1
21-06-17 22:31:53 [INFO] [OctoBans] lefifoudu3 sql checked, record: pubyt by Shampoooz to 1498094162
21-06-17 22:31:54 [INFO] [OctoBans] zarconia sql checked, record: spammp by SuperJojo to -1
21-06-17 22:31:57 [INFO] [OctoBans] carglass sql checked, record: spammp by Remil to -1
21-06-17 22:32:01 [INFO] [OctoBans] dylan5621 sql checked, record: spammp by PseudoNul to -1
21-06-17 22:32:03 [INFO] [OctoBans] denis018 sql checked, record: spammp by Remil to -1
21-06-17 22:32:07 [INFO] [OctoBans] azr530 sql checked, record: faussesinfos by SuperJojo to 1498164820
21-06-17 22:32:08 [INFO] [OctoBans] superfilleciel sql checked, record: spammp by Theo97 to -1
21-06-17 22:32:08 [INFO] [OctoBans] superfilleciel sql checked, record: spammp by Remil to -1
21-06-17 22:32:08 [INFO] [OctoBans] superfilleciel sql checked, record: spammp by Remil to -1
21-06-17 22:32:13 [INFO] [OctoBans] superjojo sql checked, record: spammp by SkyKosIV to -1
21-06-17 22:32:13 [INFO] [OctoBans] superjojo sql checked, record: spammp by Blubfire to -1
21-06-17 22:32:16 [INFO] [OctoBans] i_dezok sql checked, record: spammp by SuperJojo to -1
21-06-17 22:32:23 [INFO] [OctoBans] yaya13warrior sql checked, record: spammp by PseudoNul to -1
21-06-17 22:32:28 [INFO] [OctoBans] _yoshi_king_ sql checked, record: spammp by SuperJojo to -1
21-06-17 22:32:28 [INFO] [OctoBans] axel1402 sql checked, record: spammp by Remil to -1
21-06-17 22:32:28 [INFO] [OctoBans] axel1402 sql checked, record: spammp by Remil to -1
21-06-17 22:32:28 [INFO] [OctoBans] axel1402 sql checked, record: spammp by PseudoNul to -1
21-06-17 22:32:28 [INFO] [OctoBans] axel1402 sql checked, record: spammp by PseudoNul to -1
21-06-17 22:32:28 [INFO] [OctoBans] axel1402 sql checked, record: spammp by PseudoNul to -1
21-06-17 22:32:29 [INFO] [OctoBans] ilos94 sql checked, record: spammp by SuperJojo to -1
21-06-17 22:32:56 [INFO] [OctoBans] yassyass123 sql checked, record: spam by SuperJojo to 1498085197
21-06-17 22:33:13 [INFO] [OctoBans] onlinepgm sql checked, record: spammp by PseudoNul to -1
21-06-17 22:33:14 [INFO] [OctoBans] korgnar sql checked, record: spammp by SuperJojo to -1
21-06-17 22:33:45 [INFO] [OctoBans] thekillervaca sql checked, record: spammp by SuperJojo to -1
21-06-17 22:34:15 [INFO] [OctoBans] _dragibus_ sql checked, record: spammp by Remil to -1
21-06-17 22:34:15 [INFO] [OctoBans] _dragibus_ sql checked, record: spammp by Remil to -1
21-06-17 22:34:15 [INFO] [OctoBans] _dragibus_ sql checked, record: spammp by Remil to -1
21-06-17 22:34:15 [INFO] [OctoBans] _dragibus_ sql checked, record: spammp by Remil to -1
21-06-17 22:34:15 [INFO] [OctoBans] _dragibus_ sql checked, record: spammp by Remil to -1
21-06-17 22:34:15 [INFO] [OctoBans] _dragibus_ sql checked, record: spammp by Remil to -1
21-06-17 22:34:15 [INFO] [OctoBans] _dragibus_ sql checked, record: spammp by Remil to -1
21-06-17 22:34:15 [INFO] [OctoBans] _dragibus_ sql checked, record: spammp by Remil to -1
21-06-17 22:34:15 [INFO] [OctoBans] _dragibus_ sql checked, record: spammp by Remil to -1
21-06-17 22:34:15 [INFO] [OctoBans] _dragibus_ sql checked, record: spammp by Remil to -1
21-06-17 22:34:15 [INFO] [OctoBans] _dragibus_ sql checked, record: spammp by Remil to -1
21-06-17 22:34:15 [INFO] [OctoBans] titidu06 sql checked, record: spammp by PseudoNul to -1
21-06-17 22:34:37 [INFO] [OctoBans] Forway punished ekstez_spenzer for: Majuscule
21-06-17 22:35:37 [INFO] [OctoBans] arrowgaming sql checked, record: spammp by SkyKosIV to -1
21-06-17 22:36:17 [INFO] [OctoBans] ext4zzy sql checked, record: spammp by Remil to -1
21-06-17 22:36:17 [INFO] [OctoBans] ext4zzy sql checked, record: spammp by Remil to -1
21-06-17 22:36:17 [INFO] [OctoBans] ext4zzy sql checked, record: spammp by Remil to -1
21-06-17 22:36:17 [INFO] [OctoBans] ext4zzy sql checked, record: spammp by SuperJojo to -1
21-06-17 22:36:17 [INFO] [OctoBans] ext4zzy sql checked, record: kickautre by Steph078 to -1
21-06-17 22:36:17 [INFO] [OctoBans] ext4zzy sql checked, record: spammp by SuperJojo to -1
21-06-17 22:36:17 [INFO] [OctoBans] ext4zzy sql checked, record: spammp by Remil to -1
21-06-17 22:36:17 [INFO] [OctoBans] ext4zzy sql checked, record: spammp by Remil to -1
21-06-17 22:37:45 [INFO] [OctoBans] Forway punished xenon987 for: Double Poste
21-06-17 22:38:24 [INFO] [OctoBans] hayden_frost sql checked, record: spammp by PseudoNul to -1
21-06-17 22:40:31 [INFO] [OctoBans] lassa18 sql checked, record: spammp by Remil to -1
21-06-17 22:40:31 [INFO] [OctoBans] lassa18 sql checked, record: spammp by Remil to -1
21-06-17 22:40:31 [INFO] [OctoBans] lassa18 sql checked, record: doubleposte by SuperJojo to 1498077816
21-06-17 22:43:00 [INFO] [OctoBans] skyizi91 sql checked, record: spammp by PseudoNul to -1
21-06-17 22:43:00 [INFO] [OctoBans] skyizi91 sql checked, record: spammp by Remil to -1
21-06-17 22:43:00 [INFO] [OctoBans] skyizi91 sql checked, record: spammp by PseudoNul to -1
21-06-17 22:43:00 [INFO] [OctoBans] skyizi91 sql checked, record: spammp by SnowEffect to -1
21-06-17 22:43:00 [INFO] [OctoBans] skyizi91 sql checked, record: spammp by Remil to -1
21-06-17 22:45:00 [INFO] [OctoBans] SuperJojo punished simyasuoplayer for: Majuscule
21-06-17 22:45:47 [INFO] [OctoBans] v0rtexneokilleur sql checked, record: spammp by YTB_XxKarnageXx to -1
21-06-17 22:46:21 [INFO] [OctoBans] SuperJojo punished alexisdu59 for: Langage incorrect
21-06-17 22:46:24 [INFO] [OctoBans] walterwhite sql checked, record: spammp by SuperJojo to -1
21-06-17 22:49:18 [INFO] [OctoBans] xelio57 sql checked, record: spammp by SnowEffect to -1
21-06-17 22:49:39 [INFO] [OctoBans] creed_2 sql checked, record: spammp by YTB_XxKarnageXx to -1
21-06-17 22:49:39 [INFO] [OctoBans] creed_2 sql checked, record: spammp by SuperJojo to -1
21-06-17 22:49:39 [INFO] [OctoBans] creed_2 sql checked, record: spammp by SuperJojo to -1
21-06-17 22:49:39 [INFO] [OctoBans] creed_2 sql checked, record: insultestaff by SuperJojo to 1498167916
21-06-17 22:49:46 [INFO] [OctoBans] 54melih54 punished origine for: Majuscule
21-06-17 22:50:00 [INFO] [OctoBans] sunfall sql checked, record: spammp by Remil to -1
21-06-17 22:51:07 [INFO] [OctoBans] lolpigman sql checked, record: spammp by SnowEffect to -1
21-06-17 22:51:41 [INFO] [OctoBans] triton_ sql checked, record: spammp by Remil to -1
21-06-17 22:51:41 [INFO] [OctoBans] triton_ sql checked, record: spammp by SkyKosIV to -1
21-06-17 22:51:41 [INFO] [OctoBans] triton_ sql checked, record: faussesinfos by SuperJojo to 1498112841
21-06-17 22:53:36 [INFO] [OctoBans] tay1 sql checked, record: spammp by PseudoNul to -1
21-06-17 22:53:36 [INFO] [OctoBans] tay1 sql checked, record: tpkill by YTB_XxKarnageXx to 1498242022
21-06-17 22:53:59 [INFO] [OctoBans] gamer74_yt sql checked, record: menacehack by PseudoNul to 1498310670
21-06-17 22:54:42 [INFO] [OctoBans] SuperJojo punished sam_ytb for: Double Poste
21-06-17 22:55:53 [INFO] [OctoBans] SuperJojo punished bfa69 for: Double Poste
21-06-17 22:56:10 [INFO] [OctoBans] gamer74_yt sql checked, record: menacehack by PseudoNul to 1498310670
21-06-17 22:59:07 [INFO] [OctoBans] SuperJojo punished loveaura for: Double Poste
21-06-17 23:00:00 [INFO] [OctoBans] badounoux sql checked, record: spammp by ZerKup to -1
21-06-17 23:00:26 [INFO] [OctoBans] SuperJojo punished vendeur2tacos for: Majuscule
21-06-17 23:01:26 [INFO] [OctoBans] jeremylol88 sql checked, record: spammp by Remil to -1
21-06-17 23:02:40 [INFO] [OctoBans] SuperJojo punished thekillervaca for: Racisme
21-06-17 23:03:31 [INFO] [OctoBans] SuperJojo punished mega_fuzion for: Spam/flood
21-06-17 23:04:24 [INFO] [OctoBans] SuperJojo punished mrorigin_ for: Double Poste
21-06-17 23:05:08 [INFO] [OctoBans] SuperJojo punished axel1402 for: Spam/flood
21-06-17 23:08:49 [INFO] [OctoBans] SuperJojo punished walterwhite for: Insulte grave
21-06-17 23:09:19 [INFO] [OctoBans] iswiik sql checked, record: spammp by Remil to -1
21-06-17 23:10:17 [INFO] [OctoBans] SuperJojo punished azr530 for: Insulte staff
21-06-17 23:15:59 [INFO] [OctoBans] SuperJojo punished papaourson for: Double Poste
21-06-17 23:16:33 [INFO] [OctoBans] Remil punished modzdegtabo3 for: Insulte grave
21-06-17 23:17:01 [INFO] [OctoBans] SuperJojo punished goto_camus for: Provocation
21-06-17 23:19:15 [INFO] [OctoBans] SuperJojo punished goto_camus for: Provocation
21-06-17 23:21:35 [INFO] [OctoBans] SuperJojo punished lefifoudu3 for: Spam/flood en MP
21-06-17 23:22:53 [INFO] [OctoBans] Remil punished samkingofgame for: Insulte staff
21-06-17 23:22:55 [INFO] [OctoBans] SuperJojo punished trd_kawiz for: Double Poste
21-06-17 23:23:36 [INFO] [OctoBans] SuperJojo punished goto_camus for: Provocation
21-06-17 23:24:50 [INFO] [OctoBans] tifou_fou sql checked, record: spammp by SkyKosIV to -1
21-06-17 23:26:49 [INFO] [OctoBans] SuperJojo punished badounoux for: Double Poste
21-06-17 23:28:27 [INFO] [OctoBans] SuperJojo punished lefifoudu3 for: Anti-AFK
21-06-17 23:28:33 [INFO] [OctoBans] SuperJojo punished octosniff for: Spam/flood
21-06-17 23:29:51 [INFO] [OctoBans] ryd3rtvv0x sql checked, record: spammp by SkyKosIV to -1
21-06-17 23:30:52 [INFO] [OctoBans] SuperJojo punished anto005 for: Double Poste
21-06-17 23:31:05 [INFO] [OctoBans] SuperJojo punished general_tueur for: Double Poste
21-06-17 23:31:07 [INFO] [OctoBans] labigmerguezz sql checked, record: insultegrave by Forway to 1498081228
21-06-17 23:36:07 [INFO] [OctoBans] SuperJojo punished johan22600 for: Double Poste
21-06-17 23:38:55 [INFO] [OctoBans] SuperJojo punished loulou25 for: Majuscule
21-06-17 23:41:47 [INFO] [OctoBans] waytek sql checked, record: spammp by PseudoNul to -1
21-06-17 23:42:00 [INFO] [OctoBans] Steph078 punished zeowww for: Publicité Youtubeur
21-06-17 23:43:01 [INFO] [OctoBans] tony1234 sql checked, record: incitationflood by SuperJojo to 1498083509
21-06-17 23:43:01 [INFO] [OctoBans] tony1234 sql checked, record: spammp by Steph078 to -1
21-06-17 23:49:05 [INFO] [OctoBans] SuperJojo punished adrenaliine for: Majuscule
21-06-17 23:51:59 [INFO] [OctoBans] SuperJojo punished labigmerguezz for: Majuscule
21-06-17 23:52:15 [INFO] [OctoBans] SuperJojo punished tweeyn_ for: Double Poste
21-06-17 23:52:17 [INFO] [OctoBans] celticevan95 sql checked, record: spammp by SnowEffect to -1
21-06-17 23:54:21 [INFO] [OctoBans] theninjagooo sql checked, record: kickautre by Steph078 to -1
21-06-17 23:58:43 [INFO] [OctoBans] SuperJojo punished theninjagooo for: Insulte grave
22-06-17 00:00:01 [INFO] [OctoBans] SuperJojo punished az0kgaming for: Double Poste
22-06-17 00:00:50 [INFO] [OctoBans] SuperJojo punished nidless for: Double Poste
22-06-17 00:02:28 [INFO] [OctoBans] SuperJojo punished zbeubz for: Langage incorrect
22-06-17 00:14:29 [INFO] [OctoBans] Remil punished loveaura for: Spam/flood
22-06-17 00:17:03 [INFO] [OctoBans] Remil punished ugarrow_ for: Insulte
22-06-17 00:18:11 [INFO] [OctoBans] gismo2806 sql checked, record: insultegrave by Shampoooz to 1498252534
22-06-17 00:21:31 [INFO] [OctoBans] SuperJojo punished bysadow for: Racisme
22-06-17 00:21:45 [INFO] [OctoBans] SuperJojo punished nidless for: Double Poste
22-06-17 00:24:29 [INFO] [OctoBans] SuperJojo punished mathwarrior06 for: Double Poste
22-06-17 00:35:05 [INFO] [OctoBans] xx_propvp_xx sql checked, record: spammp by Remil to -1
22-06-17 00:36:04 [INFO] [OctoBans] juldestructeur sql checked, record: spammp by PseudoNul to -1
22-06-17 00:36:04 [INFO] [OctoBans] juldestructeur sql checked, record: spammp by PseudoNul to -1
22-06-17 01:01:34 [INFO] [OctoBans] by_kw3e sql checked, record: kickautre by Antoine57565 to -1
22-06-17 01:03:23 [INFO] [OctoBans] Remil punished aw_remixes68 for: Langage incorrect
22-06-17 01:11:44 [INFO] [OctoBans] Remil punished lepaysandu14 for: Insulte staff
22-06-17 01:12:04 [INFO] [OctoBans] Remil punished dylancoolhack for: Double Poste
22-06-17 01:13:54 [INFO] [OctoBans] Remil punished aw_remixes68 for: Majuscule
22-06-17 01:14:35 [INFO] [OctoBans] Remil punished jiinx for: Langage incorrect
22-06-17 01:15:05 [INFO] [OctoBans] SoTy_ punished remil for: Double Poste
22-06-17 01:17:16 [INFO] [OctoBans] Remil punished xx_propvp_xx for: Provocation
22-06-17 01:22:15 [INFO] [OctoBans] Remil punished drk for: Langage incorrect
22-06-17 01:24:39 [INFO] [OctoBans] Remil punished aw_remixes68 for: Double Poste
22-06-17 01:26:47 [INFO] [OctoBans] blackwhite010 sql checked, record: spammp by PseudoNul to -1
22-06-17 01:26:47 [INFO] [OctoBans] blackwhite010 sql checked, record: insultegrave by PseudoNul to 1498124485
22-06-17 01:27:31 [INFO] [OctoBans] Remil punished dubstep_pvp for: Langage incorrect
22-06-17 01:33:08 [INFO] [OctoBans] SoTy_ punished lepaysandu14 for: Insulte staff
22-06-17 01:33:29 [INFO] [OctoBans] SoTy_ punished lepaysandu14 for: Insulte staff
22-06-17 01:37:04 [INFO] [OctoBans] SoTy_ punished lepaysandu14 for: Insulte staff
22-06-17 01:44:10 [INFO] [OctoBans] Steph078 punished xefgamervevo for: Spam/flood
22-06-17 01:54:18 [INFO] [OctoBans] mrkebab sql checked, record: spammp by SuperJojo to -1
22-06-17 01:54:18 [INFO] [OctoBans] mrkebab sql checked, record: spammp by SuperJojo to -1
22-06-17 02:39:15 [INFO] [OctoBans] ray54 sql checked, record: spammp by SuperJojo to -1
22-06-17 03:37:32 [INFO] [OctoBans] grenousse_pvp sql checked, record: spammp by YTB_XxKarnageXx to -1
22-06-17 05:25:24 [INFO] [OctoBans] zobelsuryoutube sql checked, record: spammp by Remil to -1
22-06-17 06:01:02 [INFO] [OctoBans] Disabling OctoBans v1.0
