07-07-17 22:31:43 [INFO] [OctoBans] File Handler successfully initialized!
07-07-17 22:31:43 [INFO] [OctoBans] SQL connection successfully etablished
07-07-17 22:31:43 [INFO] [OctoBans] Moderator Tools by Octonia.
07-07-17 22:31:49 [INFO] [OctoBans] weetiix sql checked, record: incitationflood by SnowEffect to 1499611203
07-07-17 22:31:49 [INFO] [OctoBans] hayden_frost sql checked, record: spammp by PseudoNul to -1
07-07-17 22:31:49 [INFO] [OctoBans] kyzirie sql checked, record: spammp by PseudoNul to -1
07-07-17 22:31:49 [INFO] [OctoBans] drkiritoz_ sql checked, record: spammp by YTB_XxKarnageXx to -1
07-07-17 22:31:49 [INFO] [OctoBans] drkiritoz_ sql checked, record: spammp by SuperJojo to -1
07-07-17 22:31:49 [INFO] [OctoBans] drkiritoz_ sql checked, record: floodmp by Forway to -1
07-07-17 22:31:49 [INFO] [OctoBans] drkiritoz_ sql checked, record: spammp by Remil to -1
07-07-17 22:31:50 [INFO] [OctoBans] waytek sql checked, record: spammp by PseudoNul to -1
07-07-17 22:31:50 [INFO] [OctoBans] waytek sql checked, record: spammp by Remil to -1
07-07-17 22:31:50 [INFO] [OctoBans] waytek sql checked, record: spammp by Remil to -1
07-07-17 22:31:50 [INFO] [OctoBans] guillaume02823 sql checked, record: spammp by aubune to -1
07-07-17 22:31:50 [INFO] [OctoBans] guillaume02823 sql checked, record: spammp by Remil to -1
07-07-17 22:31:50 [INFO] [OctoBans] pablo sql checked, record: kickautre by Antoine57565 to -1
07-07-17 22:31:50 [INFO] [OctoBans] luluplaying sql checked, record: spammp by Remil to -1
07-07-17 22:31:50 [INFO] [OctoBans] luluplaying sql checked, record: spammp by SnowEffect to -1
07-07-17 22:31:50 [INFO] [OctoBans] mistergamingv2 sql checked, record: spammp by Remil to -1
07-07-17 22:31:50 [INFO] [OctoBans] biguiboss31 sql checked, record: spammp by PseudoNul to -1
07-07-17 22:31:50 [INFO] [OctoBans] biguiboss31 sql checked, record: spammp by Remil to -1
07-07-17 22:31:50 [INFO] [OctoBans] azer_nexo sql checked, record: pubyt by D3adOrSnipSurYTB to 1499465053
07-07-17 22:31:50 [INFO] [OctoBans] camocamo sql checked, record: pubyt by D3adOrSnipSurYTB to 1499465301
07-07-17 22:31:50 [INFO] [OctoBans] enzo_18 sql checked, record: spam by tinmar to 1499462773
07-07-17 22:31:50 [INFO] [OctoBans] enzo_18 sql checked, record: spam by JustMySkill to 1499468864
07-07-17 22:31:50 [INFO] [OctoBans] nicerush sql checked, record: spammp by YTB_XxKarnageXx to -1
07-07-17 22:31:50 [INFO] [OctoBans] nicerush sql checked, record: spammp by PseudoNul to -1
07-07-17 22:31:50 [INFO] [OctoBans] tyzaa sql checked, record: spammp by PseudoNul to -1
07-07-17 22:31:50 [INFO] [OctoBans] tyzaa sql checked, record: incitationflood by SnowEffect to 1499609957
07-07-17 22:31:50 [INFO] [OctoBans] xelio57 sql checked, record: spammp by SnowEffect to -1
07-07-17 22:31:50 [INFO] [OctoBans] lefifoudu3 sql checked, record: spammp by SuperJojo to -1
07-07-17 22:31:50 [INFO] [OctoBans] toms2006 sql checked, record: spammp by SnowEffect to -1
07-07-17 22:31:54 [INFO] [OctoBans] akazede sql checked, record: langage by iPurple_ to 1499462682
07-07-17 22:31:56 [INFO] [OctoBans] vendeur2tacos sql checked, record: spammp by PseudoNul to -1
07-07-17 22:31:56 [INFO] [OctoBans] geekboy sql checked, record: spammp by skhey to -1
07-07-17 22:31:56 [INFO] [OctoBans] red_sheep sql checked, record: doubleposte by Forway to 1499459898
07-07-17 22:31:57 [INFO] [OctoBans] ender450 sql checked, record: doubleposte by JustMySkill to 1499459786
07-07-17 22:31:57 [INFO] [OctoBans] johan22600 sql checked, record: insultegrave by D3adOrSnipSurYTB to 1499504784
07-07-17 22:31:57 [INFO] [OctoBans] d3adorsnipsurytb sql checked, record: spammp by SuperJojo to -1
07-07-17 22:32:09 [INFO] [OctoBans] cfm_arthur sql checked, record: incitationflood by JustMySkill to 1499529537
07-07-17 22:32:11 [INFO] [OctoBans] thegost sql checked, record: doubleposte by Forway to 1499460873
07-07-17 22:32:15 [INFO] [OctoBans] lolo201 sql checked, record: spammp by Remil to -1
07-07-17 22:32:19 [INFO] [OctoBans] azayoz sql checked, record: spammp by SnowEffect to -1
07-07-17 22:32:19 [INFO] [OctoBans] azayoz sql checked, record: spammp by SnowEffect to -1
07-07-17 22:32:23 [INFO] [OctoBans] romudu269 sql checked, record: spammp by SkyKosIV to -1
07-07-17 22:32:24 [INFO] [OctoBans] darkgames5962 sql checked, record: floodmp by Forway to -1
07-07-17 22:32:25 [INFO] [OctoBans] poligame sql checked, record: incitationflood by Forway to 1499717091
07-07-17 22:32:25 [INFO] [OctoBans] arsenic_ytb sql checked, record: spammp by Remil to -1
07-07-17 22:32:32 [INFO] [OctoBans] shouteur sql checked, record: spammp by Remil to -1
07-07-17 22:32:32 [INFO] [OctoBans] shouteur sql checked, record: spammp by Remil to -1
07-07-17 22:32:32 [INFO] [OctoBans] shouteur sql checked, record: spammp by Remil to -1
07-07-17 22:32:32 [INFO] [OctoBans] shouteur sql checked, record: spammp by Remil to -1
07-07-17 22:32:39 [INFO] [OctoBans] azzer0d sql checked, record: faussesinfos by 54melih54 to 1499622281
07-07-17 22:32:45 [INFO] [OctoBans] teezer_fr sql checked, record: floodmp by Forway to -1
07-07-17 22:32:51 [INFO] [OctoBans] twinx_boy sql checked, record: spammp by SnowEffect to -1
07-07-17 22:32:51 [INFO] [OctoBans] ziphale sql checked, record: insultegrave by tinmar to 1499475454
07-07-17 22:32:55 [INFO] [OctoBans] selim45 sql checked, record: spammp by ZerKup to -1
07-07-17 22:32:59 [INFO] [OctoBans] pvp_thibaut_pvp sql checked, record: spammp by SuperJojo to -1
07-07-17 22:33:01 [INFO] [OctoBans] algorskis_yt sql checked, record: floodmp by Forway to -1
07-07-17 22:33:10 [INFO] [OctoBans] Forway punished brookdu81 for: Double Poste
07-07-17 22:33:16 [INFO] [OctoBans] ew3l sql checked, record: floodmp by Forway to -1
07-07-17 22:33:16 [INFO] [OctoBans] ew3l sql checked, record: incitationflood by Shainko to 1499464285
07-07-17 22:33:16 [INFO] [OctoBans] ew3l sql checked, record: insultestaff by SkyKosIV to 1499523433
07-07-17 22:34:20 [INFO] [OctoBans] leikow sql checked, record: kickautre by Steph078 to -1
07-07-17 22:34:36 [INFO] [OctoBans] vil3000 sql checked, record: insultegrave by 54melih54 to 1499483461
07-07-17 22:34:38 [INFO] [OctoBans] _kheyzz_ sql checked, record: insultegrave by iPurple_ to 1499539376
07-07-17 22:35:07 [INFO] [OctoBans] alekseilebeauf sql checked, record: spammp by iPurple_ to -1
07-07-17 22:35:16 [INFO] [OctoBans] D3adOrSnipSurYTB punished cr33py for: Double Poste
07-07-17 22:35:20 [INFO] [OctoBans] zarconia sql checked, record: spammp by SuperJojo to -1
07-07-17 22:35:20 [INFO] [OctoBans] zarconia sql checked, record: doubleposte by Forway to 1499461719
07-07-17 22:35:32 [INFO] [OctoBans] merlini sql checked, record: incitationflood by Forway to 1499543498
07-07-17 22:35:37 [INFO] [OctoBans] D3adOrSnipSurYTB punished bardaxx_ for: Double Poste
07-07-17 22:36:28 [INFO] [OctoBans] vagosts sql checked, record: insulte by SkyKosIV to 1499459808
07-07-17 22:36:39 [INFO] [OctoBans] skypemod sql checked, record: spammp by YTB_XxKarnageXx to -1
07-07-17 22:36:39 [INFO] [OctoBans] skypemod sql checked, record: spammp by PseudoNul to -1
07-07-17 22:36:52 [INFO] [OctoBans] enjoymycombo sql checked, record: spammp by SnowEffect to -1
07-07-17 22:37:06 [INFO] [OctoBans] micado sql checked, record: spammp by ZerKup to -1
07-07-17 22:37:10 [INFO] [OctoBans] iPurple_ punished arsenic_ytb for: Spam/flood en MP
07-07-17 22:37:19 [INFO] [OctoBans] clem010 sql checked, record: spammp by Remil to -1
07-07-17 22:37:55 [INFO] [OctoBans] thebrioche13 sql checked, record: spammp by Remil to -1
07-07-17 22:37:55 [INFO] [OctoBans] thebrioche13 sql checked, record: spammp by SkyKosIV to -1
07-07-17 22:39:53 [INFO] [OctoBans] vendeur2kebab sql checked, record: spammp by ZerKup to -1
07-07-17 22:40:48 [INFO] [OctoBans] D3adOrSnipSurYTB punished le_truc for: Double Poste
07-07-17 22:41:47 [INFO] [OctoBans] Forway punished xxheroiikxx for: Spam/flood en MP
07-07-17 22:42:33 [INFO] [OctoBans] theo_pveur sql checked, record: spammp by Remil to -1
07-07-17 22:42:33 [INFO] [OctoBans] theo_pveur sql checked, record: spammp by Remil to -1
07-07-17 22:42:35 [INFO] [OctoBans] by_sneak sql checked, record: spammp by SkyKosIV to -1
07-07-17 22:42:35 [INFO] [OctoBans] by_sneak sql checked, record: insultestaff by FiasK0 to 1499485001
07-07-17 22:42:35 [INFO] [OctoBans] by_sneak sql checked, record: insultestaff by SkyKosIV to 1499705154
07-07-17 22:42:47 [INFO] [OctoBans] minou sql checked, record: insultegrave by iPurple_ to 1499489000
07-07-17 22:42:58 [INFO] [OctoBans] zackdh sql checked, record: floodmp by Forway to -1
07-07-17 22:43:04 [INFO] [OctoBans] wardogz_59 sql checked, record: spammp by PseudoNul to -1
07-07-17 22:43:04 [INFO] [OctoBans] wardogz_59 sql checked, record: incitationflood by JustMySkill to 1499467805
07-07-17 22:43:04 [INFO] [OctoBans] wardogz_59 sql checked, record: floodmp by Forway to -1
07-07-17 22:44:09 [INFO] [OctoBans] Forway punished calmec for: Provocation
07-07-17 22:45:08 [INFO] [OctoBans] D3adOrSnipSurYTB punished zackdh for: Double Poste
07-07-17 22:45:17 [INFO] [OctoBans] karimospvp sql checked, record: spammp by YTB_XxKarnageXx to -1
07-07-17 22:45:45 [INFO] [OctoBans] D3adOrSnipSurYTB punished kyzirie for: Incitation au flood
07-07-17 22:46:07 [INFO] [OctoBans] blackzik_ sql checked, record: spammp by PseudoNul to -1
07-07-17 22:48:31 [INFO] [OctoBans] yassir321 sql checked, record: spammp by PseudoNul to -1
07-07-17 22:48:55 [INFO] [OctoBans] minecanis sql checked, record: insultegrave by D3adOrSnipSurYTB to 1499468840
07-07-17 22:49:14 [INFO] [OctoBans] Forway punished the_diamons_ for: Spam/flood
07-07-17 22:49:15 [INFO] [OctoBans] the_diamons_ sql checked, record: spam by Forway to 1499464154
07-07-17 22:49:30 [INFO] [OctoBans] JustMySkill punished goks94 for: Langage incorrect
07-07-17 22:49:45 [INFO] [OctoBans] by_fly sql checked, record: insultestaff by Kyabe to 1499488759
07-07-17 22:49:45 [INFO] [OctoBans] by_fly sql checked, record: insultestaff by MaacDoo to 1499575670
07-07-17 22:51:11 [INFO] [OctoBans] jeteezavecmamami sql checked, record: faussesinfos by 54melih54 to 1499522329
07-07-17 22:53:05 [INFO] [OctoBans] ray54 sql checked, record: spammp by SuperJojo to -1
07-07-17 22:54:45 [INFO] [OctoBans] charifboss sql checked, record: spammp by Blubfire to -1
07-07-17 22:54:45 [INFO] [OctoBans] charifboss sql checked, record: insultegrave by iPurple_ to 1499469428
07-07-17 22:55:03 [INFO] [OctoBans] lafilledemushway sql checked, record: spammp by PseudoNul to -1
07-07-17 22:55:03 [INFO] [OctoBans] lafilledemushway sql checked, record: majuscule by Diamond13 to 1499461727
07-07-17 22:55:29 [INFO] [OctoBans] darktw sql checked, record: floodmp by Forway to -1
07-07-17 22:55:29 [INFO] [OctoBans] darktw sql checked, record: spammp by SuperJojo to -1
07-07-17 22:55:29 [INFO] [OctoBans] darktw sql checked, record: spammp by SkyKosIV to -1
07-07-17 22:55:46 [INFO] [OctoBans] frite_merguez sql checked, record: floodmp by Forway to -1
07-07-17 22:56:28 [INFO] [OctoBans] Forway punished tomcase14 for: Majuscule
07-07-17 22:57:03 [INFO] [OctoBans] Forway punished zozodu14 for: Langage incorrect
07-07-17 22:57:06 [INFO] [OctoBans] bazoukateur sql checked, record: spammp by SnowEffect to -1
07-07-17 22:57:36 [INFO] [OctoBans] Diamond13 punished illidash for: Spam/flood
07-07-17 22:57:42 [INFO] [OctoBans] Forway punished lefifoudu3 for: Insulte staff
07-07-17 22:57:54 [INFO] [OctoBans] Diamond13 punished mandela21 for: Spam/flood
07-07-17 22:57:57 [INFO] [OctoBans] Forway punished le_truc for: Insulte grave
07-07-17 22:57:59 [INFO] [OctoBans] JustMySkill punished by_need for: Langage incorrect
07-07-17 22:58:07 [INFO] [OctoBans] Forway punished lefifoudu3 for: Insulte grave
07-07-17 22:58:12 [INFO] [OctoBans] _supreme_gamer_ sql checked, record: spammp by SnowEffect to -1
07-07-17 22:58:24 [INFO] [OctoBans] Diamond13 punished keozd for: Insulte staff
07-07-17 22:58:49 [INFO] [OctoBans] ryan21 sql checked, record: spammp by PseudoNul to -1
07-07-17 22:59:41 [INFO] [OctoBans] lefifoudu3 sql checked, record: spammp by SuperJojo to -1
07-07-17 22:59:41 [INFO] [OctoBans] lefifoudu3 sql checked, record: insultestaff by Forway to 1499641062
07-07-17 22:59:41 [INFO] [OctoBans] lefifoudu3 sql checked, record: insultegrave by Forway to 1499641087
07-07-17 23:00:11 [INFO] [OctoBans] TheBrioche13 punished bersekalex05 for: Double Poste
07-07-17 23:00:53 [INFO] [OctoBans] theparadiz sql checked, record: incitationflood by Forway to 1499523421
07-07-17 23:01:04 [INFO] [OctoBans] TheBrioche13 punished sandelamine for: Majuscule
07-07-17 23:01:25 [INFO] [OctoBans] Remil punished sandelamine for: Majuscule
07-07-17 23:02:42 [INFO] [OctoBans] bellepoutine sql checked, record: spammp by SnowEffect to -1
07-07-17 23:02:42 [INFO] [OctoBans] bellepoutine sql checked, record: spammp by SnowEffect to -1
07-07-17 23:03:26 [INFO] [OctoBans] _poto_ sql checked, record: racism by Forway to 1499539914
07-07-17 23:04:08 [INFO] [OctoBans] xersu sql checked, record: spammp by SnowEffect to -1
07-07-17 23:04:32 [INFO] [OctoBans] mabichev2 sql checked, record: incitationflood by Forway to 1499774242
07-07-17 23:05:57 [INFO] [OctoBans] reborncreep sql checked, record: spammp by Remil to -1
07-07-17 23:05:57 [INFO] [OctoBans] reborncreep sql checked, record: spammp by PseudoNul to -1
07-07-17 23:05:57 [INFO] [OctoBans] reborncreep sql checked, record: incitationflood by YTB_XxKarnageXx to 1499531458
07-07-17 23:07:52 [INFO] [OctoBans] unpandaquitebute sql checked, record: floodmp by Forway to -1
07-07-17 23:10:16 [INFO] [OctoBans] nitrom_yt sql checked, record: spammp by SnowEffect to -1
07-07-17 23:10:58 [INFO] [OctoBans] darkinggaming sql checked, record: floodmp by Forway to -1
07-07-17 23:11:47 [INFO] [OctoBans] devastateur sql checked, record: spammp by iPurple_ to -1
07-07-17 23:12:09 [INFO] [OctoBans] blubfire sql checked, record: spammp by YTB_XxKarnageXx to -1
07-07-17 23:13:37 [INFO] [OctoBans] Forway punished waytek for: Majuscule
07-07-17 23:13:46 [INFO] [OctoBans] arrowgaming sql checked, record: spammp by SkyKosIV to -1
07-07-17 23:22:52 [INFO] [OctoBans] FiasK0 punished kamikaz for: Fausses informations
07-07-17 23:22:59 [INFO] [OctoBans] FiasK0 punished ray_skay55 for: Fausses informations
07-07-17 23:22:59 [INFO] [OctoBans] Forway punished shap_coc_2 for: Langage incorrect
07-07-17 23:23:04 [INFO] [OctoBans] FiasK0 punished azayoz for: Fausses informations
07-07-17 23:23:23 [INFO] [OctoBans] Forway punished enzoblankok for: Incitation au flood
07-07-17 23:25:20 [INFO] [OctoBans] Forway punished azayoz for: TpKill
07-07-17 23:25:28 [INFO] [OctoBans] Forway punished kamikaz for: TpKill
07-07-17 23:25:30 [INFO] [OctoBans] Forway punished instateproofy for: Spam/flood
07-07-17 23:25:37 [INFO] [OctoBans] Forway punished ray_skay55 for: TpKill
07-07-17 23:27:09 [INFO] [OctoBans] flmio sql checked, record: insultegrave by tinmar to 1499475056
07-07-17 23:33:05 [INFO] [OctoBans] Forway punished theparadatoz for: Double Poste
07-07-17 23:33:17 [INFO] [OctoBans] lassa18 sql checked, record: spammp by Remil to -1
07-07-17 23:33:17 [INFO] [OctoBans] lassa18 sql checked, record: spammp by Remil to -1
07-07-17 23:36:34 [INFO] [OctoBans] Forway punished simyasuoplayer for: Langage incorrect
07-07-17 23:39:26 [INFO] [OctoBans] D3adOrSnipSurYTB punished wiindows for: Double Poste
07-07-17 23:39:59 [INFO] [OctoBans] mightymouse_ sql checked, record: spammp by SuperJojo to -1
07-07-17 23:41:34 [INFO] [OctoBans] zoxis sql checked, record: spammp by Theo97 to -1
07-07-17 23:41:48 [INFO] [OctoBans] julie52100 sql checked, record: spammp by SnowEffect to -1
07-07-17 23:41:48 [INFO] [OctoBans] julie52100 sql checked, record: spammp by PseudoNul to -1
07-07-17 23:44:17 [INFO] [OctoBans] arcz058 sql checked, record: spammp by Remil to -1
07-07-17 23:44:34 [INFO] [OctoBans] nolaninomc sql checked, record: incitationflood by JustMySkill to 1499537980
07-07-17 23:47:59 [INFO] [OctoBans] navywash sql checked, record: majuscule by Kyabe to 1499464612
07-07-17 23:55:49 [INFO] [OctoBans] iPurple_ punished shap_coc_2 for: Majuscule
07-07-17 23:56:27 [INFO] [OctoBans] MaacDoo punished getturclegrand for: Langage incorrect
07-07-17 23:57:23 [INFO] [OctoBans] dragonz42 sql checked, record: racism by iPurple_ to 1499469704
07-07-17 23:57:23 [INFO] [OctoBans] dragonz42 sql checked, record: insultegrave by tinmar to 1499476653
07-07-17 23:57:51 [INFO] [OctoBans] iPurple_ punished xfraven for: Provocation
08-07-17 00:00:24 [INFO] [OctoBans] iPurple_ punished brookdu81 for: Provocation
08-07-17 00:00:47 [INFO] [OctoBans] MaacDoo punished greenadvaaance for: Provocation
08-07-17 00:01:08 [INFO] [OctoBans] iPurple_ punished mickdu63 for: Majuscule
08-07-17 00:01:10 [INFO] [OctoBans] MaacDoo punished mickdu63_ytb for: Majuscule
08-07-17 00:02:46 [INFO] [OctoBans] iPurple_ punished _supreme_gamer_ for: Double Poste
08-07-17 00:03:25 [INFO] [OctoBans] MaacDoo punished kirou for: Double Poste
08-07-17 00:04:04 [INFO] [OctoBans] D3adOrSnipSurYTB punished mamydugetto for: Double Poste
08-07-17 00:07:23 [INFO] [OctoBans] singe_de_telfort sql checked, record: spammp by SuperJojo to -1
08-07-17 00:07:23 [INFO] [OctoBans] singe_de_telfort sql checked, record: kickautre by Steph078 to -1
08-07-17 00:07:23 [INFO] [OctoBans] singe_de_telfort sql checked, record: spammp by SuperJojo to -1
08-07-17 00:07:23 [INFO] [OctoBans] singe_de_telfort sql checked, record: spammp by SkyKosIV to -1
08-07-17 00:07:23 [INFO] [OctoBans] singe_de_telfort sql checked, record: spammp by YTB_XxKarnageXx to -1
08-07-17 00:09:00 [INFO] [OctoBans] JustMySkill punished relaster for: Langage incorrect
08-07-17 00:09:31 [INFO] [OctoBans] mister88 sql checked, record: menacehack by SkyKosIV to 1499717025
08-07-17 00:11:30 [INFO] [OctoBans] mister88 sql checked, record: menacehack by SkyKosIV to 1499717025
08-07-17 00:11:39 [INFO] [OctoBans] mabilou29 sql checked, record: spammp by SnowEffect to -1
08-07-17 00:11:39 [INFO] [OctoBans] mabilou29 sql checked, record: spammp by SnowEffect to -1
08-07-17 00:12:43 [INFO] [OctoBans] D3adOrSnipSurYTB punished senpai for: Langage incorrect
08-07-17 00:13:02 [INFO] [OctoBans] craziix_eu sql checked, record: spammp by Remil to -1
08-07-17 00:13:02 [INFO] [OctoBans] craziix_eu sql checked, record: spammp by Remil to -1
08-07-17 00:13:02 [INFO] [OctoBans] craziix_eu sql checked, record: spammp by Remil to -1
08-07-17 00:13:02 [INFO] [OctoBans] craziix_eu sql checked, record: spammp by Remil to -1
08-07-17 00:15:33 [INFO] [OctoBans] jai5ansetjterekt sql checked, record: incitationflood by SnowEffect to 1499516891
08-07-17 00:15:33 [INFO] [OctoBans] jai5ansetjterekt sql checked, record: incitationflood by SnowEffect to 1499603334
08-07-17 00:16:55 [INFO] [OctoBans] relaster sql checked, record: langage by JustMySkill to 1499468340
08-07-17 00:17:07 [INFO] [OctoBans] YTB_XxKarnageXx punished blc_frr_pvp for: Insulte grave
08-07-17 00:17:29 [INFO] [OctoBans] relaster sql checked, record: langage by JustMySkill to 1499468340
08-07-17 00:17:41 [INFO] [OctoBans] YTB_XxKarnageXx punished calmec for: Spam/flood
08-07-17 00:18:41 [INFO] [OctoBans] D3adOrSnipSurYTB punished andsiou for: Double Poste
08-07-17 00:19:00 [INFO] [OctoBans] D3adOrSnipSurYTB punished easy for: Double Poste
08-07-17 00:20:13 [INFO] [OctoBans] YTB_XxKarnageXx punished yourdead for: TpKill
08-07-17 00:22:25 [INFO] [OctoBans] YTB_XxKarnageXx punished mathieu28130 for: Double Poste
08-07-17 00:22:31 [INFO] [OctoBans] winningyt sql checked, record: spammp by SuperJojo to -1
08-07-17 00:22:46 [INFO] [OctoBans] jaeger sql checked, record: spammp by Remil to -1
08-07-17 00:22:46 [INFO] [OctoBans] jaeger sql checked, record: spammp by Remil to -1
08-07-17 00:29:49 [INFO] [OctoBans] stickfly sql checked, record: spammp by SnowEffect to -1
08-07-17 00:31:13 [INFO] [OctoBans] iPurple_ punished blass for: Spam/flood
08-07-17 00:32:37 [INFO] [OctoBans] Remil punished the2015killer for: Majuscule
08-07-17 00:32:43 [INFO] [OctoBans] Remil punished brookdu81 for: Langage incorrect
08-07-17 00:33:26 [INFO] [OctoBans] banano6768 sql checked, record: tpkill by YTB_XxKarnageXx to 1499534092
08-07-17 00:34:44 [INFO] [OctoBans] JustMySkill punished xfraven for: Provocation
08-07-17 00:38:23 [INFO] [OctoBans] gamerthug sql checked, record: spammp by Remil to -1
08-07-17 00:40:05 [INFO] [OctoBans] iPurple_ punished mega_fuzion for: Double Poste
08-07-17 00:49:19 [INFO] [OctoBans] iPurple_ punished ipurple_ for: Double Poste
08-07-17 00:50:28 [INFO] [OctoBans] lavache sql checked, record: spammp by SkyKosIV to -1
08-07-17 00:50:58 [INFO] [OctoBans] MaacDoo punished rorost for: Double Poste
08-07-17 00:53:42 [INFO] [OctoBans] MaacDoo punished winningyt for: Langage incorrect
08-07-17 01:00:39 [INFO] [OctoBans] iPurple_ punished fantik099 for: Double Poste
08-07-17 01:00:42 [INFO] [OctoBans] bellepatate sql checked, record: spammp by SkyKosIV to -1
08-07-17 01:00:42 [INFO] [OctoBans] bellepatate sql checked, record: spammp by Remil to -1
08-07-17 01:00:42 [INFO] [OctoBans] bellepatate sql checked, record: spammp by Steph078 to -1
08-07-17 01:03:38 [INFO] [OctoBans] TheBrioche13 punished goks94 for: Spam/flood
08-07-17 01:03:44 [INFO] [OctoBans] TheBrioche13 punished gamerthug for: Double Poste
08-07-17 01:05:12 [INFO] [OctoBans] iPurple_ punished merdik for: Majuscule
08-07-17 01:05:41 [INFO] [OctoBans] anthony972 sql checked, record: spammp by Remil to -1
08-07-17 01:05:41 [INFO] [OctoBans] anthony972 sql checked, record: spammp by Remil to -1
08-07-17 01:05:41 [INFO] [OctoBans] anthony972 sql checked, record: insultegrave by Kyabe to 1499572465
08-07-17 01:08:03 [INFO] [OctoBans] Remil punished luluplaying for: Double Poste
08-07-17 01:15:54 [INFO] [OctoBans] TheBrioche13 punished otheriii for: Double Poste
08-07-17 01:18:26 [INFO] [OctoBans] Remil punished singe_de_telfort for: Insulte grave
08-07-17 01:22:11 [INFO] [OctoBans] Remil punished nyrozzhd for: Majuscule
08-07-17 01:24:56 [INFO] [OctoBans] mathis81 sql checked, record: spammp by Steph078 to -1
08-07-17 01:24:56 [INFO] [OctoBans] mathis81 sql checked, record: spammp by Steph078 to -1
08-07-17 01:27:43 [INFO] [OctoBans] TheBrioche13 punished frite_merguez for: Double Poste
08-07-17 01:35:51 [INFO] [OctoBans] ced9614 sql checked, record: insultegrave by JustMySkill to 1499484698
08-07-17 01:41:30 [INFO] [OctoBans] iPurple_ punished nicokiller57 for: Insulte grave
08-07-17 01:47:06 [INFO] [OctoBans] TheBrioche13 punished eski0f for: Double Poste
08-07-17 02:01:02 [INFO] [OctoBans] FiasK0 punished krais7681 for: Double Poste
08-07-17 02:03:35 [INFO] [OctoBans] FiasK0 punished akazede for: Double Poste
08-07-17 02:05:10 [INFO] [OctoBans] Remil punished realitycarnage for: Double Poste
08-07-17 02:12:37 [INFO] [OctoBans] D3adOrSnipSurYTB punished tp_arway for: Double Poste
08-07-17 02:15:21 [INFO] [OctoBans] Remil punished modattozz for: Double Poste
08-07-17 02:18:21 [INFO] [OctoBans] D3adOrSnipSurYTB punished fullredfx for: Double Poste
08-07-17 02:19:10 [INFO] [OctoBans] Remil punished univerzkerror for: Double Poste
08-07-17 02:22:42 [INFO] [OctoBans] Remil punished pioupiou2003 for: Double Poste
08-07-17 02:27:33 [INFO] [OctoBans] lapatate2017 sql checked, record: langage by D3adOrSnipSurYTB to 1499474529
08-07-17 02:28:09 [INFO] [OctoBans] renards127 sql checked, record: doubleposte by D3adOrSnipSurYTB to 1499475529
08-07-17 02:35:32 [INFO] [OctoBans] iPurple_ punished calmfriedtofu for: Insulte grave
08-07-17 02:39:31 [INFO] [OctoBans] TheBrioche13 punished tp_arway for: Majuscule
08-07-17 02:40:52 [INFO] [OctoBans] D3adOrSnipSurYTB punished c4mp3urx9 for: Langage incorrect
08-07-17 02:41:18 [INFO] [OctoBans] D3adOrSnipSurYTB punished by_sneak for: Provocation
08-07-17 02:48:12 [INFO] [OctoBans] D3adOrSnipSurYTB punished theaviateurgamer for: Double Poste
08-07-17 02:49:19 [INFO] [OctoBans] MaacDoo punished brandon_59860 for: Spam/flood
08-07-17 02:49:38 [INFO] [OctoBans] D3adOrSnipSurYTB punished wiindows for: Langage incorrect
08-07-17 02:51:45 [INFO] [OctoBans] D3adOrSnipSurYTB punished ponio for: Double Poste
08-07-17 02:58:09 [INFO] [OctoBans] D3adOrSnipSurYTB punished pioupiou2003 for: Double Poste
08-07-17 02:58:18 [INFO] [OctoBans] D3adOrSnipSurYTB punished hockey25 for: Double Poste
08-07-17 03:13:08 [INFO] [OctoBans] iPurple_ punished bersekalex05 for: Langage incorrect
08-07-17 03:15:24 [INFO] [OctoBans] produpvp sql checked, record: spammp by Remil to -1
08-07-17 03:23:39 [INFO] [OctoBans] iPurple_ punished red_sheep for: Provocation
08-07-17 03:31:21 [INFO] [OctoBans] iPurple_ punished matthieu72 for: Majuscule
08-07-17 03:34:19 [INFO] [OctoBans] TheBrioche13 punished brookdu81 for: Double Poste
08-07-17 03:51:28 [INFO] [OctoBans] TheBrioche13 punished shap_coc_2 for: Langage incorrect
08-07-17 04:00:45 [INFO] [OctoBans] TheBrioche13 punished julie52100 for: Spam/flood
08-07-17 04:04:26 [INFO] [OctoBans] TheBrioche13 punished gafaw4 for: Majuscule
08-07-17 04:15:47 [INFO] [OctoBans] iPurple_ punished unpandaquitebute for: TpKill
08-07-17 04:19:23 [INFO] [OctoBans] xeloman sql checked, record: spammp by SnowEffect to -1
08-07-17 04:31:38 [INFO] [OctoBans] TheBrioche13 punished modattozz for: Double Poste
08-07-17 04:32:25 [INFO] [OctoBans] TheBrioche13 punished erzzertetze for: Fausses informations
08-07-17 04:39:27 [INFO] [OctoBans] TheBrioche13 punished booba92i for: Fausses informations
08-07-17 04:48:03 [INFO] [OctoBans] anzerti sql checked, record: spammp by Steph078 to -1
08-07-17 04:48:15 [INFO] [OctoBans] Anzerti punished tp_arway for: Double Poste
08-07-17 04:49:22 [INFO] [OctoBans] Anzerti punished louis22332 for: Langage incorrect
08-07-17 04:52:21 [INFO] [OctoBans] Anzerti punished lightyugo for: Incitation au flood
08-07-17 04:53:24 [INFO] [OctoBans] Anzerti punished over_matrix for: Double Poste
08-07-17 04:55:38 [INFO] [OctoBans] Anzerti punished noragejustez for: Double Poste
08-07-17 04:57:48 [INFO] [OctoBans] Anzerti punished matthieu72 for: Double Poste
08-07-17 04:57:52 [INFO] [OctoBans] Anzerti punished red_sheep for: Double Poste
08-07-17 04:59:43 [INFO] [OctoBans] Anzerti punished ladarklaster for: Double Poste
08-07-17 06:01:02 [INFO] [OctoBans] Disabling OctoBans v1.0
