16-08-17 22:31:43 [INFO] [OctoBans] File Handler successfully initialized!
16-08-17 22:31:43 [INFO] [OctoBans] SQL connection successfully etablished
16-08-17 22:31:43 [INFO] [OctoBans] Moderator Tools by Octonia.
16-08-17 22:31:49 [INFO] [OctoBans] azertuip sql checked, record: spammp by Remil to -1
16-08-17 22:31:49 [INFO] [OctoBans] kyzirie sql checked, record: spammp by PseudoNul to -1
16-08-17 22:31:49 [INFO] [OctoBans] kyzirie sql checked, record: spammp by PseudoNul to -1
16-08-17 22:31:49 [INFO] [OctoBans] kyzirie sql checked, record: spammp by PseudoNul to -1
16-08-17 22:31:49 [INFO] [OctoBans] bboy124 sql checked, record: spammp by Remil to -1
16-08-17 22:31:49 [INFO] [OctoBans] sacha33340 sql checked, record: spammp by ZerKup to -1
16-08-17 22:31:49 [INFO] [OctoBans] sacha33340 sql checked, record: spammp by Remil to -1
16-08-17 22:31:49 [INFO] [OctoBans] sacha33340 sql checked, record: spammp by Remil to -1
16-08-17 22:31:49 [INFO] [OctoBans] sacha33340 sql checked, record: spam by Remil to 1502944066
16-08-17 22:31:49 [INFO] [OctoBans] logamer sql checked, record: floodmp by Forway to -1
16-08-17 22:31:49 [INFO] [OctoBans] logamer sql checked, record: spammp by iPurple_ to -1
16-08-17 22:31:49 [INFO] [OctoBans] logamer sql checked, record: spammp by YTB_XxKarnageXx to -1
16-08-17 22:31:49 [INFO] [OctoBans] kiragon sql checked, record: spammp by SnowEffect to -1
16-08-17 22:31:52 [INFO] [OctoBans] bboy124 sql checked, record: spammp by Remil to -1
16-08-17 22:31:54 [INFO] [OctoBans] xxrandomxx sql checked, record: spammp by SmooKeur to -1
16-08-17 22:31:55 [INFO] [OctoBans] rayz_burn sql checked, record: spammp by Remil to -1
16-08-17 22:31:57 [INFO] [OctoBans] _strykz_ sql checked, record: spammp by Remil to -1
16-08-17 22:31:57 [INFO] [OctoBans] _strykz_ sql checked, record: spammp by Remil to -1
16-08-17 22:31:57 [INFO] [OctoBans] _strykz_ sql checked, record: insultegrave by millardm to 1503109506
16-08-17 22:31:57 [INFO] [OctoBans] _strykz_ sql checked, record: insultestaff by woimant to 1503048958
16-08-17 22:31:59 [INFO] [OctoBans] wiindows sql checked, record: floodmp by Forway to -1
16-08-17 22:31:59 [INFO] [OctoBans] wiindows sql checked, record: spammp by Remil to -1
16-08-17 22:32:04 [INFO] [OctoBans] wheass sql checked, record: spammp by SkyKosIV to -1
16-08-17 22:32:04 [INFO] [OctoBans] wheass sql checked, record: spammp by iPurple_ to -1
16-08-17 22:32:27 [INFO] [OctoBans] elene88000 sql checked, record: spammp by Remil to -1
16-08-17 22:32:46 [INFO] [OctoBans] ishaadow_ sql checked, record: spammp by SmooKeur to -1
16-08-17 22:32:46 [INFO] [OctoBans] ishaadow_ sql checked, record: spammp by Remil to -1
16-08-17 22:32:53 [INFO] [OctoBans] xx_toto_xx sql checked, record: spammp by iPurple_ to -1
16-08-17 22:32:53 [INFO] [OctoBans] xx_toto_xx sql checked, record: spammp by iPurple_ to -1
16-08-17 22:32:53 [INFO] [OctoBans] xx_toto_xx sql checked, record: spammp by iPurple_ to -1
16-08-17 22:33:01 [INFO] [OctoBans] mrkebab sql checked, record: spammp by SuperJojo to -1
16-08-17 22:33:01 [INFO] [OctoBans] mrkebab sql checked, record: spammp by SuperJojo to -1
16-08-17 22:33:01 [INFO] [OctoBans] mrkebab sql checked, record: spammp by Remil to -1
16-08-17 22:33:01 [INFO] [OctoBans] mrkebab sql checked, record: spammp by Remil to -1
16-08-17 22:33:23 [INFO] [OctoBans] leo2316 sql checked, record: spammp by SuperJojo to -1
16-08-17 22:33:23 [INFO] [OctoBans] leo2316 sql checked, record: spammp by Remil to -1
16-08-17 22:33:46 [INFO] [OctoBans] dodole1e sql checked, record: spammp by drbrine to -1
16-08-17 22:33:46 [INFO] [OctoBans] dodole1e sql checked, record: spammp by PseudoNul to -1
16-08-17 22:33:56 [INFO] [OctoBans] samy13310 sql checked, record: spammp by iPurple_ to -1
16-08-17 22:33:56 [INFO] [OctoBans] sqkaa_ sql checked, record: spammp by Remil to -1
16-08-17 22:34:00 [INFO] [OctoBans] anthony972 sql checked, record: spammp by Remil to -1
16-08-17 22:34:00 [INFO] [OctoBans] anthony972 sql checked, record: spammp by Remil to -1
16-08-17 22:35:03 [INFO] [OctoBans] cg80 sql checked, record: incitationflood by Wiindows to 1502987572
16-08-17 22:35:22 [INFO] [OctoBans] zighapvp sql checked, record: spammp by ZerKup to -1
16-08-17 22:35:22 [INFO] [OctoBans] zighapvp sql checked, record: spammp by ZerKup to -1
16-08-17 22:35:22 [INFO] [OctoBans] zighapvp sql checked, record: insultestaff by azzymaster to 1503027950
16-08-17 22:35:22 [INFO] [OctoBans] zighapvp sql checked, record: spammp by Remil to -1
16-08-17 22:36:28 [INFO] [OctoBans] natan sql checked, record: spammp by Remil to -1
16-08-17 22:36:35 [INFO] [OctoBans] LaKitaw punished mrkebab for: Langage incorrect
16-08-17 22:37:29 [INFO] [OctoBans] biguiboss31 sql checked, record: spammp by PseudoNul to -1
16-08-17 22:37:29 [INFO] [OctoBans] biguiboss31 sql checked, record: spammp by Remil to -1
16-08-17 22:39:04 [INFO] [OctoBans] andsiou sql checked, record: spammp by ZerKup to -1
16-08-17 22:39:21 [INFO] [OctoBans] hulz0 sql checked, record: kickautre by YTB_XxKarnageXx to -1
16-08-17 22:39:36 [INFO] [OctoBans] yolodu13 sql checked, record: insultegrave by zlKayzen to 1502944616
16-08-17 22:39:48 [INFO] [OctoBans] _supreme_gamer_ sql checked, record: spammp by SnowEffect to -1
16-08-17 22:39:53 [INFO] [OctoBans] listoxx sql checked, record: spammp by SnowEffect to -1
16-08-17 22:40:10 [INFO] [OctoBans] shouteur sql checked, record: spammp by Remil to -1
16-08-17 22:40:10 [INFO] [OctoBans] shouteur sql checked, record: spammp by Remil to -1
16-08-17 22:40:42 [INFO] [OctoBans] romudu269 sql checked, record: spammp by SkyKosIV to -1
16-08-17 22:40:42 [INFO] [OctoBans] romudu269 sql checked, record: spammp by iPurple_ to -1
16-08-17 22:41:05 [INFO] [OctoBans] by_fly sql checked, record: spammp by NeosiaNexus to -1
16-08-17 22:41:45 [INFO] [OctoBans] wateroffire sql checked, record: faussesinfos by SmooKeur to 1502993134
16-08-17 22:42:48 [INFO] [OctoBans] totototo11 sql checked, record: spammp by NeosiaNexus to -1
16-08-17 22:42:48 [INFO] [OctoBans] totototo11 sql checked, record: spammp by PseudoNul to -1
16-08-17 22:45:39 [INFO] [OctoBans] xxheroiikxx sql checked, record: floodmp by Forway to -1
16-08-17 22:51:19 [INFO] [OctoBans] SmooKeur punished noirafiricain for: Langage incorrect
16-08-17 22:53:15 [INFO] [OctoBans] woimant punished razekilleur for: Double Poste
16-08-17 22:53:19 [INFO] [OctoBans] teddy2502 sql checked, record: spammp by SkyKosIV to -1
16-08-17 22:55:48 [INFO] [OctoBans] woimant punished maitre_popy for: Double Poste
16-08-17 22:56:12 [INFO] [OctoBans] Remil punished maitre_popy for: Spam/flood
16-08-17 22:56:25 [INFO] [OctoBans] Remil punished thetigerplay for: Majuscule
16-08-17 22:58:03 [INFO] [OctoBans] millardm sql checked, record: spammp by PseudoNul to -1
16-08-17 23:01:12 [INFO] [OctoBans] xelio57 sql checked, record: spammp by SnowEffect to -1
16-08-17 23:01:55 [INFO] [OctoBans] mazeup sql checked, record: insultegrave by NeyTox to 1503059747
16-08-17 23:02:11 [INFO] [OctoBans] alpha_jumpyi sql checked, record: racism by zlKayzen to 1502974717
16-08-17 23:02:51 [INFO] [OctoBans] SmooKeur punished weyz for: Majuscule
16-08-17 23:05:37 [INFO] [OctoBans] themonki21 sql checked, record: insultegrave by Wiindows to 1502944410
16-08-17 23:06:11 [INFO] [OctoBans] by_kw3e sql checked, record: kickautre by Antoine57565 to -1
16-08-17 23:07:32 [INFO] [OctoBans] Remil punished theohand for: Double Poste
16-08-17 23:08:12 [INFO] [OctoBans] smookeur sql checked, record: doubleposte by SmooKeur to 1500322753
16-08-17 23:08:12 [INFO] [OctoBans] smookeur sql checked, record: doubleposte by SmooKeur to 1500322962
16-08-17 23:08:12 [INFO] [OctoBans] smookeur sql checked, record: doubleposte by SmooKeur to 1500325520
16-08-17 23:08:12 [INFO] [OctoBans] smookeur sql checked, record: doubleposte by SmooKeur to 1500326258
16-08-17 23:08:12 [INFO] [OctoBans] smookeur sql checked, record: doubleposte by SmooKeur to 1500376459
16-08-17 23:08:12 [INFO] [OctoBans] smookeur sql checked, record: provocation by SmooKeur to 1500376647
16-08-17 23:08:12 [INFO] [OctoBans] smookeur sql checked, record: doubleposte by SmooKeur to 1500377121
16-08-17 23:08:12 [INFO] [OctoBans] smookeur sql checked, record: doubleposte by SmooKeur to 1500378251
16-08-17 23:08:12 [INFO] [OctoBans] smookeur sql checked, record: doubleposte by SmooKeur to 1500379068
16-08-17 23:08:12 [INFO] [OctoBans] smookeur sql checked, record: spam by SmooKeur to 1500388691
16-08-17 23:08:12 [INFO] [OctoBans] smookeur sql checked, record: doubleposte by SmooKeur to 1500379768
16-08-17 23:08:12 [INFO] [OctoBans] smookeur sql checked, record: doubleposte by SmooKeur to 1500552668
16-08-17 23:08:12 [INFO] [OctoBans] smookeur sql checked, record: spam by SmooKeur to 1500556067
16-08-17 23:08:12 [INFO] [OctoBans] smookeur sql checked, record: incitationflood by SmooKeur to 1500725306
16-08-17 23:08:12 [INFO] [OctoBans] smookeur sql checked, record: doubleposte by SmooKeur to 1500554379
16-08-17 23:08:12 [INFO] [OctoBans] smookeur sql checked, record: doubleposte by SmooKeur to 1500554431
16-08-17 23:08:12 [INFO] [OctoBans] smookeur sql checked, record: doubleposte by SmooKeur to 1500554752
16-08-17 23:08:12 [INFO] [OctoBans] smookeur sql checked, record: majuscule by SmooKeur to 1500554852
16-08-17 23:08:12 [INFO] [OctoBans] smookeur sql checked, record: pubyt by SmooKeur to 1500557895
16-08-17 23:08:12 [INFO] [OctoBans] smookeur sql checked, record: doubleposte by SmooKeur to 1500555832
16-08-17 23:08:12 [INFO] [OctoBans] smookeur sql checked, record: doubleposte by SmooKeur to 1500559135
16-08-17 23:08:12 [INFO] [OctoBans] smookeur sql checked, record: doubleposte by SmooKeur to 1500563047
16-08-17 23:08:12 [INFO] [OctoBans] smookeur sql checked, record: doubleposte by SmooKeur to 1500558135
16-08-17 23:08:12 [INFO] [OctoBans] smookeur sql checked, record: langage by SmooKeur to 1500561245
16-08-17 23:08:12 [INFO] [OctoBans] smookeur sql checked, record: doubleposte by SmooKeur to 1500563828
16-08-17 23:08:12 [INFO] [OctoBans] smookeur sql checked, record: faussesinfos by SmooKeur to 1500652136
16-08-17 23:08:12 [INFO] [OctoBans] smookeur sql checked, record: doubleposte by SmooKeur to 1500575018
16-08-17 23:08:12 [INFO] [OctoBans] smookeur sql checked, record: faussesinfos by SmooKeur to 1500660651
16-08-17 23:08:12 [INFO] [OctoBans] smookeur sql checked, record: doubleposte by SmooKeur to 1500726332
16-08-17 23:08:12 [INFO] [OctoBans] smookeur sql checked, record: faussesinfos by SmooKeur to 1500811000
16-08-17 23:08:12 [INFO] [OctoBans] smookeur sql checked, record: doubleposte by SmooKeur to 1500729610
16-08-17 23:08:12 [INFO] [OctoBans] smookeur sql checked, record: insulte by SmooKeur to 1500730611
16-08-17 23:08:12 [INFO] [OctoBans] smookeur sql checked, record: doubleposte by SmooKeur to 1500727177
16-08-17 23:08:12 [INFO] [OctoBans] smookeur sql checked, record: faussesinfos by SmooKeur to 1500812198
16-08-17 23:08:12 [INFO] [OctoBans] smookeur sql checked, record: doubleposte by SmooKeur to 1500728164
16-08-17 23:08:12 [INFO] [OctoBans] smookeur sql checked, record: spammp by SmooKeur to -1
16-08-17 23:08:12 [INFO] [OctoBans] smookeur sql checked, record: doubleposte by SmooKeur to 1500727535
16-08-17 23:08:12 [INFO] [OctoBans] smookeur sql checked, record: doubleposte by SmooKeur to 1500729624
16-08-17 23:08:12 [INFO] [OctoBans] smookeur sql checked, record: doubleposte by SmooKeur to 1500729030
16-08-17 23:08:12 [INFO] [OctoBans] smookeur sql checked, record: langage by SmooKeur to 1500728653
16-08-17 23:08:12 [INFO] [OctoBans] smookeur sql checked, record: doubleposte by SmooKeur to 1500728637
16-08-17 23:08:12 [INFO] [OctoBans] smookeur sql checked, record: spam by SmooKeur to 1500743785
16-08-17 23:08:12 [INFO] [OctoBans] smookeur sql checked, record: doubleposte by SmooKeur to 1500743747
16-08-17 23:08:12 [INFO] [OctoBans] smookeur sql checked, record: doubleposte by SmooKeur to 1500745544
16-08-17 23:08:12 [INFO] [OctoBans] smookeur sql checked, record: spam by SmooKeur to 1500761971
16-08-17 23:08:12 [INFO] [OctoBans] smookeur sql checked, record: pubyt by SmooKeur to 1500747727
16-08-17 23:08:12 [INFO] [OctoBans] smookeur sql checked, record: insulte by SmooKeur to 1500747988
16-08-17 23:08:12 [INFO] [OctoBans] smookeur sql checked, record: doubleposte by SmooKeur to 1500905841
16-08-17 23:08:12 [INFO] [OctoBans] smookeur sql checked, record: majuscule by SmooKeur to 1500914862
16-08-17 23:08:12 [INFO] [OctoBans] smookeur sql checked, record: spam by SmooKeur to 1500921550
16-08-17 23:08:12 [INFO] [OctoBans] smookeur sql checked, record: doubleposte by SmooKeur to 1500914988
16-08-17 23:08:12 [INFO] [OctoBans] smookeur sql checked, record: doubleposte by SmooKeur to 1500915325
16-08-17 23:08:12 [INFO] [OctoBans] smookeur sql checked, record: majuscule by SmooKeur to 1500915996
16-08-17 23:08:12 [INFO] [OctoBans] smookeur sql checked, record: doubleposte by SmooKeur to 1500916390
16-08-17 23:08:12 [INFO] [OctoBans] smookeur sql checked, record: insulte by SmooKeur to 1500917941
16-08-17 23:08:12 [INFO] [OctoBans] smookeur sql checked, record: doubleposte by SmooKeur to 1500917744
16-08-17 23:08:12 [INFO] [OctoBans] smookeur sql checked, record: insultegrave by SmooKeur to 1500987428
16-08-17 23:08:12 [INFO] [OctoBans] smookeur sql checked, record: insultegrave by SmooKeur to 1500987484
16-08-17 23:08:12 [INFO] [OctoBans] smookeur sql checked, record: doubleposte by SmooKeur to 1500916442
16-08-17 23:08:12 [INFO] [OctoBans] smookeur sql checked, record: doubleposte by SmooKeur to 1500918904
16-08-17 23:08:12 [INFO] [OctoBans] smookeur sql checked, record: langage by SmooKeur to 1500918616
16-08-17 23:08:12 [INFO] [OctoBans] smookeur sql checked, record: doubleposte by SmooKeur to 1500916822
16-08-17 23:08:12 [INFO] [OctoBans] smookeur sql checked, record: spamfopen by SmooKeur to 1501088972
16-08-17 23:08:12 [INFO] [OctoBans] smookeur sql checked, record: spam by SmooKeur to 1500919784
16-08-17 23:08:12 [INFO] [OctoBans] smookeur sql checked, record: doubleposte by SmooKeur to 1500916501
16-08-17 23:08:12 [INFO] [OctoBans] smookeur sql checked, record: provocation by SmooKeur to 1500919872
16-08-17 23:08:12 [INFO] [OctoBans] smookeur sql checked, record: doubleposte by SmooKeur to 1500917893
16-08-17 23:08:12 [INFO] [OctoBans] smookeur sql checked, record: insultesrv by SmooKeur to 1500952475
16-08-17 23:08:12 [INFO] [OctoBans] smookeur sql checked, record: doubleposte by SmooKeur to 1500919251
16-08-17 23:08:12 [INFO] [OctoBans] smookeur sql checked, record: majuscule by SmooKeur to 1500988654
16-08-17 23:08:12 [INFO] [OctoBans] smookeur sql checked, record: doubleposte by SmooKeur to 1500988358
16-08-17 23:08:12 [INFO] [OctoBans] smookeur sql checked, record: majuscule by SmooKeur to 1500990516
16-08-17 23:08:12 [INFO] [OctoBans] smookeur sql checked, record: doubleposte by SmooKeur to 1500988836
16-08-17 23:08:12 [INFO] [OctoBans] smookeur sql checked, record: provocation by SmooKeur to 1500989900
16-08-17 23:08:12 [INFO] [OctoBans] smookeur sql checked, record: majuscule by SmooKeur to 1500989362
16-08-17 23:08:12 [INFO] [OctoBans] smookeur sql checked, record: doubleposte by SmooKeur to 1500990006
16-08-17 23:08:12 [INFO] [OctoBans] smookeur sql checked, record: doubleposte by SmooKeur to 1500991111
16-08-17 23:08:12 [INFO] [OctoBans] smookeur sql checked, record: majuscule by SmooKeur to 1500991737
16-08-17 23:08:12 [INFO] [OctoBans] smookeur sql checked, record: provocation by SmooKeur to 1500990444
16-08-17 23:08:12 [INFO] [OctoBans] smookeur sql checked, record: majuscule by SmooKeur to 1501003137
16-08-17 23:08:12 [INFO] [OctoBans] smookeur sql checked, record: doubleposte by SmooKeur to 1500995092
16-08-17 23:08:12 [INFO] [OctoBans] smookeur sql checked, record: insultestaff by SmooKeur to 1501030846
16-08-17 23:08:12 [INFO] [OctoBans] smookeur sql checked, record: provocation by SmooKeur to 1500995501
16-08-17 23:08:12 [INFO] [OctoBans] smookeur sql checked, record: insultestaff by SmooKeur to 1501030951
16-08-17 23:08:12 [INFO] [OctoBans] smookeur sql checked, record: faussesinfos by SmooKeur to 1501081565
16-08-17 23:08:12 [INFO] [OctoBans] smookeur sql checked, record: faussesinfos by SmooKeur to 1501081811
16-08-17 23:08:12 [INFO] [OctoBans] smookeur sql checked, record: doubleposte by SmooKeur to 1500995772
16-08-17 23:08:12 [INFO] [OctoBans] smookeur sql checked, record: doubleposte by SmooKeur to 1500997380
16-08-17 23:08:12 [INFO] [OctoBans] smookeur sql checked, record: doubleposte by SmooKeur to 1500996608
16-08-17 23:08:12 [INFO] [OctoBans] smookeur sql checked, record: insultestaff by SmooKeur to 1501032094
16-08-17 23:08:12 [INFO] [OctoBans] smookeur sql checked, record: doubleposte by SmooKeur to 1500996513
16-08-17 23:08:12 [INFO] [OctoBans] smookeur sql checked, record: majuscule by SmooKeur to 1500998180
16-08-17 23:08:12 [INFO] [OctoBans] smookeur sql checked, record: faussesinfos by SmooKeur to 1501169735
16-08-17 23:08:12 [INFO] [OctoBans] smookeur sql checked, record: provocation by SmooKeur to 1500997241
16-08-17 23:08:12 [INFO] [OctoBans] smookeur sql checked, record: spam by SmooKeur to 1501011410
16-08-17 23:08:12 [INFO] [OctoBans] smookeur sql checked, record: majuscule by SmooKeur to 1500998543
16-08-17 23:08:12 [INFO] [OctoBans] smookeur sql checked, record: majuscule by SmooKeur to 1501003485
16-08-17 23:08:12 [INFO] [OctoBans] smookeur sql checked, record: multicompte by SmooKeur to -1
16-08-17 23:08:12 [INFO] [OctoBans] smookeur sql checked, record: doubleposte by SmooKeur to 1500997937
16-08-17 23:08:12 [INFO] [OctoBans] smookeur sql checked, record: provocation by SmooKeur to 1501162993
16-08-17 23:08:12 [INFO] [OctoBans] smookeur sql checked, record: insulte by SmooKeur to 1501163843
16-08-17 23:08:12 [INFO] [OctoBans] smookeur sql checked, record: majuscule by SmooKeur to 1501168167
16-08-17 23:08:12 [INFO] [OctoBans] smookeur sql checked, record: faussesinfos by SmooKeur to 1501248015
16-08-17 23:08:12 [INFO] [OctoBans] smookeur sql checked, record: insulte by SmooKeur to 1501164634
16-08-17 23:08:12 [INFO] [OctoBans] smookeur sql checked, record: majuscule by SmooKeur to 1501164493
16-08-17 23:08:12 [INFO] [OctoBans] smookeur sql checked, record: spam by SmooKeur to 1501165882
16-08-17 23:08:12 [INFO] [OctoBans] smookeur sql checked, record: majuscule by SmooKeur to 1501164205
16-08-17 23:08:12 [INFO] [OctoBans] smookeur sql checked, record: majuscule by SmooKeur to 1501165086
16-08-17 23:08:12 [INFO] [OctoBans] smookeur sql checked, record: majuscule by SmooKeur to 1501165535
16-08-17 23:08:12 [INFO] [OctoBans] smookeur sql checked, record: spammp by SmooKeur to -1
16-08-17 23:08:12 [INFO] [OctoBans] smookeur sql checked, record: majuscule by SmooKeur to 1501168487
16-08-17 23:08:12 [INFO] [OctoBans] smookeur sql checked, record: doubleposte by SmooKeur to 1501169003
16-08-17 23:08:12 [INFO] [OctoBans] smookeur sql checked, record: majuscule by SmooKeur to 1501170752
16-08-17 23:08:12 [INFO] [OctoBans] smookeur sql checked, record: incitationflood by SmooKeur to 1501256044
16-08-17 23:08:12 [INFO] [OctoBans] smookeur sql checked, record: langage by SmooKeur to 1501170651
16-08-17 23:08:12 [INFO] [OctoBans] smookeur sql checked, record: majuscule by SmooKeur to 1501170672
16-08-17 23:08:12 [INFO] [OctoBans] smookeur sql checked, record: doubleposte by SmooKeur to 1501170808
16-08-17 23:08:12 [INFO] [OctoBans] smookeur sql checked, record: tpkill by SmooKeur to 1501257251
16-08-17 23:08:12 [INFO] [OctoBans] smookeur sql checked, record: doubleposte by SmooKeur to 1501177593
16-08-17 23:08:12 [INFO] [OctoBans] smookeur sql checked, record: tpkill by SmooKeur to 1501261953
16-08-17 23:08:12 [INFO] [OctoBans] smookeur sql checked, record: tpkill by SmooKeur to 1501348365
16-08-17 23:08:12 [INFO] [OctoBans] smookeur sql checked, record: tpkill by SmooKeur to 1501348668
16-08-17 23:08:12 [INFO] [OctoBans] smookeur sql checked, record: langage by SmooKeur to 1501176504
16-08-17 23:08:12 [INFO] [OctoBans] smookeur sql checked, record: doubleposte by SmooKeur to 1501176801
16-08-17 23:08:12 [INFO] [OctoBans] smookeur sql checked, record: doubleposte by SmooKeur to 1501178686
16-08-17 23:08:12 [INFO] [OctoBans] smookeur sql checked, record: doubleposte by SmooKeur to 1501179652
16-08-17 23:08:12 [INFO] [OctoBans] smookeur sql checked, record: tpkill by SmooKeur to 1501263625
16-08-17 23:08:12 [INFO] [OctoBans] smookeur sql checked, record: tpkill by SmooKeur to 1501263646
16-08-17 23:08:12 [INFO] [OctoBans] smookeur sql checked, record: doubleposte by SmooKeur to 1501177603
16-08-17 23:08:12 [INFO] [OctoBans] smookeur sql checked, record: faussesinfos by SmooKeur to 1501264327
16-08-17 23:08:12 [INFO] [OctoBans] smookeur sql checked, record: doubleposte by SmooKeur to 1501178241
16-08-17 23:08:12 [INFO] [OctoBans] smookeur sql checked, record: doubleposte by SmooKeur to 1501178829
16-08-17 23:08:12 [INFO] [OctoBans] smookeur sql checked, record: spam by SmooKeur to 1501182982
16-08-17 23:08:12 [INFO] [OctoBans] smookeur sql checked, record: majuscule by SmooKeur to 1501181088
16-08-17 23:08:12 [INFO] [OctoBans] smookeur sql checked, record: langage by SmooKeur to 1501180502
16-08-17 23:08:12 [INFO] [OctoBans] smookeur sql checked, record: incitationflood by SmooKeur to 1501266337
16-08-17 23:08:12 [INFO] [OctoBans] smookeur sql checked, record: majuscule by SmooKeur to 1501180581
16-08-17 23:08:12 [INFO] [OctoBans] smookeur sql checked, record: majuscule by SmooKeur to 1501180714
16-08-17 23:08:12 [INFO] [OctoBans] smookeur sql checked, record: tpkill by SmooKeur to 1501266531
16-08-17 23:08:12 [INFO] [OctoBans] smookeur sql checked, record: tpkill by SmooKeur to 1501266538
16-08-17 23:08:12 [INFO] [OctoBans] smookeur sql checked, record: spam by SmooKeur to 1501183776
16-08-17 23:08:12 [INFO] [OctoBans] smookeur sql checked, record: majuscule by SmooKeur to 1501181397
16-08-17 23:08:12 [INFO] [OctoBans] smookeur sql checked, record: pubyt by SmooKeur to 1501183878
16-08-17 23:08:12 [INFO] [OctoBans] smookeur sql checked, record: doubleposte by SmooKeur to 1501181859
16-08-17 23:08:12 [INFO] [OctoBans] smookeur sql checked, record: doubleposte by SmooKeur to 1501181592
16-08-17 23:08:12 [INFO] [OctoBans] smookeur sql checked, record: doubleposte by SmooKeur to 1501181635
16-08-17 23:08:12 [INFO] [OctoBans] smookeur sql checked, record: majuscule by SmooKeur to 1501320755
16-08-17 23:08:12 [INFO] [OctoBans] smookeur sql checked, record: majuscule by SmooKeur to 1501317907
16-08-17 23:08:12 [INFO] [OctoBans] smookeur sql checked, record: doubleposte by SmooKeur to 1501317132
16-08-17 23:08:12 [INFO] [OctoBans] smookeur sql checked, record: spam by SmooKeur to 1501335179
16-08-17 23:08:12 [INFO] [OctoBans] smookeur sql checked, record: doubleposte by SmooKeur to 1501317638
16-08-17 23:08:12 [INFO] [OctoBans] smookeur sql checked, record: provocation by SmooKeur to 1501318339
16-08-17 23:08:12 [INFO] [OctoBans] smookeur sql checked, record: pubsrv by SmooKeur to 1501321743
16-08-17 23:08:12 [INFO] [OctoBans] smookeur sql checked, record: multicompte by SmooKeur to -1
16-08-17 23:08:12 [INFO] [OctoBans] smookeur sql checked, record: multicompte by SmooKeur to -1
16-08-17 23:08:12 [INFO] [OctoBans] smookeur sql checked, record: doubleposte by SmooKeur to 1501318904
16-08-17 23:08:12 [INFO] [OctoBans] smookeur sql checked, record: doubleposte by SmooKeur to 1501318915
16-08-17 23:08:12 [INFO] [OctoBans] smookeur sql checked, record: majuscule by SmooKeur to 1501324698
16-08-17 23:08:12 [INFO] [OctoBans] smookeur sql checked, record: multicompte by SmooKeur to -1
16-08-17 23:08:12 [INFO] [OctoBans] smookeur sql checked, record: multicompte by SmooKeur to -1
16-08-17 23:08:12 [INFO] [OctoBans] smookeur sql checked, record: doubleposte by SmooKeur to 1501324081
16-08-17 23:08:12 [INFO] [OctoBans] smookeur sql checked, record: majuscule by SmooKeur to 1501323659
16-08-17 23:08:12 [INFO] [OctoBans] smookeur sql checked, record: insulte by SmooKeur to 1501326626
16-08-17 23:08:12 [INFO] [OctoBans] smookeur sql checked, record: doubleposte by SmooKeur to 1501324833
16-08-17 23:08:12 [INFO] [OctoBans] smookeur sql checked, record: spam by SmooKeur to 1501328668
16-08-17 23:08:12 [INFO] [OctoBans] smookeur sql checked, record: doubleposte by SmooKeur to 1501326944
16-08-17 23:08:12 [INFO] [OctoBans] smookeur sql checked, record: doubleposte by SmooKeur to 1501325756
16-08-17 23:08:12 [INFO] [OctoBans] smookeur sql checked, record: majuscule by SmooKeur to 1501505088
16-08-17 23:08:12 [INFO] [OctoBans] smookeur sql checked, record: doubleposte by SmooKeur to 1501506485
16-08-17 23:08:12 [INFO] [OctoBans] smookeur sql checked, record: langage by SmooKeur to 1501503904
16-08-17 23:08:12 [INFO] [OctoBans] smookeur sql checked, record: tpkill by SmooKeur to 1501589855
16-08-17 23:08:12 [INFO] [OctoBans] smookeur sql checked, record: pubyt by SmooKeur to 1501518130
16-08-17 23:08:12 [INFO] [OctoBans] smookeur sql checked, record: spam by SmooKeur to 1501514535
16-08-17 23:08:12 [INFO] [OctoBans] smookeur sql checked, record: spam by SmooKeur to 1501528939
16-08-17 23:08:12 [INFO] [OctoBans] smookeur sql checked, record: spam by SmooKeur to 1501518238
16-08-17 23:08:12 [INFO] [OctoBans] smookeur sql checked, record: langage by SmooKeur to 1501512579
16-08-17 23:08:12 [INFO] [OctoBans] smookeur sql checked, record: doubleposte by SmooKeur to 1501512331
16-08-17 23:08:12 [INFO] [OctoBans] smookeur sql checked, record: insulte by SmooKeur to 1501516858
16-08-17 23:08:12 [INFO] [OctoBans] smookeur sql checked, record: spammp by SmooKeur to -1
16-08-17 23:08:12 [INFO] [OctoBans] smookeur sql checked, record: insulte by SmooKeur to 1501514942
16-08-17 23:08:12 [INFO] [OctoBans] smookeur sql checked, record: spammp by SmooKeur to -1
16-08-17 23:08:12 [INFO] [OctoBans] smookeur sql checked, record: doubleposte by SmooKeur to 1501678510
16-08-17 23:08:12 [INFO] [OctoBans] smookeur sql checked, record: doubleposte by SmooKeur to 1501677714
16-08-17 23:08:12 [INFO] [OctoBans] smookeur sql checked, record: langage by SmooKeur to 1501679114
16-08-17 23:08:12 [INFO] [OctoBans] smookeur sql checked, record: doubleposte by SmooKeur to 1501678874
16-08-17 23:08:12 [INFO] [OctoBans] smookeur sql checked, record: doubleposte by SmooKeur to 1501678864
16-08-17 23:08:12 [INFO] [OctoBans] smookeur sql checked, record: doubleposte by SmooKeur to 1501680643
16-08-17 23:08:12 [INFO] [OctoBans] smookeur sql checked, record: faussesinfos by SmooKeur to 1501852138
16-08-17 23:08:12 [INFO] [OctoBans] smookeur sql checked, record: doubleposte by SmooKeur to 1501680202
16-08-17 23:08:12 [INFO] [OctoBans] smookeur sql checked, record: pubyt by SmooKeur to 1501698340
16-08-17 23:08:12 [INFO] [OctoBans] smookeur sql checked, record: doubleposte by SmooKeur to 1501682162
16-08-17 23:08:12 [INFO] [OctoBans] smookeur sql checked, record: faussesinfos by SmooKeur to 1501770635
16-08-17 23:08:12 [INFO] [OctoBans] smookeur sql checked, record: trahisonforum by SmooKeur to -1
16-08-17 23:08:12 [INFO] [OctoBans] smookeur sql checked, record: spam by SmooKeur to 1501691989
16-08-17 23:08:12 [INFO] [OctoBans] smookeur sql checked, record: insultestaff by SmooKeur to 1501793097
16-08-17 23:08:12 [INFO] [OctoBans] smookeur sql checked, record: spammp by SmooKeur to -1
16-08-17 23:08:12 [INFO] [OctoBans] smookeur sql checked, record: faussesinfos by SmooKeur to 1501771727
16-08-17 23:08:12 [INFO] [OctoBans] smookeur sql checked, record: faussesinfos by SmooKeur to 1501772887
16-08-17 23:08:12 [INFO] [OctoBans] smookeur sql checked, record: faussesinfos by SmooKeur to 1501861994
16-08-17 23:08:12 [INFO] [OctoBans] smookeur sql checked, record: tpkill by SmooKeur to 1502121268
16-08-17 23:08:12 [INFO] [OctoBans] smookeur sql checked, record: doubleposte by SmooKeur to 1501689638
16-08-17 23:08:12 [INFO] [OctoBans] smookeur sql checked, record: majuscule by SmooKeur to 1501689982
16-08-17 23:08:12 [INFO] [OctoBans] smookeur sql checked, record: langage by SmooKeur to 1501695390
16-08-17 23:08:12 [INFO] [OctoBans] smookeur sql checked, record: majuscule by SmooKeur to 1501690276
16-08-17 23:08:12 [INFO] [OctoBans] smookeur sql checked, record: faussesinfos by SmooKeur to 1501863923
16-08-17 23:08:12 [INFO] [OctoBans] smookeur sql checked, record: tpkill by SmooKeur to 1501950343
16-08-17 23:08:12 [INFO] [OctoBans] smookeur sql checked, record: faussesinfos by SmooKeur to 1501864240
16-08-17 23:08:12 [INFO] [OctoBans] smookeur sql checked, record: tpkill by SmooKeur to 1501777863
16-08-17 23:08:12 [INFO] [OctoBans] smookeur sql checked, record: multicompte by SmooKeur to -1
16-08-17 23:08:12 [INFO] [OctoBans] smookeur sql checked, record: doubleposte by SmooKeur to 1501691921
16-08-17 23:08:12 [INFO] [OctoBans] smookeur sql checked, record: spam by SmooKeur to 1501695431
16-08-17 23:08:12 [INFO] [OctoBans] smookeur sql checked, record: doubleposte by SmooKeur to 1501698368
16-08-17 23:08:12 [INFO] [OctoBans] smookeur sql checked, record: faussesinfos by SmooKeur to 1501784695
16-08-17 23:08:12 [INFO] [OctoBans] smookeur sql checked, record: faussesinfos by SmooKeur to 1501784982
16-08-17 23:08:12 [INFO] [OctoBans] smookeur sql checked, record: faussesinfos by SmooKeur to 1501785166
16-08-17 23:08:12 [INFO] [OctoBans] smookeur sql checked, record: majuscule by SmooKeur to 1501700076
16-08-17 23:08:12 [INFO] [OctoBans] smookeur sql checked, record: faussesinfos by SmooKeur to 1501872538
16-08-17 23:08:12 [INFO] [OctoBans] smookeur sql checked, record: tpkill by SmooKeur to 1501786164
16-08-17 23:08:12 [INFO] [OctoBans] smookeur sql checked, record: majuscule by SmooKeur to 1501707181
16-08-17 23:08:12 [INFO] [OctoBans] smookeur sql checked, record: faussesinfos by SmooKeur to 1501791830
16-08-17 23:08:12 [INFO] [OctoBans] smookeur sql checked, record: majuscule by SmooKeur to 1501707208
16-08-17 23:08:12 [INFO] [OctoBans] smookeur sql checked, record: majuscule by SmooKeur to 1501708488
16-08-17 23:08:12 [INFO] [OctoBans] smookeur sql checked, record: majuscule by SmooKeur to 1501708597
16-08-17 23:08:12 [INFO] [OctoBans] smookeur sql checked, record: incitationflood by SmooKeur to 1501794685
16-08-17 23:08:12 [INFO] [OctoBans] smookeur sql checked, record: doubleposte by SmooKeur to 1501709253
16-08-17 23:08:12 [INFO] [OctoBans] smookeur sql checked, record: doubleposte by SmooKeur to 1501714418
16-08-17 23:08:12 [INFO] [OctoBans] smookeur sql checked, record: doubleposte by SmooKeur to 1501709626
16-08-17 23:08:12 [INFO] [OctoBans] smookeur sql checked, record: spam by SmooKeur to 1501712085
16-08-17 23:08:12 [INFO] [OctoBans] smookeur sql checked, record: langage by SmooKeur to 1501710506
16-08-17 23:08:12 [INFO] [OctoBans] smookeur sql checked, record: provocation by SmooKeur to 1501709618
16-08-17 23:08:12 [INFO] [OctoBans] smookeur sql checked, record: pubyt by SmooKeur to 1501712984
16-08-17 23:08:12 [INFO] [OctoBans] smookeur sql checked, record: doubleposte by SmooKeur to 1501709787
16-08-17 23:08:12 [INFO] [OctoBans] smookeur sql checked, record: insulte by SmooKeur to 1501712249
16-08-17 23:08:12 [INFO] [OctoBans] smookeur sql checked, record: majuscule by SmooKeur to 1501711270
16-08-17 23:08:12 [INFO] [OctoBans] smookeur sql checked, record: spammp by SmooKeur to -1
16-08-17 23:08:12 [INFO] [OctoBans] smookeur sql checked, record: pubyt by SmooKeur to 1501713910
16-08-17 23:08:12 [INFO] [OctoBans] smookeur sql checked, record: provocation by SmooKeur to 1501711246
16-08-17 23:08:12 [INFO] [OctoBans] smookeur sql checked, record: multicompte by SmooKeur to -1
16-08-17 23:08:12 [INFO] [OctoBans] smookeur sql checked, record: doubleposte by SmooKeur to 1501759687
16-08-17 23:08:12 [INFO] [OctoBans] smookeur sql checked, record: provocation by SmooKeur to 1501761075
16-08-17 23:08:12 [INFO] [OctoBans] smookeur sql checked, record: doubleposte by SmooKeur to 1501761788
16-08-17 23:08:12 [INFO] [OctoBans] smookeur sql checked, record: doubleposte by SmooKeur to 1501759187
16-08-17 23:08:12 [INFO] [OctoBans] smookeur sql checked, record: doubleposte by SmooKeur to 1501759646
16-08-17 23:08:12 [INFO] [OctoBans] smookeur sql checked, record: doubleposte by SmooKeur to 1501759384
16-08-17 23:08:12 [INFO] [OctoBans] smookeur sql checked, record: doubleposte by SmooKeur to 1501760642
16-08-17 23:08:12 [INFO] [OctoBans] smookeur sql checked, record: doubleposte by SmooKeur to 1501760049
16-08-17 23:08:12 [INFO] [OctoBans] smookeur sql checked, record: pubyt by SmooKeur to 1501770104
16-08-17 23:08:12 [INFO] [OctoBans] smookeur sql checked, record: langage by SmooKeur to 1501759930
16-08-17 23:08:12 [INFO] [OctoBans] smookeur sql checked, record: insulte by SmooKeur to 1501762281
16-08-17 23:08:12 [INFO] [OctoBans] smookeur sql checked, record: spam by SmooKeur to 1501771050
16-08-17 23:08:12 [INFO] [OctoBans] smookeur sql checked, record: insulte by SmooKeur to 1501762957
16-08-17 23:08:12 [INFO] [OctoBans] smookeur sql checked, record: doubleposte by SmooKeur to 1501763033
16-08-17 23:08:12 [INFO] [OctoBans] smookeur sql checked, record: doubleposte by SmooKeur to 1501766063
16-08-17 23:08:12 [INFO] [OctoBans] smookeur sql checked, record: doubleposte by SmooKeur to 1501764694
16-08-17 23:08:12 [INFO] [OctoBans] smookeur sql checked, record: majuscule by SmooKeur to 1501762981
16-08-17 23:08:12 [INFO] [OctoBans] smookeur sql checked, record: doubleposte by SmooKeur to 1501766286
16-08-17 23:08:12 [INFO] [OctoBans] smookeur sql checked, record: faussesinfos by SmooKeur to 1501848928
16-08-17 23:08:12 [INFO] [OctoBans] smookeur sql checked, record: tpkill by SmooKeur to 1501849103
16-08-17 23:08:12 [INFO] [OctoBans] smookeur sql checked, record: tpkill by SmooKeur to 1501853605
16-08-17 23:08:12 [INFO] [OctoBans] smookeur sql checked, record: tpkill by SmooKeur to 1501853611
16-08-17 23:08:12 [INFO] [OctoBans] smookeur sql checked, record: doubleposte by SmooKeur to 1501768475
16-08-17 23:08:12 [INFO] [OctoBans] smookeur sql checked, record: majuscule by SmooKeur to 1501769167
16-08-17 23:08:12 [INFO] [OctoBans] smookeur sql checked, record: multicompte by SmooKeur to -1
16-08-17 23:08:12 [INFO] [OctoBans] smookeur sql checked, record: tpkill by SmooKeur to 1501854467
16-08-17 23:08:12 [INFO] [OctoBans] smookeur sql checked, record: tpkill by SmooKeur to 1501854487
16-08-17 23:08:12 [INFO] [OctoBans] smookeur sql checked, record: doubleposte by SmooKeur to 1501771668
16-08-17 23:08:12 [INFO] [OctoBans] smookeur sql checked, record: faussesinfos by SmooKeur to 1502021158
16-08-17 23:08:12 [INFO] [OctoBans] smookeur sql checked, record: majuscule by SmooKeur to 1502111356
16-08-17 23:08:12 [INFO] [OctoBans] smookeur sql checked, record: incitationflood by SmooKeur to 1502196717
16-08-17 23:08:12 [INFO] [OctoBans] smookeur sql checked, record: doubleposte by SmooKeur to 1502111943
16-08-17 23:08:12 [INFO] [OctoBans] smookeur sql checked, record: doubleposte by SmooKeur to 1502118148
16-08-17 23:08:12 [INFO] [OctoBans] smookeur sql checked, record: doubleposte by SmooKeur to 1502122379
16-08-17 23:08:12 [INFO] [OctoBans] smookeur sql checked, record: doubleposte by SmooKeur to 1502120586
16-08-17 23:08:12 [INFO] [OctoBans] smookeur sql checked, record: insultestaff by SmooKeur to 1502155735
16-08-17 23:08:12 [INFO] [OctoBans] smookeur sql checked, record: spam by SmooKeur to 1502123349
16-08-17 23:08:12 [INFO] [OctoBans] smookeur sql checked, record: spam by SmooKeur to 1502126964
16-08-17 23:08:12 [INFO] [OctoBans] smookeur sql checked, record: spam by SmooKeur to 1502130673
16-08-17 23:08:12 [INFO] [OctoBans] smookeur sql checked, record: spammp by SmooKeur to -1
16-08-17 23:08:12 [INFO] [OctoBans] smookeur sql checked, record: spammp by SmooKeur to -1
16-08-17 23:08:12 [INFO] [OctoBans] smookeur sql checked, record: majuscule by SmooKeur to 1502120620
16-08-17 23:08:12 [INFO] [OctoBans] smookeur sql checked, record: spammp by SmooKeur to -1
16-08-17 23:08:12 [INFO] [OctoBans] smookeur sql checked, record: provocation by SmooKeur to 1502126997
16-08-17 23:08:12 [INFO] [OctoBans] smookeur sql checked, record: spam by SmooKeur to 1502148955
16-08-17 23:08:12 [INFO] [OctoBans] smookeur sql checked, record: spam by SmooKeur to 1502123770
16-08-17 23:08:12 [INFO] [OctoBans] smookeur sql checked, record: spam by SmooKeur to 1502127377
16-08-17 23:08:12 [INFO] [OctoBans] smookeur sql checked, record: doubleposte by SmooKeur to 1502121204
16-08-17 23:08:12 [INFO] [OctoBans] smookeur sql checked, record: doubleposte by SmooKeur to 1502121156
16-08-17 23:08:12 [INFO] [OctoBans] smookeur sql checked, record: doubleposte by SmooKeur to 1502137114
16-08-17 23:08:12 [INFO] [OctoBans] smookeur sql checked, record: spam by SmooKeur to 1502150724
16-08-17 23:08:12 [INFO] [OctoBans] smookeur sql checked, record: provocation by SmooKeur to 1502137054
16-08-17 23:08:12 [INFO] [OctoBans] smookeur sql checked, record: majuscule by SmooKeur to 1502137162
16-08-17 23:08:12 [INFO] [OctoBans] smookeur sql checked, record: faussesinfos by SmooKeur to 1502224044
16-08-17 23:08:12 [INFO] [OctoBans] smookeur sql checked, record: faussesinfos by SmooKeur to 1502310865
16-08-17 23:08:12 [INFO] [OctoBans] smookeur sql checked, record: tpkill by SmooKeur to 1502310909
16-08-17 23:08:12 [INFO] [OctoBans] smookeur sql checked, record: provocation by SmooKeur to 1502138422
16-08-17 23:08:12 [INFO] [OctoBans] smookeur sql checked, record: incitationflood by SmooKeur to 1502225136
16-08-17 23:08:12 [INFO] [OctoBans] smookeur sql checked, record: faussesinfos by SmooKeur to 1502225986
16-08-17 23:08:12 [INFO] [OctoBans] smookeur sql checked, record: tpkill by SmooKeur to 1502312407
16-08-17 23:08:12 [INFO] [OctoBans] smookeur sql checked, record: provocation by SmooKeur to 1502543916
16-08-17 23:08:12 [INFO] [OctoBans] smookeur sql checked, record: doubleposte by SmooKeur to 1502541893
16-08-17 23:08:12 [INFO] [OctoBans] smookeur sql checked, record: pubyt by SmooKeur to 1502544492
16-08-17 23:08:12 [INFO] [OctoBans] smookeur sql checked, record: multicompte by SmooKeur to -1
16-08-17 23:08:12 [INFO] [OctoBans] smookeur sql checked, record: langage by SmooKeur to 1502548136
16-08-17 23:08:12 [INFO] [OctoBans] smookeur sql checked, record: faussesinfos by SmooKeur to 1502637028
16-08-17 23:08:12 [INFO] [OctoBans] smookeur sql checked, record: tpkill by SmooKeur to 1502637062
16-08-17 23:08:12 [INFO] [OctoBans] smookeur sql checked, record: langage by SmooKeur to 1502552584
16-08-17 23:08:12 [INFO] [OctoBans] smookeur sql checked, record: doubleposte by SmooKeur to 1502553668
16-08-17 23:08:12 [INFO] [OctoBans] smookeur sql checked, record: provocation by SmooKeur to 1502552339
16-08-17 23:08:12 [INFO] [OctoBans] smookeur sql checked, record: provocation by SmooKeur to 1502556208
16-08-17 23:08:12 [INFO] [OctoBans] smookeur sql checked, record: insulte by SmooKeur to 1502557436
16-08-17 23:08:12 [INFO] [OctoBans] smookeur sql checked, record: multicompte by SmooKeur to -1
16-08-17 23:08:12 [INFO] [OctoBans] smookeur sql checked, record: multicompte by SmooKeur to -1
16-08-17 23:08:12 [INFO] [OctoBans] smookeur sql checked, record: doubleposte by SmooKeur to 1502554794
16-08-17 23:08:12 [INFO] [OctoBans] smookeur sql checked, record: multicompte by SmooKeur to -1
16-08-17 23:08:12 [INFO] [OctoBans] smookeur sql checked, record: doubleposte by SmooKeur to 1502559606
16-08-17 23:08:12 [INFO] [OctoBans] smookeur sql checked, record: doubleposte by SmooKeur to 1502568407
16-08-17 23:08:12 [INFO] [OctoBans] smookeur sql checked, record: majuscule by SmooKeur to 1502568366
16-08-17 23:08:12 [INFO] [OctoBans] smookeur sql checked, record: doubleposte by SmooKeur to 1502566729
16-08-17 23:08:12 [INFO] [OctoBans] smookeur sql checked, record: doubleposte by SmooKeur to 1502567751
16-08-17 23:08:12 [INFO] [OctoBans] smookeur sql checked, record: majuscule by SmooKeur to 1502567221
16-08-17 23:08:12 [INFO] [OctoBans] smookeur sql checked, record: majuscule by SmooKeur to 1502568439
16-08-17 23:08:12 [INFO] [OctoBans] smookeur sql checked, record: provocation by SmooKeur to 1502576822
16-08-17 23:08:12 [INFO] [OctoBans] smookeur sql checked, record: multicompte by SmooKeur to -1
16-08-17 23:08:12 [INFO] [OctoBans] smookeur sql checked, record: multicompte by SmooKeur to -1
16-08-17 23:08:12 [INFO] [OctoBans] smookeur sql checked, record: multicompte by SmooKeur to -1
16-08-17 23:08:12 [INFO] [OctoBans] smookeur sql checked, record: provocation by SmooKeur to 1502729621
16-08-17 23:08:12 [INFO] [OctoBans] smookeur sql checked, record: hack by SmooKeur to -1
16-08-17 23:08:12 [INFO] [OctoBans] smookeur sql checked, record: doubleposte by SmooKeur to 1502732771
16-08-17 23:08:12 [INFO] [OctoBans] smookeur sql checked, record: tpkill by SmooKeur to 1502817752
16-08-17 23:08:12 [INFO] [OctoBans] smookeur sql checked, record: doubleposte by SmooKeur to 1502734110
16-08-17 23:08:12 [INFO] [OctoBans] smookeur sql checked, record: doubleposte by SmooKeur to 1502735730
16-08-17 23:08:12 [INFO] [OctoBans] smookeur sql checked, record: doubleposte by SmooKeur to 1502737796
16-08-17 23:08:12 [INFO] [OctoBans] smookeur sql checked, record: incitationflood by SmooKeur to 1502909138
16-08-17 23:08:12 [INFO] [OctoBans] smookeur sql checked, record: incitationflood by SmooKeur to 1502822767
16-08-17 23:08:12 [INFO] [OctoBans] smookeur sql checked, record: doubleposte by SmooKeur to 1502742955
16-08-17 23:08:12 [INFO] [OctoBans] smookeur sql checked, record: doubleposte by SmooKeur to 1502745968
16-08-17 23:08:12 [INFO] [OctoBans] smookeur sql checked, record: doubleposte by SmooKeur to 1502747296
16-08-17 23:08:12 [INFO] [OctoBans] smookeur sql checked, record: doubleposte by SmooKeur to 1502746191
16-08-17 23:08:12 [INFO] [OctoBans] smookeur sql checked, record: insultesrv by SmooKeur to 1502762566
16-08-17 23:08:12 [INFO] [OctoBans] smookeur sql checked, record: spam by SmooKeur to 1502748192
16-08-17 23:08:12 [INFO] [OctoBans] smookeur sql checked, record: provocation by SmooKeur to 1502744907
16-08-17 23:08:12 [INFO] [OctoBans] smookeur sql checked, record: majuscule by SmooKeur to 1502745315
16-08-17 23:08:12 [INFO] [OctoBans] smookeur sql checked, record: insulte by SmooKeur to 1502747606
16-08-17 23:08:12 [INFO] [OctoBans] smookeur sql checked, record: doubleposte by SmooKeur to 1502749316
16-08-17 23:08:12 [INFO] [OctoBans] smookeur sql checked, record: spamftag by SmooKeur to 1502921656
16-08-17 23:08:12 [INFO] [OctoBans] smookeur sql checked, record: doubleposte by SmooKeur to 1502752481
16-08-17 23:08:12 [INFO] [OctoBans] smookeur sql checked, record: faussesinfos by SmooKeur to 1502975041
16-08-17 23:08:12 [INFO] [OctoBans] smookeur sql checked, record: tpkill by SmooKeur to 1503147867
16-08-17 23:08:12 [INFO] [OctoBans] smookeur sql checked, record: provocation by SmooKeur to 1502892415
16-08-17 23:08:12 [INFO] [OctoBans] smookeur sql checked, record: majuscule by SmooKeur to 1502895887
16-08-17 23:08:12 [INFO] [OctoBans] smookeur sql checked, record: tpkill by SmooKeur to 1502977148
16-08-17 23:08:12 [INFO] [OctoBans] smookeur sql checked, record: tpkill by SmooKeur to 1502977157
16-08-17 23:08:12 [INFO] [OctoBans] smookeur sql checked, record: doubleposte by SmooKeur to 1502893236
16-08-17 23:08:12 [INFO] [OctoBans] smookeur sql checked, record: multicompte by SmooKeur to -1
16-08-17 23:08:12 [INFO] [OctoBans] smookeur sql checked, record: spammp by SmooKeur to -1
16-08-17 23:08:12 [INFO] [OctoBans] smookeur sql checked, record: spamftag by SmooKeur to 1503064278
16-08-17 23:08:12 [INFO] [OctoBans] smookeur sql checked, record: tpkill by SmooKeur to 1503064867
16-08-17 23:08:12 [INFO] [OctoBans] smookeur sql checked, record: insulte by SmooKeur to 1502894939
16-08-17 23:08:12 [INFO] [OctoBans] smookeur sql checked, record: faussesinfos by SmooKeur to 1502978821
16-08-17 23:08:12 [INFO] [OctoBans] smookeur sql checked, record: doubleposte by SmooKeur to 1502893198
16-08-17 23:08:12 [INFO] [OctoBans] smookeur sql checked, record: majuscule by SmooKeur to 1502894472
16-08-17 23:08:12 [INFO] [OctoBans] smookeur sql checked, record: insultestaff by SmooKeur to 1502928979
16-08-17 23:08:12 [INFO] [OctoBans] smookeur sql checked, record: langage by SmooKeur to 1502894618
16-08-17 23:08:12 [INFO] [OctoBans] smookeur sql checked, record: spam by SmooKeur to 1502909799
16-08-17 23:08:12 [INFO] [OctoBans] smookeur sql checked, record: langage by SmooKeur to 1502901097
16-08-17 23:08:12 [INFO] [OctoBans] smookeur sql checked, record: doubleposte by SmooKeur to 1502902901
16-08-17 23:08:12 [INFO] [OctoBans] smookeur sql checked, record: doubleposte by SmooKeur to 1502903279
16-08-17 23:08:12 [INFO] [OctoBans] smookeur sql checked, record: doubleposte by SmooKeur to 1502903297
16-08-17 23:08:12 [INFO] [OctoBans] smookeur sql checked, record: insulte by SmooKeur to 1502904837
16-08-17 23:08:12 [INFO] [OctoBans] smookeur sql checked, record: pubsrv by SmooKeur to 1502905866
16-08-17 23:08:12 [INFO] [OctoBans] smookeur sql checked, record: pubyt by SmooKeur to 1502907003
16-08-17 23:08:12 [INFO] [OctoBans] smookeur sql checked, record: doubleposte by SmooKeur to 1502904282
16-08-17 23:08:12 [INFO] [OctoBans] smookeur sql checked, record: majuscule by SmooKeur to 1502905593
16-08-17 23:08:12 [INFO] [OctoBans] smookeur sql checked, record: pubyt by SmooKeur to 1502907402
16-08-17 23:08:12 [INFO] [OctoBans] smookeur sql checked, record: spammp by SmooKeur to -1
16-08-17 23:08:12 [INFO] [OctoBans] smookeur sql checked, record: provocation by SmooKeur to 1502913755
16-08-17 23:08:12 [INFO] [OctoBans] smookeur sql checked, record: langage by SmooKeur to 1502914063
16-08-17 23:08:12 [INFO] [OctoBans] smookeur sql checked, record: tpkill by SmooKeur to 1502990923
16-08-17 23:08:12 [INFO] [OctoBans] smookeur sql checked, record: provocation by SmooKeur to 1502904874
16-08-17 23:08:12 [INFO] [OctoBans] smookeur sql checked, record: doubleposte by SmooKeur to 1502910736
16-08-17 23:08:12 [INFO] [OctoBans] smookeur sql checked, record: tpkill by SmooKeur to 1502991256
16-08-17 23:08:12 [INFO] [OctoBans] smookeur sql checked, record: majuscule by SmooKeur to 1502908223
16-08-17 23:08:12 [INFO] [OctoBans] smookeur sql checked, record: faussesinfos by SmooKeur to 1502991946
16-08-17 23:08:12 [INFO] [OctoBans] smookeur sql checked, record: tpkill by SmooKeur to 1502991957
16-08-17 23:08:12 [INFO] [OctoBans] smookeur sql checked, record: spam by SmooKeur to 1502909311
16-08-17 23:08:12 [INFO] [OctoBans] smookeur sql checked, record: spam by SmooKeur to 1502909316
16-08-17 23:08:12 [INFO] [OctoBans] smookeur sql checked, record: pubsrv by SmooKeur to 1502909691
16-08-17 23:08:12 [INFO] [OctoBans] smookeur sql checked, record: pubyt by SmooKeur to 1502909751
16-08-17 23:08:12 [INFO] [OctoBans] smookeur sql checked, record: pubsrv by SmooKeur to 1502909895
16-08-17 23:08:12 [INFO] [OctoBans] smookeur sql checked, record: majuscule by SmooKeur to 1502908791
16-08-17 23:08:12 [INFO] [OctoBans] smookeur sql checked, record: pubyt by SmooKeur to 1502910157
16-08-17 23:08:12 [INFO] [OctoBans] smookeur sql checked, record: faussesinfos by SmooKeur to 1502993134
16-08-17 23:08:12 [INFO] [OctoBans] smookeur sql checked, record: faussesinfos by SmooKeur to 1502993283
16-08-17 23:08:12 [INFO] [OctoBans] smookeur sql checked, record: doubleposte by SmooKeur to 1502907553
16-08-17 23:08:12 [INFO] [OctoBans] smookeur sql checked, record: majuscule by SmooKeur to 1502907738
16-08-17 23:08:12 [INFO] [OctoBans] smookeur sql checked, record: doubleposte by SmooKeur to 1502907474
16-08-17 23:08:12 [INFO] [OctoBans] smookeur sql checked, record: doubleposte by SmooKeur to 1502907771
16-08-17 23:08:12 [INFO] [OctoBans] smookeur sql checked, record: incitationflood by SmooKeur to 1502994675
16-08-17 23:08:12 [INFO] [OctoBans] smookeur sql checked, record: pubyt by SmooKeur to 1502915698
16-08-17 23:08:12 [INFO] [OctoBans] smookeur sql checked, record: doubleposte by SmooKeur to 1502913894
16-08-17 23:08:12 [INFO] [OctoBans] smookeur sql checked, record: spam by SmooKeur to 1502918650
16-08-17 23:08:12 [INFO] [OctoBans] smookeur sql checked, record: doubleposte by SmooKeur to 1502913364
16-08-17 23:08:12 [INFO] [OctoBans] smookeur sql checked, record: langage by SmooKeur to 1502917279
16-08-17 23:08:12 [INFO] [OctoBans] smookeur sql checked, record: majuscule by SmooKeur to 1502918571
16-08-17 23:11:22 [INFO] [OctoBans] the_frusty sql checked, record: insultegrave by The_Frusty to 1496912363
16-08-17 23:11:22 [INFO] [OctoBans] the_frusty sql checked, record: spam by The_Frusty to 1496847042
16-08-17 23:11:22 [INFO] [OctoBans] the_frusty sql checked, record: spam by The_Frusty to 1496860426
16-08-17 23:11:22 [INFO] [OctoBans] the_frusty sql checked, record: insultesrv by The_Frusty to 1496875677
16-08-17 23:11:22 [INFO] [OctoBans] the_frusty sql checked, record: spam by The_Frusty to 1496947584
16-08-17 23:11:22 [INFO] [OctoBans] the_frusty sql checked, record: spam by The_Frusty to 1496941162
16-08-17 23:11:22 [INFO] [OctoBans] the_frusty sql checked, record: insultestaff by The_Frusty to 1496977619
16-08-17 23:11:22 [INFO] [OctoBans] the_frusty sql checked, record: insultegrave by The_Frusty to 1496977640
16-08-17 23:11:22 [INFO] [OctoBans] the_frusty sql checked, record: faussesinfos by The_Frusty to 1497108513
16-08-17 23:11:22 [INFO] [OctoBans] the_frusty sql checked, record: insultelegere by The_Frusty to 1497076726
16-08-17 23:11:22 [INFO] [OctoBans] the_frusty sql checked, record: faussesinfos by The_Frusty to 1497304345
16-08-17 23:11:22 [INFO] [OctoBans] the_frusty sql checked, record: insultegrave by The_Frusty to 1498528409
16-08-17 23:11:22 [INFO] [OctoBans] the_frusty sql checked, record: majuscule by The_Frusty to 1499279952
16-08-17 23:11:22 [INFO] [OctoBans] the_frusty sql checked, record: majuscule by The_Frusty to 1499413194
16-08-17 23:11:22 [INFO] [OctoBans] the_frusty sql checked, record: doubleposte by The_Frusty to 1499412903
16-08-17 23:11:22 [INFO] [OctoBans] the_frusty sql checked, record: incitationflood by The_Frusty to 1499499054
16-08-17 23:11:22 [INFO] [OctoBans] the_frusty sql checked, record: spam by The_Frusty to 1499419958
16-08-17 23:11:22 [INFO] [OctoBans] the_frusty sql checked, record: spam by The_Frusty to 1499423606
16-08-17 23:11:22 [INFO] [OctoBans] the_frusty sql checked, record: langage by The_Frusty to 1499414931
16-08-17 23:11:22 [INFO] [OctoBans] the_frusty sql checked, record: langage by The_Frusty to 1499432562
16-08-17 23:11:22 [INFO] [OctoBans] the_frusty sql checked, record: doubleposte by The_Frusty to 1499497191
16-08-17 23:11:22 [INFO] [OctoBans] the_frusty sql checked, record: doubleposte by The_Frusty to 1499507739
16-08-17 23:11:22 [INFO] [OctoBans] the_frusty sql checked, record: insultegrave by The_Frusty to 1499555133
16-08-17 23:11:22 [INFO] [OctoBans] the_frusty sql checked, record: insultegrave by The_Frusty to 1499555417
16-08-17 23:11:22 [INFO] [OctoBans] the_frusty sql checked, record: insultegrave by The_Frusty to 1499555442
16-08-17 23:11:22 [INFO] [OctoBans] the_frusty sql checked, record: provocation by The_Frusty to 1499600882
16-08-17 23:11:22 [INFO] [OctoBans] the_frusty sql checked, record: insulte by The_Frusty to 1499611436
16-08-17 23:11:22 [INFO] [OctoBans] the_frusty sql checked, record: insultegrave by The_Frusty to 1499738810
16-08-17 23:11:22 [INFO] [OctoBans] the_frusty sql checked, record: doubleposte by The_Frusty to 1499670965
16-08-17 23:11:22 [INFO] [OctoBans] the_frusty sql checked, record: doubleposte by The_Frusty to 1499675667
16-08-17 23:11:22 [INFO] [OctoBans] the_frusty sql checked, record: spam by The_Frusty to 1499690400
16-08-17 23:11:22 [INFO] [OctoBans] the_frusty sql checked, record: majuscule by The_Frusty to 1499677626
16-08-17 23:11:22 [INFO] [OctoBans] the_frusty sql checked, record: spam by The_Frusty to 1499696525
16-08-17 23:11:22 [INFO] [OctoBans] the_frusty sql checked, record: insulte by The_Frusty to 1499725226
16-08-17 23:11:22 [INFO] [OctoBans] the_frusty sql checked, record: incitationflood by The_Frusty to 1499935041
16-08-17 23:11:22 [INFO] [OctoBans] the_frusty sql checked, record: insultegrave by The_Frusty to 1499799438
16-08-17 23:11:22 [INFO] [OctoBans] the_frusty sql checked, record: langage by The_Frusty to 1499765448
16-08-17 23:11:22 [INFO] [OctoBans] the_frusty sql checked, record: langage by The_Frusty to 1499765454
16-08-17 23:11:22 [INFO] [OctoBans] the_frusty sql checked, record: langage by The_Frusty to 1499765465
16-08-17 23:11:22 [INFO] [OctoBans] the_frusty sql checked, record: langage by The_Frusty to 1499765477
16-08-17 23:11:22 [INFO] [OctoBans] the_frusty sql checked, record: insultegrave by The_Frusty to 1499800894
16-08-17 23:11:22 [INFO] [OctoBans] the_frusty sql checked, record: insultegrave by The_Frusty to 1499908911
16-08-17 23:11:22 [INFO] [OctoBans] the_frusty sql checked, record: langage by The_Frusty to 1499765571
16-08-17 23:11:22 [INFO] [OctoBans] the_frusty sql checked, record: majuscule by The_Frusty to 1499766106
16-08-17 23:11:22 [INFO] [OctoBans] the_frusty sql checked, record: spam by The_Frusty to 1499786923
16-08-17 23:11:22 [INFO] [OctoBans] the_frusty sql checked, record: spam by The_Frusty to 1499795915
16-08-17 23:11:22 [INFO] [OctoBans] the_frusty sql checked, record: spam by The_Frusty to 1499805643
16-08-17 23:11:22 [INFO] [OctoBans] the_frusty sql checked, record: provocation by The_Frusty to 1499864747
16-08-17 23:11:22 [INFO] [OctoBans] the_frusty sql checked, record: langage by The_Frusty to 1499928595
16-08-17 23:11:22 [INFO] [OctoBans] the_frusty sql checked, record: doubleposte by The_Frusty to 1499928333
16-08-17 23:11:22 [INFO] [OctoBans] the_frusty sql checked, record: provocation by The_Frusty to 1499937686
16-08-17 23:11:22 [INFO] [OctoBans] the_frusty sql checked, record: majuscule by The_Frusty to 1500015817
16-08-17 23:11:22 [INFO] [OctoBans] the_frusty sql checked, record: spam by The_Frusty to 1500049631
16-08-17 23:11:22 [INFO] [OctoBans] the_frusty sql checked, record: spam by The_Frusty to 1500136198
16-08-17 23:11:22 [INFO] [OctoBans] the_frusty sql checked, record: langage by The_Frusty to 1500398397
16-08-17 23:11:22 [INFO] [OctoBans] the_frusty sql checked, record: spam by The_Frusty to 1500464446
16-08-17 23:11:22 [INFO] [OctoBans] the_frusty sql checked, record: langage by The_Frusty to 1500474069
16-08-17 23:11:22 [INFO] [OctoBans] the_frusty sql checked, record: provocation by The_Frusty to 1500506401
16-08-17 23:11:22 [INFO] [OctoBans] the_frusty sql checked, record: spam by The_Frusty to 1500932454
16-08-17 23:11:22 [INFO] [OctoBans] the_frusty sql checked, record: doubleposte by The_Frusty to 1501190277
16-08-17 23:11:22 [INFO] [OctoBans] the_frusty sql checked, record: insultegrave by The_Frusty to 1501477146
16-08-17 23:11:22 [INFO] [OctoBans] the_frusty sql checked, record: incitationflood by The_Frusty to 1501607619
16-08-17 23:11:22 [INFO] [OctoBans] the_frusty sql checked, record: langage by The_Frusty to 1501517199
16-08-17 23:11:22 [INFO] [OctoBans] the_frusty sql checked, record: incitationflood by The_Frusty to 1501621879
16-08-17 23:11:22 [INFO] [OctoBans] the_frusty sql checked, record: spam by The_Frusty to 1501585953
16-08-17 23:11:22 [INFO] [OctoBans] the_frusty sql checked, record: insulte by The_Frusty to 1501588959
16-08-17 23:11:22 [INFO] [OctoBans] the_frusty sql checked, record: langage by The_Frusty to 1501621368
16-08-17 23:11:22 [INFO] [OctoBans] the_frusty sql checked, record: insultestaff by The_Frusty to 1501971517
16-08-17 23:11:22 [INFO] [OctoBans] the_frusty sql checked, record: provocation by The_Frusty to 1501942781
16-08-17 23:11:22 [INFO] [OctoBans] the_frusty sql checked, record: insulte by The_Frusty to 1501941290
16-08-17 23:11:22 [INFO] [OctoBans] the_frusty sql checked, record: spam by The_Frusty to 1501944016
16-08-17 23:11:22 [INFO] [OctoBans] the_frusty sql checked, record: provocation by The_Frusty to 1501940028
16-08-17 23:11:22 [INFO] [OctoBans] the_frusty sql checked, record: spam by The_Frusty to 1501943188
16-08-17 23:11:22 [INFO] [OctoBans] the_frusty sql checked, record: spam by The_Frusty to 1501946951
16-08-17 23:11:22 [INFO] [OctoBans] the_frusty sql checked, record: doubleposte by The_Frusty to 1501940470
16-08-17 23:11:22 [INFO] [OctoBans] the_frusty sql checked, record: flood by The_Frusty to 1501946520
16-08-17 23:11:22 [INFO] [OctoBans] the_frusty sql checked, record: spam by The_Frusty to 1501946882
16-08-17 23:11:22 [INFO] [OctoBans] the_frusty sql checked, record: doubleposte by The_Frusty to 1501950722
16-08-17 23:11:22 [INFO] [OctoBans] the_frusty sql checked, record: spam by The_Frusty to 1501993736
16-08-17 23:11:22 [INFO] [OctoBans] the_frusty sql checked, record: provocation by The_Frusty to 1502004942
16-08-17 23:11:22 [INFO] [OctoBans] the_frusty sql checked, record: insulte by The_Frusty to 1502006504
16-08-17 23:11:22 [INFO] [OctoBans] the_frusty sql checked, record: majuscule by The_Frusty to 1502007936
16-08-17 23:11:22 [INFO] [OctoBans] the_frusty sql checked, record: insultestaff by The_Frusty to 1502092256
16-08-17 23:11:22 [INFO] [OctoBans] the_frusty sql checked, record: spam by The_Frusty to 1502044795
16-08-17 23:11:22 [INFO] [OctoBans] the_frusty sql checked, record: insulte by The_Frusty to 1502037140
16-08-17 23:11:22 [INFO] [OctoBans] the_frusty sql checked, record: spam by The_Frusty to 1502051521
16-08-17 23:11:22 [INFO] [OctoBans] the_frusty sql checked, record: doubleposte by The_Frusty to 1502035281
16-08-17 23:11:22 [INFO] [OctoBans] the_frusty sql checked, record: provocation by The_Frusty to 1502036560
16-08-17 23:11:22 [INFO] [OctoBans] the_frusty sql checked, record: doubleposte by The_Frusty to 1502037296
16-08-17 23:11:22 [INFO] [OctoBans] the_frusty sql checked, record: provocation by The_Frusty to 1502034995
16-08-17 23:11:22 [INFO] [OctoBans] the_frusty sql checked, record: doubleposte by The_Frusty to 1502035967
16-08-17 23:11:22 [INFO] [OctoBans] the_frusty sql checked, record: langage by The_Frusty to 1502042034
16-08-17 23:11:22 [INFO] [OctoBans] the_frusty sql checked, record: doubleposte by The_Frusty to 1502054310
16-08-17 23:11:22 [INFO] [OctoBans] the_frusty sql checked, record: spam by The_Frusty to 1502116888
16-08-17 23:11:22 [INFO] [OctoBans] the_frusty sql checked, record: insultestaff by The_Frusty to 1502235717
16-08-17 23:11:22 [INFO] [OctoBans] the_frusty sql checked, record: flood by The_Frusty to 1502102897
16-08-17 23:11:22 [INFO] [OctoBans] the_frusty sql checked, record: doubleposte by The_Frusty to 1502096395
16-08-17 23:11:22 [INFO] [OctoBans] the_frusty sql checked, record: spam by The_Frusty to 1502102844
16-08-17 23:11:22 [INFO] [OctoBans] the_frusty sql checked, record: doubleposte by The_Frusty to 1502100563
16-08-17 23:11:22 [INFO] [OctoBans] the_frusty sql checked, record: incitationflood by The_Frusty to 1502187419
16-08-17 23:11:22 [INFO] [OctoBans] the_frusty sql checked, record: langage by The_Frusty to 1502104949
16-08-17 23:11:22 [INFO] [OctoBans] the_frusty sql checked, record: doubleposte by The_Frusty to 1502104503
16-08-17 23:11:22 [INFO] [OctoBans] the_frusty sql checked, record: spam by The_Frusty to 1502109764
16-08-17 23:11:22 [INFO] [OctoBans] the_frusty sql checked, record: doubleposte by The_Frusty to 1502113090
16-08-17 23:11:22 [INFO] [OctoBans] the_frusty sql checked, record: provocation by The_Frusty to 1502116190
16-08-17 23:11:22 [INFO] [OctoBans] the_frusty sql checked, record: spam by The_Frusty to 1502135724
16-08-17 23:11:22 [INFO] [OctoBans] the_frusty sql checked, record: provocation by The_Frusty to 1502128297
16-08-17 23:11:22 [INFO] [OctoBans] the_frusty sql checked, record: langage by The_Frusty to 1502132366
16-08-17 23:11:22 [INFO] [OctoBans] the_frusty sql checked, record: insultestaff by The_Frusty to 1502163137
16-08-17 23:11:22 [INFO] [OctoBans] the_frusty sql checked, record: doubleposte by The_Frusty to 1502133557
16-08-17 23:11:22 [INFO] [OctoBans] the_frusty sql checked, record: majuscule by The_Frusty to 1502132993
16-08-17 23:11:22 [INFO] [OctoBans] the_frusty sql checked, record: doubleposte by The_Frusty to 1502133428
16-08-17 23:11:22 [INFO] [OctoBans] the_frusty sql checked, record: doubleposte by The_Frusty to 1502133619
16-08-17 23:11:22 [INFO] [OctoBans] the_frusty sql checked, record: doubleposte by The_Frusty to 1502134087
16-08-17 23:11:22 [INFO] [OctoBans] the_frusty sql checked, record: provocation by The_Frusty to 1502133849
16-08-17 23:11:22 [INFO] [OctoBans] the_frusty sql checked, record: provocation by The_Frusty to 1502134422
16-08-17 23:11:22 [INFO] [OctoBans] the_frusty sql checked, record: doubleposte by The_Frusty to 1502140861
16-08-17 23:11:22 [INFO] [OctoBans] the_frusty sql checked, record: spam by The_Frusty to 1502157966
16-08-17 23:11:22 [INFO] [OctoBans] the_frusty sql checked, record: doubleposte by The_Frusty to 1502138293
16-08-17 23:11:22 [INFO] [OctoBans] the_frusty sql checked, record: incitationflood by The_Frusty to 1502226174
16-08-17 23:11:22 [INFO] [OctoBans] the_frusty sql checked, record: spam by The_Frusty to 1502175873
16-08-17 23:11:22 [INFO] [OctoBans] the_frusty sql checked, record: provocation by The_Frusty to 1502141874
16-08-17 23:11:22 [INFO] [OctoBans] the_frusty sql checked, record: doubleposte by The_Frusty to 1502142015
16-08-17 23:11:22 [INFO] [OctoBans] the_frusty sql checked, record: spam by The_Frusty to 1502147141
16-08-17 23:11:22 [INFO] [OctoBans] the_frusty sql checked, record: doubleposte by The_Frusty to 1502144668
16-08-17 23:11:22 [INFO] [OctoBans] the_frusty sql checked, record: doubleposte by The_Frusty to 1502146197
16-08-17 23:11:22 [INFO] [OctoBans] the_frusty sql checked, record: insulte by The_Frusty to 1502185718
16-08-17 23:11:22 [INFO] [OctoBans] the_frusty sql checked, record: doubleposte by The_Frusty to 1502180421
16-08-17 23:11:22 [INFO] [OctoBans] the_frusty sql checked, record: provocation by The_Frusty to 1502180793
16-08-17 23:11:22 [INFO] [OctoBans] the_frusty sql checked, record: provocation by The_Frusty to 1502178273
16-08-17 23:11:22 [INFO] [OctoBans] the_frusty sql checked, record: provocation by The_Frusty to 1502182403
16-08-17 23:11:22 [INFO] [OctoBans] the_frusty sql checked, record: doubleposte by The_Frusty to 1502188630
16-08-17 23:11:22 [INFO] [OctoBans] the_frusty sql checked, record: doubleposte by The_Frusty to 1502185143
16-08-17 23:11:22 [INFO] [OctoBans] the_frusty sql checked, record: provocation by The_Frusty to 1502186132
16-08-17 23:11:22 [INFO] [OctoBans] the_frusty sql checked, record: provocation by The_Frusty to 1502187385
16-08-17 23:11:22 [INFO] [OctoBans] the_frusty sql checked, record: provocation by The_Frusty to 1502187419
16-08-17 23:11:22 [INFO] [OctoBans] the_frusty sql checked, record: spam by The_Frusty to 1502195257
16-08-17 23:11:22 [INFO] [OctoBans] the_frusty sql checked, record: provocation by The_Frusty to 1502191835
16-08-17 23:11:22 [INFO] [OctoBans] the_frusty sql checked, record: doubleposte by The_Frusty to 1502190695
16-08-17 23:11:22 [INFO] [OctoBans] the_frusty sql checked, record: spam by The_Frusty to 1502219198
16-08-17 23:11:22 [INFO] [OctoBans] the_frusty sql checked, record: majuscule by The_Frusty to 1502197996
16-08-17 23:11:22 [INFO] [OctoBans] the_frusty sql checked, record: provocation by The_Frusty to 1502198561
16-08-17 23:11:22 [INFO] [OctoBans] the_frusty sql checked, record: insultestaff by The_Frusty to 1502274356
16-08-17 23:11:22 [INFO] [OctoBans] the_frusty sql checked, record: doubleposte by The_Frusty to 1502207858
16-08-17 23:11:22 [INFO] [OctoBans] the_frusty sql checked, record: doubleposte by The_Frusty to 1502208257
16-08-17 23:11:22 [INFO] [OctoBans] the_frusty sql checked, record: doubleposte by The_Frusty to 1502210527
16-08-17 23:11:22 [INFO] [OctoBans] the_frusty sql checked, record: spam by The_Frusty to 1502219604
16-08-17 23:11:22 [INFO] [OctoBans] the_frusty sql checked, record: spam by The_Frusty to 1502225437
16-08-17 23:11:22 [INFO] [OctoBans] the_frusty sql checked, record: spam by The_Frusty to 1502230743
16-08-17 23:11:22 [INFO] [OctoBans] the_frusty sql checked, record: spam by The_Frusty to 1502224351
16-08-17 23:11:22 [INFO] [OctoBans] the_frusty sql checked, record: spam by The_Frusty to 1502228401
16-08-17 23:11:22 [INFO] [OctoBans] the_frusty sql checked, record: provocation by The_Frusty to 1502273169
16-08-17 23:11:22 [INFO] [OctoBans] the_frusty sql checked, record: provocation by The_Frusty to 1502271968
16-08-17 23:11:22 [INFO] [OctoBans] the_frusty sql checked, record: provocation by The_Frusty to 1502271389
16-08-17 23:11:22 [INFO] [OctoBans] the_frusty sql checked, record: doubleposte by The_Frusty to 1502273213
16-08-17 23:11:22 [INFO] [OctoBans] the_frusty sql checked, record: insulte by The_Frusty to 1502279058
16-08-17 23:11:22 [INFO] [OctoBans] the_frusty sql checked, record: spam by The_Frusty to 1502284397
16-08-17 23:11:22 [INFO] [OctoBans] the_frusty sql checked, record: insultegrave by The_Frusty to 1502313670
16-08-17 23:11:22 [INFO] [OctoBans] the_frusty sql checked, record: provocation by The_Frusty to 1502279629
16-08-17 23:11:22 [INFO] [OctoBans] the_frusty sql checked, record: langage by The_Frusty to 1502282326
16-08-17 23:11:22 [INFO] [OctoBans] the_frusty sql checked, record: provocation by The_Frusty to 1502283890
16-08-17 23:11:22 [INFO] [OctoBans] the_frusty sql checked, record: spam by The_Frusty to 1502285708
16-08-17 23:11:22 [INFO] [OctoBans] the_frusty sql checked, record: spam by The_Frusty to 1502291070
16-08-17 23:11:22 [INFO] [OctoBans] the_frusty sql checked, record: incitationflood by The_Frusty to 1502370655
16-08-17 23:11:22 [INFO] [OctoBans] the_frusty sql checked, record: incitationflood by The_Frusty to 1502380380
16-08-17 23:11:22 [INFO] [OctoBans] the_frusty sql checked, record: spam by The_Frusty to 1502297954
16-08-17 23:11:22 [INFO] [OctoBans] the_frusty sql checked, record: majuscule by The_Frusty to 1502307541
16-08-17 23:11:22 [INFO] [OctoBans] the_frusty sql checked, record: doubleposte by The_Frusty to 1502299072
16-08-17 23:11:22 [INFO] [OctoBans] the_frusty sql checked, record: doubleposte by The_Frusty to 1502300768
16-08-17 23:11:22 [INFO] [OctoBans] the_frusty sql checked, record: pubyt by The_Frusty to 1502318550
16-08-17 23:11:22 [INFO] [OctoBans] the_frusty sql checked, record: provocation by The_Frusty to 1502312392
16-08-17 23:11:22 [INFO] [OctoBans] the_frusty sql checked, record: doubleposte by The_Frusty to 1502313661
16-08-17 23:11:22 [INFO] [OctoBans] the_frusty sql checked, record: majuscule by The_Frusty to 1502313583
16-08-17 23:11:22 [INFO] [OctoBans] the_frusty sql checked, record: doubleposte by The_Frusty to 1502314446
16-08-17 23:11:22 [INFO] [OctoBans] the_frusty sql checked, record: doubleposte by The_Frusty to 1502317225
16-08-17 23:11:22 [INFO] [OctoBans] the_frusty sql checked, record: doubleposte by The_Frusty to 1502317954
16-08-17 23:11:22 [INFO] [OctoBans] the_frusty sql checked, record: majuscule by The_Frusty to 1502319033
16-08-17 23:11:22 [INFO] [OctoBans] the_frusty sql checked, record: majuscule by The_Frusty to 1502317981
16-08-17 23:11:22 [INFO] [OctoBans] the_frusty sql checked, record: provocation by The_Frusty to 1502320121
16-08-17 23:11:22 [INFO] [OctoBans] the_frusty sql checked, record: spam by The_Frusty to 1502351521
16-08-17 23:11:22 [INFO] [OctoBans] the_frusty sql checked, record: insultestaff by The_Frusty to 1502383979
16-08-17 23:11:22 [INFO] [OctoBans] the_frusty sql checked, record: doubleposte by The_Frusty to 1502349396
16-08-17 23:11:22 [INFO] [OctoBans] the_frusty sql checked, record: langage by The_Frusty to 1502351511
16-08-17 23:11:22 [INFO] [OctoBans] the_frusty sql checked, record: spam by The_Frusty to 1502359456
16-08-17 23:11:22 [INFO] [OctoBans] the_frusty sql checked, record: spam by The_Frusty to 1502359606
16-08-17 23:11:22 [INFO] [OctoBans] the_frusty sql checked, record: insultestaff by The_Frusty to 1502424428
16-08-17 23:11:22 [INFO] [OctoBans] the_frusty sql checked, record: provocation by The_Frusty to 1502356028
16-08-17 23:11:22 [INFO] [OctoBans] the_frusty sql checked, record: provocation by The_Frusty to 1502376658
16-08-17 23:11:22 [INFO] [OctoBans] the_frusty sql checked, record: spam by The_Frusty to 1502402281
16-08-17 23:11:22 [INFO] [OctoBans] the_frusty sql checked, record: doubleposte by The_Frusty to 1502379405
16-08-17 23:11:22 [INFO] [OctoBans] the_frusty sql checked, record: majuscule by The_Frusty to 1502385231
16-08-17 23:11:22 [INFO] [OctoBans] the_frusty sql checked, record: insultestaff by The_Frusty to 1502478724
16-08-17 23:11:22 [INFO] [OctoBans] the_frusty sql checked, record: langage by The_Frusty to 1502437402
16-08-17 23:11:22 [INFO] [OctoBans] the_frusty sql checked, record: spam by The_Frusty to 1502447062
16-08-17 23:11:22 [INFO] [OctoBans] the_frusty sql checked, record: majuscule by The_Frusty to 1502451124
16-08-17 23:11:22 [INFO] [OctoBans] the_frusty sql checked, record: provocation by The_Frusty to 1502455595
16-08-17 23:11:22 [INFO] [OctoBans] the_frusty sql checked, record: doubleposte by The_Frusty to 1502470523
16-08-17 23:11:22 [INFO] [OctoBans] the_frusty sql checked, record: spam by The_Frusty to 1502475971
16-08-17 23:11:22 [INFO] [OctoBans] the_frusty sql checked, record: langage by The_Frusty to 1502469008
16-08-17 23:11:22 [INFO] [OctoBans] the_frusty sql checked, record: langage by The_Frusty to 1502472518
16-08-17 23:11:22 [INFO] [OctoBans] the_frusty sql checked, record: doubleposte by The_Frusty to 1502469645
16-08-17 23:11:22 [INFO] [OctoBans] the_frusty sql checked, record: pubyt by The_Frusty to 1502485732
16-08-17 23:11:22 [INFO] [OctoBans] the_frusty sql checked, record: spam by The_Frusty to 1502500854
16-08-17 23:11:22 [INFO] [OctoBans] the_frusty sql checked, record: doubleposte by The_Frusty to 1502485123
16-08-17 23:11:22 [INFO] [OctoBans] the_frusty sql checked, record: spam by The_Frusty to 1502547329
16-08-17 23:11:22 [INFO] [OctoBans] the_frusty sql checked, record: doubleposte by The_Frusty to 1502533841
16-08-17 23:11:22 [INFO] [OctoBans] the_frusty sql checked, record: spam by The_Frusty to 1502536733
16-08-17 23:11:22 [INFO] [OctoBans] the_frusty sql checked, record: doubleposte by The_Frusty to 1502536309
16-08-17 23:11:22 [INFO] [OctoBans] the_frusty sql checked, record: doubleposte by The_Frusty to 1502536635
16-08-17 23:11:22 [INFO] [OctoBans] the_frusty sql checked, record: insultegrave by The_Frusty to 1502574119
16-08-17 23:11:22 [INFO] [OctoBans] the_frusty sql checked, record: provocation by The_Frusty to 1502538861
16-08-17 23:11:22 [INFO] [OctoBans] the_frusty sql checked, record: faussesinfos by The_Frusty to 1502741719
16-08-17 23:11:22 [INFO] [OctoBans] the_frusty sql checked, record: doubleposte by The_Frusty to 1502575700
16-08-17 23:11:22 [INFO] [OctoBans] the_frusty sql checked, record: doubleposte by The_Frusty to 1502573140
16-08-17 23:11:22 [INFO] [OctoBans] the_frusty sql checked, record: majuscule by The_Frusty to 1502576729
16-08-17 23:11:22 [INFO] [OctoBans] the_frusty sql checked, record: insulte by The_Frusty to 1502617465
16-08-17 23:11:22 [INFO] [OctoBans] the_frusty sql checked, record: doubleposte by The_Frusty to 1502613492
16-08-17 23:11:22 [INFO] [OctoBans] the_frusty sql checked, record: spam by The_Frusty to 1502614136
16-08-17 23:11:22 [INFO] [OctoBans] the_frusty sql checked, record: provocation by The_Frusty to 1502611323
16-08-17 23:11:22 [INFO] [OctoBans] the_frusty sql checked, record: doubleposte by The_Frusty to 1502611503
16-08-17 23:11:22 [INFO] [OctoBans] the_frusty sql checked, record: doubleposte by The_Frusty to 1502612423
16-08-17 23:11:22 [INFO] [OctoBans] the_frusty sql checked, record: doubleposte by The_Frusty to 1502613827
16-08-17 23:11:22 [INFO] [OctoBans] the_frusty sql checked, record: doubleposte by The_Frusty to 1502616830
16-08-17 23:11:22 [INFO] [OctoBans] the_frusty sql checked, record: doubleposte by The_Frusty to 1502616250
16-08-17 23:11:22 [INFO] [OctoBans] the_frusty sql checked, record: doubleposte by The_Frusty to 1502622777
16-08-17 23:11:22 [INFO] [OctoBans] the_frusty sql checked, record: provocation by The_Frusty to 1502646082
16-08-17 23:11:22 [INFO] [OctoBans] the_frusty sql checked, record: majuscule by The_Frusty to 1502649555
16-08-17 23:11:22 [INFO] [OctoBans] the_frusty sql checked, record: langage by The_Frusty to 1502696138
16-08-17 23:11:22 [INFO] [OctoBans] the_frusty sql checked, record: langage by The_Frusty to 1502695815
16-08-17 23:11:22 [INFO] [OctoBans] the_frusty sql checked, record: majuscule by The_Frusty to 1502700048
16-08-17 23:11:22 [INFO] [OctoBans] the_frusty sql checked, record: majuscule by The_Frusty to 1502717543
16-08-17 23:11:22 [INFO] [OctoBans] the_frusty sql checked, record: provocation by The_Frusty to 1502747527
16-08-17 23:11:22 [INFO] [OctoBans] the_frusty sql checked, record: provocation by The_Frusty to 1502751731
16-08-17 23:11:22 [INFO] [OctoBans] the_frusty sql checked, record: majuscule by The_Frusty to 1502785029
16-08-17 23:11:22 [INFO] [OctoBans] the_frusty sql checked, record: doubleposte by The_Frusty to 1502786774
16-08-17 23:11:22 [INFO] [OctoBans] the_frusty sql checked, record: insultestaff by The_Frusty to 1502890508
16-08-17 23:11:22 [INFO] [OctoBans] the_frusty sql checked, record: provocation by The_Frusty to 1502820350
16-08-17 23:11:22 [INFO] [OctoBans] the_frusty sql checked, record: doubleposte by The_Frusty to 1502871683
16-08-17 23:11:22 [INFO] [OctoBans] the_frusty sql checked, record: doubleposte by The_Frusty to 1502873674
16-08-17 23:11:22 [INFO] [OctoBans] the_frusty sql checked, record: provocation by The_Frusty to 1502873704
16-08-17 23:11:22 [INFO] [OctoBans] the_frusty sql checked, record: homophobie by The_Frusty to 1502959527
16-08-17 23:11:22 [INFO] [OctoBans] the_frusty sql checked, record: spam by The_Frusty to 1502888339
16-08-17 23:11:22 [INFO] [OctoBans] the_frusty sql checked, record: doubleposte by The_Frusty to 1502875292
16-08-17 23:11:22 [INFO] [OctoBans] the_frusty sql checked, record: provocation by The_Frusty to 1502877447
16-08-17 23:11:22 [INFO] [OctoBans] the_frusty sql checked, record: majuscule by The_Frusty to 1502875957
16-08-17 23:11:22 [INFO] [OctoBans] the_frusty sql checked, record: doubleposte by The_Frusty to 1502878281
16-08-17 23:11:22 [INFO] [OctoBans] the_frusty sql checked, record: majuscule by The_Frusty to 1502880403
16-08-17 23:11:22 [INFO] [OctoBans] the_frusty sql checked, record: doubleposte by The_Frusty to 1502880616
16-08-17 23:11:22 [INFO] [OctoBans] the_frusty sql checked, record: majuscule by The_Frusty to 1502884619
16-08-17 23:11:22 [INFO] [OctoBans] the_frusty sql checked, record: pubyt by The_Frusty to 1502887800
16-08-17 23:11:22 [INFO] [OctoBans] the_frusty sql checked, record: doubleposte by The_Frusty to 1502885824
16-08-17 23:11:22 [INFO] [OctoBans] the_frusty sql checked, record: doubleposte by The_Frusty to 1502886096
16-08-17 23:11:22 [INFO] [OctoBans] the_frusty sql checked, record: langage by The_Frusty to 1502889862
16-08-17 23:11:22 [INFO] [OctoBans] the_frusty sql checked, record: provocation by The_Frusty to 1502895334
16-08-17 23:11:22 [INFO] [OctoBans] the_frusty sql checked, record: provocation by The_Frusty to 1502895380
16-08-17 23:11:22 [INFO] [OctoBans] the_frusty sql checked, record: doubleposte by The_Frusty to 1502898205
16-08-17 23:11:22 [INFO] [OctoBans] the_frusty sql checked, record: spam by The_Frusty to 1502901210
16-08-17 23:11:22 [INFO] [OctoBans] the_frusty sql checked, record: doubleposte by The_Frusty to 1502899508
16-08-17 23:11:22 [INFO] [OctoBans] the_frusty sql checked, record: incitationflood by The_Frusty to 1502987575
16-08-17 23:11:22 [INFO] [OctoBans] the_frusty sql checked, record: spam by The_Frusty to 1502912095
16-08-17 23:11:22 [INFO] [OctoBans] the_frusty sql checked, record: majuscule by The_Frusty to 1502909619
16-08-17 23:12:28 [INFO] [OctoBans] idreyzen sql checked, record: spammp by Remil to -1
16-08-17 23:13:19 [INFO] [OctoBans] zozodu14 sql checked, record: spammp by Remil to -1
16-08-17 23:14:44 [INFO] [OctoBans] The_Frusty punished univerzkerror for: Provocation
16-08-17 23:15:22 [INFO] [OctoBans] The_Frusty punished pablo for: Provocation
16-08-17 23:19:20 [INFO] [OctoBans] Remil punished ephnise for: Provocation
16-08-17 23:20:24 [INFO] [OctoBans] woimant punished stove83 for: Double Poste
16-08-17 23:20:27 [INFO] [OctoBans] Remil punished skygames974 for: Spam/flood
16-08-17 23:27:37 [INFO] [OctoBans] allanyolo sql checked, record: spammp by PseudoNul to -1
16-08-17 23:28:38 [INFO] [OctoBans] SmooKeur punished allanyolo for: Insulte grave
16-08-17 23:32:50 [INFO] [OctoBans] Remil punished andreas76 for: Double Poste
16-08-17 23:33:03 [INFO] [OctoBans] pepsicoca sql checked, record: spammp by Steph078 to -1
16-08-17 23:33:14 [INFO] [OctoBans] trenitycrash sql checked, record: spammp by Anzerti to -1
16-08-17 23:35:47 [INFO] [OctoBans] woimant punished antonio83 for: Majuscule
16-08-17 23:37:32 [INFO] [OctoBans] The_Frusty punished romudu269 for: Provocation
16-08-17 23:38:45 [INFO] [OctoBans] Remil punished noahpou for: Double Poste
16-08-17 23:44:49 [INFO] [OctoBans] azzymaster punished tauzwinner for: Double Poste
16-08-17 23:47:26 [INFO] [OctoBans] d3adorsnipsurytb sql checked, record: spammp by Remil to -1
16-08-17 23:48:29 [INFO] [OctoBans] azzymaster punished nymerialafrite for: Majuscule
16-08-17 23:48:45 [INFO] [OctoBans] azzymaster punished syoco45 for: Double Poste
16-08-17 23:49:01 [INFO] [OctoBans] valdeg sql checked, record: faussesinfos by Xylear to 1502984210
16-08-17 23:49:25 [INFO] [OctoBans] azzymaster punished volganien for: Double Poste
16-08-17 23:49:47 [INFO] [OctoBans] xboymax sql checked, record: spammp by YTB_XxKarnageXx to -1
16-08-17 23:49:47 [INFO] [OctoBans] xboymax sql checked, record: spammp by tinmar to -1
16-08-17 23:49:47 [INFO] [OctoBans] xboymax sql checked, record: kickautre by CreepyEagle to -1
16-08-17 23:49:47 [INFO] [OctoBans] xboymax sql checked, record: spammp by tinmar to -1
16-08-17 23:49:47 [INFO] [OctoBans] xboymax sql checked, record: spammp by YTB_XxKarnageXx to -1
16-08-17 23:50:29 [INFO] [OctoBans] azzymaster punished tigrediamant for: Double Poste
16-08-17 23:50:55 [INFO] [OctoBans] NeyTox punished dynamixxx01 for: Majuscule
16-08-17 23:51:06 [INFO] [OctoBans] LaKitaw punished darkinggaming for: Langage incorrect
16-08-17 23:51:24 [INFO] [OctoBans] LaKitaw punished d3adorsnipsurytb for: Langage incorrect
16-08-17 23:51:45 [INFO] [OctoBans] lololaclarinette sql checked, record: spammp by Remil to -1
16-08-17 23:51:45 [INFO] [OctoBans] lololaclarinette sql checked, record: racism by zlKayzen to 1503061093
16-08-17 23:51:45 [INFO] [OctoBans] lololaclarinette sql checked, record: spammp by SmooKeur to -1
16-08-17 23:52:24 [INFO] [OctoBans] Remil punished darkinggaming for: Spam/flood en MP
16-08-17 23:55:09 [INFO] [OctoBans] Remil punished dutche for: Majuscule
16-08-17 23:56:10 [INFO] [OctoBans] Wiindows punished lololaclarinette for: Langage incorrect
16-08-17 23:59:47 [INFO] [OctoBans] azzymaster punished darkinggaming for: Provocation
16-08-17 23:59:51 [INFO] [OctoBans] azzymaster punished ishaadow_ for: Provocation
17-08-17 00:00:11 [INFO] [OctoBans] Remil punished d3adorsnipsurytb for: Spam/flood en MP
17-08-17 00:00:59 [INFO] [OctoBans] LaKitaw punished dodole1e for: Langage incorrect
17-08-17 00:07:26 [INFO] [OctoBans] Remil punished ephnise for: Provocation
17-08-17 00:08:19 [INFO] [OctoBans] Remil punished amdoulla for: Spam/flood
17-08-17 00:08:49 [INFO] [OctoBans] minecanis sql checked, record: spammp by Remil to -1
17-08-17 00:12:37 [INFO] [OctoBans] azzymaster punished dylims for: Provocation
17-08-17 00:16:41 [INFO] [OctoBans] mindex45 sql checked, record: spammp by SnowEffect to -1
17-08-17 00:16:41 [INFO] [OctoBans] mindex45 sql checked, record: kickautre by NeosiaNexus to -1
17-08-17 00:20:52 [INFO] [OctoBans] LaKitaw punished dz_legammer for: Langage incorrect
17-08-17 00:21:56 [INFO] [OctoBans] mini_gr4nola sql checked, record: spammp by SuperJojo to -1
17-08-17 00:23:18 [INFO] [OctoBans] Remil punished neversayno for: Langage incorrect
17-08-17 00:23:50 [INFO] [OctoBans] Remil punished blackpvp978655 for: Double Poste
17-08-17 00:32:41 [INFO] [OctoBans] etienne068 sql checked, record: spammp by ZerKup to -1
17-08-17 00:40:25 [INFO] [OctoBans] Remil punished darckesia for: Spam/flood
17-08-17 00:44:05 [INFO] [OctoBans] azzymaster punished xboymax for: Publicit Youtubeur
17-08-17 00:46:51 [INFO] [OctoBans] _stuntix_ sql checked, record: spammp by YTB_XxKarnageXx to -1
17-08-17 00:46:51 [INFO] [OctoBans] _stuntix_ sql checked, record: insultegrave by woimant to 1502929496
17-08-17 00:47:26 [INFO] [OctoBans] Remil punished neoxgaming for: Spam/flood en MP
17-08-17 00:51:09 [INFO] [OctoBans] Shouteur punished superb3b3 for: Double Poste
17-08-17 00:51:38 [INFO] [OctoBans] drayller sql checked, record: tpkill by SmooKeur to 1502991957
17-08-17 00:53:15 [INFO] [OctoBans] azzymaster punished twyz__ for: Provocation
17-08-17 00:53:55 [INFO] [OctoBans] Remil punished laconnequideez for: Provocation
17-08-17 00:56:25 [INFO] [OctoBans] Shouteur punished xxsubxx for: Provocation
17-08-17 00:58:40 [INFO] [OctoBans] Remil punished lukygame_ for: Provocation
17-08-17 01:09:16 [INFO] [OctoBans] progameur sql checked, record: spammp by tinmar to -1
17-08-17 01:15:37 [INFO] [OctoBans] Remil punished withersword_ark for: Majuscule
17-08-17 01:16:39 [INFO] [OctoBans] wiltergas sql checked, record: incitationflood by Wiindows to 1502987575
17-08-17 01:37:27 [INFO] [OctoBans] Wiindows punished lepetitfoulol for: Langage incorrect
17-08-17 01:38:53 [INFO] [OctoBans] Remil punished laconnequideez for: Double Poste
17-08-17 01:39:19 [INFO] [OctoBans] Remil punished sashoune25 for: Double Poste
17-08-17 01:48:58 [INFO] [OctoBans] Wiindows punished wolfgang for: Insulte grave
17-08-17 01:51:10 [INFO] [OctoBans] Remil punished relaster for: Langage incorrect
17-08-17 01:52:28 [INFO] [OctoBans] Wiindows punished by_kw3e for: Double Poste
17-08-17 02:00:26 [INFO] [OctoBans] mazeup sql checked, record: insultegrave by NeyTox to 1503059747
17-08-17 02:02:11 [INFO] [OctoBans] _topui_ sql checked, record: spammp by ZerKup to -1
17-08-17 02:09:17 [INFO] [OctoBans] LaKitaw punished romudu269 for: Double Poste
17-08-17 02:12:38 [INFO] [OctoBans] Remil punished zogaleuhbg for: Langage incorrect
17-08-17 02:20:28 [INFO] [OctoBans] azzymaster punished inuteuuuh_ for: Majuscule
17-08-17 02:29:37 [INFO] [OctoBans] azzymaster punished rayz_burn for: Double Poste
17-08-17 02:34:07 [INFO] [OctoBans] denis018 sql checked, record: spammp by Remil to -1
17-08-17 02:35:30 [INFO] [OctoBans] azzymaster punished azzymaster for: Double Poste
17-08-17 02:38:18 [INFO] [OctoBans] LaKitaw punished _topui_ for: Langage incorrect
17-08-17 02:40:56 [INFO] [OctoBans] LaKitaw punished florian4667 for: Insulte staff
17-08-17 02:44:36 [INFO] [OctoBans] Remil punished mistergamer for: Double Poste
17-08-17 02:51:45 [INFO] [OctoBans] mabilou29 sql checked, record: spammp by SnowEffect to -1
17-08-17 02:51:45 [INFO] [OctoBans] mabilou29 sql checked, record: spammp by SnowEffect to -1
17-08-17 03:05:26 [INFO] [OctoBans] LaKitaw punished shadows_ for: Langage incorrect
17-08-17 03:19:19 [INFO] [OctoBans] Wiindows punished blc_frr_pvp for: Insulte grave
17-08-17 06:01:01 [INFO] [OctoBans] Disabling OctoBans v1.0
