09-06-17 22:31:42 [INFO] [OctoBans] File Handler successfully initialized!
09-06-17 22:31:42 [INFO] [OctoBans] SQL connection successfully etablished
09-06-17 22:31:42 [INFO] [OctoBans] Moderator Tools by Octonia.
09-06-17 22:31:47 [INFO] [OctoBans] superjojo sql checked, record: spammp by SkyKosIV to -1
09-06-17 22:31:47 [INFO] [OctoBans] kyzirie sql checked, record: spammp by PseudoNul to -1
09-06-17 22:31:47 [INFO] [OctoBans] ew3l sql checked, record: spammp by SnowEffect to -1
09-06-17 22:31:47 [INFO] [OctoBans] craziix_eu sql checked, record: spammp by Remil to -1
09-06-17 22:31:47 [INFO] [OctoBans] theo_pveur sql checked, record: spammp by Remil to -1
09-06-17 22:31:47 [INFO] [OctoBans] whiskass sql checked, record: spammp by SuperJojo to -1
09-06-17 22:31:47 [INFO] [OctoBans] stickfly sql checked, record: spammp by SnowEffect to -1
09-06-17 22:31:47 [INFO] [OctoBans] zlkayzen sql checked, record: spammp by PseudoNul to -1
09-06-17 22:31:47 [INFO] [OctoBans] idecow_ sql checked, record: spammp by PseudoNul to -1
09-06-17 22:31:47 [INFO] [OctoBans] idecow_ sql checked, record: spammp by SuperJojo to -1
09-06-17 22:31:47 [INFO] [OctoBans] idecow_ sql checked, record: spammp by PseudoNul to -1
09-06-17 22:31:47 [INFO] [OctoBans] maxougaming sql checked, record: spammp by PseudoNul to -1
09-06-17 22:31:47 [INFO] [OctoBans] maxougaming sql checked, record: spammp by PseudoNul to -1
09-06-17 22:31:47 [INFO] [OctoBans] hugery sql checked, record: insultesrv by Remil to 1497050231
09-06-17 22:31:47 [INFO] [OctoBans] jteezenclaquet sql checked, record: kickautre by Steph078 to -1
09-06-17 22:31:47 [INFO] [OctoBans] ocip_matth sql checked, record: spammp by ZerKup to -1
09-06-17 22:31:47 [INFO] [OctoBans] ocip_matth sql checked, record: spammp by SuperJojo to -1
09-06-17 22:31:47 [INFO] [OctoBans] ocip_matth sql checked, record: kickautre by Steph078 to -1
09-06-17 22:31:47 [INFO] [OctoBans] zkingrage sql checked, record: spammp by PseudoNul to -1
09-06-17 22:31:47 [INFO] [OctoBans] zkingrage sql checked, record: spammp by PseudoNul to -1
09-06-17 22:31:47 [INFO] [OctoBans] neoxgaming sql checked, record: spammp by SuperJojo to -1
09-06-17 22:31:47 [INFO] [OctoBans] neoxgaming sql checked, record: spammp by SuperJojo to -1
09-06-17 22:31:47 [INFO] [OctoBans] lassa18 sql checked, record: spammp by Remil to -1
09-06-17 22:31:47 [INFO] [OctoBans] ncisenzo sql checked, record: kickautre by Steph078 to -1
09-06-17 22:31:47 [INFO] [OctoBans] by_fayth sql checked, record: spammp by SuperJojo to -1
09-06-17 22:31:47 [INFO] [OctoBans] by_fayth sql checked, record: spammp by YTB_XxKarnageXx to -1
09-06-17 22:31:47 [INFO] [OctoBans] walterwhite sql checked, record: spammp by SuperJojo to -1
09-06-17 22:31:47 [INFO] [OctoBans] walterwhite sql checked, record: insultestaff by Forway to 1497090624
09-06-17 22:31:47 [INFO] [OctoBans] walterwhite sql checked, record: insultestaff by Forway to 1497128064
09-06-17 22:31:47 [INFO] [OctoBans] evann95 sql checked, record: spammp by Theo97 to -1
09-06-17 22:31:47 [INFO] [OctoBans] mathissuryoutube sql checked, record: doubleposte by SuperJojo to 1497040351
09-06-17 22:31:47 [INFO] [OctoBans] firecraft sql checked, record: spammp by ZerKup to -1
09-06-17 22:31:47 [INFO] [OctoBans] firecraft sql checked, record: spammp by SuperJojo to -1
09-06-17 22:31:47 [INFO] [OctoBans] firecraft sql checked, record: spammp by Remil to -1
09-06-17 22:31:47 [INFO] [OctoBans] firecraft sql checked, record: spammp by SuperJojo to -1
09-06-17 22:31:47 [INFO] [OctoBans] firecraft sql checked, record: spammp by SuperJojo to -1
09-06-17 22:31:47 [INFO] [OctoBans] by_fly sql checked, record: langage by SuperJojo to 1497042161
09-06-17 22:31:47 [INFO] [OctoBans] gamix_yt sql checked, record: spammp by SkyKosIV to -1
09-06-17 22:31:47 [INFO] [OctoBans] gamix_yt sql checked, record: spammp by Steph078 to -1
09-06-17 22:31:47 [INFO] [OctoBans] gamix_yt sql checked, record: homophobie by ZerKup to 1497042738
09-06-17 22:31:47 [INFO] [OctoBans] solidrobot sql checked, record: insulte by D3adOrSnipSurYTB to 1497042689
09-06-17 22:31:47 [INFO] [OctoBans] mkdarkos sql checked, record: doubleposte by GramatiK to 1497040582
09-06-17 22:31:47 [INFO] [OctoBans] mkdarkos sql checked, record: flood by zlKayzen to 1497042401
09-06-17 22:31:47 [INFO] [OctoBans] virtuoz4 sql checked, record: spammp by YTB_XxKarnageXx to -1
09-06-17 22:31:47 [INFO] [OctoBans] virtuoz4 sql checked, record: insultestaff by Forway to 1497089698
09-06-17 22:31:47 [INFO] [OctoBans] virtuoz4 sql checked, record: insultegrave by D3adOrSnipSurYTB to 1497053723
09-06-17 22:31:47 [INFO] [OctoBans] mrpepito94 sql checked, record: flood by zlKayzen to 1497046482
09-06-17 22:31:47 [INFO] [OctoBans] mini_cookies sql checked, record: doubleposte by GramatiK to 1497040464
09-06-17 22:31:52 [INFO] [OctoBans] yoshi_frost sql checked, record: spammp by Theo97 to -1
09-06-17 22:31:52 [INFO] [OctoBans] pppuissance sql checked, record: kickautre by Steph078 to -1
09-06-17 22:31:52 [INFO] [OctoBans] mini_gr4nola sql checked, record: spammp by SuperJojo to -1
09-06-17 22:31:54 [INFO] [OctoBans] akazede sql checked, record: insultegrave by Forway to 1497101737
09-06-17 22:31:55 [INFO] [OctoBans] duranoideman sql checked, record: spam by 54melih54 to 1497048832
09-06-17 22:31:55 [INFO] [OctoBans] darkai76 sql checked, record: kickautre by Steph078 to -1
09-06-17 22:31:55 [INFO] [OctoBans] darkai76 sql checked, record: kickautre by Antoine57565 to -1
09-06-17 22:31:56 [INFO] [OctoBans] 0limpyx sql checked, record: spammp by SnowEffect to -1
09-06-17 22:31:56 [INFO] [OctoBans] wiroox sql checked, record: insultegrave by D3adOrSnipSurYTB to 1497109298
09-06-17 22:31:56 [INFO] [OctoBans] mgk_tozzzz sql checked, record: spammp by SnowEffect to -1
09-06-17 22:31:58 [INFO] [OctoBans] lavache sql checked, record: spammp by SkyKosIV to -1
09-06-17 22:31:58 [INFO] [OctoBans] lavache sql checked, record: faussesinfos by The_Frusty to 1497108513
09-06-17 22:32:01 [INFO] [OctoBans] killerstan2424 sql checked, record: spammp by Remil to -1
09-06-17 22:32:01 [INFO] [OctoBans] superfilleciel sql checked, record: spammp by Theo97 to -1
09-06-17 22:32:06 [INFO] [OctoBans] sportek_ sql checked, record: spammp by SkyKosIV to -1
09-06-17 22:32:06 [INFO] [OctoBans] fulse50 sql checked, record: spammp by SnowEffect to -1
09-06-17 22:32:06 [INFO] [OctoBans] zelnox sql checked, record: majuscule by SuperJojo to 1497040625
09-06-17 22:32:08 [INFO] [OctoBans] mire sql checked, record: spammp by YTB_XxKarnageXx to -1
09-06-17 22:32:08 [INFO] [OctoBans] mire sql checked, record: spammp by SuperJojo to -1
09-06-17 22:32:09 [INFO] [OctoBans] iswiik sql checked, record: doubleposte by SuperJojo to 1497040575
09-06-17 22:32:10 [INFO] [OctoBans] toledo sql checked, record: spammp by Remil to -1
09-06-17 22:32:15 [INFO] [OctoBans] _supreme_gamer_ sql checked, record: spammp by SnowEffect to -1
09-06-17 22:32:15 [INFO] [OctoBans] SuperJojo punished drkiritoz_ for: Insulte grave
09-06-17 22:32:18 [INFO] [OctoBans] romlcm89 sql checked, record: majuscule by Remil to 1497042071
09-06-17 22:32:18 [INFO] [OctoBans] liltossman41 sql checked, record: spammp by Remil to -1
09-06-17 22:32:25 [INFO] [OctoBans] aldorbest sql checked, record: kickautre by Steph078 to -1
09-06-17 22:32:27 [INFO] [OctoBans] itz_smokew33d sql checked, record: spammp by Remil to -1
09-06-17 22:32:38 [INFO] [OctoBans] apex_blam sql checked, record: spammp by YTB_XxKarnageXx to -1
09-06-17 22:32:38 [INFO] [OctoBans] apex_blam sql checked, record: spammp by PseudoNul to -1
09-06-17 22:32:38 [INFO] [OctoBans] apex_blam sql checked, record: spammp by SnowEffect to -1
09-06-17 22:32:38 [INFO] [OctoBans] apex_blam sql checked, record: doubleposte by SuperJojo to 1497046994
09-06-17 22:32:38 [INFO] [OctoBans] yourdead sql checked, record: doubleposte by GramatiK to 1497041633
09-06-17 22:32:48 [INFO] [OctoBans] tipi201 sql checked, record: kickautre by ZerKup to -1
09-06-17 22:32:52 [INFO] [OctoBans] daymond_ sql checked, record: incitationflood by Forway to 1497114197
09-06-17 22:33:02 [INFO] [OctoBans] trop2skill sql checked, record: spam by SuperJojo to 1497044170
09-06-17 22:33:02 [INFO] [OctoBans] zighapvp sql checked, record: spammp by SuperJojo to -1
09-06-17 22:33:02 [INFO] [OctoBans] zighapvp sql checked, record: insultestaff by SuperJojo to 1497064391
09-06-17 22:33:06 [INFO] [OctoBans] singe_de_telfort sql checked, record: spammp by SuperJojo to -1
09-06-17 22:33:06 [INFO] [OctoBans] singe_de_telfort sql checked, record: kickautre by Steph078 to -1
09-06-17 22:33:06 [INFO] [OctoBans] singe_de_telfort sql checked, record: spammp by SuperJojo to -1
09-06-17 22:33:06 [INFO] [OctoBans] singe_de_telfort sql checked, record: spammp by SkyKosIV to -1
09-06-17 22:33:06 [INFO] [OctoBans] singe_de_telfort sql checked, record: spammp by YTB_XxKarnageXx to -1
09-06-17 22:33:06 [INFO] [OctoBans] singe_de_telfort sql checked, record: insultegrave by Remil to 1497040563
09-06-17 22:33:06 [INFO] [OctoBans] singe_de_telfort sql checked, record: spam by Theoklm57 to 1497043000
09-06-17 22:33:06 [INFO] [OctoBans] singe_de_telfort sql checked, record: spam by Theoklm57 to 1497047271
09-06-17 22:33:09 [INFO] [OctoBans] toly_ sql checked, record: spammp by PseudoNul to -1
09-06-17 22:33:09 [INFO] [OctoBans] toly_ sql checked, record: spammp by PseudoNul to -1
09-06-17 22:33:09 [INFO] [OctoBans] toly_ sql checked, record: insultegrave by 54melih54 to 1497102627
09-06-17 22:33:19 [INFO] [OctoBans] erinoxlx sql checked, record: kickautre by Steph078 to -1
09-06-17 22:33:20 [INFO] [OctoBans] maxencecraftytb sql checked, record: spammp by ZerKup to -1
09-06-17 22:33:20 [INFO] [OctoBans] maxencecraftytb sql checked, record: kickautre by Steph078 to -1
09-06-17 22:33:20 [INFO] [OctoBans] maxencecraftytb sql checked, record: spammp by SnowEffect to -1
09-06-17 22:33:20 [INFO] [OctoBans] maxencecraftytb sql checked, record: spammp by SuperJojo to -1
09-06-17 22:33:20 [INFO] [OctoBans] maxencecraftytb sql checked, record: spam by Forway to 1497082773
09-06-17 22:33:20 [INFO] [OctoBans] maxencecraftytb sql checked, record: faussesinfos by Remil to 1497125994
09-06-17 22:33:35 [INFO] [OctoBans] couilledeloup sql checked, record: kickautre by Steph078 to -1
09-06-17 22:34:02 [INFO] [OctoBans] acos79 sql checked, record: spammp by YTB_XxKarnageXx to -1
09-06-17 22:34:02 [INFO] [OctoBans] acos79 sql checked, record: spammp by Steph078 to -1
09-06-17 22:34:39 [INFO] [OctoBans] iskeaz sql checked, record: spammp by SkyKosIV to -1
09-06-17 22:34:46 [INFO] [OctoBans] 120403jean sql checked, record: spammp by Remil to -1
09-06-17 22:36:01 [INFO] [OctoBans] lolo76200 sql checked, record: spammp by PseudoNul to -1
09-06-17 22:36:27 [INFO] [OctoBans] lololaclarinette sql checked, record: racism by Chirak_sama to 1497109012
09-06-17 22:36:34 [INFO] [OctoBans] ytb_xxkarnagexx sql checked, record: kickautre by Steph078 to -1
09-06-17 22:37:10 [INFO] [OctoBans] D3adOrSnipSurYTB punished audin29 for: Majuscule
09-06-17 22:37:33 [INFO] [OctoBans] Chirak_sama punished bellepoutine for: Double Poste
09-06-17 22:37:57 [INFO] [OctoBans] Forway punished the_gotsen for: Provocation
09-06-17 22:38:23 [INFO] [OctoBans] Forway punished run4life for: Langage incorrect
09-06-17 22:39:36 [INFO] [OctoBans] toscana2 sql checked, record: spammp by PseudoNul to -1
09-06-17 22:39:58 [INFO] [OctoBans] skyizi91 sql checked, record: spammp by PseudoNul to -1
09-06-17 22:39:58 [INFO] [OctoBans] skyizi91 sql checked, record: spammp by Remil to -1
09-06-17 22:40:11 [INFO] [OctoBans] D3adOrSnipSurYTB punished skyizi91 for: Majuscule
09-06-17 22:40:17 [INFO] [OctoBans] drkiritoz_ sql checked, record: insultegrave by SuperJojo to 1497184335
09-06-17 22:40:39 [INFO] [OctoBans] YTB_XxKarnageXx punished drkiritoz_ for: Spam/flood en MP
09-06-17 22:40:46 [INFO] [OctoBans] D3adOrSnipSurYTB punished seiyox for: Double Poste
09-06-17 22:41:07 [INFO] [OctoBans] YTB_XxKarnageXx punished seiyox for: Spam/flood
09-06-17 22:41:16 [INFO] [OctoBans] by_kw3e sql checked, record: kickautre by Antoine57565 to -1
09-06-17 22:42:45 [INFO] [OctoBans] papigabi sql checked, record: spammp by SnowEffect to -1
09-06-17 22:44:33 [INFO] [OctoBans] Chirak_sama punished mathissuryoutube for: Racisme
09-06-17 22:44:56 [INFO] [OctoBans] YTB_XxKarnageXx punished byz30 for: Spam/flood
09-06-17 22:45:34 [INFO] [OctoBans] Chirak_sama punished crazyfrez for: Double Poste
09-06-17 22:46:03 [INFO] [OctoBans] Chirak_sama punished crazyfrez for: Spam/flood
09-06-17 22:47:15 [INFO] [OctoBans] njims sql checked, record: spammp by Remil to -1
09-06-17 22:47:15 [INFO] [OctoBans] njims sql checked, record: spammp by PseudoNul to -1
09-06-17 22:47:18 [INFO] [OctoBans] SuperJojo punished razgard59 for: Spam/flood en MP
09-06-17 22:48:43 [INFO] [OctoBans] 54melih54 punished mathissuryoutube for: Provocation
09-06-17 22:49:02 [INFO] [OctoBans] YTB_XxKarnageXx punished kilowass for: Spam/flood
09-06-17 22:50:21 [INFO] [OctoBans] SuperJojo punished razgard59 for: Spam /f open
09-06-17 22:51:29 [INFO] [OctoBans] justshaas sql checked, record: insultestaff by SuperJojo to 1497064898
09-06-17 22:52:49 [INFO] [OctoBans] azrod59 sql checked, record: incitationflood by SnowEffect to 1497111014
09-06-17 22:53:05 [INFO] [OctoBans] fabio sql checked, record: spammp by Remil to -1
09-06-17 22:53:23 [INFO] [OctoBans] YTB_XxKarnageXx punished demonz_pvp for: Spam /f open
09-06-17 22:53:30 [INFO] [OctoBans] _dragibus_ sql checked, record: spammp by Remil to -1
09-06-17 22:53:30 [INFO] [OctoBans] _dragibus_ sql checked, record: spammp by Remil to -1
09-06-17 22:53:30 [INFO] [OctoBans] _dragibus_ sql checked, record: spammp by Remil to -1
09-06-17 22:53:47 [INFO] [OctoBans] YTB_XxKarnageXx punished agent_mn for: Double Poste
09-06-17 22:54:13 [INFO] [OctoBans] sosofb sql checked, record: spammp by Theo97 to -1
09-06-17 22:55:15 [INFO] [OctoBans] shouteur sql checked, record: spammp by Remil to -1
09-06-17 22:56:07 [INFO] [OctoBans] YTB_XxKarnageXx punished zefix for: Spam/flood
09-06-17 22:57:26 [INFO] [OctoBans] grm25 sql checked, record: spammp by SuperJojo to -1
09-06-17 22:57:51 [INFO] [OctoBans] alecsy08 sql checked, record: menacehack by SkyKosIV to 1497044233
09-06-17 22:57:53 [INFO] [OctoBans] kvinzo sql checked, record: spammp by PseudoNul to -1
09-06-17 22:57:56 [INFO] [OctoBans] zoxis sql checked, record: spammp by Theo97 to -1
09-06-17 22:58:22 [INFO] [OctoBans] Chirak_sama punished hero_show for: Provocation
09-06-17 22:59:40 [INFO] [OctoBans] SuperJojo punished brendon62000 for: Double Poste
09-06-17 23:00:43 [INFO] [OctoBans] YTB_XxKarnageXx punished chrisrequin for: Spam/flood
09-06-17 23:01:40 [INFO] [OctoBans] YTB_XxKarnageXx punished sniperdu30 for: Majuscule
09-06-17 23:02:03 [INFO] [OctoBans] Forway punished _propvp_ for: Double Poste
09-06-17 23:02:03 [INFO] [OctoBans] YTB_XxKarnageXx punished homosapiens_ for: Spam /f open
09-06-17 23:02:05 [INFO] [OctoBans] romudu269 sql checked, record: spammp by SkyKosIV to -1
09-06-17 23:02:10 [INFO] [OctoBans] YTB_XxKarnageXx punished darkai76 for: Majuscule
09-06-17 23:02:47 [INFO] [OctoBans] Forway punished yinox for: Majuscule
09-06-17 23:02:55 [INFO] [OctoBans] hayden_frost sql checked, record: spammp by PseudoNul to -1
09-06-17 23:03:33 [INFO] [OctoBans] YTB_XxKarnageXx punished mrbanana for: Publicité Youtubeur
09-06-17 23:06:16 [INFO] [OctoBans] YTB_XxKarnageXx punished woowww_ for: Langage incorrect
09-06-17 23:06:55 [INFO] [OctoBans] YTB_XxKarnageXx punished azzer0d for: Fausses informations
09-06-17 23:09:31 [INFO] [OctoBans] deathgun sql checked, record: spammp by Remil to -1
09-06-17 23:10:00 [INFO] [OctoBans] YTB_XxKarnageXx punished xxmasteriiii for: Double Poste
09-06-17 23:10:34 [INFO] [OctoBans] Kevdacosta punished lassa18 for: Insulte
09-06-17 23:11:35 [INFO] [OctoBans] YTB_XxKarnageXx punished ponctuationv2 for: Double Poste
09-06-17 23:11:46 [INFO] [OctoBans] YTB_XxKarnageXx punished neoxgaming for: Provocation
09-06-17 23:17:24 [INFO] [OctoBans] Chirak_sama punished hey_ for: Provocation
09-06-17 23:19:23 [INFO] [OctoBans] YTB_XxKarnageXx punished xxdemonkyllerx for: Double Poste
09-06-17 23:22:41 [INFO] [OctoBans] Remil punished emmenal for: Double Poste
09-06-17 23:22:44 [INFO] [OctoBans] Remil punished totosam17 for: Double Poste
09-06-17 23:23:36 [INFO] [OctoBans] YTB_XxKarnageXx punished winningyt for: Langage incorrect
09-06-17 23:24:45 [INFO] [OctoBans] imdylan sql checked, record: spammp by SnowEffect to -1
09-06-17 23:25:00 [INFO] [OctoBans] arrowgaming sql checked, record: spammp by SkyKosIV to -1
09-06-17 23:28:36 [INFO] [OctoBans] Chirak_sama punished drkiritoz_ for: Insulte grave
09-06-17 23:30:34 [INFO] [OctoBans] Remil punished lolo76200 for: Double Poste
09-06-17 23:31:00 [INFO] [OctoBans] Chirak_sama punished hero_show for: Double Poste
09-06-17 23:31:23 [INFO] [OctoBans] Kevdacosta punished zlkayzen for: Provocation
09-06-17 23:31:32 [INFO] [OctoBans] GramatiK punished jterektenskate for: Publicité Youtubeur
09-06-17 23:33:16 [INFO] [OctoBans] Remil punished pandazzz for: Spam/flood
09-06-17 23:36:27 [INFO] [OctoBans] Remil punished xdiablox for: Menace de hack
09-06-17 23:36:45 [INFO] [OctoBans] stonewolf sql checked, record: spammp by SuperJojo to -1
09-06-17 23:36:54 [INFO] [OctoBans] Remil punished xdiablox for: Menace de hack
09-06-17 23:37:51 [INFO] [OctoBans] Remil punished xdiablox for: Menace de hack
09-06-17 23:38:40 [INFO] [OctoBans] Remil punished xdiablox for: Menace de hack
09-06-17 23:39:22 [INFO] [OctoBans] 54melih54 punished lgk54 for: Insulte grave
09-06-17 23:39:43 [INFO] [OctoBans] Remil punished xdiablox for: Menace de hack
09-06-17 23:40:01 [INFO] [OctoBans] GramatiK punished reyzzerpvp for: Double Poste
09-06-17 23:41:30 [INFO] [OctoBans] Chirak_sama punished julie52100 for: Insulte
09-06-17 23:44:02 [INFO] [OctoBans] Chirak_sama punished sideralyt for: Double Poste
09-06-17 23:47:17 [INFO] [OctoBans] Remil punished chaser for: Insulte
09-06-17 23:51:06 [INFO] [OctoBans] Chirak_sama punished v0rtexneokilleur for: Insulte
09-06-17 23:52:38 [INFO] [OctoBans] Chirak_sama punished eliottee for: Insulte
09-06-17 23:52:52 [INFO] [OctoBans] xx_propvp_xx sql checked, record: spam by Remil to 1497049871
09-06-17 23:53:25 [INFO] [OctoBans] Kevdacosta punished itymax for: Insulte
09-06-17 23:53:59 [INFO] [OctoBans] Kevdacosta punished zoroto for: Majuscule
09-06-17 23:54:20 [INFO] [OctoBans] romudu269 sql checked, record: spammp by SkyKosIV to -1
09-06-17 23:54:46 [INFO] [OctoBans] Chirak_sama punished romudu269 for: Provocation
09-06-17 23:56:02 [INFO] [OctoBans] Chirak_sama punished _goldney_ for: Double Poste
09-06-17 23:56:55 [INFO] [OctoBans] Chirak_sama punished romudu269 for: Insulte staff
09-06-17 23:57:13 [INFO] [OctoBans] Kevdacosta punished enzole31 for: Double Poste
09-06-17 23:58:35 [INFO] [OctoBans] Chirak_sama punished romudu269 for: Insulte staff
09-06-17 23:59:08 [INFO] [OctoBans] Chirak_sama punished leminecraftien80 for: Insulte grave
10-06-17 00:01:15 [INFO] [OctoBans] GramatiK punished aldorbest for: Double Poste
10-06-17 00:01:50 [INFO] [OctoBans] Remil punished trystan59220 for: Majuscule
10-06-17 00:02:07 [INFO] [OctoBans] Remil punished mkdarkos for: Double Poste
10-06-17 00:02:11 [INFO] [OctoBans] Remil punished _saiken for: Majuscule
10-06-17 00:02:55 [INFO] [OctoBans] Kevdacosta punished closte124 for: Double Poste
10-06-17 00:03:41 [INFO] [OctoBans] imp_mouloud sql checked, record: insultestaff by Forway to 1497086573
10-06-17 00:03:41 [INFO] [OctoBans] imp_mouloud sql checked, record: insultestaff by Forway to 1497122597
10-06-17 00:03:41 [INFO] [OctoBans] imp_mouloud sql checked, record: insultestaff by Forway to 1497160118
10-06-17 00:03:41 [INFO] [OctoBans] imp_mouloud sql checked, record: insultestaff by Forway to 1497196278
10-06-17 00:03:41 [INFO] [OctoBans] imp_mouloud sql checked, record: insultestaff by Forway to 1497232302
10-06-17 00:03:41 [INFO] [OctoBans] imp_mouloud sql checked, record: insultestaff by Forway to 1497268341
10-06-17 00:03:41 [INFO] [OctoBans] imp_mouloud sql checked, record: spammp by Theo97 to -1
10-06-17 00:04:44 [INFO] [OctoBans] GramatiK punished gioxplay for: Majuscule
10-06-17 00:05:22 [INFO] [OctoBans] Remil punished sosodidi for: Langage incorrect
10-06-17 00:09:05 [INFO] [OctoBans] Remil punished sosodidi for: Spam/flood en MP
10-06-17 00:09:11 [INFO] [OctoBans] Remil punished sosofb for: Insulte grave
10-06-17 00:09:55 [INFO] [OctoBans] Remil punished sosodidi for: Insulte grave
10-06-17 00:10:11 [INFO] [OctoBans] Remil punished megediagemeur for: Double Poste
10-06-17 00:13:16 [INFO] [OctoBans] Kevdacosta punished oxaford for: Majuscule
10-06-17 00:17:10 [INFO] [OctoBans] dylan5621 sql checked, record: insultegrave by Remil to 1497067496
10-06-17 00:20:08 [INFO] [OctoBans] SkyKosIV punished prada for: TpKill
10-06-17 00:22:17 [INFO] [OctoBans] xeloman sql checked, record: spammp by SnowEffect to -1
10-06-17 00:25:09 [INFO] [OctoBans] ext4zzy sql checked, record: spammp by Remil to -1
10-06-17 00:25:09 [INFO] [OctoBans] ext4zzy sql checked, record: spammp by Remil to -1
10-06-17 00:25:09 [INFO] [OctoBans] ext4zzy sql checked, record: spammp by Remil to -1
10-06-17 00:25:09 [INFO] [OctoBans] ext4zzy sql checked, record: spammp by SuperJojo to -1
10-06-17 00:25:09 [INFO] [OctoBans] ext4zzy sql checked, record: kickautre by Steph078 to -1
10-06-17 00:25:09 [INFO] [OctoBans] ext4zzy sql checked, record: spammp by SuperJojo to -1
10-06-17 00:25:09 [INFO] [OctoBans] ext4zzy sql checked, record: spammp by Remil to -1
10-06-17 00:25:52 [INFO] [OctoBans] SkyKosIV punished aldorbest for: Double Poste
10-06-17 00:26:20 [INFO] [OctoBans] ilos94 sql checked, record: incitationflood by D3adOrSnipSurYTB to 1497079944
10-06-17 00:36:37 [INFO] [OctoBans] SkyKosIV punished oeufdepoule62 for: Insulte
10-06-17 00:45:37 [INFO] [OctoBans] mahabouledroguer sql checked, record: insultegrave by Antoine57565 to 1497070618
10-06-17 00:46:31 [INFO] [OctoBans] Kevdacosta punished tntgoesboom for: Spam/flood
10-06-17 00:46:37 [INFO] [OctoBans] Kevdacosta punished pvp_thibaut_pvp for: Spam/flood
10-06-17 00:52:33 [INFO] [OctoBans] xdiablox sql checked, record: menacehack by Remil to 1497562587
10-06-17 00:52:33 [INFO] [OctoBans] xdiablox sql checked, record: menacehack by Remil to 1497821814
10-06-17 00:52:33 [INFO] [OctoBans] xdiablox sql checked, record: menacehack by Remil to 1498081071
10-06-17 00:52:33 [INFO] [OctoBans] xdiablox sql checked, record: menacehack by Remil to 1498340320
10-06-17 00:52:33 [INFO] [OctoBans] xdiablox sql checked, record: menacehack by Remil to 1498599583
10-06-17 00:52:58 [INFO] [OctoBans] Kevdacosta punished le_clodov2 for: Insulte serveur
10-06-17 00:53:47 [INFO] [OctoBans] zlKayzen punished killerstan2424 for: Double Poste
10-06-17 00:56:59 [INFO] [OctoBans] zlKayzen punished totototo11 for: Publicité Youtubeur
10-06-17 01:02:42 [INFO] [OctoBans] zlKayzen punished killerstan2424 for: Insulte
10-06-17 01:08:20 [INFO] [OctoBans] Kevdacosta punished vagosts for: Double Poste
10-06-17 01:09:11 [INFO] [OctoBans] 54melih54 punished foxpoxy for: Double Poste
10-06-17 01:13:58 [INFO] [OctoBans] 54melih54 punished foxpoxy for: Fausses informations
10-06-17 01:20:23 [INFO] [OctoBans] Mzeer punished by_fly for: Insulte grave
10-06-17 01:20:37 [INFO] [OctoBans] Mzeer punished suldrexx for: Insulte
10-06-17 01:22:41 [INFO] [OctoBans] samybg sql checked, record: spammp by Remil to -1
10-06-17 01:28:58 [INFO] [OctoBans] Kevdacosta punished lemassondu77 for: Spam/flood
10-06-17 01:33:31 [INFO] [OctoBans] cocacola62 sql checked, record: spammp by SuperJojo to -1
10-06-17 01:33:31 [INFO] [OctoBans] cocacola62 sql checked, record: spammp by SuperJojo to -1
10-06-17 01:33:31 [INFO] [OctoBans] cocacola62 sql checked, record: spammp by SuperJojo to -1
10-06-17 01:41:54 [INFO] [OctoBans] neeskof sql checked, record: spammp by SuperJojo to -1
10-06-17 01:42:30 [INFO] [OctoBans] Kevdacosta punished strikewail for: Spam/flood
10-06-17 01:42:59 [INFO] [OctoBans] steph078 sql checked, record: spammp by Blubfire to -1
10-06-17 01:43:16 [INFO] [OctoBans] Mzeer punished sam1 for: Spam/flood
10-06-17 02:00:31 [INFO] [OctoBans] Steph078 punished ext4zzy for: Provocation
10-06-17 02:29:30 [INFO] [OctoBans] Remil punished mgk_tozzzz for: Majuscule
10-06-17 02:52:00 [INFO] [OctoBans] Remil punished itz_smokew33d for: Spam/flood
10-06-17 02:56:26 [INFO] [OctoBans] Remil punished xx_gab13_xx for: Insulte grave
10-06-17 04:40:20 [INFO] [OctoBans] Remil punished gamix_yt for: Spam/flood
10-06-17 04:45:07 [INFO] [OctoBans] Remil punished vortexomega for: Double Poste
10-06-17 04:57:42 [INFO] [OctoBans] Remil punished imdylan for: Langage incorrect
10-06-17 05:12:14 [INFO] [OctoBans] ray54 sql checked, record: spammp by SuperJojo to -1
10-06-17 06:01:01 [INFO] [OctoBans] Disabling OctoBans v1.0
