13-08-17 22:31:42 [INFO] [OctoBans] File Handler successfully initialized!
13-08-17 22:31:42 [INFO] [OctoBans] SQL connection successfully etablished
13-08-17 22:31:42 [INFO] [OctoBans] Moderator Tools by Octonia.
13-08-17 22:31:48 [INFO] [OctoBans] _supreme_gamer_ sql checked, record: spammp by SnowEffect to -1
13-08-17 22:31:48 [INFO] [OctoBans] biguiboss31 sql checked, record: spammp by PseudoNul to -1
13-08-17 22:31:48 [INFO] [OctoBans] biguiboss31 sql checked, record: spammp by Remil to -1
13-08-17 22:31:48 [INFO] [OctoBans] minecanis sql checked, record: spammp by Remil to -1
13-08-17 22:31:48 [INFO] [OctoBans] azertuip sql checked, record: spammp by Remil to -1
13-08-17 22:31:48 [INFO] [OctoBans] abdousuryt sql checked, record: insultegrave by JustMySkill to 1502660661
13-08-17 22:31:48 [INFO] [OctoBans] abdousuryt sql checked, record: faussesinfos by JustMySkill to 1502732637
13-08-17 22:31:48 [INFO] [OctoBans] louiska_ sql checked, record: spammp by iPurple_ to -1
13-08-17 22:31:48 [INFO] [OctoBans] louiska_ sql checked, record: spammp by SuperJojo to -1
13-08-17 22:31:58 [INFO] [OctoBans] dixlou sql checked, record: spammp by Remil to -1
13-08-17 22:32:00 [INFO] [OctoBans] baka_le_fou sql checked, record: spammp by ZerKup to -1
13-08-17 22:32:00 [INFO] [OctoBans] baka_le_fou sql checked, record: incitationflood by JustMySkill to 1502727645
13-08-17 22:32:01 [INFO] [OctoBans] nobodykinghd sql checked, record: homophobie by Remil to 1502728391
13-08-17 22:32:03 [INFO] [OctoBans] elene88000 sql checked, record: spammp by Remil to -1
13-08-17 22:32:04 [INFO] [OctoBans] mistergamingv2 sql checked, record: spammp by Remil to -1
13-08-17 22:32:04 [INFO] [OctoBans] mistergamingv2 sql checked, record: spammp by YTB_XxKarnageXx to -1
13-08-17 22:32:10 [INFO] [OctoBans] neoxgaming sql checked, record: spammp by YTB_XxKarnageXx to -1
13-08-17 22:32:11 [INFO] [OctoBans] jasoxx sql checked, record: spammp by iPurple_ to -1
13-08-17 22:32:11 [INFO] [OctoBans] jasoxx sql checked, record: spammp by drbrine to -1
13-08-17 22:32:11 [INFO] [OctoBans] jasoxx sql checked, record: spammp by drbrine to -1
13-08-17 22:32:11 [INFO] [OctoBans] jasoxx sql checked, record: spammp by drbrine to -1
13-08-17 22:32:11 [INFO] [OctoBans] by_fly sql checked, record: spammp by NeosiaNexus to -1
13-08-17 22:32:39 [INFO] [OctoBans] fasko sql checked, record: insultegrave by Steph078 to 1502692132
13-08-17 22:32:52 [INFO] [OctoBans] shouteur sql checked, record: spammp by Remil to -1
13-08-17 22:32:54 [INFO] [OctoBans] boubou37 sql checked, record: doubleposte by JustMySkill to 1502657140
13-08-17 22:33:05 [INFO] [OctoBans] zlfire49 sql checked, record: spammp by Remil to -1
13-08-17 22:33:26 [INFO] [OctoBans] kille sql checked, record: spammp by Remil to -1
13-08-17 22:33:26 [INFO] [OctoBans] kille sql checked, record: spammp by SkyKosIV to -1
13-08-17 22:33:26 [INFO] [OctoBans] kille sql checked, record: incitationflood by tinmar to 1502704346
13-08-17 22:33:56 [INFO] [OctoBans] craftman sql checked, record: faussesinfos by Dixlou to 1502738064
13-08-17 22:33:58 [INFO] [OctoBans] mini___pika sql checked, record: spammp by YTB_XxKarnageXx to -1
13-08-17 22:34:42 [INFO] [OctoBans] d3adorsnipsurytb sql checked, record: spammp by Remil to -1
13-08-17 22:36:42 [INFO] [OctoBans] totototo11 sql checked, record: spammp by NeosiaNexus to -1
13-08-17 22:36:42 [INFO] [OctoBans] totototo11 sql checked, record: spammp by PseudoNul to -1
13-08-17 22:37:54 [INFO] [OctoBans] wiindows sql checked, record: floodmp by Forway to -1
13-08-17 22:38:03 [INFO] [OctoBans] booba92i sql checked, record: kickautre by NeosiaNexus to -1
13-08-17 22:38:14 [INFO] [OctoBans] _stuntix_ sql checked, record: spammp by YTB_XxKarnageXx to -1
13-08-17 22:38:14 [INFO] [OctoBans] _stuntix_ sql checked, record: incitationflood by Dixlou to 1502732257
13-08-17 22:38:22 [INFO] [OctoBans] Remil punished estebans29300 for: Double Poste
13-08-17 22:39:42 [INFO] [OctoBans] Remil punished louiska_ for: Double Poste
13-08-17 22:40:46 [INFO] [OctoBans] mixou2007 sql checked, record: spammp by Remil to -1
13-08-17 22:40:46 [INFO] [OctoBans] mixou2007 sql checked, record: spammp by Remil to -1
13-08-17 22:40:46 [INFO] [OctoBans] mixou2007 sql checked, record: spammp by drbrine to -1
13-08-17 22:41:27 [INFO] [OctoBans] instateproofy sql checked, record: spammp by Remil to -1
13-08-17 22:41:27 [INFO] [OctoBans] instateproofy sql checked, record: spammp by Remil to -1
13-08-17 22:41:30 [INFO] [OctoBans] dark_titix sql checked, record: spammp by Remil to -1
13-08-17 22:41:30 [INFO] [OctoBans] dark_titix sql checked, record: spammp by Remil to -1
13-08-17 22:41:30 [INFO] [OctoBans] dark_titix sql checked, record: spammp by Remil to -1
13-08-17 22:43:38 [INFO] [OctoBans] pioupiou2003 sql checked, record: homophobie by Forway to 1502724664
13-08-17 22:43:41 [INFO] [OctoBans] yolodu13 sql checked, record: insultegrave by YTB_XxKarnageXx to 1502685649
13-08-17 22:44:37 [INFO] [OctoBans] mrkebab sql checked, record: spammp by SuperJojo to -1
13-08-17 22:44:37 [INFO] [OctoBans] mrkebab sql checked, record: spammp by SuperJojo to -1
13-08-17 22:44:37 [INFO] [OctoBans] mrkebab sql checked, record: spammp by Remil to -1
13-08-17 22:44:37 [INFO] [OctoBans] mrkebab sql checked, record: faussesinfos by JustMySkill to 1502717498
13-08-17 22:44:37 [INFO] [OctoBans] mrkebab sql checked, record: spammp by Remil to -1
13-08-17 22:45:08 [INFO] [OctoBans] ishaadow_ sql checked, record: spammp by SmooKeur to -1
13-08-17 22:45:08 [INFO] [OctoBans] ishaadow_ sql checked, record: spammp by Remil to -1
13-08-17 22:45:08 [INFO] [OctoBans] ishaadow_ sql checked, record: langage by Dixlou to 1502661206
13-08-17 22:45:39 [INFO] [OctoBans] JustMySkill punished abdousuryt for: Provocation
13-08-17 22:47:32 [INFO] [OctoBans] anthony972 sql checked, record: spammp by Remil to -1
13-08-17 22:47:32 [INFO] [OctoBans] anthony972 sql checked, record: spammp by Remil to -1
13-08-17 22:47:32 [INFO] [OctoBans] anthony972 sql checked, record: insultegrave by ChronoEthernal to 1502742956
13-08-17 22:47:35 [INFO] [OctoBans] Remil punished titisim for: Provocation
13-08-17 22:48:46 [INFO] [OctoBans] Remil punished eternal_dreikz for: Langage incorrect
13-08-17 22:50:34 [INFO] [OctoBans] sosodidi sql checked, record: spam by Remil to 1502657499
13-08-17 22:50:39 [INFO] [OctoBans] waza sql checked, record: insultegrave by TheBrioche13 to 1502680508
13-08-17 22:50:58 [INFO] [OctoBans] juldestructeur sql checked, record: spammp by PseudoNul to -1
13-08-17 22:50:58 [INFO] [OctoBans] juldestructeur sql checked, record: spammp by PseudoNul to -1
13-08-17 22:53:41 [INFO] [OctoBans] JustMySkill punished hugoboss44 for: Spam/flood
13-08-17 22:54:00 [INFO] [OctoBans] pandazzz sql checked, record: spammp by Remil to -1
13-08-17 22:55:06 [INFO] [OctoBans] misterbolo sql checked, record: faussesinfos by Xylear to 1502663074
13-08-17 22:56:35 [INFO] [OctoBans] logamer sql checked, record: floodmp by Forway to -1
13-08-17 22:56:35 [INFO] [OctoBans] logamer sql checked, record: spammp by iPurple_ to -1
13-08-17 22:56:35 [INFO] [OctoBans] logamer sql checked, record: spammp by YTB_XxKarnageXx to -1
13-08-17 22:56:44 [INFO] [OctoBans] JustMySkill punished supernoah for: Majuscule
13-08-17 23:01:02 [INFO] [OctoBans] insanity sql checked, record: spammp by SkyKosIV to -1
13-08-17 23:05:02 [INFO] [OctoBans] Remil punished supernoah for: TpKill
13-08-17 23:05:55 [INFO] [OctoBans] by_kw3e sql checked, record: kickautre by Antoine57565 to -1
13-08-17 23:06:49 [INFO] [OctoBans] JustMySkill punished volganien for: Double Poste
13-08-17 23:10:36 [INFO] [OctoBans] Remil punished pandazzz for: Majuscule
13-08-17 23:11:01 [INFO] [OctoBans] progameur sql checked, record: spammp by tinmar to -1
13-08-17 23:11:08 [INFO] [OctoBans] xboymax sql checked, record: spammp by YTB_XxKarnageXx to -1
13-08-17 23:11:08 [INFO] [OctoBans] xboymax sql checked, record: spammp by tinmar to -1
13-08-17 23:11:08 [INFO] [OctoBans] xboymax sql checked, record: kickautre by CreepyEagle to -1
13-08-17 23:11:08 [INFO] [OctoBans] xboymax sql checked, record: spammp by tinmar to -1
13-08-17 23:11:08 [INFO] [OctoBans] xboymax sql checked, record: spammp by YTB_XxKarnageXx to -1
13-08-17 23:11:35 [INFO] [OctoBans] poulpeiluminaty1 sql checked, record: insultegrave by azzymaster to 1502662189
13-08-17 23:12:51 [INFO] [OctoBans] shouteur sql checked, record: spammp by Remil to -1
13-08-17 23:12:51 [INFO] [OctoBans] shouteur sql checked, record: provocation by Shouteur to 1502211528
13-08-17 23:12:51 [INFO] [OctoBans] shouteur sql checked, record: provocation by Shouteur to 1502216345
13-08-17 23:12:51 [INFO] [OctoBans] shouteur sql checked, record: pubyt by Shouteur to 1502220507
13-08-17 23:12:51 [INFO] [OctoBans] shouteur sql checked, record: langage by Shouteur to 1502225591
13-08-17 23:12:51 [INFO] [OctoBans] shouteur sql checked, record: provocation by Shouteur to 1502238426
13-08-17 23:12:51 [INFO] [OctoBans] shouteur sql checked, record: langage by Shouteur to 1502256458
13-08-17 23:12:51 [INFO] [OctoBans] shouteur sql checked, record: langage by Shouteur to 1502288897
13-08-17 23:12:51 [INFO] [OctoBans] shouteur sql checked, record: faussesinfos by Shouteur to 1502480077
13-08-17 23:12:51 [INFO] [OctoBans] shouteur sql checked, record: doubleposte by Shouteur to 1502316155
13-08-17 23:12:51 [INFO] [OctoBans] shouteur sql checked, record: faussesinfos by Shouteur to 1502404026
13-08-17 23:12:51 [INFO] [OctoBans] shouteur sql checked, record: langage by Shouteur to 1502322502
13-08-17 23:12:51 [INFO] [OctoBans] shouteur sql checked, record: langage by Shouteur to 1502323341
13-08-17 23:12:51 [INFO] [OctoBans] shouteur sql checked, record: provocation by Shouteur to 1502326996
13-08-17 23:12:51 [INFO] [OctoBans] shouteur sql checked, record: langage by Shouteur to 1502377325
13-08-17 23:12:51 [INFO] [OctoBans] shouteur sql checked, record: provocation by Shouteur to 1502375550
13-08-17 23:12:51 [INFO] [OctoBans] shouteur sql checked, record: spam by Shouteur to 1502385659
13-08-17 23:12:51 [INFO] [OctoBans] shouteur sql checked, record: provocation by Shouteur to 1502377412
13-08-17 23:12:51 [INFO] [OctoBans] shouteur sql checked, record: majuscule by Shouteur to 1502379724
13-08-17 23:12:51 [INFO] [OctoBans] shouteur sql checked, record: doubleposte by Shouteur to 1502404794
13-08-17 23:12:51 [INFO] [OctoBans] shouteur sql checked, record: spam by Shouteur to 1502471947
13-08-17 23:12:51 [INFO] [OctoBans] shouteur sql checked, record: spam by Shouteur to 1502474689
13-08-17 23:12:51 [INFO] [OctoBans] shouteur sql checked, record: insultesrv by Shouteur to 1502482497
13-08-17 23:12:51 [INFO] [OctoBans] shouteur sql checked, record: spam by Shouteur to 1502494828
13-08-17 23:12:51 [INFO] [OctoBans] shouteur sql checked, record: spam by Shouteur to 1502495130
13-08-17 23:12:51 [INFO] [OctoBans] shouteur sql checked, record: langage by Shouteur to 1502500808
13-08-17 23:12:51 [INFO] [OctoBans] shouteur sql checked, record: doubleposte by Shouteur to 1502493468
13-08-17 23:12:51 [INFO] [OctoBans] shouteur sql checked, record: doubleposte by Shouteur to 1502496351
13-08-17 23:12:51 [INFO] [OctoBans] shouteur sql checked, record: langage by Shouteur to 1502503641
13-08-17 23:12:51 [INFO] [OctoBans] shouteur sql checked, record: doubleposte by Shouteur to 1502497812
13-08-17 23:12:51 [INFO] [OctoBans] shouteur sql checked, record: doubleposte by Shouteur to 1502496769
13-08-17 23:12:51 [INFO] [OctoBans] shouteur sql checked, record: langage by Shouteur to 1502500103
13-08-17 23:12:51 [INFO] [OctoBans] shouteur sql checked, record: provocation by Shouteur to 1502501888
13-08-17 23:12:51 [INFO] [OctoBans] shouteur sql checked, record: pubyt by Shouteur to 1502505345
13-08-17 23:12:51 [INFO] [OctoBans] shouteur sql checked, record: homophobie by Shouteur to 1502589974
13-08-17 23:12:51 [INFO] [OctoBans] shouteur sql checked, record: doubleposte by Shouteur to 1502574247
13-08-17 23:12:51 [INFO] [OctoBans] shouteur sql checked, record: majuscule by Shouteur to 1502576809
13-08-17 23:12:56 [INFO] [OctoBans] dixlou sql checked, record: spammp by Remil to -1
13-08-17 23:12:56 [INFO] [OctoBans] dixlou sql checked, record: doubleposte by Dixlou to 1495749708
13-08-17 23:12:56 [INFO] [OctoBans] dixlou sql checked, record: incitationflood by Dixlou to 1495835823
13-08-17 23:12:56 [INFO] [OctoBans] dixlou sql checked, record: faussesinfos by Dixlou to 1495838650
13-08-17 23:12:56 [INFO] [OctoBans] dixlou sql checked, record: spam by Dixlou to 1495765023
13-08-17 23:12:56 [INFO] [OctoBans] dixlou sql checked, record: majuscule by Dixlou to 1495763193
13-08-17 23:12:56 [INFO] [OctoBans] dixlou sql checked, record: insulte by Dixlou to 1495765558
13-08-17 23:12:56 [INFO] [OctoBans] dixlou sql checked, record: insultegrave by Dixlou to 1495798898
13-08-17 23:12:56 [INFO] [OctoBans] dixlou sql checked, record: provocation by Dixlou to 1495764322
13-08-17 23:12:56 [INFO] [OctoBans] dixlou sql checked, record: insultegrave by Dixlou to 1495800533
13-08-17 23:12:56 [INFO] [OctoBans] dixlou sql checked, record: doubleposte by Dixlou to 1495765339
13-08-17 23:12:56 [INFO] [OctoBans] dixlou sql checked, record: provocation by Dixlou to 1495812792
13-08-17 23:12:56 [INFO] [OctoBans] dixlou sql checked, record: doubleposte by Dixlou to 1495814301
13-08-17 23:12:56 [INFO] [OctoBans] dixlou sql checked, record: racism by Dixlou to 1495925669
13-08-17 23:12:56 [INFO] [OctoBans] dixlou sql checked, record: provocation by Dixlou to 1495849772
13-08-17 23:12:56 [INFO] [OctoBans] dixlou sql checked, record: spam by Dixlou to 1502650102
13-08-17 23:12:56 [INFO] [OctoBans] dixlou sql checked, record: pubyt by Dixlou to 1502653848
13-08-17 23:12:56 [INFO] [OctoBans] dixlou sql checked, record: doubleposte by Dixlou to 1502643969
13-08-17 23:12:56 [INFO] [OctoBans] dixlou sql checked, record: provocation by Dixlou to 1502643828
13-08-17 23:12:56 [INFO] [OctoBans] dixlou sql checked, record: langage by Dixlou to 1502647219
13-08-17 23:12:56 [INFO] [OctoBans] dixlou sql checked, record: incitationflood by Dixlou to 1502732257
13-08-17 23:12:56 [INFO] [OctoBans] dixlou sql checked, record: provocation by Dixlou to 1502646341
13-08-17 23:12:56 [INFO] [OctoBans] dixlou sql checked, record: spam by Dixlou to 1502649705
13-08-17 23:12:56 [INFO] [OctoBans] dixlou sql checked, record: langage by Dixlou to 1502661206
13-08-17 23:12:56 [INFO] [OctoBans] dixlou sql checked, record: provocation by Dixlou to 1502648700
13-08-17 23:12:56 [INFO] [OctoBans] dixlou sql checked, record: insultegrave by Dixlou to 1502686356
13-08-17 23:12:56 [INFO] [OctoBans] dixlou sql checked, record: racism by Dixlou to 1502737182
13-08-17 23:12:56 [INFO] [OctoBans] dixlou sql checked, record: faussesinfos by Dixlou to 1502738064
13-08-17 23:12:56 [INFO] [OctoBans] dixlou sql checked, record: incitationflood by Dixlou to 1502739752
13-08-17 23:13:05 [INFO] [OctoBans] _hello_kitty sql checked, record: majuscule by _Hello_Kitty to 1502204183
13-08-17 23:13:05 [INFO] [OctoBans] _hello_kitty sql checked, record: doubleposte by _Hello_Kitty to 1502205490
13-08-17 23:13:05 [INFO] [OctoBans] _hello_kitty sql checked, record: doubleposte by _Hello_Kitty to 1502210834
13-08-17 23:13:05 [INFO] [OctoBans] _hello_kitty sql checked, record: insultestaff by _Hello_Kitty to 1502248906
13-08-17 23:13:05 [INFO] [OctoBans] _hello_kitty sql checked, record: provocation by _Hello_Kitty to 1502214526
13-08-17 23:13:05 [INFO] [OctoBans] _hello_kitty sql checked, record: doubleposte by _Hello_Kitty to 1502218852
13-08-17 23:13:05 [INFO] [OctoBans] _hello_kitty sql checked, record: provocation by _Hello_Kitty to 1502219105
13-08-17 23:13:05 [INFO] [OctoBans] _hello_kitty sql checked, record: insultegrave by _Hello_Kitty to 1502254282
13-08-17 23:13:05 [INFO] [OctoBans] _hello_kitty sql checked, record: provocation by _Hello_Kitty to 1502221205
13-08-17 23:13:05 [INFO] [OctoBans] _hello_kitty sql checked, record: langage by _Hello_Kitty to 1502225731
13-08-17 23:13:05 [INFO] [OctoBans] _hello_kitty sql checked, record: doubleposte by _Hello_Kitty to 1502223252
13-08-17 23:13:05 [INFO] [OctoBans] _hello_kitty sql checked, record: langage by _Hello_Kitty to 1502221549
13-08-17 23:13:05 [INFO] [OctoBans] _hello_kitty sql checked, record: majuscule by _Hello_Kitty to 1502221759
13-08-17 23:13:05 [INFO] [OctoBans] _hello_kitty sql checked, record: langage by _Hello_Kitty to 1502228949
13-08-17 23:13:05 [INFO] [OctoBans] _hello_kitty sql checked, record: insultestaff by _Hello_Kitty to 1502341446
13-08-17 23:13:05 [INFO] [OctoBans] _hello_kitty sql checked, record: provocation by _Hello_Kitty to 1502306921
13-08-17 23:13:05 [INFO] [OctoBans] _hello_kitty sql checked, record: provocation by _Hello_Kitty to 1502309899
13-08-17 23:13:05 [INFO] [OctoBans] _hello_kitty sql checked, record: doubleposte by _Hello_Kitty to 1502311611
13-08-17 23:13:05 [INFO] [OctoBans] _hello_kitty sql checked, record: doubleposte by _Hello_Kitty to 1502310057
13-08-17 23:13:05 [INFO] [OctoBans] _hello_kitty sql checked, record: provocation by _Hello_Kitty to 1502319634
13-08-17 23:13:05 [INFO] [OctoBans] _hello_kitty sql checked, record: provocation by _Hello_Kitty to 1502318047
13-08-17 23:13:05 [INFO] [OctoBans] _hello_kitty sql checked, record: doubleposte by _Hello_Kitty to 1502328047
13-08-17 23:13:05 [INFO] [OctoBans] _hello_kitty sql checked, record: doubleposte by _Hello_Kitty to 1502325240
13-08-17 23:13:05 [INFO] [OctoBans] _hello_kitty sql checked, record: doubleposte by _Hello_Kitty to 1502328421
13-08-17 23:13:05 [INFO] [OctoBans] _hello_kitty sql checked, record: insultegrave by _Hello_Kitty to 1502442472
13-08-17 23:13:05 [INFO] [OctoBans] _hello_kitty sql checked, record: insultegrave by _Hello_Kitty to 1502370542
13-08-17 23:13:05 [INFO] [OctoBans] _hello_kitty sql checked, record: provocation by _Hello_Kitty to 1502396282
13-08-17 23:13:05 [INFO] [OctoBans] _hello_kitty sql checked, record: majuscule by _Hello_Kitty to 1502395693
13-08-17 23:13:05 [INFO] [OctoBans] _hello_kitty sql checked, record: doubleposte by _Hello_Kitty to 1502394893
13-08-17 23:13:05 [INFO] [OctoBans] _hello_kitty sql checked, record: insulte by _Hello_Kitty to 1502398837
13-08-17 23:13:05 [INFO] [OctoBans] _hello_kitty sql checked, record: provocation by _Hello_Kitty to 1502400949
13-08-17 23:13:05 [INFO] [OctoBans] _hello_kitty sql checked, record: langage by _Hello_Kitty to 1502407612
13-08-17 23:13:05 [INFO] [OctoBans] _hello_kitty sql checked, record: doubleposte by _Hello_Kitty to 1502405353
13-08-17 23:13:05 [INFO] [OctoBans] _hello_kitty sql checked, record: doubleposte by _Hello_Kitty to 1502404828
13-08-17 23:13:05 [INFO] [OctoBans] _hello_kitty sql checked, record: provocation by _Hello_Kitty to 1502410835
13-08-17 23:13:05 [INFO] [OctoBans] _hello_kitty sql checked, record: doubleposte by _Hello_Kitty to 1502417407
13-08-17 23:13:05 [INFO] [OctoBans] _hello_kitty sql checked, record: doubleposte by _Hello_Kitty to 1502421067
13-08-17 23:13:05 [INFO] [OctoBans] _hello_kitty sql checked, record: flood by _Hello_Kitty to 1502421966
13-08-17 23:13:05 [INFO] [OctoBans] _hello_kitty sql checked, record: insulte by _Hello_Kitty to 1502460672
13-08-17 23:13:05 [INFO] [OctoBans] _hello_kitty sql checked, record: insultegrave by _Hello_Kitty to 1502750609
13-08-17 23:13:05 [INFO] [OctoBans] _hello_kitty sql checked, record: majuscule by _Hello_Kitty to 1502582788
13-08-17 23:13:05 [INFO] [OctoBans] _hello_kitty sql checked, record: majuscule by _Hello_Kitty to 1502606558
13-08-17 23:13:05 [INFO] [OctoBans] _hello_kitty sql checked, record: majuscule by _Hello_Kitty to 1502660037
13-08-17 23:14:19 [INFO] [OctoBans] Remil punished blc_frr_pvp for: Double Poste
13-08-17 23:17:32 [INFO] [OctoBans] grm25 sql checked, record: spammp by SuperJojo to -1
13-08-17 23:21:47 [INFO] [OctoBans] JustMySkill punished boubou37 for: Langage incorrect
13-08-17 23:23:03 [INFO] [OctoBans] JustMySkill punished pablo for: Provocation
13-08-17 23:23:52 [INFO] [OctoBans] azzymaster punished azenpvp for: Publicité Youtubeur
13-08-17 23:24:36 [INFO] [OctoBans] azzymaster punished azenpvp for: Insulte staff
13-08-17 23:25:43 [INFO] [OctoBans] Remil punished azenpvp for: Anti-AFK
13-08-17 23:28:26 [INFO] [OctoBans] JustMySkill punished skyrroz for: Double Poste
13-08-17 23:29:10 [INFO] [OctoBans] Remil punished julien78520 for: Double Poste
13-08-17 23:29:45 [INFO] [OctoBans] rayden sql checked, record: majuscule by _Hello_Kitty to 1502660037
13-08-17 23:30:48 [INFO] [OctoBans] azzymaster punished fasko for: Spam/flood
13-08-17 23:32:24 [INFO] [OctoBans] JustMySkill punished sheipegaming for: Langage incorrect
13-08-17 23:32:25 [INFO] [OctoBans] iklowz sql checked, record: spammp by Remil to -1
13-08-17 23:34:44 [INFO] [OctoBans] weezy sql checked, record: kickautre by Steph078 to -1
13-08-17 23:35:20 [INFO] [OctoBans] ryd3rtvv0x sql checked, record: spammp by SkyKosIV to -1
13-08-17 23:35:53 [INFO] [OctoBans] azzymaster punished lepro59 for: Spam/flood
13-08-17 23:37:21 [INFO] [OctoBans] JustMySkill punished cosmix for: Spam/flood
13-08-17 23:38:35 [INFO] [OctoBans] azzymaster punished lepro59 for: Double Poste
13-08-17 23:41:14 [INFO] [OctoBans] nicerush sql checked, record: faussesinfos by ChronoEthernal to 1502749678
13-08-17 23:41:14 [INFO] [OctoBans] nicerush sql checked, record: insultegrave by JustMySkill to 1502897592
13-08-17 23:42:55 [INFO] [OctoBans] azzymaster punished jalil_craft for: Double Poste
13-08-17 23:43:09 [INFO] [OctoBans] JustMySkill punished jfgo542 for: Insulte grave
13-08-17 23:44:46 [INFO] [OctoBans] Remil punished univerzkerror for: Provocation
13-08-17 23:48:19 [INFO] [OctoBans] Remil punished sheipegaming for: Double Poste
13-08-17 23:52:45 [INFO] [OctoBans] sqkaa_ sql checked, record: spammp by Remil to -1
13-08-17 23:52:59 [INFO] [OctoBans] riyane6122 sql checked, record: spammp by SkyKosIV to -1
13-08-17 23:56:15 [INFO] [OctoBans] azzymaster punished skyrroz for: Majuscule
13-08-17 23:58:26 [INFO] [OctoBans] Remil punished ethanerd for: Double Poste
13-08-17 23:59:33 [INFO] [OctoBans] Wiindows punished twiizikzyt for: Spam/flood
14-08-17 00:01:59 [INFO] [OctoBans] Dixlou punished cruze2014 for: Provocation
14-08-17 00:02:21 [INFO] [OctoBans] Remil punished cruze2014 for: Insulte
14-08-17 00:03:13 [INFO] [OctoBans] ew3l sql checked, record: spammp by tinmar to -1
14-08-17 00:04:00 [INFO] [OctoBans] darkinggaming sql checked, record: floodmp by Forway to -1
14-08-17 00:14:51 [INFO] [OctoBans] Remil punished sqkaa_ for: Double Poste
14-08-17 00:16:25 [INFO] [OctoBans] Remil punished _hello_kitty for: Spam/flood en MP
14-08-17 00:17:12 [INFO] [OctoBans] azzymaster punished 123vivalalgerie for: Double Poste
14-08-17 00:17:31 [INFO] [OctoBans] Remil punished karmazoldyck for: Double Poste
14-08-17 00:17:42 [INFO] [OctoBans] azzymaster punished 123anti123 for: Double Poste
14-08-17 00:22:22 [INFO] [OctoBans] Dixlou punished darckesia for: Spam/flood
14-08-17 00:25:59 [INFO] [OctoBans] azzymaster punished julien78520 for: Majuscule
14-08-17 00:27:44 [INFO] [OctoBans] gamix_yt sql checked, record: spammp by tinmar to -1
14-08-17 00:28:50 [INFO] [OctoBans] azzymaster punished syoco45 for: Publicité Youtubeur
14-08-17 00:30:27 [INFO] [OctoBans] azzymaster punished thanou2004 for: Langage incorrect
14-08-17 00:37:27 [INFO] [OctoBans] andsiou sql checked, record: spammp by ZerKup to -1
14-08-17 00:40:50 [INFO] [OctoBans] Remil punished by_kw3e for: Double Poste
14-08-17 00:46:10 [INFO] [OctoBans] pepsicoca sql checked, record: spammp by Steph078 to -1
14-08-17 00:47:48 [INFO] [OctoBans] Remil punished zumbie for: Double Poste
14-08-17 00:51:23 [INFO] [OctoBans] azzymaster punished gamix_yt for: Majuscule
14-08-17 00:53:09 [INFO] [OctoBans] azzymaster punished jokermyskill for: Double Poste
14-08-17 00:53:42 [INFO] [OctoBans] zaycontv sql checked, record: spammp by Remil to -1
14-08-17 01:08:31 [INFO] [OctoBans] Remil punished julien78520 for: Double Poste
14-08-17 01:17:33 [INFO] [OctoBans] Remil punished legend for: Langage incorrect
14-08-17 01:22:02 [INFO] [OctoBans] azzymaster punished azertuip for: Publicité Youtubeur
14-08-17 01:22:26 [INFO] [OctoBans] bboy124 sql checked, record: spammp by Remil to -1
14-08-17 01:23:02 [INFO] [OctoBans] Remil punished lefifoudu3 for: Double Poste
14-08-17 01:30:39 [INFO] [OctoBans] Remil punished akiirasama for: Double Poste
14-08-17 01:34:23 [INFO] [OctoBans] _strykz_ sql checked, record: spammp by Remil to -1
14-08-17 01:34:23 [INFO] [OctoBans] _strykz_ sql checked, record: spammp by Remil to -1
14-08-17 01:34:23 [INFO] [OctoBans] _strykz_ sql checked, record: insultegrave by JustMySkill to 1502708716
14-08-17 01:34:23 [INFO] [OctoBans] _strykz_ sql checked, record: insultegrave by _Hello_Kitty to 1502750609
14-08-17 01:42:42 [INFO] [OctoBans] Remil punished by_kw3e for: Double Poste
14-08-17 02:12:55 [INFO] [OctoBans] _Hello_Kitty punished bananix2 for: Insulte
14-08-17 02:13:29 [INFO] [OctoBans] _Hello_Kitty punished banano6768 for: Insulte grave
14-08-17 02:14:41 [INFO] [OctoBans] _Hello_Kitty punished andsiou for: Majuscule
14-08-17 02:19:44 [INFO] [OctoBans] _Hello_Kitty punished neversayno for: Double Poste
14-08-17 02:21:36 [INFO] [OctoBans] Shouteur punished bboy124 for: Langage incorrect
14-08-17 02:22:42 [INFO] [OctoBans] Shouteur punished xxnutellapvps_ for: Double Poste
14-08-17 02:22:50 [INFO] [OctoBans] Shouteur punished coco02 for: Spam/flood
14-08-17 02:23:10 [INFO] [OctoBans] Wiindows punished coco02 for: Insulte grave
14-08-17 02:24:03 [INFO] [OctoBans] Remil punished _hello_kitty for: Spam/flood en MP
14-08-17 02:34:47 [INFO] [OctoBans] carglass sql checked, record: spammp by Remil to -1
14-08-17 02:41:09 [INFO] [OctoBans] Dixlou punished frostey_shakey for: Langage incorrect
14-08-17 02:43:26 [INFO] [OctoBans] devastateur sql checked, record: spammp by iPurple_ to -1
14-08-17 02:43:26 [INFO] [OctoBans] devastateur sql checked, record: spammp by tinmar to -1
14-08-17 02:44:07 [INFO] [OctoBans] Wiindows punished colman_le_grand for: Double Poste
14-08-17 02:50:49 [INFO] [OctoBans] Dixlou punished hamzadu69 for: Insulte staff
14-08-17 02:51:10 [INFO] [OctoBans] Dixlou punished hamzadu69 for: Spam/flood
14-08-17 02:57:48 [INFO] [OctoBans] Dixlou punished ezyxe for: Provocation
14-08-17 02:59:22 [INFO] [OctoBans] Dixlou punished ezyxe for: Insulte staff
14-08-17 02:59:35 [INFO] [OctoBans] Dixlou punished vprince80 for: Provocation
14-08-17 03:01:07 [INFO] [OctoBans] Dixlou punished frostey_shakey for: Majuscule
14-08-17 03:02:18 [INFO] [OctoBans] Dixlou punished thibofficiel for: Insulte grave
14-08-17 03:08:23 [INFO] [OctoBans] Dixlou punished thekilleur69 for: Insulte staff
14-08-17 03:33:07 [INFO] [OctoBans] Wiindows punished d3adorsnipsurytb for: Spam/flood
14-08-17 03:33:20 [INFO] [OctoBans] Wiindows punished sqkaa_ for: Langage incorrect
14-08-17 03:41:35 [INFO] [OctoBans] YTB_XxKarnageXx punished bboy124 for: Majuscule
14-08-17 03:41:52 [INFO] [OctoBans] Wiindows punished shap_coc_2 for: Provocation
14-08-17 03:42:00 [INFO] [OctoBans] shap_coc_2 sql checked, record: provocation by Wiindows to 1502675812
14-08-17 03:47:21 [INFO] [OctoBans] YTB_XxKarnageXx punished produpvp for: Majuscule
14-08-17 03:52:19 [INFO] [OctoBans] Wiindows punished gamix_yt for: Provocation
14-08-17 04:19:35 [INFO] [OctoBans] zlkayzen sql checked, record: spammp by Remil to -1
14-08-17 04:32:06 [INFO] [OctoBans] YTB_XxKarnageXx punished mgk_tozzzz for: Double Poste
14-08-17 04:34:20 [INFO] [OctoBans] Wiindows punished zombie1000 for: Double Poste
14-08-17 04:41:46 [INFO] [OctoBans] Wiindows punished gangstardu59 for: Double Poste
14-08-17 04:47:43 [INFO] [OctoBans] Wiindows punished banano6768 for: Spam/flood
14-08-17 04:56:54 [INFO] [OctoBans] zlKayzen punished shap_coc_2 for: Langage incorrect
14-08-17 05:21:42 [INFO] [OctoBans] YTB_XxKarnageXx punished mortroi for: Spam/flood
14-08-17 05:52:08 [INFO] [OctoBans] YTB_XxKarnageXx punished d3adorsnipsurytb for: Provocation
14-08-17 06:01:01 [INFO] [OctoBans] Disabling OctoBans v1.0
