01-09-17 22:31:43 [INFO] [OctoBans] File Handler successfully initialized!
01-09-17 22:31:43 [INFO] [OctoBans] SQL connection successfully etablished
01-09-17 22:31:43 [INFO] [OctoBans] Moderator Tools by Octonia.
01-09-17 22:31:49 [INFO] [OctoBans] misterboss31 sql checked, record: spammp by SkyKosIV to -1
01-09-17 22:31:49 [INFO] [OctoBans] jalil_craft sql checked, record: insultegrave by zlKayzen to 1504302436
01-09-17 22:31:49 [INFO] [OctoBans] jeteezragepas sql checked, record: faussesinfos by YTB_XxKarnageXx to 1504451696
01-09-17 22:31:49 [INFO] [OctoBans] jeteezragepas sql checked, record: faussesinfos by tinmar to 1504601551
01-09-17 22:31:49 [INFO] [OctoBans] kyzirie sql checked, record: spammp by PseudoNul to -1
01-09-17 22:31:49 [INFO] [OctoBans] kyzirie sql checked, record: spammp by PseudoNul to -1
01-09-17 22:31:49 [INFO] [OctoBans] kyzirie sql checked, record: spammp by PseudoNul to -1
01-09-17 22:31:49 [INFO] [OctoBans] zeynox sql checked, record: spammp by Remil to -1
01-09-17 22:31:49 [INFO] [OctoBans] taygrax07 sql checked, record: spammp by SnowEffect to -1
01-09-17 22:31:49 [INFO] [OctoBans] justmyskill78 sql checked, record: spam by FiasK0 to 1504300962
01-09-17 22:31:49 [INFO] [OctoBans] la_banane sql checked, record: doubleposte by EGGSPLOSION to 1504298531
01-09-17 22:31:49 [INFO] [OctoBans] xelio57 sql checked, record: spammp by SnowEffect to -1
01-09-17 22:31:55 [INFO] [OctoBans] xersu sql checked, record: spammp by SnowEffect to -1
01-09-17 22:32:00 [INFO] [OctoBans] vendeur2kebab sql checked, record: insultestaff by Vendeur2KeBaB to 1504357922
01-09-17 22:32:00 [INFO] [OctoBans] vendeur2kebab sql checked, record: doubleposte by Vendeur2KeBaB to 1504303706
01-09-17 22:32:06 [INFO] [OctoBans] lepotededarryl sql checked, record: spammp by Remil to -1
01-09-17 22:32:06 [INFO] [OctoBans] weetiix sql checked, record: spammp by SmooKeur to -1
01-09-17 22:32:06 [INFO] [OctoBans] weetiix sql checked, record: spammp by SmooKeur to -1
01-09-17 22:32:13 [INFO] [OctoBans] _topui_ sql checked, record: spammp by ZerKup to -1
01-09-17 22:32:29 [INFO] [OctoBans] _supreme_gamer_ sql checked, record: spammp by SnowEffect to -1
01-09-17 22:32:31 [INFO] [OctoBans] grizzlywarrior sql checked, record: insultegrave by Remil to 1504332853
01-09-17 22:32:53 [INFO] [OctoBans] sacha33340 sql checked, record: spammp by ZerKup to -1
01-09-17 22:32:53 [INFO] [OctoBans] sacha33340 sql checked, record: spammp by Remil to -1
01-09-17 22:32:53 [INFO] [OctoBans] sacha33340 sql checked, record: spammp by Remil to -1
01-09-17 22:32:53 [INFO] [OctoBans] sacha33340 sql checked, record: floodmp by Forway to -1
01-09-17 22:33:00 [INFO] [OctoBans] sportek_ sql checked, record: spammp by SkyKosIV to -1
01-09-17 22:33:41 [INFO] [OctoBans] riyane6122 sql checked, record: spammp by SkyKosIV to -1
01-09-17 22:34:41 [INFO] [OctoBans] EGGSPLOSION punished athes974 for: Double Poste
01-09-17 22:35:35 [INFO] [OctoBans] vietez sql checked, record: spam by Remil to 1504303791
01-09-17 22:36:10 [INFO] [OctoBans] dark_titix sql checked, record: spammp by Remil to -1
01-09-17 22:36:10 [INFO] [OctoBans] dark_titix sql checked, record: spammp by Remil to -1
01-09-17 22:36:10 [INFO] [OctoBans] dark_titix sql checked, record: spammp by Remil to -1
01-09-17 22:36:58 [INFO] [OctoBans] kokojo sql checked, record: spammp by Remil to -1
01-09-17 22:37:58 [INFO] [OctoBans] pvp_pro sql checked, record: spammp by SkyKosIV to -1
01-09-17 22:39:56 [INFO] [OctoBans] EGGSPLOSION punished zeolak for: Double Poste
01-09-17 22:41:41 [INFO] [OctoBans] EGGSPLOSION punished thepropvpfr for: Double Poste
01-09-17 22:42:41 [INFO] [OctoBans] EGGSPLOSION punished wasabi for: Double Poste
01-09-17 22:44:26 [INFO] [OctoBans] fiask0 sql checked, record: floodmp by Forway to -1
01-09-17 22:44:51 [INFO] [OctoBans] vevox_yt sql checked, record: faussesinfos by YTB_XxKarnageXx to 1504379477
01-09-17 22:45:31 [INFO] [OctoBans] couilledeloup sql checked, record: kickautre by Steph078 to -1
01-09-17 22:45:31 [INFO] [OctoBans] couilledeloup sql checked, record: faussesinfos by EGGSPLOSION to 1504379472
01-09-17 22:47:53 [INFO] [OctoBans] wiroox sql checked, record: insultegrave by zlKayzen to 1504405407
01-09-17 22:48:54 [INFO] [OctoBans] The_Frusty punished lucas94350 for: Double Poste
01-09-17 22:49:58 [INFO] [OctoBans] thegost sql checked, record: spammp by Remil to -1
01-09-17 22:49:58 [INFO] [OctoBans] thegost sql checked, record: insultegrave by FiasK0 to 1504392418
01-09-17 22:56:28 [INFO] [OctoBans] FiasK0 punished tygerone666 for: Spam/flood
01-09-17 22:56:42 [INFO] [OctoBans] EGGSPLOSION punished zeolak for: Provocation
01-09-17 23:05:26 [INFO] [OctoBans] idreyzen_ sql checked, record: spammp by tinmar to -1
01-09-17 23:06:09 [INFO] [OctoBans] EGGSPLOSION punished wasabi for: Spam/flood
01-09-17 23:06:26 [INFO] [OctoBans] Remil punished _supreme_gamer_ for: Double Poste
01-09-17 23:06:47 [INFO] [OctoBans] tifou_fou sql checked, record: spammp by SkyKosIV to -1
01-09-17 23:08:00 [INFO] [OctoBans] hockey25 sql checked, record: spammp by iPurple_ to -1
01-09-17 23:08:00 [INFO] [OctoBans] hockey25 sql checked, record: spammp by iPurple_ to -1
01-09-17 23:08:00 [INFO] [OctoBans] hockey25 sql checked, record: spammp by Anzerti to -1
01-09-17 23:12:33 [INFO] [OctoBans] The_Frusty punished xersu for: Spam/flood
01-09-17 23:13:22 [INFO] [OctoBans] mindex45 sql checked, record: spammp by SnowEffect to -1
01-09-17 23:13:22 [INFO] [OctoBans] mindex45 sql checked, record: kickautre by NeosiaNexus to -1
01-09-17 23:17:04 [INFO] [OctoBans] FiasK0 punished selim6671 for: Double Poste
01-09-17 23:19:38 [INFO] [OctoBans] _Hello_Kitty punished crafteam4 for: Insulte grave
01-09-17 23:21:09 [INFO] [OctoBans] FiasK0 punished neyko for: Majuscule
01-09-17 23:26:24 [INFO] [OctoBans] kripfire sql checked, record: spammp by drbrine to -1
01-09-17 23:30:53 [INFO] [OctoBans] FiasK0 punished justmyskill78 for: Fausses informations
01-09-17 23:31:21 [INFO] [OctoBans] EGGSPLOSION punished kyzirie for: Insulte
01-09-17 23:32:13 [INFO] [OctoBans] The_Frusty punished sacha33340 for: Provocation
01-09-17 23:33:25 [INFO] [OctoBans] by_kw3e sql checked, record: kickautre by Antoine57565 to -1
01-09-17 23:33:27 [INFO] [OctoBans] EGGSPLOSION punished kingblood for: Langage incorrect
01-09-17 23:35:46 [INFO] [OctoBans] _Hello_Kitty punished _theodu13_ for: Provocation
01-09-17 23:38:46 [INFO] [OctoBans] jboufftonfrere sql checked, record: tpkill by YTB_XxKarnageXx to 1504353241
01-09-17 23:38:49 [INFO] [OctoBans] The_Frusty punished tibo for: Spam/flood
01-09-17 23:41:34 [INFO] [OctoBans] adiix32yt sql checked, record: spammp by Remil to -1
01-09-17 23:50:20 [INFO] [OctoBans] FiasK0 punished xersu for: Provocation
01-09-17 23:56:17 [INFO] [OctoBans] zlfire49 sql checked, record: spammp by Remil to -1
01-09-17 23:56:17 [INFO] [OctoBans] zlfire49 sql checked, record: spammp by Remil to -1
01-09-17 23:56:22 [INFO] [OctoBans] lefifoudu3 sql checked, record: spammp by Remil to -1
01-09-17 23:56:22 [INFO] [OctoBans] lefifoudu3 sql checked, record: insultegrave by _Hello_Kitty to 1504611293
01-09-17 23:56:52 [INFO] [OctoBans] zlFire49 punished xersu for: TpKill
01-09-17 23:56:56 [INFO] [OctoBans] zlFire49 punished justmyskill78 for: TpKill
01-09-17 23:59:50 [INFO] [OctoBans] FiasK0 punished jetbezenmodeez_ for: Double Poste
02-09-17 00:04:24 [INFO] [OctoBans] The_Frusty punished lethugdu46 for: Spam/flood
02-09-17 00:06:42 [INFO] [OctoBans] FiasK0 punished lazohd for: Double Poste
02-09-17 00:09:28 [INFO] [OctoBans] hayden_frost sql checked, record: spammp by PseudoNul to -1
02-09-17 00:09:28 [INFO] [OctoBans] hayden_frost sql checked, record: spammp by Remil to -1
02-09-17 00:15:08 [INFO] [OctoBans] xxheroiikxx sql checked, record: floodmp by Forway to -1
02-09-17 00:18:09 [INFO] [OctoBans] louiska_ sql checked, record: spammp by iPurple_ to -1
02-09-17 00:18:09 [INFO] [OctoBans] louiska_ sql checked, record: spammp by SuperJojo to -1
02-09-17 00:18:14 [INFO] [OctoBans] FiasK0 punished mangeamoi for: Double Poste
02-09-17 00:25:13 [INFO] [OctoBans] zlFire49 punished madanilegrospdd for: Pseudo choquant
02-09-17 00:28:58 [INFO] [OctoBans] FiasK0 punished louiska_ for: Double Poste
02-09-17 00:29:10 [INFO] [OctoBans] FiasK0 punished nicovema for: Spam/flood
02-09-17 00:31:43 [INFO] [OctoBans] whitstar sql checked, record: spammp by Remil to -1
02-09-17 00:32:23 [INFO] [OctoBans] Vendeur2KeBaB punished jalil_craft for: Spam/flood
02-09-17 00:32:34 [INFO] [OctoBans] itzaimz sql checked, record: tpkill by YTB_XxKarnageXx to 1504379631
02-09-17 00:33:22 [INFO] [OctoBans] FiasK0 punished xxheroiikxx for: Double Poste
02-09-17 00:35:16 [INFO] [OctoBans] FiasK0 punished kloop84 for: Double Poste
02-09-17 00:35:55 [INFO] [OctoBans] FiasK0 punished thedestuctor for: Spam/flood
02-09-17 00:41:25 [INFO] [OctoBans] FiasK0 punished theblackwin for: Double Poste
02-09-17 00:41:42 [INFO] [OctoBans] FiasK0 punished kaypea for: Double Poste
02-09-17 00:42:04 [INFO] [OctoBans] Vendeur2KeBaB punished enzodu83 for: Insulte staff
02-09-17 00:42:57 [INFO] [OctoBans] FiasK0 punished toto2003 for: Majuscule
02-09-17 00:51:17 [INFO] [OctoBans] jasoxx sql checked, record: spammp by iPurple_ to -1
02-09-17 00:51:17 [INFO] [OctoBans] jasoxx sql checked, record: spammp by drbrine to -1
02-09-17 00:51:17 [INFO] [OctoBans] jasoxx sql checked, record: spammp by drbrine to -1
02-09-17 00:51:17 [INFO] [OctoBans] jasoxx sql checked, record: spammp by drbrine to -1
02-09-17 01:01:51 [INFO] [OctoBans] FiasK0 punished lazohd for: Provocation
02-09-17 01:06:29 [INFO] [OctoBans] wiindows sql checked, record: floodmp by Forway to -1
02-09-17 01:06:29 [INFO] [OctoBans] wiindows sql checked, record: spammp by Remil to -1
02-09-17 01:08:53 [INFO] [OctoBans] FiasK0 punished jessy12345 for: Insulte serveur
02-09-17 01:11:33 [INFO] [OctoBans] Wiindows punished leonix60 for: Double Poste
02-09-17 01:14:58 [INFO] [OctoBans] Wiindows punished darksahdow for: Provocation
02-09-17 01:18:27 [INFO] [OctoBans] FiasK0 punished lesimulateure for: Double Poste
02-09-17 01:22:08 [INFO] [OctoBans] laugan502 sql checked, record: spammp by Remil to -1
02-09-17 01:28:34 [INFO] [OctoBans] FiasK0 punished ytbibossyt for: Spam/flood
02-09-17 01:29:49 [INFO] [OctoBans] FiasK0 punished louiska_ for: Double Poste
02-09-17 01:34:29 [INFO] [OctoBans] sam1 sql checked, record: spammp by Remil to -1
02-09-17 01:35:44 [INFO] [OctoBans] _ashbrooks_pvp sql checked, record: kickautre by NeosiaNexus to -1
02-09-17 01:46:37 [INFO] [OctoBans] FiasK0 punished micheal for: Langage incorrect
02-09-17 01:56:18 [INFO] [OctoBans] Wiindows punished _ashbrooks_pvp for: Spam/flood
02-09-17 01:57:37 [INFO] [OctoBans] Wiindows punished lazohd for: Majuscule
02-09-17 02:02:13 [INFO] [OctoBans] gamix_yt sql checked, record: spammp by tinmar to -1
02-09-17 02:02:13 [INFO] [OctoBans] gamix_yt sql checked, record: insultegrave by Wiindows to 1504495197
02-09-17 02:09:19 [INFO] [OctoBans] Wiindows punished lepotededarryl for: Spam/flood
02-09-17 02:27:25 [INFO] [OctoBans] Wiindows punished justmyskill for: Provocation
02-09-17 03:20:59 [INFO] [OctoBans] insanity sql checked, record: spammp by SkyKosIV to -1
02-09-17 03:54:33 [INFO] [OctoBans] booba92i sql checked, record: kickautre by NeosiaNexus to -1
02-09-17 04:00:29 [INFO] [OctoBans] _vortex_ sql checked, record: spammp by Remil to -1
02-09-17 04:29:12 [INFO] [OctoBans] Wiindows punished lepotededarryl for: Fausses informations
02-09-17 04:35:30 [INFO] [OctoBans] karimospvp sql checked, record: spammp by YTB_XxKarnageXx to -1
02-09-17 04:35:30 [INFO] [OctoBans] karimospvp sql checked, record: spammp by YTB_XxKarnageXx to -1
02-09-17 04:35:30 [INFO] [OctoBans] karimospvp sql checked, record: spammp by tinmar to -1
02-09-17 06:01:02 [INFO] [OctoBans] Disabling OctoBans v1.0
