02-02-18 06:01:43 [INFO] [OctoBans] File Handler successfully initialized!
02-02-18 06:01:43 [INFO] [OctoBans] SQL connection successfully etablished
02-02-18 06:01:43 [INFO] [OctoBans] Moderator Tools by Octonia.
02-02-18 07:19:35 [INFO] [OctoBans] lololefou sql checked, record: spammp by PseudooNull to -1
02-02-18 07:19:35 [INFO] [OctoBans] lololefou sql checked, record: spammp by PseudooNull to -1
02-02-18 07:19:35 [INFO] [OctoBans] lololefou sql checked, record: spammp by atsuky to -1
02-02-18 07:19:35 [INFO] [OctoBans] lololefou sql checked, record: spammp by atsuky to -1
02-02-18 07:20:01 [INFO] [OctoBans] skyley360 sql checked, record: spammp by atsuky to -1
02-02-18 07:25:13 [INFO] [OctoBans] onekill62 sql checked, record: spammp by tinmar to -1
02-02-18 07:25:13 [INFO] [OctoBans] onekill62 sql checked, record: spammp by Furiomaniak to -1
02-02-18 07:25:13 [INFO] [OctoBans] onekill62 sql checked, record: spammp by Furiomaniak to -1
02-02-18 07:25:13 [INFO] [OctoBans] onekill62 sql checked, record: spammp by Furiomaniak to -1
02-02-18 07:25:13 [INFO] [OctoBans] onekill62 sql checked, record: spammp by Furiomaniak to -1
02-02-18 07:28:52 [INFO] [OctoBans] epedrakesse sql checked, record: spammp by YTB_XxKarnageXx to -1
02-02-18 07:28:52 [INFO] [OctoBans] epedrakesse sql checked, record: spammp by WeeZix to -1
02-02-18 07:49:11 [INFO] [OctoBans] zeynox sql checked, record: spammp by Zayrox29 to -1
02-02-18 07:49:11 [INFO] [OctoBans] zeynox sql checked, record: spammp by Zoseq to -1
02-02-18 07:49:11 [INFO] [OctoBans] zeynox sql checked, record: spammp by LaKitaw to -1
02-02-18 07:49:11 [INFO] [OctoBans] zeynox sql checked, record: spammp by LaKitaw to -1
02-02-18 07:49:11 [INFO] [OctoBans] zeynox sql checked, record: spammp by LaKitaw to -1
02-02-18 07:49:11 [INFO] [OctoBans] zeynox sql checked, record: spammp by D3adOrSnipSurYTB to -1
02-02-18 07:49:11 [INFO] [OctoBans] zeynox sql checked, record: spammp by Awesomeboy to -1
02-02-18 08:01:11 [INFO] [OctoBans] lucasdecaen sql checked, record: spammp by Remil to -1
02-02-18 08:17:30 [INFO] [OctoBans] racaille76 sql checked, record: spammp by AO_Darkness to -1
02-02-18 08:20:47 [INFO] [OctoBans] naplock sql checked, record: spammp by Zoseq to -1
02-02-18 08:28:09 [INFO] [OctoBans] darkmen25 sql checked, record: spammp by LaKitaw to -1
02-02-18 08:28:09 [INFO] [OctoBans] darkmen25 sql checked, record: spammp by SmooKeur to -1
02-02-18 08:28:09 [INFO] [OctoBans] darkmen25 sql checked, record: spammp by MrKebab to -1
02-02-18 08:32:56 [INFO] [OctoBans] macarena sql checked, record: spammp by PseudooNull to -1
02-02-18 08:32:56 [INFO] [OctoBans] macarena sql checked, record: spammp by PseudooNull to -1
02-02-18 08:32:56 [INFO] [OctoBans] macarena sql checked, record: spammp by woimant to -1
02-02-18 08:32:56 [INFO] [OctoBans] macarena sql checked, record: spammp by woimant to -1
02-02-18 08:32:56 [INFO] [OctoBans] macarena sql checked, record: spammp by MrKebab to -1
02-02-18 08:32:56 [INFO] [OctoBans] macarena sql checked, record: spammp by Elfideltia to -1
02-02-18 08:32:56 [INFO] [OctoBans] macarena sql checked, record: spammp by Elfideltia to -1
02-02-18 08:39:55 [INFO] [OctoBans] dicob sql checked, record: spammp by Remil to -1
02-02-18 09:08:16 [INFO] [OctoBans] mare59660 sql checked, record: spammp by SkillBOotiiS to -1
02-02-18 09:37:57 [INFO] [OctoBans] ytbibossyt sql checked, record: spammp by atsuky to -1
02-02-18 09:38:50 [INFO] [OctoBans] fiask0 sql checked, record: spammp by D3adOrSnipSurYTB to -1
02-02-18 09:40:08 [INFO] [OctoBans] bloodgamer25 sql checked, record: spammp by FiasK0 to -1
02-02-18 09:46:08 [INFO] [OctoBans] bytsuyo_ sql checked, record: spammp by Remil to -1
02-02-18 09:48:49 [INFO] [OctoBans] swokip sql checked, record: spammp by WeeZix to -1
02-02-18 09:53:43 [INFO] [OctoBans] trystanausaure sql checked, record: spammp by Furiomaniak to -1
02-02-18 09:55:38 [INFO] [OctoBans] rayzfire sql checked, record: spammp by ToXiCz_TV to -1
02-02-18 09:55:38 [INFO] [OctoBans] rayzfire sql checked, record: spammp by ToXiCz_TV to -1
02-02-18 09:55:38 [INFO] [OctoBans] rayzfire sql checked, record: spammp by Koeseb97 to -1
02-02-18 09:55:38 [INFO] [OctoBans] rayzfire sql checked, record: spam by RaYzFire to 1516390566
02-02-18 09:55:38 [INFO] [OctoBans] rayzfire sql checked, record: insulte by RaYzFire to 1516385344
02-02-18 09:55:38 [INFO] [OctoBans] rayzfire sql checked, record: provocation by RaYzFire to 1516392224
02-02-18 09:55:38 [INFO] [OctoBans] rayzfire sql checked, record: majuscule by RaYzFire to 1516394143
02-02-18 09:55:38 [INFO] [OctoBans] rayzfire sql checked, record: provocation by RaYzFire to 1516438165
02-02-18 09:55:38 [INFO] [OctoBans] rayzfire sql checked, record: spam by RaYzFire to 1516448693
02-02-18 09:55:38 [INFO] [OctoBans] rayzfire sql checked, record: spam by RaYzFire to 1516456799
02-02-18 09:55:38 [INFO] [OctoBans] rayzfire sql checked, record: spam by RaYzFire to 1516442517
02-02-18 09:55:38 [INFO] [OctoBans] rayzfire sql checked, record: spam by RaYzFire to 1516449224
02-02-18 09:55:38 [INFO] [OctoBans] rayzfire sql checked, record: doubleposte by RaYzFire to 1516446105
02-02-18 09:55:38 [INFO] [OctoBans] rayzfire sql checked, record: majuscule by RaYzFire to 1516454454
02-02-18 09:55:38 [INFO] [OctoBans] rayzfire sql checked, record: doubleposte by RaYzFire to 1516459529
02-02-18 09:55:38 [INFO] [OctoBans] rayzfire sql checked, record: insultegrave by RaYzFire to 1516495465
02-02-18 09:55:38 [INFO] [OctoBans] rayzfire sql checked, record: insulte by RaYzFire to 1516463004
02-02-18 09:55:38 [INFO] [OctoBans] rayzfire sql checked, record: majuscule by RaYzFire to 1516465768
02-02-18 09:55:38 [INFO] [OctoBans] rayzfire sql checked, record: doubleposte by RaYzFire to 1516466341
02-02-18 09:55:38 [INFO] [OctoBans] rayzfire sql checked, record: doubleposte by RaYzFire to 1516468593
02-02-18 09:55:38 [INFO] [OctoBans] rayzfire sql checked, record: doubleposte by RaYzFire to 1516470217
02-02-18 09:55:38 [INFO] [OctoBans] rayzfire sql checked, record: insulte by RaYzFire to 1516473904
02-02-18 09:55:38 [INFO] [OctoBans] rayzfire sql checked, record: majuscule by RaYzFire to 1516470117
02-02-18 09:55:38 [INFO] [OctoBans] rayzfire sql checked, record: doubleposte by RaYzFire to 1516472016
02-02-18 09:55:38 [INFO] [OctoBans] rayzfire sql checked, record: doubleposte by RaYzFire to 1516473430
02-02-18 09:55:38 [INFO] [OctoBans] rayzfire sql checked, record: doubleposte by RaYzFire to 1516474376
02-02-18 09:55:38 [INFO] [OctoBans] rayzfire sql checked, record: insulte by RaYzFire to 1516479569
02-02-18 09:55:38 [INFO] [OctoBans] rayzfire sql checked, record: doubleposte by RaYzFire to 1516475099
02-02-18 09:55:38 [INFO] [OctoBans] rayzfire sql checked, record: spam by RaYzFire to 1516479439
02-02-18 09:55:38 [INFO] [OctoBans] rayzfire sql checked, record: doubleposte by RaYzFire to 1516476377
02-02-18 09:55:38 [INFO] [OctoBans] rayzfire sql checked, record: provocation by RaYzFire to 1516476816
02-02-18 09:55:38 [INFO] [OctoBans] rayzfire sql checked, record: doubleposte by RaYzFire to 1516477466
02-02-18 09:55:38 [INFO] [OctoBans] rayzfire sql checked, record: provocation by RaYzFire to 1516478349
02-02-18 09:55:38 [INFO] [OctoBans] rayzfire sql checked, record: spam by RaYzFire to 1516569648
02-02-18 09:55:38 [INFO] [OctoBans] rayzfire sql checked, record: provocation by RaYzFire to 1516531599
02-02-18 09:55:38 [INFO] [OctoBans] rayzfire sql checked, record: spammp by RaYzFire to -1
02-02-18 09:55:38 [INFO] [OctoBans] rayzfire sql checked, record: spam by RaYzFire to 1516542035
02-02-18 09:55:38 [INFO] [OctoBans] rayzfire sql checked, record: insulte by RaYzFire to 1516533161
02-02-18 09:55:38 [INFO] [OctoBans] rayzfire sql checked, record: spam by RaYzFire to 1516531941
02-02-18 09:55:38 [INFO] [OctoBans] rayzfire sql checked, record: provocation by RaYzFire to 1516531089
02-02-18 09:55:38 [INFO] [OctoBans] rayzfire sql checked, record: insultesrv by RaYzFire to 1516556222
02-02-18 09:55:38 [INFO] [OctoBans] rayzfire sql checked, record: doubleposte by RaYzFire to 1516538809
02-02-18 09:55:38 [INFO] [OctoBans] rayzfire sql checked, record: provocation by RaYzFire to 1516546633
02-02-18 09:55:38 [INFO] [OctoBans] rayzfire sql checked, record: majuscule by RaYzFire to 1516547422
02-02-18 09:55:38 [INFO] [OctoBans] rayzfire sql checked, record: majuscule by RaYzFire to 1516549058
02-02-18 09:55:38 [INFO] [OctoBans] rayzfire sql checked, record: doubleposte by RaYzFire to 1516551363
02-02-18 09:55:38 [INFO] [OctoBans] rayzfire sql checked, record: spammp by RaYzFire to -1
02-02-18 09:55:38 [INFO] [OctoBans] rayzfire sql checked, record: doubleposte by RaYzFire to 1516560320
02-02-18 09:55:38 [INFO] [OctoBans] rayzfire sql checked, record: provocation by RaYzFire to 1516628138
02-02-18 09:55:38 [INFO] [OctoBans] rayzfire sql checked, record: doubleposte by RaYzFire to 1516624848
02-02-18 09:55:38 [INFO] [OctoBans] rayzfire sql checked, record: doubleposte by RaYzFire to 1516625361
02-02-18 09:55:38 [INFO] [OctoBans] rayzfire sql checked, record: spam by RaYzFire to 1516636646
02-02-18 09:55:38 [INFO] [OctoBans] rayzfire sql checked, record: provocation by RaYzFire to 1516633098
02-02-18 09:55:38 [INFO] [OctoBans] rayzfire sql checked, record: spam by RaYzFire to 1516634281
02-02-18 09:55:38 [INFO] [OctoBans] rayzfire sql checked, record: provocation by RaYzFire to 1516630091
02-02-18 09:55:38 [INFO] [OctoBans] rayzfire sql checked, record: provocation by RaYzFire to 1516630605
02-02-18 09:55:38 [INFO] [OctoBans] rayzfire sql checked, record: insulte by RaYzFire to 1516636942
02-02-18 09:55:38 [INFO] [OctoBans] rayzfire sql checked, record: insultegrave by RaYzFire to 1516845085
02-02-18 09:55:38 [INFO] [OctoBans] rayzfire sql checked, record: provocation by RaYzFire to 1516646566
02-02-18 09:55:38 [INFO] [OctoBans] rayzfire sql checked, record: provocation by RaYzFire to 1516647049
02-02-18 09:55:38 [INFO] [OctoBans] rayzfire sql checked, record: provocation by RaYzFire to 1516644673
02-02-18 09:55:38 [INFO] [OctoBans] rayzfire sql checked, record: insulte by RaYzFire to 1516662156
02-02-18 09:55:38 [INFO] [OctoBans] rayzfire sql checked, record: majuscule by RaYzFire to 1516800126
02-02-18 09:55:38 [INFO] [OctoBans] rayzfire sql checked, record: doubleposte by RaYzFire to 1517008892
02-02-18 09:55:38 [INFO] [OctoBans] rayzfire sql checked, record: spammp by RaYzFire to -1
02-02-18 09:55:38 [INFO] [OctoBans] rayzfire sql checked, record: majuscule by RaYzFire to 1517016050
02-02-18 09:55:38 [INFO] [OctoBans] rayzfire sql checked, record: spam by RaYzFire to 1517048977
02-02-18 09:55:38 [INFO] [OctoBans] rayzfire sql checked, record: provocation by RaYzFire to 1517045688
02-02-18 09:55:38 [INFO] [OctoBans] rayzfire sql checked, record: doubleposte by RaYzFire to 1517046116
02-02-18 09:55:38 [INFO] [OctoBans] rayzfire sql checked, record: doubleposte by RaYzFire to 1517049620
02-02-18 09:55:38 [INFO] [OctoBans] rayzfire sql checked, record: provocation by RaYzFire to 1517051077
02-02-18 09:55:38 [INFO] [OctoBans] rayzfire sql checked, record: spam by RaYzFire to 1517054412
02-02-18 09:55:38 [INFO] [OctoBans] rayzfire sql checked, record: insulte by RaYzFire to 1517083320
02-02-18 09:55:38 [INFO] [OctoBans] rayzfire sql checked, record: majuscule by RaYzFire to 1517051584
02-02-18 09:55:38 [INFO] [OctoBans] rayzfire sql checked, record: insulte by RaYzFire to 1517069584
02-02-18 09:55:38 [INFO] [OctoBans] rayzfire sql checked, record: doubleposte by RaYzFire to 1517077289
02-02-18 09:55:38 [INFO] [OctoBans] rayzfire sql checked, record: spam by RaYzFire to 1517101433
02-02-18 09:55:38 [INFO] [OctoBans] rayzfire sql checked, record: doubleposte by RaYzFire to 1517079050
02-02-18 09:55:38 [INFO] [OctoBans] rayzfire sql checked, record: provocation by RaYzFire to 1517086125
02-02-18 09:55:38 [INFO] [OctoBans] rayzfire sql checked, record: doubleposte by RaYzFire to 1517132276
02-02-18 09:55:38 [INFO] [OctoBans] rayzfire sql checked, record: doubleposte by RaYzFire to 1517135022
02-02-18 09:55:38 [INFO] [OctoBans] rayzfire sql checked, record: doubleposte by RaYzFire to 1517136257
02-02-18 09:55:38 [INFO] [OctoBans] rayzfire sql checked, record: majuscule by RaYzFire to 1517153095
02-02-18 09:55:38 [INFO] [OctoBans] rayzfire sql checked, record: doubleposte by RaYzFire to 1517150705
02-02-18 09:55:38 [INFO] [OctoBans] rayzfire sql checked, record: doubleposte by RaYzFire to 1517156845
02-02-18 09:55:38 [INFO] [OctoBans] rayzfire sql checked, record: provocation by RaYzFire to 1517396395
02-02-18 09:55:38 [INFO] [OctoBans] rayzfire sql checked, record: insulte by RaYzFire to 1517398290
02-02-18 09:55:38 [INFO] [OctoBans] rayzfire sql checked, record: insultegrave by RaYzFire to 1517431619
02-02-18 09:55:38 [INFO] [OctoBans] rayzfire sql checked, record: spammp by RaYzFire to -1
02-02-18 09:55:38 [INFO] [OctoBans] rayzfire sql checked, record: insultegrave by RaYzFire to 1517580039
02-02-18 09:55:38 [INFO] [OctoBans] rayzfire sql checked, record: spammp by RaYzFire to -1
02-02-18 09:55:38 [INFO] [OctoBans] rayzfire sql checked, record: insulte by RaYzFire to 1517417660
02-02-18 09:55:38 [INFO] [OctoBans] rayzfire sql checked, record: doubleposte by RaYzFire to 1517420953
02-02-18 09:55:38 [INFO] [OctoBans] rayzfire sql checked, record: majuscule by RaYzFire to 1517422973
02-02-18 09:55:38 [INFO] [OctoBans] rayzfire sql checked, record: spammp by RaYzFire to -1
02-02-18 09:55:38 [INFO] [OctoBans] rayzfire sql checked, record: doubleposte by RaYzFire to 1517422470
02-02-18 09:55:38 [INFO] [OctoBans] rayzfire sql checked, record: insultegrave by RaYzFire to 1517605733
02-02-18 09:55:38 [INFO] [OctoBans] rayzfire sql checked, record: insultegrave by RaYzFire to 1517461748
02-02-18 09:55:38 [INFO] [OctoBans] rayzfire sql checked, record: insultegrave by RaYzFire to 1517462001
02-02-18 09:55:38 [INFO] [OctoBans] rayzfire sql checked, record: insultegrave by RaYzFire to 1517462029
02-02-18 09:55:38 [INFO] [OctoBans] rayzfire sql checked, record: insulte by RaYzFire to 1517428794
02-02-18 09:55:38 [INFO] [OctoBans] rayzfire sql checked, record: majuscule by RaYzFire to 1517497716
02-02-18 09:55:38 [INFO] [OctoBans] rayzfire sql checked, record: provocation by RaYzFire to 1517503822
02-02-18 09:55:38 [INFO] [OctoBans] rayzfire sql checked, record: homophobie by RaYzFire to 1517589955
02-02-18 09:55:38 [INFO] [OctoBans] rayzfire sql checked, record: spam by RaYzFire to 1517507167
02-02-18 09:55:38 [INFO] [OctoBans] rayzfire sql checked, record: insultegrave by RaYzFire to 1517540187
02-02-18 09:55:38 [INFO] [OctoBans] rayzfire sql checked, record: majuscule by RaYzFire to 1517508019
02-02-18 09:55:38 [INFO] [OctoBans] rayzfire sql checked, record: provocation by RaYzFire to 1517510368
02-02-18 09:55:38 [INFO] [OctoBans] rayzfire sql checked, record: insulte by RaYzFire to 1517514260
02-02-18 09:55:38 [INFO] [OctoBans] rayzfire sql checked, record: spammp by RaYzFire to -1
02-02-18 09:58:43 [INFO] [OctoBans] FiasK0 punished bloodgamer25 for: Fausses informations
02-02-18 10:00:41 [INFO] [OctoBans] FiasK0 punished bloodgamer25 for: Spam/flood en MP
02-02-18 10:05:17 [INFO] [OctoBans] thecrane02200 sql checked, record: spammp by Koeseb97 to -1
02-02-18 10:12:00 [INFO] [OctoBans] FiasK0 punished epedrakesse for: Spam/flood en MP
02-02-18 10:13:46 [INFO] [OctoBans] chut3000 sql checked, record: spammp by FiasK0 to -1
02-02-18 10:13:46 [INFO] [OctoBans] chut3000 sql checked, record: spammp by Zayrox29 to -1
02-02-18 10:13:46 [INFO] [OctoBans] chut3000 sql checked, record: spammp by NeyTox to -1
02-02-18 10:14:27 [INFO] [OctoBans] piizdragiibus33 sql checked, record: spammp by EW3L to -1
02-02-18 10:22:29 [INFO] [OctoBans] mgk_tozzzz sql checked, record: spammp by drbrine to -1
02-02-18 10:29:40 [INFO] [OctoBans] by_fly sql checked, record: spammp by Hkz_Skillon to -1
02-02-18 10:29:40 [INFO] [OctoBans] by_fly sql checked, record: spammp by PseudooNull to -1
02-02-18 10:31:43 [INFO] [OctoBans] pepsicoca sql checked, record: spammp by FiasK0 to -1
02-02-18 10:31:43 [INFO] [OctoBans] pepsicoca sql checked, record: spammp by Elfideltia to -1
02-02-18 10:31:43 [INFO] [OctoBans] pepsicoca sql checked, record: spammp by Elfideltia to -1
02-02-18 10:36:16 [INFO] [OctoBans] minethuglife sql checked, record: spammp by EW3L to -1
02-02-18 10:41:53 [INFO] [OctoBans] itsdaleur sql checked, record: spammp by PseudooNull to -1
02-02-18 10:44:58 [INFO] [OctoBans] bluegumsurytb sql checked, record: insultegrave by Furiomaniak to 1517629934
02-02-18 10:45:25 [INFO] [OctoBans] unnainportant sql checked, record: spammp by atsuky to -1
02-02-18 10:53:13 [INFO] [OctoBans] bloodgamer25 sql checked, record: spammp by FiasK0 to -1
02-02-18 10:53:13 [INFO] [OctoBans] bloodgamer25 sql checked, record: faussesinfos by FiasK0 to 1517734723
02-02-18 10:53:13 [INFO] [OctoBans] bloodgamer25 sql checked, record: spammp by FiasK0 to -1
02-02-18 10:54:56 [INFO] [OctoBans] FiasK0 punished easytv for: Majuscule
02-02-18 11:13:34 [INFO] [OctoBans] FiasK0 punished mgk_tozzzz for: Fausses informations
02-02-18 11:17:17 [INFO] [OctoBans] oiiiiiiiiiiio sql checked, record: spammp by SmooKeur to -1
02-02-18 11:21:50 [INFO] [OctoBans] keke91270 sql checked, record: spammp by PoukoaMoa to -1
02-02-18 11:58:29 [INFO] [OctoBans] omizuka sql checked, record: spammp by Furiomaniak to -1
