14-06-17 22:31:42 [INFO] [OctoBans] File Handler successfully initialized!
14-06-17 22:31:42 [INFO] [OctoBans] SQL connection successfully etablished
14-06-17 22:31:42 [INFO] [OctoBans] Moderator Tools by Octonia.
14-06-17 22:31:46 [INFO] [OctoBans] mini_cookies sql checked, record: spammp by YTB_XxKarnageXx to -1
14-06-17 22:31:46 [INFO] [OctoBans] neox_ytb sql checked, record: pubyt by YTB_XxKarnageXx to 1497476916
14-06-17 22:31:46 [INFO] [OctoBans] idecow_ sql checked, record: spammp by PseudoNul to -1
14-06-17 22:31:46 [INFO] [OctoBans] idecow_ sql checked, record: spammp by SuperJojo to -1
14-06-17 22:31:46 [INFO] [OctoBans] idecow_ sql checked, record: spammp by PseudoNul to -1
14-06-17 22:31:46 [INFO] [OctoBans] idecow_ sql checked, record: incitationflood by YTB_XxKarnageXx to 1497634718
14-06-17 22:31:46 [INFO] [OctoBans] idecow_ sql checked, record: spammp by Remil to -1
14-06-17 22:31:46 [INFO] [OctoBans] aldorbest sql checked, record: kickautre by Steph078 to -1
14-06-17 22:31:46 [INFO] [OctoBans] superfilleciel sql checked, record: spammp by Theo97 to -1
14-06-17 22:31:46 [INFO] [OctoBans] superfilleciel sql checked, record: spammp by Remil to -1
14-06-17 22:31:46 [INFO] [OctoBans] ew3l sql checked, record: spammp by SnowEffect to -1
14-06-17 22:31:46 [INFO] [OctoBans] tipi201 sql checked, record: kickautre by ZerKup to -1
14-06-17 22:31:46 [INFO] [OctoBans] molotof sql checked, record: provocation by YTB_XxKarnageXx to 1497472722
14-06-17 22:31:46 [INFO] [OctoBans] lolo76200 sql checked, record: spammp by PseudoNul to -1
14-06-17 22:31:46 [INFO] [OctoBans] lolo76200 sql checked, record: spammp by SuperJojo to -1
14-06-17 22:31:49 [INFO] [OctoBans] papigabi sql checked, record: spammp by SnowEffect to -1
14-06-17 22:31:49 [INFO] [OctoBans] swiftstay sql checked, record: spammp by Remil to -1
14-06-17 22:31:49 [INFO] [OctoBans] winningyt sql checked, record: insultegrave by YTB_XxKarnageXx to 1497608939
14-06-17 22:31:55 [INFO] [OctoBans] zrk_warthog sql checked, record: spammp by Remil to -1
14-06-17 22:31:57 [INFO] [OctoBans] craziix_eu sql checked, record: spammp by Remil to -1
14-06-17 22:32:01 [INFO] [OctoBans] unsdfquidab sql checked, record: doubleposte by Remil to 1497472337
14-06-17 22:32:01 [INFO] [OctoBans] shimo_ sql checked, record: insultegrave by Remil to 1497503149
14-06-17 22:32:13 [INFO] [OctoBans] grenousse_pvp sql checked, record: spammp by YTB_XxKarnageXx to -1
14-06-17 22:32:20 [INFO] [OctoBans] simbadu43 sql checked, record: spam by YTB_XxKarnageXx to 1497473804
14-06-17 22:32:26 [INFO] [OctoBans] gismo2806 sql checked, record: insultegrave by YTB_XxKarnageXx to 1497612045
14-06-17 22:32:32 [INFO] [OctoBans] lassa18 sql checked, record: spammp by Remil to -1
14-06-17 22:32:32 [INFO] [OctoBans] lassa18 sql checked, record: spammp by Remil to -1
14-06-17 22:32:43 [INFO] [OctoBans] Remil punished juju54230 for: Double Poste
14-06-17 22:32:51 [INFO] [OctoBans] dogu sql checked, record: faussesinfos by Antoine57565 to 1497543154
14-06-17 22:33:18 [INFO] [OctoBans] ext4zzy sql checked, record: spammp by Remil to -1
14-06-17 22:33:18 [INFO] [OctoBans] ext4zzy sql checked, record: spammp by Remil to -1
14-06-17 22:33:18 [INFO] [OctoBans] ext4zzy sql checked, record: spammp by Remil to -1
14-06-17 22:33:18 [INFO] [OctoBans] ext4zzy sql checked, record: spammp by SuperJojo to -1
14-06-17 22:33:18 [INFO] [OctoBans] ext4zzy sql checked, record: kickautre by Steph078 to -1
14-06-17 22:33:18 [INFO] [OctoBans] ext4zzy sql checked, record: spammp by SuperJojo to -1
14-06-17 22:33:18 [INFO] [OctoBans] ext4zzy sql checked, record: spammp by Remil to -1
14-06-17 22:38:42 [INFO] [OctoBans] Remil punished craziix_eu for: Spam/flood en MP
14-06-17 22:43:07 [INFO] [OctoBans] batu sql checked, record: faussesinfos by Antoine57565 to 1497543124
14-06-17 22:43:18 [INFO] [OctoBans] iskeaz sql checked, record: spammp by SkyKosIV to -1
14-06-17 22:46:06 [INFO] [OctoBans] Remil punished juju54230 for: Insulte grave
14-06-17 22:46:36 [INFO] [OctoBans] by_fly sql checked, record: spammp by Remil to -1
14-06-17 22:49:26 [INFO] [OctoBans] Remil punished squart for: Spam/flood
14-06-17 22:49:40 [INFO] [OctoBans] sportek_ sql checked, record: spammp by SkyKosIV to -1
14-06-17 22:49:52 [INFO] [OctoBans] Remil punished unsdfquidab for: Langage incorrect
14-06-17 22:53:49 [INFO] [OctoBans] walterwhite sql checked, record: spammp by SuperJojo to -1
14-06-17 22:53:49 [INFO] [OctoBans] walterwhite sql checked, record: insultestaff by Forway to 1497625678
14-06-17 22:53:49 [INFO] [OctoBans] walterwhite sql checked, record: insultegrave by Forway to 1497530179
14-06-17 22:55:16 [INFO] [OctoBans] Remil punished berzeker for: Langage incorrect
14-06-17 22:55:49 [INFO] [OctoBans] Remil punished xroyalfuzz for: Insulte
14-06-17 22:58:44 [INFO] [OctoBans] lego_pvp sql checked, record: spammp by SkyKosIV to -1
14-06-17 23:03:21 [INFO] [OctoBans] holympe sql checked, record: spammp by PseudoNul to -1
14-06-17 23:09:48 [INFO] [OctoBans] steph078 sql checked, record: spammp by Blubfire to -1
14-06-17 23:09:48 [INFO] [OctoBans] steph078 sql checked, record: spammp by Blubfire to -1
14-06-17 23:12:15 [INFO] [OctoBans] Remil punished dolby for: Double Poste
14-06-17 23:18:06 [INFO] [OctoBans] blackwhite010 sql checked, record: spammp by PseudoNul to -1
14-06-17 23:18:06 [INFO] [OctoBans] blackwhite010 sql checked, record: insultegrave by PseudoNul to 1497572832
14-06-17 23:19:38 [INFO] [OctoBans] carglass sql checked, record: spammp by Remil to -1
14-06-17 23:34:01 [INFO] [OctoBans] Remil punished titi09 for: Double Poste
14-06-17 23:40:46 [INFO] [OctoBans] julianne sql checked, record: spammp by Remil to -1
14-06-17 23:44:59 [INFO] [OctoBans] Remil punished theblackmask92 for: Majuscule
14-06-17 23:46:41 [INFO] [OctoBans] romlcm89 sql checked, record: spammp by YTB_XxKarnageXx to -1
14-06-17 23:52:54 [INFO] [OctoBans] Remil punished snap for: Menace de hack
14-06-17 23:57:54 [INFO] [OctoBans] mrkebab sql checked, record: spammp by SuperJojo to -1
15-06-17 00:04:55 [INFO] [OctoBans] LeSheitan punished tybou for: Double Poste
15-06-17 00:06:42 [INFO] [OctoBans] Remil punished mrchocolas for: Spam/flood
15-06-17 00:07:58 [INFO] [OctoBans] Tybou punished zbeubz for: Provocation
15-06-17 00:13:04 [INFO] [OctoBans] marchandloup sql checked, record: spammp by Remil to -1
15-06-17 00:17:12 [INFO] [OctoBans] safoufoucraft00 sql checked, record: spammp by YTB_XxKarnageXx to -1
15-06-17 00:19:55 [INFO] [OctoBans] pvpbest sql checked, record: insultegrave by YTB_XxKarnageXx to 1497499509
15-06-17 00:20:52 [INFO] [OctoBans] Tybou punished berzeker for: Double Poste
15-06-17 00:30:37 [INFO] [OctoBans] Romlcm89 punished mineines31 for: Double Poste
15-06-17 00:35:14 [INFO] [OctoBans] LeSheitan punished lepapadesampvp for: Spam/flood
15-06-17 00:36:11 [INFO] [OctoBans] Tybou punished mrkebab for: Langage incorrect
15-06-17 00:37:12 [INFO] [OctoBans] Romlcm89 punished frite_merguez for: Double Poste
15-06-17 00:42:44 [INFO] [OctoBans] Remil punished cerealekilleur for: Majuscule
15-06-17 00:54:54 [INFO] [OctoBans] lavache sql checked, record: spammp by SkyKosIV to -1
15-06-17 01:00:47 [INFO] [OctoBans] LeSheitan punished sam_pvp1996 for: Spam/flood
15-06-17 01:01:30 [INFO] [OctoBans] ededed91 sql checked, record: spammp by SkyKosIV to -1
15-06-17 01:02:33 [INFO] [OctoBans] itz_smokew33d sql checked, record: spammp by Remil to -1
15-06-17 01:03:18 [INFO] [OctoBans] LeSheitan punished mat335 for: Majuscule
15-06-17 01:08:22 [INFO] [OctoBans] Tybou punished cerealekilleur for: Double Poste
15-06-17 01:24:21 [INFO] [OctoBans] Remil punished azayoz for: Double Poste
15-06-17 01:34:26 [INFO] [OctoBans] Remil punished mrkebab for: Double Poste
15-06-17 02:17:57 [INFO] [OctoBans] Remil punished zoroto for: Double Poste
15-06-17 02:36:00 [INFO] [OctoBans] Remil punished tom05120 for: Double Poste
15-06-17 05:31:10 [INFO] [OctoBans] Remil punished qcpower for: Majuscule
15-06-17 05:31:17 [INFO] [OctoBans] Remil punished dark_sea for: Langage incorrect
15-06-17 05:41:20 [INFO] [OctoBans] ruth_skwiz sql checked, record: spammp by Remil to -1
15-06-17 06:01:02 [INFO] [OctoBans] Disabling OctoBans v1.0
