08-10-17 22:31:42 [INFO] [OctoBans] File Handler successfully initialized!
08-10-17 22:31:42 [INFO] [OctoBans] SQL connection successfully etablished
08-10-17 22:31:42 [INFO] [OctoBans] Moderator Tools by Octonia.
08-10-17 22:31:49 [INFO] [OctoBans] hulz0 sql checked, record: kickautre by YTB_XxKarnageXx to -1
08-10-17 22:31:55 [INFO] [OctoBans] darkraft_gamiing sql checked, record: insultegrave by tinmar to 1507495744
08-10-17 22:32:26 [INFO] [OctoBans] nolaninomc sql checked, record: spammp by SmooKeur to -1
08-10-17 22:44:27 [INFO] [OctoBans] frozen_20 sql checked, record: spammp by skhey to -1
08-10-17 22:44:27 [INFO] [OctoBans] frozen_20 sql checked, record: spammp by iPurple_ to -1
08-10-17 22:44:27 [INFO] [OctoBans] frozen_20 sql checked, record: spammp by NeosiaNexus to -1
08-10-17 22:44:27 [INFO] [OctoBans] frozen_20 sql checked, record: spammp by tinmar to -1
08-10-17 22:44:27 [INFO] [OctoBans] frozen_20 sql checked, record: spammp by Remil to -1
08-10-17 22:44:27 [INFO] [OctoBans] frozen_20 sql checked, record: insultegrave by _Hello_Kitty to 1507880523
08-10-17 22:50:15 [INFO] [OctoBans] goblex sql checked, record: incitationflood by woimant to 1507545513
08-10-17 23:27:04 [INFO] [OctoBans] lethugdu46 sql checked, record: spammp by Remil to -1
08-10-17 23:28:14 [INFO] [OctoBans] superb3b3 sql checked, record: spammp by Remil to -1
08-10-17 23:28:14 [INFO] [OctoBans] superb3b3 sql checked, record: spammp by Remil to -1
08-10-17 23:33:59 [INFO] [OctoBans] ViRoCl punished idreyzen for: Provocation
08-10-17 23:39:26 [INFO] [OctoBans] ViRoCl punished ailean9445 for: Double Poste
08-10-17 23:41:46 [INFO] [OctoBans] ViRoCl punished thekillervaca for: Langage incorrect
08-10-17 23:47:50 [INFO] [OctoBans] azzymaster punished aparia for: Langage incorrect
08-10-17 23:48:09 [INFO] [OctoBans] azzymaster punished crax_ for: Insulte grave
08-10-17 23:50:48 [INFO] [OctoBans] ViRoCl punished molotof for: Provocation
08-10-17 23:55:54 [INFO] [OctoBans] ViRoCl punished mr_lebarbu for: Double Poste
09-10-17 00:25:50 [INFO] [OctoBans] NeyTox punished haygun for: Double Poste
09-10-17 00:35:04 [INFO] [OctoBans] NeyTox punished rafoughali for: Double Poste
09-10-17 00:39:14 [INFO] [OctoBans] NeyTox punished yolpe89 for: Double Poste
09-10-17 00:39:20 [INFO] [OctoBans] NeyTox punished eli33 for: Double Poste
09-10-17 00:50:51 [INFO] [OctoBans] NeyTox punished molotof for: Double Poste
09-10-17 01:46:46 [INFO] [OctoBans] ViRoCl punished wazhrod for: Langage incorrect
09-10-17 02:24:03 [INFO] [OctoBans] ViRoCl punished darkilleur63 for: Provocation
09-10-17 06:01:01 [INFO] [OctoBans] Disabling OctoBans v1.0
