03-08-17 22:31:42 [INFO] [OctoBans] File Handler successfully initialized!
03-08-17 22:31:42 [INFO] [OctoBans] SQL connection successfully etablished
03-08-17 22:31:42 [INFO] [OctoBans] Moderator Tools by Octonia.
03-08-17 22:31:48 [INFO] [OctoBans] leo2316 sql checked, record: spammp by SuperJojo to -1
03-08-17 22:31:48 [INFO] [OctoBans] leo2316 sql checked, record: spammp by Remil to -1
03-08-17 22:31:48 [INFO] [OctoBans] leo2316 sql checked, record: insultegrave by ZerKup to 1501798215
03-08-17 22:31:48 [INFO] [OctoBans] weetiix sql checked, record: incitationflood by NeyTox to 1501877275
03-08-17 22:31:48 [INFO] [OctoBans] xboymax sql checked, record: spammp by YTB_XxKarnageXx to -1
03-08-17 22:31:48 [INFO] [OctoBans] xboymax sql checked, record: spammp by tinmar to -1
03-08-17 22:31:48 [INFO] [OctoBans] xboymax sql checked, record: kickautre by CreepyEagle to -1
03-08-17 22:31:48 [INFO] [OctoBans] xboymax sql checked, record: incitationflood by SmooKeur to 1501794685
03-08-17 22:31:48 [INFO] [OctoBans] mindex45 sql checked, record: spammp by SnowEffect to -1
03-08-17 22:31:48 [INFO] [OctoBans] mindex45 sql checked, record: kickautre by NeosiaNexus to -1
03-08-17 22:31:48 [INFO] [OctoBans] azr530 sql checked, record: spammp by PseudoNul to -1
03-08-17 22:31:48 [INFO] [OctoBans] wheass sql checked, record: spammp by SkyKosIV to -1
03-08-17 22:31:48 [INFO] [OctoBans] wheass sql checked, record: spammp by iPurple_ to -1
03-08-17 22:31:48 [INFO] [OctoBans] ivluzofficial sql checked, record: faussesinfos by woimant to 1501865292
03-08-17 22:31:48 [INFO] [OctoBans] sacha33340 sql checked, record: faussesinfos by YTB_XxKarnageXx to 1502013196
03-08-17 22:31:48 [INFO] [OctoBans] sacha33340 sql checked, record: spammp by ZerKup to -1
03-08-17 22:31:48 [INFO] [OctoBans] chromaaa_ sql checked, record: spammp by Steph078 to -1
03-08-17 22:31:48 [INFO] [OctoBans] eglantinette sql checked, record: spammp by drbrine to -1
03-08-17 22:31:48 [INFO] [OctoBans] wilson84 sql checked, record: spammp by SnowEffect to -1
03-08-17 22:31:49 [INFO] [OctoBans] lucas59261 sql checked, record: kickautre by ZerKup to -1
03-08-17 22:31:49 [INFO] [OctoBans] lucas59261 sql checked, record: spammp by PseudoNul to -1
03-08-17 22:31:49 [INFO] [OctoBans] lucas59261 sql checked, record: spammp by YTB_XxKarnageXx to -1
03-08-17 22:31:49 [INFO] [OctoBans] lucas59261 sql checked, record: spammp by Remil to -1
03-08-17 22:31:49 [INFO] [OctoBans] lucas59261 sql checked, record: spammp by PseudoNul to -1
03-08-17 22:31:49 [INFO] [OctoBans] lucas59261 sql checked, record: spammp by PseudoNul to -1
03-08-17 22:31:49 [INFO] [OctoBans] lucas59261 sql checked, record: spammp by Anzerti to -1
03-08-17 22:31:52 [INFO] [OctoBans] dylan433 sql checked, record: spammp by PseudoNul to -1
03-08-17 22:31:52 [INFO] [OctoBans] dylan433 sql checked, record: spammp by Remil to -1
03-08-17 22:31:52 [INFO] [OctoBans] dylan433 sql checked, record: faussesinfos by YTB_XxKarnageXx to 1501835286
03-08-17 22:31:52 [INFO] [OctoBans] biguiboss31 sql checked, record: spammp by PseudoNul to -1
03-08-17 22:31:52 [INFO] [OctoBans] biguiboss31 sql checked, record: spammp by Remil to -1
03-08-17 22:31:53 [INFO] [OctoBans] joris80131 sql checked, record: homophobie by tinmar to 1501863503
03-08-17 22:31:54 [INFO] [OctoBans] icrowz_ sql checked, record: spammp by iPurple_ to -1
03-08-17 22:31:56 [INFO] [OctoBans] zozodu14 sql checked, record: spammp by iPurple_ to -1
03-08-17 22:31:56 [INFO] [OctoBans] zozodu14 sql checked, record: spammp by skhey to -1
03-08-17 22:31:56 [INFO] [OctoBans] zozodu14 sql checked, record: spammp by skhey to -1
03-08-17 22:31:56 [INFO] [OctoBans] zozodu14 sql checked, record: spammp by skhey to -1
03-08-17 22:31:56 [INFO] [OctoBans] zozodu14 sql checked, record: spammp by skhey to -1
03-08-17 22:31:56 [INFO] [OctoBans] deadpool42 sql checked, record: doubleposte by woimant to 1501793184
03-08-17 22:31:59 [INFO] [OctoBans] pepsicoca sql checked, record: spammp by Steph078 to -1
03-08-17 22:32:03 [INFO] [OctoBans] wize_ sql checked, record: spammp by TheBrioche13 to -1
03-08-17 22:32:07 [INFO] [OctoBans] arktizz sql checked, record: doubleposte by Steph078 to 1501794228
03-08-17 22:32:09 [INFO] [OctoBans] andsiou sql checked, record: spammp by ZerKup to -1
03-08-17 22:32:14 [INFO] [OctoBans] arkam_ sql checked, record: insultegrave by TheBrioche13 to 1501804162
03-08-17 22:32:20 [INFO] [OctoBans] charifboss sql checked, record: spammp by Blubfire to -1
03-08-17 22:32:20 [INFO] [OctoBans] charifboss sql checked, record: spammp by SnowEffect to -1
03-08-17 22:32:29 [INFO] [OctoBans] mega_fuzion sql checked, record: langage by woimant to 1501793934
03-08-17 22:32:30 [INFO] [OctoBans] _NeXon_ punished akiirasama for: Double Poste
03-08-17 22:32:37 [INFO] [OctoBans] woimant punished minecanis for: Double Poste
03-08-17 22:32:44 [INFO] [OctoBans] syoco45 sql checked, record: spamfopen by Steph078 to 1501889893
03-08-17 22:33:11 [INFO] [OctoBans] titidu46 sql checked, record: spammp by drbrine to -1
03-08-17 22:33:11 [INFO] [OctoBans] titidu46 sql checked, record: spammp by Remil to -1
03-08-17 22:33:11 [INFO] [OctoBans] titidu46 sql checked, record: insultegrave by Remil to 1501906317
03-08-17 22:33:11 [INFO] [OctoBans] titidu46 sql checked, record: spammp by tinmar to -1
03-08-17 22:33:26 [INFO] [OctoBans] hkz_skillon sql checked, record: spam by Steph078 to 1501792689
03-08-17 22:33:47 [INFO] [OctoBans] kyabe sql checked, record: kickautre by CreepyEagle to -1
03-08-17 22:33:47 [INFO] [OctoBans] kyabe sql checked, record: spammp by Steph078 to -1
03-08-17 22:33:53 [INFO] [OctoBans] samy13310 sql checked, record: spammp by iPurple_ to -1
03-08-17 22:33:54 [INFO] [OctoBans] gamix_yt sql checked, record: spammp by SkyKosIV to -1
03-08-17 22:33:54 [INFO] [OctoBans] gamix_yt sql checked, record: spammp by Steph078 to -1
03-08-17 22:33:54 [INFO] [OctoBans] gamix_yt sql checked, record: spammp by YTB_XxKarnageXx to -1
03-08-17 22:34:01 [INFO] [OctoBans] blackwhite010 sql checked, record: faussesinfos by SmooKeur to 1501852138
03-08-17 22:34:12 [INFO] [OctoBans] xprieme sql checked, record: spam by _NeXon_ to 1501794669
03-08-17 22:34:35 [INFO] [OctoBans] louis61250 sql checked, record: doubleposte by Steph078 to 1501792555
03-08-17 22:35:45 [INFO] [OctoBans] totototo11 sql checked, record: spammp by NeosiaNexus to -1
03-08-17 22:35:45 [INFO] [OctoBans] totototo11 sql checked, record: spammp by PseudoNul to -1
03-08-17 22:35:45 [INFO] [OctoBans] totototo11 sql checked, record: majuscule by Steph078 to 1501801912
03-08-17 22:35:59 [INFO] [OctoBans] Wiindows punished valentin62123 for: Spam/flood
03-08-17 22:38:13 [INFO] [OctoBans] natan sql checked, record: faussesinfos by ZerKup to 1501959072
03-08-17 22:38:13 [INFO] [OctoBans] natan sql checked, record: spammp by Remil to -1
03-08-17 22:38:23 [INFO] [OctoBans] Wiindows punished p0ussin71 for: Insulte
03-08-17 22:38:25 [INFO] [OctoBans] sportek_ sql checked, record: spammp by SkyKosIV to -1
03-08-17 22:40:24 [INFO] [OctoBans] deeprodole sql checked, record: spammp by SnowEffect to -1
03-08-17 22:40:24 [INFO] [OctoBans] deeprodole sql checked, record: racism by Steph078 to 1501813919
03-08-17 22:40:42 [INFO] [OctoBans] woimant punished lakitaw for: Langage incorrect
03-08-17 22:44:16 [INFO] [OctoBans] k3n sql checked, record: insultegrave by tinmar to 1501808302
03-08-17 22:44:25 [INFO] [OctoBans] eren_yeager sql checked, record: spammp by PseudoNul to -1
03-08-17 22:45:46 [INFO] [OctoBans] smath sql checked, record: tpkill by Steph078 to 1501950369
03-08-17 22:45:59 [INFO] [OctoBans] TheBrioche13 punished darkvador77 for: Double Poste
03-08-17 22:47:49 [INFO] [OctoBans] neox_ytb sql checked, record: spammp by iPurple_ to -1
03-08-17 22:47:49 [INFO] [OctoBans] neox_ytb sql checked, record: spammp by PseudoNul to -1
03-08-17 22:49:18 [INFO] [OctoBans] yoyodu02 sql checked, record: spammp by PseudoNul to -1
03-08-17 22:49:18 [INFO] [OctoBans] yoyodu02 sql checked, record: faussesinfos by SmooKeur to 1501863923
03-08-17 22:49:18 [INFO] [OctoBans] yoyodu02 sql checked, record: tpkill by SmooKeur to 1501950343
03-08-17 22:50:18 [INFO] [OctoBans] gregbg sql checked, record: multicompte by zlFire49 to -1
03-08-17 22:50:23 [INFO] [OctoBans] karimospvp sql checked, record: spammp by YTB_XxKarnageXx to -1
03-08-17 22:50:23 [INFO] [OctoBans] karimospvp sql checked, record: spammp by YTB_XxKarnageXx to -1
03-08-17 22:50:23 [INFO] [OctoBans] karimospvp sql checked, record: spammp by tinmar to -1
03-08-17 22:50:51 [INFO] [OctoBans] nait75 sql checked, record: spam by Forway to 1501823579
03-08-17 22:51:23 [INFO] [OctoBans] kiragon sql checked, record: spammp by SnowEffect to -1
03-08-17 22:53:32 [INFO] [OctoBans] scorpmanskill sql checked, record: spammp by Remil to -1
03-08-17 22:53:32 [INFO] [OctoBans] scorpmanskill sql checked, record: insultestaff by _NeXon_ to 1501840862
03-08-17 22:53:32 [INFO] [OctoBans] scorpmanskill sql checked, record: insultegrave by Forway to 1501800824
03-08-17 22:54:12 [INFO] [OctoBans] woimant punished wolfgang for: Double Poste
03-08-17 22:55:11 [INFO] [OctoBans] ZerKup punished icrowz_ for: Spam/flood
03-08-17 22:55:13 [INFO] [OctoBans] ishaadow_ sql checked, record: spammp by SmooKeur to -1
03-08-17 22:55:47 [INFO] [OctoBans] pvp_thibaut_pvp sql checked, record: spammp by SuperJojo to -1
03-08-17 22:57:19 [INFO] [OctoBans] woimant punished keke91270 for: Spam/flood
03-08-17 22:57:55 [INFO] [OctoBans] ZerKup punished akatsukie for: Double Poste
03-08-17 23:00:34 [INFO] [OctoBans] ZerKup punished prozeur for: Double Poste
03-08-17 23:00:47 [INFO] [OctoBans] ZerKup punished andsiou for: Spam/flood
03-08-17 23:02:44 [INFO] [OctoBans] miguel80 sql checked, record: spam by Steph078 to 1501797258
03-08-17 23:04:45 [INFO] [OctoBans] woimant punished ozneyt for: Double Poste
03-08-17 23:05:32 [INFO] [OctoBans] ZerKup punished pika_ for: Double Poste
03-08-17 23:05:35 [INFO] [OctoBans] ZerKup punished woimant for: Double Poste
03-08-17 23:06:26 [INFO] [OctoBans] ZerKup punished azertuip for: Spam/flood
03-08-17 23:06:40 [INFO] [OctoBans] ZerKup punished kiragon for: Majuscule
03-08-17 23:08:01 [INFO] [OctoBans] razgard59 sql checked, record: spammp by SuperJojo to -1
03-08-17 23:15:04 [INFO] [OctoBans] ZerKup punished adamoyonnax for: Provocation
03-08-17 23:17:52 [INFO] [OctoBans] lololaclarinette sql checked, record: spammp by tinmar to -1
03-08-17 23:17:52 [INFO] [OctoBans] lololaclarinette sql checked, record: pubyt by Steph078 to 1501797793
03-08-17 23:21:52 [INFO] [OctoBans] etienne068 sql checked, record: spammp by ZerKup to -1
03-08-17 23:28:34 [INFO] [OctoBans] ZerKup punished eglantinette for: Spam/flood
03-08-17 23:29:40 [INFO] [OctoBans] sqkaa_ sql checked, record: spammp by Remil to -1
03-08-17 23:29:40 [INFO] [OctoBans] millardm sql checked, record: spammp by PseudoNul to -1
03-08-17 23:30:57 [INFO] [OctoBans] guillaume02823 sql checked, record: insultegrave by YTB_XxKarnageXx to 1502035122
03-08-17 23:38:20 [INFO] [OctoBans] ZerKup punished blc_frr_pvp for: Double Poste
03-08-17 23:38:31 [INFO] [OctoBans] ZerKup punished the_big_men for: Double Poste
03-08-17 23:40:24 [INFO] [OctoBans] ZerKup punished xxrandomxx for: Spam/flood
03-08-17 23:41:25 [INFO] [OctoBans] ZerKup punished adamoyonnax for: Provocation
03-08-17 23:41:27 [INFO] [OctoBans] adamoyonnax sql checked, record: provocation by ZerKup to 1501797385
03-08-17 23:41:32 [INFO] [OctoBans] lololaclarinette sql checked, record: spammp by tinmar to -1
03-08-17 23:41:32 [INFO] [OctoBans] lololaclarinette sql checked, record: pubyt by Steph078 to 1501797793
03-08-17 23:41:50 [INFO] [OctoBans] YTB_XxKarnageXx punished charifboss for: Provocation
03-08-17 23:43:06 [INFO] [OctoBans] ZerKup punished wyzek for: Spam/flood
03-08-17 23:46:35 [INFO] [OctoBans] deeprodole sql checked, record: spammp by SnowEffect to -1
03-08-17 23:46:35 [INFO] [OctoBans] deeprodole sql checked, record: racism by Steph078 to 1501813919
03-08-17 23:46:35 [INFO] [OctoBans] deeprodole sql checked, record: doubleposte by DEEProdole to 1498212461
03-08-17 23:46:35 [INFO] [OctoBans] deeprodole sql checked, record: insultesrv by DEEProdole to 1498233839
03-08-17 23:46:35 [INFO] [OctoBans] deeprodole sql checked, record: spam by DEEProdole to 1498219629
03-08-17 23:46:35 [INFO] [OctoBans] deeprodole sql checked, record: doubleposte by DEEProdole to 1498218209
03-08-17 23:46:35 [INFO] [OctoBans] deeprodole sql checked, record: doubleposte by DEEProdole to 1498222559
03-08-17 23:46:35 [INFO] [OctoBans] deeprodole sql checked, record: doubleposte by DEEProdole to 1498253464
03-08-17 23:46:35 [INFO] [OctoBans] deeprodole sql checked, record: majuscule by DEEProdole to 1498253799
03-08-17 23:46:35 [INFO] [OctoBans] deeprodole sql checked, record: doubleposte by DEEProdole to 1498254713
03-08-17 23:46:35 [INFO] [OctoBans] deeprodole sql checked, record: insulte by DEEProdole to 1498257583
03-08-17 23:46:35 [INFO] [OctoBans] deeprodole sql checked, record: langage by DEEProdole to 1498257410
03-08-17 23:46:35 [INFO] [OctoBans] deeprodole sql checked, record: langage by DEEProdole to 1498256559
03-08-17 23:46:35 [INFO] [OctoBans] deeprodole sql checked, record: provocation by DEEProdole to 1498256621
03-08-17 23:46:35 [INFO] [OctoBans] deeprodole sql checked, record: langage by DEEProdole to 1498257363
03-08-17 23:46:35 [INFO] [OctoBans] deeprodole sql checked, record: insultegrave by DEEProdole to 1498292170
03-08-17 23:46:35 [INFO] [OctoBans] deeprodole sql checked, record: provocation by DEEProdole to 1498257978
03-08-17 23:46:35 [INFO] [OctoBans] deeprodole sql checked, record: doubleposte by DEEProdole to 1498257470
03-08-17 23:46:35 [INFO] [OctoBans] deeprodole sql checked, record: majuscule by DEEProdole to 1498258250
03-08-17 23:46:35 [INFO] [OctoBans] deeprodole sql checked, record: insultegrave by DEEProdole to 1498293770
03-08-17 23:46:35 [INFO] [OctoBans] deeprodole sql checked, record: provocation by DEEProdole to 1498258083
03-08-17 23:46:35 [INFO] [OctoBans] deeprodole sql checked, record: doubleposte by DEEProdole to 1498262034
03-08-17 23:46:35 [INFO] [OctoBans] deeprodole sql checked, record: provocation by DEEProdole to 1498261007
03-08-17 23:46:35 [INFO] [OctoBans] deeprodole sql checked, record: spam by DEEProdole to 1498263785
03-08-17 23:46:35 [INFO] [OctoBans] deeprodole sql checked, record: doubleposte by DEEProdole to 1498262040
03-08-17 23:46:35 [INFO] [OctoBans] deeprodole sql checked, record: doubleposte by DEEProdole to 1498261647
03-08-17 23:46:35 [INFO] [OctoBans] deeprodole sql checked, record: doubleposte by DEEProdole to 1498266100
03-08-17 23:46:35 [INFO] [OctoBans] deeprodole sql checked, record: doubleposte by DEEProdole to 1498262305
03-08-17 23:46:35 [INFO] [OctoBans] deeprodole sql checked, record: doubleposte by DEEProdole to 1498263921
03-08-17 23:46:35 [INFO] [OctoBans] deeprodole sql checked, record: langage by DEEProdole to 1498268812
03-08-17 23:46:35 [INFO] [OctoBans] deeprodole sql checked, record: insultegrave by DEEProdole to 1498339618
03-08-17 23:46:35 [INFO] [OctoBans] deeprodole sql checked, record: insultegrave by DEEProdole to 1498303627
03-08-17 23:46:35 [INFO] [OctoBans] deeprodole sql checked, record: majuscule by DEEProdole to 1498271364
03-08-17 23:46:35 [INFO] [OctoBans] deeprodole sql checked, record: spam by DEEProdole to 1498304357
03-08-17 23:46:35 [INFO] [OctoBans] deeprodole sql checked, record: doubleposte by DEEProdole to 1498301373
03-08-17 23:46:35 [INFO] [OctoBans] deeprodole sql checked, record: incitationflood by DEEProdole to 1498387244
03-08-17 23:46:35 [INFO] [OctoBans] deeprodole sql checked, record: majuscule by DEEProdole to 1498301592
03-08-17 23:46:35 [INFO] [OctoBans] deeprodole sql checked, record: insultestaff by DEEProdole to 1498337046
03-08-17 23:46:35 [INFO] [OctoBans] deeprodole sql checked, record: majuscule by DEEProdole to 1498301718
03-08-17 23:46:35 [INFO] [OctoBans] deeprodole sql checked, record: spam by DEEProdole to 1498304758
03-08-17 23:46:35 [INFO] [OctoBans] deeprodole sql checked, record: spam by DEEProdole to 1498304917
03-08-17 23:46:35 [INFO] [OctoBans] deeprodole sql checked, record: majuscule by DEEProdole to 1498303744
03-08-17 23:46:35 [INFO] [OctoBans] deeprodole sql checked, record: spam by DEEProdole to 1498305037
03-08-17 23:46:35 [INFO] [OctoBans] deeprodole sql checked, record: langage by DEEProdole to 1498302806
03-08-17 23:46:35 [INFO] [OctoBans] deeprodole sql checked, record: pubyt by DEEProdole to 1498324513
03-08-17 23:46:35 [INFO] [OctoBans] deeprodole sql checked, record: spam by DEEProdole to 1498316000
03-08-17 23:46:35 [INFO] [OctoBans] deeprodole sql checked, record: spam by DEEProdole to 1498312408
03-08-17 23:46:35 [INFO] [OctoBans] deeprodole sql checked, record: majuscule by DEEProdole to 1498309472
03-08-17 23:46:35 [INFO] [OctoBans] deeprodole sql checked, record: majuscule by DEEProdole to 1498309605
03-08-17 23:46:35 [INFO] [OctoBans] deeprodole sql checked, record: doubleposte by DEEProdole to 1498309320
03-08-17 23:46:35 [INFO] [OctoBans] deeprodole sql checked, record: flood by DEEProdole to 1498313101
03-08-17 23:46:35 [INFO] [OctoBans] deeprodole sql checked, record: provocation by DEEProdole to 1498310200
03-08-17 23:46:35 [INFO] [OctoBans] deeprodole sql checked, record: majuscule by DEEProdole to 1498312564
03-08-17 23:46:35 [INFO] [OctoBans] deeprodole sql checked, record: spam by DEEProdole to 1498313826
03-08-17 23:46:35 [INFO] [OctoBans] deeprodole sql checked, record: langage by DEEProdole to 1498314117
03-08-17 23:46:35 [INFO] [OctoBans] deeprodole sql checked, record: langage by DEEProdole to 1498311204
03-08-17 23:46:35 [INFO] [OctoBans] deeprodole sql checked, record: doubleposte by DEEProdole to 1498312328
03-08-17 23:46:35 [INFO] [OctoBans] deeprodole sql checked, record: spam by DEEProdole to 1498314852
03-08-17 23:46:35 [INFO] [OctoBans] deeprodole sql checked, record: majuscule by DEEProdole to 1498311873
03-08-17 23:46:35 [INFO] [OctoBans] deeprodole sql checked, record: majuscule by DEEProdole to 1498311881
03-08-17 23:46:35 [INFO] [OctoBans] deeprodole sql checked, record: spam by DEEProdole to 1498314945
03-08-17 23:46:35 [INFO] [OctoBans] deeprodole sql checked, record: insultesrv by DEEProdole to 1498329400
03-08-17 23:46:35 [INFO] [OctoBans] deeprodole sql checked, record: insultesrv by DEEProdole to 1498329429
03-08-17 23:46:35 [INFO] [OctoBans] deeprodole sql checked, record: spam by DEEProdole to 1498315073
03-08-17 23:46:35 [INFO] [OctoBans] deeprodole sql checked, record: doubleposte by DEEProdole to 1498313590
03-08-17 23:46:35 [INFO] [OctoBans] deeprodole sql checked, record: langage by DEEProdole to 1498312585
03-08-17 23:46:35 [INFO] [OctoBans] deeprodole sql checked, record: doubleposte by DEEProdole to 1498314710
03-08-17 23:46:35 [INFO] [OctoBans] deeprodole sql checked, record: insultestaff by DEEProdole to 1498564119
03-08-17 23:46:35 [INFO] [OctoBans] deeprodole sql checked, record: doubleposte by DEEProdole to 1498315990
03-08-17 23:46:35 [INFO] [OctoBans] deeprodole sql checked, record: spam by DEEProdole to 1498317953
03-08-17 23:46:35 [INFO] [OctoBans] deeprodole sql checked, record: doubleposte by DEEProdole to 1498316342
03-08-17 23:46:35 [INFO] [OctoBans] deeprodole sql checked, record: doubleposte by DEEProdole to 1498315607
03-08-17 23:46:35 [INFO] [OctoBans] deeprodole sql checked, record: spam by DEEProdole to 1498319211
03-08-17 23:46:35 [INFO] [OctoBans] deeprodole sql checked, record: spam by DEEProdole to 1498319364
03-08-17 23:46:35 [INFO] [OctoBans] deeprodole sql checked, record: provocation by DEEProdole to 1498316216
03-08-17 23:46:35 [INFO] [OctoBans] deeprodole sql checked, record: provocation by DEEProdole to 1498318048
03-08-17 23:46:35 [INFO] [OctoBans] deeprodole sql checked, record: insultegrave by DEEProdole to 1498352283
03-08-17 23:46:35 [INFO] [OctoBans] deeprodole sql checked, record: insulte by DEEProdole to 1498319183
03-08-17 23:46:35 [INFO] [OctoBans] deeprodole sql checked, record: insulte by DEEProdole to 1498320730
03-08-17 23:46:35 [INFO] [OctoBans] deeprodole sql checked, record: spam by DEEProdole to 1498323120
03-08-17 23:46:35 [INFO] [OctoBans] deeprodole sql checked, record: majuscule by DEEProdole to 1498322292
03-08-17 23:46:35 [INFO] [OctoBans] deeprodole sql checked, record: majuscule by DEEProdole to 1498322646
03-08-17 23:46:35 [INFO] [OctoBans] deeprodole sql checked, record: doubleposte by DEEProdole to 1498324227
03-08-17 23:46:35 [INFO] [OctoBans] deeprodole sql checked, record: insultestaff by DEEProdole to 1498407146
03-08-17 23:46:35 [INFO] [OctoBans] deeprodole sql checked, record: provocation by DEEProdole to 1498340318
03-08-17 23:46:35 [INFO] [OctoBans] deeprodole sql checked, record: racism by DEEProdole to 1498427566
03-08-17 23:46:35 [INFO] [OctoBans] deeprodole sql checked, record: racism by DEEProdole to 1498427583
03-08-17 23:46:35 [INFO] [OctoBans] deeprodole sql checked, record: insultesrv by DEEProdole to 1498361162
03-08-17 23:46:35 [INFO] [OctoBans] deeprodole sql checked, record: insultestaff by DEEProdole to 1498456737
03-08-17 23:46:35 [INFO] [OctoBans] deeprodole sql checked, record: spam by DEEProdole to 1498356470
03-08-17 23:46:35 [INFO] [OctoBans] deeprodole sql checked, record: incitationflood by DEEProdole to 1498436097
03-08-17 23:46:35 [INFO] [OctoBans] deeprodole sql checked, record: majuscule by DEEProdole to 1498350426
03-08-17 23:46:35 [INFO] [OctoBans] deeprodole sql checked, record: majuscule by DEEProdole to 1498352509
03-08-17 23:46:35 [INFO] [OctoBans] deeprodole sql checked, record: langage by DEEProdole to 1498353158
03-08-17 23:46:35 [INFO] [OctoBans] deeprodole sql checked, record: langage by DEEProdole to 1498350818
03-08-17 23:46:35 [INFO] [OctoBans] deeprodole sql checked, record: langage by DEEProdole to 1498350900
03-08-17 23:46:35 [INFO] [OctoBans] deeprodole sql checked, record: spam by DEEProdole to 1498354134
03-08-17 23:46:35 [INFO] [OctoBans] deeprodole sql checked, record: langage by DEEProdole to 1498351179
03-08-17 23:46:35 [INFO] [OctoBans] deeprodole sql checked, record: langage by DEEProdole to 1498351327
03-08-17 23:46:35 [INFO] [OctoBans] deeprodole sql checked, record: doubleposte by DEEProdole to 1498352008
03-08-17 23:46:35 [INFO] [OctoBans] deeprodole sql checked, record: langage by DEEProdole to 1498351719
03-08-17 23:46:35 [INFO] [OctoBans] deeprodole sql checked, record: doubleposte by DEEProdole to 1498351925
03-08-17 23:46:35 [INFO] [OctoBans] deeprodole sql checked, record: insultestaff by DEEProdole to 1498387679
03-08-17 23:46:35 [INFO] [OctoBans] deeprodole sql checked, record: doubleposte by DEEProdole to 1498354922
03-08-17 23:46:35 [INFO] [OctoBans] deeprodole sql checked, record: doubleposte by DEEProdole to 1498354567
03-08-17 23:46:35 [INFO] [OctoBans] deeprodole sql checked, record: doubleposte by DEEProdole to 1498354931
03-08-17 23:46:35 [INFO] [OctoBans] deeprodole sql checked, record: doubleposte by DEEProdole to 1498355586
03-08-17 23:46:35 [INFO] [OctoBans] deeprodole sql checked, record: doubleposte by DEEProdole to 1498356181
03-08-17 23:46:35 [INFO] [OctoBans] deeprodole sql checked, record: majuscule by DEEProdole to 1498356240
03-08-17 23:46:35 [INFO] [OctoBans] deeprodole sql checked, record: faussesinfos by DEEProdole to 1498442443
03-08-17 23:46:35 [INFO] [OctoBans] deeprodole sql checked, record: spam by DEEProdole to 1498359906
03-08-17 23:46:35 [INFO] [OctoBans] deeprodole sql checked, record: provocation by DEEProdole to 1498361705
03-08-17 23:46:35 [INFO] [OctoBans] deeprodole sql checked, record: flood by DEEProdole to 1498365084
03-08-17 23:46:35 [INFO] [OctoBans] deeprodole sql checked, record: flood by DEEProdole to 1498366049
03-08-17 23:46:35 [INFO] [OctoBans] deeprodole sql checked, record: incitationflood by DEEProdole to 1498496064
03-08-17 23:46:35 [INFO] [OctoBans] deeprodole sql checked, record: insultestaff by DEEProdole to 1498452908
03-08-17 23:46:35 [INFO] [OctoBans] deeprodole sql checked, record: doubleposte by DEEProdole to 1498427023
03-08-17 23:46:35 [INFO] [OctoBans] deeprodole sql checked, record: spam by DEEProdole to 1498430973
03-08-17 23:46:35 [INFO] [OctoBans] deeprodole sql checked, record: langage by DEEProdole to 1498435692
03-08-17 23:46:35 [INFO] [OctoBans] deeprodole sql checked, record: flood by DEEProdole to 1498449679
03-08-17 23:46:35 [INFO] [OctoBans] deeprodole sql checked, record: provocation by DEEProdole to 1498446487
03-08-17 23:46:35 [INFO] [OctoBans] deeprodole sql checked, record: doubleposte by DEEProdole to 1498454385
03-08-17 23:46:35 [INFO] [OctoBans] deeprodole sql checked, record: provocation by DEEProdole to 1498455184
03-08-17 23:46:35 [INFO] [OctoBans] deeprodole sql checked, record: doubleposte by DEEProdole to 1498469422
03-08-17 23:46:35 [INFO] [OctoBans] deeprodole sql checked, record: doubleposte by DEEProdole to 1498469213
03-08-17 23:46:35 [INFO] [OctoBans] deeprodole sql checked, record: langage by DEEProdole to 1498471760
03-08-17 23:46:35 [INFO] [OctoBans] deeprodole sql checked, record: langage by DEEProdole to 1498469978
03-08-17 23:46:35 [INFO] [OctoBans] deeprodole sql checked, record: majuscule by DEEProdole to 1498470043
03-08-17 23:46:35 [INFO] [OctoBans] deeprodole sql checked, record: doubleposte by DEEProdole to 1498472156
03-08-17 23:46:35 [INFO] [OctoBans] deeprodole sql checked, record: incitationflood by DEEProdole to 1498558075
03-08-17 23:46:35 [INFO] [OctoBans] deeprodole sql checked, record: doubleposte by DEEProdole to 1498474835
03-08-17 23:46:35 [INFO] [OctoBans] deeprodole sql checked, record: doubleposte by DEEProdole to 1498473735
03-08-17 23:46:35 [INFO] [OctoBans] deeprodole sql checked, record: spam by DEEProdole to 1498476796
03-08-17 23:46:35 [INFO] [OctoBans] deeprodole sql checked, record: doubleposte by DEEProdole to 1498475530
03-08-17 23:46:35 [INFO] [OctoBans] deeprodole sql checked, record: majuscule by DEEProdole to 1498477169
03-08-17 23:46:35 [INFO] [OctoBans] deeprodole sql checked, record: spam by DEEProdole to 1498481842
03-08-17 23:46:35 [INFO] [OctoBans] deeprodole sql checked, record: majuscule by DEEProdole to 1498479680
03-08-17 23:46:35 [INFO] [OctoBans] deeprodole sql checked, record: spam by DEEProdole to 1498484369
03-08-17 23:46:35 [INFO] [OctoBans] deeprodole sql checked, record: provocation by DEEProdole to 1498520736
03-08-17 23:46:35 [INFO] [OctoBans] deeprodole sql checked, record: provocation by DEEProdole to 1498525260
03-08-17 23:46:35 [INFO] [OctoBans] deeprodole sql checked, record: langage by DEEProdole to 1498525606
03-08-17 23:46:35 [INFO] [OctoBans] deeprodole sql checked, record: spam by DEEProdole to 1498536013
03-08-17 23:46:35 [INFO] [OctoBans] deeprodole sql checked, record: spam by DEEProdole to 1498536026
03-08-17 23:46:35 [INFO] [OctoBans] deeprodole sql checked, record: provocation by DEEProdole to 1498532779
03-08-17 23:46:35 [INFO] [OctoBans] deeprodole sql checked, record: incitationflood by DEEProdole to 1498637963
03-08-17 23:46:35 [INFO] [OctoBans] deeprodole sql checked, record: insultegrave by DEEProdole to 1498627135
03-08-17 23:46:35 [INFO] [OctoBans] deeprodole sql checked, record: provocation by DEEProdole to 1498555686
03-08-17 23:46:35 [INFO] [OctoBans] deeprodole sql checked, record: doubleposte by DEEProdole to 1498557852
03-08-17 23:46:35 [INFO] [OctoBans] deeprodole sql checked, record: doubleposte by DEEProdole to 1498557761
03-08-17 23:46:35 [INFO] [OctoBans] deeprodole sql checked, record: doubleposte by DEEProdole to 1498565807
03-08-17 23:46:35 [INFO] [OctoBans] deeprodole sql checked, record: doubleposte by DEEProdole to 1498567871
03-08-17 23:46:35 [INFO] [OctoBans] deeprodole sql checked, record: provocation by DEEProdole to 1498570533
03-08-17 23:46:35 [INFO] [OctoBans] deeprodole sql checked, record: doubleposte by DEEProdole to 1498578063
03-08-17 23:46:35 [INFO] [OctoBans] deeprodole sql checked, record: spam by DEEProdole to 1498626975
03-08-17 23:46:35 [INFO] [OctoBans] deeprodole sql checked, record: majuscule by DEEProdole to 1498625145
03-08-17 23:46:35 [INFO] [OctoBans] deeprodole sql checked, record: majuscule by DEEProdole to 1498630181
03-08-17 23:46:35 [INFO] [OctoBans] deeprodole sql checked, record: doubleposte by DEEProdole to 1498630949
03-08-17 23:46:35 [INFO] [OctoBans] deeprodole sql checked, record: doubleposte by DEEProdole to 1498629569
03-08-17 23:46:35 [INFO] [OctoBans] deeprodole sql checked, record: majuscule by DEEProdole to 1498631651
03-08-17 23:46:35 [INFO] [OctoBans] deeprodole sql checked, record: doubleposte by DEEProdole to 1498633167
03-08-17 23:46:35 [INFO] [OctoBans] deeprodole sql checked, record: majuscule by DEEProdole to 1498633141
03-08-17 23:46:35 [INFO] [OctoBans] deeprodole sql checked, record: provocation by DEEProdole to 1498631972
03-08-17 23:46:35 [INFO] [OctoBans] deeprodole sql checked, record: majuscule by DEEProdole to 1498632869
03-08-17 23:46:35 [INFO] [OctoBans] deeprodole sql checked, record: doubleposte by DEEProdole to 1498633475
03-08-17 23:46:35 [INFO] [OctoBans] deeprodole sql checked, record: doubleposte by DEEProdole to 1498632365
03-08-17 23:46:35 [INFO] [OctoBans] deeprodole sql checked, record: doubleposte by DEEProdole to 1498632541
03-08-17 23:46:35 [INFO] [OctoBans] deeprodole sql checked, record: langage by DEEProdole to 1498632998
03-08-17 23:46:35 [INFO] [OctoBans] deeprodole sql checked, record: langage by DEEProdole to 1498633054
03-08-17 23:46:35 [INFO] [OctoBans] deeprodole sql checked, record: majuscule by DEEProdole to 1498665927
03-08-17 23:46:35 [INFO] [OctoBans] deeprodole sql checked, record: faussesinfos by DEEProdole to 1498751904
03-08-17 23:46:35 [INFO] [OctoBans] deeprodole sql checked, record: majuscule by DEEProdole to 1498667322
03-08-17 23:46:35 [INFO] [OctoBans] deeprodole sql checked, record: majuscule by DEEProdole to 1498666735
03-08-17 23:46:35 [INFO] [OctoBans] deeprodole sql checked, record: provocation by DEEProdole to 1498668305
03-08-17 23:46:35 [INFO] [OctoBans] deeprodole sql checked, record: provocation by DEEProdole to 1498668630
03-08-17 23:46:35 [INFO] [OctoBans] deeprodole sql checked, record: provocation by DEEProdole to 1498677520
03-08-17 23:46:35 [INFO] [OctoBans] deeprodole sql checked, record: doubleposte by DEEProdole to 1498680008
03-08-17 23:46:35 [INFO] [OctoBans] deeprodole sql checked, record: insultestaff by DEEProdole to 1498908673
03-08-17 23:46:35 [INFO] [OctoBans] deeprodole sql checked, record: doubleposte by DEEProdole to 1498805225
03-08-17 23:46:35 [INFO] [OctoBans] deeprodole sql checked, record: majuscule by DEEProdole to 1498804833
03-08-17 23:46:35 [INFO] [OctoBans] deeprodole sql checked, record: spam by DEEProdole to 1498821571
03-08-17 23:46:35 [INFO] [OctoBans] deeprodole sql checked, record: insultesrv by DEEProdole to 1498850392
03-08-17 23:46:35 [INFO] [OctoBans] deeprodole sql checked, record: langage by DEEProdole to 1498815894
03-08-17 23:46:35 [INFO] [OctoBans] deeprodole sql checked, record: spam by DEEProdole to 1498819936
03-08-17 23:46:35 [INFO] [OctoBans] deeprodole sql checked, record: langage by DEEProdole to 1498826502
03-08-17 23:46:35 [INFO] [OctoBans] deeprodole sql checked, record: insultegrave by DEEProdole to 1498861105
03-08-17 23:46:35 [INFO] [OctoBans] deeprodole sql checked, record: langage by DEEProdole to 1498832147
03-08-17 23:46:35 [INFO] [OctoBans] deeprodole sql checked, record: doubleposte by DEEProdole to 1498832213
03-08-17 23:46:35 [INFO] [OctoBans] deeprodole sql checked, record: langage by DEEProdole to 1498831624
03-08-17 23:46:35 [INFO] [OctoBans] deeprodole sql checked, record: insultegrave by DEEProdole to 1498870533
03-08-17 23:46:35 [INFO] [OctoBans] deeprodole sql checked, record: faussesinfos by DEEProdole to 1498921172
03-08-17 23:46:35 [INFO] [OctoBans] deeprodole sql checked, record: insultestaff by DEEProdole to 1498873327
03-08-17 23:46:35 [INFO] [OctoBans] deeprodole sql checked, record: insultestaff by DEEProdole to 1498909400
03-08-17 23:46:35 [INFO] [OctoBans] deeprodole sql checked, record: insultegrave by DEEProdole to 1498921458
03-08-17 23:46:35 [INFO] [OctoBans] deeprodole sql checked, record: racism by DEEProdole to 1498971907
03-08-17 23:46:35 [INFO] [OctoBans] deeprodole sql checked, record: racism by DEEProdole to 1498972148
03-08-17 23:46:35 [INFO] [OctoBans] deeprodole sql checked, record: racism by DEEProdole to 1498972534
03-08-17 23:46:35 [INFO] [OctoBans] deeprodole sql checked, record: insultestaff by DEEProdole to 1498923069
03-08-17 23:46:35 [INFO] [OctoBans] deeprodole sql checked, record: langage by DEEProdole to 1498889277
03-08-17 23:46:35 [INFO] [OctoBans] deeprodole sql checked, record: provocation by DEEProdole to 1498888741
03-08-17 23:46:35 [INFO] [OctoBans] deeprodole sql checked, record: doubleposte by DEEProdole to 1498890023
03-08-17 23:46:35 [INFO] [OctoBans] deeprodole sql checked, record: doubleposte by DEEProdole to 1498890028
03-08-17 23:46:35 [INFO] [OctoBans] deeprodole sql checked, record: majuscule by DEEProdole to 1498890674
03-08-17 23:46:35 [INFO] [OctoBans] deeprodole sql checked, record: doubleposte by DEEProdole to 1498891896
03-08-17 23:46:35 [INFO] [OctoBans] deeprodole sql checked, record: doubleposte by DEEProdole to 1498892118
03-08-17 23:46:35 [INFO] [OctoBans] deeprodole sql checked, record: langage by DEEProdole to 1498901802
03-08-17 23:46:35 [INFO] [OctoBans] deeprodole sql checked, record: langage by DEEProdole to 1498901982
03-08-17 23:46:35 [INFO] [OctoBans] deeprodole sql checked, record: majuscule by DEEProdole to 1498902617
03-08-17 23:46:35 [INFO] [OctoBans] deeprodole sql checked, record: doubleposte by DEEProdole to 1498902742
03-08-17 23:46:35 [INFO] [OctoBans] deeprodole sql checked, record: doubleposte by DEEProdole to 1498903180
03-08-17 23:46:35 [INFO] [OctoBans] deeprodole sql checked, record: doubleposte by DEEProdole to 1498903700
03-08-17 23:46:35 [INFO] [OctoBans] deeprodole sql checked, record: doubleposte by DEEProdole to 1498903490
03-08-17 23:46:35 [INFO] [OctoBans] deeprodole sql checked, record: insulte by DEEProdole to 1498906075
03-08-17 23:46:35 [INFO] [OctoBans] deeprodole sql checked, record: doubleposte by DEEProdole to 1498903787
03-08-17 23:46:35 [INFO] [OctoBans] deeprodole sql checked, record: langage by DEEProdole to 1498904482
03-08-17 23:46:35 [INFO] [OctoBans] deeprodole sql checked, record: incitationflood by DEEProdole to 1498990321
03-08-17 23:46:35 [INFO] [OctoBans] deeprodole sql checked, record: majuscule by DEEProdole to 1498905150
03-08-17 23:46:35 [INFO] [OctoBans] deeprodole sql checked, record: doubleposte by DEEProdole to 1498904747
03-08-17 23:46:35 [INFO] [OctoBans] deeprodole sql checked, record: spam by DEEProdole to 1498908019
03-08-17 23:46:35 [INFO] [OctoBans] deeprodole sql checked, record: flood by DEEProdole to 1498908506
03-08-17 23:46:35 [INFO] [OctoBans] deeprodole sql checked, record: doubleposte by DEEProdole to 1498905551
03-08-17 23:46:35 [INFO] [OctoBans] deeprodole sql checked, record: majuscule by DEEProdole to 1498905930
03-08-17 23:46:35 [INFO] [OctoBans] deeprodole sql checked, record: doubleposte by DEEProdole to 1498905645
03-08-17 23:46:35 [INFO] [OctoBans] deeprodole sql checked, record: doubleposte by DEEProdole to 1498997926
03-08-17 23:46:35 [INFO] [OctoBans] deeprodole sql checked, record: incitationflood by DEEProdole to 1499084091
03-08-17 23:46:35 [INFO] [OctoBans] deeprodole sql checked, record: incitationflood by DEEProdole to 1499084221
03-08-17 23:46:35 [INFO] [OctoBans] deeprodole sql checked, record: spam by DEEProdole to 1499008676
03-08-17 23:46:35 [INFO] [OctoBans] deeprodole sql checked, record: spam by DEEProdole to 1499001494
03-08-17 23:46:35 [INFO] [OctoBans] deeprodole sql checked, record: incitationflood by DEEProdole to 1499084315
03-08-17 23:46:35 [INFO] [OctoBans] deeprodole sql checked, record: doubleposte by DEEProdole to 1499179223
03-08-17 23:46:35 [INFO] [OctoBans] deeprodole sql checked, record: provocation by DEEProdole to 1499186290
03-08-17 23:46:35 [INFO] [OctoBans] deeprodole sql checked, record: flood by DEEProdole to 1499186772
03-08-17 23:46:35 [INFO] [OctoBans] deeprodole sql checked, record: doubleposte by DEEProdole to 1499536809
03-08-17 23:46:35 [INFO] [OctoBans] deeprodole sql checked, record: doubleposte by DEEProdole to 1499533520
03-08-17 23:46:35 [INFO] [OctoBans] deeprodole sql checked, record: insultegrave by DEEProdole to 1499567195
03-08-17 23:46:35 [INFO] [OctoBans] deeprodole sql checked, record: langage by DEEProdole to 1499533033
03-08-17 23:46:35 [INFO] [OctoBans] deeprodole sql checked, record: doubleposte by DEEProdole to 1499533076
03-08-17 23:46:35 [INFO] [OctoBans] deeprodole sql checked, record: insultestaff by DEEProdole to 1499711286
03-08-17 23:46:35 [INFO] [OctoBans] deeprodole sql checked, record: insultestaff by DEEProdole to 1499567342
03-08-17 23:46:35 [INFO] [OctoBans] deeprodole sql checked, record: insultestaff by DEEProdole to 1499603367
03-08-17 23:46:35 [INFO] [OctoBans] deeprodole sql checked, record: spam by DEEProdole to 1499539308
03-08-17 23:46:35 [INFO] [OctoBans] deeprodole sql checked, record: faussesinfos by DEEProdole to 1499620807
03-08-17 23:46:35 [INFO] [OctoBans] deeprodole sql checked, record: provocation by DEEProdole to 1499535602
03-08-17 23:46:35 [INFO] [OctoBans] deeprodole sql checked, record: langage by DEEProdole to 1499544667
03-08-17 23:46:35 [INFO] [OctoBans] deeprodole sql checked, record: pubyt by DEEProdole to 1499551942
03-08-17 23:46:35 [INFO] [OctoBans] deeprodole sql checked, record: pubyt by DEEProdole to 1499548372
03-08-17 23:46:35 [INFO] [OctoBans] deeprodole sql checked, record: insultegrave by DEEProdole to 1499616832
03-08-17 23:46:35 [INFO] [OctoBans] deeprodole sql checked, record: langage by DEEProdole to 1499546038
03-08-17 23:46:35 [INFO] [OctoBans] deeprodole sql checked, record: insultestaff by DEEProdole to 1499580877
03-08-17 23:46:35 [INFO] [OctoBans] deeprodole sql checked, record: spam by DEEProdole to 1499555774
03-08-17 23:46:35 [INFO] [OctoBans] deeprodole sql checked, record: spam by DEEProdole to 1499555925
03-08-17 23:46:35 [INFO] [OctoBans] deeprodole sql checked, record: insultegrave by DEEProdole to 1499588357
03-08-17 23:46:35 [INFO] [OctoBans] deeprodole sql checked, record: langage by DEEProdole to 1499557767
03-08-17 23:46:35 [INFO] [OctoBans] deeprodole sql checked, record: insultegrave by DEEProdole to 1499594253
03-08-17 23:46:35 [INFO] [OctoBans] deeprodole sql checked, record: faussesinfos by DEEProdole to 1499689972
03-08-17 23:46:35 [INFO] [OctoBans] deeprodole sql checked, record: insulte by DEEProdole to 1499607471
03-08-17 23:46:35 [INFO] [OctoBans] deeprodole sql checked, record: doubleposte by DEEProdole to 1499617932
03-08-17 23:46:35 [INFO] [OctoBans] deeprodole sql checked, record: doubleposte by DEEProdole to 1499615381
03-08-17 23:46:35 [INFO] [OctoBans] deeprodole sql checked, record: incitationflood by DEEProdole to 1499701364
03-08-17 23:46:35 [INFO] [OctoBans] deeprodole sql checked, record: majuscule by DEEProdole to 1499618035
03-08-17 23:46:35 [INFO] [OctoBans] deeprodole sql checked, record: incitationflood by DEEProdole to 1499787847
03-08-17 23:46:35 [INFO] [OctoBans] deeprodole sql checked, record: spam by DEEProdole to 1499625998
03-08-17 23:46:35 [INFO] [OctoBans] deeprodole sql checked, record: langage by DEEProdole to 1499616544
03-08-17 23:46:35 [INFO] [OctoBans] deeprodole sql checked, record: doubleposte by DEEProdole to 1499616339
03-08-17 23:46:35 [INFO] [OctoBans] deeprodole sql checked, record: flood by DEEProdole to 1499619796
03-08-17 23:46:35 [INFO] [OctoBans] deeprodole sql checked, record: majuscule by DEEProdole to 1499617404
03-08-17 23:46:35 [INFO] [OctoBans] deeprodole sql checked, record: insulte by DEEProdole to 1499621454
03-08-17 23:46:35 [INFO] [OctoBans] deeprodole sql checked, record: flood by DEEProdole to 1499626211
03-08-17 23:46:35 [INFO] [OctoBans] deeprodole sql checked, record: incitationflood by DEEProdole to 1499706874
03-08-17 23:46:35 [INFO] [OctoBans] deeprodole sql checked, record: spam by DEEProdole to 1499628107
03-08-17 23:46:35 [INFO] [OctoBans] deeprodole sql checked, record: doubleposte by DEEProdole to 1499621476
03-08-17 23:46:35 [INFO] [OctoBans] deeprodole sql checked, record: doubleposte by DEEProdole to 1499621784
03-08-17 23:46:35 [INFO] [OctoBans] deeprodole sql checked, record: faussesinfos by DEEProdole to 1499707604
03-08-17 23:46:35 [INFO] [OctoBans] deeprodole sql checked, record: flood by DEEProdole to 1499625247
03-08-17 23:46:35 [INFO] [OctoBans] deeprodole sql checked, record: spam by DEEProdole to 1499629199
03-08-17 23:46:35 [INFO] [OctoBans] deeprodole sql checked, record: langage by DEEProdole to 1499624740
03-08-17 23:46:35 [INFO] [OctoBans] deeprodole sql checked, record: doubleposte by DEEProdole to 1499626765
03-08-17 23:46:35 [INFO] [OctoBans] deeprodole sql checked, record: insultegrave by DEEProdole to 1499732241
03-08-17 23:46:35 [INFO] [OctoBans] deeprodole sql checked, record: provocation by DEEProdole to 1499625808
03-08-17 23:46:35 [INFO] [OctoBans] deeprodole sql checked, record: doubleposte by DEEProdole to 1499628179
03-08-17 23:46:35 [INFO] [OctoBans] deeprodole sql checked, record: doubleposte by DEEProdole to 1499630985
03-08-17 23:46:35 [INFO] [OctoBans] deeprodole sql checked, record: majuscule by DEEProdole to 1499630142
03-08-17 23:46:35 [INFO] [OctoBans] deeprodole sql checked, record: doubleposte by DEEProdole to 1499637308
03-08-17 23:46:35 [INFO] [OctoBans] deeprodole sql checked, record: majuscule by DEEProdole to 1499637744
03-08-17 23:46:35 [INFO] [OctoBans] deeprodole sql checked, record: doubleposte by DEEProdole to 1499637493
03-08-17 23:46:35 [INFO] [OctoBans] deeprodole sql checked, record: doubleposte by DEEProdole to 1499638726
03-08-17 23:46:35 [INFO] [OctoBans] deeprodole sql checked, record: doubleposte by DEEProdole to 1499641231
03-08-17 23:46:35 [INFO] [OctoBans] deeprodole sql checked, record: langage by DEEProdole to 1499642690
03-08-17 23:46:35 [INFO] [OctoBans] deeprodole sql checked, record: spam by DEEProdole to 1499660840
03-08-17 23:46:35 [INFO] [OctoBans] deeprodole sql checked, record: doubleposte by DEEProdole to 1499650304
03-08-17 23:46:35 [INFO] [OctoBans] deeprodole sql checked, record: insultegrave by DEEProdole to 1499752572
03-08-17 23:46:35 [INFO] [OctoBans] deeprodole sql checked, record: doubleposte by DEEProdole to 1499645489
03-08-17 23:46:35 [INFO] [OctoBans] deeprodole sql checked, record: majuscule by DEEProdole to 1499649297
03-08-17 23:46:35 [INFO] [OctoBans] deeprodole sql checked, record: majuscule by DEEProdole to 1499648654
03-08-17 23:46:35 [INFO] [OctoBans] deeprodole sql checked, record: provocation by DEEProdole to 1499652211
03-08-17 23:46:35 [INFO] [OctoBans] deeprodole sql checked, record: doubleposte by DEEProdole to 1499655712
03-08-17 23:46:35 [INFO] [OctoBans] deeprodole sql checked, record: doubleposte by DEEProdole to 1499655618
03-08-17 23:46:35 [INFO] [OctoBans] deeprodole sql checked, record: doubleposte by DEEProdole to 1499657193
03-08-17 23:46:35 [INFO] [OctoBans] deeprodole sql checked, record: incitationflood by DEEProdole to 1499743971
03-08-17 23:46:35 [INFO] [OctoBans] deeprodole sql checked, record: langage by DEEProdole to 1499659102
03-08-17 23:46:35 [INFO] [OctoBans] deeprodole sql checked, record: spam by DEEProdole to 1499665317
03-08-17 23:46:35 [INFO] [OctoBans] deeprodole sql checked, record: spam by DEEProdole to 1499669465
03-08-17 23:46:35 [INFO] [OctoBans] deeprodole sql checked, record: flood by DEEProdole to 1499691276
03-08-17 23:46:35 [INFO] [OctoBans] deeprodole sql checked, record: provocation by DEEProdole to 1499688330
03-08-17 23:46:35 [INFO] [OctoBans] deeprodole sql checked, record: spam by DEEProdole to 1499695007
03-08-17 23:46:35 [INFO] [OctoBans] deeprodole sql checked, record: langage by DEEProdole to 1499689571
03-08-17 23:46:35 [INFO] [OctoBans] deeprodole sql checked, record: doubleposte by DEEProdole to 1499692952
03-08-17 23:46:35 [INFO] [OctoBans] deeprodole sql checked, record: doubleposte by DEEProdole to 1499692327
03-08-17 23:46:35 [INFO] [OctoBans] deeprodole sql checked, record: doubleposte by DEEProdole to 1499695154
03-08-17 23:46:35 [INFO] [OctoBans] deeprodole sql checked, record: doubleposte by DEEProdole to 1499693817
03-08-17 23:46:35 [INFO] [OctoBans] deeprodole sql checked, record: doubleposte by DEEProdole to 1499693722
03-08-17 23:46:35 [INFO] [OctoBans] deeprodole sql checked, record: spam by DEEProdole to 1499697316
03-08-17 23:46:35 [INFO] [OctoBans] deeprodole sql checked, record: spam by DEEProdole to 1499700928
03-08-17 23:46:35 [INFO] [OctoBans] deeprodole sql checked, record: spam by DEEProdole to 1499697339
03-08-17 23:46:35 [INFO] [OctoBans] deeprodole sql checked, record: spam by DEEProdole to 1499700944
03-08-17 23:46:35 [INFO] [OctoBans] deeprodole sql checked, record: spam by DEEProdole to 1499697360
03-08-17 23:46:35 [INFO] [OctoBans] deeprodole sql checked, record: spam by DEEProdole to 1499697364
03-08-17 23:46:35 [INFO] [OctoBans] deeprodole sql checked, record: spam by DEEProdole to 1499697430
03-08-17 23:46:35 [INFO] [OctoBans] deeprodole sql checked, record: spam by DEEProdole to 1499697435
03-08-17 23:46:35 [INFO] [OctoBans] deeprodole sql checked, record: spam by DEEProdole to 1499715467
03-08-17 23:46:35 [INFO] [OctoBans] deeprodole sql checked, record: insultegrave by DEEProdole to 1499729886
03-08-17 23:46:35 [INFO] [OctoBans] deeprodole sql checked, record: majuscule by DEEProdole to 1499695102
03-08-17 23:46:35 [INFO] [OctoBans] deeprodole sql checked, record: doubleposte by DEEProdole to 1499694510
03-08-17 23:46:35 [INFO] [OctoBans] deeprodole sql checked, record: doubleposte by DEEProdole to 1499694516
03-08-17 23:46:35 [INFO] [OctoBans] deeprodole sql checked, record: faussesinfos by DEEProdole to 1499866813
03-08-17 23:46:35 [INFO] [OctoBans] deeprodole sql checked, record: spam by DEEProdole to 1499698364
03-08-17 23:46:35 [INFO] [OctoBans] deeprodole sql checked, record: spam by DEEProdole to 1499712773
03-08-17 23:46:35 [INFO] [OctoBans] deeprodole sql checked, record: spam by DEEProdole to 1499705580
03-08-17 23:46:35 [INFO] [OctoBans] deeprodole sql checked, record: spam by DEEProdole to 1499698395
03-08-17 23:46:35 [INFO] [OctoBans] deeprodole sql checked, record: spam by DEEProdole to 1499698518
03-08-17 23:46:35 [INFO] [OctoBans] deeprodole sql checked, record: spam by DEEProdole to 1499698521
03-08-17 23:46:35 [INFO] [OctoBans] deeprodole sql checked, record: spam by DEEProdole to 1499702151
03-08-17 23:46:35 [INFO] [OctoBans] deeprodole sql checked, record: spam by DEEProdole to 1499712963
03-08-17 23:46:35 [INFO] [OctoBans] deeprodole sql checked, record: doubleposte by DEEProdole to 1499696053
03-08-17 23:46:35 [INFO] [OctoBans] deeprodole sql checked, record: doubleposte by DEEProdole to 1499696750
03-08-17 23:46:35 [INFO] [OctoBans] deeprodole sql checked, record: provocation by DEEProdole to 1499695834
03-08-17 23:46:35 [INFO] [OctoBans] deeprodole sql checked, record: spam by DEEProdole to 1499699311
03-08-17 23:46:35 [INFO] [OctoBans] deeprodole sql checked, record: spam by DEEProdole to 1499699327
03-08-17 23:46:35 [INFO] [OctoBans] deeprodole sql checked, record: spam by DEEProdole to 1499702941
03-08-17 23:46:35 [INFO] [OctoBans] deeprodole sql checked, record: spam by DEEProdole to 1499717357
03-08-17 23:46:35 [INFO] [OctoBans] deeprodole sql checked, record: spam by DEEProdole to 1499699383
03-08-17 23:46:35 [INFO] [OctoBans] deeprodole sql checked, record: spam by DEEProdole to 1499699386
03-08-17 23:46:35 [INFO] [OctoBans] deeprodole sql checked, record: insultesrv by DEEProdole to 1499713793
03-08-17 23:46:35 [INFO] [OctoBans] deeprodole sql checked, record: doubleposte by DEEProdole to 1499698607
03-08-17 23:46:35 [INFO] [OctoBans] deeprodole sql checked, record: insultegrave by DEEProdole to 1499732444
03-08-17 23:46:35 [INFO] [OctoBans] deeprodole sql checked, record: majuscule by DEEProdole to 1499697270
03-08-17 23:46:35 [INFO] [OctoBans] deeprodole sql checked, record: insultegrave by DEEProdole to 1499732830
03-08-17 23:46:35 [INFO] [OctoBans] deeprodole sql checked, record: faussesinfos by DEEProdole to 1499783309
03-08-17 23:46:35 [INFO] [OctoBans] deeprodole sql checked, record: incitationflood by DEEProdole to 1499788785
03-08-17 23:46:35 [INFO] [OctoBans] deeprodole sql checked, record: doubleposte by DEEProdole to 1499703007
03-08-17 23:46:35 [INFO] [OctoBans] deeprodole sql checked, record: insultegrave by DEEProdole to 1499738604
03-08-17 23:46:35 [INFO] [OctoBans] deeprodole sql checked, record: doubleposte by DEEProdole to 1499703243
03-08-17 23:46:35 [INFO] [OctoBans] deeprodole sql checked, record: provocation by DEEProdole to 1499703263
03-08-17 23:46:35 [INFO] [OctoBans] deeprodole sql checked, record: incitationflood by DEEProdole to 1499875508
03-08-17 23:46:35 [INFO] [OctoBans] deeprodole sql checked, record: langage by DEEProdole to 1499710927
03-08-17 23:46:35 [INFO] [OctoBans] deeprodole sql checked, record: insultegrave by DEEProdole to 1499754429
03-08-17 23:46:35 [INFO] [OctoBans] deeprodole sql checked, record: spam by DEEProdole to 1499726292
03-08-17 23:46:35 [INFO] [OctoBans] deeprodole sql checked, record: spam by DEEProdole to 1499727699
03-08-17 23:46:35 [INFO] [OctoBans] deeprodole sql checked, record: langage by DEEProdole to 1499726634
03-08-17 23:46:35 [INFO] [OctoBans] deeprodole sql checked, record: faussesinfos by DEEProdole to 1499812004
03-08-17 23:46:35 [INFO] [OctoBans] deeprodole sql checked, record: provocation by DEEProdole to 1499726276
03-08-17 23:46:35 [INFO] [OctoBans] deeprodole sql checked, record: flood by DEEProdole to 1499733010
03-08-17 23:46:35 [INFO] [OctoBans] deeprodole sql checked, record: doubleposte by DEEProdole to 1499726930
03-08-17 23:46:35 [INFO] [OctoBans] deeprodole sql checked, record: doubleposte by DEEProdole to 1499726542
03-08-17 23:46:35 [INFO] [OctoBans] deeprodole sql checked, record: flood by DEEProdole to 1499729956
03-08-17 23:46:35 [INFO] [OctoBans] deeprodole sql checked, record: doubleposte by DEEProdole to 1499733189
03-08-17 23:46:35 [INFO] [OctoBans] deeprodole sql checked, record: flood by DEEProdole to 1499730714
03-08-17 23:46:35 [INFO] [OctoBans] deeprodole sql checked, record: langage by DEEProdole to 1499729681
03-08-17 23:46:35 [INFO] [OctoBans] deeprodole sql checked, record: provocation by DEEProdole to 1499729499
03-08-17 23:46:35 [INFO] [OctoBans] deeprodole sql checked, record: doubleposte by DEEProdole to 1499735456
03-08-17 23:46:35 [INFO] [OctoBans] deeprodole sql checked, record: doubleposte by DEEProdole to 1499778450
03-08-17 23:46:35 [INFO] [OctoBans] deeprodole sql checked, record: doubleposte by DEEProdole to 1499779594
03-08-17 23:46:35 [INFO] [OctoBans] deeprodole sql checked, record: doubleposte by DEEProdole to 1499778915
03-08-17 23:46:35 [INFO] [OctoBans] deeprodole sql checked, record: doubleposte by DEEProdole to 1499779410
03-08-17 23:46:35 [INFO] [OctoBans] deeprodole sql checked, record: doubleposte by DEEProdole to 1499780155
03-08-17 23:46:35 [INFO] [OctoBans] deeprodole sql checked, record: spam by DEEProdole to 1499787098
03-08-17 23:46:35 [INFO] [OctoBans] deeprodole sql checked, record: doubleposte by DEEProdole to 1499787580
03-08-17 23:46:35 [INFO] [OctoBans] deeprodole sql checked, record: doubleposte by DEEProdole to 1499789060
03-08-17 23:46:35 [INFO] [OctoBans] deeprodole sql checked, record: doubleposte by DEEProdole to 1499789434
03-08-17 23:46:35 [INFO] [OctoBans] deeprodole sql checked, record: doubleposte by DEEProdole to 1499791853
03-08-17 23:46:35 [INFO] [OctoBans] deeprodole sql checked, record: insultegrave by DEEProdole to 1499825326
03-08-17 23:46:35 [INFO] [OctoBans] deeprodole sql checked, record: insultegrave by DEEProdole to 1499861436
03-08-17 23:46:35 [INFO] [OctoBans] deeprodole sql checked, record: insultegrave by DEEProdole to 1499897457
03-08-17 23:46:35 [INFO] [OctoBans] deeprodole sql checked, record: insultegrave by DEEProdole to 1499933478
03-08-17 23:46:35 [INFO] [OctoBans] deeprodole sql checked, record: spam by DEEProdole to 1499793112
03-08-17 23:46:35 [INFO] [OctoBans] deeprodole sql checked, record: insultegrave by DEEProdole to 1499969524
03-08-17 23:46:35 [INFO] [OctoBans] deeprodole sql checked, record: insultegrave by DEEProdole to 1500005553
03-08-17 23:46:35 [INFO] [OctoBans] deeprodole sql checked, record: provocation by DEEProdole to 1499789879
03-08-17 23:46:35 [INFO] [OctoBans] deeprodole sql checked, record: insulte by DEEProdole to 1499792302
03-08-17 23:46:35 [INFO] [OctoBans] deeprodole sql checked, record: insultegrave by DEEProdole to 1500041628
03-08-17 23:46:35 [INFO] [OctoBans] deeprodole sql checked, record: insultegrave by DEEProdole to 1499825648
03-08-17 23:46:35 [INFO] [OctoBans] deeprodole sql checked, record: insultegrave by DEEProdole to 1500077652
03-08-17 23:46:35 [INFO] [OctoBans] deeprodole sql checked, record: insultegrave by DEEProdole to 1500113682
03-08-17 23:46:35 [INFO] [OctoBans] deeprodole sql checked, record: insultegrave by DEEProdole to 1499861683
03-08-17 23:46:35 [INFO] [OctoBans] deeprodole sql checked, record: insultegrave by DEEProdole to 1500149731
03-08-17 23:46:35 [INFO] [OctoBans] deeprodole sql checked, record: insultegrave by DEEProdole to 1499897733
03-08-17 23:46:35 [INFO] [OctoBans] deeprodole sql checked, record: flood by DEEProdole to 1499798806
03-08-17 23:46:35 [INFO] [OctoBans] deeprodole sql checked, record: langage by DEEProdole to 1499794518
03-08-17 23:46:35 [INFO] [OctoBans] deeprodole sql checked, record: spam by DEEProdole to 1499796987
03-08-17 23:46:35 [INFO] [OctoBans] deeprodole sql checked, record: doubleposte by DEEProdole to 1499793745
03-08-17 23:46:35 [INFO] [OctoBans] deeprodole sql checked, record: insultegrave by DEEProdole to 1499829769
03-08-17 23:46:35 [INFO] [OctoBans] deeprodole sql checked, record: langage by DEEProdole to 1499795111
03-08-17 23:46:35 [INFO] [OctoBans] deeprodole sql checked, record: insultestaff by DEEProdole to 1499837159
03-08-17 23:46:35 [INFO] [OctoBans] deeprodole sql checked, record: doubleposte by DEEProdole to 1499819613
03-08-17 23:46:35 [INFO] [OctoBans] deeprodole sql checked, record: doubleposte by DEEProdole to 1499819703
03-08-17 23:46:35 [INFO] [OctoBans] deeprodole sql checked, record: insultestaff by DEEProdole to 1499855895
03-08-17 23:46:35 [INFO] [OctoBans] deeprodole sql checked, record: insultestaff by DEEProdole to 1499891916
03-08-17 23:46:35 [INFO] [OctoBans] deeprodole sql checked, record: insultestaff by DEEProdole to 1499927944
03-08-17 23:46:35 [INFO] [OctoBans] deeprodole sql checked, record: doubleposte by DEEProdole to 1499829136
03-08-17 23:46:35 [INFO] [OctoBans] deeprodole sql checked, record: doubleposte by DEEProdole to 1499830908
03-08-17 23:46:35 [INFO] [OctoBans] deeprodole sql checked, record: insulte by DEEProdole to 1499832398
03-08-17 23:46:35 [INFO] [OctoBans] deeprodole sql checked, record: langage by DEEProdole to 1499832034
03-08-17 23:46:35 [INFO] [OctoBans] deeprodole sql checked, record: langage by DEEProdole to 1499834191
03-08-17 23:46:35 [INFO] [OctoBans] deeprodole sql checked, record: spam by DEEProdole to 1499879225
03-08-17 23:46:35 [INFO] [OctoBans] deeprodole sql checked, record: doubleposte by DEEProdole to 1499871794
03-08-17 23:46:35 [INFO] [OctoBans] deeprodole sql checked, record: flood by DEEProdole to 1499872426
03-08-17 23:46:35 [INFO] [OctoBans] deeprodole sql checked, record: doubleposte by DEEProdole to 1499869187
03-08-17 23:46:35 [INFO] [OctoBans] deeprodole sql checked, record: langage by DEEProdole to 1499869739
03-08-17 23:46:35 [INFO] [OctoBans] deeprodole sql checked, record: doubleposte by DEEProdole to 1499870049
03-08-17 23:46:35 [INFO] [OctoBans] deeprodole sql checked, record: majuscule by DEEProdole to 1499870150
03-08-17 23:46:35 [INFO] [OctoBans] deeprodole sql checked, record: pubyt by DEEProdole to 1499873175
03-08-17 23:46:35 [INFO] [OctoBans] deeprodole sql checked, record: majuscule by DEEProdole to 1499870861
03-08-17 23:46:35 [INFO] [OctoBans] deeprodole sql checked, record: spam by DEEProdole to 1499873473
03-08-17 23:46:35 [INFO] [OctoBans] deeprodole sql checked, record: doubleposte by DEEProdole to 1499870700
03-08-17 23:46:35 [INFO] [OctoBans] deeprodole sql checked, record: doubleposte by DEEProdole to 1499871128
03-08-17 23:46:35 [INFO] [OctoBans] deeprodole sql checked, record: doubleposte by DEEProdole to 1499870542
03-08-17 23:46:35 [INFO] [OctoBans] deeprodole sql checked, record: spam by DEEProdole to 1499960250
03-08-17 23:46:35 [INFO] [OctoBans] deeprodole sql checked, record: majuscule by DEEProdole to 1499953697
03-08-17 23:46:35 [INFO] [OctoBans] deeprodole sql checked, record: doubleposte by DEEProdole to 1499957222
03-08-17 23:46:35 [INFO] [OctoBans] deeprodole sql checked, record: majuscule by DEEProdole to 1499954580
03-08-17 23:46:35 [INFO] [OctoBans] deeprodole sql checked, record: doubleposte by DEEProdole to 1499954713
03-08-17 23:46:35 [INFO] [OctoBans] deeprodole sql checked, record: doubleposte by DEEProdole to 1499954416
03-08-17 23:46:35 [INFO] [OctoBans] deeprodole sql checked, record: doubleposte by DEEProdole to 1499955817
03-08-17 23:46:35 [INFO] [OctoBans] deeprodole sql checked, record: majuscule by DEEProdole to 1499955130
03-08-17 23:46:35 [INFO] [OctoBans] deeprodole sql checked, record: doubleposte by DEEProdole to 1499955194
03-08-17 23:46:35 [INFO] [OctoBans] deeprodole sql checked, record: insultesrv by DEEProdole to 1499972663
03-08-17 23:46:35 [INFO] [OctoBans] deeprodole sql checked, record: spam by DEEProdole to 1499958274
03-08-17 23:46:35 [INFO] [OctoBans] deeprodole sql checked, record: majuscule by DEEProdole to 1499957670
03-08-17 23:46:35 [INFO] [OctoBans] deeprodole sql checked, record: majuscule by DEEProdole to 1499957128
03-08-17 23:46:35 [INFO] [OctoBans] deeprodole sql checked, record: insultegrave by DEEProdole to 1499992372
03-08-17 23:46:35 [INFO] [OctoBans] deeprodole sql checked, record: spam by DEEProdole to 1499963774
03-08-17 23:46:35 [INFO] [OctoBans] deeprodole sql checked, record: insultegrave by DEEProdole to 1500028602
03-08-17 23:46:35 [INFO] [OctoBans] deeprodole sql checked, record: doubleposte by DEEProdole to 1499957385
03-08-17 23:46:35 [INFO] [OctoBans] deeprodole sql checked, record: doubleposte by DEEProdole to 1499957676
03-08-17 23:46:35 [INFO] [OctoBans] deeprodole sql checked, record: majuscule by DEEProdole to 1499958017
03-08-17 23:46:35 [INFO] [OctoBans] deeprodole sql checked, record: spam by DEEProdole to 1499965462
03-08-17 23:46:35 [INFO] [OctoBans] deeprodole sql checked, record: doubleposte by DEEProdole to 1500039266
03-08-17 23:46:35 [INFO] [OctoBans] deeprodole sql checked, record: doubleposte by DEEProdole to 1500038739
03-08-17 23:46:35 [INFO] [OctoBans] deeprodole sql checked, record: incitationflood by DEEProdole to 1500124566
03-08-17 23:46:35 [INFO] [OctoBans] deeprodole sql checked, record: spam by DEEProdole to 1500042866
03-08-17 23:46:35 [INFO] [OctoBans] deeprodole sql checked, record: doubleposte by DEEProdole to 1500042433
03-08-17 23:46:35 [INFO] [OctoBans] deeprodole sql checked, record: doubleposte by DEEProdole to 1500046366
03-08-17 23:46:35 [INFO] [OctoBans] deeprodole sql checked, record: doubleposte by DEEProdole to 1500051162
03-08-17 23:46:35 [INFO] [OctoBans] deeprodole sql checked, record: majuscule by DEEProdole to 1500055158
03-08-17 23:46:35 [INFO] [OctoBans] deeprodole sql checked, record: doubleposte by DEEProdole to 1500057030
03-08-17 23:46:35 [INFO] [OctoBans] deeprodole sql checked, record: doubleposte by DEEProdole to 1500055820
03-08-17 23:46:35 [INFO] [OctoBans] deeprodole sql checked, record: doubleposte by DEEProdole to 1500055988
03-08-17 23:46:35 [INFO] [OctoBans] deeprodole sql checked, record: doubleposte by DEEProdole to 1500058225
03-08-17 23:46:35 [INFO] [OctoBans] deeprodole sql checked, record: doubleposte by DEEProdole to 1500056443
03-08-17 23:46:35 [INFO] [OctoBans] deeprodole sql checked, record: majuscule by DEEProdole to 1500058086
03-08-17 23:46:35 [INFO] [OctoBans] deeprodole sql checked, record: doubleposte by DEEProdole to 1500059263
03-08-17 23:46:35 [INFO] [OctoBans] deeprodole sql checked, record: majuscule by DEEProdole to 1500059183
03-08-17 23:46:35 [INFO] [OctoBans] deeprodole sql checked, record: flood by DEEProdole to 1500065895
03-08-17 23:46:35 [INFO] [OctoBans] deeprodole sql checked, record: doubleposte by DEEProdole to 1500059219
03-08-17 23:46:35 [INFO] [OctoBans] deeprodole sql checked, record: doubleposte by DEEProdole to 1500059288
03-08-17 23:46:35 [INFO] [OctoBans] deeprodole sql checked, record: doubleposte by DEEProdole to 1500059314
03-08-17 23:46:35 [INFO] [OctoBans] deeprodole sql checked, record: doubleposte by DEEProdole to 1500060488
03-08-17 23:46:35 [INFO] [OctoBans] deeprodole sql checked, record: doubleposte by DEEProdole to 1500060879
03-08-17 23:46:35 [INFO] [OctoBans] deeprodole sql checked, record: incitationflood by DEEProdole to 1500147126
03-08-17 23:46:35 [INFO] [OctoBans] deeprodole sql checked, record: doubleposte by DEEProdole to 1500061034
03-08-17 23:46:35 [INFO] [OctoBans] deeprodole sql checked, record: langage by DEEProdole to 1500062628
03-08-17 23:46:35 [INFO] [OctoBans] deeprodole sql checked, record: doubleposte by DEEProdole to 1500062900
03-08-17 23:46:35 [INFO] [OctoBans] deeprodole sql checked, record: spam by DEEProdole to 1500070387
03-08-17 23:46:35 [INFO] [OctoBans] deeprodole sql checked, record: langage by DEEProdole to 1500075722
03-08-17 23:46:35 [INFO] [OctoBans] deeprodole sql checked, record: doubleposte by DEEProdole to 1500078336
03-08-17 23:46:35 [INFO] [OctoBans] deeprodole sql checked, record: doubleposte by DEEProdole to 1500074367
03-08-17 23:46:35 [INFO] [OctoBans] deeprodole sql checked, record: doubleposte by DEEProdole to 1500075528
03-08-17 23:46:35 [INFO] [OctoBans] deeprodole sql checked, record: doubleposte by DEEProdole to 1500075974
03-08-17 23:46:35 [INFO] [OctoBans] deeprodole sql checked, record: langage by DEEProdole to 1500078410
03-08-17 23:46:35 [INFO] [OctoBans] deeprodole sql checked, record: langage by DEEProdole to 1500076418
03-08-17 23:46:35 [INFO] [OctoBans] deeprodole sql checked, record: majuscule by DEEProdole to 1500076768
03-08-17 23:46:35 [INFO] [OctoBans] deeprodole sql checked, record: doubleposte by DEEProdole to 1500079855
03-08-17 23:46:35 [INFO] [OctoBans] deeprodole sql checked, record: langage by DEEProdole to 1500077501
03-08-17 23:46:35 [INFO] [OctoBans] deeprodole sql checked, record: doubleposte by DEEProdole to 1500122598
03-08-17 23:46:35 [INFO] [OctoBans] deeprodole sql checked, record: provocation by DEEProdole to 1500125505
03-08-17 23:46:35 [INFO] [OctoBans] deeprodole sql checked, record: majuscule by DEEProdole to 1500125815
03-08-17 23:46:35 [INFO] [OctoBans] deeprodole sql checked, record: insultegrave by DEEProdole to 1500161965
03-08-17 23:46:35 [INFO] [OctoBans] deeprodole sql checked, record: majuscule by DEEProdole to 1500131138
03-08-17 23:46:35 [INFO] [OctoBans] deeprodole sql checked, record: provocation by DEEProdole to 1500132104
03-08-17 23:46:35 [INFO] [OctoBans] deeprodole sql checked, record: doubleposte by DEEProdole to 1500136772
03-08-17 23:46:35 [INFO] [OctoBans] deeprodole sql checked, record: langage by DEEProdole to 1500137680
03-08-17 23:46:35 [INFO] [OctoBans] deeprodole sql checked, record: doubleposte by DEEProdole to 1500139850
03-08-17 23:46:35 [INFO] [OctoBans] deeprodole sql checked, record: doubleposte by DEEProdole to 1500146040
03-08-17 23:46:35 [INFO] [OctoBans] deeprodole sql checked, record: doubleposte by DEEProdole to 1500145878
03-08-17 23:46:35 [INFO] [OctoBans] deeprodole sql checked, record: incitationflood by DEEProdole to 1500232027
03-08-17 23:46:35 [INFO] [OctoBans] deeprodole sql checked, record: doubleposte by DEEProdole to 1500153240
03-08-17 23:46:35 [INFO] [OctoBans] deeprodole sql checked, record: doubleposte by DEEProdole to 1500165390
03-08-17 23:46:35 [INFO] [OctoBans] deeprodole sql checked, record: langage by DEEProdole to 1500166761
03-08-17 23:46:35 [INFO] [OctoBans] deeprodole sql checked, record: provocation by DEEProdole to 1500166244
03-08-17 23:46:35 [INFO] [OctoBans] deeprodole sql checked, record: majuscule by DEEProdole to 1500165847
03-08-17 23:46:35 [INFO] [OctoBans] deeprodole sql checked, record: provocation by DEEProdole to 1500169494
03-08-17 23:46:35 [INFO] [OctoBans] deeprodole sql checked, record: insultegrave by DEEProdole to 1500458760
03-08-17 23:46:35 [INFO] [OctoBans] deeprodole sql checked, record: insultegrave by DEEProdole to 1500566821
03-08-17 23:46:35 [INFO] [OctoBans] deeprodole sql checked, record: provocation by DEEProdole to 1500174307
03-08-17 23:46:35 [INFO] [OctoBans] deeprodole sql checked, record: majuscule by DEEProdole to 1500176246
03-08-17 23:46:35 [INFO] [OctoBans] deeprodole sql checked, record: langage by DEEProdole to 1500228666
03-08-17 23:46:35 [INFO] [OctoBans] deeprodole sql checked, record: doubleposte by DEEProdole to 1500251936
03-08-17 23:46:35 [INFO] [OctoBans] deeprodole sql checked, record: doubleposte by DEEProdole to 1500253190
03-08-17 23:46:35 [INFO] [OctoBans] deeprodole sql checked, record: provocation by DEEProdole to 1500255884
03-08-17 23:46:35 [INFO] [OctoBans] deeprodole sql checked, record: majuscule by DEEProdole to 1500256285
03-08-17 23:46:35 [INFO] [OctoBans] deeprodole sql checked, record: insultegrave by DEEProdole to 1500293794
03-08-17 23:46:35 [INFO] [OctoBans] deeprodole sql checked, record: spam by DEEProdole to 1500273591
03-08-17 23:46:35 [INFO] [OctoBans] deeprodole sql checked, record: insultestaff by DEEProdole to 1500295211
03-08-17 23:46:35 [INFO] [OctoBans] deeprodole sql checked, record: doubleposte by DEEProdole to 1500261649
03-08-17 23:46:35 [INFO] [OctoBans] deeprodole sql checked, record: provocation by DEEProdole to 1500261427
03-08-17 23:46:35 [INFO] [OctoBans] deeprodole sql checked, record: doubleposte by DEEProdole to 1500296122
03-08-17 23:46:35 [INFO] [OctoBans] deeprodole sql checked, record: majuscule by DEEProdole to 1500296148
03-08-17 23:46:35 [INFO] [OctoBans] deeprodole sql checked, record: doubleposte by DEEProdole to 1500296519
03-08-17 23:46:35 [INFO] [OctoBans] deeprodole sql checked, record: spam by DEEProdole to 1500298781
03-08-17 23:46:35 [INFO] [OctoBans] deeprodole sql checked, record: spam by DEEProdole to 1500313467
03-08-17 23:46:35 [INFO] [OctoBans] deeprodole sql checked, record: doubleposte by DEEProdole to 1500295995
03-08-17 23:46:35 [INFO] [OctoBans] deeprodole sql checked, record: majuscule by DEEProdole to 1500296553
03-08-17 23:46:35 [INFO] [OctoBans] deeprodole sql checked, record: doubleposte by DEEProdole to 1500296441
03-08-17 23:46:35 [INFO] [OctoBans] deeprodole sql checked, record: majuscule by DEEProdole to 1500296927
03-08-17 23:46:35 [INFO] [OctoBans] deeprodole sql checked, record: majuscule by DEEProdole to 1500297021
03-08-17 23:46:35 [INFO] [OctoBans] deeprodole sql checked, record: majuscule by DEEProdole to 1500297340
03-08-17 23:46:35 [INFO] [OctoBans] deeprodole sql checked, record: doubleposte by DEEProdole to 1500298409
03-08-17 23:46:35 [INFO] [OctoBans] deeprodole sql checked, record: spam by DEEProdole to 1500314923
03-08-17 23:46:35 [INFO] [OctoBans] deeprodole sql checked, record: insultegrave by DEEProdole to 1500332938
03-08-17 23:46:35 [INFO] [OctoBans] deeprodole sql checked, record: insultegrave by DEEProdole to 1500333101
03-08-17 23:46:35 [INFO] [OctoBans] deeprodole sql checked, record: spam by DEEProdole to 1500311172
03-08-17 23:46:35 [INFO] [OctoBans] deeprodole sql checked, record: faussesinfos by DEEProdole to 1500386913
03-08-17 23:46:35 [INFO] [OctoBans] deeprodole sql checked, record: spam by DEEProdole to 1500314937
03-08-17 23:46:35 [INFO] [OctoBans] deeprodole sql checked, record: doubleposte by DEEProdole to 1500301473
03-08-17 23:46:35 [INFO] [OctoBans] deeprodole sql checked, record: doubleposte by DEEProdole to 1500302880
03-08-17 23:46:35 [INFO] [OctoBans] deeprodole sql checked, record: flood by DEEProdole to 1500304654
03-08-17 23:46:35 [INFO] [OctoBans] deeprodole sql checked, record: provocation by DEEProdole to 1500301667
03-08-17 23:46:35 [INFO] [OctoBans] deeprodole sql checked, record: langage by DEEProdole to 1500301738
03-08-17 23:46:35 [INFO] [OctoBans] deeprodole sql checked, record: faussesinfos by DEEProdole to 1500387671
03-08-17 23:46:35 [INFO] [OctoBans] deeprodole sql checked, record: doubleposte by DEEProdole to 1500322275
03-08-17 23:46:35 [INFO] [OctoBans] deeprodole sql checked, record: doubleposte by DEEProdole to 1500321699
03-08-17 23:46:35 [INFO] [OctoBans] deeprodole sql checked, record: doubleposte by DEEProdole to 1500321422
03-08-17 23:46:35 [INFO] [OctoBans] deeprodole sql checked, record: pubyt by DEEProdole to 1500324809
03-08-17 23:46:35 [INFO] [OctoBans] deeprodole sql checked, record: spam by DEEProdole to 1500343746
03-08-17 23:46:35 [INFO] [OctoBans] deeprodole sql checked, record: doubleposte by DEEProdole to 1500325298
03-08-17 23:46:35 [INFO] [OctoBans] deeprodole sql checked, record: insultestaff by DEEProdole to 1500395585
03-08-17 23:46:35 [INFO] [OctoBans] deeprodole sql checked, record: doubleposte by DEEProdole to 1500324338
03-08-17 23:46:35 [INFO] [OctoBans] deeprodole sql checked, record: doubleposte by DEEProdole to 1500324243
03-08-17 23:46:35 [INFO] [OctoBans] deeprodole sql checked, record: spam by DEEProdole to 1500338354
03-08-17 23:46:35 [INFO] [OctoBans] deeprodole sql checked, record: doubleposte by DEEProdole to 1500328597
03-08-17 23:46:35 [INFO] [OctoBans] deeprodole sql checked, record: doubleposte by DEEProdole to 1500356963
03-08-17 23:46:35 [INFO] [OctoBans] deeprodole sql checked, record: doubleposte by DEEProdole to 1500357899
03-08-17 23:46:35 [INFO] [OctoBans] deeprodole sql checked, record: doubleposte by DEEProdole to 1500357376
03-08-17 23:46:35 [INFO] [OctoBans] deeprodole sql checked, record: doubleposte by DEEProdole to 1500358751
03-08-17 23:46:35 [INFO] [OctoBans] deeprodole sql checked, record: flood by DEEProdole to 1500363842
03-08-17 23:46:35 [INFO] [OctoBans] deeprodole sql checked, record: insulte by DEEProdole to 1500365449
03-08-17 23:46:35 [INFO] [OctoBans] deeprodole sql checked, record: langage by DEEProdole to 1500365587
03-08-17 23:46:35 [INFO] [OctoBans] deeprodole sql checked, record: doubleposte by DEEProdole to 1500366075
03-08-17 23:46:35 [INFO] [OctoBans] deeprodole sql checked, record: doubleposte by DEEProdole to 1500384823
03-08-17 23:46:35 [INFO] [OctoBans] deeprodole sql checked, record: spam by DEEProdole to 1500390590
03-08-17 23:46:35 [INFO] [OctoBans] deeprodole sql checked, record: spam by DEEProdole to 1500391678
03-08-17 23:46:35 [INFO] [OctoBans] deeprodole sql checked, record: doubleposte by DEEProdole to 1500389947
03-08-17 23:46:35 [INFO] [OctoBans] deeprodole sql checked, record: majuscule by DEEProdole to 1500389299
03-08-17 23:46:35 [INFO] [OctoBans] deeprodole sql checked, record: doubleposte by DEEProdole to 1500395906
03-08-17 23:46:35 [INFO] [OctoBans] deeprodole sql checked, record: spam by DEEProdole to 1500403154
03-08-17 23:46:35 [INFO] [OctoBans] deeprodole sql checked, record: doubleposte by DEEProdole to 1500397100
03-08-17 23:46:35 [INFO] [OctoBans] deeprodole sql checked, record: doubleposte by DEEProdole to 1500398900
03-08-17 23:46:35 [INFO] [OctoBans] deeprodole sql checked, record: majuscule by DEEProdole to 1500399211
03-08-17 23:46:35 [INFO] [OctoBans] deeprodole sql checked, record: doubleposte by DEEProdole to 1500399547
03-08-17 23:46:35 [INFO] [OctoBans] deeprodole sql checked, record: doubleposte by DEEProdole to 1500398428
03-08-17 23:46:35 [INFO] [OctoBans] deeprodole sql checked, record: spam by DEEProdole to 1500401838
03-08-17 23:46:35 [INFO] [OctoBans] deeprodole sql checked, record: spam by DEEProdole to 1500401843
03-08-17 23:46:35 [INFO] [OctoBans] deeprodole sql checked, record: spam by DEEProdole to 1500405460
03-08-17 23:46:35 [INFO] [OctoBans] deeprodole sql checked, record: majuscule by DEEProdole to 1500398882
03-08-17 23:46:35 [INFO] [OctoBans] deeprodole sql checked, record: spam by DEEProdole to 1500401911
03-08-17 23:46:35 [INFO] [OctoBans] deeprodole sql checked, record: majuscule by DEEProdole to 1500398980
03-08-17 23:46:35 [INFO] [OctoBans] deeprodole sql checked, record: majuscule by DEEProdole to 1500400558
03-08-17 23:46:35 [INFO] [OctoBans] deeprodole sql checked, record: doubleposte by DEEProdole to 1500403481
03-08-17 23:46:35 [INFO] [OctoBans] deeprodole sql checked, record: doubleposte by DEEProdole to 1500405738
03-08-17 23:46:35 [INFO] [OctoBans] deeprodole sql checked, record: doubleposte by DEEProdole to 1500501893
03-08-17 23:46:35 [INFO] [OctoBans] deeprodole sql checked, record: incitationflood by DEEProdole to 1500761156
03-08-17 23:46:35 [INFO] [OctoBans] deeprodole sql checked, record: insultegrave by DEEProdole to 1500537967
03-08-17 23:46:35 [INFO] [OctoBans] deeprodole sql checked, record: langage by DEEProdole to 1500511037
03-08-17 23:46:35 [INFO] [OctoBans] deeprodole sql checked, record: insulte by DEEProdole to 1500512544
03-08-17 23:46:35 [INFO] [OctoBans] deeprodole sql checked, record: majuscule by DEEProdole to 1500511882
03-08-17 23:46:35 [INFO] [OctoBans] deeprodole sql checked, record: insulte by DEEProdole to 1500514188
03-08-17 23:46:35 [INFO] [OctoBans] deeprodole sql checked, record: provocation by DEEProdole to 1500512481
03-08-17 23:46:35 [INFO] [OctoBans] deeprodole sql checked, record: provocation by DEEProdole to 1500513994
03-08-17 23:46:35 [INFO] [OctoBans] deeprodole sql checked, record: doubleposte by DEEProdole to 1500522149
03-08-17 23:46:35 [INFO] [OctoBans] deeprodole sql checked, record: doubleposte by DEEProdole to 1500517548
03-08-17 23:46:35 [INFO] [OctoBans] deeprodole sql checked, record: spam by DEEProdole to 1500521760
03-08-17 23:46:35 [INFO] [OctoBans] deeprodole sql checked, record: doubleposte by DEEProdole to 1500575551
03-08-17 23:46:35 [INFO] [OctoBans] deeprodole sql checked, record: doubleposte by DEEProdole to 1500580015
03-08-17 23:46:35 [INFO] [OctoBans] deeprodole sql checked, record: insultegrave by DEEProdole to 1500615424
03-08-17 23:46:35 [INFO] [OctoBans] deeprodole sql checked, record: doubleposte by DEEProdole to 1500635557
03-08-17 23:46:35 [INFO] [OctoBans] deeprodole sql checked, record: incitationflood by DEEProdole to 1500720580
03-08-17 23:46:35 [INFO] [OctoBans] deeprodole sql checked, record: majuscule by DEEProdole to 1500635051
03-08-17 23:46:35 [INFO] [OctoBans] deeprodole sql checked, record: incitationflood by DEEProdole to 1500721220
03-08-17 23:46:35 [INFO] [OctoBans] deeprodole sql checked, record: spam by DEEProdole to 1500642052
03-08-17 23:46:35 [INFO] [OctoBans] deeprodole sql checked, record: doubleposte by DEEProdole to 1500637508
03-08-17 23:46:35 [INFO] [OctoBans] deeprodole sql checked, record: langage by DEEProdole to 1500640132
03-08-17 23:46:35 [INFO] [OctoBans] deeprodole sql checked, record: majuscule by DEEProdole to 1500636277
03-08-17 23:46:35 [INFO] [OctoBans] deeprodole sql checked, record: doubleposte by DEEProdole to 1500639954
03-08-17 23:46:35 [INFO] [OctoBans] deeprodole sql checked, record: doubleposte by DEEProdole to 1500638799
03-08-17 23:46:35 [INFO] [OctoBans] deeprodole sql checked, record: doubleposte by DEEProdole to 1500637949
03-08-17 23:46:35 [INFO] [OctoBans] deeprodole sql checked, record: doubleposte by DEEProdole to 1500639509
03-08-17 23:46:35 [INFO] [OctoBans] deeprodole sql checked, record: doubleposte by DEEProdole to 1500638584
03-08-17 23:46:35 [INFO] [OctoBans] deeprodole sql checked, record: doubleposte by DEEProdole to 1500639860
03-08-17 23:46:35 [INFO] [OctoBans] deeprodole sql checked, record: doubleposte by DEEProdole to 1500639216
03-08-17 23:46:35 [INFO] [OctoBans] deeprodole sql checked, record: spam by DEEProdole to 1500669466
03-08-17 23:46:35 [INFO] [OctoBans] deeprodole sql checked, record: spam by DEEProdole to 1500644931
03-08-17 23:46:35 [INFO] [OctoBans] deeprodole sql checked, record: doubleposte by DEEProdole to 1500644434
03-08-17 23:46:35 [INFO] [OctoBans] deeprodole sql checked, record: insultegrave by DEEProdole to 1500677786
03-08-17 23:46:35 [INFO] [OctoBans] deeprodole sql checked, record: provocation by DEEProdole to 1500643913
03-08-17 23:46:35 [INFO] [OctoBans] deeprodole sql checked, record: flood by DEEProdole to 1500648978
03-08-17 23:46:35 [INFO] [OctoBans] deeprodole sql checked, record: pubyt by DEEProdole to 1500649389
03-08-17 23:46:35 [INFO] [OctoBans] deeprodole sql checked, record: doubleposte by DEEProdole to 1500670382
03-08-17 23:46:35 [INFO] [OctoBans] deeprodole sql checked, record: doubleposte by DEEProdole to 1500670152
03-08-17 23:46:35 [INFO] [OctoBans] deeprodole sql checked, record: spam by DEEProdole to 1500673612
03-08-17 23:46:35 [INFO] [OctoBans] deeprodole sql checked, record: doubleposte by DEEProdole to 1500673742
03-08-17 23:46:35 [INFO] [OctoBans] deeprodole sql checked, record: langage by DEEProdole to 1500675377
03-08-17 23:46:35 [INFO] [OctoBans] deeprodole sql checked, record: doubleposte by DEEProdole to 1500672849
03-08-17 23:46:35 [INFO] [OctoBans] deeprodole sql checked, record: langage by DEEProdole to 1500673212
03-08-17 23:46:35 [INFO] [OctoBans] deeprodole sql checked, record: provocation by DEEProdole to 1500675154
03-08-17 23:46:35 [INFO] [OctoBans] deeprodole sql checked, record: doubleposte by DEEProdole to 1500729338
03-08-17 23:46:35 [INFO] [OctoBans] deeprodole sql checked, record: majuscule by DEEProdole to 1500728148
03-08-17 23:46:35 [INFO] [OctoBans] deeprodole sql checked, record: doubleposte by DEEProdole to 1500729316
03-08-17 23:46:35 [INFO] [OctoBans] deeprodole sql checked, record: doubleposte by DEEProdole to 1500731839
03-08-17 23:46:35 [INFO] [OctoBans] deeprodole sql checked, record: insultegrave by DEEProdole to 1500840677
03-08-17 23:46:35 [INFO] [OctoBans] deeprodole sql checked, record: spam by DEEProdole to 1500737150
03-08-17 23:46:35 [INFO] [OctoBans] deeprodole sql checked, record: doubleposte by DEEProdole to 1500735986
03-08-17 23:46:35 [INFO] [OctoBans] deeprodole sql checked, record: pubyt by DEEProdole to 1500759098
03-08-17 23:46:35 [INFO] [OctoBans] deeprodole sql checked, record: doubleposte by DEEProdole to 1500736312
03-08-17 23:46:35 [INFO] [OctoBans] deeprodole sql checked, record: spam by DEEProdole to 1500738105
03-08-17 23:46:35 [INFO] [OctoBans] deeprodole sql checked, record: spam by DEEProdole to 1500738135
03-08-17 23:46:35 [INFO] [OctoBans] deeprodole sql checked, record: incitationflood by DEEProdole to 1500821155
03-08-17 23:46:35 [INFO] [OctoBans] deeprodole sql checked, record: doubleposte by DEEProdole to 1500736589
03-08-17 23:46:35 [INFO] [OctoBans] deeprodole sql checked, record: provocation by DEEProdole to 1500736756
03-08-17 23:46:35 [INFO] [OctoBans] deeprodole sql checked, record: insultegrave by DEEProdole to 1500778939
03-08-17 23:46:35 [INFO] [OctoBans] deeprodole sql checked, record: doubleposte by DEEProdole to 1500745394
03-08-17 23:46:35 [INFO] [OctoBans] deeprodole sql checked, record: doubleposte by DEEProdole to 1500748486
03-08-17 23:46:35 [INFO] [OctoBans] deeprodole sql checked, record: flood by DEEProdole to 1500751456
03-08-17 23:46:35 [INFO] [OctoBans] deeprodole sql checked, record: doubleposte by DEEProdole to 1500772500
03-08-17 23:46:35 [INFO] [OctoBans] deeprodole sql checked, record: spam by DEEProdole to 1500781807
03-08-17 23:46:35 [INFO] [OctoBans] deeprodole sql checked, record: langage by DEEProdole to 1500771833
03-08-17 23:46:35 [INFO] [OctoBans] deeprodole sql checked, record: langage by DEEProdole to 1500778502
03-08-17 23:46:35 [INFO] [OctoBans] deeprodole sql checked, record: doubleposte by DEEProdole to 1500828440
03-08-17 23:46:35 [INFO] [OctoBans] deeprodole sql checked, record: majuscule by DEEProdole to 1500827632
03-08-17 23:46:35 [INFO] [OctoBans] deeprodole sql checked, record: majuscule by DEEProdole to 1500837068
03-08-17 23:46:35 [INFO] [OctoBans] deeprodole sql checked, record: doubleposte by DEEProdole to 1500849013
03-08-17 23:46:35 [INFO] [OctoBans] deeprodole sql checked, record: pubyt by DEEProdole to 1500852751
03-08-17 23:46:35 [INFO] [OctoBans] deeprodole sql checked, record: langage by DEEProdole to 1500851140
03-08-17 23:46:35 [INFO] [OctoBans] deeprodole sql checked, record: provocation by DEEProdole to 1500849792
03-08-17 23:46:35 [INFO] [OctoBans] deeprodole sql checked, record: spam by DEEProdole to 1500878601
03-08-17 23:46:35 [INFO] [OctoBans] deeprodole sql checked, record: majuscule by DEEProdole to 1500855908
03-08-17 23:46:35 [INFO] [OctoBans] deeprodole sql checked, record: doubleposte by DEEProdole to 1500853411
03-08-17 23:46:35 [INFO] [OctoBans] deeprodole sql checked, record: spam by DEEProdole to 1500857216
03-08-17 23:46:35 [INFO] [OctoBans] deeprodole sql checked, record: spam by DEEProdole to 1500857285
03-08-17 23:46:35 [INFO] [OctoBans] deeprodole sql checked, record: spam by DEEProdole to 1500860894
03-08-17 23:46:35 [INFO] [OctoBans] deeprodole sql checked, record: doubleposte by DEEProdole to 1500862953
03-08-17 23:46:35 [INFO] [OctoBans] deeprodole sql checked, record: spam by DEEProdole to 1500919664
03-08-17 23:46:35 [INFO] [OctoBans] deeprodole sql checked, record: majuscule by DEEProdole to 1500911488
03-08-17 23:46:35 [INFO] [OctoBans] deeprodole sql checked, record: insultesrv by DEEProdole to 1500936442
03-08-17 23:46:35 [INFO] [OctoBans] deeprodole sql checked, record: spam by DEEProdole to 1500922103
03-08-17 23:46:35 [INFO] [OctoBans] deeprodole sql checked, record: langage by DEEProdole to 1500929953
03-08-17 23:46:35 [INFO] [OctoBans] deeprodole sql checked, record: doubleposte by DEEProdole to 1500923585
03-08-17 23:46:35 [INFO] [OctoBans] deeprodole sql checked, record: doubleposte by DEEProdole to 1500924616
03-08-17 23:46:35 [INFO] [OctoBans] deeprodole sql checked, record: provocation by DEEProdole to 1500924945
03-08-17 23:46:35 [INFO] [OctoBans] deeprodole sql checked, record: doubleposte by DEEProdole to 1500930816
03-08-17 23:46:35 [INFO] [OctoBans] deeprodole sql checked, record: doubleposte by DEEProdole to 1500930937
03-08-17 23:46:35 [INFO] [OctoBans] deeprodole sql checked, record: doubleposte by DEEProdole to 1500934067
03-08-17 23:46:35 [INFO] [OctoBans] deeprodole sql checked, record: doubleposte by DEEProdole to 1500936802
03-08-17 23:46:35 [INFO] [OctoBans] deeprodole sql checked, record: doubleposte by DEEProdole to 1500935879
03-08-17 23:46:35 [INFO] [OctoBans] deeprodole sql checked, record: incitationflood by DEEProdole to 1501166091
03-08-17 23:46:35 [INFO] [OctoBans] deeprodole sql checked, record: incitationflood by DEEProdole to 1501079924
03-08-17 23:46:35 [INFO] [OctoBans] deeprodole sql checked, record: insulte by DEEProdole to 1501012247
03-08-17 23:46:35 [INFO] [OctoBans] deeprodole sql checked, record: doubleposte by DEEProdole to 1501008250
03-08-17 23:46:35 [INFO] [OctoBans] deeprodole sql checked, record: doubleposte by DEEProdole to 1501008278
03-08-17 23:46:35 [INFO] [OctoBans] deeprodole sql checked, record: doubleposte by DEEProdole to 1501008623
03-08-17 23:46:35 [INFO] [OctoBans] deeprodole sql checked, record: insultegrave by DEEProdole to 1501045014
03-08-17 23:46:35 [INFO] [OctoBans] deeprodole sql checked, record: doubleposte by DEEProdole to 1501019674
03-08-17 23:46:35 [INFO] [OctoBans] deeprodole sql checked, record: faussesinfos by DEEProdole to 1501097284
03-08-17 23:46:35 [INFO] [OctoBans] deeprodole sql checked, record: doubleposte by DEEProdole to 1501015172
03-08-17 23:46:35 [INFO] [OctoBans] deeprodole sql checked, record: doubleposte by DEEProdole to 1501013127
03-08-17 23:46:35 [INFO] [OctoBans] deeprodole sql checked, record: spam by DEEProdole to 1501019430
03-08-17 23:46:35 [INFO] [OctoBans] deeprodole sql checked, record: doubleposte by DEEProdole to 1501014479
03-08-17 23:46:35 [INFO] [OctoBans] deeprodole sql checked, record: incitationflood by DEEProdole to 1501099552
03-08-17 23:46:35 [INFO] [OctoBans] deeprodole sql checked, record: spam by DEEProdole to 1501016766
03-08-17 23:46:35 [INFO] [OctoBans] deeprodole sql checked, record: spam by DEEProdole to 1501016771
03-08-17 23:46:35 [INFO] [OctoBans] deeprodole sql checked, record: spam by DEEProdole to 1501027578
03-08-17 23:46:35 [INFO] [OctoBans] deeprodole sql checked, record: spam by DEEProdole to 1501038381
03-08-17 23:46:35 [INFO] [OctoBans] deeprodole sql checked, record: doubleposte by DEEProdole to 1501116352
03-08-17 23:46:35 [INFO] [OctoBans] deeprodole sql checked, record: spam by DEEProdole to 1501128428
03-08-17 23:46:35 [INFO] [OctoBans] deeprodole sql checked, record: incitationflood by DEEProdole to 1501204098
03-08-17 23:46:35 [INFO] [OctoBans] deeprodole sql checked, record: doubleposte by DEEProdole to 1501176913
03-08-17 23:46:35 [INFO] [OctoBans] deeprodole sql checked, record: spam by DEEProdole to 1501185774
03-08-17 23:46:35 [INFO] [OctoBans] deeprodole sql checked, record: insultegrave by DEEProdole to 1501226758
03-08-17 23:46:35 [INFO] [OctoBans] deeprodole sql checked, record: doubleposte by DEEProdole to 1501192648
03-08-17 23:46:35 [INFO] [OctoBans] deeprodole sql checked, record: insultegrave by DEEProdole to 1501451082
03-08-17 23:46:35 [INFO] [OctoBans] deeprodole sql checked, record: langage by DEEProdole to 1501201947
03-08-17 23:46:35 [INFO] [OctoBans] deeprodole sql checked, record: faussesinfos by DEEProdole to 1501290655
03-08-17 23:46:35 [INFO] [OctoBans] deeprodole sql checked, record: langage by DEEProdole to 1501206922
03-08-17 23:46:35 [INFO] [OctoBans] deeprodole sql checked, record: doubleposte by DEEProdole to 1501208468
03-08-17 23:46:35 [INFO] [OctoBans] deeprodole sql checked, record: majuscule by DEEProdole to 1501206353
03-08-17 23:46:35 [INFO] [OctoBans] deeprodole sql checked, record: langage by DEEProdole to 1501211725
03-08-17 23:46:35 [INFO] [OctoBans] deeprodole sql checked, record: insulte by DEEProdole to 1501220921
03-08-17 23:46:35 [INFO] [OctoBans] deeprodole sql checked, record: doubleposte by DEEProdole to 1501223425
03-08-17 23:46:35 [INFO] [OctoBans] deeprodole sql checked, record: majuscule by DEEProdole to 1501226176
03-08-17 23:46:35 [INFO] [OctoBans] deeprodole sql checked, record: doubleposte by DEEProdole to 1501225916
03-08-17 23:46:35 [INFO] [OctoBans] deeprodole sql checked, record: doubleposte by DEEProdole to 1501225920
03-08-17 23:46:35 [INFO] [OctoBans] deeprodole sql checked, record: langage by DEEProdole to 1501226528
03-08-17 23:46:35 [INFO] [OctoBans] deeprodole sql checked, record: provocation by DEEProdole to 1501229138
03-08-17 23:46:35 [INFO] [OctoBans] deeprodole sql checked, record: provocation by DEEProdole to 1501231612
03-08-17 23:46:35 [INFO] [OctoBans] deeprodole sql checked, record: faussesinfos by DEEProdole to 1501372167
03-08-17 23:46:35 [INFO] [OctoBans] deeprodole sql checked, record: majuscule by DEEProdole to 1501288455
03-08-17 23:46:35 [INFO] [OctoBans] deeprodole sql checked, record: spam by DEEProdole to 1501321261
03-08-17 23:46:35 [INFO] [OctoBans] deeprodole sql checked, record: insultestaff by DEEProdole to 1501361357
03-08-17 23:46:35 [INFO] [OctoBans] deeprodole sql checked, record: insultestaff by DEEProdole to 1501325399
03-08-17 23:46:35 [INFO] [OctoBans] deeprodole sql checked, record: insultegrave by DEEProdole to 1501328593
03-08-17 23:46:35 [INFO] [OctoBans] deeprodole sql checked, record: majuscule by DEEProdole to 1501294608
03-08-17 23:46:35 [INFO] [OctoBans] deeprodole sql checked, record: provocation by DEEProdole to 1501294183
03-08-17 23:46:35 [INFO] [OctoBans] deeprodole sql checked, record: majuscule by DEEProdole to 1501298686
03-08-17 23:46:35 [INFO] [OctoBans] deeprodole sql checked, record: incitationflood by DEEProdole to 1501388398
03-08-17 23:46:35 [INFO] [OctoBans] deeprodole sql checked, record: doubleposte by DEEProdole to 1501303948
03-08-17 23:46:35 [INFO] [OctoBans] deeprodole sql checked, record: incitationflood by DEEProdole to 1501388969
03-08-17 23:46:35 [INFO] [OctoBans] deeprodole sql checked, record: doubleposte by DEEProdole to 1501303616
03-08-17 23:46:35 [INFO] [OctoBans] deeprodole sql checked, record: faussesinfos by DEEProdole to 1501391136
03-08-17 23:46:35 [INFO] [OctoBans] deeprodole sql checked, record: doubleposte by DEEProdole to 1501305914
03-08-17 23:46:35 [INFO] [OctoBans] deeprodole sql checked, record: provocation by DEEProdole to 1501306541
03-08-17 23:46:35 [INFO] [OctoBans] deeprodole sql checked, record: doubleposte by DEEProdole to 1501307649
03-08-17 23:46:35 [INFO] [OctoBans] deeprodole sql checked, record: majuscule by DEEProdole to 1501307194
03-08-17 23:46:35 [INFO] [OctoBans] deeprodole sql checked, record: spam by DEEProdole to 1501310249
03-08-17 23:46:35 [INFO] [OctoBans] deeprodole sql checked, record: spam by DEEProdole to 1501310399
03-08-17 23:46:35 [INFO] [OctoBans] deeprodole sql checked, record: doubleposte by DEEProdole to 1501351766
03-08-17 23:46:35 [INFO] [OctoBans] deeprodole sql checked, record: majuscule by DEEProdole to 1501352829
03-08-17 23:46:35 [INFO] [OctoBans] deeprodole sql checked, record: doubleposte by DEEProdole to 1501353893
03-08-17 23:46:35 [INFO] [OctoBans] deeprodole sql checked, record: doubleposte by DEEProdole to 1501357367
03-08-17 23:46:35 [INFO] [OctoBans] deeprodole sql checked, record: insultegrave by DEEProdole to 1501399097
03-08-17 23:46:48 [INFO] [OctoBans] YTB_XxKarnageXx punished ishaadow_ for: Spam/flood
03-08-17 23:46:59 [INFO] [OctoBans] YTB_XxKarnageXx punished vlwars for: Incitation au flood
03-08-17 23:47:05 [INFO] [OctoBans] YTB_XxKarnageXx punished amirdenain for: Spam/flood
03-08-17 23:48:07 [INFO] [OctoBans] jojolatereur971 sql checked, record: spammp by TheBrioche13 to -1
03-08-17 23:48:52 [INFO] [OctoBans] Wiindows punished mega_fuzion for: Insulte grave
03-08-17 23:48:58 [INFO] [OctoBans] _dragibus_ sql checked, record: spammp by Remil to -1
03-08-17 23:48:58 [INFO] [OctoBans] _dragibus_ sql checked, record: langage by woimant to 1501800852
03-08-17 23:50:03 [INFO] [OctoBans] YTB_XxKarnageXx punished biguiboss31 for: Langage incorrect
03-08-17 23:50:30 [INFO] [OctoBans] YTB_XxKarnageXx punished legend for: Insulte grave
03-08-17 23:52:30 [INFO] [OctoBans] silverlight124 sql checked, record: spammp by Remil to -1
03-08-17 23:53:43 [INFO] [OctoBans] zebiggameur sql checked, record: spammp by iPurple_ to -1
03-08-17 23:55:12 [INFO] [OctoBans] YTB_XxKarnageXx punished lepro59 for: Majuscule
03-08-17 23:56:04 [INFO] [OctoBans] YTB_XxKarnageXx punished neyqooo_ for: Double Poste
04-08-17 00:02:11 [INFO] [OctoBans] diablotin sql checked, record: spammp by SuperJojo to -1
04-08-17 00:02:30 [INFO] [OctoBans] Wiindows punished itzmarko for: Majuscule
04-08-17 00:02:39 [INFO] [OctoBans] YTB_XxKarnageXx punished zebiggameur for: Insulte staff
04-08-17 00:02:51 [INFO] [OctoBans] steph078 sql checked, record: spammp by Remil to -1
04-08-17 00:03:35 [INFO] [OctoBans] waytek sql checked, record: spammp by PseudoNul to -1
04-08-17 00:03:35 [INFO] [OctoBans] waytek sql checked, record: spammp by Remil to -1
04-08-17 00:03:35 [INFO] [OctoBans] waytek sql checked, record: spammp by Remil to -1
04-08-17 00:03:35 [INFO] [OctoBans] waytek sql checked, record: homophobie by Forway to 1501866774
04-08-17 00:04:56 [INFO] [OctoBans] woimant punished blackwhite010 for: Spam/flood
04-08-17 00:06:38 [INFO] [OctoBans] woimant punished blackwhite010 for: Insulte staff
04-08-17 00:09:03 [INFO] [OctoBans] TheBrioche13 punished thegost for: Double Poste
04-08-17 00:11:39 [INFO] [OctoBans] shouteur sql checked, record: spammp by Remil to -1
04-08-17 00:11:39 [INFO] [OctoBans] shouteur sql checked, record: spammp by Remil to -1
04-08-17 00:11:39 [INFO] [OctoBans] shouteur sql checked, record: spammp by Remil to -1
04-08-17 00:11:39 [INFO] [OctoBans] shouteur sql checked, record: spammp by Remil to -1
04-08-17 00:11:39 [INFO] [OctoBans] shouteur sql checked, record: spammp by Remil to -1
04-08-17 00:11:39 [INFO] [OctoBans] shouteur sql checked, record: spammp by Remil to -1
04-08-17 00:11:39 [INFO] [OctoBans] shouteur sql checked, record: spammp by Remil to -1
04-08-17 00:11:39 [INFO] [OctoBans] shouteur sql checked, record: spammp by Remil to -1
04-08-17 00:11:39 [INFO] [OctoBans] shouteur sql checked, record: spammp by Remil to -1
04-08-17 00:13:44 [INFO] [OctoBans] ZerKup punished darkop for: Double Poste
04-08-17 00:14:01 [INFO] [OctoBans] ZerKup punished kinoxyt for: Double Poste
04-08-17 00:16:56 [INFO] [OctoBans] leodu999 sql checked, record: spammp by Remil to -1
04-08-17 00:18:11 [INFO] [OctoBans] YTB_XxKarnageXx punished lololaclarinette for: TpKill
04-08-17 00:18:32 [INFO] [OctoBans] YTB_XxKarnageXx punished pepsicoca for: Double Poste
04-08-17 00:18:53 [INFO] [OctoBans] YTB_XxKarnageXx punished pepsicoca for: Spam/flood
04-08-17 00:19:00 [INFO] [OctoBans] YTB_XxKarnageXx punished virocl for: Provocation
04-08-17 00:20:01 [INFO] [OctoBans] lololaclarinette sql checked, record: spammp by tinmar to -1
04-08-17 00:20:01 [INFO] [OctoBans] lololaclarinette sql checked, record: tpkill by YTB_XxKarnageXx to 1501885091
04-08-17 00:20:07 [INFO] [OctoBans] Steph078 punished gamer_du_02 for: Double Poste
04-08-17 00:20:19 [INFO] [OctoBans] woimant punished ayken for: Spam/flood
04-08-17 00:20:45 [INFO] [OctoBans] woimant punished bbdark for: Double Poste
04-08-17 00:22:44 [INFO] [OctoBans] TheBrioche13 punished la_banane for: Double Poste
04-08-17 00:25:02 [INFO] [OctoBans] YTB_XxKarnageXx punished mrgunpower for: Majuscule
04-08-17 00:33:03 [INFO] [OctoBans] Disabling OctoBans v1.0
