06-12-17 22:31:42 [INFO] [OctoBans] File Handler successfully initialized!
06-12-17 22:31:42 [INFO] [OctoBans] SQL connection successfully etablished
06-12-17 22:31:42 [INFO] [OctoBans] Moderator Tools by Octonia.
06-12-17 23:40:03 [INFO] [OctoBans] thecrane sql checked, record: spammp by WeeZix to -1
06-12-17 23:46:25 [INFO] [OctoBans] mgk_tozzzz sql checked, record: spammp by drbrine to -1
06-12-17 23:54:13 [INFO] [OctoBans] keezy sql checked, record: spammp by LeRe to -1
06-12-17 23:54:13 [INFO] [OctoBans] keezy sql checked, record: spammp by LeRe to -1
06-12-17 23:54:13 [INFO] [OctoBans] keezy sql checked, record: spammp by ToXiCz_TV to -1
06-12-17 23:54:13 [INFO] [OctoBans] keezy sql checked, record: spammp by FamousxRay to -1
06-12-17 23:55:03 [INFO] [OctoBans] darryl1 sql checked, record: spammp by FiasK0 to -1
06-12-17 23:59:43 [INFO] [OctoBans] grenousse_pvp sql checked, record: spammp by SmooKeur to -1
07-12-17 00:01:47 [INFO] [OctoBans] maxoupvp sql checked, record: spammp by LeRe to -1
07-12-17 00:01:47 [INFO] [OctoBans] maxoupvp sql checked, record: spammp by drbrine to -1
07-12-17 00:22:31 [INFO] [OctoBans] blackwhite010 sql checked, record: spammp by drbrine to -1
07-12-17 00:22:31 [INFO] [OctoBans] blackwhite010 sql checked, record: spammp by drbrine to -1
07-12-17 00:22:31 [INFO] [OctoBans] blackwhite010 sql checked, record: spammp by drbrine to -1
07-12-17 00:22:31 [INFO] [OctoBans] blackwhite010 sql checked, record: spammp by woimant to -1
07-12-17 00:51:02 [INFO] [OctoBans] weezy sql checked, record: spammp by LeRe to -1
07-12-17 01:27:09 [INFO] [OctoBans] aexraptorz sql checked, record: spammp by Remil to -1
07-12-17 03:01:19 [INFO] [OctoBans] xxdubeskillsxx sql checked, record: spammp by FamousxRay to -1
07-12-17 06:01:02 [INFO] [OctoBans] Disabling OctoBans v1.0
