04-12-17 22:31:42 [INFO] [OctoBans] File Handler successfully initialized!
04-12-17 22:31:42 [INFO] [OctoBans] SQL connection successfully etablished
04-12-17 22:31:42 [INFO] [OctoBans] Moderator Tools by Octonia.
04-12-17 22:31:47 [INFO] [OctoBans] fabio sql checked, record: spammp by Remil to -1
04-12-17 22:31:47 [INFO] [OctoBans] fabio sql checked, record: spammp by FamousxRay to -1
04-12-17 22:31:47 [INFO] [OctoBans] fabio sql checked, record: insultegrave by OCIP_Matth to 1512625688
04-12-17 22:31:47 [INFO] [OctoBans] fabio sql checked, record: spammp by OCIP_Matth to -1
04-12-17 22:31:47 [INFO] [OctoBans] shimo_ sql checked, record: faussesinfos by OCIP_Matth to 1512424023
04-12-17 22:31:47 [INFO] [OctoBans] mega_fuzion sql checked, record: spammp by LeRe to -1
04-12-17 22:31:47 [INFO] [OctoBans] _theodu13_ sql checked, record: spammp by FamousxRay to -1
04-12-17 22:31:47 [INFO] [OctoBans] _theodu13_ sql checked, record: provocation by EW3L to 1512424360
04-12-17 22:31:51 [INFO] [OctoBans] xxdubeskillsxx sql checked, record: spammp by FamousxRay to -1
04-12-17 22:31:51 [INFO] [OctoBans] nrgx_sh4d0w sql checked, record: spammp by NeyTox to -1
04-12-17 22:32:05 [INFO] [OctoBans] darkmen25 sql checked, record: spammp by LaKitaw to -1
04-12-17 22:32:06 [INFO] [OctoBans] jesuislepepsi sql checked, record: spammp by Remil to -1
04-12-17 22:32:12 [INFO] [OctoBans] zlkayzen sql checked, record: provocation by yeti2001vd to 1512428492
04-12-17 22:32:18 [INFO] [OctoBans] kakakiki sql checked, record: spammp by ToXiCz_TV to -1
04-12-17 22:32:18 [INFO] [OctoBans] kakakiki sql checked, record: insulte by ToXiCz_TV to 1512439514
04-12-17 22:32:20 [INFO] [OctoBans] oow_ll sql checked, record: doubleposte by EW3L to 1512423685
04-12-17 22:32:58 [INFO] [OctoBans] romudu269 sql checked, record: provocation by YTB_XxKarnageXx to 1512427980
04-12-17 22:32:58 [INFO] [OctoBans] romudu269 sql checked, record: provocation by Evolze to 1512430414
04-12-17 22:33:10 [INFO] [OctoBans] noirafricain sql checked, record: spammp by Zoseq to -1
04-12-17 22:33:10 [INFO] [OctoBans] noirafricain sql checked, record: spammp by EW3L to -1
04-12-17 22:33:10 [INFO] [OctoBans] noirafricain sql checked, record: spammp by EW3L to -1
04-12-17 22:33:36 [INFO] [OctoBans] yeti2001vd sql checked, record: menacehack by An0m4lly to 1512682200
04-12-17 22:34:07 [INFO] [OctoBans] blackwhite010 sql checked, record: spammp by drbrine to -1
04-12-17 22:34:07 [INFO] [OctoBans] blackwhite010 sql checked, record: spammp by drbrine to -1
04-12-17 22:34:07 [INFO] [OctoBans] blackwhite010 sql checked, record: spammp by drbrine to -1
04-12-17 22:34:07 [INFO] [OctoBans] blackwhite010 sql checked, record: spammp by woimant to -1
04-12-17 22:35:18 [INFO] [OctoBans] zarteck09 sql checked, record: insultegrave by drbrine to 1512432466
04-12-17 22:35:45 [INFO] [OctoBans] kimoli sql checked, record: spammp by NeyTox to -1
04-12-17 22:35:45 [INFO] [OctoBans] kimoli sql checked, record: spammp by NeyTox to -1
04-12-17 22:35:45 [INFO] [OctoBans] kimoli sql checked, record: spammp by NeyTox to -1
04-12-17 22:35:45 [INFO] [OctoBans] kimoli sql checked, record: spammp by NeyTox to -1
04-12-17 22:35:45 [INFO] [OctoBans] kimoli sql checked, record: spammp by NeyTox to -1
04-12-17 22:35:45 [INFO] [OctoBans] kimoli sql checked, record: spammp by NeyTox to -1
04-12-17 22:35:45 [INFO] [OctoBans] kimoli sql checked, record: spammp by NeyTox to -1
04-12-17 22:35:45 [INFO] [OctoBans] kimoli sql checked, record: spammp by NeyTox to -1
04-12-17 22:35:45 [INFO] [OctoBans] kimoli sql checked, record: spammp by NeyTox to -1
04-12-17 22:35:45 [INFO] [OctoBans] kimoli sql checked, record: spammp by Remil to -1
04-12-17 22:35:45 [INFO] [OctoBans] kimoli sql checked, record: spammp by OCIP_Matth to -1
04-12-17 22:35:45 [INFO] [OctoBans] kimoli sql checked, record: spammp by YTB_XxKarnageXx to -1
04-12-17 22:35:45 [INFO] [OctoBans] kimoli sql checked, record: spammp by YTB_XxKarnageXx to -1
04-12-17 22:35:45 [INFO] [OctoBans] kimoli sql checked, record: spammp by YTB_XxKarnageXx to -1
04-12-17 22:35:45 [INFO] [OctoBans] kimoli sql checked, record: doubleposte by EW3L to 1512426118
04-12-17 22:35:45 [INFO] [OctoBans] kimoli sql checked, record: insulte by EW3L to 1512425590
04-12-17 22:36:56 [INFO] [OctoBans] the_slash sql checked, record: spammp by pepedjo to -1
04-12-17 22:36:56 [INFO] [OctoBans] the_slash sql checked, record: spammp by drbrine to -1
04-12-17 22:39:47 [INFO] [OctoBans] grenousse_pvp sql checked, record: spammp by SmooKeur to -1
04-12-17 22:40:45 [INFO] [OctoBans] LaKitaw punished kakakiki for: TpKill
04-12-17 22:41:00 [INFO] [OctoBans] racid sql checked, record: insultegrave by Zayrox29 to 1512492262
04-12-17 22:42:26 [INFO] [OctoBans] pepsicoca sql checked, record: insultegrave by FiasK0 to 1512426801
04-12-17 22:44:37 [INFO] [OctoBans] newrdk sql checked, record: spammp by ToXiCz_TV to -1
04-12-17 22:45:20 [INFO] [OctoBans] LaKitaw punished kakakiki for: TpKill
04-12-17 22:48:19 [INFO] [OctoBans] kakakiki sql checked, record: spammp by ToXiCz_TV to -1
04-12-17 22:48:19 [INFO] [OctoBans] kakakiki sql checked, record: insulte by ToXiCz_TV to 1512439514
04-12-17 22:48:19 [INFO] [OctoBans] kakakiki sql checked, record: tpkill by LaKitaw to 1512596445
04-12-17 22:48:19 [INFO] [OctoBans] kakakiki sql checked, record: tpkill by LaKitaw to 1512683120
04-12-17 22:49:09 [INFO] [OctoBans] kakakiki sql checked, record: spammp by ToXiCz_TV to -1
04-12-17 22:49:09 [INFO] [OctoBans] kakakiki sql checked, record: insulte by ToXiCz_TV to 1512439514
04-12-17 22:49:09 [INFO] [OctoBans] kakakiki sql checked, record: tpkill by LaKitaw to 1512596445
04-12-17 22:49:09 [INFO] [OctoBans] kakakiki sql checked, record: tpkill by LaKitaw to 1512683120
04-12-17 22:49:20 [INFO] [OctoBans] kakakiki sql checked, record: spammp by ToXiCz_TV to -1
04-12-17 22:49:20 [INFO] [OctoBans] kakakiki sql checked, record: insulte by ToXiCz_TV to 1512439514
04-12-17 22:49:20 [INFO] [OctoBans] kakakiki sql checked, record: tpkill by LaKitaw to 1512596445
04-12-17 22:49:20 [INFO] [OctoBans] kakakiki sql checked, record: tpkill by LaKitaw to 1512683120
04-12-17 22:56:02 [INFO] [OctoBans] romudu269 sql checked, record: provocation by YTB_XxKarnageXx to 1512427980
04-12-17 22:56:02 [INFO] [OctoBans] romudu269 sql checked, record: provocation by Evolze to 1512430414
04-12-17 22:56:09 [INFO] [OctoBans] imkoozen sql checked, record: insultegrave by FamousxRay to 1512513229
04-12-17 22:57:13 [INFO] [OctoBans] LaKitaw punished virocl for: Double Poste
04-12-17 23:03:04 [INFO] [OctoBans] LaKitaw punished mayeul for: Spam/flood
04-12-17 23:05:17 [INFO] [OctoBans] Koeseb97 punished the_legends_62 for: Provocation
04-12-17 23:10:39 [INFO] [OctoBans] strikewail sql checked, record: spammp by LaKitaw to -1
04-12-17 23:10:39 [INFO] [OctoBans] strikewail sql checked, record: spammp by LaKitaw to -1
04-12-17 23:10:39 [INFO] [OctoBans] strikewail sql checked, record: spammp by FiasK0 to -1
04-12-17 23:10:39 [INFO] [OctoBans] strikewail sql checked, record: spammp by LeRe to -1
04-12-17 23:10:39 [INFO] [OctoBans] strikewail sql checked, record: floodmp by NiceFR to -1
04-12-17 23:10:39 [INFO] [OctoBans] strikewail sql checked, record: spammp by Zoseq to -1
04-12-17 23:10:39 [INFO] [OctoBans] strikewail sql checked, record: spammp by LaKitaw to -1
04-12-17 23:10:39 [INFO] [OctoBans] strikewail sql checked, record: spammp by PoukoaMoa to -1
04-12-17 23:10:39 [INFO] [OctoBans] strikewail sql checked, record: spammp by tinmar to -1
04-12-17 23:10:39 [INFO] [OctoBans] strikewail sql checked, record: insultegrave by FamousxRay to 1512582992
04-12-17 23:10:39 [INFO] [OctoBans] strikewail sql checked, record: insultegrave by FamousxRay to 1512619030
04-12-17 23:15:57 [INFO] [OctoBans] imkoozen sql checked, record: insultegrave by FamousxRay to 1512513229
04-12-17 23:17:52 [INFO] [OctoBans] xx_after_xx sql checked, record: spammp by FiasK0 to -1
04-12-17 23:19:02 [INFO] [OctoBans] yeti2001vd punished the_slash for: Double Poste
04-12-17 23:19:35 [INFO] [OctoBans] Koeseb97 punished killerstan24 for: Spam/flood en MP
04-12-17 23:20:09 [INFO] [OctoBans] Koeseb97 punished killerstan24 for: Spam/flood en MP
04-12-17 23:20:59 [INFO] [OctoBans] OCIP_Matth punished killerstan24 for: TpKill
04-12-17 23:31:41 [INFO] [OctoBans] OCIP_Matth punished skybow for: Spam/flood
04-12-17 23:32:03 [INFO] [OctoBans] yeti2001vd punished johan22600 for: Spam/flood
04-12-17 23:32:34 [INFO] [OctoBans] yeti2001vd punished skybow for: Spam/flood en MP
04-12-17 23:33:42 [INFO] [OctoBans] FamousxRay punished xx_after_xx for: Double Poste
04-12-17 23:36:39 [INFO] [OctoBans] guezmann sql checked, record: spammp by infinitim to -1
04-12-17 23:36:39 [INFO] [OctoBans] guezmann sql checked, record: spammp by EGGSPLOSION to -1
04-12-17 23:36:39 [INFO] [OctoBans] guezmann sql checked, record: spammp by woimant to -1
04-12-17 23:36:39 [INFO] [OctoBans] FamousxRay punished lukas117 for: Double Poste
04-12-17 23:37:03 [INFO] [OctoBans] Koeseb97 punished lukas117 for: Spam/flood
04-12-17 23:38:15 [INFO] [OctoBans] FamousxRay punished guezmann for: Double Poste
04-12-17 23:39:30 [INFO] [OctoBans] algorskis_yt sql checked, record: spammp by SmooKeur to -1
04-12-17 23:45:39 [INFO] [OctoBans] aexraptorz sql checked, record: spammp by Remil to -1
04-12-17 23:49:30 [INFO] [OctoBans] yeti2001vd punished smookeur for: Pub serveur
04-12-17 23:56:14 [INFO] [OctoBans] drbrine punished viktorbuza for: Insulte
05-12-17 00:05:05 [INFO] [OctoBans] firexpower666_ sql checked, record: spammp by tinmar to -1
05-12-17 00:07:04 [INFO] [OctoBans] SmooKeur punished darkmen25 for: Spam/flood en MP
05-12-17 00:09:29 [INFO] [OctoBans] SmooKeur punished mayeul for: Spam/flood en MP
05-12-17 00:23:02 [INFO] [OctoBans] imkoozen sql checked, record: insultegrave by FamousxRay to 1512513229
05-12-17 00:27:05 [INFO] [OctoBans] vagosts sql checked, record: spammp by yeti2001vd to -1
05-12-17 00:27:05 [INFO] [OctoBans] vagosts sql checked, record: spammp by FamousxRay to -1
05-12-17 00:29:14 [INFO] [OctoBans] SmooKeur punished nrgx_sh4d0w for: Insulte grave
05-12-17 00:29:26 [INFO] [OctoBans] SmooKeur punished the_slash for: Insulte staff
05-12-17 00:30:02 [INFO] [OctoBans] zarteck09 sql checked, record: insultegrave by drbrine to 1512432466
05-12-17 00:30:48 [INFO] [OctoBans] romudu269 sql checked, record: provocation by Evolze to 1512430414
05-12-17 00:31:09 [INFO] [OctoBans] smookeur sql checked, record: pubsrv by yeti2001vd to 1512431370
05-12-17 00:31:09 [INFO] [OctoBans] smookeur sql checked, record: spammp by SmooKeur to -1
05-12-17 00:31:09 [INFO] [OctoBans] smookeur sql checked, record: doubleposte by SmooKeur to 1508686029
05-12-17 00:31:09 [INFO] [OctoBans] smookeur sql checked, record: incitationflood by SmooKeur to 1508772147
05-12-17 00:31:09 [INFO] [OctoBans] smookeur sql checked, record: incitationflood by SmooKeur to 1508772158
05-12-17 00:31:09 [INFO] [OctoBans] smookeur sql checked, record: spammp by SmooKeur to -1
05-12-17 00:31:09 [INFO] [OctoBans] smookeur sql checked, record: incitationflood by SmooKeur to 1508773461
05-12-17 00:31:09 [INFO] [OctoBans] smookeur sql checked, record: doubleposte by SmooKeur to 1508688246
05-12-17 00:31:09 [INFO] [OctoBans] smookeur sql checked, record: doubleposte by SmooKeur to 1508688256
05-12-17 00:31:09 [INFO] [OctoBans] smookeur sql checked, record: pubyt by SmooKeur to 1508691613
05-12-17 00:31:09 [INFO] [OctoBans] smookeur sql checked, record: majuscule by SmooKeur to 1508688702
05-12-17 00:31:09 [INFO] [OctoBans] smookeur sql checked, record: doubleposte by SmooKeur to 1508688458
05-12-17 00:31:09 [INFO] [OctoBans] smookeur sql checked, record: majuscule by SmooKeur to 1508688904
05-12-17 00:31:09 [INFO] [OctoBans] smookeur sql checked, record: doubleposte by SmooKeur to 1508688681
05-12-17 00:31:09 [INFO] [OctoBans] smookeur sql checked, record: racism by SmooKeur to 1508774789
05-12-17 00:31:09 [INFO] [OctoBans] smookeur sql checked, record: pubyt by SmooKeur to 1508692096
05-12-17 00:31:09 [INFO] [OctoBans] smookeur sql checked, record: pubyt by SmooKeur to 1508692146
05-12-17 00:31:09 [INFO] [OctoBans] smookeur sql checked, record: tpkill by SmooKeur to 1508775000
05-12-17 00:31:09 [INFO] [OctoBans] smookeur sql checked, record: faussesinfos by SmooKeur to 1508775025
05-12-17 00:31:09 [INFO] [OctoBans] smookeur sql checked, record: majuscule by SmooKeur to 1508689245
05-12-17 00:31:09 [INFO] [OctoBans] smookeur sql checked, record: majuscule by SmooKeur to 1508689259
05-12-17 00:31:09 [INFO] [OctoBans] smookeur sql checked, record: spam by SmooKeur to 1508692300
05-12-17 00:31:09 [INFO] [OctoBans] smookeur sql checked, record: doubleposte by SmooKeur to 1508689215
05-12-17 00:31:09 [INFO] [OctoBans] smookeur sql checked, record: majuscule by SmooKeur to 1508689574
05-12-17 00:31:09 [INFO] [OctoBans] smookeur sql checked, record: spammp by SmooKeur to -1
05-12-17 00:31:09 [INFO] [OctoBans] smookeur sql checked, record: majuscule by SmooKeur to 1508690294
05-12-17 00:31:09 [INFO] [OctoBans] smookeur sql checked, record: doubleposte by SmooKeur to 1508752124
05-12-17 00:31:09 [INFO] [OctoBans] smookeur sql checked, record: pubyt by SmooKeur to 1508755447
05-12-17 00:31:09 [INFO] [OctoBans] smookeur sql checked, record: doubleposte by SmooKeur to 1508752162
05-12-17 00:31:09 [INFO] [OctoBans] smookeur sql checked, record: majuscule by SmooKeur to 1508752656
05-12-17 00:31:09 [INFO] [OctoBans] smookeur sql checked, record: majuscule by SmooKeur to 1508752668
05-12-17 00:31:09 [INFO] [OctoBans] smookeur sql checked, record: insulte by SmooKeur to 1508754939
05-12-17 00:31:09 [INFO] [OctoBans] smookeur sql checked, record: spam by SmooKeur to 1508755873
05-12-17 00:31:09 [INFO] [OctoBans] smookeur sql checked, record: doubleposte by SmooKeur to 1508753061
05-12-17 00:31:09 [INFO] [OctoBans] smookeur sql checked, record: majuscule by SmooKeur to 1508753089
05-12-17 00:31:09 [INFO] [OctoBans] smookeur sql checked, record: tpkill by SmooKeur to 1508838932
05-12-17 00:31:09 [INFO] [OctoBans] smookeur sql checked, record: doubleposte by SmooKeur to 1508753751
05-12-17 00:31:09 [INFO] [OctoBans] smookeur sql checked, record: insulte by SmooKeur to 1508758065
05-12-17 00:31:09 [INFO] [OctoBans] smookeur sql checked, record: majuscule by SmooKeur to 1508753505
05-12-17 00:31:09 [INFO] [OctoBans] smookeur sql checked, record: majuscule by SmooKeur to 1508753815
05-12-17 00:31:09 [INFO] [OctoBans] smookeur sql checked, record: doubleposte by SmooKeur to 1508753730
05-12-17 00:31:09 [INFO] [OctoBans] smookeur sql checked, record: pubyt by SmooKeur to 1508757259
05-12-17 00:31:09 [INFO] [OctoBans] smookeur sql checked, record: majuscule by SmooKeur to 1508754319
05-12-17 00:31:09 [INFO] [OctoBans] smookeur sql checked, record: pubyt by SmooKeur to 1508757527
05-12-17 00:31:09 [INFO] [OctoBans] smookeur sql checked, record: majuscule by SmooKeur to 1508754563
05-12-17 00:31:09 [INFO] [OctoBans] smookeur sql checked, record: majuscule by SmooKeur to 1508755872
05-12-17 00:31:09 [INFO] [OctoBans] smookeur sql checked, record: majuscule by SmooKeur to 1508756022
05-12-17 00:31:09 [INFO] [OctoBans] smookeur sql checked, record: spammp by SmooKeur to -1
05-12-17 00:31:09 [INFO] [OctoBans] smookeur sql checked, record: tpkill by SmooKeur to 1508842398
05-12-17 00:31:09 [INFO] [OctoBans] smookeur sql checked, record: spam by SmooKeur to 1508760241
05-12-17 00:31:09 [INFO] [OctoBans] smookeur sql checked, record: majuscule by SmooKeur to 1508757466
05-12-17 00:31:09 [INFO] [OctoBans] smookeur sql checked, record: majuscule by SmooKeur to 1508757552
05-12-17 00:31:09 [INFO] [OctoBans] smookeur sql checked, record: majuscule by SmooKeur to 1508758669
05-12-17 00:31:09 [INFO] [OctoBans] smookeur sql checked, record: incitationflood by SmooKeur to 1508843980
05-12-17 00:31:09 [INFO] [OctoBans] smookeur sql checked, record: incitationflood by SmooKeur to 1508844005
05-12-17 00:31:09 [INFO] [OctoBans] smookeur sql checked, record: doubleposte by SmooKeur to 1508758529
05-12-17 00:31:09 [INFO] [OctoBans] smookeur sql checked, record: majuscule by SmooKeur to 1508760333
05-12-17 00:31:09 [INFO] [OctoBans] smookeur sql checked, record: langage by SmooKeur to 1508761664
05-12-17 00:31:09 [INFO] [OctoBans] smookeur sql checked, record: majuscule by SmooKeur to 1508761679
05-12-17 00:31:09 [INFO] [OctoBans] smookeur sql checked, record: tpkill by SmooKeur to 1508847965
05-12-17 00:31:09 [INFO] [OctoBans] smookeur sql checked, record: majuscule by SmooKeur to 1508762478
05-12-17 00:31:09 [INFO] [OctoBans] smookeur sql checked, record: majuscule by SmooKeur to 1508762585
05-12-17 00:31:09 [INFO] [OctoBans] smookeur sql checked, record: tpkill by SmooKeur to 1508849733
05-12-17 00:31:09 [INFO] [OctoBans] smookeur sql checked, record: spammp by SmooKeur to -1
05-12-17 00:31:09 [INFO] [OctoBans] smookeur sql checked, record: menacehack by SmooKeur to 1509023833
05-12-17 00:31:09 [INFO] [OctoBans] smookeur sql checked, record: majuscule by SmooKeur to 1508766459
05-12-17 00:31:09 [INFO] [OctoBans] smookeur sql checked, record: majuscule by SmooKeur to 1508766501
05-12-17 00:31:09 [INFO] [OctoBans] smookeur sql checked, record: doubleposte by SmooKeur to 1508766596
05-12-17 00:31:09 [INFO] [OctoBans] smookeur sql checked, record: doubleposte by SmooKeur to 1508766973
05-12-17 00:31:09 [INFO] [OctoBans] smookeur sql checked, record: faussesinfos by SmooKeur to 1508852894
05-12-17 00:31:09 [INFO] [OctoBans] smookeur sql checked, record: majuscule by SmooKeur to 1508768029
05-12-17 00:31:09 [INFO] [OctoBans] smookeur sql checked, record: majuscule by SmooKeur to 1508768052
05-12-17 00:31:09 [INFO] [OctoBans] smookeur sql checked, record: doubleposte by SmooKeur to 1508768230
05-12-17 00:31:09 [INFO] [OctoBans] smookeur sql checked, record: majuscule by SmooKeur to 1508769251
05-12-17 00:31:09 [INFO] [OctoBans] smookeur sql checked, record: incitationflood by SmooKeur to 1508855323
05-12-17 00:31:09 [INFO] [OctoBans] smookeur sql checked, record: insultegrave by SmooKeur to 1508804980
05-12-17 00:31:09 [INFO] [OctoBans] smookeur sql checked, record: spammp by SmooKeur to -1
05-12-17 00:31:09 [INFO] [OctoBans] smookeur sql checked, record: doubleposte by SmooKeur to 1508769816
05-12-17 00:31:09 [INFO] [OctoBans] smookeur sql checked, record: multicompte by SmooKeur to -1
05-12-17 00:31:09 [INFO] [OctoBans] smookeur sql checked, record: doubleposte by SmooKeur to 1508771107
05-12-17 00:31:09 [INFO] [OctoBans] smookeur sql checked, record: langage by SmooKeur to 1508771807
05-12-17 00:31:09 [INFO] [OctoBans] smookeur sql checked, record: majuscule by SmooKeur to 1508771948
05-12-17 00:31:09 [INFO] [OctoBans] smookeur sql checked, record: doubleposte by SmooKeur to 1508773026
05-12-17 00:31:09 [INFO] [OctoBans] smookeur sql checked, record: doubleposte by SmooKeur to 1508773843
05-12-17 00:31:09 [INFO] [OctoBans] smookeur sql checked, record: majuscule by SmooKeur to 1508773986
05-12-17 00:31:09 [INFO] [OctoBans] smookeur sql checked, record: doubleposte by SmooKeur to 1508774991
05-12-17 00:31:09 [INFO] [OctoBans] smookeur sql checked, record: majuscule by SmooKeur to 1508775777
05-12-17 00:31:09 [INFO] [OctoBans] smookeur sql checked, record: majuscule by SmooKeur to 1508775786
05-12-17 00:31:09 [INFO] [OctoBans] smookeur sql checked, record: doubleposte by SmooKeur to 1508775592
05-12-17 00:31:09 [INFO] [OctoBans] smookeur sql checked, record: doubleposte by SmooKeur to 1508776451
05-12-17 00:31:09 [INFO] [OctoBans] smookeur sql checked, record: doubleposte by SmooKeur to 1508777653
05-12-17 00:31:09 [INFO] [OctoBans] smookeur sql checked, record: spammp by SmooKeur to -1
05-12-17 00:31:09 [INFO] [OctoBans] smookeur sql checked, record: majuscule by SmooKeur to 1508781843
05-12-17 00:31:09 [INFO] [OctoBans] smookeur sql checked, record: spammp by SmooKeur to -1
05-12-17 00:31:09 [INFO] [OctoBans] smookeur sql checked, record: langage by SmooKeur to 1508782527
05-12-17 00:31:09 [INFO] [OctoBans] smookeur sql checked, record: langage by SmooKeur to 1508782787
05-12-17 00:31:09 [INFO] [OctoBans] smookeur sql checked, record: majuscule by SmooKeur to 1508783187
05-12-17 00:31:09 [INFO] [OctoBans] smookeur sql checked, record: pubyt by SmooKeur to 1508786878
05-12-17 00:31:09 [INFO] [OctoBans] smookeur sql checked, record: doubleposte by SmooKeur to 1508783624
05-12-17 00:31:09 [INFO] [OctoBans] smookeur sql checked, record: doubleposte by SmooKeur to 1508784418
05-12-17 00:31:09 [INFO] [OctoBans] smookeur sql checked, record: doubleposte by SmooKeur to 1508784761
05-12-17 00:31:09 [INFO] [OctoBans] smookeur sql checked, record: doubleposte by SmooKeur to 1508785248
05-12-17 00:31:09 [INFO] [OctoBans] smookeur sql checked, record: majuscule by SmooKeur to 1508785858
05-12-17 00:31:09 [INFO] [OctoBans] smookeur sql checked, record: insulte by SmooKeur to 1508787990
05-12-17 00:31:09 [INFO] [OctoBans] smookeur sql checked, record: insulte by SmooKeur to 1508788098
05-12-17 00:31:09 [INFO] [OctoBans] smookeur sql checked, record: menacehack by SmooKeur to 1509047637
05-12-17 00:31:09 [INFO] [OctoBans] smookeur sql checked, record: tpkill by SmooKeur to 1508875013
05-12-17 00:31:09 [INFO] [OctoBans] smookeur sql checked, record: doubleposte by SmooKeur to 1508789379
05-12-17 00:31:09 [INFO] [OctoBans] smookeur sql checked, record: spam by SmooKeur to 1508792581
05-12-17 00:31:09 [INFO] [OctoBans] smookeur sql checked, record: faussesinfos by SmooKeur to 1508877860
05-12-17 00:31:09 [INFO] [OctoBans] smookeur sql checked, record: provocation by SmooKeur to 1508791812
05-12-17 00:31:09 [INFO] [OctoBans] smookeur sql checked, record: faussesinfos by SmooKeur to 1508878747
05-12-17 00:31:09 [INFO] [OctoBans] smookeur sql checked, record: doubleposte by SmooKeur to 1508792862
05-12-17 00:31:09 [INFO] [OctoBans] smookeur sql checked, record: majuscule by SmooKeur to 1508794348
05-12-17 00:31:09 [INFO] [OctoBans] smookeur sql checked, record: majuscule by SmooKeur to 1508796898
05-12-17 00:31:09 [INFO] [OctoBans] smookeur sql checked, record: majuscule by SmooKeur to 1508796747
05-12-17 00:31:09 [INFO] [OctoBans] smookeur sql checked, record: multicompte by SmooKeur to -1
05-12-17 00:31:09 [INFO] [OctoBans] smookeur sql checked, record: multicompte by SmooKeur to -1
05-12-17 00:31:09 [INFO] [OctoBans] smookeur sql checked, record: multicompte by SmooKeur to -1
05-12-17 00:31:09 [INFO] [OctoBans] smookeur sql checked, record: multicompte by SmooKeur to -1
05-12-17 00:31:09 [INFO] [OctoBans] smookeur sql checked, record: doubleposte by SmooKeur to 1509119147
05-12-17 00:31:09 [INFO] [OctoBans] smookeur sql checked, record: multicompte by SmooKeur to -1
05-12-17 00:31:09 [INFO] [OctoBans] smookeur sql checked, record: provocation by SmooKeur to 1509119714
05-12-17 00:31:09 [INFO] [OctoBans] smookeur sql checked, record: tpkill by SmooKeur to 1509205849
05-12-17 00:31:09 [INFO] [OctoBans] smookeur sql checked, record: multicompte by SmooKeur to -1
05-12-17 00:31:09 [INFO] [OctoBans] smookeur sql checked, record: spammp by SmooKeur to -1
05-12-17 00:31:09 [INFO] [OctoBans] smookeur sql checked, record: spammp by SmooKeur to -1
05-12-17 00:31:09 [INFO] [OctoBans] smookeur sql checked, record: doubleposte by SmooKeur to 1509123626
05-12-17 00:31:09 [INFO] [OctoBans] smookeur sql checked, record: insulte by SmooKeur to 1509126251
05-12-17 00:31:09 [INFO] [OctoBans] smookeur sql checked, record: doubleposte by SmooKeur to 1509124322
05-12-17 00:31:09 [INFO] [OctoBans] smookeur sql checked, record: doubleposte by SmooKeur to 1509124029
05-12-17 00:31:09 [INFO] [OctoBans] smookeur sql checked, record: doubleposte by SmooKeur to 1509124042
05-12-17 00:31:09 [INFO] [OctoBans] smookeur sql checked, record: doubleposte by SmooKeur to 1509124048
05-12-17 00:31:09 [INFO] [OctoBans] smookeur sql checked, record: doubleposte by SmooKeur to 1509124359
05-12-17 00:31:09 [INFO] [OctoBans] smookeur sql checked, record: doubleposte by SmooKeur to 1509124078
05-12-17 00:31:09 [INFO] [OctoBans] smookeur sql checked, record: tpkill by SmooKeur to 1509282581
05-12-17 00:31:09 [INFO] [OctoBans] smookeur sql checked, record: majuscule by SmooKeur to 1509197676
05-12-17 00:31:09 [INFO] [OctoBans] smookeur sql checked, record: spammp by SmooKeur to -1
05-12-17 00:31:09 [INFO] [OctoBans] smookeur sql checked, record: provocation by SmooKeur to 1509198310
05-12-17 00:31:09 [INFO] [OctoBans] smookeur sql checked, record: doubleposte by SmooKeur to 1509198830
05-12-17 00:31:09 [INFO] [OctoBans] smookeur sql checked, record: pubyt by SmooKeur to 1509202011
05-12-17 00:31:09 [INFO] [OctoBans] smookeur sql checked, record: langage by SmooKeur to 1509200178
05-12-17 00:31:09 [INFO] [OctoBans] smookeur sql checked, record: doubleposte by SmooKeur to 1509199888
05-12-17 00:31:09 [INFO] [OctoBans] smookeur sql checked, record: majuscule by SmooKeur to 1509368019
05-12-17 00:31:09 [INFO] [OctoBans] smookeur sql checked, record: doubleposte by SmooKeur to 1509367798
05-12-17 00:31:09 [INFO] [OctoBans] smookeur sql checked, record: pubsrv by SmooKeur to 1509371197
05-12-17 00:31:09 [INFO] [OctoBans] smookeur sql checked, record: doubleposte by SmooKeur to 1509368466
05-12-17 00:31:09 [INFO] [OctoBans] smookeur sql checked, record: majuscule by SmooKeur to 1509369073
05-12-17 00:31:09 [INFO] [OctoBans] smookeur sql checked, record: menacehack by SmooKeur to 1509627587
05-12-17 00:31:09 [INFO] [OctoBans] smookeur sql checked, record: faussesinfos by SmooKeur to 1509458694
05-12-17 00:31:09 [INFO] [OctoBans] smookeur sql checked, record: doubleposte by SmooKeur to 1509372628
05-12-17 00:31:09 [INFO] [OctoBans] smookeur sql checked, record: faussesinfos by SmooKeur to 1509458762
05-12-17 00:31:09 [INFO] [OctoBans] smookeur sql checked, record: doubleposte by SmooKeur to 1509372998
05-12-17 00:31:09 [INFO] [OctoBans] smookeur sql checked, record: pubyt by SmooKeur to 1509376449
05-12-17 00:31:09 [INFO] [OctoBans] smookeur sql checked, record: spam by SmooKeur to 1509376453
05-12-17 00:31:09 [INFO] [OctoBans] smookeur sql checked, record: tpkill by SmooKeur to 1509459599
05-12-17 00:31:09 [INFO] [OctoBans] smookeur sql checked, record: majuscule by SmooKeur to 1509374412
05-12-17 00:31:09 [INFO] [OctoBans] smookeur sql checked, record: faussesinfos by SmooKeur to 1509459625
05-12-17 00:31:09 [INFO] [OctoBans] smookeur sql checked, record: tpkill by SmooKeur to 1509459680
05-12-17 00:31:09 [INFO] [OctoBans] smookeur sql checked, record: majuscule by SmooKeur to 1509374489
05-12-17 00:31:09 [INFO] [OctoBans] smookeur sql checked, record: faussesinfos by SmooKeur to 1509459706
05-12-17 00:31:09 [INFO] [OctoBans] smookeur sql checked, record: majuscule by SmooKeur to 1509373911
05-12-17 00:31:09 [INFO] [OctoBans] smookeur sql checked, record: insultegrave by SmooKeur to 1509445359
05-12-17 00:31:09 [INFO] [OctoBans] smookeur sql checked, record: pubyt by SmooKeur to 1509377248
05-12-17 00:31:09 [INFO] [OctoBans] smookeur sql checked, record: pubyt by SmooKeur to 1509377260
05-12-17 00:31:09 [INFO] [OctoBans] smookeur sql checked, record: spam by SmooKeur to 1509377315
05-12-17 00:31:09 [INFO] [OctoBans] smookeur sql checked, record: doubleposte by SmooKeur to 1509374108
05-12-17 00:31:09 [INFO] [OctoBans] smookeur sql checked, record: majuscule by SmooKeur to 1509374580
05-12-17 00:31:09 [INFO] [OctoBans] smookeur sql checked, record: spammp by SmooKeur to -1
05-12-17 00:31:09 [INFO] [OctoBans] smookeur sql checked, record: doubleposte by SmooKeur to 1509375389
05-12-17 00:31:09 [INFO] [OctoBans] smookeur sql checked, record: doubleposte by SmooKeur to 1509374952
05-12-17 00:31:09 [INFO] [OctoBans] smookeur sql checked, record: tpkill by SmooKeur to 1509461200
05-12-17 00:31:09 [INFO] [OctoBans] smookeur sql checked, record: faussesinfos by SmooKeur to 1509461227
05-12-17 00:31:09 [INFO] [OctoBans] smookeur sql checked, record: faussesinfos by SmooKeur to 1509461863
05-12-17 00:31:09 [INFO] [OctoBans] smookeur sql checked, record: doubleposte by SmooKeur to 1509376632
05-12-17 00:31:09 [INFO] [OctoBans] smookeur sql checked, record: doubleposte by SmooKeur to 1509376640
05-12-17 00:31:09 [INFO] [OctoBans] smookeur sql checked, record: provocation by SmooKeur to 1509378046
05-12-17 00:31:09 [INFO] [OctoBans] smookeur sql checked, record: doubleposte by SmooKeur to 1509377898
05-12-17 00:31:09 [INFO] [OctoBans] smookeur sql checked, record: doubleposte by SmooKeur to 1509378568
05-12-17 00:31:09 [INFO] [OctoBans] smookeur sql checked, record: provocation by SmooKeur to 1509381002
05-12-17 00:31:09 [INFO] [OctoBans] smookeur sql checked, record: doubleposte by SmooKeur to 1509378330
05-12-17 00:31:09 [INFO] [OctoBans] smookeur sql checked, record: insulte by SmooKeur to 1509380789
05-12-17 00:31:09 [INFO] [OctoBans] smookeur sql checked, record: majuscule by SmooKeur to 1509379463
05-12-17 00:31:09 [INFO] [OctoBans] smookeur sql checked, record: multicompte by SmooKeur to -1
05-12-17 00:31:09 [INFO] [OctoBans] smookeur sql checked, record: doubleposte by SmooKeur to 1509379497
05-12-17 00:31:09 [INFO] [OctoBans] smookeur sql checked, record: majuscule by SmooKeur to 1509379248
05-12-17 00:31:09 [INFO] [OctoBans] smookeur sql checked, record: majuscule by SmooKeur to 1509379253
05-12-17 00:31:09 [INFO] [OctoBans] smookeur sql checked, record: doubleposte by SmooKeur to 1509379691
05-12-17 00:31:09 [INFO] [OctoBans] smookeur sql checked, record: majuscule by SmooKeur to 1509379446
05-12-17 00:31:09 [INFO] [OctoBans] smookeur sql checked, record: spammp by SmooKeur to -1
05-12-17 00:31:09 [INFO] [OctoBans] smookeur sql checked, record: spammp by SmooKeur to -1
05-12-17 00:31:09 [INFO] [OctoBans] smookeur sql checked, record: langage by SmooKeur to 1509380618
05-12-17 00:31:09 [INFO] [OctoBans] smookeur sql checked, record: langage by SmooKeur to 1509380632
05-12-17 00:31:09 [INFO] [OctoBans] smookeur sql checked, record: doubleposte by SmooKeur to 1509380651
05-12-17 00:31:09 [INFO] [OctoBans] smookeur sql checked, record: doubleposte by SmooKeur to 1509380386
05-12-17 00:31:09 [INFO] [OctoBans] smookeur sql checked, record: spammp by SmooKeur to -1
05-12-17 00:31:09 [INFO] [OctoBans] smookeur sql checked, record: doubleposte by SmooKeur to 1509380622
05-12-17 00:31:09 [INFO] [OctoBans] smookeur sql checked, record: tpkill by SmooKeur to 1509467746
05-12-17 00:31:09 [INFO] [OctoBans] smookeur sql checked, record: faussesinfos by SmooKeur to 1509467767
05-12-17 00:31:09 [INFO] [OctoBans] smookeur sql checked, record: doubleposte by SmooKeur to 1509382177
05-12-17 00:31:09 [INFO] [OctoBans] smookeur sql checked, record: insulte by SmooKeur to 1509385348
05-12-17 00:31:09 [INFO] [OctoBans] smookeur sql checked, record: pubyt by SmooKeur to 1509389947
05-12-17 00:31:09 [INFO] [OctoBans] smookeur sql checked, record: majuscule by SmooKeur to 1509384062
05-12-17 00:31:09 [INFO] [OctoBans] smookeur sql checked, record: tpkill by SmooKeur to 1509469705
05-12-17 00:31:09 [INFO] [OctoBans] smookeur sql checked, record: faussesinfos by SmooKeur to 1509469731
05-12-17 00:31:09 [INFO] [OctoBans] smookeur sql checked, record: majuscule by SmooKeur to 1509384144
05-12-17 00:31:09 [INFO] [OctoBans] smookeur sql checked, record: tpkill by SmooKeur to 1509470175
05-12-17 00:31:09 [INFO] [OctoBans] smookeur sql checked, record: doubleposte by SmooKeur to 1509385021
05-12-17 00:31:09 [INFO] [OctoBans] smookeur sql checked, record: doubleposte by SmooKeur to 1509384188
05-12-17 00:31:09 [INFO] [OctoBans] smookeur sql checked, record: doubleposte by SmooKeur to 1509384197
05-12-17 00:31:09 [INFO] [OctoBans] smookeur sql checked, record: faussesinfos by SmooKeur to 1509556740
05-12-17 00:31:09 [INFO] [OctoBans] smookeur sql checked, record: tpkill by SmooKeur to 1509470369
05-12-17 00:31:09 [INFO] [OctoBans] smookeur sql checked, record: provocation by SmooKeur to 1509384348
05-12-17 00:31:09 [INFO] [OctoBans] smookeur sql checked, record: doubleposte by SmooKeur to 1509384740
05-12-17 00:31:09 [INFO] [OctoBans] smookeur sql checked, record: doubleposte by SmooKeur to 1509384851
05-12-17 00:31:09 [INFO] [OctoBans] smookeur sql checked, record: spam by SmooKeur to 1509388238
05-12-17 00:31:09 [INFO] [OctoBans] smookeur sql checked, record: faussesinfos by SmooKeur to 1509471066
05-12-17 00:31:09 [INFO] [OctoBans] smookeur sql checked, record: spam by SmooKeur to 1509388300
05-12-17 00:31:09 [INFO] [OctoBans] smookeur sql checked, record: spam by SmooKeur to 1509388310
05-12-17 00:31:09 [INFO] [OctoBans] smookeur sql checked, record: spam by SmooKeur to 1509388328
05-12-17 00:31:09 [INFO] [OctoBans] smookeur sql checked, record: langage by SmooKeur to 1509385437
05-12-17 00:31:09 [INFO] [OctoBans] smookeur sql checked, record: doubleposte by SmooKeur to 1509385144
05-12-17 00:31:09 [INFO] [OctoBans] smookeur sql checked, record: doubleposte by SmooKeur to 1509385201
05-12-17 00:31:09 [INFO] [OctoBans] smookeur sql checked, record: spam by SmooKeur to 1509388650
05-12-17 00:31:09 [INFO] [OctoBans] smookeur sql checked, record: spam by SmooKeur to 1509388656
05-12-17 00:31:09 [INFO] [OctoBans] smookeur sql checked, record: langage by SmooKeur to 1509385665
05-12-17 00:31:09 [INFO] [OctoBans] smookeur sql checked, record: insultelegere by SmooKeur to 1509386386
05-12-17 00:31:09 [INFO] [OctoBans] smookeur sql checked, record: spammp by SmooKeur to -1
05-12-17 00:31:09 [INFO] [OctoBans] smookeur sql checked, record: doubleposte by SmooKeur to 1509387480
05-12-17 00:31:09 [INFO] [OctoBans] smookeur sql checked, record: majuscule by SmooKeur to 1509388974
05-12-17 00:31:09 [INFO] [OctoBans] smookeur sql checked, record: majuscule by SmooKeur to 1509387827
05-12-17 00:31:09 [INFO] [OctoBans] smookeur sql checked, record: provocation by SmooKeur to 1509387921
05-12-17 00:31:09 [INFO] [OctoBans] smookeur sql checked, record: majuscule by SmooKeur to 1509388300
05-12-17 00:31:09 [INFO] [OctoBans] smookeur sql checked, record: langage by SmooKeur to 1509388782
05-12-17 00:31:09 [INFO] [OctoBans] smookeur sql checked, record: doubleposte by SmooKeur to 1509392605
05-12-17 00:31:09 [INFO] [OctoBans] smookeur sql checked, record: langage by SmooKeur to 1509391617
05-12-17 00:31:09 [INFO] [OctoBans] smookeur sql checked, record: majuscule by SmooKeur to 1509392934
05-12-17 00:31:09 [INFO] [OctoBans] smookeur sql checked, record: provocation by SmooKeur to 1509393531
05-12-17 00:31:09 [INFO] [OctoBans] smookeur sql checked, record: provocation by SmooKeur to 1509403200
05-12-17 00:31:09 [INFO] [OctoBans] smookeur sql checked, record: doubleposte by SmooKeur to 1509399012
05-12-17 00:31:09 [INFO] [OctoBans] smookeur sql checked, record: tpkill by SmooKeur to 1509485099
05-12-17 00:31:09 [INFO] [OctoBans] smookeur sql checked, record: faussesinfos by SmooKeur to 1509485119
05-12-17 00:31:09 [INFO] [OctoBans] smookeur sql checked, record: tpkill by SmooKeur to 1509487868
05-12-17 00:31:09 [INFO] [OctoBans] smookeur sql checked, record: spam by SmooKeur to 1509405815
05-12-17 00:31:09 [INFO] [OctoBans] smookeur sql checked, record: provocation by SmooKeur to 1509408898
05-12-17 00:31:09 [INFO] [OctoBans] smookeur sql checked, record: majuscule by SmooKeur to 1509404203
05-12-17 00:31:09 [INFO] [OctoBans] smookeur sql checked, record: doubleposte by SmooKeur to 1509446927
05-12-17 00:31:09 [INFO] [OctoBans] smookeur sql checked, record: faussesinfos by SmooKeur to 1509532477
05-12-17 00:31:09 [INFO] [OctoBans] smookeur sql checked, record: spam by SmooKeur to 1509449830
05-12-17 00:31:09 [INFO] [OctoBans] smookeur sql checked, record: insulte by SmooKeur to 1509449359
05-12-17 00:31:09 [INFO] [OctoBans] smookeur sql checked, record: faussesinfos by SmooKeur to 1509533150
05-12-17 00:31:09 [INFO] [OctoBans] smookeur sql checked, record: tpkill by SmooKeur to 1509533171
05-12-17 00:31:09 [INFO] [OctoBans] smookeur sql checked, record: faussesinfos by SmooKeur to 1509533601
05-12-17 00:31:09 [INFO] [OctoBans] smookeur sql checked, record: doubleposte by SmooKeur to 1509449651
05-12-17 00:31:09 [INFO] [OctoBans] smookeur sql checked, record: langage by SmooKeur to 1509715193
05-12-17 00:31:09 [INFO] [OctoBans] smookeur sql checked, record: spam by SmooKeur to 1509718214
05-12-17 00:31:09 [INFO] [OctoBans] smookeur sql checked, record: pubsrv by SmooKeur to 1509719128
05-12-17 00:31:09 [INFO] [OctoBans] smookeur sql checked, record: doubleposte by SmooKeur to 1509978606
05-12-17 00:31:09 [INFO] [OctoBans] smookeur sql checked, record: majuscule by SmooKeur to 1509979278
05-12-17 00:31:09 [INFO] [OctoBans] smookeur sql checked, record: provocation by SmooKeur to 1509981219
05-12-17 00:31:09 [INFO] [OctoBans] smookeur sql checked, record: spammp by SmooKeur to -1
05-12-17 00:31:09 [INFO] [OctoBans] smookeur sql checked, record: spammp by SmooKeur to -1
05-12-17 00:31:09 [INFO] [OctoBans] smookeur sql checked, record: trahisonforum by SmooKeur to -1
05-12-17 00:31:09 [INFO] [OctoBans] smookeur sql checked, record: doubleposte by SmooKeur to 1509982490
05-12-17 00:31:09 [INFO] [OctoBans] smookeur sql checked, record: doubleposte by SmooKeur to 1509984266
05-12-17 00:31:09 [INFO] [OctoBans] smookeur sql checked, record: doubleposte by SmooKeur to 1509982587
05-12-17 00:31:09 [INFO] [OctoBans] smookeur sql checked, record: doubleposte by SmooKeur to 1510578517
05-12-17 00:31:09 [INFO] [OctoBans] smookeur sql checked, record: insultestaff by SmooKeur to 1510613924
05-12-17 00:31:09 [INFO] [OctoBans] smookeur sql checked, record: spam by SmooKeur to 1510585715
05-12-17 00:31:09 [INFO] [OctoBans] smookeur sql checked, record: insulte by SmooKeur to 1510600740
05-12-17 00:31:09 [INFO] [OctoBans] smookeur sql checked, record: provocation by SmooKeur to 1510583962
05-12-17 00:31:09 [INFO] [OctoBans] smookeur sql checked, record: doubleposte by SmooKeur to 1510580779
05-12-17 00:31:09 [INFO] [OctoBans] smookeur sql checked, record: menacehack by SmooKeur to 1510839687
05-12-17 00:31:09 [INFO] [OctoBans] smookeur sql checked, record: insultegrave by SmooKeur to 1510619150
05-12-17 00:31:09 [INFO] [OctoBans] smookeur sql checked, record: doubleposte by SmooKeur to 1510587708
05-12-17 00:31:09 [INFO] [OctoBans] smookeur sql checked, record: doubleposte by SmooKeur to 1510588210
05-12-17 00:31:09 [INFO] [OctoBans] smookeur sql checked, record: majuscule by SmooKeur to 1510599012
05-12-17 00:31:09 [INFO] [OctoBans] smookeur sql checked, record: doubleposte by SmooKeur to 1510595897
05-12-17 00:31:09 [INFO] [OctoBans] smookeur sql checked, record: doubleposte by SmooKeur to 1510597104
05-12-17 00:31:09 [INFO] [OctoBans] smookeur sql checked, record: doubleposte by SmooKeur to 1510597035
05-12-17 00:31:09 [INFO] [OctoBans] smookeur sql checked, record: langage by SmooKeur to 1510597354
05-12-17 00:31:09 [INFO] [OctoBans] smookeur sql checked, record: majuscule by SmooKeur to 1510598024
05-12-17 00:31:09 [INFO] [OctoBans] smookeur sql checked, record: arnaqueforum by SmooKeur to -1
05-12-17 00:31:09 [INFO] [OctoBans] smookeur sql checked, record: spam by SmooKeur to 1510610084
05-12-17 00:31:09 [INFO] [OctoBans] smookeur sql checked, record: tpkill by SmooKeur to 1511532600
05-12-17 00:31:09 [INFO] [OctoBans] smookeur sql checked, record: doubleposte by SmooKeur to 1511361013
05-12-17 00:31:09 [INFO] [OctoBans] smookeur sql checked, record: faussesinfos by SmooKeur to 1511446260
05-12-17 00:31:09 [INFO] [OctoBans] smookeur sql checked, record: multicompte by SmooKeur to -1
05-12-17 00:31:09 [INFO] [OctoBans] smookeur sql checked, record: multicompte by SmooKeur to -1
05-12-17 00:31:09 [INFO] [OctoBans] smookeur sql checked, record: multicompte by SmooKeur to -1
05-12-17 00:31:09 [INFO] [OctoBans] smookeur sql checked, record: multicompte by SmooKeur to -1
05-12-17 00:31:09 [INFO] [OctoBans] smookeur sql checked, record: multicompte by SmooKeur to -1
05-12-17 00:31:09 [INFO] [OctoBans] smookeur sql checked, record: multicompte by SmooKeur to -1
05-12-17 00:31:09 [INFO] [OctoBans] smookeur sql checked, record: doubleposte by SmooKeur to 1511361478
05-12-17 00:31:09 [INFO] [OctoBans] smookeur sql checked, record: doubleposte by SmooKeur to 1511362720
05-12-17 00:31:09 [INFO] [OctoBans] smookeur sql checked, record: majuscule by SmooKeur to 1511364587
05-12-17 00:31:09 [INFO] [OctoBans] smookeur sql checked, record: racism by SmooKeur to 1511451481
05-12-17 00:31:09 [INFO] [OctoBans] smookeur sql checked, record: provocation by SmooKeur to 1511370933
05-12-17 00:31:09 [INFO] [OctoBans] smookeur sql checked, record: majuscule by SmooKeur to 1511367949
05-12-17 00:31:09 [INFO] [OctoBans] smookeur sql checked, record: doubleposte by SmooKeur to 1511370357
05-12-17 00:31:09 [INFO] [OctoBans] smookeur sql checked, record: majuscule by SmooKeur to 1511370847
05-12-17 00:31:09 [INFO] [OctoBans] smookeur sql checked, record: arnaqueforum by SmooKeur to -1
05-12-17 00:31:09 [INFO] [OctoBans] smookeur sql checked, record: doubleposte by SmooKeur to 1511374855
05-12-17 00:31:09 [INFO] [OctoBans] smookeur sql checked, record: doubleposte by SmooKeur to 1511386782
05-12-17 00:31:09 [INFO] [OctoBans] smookeur sql checked, record: doubleposte by SmooKeur to 1511385961
05-12-17 00:31:09 [INFO] [OctoBans] smookeur sql checked, record: doubleposte by SmooKeur to 1511386676
05-12-17 00:31:09 [INFO] [OctoBans] smookeur sql checked, record: doubleposte by SmooKeur to 1511634842
05-12-17 00:31:09 [INFO] [OctoBans] smookeur sql checked, record: doubleposte by SmooKeur to 1511639331
05-12-17 00:31:09 [INFO] [OctoBans] smookeur sql checked, record: faussesinfos by SmooKeur to 1511723125
05-12-17 00:31:09 [INFO] [OctoBans] smookeur sql checked, record: doubleposte by SmooKeur to 1511640458
05-12-17 00:31:09 [INFO] [OctoBans] smookeur sql checked, record: faussesinfos by SmooKeur to 1511777695
05-12-17 00:31:09 [INFO] [OctoBans] smookeur sql checked, record: tpkill by SmooKeur to 1511777721
05-12-17 00:31:09 [INFO] [OctoBans] smookeur sql checked, record: doubleposte by SmooKeur to 1511700460
05-12-17 00:31:09 [INFO] [OctoBans] smookeur sql checked, record: faussesinfos by SmooKeur to 1511780228
05-12-17 00:31:09 [INFO] [OctoBans] smookeur sql checked, record: tpkill by SmooKeur to 1511953049
05-12-17 00:31:09 [INFO] [OctoBans] smookeur sql checked, record: tpkill by SmooKeur to 1511788903
05-12-17 00:31:09 [INFO] [OctoBans] smookeur sql checked, record: majuscule by SmooKeur to 1511707698
05-12-17 00:31:09 [INFO] [OctoBans] smookeur sql checked, record: doubleposte by SmooKeur to 1511882565
05-12-17 00:31:09 [INFO] [OctoBans] smookeur sql checked, record: faussesinfos by SmooKeur to 1511968843
05-12-17 00:31:09 [INFO] [OctoBans] smookeur sql checked, record: insultestaff by SmooKeur to 1511918539
05-12-17 00:31:09 [INFO] [OctoBans] smookeur sql checked, record: insultestaff by SmooKeur to 1511925334
05-12-17 00:31:09 [INFO] [OctoBans] smookeur sql checked, record: provocation by SmooKeur to 1511892536
05-12-17 00:31:09 [INFO] [OctoBans] smookeur sql checked, record: spammp by SmooKeur to -1
05-12-17 00:31:09 [INFO] [OctoBans] smookeur sql checked, record: provocation by SmooKeur to 1511905938
05-12-17 00:31:09 [INFO] [OctoBans] smookeur sql checked, record: doubleposte by SmooKeur to 1511960350
05-12-17 00:31:09 [INFO] [OctoBans] smookeur sql checked, record: faussesinfos by SmooKeur to 1512046734
05-12-17 00:31:09 [INFO] [OctoBans] smookeur sql checked, record: faussesinfos by SmooKeur to 1512046811
05-12-17 00:31:09 [INFO] [OctoBans] smookeur sql checked, record: doubleposte by SmooKeur to 1511961149
05-12-17 00:31:09 [INFO] [OctoBans] smookeur sql checked, record: majuscule by SmooKeur to 1511961875
05-12-17 00:31:09 [INFO] [OctoBans] smookeur sql checked, record: doubleposte by SmooKeur to 1511965550
05-12-17 00:31:09 [INFO] [OctoBans] smookeur sql checked, record: faussesinfos by SmooKeur to 1512048550
05-12-17 00:31:09 [INFO] [OctoBans] smookeur sql checked, record: multicompte by SmooKeur to -1
05-12-17 00:31:09 [INFO] [OctoBans] smookeur sql checked, record: multicompte by SmooKeur to -1
05-12-17 00:31:09 [INFO] [OctoBans] smookeur sql checked, record: majuscule by SmooKeur to 1511978657
05-12-17 00:31:09 [INFO] [OctoBans] smookeur sql checked, record: tpkill by SmooKeur to 1512064870
05-12-17 00:31:09 [INFO] [OctoBans] smookeur sql checked, record: tpkill by SmooKeur to 1512064875
05-12-17 00:31:09 [INFO] [OctoBans] smookeur sql checked, record: provocation by SmooKeur to 1511989064
05-12-17 00:31:09 [INFO] [OctoBans] smookeur sql checked, record: doubleposte by SmooKeur to 1511988045
05-12-17 00:31:09 [INFO] [OctoBans] smookeur sql checked, record: tpkill by SmooKeur to 1512073576
05-12-17 00:31:09 [INFO] [OctoBans] smookeur sql checked, record: faussesinfos by SmooKeur to 1512073597
05-12-17 00:31:09 [INFO] [OctoBans] smookeur sql checked, record: majuscule by SmooKeur to 1512398907
05-12-17 00:31:09 [INFO] [OctoBans] smookeur sql checked, record: majuscule by SmooKeur to 1512401635
05-12-17 00:31:09 [INFO] [OctoBans] smookeur sql checked, record: doubleposte by SmooKeur to 1512401938
05-12-17 00:31:09 [INFO] [OctoBans] smookeur sql checked, record: spammp by SmooKeur to -1
05-12-17 00:31:09 [INFO] [OctoBans] smookeur sql checked, record: multicompte by SmooKeur to -1
05-12-17 00:31:09 [INFO] [OctoBans] smookeur sql checked, record: faussesinfos by SmooKeur to 1512505179
05-12-17 00:31:09 [INFO] [OctoBans] smookeur sql checked, record: spammp by SmooKeur to -1
05-12-17 00:31:09 [INFO] [OctoBans] smookeur sql checked, record: spammp by SmooKeur to -1
05-12-17 00:31:09 [INFO] [OctoBans] smookeur sql checked, record: insultegrave by SmooKeur to 1512466154
05-12-17 00:31:09 [INFO] [OctoBans] smookeur sql checked, record: insultestaff by SmooKeur to 1512466166
05-12-17 00:31:40 [INFO] [OctoBans] SmooKeur punished exmecha for: Multi Comptes
05-12-17 00:39:01 [INFO] [OctoBans] SmooKeur punished romudu269 for: Provocation
05-12-17 02:26:45 [INFO] [OctoBans] gamix_yt sql checked, record: spammp by Zayrox29 to -1
05-12-17 06:01:02 [INFO] [OctoBans] Disabling OctoBans v1.0
