16-06-17 22:31:43 [INFO] [OctoBans] File Handler successfully initialized!
16-06-17 22:31:43 [INFO] [OctoBans] SQL connection successfully etablished
16-06-17 22:31:43 [INFO] [OctoBans] Moderator Tools by Octonia.
16-06-17 22:31:48 [INFO] [OctoBans] itz_smokew33d sql checked, record: spammp by Remil to -1
16-06-17 22:31:48 [INFO] [OctoBans] zoroto sql checked, record: spammp by Remil to -1
16-06-17 22:31:48 [INFO] [OctoBans] superfilleciel sql checked, record: spammp by Theo97 to -1
16-06-17 22:31:48 [INFO] [OctoBans] superfilleciel sql checked, record: spammp by Remil to -1
16-06-17 22:31:48 [INFO] [OctoBans] superfilleciel sql checked, record: spammp by Remil to -1
16-06-17 22:31:48 [INFO] [OctoBans] steph078 sql checked, record: spammp by Blubfire to -1
16-06-17 22:31:48 [INFO] [OctoBans] steph078 sql checked, record: spammp by Blubfire to -1
16-06-17 22:31:48 [INFO] [OctoBans] superjojo sql checked, record: spammp by SkyKosIV to -1
16-06-17 22:31:48 [INFO] [OctoBans] superjojo sql checked, record: spammp by Blubfire to -1
16-06-17 22:31:48 [INFO] [OctoBans] rugmon sql checked, record: faussesinfos by ZerKup to 1497730001
16-06-17 22:31:48 [INFO] [OctoBans] kyzirie sql checked, record: spammp by PseudoNul to -1
16-06-17 22:31:48 [INFO] [OctoBans] ew3l sql checked, record: spammp by SnowEffect to -1
16-06-17 22:31:48 [INFO] [OctoBans] kirob sql checked, record: doubleposte by PseudoNul to 1497646119
16-06-17 22:31:48 [INFO] [OctoBans] bardaxx_ sql checked, record: insultegrave by Remil to 1497653496
16-06-17 22:31:48 [INFO] [OctoBans] idecow_ sql checked, record: spammp by PseudoNul to -1
16-06-17 22:31:48 [INFO] [OctoBans] idecow_ sql checked, record: spammp by SuperJojo to -1
16-06-17 22:31:48 [INFO] [OctoBans] idecow_ sql checked, record: spammp by PseudoNul to -1
16-06-17 22:31:48 [INFO] [OctoBans] idecow_ sql checked, record: spammp by Remil to -1
16-06-17 22:31:48 [INFO] [OctoBans] aldorbest sql checked, record: kickautre by Steph078 to -1
16-06-17 22:31:48 [INFO] [OctoBans] aldorbest sql checked, record: spam by Remil to 1497646745
16-06-17 22:31:48 [INFO] [OctoBans] triton_ sql checked, record: spammp by Remil to -1
16-06-17 22:31:48 [INFO] [OctoBans] triton_ sql checked, record: spammp by SkyKosIV to -1
16-06-17 22:31:48 [INFO] [OctoBans] triton_ sql checked, record: doubleposte by PseudoNul to 1497648919
16-06-17 22:31:48 [INFO] [OctoBans] darkai76 sql checked, record: kickautre by Steph078 to -1
16-06-17 22:31:48 [INFO] [OctoBans] darkai76 sql checked, record: kickautre by Antoine57565 to -1
16-06-17 22:31:48 [INFO] [OctoBans] lefifoudu3 sql checked, record: pubyt by Steph078 to 1497657589
16-06-17 22:31:48 [INFO] [OctoBans] _hello_kitty sql checked, record: spammp by Remil to -1
16-06-17 22:31:52 [INFO] [OctoBans] fross27 sql checked, record: spammp by Remil to -1
16-06-17 22:31:52 [INFO] [OctoBans] whiskass sql checked, record: spammp by SuperJojo to -1
16-06-17 22:31:52 [INFO] [OctoBans] didi sql checked, record: incitationflood by YTB_XxKarnageXx to 1497723943
16-06-17 22:31:52 [INFO] [OctoBans] biffy sql checked, record: kickautre by Antoine57565 to -1
16-06-17 22:31:53 [INFO] [OctoBans] juldestructeur sql checked, record: spammp by PseudoNul to -1
16-06-17 22:31:53 [INFO] [OctoBans] juldestructeur sql checked, record: spammp by PseudoNul to -1
16-06-17 22:31:54 [INFO] [OctoBans] ximate133 sql checked, record: langage by PseudoNul to 1497645616
16-06-17 22:31:55 [INFO] [OctoBans] woimant sql checked, record: spam by SuperJojo to 1497649157
16-06-17 22:31:59 [INFO] [OctoBans] fire_craft sql checked, record: spammp by PseudoNul to -1
16-06-17 22:31:59 [INFO] [OctoBans] fire_craft sql checked, record: spam by SuperJojo to 1497646521
16-06-17 22:32:04 [INFO] [OctoBans] jibuse sql checked, record: insultegrave by YTB_XxKarnageXx to 1497676136
16-06-17 22:32:05 [INFO] [OctoBans] fumikoo sql checked, record: faussesinfos by YTB_XxKarnageXx to 1497724422
16-06-17 22:32:11 [INFO] [OctoBans] lolo76200 sql checked, record: spammp by PseudoNul to -1
16-06-17 22:32:11 [INFO] [OctoBans] lolo76200 sql checked, record: spammp by SuperJojo to -1
16-06-17 22:32:14 [INFO] [OctoBans] miejoshdu93 sql checked, record: doubleposte by PseudoNul to 1497645302
16-06-17 22:32:15 [INFO] [OctoBans] denis018 sql checked, record: spammp by Remil to -1
16-06-17 22:32:16 [INFO] [OctoBans] SuperJojo punished arthopos for: Double Poste
16-06-17 22:32:18 [INFO] [OctoBans] pvp_pro sql checked, record: spammp by SkyKosIV to -1
16-06-17 22:32:21 [INFO] [OctoBans] leo23 sql checked, record: pubyt by SuperJojo to 1497646303
16-06-17 22:32:27 [INFO] [OctoBans] lololaclarinette sql checked, record: provocation by SkyKosIV to 1497645722
16-06-17 22:32:27 [INFO] [OctoBans] grenousse_pvp sql checked, record: spammp by YTB_XxKarnageXx to -1
16-06-17 22:32:38 [INFO] [OctoBans] matgone01 sql checked, record: spammp by ZerKup to -1
16-06-17 22:32:38 [INFO] [OctoBans] matgone01 sql checked, record: spammp by ZerKup to -1
16-06-17 22:32:38 [INFO] [OctoBans] matgone01 sql checked, record: langage by YTB_XxKarnageXx to 1497647378
16-06-17 22:32:46 [INFO] [OctoBans] skiltug sql checked, record: doubleposte by PseudoNul to 1497645559
16-06-17 22:32:46 [INFO] [OctoBans] jteezenclaquet sql checked, record: kickautre by Steph078 to -1
16-06-17 22:32:57 [INFO] [OctoBans] by_fly sql checked, record: spammp by Remil to -1
16-06-17 22:33:11 [INFO] [OctoBans] gage999 sql checked, record: faussesinfos by LeSheitan to 1497657174
16-06-17 22:33:15 [INFO] [OctoBans] zrk_warthog sql checked, record: spammp by Remil to -1
16-06-17 22:33:21 [INFO] [OctoBans] couilledeloup sql checked, record: kickautre by Steph078 to -1
16-06-17 22:33:29 [INFO] [OctoBans] yourdead sql checked, record: spam by Remil to 1497648476
16-06-17 22:33:42 [INFO] [OctoBans] PseudoNul punished yazhroy for: Spam/flood
16-06-17 22:33:43 [INFO] [OctoBans] diablotin sql checked, record: spammp by SuperJojo to -1
16-06-17 22:33:44 [INFO] [OctoBans] yoshi_frost sql checked, record: spammp by Theo97 to -1
16-06-17 22:33:49 [INFO] [OctoBans] PseudoNul punished yoblo222 for: Langage incorrect
16-06-17 22:33:52 [INFO] [OctoBans] ruth_skwiz sql checked, record: spammp by Remil to -1
16-06-17 22:34:08 [INFO] [OctoBans] PseudoNul punished skygames974 for: Double Poste
16-06-17 22:34:21 [INFO] [OctoBans] Steph078 punished zrk_warthog for: Fausses informations
16-06-17 22:34:45 [INFO] [OctoBans] dylan5621 sql checked, record: spammp by PseudoNul to -1
16-06-17 22:35:07 [INFO] [OctoBans] gameplayze_ sql checked, record: spammp by Remil to -1
16-06-17 22:35:15 [INFO] [OctoBans] by_kw3e sql checked, record: kickautre by Antoine57565 to -1
16-06-17 22:35:15 [INFO] [OctoBans] by_kw3e sql checked, record: insultegrave by PseudoNul to 1497710126
16-06-17 22:35:23 [INFO] [OctoBans] zkingrage sql checked, record: spammp by PseudoNul to -1
16-06-17 22:35:23 [INFO] [OctoBans] zkingrage sql checked, record: spammp by PseudoNul to -1
16-06-17 22:35:23 [INFO] [OctoBans] zkingrage sql checked, record: spammp by SuperJojo to -1
16-06-17 22:35:23 [INFO] [OctoBans] zkingrage sql checked, record: spam by YTB_XxKarnageXx to 1497652439
16-06-17 22:37:36 [INFO] [OctoBans] razgard59 sql checked, record: spammp by SuperJojo to -1
16-06-17 22:37:37 [INFO] [OctoBans] kanekiiiii sql checked, record: kickautre by Steph078 to -1
16-06-17 22:37:37 [INFO] [OctoBans] kanekiiiii sql checked, record: spammp by Remil to -1
16-06-17 22:37:37 [INFO] [OctoBans] kanekiiiii sql checked, record: spammp by Remil to -1
16-06-17 22:37:37 [INFO] [OctoBans] kanekiiiii sql checked, record: insultestaff by PseudoNul to 1497740549
16-06-17 22:37:37 [INFO] [OctoBans] kanekiiiii sql checked, record: insultestaff by PseudoNul to 1497776589
16-06-17 22:37:37 [INFO] [OctoBans] kanekiiiii sql checked, record: spammp by PseudoNul to -1
16-06-17 22:38:01 [INFO] [OctoBans] SuperJojo punished agonix for: Majuscule
16-06-17 22:38:42 [INFO] [OctoBans] Steph078 punished luanoah67 for: TpKill
16-06-17 22:38:52 [INFO] [OctoBans] SuperJojo punished canardveloce for: Double Poste
16-06-17 22:39:38 [INFO] [OctoBans] stickfly sql checked, record: spammp by SnowEffect to -1
16-06-17 22:40:51 [INFO] [OctoBans] PseudoNul punished mathys200 for: Majuscule
16-06-17 22:41:02 [INFO] [OctoBans] blackwhite010 sql checked, record: spammp by PseudoNul to -1
16-06-17 22:41:58 [INFO] [OctoBans] marchandloup sql checked, record: spammp by Remil to -1
16-06-17 22:42:26 [INFO] [OctoBans] SkyKosIV punished samet51 for: TpKill
16-06-17 22:43:08 [INFO] [OctoBans] lassa18 sql checked, record: spammp by Remil to -1
16-06-17 22:43:08 [INFO] [OctoBans] lassa18 sql checked, record: spammp by Remil to -1
16-06-17 22:45:08 [INFO] [OctoBans] fulse50 sql checked, record: spammp by SnowEffect to -1
16-06-17 22:46:38 [INFO] [OctoBans] PseudoNul punished crafteur49520 for: Double Poste
16-06-17 22:47:26 [INFO] [OctoBans] grm25 sql checked, record: spammp by SuperJojo to -1
16-06-17 22:47:26 [INFO] [OctoBans] grm25 sql checked, record: insultegrave by YTB_XxKarnageXx to 1497712622
16-06-17 22:53:34 [INFO] [OctoBans] SuperJojo punished _konaking_ for: Double Poste
16-06-17 22:54:47 [INFO] [OctoBans] SuperJojo punished yoshi_frost for: Spam/flood en MP
16-06-17 22:55:44 [INFO] [OctoBans] SuperJojo punished fayrann for: Double Poste
16-06-17 22:55:54 [INFO] [OctoBans] 120403jean sql checked, record: spammp by Remil to -1
16-06-17 23:01:15 [INFO] [OctoBans] SuperJojo punished enzo_18 for: Spam/flood
16-06-17 23:02:00 [INFO] [OctoBans] papigabi sql checked, record: spammp by SnowEffect to -1
16-06-17 23:03:09 [INFO] [OctoBans] SuperJojo punished whiskass for: Double Poste
16-06-17 23:03:48 [INFO] [OctoBans] v0rtexneokilleur sql checked, record: spammp by YTB_XxKarnageXx to -1
16-06-17 23:04:05 [INFO] [OctoBans] d3adorsnipsurytb sql checked, record: spammp by SuperJojo to -1
16-06-17 23:04:20 [INFO] [OctoBans] phoenix_o sql checked, record: spammp by Remil to -1
16-06-17 23:04:26 [INFO] [OctoBans] SuperJojo punished dragongaming for: Spam/flood
16-06-17 23:04:45 [INFO] [OctoBans] hayden_frost sql checked, record: spammp by PseudoNul to -1
16-06-17 23:06:34 [INFO] [OctoBans] PseudoNul punished gaspeur for: Double Poste
16-06-17 23:06:40 [INFO] [OctoBans] PseudoNul punished letaureaured for: Double Poste
16-06-17 23:11:38 [INFO] [OctoBans] PseudoNul punished yolopvp for: Double Poste
16-06-17 23:11:49 [INFO] [OctoBans] SkyKosIV punished zecraftgaming for: Spam/flood
16-06-17 23:12:06 [INFO] [OctoBans] PseudoNul punished solidrobot for: Spam/flood
16-06-17 23:12:22 [INFO] [OctoBans] SkyKosIV punished gameplayze_ for: Double Poste
16-06-17 23:13:26 [INFO] [OctoBans] PseudoNul punished zoliooxx for: Double Poste
16-06-17 23:13:35 [INFO] [OctoBans] PseudoNul punished jeremylol88 for: Double Poste
16-06-17 23:13:48 [INFO] [OctoBans] PseudoNul punished pandazzz for: Double Poste
16-06-17 23:14:10 [INFO] [OctoBans] SkyKosIV punished matgone01 for: Double Poste
16-06-17 23:17:37 [INFO] [OctoBans] PseudoNul punished yoshi_frost for: Double Poste
16-06-17 23:18:01 [INFO] [OctoBans] swiftstay sql checked, record: spammp by Remil to -1
16-06-17 23:18:01 [INFO] [OctoBans] swiftstay sql checked, record: spammp by Remil to -1
16-06-17 23:24:11 [INFO] [OctoBans] ray54 sql checked, record: spammp by SuperJojo to -1
16-06-17 23:24:16 [INFO] [OctoBans] SuperJojo punished rectozzyt for: Double Poste
16-06-17 23:26:58 [INFO] [OctoBans] SuperJojo punished lepapadesampvp for: Double Poste
16-06-17 23:29:03 [INFO] [OctoBans] Steph078 punished phoenix_o for: Publicité Youtubeur
16-06-17 23:33:11 [INFO] [OctoBans] PseudoNul punished lololaclarinette for: Double Poste
16-06-17 23:36:15 [INFO] [OctoBans] xdiablox sql checked, record: menacehack by Remil to 1497821814
16-06-17 23:36:15 [INFO] [OctoBans] xdiablox sql checked, record: menacehack by Remil to 1498081071
16-06-17 23:36:15 [INFO] [OctoBans] xdiablox sql checked, record: menacehack by Remil to 1498340320
16-06-17 23:36:15 [INFO] [OctoBans] xdiablox sql checked, record: menacehack by Remil to 1498599583
16-06-17 23:37:01 [INFO] [OctoBans] PseudoNul punished 120403jean for: Double Poste
16-06-17 23:38:39 [INFO] [OctoBans] SuperJojo punished lolo76200 for: Double Poste
16-06-17 23:47:27 [INFO] [OctoBans] SuperJojo punished poseycanapey for: Double Poste
16-06-17 23:47:42 [INFO] [OctoBans] 120403jean sql checked, record: spammp by Remil to -1
16-06-17 23:47:42 [INFO] [OctoBans] 120403jean sql checked, record: doubleposte by PseudoNul to 1497652621
16-06-17 23:53:57 [INFO] [OctoBans] SuperJojo punished frozen_20 for: Double Poste
16-06-17 23:55:14 [INFO] [OctoBans] SuperJojo punished zarshou2 for: Double Poste
16-06-17 23:59:22 [INFO] [OctoBans] SuperJojo punished azizlegrosfou for: Double Poste
16-06-17 23:59:36 [INFO] [OctoBans] SuperJojo punished suki_ for: Double Poste
17-06-17 00:03:52 [INFO] [OctoBans] SuperJojo punished liskoh for: Langage incorrect
17-06-17 00:05:33 [INFO] [OctoBans] SuperJojo punished benji203 for: Insulte grave
17-06-17 00:06:50 [INFO] [OctoBans] SuperJojo punished ocip_matth for: Double Poste
17-06-17 00:09:38 [INFO] [OctoBans] SuperJojo punished skiltug for: Homophobie
17-06-17 00:10:10 [INFO] [OctoBans] walterwhite sql checked, record: spammp by SuperJojo to -1
17-06-17 00:10:43 [INFO] [OctoBans] SuperJojo punished iherozz for: Double Poste
17-06-17 00:10:58 [INFO] [OctoBans] SuperJojo punished duranoideman for: Double Poste
17-06-17 00:11:09 [INFO] [OctoBans] Chirak_sama punished iherozz for: Spam/flood
17-06-17 00:18:45 [INFO] [OctoBans] Chirak_sama punished bazox for: Double Poste
17-06-17 00:19:45 [INFO] [OctoBans] Chirak_sama punished titidu06 for: Provocation
17-06-17 00:24:01 [INFO] [OctoBans] craziix_eu sql checked, record: spammp by Remil to -1
17-06-17 00:24:01 [INFO] [OctoBans] craziix_eu sql checked, record: spammp by Remil to -1
17-06-17 00:24:01 [INFO] [OctoBans] craziix_eu sql checked, record: spammp by Remil to -1
17-06-17 00:24:01 [INFO] [OctoBans] craziix_eu sql checked, record: spammp by Remil to -1
17-06-17 00:24:27 [INFO] [OctoBans] Chirak_sama punished hero_show for: Spam/flood
17-06-17 00:26:39 [INFO] [OctoBans] Chirak_sama punished samtiboss for: Langage incorrect
17-06-17 00:27:42 [INFO] [OctoBans] Chirak_sama punished arnsmel for: Double Poste
17-06-17 00:29:06 [INFO] [OctoBans] arnsmel sql checked, record: doubleposte by Chirak_sama to 1497654162
17-06-17 00:30:40 [INFO] [OctoBans] Chirak_sama punished lololaclarinette for: Double Poste
17-06-17 00:39:23 [INFO] [OctoBans] Chirak_sama punished walterwhite for: Langage incorrect
17-06-17 00:48:26 [INFO] [OctoBans] _dragibus_ sql checked, record: spammp by Remil to -1
17-06-17 00:48:26 [INFO] [OctoBans] _dragibus_ sql checked, record: spammp by Remil to -1
17-06-17 00:48:26 [INFO] [OctoBans] _dragibus_ sql checked, record: spammp by Remil to -1
17-06-17 00:48:26 [INFO] [OctoBans] _dragibus_ sql checked, record: spammp by Remil to -1
17-06-17 00:48:26 [INFO] [OctoBans] _dragibus_ sql checked, record: spammp by Remil to -1
17-06-17 00:48:26 [INFO] [OctoBans] _dragibus_ sql checked, record: spammp by Remil to -1
17-06-17 00:48:26 [INFO] [OctoBans] _dragibus_ sql checked, record: spammp by Remil to -1
17-06-17 00:48:26 [INFO] [OctoBans] _dragibus_ sql checked, record: spammp by Remil to -1
17-06-17 00:48:26 [INFO] [OctoBans] _dragibus_ sql checked, record: spammp by Remil to -1
17-06-17 00:49:16 [INFO] [OctoBans] Chirak_sama punished wildtriton for: Langage incorrect
17-06-17 00:52:26 [INFO] [OctoBans] tay1 sql checked, record: spammp by PseudoNul to -1
17-06-17 00:52:57 [INFO] [OctoBans] Chirak_sama punished abcprince123 for: Spam/flood
17-06-17 00:54:49 [INFO] [OctoBans] Chirak_sama punished skillpvpdu6969 for: Majuscule
17-06-17 00:56:45 [INFO] [OctoBans] Chirak_sama punished thebrioche13 for: Double Poste
17-06-17 01:00:56 [INFO] [OctoBans] Chirak_sama punished lololaclarinette for: Double Poste
17-06-17 01:06:25 [INFO] [OctoBans] Chirak_sama punished nathpvp59 for: Majuscule
17-06-17 01:07:58 [INFO] [OctoBans] Chirak_sama punished xxfloxx19 for: Majuscule
17-06-17 01:10:28 [INFO] [OctoBans] Steph078 punished watersangoku for: Double Poste
17-06-17 01:14:26 [INFO] [OctoBans] Chirak_sama punished yolopvp for: Provocation
17-06-17 01:23:10 [INFO] [OctoBans] Chirak_sama punished aldorbest for: Provocation
17-06-17 01:23:30 [INFO] [OctoBans] Chirak_sama punished by_fly for: Provocation
17-06-17 01:25:39 [INFO] [OctoBans] zeroghoster sql checked, record: spammp by YTB_XxKarnageXx to -1
17-06-17 01:25:39 [INFO] [OctoBans] zeroghoster sql checked, record: spammp by SnowEffect to -1
17-06-17 01:33:28 [INFO] [OctoBans] Chirak_sama punished mathissuryoutube for: Langage incorrect
17-06-17 01:33:49 [INFO] [OctoBans] Chirak_sama punished mathissuryoutube for: Insulte
17-06-17 01:40:10 [INFO] [OctoBans] Chirak_sama punished play4games for: Double Poste
17-06-17 02:11:10 [INFO] [OctoBans] killerstan2424 sql checked, record: spammp by Remil to -1
17-06-17 02:12:55 [INFO] [OctoBans] oeufdepoule62 sql checked, record: spammp by Remil to -1
17-06-17 02:12:55 [INFO] [OctoBans] oeufdepoule62 sql checked, record: spammp by SkyKosIV to -1
17-06-17 02:24:46 [INFO] [OctoBans] Steph078 punished mathissuryoutube for: Spam/flood
17-06-17 02:25:55 [INFO] [OctoBans] Steph078 punished enzo_18 for: Double Poste
17-06-17 02:57:34 [INFO] [OctoBans] toly_ sql checked, record: spammp by PseudoNul to -1
17-06-17 02:57:34 [INFO] [OctoBans] toly_ sql checked, record: spammp by PseudoNul to -1
17-06-17 02:57:34 [INFO] [OctoBans] toly_ sql checked, record: insultestaff by Remil to 1497977815
17-06-17 02:57:34 [INFO] [OctoBans] toly_ sql checked, record: spammp by Remil to -1
17-06-17 03:06:20 [INFO] [OctoBans] Steph078 punished skillz420 for: Provocation
17-06-17 03:06:25 [INFO] [OctoBans] Steph078 punished sasa3000 for: Langage incorrect
17-06-17 04:12:40 [INFO] [OctoBans] korgnar sql checked, record: spammp by SuperJojo to -1
17-06-17 06:01:02 [INFO] [OctoBans] Disabling OctoBans v1.0
