17-01-18 22:31:42 [INFO] [OctoBans] File Handler successfully initialized!
17-01-18 22:31:42 [INFO] [OctoBans] SQL connection successfully etablished
17-01-18 22:31:42 [INFO] [OctoBans] Moderator Tools by Octonia.
17-01-18 22:31:47 [INFO] [OctoBans] diodu sql checked, record: spammp by Gamer09 to -1
17-01-18 22:32:08 [INFO] [OctoBans] _theodu13_ sql checked, record: insultesrv by SkillBOotiiS to 1516234731
17-01-18 22:32:13 [INFO] [OctoBans] mame sql checked, record: spammp by FiasK0 to -1
17-01-18 22:32:13 [INFO] [OctoBans] mame sql checked, record: spammp by Ourox_ to -1
17-01-18 22:32:13 [INFO] [OctoBans] mame sql checked, record: spammp by tinmar to -1
17-01-18 22:32:13 [INFO] [OctoBans] mame sql checked, record: doubleposte by YTB_XxKarnageXx to 1516233301
17-01-18 22:32:15 [INFO] [OctoBans] ao_darkness sql checked, record: spammp by Gamer09 to -1
17-01-18 22:32:18 [INFO] [OctoBans] x4gaming sql checked, record: spammp by D3adOrSnipSurYTB to -1
17-01-18 22:32:18 [INFO] [OctoBans] x4gaming sql checked, record: spammp by atsuky to -1
17-01-18 22:32:23 [INFO] [OctoBans] imjeezk sql checked, record: spammp by Gamer09 to -1
17-01-18 22:32:23 [INFO] [OctoBans] imjeezk sql checked, record: spammp by OCIP_Matth to -1
17-01-18 22:32:23 [INFO] [OctoBans] imjeezk sql checked, record: spammp by NiceFR to -1
17-01-18 22:32:25 [INFO] [OctoBans] ibqwze_ sql checked, record: spammp by LsAnGfRoId to -1
17-01-18 22:32:26 [INFO] [OctoBans] zeynox sql checked, record: spammp by Zayrox29 to -1
17-01-18 22:32:26 [INFO] [OctoBans] zeynox sql checked, record: spammp by Zoseq to -1
17-01-18 22:32:26 [INFO] [OctoBans] zeynox sql checked, record: spammp by LaKitaw to -1
17-01-18 22:32:26 [INFO] [OctoBans] zeynox sql checked, record: spammp by LaKitaw to -1
17-01-18 22:32:26 [INFO] [OctoBans] zeynox sql checked, record: spammp by LaKitaw to -1
17-01-18 22:32:26 [INFO] [OctoBans] zeynox sql checked, record: spammp by D3adOrSnipSurYTB to -1
17-01-18 22:32:38 [INFO] [OctoBans] keen0x sql checked, record: spammp by FNGOD to -1
17-01-18 22:33:37 [INFO] [OctoBans] progameur sql checked, record: spammp by FiasK0 to -1
17-01-18 22:33:37 [INFO] [OctoBans] progameur sql checked, record: spammp by D3adOrSnipSurYTB to -1
17-01-18 22:34:54 [INFO] [OctoBans] idecow_ sql checked, record: spammp by OCIP_Matth to -1
17-01-18 22:39:50 [INFO] [OctoBans] deeprodole sql checked, record: spammp by Zayrox29 to -1
17-01-18 22:39:50 [INFO] [OctoBans] deeprodole sql checked, record: spammp by Zayrox29 to -1
17-01-18 22:49:33 [INFO] [OctoBans] mhadipoum sql checked, record: insultegrave by Zayrox29 to 1516376474
17-01-18 22:51:07 [INFO] [OctoBans] rdvsurlebloc sql checked, record: spammp by D3adOrSnipSurYTB to -1
17-01-18 23:09:55 [INFO] [OctoBans] aexraptorz sql checked, record: spammp by Remil to -1
17-01-18 23:09:55 [INFO] [OctoBans] aexraptorz sql checked, record: spammp by PseudooNull to -1
17-01-18 23:14:12 [INFO] [OctoBans] Elfideltia punished soprix for: Spam/flood
17-01-18 23:19:58 [INFO] [OctoBans] Furiomaniak punished _kaffy_ for: Insulte grave
17-01-18 23:20:47 [INFO] [OctoBans] Elfideltia punished titi951 for: Majuscule
17-01-18 23:23:57 [INFO] [OctoBans] Furiomaniak punished xxminecraft589 for: Majuscule
17-01-18 23:28:51 [INFO] [OctoBans] fabio sql checked, record: spammp by zlKayzen to -1
17-01-18 23:28:51 [INFO] [OctoBans] fabio sql checked, record: spammp by WeeZix to -1
17-01-18 23:28:51 [INFO] [OctoBans] fabio sql checked, record: spammp by D3adOrSnipSurYTB to -1
17-01-18 23:28:51 [INFO] [OctoBans] fabio sql checked, record: spammp by Bucky57 to -1
17-01-18 23:28:51 [INFO] [OctoBans] fabio sql checked, record: insultegrave by SkillBOotiiS to 1516373144
17-01-18 23:30:44 [INFO] [OctoBans] DEEProdole punished fabio for: Provocation
17-01-18 23:36:00 [INFO] [OctoBans] Elfideltia punished osakusquad for: Provocation
17-01-18 23:36:51 [INFO] [OctoBans] Elfideltia punished osakusquad for: Spam/flood
17-01-18 23:54:22 [INFO] [OctoBans] Elfideltia punished momo91 for: Spam/flood
18-01-18 04:08:45 [INFO] [OctoBans] sadeksuryoutube sql checked, record: spammp by ToXiCz_TV to -1
18-01-18 04:08:45 [INFO] [OctoBans] sadeksuryoutube sql checked, record: spammp by ToXiCz_TV to -1
18-01-18 04:08:45 [INFO] [OctoBans] sadeksuryoutube sql checked, record: spammp by ToXiCz_TV to -1
18-01-18 04:08:45 [INFO] [OctoBans] sadeksuryoutube sql checked, record: spammp by ToXiCz_TV to -1
18-01-18 05:11:50 [INFO] [OctoBans] mcfleury sql checked, record: spammp by Koeseb97 to -1
18-01-18 06:01:01 [INFO] [OctoBans] Disabling OctoBans v1.0
