20-06-17 22:31:42 [INFO] [OctoBans] File Handler successfully initialized!
20-06-17 22:31:42 [INFO] [OctoBans] SQL connection successfully etablished
20-06-17 22:31:42 [INFO] [OctoBans] Moderator Tools by Octonia.
20-06-17 22:31:46 [INFO] [OctoBans] mrbspino517 sql checked, record: spammp by SnowEffect to -1
20-06-17 22:31:46 [INFO] [OctoBans] izi_les_byy sql checked, record: spammp by YTB_XxKarnageXx to -1
20-06-17 22:31:46 [INFO] [OctoBans] whiskass sql checked, record: spammp by SuperJojo to -1
20-06-17 22:31:46 [INFO] [OctoBans] whiskass sql checked, record: insultesrv by SnowEffect to 1497994605
20-06-17 22:31:46 [INFO] [OctoBans] geekboy sql checked, record: spam by Remil to 1497993176
20-06-17 22:31:46 [INFO] [OctoBans] sacha33340 sql checked, record: spammp by Remil to -1
20-06-17 22:31:46 [INFO] [OctoBans] sacha33340 sql checked, record: spammp by SkyKosIV to -1
20-06-17 22:31:46 [INFO] [OctoBans] sacha33340 sql checked, record: insultestaff by SuperJojo to 1498005854
20-06-17 22:31:46 [INFO] [OctoBans] naratos_pvp sql checked, record: incitationflood by Forway to 1498060079
20-06-17 22:31:46 [INFO] [OctoBans] creed_2 sql checked, record: spammp by YTB_XxKarnageXx to -1
20-06-17 22:31:46 [INFO] [OctoBans] creed_2 sql checked, record: spammp by SuperJojo to -1
20-06-17 22:31:46 [INFO] [OctoBans] superfilleciel sql checked, record: spammp by Theo97 to -1
20-06-17 22:31:46 [INFO] [OctoBans] superfilleciel sql checked, record: spammp by Remil to -1
20-06-17 22:31:46 [INFO] [OctoBans] superfilleciel sql checked, record: spammp by Remil to -1
20-06-17 22:31:46 [INFO] [OctoBans] xxheroiikxx sql checked, record: insultegrave by Gamer09 to 1498023911
20-06-17 22:31:46 [INFO] [OctoBans] shetters sql checked, record: spammp by PseudoNul to -1
20-06-17 22:31:46 [INFO] [OctoBans] thebrioche13 sql checked, record: spammp by Remil to -1
20-06-17 22:31:46 [INFO] [OctoBans] thebrioche13 sql checked, record: spammp by SkyKosIV to -1
20-06-17 22:31:46 [INFO] [OctoBans] simyasuoplayer sql checked, record: insultegrave by YTB_XxKarnageXx to 1498017070
20-06-17 22:31:46 [INFO] [OctoBans] marchandloup sql checked, record: spammp by Remil to -1
20-06-17 22:31:46 [INFO] [OctoBans] matgone01 sql checked, record: spammp by ZerKup to -1
20-06-17 22:31:46 [INFO] [OctoBans] matgone01 sql checked, record: spammp by ZerKup to -1
20-06-17 22:31:49 [INFO] [OctoBans] xelio57 sql checked, record: spammp by SnowEffect to -1
20-06-17 22:31:49 [INFO] [OctoBans] zoxis sql checked, record: spammp by Theo97 to -1
20-06-17 22:31:49 [INFO] [OctoBans] _hello_kitty sql checked, record: spammp by Remil to -1
20-06-17 22:31:49 [INFO] [OctoBans] _hello_kitty sql checked, record: spammp by Steph078 to -1
20-06-17 22:31:52 [INFO] [OctoBans] superjojo sql checked, record: spammp by SkyKosIV to -1
20-06-17 22:31:52 [INFO] [OctoBans] superjojo sql checked, record: spammp by Blubfire to -1
20-06-17 22:31:52 [INFO] [OctoBans] ruth_skwiz sql checked, record: spammp by Remil to -1
20-06-17 22:31:53 [INFO] [OctoBans] freazyman sql checked, record: spammp by PseudoNul to -1
20-06-17 22:31:53 [INFO] [OctoBans] nicerush sql checked, record: doubleposte by Remil to 1497992075
20-06-17 22:31:59 [INFO] [OctoBans] onlinepgm sql checked, record: spammp by PseudoNul to -1
20-06-17 22:31:59 [INFO] [OctoBans] onlinepgm sql checked, record: insultegrave by Remil to 1498025717
20-06-17 22:32:01 [INFO] [OctoBans] weesley sql checked, record: spammp by YTB_XxKarnageXx to -1
20-06-17 22:32:01 [INFO] [OctoBans] weesley sql checked, record: spammp by ZerKup to -1
20-06-17 22:32:01 [INFO] [OctoBans] weesley sql checked, record: spammp by Remil to -1
20-06-17 22:32:01 [INFO] [OctoBans] weesley sql checked, record: majuscule by Shampoooz to 1497994515
20-06-17 22:32:03 [INFO] [OctoBans] kyzirie sql checked, record: spammp by PseudoNul to -1
20-06-17 22:32:05 [INFO] [OctoBans] zayrozz sql checked, record: spammp by Remil to -1
20-06-17 22:32:05 [INFO] [OctoBans] manuestef sql checked, record: doubleposte by Gamer09 to 1497991356
20-06-17 22:32:08 [INFO] [OctoBans] neox_ytb sql checked, record: spammp by SnowEffect to -1
20-06-17 22:32:19 [INFO] [OctoBans] by_kw3e sql checked, record: kickautre by Antoine57565 to -1
20-06-17 22:32:32 [INFO] [OctoBans] waytek sql checked, record: spammp by PseudoNul to -1
20-06-17 22:32:33 [INFO] [OctoBans] SuperJojo punished thekillervaca for: Langage incorrect
20-06-17 22:32:38 [INFO] [OctoBans] _marjo_ sql checked, record: spam by SuperJojo to 1497998429
20-06-17 22:32:44 [INFO] [OctoBans] jibuse sql checked, record: insultegrave by Remil to 1498044799
20-06-17 22:33:03 [INFO] [OctoBans] orzpropax3 sql checked, record: insultegrave by PseudoNul to 1498005553
20-06-17 22:33:05 [INFO] [OctoBans] yalko sql checked, record: insultegrave by Remil to 1498008783
20-06-17 22:33:24 [INFO] [OctoBans] SuperJojo punished thekillervaca for: Spam/flood en MP
20-06-17 22:33:31 [INFO] [OctoBans] trollmypvp sql checked, record: spammp by YTB_XxKarnageXx to -1
20-06-17 22:34:11 [INFO] [OctoBans] by_fly sql checked, record: spammp by Remil to -1
20-06-17 22:35:31 [INFO] [OctoBans] Gamer09 punished lepapadesampvp for: Publicité Youtubeur
20-06-17 22:37:17 [INFO] [OctoBans] Shampoooz punished arzent for: Majuscule
20-06-17 22:37:28 [INFO] [OctoBans] SuperJojo punished creed_2 for: Spam/flood en MP
20-06-17 22:37:54 [INFO] [OctoBans] Gamer09 punished bfa69 for: Provocation
20-06-17 22:38:21 [INFO] [OctoBans] jeremylol88 sql checked, record: spammp by Remil to -1
20-06-17 22:38:58 [INFO] [OctoBans] SuperJojo punished gismo2806 for: Langage incorrect
20-06-17 22:40:01 [INFO] [OctoBans] by_sneak sql checked, record: spammp by SkyKosIV to -1
20-06-17 22:40:03 [INFO] [OctoBans] biguiboss31 sql checked, record: spammp by PseudoNul to -1
20-06-17 22:40:03 [INFO] [OctoBans] biguiboss31 sql checked, record: spammp by Remil to -1
20-06-17 22:40:45 [INFO] [OctoBans] lefifoudu3 sql checked, record: pubyt by SuperJojo to 1498007281
20-06-17 22:40:49 [INFO] [OctoBans] SuperJojo punished creed_2 for: Insulte staff
20-06-17 22:40:50 [INFO] [OctoBans] Remil punished titidu06 for: Double Poste
20-06-17 22:41:43 [INFO] [OctoBans] Remil punished univerzkerror for: Fausses informations
20-06-17 22:44:05 [INFO] [OctoBans] Gamer09 punished trollmypvp for: Double Poste
20-06-17 22:44:11 [INFO] [OctoBans] erinoxlx sql checked, record: kickautre by Steph078 to -1
20-06-17 22:46:44 [INFO] [OctoBans] walterwhite sql checked, record: spammp by SuperJojo to -1
20-06-17 22:47:06 [INFO] [OctoBans] lavache sql checked, record: spammp by SkyKosIV to -1
20-06-17 22:47:35 [INFO] [OctoBans] thekillervaca sql checked, record: langage by SuperJojo to 1497991953
20-06-17 22:47:35 [INFO] [OctoBans] thekillervaca sql checked, record: spammp by SuperJojo to -1
20-06-17 22:47:45 [INFO] [OctoBans] xelf sql checked, record: insultegrave by Ysar to 1498030765
20-06-17 22:52:43 [INFO] [OctoBans] dylan5621 sql checked, record: spammp by PseudoNul to -1
20-06-17 22:53:40 [INFO] [OctoBans] SuperJojo punished azr530 for: Fausses informations
20-06-17 22:54:01 [INFO] [OctoBans] SuperJojo punished zozodu14 for: Provocation
20-06-17 22:54:14 [INFO] [OctoBans] SuperJojo punished statin123 for: Langage incorrect
20-06-17 22:55:09 [INFO] [OctoBans] SuperJojo punished waytek for: Spam/flood
20-06-17 22:55:35 [INFO] [OctoBans] SuperJojo punished thegamer38 for: Insulte grave
20-06-17 22:56:15 [INFO] [OctoBans] SuperJojo punished kaireus for: Double Poste
20-06-17 22:56:53 [INFO] [OctoBans] SuperJojo punished bigmil for: Double Poste
20-06-17 22:57:44 [INFO] [OctoBans] SuperJojo punished ekstez_spenzer for: Langage incorrect
20-06-17 22:57:48 [INFO] [OctoBans] SuperJojo punished manydelrayoss for: Double Poste
20-06-17 22:58:08 [INFO] [OctoBans] SuperJojo punished creed_2 for: Insulte staff
20-06-17 22:58:24 [INFO] [OctoBans] x_wazup_x sql checked, record: tpkill by Steph078 to 1497997725
20-06-17 22:59:09 [INFO] [OctoBans] Gamer09 punished isoka_sama for: Spam/flood
20-06-17 22:59:18 [INFO] [OctoBans] SuperJojo punished wizzyfire for: Langage incorrect
20-06-17 22:59:31 [INFO] [OctoBans] SuperJojo punished isoka_sama for: Anti-AFK
20-06-17 23:00:34 [INFO] [OctoBans] SuperJojo punished walterwhite for: Majuscule
20-06-17 23:02:09 [INFO] [OctoBans] lepaysandu14 sql checked, record: homophobie by Remil to 1498063692
20-06-17 23:05:45 [INFO] [OctoBans] julie52100 sql checked, record: spammp by SnowEffect to -1
20-06-17 23:06:55 [INFO] [OctoBans] shimo_ sql checked, record: insultegrave by PseudoNul to 1498028543
20-06-17 23:11:55 [INFO] [OctoBans] Gamer09 punished devastateur for: Double Poste
20-06-17 23:12:08 [INFO] [OctoBans] Gamer09 punished aplomb for: Langage incorrect
20-06-17 23:12:10 [INFO] [OctoBans] hayden_frost sql checked, record: spammp by PseudoNul to -1
20-06-17 23:12:11 [INFO] [OctoBans] diablotin sql checked, record: spammp by SuperJojo to -1
20-06-17 23:22:35 [INFO] [OctoBans] Gamer09 punished witer for: Double Poste
20-06-17 23:23:19 [INFO] [OctoBans] Gamer09 punished pepsicoca for: Double Poste
20-06-17 23:28:09 [INFO] [OctoBans] Gamer09 punished neox_ytb for: Double Poste
20-06-17 23:33:03 [INFO] [OctoBans] Gamer09 punished gismo2806 for: Double Poste
20-06-17 23:33:26 [INFO] [OctoBans] Gamer09 punished gismo2806 for: Insulte staff
20-06-17 23:33:57 [INFO] [OctoBans] Remil punished eklipsfr59 for: Insulte
20-06-17 23:38:33 [INFO] [OctoBans] celticevan95 sql checked, record: spammp by SnowEffect to -1
20-06-17 23:39:01 [INFO] [OctoBans] Gamer09 punished pvpking17 for: Spam/flood
20-06-17 23:40:52 [INFO] [OctoBans] Remil punished tony1234 for: Majuscule
20-06-17 23:41:03 [INFO] [OctoBans] siplyoyt sql checked, record: spammp by PseudoNul to -1
20-06-17 23:41:21 [INFO] [OctoBans] lolo76200 sql checked, record: spammp by PseudoNul to -1
20-06-17 23:41:21 [INFO] [OctoBans] lolo76200 sql checked, record: spammp by SuperJojo to -1
20-06-17 23:43:23 [INFO] [OctoBans] Remil punished osmanlitorunu for: Langage incorrect
20-06-17 23:51:40 [INFO] [OctoBans] Remil punished drk for: Double Poste
20-06-17 23:58:05 [INFO] [OctoBans] Remil punished coleosse for: Langage incorrect
20-06-17 23:59:30 [INFO] [OctoBans] tifou_fou sql checked, record: spammp by SkyKosIV to -1
21-06-17 00:01:07 [INFO] [OctoBans] jaeger sql checked, record: spammp by Remil to -1
21-06-17 00:01:36 [INFO] [OctoBans] Remil punished witer for: Double Poste
21-06-17 00:04:27 [INFO] [OctoBans] SuperJojo punished frag_sweaz for: Double Poste
21-06-17 00:04:55 [INFO] [OctoBans] shouteur sql checked, record: spammp by Remil to -1
21-06-17 00:04:55 [INFO] [OctoBans] shouteur sql checked, record: spammp by Remil to -1
21-06-17 00:04:55 [INFO] [OctoBans] shouteur sql checked, record: spammp by Remil to -1
21-06-17 00:10:30 [INFO] [OctoBans] SuperJojo punished mrbspino517 for: Langage incorrect
21-06-17 00:13:45 [INFO] [OctoBans] coleosse sql checked, record: langage by Remil to 1497997085
21-06-17 00:13:52 [INFO] [OctoBans] SuperJojo punished coleosse for: Provocation
21-06-17 00:17:00 [INFO] [OctoBans] SuperJojo punished hayden_frost for: Double Poste
21-06-17 00:18:24 [INFO] [OctoBans] Gamer09 punished jeremylol88 for: Double Poste
21-06-17 00:18:29 [INFO] [OctoBans] SuperJojo punished tony1234 for: Incitation au flood
21-06-17 00:18:36 [INFO] [OctoBans] Remil punished wael for: Majuscule
21-06-17 00:21:03 [INFO] [OctoBans] Remil punished darkarme for: Majuscule
21-06-17 00:22:19 [INFO] [OctoBans] Remil punished by_sneak for: Insulte grave
21-06-17 00:24:24 [INFO] [OctoBans] Gamer09 punished lololaclarinette for: Double Poste
21-06-17 00:24:47 [INFO] [OctoBans] Steph078 punished frite_merguez for: Provocation
21-06-17 00:28:11 [INFO] [OctoBans] stickfly sql checked, record: spammp by SnowEffect to -1
21-06-17 00:28:34 [INFO] [OctoBans] badounoux sql checked, record: spammp by ZerKup to -1
21-06-17 00:35:54 [INFO] [OctoBans] Steph078 punished lapuenta for: Majuscule
21-06-17 00:40:07 [INFO] [OctoBans] romlcm89 sql checked, record: spammp by YTB_XxKarnageXx to -1
21-06-17 00:40:07 [INFO] [OctoBans] romlcm89 sql checked, record: spammp by PseudoNul to -1
21-06-17 00:40:07 [INFO] [OctoBans] romlcm89 sql checked, record: spammp by PseudoNul to -1
21-06-17 00:40:17 [INFO] [OctoBans] Steph078 punished tony1234 for: Spam/flood en MP
21-06-17 00:40:39 [INFO] [OctoBans] lapuenta sql checked, record: majuscule by Steph078 to 1497998754
21-06-17 00:47:13 [INFO] [OctoBans] samybg sql checked, record: spammp by Remil to -1
21-06-17 00:47:13 [INFO] [OctoBans] samybg sql checked, record: spammp by Remil to -1
21-06-17 00:53:23 [INFO] [OctoBans] sunfall sql checked, record: spammp by Remil to -1
21-06-17 01:00:41 [INFO] [OctoBans] oeufdepoule62 sql checked, record: spammp by Remil to -1
21-06-17 01:00:41 [INFO] [OctoBans] oeufdepoule62 sql checked, record: spammp by SkyKosIV to -1
21-06-17 01:08:40 [INFO] [OctoBans] Remil punished sam_ytb for: Double Poste
21-06-17 01:20:02 [INFO] [OctoBans] mrkebab sql checked, record: spammp by SuperJojo to -1
21-06-17 01:20:02 [INFO] [OctoBans] mrkebab sql checked, record: spammp by SuperJojo to -1
21-06-17 01:36:55 [INFO] [OctoBans] Remil punished samkingofgame for: Spam/flood
21-06-17 01:37:05 [INFO] [OctoBans] Remil punished loulou25 for: Langage incorrect
21-06-17 01:37:38 [INFO] [OctoBans] Remil punished samkingofgame for: Insulte staff
21-06-17 01:53:25 [INFO] [OctoBans] Remil punished mryacine59 for: Insulte
21-06-17 02:16:54 [INFO] [OctoBans] fross27 sql checked, record: spammp by Remil to -1
21-06-17 02:19:31 [INFO] [OctoBans] Remil punished generalnutella for: Majuscule
21-06-17 02:19:55 [INFO] [OctoBans] Remil punished coleosse for: Majuscule
21-06-17 02:24:05 [INFO] [OctoBans] hatemxpala sql checked, record: incitationflood by SnowEffect to 1498041027
21-06-17 02:34:09 [INFO] [OctoBans] Remil punished simard2003 for: Provocation
21-06-17 02:44:16 [INFO] [OctoBans] Steph078 punished devastateur for: Langage incorrect
21-06-17 03:03:09 [INFO] [OctoBans] grenousse_pvp sql checked, record: spammp by YTB_XxKarnageXx to -1
21-06-17 03:16:49 [INFO] [OctoBans] enzopvp sql checked, record: incitationflood by PseudoNul to 1498052784
21-06-17 03:43:07 [INFO] [OctoBans] Remil punished 434 for: Double Poste
21-06-17 03:55:32 [INFO] [OctoBans] Remil punished _slayd_ for: Spam/flood
21-06-17 04:10:26 [INFO] [OctoBans] Remil punished itskill3rxt for: Spam/flood
21-06-17 05:46:38 [INFO] [OctoBans] savatoi sql checked, record: incitationflood by SuperJojo to 1498071035
21-06-17 06:01:02 [INFO] [OctoBans] Disabling OctoBans v1.0
