23-11-17 22:31:42 [INFO] [OctoBans] File Handler successfully initialized!
23-11-17 22:31:42 [INFO] [OctoBans] SQL connection successfully etablished
23-11-17 22:31:42 [INFO] [OctoBans] Moderator Tools by Octonia.
23-11-17 22:31:47 [INFO] [OctoBans] mgk_tozzzz sql checked, record: spammp by drbrine to -1
23-11-17 22:31:47 [INFO] [OctoBans] zlkayzen sql checked, record: spammp by SmooKeur to -1
23-11-17 22:31:47 [INFO] [OctoBans] zlkayzen sql checked, record: spammp by Evolze to -1
23-11-17 22:31:47 [INFO] [OctoBans] zlkayzen sql checked, record: insultegrave by Evolze to 1511490403
23-11-17 22:31:47 [INFO] [OctoBans] icesword sql checked, record: insultegrave by NeyTox to 1511604340
23-11-17 22:31:47 [INFO] [OctoBans] noirafricain sql checked, record: spammp by Zoseq to -1
23-11-17 22:31:47 [INFO] [OctoBans] aexraptorz sql checked, record: spammp by Remil to -1
23-11-17 22:31:47 [INFO] [OctoBans] swichdi sql checked, record: spammp by Gamer09 to -1
23-11-17 22:31:47 [INFO] [OctoBans] keezy sql checked, record: spammp by LeRe to -1
23-11-17 22:31:47 [INFO] [OctoBans] keezy sql checked, record: spammp by LeRe to -1
23-11-17 22:31:48 [INFO] [OctoBans] fiask0 sql checked, record: spammp by FiasK0 to -1
23-11-17 22:31:49 [INFO] [OctoBans] aparia sql checked, record: spammp by pepedjo to -1
23-11-17 22:31:49 [INFO] [OctoBans] aparia sql checked, record: spammp by pepedjo to -1
23-11-17 22:31:49 [INFO] [OctoBans] aparia sql checked, record: spammp by Evolze to -1
23-11-17 22:31:50 [INFO] [OctoBans] thetombolla sql checked, record: spammp by EGGSPLOSION to -1
23-11-17 22:31:50 [INFO] [OctoBans] snoxx_ sql checked, record: spammp by Kyabe to -1
23-11-17 22:31:50 [INFO] [OctoBans] snoxx_ sql checked, record: spammp by Zoseq to -1
23-11-17 22:31:50 [INFO] [OctoBans] snoxx_ sql checked, record: spammp by tinmar to -1
23-11-17 22:31:50 [INFO] [OctoBans] snoxx_ sql checked, record: spammp by tinmar to -1
23-11-17 22:31:54 [INFO] [OctoBans] jesuislepepsi sql checked, record: spammp by infinitim to -1
23-11-17 22:31:54 [INFO] [OctoBans] jesuislepepsi sql checked, record: spammp by infinitim to -1
23-11-17 22:32:11 [INFO] [OctoBans] pioupiou2003 sql checked, record: spammp by FiasK0 to -1
23-11-17 22:32:21 [INFO] [OctoBans] romudu269 sql checked, record: provocation by Gamer09 to 1511481465
23-11-17 22:32:32 [INFO] [OctoBans] wilson84 sql checked, record: spammp by OCIP_Matth to -1
23-11-17 22:32:32 [INFO] [OctoBans] wilson84 sql checked, record: spammp by ToXiCz_TV to -1
23-11-17 22:33:32 [INFO] [OctoBans] kimoli sql checked, record: spammp by NeyTox to -1
23-11-17 22:33:32 [INFO] [OctoBans] kimoli sql checked, record: spammp by NeyTox to -1
23-11-17 22:33:32 [INFO] [OctoBans] kimoli sql checked, record: spammp by NeyTox to -1
23-11-17 22:33:32 [INFO] [OctoBans] kimoli sql checked, record: spammp by NeyTox to -1
23-11-17 22:33:32 [INFO] [OctoBans] kimoli sql checked, record: spammp by NeyTox to -1
23-11-17 22:33:32 [INFO] [OctoBans] kimoli sql checked, record: spammp by NeyTox to -1
23-11-17 22:33:32 [INFO] [OctoBans] kimoli sql checked, record: spammp by NeyTox to -1
23-11-17 22:33:32 [INFO] [OctoBans] kimoli sql checked, record: spammp by NeyTox to -1
23-11-17 22:33:32 [INFO] [OctoBans] kimoli sql checked, record: spammp by NeyTox to -1
23-11-17 22:33:32 [INFO] [OctoBans] kimoli sql checked, record: spammp by Remil to -1
23-11-17 22:33:32 [INFO] [OctoBans] kimoli sql checked, record: doubleposte by OCIP_Matth to 1511474104
23-11-17 22:33:36 [INFO] [OctoBans] kikoo53000 sql checked, record: spammp by ToXiCz_TV to -1
23-11-17 22:33:57 [INFO] [OctoBans] darryl1 sql checked, record: spammp by FiasK0 to -1
23-11-17 22:33:57 [INFO] [OctoBans] darryl1 sql checked, record: doubleposte by FiasK0 to 1511473599
23-11-17 22:34:19 [INFO] [OctoBans] virocl sql checked, record: spammp by drbrine to -1
23-11-17 22:34:22 [INFO] [OctoBans] Zayrox29 punished opalephisla for: Double Poste
23-11-17 22:34:30 [INFO] [OctoBans] sangoku sql checked, record: doubleposte by NeyTox to 1511473141
23-11-17 22:34:31 [INFO] [OctoBans] Zayrox29 punished clashdu45 for: Double Poste
23-11-17 22:34:36 [INFO] [OctoBans] Zayrox29 punished jesuislepepsi for: Spam/flood
23-11-17 22:39:03 [INFO] [OctoBans] superb3b3 sql checked, record: spammp by Evolze to -1
23-11-17 22:39:03 [INFO] [OctoBans] superb3b3 sql checked, record: spammp by Evolze to -1
23-11-17 22:39:03 [INFO] [OctoBans] superb3b3 sql checked, record: spammp by OCIP_Matth to -1
23-11-17 23:14:51 [INFO] [OctoBans] OCIP_Matth punished thepopspvp for: Double Poste
23-11-17 23:14:58 [INFO] [OctoBans] FiasK0 punished aparia for: Spam/flood en MP
23-11-17 23:19:11 [INFO] [OctoBans] FiasK0 punished fightcrystal for: Double Poste
23-11-17 23:20:14 [INFO] [OctoBans] inquisiteur1 sql checked, record: spammp by LaKitaw to -1
23-11-17 23:20:14 [INFO] [OctoBans] inquisiteur1 sql checked, record: spammp by Frite_Merguez to -1
23-11-17 23:20:40 [INFO] [OctoBans] LaKitaw punished mathlem for: Spam/flood
23-11-17 23:21:53 [INFO] [OctoBans] LaKitaw punished scoreblock for: Spam/flood
23-11-17 23:31:49 [INFO] [OctoBans] FiasK0 punished aexraptorz for: Majuscule
23-11-17 23:43:10 [INFO] [OctoBans] FiasK0 punished pierrerlc for: Double Poste
23-11-17 23:44:54 [INFO] [OctoBans] FiasK0 punished firlo for: Double Poste
23-11-17 23:45:02 [INFO] [OctoBans] maxoupvp sql checked, record: spammp by LeRe to -1
24-11-17 00:06:03 [INFO] [OctoBans] FiasK0 punished thepopspvp for: Double Poste
24-11-17 01:10:00 [INFO] [OctoBans] killerboydu13 sql checked, record: spammp by Evolze to -1
24-11-17 01:10:00 [INFO] [OctoBans] killerboydu13 sql checked, record: spammp by KelianHD to -1
24-11-17 01:10:00 [INFO] [OctoBans] killerboydu13 sql checked, record: spammp by OCIP_Matth to -1
24-11-17 06:01:01 [INFO] [OctoBans] Disabling OctoBans v1.0
