13-06-17 22:31:42 [INFO] [OctoBans] File Handler successfully initialized!
13-06-17 22:31:42 [INFO] [OctoBans] SQL connection successfully etablished
13-06-17 22:31:42 [INFO] [OctoBans] Moderator Tools by Octonia.
13-06-17 22:31:46 [INFO] [OctoBans] acos79 sql checked, record: spammp by YTB_XxKarnageXx to -1
13-06-17 22:31:46 [INFO] [OctoBans] acos79 sql checked, record: spammp by Steph078 to -1
13-06-17 22:31:46 [INFO] [OctoBans] superjojo sql checked, record: spammp by SkyKosIV to -1
13-06-17 22:31:46 [INFO] [OctoBans] superjojo sql checked, record: spammp by Blubfire to -1
13-06-17 22:31:46 [INFO] [OctoBans] itz_smokew33d sql checked, record: spammp by Remil to -1
13-06-17 22:31:46 [INFO] [OctoBans] singe_de_telfort sql checked, record: spammp by SuperJojo to -1
13-06-17 22:31:46 [INFO] [OctoBans] singe_de_telfort sql checked, record: kickautre by Steph078 to -1
13-06-17 22:31:46 [INFO] [OctoBans] singe_de_telfort sql checked, record: spammp by SuperJojo to -1
13-06-17 22:31:46 [INFO] [OctoBans] singe_de_telfort sql checked, record: spammp by SkyKosIV to -1
13-06-17 22:31:46 [INFO] [OctoBans] singe_de_telfort sql checked, record: spammp by YTB_XxKarnageXx to -1
13-06-17 22:31:46 [INFO] [OctoBans] singe_de_telfort sql checked, record: majuscule by Forway to 1497386084
13-06-17 22:31:46 [INFO] [OctoBans] cerealekilleur sql checked, record: doubleposte by SuperJojo to 1497386410
13-06-17 22:31:46 [INFO] [OctoBans] lassa18 sql checked, record: spammp by Remil to -1
13-06-17 22:31:46 [INFO] [OctoBans] lassa18 sql checked, record: spammp by Remil to -1
13-06-17 22:31:46 [INFO] [OctoBans] v0rtexneokilleur sql checked, record: spammp by YTB_XxKarnageXx to -1
13-06-17 22:31:53 [INFO] [OctoBans] matgone01 sql checked, record: spammp by ZerKup to -1
13-06-17 22:31:54 [INFO] [OctoBans] mire sql checked, record: spammp by YTB_XxKarnageXx to -1
13-06-17 22:31:54 [INFO] [OctoBans] mire sql checked, record: spammp by SuperJojo to -1
13-06-17 22:31:54 [INFO] [OctoBans] craziix_eu sql checked, record: spammp by Remil to -1
13-06-17 22:32:01 [INFO] [OctoBans] ruth_skwiz sql checked, record: spammp by Remil to -1
13-06-17 22:32:32 [INFO] [OctoBans] _kheyzz_ sql checked, record: spammp by SuperJojo to -1
13-06-17 22:32:35 [INFO] [OctoBans] tipi201 sql checked, record: kickautre by ZerKup to -1
13-06-17 22:32:44 [INFO] [OctoBans] erinoxlx sql checked, record: kickautre by Steph078 to -1
13-06-17 22:33:12 [INFO] [OctoBans] xelio57 sql checked, record: spammp by SnowEffect to -1
13-06-17 22:33:27 [INFO] [OctoBans] biguiboss31 sql checked, record: spammp by PseudoNul to -1
13-06-17 22:33:34 [INFO] [OctoBans] gismo2806 sql checked, record: insultegrave by Remil to 1497391979
13-06-17 22:33:41 [INFO] [OctoBans] alberic sql checked, record: spammp by Remil to -1
13-06-17 22:33:47 [INFO] [OctoBans] _hello_kitty sql checked, record: spammp by Remil to -1
13-06-17 22:33:47 [INFO] [OctoBans] _hello_kitty sql checked, record: spammp by SuperJojo to -1
13-06-17 22:33:55 [INFO] [OctoBans] ocip_matth sql checked, record: spammp by ZerKup to -1
13-06-17 22:33:55 [INFO] [OctoBans] ocip_matth sql checked, record: spammp by SuperJojo to -1
13-06-17 22:33:55 [INFO] [OctoBans] ocip_matth sql checked, record: kickautre by Steph078 to -1
13-06-17 22:34:13 [INFO] [OctoBans] SuperJojo punished blackzik_ for: Majuscule
13-06-17 22:34:40 [INFO] [OctoBans] allanyolo sql checked, record: spammp by PseudoNul to -1
13-06-17 22:35:04 [INFO] [OctoBans] by_fayth sql checked, record: langage by SuperJojo to 1497387126
13-06-17 22:35:07 [INFO] [OctoBans] _supreme_gamer_ sql checked, record: spammp by SnowEffect to -1
13-06-17 22:35:29 [INFO] [OctoBans] _propvp_ sql checked, record: incitationflood by SnowEffect to 1497465126
13-06-17 22:36:07 [INFO] [OctoBans] shouteur sql checked, record: spammp by Remil to -1
13-06-17 22:36:07 [INFO] [OctoBans] shouteur sql checked, record: spammp by SuperJojo to -1
13-06-17 22:36:35 [INFO] [OctoBans] ZerKup punished matgone01 for: Spam/flood
13-06-17 22:39:46 [INFO] [OctoBans] drkiritoz_ sql checked, record: spammp by YTB_XxKarnageXx to -1
13-06-17 22:45:27 [INFO] [OctoBans] SuperJojo punished lassa18 for: Double Poste
13-06-17 22:45:30 [INFO] [OctoBans] SuperJojo punished craziix_eu for: Double Poste
13-06-17 22:45:32 [INFO] [OctoBans] Remil punished _hello_kitty for: Double Poste
13-06-17 22:45:37 [INFO] [OctoBans] Remil punished sam_pvp1996 for: Double Poste
13-06-17 22:45:42 [INFO] [OctoBans] maxougaming sql checked, record: spammp by PseudoNul to -1
13-06-17 22:45:42 [INFO] [OctoBans] maxougaming sql checked, record: spammp by PseudoNul to -1
13-06-17 22:45:58 [INFO] [OctoBans] Remil punished lepapadesampvp for: Double Poste
13-06-17 22:50:09 [INFO] [OctoBans] blackwhite010 sql checked, record: spammp by PseudoNul to -1
13-06-17 22:50:45 [INFO] [OctoBans] trd_kawiz sql checked, record: menacehack by Steph078 to 1497401642
13-06-17 22:51:04 [INFO] [OctoBans] Tybou punished yalin for: Langage incorrect
13-06-17 22:55:29 [INFO] [OctoBans] SuperJojo punished misterblazing for: Langage incorrect
13-06-17 22:56:10 [INFO] [OctoBans] fabio sql checked, record: spammp by Remil to -1
13-06-17 22:56:10 [INFO] [OctoBans] fabio sql checked, record: insultegrave by Tybou to 1497428714
13-06-17 22:56:11 [INFO] [OctoBans] mini_cookies sql checked, record: spammp by YTB_XxKarnageXx to -1
13-06-17 22:58:04 [INFO] [OctoBans] _newworker_ sql checked, record: faussesinfos by Theo97 to 1497409993
13-06-17 22:59:42 [INFO] [OctoBans] hayden_frost sql checked, record: spammp by PseudoNul to -1
13-06-17 23:00:12 [INFO] [OctoBans] akazede sql checked, record: insultegrave by 54melih54 to 1497411929
13-06-17 23:02:10 [INFO] [OctoBans] badounoux sql checked, record: spammp by ZerKup to -1
13-06-17 23:06:42 [INFO] [OctoBans] shetters sql checked, record: insultegrave by Forway to 1497402588
13-06-17 23:07:35 [INFO] [OctoBans] Chirak_sama punished craziix_eu for: Double Poste
13-06-17 23:10:06 [INFO] [OctoBans] walterwhite sql checked, record: spammp by SuperJojo to -1
13-06-17 23:10:06 [INFO] [OctoBans] walterwhite sql checked, record: insultestaff by Forway to 1497625678
13-06-17 23:13:00 [INFO] [OctoBans] Tybou punished makance for: Double Poste
13-06-17 23:15:29 [INFO] [OctoBans] SuperJojo punished soufian for: Spam/flood
13-06-17 23:15:49 [INFO] [OctoBans] Tybou punished soufian for: Spam/flood
13-06-17 23:17:28 [INFO] [OctoBans] by_kw3e sql checked, record: kickautre by Antoine57565 to -1
13-06-17 23:22:00 [INFO] [OctoBans] cocacola62 sql checked, record: spammp by SuperJojo to -1
13-06-17 23:22:00 [INFO] [OctoBans] cocacola62 sql checked, record: spammp by SuperJojo to -1
13-06-17 23:22:00 [INFO] [OctoBans] cocacola62 sql checked, record: spammp by SuperJojo to -1
13-06-17 23:22:48 [INFO] [OctoBans] Tybou punished luluplaying for: Double Poste
13-06-17 23:29:06 [INFO] [OctoBans] ZerKup punished riptavie for: Spam/flood
13-06-17 23:29:38 [INFO] [OctoBans] ZerKup punished riptavie for: Fausses informations
13-06-17 23:29:44 [INFO] [OctoBans] steph078 sql checked, record: spammp by Blubfire to -1
13-06-17 23:29:44 [INFO] [OctoBans] steph078 sql checked, record: spammp by Blubfire to -1
13-06-17 23:33:31 [INFO] [OctoBans] grenousse_pvp sql checked, record: spammp by YTB_XxKarnageXx to -1
13-06-17 23:34:21 [INFO] [OctoBans] blackstars301 sql checked, record: faussesinfos by Remil to 1497472109
13-06-17 23:36:37 [INFO] [OctoBans] Tybou punished rengar59 for: Double Poste
13-06-17 23:41:04 [INFO] [OctoBans] Tybou punished yolopvp for: Provocation
13-06-17 23:56:25 [INFO] [OctoBans] Remil punished gigidix for: Majuscule
13-06-17 23:59:21 [INFO] [OctoBans] Remil punished tom05120 for: Double Poste
14-06-17 00:12:33 [INFO] [OctoBans] imdylan sql checked, record: spammp by SnowEffect to -1
14-06-17 00:14:29 [INFO] [OctoBans] Chirak_sama punished tom05120 for: Double Poste
14-06-17 00:18:07 [INFO] [OctoBans] stickfly sql checked, record: spammp by SnowEffect to -1
14-06-17 00:25:22 [INFO] [OctoBans] Chirak_sama punished blackzik_ for: Majuscule
14-06-17 00:28:07 [INFO] [OctoBans] toledo sql checked, record: spammp by Remil to -1
14-06-17 00:34:24 [INFO] [OctoBans] Chirak_sama punished elwin for: Langage incorrect
14-06-17 00:37:25 [INFO] [OctoBans] samybg sql checked, record: spammp by Remil to -1
14-06-17 00:38:24 [INFO] [OctoBans] Chirak_sama punished nassim698 for: Insulte grave
14-06-17 00:44:14 [INFO] [OctoBans] siplyoyt sql checked, record: spammp by PseudoNul to -1
14-06-17 00:49:09 [INFO] [OctoBans] Remil punished toledo for: Double Poste
14-06-17 00:57:04 [INFO] [OctoBans] Remil punished tom05120 for: Double Poste
14-06-17 01:15:28 [INFO] [OctoBans] sportek_ sql checked, record: spammp by SkyKosIV to -1
14-06-17 01:18:18 [INFO] [OctoBans] Chirak_sama punished virtl_skymodz for: Provocation
14-06-17 01:18:44 [INFO] [OctoBans] Chirak_sama punished wiindows for: Provocation
14-06-17 01:32:43 [INFO] [OctoBans] Remil punished xxfire_dxx for: Double Poste
14-06-17 01:36:12 [INFO] [OctoBans] Remil punished shimo_ for: Provocation
14-06-17 01:39:37 [INFO] [OctoBans] LeSheitan punished didier for: Majuscule
14-06-17 01:43:04 [INFO] [OctoBans] LeSheitan punished tom05120 for: Majuscule
14-06-17 01:46:10 [INFO] [OctoBans] LeSheitan punished _hello_kitty for: Provocation
14-06-17 02:05:16 [INFO] [OctoBans] LeSheitan punished snap for: Insulte grave
14-06-17 02:10:20 [INFO] [OctoBans] LeSheitan punished thehardtrox for: Double Poste
14-06-17 02:10:41 [INFO] [OctoBans] LeSheitan punished grenousse_pvp for: Langage incorrect
14-06-17 05:55:22 [INFO] [OctoBans] zeroghoster sql checked, record: spammp by YTB_XxKarnageXx to -1
14-06-17 05:55:22 [INFO] [OctoBans] zeroghoster sql checked, record: spammp by SnowEffect to -1
14-06-17 06:01:02 [INFO] [OctoBans] Disabling OctoBans v1.0
