29-12-17 22:31:43 [INFO] [OctoBans] File Handler successfully initialized!
29-12-17 22:31:43 [INFO] [OctoBans] SQL connection successfully etablished
29-12-17 22:31:43 [INFO] [OctoBans] Moderator Tools by Octonia.
29-12-17 22:31:48 [INFO] [OctoBans] chromaaa_ sql checked, record: spammp by WeeZix to -1
29-12-17 22:31:48 [INFO] [OctoBans] grospvp sql checked, record: spammp by EGGSPLOSION to -1
29-12-17 22:31:48 [INFO] [OctoBans] grospvp sql checked, record: spam by YTB_XxKarnageXx to 1514616641
29-12-17 22:32:58 [INFO] [OctoBans] manudesav sql checked, record: insultegrave by D3adOrSnipSurYTB to 1514639873
29-12-17 22:33:01 [INFO] [OctoBans] pouletgriller sql checked, record: spammp by Gamer09 to -1
29-12-17 22:33:01 [INFO] [OctoBans] pouletgriller sql checked, record: spammp by ToXiCz_TV to -1
29-12-17 22:33:01 [INFO] [OctoBans] pouletgriller sql checked, record: spammp by OCIP_Matth to -1
29-12-17 22:33:06 [INFO] [OctoBans] dozz_ytb sql checked, record: spammp by WeeZix to -1
29-12-17 22:33:17 [INFO] [OctoBans] friphiano sql checked, record: spammp by atsuky to -1
29-12-17 22:33:26 [INFO] [OctoBans] softspringer sql checked, record: spammp by LaKitaw to -1
29-12-17 22:33:26 [INFO] [OctoBans] softspringer sql checked, record: insultegrave by Zayrox29 to 1514595701
29-12-17 22:39:17 [INFO] [OctoBans] thomas62200 sql checked, record: spammp by atsuky to -1
29-12-17 22:39:24 [INFO] [OctoBans] zeynox sql checked, record: spammp by Zayrox29 to -1
29-12-17 22:39:24 [INFO] [OctoBans] zeynox sql checked, record: spammp by Zoseq to -1
29-12-17 22:39:24 [INFO] [OctoBans] zeynox sql checked, record: spammp by LaKitaw to -1
29-12-17 22:39:24 [INFO] [OctoBans] zeynox sql checked, record: spammp by LaKitaw to -1
29-12-17 22:39:24 [INFO] [OctoBans] zeynox sql checked, record: spammp by LaKitaw to -1
29-12-17 22:39:24 [INFO] [OctoBans] zeynox sql checked, record: spammp by D3adOrSnipSurYTB to -1
29-12-17 22:39:41 [INFO] [OctoBans] diodu sql checked, record: spammp by Gamer09 to -1
29-12-17 22:40:16 [INFO] [OctoBans] game_onstar sql checked, record: spam by Zayrox29 to 1514588025
29-12-17 22:40:19 [INFO] [OctoBans] x4gaming sql checked, record: spammp by D3adOrSnipSurYTB to -1
29-12-17 22:40:19 [INFO] [OctoBans] x4gaming sql checked, record: spammp by atsuky to -1
29-12-17 22:40:22 [INFO] [OctoBans] maxougaming sql checked, record: spammp by Ceraiste to -1
29-12-17 22:40:22 [INFO] [OctoBans] maxougaming sql checked, record: spammp by EW3L to -1
29-12-17 22:40:22 [INFO] [OctoBans] maxougaming sql checked, record: spammp by FiasK0 to -1
29-12-17 22:40:22 [INFO] [OctoBans] maxougaming sql checked, record: spammp by FNGOD to -1
29-12-17 22:40:33 [INFO] [OctoBans] tigro17 sql checked, record: spammp by ToXiCz_TV to -1
29-12-17 22:40:33 [INFO] [OctoBans] tigro17 sql checked, record: spammp by WeeZix to -1
29-12-17 22:40:35 [INFO] [OctoBans] lefifoudu3 sql checked, record: spammp by EW3L to -1
29-12-17 22:40:35 [INFO] [OctoBans] lefifoudu3 sql checked, record: spammp by EW3L to -1
29-12-17 22:40:35 [INFO] [OctoBans] lefifoudu3 sql checked, record: spammp by Koeseb97 to -1
29-12-17 22:40:35 [INFO] [OctoBans] lefifoudu3 sql checked, record: spammp by LaKitaw to -1
29-12-17 22:40:35 [INFO] [OctoBans] lefifoudu3 sql checked, record: spammp by SkillBOotiiS to -1
29-12-17 22:40:35 [INFO] [OctoBans] lefifoudu3 sql checked, record: spammp by zlKayzen to -1
29-12-17 22:40:35 [INFO] [OctoBans] lefifoudu3 sql checked, record: spammp by MrBlaze77 to -1
29-12-17 22:40:35 [INFO] [OctoBans] lefifoudu3 sql checked, record: spammp by atsuky to -1
29-12-17 22:40:35 [INFO] [OctoBans] lefifoudu3 sql checked, record: spammp by atsuky to -1
29-12-17 22:40:35 [INFO] [OctoBans] lefifoudu3 sql checked, record: spammp by drbrine to -1
29-12-17 22:40:35 [INFO] [OctoBans] lefifoudu3 sql checked, record: spammp by drbrine to -1
29-12-17 22:40:35 [INFO] [OctoBans] lefifoudu3 sql checked, record: insultegrave by drbrine to 1514646973
29-12-17 22:40:35 [INFO] [OctoBans] pepsicoca sql checked, record: spammp by FiasK0 to -1
29-12-17 22:40:36 [INFO] [OctoBans] onflyenrec sql checked, record: spammp by Antoine57565 to -1
29-12-17 22:41:06 [INFO] [OctoBans] lucastyle sql checked, record: spammp by LeRe to -1
29-12-17 22:41:44 [INFO] [OctoBans] byzoo sql checked, record: spammp by PseudooNull to -1
29-12-17 22:41:44 [INFO] [OctoBans] byzoo sql checked, record: spammp by PseudooNull to -1
29-12-17 22:41:44 [INFO] [OctoBans] byzoo sql checked, record: spam by EGGSPLOSION to 1514587831
29-12-17 22:41:59 [INFO] [OctoBans] swokip sql checked, record: spammp by SkillBOotiiS to -1
29-12-17 22:42:08 [INFO] [OctoBans] hayden_frost sql checked, record: spammp by OCIP_Matth to -1
29-12-17 22:42:10 [INFO] [OctoBans] xx_after_xx sql checked, record: spammp by FiasK0 to -1
29-12-17 22:42:11 [INFO] [OctoBans] karlwill sql checked, record: spammp by Gamer09 to -1
29-12-17 22:42:11 [INFO] [OctoBans] karlwill sql checked, record: spammp by LeRe to -1
29-12-17 22:42:12 [INFO] [OctoBans] mrkebab sql checked, record: insultegrave by Zayrox29 to 1514818583
29-12-17 22:42:16 [INFO] [OctoBans] imjeezk sql checked, record: spammp by Gamer09 to -1
29-12-17 22:42:16 [INFO] [OctoBans] imjeezk sql checked, record: spammp by OCIP_Matth to -1
29-12-17 22:42:16 [INFO] [OctoBans] imjeezk sql checked, record: spammp by NiceFR to -1
29-12-17 22:42:17 [INFO] [OctoBans] lethugdu46 sql checked, record: spammp by LaKitaw to -1
29-12-17 22:42:17 [INFO] [OctoBans] lethugdu46 sql checked, record: spammp by Hkz_Skillon to -1
29-12-17 22:42:23 [INFO] [OctoBans] fabio sql checked, record: spammp by zlKayzen to -1
29-12-17 22:42:23 [INFO] [OctoBans] fabio sql checked, record: spammp by WeeZix to -1
29-12-17 22:42:23 [INFO] [OctoBans] fabio sql checked, record: spammp by D3adOrSnipSurYTB to -1
29-12-17 22:42:23 [INFO] [OctoBans] fabio sql checked, record: provocation by SkillBOotiiS to 1514584976
29-12-17 22:42:37 [INFO] [OctoBans] le_clodov2 sql checked, record: spammp by ToXiCz_TV to -1
29-12-17 22:42:37 [INFO] [OctoBans] le_clodov2 sql checked, record: spammp by FamousxRay to -1
29-12-17 22:42:42 [INFO] [OctoBans] flo_theking sql checked, record: spammp by PseudooNull to -1
29-12-17 22:43:10 [INFO] [OctoBans] azenpvp sql checked, record: spammp by D3adOrSnipSurYTB to -1
29-12-17 22:43:32 [INFO] [OctoBans] _rubilax sql checked, record: spammp by OCIP_Matth to -1
29-12-17 22:43:43 [INFO] [OctoBans] mayeul sql checked, record: spammp by SmooKeur to -1
29-12-17 22:44:06 [INFO] [OctoBans] bardaxx_ sql checked, record: spammp by Zoseq to -1
29-12-17 22:44:43 [INFO] [OctoBans] rubyyy123 sql checked, record: spammp by SmooKeur to -1
29-12-17 22:45:13 [INFO] [OctoBans] reborncreep sql checked, record: spammp by drbrine to -1
29-12-17 22:46:18 [INFO] [OctoBans] thedindin2004 sql checked, record: insultegrave by EGGSPLOSION to 1514591141
29-12-17 22:46:39 [INFO] [OctoBans] lucas94350 sql checked, record: spammp by Kyabe to -1
29-12-17 22:47:03 [INFO] [OctoBans] logankillers sql checked, record: spammp by woimant to -1
29-12-17 22:47:04 [INFO] [OctoBans] prozeur sql checked, record: spammp by LaKitaw to -1
29-12-17 22:48:17 [INFO] [OctoBans] warrox_ sql checked, record: spammp by Bucky57 to -1
29-12-17 22:48:37 [INFO] [OctoBans] skhey sql checked, record: spammp by Remil to -1
29-12-17 22:48:40 [INFO] [OctoBans] dilili sql checked, record: spammp by ToXiCz_TV to -1
29-12-17 22:48:40 [INFO] [OctoBans] dilili sql checked, record: spammp by PseudooNull to -1
29-12-17 22:49:08 [INFO] [OctoBans] taiko55 sql checked, record: spammp by PseudooNull to -1
29-12-17 22:49:20 [INFO] [OctoBans] _topui_ sql checked, record: spammp by EW3L to -1
29-12-17 22:49:20 [INFO] [OctoBans] _topui_ sql checked, record: spammp by MrKebab to -1
29-12-17 22:49:49 [INFO] [OctoBans] sohard_ sql checked, record: spammp by OCIP_Matth to -1
29-12-17 22:50:12 [INFO] [OctoBans] dicob sql checked, record: spammp by Remil to -1
29-12-17 22:52:34 [INFO] [OctoBans] firexpower666_ sql checked, record: spammp by tinmar to -1
29-12-17 22:53:02 [INFO] [OctoBans] NeyTox punished lethugdu46 for: Insulte grave
29-12-17 22:54:01 [INFO] [OctoBans] theohand sql checked, record: spam by SkillBOotiiS to 1514592896
29-12-17 22:54:01 [INFO] [OctoBans] theohand sql checked, record: spam by SkillBOotiiS to 1514606302
29-12-17 22:55:43 [INFO] [OctoBans] epedrakesse sql checked, record: spammp by YTB_XxKarnageXx to -1
29-12-17 22:57:17 [INFO] [OctoBans] zig4d0 sql checked, record: spammp by Remil to -1
29-12-17 23:01:19 [INFO] [OctoBans] Gamer09 punished udaqq_ for: Spam/flood
29-12-17 23:05:05 [INFO] [OctoBans] noragev12 sql checked, record: spammp by Shainko to -1
29-12-17 23:07:05 [INFO] [OctoBans] ramex sql checked, record: spam by YTB_XxKarnageXx to 1514585353
29-12-17 23:07:18 [INFO] [OctoBans] thedarck sql checked, record: spammp by ToXiCz_TV to -1
29-12-17 23:07:18 [INFO] [OctoBans] thedarck sql checked, record: spammp by OCIP_Matth to -1
29-12-17 23:08:27 [INFO] [OctoBans] yolpe89 sql checked, record: insultegrave by NiceFR to 1514611743
29-12-17 23:10:38 [INFO] [OctoBans] aexraptorz sql checked, record: spammp by Remil to -1
29-12-17 23:10:38 [INFO] [OctoBans] aexraptorz sql checked, record: spammp by PseudooNull to -1
29-12-17 23:10:41 [INFO] [OctoBans] mcfleury sql checked, record: spammp by Koeseb97 to -1
29-12-17 23:11:12 [INFO] [OctoBans] norgonz sql checked, record: spammp by SkyKosIV to -1
29-12-17 23:16:08 [INFO] [OctoBans] autoclick_pvp sql checked, record: spammp by FiasK0 to -1
29-12-17 23:19:26 [INFO] [OctoBans] anguille sql checked, record: spammp by Remil to -1
29-12-17 23:19:26 [INFO] [OctoBans] anguille sql checked, record: spammp by FiasK0 to -1
29-12-17 23:19:26 [INFO] [OctoBans] anguille sql checked, record: spammp by tinmar to -1
29-12-17 23:19:43 [INFO] [OctoBans] _zwiiko_ sql checked, record: spammp by Zayrox29 to -1
29-12-17 23:21:34 [INFO] [OctoBans] youmakemelol sql checked, record: spammp by EW3L to -1
29-12-17 23:22:21 [INFO] [OctoBans] nicerush sql checked, record: spammp by Evolze to -1
29-12-17 23:22:21 [INFO] [OctoBans] nicerush sql checked, record: spammp by OCIP_Matth to -1
29-12-17 23:23:14 [INFO] [OctoBans] ytbibossyt sql checked, record: spammp by atsuky to -1
29-12-17 23:23:38 [INFO] [OctoBans] batte sql checked, record: spammp by yeti2001vd to -1
29-12-17 23:24:31 [INFO] [OctoBans] mrfire19 sql checked, record: spammp by atsuky to -1
29-12-17 23:26:02 [INFO] [OctoBans] giodu4 sql checked, record: insultegrave by Zayrox29 to 1514610896
29-12-17 23:27:21 [INFO] [OctoBans] algorskis_yt sql checked, record: spammp by SmooKeur to -1
29-12-17 23:27:21 [INFO] [OctoBans] algorskis_yt sql checked, record: spammp by Antoine57565 to -1
29-12-17 23:29:09 [INFO] [OctoBans] chocapik_ sql checked, record: spammp by EW3L to -1
29-12-17 23:30:10 [INFO] [OctoBans] woimant punished gramatik for: Spam/flood en MP
29-12-17 23:30:14 [INFO] [OctoBans] bloodgamer25 sql checked, record: spammp by FiasK0 to -1
29-12-17 23:33:48 [INFO] [OctoBans] _theodu13_ sql checked, record: spammp by atsuky to -1
29-12-17 23:41:21 [INFO] [OctoBans] NeyTox punished bxnope for: Insulte grave
29-12-17 23:41:27 [INFO] [OctoBans] NeyTox punished zeynox for: Provocation
29-12-17 23:42:24 [INFO] [OctoBans] leminecraftien80 sql checked, record: spammp by PseudooNull to -1
29-12-17 23:43:43 [INFO] [OctoBans] Bucky57 punished chromaaa_ for: Provocation
29-12-17 23:45:12 [INFO] [OctoBans] troollgaming sql checked, record: spammp by Hkz_Skillon to -1
29-12-17 23:45:36 [INFO] [OctoBans] woimant punished molotof for: Provocation
29-12-17 23:49:18 [INFO] [OctoBans] zeusaupvp sql checked, record: spammp by OCIP_Matth to -1
29-12-17 23:50:31 [INFO] [OctoBans] snoxx_ sql checked, record: spammp by Kyabe to -1
29-12-17 23:50:31 [INFO] [OctoBans] snoxx_ sql checked, record: spammp by Zoseq to -1
29-12-17 23:50:31 [INFO] [OctoBans] snoxx_ sql checked, record: spammp by tinmar to -1
29-12-17 23:50:31 [INFO] [OctoBans] snoxx_ sql checked, record: spammp by tinmar to -1
29-12-17 23:50:31 [INFO] [OctoBans] snoxx_ sql checked, record: spammp by EW3L to -1
29-12-17 23:50:31 [INFO] [OctoBans] snoxx_ sql checked, record: incitationflood by SkillBOotiiS to 1514644793
30-12-17 00:08:04 [INFO] [OctoBans] maxoupvp sql checked, record: spammp by LeRe to -1
30-12-17 00:08:04 [INFO] [OctoBans] maxoupvp sql checked, record: spammp by drbrine to -1
30-12-17 00:08:04 [INFO] [OctoBans] maxoupvp sql checked, record: spammp by PseudooNull to -1
30-12-17 00:09:12 [INFO] [OctoBans] deniz sql checked, record: spammp by SmooKeur to -1
30-12-17 00:12:33 [INFO] [OctoBans] magi_fragz_yt sql checked, record: spammp by LeRe to -1
30-12-17 00:33:28 [INFO] [OctoBans] remil sql checked, record: spammp by FiasK0 to -1
30-12-17 00:35:53 [INFO] [OctoBans] progameur sql checked, record: spammp by FiasK0 to -1
30-12-17 00:35:53 [INFO] [OctoBans] progameur sql checked, record: spammp by D3adOrSnipSurYTB to -1
30-12-17 00:35:53 [INFO] [OctoBans] progameur sql checked, record: insultestaff by D3adOrSnipSurYTB to 1514600721
30-12-17 00:44:29 [INFO] [OctoBans] Bucky57 punished zeynox for: Insulte grave
30-12-17 00:45:21 [INFO] [OctoBans] deeprodole sql checked, record: spammp by Zayrox29 to -1
30-12-17 00:45:21 [INFO] [OctoBans] deeprodole sql checked, record: spammp by Zayrox29 to -1
30-12-17 00:52:31 [INFO] [OctoBans] ijonas_ sql checked, record: spammp by tinmar to -1
30-12-17 01:00:27 [INFO] [OctoBans] the_slash sql checked, record: spammp by pepedjo to -1
30-12-17 01:00:27 [INFO] [OctoBans] the_slash sql checked, record: spammp by drbrine to -1
30-12-17 01:00:27 [INFO] [OctoBans] the_slash sql checked, record: spammp by NeyTox to -1
30-12-17 01:00:27 [INFO] [OctoBans] the_slash sql checked, record: spammp by EW3L to -1
30-12-17 01:01:34 [INFO] [OctoBans] bokos sql checked, record: spammp by yeti2001vd to -1
30-12-17 01:01:34 [INFO] [OctoBans] bokos sql checked, record: spammp by yeti2001vd to -1
30-12-17 01:01:34 [INFO] [OctoBans] bokos sql checked, record: spammp by FNGOD to -1
30-12-17 01:01:34 [INFO] [OctoBans] bokos sql checked, record: spammp by EW3L to -1
30-12-17 01:01:34 [INFO] [OctoBans] bokos sql checked, record: spammp by FNGOD to -1
30-12-17 01:11:30 [INFO] [OctoBans] nrgx_sh4d0w sql checked, record: spammp by NeyTox to -1
30-12-17 01:18:37 [INFO] [OctoBans] ToXiCz_TV punished xxlololo55xx for: Spam/flood
30-12-17 01:23:04 [INFO] [OctoBans] potion2speed sql checked, record: spammp by FiasK0 to -1
30-12-17 01:23:04 [INFO] [OctoBans] potion2speed sql checked, record: spammp by FiasK0 to -1
30-12-17 01:43:45 [INFO] [OctoBans] Zayrox29 punished grizzlywarrior for: Insulte grave
30-12-17 01:44:01 [INFO] [OctoBans] zeynox sql checked, record: spammp by Zayrox29 to -1
30-12-17 01:44:01 [INFO] [OctoBans] zeynox sql checked, record: spammp by Zoseq to -1
30-12-17 01:44:01 [INFO] [OctoBans] zeynox sql checked, record: spammp by LaKitaw to -1
30-12-17 01:44:01 [INFO] [OctoBans] zeynox sql checked, record: spammp by LaKitaw to -1
30-12-17 01:44:01 [INFO] [OctoBans] zeynox sql checked, record: spammp by LaKitaw to -1
30-12-17 01:44:01 [INFO] [OctoBans] zeynox sql checked, record: spammp by D3adOrSnipSurYTB to -1
30-12-17 01:44:01 [INFO] [OctoBans] zeynox sql checked, record: insultegrave by Bucky57 to 1514879069
30-12-17 01:44:26 [INFO] [OctoBans] Zayrox29 punished potion2speed for: Spam/flood
30-12-17 01:47:06 [INFO] [OctoBans] Zayrox29 punished doomnight91 for: Spam/flood
30-12-17 01:53:25 [INFO] [OctoBans] skhey punished bokos for: Provocation
30-12-17 01:53:40 [INFO] [OctoBans] skhey punished leminecraftien80 for: Provocation
30-12-17 01:54:17 [INFO] [OctoBans] skhey punished werox for: Spam /f open
30-12-17 02:02:26 [INFO] [OctoBans] skhey punished zouka_ozl54 for: Spam /f open
30-12-17 02:08:58 [INFO] [OctoBans] sangoku sql checked, record: spammp by yeti2001vd to -1
30-12-17 02:08:58 [INFO] [OctoBans] sangoku sql checked, record: spammp by D3adOrSnipSurYTB to -1
30-12-17 02:11:05 [INFO] [OctoBans] skhey punished leminecraftien80 for: Spam/flood en MP
30-12-17 02:13:44 [INFO] [OctoBans] troll666 sql checked, record: spam by SkillBOotiiS to 1514599113
30-12-17 02:16:23 [INFO] [OctoBans] skhey punished maxoupvp for: Menace de hack
30-12-17 02:17:08 [INFO] [OctoBans] Zayrox29 punished geantfusee for: Insulte grave
30-12-17 02:20:33 [INFO] [OctoBans] killyan sql checked, record: spammp by EW3L to -1
30-12-17 02:20:41 [INFO] [OctoBans] Zayrox29 punished brookdu81 for: Provocation
30-12-17 02:35:10 [INFO] [OctoBans] keen0x sql checked, record: spammp by FNGOD to -1
30-12-17 02:38:24 [INFO] [OctoBans] Zayrox29 punished _zwiiko_ for: Insulte
30-12-17 02:42:38 [INFO] [OctoBans] Zayrox29 punished zey_y for: Provocation
30-12-17 03:10:24 [INFO] [OctoBans] lokyin sql checked, record: spammp by ToXiCz_TV to -1
30-12-17 03:27:37 [INFO] [OctoBans] Zayrox29 punished _sykablyt_ for: Spam/flood en MP
30-12-17 03:28:34 [INFO] [OctoBans] Zayrox29 punished _sykablyt_ for: Spam/flood en MP
30-12-17 03:30:18 [INFO] [OctoBans] skhey punished _sykablyt_ for: Spam /f open
30-12-17 03:53:35 [INFO] [OctoBans] skhey punished clash1406 for: Double Poste
30-12-17 03:55:34 [INFO] [OctoBans] mkdarkos sql checked, record: spammp by PseudooNull to -1
30-12-17 04:02:09 [INFO] [OctoBans] skhey punished friphiano for: Provocation
30-12-17 04:02:31 [INFO] [OctoBans] skhey punished leminecraftien80 for: Provocation
30-12-17 04:08:54 [INFO] [OctoBans] skhey punished biiper_ for: Langage incorrect
30-12-17 04:09:38 [INFO] [OctoBans] skhey punished snoxx_ for: Spam/flood en MP
30-12-17 04:12:45 [INFO] [OctoBans] skhey punished snoxx_ for: Spam/flood en MP
30-12-17 05:42:20 [INFO] [OctoBans] kalibadounoux sql checked, record: spammp by Remil to -1
30-12-17 06:01:01 [INFO] [OctoBans] Disabling OctoBans v1.0
