26-08-17 22:31:43 [INFO] [OctoBans] File Handler successfully initialized!
26-08-17 22:31:43 [INFO] [OctoBans] SQL connection successfully etablished
26-08-17 22:31:43 [INFO] [OctoBans] Moderator Tools by Octonia.
26-08-17 22:31:50 [INFO] [OctoBans] zkeaan sql checked, record: flood by FiasK0 to 1503781203
26-08-17 22:31:50 [INFO] [OctoBans] izi_les_byy sql checked, record: spammp by YTB_XxKarnageXx to -1
26-08-17 22:31:50 [INFO] [OctoBans] izi_les_byy sql checked, record: spammp by SuperJojo to -1
26-08-17 22:31:50 [INFO] [OctoBans] izi_les_byy sql checked, record: spammp by Remil to -1
26-08-17 22:31:50 [INFO] [OctoBans] izi_les_byy sql checked, record: insultestaff by Kyabe to 1503815246
26-08-17 22:31:50 [INFO] [OctoBans] wiindows sql checked, record: floodmp by Forway to -1
26-08-17 22:31:50 [INFO] [OctoBans] wiindows sql checked, record: spammp by Remil to -1
26-08-17 22:31:50 [INFO] [OctoBans] xxrandomxx sql checked, record: spammp by SmooKeur to -1
26-08-17 22:31:50 [INFO] [OctoBans] mathou_gaming_fr sql checked, record: spammp by Remil to -1
26-08-17 22:31:50 [INFO] [OctoBans] kfw_freezfire sql checked, record: flood by FiasK0 to 1503781182
26-08-17 22:31:50 [INFO] [OctoBans] sacha33340 sql checked, record: spammp by ZerKup to -1
26-08-17 22:31:50 [INFO] [OctoBans] sacha33340 sql checked, record: spammp by Remil to -1
26-08-17 22:31:50 [INFO] [OctoBans] sacha33340 sql checked, record: spammp by Remil to -1
26-08-17 22:31:50 [INFO] [OctoBans] sacha33340 sql checked, record: floodmp by Forway to -1
26-08-17 22:31:50 [INFO] [OctoBans] spashpvp sql checked, record: flood by FiasK0 to 1503781165
26-08-17 22:31:50 [INFO] [OctoBans] florian085 sql checked, record: majuscule by Wiindows to 1503780225
26-08-17 22:31:50 [INFO] [OctoBans] mkdarkos sql checked, record: floodmp by Forway to -1
26-08-17 22:31:50 [INFO] [OctoBans] mkdarkos sql checked, record: doubleposte by Kyabe to 1503784034
26-08-17 22:31:50 [INFO] [OctoBans] mkdarkos sql checked, record: spam by Kyabe to 1503793663
26-08-17 22:31:50 [INFO] [OctoBans] agentbidule sql checked, record: spammp by tinmar to -1
26-08-17 22:31:50 [INFO] [OctoBans] zeynox sql checked, record: spammp by Remil to -1
26-08-17 22:31:55 [INFO] [OctoBans] say__ sql checked, record: flood by Wiindows to 1503781012
26-08-17 22:31:55 [INFO] [OctoBans] say__ sql checked, record: insultestaff by Wiindows to 1503813441
26-08-17 22:32:01 [INFO] [OctoBans] garzan59 sql checked, record: insultestaff by Wiindows to 1503824209
26-08-17 22:32:01 [INFO] [OctoBans] garzan59 sql checked, record: insultegrave by Wiindows to 1503839924
26-08-17 22:32:01 [INFO] [OctoBans] garzan59 sql checked, record: spammp by Remil to -1
26-08-17 22:32:03 [INFO] [OctoBans] la_banane sql checked, record: doubleposte by zlKayzen to 1503781015
26-08-17 22:32:06 [INFO] [OctoBans] lefifoudu3 sql checked, record: insultegrave by Shainko to 1503872021
26-08-17 22:32:06 [INFO] [OctoBans] lefifoudu3 sql checked, record: insultegrave by Shainko to 1503916650
26-08-17 22:32:08 [INFO] [OctoBans] mindex45 sql checked, record: spammp by SnowEffect to -1
26-08-17 22:32:08 [INFO] [OctoBans] mindex45 sql checked, record: kickautre by NeosiaNexus to -1
26-08-17 22:33:03 [INFO] [OctoBans] nolaninomc sql checked, record: insultegrave by Shainko to 1503812504
26-08-17 22:33:12 [INFO] [OctoBans] isweezix sql checked, record: doubleposte by Kyabe to 1503781317
26-08-17 22:33:22 [INFO] [OctoBans] evan62370 sql checked, record: insultestaff by Shainko to 1503794041
26-08-17 22:33:30 [INFO] [OctoBans] wilson84 sql checked, record: kickautre by YTB_XxKarnageXx to -1
26-08-17 22:33:32 [INFO] [OctoBans] gangstardu59 sql checked, record: insultegrave by EGGSPLOSION to 1503839798
26-08-17 22:33:32 [INFO] [OctoBans] gangstardu59 sql checked, record: insultegrave by Remil to 1503971850
26-08-17 22:33:32 [INFO] [OctoBans] gangstardu59 sql checked, record: insultegrave by Shainko to 1504082706
26-08-17 22:33:36 [INFO] [OctoBans] shayloup sql checked, record: faussesinfos by azzymaster to 1504009620
26-08-17 22:33:46 [INFO] [OctoBans] by_sneak sql checked, record: spammp by SkyKosIV to -1
26-08-17 22:33:46 [INFO] [OctoBans] by_sneak sql checked, record: spammp by YTB_XxKarnageXx to -1
26-08-17 22:33:46 [INFO] [OctoBans] by_sneak sql checked, record: spammp by Remil to -1
26-08-17 22:33:47 [INFO] [OctoBans] thekillervaca sql checked, record: faussesinfos by FiasK0 to 1504034909
26-08-17 22:33:47 [INFO] [OctoBans] justmyskill sql checked, record: spammp by Remil to -1
26-08-17 22:33:47 [INFO] [OctoBans] justmyskill sql checked, record: faussesinfos by Shainko to 1503789479
26-08-17 22:34:25 [INFO] [OctoBans] karimospvp sql checked, record: spammp by YTB_XxKarnageXx to -1
26-08-17 22:34:25 [INFO] [OctoBans] karimospvp sql checked, record: spammp by YTB_XxKarnageXx to -1
26-08-17 22:34:25 [INFO] [OctoBans] karimospvp sql checked, record: spammp by tinmar to -1
26-08-17 22:34:52 [INFO] [OctoBans] rojiogamming sql checked, record: flood by zlKayzen to 1503781148
26-08-17 22:34:56 [INFO] [OctoBans] listoxx sql checked, record: spammp by SnowEffect to -1
26-08-17 22:36:11 [INFO] [OctoBans] sam_ytb sql checked, record: spammp by iPurple_ to -1
26-08-17 22:36:11 [INFO] [OctoBans] sam_ytb sql checked, record: spammp by drbrine to -1
26-08-17 22:36:11 [INFO] [OctoBans] sam_ytb sql checked, record: spammp by TheBrioche13 to -1
26-08-17 22:38:16 [INFO] [OctoBans] saucisse2france sql checked, record: spammp by SmooKeur to -1
26-08-17 22:40:07 [INFO] [OctoBans] supermouton59 sql checked, record: tpkill by SmooKeur to 1503849623
26-08-17 22:42:05 [INFO] [OctoBans] xelio57 sql checked, record: spammp by SnowEffect to -1
26-08-17 22:46:03 [INFO] [OctoBans] Wiindows punished wilson84 for: Spam/flood
26-08-17 22:46:15 [INFO] [OctoBans] izi_les_byy sql checked, record: spammp by YTB_XxKarnageXx to -1
26-08-17 22:46:15 [INFO] [OctoBans] izi_les_byy sql checked, record: spammp by SuperJojo to -1
26-08-17 22:46:15 [INFO] [OctoBans] izi_les_byy sql checked, record: spammp by Remil to -1
26-08-17 22:46:15 [INFO] [OctoBans] izi_les_byy sql checked, record: insultestaff by Kyabe to 1503815246
26-08-17 22:46:33 [INFO] [OctoBans] Wiindows punished crazy for: Fausses informations
26-08-17 22:49:05 [INFO] [OctoBans] hayden_frost sql checked, record: spammp by PseudoNul to -1
26-08-17 22:49:05 [INFO] [OctoBans] hayden_frost sql checked, record: spammp by Remil to -1
26-08-17 22:51:15 [INFO] [OctoBans] EGGSPLOSION punished mathou_gaming_fr for: Provocation
26-08-17 22:51:27 [INFO] [OctoBans] youadra5 sql checked, record: kickautre by Steph078 to -1
26-08-17 22:55:45 [INFO] [OctoBans] Wiindows punished vevox_yt for: Langage incorrect
26-08-17 23:00:03 [INFO] [OctoBans] nicerush sql checked, record: insultegrave by azzymaster to 1504040340
26-08-17 23:00:03 [INFO] [OctoBans] nicerush sql checked, record: insultestaff by azzymaster to 1503788369
26-08-17 23:00:03 [INFO] [OctoBans] nicerush sql checked, record: insulte by EGGSPLOSION to 1503782717
26-08-17 23:00:30 [INFO] [OctoBans] FiasK0 punished fiask0 for: Double Poste
26-08-17 23:02:33 [INFO] [OctoBans] tifou_fou sql checked, record: spammp by SkyKosIV to -1
26-08-17 23:03:14 [INFO] [OctoBans] thekillervaca sql checked, record: faussesinfos by FiasK0 to 1504034909
26-08-17 23:03:18 [INFO] [OctoBans] FiasK0 punished thekillervaca for: Provocation
26-08-17 23:04:18 [INFO] [OctoBans] EGGSPLOSION punished grizzlywarrior for: Majuscule
26-08-17 23:08:20 [INFO] [OctoBans] thegost sql checked, record: insultegrave by Shainko to 1503811900
26-08-17 23:11:13 [INFO] [OctoBans] EGGSPLOSION punished darkraft_gamiing for: Langage incorrect
26-08-17 23:11:30 [INFO] [OctoBans] elene88000 sql checked, record: spammp by Remil to -1
26-08-17 23:11:47 [INFO] [OctoBans] taizz sql checked, record: spammp by tinmar to -1
26-08-17 23:12:30 [INFO] [OctoBans] jasoxx sql checked, record: spammp by iPurple_ to -1
26-08-17 23:12:30 [INFO] [OctoBans] jasoxx sql checked, record: spammp by drbrine to -1
26-08-17 23:12:30 [INFO] [OctoBans] jasoxx sql checked, record: spammp by drbrine to -1
26-08-17 23:12:30 [INFO] [OctoBans] jasoxx sql checked, record: spammp by drbrine to -1
26-08-17 23:15:35 [INFO] [OctoBans] booba92i sql checked, record: kickautre by NeosiaNexus to -1
26-08-17 23:18:36 [INFO] [OctoBans] Wiindows punished fusionix_game for: Langage incorrect
26-08-17 23:19:19 [INFO] [OctoBans] zlKayzen punished faucher320 for: Spam/flood
26-08-17 23:20:15 [INFO] [OctoBans] zlKayzen punished xx_volrod_xx for: Spam/flood
26-08-17 23:22:55 [INFO] [OctoBans] EGGSPLOSION punished laknar for: Spam/flood
26-08-17 23:25:48 [INFO] [OctoBans] wiirko sql checked, record: spammp by Remil to -1
26-08-17 23:27:14 [INFO] [OctoBans] zlKayzen punished la_banane for: Insulte
26-08-17 23:27:32 [INFO] [OctoBans] xxheroiikxx sql checked, record: floodmp by Forway to -1
26-08-17 23:27:49 [INFO] [OctoBans] EGGSPLOSION punished xxrandomxx for: Insulte grave
26-08-17 23:28:48 [INFO] [OctoBans] EGGSPLOSION punished grizzlywarrior for: Double Poste
26-08-17 23:29:15 [INFO] [OctoBans] EGGSPLOSION punished by_sneak for: Provocation
26-08-17 23:31:37 [INFO] [OctoBans] EGGSPLOSION punished vicxigirl for: Langage incorrect
26-08-17 23:33:07 [INFO] [OctoBans] EGGSPLOSION punished wazhrod for: Majuscule
26-08-17 23:34:14 [INFO] [OctoBans] EGGSPLOSION punished mathou_gaming_fr for: Double Poste
26-08-17 23:37:56 [INFO] [OctoBans] EGGSPLOSION punished griziman59 for: Double Poste
26-08-17 23:38:54 [INFO] [OctoBans] EGGSPLOSION punished sinbad for: Double Poste
26-08-17 23:39:44 [INFO] [OctoBans] by_kw3e sql checked, record: kickautre by Antoine57565 to -1
26-08-17 23:39:44 [INFO] [OctoBans] by_kw3e sql checked, record: insultegrave by EGGSPLOSION to 1503841049
26-08-17 23:41:01 [INFO] [OctoBans] EGGSPLOSION punished northfirez for: Majuscule
26-08-17 23:41:37 [INFO] [OctoBans] rednight_ sql checked, record: spammp by PseudoNul to -1
26-08-17 23:42:34 [INFO] [OctoBans] Shainko punished poliaxbrezz for: Spam/flood
26-08-17 23:43:35 [INFO] [OctoBans] derpik sql checked, record: spammp by Remil to -1
26-08-17 23:47:13 [INFO] [OctoBans] siruse sql checked, record: spammp by YTB_XxKarnageXx to -1
26-08-17 23:47:50 [INFO] [OctoBans] lolodu02 sql checked, record: spammp by iPurple_ to -1
26-08-17 23:52:00 [INFO] [OctoBans] natan sql checked, record: spammp by Remil to -1
26-08-17 23:54:28 [INFO] [OctoBans] kokojo sql checked, record: spammp by Remil to -1
26-08-17 23:57:38 [INFO] [OctoBans] pixel_cuboo sql checked, record: spammp by PseudoNul to -1
26-08-17 23:57:38 [INFO] [OctoBans] pixel_cuboo sql checked, record: spammp by iPurple_ to -1
26-08-17 23:57:38 [INFO] [OctoBans] pixel_cuboo sql checked, record: spammp by PseudoNul to -1
26-08-17 23:58:30 [INFO] [OctoBans] Shainko punished youadra5 for: Spam/flood
27-08-17 00:02:38 [INFO] [OctoBans] Wiindows punished tox_pvp for: Double Poste
27-08-17 00:03:10 [INFO] [OctoBans] pixe3 sql checked, record: floodmp by Forway to -1
27-08-17 00:04:11 [INFO] [OctoBans] reachfixed sql checked, record: insultegrave by EGGSPLOSION to 1503800239
27-08-17 00:04:58 [INFO] [OctoBans] thibiis sql checked, record: spammp by YTB_XxKarnageXx to -1
27-08-17 00:05:01 [INFO] [OctoBans] reachfixed sql checked, record: insultegrave by EGGSPLOSION to 1503800239
27-08-17 00:07:28 [INFO] [OctoBans] zlKayzen punished pokemoonsurytb for: Spam/flood
27-08-17 00:16:44 [INFO] [OctoBans] Wiindows punished theohand for: Majuscule
27-08-17 00:19:00 [INFO] [OctoBans] pvp_fusion sql checked, record: faussesinfos by FiasK0 to 1503921137
27-08-17 00:21:35 [INFO] [OctoBans] zlKayzen punished slowzyt for: Insulte grave
27-08-17 00:23:50 [INFO] [OctoBans] Wiindows punished michel_g0d for: Insulte grave
27-08-17 00:24:59 [INFO] [OctoBans] hockey25 sql checked, record: spammp by iPurple_ to -1
27-08-17 00:24:59 [INFO] [OctoBans] hockey25 sql checked, record: spammp by iPurple_ to -1
27-08-17 00:24:59 [INFO] [OctoBans] hockey25 sql checked, record: spammp by Anzerti to -1
27-08-17 00:34:18 [INFO] [OctoBans] laugan502 sql checked, record: spammp by Remil to -1
27-08-17 00:38:32 [INFO] [OctoBans] FiasK0 punished shazekhq_q for: Provocation
27-08-17 00:38:32 [INFO] [OctoBans] pepsicoca sql checked, record: spammp by Steph078 to -1
27-08-17 00:42:01 [INFO] [OctoBans] Remil punished adri31 for: Langage incorrect
27-08-17 00:46:39 [INFO] [OctoBans] Wiindows punished wazhrod for: Double Poste
27-08-17 00:50:29 [INFO] [OctoBans] FiasK0 punished justmyskill for: Insulte grave
27-08-17 00:51:13 [INFO] [OctoBans] FiasK0 punished thekillervaca for: Insulte grave
27-08-17 00:53:25 [INFO] [OctoBans] zlKayzen punished tony13140 for: Spam/flood
27-08-17 00:53:32 [INFO] [OctoBans] FiasK0 punished amine for: Double Poste
27-08-17 00:53:32 [INFO] [OctoBans] Wiindows punished fifou3004 for: Majuscule
27-08-17 00:54:10 [INFO] [OctoBans] FiasK0 punished gangstardu59 for: Insulte staff
27-08-17 00:54:29 [INFO] [OctoBans] gangstardu59 sql checked, record: insultegrave by EGGSPLOSION to 1503839798
27-08-17 00:54:29 [INFO] [OctoBans] gangstardu59 sql checked, record: insultegrave by Remil to 1503971850
27-08-17 00:54:29 [INFO] [OctoBans] gangstardu59 sql checked, record: insultegrave by Shainko to 1504082706
27-08-17 00:54:29 [INFO] [OctoBans] gangstardu59 sql checked, record: insultestaff by FiasK0 to 1503824050
27-08-17 00:58:01 [INFO] [OctoBans] zlKayzen punished remil for: Langage incorrect
27-08-17 00:58:26 [INFO] [OctoBans] Remil punished zlkayzen for: Langage incorrect
27-08-17 01:02:01 [INFO] [OctoBans] FiasK0 punished mathou_gaming_fr for: Insulte
27-08-17 01:05:28 [INFO] [OctoBans] robin1234 sql checked, record: spammp by Steph078 to -1
27-08-17 01:19:42 [INFO] [OctoBans] zlKayzen punished zbeubz2 for: Majuscule
27-08-17 01:25:11 [INFO] [OctoBans] Wiindows punished hockey25 for: Langage incorrect
27-08-17 01:35:03 [INFO] [OctoBans] FiasK0 punished gabin2319 for: Double Poste
27-08-17 01:35:48 [INFO] [OctoBans] zlKayzen punished shazekhq_q for: Provocation
27-08-17 01:40:23 [INFO] [OctoBans] FiasK0 punished laugan502 for: Double Poste
27-08-17 01:48:18 [INFO] [OctoBans] zlKayzen punished shazekhq_q for: Double Poste
27-08-17 01:49:16 [INFO] [OctoBans] zlKayzen punished tifou_fou for: Insulte grave
27-08-17 01:55:48 [INFO] [OctoBans] FiasK0 punished julsuroctonia for: Majuscule
27-08-17 02:03:41 [INFO] [OctoBans] zlKayzen punished shazekhq_q for: Double Poste
27-08-17 02:04:05 [INFO] [OctoBans] zlKayzen punished zlkmeha for: Insulte
27-08-17 02:04:14 [INFO] [OctoBans] zlKayzen punished tutur_007 for: Insulte grave
27-08-17 02:07:15 [INFO] [OctoBans] Wiindows punished _theodu13_ for: Langage incorrect
27-08-17 02:23:09 [INFO] [OctoBans] grenousse_pvp sql checked, record: spammp by YTB_XxKarnageXx to -1
27-08-17 02:34:47 [INFO] [OctoBans] FiasK0 punished lechien for: Double Poste
27-08-17 02:42:06 [INFO] [OctoBans] FiasK0 punished lefifoudu3 for: Insulte grave
27-08-17 02:42:35 [INFO] [OctoBans] FiasK0 punished axelpas for: Spam/flood
27-08-17 02:57:45 [INFO] [OctoBans] FiasK0 punished florian085 for: Double Poste
27-08-17 03:02:52 [INFO] [OctoBans] Wiindows punished wazhrod for: Majuscule
27-08-17 03:22:49 [INFO] [OctoBans] michel_g0d sql checked, record: insultegrave by Wiindows to 1503822230
27-08-17 03:26:07 [INFO] [OctoBans] Wiindows punished mangeamoi for: Double Poste
27-08-17 06:01:01 [INFO] [OctoBans] Disabling OctoBans v1.0
