06-10-17 22:31:43 [INFO] [OctoBans] File Handler successfully initialized!
06-10-17 22:31:43 [INFO] [OctoBans] SQL connection successfully etablished
06-10-17 22:31:43 [INFO] [OctoBans] Moderator Tools by Octonia.
06-10-17 22:31:49 [INFO] [OctoBans] xx_volrod_xx sql checked, record: spam by Shouteur to 1507361170
06-10-17 22:31:49 [INFO] [OctoBans] fighter62 sql checked, record: incitationflood by _Hello_Kitty to 1507406883
06-10-17 22:31:50 [INFO] [OctoBans] hugo_pvp_88 sql checked, record: insultegrave by _Hello_Kitty to 1507337389
06-10-17 22:31:57 [INFO] [OctoBans] elbelladum sql checked, record: spammp by Steph078 to -1
06-10-17 22:32:21 [INFO] [OctoBans] gamix_yt sql checked, record: spammp by tinmar to -1
06-10-17 22:32:21 [INFO] [OctoBans] gamix_yt sql checked, record: spammp by tinmar to -1
06-10-17 22:32:22 [INFO] [OctoBans] natan sql checked, record: spammp by Remil to -1
06-10-17 22:32:22 [INFO] [OctoBans] natan sql checked, record: flood by woimant to 1507327788
06-10-17 22:32:26 [INFO] [OctoBans] dropzzz_pvp sql checked, record: insultegrave by ViRoCl to 1507404043
06-10-17 22:32:35 [INFO] [OctoBans] tifou_fou sql checked, record: spammp by SkyKosIV to -1
06-10-17 22:32:35 [INFO] [OctoBans] tifou_fou sql checked, record: insultegrave by FiasK0 to 1507491553
06-10-17 22:32:47 [INFO] [OctoBans] aso4xx sql checked, record: spam by YTB_XxKarnageXx to 1507327104
06-10-17 22:32:59 [INFO] [OctoBans] denis018 sql checked, record: spammp by Remil to -1
06-10-17 22:32:59 [INFO] [OctoBans] denis018 sql checked, record: doubleposte by FiasK0 to 1507324942
06-10-17 22:33:02 [INFO] [OctoBans] siruse sql checked, record: spammp by YTB_XxKarnageXx to -1
06-10-17 22:33:08 [INFO] [OctoBans] eranck sql checked, record: faussesinfos by EGGSPLOSION to 1507477094
06-10-17 22:33:08 [INFO] [OctoBans] eranck sql checked, record: spam by TheBrioche13 to 1507331262
06-10-17 22:33:10 [INFO] [OctoBans] wazhrod sql checked, record: majuscule by FiasK0 to 1507324910
06-10-17 22:33:42 [INFO] [OctoBans] ViRoCl punished chico123 for: Publicité Youtubeur
06-10-17 22:33:52 [INFO] [OctoBans] ktm125sx sql checked, record: spammp by Remil to -1
06-10-17 22:35:04 [INFO] [OctoBans] _Hello_Kitty punished fusionix_game for: Double Poste
06-10-17 22:35:08 [INFO] [OctoBans] osmanlitorunu sql checked, record: majuscule by TheBrioche13 to 1507336889
06-10-17 22:35:12 [INFO] [OctoBans] tytyra sql checked, record: faussesinfos by EGGSPLOSION to 1507394400
06-10-17 22:35:58 [INFO] [OctoBans] thekillervaca sql checked, record: insultegrave by ViRoCl to 1507423977
06-10-17 22:36:05 [INFO] [OctoBans] mrtutux sql checked, record: floodmp by Forway to -1
06-10-17 22:38:33 [INFO] [OctoBans] _Hello_Kitty punished ghostreep for: Majuscule
06-10-17 22:40:19 [INFO] [OctoBans] mistergamingv2 sql checked, record: spammp by Remil to -1
06-10-17 22:40:19 [INFO] [OctoBans] mistergamingv2 sql checked, record: spammp by YTB_XxKarnageXx to -1
06-10-17 22:40:54 [INFO] [OctoBans] sqkaa_ sql checked, record: spammp by Remil to -1
06-10-17 22:40:54 [INFO] [OctoBans] sqkaa_ sql checked, record: spammp by Remil to -1
06-10-17 22:40:54 [INFO] [OctoBans] sqkaa_ sql checked, record: spammp by Remil to -1
06-10-17 22:42:03 [INFO] [OctoBans] frozen_20 sql checked, record: spammp by skhey to -1
06-10-17 22:42:03 [INFO] [OctoBans] frozen_20 sql checked, record: spammp by iPurple_ to -1
06-10-17 22:42:03 [INFO] [OctoBans] frozen_20 sql checked, record: spammp by NeosiaNexus to -1
06-10-17 22:42:03 [INFO] [OctoBans] frozen_20 sql checked, record: spammp by tinmar to -1
06-10-17 22:42:03 [INFO] [OctoBans] frozen_20 sql checked, record: spammp by Remil to -1
06-10-17 22:43:41 [INFO] [OctoBans] azzymaster punished emeric15 for: Provocation
06-10-17 22:45:02 [INFO] [OctoBans] ededed91 sql checked, record: spammp by SkyKosIV to -1
06-10-17 22:45:02 [INFO] [OctoBans] ededed91 sql checked, record: spammp by Remil to -1
06-10-17 22:47:19 [INFO] [OctoBans] iswizzi sql checked, record: doubleposte by YTB_XxKarnageXx to 1507323374
06-10-17 22:47:20 [INFO] [OctoBans] zumbie sql checked, record: insultegrave by Remil to 1507450252
06-10-17 22:47:21 [INFO] [OctoBans] azzymaster punished mrtutux for: Incitation au flood
06-10-17 22:47:52 [INFO] [OctoBans] grospvp sql checked, record: spammp by SmooKeur to -1
06-10-17 22:48:05 [INFO] [OctoBans] hulz0 sql checked, record: kickautre by YTB_XxKarnageXx to -1
06-10-17 22:49:24 [INFO] [OctoBans] wiroox sql checked, record: insultegrave by woimant to 1507325833
06-10-17 22:51:16 [INFO] [OctoBans] azzymaster punished poliaxbrezz for: Double Poste
06-10-17 22:53:05 [INFO] [OctoBans] chronoethernal sql checked, record: floodmp by Forway to -1
06-10-17 22:53:05 [INFO] [OctoBans] chronoethernal sql checked, record: floodmp by Forway to -1
06-10-17 22:53:05 [INFO] [OctoBans] chronoethernal sql checked, record: spammp by YTB_XxKarnageXx to -1
06-10-17 22:55:04 [INFO] [OctoBans] azzymaster punished fearzk_ for: Double Poste
06-10-17 22:56:11 [INFO] [OctoBans] Remil punished xmushway for: Double Poste
06-10-17 22:56:36 [INFO] [OctoBans] superb3b3 sql checked, record: spammp by Remil to -1
06-10-17 22:56:36 [INFO] [OctoBans] superb3b3 sql checked, record: spammp by Remil to -1
06-10-17 22:56:36 [INFO] [OctoBans] superb3b3 sql checked, record: insultegrave by ViRoCl to 1507352128
06-10-17 23:00:53 [INFO] [OctoBans] virocl sql checked, record: homophobie by ViRoCl to 1506953945
06-10-17 23:00:53 [INFO] [OctoBans] virocl sql checked, record: doubleposte by ViRoCl to 1506782080
06-10-17 23:00:53 [INFO] [OctoBans] virocl sql checked, record: doubleposte by ViRoCl to 1506783930
06-10-17 23:00:53 [INFO] [OctoBans] virocl sql checked, record: doubleposte by ViRoCl to 1506783066
06-10-17 23:00:53 [INFO] [OctoBans] virocl sql checked, record: faussesinfos by ViRoCl to 1506868163
06-10-17 23:00:53 [INFO] [OctoBans] virocl sql checked, record: doubleposte by ViRoCl to 1506784050
06-10-17 23:00:53 [INFO] [OctoBans] virocl sql checked, record: flood by ViRoCl to 1506786035
06-10-17 23:00:53 [INFO] [OctoBans] virocl sql checked, record: doubleposte by ViRoCl to 1506790264
06-10-17 23:00:53 [INFO] [OctoBans] virocl sql checked, record: doubleposte by ViRoCl to 1506790408
06-10-17 23:00:53 [INFO] [OctoBans] virocl sql checked, record: doubleposte by ViRoCl to 1506794224
06-10-17 23:00:53 [INFO] [OctoBans] virocl sql checked, record: flood by ViRoCl to 1506794002
06-10-17 23:00:53 [INFO] [OctoBans] virocl sql checked, record: majuscule by ViRoCl to 1506791023
06-10-17 23:00:53 [INFO] [OctoBans] virocl sql checked, record: spam by ViRoCl to 1506794230
06-10-17 23:00:53 [INFO] [OctoBans] virocl sql checked, record: faussesinfos by ViRoCl to 1506877339
06-10-17 23:00:53 [INFO] [OctoBans] virocl sql checked, record: faussesinfos by ViRoCl to 1506964096
06-10-17 23:00:53 [INFO] [OctoBans] virocl sql checked, record: majuscule by ViRoCl to 1506794480
06-10-17 23:00:53 [INFO] [OctoBans] virocl sql checked, record: doubleposte by ViRoCl to 1506792342
06-10-17 23:00:53 [INFO] [OctoBans] virocl sql checked, record: spam by ViRoCl to 1506799597
06-10-17 23:00:53 [INFO] [OctoBans] virocl sql checked, record: provocation by ViRoCl to 1506794310
06-10-17 23:00:53 [INFO] [OctoBans] virocl sql checked, record: doubleposte by ViRoCl to 1506794836
06-10-17 23:00:53 [INFO] [OctoBans] virocl sql checked, record: majuscule by ViRoCl to 1506794249
06-10-17 23:00:53 [INFO] [OctoBans] virocl sql checked, record: doubleposte by ViRoCl to 1506795174
06-10-17 23:00:53 [INFO] [OctoBans] virocl sql checked, record: doubleposte by ViRoCl to 1506795553
06-10-17 23:00:53 [INFO] [OctoBans] virocl sql checked, record: majuscule by ViRoCl to 1506798918
06-10-17 23:00:53 [INFO] [OctoBans] virocl sql checked, record: provocation by ViRoCl to 1506796321
06-10-17 23:00:53 [INFO] [OctoBans] virocl sql checked, record: provocation by ViRoCl to 1506796685
06-10-17 23:00:53 [INFO] [OctoBans] virocl sql checked, record: spam by ViRoCl to 1506818387
06-10-17 23:00:53 [INFO] [OctoBans] virocl sql checked, record: incitationflood by ViRoCl to 1506883266
06-10-17 23:00:53 [INFO] [OctoBans] virocl sql checked, record: pubyt by ViRoCl to 1506800560
06-10-17 23:00:53 [INFO] [OctoBans] virocl sql checked, record: flood by ViRoCl to 1506809610
06-10-17 23:00:53 [INFO] [OctoBans] virocl sql checked, record: provocation by ViRoCl to 1506803213
06-10-17 23:00:53 [INFO] [OctoBans] virocl sql checked, record: flood by ViRoCl to 1506807994
06-10-17 23:00:53 [INFO] [OctoBans] virocl sql checked, record: majuscule by ViRoCl to 1506805209
06-10-17 23:00:53 [INFO] [OctoBans] virocl sql checked, record: spam by ViRoCl to 1506815626
06-10-17 23:00:53 [INFO] [OctoBans] virocl sql checked, record: doubleposte by ViRoCl to 1506805386
06-10-17 23:00:53 [INFO] [OctoBans] virocl sql checked, record: doubleposte by ViRoCl to 1506806366
06-10-17 23:00:53 [INFO] [OctoBans] virocl sql checked, record: provocation by ViRoCl to 1506805886
06-10-17 23:00:53 [INFO] [OctoBans] virocl sql checked, record: flood by ViRoCl to 1506809350
06-10-17 23:00:53 [INFO] [OctoBans] virocl sql checked, record: doubleposte by ViRoCl to 1506807309
06-10-17 23:00:53 [INFO] [OctoBans] virocl sql checked, record: faussesinfos by ViRoCl to 1506892896
06-10-17 23:00:53 [INFO] [OctoBans] virocl sql checked, record: doubleposte by ViRoCl to 1506806924
06-10-17 23:00:53 [INFO] [OctoBans] virocl sql checked, record: flood by ViRoCl to 1506811169
06-10-17 23:00:53 [INFO] [OctoBans] virocl sql checked, record: insultegrave by ViRoCl to 1506915804
06-10-17 23:00:53 [INFO] [OctoBans] virocl sql checked, record: insulte by ViRoCl to 1506813878
06-10-17 23:00:53 [INFO] [OctoBans] virocl sql checked, record: doubleposte by ViRoCl to 1506814701
06-10-17 23:00:53 [INFO] [OctoBans] virocl sql checked, record: doubleposte by ViRoCl to 1506811452
06-10-17 23:00:53 [INFO] [OctoBans] virocl sql checked, record: doubleposte by ViRoCl to 1506809694
06-10-17 23:00:53 [INFO] [OctoBans] virocl sql checked, record: insultegrave by ViRoCl to 1506953974
06-10-17 23:00:53 [INFO] [OctoBans] virocl sql checked, record: majuscule by ViRoCl to 1506815053
06-10-17 23:00:53 [INFO] [OctoBans] virocl sql checked, record: doubleposte by ViRoCl to 1506811937
06-10-17 23:00:53 [INFO] [OctoBans] virocl sql checked, record: majuscule by ViRoCl to 1506816962
06-10-17 23:00:53 [INFO] [OctoBans] virocl sql checked, record: doubleposte by ViRoCl to 1506816435
06-10-17 23:00:53 [INFO] [OctoBans] virocl sql checked, record: doubleposte by ViRoCl to 1506816355
06-10-17 23:00:53 [INFO] [OctoBans] virocl sql checked, record: pubyt by ViRoCl to 1506862379
06-10-17 23:00:53 [INFO] [OctoBans] virocl sql checked, record: doubleposte by ViRoCl to 1506861114
06-10-17 23:00:53 [INFO] [OctoBans] virocl sql checked, record: majuscule by ViRoCl to 1506861455
06-10-17 23:00:53 [INFO] [OctoBans] virocl sql checked, record: insultegrave by ViRoCl to 1507011846
06-10-17 23:00:53 [INFO] [OctoBans] virocl sql checked, record: doubleposte by ViRoCl to 1506868255
06-10-17 23:00:53 [INFO] [OctoBans] virocl sql checked, record: doubleposte by ViRoCl to 1506870012
06-10-17 23:00:53 [INFO] [OctoBans] virocl sql checked, record: flood by ViRoCl to 1506880159
06-10-17 23:00:53 [INFO] [OctoBans] virocl sql checked, record: insultegrave by ViRoCl to 1506908932
06-10-17 23:00:53 [INFO] [OctoBans] virocl sql checked, record: spam by ViRoCl to 1506881593
06-10-17 23:00:53 [INFO] [OctoBans] virocl sql checked, record: doubleposte by ViRoCl to 1506896665
06-10-17 23:00:53 [INFO] [OctoBans] virocl sql checked, record: doubleposte by ViRoCl to 1506894832
06-10-17 23:00:53 [INFO] [OctoBans] virocl sql checked, record: doubleposte by ViRoCl to 1506894528
06-10-17 23:00:53 [INFO] [OctoBans] virocl sql checked, record: provocation by ViRoCl to 1506894485
06-10-17 23:00:53 [INFO] [OctoBans] virocl sql checked, record: langage by ViRoCl to 1506896109
06-10-17 23:00:53 [INFO] [OctoBans] virocl sql checked, record: spam by ViRoCl to 1506910858
06-10-17 23:00:53 [INFO] [OctoBans] virocl sql checked, record: doubleposte by ViRoCl to 1506897011
06-10-17 23:00:53 [INFO] [OctoBans] virocl sql checked, record: langage by ViRoCl to 1506897475
06-10-17 23:00:53 [INFO] [OctoBans] virocl sql checked, record: provocation by ViRoCl to 1506898159
06-10-17 23:00:53 [INFO] [OctoBans] virocl sql checked, record: doubleposte by ViRoCl to 1506899457
06-10-17 23:00:53 [INFO] [OctoBans] virocl sql checked, record: provocation by ViRoCl to 1506899163
06-10-17 23:00:53 [INFO] [OctoBans] virocl sql checked, record: insultegrave by ViRoCl to 1506936582
06-10-17 23:00:53 [INFO] [OctoBans] virocl sql checked, record: doubleposte by ViRoCl to 1506907216
06-10-17 23:00:53 [INFO] [OctoBans] virocl sql checked, record: insultegrave by ViRoCl to 1506938823
06-10-17 23:00:53 [INFO] [OctoBans] virocl sql checked, record: provocation by ViRoCl to 1506903132
06-10-17 23:00:53 [INFO] [OctoBans] virocl sql checked, record: langage by ViRoCl to 1506904635
06-10-17 23:00:53 [INFO] [OctoBans] virocl sql checked, record: doubleposte by ViRoCl to 1506906634
06-10-17 23:00:53 [INFO] [OctoBans] virocl sql checked, record: doubleposte by ViRoCl to 1506948579
06-10-17 23:00:53 [INFO] [OctoBans] virocl sql checked, record: pubyt by ViRoCl to 1506951251
06-10-17 23:00:53 [INFO] [OctoBans] virocl sql checked, record: pubyt by ViRoCl to 1506951308
06-10-17 23:00:53 [INFO] [OctoBans] virocl sql checked, record: langage by ViRoCl to 1506949801
06-10-17 23:00:53 [INFO] [OctoBans] virocl sql checked, record: flood by ViRoCl to 1506954193
06-10-17 23:00:53 [INFO] [OctoBans] virocl sql checked, record: doubleposte by ViRoCl to 1506951216
06-10-17 23:00:53 [INFO] [OctoBans] virocl sql checked, record: langage by ViRoCl to 1506954423
06-10-17 23:00:53 [INFO] [OctoBans] virocl sql checked, record: insulte by ViRoCl to 1506955709
06-10-17 23:00:53 [INFO] [OctoBans] virocl sql checked, record: langage by ViRoCl to 1506954629
06-10-17 23:00:53 [INFO] [OctoBans] virocl sql checked, record: doubleposte by ViRoCl to 1506954325
06-10-17 23:00:53 [INFO] [OctoBans] virocl sql checked, record: flood by ViRoCl to 1506975334
06-10-17 23:00:53 [INFO] [OctoBans] virocl sql checked, record: insultegrave by ViRoCl to 1507133944
06-10-17 23:00:53 [INFO] [OctoBans] virocl sql checked, record: insultegrave by ViRoCl to 1507062360
06-10-17 23:00:53 [INFO] [OctoBans] virocl sql checked, record: majuscule by ViRoCl to 1506955107
06-10-17 23:00:53 [INFO] [OctoBans] virocl sql checked, record: doubleposte by ViRoCl to 1506954872
06-10-17 23:00:53 [INFO] [OctoBans] virocl sql checked, record: insultegrave by ViRoCl to 1506990725
06-10-17 23:00:53 [INFO] [OctoBans] virocl sql checked, record: doubleposte by ViRoCl to 1506955126
06-10-17 23:00:53 [INFO] [OctoBans] virocl sql checked, record: pubyt by ViRoCl to 1506960749
06-10-17 23:00:53 [INFO] [OctoBans] virocl sql checked, record: flood by ViRoCl to 1506961593
06-10-17 23:00:53 [INFO] [OctoBans] virocl sql checked, record: insulte by ViRoCl to 1506964396
06-10-17 23:00:53 [INFO] [OctoBans] virocl sql checked, record: pubyt by ViRoCl to 1506963817
06-10-17 23:00:53 [INFO] [OctoBans] virocl sql checked, record: majuscule by ViRoCl to 1506960958
06-10-17 23:00:53 [INFO] [OctoBans] virocl sql checked, record: majuscule by ViRoCl to 1506961034
06-10-17 23:00:53 [INFO] [OctoBans] virocl sql checked, record: langage by ViRoCl to 1506961047
06-10-17 23:00:53 [INFO] [OctoBans] virocl sql checked, record: spam by ViRoCl to 1507003665
06-10-17 23:00:53 [INFO] [OctoBans] virocl sql checked, record: langage by ViRoCl to 1506963559
06-10-17 23:00:53 [INFO] [OctoBans] virocl sql checked, record: majuscule by ViRoCl to 1506961285
06-10-17 23:00:53 [INFO] [OctoBans] virocl sql checked, record: langage by ViRoCl to 1506961346
06-10-17 23:00:53 [INFO] [OctoBans] virocl sql checked, record: provocation by ViRoCl to 1506961398
06-10-17 23:00:53 [INFO] [OctoBans] virocl sql checked, record: majuscule by ViRoCl to 1506962931
06-10-17 23:00:53 [INFO] [OctoBans] virocl sql checked, record: flood by ViRoCl to 1506965080
06-10-17 23:00:53 [INFO] [OctoBans] virocl sql checked, record: flood by ViRoCl to 1506972774
06-10-17 23:00:53 [INFO] [OctoBans] virocl sql checked, record: doubleposte by ViRoCl to 1506963122
06-10-17 23:00:53 [INFO] [OctoBans] virocl sql checked, record: majuscule by ViRoCl to 1506970288
06-10-17 23:00:53 [INFO] [OctoBans] virocl sql checked, record: doubleposte by ViRoCl to 1506963441
06-10-17 23:00:53 [INFO] [OctoBans] virocl sql checked, record: doubleposte by ViRoCl to 1506967400
06-10-17 23:00:53 [INFO] [OctoBans] virocl sql checked, record: flood by ViRoCl to 1506967912
06-10-17 23:00:53 [INFO] [OctoBans] virocl sql checked, record: doubleposte by ViRoCl to 1506966474
06-10-17 23:00:53 [INFO] [OctoBans] virocl sql checked, record: flood by ViRoCl to 1506968572
06-10-17 23:00:53 [INFO] [OctoBans] virocl sql checked, record: flood by ViRoCl to 1506972268
06-10-17 23:00:53 [INFO] [OctoBans] virocl sql checked, record: flood by ViRoCl to 1506968686
06-10-17 23:00:53 [INFO] [OctoBans] virocl sql checked, record: insultegrave by ViRoCl to 1507001113
06-10-17 23:00:53 [INFO] [OctoBans] virocl sql checked, record: doubleposte by ViRoCl to 1506966956
06-10-17 23:00:53 [INFO] [OctoBans] virocl sql checked, record: flood by ViRoCl to 1506968860
06-10-17 23:00:53 [INFO] [OctoBans] virocl sql checked, record: insultegrave by ViRoCl to 1507001301
06-10-17 23:00:53 [INFO] [OctoBans] virocl sql checked, record: doubleposte by ViRoCl to 1506966571
06-10-17 23:00:53 [INFO] [OctoBans] virocl sql checked, record: spam by ViRoCl to 1506970668
06-10-17 23:00:53 [INFO] [OctoBans] virocl sql checked, record: insulte by ViRoCl to 1506973635
06-10-17 23:00:53 [INFO] [OctoBans] virocl sql checked, record: doubleposte by ViRoCl to 1506975950
06-10-17 23:00:53 [INFO] [OctoBans] virocl sql checked, record: doubleposte by ViRoCl to 1506978142
06-10-17 23:00:53 [INFO] [OctoBans] virocl sql checked, record: doubleposte by ViRoCl to 1506979973
06-10-17 23:00:53 [INFO] [OctoBans] virocl sql checked, record: langage by ViRoCl to 1506979997
06-10-17 23:00:53 [INFO] [OctoBans] virocl sql checked, record: spam by ViRoCl to 1506997964
06-10-17 23:00:53 [INFO] [OctoBans] virocl sql checked, record: doubleposte by ViRoCl to 1506988070
06-10-17 23:00:53 [INFO] [OctoBans] virocl sql checked, record: langage by ViRoCl to 1506987973
06-10-17 23:00:53 [INFO] [OctoBans] virocl sql checked, record: flood by ViRoCl to 1506992257
06-10-17 23:00:53 [INFO] [OctoBans] virocl sql checked, record: insultegrave by ViRoCl to 1507168724
06-10-17 23:00:53 [INFO] [OctoBans] virocl sql checked, record: doubleposte by ViRoCl to 1506996636
06-10-17 23:00:53 [INFO] [OctoBans] virocl sql checked, record: insultegrave by ViRoCl to 1507205176
06-10-17 23:00:53 [INFO] [OctoBans] virocl sql checked, record: flood by ViRoCl to 1507031295
06-10-17 23:00:53 [INFO] [OctoBans] virocl sql checked, record: majuscule by ViRoCl to 1507032511
06-10-17 23:00:53 [INFO] [OctoBans] virocl sql checked, record: flood by ViRoCl to 1507031440
06-10-17 23:00:53 [INFO] [OctoBans] virocl sql checked, record: insulte by ViRoCl to 1507036160
06-10-17 23:00:53 [INFO] [OctoBans] virocl sql checked, record: insultelegere by ViRoCl to 1507029027
06-10-17 23:00:53 [INFO] [OctoBans] virocl sql checked, record: insultegrave by ViRoCl to 1507136318
06-10-17 23:00:53 [INFO] [OctoBans] virocl sql checked, record: insultegrave by ViRoCl to 1507208584
06-10-17 23:00:53 [INFO] [OctoBans] virocl sql checked, record: pubyt by ViRoCl to 1507032255
06-10-17 23:00:53 [INFO] [OctoBans] virocl sql checked, record: faussesinfos by ViRoCl to 1507287873
06-10-17 23:00:53 [INFO] [OctoBans] virocl sql checked, record: flood by ViRoCl to 1507045107
06-10-17 23:00:53 [INFO] [OctoBans] virocl sql checked, record: doubleposte by ViRoCl to 1507032075
06-10-17 23:00:53 [INFO] [OctoBans] virocl sql checked, record: insulte by ViRoCl to 1507037656
06-10-17 23:00:53 [INFO] [OctoBans] virocl sql checked, record: langage by ViRoCl to 1507038314
06-10-17 23:00:53 [INFO] [OctoBans] virocl sql checked, record: langage by ViRoCl to 1507038319
06-10-17 23:00:53 [INFO] [OctoBans] virocl sql checked, record: doubleposte by ViRoCl to 1507038928
06-10-17 23:00:53 [INFO] [OctoBans] virocl sql checked, record: doubleposte by ViRoCl to 1507041553
06-10-17 23:00:53 [INFO] [OctoBans] virocl sql checked, record: doubleposte by ViRoCl to 1507040704
06-10-17 23:00:53 [INFO] [OctoBans] virocl sql checked, record: flood by ViRoCl to 1507043471
06-10-17 23:00:53 [INFO] [OctoBans] virocl sql checked, record: flood by ViRoCl to 1507053199
06-10-17 23:00:53 [INFO] [OctoBans] virocl sql checked, record: langage by ViRoCl to 1507050713
06-10-17 23:00:53 [INFO] [OctoBans] virocl sql checked, record: doubleposte by ViRoCl to 1507051560
06-10-17 23:00:53 [INFO] [OctoBans] virocl sql checked, record: majuscule by ViRoCl to 1507051666
06-10-17 23:00:53 [INFO] [OctoBans] virocl sql checked, record: doubleposte by ViRoCl to 1507051489
06-10-17 23:00:53 [INFO] [OctoBans] virocl sql checked, record: insulte by ViRoCl to 1507053714
06-10-17 23:00:53 [INFO] [OctoBans] virocl sql checked, record: insultesrv by ViRoCl to 1507069166
06-10-17 23:00:53 [INFO] [OctoBans] virocl sql checked, record: doubleposte by ViRoCl to 1507053529
06-10-17 23:00:53 [INFO] [OctoBans] virocl sql checked, record: doubleposte by ViRoCl to 1507060810
06-10-17 23:00:53 [INFO] [OctoBans] virocl sql checked, record: majuscule by ViRoCl to 1507052230
06-10-17 23:00:53 [INFO] [OctoBans] virocl sql checked, record: doubleposte by ViRoCl to 1507051984
06-10-17 23:00:53 [INFO] [OctoBans] virocl sql checked, record: faussesinfos by ViRoCl to 1507138212
06-10-17 23:00:53 [INFO] [OctoBans] virocl sql checked, record: pubyt by ViRoCl to 1507055450
06-10-17 23:00:53 [INFO] [OctoBans] virocl sql checked, record: flood by ViRoCl to 1507070059
06-10-17 23:00:53 [INFO] [OctoBans] virocl sql checked, record: doubleposte by ViRoCl to 1507052372
06-10-17 23:00:53 [INFO] [OctoBans] virocl sql checked, record: langage by ViRoCl to 1507053885
06-10-17 23:00:53 [INFO] [OctoBans] virocl sql checked, record: pubyt by ViRoCl to 1507059355
06-10-17 23:00:53 [INFO] [OctoBans] virocl sql checked, record: flood by ViRoCl to 1507055800
06-10-17 23:00:53 [INFO] [OctoBans] virocl sql checked, record: flood by ViRoCl to 1507066748
06-10-17 23:00:53 [INFO] [OctoBans] virocl sql checked, record: pubyt by ViRoCl to 1507063193
06-10-17 23:00:53 [INFO] [OctoBans] virocl sql checked, record: flood by ViRoCl to 1507056030
06-10-17 23:00:53 [INFO] [OctoBans] virocl sql checked, record: doubleposte by ViRoCl to 1507052747
06-10-17 23:00:53 [INFO] [OctoBans] virocl sql checked, record: majuscule by ViRoCl to 1507053488
06-10-17 23:00:53 [INFO] [OctoBans] virocl sql checked, record: spam by ViRoCl to 1507056829
06-10-17 23:00:53 [INFO] [OctoBans] virocl sql checked, record: incitationflood by ViRoCl to 1507139729
06-10-17 23:00:53 [INFO] [OctoBans] virocl sql checked, record: doubleposte by ViRoCl to 1507054355
06-10-17 23:00:53 [INFO] [OctoBans] virocl sql checked, record: spam by ViRoCl to 1507057067
06-10-17 23:00:53 [INFO] [OctoBans] virocl sql checked, record: insultegrave by ViRoCl to 1507090257
06-10-17 23:00:53 [INFO] [OctoBans] virocl sql checked, record: pubyt by ViRoCl to 1507058338
06-10-17 23:00:53 [INFO] [OctoBans] virocl sql checked, record: incitationflood by ViRoCl to 1507141212
06-10-17 23:00:53 [INFO] [OctoBans] virocl sql checked, record: langage by ViRoCl to 1507055854
06-10-17 23:00:53 [INFO] [OctoBans] virocl sql checked, record: pubyt by ViRoCl to 1507060631
06-10-17 23:00:53 [INFO] [OctoBans] virocl sql checked, record: flood by ViRoCl to 1507061768
06-10-17 23:00:53 [INFO] [OctoBans] virocl sql checked, record: doubleposte by ViRoCl to 1507062610
06-10-17 23:00:53 [INFO] [OctoBans] virocl sql checked, record: majuscule by ViRoCl to 1507066350
06-10-17 23:00:53 [INFO] [OctoBans] virocl sql checked, record: flood by ViRoCl to 1507065883
06-10-17 23:00:53 [INFO] [OctoBans] virocl sql checked, record: doubleposte by ViRoCl to 1507071927
06-10-17 23:00:53 [INFO] [OctoBans] virocl sql checked, record: insultegrave by ViRoCl to 1507135833
06-10-17 23:00:53 [INFO] [OctoBans] virocl sql checked, record: doubleposte by ViRoCl to 1507064229
06-10-17 23:00:53 [INFO] [OctoBans] virocl sql checked, record: provocation by ViRoCl to 1507064596
06-10-17 23:00:53 [INFO] [OctoBans] virocl sql checked, record: doubleposte by ViRoCl to 1507067359
06-10-17 23:00:53 [INFO] [OctoBans] virocl sql checked, record: langage by ViRoCl to 1507072682
06-10-17 23:00:53 [INFO] [OctoBans] virocl sql checked, record: majuscule by ViRoCl to 1507073466
06-10-17 23:00:53 [INFO] [OctoBans] virocl sql checked, record: majuscule by ViRoCl to 1507081030
06-10-17 23:00:53 [INFO] [OctoBans] virocl sql checked, record: doubleposte by ViRoCl to 1507076068
06-10-17 23:00:53 [INFO] [OctoBans] virocl sql checked, record: flood by ViRoCl to 1507084805
06-10-17 23:00:53 [INFO] [OctoBans] virocl sql checked, record: homophobie by ViRoCl to 1507161017
06-10-17 23:00:53 [INFO] [OctoBans] virocl sql checked, record: insultegrave by ViRoCl to 1507111103
06-10-17 23:00:53 [INFO] [OctoBans] virocl sql checked, record: insultegrave by ViRoCl to 1507291335
06-10-17 23:00:53 [INFO] [OctoBans] virocl sql checked, record: flood by ViRoCl to 1507127899
06-10-17 23:00:53 [INFO] [OctoBans] virocl sql checked, record: majuscule by ViRoCl to 1507117128
06-10-17 23:00:53 [INFO] [OctoBans] virocl sql checked, record: flood by ViRoCl to 1507117349
06-10-17 23:00:53 [INFO] [OctoBans] virocl sql checked, record: langage by ViRoCl to 1507115090
06-10-17 23:00:53 [INFO] [OctoBans] virocl sql checked, record: majuscule by ViRoCl to 1507116425
06-10-17 23:00:53 [INFO] [OctoBans] virocl sql checked, record: flood by ViRoCl to 1507139235
06-10-17 23:00:53 [INFO] [OctoBans] virocl sql checked, record: doubleposte by ViRoCl to 1507115579
06-10-17 23:00:53 [INFO] [OctoBans] virocl sql checked, record: insultesrv by ViRoCl to 1507133229
06-10-17 23:00:53 [INFO] [OctoBans] virocl sql checked, record: doubleposte by ViRoCl to 1507116674
06-10-17 23:00:53 [INFO] [OctoBans] virocl sql checked, record: majuscule by ViRoCl to 1507117011
06-10-17 23:00:53 [INFO] [OctoBans] virocl sql checked, record: flood by ViRoCl to 1507119515
06-10-17 23:00:53 [INFO] [OctoBans] virocl sql checked, record: flood by ViRoCl to 1507123186
06-10-17 23:00:53 [INFO] [OctoBans] virocl sql checked, record: flood by ViRoCl to 1507126835
06-10-17 23:00:53 [INFO] [OctoBans] virocl sql checked, record: insultegrave by ViRoCl to 1507224059
06-10-17 23:00:53 [INFO] [OctoBans] virocl sql checked, record: doubleposte by ViRoCl to 1507116831
06-10-17 23:00:53 [INFO] [OctoBans] virocl sql checked, record: doubleposte by ViRoCl to 1507118752
06-10-17 23:00:53 [INFO] [OctoBans] virocl sql checked, record: langage by ViRoCl to 1507118953
06-10-17 23:00:53 [INFO] [OctoBans] virocl sql checked, record: langage by ViRoCl to 1507118391
06-10-17 23:00:53 [INFO] [OctoBans] virocl sql checked, record: doubleposte by ViRoCl to 1507118411
06-10-17 23:00:53 [INFO] [OctoBans] virocl sql checked, record: provocation by ViRoCl to 1507117733
06-10-17 23:00:53 [INFO] [OctoBans] virocl sql checked, record: majuscule by ViRoCl to 1507118225
06-10-17 23:00:53 [INFO] [OctoBans] virocl sql checked, record: provocation by ViRoCl to 1507121632
06-10-17 23:00:53 [INFO] [OctoBans] virocl sql checked, record: flood by ViRoCl to 1507122235
06-10-17 23:00:53 [INFO] [OctoBans] virocl sql checked, record: majuscule by ViRoCl to 1507120040
06-10-17 23:00:53 [INFO] [OctoBans] virocl sql checked, record: majuscule by ViRoCl to 1507120185
06-10-17 23:00:53 [INFO] [OctoBans] virocl sql checked, record: provocation by ViRoCl to 1507120588
06-10-17 23:00:53 [INFO] [OctoBans] virocl sql checked, record: incitationflood by ViRoCl to 1507207110
06-10-17 23:00:53 [INFO] [OctoBans] virocl sql checked, record: langage by ViRoCl to 1507127976
06-10-17 23:00:53 [INFO] [OctoBans] virocl sql checked, record: langage by ViRoCl to 1507124175
06-10-17 23:00:53 [INFO] [OctoBans] virocl sql checked, record: homophobie by ViRoCl to 1507209395
06-10-17 23:00:53 [INFO] [OctoBans] virocl sql checked, record: insultegrave by ViRoCl to 1507159038
06-10-17 23:00:53 [INFO] [OctoBans] virocl sql checked, record: doubleposte by ViRoCl to 1507126675
06-10-17 23:00:53 [INFO] [OctoBans] virocl sql checked, record: insultegrave by ViRoCl to 1507159340
06-10-17 23:00:53 [INFO] [OctoBans] virocl sql checked, record: insultegrave by ViRoCl to 1507195405
06-10-17 23:00:53 [INFO] [OctoBans] virocl sql checked, record: insultegrave by ViRoCl to 1507159557
06-10-17 23:00:53 [INFO] [OctoBans] virocl sql checked, record: doubleposte by ViRoCl to 1507126905
06-10-17 23:00:53 [INFO] [OctoBans] virocl sql checked, record: doubleposte by ViRoCl to 1507128676
06-10-17 23:00:53 [INFO] [OctoBans] virocl sql checked, record: doubleposte by ViRoCl to 1507130518
06-10-17 23:00:53 [INFO] [OctoBans] virocl sql checked, record: flood by ViRoCl to 1507136428
06-10-17 23:00:53 [INFO] [OctoBans] virocl sql checked, record: flood by ViRoCl to 1507132907
06-10-17 23:00:53 [INFO] [OctoBans] virocl sql checked, record: doubleposte by ViRoCl to 1507130629
06-10-17 23:00:53 [INFO] [OctoBans] virocl sql checked, record: doubleposte by ViRoCl to 1507132805
06-10-17 23:00:53 [INFO] [OctoBans] virocl sql checked, record: doubleposte by ViRoCl to 1507132269
06-10-17 23:00:53 [INFO] [OctoBans] virocl sql checked, record: insultegrave by ViRoCl to 1507166029
06-10-17 23:00:53 [INFO] [OctoBans] virocl sql checked, record: flood by ViRoCl to 1507134083
06-10-17 23:00:53 [INFO] [OctoBans] virocl sql checked, record: majuscule by ViRoCl to 1507131873
06-10-17 23:00:53 [INFO] [OctoBans] virocl sql checked, record: doubleposte by ViRoCl to 1507132676
06-10-17 23:00:53 [INFO] [OctoBans] virocl sql checked, record: langage by ViRoCl to 1507136432
06-10-17 23:00:53 [INFO] [OctoBans] virocl sql checked, record: provocation by ViRoCl to 1507137728
06-10-17 23:00:53 [INFO] [OctoBans] virocl sql checked, record: majuscule by ViRoCl to 1507139562
06-10-17 23:00:53 [INFO] [OctoBans] virocl sql checked, record: majuscule by ViRoCl to 1507140772
06-10-17 23:00:53 [INFO] [OctoBans] virocl sql checked, record: insultegrave by ViRoCl to 1507177331
06-10-17 23:00:53 [INFO] [OctoBans] virocl sql checked, record: provocation by ViRoCl to 1507142150
06-10-17 23:00:53 [INFO] [OctoBans] virocl sql checked, record: doubleposte by ViRoCl to 1507146700
06-10-17 23:00:53 [INFO] [OctoBans] virocl sql checked, record: doubleposte by ViRoCl to 1507146758
06-10-17 23:00:53 [INFO] [OctoBans] virocl sql checked, record: provocation by ViRoCl to 1507146436
06-10-17 23:00:53 [INFO] [OctoBans] virocl sql checked, record: langage by ViRoCl to 1507147367
06-10-17 23:00:53 [INFO] [OctoBans] virocl sql checked, record: doubleposte by ViRoCl to 1507146694
06-10-17 23:00:53 [INFO] [OctoBans] virocl sql checked, record: doubleposte by ViRoCl to 1507149816
06-10-17 23:00:53 [INFO] [OctoBans] virocl sql checked, record: doubleposte by ViRoCl to 1507155241
06-10-17 23:00:53 [INFO] [OctoBans] virocl sql checked, record: doubleposte by ViRoCl to 1507147839
06-10-17 23:00:53 [INFO] [OctoBans] virocl sql checked, record: flood by ViRoCl to 1507151437
06-10-17 23:00:53 [INFO] [OctoBans] virocl sql checked, record: majuscule by ViRoCl to 1507149208
06-10-17 23:00:53 [INFO] [OctoBans] virocl sql checked, record: doubleposte by ViRoCl to 1507148315
06-10-17 23:00:53 [INFO] [OctoBans] virocl sql checked, record: langage by ViRoCl to 1507150269
06-10-17 23:00:53 [INFO] [OctoBans] virocl sql checked, record: doubleposte by ViRoCl to 1507150021
06-10-17 23:00:53 [INFO] [OctoBans] virocl sql checked, record: doubleposte by ViRoCl to 1507151786
06-10-17 23:00:53 [INFO] [OctoBans] virocl sql checked, record: doubleposte by ViRoCl to 1507150904
06-10-17 23:00:53 [INFO] [OctoBans] virocl sql checked, record: insultegrave by ViRoCl to 1507258386
06-10-17 23:00:53 [INFO] [OctoBans] virocl sql checked, record: doubleposte by ViRoCl to 1507158970
06-10-17 23:00:53 [INFO] [OctoBans] virocl sql checked, record: doubleposte by ViRoCl to 1507150884
06-10-17 23:00:53 [INFO] [OctoBans] virocl sql checked, record: doubleposte by ViRoCl to 1507152527
06-10-17 23:00:53 [INFO] [OctoBans] virocl sql checked, record: doubleposte by ViRoCl to 1507152242
06-10-17 23:00:53 [INFO] [OctoBans] virocl sql checked, record: langage by ViRoCl to 1507155206
06-10-17 23:00:53 [INFO] [OctoBans] virocl sql checked, record: langage by ViRoCl to 1507155550
06-10-17 23:00:53 [INFO] [OctoBans] virocl sql checked, record: doubleposte by ViRoCl to 1507159363
06-10-17 23:00:53 [INFO] [OctoBans] virocl sql checked, record: provocation by ViRoCl to 1507158773
06-10-17 23:00:53 [INFO] [OctoBans] virocl sql checked, record: flood by ViRoCl to 1507163448
06-10-17 23:00:53 [INFO] [OctoBans] virocl sql checked, record: majuscule by ViRoCl to 1507207047
06-10-17 23:00:53 [INFO] [OctoBans] virocl sql checked, record: majuscule by ViRoCl to 1507201926
06-10-17 23:00:53 [INFO] [OctoBans] virocl sql checked, record: insulte by ViRoCl to 1507206892
06-10-17 23:00:53 [INFO] [OctoBans] virocl sql checked, record: doubleposte by ViRoCl to 1507217398
06-10-17 23:00:53 [INFO] [OctoBans] virocl sql checked, record: majuscule by ViRoCl to 1507204107
06-10-17 23:00:53 [INFO] [OctoBans] virocl sql checked, record: insultegrave by ViRoCl to 1507383857
06-10-17 23:00:53 [INFO] [OctoBans] virocl sql checked, record: insultegrave by ViRoCl to 1507311942
06-10-17 23:00:53 [INFO] [OctoBans] virocl sql checked, record: langage by ViRoCl to 1507207040
06-10-17 23:00:53 [INFO] [OctoBans] virocl sql checked, record: insulte by ViRoCl to 1507212072
06-10-17 23:00:53 [INFO] [OctoBans] virocl sql checked, record: faussesinfos by ViRoCl to 1507553289
06-10-17 23:00:53 [INFO] [OctoBans] virocl sql checked, record: langage by ViRoCl to 1507210633
06-10-17 23:00:53 [INFO] [OctoBans] virocl sql checked, record: doubleposte by ViRoCl to 1507211030
06-10-17 23:00:53 [INFO] [OctoBans] virocl sql checked, record: doubleposte by ViRoCl to 1507210644
06-10-17 23:00:53 [INFO] [OctoBans] virocl sql checked, record: faussesinfos by ViRoCl to 1507296788
06-10-17 23:00:53 [INFO] [OctoBans] virocl sql checked, record: flood by ViRoCl to 1507225492
06-10-17 23:00:53 [INFO] [OctoBans] virocl sql checked, record: doubleposte by ViRoCl to 1507213836
06-10-17 23:00:53 [INFO] [OctoBans] virocl sql checked, record: faussesinfos by ViRoCl to 1507297692
06-10-17 23:00:53 [INFO] [OctoBans] virocl sql checked, record: majuscule by ViRoCl to 1507213414
06-10-17 23:00:53 [INFO] [OctoBans] virocl sql checked, record: spam by ViRoCl to 1507218845
06-10-17 23:00:53 [INFO] [OctoBans] virocl sql checked, record: flood by ViRoCl to 1507219244
06-10-17 23:00:53 [INFO] [OctoBans] virocl sql checked, record: majuscule by ViRoCl to 1507222114
06-10-17 23:00:53 [INFO] [OctoBans] virocl sql checked, record: insultegrave by ViRoCl to 1507293370
06-10-17 23:00:53 [INFO] [OctoBans] virocl sql checked, record: faussesinfos by ViRoCl to 1507308975
06-10-17 23:00:53 [INFO] [OctoBans] virocl sql checked, record: provocation by ViRoCl to 1507224148
06-10-17 23:00:53 [INFO] [OctoBans] virocl sql checked, record: langage by ViRoCl to 1507228659
06-10-17 23:00:53 [INFO] [OctoBans] virocl sql checked, record: langage by ViRoCl to 1507230872
06-10-17 23:00:53 [INFO] [OctoBans] virocl sql checked, record: doubleposte by ViRoCl to 1507230202
06-10-17 23:00:53 [INFO] [OctoBans] virocl sql checked, record: doubleposte by ViRoCl to 1507230607
06-10-17 23:00:53 [INFO] [OctoBans] virocl sql checked, record: langage by ViRoCl to 1507230616
06-10-17 23:00:53 [INFO] [OctoBans] virocl sql checked, record: flood by ViRoCl to 1507236801
06-10-17 23:00:53 [INFO] [OctoBans] virocl sql checked, record: doubleposte by ViRoCl to 1507234375
06-10-17 23:00:53 [INFO] [OctoBans] virocl sql checked, record: majuscule by ViRoCl to 1507237832
06-10-17 23:00:53 [INFO] [OctoBans] virocl sql checked, record: majuscule by ViRoCl to 1507235617
06-10-17 23:00:53 [INFO] [OctoBans] virocl sql checked, record: faussesinfos by ViRoCl to 1507320524
06-10-17 23:00:53 [INFO] [OctoBans] virocl sql checked, record: incitationflood by ViRoCl to 1507320807
06-10-17 23:00:53 [INFO] [OctoBans] virocl sql checked, record: doubleposte by ViRoCl to 1507238115
06-10-17 23:00:53 [INFO] [OctoBans] virocl sql checked, record: langage by ViRoCl to 1507236624
06-10-17 23:00:53 [INFO] [OctoBans] virocl sql checked, record: spam by ViRoCl to 1507240317
06-10-17 23:00:53 [INFO] [OctoBans] virocl sql checked, record: insulte by ViRoCl to 1507244961
06-10-17 23:00:53 [INFO] [OctoBans] virocl sql checked, record: langage by ViRoCl to 1507240497
06-10-17 23:00:53 [INFO] [OctoBans] virocl sql checked, record: langage by ViRoCl to 1507251686
06-10-17 23:00:53 [INFO] [OctoBans] virocl sql checked, record: langage by ViRoCl to 1507248733
06-10-17 23:00:53 [INFO] [OctoBans] virocl sql checked, record: insultegrave by ViRoCl to 1507423977
06-10-17 23:00:53 [INFO] [OctoBans] virocl sql checked, record: doubleposte by ViRoCl to 1507244946
06-10-17 23:00:53 [INFO] [OctoBans] virocl sql checked, record: insultegrave by ViRoCl to 1507352128
06-10-17 23:00:53 [INFO] [OctoBans] virocl sql checked, record: spam by ViRoCl to 1507255061
06-10-17 23:00:53 [INFO] [OctoBans] virocl sql checked, record: majuscule by ViRoCl to 1507245707
06-10-17 23:00:53 [INFO] [OctoBans] virocl sql checked, record: doubleposte by ViRoCl to 1507283672
06-10-17 23:00:53 [INFO] [OctoBans] virocl sql checked, record: langage by ViRoCl to 1507276776
06-10-17 23:00:53 [INFO] [OctoBans] virocl sql checked, record: doubleposte by ViRoCl to 1507277167
06-10-17 23:00:53 [INFO] [OctoBans] virocl sql checked, record: langage by ViRoCl to 1507283283
06-10-17 23:00:53 [INFO] [OctoBans] virocl sql checked, record: insultegrave by ViRoCl to 1507318159
06-10-17 23:00:53 [INFO] [OctoBans] virocl sql checked, record: insultegrave by ViRoCl to 1507318311
06-10-17 23:00:53 [INFO] [OctoBans] virocl sql checked, record: majuscule by ViRoCl to 1507282960
06-10-17 23:00:53 [INFO] [OctoBans] virocl sql checked, record: faussesinfos by ViRoCl to 1507369552
06-10-17 23:00:53 [INFO] [OctoBans] virocl sql checked, record: langage by ViRoCl to 1507284398
06-10-17 23:00:53 [INFO] [OctoBans] virocl sql checked, record: majuscule by ViRoCl to 1507290411
06-10-17 23:00:53 [INFO] [OctoBans] virocl sql checked, record: doubleposte by ViRoCl to 1507285344
06-10-17 23:00:53 [INFO] [OctoBans] virocl sql checked, record: flood by ViRoCl to 1507287837
06-10-17 23:00:53 [INFO] [OctoBans] virocl sql checked, record: majuscule by ViRoCl to 1507290912
06-10-17 23:00:53 [INFO] [OctoBans] virocl sql checked, record: majuscule by ViRoCl to 1507287949
06-10-17 23:00:53 [INFO] [OctoBans] virocl sql checked, record: doubleposte by ViRoCl to 1507288710
06-10-17 23:00:53 [INFO] [OctoBans] virocl sql checked, record: langage by ViRoCl to 1507288799
06-10-17 23:00:53 [INFO] [OctoBans] virocl sql checked, record: doubleposte by ViRoCl to 1507298242
06-10-17 23:00:53 [INFO] [OctoBans] virocl sql checked, record: doubleposte by ViRoCl to 1507292219
06-10-17 23:00:53 [INFO] [OctoBans] virocl sql checked, record: langage by ViRoCl to 1507293472
06-10-17 23:00:53 [INFO] [OctoBans] virocl sql checked, record: doubleposte by ViRoCl to 1507290787
06-10-17 23:00:53 [INFO] [OctoBans] virocl sql checked, record: insulte by ViRoCl to 1507293017
06-10-17 23:00:53 [INFO] [OctoBans] virocl sql checked, record: provocation by ViRoCl to 1507293456
06-10-17 23:00:53 [INFO] [OctoBans] virocl sql checked, record: provocation by ViRoCl to 1507293340
06-10-17 23:00:53 [INFO] [OctoBans] virocl sql checked, record: majuscule by ViRoCl to 1507296689
06-10-17 23:00:53 [INFO] [OctoBans] virocl sql checked, record: langage by ViRoCl to 1507294442
06-10-17 23:00:53 [INFO] [OctoBans] virocl sql checked, record: langage by ViRoCl to 1507295652
06-10-17 23:00:53 [INFO] [OctoBans] virocl sql checked, record: langage by ViRoCl to 1507296840
06-10-17 23:00:53 [INFO] [OctoBans] virocl sql checked, record: doubleposte by ViRoCl to 1507295198
06-10-17 23:00:53 [INFO] [OctoBans] virocl sql checked, record: doubleposte by ViRoCl to 1507295989
06-10-17 23:00:53 [INFO] [OctoBans] virocl sql checked, record: insultegrave by ViRoCl to 1507404043
06-10-17 23:00:53 [INFO] [OctoBans] virocl sql checked, record: provocation by ViRoCl to 1507297034
06-10-17 23:00:53 [INFO] [OctoBans] virocl sql checked, record: doubleposte by ViRoCl to 1507301404
06-10-17 23:00:53 [INFO] [OctoBans] virocl sql checked, record: flood by ViRoCl to 1507300691
06-10-17 23:00:53 [INFO] [OctoBans] virocl sql checked, record: doubleposte by ViRoCl to 1507312404
06-10-17 23:00:53 [INFO] [OctoBans] virocl sql checked, record: doubleposte by ViRoCl to 1507310724
06-10-17 23:00:53 [INFO] [OctoBans] virocl sql checked, record: majuscule by ViRoCl to 1507311828
06-10-17 23:00:53 [INFO] [OctoBans] virocl sql checked, record: langage by ViRoCl to 1507313642
06-10-17 23:00:53 [INFO] [OctoBans] virocl sql checked, record: langage by ViRoCl to 1507312077
06-10-17 23:00:53 [INFO] [OctoBans] virocl sql checked, record: doubleposte by ViRoCl to 1507311393
06-10-17 23:00:53 [INFO] [OctoBans] virocl sql checked, record: doubleposte by ViRoCl to 1507315119
06-10-17 23:00:53 [INFO] [OctoBans] virocl sql checked, record: langage by ViRoCl to 1507315118
06-10-17 23:00:53 [INFO] [OctoBans] virocl sql checked, record: majuscule by ViRoCl to 1507317089
06-10-17 23:00:53 [INFO] [OctoBans] virocl sql checked, record: pubyt by ViRoCl to 1507325622
06-10-17 23:01:32 [INFO] [OctoBans] xx_toto_xx sql checked, record: spammp by iPurple_ to -1
06-10-17 23:01:32 [INFO] [OctoBans] xx_toto_xx sql checked, record: spammp by iPurple_ to -1
06-10-17 23:01:32 [INFO] [OctoBans] xx_toto_xx sql checked, record: spammp by iPurple_ to -1
06-10-17 23:02:55 [INFO] [OctoBans] azzymaster punished pandakillerteam1 for: Langage incorrect
06-10-17 23:04:53 [INFO] [OctoBans] juju123 sql checked, record: spam by FiasK0 to 1507326749
06-10-17 23:04:55 [INFO] [OctoBans] ChronoEthernal punished michael4318lol for: Double Poste
06-10-17 23:05:57 [INFO] [OctoBans] azzymaster punished xx_toto_xx for: Double Poste
06-10-17 23:08:19 [INFO] [OctoBans] ViRoCl punished sauvage52 for: Double Poste
06-10-17 23:08:52 [INFO] [OctoBans] azzymaster punished xmushway for: Double Poste
06-10-17 23:09:08 [INFO] [OctoBans] ViRoCl punished emeric15 for: Fausses informations
06-10-17 23:09:57 [INFO] [OctoBans] azzymaster punished toon22 for: Publicité Youtubeur
06-10-17 23:12:02 [INFO] [OctoBans] azzymaster punished momo54 for: Spam/flood
06-10-17 23:13:17 [INFO] [OctoBans] azzymaster punished sauceg0d for: Double Poste
06-10-17 23:13:52 [INFO] [OctoBans] tony0803205 sql checked, record: insultegrave by Antoine57565 to 1507408847
06-10-17 23:14:24 [INFO] [OctoBans] azzymaster punished fireprod for: Insulte grave
06-10-17 23:16:37 [INFO] [OctoBans] azzymaster punished cruze2014 for: Double Poste
06-10-17 23:19:44 [INFO] [OctoBans] azzymaster punished darktoxie for: Double Poste
06-10-17 23:20:49 [INFO] [OctoBans] derpik sql checked, record: spammp by Remil to -1
06-10-17 23:20:49 [INFO] [OctoBans] derpik sql checked, record: floodmp by Forway to -1
06-10-17 23:21:05 [INFO] [OctoBans] ViRoCl punished babu for: Double Poste
06-10-17 23:21:35 [INFO] [OctoBans] azzymaster punished johan22600 for: Double Poste
06-10-17 23:22:38 [INFO] [OctoBans] azzymaster punished yongmen for: Double Poste
06-10-17 23:30:24 [INFO] [OctoBans] azzymaster punished peredo78 for: Double Poste
06-10-17 23:40:22 [INFO] [OctoBans] lefifoudu3 sql checked, record: insultestaff by EGGSPLOSION to 1507332600
06-10-17 23:41:19 [INFO] [OctoBans] azzymaster punished thegost for: Double Poste
06-10-17 23:42:02 [INFO] [OctoBans] azzymaster punished arnsmel for: Insulte
06-10-17 23:43:18 [INFO] [OctoBans] azzymaster punished thomas62200 for: Publicité Youtubeur
06-10-17 23:45:32 [INFO] [OctoBans] zeynox sql checked, record: spammp by Remil to -1
06-10-17 23:46:17 [INFO] [OctoBans] azzymaster punished louis990 for: Double Poste
06-10-17 23:46:58 [INFO] [OctoBans] azzymaster punished denis018 for: Double Poste
06-10-17 23:47:20 [INFO] [OctoBans] azzymaster punished yongmen for: Double Poste
06-10-17 23:50:21 [INFO] [OctoBans] _romain_ sql checked, record: spammp by Remil to -1
06-10-17 23:50:36 [INFO] [OctoBans] swikey_ sql checked, record: spammp by Remil to -1
06-10-17 23:51:15 [INFO] [OctoBans] azzymaster punished babu for: Double Poste
06-10-17 23:56:28 [INFO] [OctoBans] azzymaster punished sauceg0d for: Double Poste
06-10-17 23:58:00 [INFO] [OctoBans] azzymaster punished trylaw for: Double Poste
06-10-17 23:58:44 [INFO] [OctoBans] azzymaster punished wardzi for: Double Poste
06-10-17 23:59:11 [INFO] [OctoBans] azzymaster punished soap_ for: Double Poste
07-10-17 00:01:01 [INFO] [OctoBans] azzymaster punished dutche for: Double Poste
07-10-17 00:04:45 [INFO] [OctoBans] pepsicoca sql checked, record: spammp by Steph078 to -1
07-10-17 00:11:00 [INFO] [OctoBans] azzymaster punished wazhrod for: Double Poste
07-10-17 00:25:15 [INFO] [OctoBans] _topui_ sql checked, record: spammp by Remil to -1
07-10-17 00:29:15 [INFO] [OctoBans] ViRoCl punished moudir for: Langage incorrect
07-10-17 00:41:54 [INFO] [OctoBans] lethugdu46 sql checked, record: spammp by Remil to -1
07-10-17 02:57:44 [INFO] [OctoBans] anthony972 sql checked, record: spammp by Remil to -1
07-10-17 02:57:44 [INFO] [OctoBans] anthony972 sql checked, record: spammp by Remil to -1
07-10-17 03:12:58 [INFO] [OctoBans] Remil punished molotof for: Majuscule
07-10-17 03:20:26 [INFO] [OctoBans] Shouteur punished superteemo for: Spam/flood
07-10-17 03:32:45 [INFO] [OctoBans] superteemo sql checked, record: spam by Shouteur to 1507346426
07-10-17 03:33:09 [INFO] [OctoBans] Shouteur punished superteemo for: Insulte staff
07-10-17 03:37:52 [INFO] [OctoBans] Shouteur punished superteemo for: Insulte staff
07-10-17 03:46:17 [INFO] [OctoBans] _Hello_Kitty punished superteemo for: Insulte staff
07-10-17 05:22:50 [INFO] [OctoBans] skhey punished chico456 for: Spam/flood
07-10-17 06:01:02 [INFO] [OctoBans] Disabling OctoBans v1.0
