30-09-17 22:31:43 [INFO] [OctoBans] File Handler successfully initialized!
30-09-17 22:31:43 [INFO] [OctoBans] SQL connection successfully etablished
30-09-17 22:31:43 [INFO] [OctoBans] Moderator Tools by Octonia.
30-09-17 22:31:49 [INFO] [OctoBans] kheranos sql checked, record: incitationflood by tinmar to 1506884663
30-09-17 22:31:49 [INFO] [OctoBans] say__ sql checked, record: doubleposte by TheBrioche13 to 1506803869
30-09-17 22:31:49 [INFO] [OctoBans] akowi sql checked, record: spammp by SkyKosIV to -1
30-09-17 22:31:49 [INFO] [OctoBans] akowi sql checked, record: spam by EGGSPLOSION to 1506819372
30-09-17 22:31:49 [INFO] [OctoBans] sofianeytb sql checked, record: incitationflood by EGGSPLOSION to 1506850331
30-09-17 22:31:49 [INFO] [OctoBans] didier sql checked, record: homophobie by ViRoCl to 1506953945
30-09-17 22:31:49 [INFO] [OctoBans] denis018 sql checked, record: spammp by Remil to -1
30-09-17 22:31:53 [INFO] [OctoBans] tt1011 sql checked, record: spammp by YTB_XxKarnageXx to -1
30-09-17 22:31:53 [INFO] [OctoBans] tt1011 sql checked, record: spammp by YTB_XxKarnageXx to -1
30-09-17 22:31:53 [INFO] [OctoBans] tt1011 sql checked, record: spammp by SuperJojo to -1
30-09-17 22:31:53 [INFO] [OctoBans] tt1011 sql checked, record: spammp by SuperJojo to -1
30-09-17 22:32:00 [INFO] [OctoBans] ktm125sx sql checked, record: spammp by Remil to -1
30-09-17 22:32:06 [INFO] [OctoBans] itymax sql checked, record: incitationflood by woimant to 1506870026
30-09-17 22:32:14 [INFO] [OctoBans] pierreletueur sql checked, record: incitationflood by tinmar to 1506855455
30-09-17 22:32:15 [INFO] [OctoBans] _theodu13_ sql checked, record: spammp by Remil to -1
30-09-17 22:32:15 [INFO] [OctoBans] _theodu13_ sql checked, record: racism by woimant to 1506806625
30-09-17 22:32:21 [INFO] [OctoBans] superb3b3 sql checked, record: spammp by Remil to -1
30-09-17 22:32:21 [INFO] [OctoBans] superb3b3 sql checked, record: spammp by Remil to -1
30-09-17 22:32:22 [INFO] [OctoBans] kamikaz93 sql checked, record: insultegrave by TheBrioche13 to 1506838890
30-09-17 22:32:22 [INFO] [OctoBans] sklip sql checked, record: spammp by Remil to -1
30-09-17 22:32:22 [INFO] [OctoBans] sklip sql checked, record: spammp by Remil to -1
30-09-17 22:32:22 [INFO] [OctoBans] sklip sql checked, record: spammp by Remil to -1
30-09-17 22:32:22 [INFO] [OctoBans] sklip sql checked, record: spam by ChronoEthernal to 1506822851
30-09-17 22:32:44 [INFO] [OctoBans] fiask0 sql checked, record: floodmp by Forway to -1
30-09-17 22:32:50 [INFO] [OctoBans] unnainportant sql checked, record: doubleposte by TheBrioche13 to 1506805718
30-09-17 22:32:55 [INFO] [OctoBans] bloked sql checked, record: homophobie by EGGSPLOSION to 1506871709
30-09-17 22:33:01 [INFO] [OctoBans] shiiq271 sql checked, record: doubleposte by FiasK0 to 1506805238
30-09-17 22:33:01 [INFO] [OctoBans] ibratv sql checked, record: flood by FiasK0 to 1506804770
30-09-17 22:33:11 [INFO] [OctoBans] ardox_pvp_boss sql checked, record: doubleposte by FiasK0 to 1506803797
30-09-17 22:33:29 [INFO] [OctoBans] selim6671 sql checked, record: doubleposte by FiasK0 to 1506805390
30-09-17 22:33:34 [INFO] [OctoBans] cocodu621 sql checked, record: spammp by tinmar to -1
30-09-17 22:33:40 [INFO] [OctoBans] hkz_skillon sql checked, record: spammp by Remil to -1
30-09-17 22:33:40 [INFO] [OctoBans] hkz_skillon sql checked, record: incitationflood by FiasK0 to 1506972769
30-09-17 22:35:41 [INFO] [OctoBans] agoniel sql checked, record: spam by TheBrioche13 to 1506806053
30-09-17 22:36:07 [INFO] [OctoBans] iswizzi sql checked, record: faussesinfos by FiasK0 to 1506886451
30-09-17 22:36:10 [INFO] [OctoBans] FiasK0 punished tyt_tress_tyt for: Majuscule
30-09-17 22:37:05 [INFO] [OctoBans] zumbie sql checked, record: doubleposte by ChronoEthernal to 1506811780
30-09-17 22:37:37 [INFO] [OctoBans] xx_volrod_xx sql checked, record: doubleposte by tinmar to 1506807194
30-09-17 22:37:56 [INFO] [OctoBans] thegost sql checked, record: spammp by Remil to -1
30-09-17 22:37:56 [INFO] [OctoBans] thegost sql checked, record: doubleposte by EGGSPLOSION to 1506812861
30-09-17 22:38:08 [INFO] [OctoBans] chronoethernal sql checked, record: floodmp by Forway to -1
30-09-17 22:38:08 [INFO] [OctoBans] chronoethernal sql checked, record: floodmp by Forway to -1
30-09-17 22:38:08 [INFO] [OctoBans] chronoethernal sql checked, record: spammp by YTB_XxKarnageXx to -1
30-09-17 22:41:29 [INFO] [OctoBans] mistergamingv2 sql checked, record: spammp by Remil to -1
30-09-17 22:41:29 [INFO] [OctoBans] mistergamingv2 sql checked, record: spammp by YTB_XxKarnageXx to -1
30-09-17 22:42:29 [INFO] [OctoBans] derpik sql checked, record: spammp by Remil to -1
30-09-17 22:42:29 [INFO] [OctoBans] derpik sql checked, record: floodmp by Forway to -1
30-09-17 22:42:49 [INFO] [OctoBans] misterblazing sql checked, record: insultegrave by FiasK0 to 1506814530
30-09-17 22:45:49 [INFO] [OctoBans] osmanlitorunu sql checked, record: insultegrave by woimant to 1506935288
30-09-17 22:46:25 [INFO] [OctoBans] _topui_ sql checked, record: spammp by ZerKup to -1
30-09-17 22:46:25 [INFO] [OctoBans] _topui_ sql checked, record: insultegrave by EGGSPLOSION to 1506866698
30-09-17 22:46:25 [INFO] [OctoBans] _topui_ sql checked, record: spam by ViRoCl to 1506818387
30-09-17 22:46:34 [INFO] [OctoBans] ViRoCl punished mgk_zurai for: Spam/flood
30-09-17 22:50:09 [INFO] [OctoBans] ViRoCl punished ardox_pvp_boss for: Majuscule
30-09-17 22:52:22 [INFO] [OctoBans] ChronoEthernal punished clem5656 for: Spam/flood
30-09-17 22:52:49 [INFO] [OctoBans] ChronoEthernal punished hibz for: Double Poste
30-09-17 22:53:46 [INFO] [OctoBans] ViRoCl punished sofianeytb for: Spam/flood
30-09-17 22:55:03 [INFO] [OctoBans] vibyx sql checked, record: faussesinfos by woimant to 1506841859
30-09-17 22:55:06 [INFO] [OctoBans] grospvp sql checked, record: faussesinfos by ViRoCl to 1506964096
30-09-17 22:56:28 [INFO] [OctoBans] mryacine59 sql checked, record: spammp by Remil to -1
30-09-17 22:58:06 [INFO] [OctoBans] ViRoCl punished __zeiko__ for: Double Poste
30-09-17 23:02:15 [INFO] [OctoBans] zighapvp sql checked, record: spammp by YTB_XxKarnageXx to -1
30-09-17 23:02:15 [INFO] [OctoBans] zighapvp sql checked, record: incitationflood by TheBrioche13 to 1507049383
30-09-17 23:04:26 [INFO] [OctoBans] ViRoCl punished i_tcheat for: Double Poste
30-09-17 23:06:01 [INFO] [OctoBans] karibo127 sql checked, record: incitationflood by FiasK0 to 1506894539
30-09-17 23:06:26 [INFO] [OctoBans] ViRoCl punished tyt_tress_tyt for: Provocation
30-09-17 23:08:29 [INFO] [OctoBans] idreyzen_ sql checked, record: spammp by tinmar to -1
30-09-17 23:09:10 [INFO] [OctoBans] ViRoCl punished thomas123 for: Spam/flood
30-09-17 23:19:47 [INFO] [OctoBans] ededed91 sql checked, record: spammp by SkyKosIV to -1
30-09-17 23:19:47 [INFO] [OctoBans] ededed91 sql checked, record: spammp by Remil to -1
30-09-17 23:20:09 [INFO] [OctoBans] ViRoCl punished blue_exe for: Double Poste
30-09-17 23:21:36 [INFO] [OctoBans] ViRoCl punished touti for: Fausses informations
30-09-17 23:22:46 [INFO] [OctoBans] YTB_XxKarnageXx punished derpik for: Spam/flood
30-09-17 23:23:44 [INFO] [OctoBans] ViRoCl punished tyt_tress_tyt for: Double Poste
30-09-17 23:29:11 [INFO] [OctoBans] YTB_XxKarnageXx punished onflyenrec for: Provocation
30-09-17 23:29:13 [INFO] [OctoBans] YTB_XxKarnageXx punished uranium for: Spam/flood
30-09-17 23:30:26 [INFO] [OctoBans] YTB_XxKarnageXx punished mohamedia for: Incitation au flood
30-09-17 23:30:51 [INFO] [OctoBans] lefifoudu3 sql checked, record: tpkill by tinmar to 1506967071
30-09-17 23:33:14 [INFO] [OctoBans] YTB_XxKarnageXx punished octogombre for: Spam/flood
30-09-17 23:33:34 [INFO] [OctoBans] YTB_XxKarnageXx punished destroyer_s_34 for: Incitation au flood
30-09-17 23:39:29 [INFO] [OctoBans] ViRoCl punished talha for: Spam/flood
30-09-17 23:39:59 [INFO] [OctoBans] alexisdu59 sql checked, record: spammp by Remil to -1
30-09-17 23:40:35 [INFO] [OctoBans] lefifoudu3 sql checked, record: tpkill by tinmar to 1506967071
30-09-17 23:40:55 [INFO] [OctoBans] YTB_XxKarnageXx punished talha for: Spam/flood en MP
30-09-17 23:43:24 [INFO] [OctoBans] ViRoCl punished talha for: Insulte grave
30-09-17 23:46:21 [INFO] [OctoBans] NeyTox punished aexrapotrz for: Majuscule
30-09-17 23:54:38 [INFO] [OctoBans] ViRoCl punished aparia for: Insulte
30-09-17 23:58:21 [INFO] [OctoBans] ViRoCl punished denis018 for: Double Poste
01-10-17 00:03:51 [INFO] [OctoBans] vagosts sql checked, record: insultegrave by NeyTox to 1507116396
01-10-17 00:04:05 [INFO] [OctoBans] gamix_yt sql checked, record: spammp by tinmar to -1
01-10-17 00:04:05 [INFO] [OctoBans] gamix_yt sql checked, record: spammp by tinmar to -1
01-10-17 00:04:05 [INFO] [OctoBans] gamix_yt sql checked, record: insultegrave by YTB_XxKarnageXx to 1507092420
01-10-17 00:04:25 [INFO] [OctoBans] nolaninomc sql checked, record: spammp by SmooKeur to -1
01-10-17 00:04:25 [INFO] [OctoBans] nolaninomc sql checked, record: incitationflood by woimant to 1507021084
01-10-17 00:07:13 [INFO] [OctoBans] louiska_ sql checked, record: spammp by iPurple_ to -1
01-10-17 00:07:13 [INFO] [OctoBans] louiska_ sql checked, record: spammp by SuperJojo to -1
01-10-17 00:07:58 [INFO] [OctoBans] yolpe89 sql checked, record: incitationflood by EGGSPLOSION to 1507038419
01-10-17 00:08:30 [INFO] [OctoBans] aparia sql checked, record: insulte by ViRoCl to 1506813878
01-10-17 00:09:12 [INFO] [OctoBans] ViRoCl punished hobbit29 for: Double Poste
01-10-17 00:09:54 [INFO] [OctoBans] ViRoCl punished totodu91 for: Double Poste
01-10-17 00:11:15 [INFO] [OctoBans] FiasK0 punished shazekhq_q for: Double Poste
01-10-17 00:11:24 [INFO] [OctoBans] rednight_ sql checked, record: spammp by PseudoNul to -1
01-10-17 00:12:20 [INFO] [OctoBans] FiasK0 punished skybow for: Double Poste
01-10-17 00:16:53 [INFO] [OctoBans] FiasK0 punished alexisdu59 for: Majuscule
01-10-17 00:17:48 [INFO] [OctoBans] whitstar sql checked, record: spammp by Remil to -1
01-10-17 00:18:33 [INFO] [OctoBans] demonzero22 sql checked, record: spammp by tinmar to -1
01-10-17 00:18:33 [INFO] [OctoBans] demonzero22 sql checked, record: spammp by Remil to -1
01-10-17 00:18:33 [INFO] [OctoBans] demonzero22 sql checked, record: spammp by Remil to -1
01-10-17 00:19:34 [INFO] [OctoBans] ViRoCl punished gameur827 for: Insulte grave
01-10-17 00:22:36 [INFO] [OctoBans] hurricanetiger sql checked, record: spammp by SnowEffect to -1
01-10-17 00:28:41 [INFO] [OctoBans] FiasK0 punished superb3b3 for: Double Poste
01-10-17 00:34:38 [INFO] [OctoBans] NeyTox punished davlow_ for: Insulte staff
01-10-17 00:36:57 [INFO] [OctoBans] NeyTox punished skiwiix_ for: Double Poste
01-10-17 00:44:02 [INFO] [OctoBans] FiasK0 punished bardax for: Majuscule
01-10-17 00:44:13 [INFO] [OctoBans] ViRoCl punished bardaxx_ for: Majuscule
01-10-17 00:47:11 [INFO] [OctoBans] FiasK0 punished vagosts for: Spam/flood
01-10-17 00:47:17 [INFO] [OctoBans] ViRoCl punished sauvage52 for: Double Poste
01-10-17 00:51:22 [INFO] [OctoBans] FiasK0 punished zumbie for: Double Poste
01-10-17 00:51:46 [INFO] [OctoBans] yunkii sql checked, record: incitationflood by FiasK0 to 1506889649
01-10-17 00:56:18 [INFO] [OctoBans] FiasK0 punished sauvage52 for: Double Poste
01-10-17 00:58:42 [INFO] [OctoBans] emeric15 sql checked, record: insultestaff by Remil to 1506832470
01-10-17 00:59:41 [INFO] [OctoBans] rednight_ sql checked, record: spammp by PseudoNul to -1
01-10-17 00:59:46 [INFO] [OctoBans] YTB_XxKarnageXx punished rednight_ for: TpKill
01-10-17 01:01:14 [INFO] [OctoBans] emeric15 sql checked, record: insultestaff by Remil to 1506832470
01-10-17 01:04:36 [INFO] [OctoBans] YTB_XxKarnageXx punished elumix for: Langage incorrect
01-10-17 01:05:50 [INFO] [OctoBans] YTB_XxKarnageXx punished kainoa for: Majuscule
01-10-17 01:06:17 [INFO] [OctoBans] YTB_XxKarnageXx punished firz for: TpKill
01-10-17 01:08:11 [INFO] [OctoBans] NeyTox punished sauvage52 for: Majuscule
01-10-17 01:08:42 [INFO] [OctoBans] FiasK0 punished whitstar for: Double Poste
01-10-17 01:19:24 [INFO] [OctoBans] ViRoCl punished lefifoudu3 for: Spam/flood
01-10-17 01:28:11 [INFO] [OctoBans] NeyTox punished tp_arway for: Double Poste
01-10-17 01:44:55 [INFO] [OctoBans] NeyTox punished zabilotero for: Double Poste
01-10-17 01:52:43 [INFO] [OctoBans] modattozz sql checked, record: spammp by tinmar to -1
01-10-17 01:56:02 [INFO] [OctoBans] ViRoCl punished moudir for: Majuscule
01-10-17 01:57:15 [INFO] [OctoBans] ViRoCl punished aexrapotrz for: Double Poste
01-10-17 02:00:55 [INFO] [OctoBans] ViRoCl punished melihpgm007 for: Double Poste
01-10-17 02:03:20 [INFO] [OctoBans] selim45 sql checked, record: spammp by ZerKup to -1
01-10-17 02:03:25 [INFO] [OctoBans] NeyTox punished flo_theking for: Double Poste
01-10-17 02:08:06 [INFO] [OctoBans] NeyTox punished papyvenger for: Insulte grave
01-10-17 02:09:47 [INFO] [OctoBans] NeyTox punished pouletgriller for: Double Poste
01-10-17 04:00:18 [INFO] [OctoBans] la_masqotte_ytb sql checked, record: faussesinfos by NeyTox to 1506828335
01-10-17 05:19:22 [INFO] [OctoBans] karlwill sql checked, record: spammp by Remil to -1
01-10-17 05:19:22 [INFO] [OctoBans] karlwill sql checked, record: spammp by YTB_XxKarnageXx to -1
01-10-17 06:01:01 [INFO] [OctoBans] Disabling OctoBans v1.0
