19-11-17 22:31:42 [INFO] [OctoBans] File Handler successfully initialized!
19-11-17 22:31:42 [INFO] [OctoBans] SQL connection successfully etablished
19-11-17 22:31:42 [INFO] [OctoBans] Moderator Tools by Octonia.
19-11-17 22:31:47 [INFO] [OctoBans] fabio sql checked, record: spammp by Remil to -1
19-11-17 22:31:47 [INFO] [OctoBans] fabio sql checked, record: spammp by Remil to -1
19-11-17 22:31:47 [INFO] [OctoBans] fabio sql checked, record: insultestaff by FiasK0 to 1511128879
19-11-17 22:31:47 [INFO] [OctoBans] fabio sql checked, record: insultestaff by NeyTox to 1511189125
19-11-17 22:31:54 [INFO] [OctoBans] bzhraphy sql checked, record: faussesinfos by YTB_XxKarnageXx to 1511127770
19-11-17 22:31:55 [INFO] [OctoBans] aexraptorz sql checked, record: spammp by Remil to -1
19-11-17 22:32:02 [INFO] [OctoBans] xx_volrod_xx sql checked, record: spammp by Spovly to -1
19-11-17 22:32:02 [INFO] [OctoBans] xx_volrod_xx sql checked, record: spammp by Spovly to -1
19-11-17 22:32:02 [INFO] [OctoBans] xx_volrod_xx sql checked, record: spammp by The_Frusty to -1
19-11-17 22:32:02 [INFO] [OctoBans] xx_volrod_xx sql checked, record: spammp by The_Frusty to -1
19-11-17 22:32:02 [INFO] [OctoBans] xx_volrod_xx sql checked, record: spammp by The_Frusty to -1
19-11-17 22:32:02 [INFO] [OctoBans] xx_volrod_xx sql checked, record: spammp by Spovly to -1
19-11-17 22:32:02 [INFO] [OctoBans] xx_volrod_xx sql checked, record: spammp by KelianHD to -1
19-11-17 22:32:02 [INFO] [OctoBans] xx_volrod_xx sql checked, record: spammp by OCIP_Matth to -1
19-11-17 22:32:02 [INFO] [OctoBans] xx_volrod_xx sql checked, record: spammp by OCIP_Matth to -1
19-11-17 22:32:02 [INFO] [OctoBans] xx_volrod_xx sql checked, record: spammp by OCIP_Matth to -1
19-11-17 22:32:02 [INFO] [OctoBans] xx_volrod_xx sql checked, record: spammp by Evolze to -1
19-11-17 22:32:02 [INFO] [OctoBans] xx_volrod_xx sql checked, record: floodmp by NiceFR to -1
19-11-17 22:32:02 [INFO] [OctoBans] xx_volrod_xx sql checked, record: spammp by NiceFR to -1
19-11-17 22:32:02 [INFO] [OctoBans] xx_volrod_xx sql checked, record: spam by YTB_XxKarnageXx to 1511130300
19-11-17 22:32:02 [INFO] [OctoBans] xx_volrod_xx sql checked, record: spam by Evolze to 1511137398
19-11-17 22:32:10 [INFO] [OctoBans] blackwhite010 sql checked, record: spammp by drbrine to -1
19-11-17 22:32:10 [INFO] [OctoBans] blackwhite010 sql checked, record: spammp by drbrine to -1
19-11-17 22:32:10 [INFO] [OctoBans] blackwhite010 sql checked, record: spammp by drbrine to -1
19-11-17 22:33:21 [INFO] [OctoBans] snoxx_ sql checked, record: spammp by Kyabe to -1
19-11-17 22:33:21 [INFO] [OctoBans] snoxx_ sql checked, record: spammp by Zoseq to -1
19-11-17 22:33:21 [INFO] [OctoBans] snoxx_ sql checked, record: spammp by tinmar to -1
19-11-17 22:33:21 [INFO] [OctoBans] snoxx_ sql checked, record: spammp by tinmar to -1
19-11-17 22:34:28 [INFO] [OctoBans] Remil punished skybow for: Spam/flood
19-11-17 22:35:34 [INFO] [OctoBans] darryl1 sql checked, record: spammp by FiasK0 to -1
19-11-17 22:36:22 [INFO] [OctoBans] juldestructeur sql checked, record: spammp by OCIP_Matth to -1
19-11-17 22:39:50 [INFO] [OctoBans] theohand sql checked, record: spammp by OCIP_Matth to -1
19-11-17 22:54:33 [INFO] [OctoBans] Remil punished dl1rmew for: Double Poste
19-11-17 22:56:03 [INFO] [OctoBans] killerboydu13 sql checked, record: spammp by Evolze to -1
19-11-17 22:56:03 [INFO] [OctoBans] killerboydu13 sql checked, record: spammp by KelianHD to -1
19-11-17 22:56:03 [INFO] [OctoBans] killerboydu13 sql checked, record: spammp by OCIP_Matth to -1
19-11-17 23:33:51 [INFO] [OctoBans] NeyTox punished zarteck09 for: Double Poste
19-11-17 23:43:07 [INFO] [OctoBans] keezy sql checked, record: spammp by LeRe to -1
19-11-17 23:43:07 [INFO] [OctoBans] keezy sql checked, record: spammp by LeRe to -1
19-11-17 23:51:50 [INFO] [OctoBans] cocacola62 sql checked, record: spammp by Kyabe to -1
19-11-17 23:58:56 [INFO] [OctoBans] soulartz sql checked, record: faussesinfos by YTB_XxKarnageXx to 1511197179
20-11-17 01:16:56 [INFO] [OctoBans] drbrine punished porto73 for: Double Poste
20-11-17 01:27:08 [INFO] [OctoBans] drbrine punished zitro_pvp for: Double Poste
20-11-17 01:31:10 [INFO] [OctoBans] drbrine punished ethan0629 for: Provocation
20-11-17 01:47:55 [INFO] [OctoBans] drbrine punished aexraptorz for: Provocation
20-11-17 01:49:13 [INFO] [OctoBans] drbrine punished zitro_pvp for: Insulte
20-11-17 02:16:21 [INFO] [OctoBans] drbrine punished duckawikytb for: Publicité Youtubeur
20-11-17 02:17:22 [INFO] [OctoBans] drbrine punished aexraptorz for: Double Poste
20-11-17 02:33:36 [INFO] [OctoBans] drbrine punished virocl for: Spam/flood en MP
20-11-17 03:27:50 [INFO] [OctoBans] uu_uu sql checked, record: spammp by Remil to -1
20-11-17 06:01:01 [INFO] [OctoBans] Disabling OctoBans v1.0
