01-06-17 22:31:42 [INFO] [OctoBans] File Handler successfully initialized!
01-06-17 22:31:42 [INFO] [OctoBans] SQL connection successfully etablished
01-06-17 22:31:42 [INFO] [OctoBans] Moderator Tools by Octonia.
01-06-17 22:31:47 [INFO] [OctoBans] surprisesxx sql checked, record: spammp by SkyKosIV to -1
01-06-17 22:31:47 [INFO] [OctoBans] sportek_ sql checked, record: spammp by SkyKosIV to -1
01-06-17 22:31:47 [INFO] [OctoBans] 120403jean sql checked, record: spammp by Remil to -1
01-06-17 22:31:47 [INFO] [OctoBans] whiskass sql checked, record: spammp by SuperJojo to -1
01-06-17 22:31:47 [INFO] [OctoBans] aldorbest sql checked, record: kickautre by Steph078 to -1
01-06-17 22:31:47 [INFO] [OctoBans] toly_ sql checked, record: spammp by Remil to -1
01-06-17 22:31:47 [INFO] [OctoBans] toly_ sql checked, record: insultestaff by Theo97 to 1496364461
01-06-17 22:31:47 [INFO] [OctoBans] toly_ sql checked, record: insultestaff by Theo97 to 1496400508
01-06-17 22:31:47 [INFO] [OctoBans] toly_ sql checked, record: insultestaff by Theo97 to 1496436542
01-06-17 22:31:47 [INFO] [OctoBans] toly_ sql checked, record: insultestaff by Theo97 to 1496472596
01-06-17 22:31:47 [INFO] [OctoBans] toly_ sql checked, record: insultestaff by Theo97 to 1496575856
01-06-17 22:31:47 [INFO] [OctoBans] craft459 sql checked, record: incitationflood by SuperJojo to 1496425352
01-06-17 22:31:47 [INFO] [OctoBans] sacha33340 sql checked, record: spammp by SkyKosIV to -1
01-06-17 22:31:47 [INFO] [OctoBans] erinoxlx sql checked, record: kickautre by Steph078 to -1
01-06-17 22:31:51 [INFO] [OctoBans] sam1 sql checked, record: spam by ZerKup to 1496352057
01-06-17 22:31:51 [INFO] [OctoBans] ededed81 sql checked, record: provocation by Antoine57565 to 1496349254
01-06-17 22:31:53 [INFO] [OctoBans] singe_de_telfort sql checked, record: spammp by SuperJojo to -1
01-06-17 22:31:53 [INFO] [OctoBans] singe_de_telfort sql checked, record: insultestaff by Steph078 to 1496415870
01-06-17 22:31:53 [INFO] [OctoBans] zarkios sql checked, record: spam by Antoine57565 to 1496352209
01-06-17 22:31:57 [INFO] [OctoBans] drkiritoz_ sql checked, record: insultegrave by Theo97 to 1496397448
01-06-17 22:31:57 [INFO] [OctoBans] drkiritoz_ sql checked, record: insultegrave by Theo97 to 1496433550
01-06-17 22:31:57 [INFO] [OctoBans] theo_pveur sql checked, record: spammp by Remil to -1
01-06-17 22:31:57 [INFO] [OctoBans] xxbossteamxx sql checked, record: spammp by SuperJojo to -1
01-06-17 22:32:27 [INFO] [OctoBans] _hello_kitty sql checked, record: spammp by Steph078 to -1
01-06-17 22:33:21 [INFO] [OctoBans] YTB_XxKarnageXx punished pvpthugthug for: Spam/flood
01-06-17 22:33:29 [INFO] [OctoBans] YTB_XxKarnageXx punished pvpthug for: Spam/flood
01-06-17 22:34:01 [INFO] [OctoBans] soufianmc sql checked, record: insultegrave by SkyKosIV to 1496372072
01-06-17 22:34:13 [INFO] [OctoBans] YTB_XxKarnageXx punished nakuzy_ for: Double Poste
01-06-17 22:35:59 [INFO] [OctoBans] superfilleciel sql checked, record: kickautre by Steph078 to -1
01-06-17 22:43:40 [INFO] [OctoBans] TwYz__ punished siplyoyt for: Spam/flood
01-06-17 22:45:26 [INFO] [OctoBans] TwYz__ punished xxbossteamxx for: Langage incorrect
01-06-17 22:46:09 [INFO] [OctoBans] TwYz__ punished xxbossteamxx for: Insulte staff
01-06-17 22:46:26 [INFO] [OctoBans] ZerKup punished blackpvp978655 for: Spam/flood
01-06-17 22:47:04 [INFO] [OctoBans] walterwhite sql checked, record: insultegrave by Forway to 1496369303
01-06-17 22:57:11 [INFO] [OctoBans] acos79 sql checked, record: spammp by YTB_XxKarnageXx to -1
01-06-17 22:57:11 [INFO] [OctoBans] acos79 sql checked, record: spammp by Steph078 to -1
01-06-17 23:01:49 [INFO] [OctoBans] tipi201 sql checked, record: kickautre by ZerKup to -1
01-06-17 23:11:11 [INFO] [OctoBans] Steph078 punished vsmaxouytb for: Spam /f open
01-06-17 23:19:15 [INFO] [OctoBans] samybg sql checked, record: spammp by Remil to -1
01-06-17 23:28:18 [INFO] [OctoBans] gamix_yt sql checked, record: spammp by SkyKosIV to -1
01-06-17 23:28:18 [INFO] [OctoBans] gamix_yt sql checked, record: spammp by Steph078 to -1
01-06-17 23:29:58 [INFO] [OctoBans] YTB_XxKarnageXx punished yinox for: Double Poste
01-06-17 23:34:15 [INFO] [OctoBans] YTB_XxKarnageXx punished gameurdumsk for: Majuscule
01-06-17 23:34:21 [INFO] [OctoBans] YTB_XxKarnageXx punished frite_merguez for: Langage incorrect
01-06-17 23:36:40 [INFO] [OctoBans] YTB_XxKarnageXx punished seereix for: Double Poste
01-06-17 23:38:38 [INFO] [OctoBans] YTB_XxKarnageXx punished sportek_ for: Langage incorrect
01-06-17 23:38:39 [INFO] [OctoBans] Remil punished superfilleciel for: Spam/flood en MP
01-06-17 23:38:40 [INFO] [OctoBans] YTB_XxKarnageXx punished romlcm89 for: Langage incorrect
01-06-17 23:41:11 [INFO] [OctoBans] YTB_XxKarnageXx punished ifurax for: Provocation
01-06-17 23:41:32 [INFO] [OctoBans] YTB_XxKarnageXx punished gamix_yt for: Provocation
01-06-17 23:54:09 [INFO] [OctoBans] PseudoNul punished molotof for: Provocation
01-06-17 23:55:07 [INFO] [OctoBans] YTB_XxKarnageXx punished grenousse_pvp for: Homophobie
01-06-17 23:57:38 [INFO] [OctoBans] YTB_XxKarnageXx punished grenousse_pvp for: Spam/flood en MP
02-06-17 00:00:36 [INFO] [OctoBans] PseudoNul punished bellepatate for: Spam/flood
02-06-17 00:01:34 [INFO] [OctoBans] YTB_XxKarnageXx punished grenousse_pvp for: Menace de hack
02-06-17 00:09:10 [INFO] [OctoBans] YTB_XxKarnageXx punished acos79 for: Spam/flood
02-06-17 00:09:30 [INFO] [OctoBans] YTB_XxKarnageXx punished acos79 for: Insulte grave
02-06-17 00:12:29 [INFO] [OctoBans] PseudoNul punished nestraliahd for: Langage incorrect
02-06-17 00:19:50 [INFO] [OctoBans] YTB_XxKarnageXx punished skyizi91 for: Provocation
02-06-17 00:21:47 [INFO] [OctoBans] YTB_XxKarnageXx punished da_fail_troll for: TpKill
02-06-17 00:30:21 [INFO] [OctoBans] PseudoNul punished syroxiv for: Double Poste
02-06-17 00:46:28 [INFO] [OctoBans] YTB_XxKarnageXx punished frite_merguez for: Spam/flood
02-06-17 00:53:08 [INFO] [OctoBans] PseudoNul punished mightymouse_ for: Double Poste
02-06-17 01:09:59 [INFO] [OctoBans] YTB_XxKarnageXx punished shetters for: Majuscule
02-06-17 02:17:08 [INFO] [OctoBans] Remil punished singe_de_telfort for: Insulte staff
02-06-17 02:23:57 [INFO] [OctoBans] Remil punished itz_smokew33d for: Spam/flood en MP
02-06-17 02:26:09 [INFO] [OctoBans] Remil punished strikewail for: Spam/flood
02-06-17 02:52:19 [INFO] [OctoBans] Remil punished itz_smokew33d for: Insulte
02-06-17 03:30:07 [INFO] [OctoBans] Remil punished superfilleciel for: Spam/flood en MP
02-06-17 03:30:10 [INFO] [OctoBans] Remil punished _hello_kitty for: Spam/flood en MP
02-06-17 03:33:06 [INFO] [OctoBans] Remil punished superfilleciel for: Spam/flood en MP
02-06-17 03:35:45 [INFO] [OctoBans] Remil punished oeufdepoule62 for: Spam/flood
02-06-17 03:41:23 [INFO] [OctoBans] Remil punished shouteur for: Spam/flood en MP
02-06-17 04:19:04 [INFO] [OctoBans] Remil punished alexnorette for: Spam/flood
02-06-17 04:20:05 [INFO] [OctoBans] Remil punished _hello_kitty for: Langage incorrect
02-06-17 06:01:02 [INFO] [OctoBans] Disabling OctoBans v1.0
