25-12-17 22:31:44 [INFO] [OctoBans] File Handler successfully initialized!
25-12-17 22:31:44 [INFO] [OctoBans] SQL connection successfully etablished
25-12-17 22:31:44 [INFO] [OctoBans] Moderator Tools by Octonia.
25-12-17 22:31:49 [INFO] [OctoBans] grospvp sql checked, record: spammp by EGGSPLOSION to -1
25-12-17 22:31:49 [INFO] [OctoBans] jeremygameur sql checked, record: spammp by EW3L to -1
25-12-17 22:31:49 [INFO] [OctoBans] karlwill sql checked, record: spammp by Gamer09 to -1
25-12-17 22:31:49 [INFO] [OctoBans] karlwill sql checked, record: spammp by LeRe to -1
25-12-17 22:31:49 [INFO] [OctoBans] the_dz_men sql checked, record: spammp by FiasK0 to -1
25-12-17 22:31:49 [INFO] [OctoBans] lethugdu46 sql checked, record: spammp by LaKitaw to -1
25-12-17 22:31:49 [INFO] [OctoBans] lethugdu46 sql checked, record: spammp by Hkz_Skillon to -1
25-12-17 22:31:49 [INFO] [OctoBans] lethugdu46 sql checked, record: spam by ToXiCz_TV to 1514260006
25-12-17 22:31:49 [INFO] [OctoBans] zxbrine_ sql checked, record: spammp by Evolze to -1
25-12-17 22:31:49 [INFO] [OctoBans] zxbrine_ sql checked, record: spammp by drbrine to -1
25-12-17 22:31:49 [INFO] [OctoBans] zxbrine_ sql checked, record: spammp by EGGSPLOSION to -1
25-12-17 22:31:49 [INFO] [OctoBans] zxbrine_ sql checked, record: spammp by drbrine to -1
25-12-17 22:31:49 [INFO] [OctoBans] zxbrine_ sql checked, record: spammp by MrKebab to -1
25-12-17 22:31:49 [INFO] [OctoBans] zxbrine_ sql checked, record: spammp by PseudooNull to -1
25-12-17 22:31:49 [INFO] [OctoBans] zxbrine_ sql checked, record: spammp by atsuky to -1
25-12-17 22:31:49 [INFO] [OctoBans] zxbrine_ sql checked, record: spammp by EW3L to -1
25-12-17 22:31:49 [INFO] [OctoBans] softspringer sql checked, record: spammp by LaKitaw to -1
25-12-17 22:31:49 [INFO] [OctoBans] remil sql checked, record: spammp by FiasK0 to -1
25-12-17 22:31:49 [INFO] [OctoBans] darryl1 sql checked, record: spammp by FiasK0 to -1
25-12-17 22:31:49 [INFO] [OctoBans] dilili sql checked, record: spammp by ToXiCz_TV to -1
25-12-17 22:31:49 [INFO] [OctoBans] atsuky sql checked, record: spammp by EGGSPLOSION to -1
25-12-17 22:31:49 [INFO] [OctoBans] serge58 sql checked, record: spammp by Remil to -1
25-12-17 22:31:49 [INFO] [OctoBans] serge58 sql checked, record: spammp by OCIP_Matth to -1
25-12-17 22:31:49 [INFO] [OctoBans] easy sql checked, record: spammp by zlKayzen to -1
25-12-17 22:31:49 [INFO] [OctoBans] easy sql checked, record: faussesinfos by Gamer09 to 1514243797
25-12-17 22:31:49 [INFO] [OctoBans] easy sql checked, record: spammp by ToXiCz_TV to -1
25-12-17 22:31:49 [INFO] [OctoBans] easy sql checked, record: insultegrave by ToXiCz_TV to 1514353539
25-12-17 22:31:49 [INFO] [OctoBans] easy sql checked, record: spammp by D3adOrSnipSurYTB to -1
25-12-17 22:31:49 [INFO] [OctoBans] selim6671 sql checked, record: spammp by LeRe to -1
25-12-17 22:31:49 [INFO] [OctoBans] maxougaming sql checked, record: spammp by Ceraiste to -1
25-12-17 22:31:49 [INFO] [OctoBans] maxougaming sql checked, record: spammp by EW3L to -1
25-12-17 22:31:49 [INFO] [OctoBans] maxougaming sql checked, record: spammp by FiasK0 to -1
25-12-17 22:31:49 [INFO] [OctoBans] zozodu14 sql checked, record: incitationflood by Hkz_Skillon to 1514316710
25-12-17 22:31:50 [INFO] [OctoBans] lefifoudu3 sql checked, record: spammp by EW3L to -1
25-12-17 22:31:50 [INFO] [OctoBans] lefifoudu3 sql checked, record: spammp by EW3L to -1
25-12-17 22:31:50 [INFO] [OctoBans] lefifoudu3 sql checked, record: spammp by Koeseb97 to -1
25-12-17 22:31:50 [INFO] [OctoBans] lefifoudu3 sql checked, record: spammp by LaKitaw to -1
25-12-17 22:31:50 [INFO] [OctoBans] lefifoudu3 sql checked, record: spammp by SkillBOotiiS to -1
25-12-17 22:31:50 [INFO] [OctoBans] lefifoudu3 sql checked, record: spammp by zlKayzen to -1
25-12-17 22:31:50 [INFO] [OctoBans] lefifoudu3 sql checked, record: spammp by MrBlaze77 to -1
25-12-17 22:31:50 [INFO] [OctoBans] lefifoudu3 sql checked, record: pubyt by Gamer09 to 1514275578
25-12-17 22:31:52 [INFO] [OctoBans] nrgx_sh4d0w sql checked, record: spammp by NeyTox to -1
25-12-17 22:31:55 [INFO] [OctoBans] rewd sql checked, record: spammp by Ceraiste to -1
25-12-17 22:31:59 [INFO] [OctoBans] djadene sql checked, record: insultegrave by Bucky57 to 1514272446
25-12-17 22:32:00 [INFO] [OctoBans] fngod sql checked, record: spammp by FamousxRay to -1
25-12-17 22:32:00 [INFO] [OctoBans] fngod sql checked, record: spammp by drbrine to -1
25-12-17 22:32:01 [INFO] [OctoBans] sxzuro_ sql checked, record: faussesinfos by Gamer09 to 1514242012
25-12-17 22:32:03 [INFO] [OctoBans] chut3000 sql checked, record: spammp by FiasK0 to -1
25-12-17 22:32:03 [INFO] [OctoBans] chut3000 sql checked, record: provocation by atsuky to 1514237947
25-12-17 22:32:11 [INFO] [OctoBans] reborncreep sql checked, record: spammp by drbrine to -1
25-12-17 22:32:11 [INFO] [OctoBans] thomas62200 sql checked, record: insultegrave by drbrine to 1514403405
25-12-17 22:32:11 [INFO] [OctoBans] thomas62200 sql checked, record: provocation by ToXiCz_TV to 1514239162
25-12-17 22:32:13 [INFO] [OctoBans] zeynox sql checked, record: spammp by Zayrox29 to -1
25-12-17 22:32:13 [INFO] [OctoBans] zeynox sql checked, record: spammp by Zoseq to -1
25-12-17 22:32:13 [INFO] [OctoBans] zeynox sql checked, record: spammp by LaKitaw to -1
25-12-17 22:32:13 [INFO] [OctoBans] zeynox sql checked, record: spammp by LaKitaw to -1
25-12-17 22:32:13 [INFO] [OctoBans] zeynox sql checked, record: spammp by LaKitaw to -1
25-12-17 22:32:13 [INFO] [OctoBans] zeynox sql checked, record: spammp by D3adOrSnipSurYTB to -1
25-12-17 22:32:16 [INFO] [OctoBans] ozmog_yt sql checked, record: spammp by Remil to -1
25-12-17 22:32:16 [INFO] [OctoBans] ozmog_yt sql checked, record: spammp by OCIP_Matth to -1
25-12-17 22:32:16 [INFO] [OctoBans] ozmog_yt sql checked, record: spammp by KelianHD to -1
25-12-17 22:32:16 [INFO] [OctoBans] ozmog_yt sql checked, record: spammp by SkillBOotiiS to -1
25-12-17 22:32:16 [INFO] [OctoBans] ozmog_yt sql checked, record: spammp by FiasK0 to -1
25-12-17 22:32:18 [INFO] [OctoBans] ourox_ sql checked, record: spammp by FiasK0 to -1
25-12-17 22:32:18 [INFO] [OctoBans] ourox_ sql checked, record: spammp by FiasK0 to -1
25-12-17 22:32:28 [INFO] [OctoBans] rubyyy123 sql checked, record: spammp by SmooKeur to -1
25-12-17 22:32:33 [INFO] [OctoBans] the_slash sql checked, record: spammp by pepedjo to -1
25-12-17 22:32:33 [INFO] [OctoBans] the_slash sql checked, record: spammp by drbrine to -1
25-12-17 22:32:33 [INFO] [OctoBans] the_slash sql checked, record: spammp by NeyTox to -1
25-12-17 22:32:33 [INFO] [OctoBans] the_slash sql checked, record: spammp by EW3L to -1
25-12-17 22:32:34 [INFO] [OctoBans] rdvsurlebloc sql checked, record: spammp by D3adOrSnipSurYTB to -1
25-12-17 22:32:36 [INFO] [OctoBans] cocacola62 sql checked, record: spammp by Kyabe to -1
25-12-17 22:32:38 [INFO] [OctoBans] mrkebab sql checked, record: spammp by SmooKeur to -1
25-12-17 22:32:38 [INFO] [OctoBans] mrkebab sql checked, record: spammp by PseudooNull to -1
25-12-17 22:32:38 [INFO] [OctoBans] mrkebab sql checked, record: spammp by zlKayzen to -1
25-12-17 22:32:38 [INFO] [OctoBans] mrkebab sql checked, record: spammp by OCIP_Matth to -1
25-12-17 22:32:38 [INFO] [OctoBans] mrkebab sql checked, record: spammp by atsuky to -1
25-12-17 22:32:45 [INFO] [OctoBans] thedarck sql checked, record: spammp by ToXiCz_TV to -1
25-12-17 22:32:45 [INFO] [OctoBans] thedarck sql checked, record: spammp by OCIP_Matth to -1
25-12-17 22:32:53 [INFO] [OctoBans] arox02 sql checked, record: spammp by EW3L to -1
25-12-17 22:32:53 [INFO] [OctoBans] thecrane sql checked, record: spammp by WeeZix to -1
25-12-17 22:32:57 [INFO] [OctoBans] paul3344000 sql checked, record: floodmp by NiceFR to -1
25-12-17 22:32:57 [INFO] [OctoBans] paul3344000 sql checked, record: spammp by FiasK0 to -1
25-12-17 22:32:57 [INFO] [OctoBans] paul3344000 sql checked, record: spammp by drbrine to -1
25-12-17 22:33:00 [INFO] [OctoBans] bokos sql checked, record: spammp by yeti2001vd to -1
25-12-17 22:33:00 [INFO] [OctoBans] bokos sql checked, record: spammp by yeti2001vd to -1
25-12-17 22:33:00 [INFO] [OctoBans] bokos sql checked, record: spammp by FNGOD to -1
25-12-17 22:33:00 [INFO] [OctoBans] bokos sql checked, record: spammp by EW3L to -1
25-12-17 22:33:00 [INFO] [OctoBans] bokos sql checked, record: spammp by FNGOD to -1
25-12-17 22:33:07 [INFO] [OctoBans] algorskis_yt sql checked, record: spammp by SmooKeur to -1
25-12-17 22:33:07 [INFO] [OctoBans] algorskis_yt sql checked, record: spammp by Antoine57565 to -1
25-12-17 22:33:11 [INFO] [OctoBans] xxdubeskillsxx sql checked, record: spammp by FamousxRay to -1
25-12-17 22:33:11 [INFO] [OctoBans] xxdubeskillsxx sql checked, record: spammp by atsuky to -1
25-12-17 22:33:35 [INFO] [OctoBans] youmakemelol sql checked, record: spammp by EW3L to -1
25-12-17 22:33:52 [INFO] [OctoBans] leminecraftien80 sql checked, record: insultegrave by FNGOD to 1514287782
25-12-17 22:33:52 [INFO] [OctoBans] leminecraftien80 sql checked, record: spammp by PseudooNull to -1
25-12-17 22:34:10 [INFO] [OctoBans] mkdarkos sql checked, record: spammp by PseudooNull to -1
25-12-17 22:34:10 [INFO] [OctoBans] aparia sql checked, record: spammp by pepedjo to -1
25-12-17 22:34:10 [INFO] [OctoBans] aparia sql checked, record: spammp by pepedjo to -1
25-12-17 22:34:10 [INFO] [OctoBans] aparia sql checked, record: spammp by Evolze to -1
25-12-17 22:34:10 [INFO] [OctoBans] aparia sql checked, record: spammp by FiasK0 to -1
25-12-17 22:34:10 [INFO] [OctoBans] aparia sql checked, record: spammp by atsuky to -1
25-12-17 22:34:41 [INFO] [OctoBans] unnainportant sql checked, record: spammp by Evolze to -1
25-12-17 22:34:41 [INFO] [OctoBans] unnainportant sql checked, record: spammp by LaKitaw to -1
25-12-17 22:34:41 [INFO] [OctoBans] unnainportant sql checked, record: insultegrave by WeeZix to 1514253958
25-12-17 22:35:33 [INFO] [OctoBans] norgonz sql checked, record: spammp by SkyKosIV to -1
25-12-17 22:35:58 [INFO] [OctoBans] darkfr45 sql checked, record: spammp by FiasK0 to -1
25-12-17 22:35:58 [INFO] [OctoBans] darkfr45 sql checked, record: spammp by FiasK0 to -1
25-12-17 22:36:17 [INFO] [OctoBans] ishaadow_ sql checked, record: spammp by FamousxRay to -1
25-12-17 22:36:17 [INFO] [OctoBans] ishaadow_ sql checked, record: spammp by FNGOD to -1
25-12-17 22:37:15 [INFO] [OctoBans] PseudooNull punished valentin5959 for: TpKill
25-12-17 22:37:26 [INFO] [OctoBans] nezox_ sql checked, record: spammp by LaKitaw to -1
25-12-17 22:37:26 [INFO] [OctoBans] nezox_ sql checked, record: spammp by D3adOrSnipSurYTB to -1
25-12-17 22:37:26 [INFO] [OctoBans] nezox_ sql checked, record: spammp by PseudooNull to -1
25-12-17 22:38:15 [INFO] [OctoBans] mcfleury sql checked, record: spammp by Koeseb97 to -1
25-12-17 22:38:20 [INFO] [OctoBans] azenpvp sql checked, record: spammp by D3adOrSnipSurYTB to -1
25-12-17 22:38:27 [INFO] [OctoBans] teak0z sql checked, record: spammp by MrBlaze77 to -1
25-12-17 22:38:30 [INFO] [OctoBans] fabio sql checked, record: spammp by zlKayzen to -1
25-12-17 22:38:30 [INFO] [OctoBans] fabio sql checked, record: spammp by WeeZix to -1
25-12-17 22:38:54 [INFO] [OctoBans] athes974 sql checked, record: spammp by FamousxRay to -1
25-12-17 22:38:54 [INFO] [OctoBans] athes974 sql checked, record: spam by Taygrax07 to 1514241206
25-12-17 22:40:38 [INFO] [OctoBans] kqsuke_ sql checked, record: spammp by zlKayzen to -1
25-12-17 22:40:53 [INFO] [OctoBans] atsuky punished zeynox for: Spam/flood
25-12-17 22:42:57 [INFO] [OctoBans] atsuky punished lefifoudu3 for: Spam/flood en MP
25-12-17 22:43:52 [INFO] [OctoBans] diodu sql checked, record: spammp by Gamer09 to -1
25-12-17 22:43:54 [INFO] [OctoBans] kikx sql checked, record: spammp by EW3L to -1
25-12-17 22:43:56 [INFO] [OctoBans] anguille sql checked, record: spammp by Remil to -1
25-12-17 22:43:56 [INFO] [OctoBans] anguille sql checked, record: spammp by FiasK0 to -1
25-12-17 22:44:18 [INFO] [OctoBans] firexpower666_ sql checked, record: spammp by tinmar to -1
25-12-17 22:49:01 [INFO] [OctoBans] idreyzen sql checked, record: insultegrave by FNGOD to 1514316411
25-12-17 22:49:22 [INFO] [OctoBans] drazogaming sql checked, record: incitationflood by EGGSPLOSION to 1514322576
25-12-17 22:51:52 [INFO] [OctoBans] idreyzen sql checked, record: insultegrave by FNGOD to 1514316411
25-12-17 22:52:41 [INFO] [OctoBans] Gamer09 punished tavars for: Publicité Youtubeur
25-12-17 22:55:38 [INFO] [OctoBans] dozz_ytb sql checked, record: spammp by WeeZix to -1
25-12-17 22:57:41 [INFO] [OctoBans] Gamer09 punished mmzles for: Spam/flood
25-12-17 22:57:59 [INFO] [OctoBans] FNGOD punished mentos for: Spam/flood en MP
25-12-17 22:58:08 [INFO] [OctoBans] FNGOD punished maxougaming for: Spam/flood en MP
25-12-17 23:07:22 [INFO] [OctoBans] zeus_monkey sql checked, record: spammp by Zoseq to -1
25-12-17 23:07:22 [INFO] [OctoBans] zeus_monkey sql checked, record: spammp by EGGSPLOSION to -1
25-12-17 23:08:35 [INFO] [OctoBans] fngod sql checked, record: spammp by FamousxRay to -1
25-12-17 23:08:35 [INFO] [OctoBans] fngod sql checked, record: spammp by drbrine to -1
25-12-17 23:08:35 [INFO] [OctoBans] fngod sql checked, record: insulte by FNGOD to 1513456705
25-12-17 23:08:35 [INFO] [OctoBans] fngod sql checked, record: insulte by FNGOD to 1513460904
25-12-17 23:08:35 [INFO] [OctoBans] fngod sql checked, record: doubleposte by FNGOD to 1513464894
25-12-17 23:08:35 [INFO] [OctoBans] fngod sql checked, record: pubsrv by FNGOD to 1513468413
25-12-17 23:08:35 [INFO] [OctoBans] fngod sql checked, record: doubleposte by FNGOD to 1513471589
25-12-17 23:08:35 [INFO] [OctoBans] fngod sql checked, record: insultegrave by FNGOD to 1513542315
25-12-17 23:08:35 [INFO] [OctoBans] fngod sql checked, record: doubleposte by FNGOD to 1513473911
25-12-17 23:08:35 [INFO] [OctoBans] fngod sql checked, record: spam by FNGOD to 1513475044
25-12-17 23:08:35 [INFO] [OctoBans] fngod sql checked, record: insulte by FNGOD to 1513512770
25-12-17 23:08:35 [INFO] [OctoBans] fngod sql checked, record: majuscule by FNGOD to 1513510876
25-12-17 23:08:35 [INFO] [OctoBans] fngod sql checked, record: provocation by FNGOD to 1513509784
25-12-17 23:08:35 [INFO] [OctoBans] fngod sql checked, record: pubyt by FNGOD to 1513522219
25-12-17 23:08:35 [INFO] [OctoBans] fngod sql checked, record: provocation by FNGOD to 1513520834
25-12-17 23:08:35 [INFO] [OctoBans] fngod sql checked, record: insultegrave by FNGOD to 1513701271
25-12-17 23:08:35 [INFO] [OctoBans] fngod sql checked, record: provocation by FNGOD to 1513524345
25-12-17 23:08:35 [INFO] [OctoBans] fngod sql checked, record: spammp by FNGOD to -1
25-12-17 23:08:35 [INFO] [OctoBans] fngod sql checked, record: spammp by FNGOD to -1
25-12-17 23:08:35 [INFO] [OctoBans] fngod sql checked, record: spammp by FNGOD to -1
25-12-17 23:08:35 [INFO] [OctoBans] fngod sql checked, record: doubleposte by FNGOD to 1513541300
25-12-17 23:08:35 [INFO] [OctoBans] fngod sql checked, record: provocation by FNGOD to 1513697779
25-12-17 23:08:35 [INFO] [OctoBans] fngod sql checked, record: insultegrave by FNGOD to 1513824700
25-12-17 23:08:35 [INFO] [OctoBans] fngod sql checked, record: provocation by FNGOD to 1513689354
25-12-17 23:08:35 [INFO] [OctoBans] fngod sql checked, record: spammp by FNGOD to -1
25-12-17 23:08:35 [INFO] [OctoBans] fngod sql checked, record: spam by FNGOD to 1513700474
25-12-17 23:08:35 [INFO] [OctoBans] fngod sql checked, record: provocation by FNGOD to 1513697738
25-12-17 23:08:35 [INFO] [OctoBans] fngod sql checked, record: doubleposte by FNGOD to 1513702850
25-12-17 23:08:35 [INFO] [OctoBans] fngod sql checked, record: insultegrave by FNGOD to 1514287782
25-12-17 23:08:35 [INFO] [OctoBans] fngod sql checked, record: provocation by FNGOD to 1513720795
25-12-17 23:08:35 [INFO] [OctoBans] fngod sql checked, record: provocation by FNGOD to 1513717990
25-12-17 23:08:35 [INFO] [OctoBans] fngod sql checked, record: provocation by FNGOD to 1513717689
25-12-17 23:08:35 [INFO] [OctoBans] fngod sql checked, record: insultegrave by FNGOD to 1513898543
25-12-17 23:08:35 [INFO] [OctoBans] fngod sql checked, record: provocation by FNGOD to 1513773113
25-12-17 23:08:35 [INFO] [OctoBans] fngod sql checked, record: insultegrave by FNGOD to 1513809824
25-12-17 23:08:35 [INFO] [OctoBans] fngod sql checked, record: doubleposte by FNGOD to 1513782464
25-12-17 23:08:35 [INFO] [OctoBans] fngod sql checked, record: provocation by FNGOD to 1513787416
25-12-17 23:08:35 [INFO] [OctoBans] fngod sql checked, record: spammp by FNGOD to -1
25-12-17 23:08:35 [INFO] [OctoBans] fngod sql checked, record: provocation by FNGOD to 1513822339
25-12-17 23:08:35 [INFO] [OctoBans] fngod sql checked, record: insultegrave by FNGOD to 1513915618
25-12-17 23:08:35 [INFO] [OctoBans] fngod sql checked, record: doubleposte by FNGOD to 1513818348
25-12-17 23:08:35 [INFO] [OctoBans] fngod sql checked, record: spammp by FNGOD to -1
25-12-17 23:08:35 [INFO] [OctoBans] fngod sql checked, record: spammp by FNGOD to -1
25-12-17 23:08:35 [INFO] [OctoBans] fngod sql checked, record: spammp by FNGOD to -1
25-12-17 23:08:35 [INFO] [OctoBans] fngod sql checked, record: spammp by FNGOD to -1
25-12-17 23:08:35 [INFO] [OctoBans] fngod sql checked, record: provocation by FNGOD to 1514064770
25-12-17 23:08:35 [INFO] [OctoBans] fngod sql checked, record: provocation by FNGOD to 1514069426
25-12-17 23:08:35 [INFO] [OctoBans] fngod sql checked, record: insultesrv by FNGOD to 1514088853
25-12-17 23:08:35 [INFO] [OctoBans] fngod sql checked, record: spam by FNGOD to 1514083571
25-12-17 23:08:35 [INFO] [OctoBans] fngod sql checked, record: doubleposte by FNGOD to 1514081190
25-12-17 23:08:35 [INFO] [OctoBans] fngod sql checked, record: insultegrave by FNGOD to 1514116052
25-12-17 23:08:35 [INFO] [OctoBans] fngod sql checked, record: doubleposte by FNGOD to 1514081249
25-12-17 23:08:35 [INFO] [OctoBans] fngod sql checked, record: spam by FNGOD to 1514088677
25-12-17 23:08:35 [INFO] [OctoBans] fngod sql checked, record: provocation by FNGOD to 1514086992
25-12-17 23:08:35 [INFO] [OctoBans] fngod sql checked, record: spam by FNGOD to 1514099116
25-12-17 23:08:35 [INFO] [OctoBans] fngod sql checked, record: spammp by FNGOD to -1
25-12-17 23:08:35 [INFO] [OctoBans] fngod sql checked, record: provocation by FNGOD to 1514088227
25-12-17 23:08:35 [INFO] [OctoBans] fngod sql checked, record: provocation by FNGOD to 1514123713
25-12-17 23:08:35 [INFO] [OctoBans] fngod sql checked, record: provocation by FNGOD to 1514142320
25-12-17 23:08:35 [INFO] [OctoBans] fngod sql checked, record: spammp by FNGOD to -1
25-12-17 23:08:35 [INFO] [OctoBans] fngod sql checked, record: insultegrave by FNGOD to 1514316411
25-12-17 23:08:35 [INFO] [OctoBans] fngod sql checked, record: provocation by FNGOD to 1514237209
25-12-17 23:08:35 [INFO] [OctoBans] fngod sql checked, record: provocation by FNGOD to 1514227957
25-12-17 23:08:35 [INFO] [OctoBans] fngod sql checked, record: provocation by FNGOD to 1514228600
25-12-17 23:08:35 [INFO] [OctoBans] fngod sql checked, record: spammp by FNGOD to -1
25-12-17 23:08:35 [INFO] [OctoBans] fngod sql checked, record: spammp by FNGOD to -1
25-12-17 23:08:35 [INFO] [OctoBans] fngod sql checked, record: spammp by FNGOD to -1
25-12-17 23:08:35 [INFO] [OctoBans] fngod sql checked, record: spammp by FNGOD to -1
25-12-17 23:08:50 [INFO] [OctoBans] virocl sql checked, record: spammp by PseudooNull to -1
25-12-17 23:09:24 [INFO] [OctoBans] romudu269 sql checked, record: spammp by Remil to -1
25-12-17 23:09:48 [INFO] [OctoBans] Gamer09 punished bysneak_ for: Publicité Youtubeur
25-12-17 23:14:45 [INFO] [OctoBans] PseudooNull punished rdvsurlebloc for: Provocation
25-12-17 23:15:25 [INFO] [OctoBans] romudu269 sql checked, record: spammp by Remil to -1
25-12-17 23:15:45 [INFO] [OctoBans] touti sql checked, record: spammp by FNGOD to -1
25-12-17 23:17:30 [INFO] [OctoBans] aexraptorz sql checked, record: spammp by Remil to -1
25-12-17 23:17:30 [INFO] [OctoBans] aexraptorz sql checked, record: spammp by PseudooNull to -1
25-12-17 23:17:30 [INFO] [OctoBans] aexraptorz sql checked, record: faussesinfos by Gamer09 to 1514296428
25-12-17 23:17:48 [INFO] [OctoBans] YTB_XxKarnageXx punished crax_ for: Fausses informations
25-12-17 23:19:05 [INFO] [OctoBans] bardaxx_ sql checked, record: spammp by Zoseq to -1
25-12-17 23:19:24 [INFO] [OctoBans] ijonas_ sql checked, record: spammp by tinmar to -1
25-12-17 23:21:11 [INFO] [OctoBans] Gamer09 punished logankillers for: Langage incorrect
25-12-17 23:21:30 [INFO] [OctoBans] zeynox sql checked, record: spammp by Zayrox29 to -1
25-12-17 23:21:30 [INFO] [OctoBans] zeynox sql checked, record: spammp by Zoseq to -1
25-12-17 23:21:30 [INFO] [OctoBans] zeynox sql checked, record: spammp by LaKitaw to -1
25-12-17 23:21:30 [INFO] [OctoBans] zeynox sql checked, record: spammp by LaKitaw to -1
25-12-17 23:21:30 [INFO] [OctoBans] zeynox sql checked, record: spammp by LaKitaw to -1
25-12-17 23:21:30 [INFO] [OctoBans] zeynox sql checked, record: spammp by D3adOrSnipSurYTB to -1
25-12-17 23:21:30 [INFO] [OctoBans] zeynox sql checked, record: spam by atsuky to 1514248853
25-12-17 23:25:12 [INFO] [OctoBans] xxsubxx sql checked, record: spammp by OCIP_Matth to -1
25-12-17 23:28:18 [INFO] [OctoBans] keen0x sql checked, record: spammp by FNGOD to -1
25-12-17 23:29:57 [INFO] [OctoBans] pepsicoca sql checked, record: spammp by FiasK0 to -1
25-12-17 23:38:54 [INFO] [OctoBans] ryuten sql checked, record: spammp by FamousxRay to -1
25-12-17 23:41:34 [INFO] [OctoBans] gangstardu59 sql checked, record: insultegrave by Zayrox29 to 1514408965
25-12-17 23:43:24 [INFO] [OctoBans] karibo127 sql checked, record: spammp by FNGOD to -1
25-12-17 23:43:24 [INFO] [OctoBans] karibo127 sql checked, record: insultegrave by YTB_XxKarnageXx to 1514334001
25-12-17 23:43:24 [INFO] [OctoBans] karibo127 sql checked, record: spammp by FNGOD to -1
25-12-17 23:59:28 [INFO] [OctoBans] friphiano sql checked, record: spammp by atsuky to -1
26-12-17 00:01:27 [INFO] [OctoBans] YTB_XxKarnageXx punished maxougaming for: Spam/flood
26-12-17 00:02:30 [INFO] [OctoBans] PseudooNull punished ineknew for: Insulte grave
26-12-17 00:03:14 [INFO] [OctoBans] PseudooNull punished imperator122 for: Insulte grave
26-12-17 00:04:55 [INFO] [OctoBans] molotof sql checked, record: incitationflood by tinmar to 1514389012
26-12-17 00:13:02 [INFO] [OctoBans] molotof sql checked, record: incitationflood by tinmar to 1514389012
26-12-17 00:13:11 [INFO] [OctoBans] ytbibossyt sql checked, record: spammp by atsuky to -1
26-12-17 00:15:57 [INFO] [OctoBans] PseudooNull punished massacreur315 for: Spam/flood
26-12-17 00:18:43 [INFO] [OctoBans] virtl_skymodz sql checked, record: spammp by EGGSPLOSION to -1
26-12-17 00:20:25 [INFO] [OctoBans] pouletgriller sql checked, record: spammp by Gamer09 to -1
26-12-17 00:20:25 [INFO] [OctoBans] pouletgriller sql checked, record: spammp by ToXiCz_TV to -1
26-12-17 00:21:05 [INFO] [OctoBans] _rubilax sql checked, record: insultegrave by EGGSPLOSION to 1514247678
26-12-17 00:30:29 [INFO] [OctoBans] drbrine punished nrgx_sh4d0w for: Insulte grave
26-12-17 00:33:47 [INFO] [OctoBans] imjeezk sql checked, record: spammp by Gamer09 to -1
26-12-17 00:33:47 [INFO] [OctoBans] imjeezk sql checked, record: spammp by OCIP_Matth to -1
26-12-17 00:33:55 [INFO] [OctoBans] goodbyeadc sql checked, record: spammp by Gamer09 to -1
26-12-17 00:33:55 [INFO] [OctoBans] goodbyeadc sql checked, record: spammp by OCIP_Matth to -1
26-12-17 00:33:56 [INFO] [OctoBans] drbrine punished stan94 for: Insulte grave
26-12-17 00:37:03 [INFO] [OctoBans] atsuky punished rdvsurlebloc for: Insulte serveur
26-12-17 00:44:52 [INFO] [OctoBans] atsuky punished mrfire19 for: Spam/flood en MP
26-12-17 00:53:42 [INFO] [OctoBans] drbrine punished herobri for: Majuscule
26-12-17 00:59:24 [INFO] [OctoBans] ToXiCz_TV punished shawngriff for: Insulte
26-12-17 01:08:07 [INFO] [OctoBans] drbrine punished zertk for: Insulte grave
26-12-17 01:10:03 [INFO] [OctoBans] atsuky punished thomas62200 for: Provocation
26-12-17 01:11:55 [INFO] [OctoBans] atsuky punished thomas62200 for: Spam/flood en MP
26-12-17 01:13:35 [INFO] [OctoBans] atsuky punished herobri for: Spam/flood
26-12-17 01:13:35 [INFO] [OctoBans] zumbie sql checked, record: spammp by EGGSPLOSION to -1
26-12-17 01:13:35 [INFO] [OctoBans] zumbie sql checked, record: spammp by EW3L to -1
26-12-17 01:17:45 [INFO] [OctoBans] drbrine punished teddywaza for: Spam/flood
26-12-17 01:20:04 [INFO] [OctoBans] troollgaming sql checked, record: spammp by Hkz_Skillon to -1
26-12-17 01:22:41 [INFO] [OctoBans] drbrine punished xhugox for: Insulte grave
26-12-17 01:33:09 [INFO] [OctoBans] drbrine punished molotof for: Provocation
26-12-17 01:59:39 [INFO] [OctoBans] rayzfire sql checked, record: spammp by ToXiCz_TV to -1
26-12-17 01:59:39 [INFO] [OctoBans] rayzfire sql checked, record: spammp by ToXiCz_TV to -1
26-12-17 01:59:39 [INFO] [OctoBans] rayzfire sql checked, record: spammp by Koeseb97 to -1
26-12-17 01:59:39 [INFO] [OctoBans] rayzfire sql checked, record: insultegrave by Hkz_Skillon to 1514267472
26-12-17 02:01:24 [INFO] [OctoBans] atsuky punished zaiko_31 for: Spam/flood
26-12-17 02:03:22 [INFO] [OctoBans] atsuky punished lefifoudu3 for: Spam/flood en MP
26-12-17 02:13:13 [INFO] [OctoBans] drbrine punished lefifoudu3 for: Spam/flood en MP
26-12-17 02:14:16 [INFO] [OctoBans] drbrine punished lefifoudu3 for: Spam/flood en MP
26-12-17 02:16:13 [INFO] [OctoBans] drbrine punished lefifoudu3 for: Insulte grave
26-12-17 02:16:21 [INFO] [OctoBans] drbrine punished idemontz for: Insulte grave
26-12-17 02:45:08 [INFO] [OctoBans] ToXiCz_TV punished pouletgriller for: Provocation
26-12-17 02:46:21 [INFO] [OctoBans] ToXiCz_TV punished ourox_ for: Insulte
26-12-17 03:02:42 [INFO] [OctoBans] ToXiCz_TV punished gradux for: Insulte grave
26-12-17 03:13:54 [INFO] [OctoBans] MrBlaze77 punished _rubilax for: Spam/flood
26-12-17 03:15:51 [INFO] [OctoBans] ToXiCz_TV punished loozer_ for: Provocation
26-12-17 03:21:37 [INFO] [OctoBans] ToXiCz_TV punished loozer_ for: Insulte grave
26-12-17 03:23:51 [INFO] [OctoBans] momolegardien sql checked, record: spammp by ToXiCz_TV to -1
26-12-17 06:01:01 [INFO] [OctoBans] Disabling OctoBans v1.0
