31-07-17 22:31:43 [INFO] [OctoBans] File Handler successfully initialized!
31-07-17 22:31:43 [INFO] [OctoBans] SQL connection successfully etablished
31-07-17 22:31:43 [INFO] [OctoBans] Moderator Tools by Octonia.
31-07-17 22:31:48 [INFO] [OctoBans] matthew14 sql checked, record: incitationflood by The_Frusty to 1501607619
31-07-17 22:31:48 [INFO] [OctoBans] olivier28130 sql checked, record: insultegrave by YTB_XxKarnageXx to 1501796334
31-07-17 22:31:49 [INFO] [OctoBans] charifboss sql checked, record: spammp by Blubfire to -1
31-07-17 22:31:49 [INFO] [OctoBans] charifboss sql checked, record: spammp by SnowEffect to -1
31-07-17 22:31:49 [INFO] [OctoBans] charifboss sql checked, record: insultegrave by NeyTox to 1501593727
31-07-17 22:31:49 [INFO] [OctoBans] trenitycrash sql checked, record: spammp by Anzerti to -1
31-07-17 22:31:49 [INFO] [OctoBans] totototo11 sql checked, record: spammp by NeosiaNexus to -1
31-07-17 22:31:49 [INFO] [OctoBans] totototo11 sql checked, record: spammp by PseudoNul to -1
31-07-17 22:31:49 [INFO] [OctoBans] batte sql checked, record: spammp by SuperJojo to -1
31-07-17 22:31:49 [INFO] [OctoBans] skygames974 sql checked, record: faussesinfos by YTB_XxKarnageXx to 1501598357
31-07-17 22:31:49 [INFO] [OctoBans] skygames974 sql checked, record: flood by Wiindows to 1501541573
31-07-17 22:31:49 [INFO] [OctoBans] the_frusty sql checked, record: spammp by iPurple_ to -1
31-07-17 22:31:49 [INFO] [OctoBans] gamix_yt sql checked, record: spammp by SkyKosIV to -1
31-07-17 22:31:49 [INFO] [OctoBans] gamix_yt sql checked, record: spammp by Steph078 to -1
31-07-17 22:31:49 [INFO] [OctoBans] gamix_yt sql checked, record: spammp by YTB_XxKarnageXx to -1
31-07-17 22:31:49 [INFO] [OctoBans] leodu999 sql checked, record: spammp by Remil to -1
31-07-17 22:31:49 [INFO] [OctoBans] bluz sql checked, record: faussesinfos by YTB_XxKarnageXx to 1501598317
31-07-17 22:31:54 [INFO] [OctoBans] hayden_frost sql checked, record: spammp by PseudoNul to -1
31-07-17 22:31:54 [INFO] [OctoBans] hayden_frost sql checked, record: spammp by Remil to -1
31-07-17 22:31:54 [INFO] [OctoBans] etienne068 sql checked, record: spammp by ZerKup to -1
31-07-17 22:32:04 [INFO] [OctoBans] ineow sql checked, record: insultegrave by YTB_XxKarnageXx to 1501585366
31-07-17 22:32:07 [INFO] [OctoBans] mrtutux sql checked, record: floodmp by Forway to -1
31-07-17 22:32:08 [INFO] [OctoBans] dark_titix sql checked, record: spammp by Remil to -1
31-07-17 22:32:08 [INFO] [OctoBans] dark_titix sql checked, record: insultegrave by woimant to 1501629746
31-07-17 22:32:15 [INFO] [OctoBans] zumbie sql checked, record: doubleposte by TheBrioche13 to 1501536024
31-07-17 22:32:16 [INFO] [OctoBans] couilledeloup sql checked, record: kickautre by Steph078 to -1
31-07-17 22:32:19 [INFO] [OctoBans] weetiix sql checked, record: incitationflood by NeyTox to 1501877275
31-07-17 22:32:20 [INFO] [OctoBans] gismo2806 sql checked, record: insultegrave by D3adOrSnipSurYTB to 1501560795
31-07-17 22:32:21 [INFO] [OctoBans] deeprodole sql checked, record: spammp by SnowEffect to -1
31-07-17 22:32:22 [INFO] [OctoBans] wize_ sql checked, record: spammp by TheBrioche13 to -1
31-07-17 22:32:22 [INFO] [OctoBans] wize_ sql checked, record: doubleposte by TheBrioche13 to 1501533776
31-07-17 22:32:25 [INFO] [OctoBans] neox_ytb sql checked, record: spammp by iPurple_ to -1
31-07-17 22:32:25 [INFO] [OctoBans] neox_ytb sql checked, record: spammp by PseudoNul to -1
31-07-17 22:32:36 [INFO] [OctoBans] blc_frr_pvp sql checked, record: spammp by iPurple_ to -1
31-07-17 22:32:36 [INFO] [OctoBans] blc_frr_pvp sql checked, record: spammp by PseudoNul to -1
31-07-17 22:32:36 [INFO] [OctoBans] blc_frr_pvp sql checked, record: langage by iPurple_ to 1501536521
31-07-17 22:32:40 [INFO] [OctoBans] lolodu02 sql checked, record: spammp by iPurple_ to -1
31-07-17 22:32:40 [INFO] [OctoBans] lolodu02 sql checked, record: pubyt by _NeXon_ to 1501536464
31-07-17 22:32:40 [INFO] [OctoBans] rem54600 sql checked, record: insultestaff by Kyabe to 1501565177
31-07-17 22:32:41 [INFO] [OctoBans] zamasu sql checked, record: insultestaff by NeyTox to 1501602622
31-07-17 22:32:42 [INFO] [OctoBans] icekiller54000 sql checked, record: langage by _NeXon_ to 1501533347
31-07-17 22:32:59 [INFO] [OctoBans] matheo323 sql checked, record: spam by YTB_XxKarnageXx to 1501534471
31-07-17 22:33:30 [INFO] [OctoBans] _NeXon_ punished axelpas for: Double Poste
31-07-17 22:33:47 [INFO] [OctoBans] titidu46 sql checked, record: spammp by drbrine to -1
31-07-17 22:34:09 [INFO] [OctoBans] ktm125sx sql checked, record: spammp by Remil to -1
31-07-17 22:34:18 [INFO] [OctoBans] dylims sql checked, record: insultegrave by Steph078 to 1501583463
31-07-17 22:34:25 [INFO] [OctoBans] zozodu14 sql checked, record: spammp by iPurple_ to -1
31-07-17 22:34:25 [INFO] [OctoBans] zozodu14 sql checked, record: spammp by skhey to -1
31-07-17 22:34:25 [INFO] [OctoBans] zozodu14 sql checked, record: spammp by skhey to -1
31-07-17 22:34:25 [INFO] [OctoBans] zozodu14 sql checked, record: spammp by skhey to -1
31-07-17 22:34:25 [INFO] [OctoBans] zozodu14 sql checked, record: spammp by skhey to -1
31-07-17 22:34:29 [INFO] [OctoBans] _NeXon_ punished elumix for: Provocation
31-07-17 22:34:53 [INFO] [OctoBans] iPurple_ punished shap_coc_2 for: Insulte grave
31-07-17 22:35:05 [INFO] [OctoBans] iPurple_ punished thedingue for: Langage incorrect
31-07-17 22:35:24 [INFO] [OctoBans] _NeXon_ punished drazogaming for: Double Poste
31-07-17 22:35:56 [INFO] [OctoBans] _NeXon_ punished imfolax for: Provocation
31-07-17 22:38:14 [INFO] [OctoBans] iPurple_ punished lamya for: Spam/flood
31-07-17 22:40:24 [INFO] [OctoBans] kyabe sql checked, record: kickautre by CreepyEagle to -1
31-07-17 22:41:04 [INFO] [OctoBans] _NeXon_ punished pgm45 for: Double Poste
31-07-17 22:42:37 [INFO] [OctoBans] syoco45 sql checked, record: insultegrave by tinmar to 1501560182
31-07-17 22:42:43 [INFO] [OctoBans] Kyabe punished titidu46 for: Double Poste
31-07-17 22:43:12 [INFO] [OctoBans] kiragon sql checked, record: spammp by SnowEffect to -1
31-07-17 22:43:32 [INFO] [OctoBans] xenario sql checked, record: kickautre by CreepyEagle to -1
31-07-17 22:43:32 [INFO] [OctoBans] xenario sql checked, record: kickautre by CreepyEagle to -1
31-07-17 22:44:03 [INFO] [OctoBans] _NeXon_ punished lehewewdu44 for: Langage incorrect
31-07-17 22:44:42 [INFO] [OctoBans] Kyabe punished nogliox33 for: Double Poste
31-07-17 22:47:11 [INFO] [OctoBans] marchandloup sql checked, record: spammp by Remil to -1
31-07-17 22:47:11 [INFO] [OctoBans] marchandloup sql checked, record: spammp by PseudoNul to -1
31-07-17 22:47:11 [INFO] [OctoBans] marchandloup sql checked, record: spammp by NeosiaNexus to -1
31-07-17 22:47:38 [INFO] [OctoBans] TheBrioche13 punished capitainebanane for: Double Poste
31-07-17 22:48:34 [INFO] [OctoBans] zlFire49 punished athedos for: Fausses informations
31-07-17 22:49:12 [INFO] [OctoBans] karimospvp sql checked, record: spammp by YTB_XxKarnageXx to -1
31-07-17 22:49:12 [INFO] [OctoBans] karimospvp sql checked, record: spammp by YTB_XxKarnageXx to -1
31-07-17 22:49:12 [INFO] [OctoBans] karimospvp sql checked, record: spammp by tinmar to -1
31-07-17 22:51:14 [INFO] [OctoBans] mathis81 sql checked, record: spammp by Steph078 to -1
31-07-17 22:51:14 [INFO] [OctoBans] mathis81 sql checked, record: spammp by Steph078 to -1
31-07-17 22:52:12 [INFO] [OctoBans] jojolatereur971 sql checked, record: spammp by TheBrioche13 to -1
31-07-17 22:52:16 [INFO] [OctoBans] TheBrioche13 punished the_frusty for: Double Poste
31-07-17 22:53:20 [INFO] [OctoBans] wilson84 sql checked, record: spammp by SnowEffect to -1
31-07-17 22:54:37 [INFO] [OctoBans] NeyTox punished amgaming for: Double Poste
31-07-17 22:55:48 [INFO] [OctoBans] zlFire49 punished athedos for: Menace de hack
31-07-17 22:56:21 [INFO] [OctoBans] NeyTox punished hoofister for: Double Poste
31-07-17 22:56:48 [INFO] [OctoBans] zlfire49 sql checked, record: majuscule by zlFire49 to 1500637550
31-07-17 22:56:48 [INFO] [OctoBans] zlfire49 sql checked, record: langage by zlFire49 to 1500641750
31-07-17 22:56:48 [INFO] [OctoBans] zlfire49 sql checked, record: tpkill by zlFire49 to 1500987849
31-07-17 22:56:48 [INFO] [OctoBans] zlfire49 sql checked, record: insultegrave by zlFire49 to 1500724181
31-07-17 22:56:48 [INFO] [OctoBans] zlfire49 sql checked, record: pubyt by zlFire49 to 1500662515
31-07-17 22:56:48 [INFO] [OctoBans] zlfire49 sql checked, record: pubyt by zlFire49 to 1500665116
31-07-17 22:56:48 [INFO] [OctoBans] zlfire49 sql checked, record: pubyt by zlFire49 to 1500674079
31-07-17 22:56:48 [INFO] [OctoBans] zlfire49 sql checked, record: pubyt by zlFire49 to 1500673361
31-07-17 22:56:48 [INFO] [OctoBans] zlfire49 sql checked, record: provocation by zlFire49 to 1500682720
31-07-17 22:56:48 [INFO] [OctoBans] zlfire49 sql checked, record: doubleposte by zlFire49 to 1500737840
31-07-17 22:56:48 [INFO] [OctoBans] zlfire49 sql checked, record: tpkill by zlFire49 to 1500823544
31-07-17 22:56:48 [INFO] [OctoBans] zlfire49 sql checked, record: tpkill by zlFire49 to 1500823547
31-07-17 22:56:48 [INFO] [OctoBans] zlfire49 sql checked, record: insultegrave by zlFire49 to 1500778881
31-07-17 22:56:48 [INFO] [OctoBans] zlfire49 sql checked, record: tpkill by zlFire49 to 1500920787
31-07-17 22:56:48 [INFO] [OctoBans] zlfire49 sql checked, record: tpkill by zlFire49 to 1500920792
31-07-17 22:56:48 [INFO] [OctoBans] zlfire49 sql checked, record: doubleposte by zlFire49 to 1500750687
31-07-17 22:56:48 [INFO] [OctoBans] zlfire49 sql checked, record: multicompte by zlFire49 to -1
31-07-17 22:56:48 [INFO] [OctoBans] zlfire49 sql checked, record: multicompte by zlFire49 to -1
31-07-17 22:56:48 [INFO] [OctoBans] zlfire49 sql checked, record: multicompte by zlFire49 to -1
31-07-17 22:56:48 [INFO] [OctoBans] zlfire49 sql checked, record: insultegrave by zlFire49 to 1500970954
31-07-17 22:56:48 [INFO] [OctoBans] zlfire49 sql checked, record: multicompte by zlFire49 to -1
31-07-17 22:56:48 [INFO] [OctoBans] zlfire49 sql checked, record: langage by zlFire49 to 1500775932
31-07-17 22:56:48 [INFO] [OctoBans] zlfire49 sql checked, record: multicompte by zlFire49 to -1
31-07-17 22:56:48 [INFO] [OctoBans] zlfire49 sql checked, record: trahisonforum by zlFire49 to -1
31-07-17 22:56:48 [INFO] [OctoBans] zlfire49 sql checked, record: tpkill by zlFire49 to 1501335498
31-07-17 22:56:48 [INFO] [OctoBans] zlfire49 sql checked, record: insultegrave by zlFire49 to 1501011679
31-07-17 22:56:48 [INFO] [OctoBans] zlfire49 sql checked, record: pubyt by zlFire49 to 1500908126
31-07-17 22:56:48 [INFO] [OctoBans] zlfire49 sql checked, record: insulte by zlFire49 to 1500907540
31-07-17 22:56:48 [INFO] [OctoBans] zlfire49 sql checked, record: langage by zlFire49 to 1500907373
31-07-17 22:56:48 [INFO] [OctoBans] zlfire49 sql checked, record: langage by zlFire49 to 1500906183
31-07-17 22:56:48 [INFO] [OctoBans] zlfire49 sql checked, record: majuscule by zlFire49 to 1500906233
31-07-17 22:56:48 [INFO] [OctoBans] zlfire49 sql checked, record: trahisonforum by zlFire49 to -1
31-07-17 22:56:48 [INFO] [OctoBans] zlfire49 sql checked, record: tpkill by zlFire49 to 1500994035
31-07-17 22:56:48 [INFO] [OctoBans] zlfire49 sql checked, record: trahisonforum by zlFire49 to -1
31-07-17 22:56:48 [INFO] [OctoBans] zlfire49 sql checked, record: spam by zlFire49 to 1500916047
31-07-17 22:56:48 [INFO] [OctoBans] zlfire49 sql checked, record: doubleposte by zlFire49 to 1500910587
31-07-17 22:56:48 [INFO] [OctoBans] zlfire49 sql checked, record: trahisonforum by zlFire49 to -1
31-07-17 22:56:48 [INFO] [OctoBans] zlfire49 sql checked, record: majuscule by zlFire49 to 1500926734
31-07-17 22:56:48 [INFO] [OctoBans] zlfire49 sql checked, record: doubleposte by zlFire49 to 1500925366
31-07-17 22:56:48 [INFO] [OctoBans] zlfire49 sql checked, record: multicompte by zlFire49 to -1
31-07-17 22:56:48 [INFO] [OctoBans] zlfire49 sql checked, record: multicompte by zlFire49 to -1
31-07-17 22:56:48 [INFO] [OctoBans] zlfire49 sql checked, record: multicompte by zlFire49 to -1
31-07-17 22:56:48 [INFO] [OctoBans] zlfire49 sql checked, record: insultegrave by zlFire49 to 1501030974
31-07-17 22:56:48 [INFO] [OctoBans] zlfire49 sql checked, record: doubleposte by zlFire49 to 1500997482
31-07-17 22:56:48 [INFO] [OctoBans] zlfire49 sql checked, record: provocation by zlFire49 to 1500997471
31-07-17 22:56:48 [INFO] [OctoBans] zlfire49 sql checked, record: doubleposte by zlFire49 to 1500998281
31-07-17 22:56:48 [INFO] [OctoBans] zlfire49 sql checked, record: langage by zlFire49 to 1501011628
31-07-17 22:56:48 [INFO] [OctoBans] zlfire49 sql checked, record: insulte by zlFire49 to 1501013955
31-07-17 22:56:48 [INFO] [OctoBans] zlfire49 sql checked, record: multicompte by zlFire49 to -1
31-07-17 22:56:48 [INFO] [OctoBans] zlfire49 sql checked, record: multicompte by zlFire49 to -1
31-07-17 22:56:48 [INFO] [OctoBans] zlfire49 sql checked, record: multicompte by zlFire49 to -1
31-07-17 22:56:48 [INFO] [OctoBans] zlfire49 sql checked, record: spamfopen by zlFire49 to 1501368735
31-07-17 22:56:48 [INFO] [OctoBans] zlfire49 sql checked, record: multicompte by zlFire49 to -1
31-07-17 22:56:48 [INFO] [OctoBans] zlfire49 sql checked, record: multicompte by zlFire49 to -1
31-07-17 22:56:48 [INFO] [OctoBans] zlfire49 sql checked, record: multicompte by zlFire49 to -1
31-07-17 22:56:48 [INFO] [OctoBans] zlfire49 sql checked, record: insultegrave by zlFire49 to 1501373835
31-07-17 22:56:48 [INFO] [OctoBans] zlfire49 sql checked, record: doubleposte by zlFire49 to 1501339943
31-07-17 22:56:48 [INFO] [OctoBans] zlfire49 sql checked, record: insultegrave by zlFire49 to 1501411587
31-07-17 22:56:48 [INFO] [OctoBans] zlfire49 sql checked, record: spamfopen by zlFire49 to 1501861605
31-07-17 22:56:48 [INFO] [OctoBans] zlfire49 sql checked, record: insultegrave by zlFire49 to 1501426336
31-07-17 22:56:48 [INFO] [OctoBans] zlfire49 sql checked, record: spam by zlFire49 to 1501362234
31-07-17 22:56:48 [INFO] [OctoBans] zlfire49 sql checked, record: spam by zlFire49 to 1501369999
31-07-17 22:56:48 [INFO] [OctoBans] zlfire49 sql checked, record: spam by zlFire49 to 1501372957
31-07-17 22:56:48 [INFO] [OctoBans] zlfire49 sql checked, record: spam by zlFire49 to 1501376865
31-07-17 22:56:48 [INFO] [OctoBans] zlfire49 sql checked, record: majuscule by zlFire49 to 1501373910
31-07-17 22:56:48 [INFO] [OctoBans] zlfire49 sql checked, record: doubleposte by zlFire49 to 1501376733
31-07-17 22:56:48 [INFO] [OctoBans] zlfire49 sql checked, record: faussesinfos by zlFire49 to 1501706914
31-07-17 22:56:48 [INFO] [OctoBans] zlfire49 sql checked, record: menacehack by zlFire49 to 1501793748
31-07-17 22:58:49 [INFO] [OctoBans] NeyTox punished neilouche for: Spam/flood
31-07-17 22:59:36 [INFO] [OctoBans] NeyTox punished korzen55 for: Langage incorrect
31-07-17 23:01:31 [INFO] [OctoBans] filgameur sql checked, record: spam by Kyabe to 1501538279
31-07-17 23:01:31 [INFO] [OctoBans] filgameur sql checked, record: insultestaff by Kyabe to 1501570843
31-07-17 23:01:34 [INFO] [OctoBans] yolodu13 sql checked, record: spammp by SmooKeur to -1
31-07-17 23:01:34 [INFO] [OctoBans] yolodu13 sql checked, record: insultegrave by D3adOrSnipSurYTB to 1501692667
31-07-17 23:01:56 [INFO] [OctoBans] mrstormax sql checked, record: spammp by tinmar to -1
31-07-17 23:04:03 [INFO] [OctoBans] zlskill49 sql checked, record: doubleposte by zlSkill49 to 1500735094
31-07-17 23:04:03 [INFO] [OctoBans] zlskill49 sql checked, record: provocation by zlSkill49 to 1500743716
31-07-17 23:04:03 [INFO] [OctoBans] zlskill49 sql checked, record: doubleposte by zlSkill49 to 1500744187
31-07-17 23:04:03 [INFO] [OctoBans] zlskill49 sql checked, record: insultestaff by zlSkill49 to 1500779737
31-07-17 23:04:03 [INFO] [OctoBans] zlskill49 sql checked, record: doubleposte by zlSkill49 to 1500753131
31-07-17 23:04:03 [INFO] [OctoBans] zlskill49 sql checked, record: doubleposte by zlSkill49 to 1500821022
31-07-17 23:04:03 [INFO] [OctoBans] zlskill49 sql checked, record: provocation by zlSkill49 to 1500850851
31-07-17 23:04:03 [INFO] [OctoBans] zlskill49 sql checked, record: spam by zlSkill49 to 1500857296
31-07-17 23:04:03 [INFO] [OctoBans] zlskill49 sql checked, record: spam by zlSkill49 to 1500860911
31-07-17 23:04:03 [INFO] [OctoBans] zlskill49 sql checked, record: spam by zlSkill49 to 1500875323
31-07-17 23:04:03 [INFO] [OctoBans] zlskill49 sql checked, record: doubleposte by zlSkill49 to 1500855364
31-07-17 23:04:03 [INFO] [OctoBans] zlskill49 sql checked, record: doubleposte by zlSkill49 to 1500919116
31-07-17 23:04:03 [INFO] [OctoBans] zlskill49 sql checked, record: insultestaff by zlSkill49 to 1501063800
31-07-17 23:04:03 [INFO] [OctoBans] zlskill49 sql checked, record: langage by zlSkill49 to 1500921689
31-07-17 23:04:03 [INFO] [OctoBans] zlskill49 sql checked, record: provocation by zlSkill49 to 1500979178
31-07-17 23:04:03 [INFO] [OctoBans] zlskill49 sql checked, record: doubleposte by zlSkill49 to 1500995983
31-07-17 23:04:03 [INFO] [OctoBans] zlskill49 sql checked, record: langage by zlSkill49 to 1500996398
31-07-17 23:04:03 [INFO] [OctoBans] zlskill49 sql checked, record: provocation by zlSkill49 to 1501000311
31-07-17 23:04:03 [INFO] [OctoBans] zlskill49 sql checked, record: doubleposte by zlSkill49 to 1501000447
31-07-17 23:04:03 [INFO] [OctoBans] zlskill49 sql checked, record: doubleposte by zlSkill49 to 1501003753
31-07-17 23:04:03 [INFO] [OctoBans] zlskill49 sql checked, record: doubleposte by zlSkill49 to 1501078806
31-07-17 23:04:03 [INFO] [OctoBans] zlskill49 sql checked, record: provocation by zlSkill49 to 1501100705
31-07-17 23:04:03 [INFO] [OctoBans] zlskill49 sql checked, record: spam by zlSkill49 to 1501103414
31-07-17 23:04:03 [INFO] [OctoBans] zlskill49 sql checked, record: provocation by zlSkill49 to 1501100280
31-07-17 23:04:03 [INFO] [OctoBans] zlskill49 sql checked, record: majuscule by zlSkill49 to 1501102410
31-07-17 23:04:03 [INFO] [OctoBans] zlskill49 sql checked, record: provocation by zlSkill49 to 1501113800
31-07-17 23:04:03 [INFO] [OctoBans] zlskill49 sql checked, record: langage by zlSkill49 to 1501114294
31-07-17 23:04:03 [INFO] [OctoBans] zlskill49 sql checked, record: provocation by zlSkill49 to 1501122451
31-07-17 23:04:03 [INFO] [OctoBans] zlskill49 sql checked, record: insulte by zlSkill49 to 1501164354
31-07-17 23:04:03 [INFO] [OctoBans] zlskill49 sql checked, record: insultestaff by zlSkill49 to 1501219949
31-07-17 23:04:03 [INFO] [OctoBans] zlskill49 sql checked, record: insulte by zlSkill49 to 1501190965
31-07-17 23:04:03 [INFO] [OctoBans] zlskill49 sql checked, record: spam by zlSkill49 to 1501195559
31-07-17 23:04:03 [INFO] [OctoBans] zlskill49 sql checked, record: spam by zlSkill49 to 1501210211
31-07-17 23:04:03 [INFO] [OctoBans] zlskill49 sql checked, record: doubleposte by zlSkill49 to 1501191115
31-07-17 23:04:03 [INFO] [OctoBans] zlskill49 sql checked, record: doubleposte by zlSkill49 to 1501192937
31-07-17 23:04:03 [INFO] [OctoBans] zlskill49 sql checked, record: faussesinfos by zlSkill49 to 1501277046
31-07-17 23:04:03 [INFO] [OctoBans] zlskill49 sql checked, record: provocation by zlSkill49 to 1501193542
31-07-17 23:04:03 [INFO] [OctoBans] zlskill49 sql checked, record: faussesinfos by zlSkill49 to 1501344703
31-07-17 23:04:03 [INFO] [OctoBans] zlskill49 sql checked, record: doubleposte by zlSkill49 to 1501280984
31-07-17 23:04:03 [INFO] [OctoBans] zlskill49 sql checked, record: majuscule by zlSkill49 to 1501284009
31-07-17 23:04:03 [INFO] [OctoBans] zlskill49 sql checked, record: majuscule by zlSkill49 to 1501283717
31-07-17 23:04:03 [INFO] [OctoBans] zlskill49 sql checked, record: provocation by zlSkill49 to 1501345916
31-07-17 23:04:03 [INFO] [OctoBans] zlskill49 sql checked, record: insultegrave by zlSkill49 to 1501435384
31-07-17 23:04:03 [INFO] [OctoBans] zlskill49 sql checked, record: spam by zlSkill49 to 1501446704
31-07-17 23:04:03 [INFO] [OctoBans] zlskill49 sql checked, record: spam by zlSkill49 to 1501450799
31-07-17 23:04:03 [INFO] [OctoBans] zlskill49 sql checked, record: majuscule by zlSkill49 to 1501444836
31-07-17 23:04:03 [INFO] [OctoBans] zlskill49 sql checked, record: provocation by zlSkill49 to 1501444701
31-07-17 23:04:03 [INFO] [OctoBans] zlskill49 sql checked, record: incitationflood by zlSkill49 to 1501533812
31-07-17 23:04:07 [INFO] [OctoBans] zlfire49 sql checked, record: majuscule by zlFire49 to 1500637550
31-07-17 23:04:07 [INFO] [OctoBans] zlfire49 sql checked, record: langage by zlFire49 to 1500641750
31-07-17 23:04:07 [INFO] [OctoBans] zlfire49 sql checked, record: tpkill by zlFire49 to 1500987849
31-07-17 23:04:07 [INFO] [OctoBans] zlfire49 sql checked, record: insultegrave by zlFire49 to 1500724181
31-07-17 23:04:07 [INFO] [OctoBans] zlfire49 sql checked, record: pubyt by zlFire49 to 1500662515
31-07-17 23:04:07 [INFO] [OctoBans] zlfire49 sql checked, record: pubyt by zlFire49 to 1500665116
31-07-17 23:04:07 [INFO] [OctoBans] zlfire49 sql checked, record: pubyt by zlFire49 to 1500674079
31-07-17 23:04:07 [INFO] [OctoBans] zlfire49 sql checked, record: pubyt by zlFire49 to 1500673361
31-07-17 23:04:07 [INFO] [OctoBans] zlfire49 sql checked, record: provocation by zlFire49 to 1500682720
31-07-17 23:04:07 [INFO] [OctoBans] zlfire49 sql checked, record: doubleposte by zlFire49 to 1500737840
31-07-17 23:04:07 [INFO] [OctoBans] zlfire49 sql checked, record: tpkill by zlFire49 to 1500823544
31-07-17 23:04:07 [INFO] [OctoBans] zlfire49 sql checked, record: tpkill by zlFire49 to 1500823547
31-07-17 23:04:07 [INFO] [OctoBans] zlfire49 sql checked, record: insultegrave by zlFire49 to 1500778881
31-07-17 23:04:07 [INFO] [OctoBans] zlfire49 sql checked, record: tpkill by zlFire49 to 1500920787
31-07-17 23:04:07 [INFO] [OctoBans] zlfire49 sql checked, record: tpkill by zlFire49 to 1500920792
31-07-17 23:04:07 [INFO] [OctoBans] zlfire49 sql checked, record: doubleposte by zlFire49 to 1500750687
31-07-17 23:04:07 [INFO] [OctoBans] zlfire49 sql checked, record: multicompte by zlFire49 to -1
31-07-17 23:04:07 [INFO] [OctoBans] zlfire49 sql checked, record: multicompte by zlFire49 to -1
31-07-17 23:04:07 [INFO] [OctoBans] zlfire49 sql checked, record: multicompte by zlFire49 to -1
31-07-17 23:04:07 [INFO] [OctoBans] zlfire49 sql checked, record: insultegrave by zlFire49 to 1500970954
31-07-17 23:04:07 [INFO] [OctoBans] zlfire49 sql checked, record: multicompte by zlFire49 to -1
31-07-17 23:04:07 [INFO] [OctoBans] zlfire49 sql checked, record: langage by zlFire49 to 1500775932
31-07-17 23:04:07 [INFO] [OctoBans] zlfire49 sql checked, record: multicompte by zlFire49 to -1
31-07-17 23:04:07 [INFO] [OctoBans] zlfire49 sql checked, record: trahisonforum by zlFire49 to -1
31-07-17 23:04:07 [INFO] [OctoBans] zlfire49 sql checked, record: tpkill by zlFire49 to 1501335498
31-07-17 23:04:07 [INFO] [OctoBans] zlfire49 sql checked, record: insultegrave by zlFire49 to 1501011679
31-07-17 23:04:07 [INFO] [OctoBans] zlfire49 sql checked, record: pubyt by zlFire49 to 1500908126
31-07-17 23:04:07 [INFO] [OctoBans] zlfire49 sql checked, record: insulte by zlFire49 to 1500907540
31-07-17 23:04:07 [INFO] [OctoBans] zlfire49 sql checked, record: langage by zlFire49 to 1500907373
31-07-17 23:04:07 [INFO] [OctoBans] zlfire49 sql checked, record: langage by zlFire49 to 1500906183
31-07-17 23:04:07 [INFO] [OctoBans] zlfire49 sql checked, record: majuscule by zlFire49 to 1500906233
31-07-17 23:04:07 [INFO] [OctoBans] zlfire49 sql checked, record: trahisonforum by zlFire49 to -1
31-07-17 23:04:07 [INFO] [OctoBans] zlfire49 sql checked, record: tpkill by zlFire49 to 1500994035
31-07-17 23:04:07 [INFO] [OctoBans] zlfire49 sql checked, record: trahisonforum by zlFire49 to -1
31-07-17 23:04:07 [INFO] [OctoBans] zlfire49 sql checked, record: spam by zlFire49 to 1500916047
31-07-17 23:04:07 [INFO] [OctoBans] zlfire49 sql checked, record: doubleposte by zlFire49 to 1500910587
31-07-17 23:04:07 [INFO] [OctoBans] zlfire49 sql checked, record: trahisonforum by zlFire49 to -1
31-07-17 23:04:07 [INFO] [OctoBans] zlfire49 sql checked, record: majuscule by zlFire49 to 1500926734
31-07-17 23:04:07 [INFO] [OctoBans] zlfire49 sql checked, record: doubleposte by zlFire49 to 1500925366
31-07-17 23:04:07 [INFO] [OctoBans] zlfire49 sql checked, record: multicompte by zlFire49 to -1
31-07-17 23:04:07 [INFO] [OctoBans] zlfire49 sql checked, record: multicompte by zlFire49 to -1
31-07-17 23:04:07 [INFO] [OctoBans] zlfire49 sql checked, record: multicompte by zlFire49 to -1
31-07-17 23:04:07 [INFO] [OctoBans] zlfire49 sql checked, record: insultegrave by zlFire49 to 1501030974
31-07-17 23:04:07 [INFO] [OctoBans] zlfire49 sql checked, record: doubleposte by zlFire49 to 1500997482
31-07-17 23:04:07 [INFO] [OctoBans] zlfire49 sql checked, record: provocation by zlFire49 to 1500997471
31-07-17 23:04:07 [INFO] [OctoBans] zlfire49 sql checked, record: doubleposte by zlFire49 to 1500998281
31-07-17 23:04:07 [INFO] [OctoBans] zlfire49 sql checked, record: langage by zlFire49 to 1501011628
31-07-17 23:04:07 [INFO] [OctoBans] zlfire49 sql checked, record: insulte by zlFire49 to 1501013955
31-07-17 23:04:07 [INFO] [OctoBans] zlfire49 sql checked, record: multicompte by zlFire49 to -1
31-07-17 23:04:07 [INFO] [OctoBans] zlfire49 sql checked, record: multicompte by zlFire49 to -1
31-07-17 23:04:07 [INFO] [OctoBans] zlfire49 sql checked, record: multicompte by zlFire49 to -1
31-07-17 23:04:07 [INFO] [OctoBans] zlfire49 sql checked, record: spamfopen by zlFire49 to 1501368735
31-07-17 23:04:07 [INFO] [OctoBans] zlfire49 sql checked, record: multicompte by zlFire49 to -1
31-07-17 23:04:07 [INFO] [OctoBans] zlfire49 sql checked, record: multicompte by zlFire49 to -1
31-07-17 23:04:07 [INFO] [OctoBans] zlfire49 sql checked, record: multicompte by zlFire49 to -1
31-07-17 23:04:07 [INFO] [OctoBans] zlfire49 sql checked, record: insultegrave by zlFire49 to 1501373835
31-07-17 23:04:07 [INFO] [OctoBans] zlfire49 sql checked, record: doubleposte by zlFire49 to 1501339943
31-07-17 23:04:07 [INFO] [OctoBans] zlfire49 sql checked, record: insultegrave by zlFire49 to 1501411587
31-07-17 23:04:07 [INFO] [OctoBans] zlfire49 sql checked, record: spamfopen by zlFire49 to 1501861605
31-07-17 23:04:07 [INFO] [OctoBans] zlfire49 sql checked, record: insultegrave by zlFire49 to 1501426336
31-07-17 23:04:07 [INFO] [OctoBans] zlfire49 sql checked, record: spam by zlFire49 to 1501362234
31-07-17 23:04:07 [INFO] [OctoBans] zlfire49 sql checked, record: spam by zlFire49 to 1501369999
31-07-17 23:04:07 [INFO] [OctoBans] zlfire49 sql checked, record: spam by zlFire49 to 1501372957
31-07-17 23:04:07 [INFO] [OctoBans] zlfire49 sql checked, record: spam by zlFire49 to 1501376865
31-07-17 23:04:07 [INFO] [OctoBans] zlfire49 sql checked, record: majuscule by zlFire49 to 1501373910
31-07-17 23:04:07 [INFO] [OctoBans] zlfire49 sql checked, record: doubleposte by zlFire49 to 1501376733
31-07-17 23:04:07 [INFO] [OctoBans] zlfire49 sql checked, record: faussesinfos by zlFire49 to 1501706914
31-07-17 23:04:07 [INFO] [OctoBans] zlfire49 sql checked, record: menacehack by zlFire49 to 1501793748
31-07-17 23:05:11 [INFO] [OctoBans] hikalol sql checked, record: insultestaff by Wiindows to 1501573979
31-07-17 23:05:11 [INFO] [OctoBans] hikalol sql checked, record: insultegrave by TheBrioche13 to 1501538000
31-07-17 23:08:31 [INFO] [OctoBans] frozen_20 sql checked, record: spammp by skhey to -1
31-07-17 23:08:31 [INFO] [OctoBans] frozen_20 sql checked, record: spammp by iPurple_ to -1
31-07-17 23:08:31 [INFO] [OctoBans] frozen_20 sql checked, record: spammp by NeosiaNexus to -1
31-07-17 23:08:31 [INFO] [OctoBans] frozen_20 sql checked, record: incitationflood by tinmar to 1501660698
31-07-17 23:08:31 [INFO] [OctoBans] frozen_20 sql checked, record: insultegrave by tinmar to 1501671682
31-07-17 23:08:31 [INFO] [OctoBans] frozen_20 sql checked, record: spammp by tinmar to -1
31-07-17 23:11:19 [INFO] [OctoBans] The_Frusty punished _topui_ for: Incitation au flood
31-07-17 23:11:37 [INFO] [OctoBans] NeyTox punished gameurs71 for: Langage incorrect
31-07-17 23:13:07 [INFO] [OctoBans] zlFire49 punished lokyin for: Multi Comptes
31-07-17 23:17:01 [INFO] [OctoBans] lassa18 sql checked, record: spammp by Remil to -1
31-07-17 23:17:01 [INFO] [OctoBans] lassa18 sql checked, record: spammp by Remil to -1
31-07-17 23:17:01 [INFO] [OctoBans] lassa18 sql checked, record: spammp by iPurple_ to -1
31-07-17 23:17:37 [INFO] [OctoBans] NeyTox punished bluebox for: Double Poste
31-07-17 23:17:57 [INFO] [OctoBans] NeyTox punished jsuisfort for: Spam/flood
31-07-17 23:19:09 [INFO] [OctoBans] bluebox sql checked, record: doubleposte by NeyTox to 1501536157
31-07-17 23:19:54 [INFO] [OctoBans] NeyTox punished hydrasnow for: Double Poste
31-07-17 23:21:14 [INFO] [OctoBans] zlFire49 punished bluebox for: Fausses informations
31-07-17 23:21:43 [INFO] [OctoBans] zlFire49 punished white_mlgu_u for: Multi Comptes
31-07-17 23:21:59 [INFO] [OctoBans] zlFire49 punished psico57 for: Multi Comptes
31-07-17 23:22:23 [INFO] [OctoBans] zlFire49 punished riptavie for: Multi Comptes
31-07-17 23:23:08 [INFO] [OctoBans] zlfire49 sql checked, record: majuscule by zlFire49 to 1500637550
31-07-17 23:23:08 [INFO] [OctoBans] zlfire49 sql checked, record: langage by zlFire49 to 1500641750
31-07-17 23:23:08 [INFO] [OctoBans] zlfire49 sql checked, record: tpkill by zlFire49 to 1500987849
31-07-17 23:23:08 [INFO] [OctoBans] zlfire49 sql checked, record: insultegrave by zlFire49 to 1500724181
31-07-17 23:23:08 [INFO] [OctoBans] zlfire49 sql checked, record: pubyt by zlFire49 to 1500662515
31-07-17 23:23:08 [INFO] [OctoBans] zlfire49 sql checked, record: pubyt by zlFire49 to 1500665116
31-07-17 23:23:08 [INFO] [OctoBans] zlfire49 sql checked, record: pubyt by zlFire49 to 1500674079
31-07-17 23:23:08 [INFO] [OctoBans] zlfire49 sql checked, record: pubyt by zlFire49 to 1500673361
31-07-17 23:23:08 [INFO] [OctoBans] zlfire49 sql checked, record: provocation by zlFire49 to 1500682720
31-07-17 23:23:08 [INFO] [OctoBans] zlfire49 sql checked, record: doubleposte by zlFire49 to 1500737840
31-07-17 23:23:08 [INFO] [OctoBans] zlfire49 sql checked, record: tpkill by zlFire49 to 1500823544
31-07-17 23:23:08 [INFO] [OctoBans] zlfire49 sql checked, record: tpkill by zlFire49 to 1500823547
31-07-17 23:23:08 [INFO] [OctoBans] zlfire49 sql checked, record: insultegrave by zlFire49 to 1500778881
31-07-17 23:23:08 [INFO] [OctoBans] zlfire49 sql checked, record: tpkill by zlFire49 to 1500920787
31-07-17 23:23:08 [INFO] [OctoBans] zlfire49 sql checked, record: tpkill by zlFire49 to 1500920792
31-07-17 23:23:08 [INFO] [OctoBans] zlfire49 sql checked, record: doubleposte by zlFire49 to 1500750687
31-07-17 23:23:08 [INFO] [OctoBans] zlfire49 sql checked, record: multicompte by zlFire49 to -1
31-07-17 23:23:08 [INFO] [OctoBans] zlfire49 sql checked, record: multicompte by zlFire49 to -1
31-07-17 23:23:08 [INFO] [OctoBans] zlfire49 sql checked, record: multicompte by zlFire49 to -1
31-07-17 23:23:08 [INFO] [OctoBans] zlfire49 sql checked, record: insultegrave by zlFire49 to 1500970954
31-07-17 23:23:08 [INFO] [OctoBans] zlfire49 sql checked, record: multicompte by zlFire49 to -1
31-07-17 23:23:08 [INFO] [OctoBans] zlfire49 sql checked, record: langage by zlFire49 to 1500775932
31-07-17 23:23:08 [INFO] [OctoBans] zlfire49 sql checked, record: multicompte by zlFire49 to -1
31-07-17 23:23:08 [INFO] [OctoBans] zlfire49 sql checked, record: trahisonforum by zlFire49 to -1
31-07-17 23:23:08 [INFO] [OctoBans] zlfire49 sql checked, record: tpkill by zlFire49 to 1501335498
31-07-17 23:23:08 [INFO] [OctoBans] zlfire49 sql checked, record: insultegrave by zlFire49 to 1501011679
31-07-17 23:23:08 [INFO] [OctoBans] zlfire49 sql checked, record: pubyt by zlFire49 to 1500908126
31-07-17 23:23:08 [INFO] [OctoBans] zlfire49 sql checked, record: insulte by zlFire49 to 1500907540
31-07-17 23:23:08 [INFO] [OctoBans] zlfire49 sql checked, record: langage by zlFire49 to 1500907373
31-07-17 23:23:08 [INFO] [OctoBans] zlfire49 sql checked, record: langage by zlFire49 to 1500906183
31-07-17 23:23:08 [INFO] [OctoBans] zlfire49 sql checked, record: majuscule by zlFire49 to 1500906233
31-07-17 23:23:08 [INFO] [OctoBans] zlfire49 sql checked, record: trahisonforum by zlFire49 to -1
31-07-17 23:23:08 [INFO] [OctoBans] zlfire49 sql checked, record: tpkill by zlFire49 to 1500994035
31-07-17 23:23:08 [INFO] [OctoBans] zlfire49 sql checked, record: trahisonforum by zlFire49 to -1
31-07-17 23:23:08 [INFO] [OctoBans] zlfire49 sql checked, record: spam by zlFire49 to 1500916047
31-07-17 23:23:08 [INFO] [OctoBans] zlfire49 sql checked, record: doubleposte by zlFire49 to 1500910587
31-07-17 23:23:08 [INFO] [OctoBans] zlfire49 sql checked, record: trahisonforum by zlFire49 to -1
31-07-17 23:23:08 [INFO] [OctoBans] zlfire49 sql checked, record: majuscule by zlFire49 to 1500926734
31-07-17 23:23:08 [INFO] [OctoBans] zlfire49 sql checked, record: doubleposte by zlFire49 to 1500925366
31-07-17 23:23:08 [INFO] [OctoBans] zlfire49 sql checked, record: multicompte by zlFire49 to -1
31-07-17 23:23:08 [INFO] [OctoBans] zlfire49 sql checked, record: multicompte by zlFire49 to -1
31-07-17 23:23:08 [INFO] [OctoBans] zlfire49 sql checked, record: multicompte by zlFire49 to -1
31-07-17 23:23:08 [INFO] [OctoBans] zlfire49 sql checked, record: insultegrave by zlFire49 to 1501030974
31-07-17 23:23:08 [INFO] [OctoBans] zlfire49 sql checked, record: doubleposte by zlFire49 to 1500997482
31-07-17 23:23:08 [INFO] [OctoBans] zlfire49 sql checked, record: provocation by zlFire49 to 1500997471
31-07-17 23:23:08 [INFO] [OctoBans] zlfire49 sql checked, record: doubleposte by zlFire49 to 1500998281
31-07-17 23:23:08 [INFO] [OctoBans] zlfire49 sql checked, record: langage by zlFire49 to 1501011628
31-07-17 23:23:08 [INFO] [OctoBans] zlfire49 sql checked, record: insulte by zlFire49 to 1501013955
31-07-17 23:23:08 [INFO] [OctoBans] zlfire49 sql checked, record: multicompte by zlFire49 to -1
31-07-17 23:23:08 [INFO] [OctoBans] zlfire49 sql checked, record: multicompte by zlFire49 to -1
31-07-17 23:23:08 [INFO] [OctoBans] zlfire49 sql checked, record: multicompte by zlFire49 to -1
31-07-17 23:23:08 [INFO] [OctoBans] zlfire49 sql checked, record: spamfopen by zlFire49 to 1501368735
31-07-17 23:23:08 [INFO] [OctoBans] zlfire49 sql checked, record: multicompte by zlFire49 to -1
31-07-17 23:23:08 [INFO] [OctoBans] zlfire49 sql checked, record: multicompte by zlFire49 to -1
31-07-17 23:23:08 [INFO] [OctoBans] zlfire49 sql checked, record: multicompte by zlFire49 to -1
31-07-17 23:23:08 [INFO] [OctoBans] zlfire49 sql checked, record: insultegrave by zlFire49 to 1501373835
31-07-17 23:23:08 [INFO] [OctoBans] zlfire49 sql checked, record: doubleposte by zlFire49 to 1501339943
31-07-17 23:23:08 [INFO] [OctoBans] zlfire49 sql checked, record: insultegrave by zlFire49 to 1501411587
31-07-17 23:23:08 [INFO] [OctoBans] zlfire49 sql checked, record: spamfopen by zlFire49 to 1501861605
31-07-17 23:23:08 [INFO] [OctoBans] zlfire49 sql checked, record: insultegrave by zlFire49 to 1501426336
31-07-17 23:23:08 [INFO] [OctoBans] zlfire49 sql checked, record: spam by zlFire49 to 1501362234
31-07-17 23:23:08 [INFO] [OctoBans] zlfire49 sql checked, record: spam by zlFire49 to 1501369999
31-07-17 23:23:08 [INFO] [OctoBans] zlfire49 sql checked, record: spam by zlFire49 to 1501372957
31-07-17 23:23:08 [INFO] [OctoBans] zlfire49 sql checked, record: spam by zlFire49 to 1501376865
31-07-17 23:23:08 [INFO] [OctoBans] zlfire49 sql checked, record: majuscule by zlFire49 to 1501373910
31-07-17 23:23:08 [INFO] [OctoBans] zlfire49 sql checked, record: doubleposte by zlFire49 to 1501376733
31-07-17 23:23:08 [INFO] [OctoBans] zlfire49 sql checked, record: faussesinfos by zlFire49 to 1501706914
31-07-17 23:23:08 [INFO] [OctoBans] zlfire49 sql checked, record: menacehack by zlFire49 to 1501793748
31-07-17 23:23:08 [INFO] [OctoBans] zlfire49 sql checked, record: multicompte by zlFire49 to -1
31-07-17 23:23:08 [INFO] [OctoBans] zlfire49 sql checked, record: faussesinfos by zlFire49 to 1501622474
31-07-17 23:23:08 [INFO] [OctoBans] zlfire49 sql checked, record: multicompte by zlFire49 to -1
31-07-17 23:23:08 [INFO] [OctoBans] zlfire49 sql checked, record: multicompte by zlFire49 to -1
31-07-17 23:23:08 [INFO] [OctoBans] zlfire49 sql checked, record: multicompte by zlFire49 to -1
31-07-17 23:25:46 [INFO] [OctoBans] iiwikzz_ytb sql checked, record: spammp by YTB_XxKarnageXx to -1
31-07-17 23:29:08 [INFO] [OctoBans] TheBrioche13 punished thedarklink125 for: Majuscule
31-07-17 23:35:00 [INFO] [OctoBans] TheBrioche13 punished thedingue for: Langage incorrect
31-07-17 23:35:17 [INFO] [OctoBans] TheBrioche13 punished anshow for: Spam/flood
31-07-17 23:35:33 [INFO] [OctoBans] TheBrioche13 punished elumix for: Insulte grave
31-07-17 23:35:44 [INFO] [OctoBans] TheBrioche13 punished as_zekow for: Majuscule
31-07-17 23:36:01 [INFO] [OctoBans] TheBrioche13 punished squallow for: Spam/flood
31-07-17 23:37:18 [INFO] [OctoBans] TheBrioche13 punished wyzek for: Provocation
31-07-17 23:38:21 [INFO] [OctoBans] TheBrioche13 punished folwixxyoutube for: Double Poste
31-07-17 23:39:02 [INFO] [OctoBans] TheBrioche13 punished minepixelytb for: Langage incorrect
31-07-17 23:40:52 [INFO] [OctoBans] samy13310 sql checked, record: spammp by iPurple_ to -1
31-07-17 23:41:13 [INFO] [OctoBans] scorpmanskill sql checked, record: spammp by Remil to -1
31-07-17 23:41:35 [INFO] [OctoBans] TheBrioche13 punished natioxytb for: Majuscule
31-07-17 23:41:55 [INFO] [OctoBans] TheBrioche13 punished amgaming for: Spam/flood
31-07-17 23:42:37 [INFO] [OctoBans] NeyTox punished lachemoi for: Insulte staff
31-07-17 23:43:33 [INFO] [OctoBans] TheBrioche13 punished skylers for: Majuscule
31-07-17 23:45:06 [INFO] [OctoBans] TheBrioche13 punished zozodu14 for: Majuscule
31-07-17 23:48:53 [INFO] [OctoBans] keen0x sql checked, record: spammp by iPurple_ to -1
31-07-17 23:48:53 [INFO] [OctoBans] keen0x sql checked, record: spammp by drbrine to -1
31-07-17 23:48:53 [INFO] [OctoBans] keen0x sql checked, record: spammp by drbrine to -1
31-07-17 23:48:53 [INFO] [OctoBans] keen0x sql checked, record: spammp by drbrine to -1
31-07-17 23:49:25 [INFO] [OctoBans] TheBrioche13 punished teddy54 for: Double Poste
31-07-17 23:57:06 [INFO] [OctoBans] TheBrioche13 punished couilledeloup for: Langage incorrect
31-07-17 23:57:55 [INFO] [OctoBans] TheBrioche13 punished nikefort for: Double Poste
31-07-17 23:58:07 [INFO] [OctoBans] c4mp3urx9 sql checked, record: spammp by iPurple_ to -1
31-07-17 23:58:07 [INFO] [OctoBans] c4mp3urx9 sql checked, record: spammp by iPurple_ to -1
01-08-17 00:01:15 [INFO] [OctoBans] TheBrioche13 punished samy13310 for: Majuscule
01-08-17 00:01:16 [INFO] [OctoBans] _nytrospeed_jj sql checked, record: kickautre by CreepyEagle to -1
01-08-17 00:05:11 [INFO] [OctoBans] YTB_XxKarnageXx punished zerdozz for: Insulte grave
01-08-17 00:15:49 [INFO] [OctoBans] tokyo sql checked, record: spammp by SnowEffect to -1
01-08-17 00:18:28 [INFO] [OctoBans] YTB_XxKarnageXx punished kunaii for: Double Poste
01-08-17 00:20:24 [INFO] [OctoBans] TheBrioche13 punished lehewewdu44 for: Double Poste
01-08-17 00:20:46 [INFO] [OctoBans] TheBrioche13 punished mini_octonien for: Double Poste
01-08-17 00:21:00 [INFO] [OctoBans] TheBrioche13 punished lepanda for: Double Poste
01-08-17 00:25:04 [INFO] [OctoBans] TheBrioche13 punished hayden_frost for: Majuscule
01-08-17 00:25:20 [INFO] [OctoBans] enjoymycombo sql checked, record: spammp by SnowEffect to -1
01-08-17 00:27:20 [INFO] [OctoBans] gamerdu06 sql checked, record: incitationflood by Forway to 1501612902
01-08-17 00:35:27 [INFO] [OctoBans] TheBrioche13 punished geeko76 for: Majuscule
01-08-17 00:36:02 [INFO] [OctoBans] TheBrioche13 punished edwardcou for: Double Poste
01-08-17 00:36:06 [INFO] [OctoBans] TheBrioche13 punished crafteam4 for: Double Poste
01-08-17 00:36:18 [INFO] [OctoBans] TheBrioche13 punished gamix_yt for: Double Poste
01-08-17 00:36:32 [INFO] [OctoBans] TheBrioche13 punished leodu999 for: Langage incorrect
01-08-17 00:37:38 [INFO] [OctoBans] rem54600 sql checked, record: insultestaff by Kyabe to 1501565177
01-08-17 00:42:15 [INFO] [OctoBans] xylear sql checked, record: kickautre by NeosiaNexus to -1
01-08-17 00:48:58 [INFO] [OctoBans] YTB_XxKarnageXx punished raylouis for: Double Poste
01-08-17 00:50:21 [INFO] [OctoBans] YTB_XxKarnageXx punished mini_octonien for: Double Poste
01-08-17 00:51:56 [INFO] [OctoBans] YTB_XxKarnageXx punished zlkayzen for: Provocation
01-08-17 00:52:57 [INFO] [OctoBans] elumix sql checked, record: insultegrave by TheBrioche13 to 1501608933
01-08-17 00:53:15 [INFO] [OctoBans] YTB_XxKarnageXx punished osmanlitorunu for: Majuscule
01-08-17 00:53:52 [INFO] [OctoBans] YTB_XxKarnageXx punished rem54600 for: Langage incorrect
01-08-17 00:55:41 [INFO] [OctoBans] YTB_XxKarnageXx punished enjoymycombo for: Provocation
01-08-17 00:58:06 [INFO] [OctoBans] TheBrioche13 punished cameron for: Majuscule
01-08-17 00:58:33 [INFO] [OctoBans] TheBrioche13 punished cameron for: Insulte grave
01-08-17 00:58:43 [INFO] [OctoBans] TheBrioche13 punished blackwhite010 for: Provocation
01-08-17 00:58:55 [INFO] [OctoBans] YTB_XxKarnageXx punished cameron for: Insulte staff
01-08-17 00:59:52 [INFO] [OctoBans] Kyabe punished justmaz for: Double Poste
01-08-17 01:00:34 [INFO] [OctoBans] YTB_XxKarnageXx punished dz_legammer for: Provocation
01-08-17 01:01:13 [INFO] [OctoBans] TheBrioche13 punished azwim_g0d for: Insulte staff
01-08-17 01:06:31 [INFO] [OctoBans] TheBrioche13 punished yourplexe113ytb for: Spam/flood
01-08-17 01:07:02 [INFO] [OctoBans] TheBrioche13 punished deeprodole for: Langage incorrect
01-08-17 01:14:27 [INFO] [OctoBans] D3adOrSnipSurYTB punished goldentwins for: Langage incorrect
01-08-17 01:17:10 [INFO] [OctoBans] nicerush sql checked, record: spammp by YTB_XxKarnageXx to -1
01-08-17 01:17:10 [INFO] [OctoBans] nicerush sql checked, record: spammp by PseudoNul to -1
01-08-17 01:22:36 [INFO] [OctoBans] YTB_XxKarnageXx punished scorpmanskill for: Langage incorrect
01-08-17 01:30:52 [INFO] [OctoBans] D3adOrSnipSurYTB punished gazwl for: Insulte grave
01-08-17 01:33:53 [INFO] [OctoBans] YTB_XxKarnageXx punished pgm45 for: Double Poste
01-08-17 01:35:13 [INFO] [OctoBans] YTB_XxKarnageXx punished baobab for: Langage incorrect
01-08-17 01:50:15 [INFO] [OctoBans] YTB_XxKarnageXx punished gamix_yt for: Provocation
01-08-17 01:51:04 [INFO] [OctoBans] TheBrioche13 punished rem54600 for: Majuscule
01-08-17 01:52:35 [INFO] [OctoBans] TheBrioche13 punished baobab for: Racisme
01-08-17 01:53:37 [INFO] [OctoBans] YTB_XxKarnageXx punished akowi for: Double Poste
01-08-17 01:56:27 [INFO] [OctoBans] YTB_XxKarnageXx punished deeprodole for: Double Poste
01-08-17 01:58:31 [INFO] [OctoBans] YTB_XxKarnageXx punished badice08 for: Insulte grave
01-08-17 02:01:09 [INFO] [OctoBans] TheBrioche13 punished andsiou for: Langage incorrect
01-08-17 02:03:13 [INFO] [OctoBans] TheBrioche13 punished reyzzerpvp for: Langage incorrect
01-08-17 02:05:27 [INFO] [OctoBans] YTB_XxKarnageXx punished verqozz for: Double Poste
01-08-17 02:29:43 [INFO] [OctoBans] Remil punished matheo323 for: Spam/flood
01-08-17 02:37:27 [INFO] [OctoBans] Remil punished leodu999 for: Langage incorrect
01-08-17 02:43:22 [INFO] [OctoBans] TheBrioche13 punished hanarchi for: Spam/flood
01-08-17 02:45:55 [INFO] [OctoBans] TheBrioche13 punished nicerush for: Double Poste
01-08-17 02:50:11 [INFO] [OctoBans] TheBrioche13 punished mathis81 for: Fausses informations
01-08-17 02:51:29 [INFO] [OctoBans] TheBrioche13 punished idreyzen_ for: Double Poste
01-08-17 02:54:03 [INFO] [OctoBans] TheBrioche13 punished _funhacking_yt for: Double Poste
01-08-17 02:57:30 [INFO] [OctoBans] Remil punished supertoto11 for: Spam /f open
01-08-17 03:06:33 [INFO] [OctoBans] TheBrioche13 punished guilou91 for: Spam/flood
01-08-17 03:16:54 [INFO] [OctoBans] TheBrioche13 punished fumingbigfoot for: Majuscule
01-08-17 03:17:42 [INFO] [OctoBans] Remil punished steph078 for: Spam/flood en MP
01-08-17 03:22:18 [INFO] [OctoBans] xxbossteamxx sql checked, record: spammp by SuperJojo to -1
01-08-17 03:22:18 [INFO] [OctoBans] xxbossteamxx sql checked, record: spammp by SkyKosIV to -1
01-08-17 03:22:18 [INFO] [OctoBans] xxbossteamxx sql checked, record: spammp by SnowEffect to -1
01-08-17 03:22:18 [INFO] [OctoBans] xxbossteamxx sql checked, record: spammp by SnowEffect to -1
01-08-17 03:22:18 [INFO] [OctoBans] xxbossteamxx sql checked, record: spammp by Remil to -1
01-08-17 03:30:49 [INFO] [OctoBans] Steph078 punished zlkayzen for: Provocation
01-08-17 03:40:13 [INFO] [OctoBans] Remil punished nogliox33 for: Spam/flood
01-08-17 03:45:09 [INFO] [OctoBans] samybg sql checked, record: spammp by Remil to -1
01-08-17 03:45:09 [INFO] [OctoBans] samybg sql checked, record: spammp by Remil to -1
01-08-17 03:45:09 [INFO] [OctoBans] samybg sql checked, record: spammp by Remil to -1
01-08-17 03:45:09 [INFO] [OctoBans] samybg sql checked, record: spammp by drbrine to -1
01-08-17 03:56:08 [INFO] [OctoBans] TheBrioche13 punished luluobo14 for: Majuscule
01-08-17 03:58:25 [INFO] [OctoBans] TheBrioche13 punished jiopiorio for: Langage incorrect
01-08-17 04:04:21 [INFO] [OctoBans] waytek sql checked, record: spammp by PseudoNul to -1
01-08-17 04:04:21 [INFO] [OctoBans] waytek sql checked, record: spammp by Remil to -1
01-08-17 04:04:21 [INFO] [OctoBans] waytek sql checked, record: spammp by Remil to -1
01-08-17 04:09:41 [INFO] [OctoBans] TheBrioche13 punished dave16135 for: Double Poste
01-08-17 04:21:45 [INFO] [OctoBans] Remil punished _funhacking_yt for: Double Poste
01-08-17 04:22:14 [INFO] [OctoBans] Remil punished _funhacking_yt for: Publicité Youtubeur
01-08-17 04:23:23 [INFO] [OctoBans] TheBrioche13 punished toto3003 for: Double Poste
01-08-17 04:24:54 [INFO] [OctoBans] TheBrioche13 punished pas2coyy for: Provocation
01-08-17 04:25:18 [INFO] [OctoBans] TheBrioche13 punished pas2coyy for: Publicité Youtubeur
01-08-17 04:25:36 [INFO] [OctoBans] TheBrioche13 punished totototo11 for: Double Poste
01-08-17 04:27:18 [INFO] [OctoBans] weezy sql checked, record: kickautre by Steph078 to -1
01-08-17 04:34:18 [INFO] [OctoBans] Steph078 punished shaadoon for: TpKill
01-08-17 04:34:23 [INFO] [OctoBans] Steph078 punished yuloti15 for: TpKill
01-08-17 04:39:59 [INFO] [OctoBans] Steph078 punished steph078 for: Insulte serveur
01-08-17 04:41:02 [INFO] [OctoBans] TheBrioche13 punished dz_legammer for: Langage incorrect
01-08-17 04:41:28 [INFO] [OctoBans] TheBrioche13 punished staillight for: Double Poste
01-08-17 04:42:45 [INFO] [OctoBans] TheBrioche13 punished robin1234 for: Langage incorrect
01-08-17 04:43:05 [INFO] [OctoBans] TheBrioche13 punished robin1234 for: Insulte staff
01-08-17 04:46:55 [INFO] [OctoBans] Steph078 punished lakitaw for: Provocation
01-08-17 04:47:28 [INFO] [OctoBans] TheBrioche13 punished minethuglife for: Double Poste
01-08-17 04:48:14 [INFO] [OctoBans] TheBrioche13 punished robin1234 for: Insulte staff
01-08-17 04:51:51 [INFO] [OctoBans] Steph078 punished robin1234 for: Spam/flood en MP
01-08-17 04:51:53 [INFO] [OctoBans] sportek_ sql checked, record: spammp by SkyKosIV to -1
01-08-17 04:53:39 [INFO] [OctoBans] Steph078 punished pepsicoca for: Double Poste
01-08-17 04:55:22 [INFO] [OctoBans] TheBrioche13 punished robin1234 for: Insulte staff
01-08-17 04:56:30 [INFO] [OctoBans] Remil punished gameur325 for: Majuscule
01-08-17 04:58:31 [INFO] [OctoBans] Remil punished leodu999 for: Double Poste
01-08-17 04:59:14 [INFO] [OctoBans] Remil punished steph078 for: Spam/flood en MP
01-08-17 05:07:24 [INFO] [OctoBans] NeyTox punished mazeup for: Majuscule
01-08-17 05:24:15 [INFO] [OctoBans] angenoir02 sql checked, record: spamfopen by Remil to 1501596885
01-08-17 05:33:49 [INFO] [OctoBans] Steph078 punished thebrioche13 for: Provocation
01-08-17 05:40:57 [INFO] [OctoBans] TheBrioche13 punished blackwhite010 for: Langage incorrect
01-08-17 05:41:18 [INFO] [OctoBans] Remil punished blackwhite010 for: Anti-AFK
01-08-17 05:42:45 [INFO] [OctoBans] Remil punished xxbossteamxx for: Double Poste
01-08-17 05:50:55 [INFO] [OctoBans] TheBrioche13 punished fumingbigfoot for: Double Poste
01-08-17 05:55:03 [INFO] [OctoBans] TheBrioche13 punished lakitaw for: Majuscule
01-08-17 05:56:14 [INFO] [OctoBans] TheBrioche13 punished frozen_20 for: Insulte staff
01-08-17 06:01:02 [INFO] [OctoBans] Disabling OctoBans v1.0
