27-05-17 22:31:42 [INFO] [OctoBans] File Handler successfully initialized!
27-05-17 22:31:42 [INFO] [OctoBans] SQL connection successfully etablished
27-05-17 22:31:42 [INFO] [OctoBans] Moderator Tools by Octonia.
27-05-17 22:31:46 [INFO] [OctoBans] paquet2bonbon sql checked, record: insultegrave by WiirKo to 1495949500
27-05-17 22:31:46 [INFO] [OctoBans] siplyoyt sql checked, record: homophobie by SuperJojo to 1495980822
27-05-17 22:31:46 [INFO] [OctoBans] dragonfou21 sql checked, record: insultegrave by yolodu13 to 1495933708
27-05-17 22:31:46 [INFO] [OctoBans] drkiritoz_ sql checked, record: spammp by SkyKosIV to -1
27-05-17 22:31:46 [INFO] [OctoBans] phoenix_o sql checked, record: insultegrave by SuperJojo to 1495935358
27-05-17 22:31:46 [INFO] [OctoBans] phoenix_o sql checked, record: insultestaff by tipi201 to 1495935381
27-05-17 22:31:46 [INFO] [OctoBans] azrod59 sql checked, record: incitationflood by tipi201 to 1495981283
27-05-17 22:31:46 [INFO] [OctoBans] lucas59261 sql checked, record: kickautre by ZerKup to -1
27-05-17 22:31:47 [INFO] [OctoBans] ew3l sql checked, record: spammp by SnowEffect to -1
27-05-17 22:31:47 [INFO] [OctoBans] mehdi1 sql checked, record: faussesinfos by YTB_XxKarnageXx to 1495922770
27-05-17 22:31:51 [INFO] [OctoBans] sasuto19 sql checked, record: insultegrave by SkyKosIV to 1495922830
27-05-17 22:31:51 [INFO] [OctoBans] sasuto19 sql checked, record: spammp by SnowEffect to -1
27-05-17 22:31:51 [INFO] [OctoBans] sasuto19 sql checked, record: spammp by SnowEffect to -1
27-05-17 22:31:51 [INFO] [OctoBans] apex_blam sql checked, record: spammp by YTB_XxKarnageXx to -1
27-05-17 22:31:51 [INFO] [OctoBans] thisbrain_ sql checked, record: insultesrv by Blubfire to 1495919892
27-05-17 22:31:51 [INFO] [OctoBans] kanekiiiii sql checked, record: kickautre by Steph078 to -1
27-05-17 22:31:51 [INFO] [OctoBans] kanekiiiii sql checked, record: spammp by Remil to -1
27-05-17 22:31:51 [INFO] [OctoBans] kanekiiiii sql checked, record: spammp by Remil to -1
27-05-17 22:31:51 [INFO] [OctoBans] kanekiiiii sql checked, record: insultestaff by Theo97 to 1495935458
27-05-17 22:31:52 [INFO] [OctoBans] biffy sql checked, record: kickautre by Antoine57565 to -1
27-05-17 22:31:52 [INFO] [OctoBans] biffy sql checked, record: faussesinfos by ZerKup to 1496000353
27-05-17 22:31:52 [INFO] [OctoBans] by_fayth sql checked, record: faussesinfos by Remil to 1495996630
27-05-17 22:31:56 [INFO] [OctoBans] erethaari sql checked, record: majuscule by YTB_XxKarnageXx to 1495917631
27-05-17 22:31:59 [INFO] [OctoBans] tipi201 sql checked, record: kickautre by ZerKup to -1
27-05-17 22:31:59 [INFO] [OctoBans] couilledeloup sql checked, record: insultegrave by SuperJojo to 1495922071
27-05-17 22:32:11 [INFO] [OctoBans] capitainebanane sql checked, record: spam by Forway to 1495919602
27-05-17 22:32:15 [INFO] [OctoBans] simyasuoplayer sql checked, record: racism by YTB_XxKarnageXx to 1495994716
27-05-17 22:32:16 [INFO] [OctoBans] pppuissance sql checked, record: kickautre by Steph078 to -1
27-05-17 22:32:17 [INFO] [OctoBans] YTB_XxKarnageXx punished drossven for: Spam /f open
27-05-17 22:32:49 [INFO] [OctoBans] diilan2003 sql checked, record: faussesinfos by SkyKosIV to 1495977706
27-05-17 22:32:58 [INFO] [OctoBans] maxencecraftytb sql checked, record: spammp by ZerKup to -1
27-05-17 22:33:01 [INFO] [OctoBans] 120403jean sql checked, record: spammp by Remil to -1
27-05-17 22:33:18 [INFO] [OctoBans] _hello_kitty sql checked, record: spammp by Steph078 to -1
27-05-17 22:33:34 [INFO] [OctoBans] PseudoNul punished sosthene for: Double Poste
27-05-17 22:34:22 [INFO] [OctoBans] tt1011 sql checked, record: spammp by YTB_XxKarnageXx to -1
27-05-17 22:34:37 [INFO] [OctoBans] _konaking_ sql checked, record: faussesinfos by Blubfire to 1495979339
27-05-17 22:36:48 [INFO] [OctoBans] tipi201 punished _strykz_ for: Insulte staff
27-05-17 22:36:50 [INFO] [OctoBans] deathgun sql checked, record: spammp by Remil to -1
27-05-17 22:37:46 [INFO] [OctoBans] SkyKosIV punished ramiemeraude for: Majuscule
27-05-17 22:38:21 [INFO] [OctoBans] zrk_warthog sql checked, record: spammp by Remil to -1
27-05-17 22:38:33 [INFO] [OctoBans] SkyKosIV punished maxencecraftytb for: Double Poste
27-05-17 22:39:44 [INFO] [OctoBans] relaster sql checked, record: insultegrave by WiirKo to 1495949078
27-05-17 22:40:47 [INFO] [OctoBans] SkyKosIV punished ronweasley for: Spam/flood en MP
27-05-17 22:41:11 [INFO] [OctoBans] SkyKosIV punished tom1203 for: Double Poste
27-05-17 22:42:19 [INFO] [OctoBans] theo_pveur sql checked, record: racism by YTB_XxKarnageXx to 1495995776
27-05-17 22:42:36 [INFO] [OctoBans] Forway punished zeroghoster for: Double Poste
27-05-17 22:43:11 [INFO] [OctoBans] SkyKosIV punished thegameur81 for: Provocation
27-05-17 22:45:02 [INFO] [OctoBans] SkyKosIV punished helder for: Spam/flood en MP
27-05-17 22:45:26 [INFO] [OctoBans] romlcm89 sql checked, record: insultegrave by SkyKosIV to 1495926293
27-05-17 22:46:15 [INFO] [OctoBans] PseudoNul punished yolomec33 for: Double Poste
27-05-17 22:46:32 [INFO] [OctoBans] ax_loganledozo sql checked, record: racism by Dixlou to 1495925669
27-05-17 22:47:47 [INFO] [OctoBans] lassa18 sql checked, record: spammp by Remil to -1
27-05-17 22:48:14 [INFO] [OctoBans] PseudoNul punished sosthene for: Double Poste
27-05-17 22:48:45 [INFO] [OctoBans] PseudoNul punished plmon for: Double Poste
27-05-17 22:49:40 [INFO] [OctoBans] toubab sql checked, record: incitationflood by SnowEffect to 1495997021
27-05-17 22:50:29 [INFO] [OctoBans] YTB_XxKarnageXx punished papigabi for: Double Poste
27-05-17 22:51:42 [INFO] [OctoBans] YTB_XxKarnageXx punished octoway for: Double Poste
27-05-17 22:55:09 [INFO] [OctoBans] YTB_XxKarnageXx punished matheoytb for: Spam/flood
27-05-17 22:56:38 [INFO] [OctoBans] superjojo sql checked, record: spammp by SkyKosIV to -1
27-05-17 22:56:56 [INFO] [OctoBans] grm25 sql checked, record: insultegrave by Forway to 1495919799
27-05-17 22:58:19 [INFO] [OctoBans] YTB_XxKarnageXx punished pyrox_ytb for: Spam/flood
27-05-17 22:58:58 [INFO] [OctoBans] SuperJojo punished yolomec33 for: Majuscule
27-05-17 23:00:32 [INFO] [OctoBans] YTB_XxKarnageXx punished alae59 for: Spam/flood
27-05-17 23:01:32 [INFO] [OctoBans] SuperJojo punished paulin009 for: Langage incorrect
27-05-17 23:05:23 [INFO] [OctoBans] YTB_XxKarnageXx punished azzpro for: Double Poste
27-05-17 23:06:26 [INFO] [OctoBans] YTB_XxKarnageXx punished tt1011 for: Spam/flood en MP
27-05-17 23:07:09 [INFO] [OctoBans] SuperJojo punished tyt_tress_tyt for: Spam/flood
27-05-17 23:07:58 [INFO] [OctoBans] SuperJojo punished cactus for: Spam/flood
27-05-17 23:08:09 [INFO] [OctoBans] SkyKosIV punished snakile456 for: Spam/flood en MP
27-05-17 23:10:03 [INFO] [OctoBans] SkyKosIV punished snakile456 for: Spam/flood en MP
27-05-17 23:15:26 [INFO] [OctoBans] SkyKosIV punished papigabi for: Double Poste
27-05-17 23:15:28 [INFO] [OctoBans] SuperJojo punished sosthene for: Double Poste
27-05-17 23:16:08 [INFO] [OctoBans] wiirko sql checked, record: spammp by Remil to -1
27-05-17 23:16:35 [INFO] [OctoBans] SkyKosIV punished surprisesxx for: Spam/flood en MP
27-05-17 23:17:22 [INFO] [OctoBans] D3adOrSnipSurYTB punished matheosiborge for: Majuscule
27-05-17 23:17:43 [INFO] [OctoBans] SuperJojo punished matheosiborge for: Langage incorrect
27-05-17 23:17:59 [INFO] [OctoBans] SkyKosIV punished surprisesxx for: Menace de hack
27-05-17 23:23:26 [INFO] [OctoBans] SkyKosIV punished octoway for: Double Poste
27-05-17 23:24:39 [INFO] [OctoBans] D3adOrSnipSurYTB punished chronos for: Provocation
27-05-17 23:25:17 [INFO] [OctoBans] sportek_ sql checked, record: spammp by SkyKosIV to -1
27-05-17 23:26:35 [INFO] [OctoBans] WiirKo punished xxcrazy_pvpxx for: Majuscule
27-05-17 23:33:18 [INFO] [OctoBans] WiirKo punished johan22600 for: Langage incorrect
27-05-17 23:34:15 [INFO] [OctoBans] WiirKo punished mr_darkgame for: Majuscule
27-05-17 23:34:42 [INFO] [OctoBans] SuperJojo punished azlord11 for: Double Poste
27-05-17 23:37:16 [INFO] [OctoBans] _dragibus_ sql checked, record: spammp by Remil to -1
27-05-17 23:37:16 [INFO] [OctoBans] _dragibus_ sql checked, record: spammp by Remil to -1
27-05-17 23:37:53 [INFO] [OctoBans] WiirKo punished andronius for: Publicité Youtubeur
27-05-17 23:40:27 [INFO] [OctoBans] WiirKo punished rayanletout for: Double Poste
27-05-17 23:40:47 [INFO] [OctoBans] YTB_XxKarnageXx punished sifri59xd for: Double Poste
27-05-17 23:48:33 [INFO] [OctoBans] D3adOrSnipSurYTB punished ramiemeraude for: Spam/flood
27-05-17 23:48:44 [INFO] [OctoBans] D3adOrSnipSurYTB punished grenousse_pvp for: Langage incorrect
27-05-17 23:49:06 [INFO] [OctoBans] D3adOrSnipSurYTB punished johan22600 for: Insulte grave
27-05-17 23:51:30 [INFO] [OctoBans] D3adOrSnipSurYTB punished thomas62200 for: Langage incorrect
27-05-17 23:51:32 [INFO] [OctoBans] SuperJojo punished spy_mlg for: Double Poste
27-05-17 23:52:08 [INFO] [OctoBans] SuperJojo punished volterr for: Double Poste
27-05-17 23:53:59 [INFO] [OctoBans] SuperJojo punished rayane122 for: Spam/flood
27-05-17 23:55:36 [INFO] [OctoBans] SuperJojo punished lefifoudu3 for: Double Poste
27-05-17 23:55:44 [INFO] [OctoBans] SuperJojo punished julie52100 for: Langage incorrect
27-05-17 23:56:23 [INFO] [OctoBans] SkyKosIV punished matheosiborge for: Majuscule
27-05-17 23:57:43 [INFO] [OctoBans] SkyKosIV punished florian085 for: Majuscule
27-05-17 23:58:44 [INFO] [OctoBans] SuperJojo punished evann95 for: Double Poste
27-05-17 23:59:19 [INFO] [OctoBans] SuperJojo punished sosofb for: Majuscule
28-05-17 00:01:42 [INFO] [OctoBans] SuperJojo punished pandazzz for: Spam/flood
28-05-17 00:02:02 [INFO] [OctoBans] SkyKosIV punished pandazzz for: Insulte serveur
28-05-17 00:02:14 [INFO] [OctoBans] SkyKosIV punished thomas62200 for: Langage incorrect
28-05-17 00:05:21 [INFO] [OctoBans] SuperJojo punished alex05 for: Double Poste
28-05-17 00:05:37 [INFO] [OctoBans] SuperJojo punished hakimos66 for: Double Poste
28-05-17 00:06:26 [INFO] [OctoBans] Remil punished volterr for: Double Poste
28-05-17 00:07:29 [INFO] [OctoBans] superfilleciel sql checked, record: kickautre by Steph078 to -1
28-05-17 00:08:13 [INFO] [OctoBans] SuperJojo punished sweezeen for: Spam/flood
28-05-17 00:08:17 [INFO] [OctoBans] Remil punished samybg for: Spam/flood en MP
28-05-17 00:18:09 [INFO] [OctoBans] SkyKosIV punished hakimos66 for: Menace de hack
28-05-17 00:19:23 [INFO] [OctoBans] SkyKosIV punished hakimos66 for: Menace de hack
28-05-17 00:21:02 [INFO] [OctoBans] Remil punished craziix_eu for: Spam/flood en MP
28-05-17 00:25:30 [INFO] [OctoBans] SuperJojo punished sneakz_ for: Majuscule
28-05-17 00:26:55 [INFO] [OctoBans] SuperJojo punished bananna_yt for: Insulte staff
28-05-17 00:27:15 [INFO] [OctoBans] D3adOrSnipSurYTB punished bananna_yt for: Langage incorrect
28-05-17 00:27:32 [INFO] [OctoBans] sloan974pvp sql checked, record: tpkill by Antoine57565 to 1495991473
28-05-17 00:27:34 [INFO] [OctoBans] Remil punished ext4zzy for: Spam/flood en MP
28-05-17 00:29:40 [INFO] [OctoBans] SuperJojo punished christophe2003 for: Langage incorrect
28-05-17 00:33:22 [INFO] [OctoBans] unitygamesrz sql checked, record: spammp by SkyKosIV to -1
28-05-17 00:36:14 [INFO] [OctoBans] D3adOrSnipSurYTB punished _strykz_ for: Provocation
28-05-17 00:37:53 [INFO] [OctoBans] D3adOrSnipSurYTB punished 54melih54 for: Langage incorrect
28-05-17 00:38:29 [INFO] [OctoBans] SkyKosIV punished hellro for: Insulte
28-05-17 00:39:52 [INFO] [OctoBans] D3adOrSnipSurYTB punished skyizi91 for: Double Poste
28-05-17 00:41:06 [INFO] [OctoBans] iskeaz sql checked, record: faussesinfos by tipi201 to 1495980946
28-05-17 00:51:55 [INFO] [OctoBans] SuperJojo punished julie52100 for: Double Poste
28-05-17 00:57:23 [INFO] [OctoBans] SuperJojo punished skeiblue100 for: Double Poste
28-05-17 00:57:46 [INFO] [OctoBans] YTB_XxKarnageXx punished nizarusmoi for: Insulte grave
28-05-17 01:01:04 [INFO] [OctoBans] SkyKosIV punished _strykz_ for: Menace de hack
28-05-17 01:03:01 [INFO] [OctoBans] SkyKosIV punished drkiritoz_ for: TpKill
28-05-17 01:05:25 [INFO] [OctoBans] YTB_XxKarnageXx punished ext4zzy for: Double Poste
28-05-17 01:05:56 [INFO] [OctoBans] SkyKosIV punished imdylan for: Double Poste
28-05-17 01:07:04 [INFO] [OctoBans] SkyKosIV punished iskeaz for: Spam/flood en MP
28-05-17 01:09:55 [INFO] [OctoBans] SuperJojo punished craziix_eu for: Insulte
28-05-17 01:10:15 [INFO] [OctoBans] YTB_XxKarnageXx punished craziix_eu for: Insulte grave
28-05-17 01:11:30 [INFO] [OctoBans] SkyKosIV punished drkiritoz_ for: Anti-AFK
28-05-17 01:12:18 [INFO] [OctoBans] _strykz_ sql checked, record: insultestaff by tipi201 to 1495953408
28-05-17 01:12:18 [INFO] [OctoBans] _strykz_ sql checked, record: menacehack by SkyKosIV to 1496185264
28-05-17 01:17:01 [INFO] [OctoBans] SkyKosIV punished by_sneak for: Spam/flood en MP
28-05-17 01:18:29 [INFO] [OctoBans] Remil punished _dragibus_ for: Langage incorrect
28-05-17 01:20:36 [INFO] [OctoBans] YTB_XxKarnageXx punished lolollo for: Double Poste
28-05-17 01:23:22 [INFO] [OctoBans] YTB_XxKarnageXx punished samybg for: Double Poste
28-05-17 01:28:38 [INFO] [OctoBans] YTB_XxKarnageXx punished craft2coeur for: Double Poste
28-05-17 01:30:21 [INFO] [OctoBans] SkyKosIV punished yaniyanis for: Double Poste
28-05-17 01:30:42 [INFO] [OctoBans] SuperJojo punished zlkayzen for: Provocation
28-05-17 01:31:09 [INFO] [OctoBans] craziix_eu sql checked, record: spammp by Remil to -1
28-05-17 01:31:09 [INFO] [OctoBans] craziix_eu sql checked, record: insulte by SuperJojo to 1495929295
28-05-17 01:31:09 [INFO] [OctoBans] craziix_eu sql checked, record: insultegrave by YTB_XxKarnageXx to 1495962615
28-05-17 01:31:26 [INFO] [OctoBans] SkyKosIV punished _hello_kitty for: Provocation
28-05-17 01:31:46 [INFO] [OctoBans] SkyKosIV punished grenousse_pvp for: Langage incorrect
28-05-17 01:35:48 [INFO] [OctoBans] SuperJojo punished grenousse_pvp for: Langage incorrect
28-05-17 01:37:14 [INFO] [OctoBans] craziix_eu sql checked, record: spammp by Remil to -1
28-05-17 01:37:14 [INFO] [OctoBans] craziix_eu sql checked, record: insulte by SuperJojo to 1495929295
28-05-17 01:37:14 [INFO] [OctoBans] craziix_eu sql checked, record: insultegrave by YTB_XxKarnageXx to 1495962615
28-05-17 01:37:31 [INFO] [OctoBans] tipi201 punished zlkayzen for: Provocation
28-05-17 01:43:19 [INFO] [OctoBans] SuperJojo punished by_kw3e for: Provocation
28-05-17 01:46:10 [INFO] [OctoBans] SuperJojo punished bellepatate for: Double Poste
28-05-17 01:56:58 [INFO] [OctoBans] YTB_XxKarnageXx punished skyizi91 for: Provocation
28-05-17 01:57:01 [INFO] [OctoBans] YTB_XxKarnageXx punished julie52100 for: Provocation
28-05-17 01:57:42 [INFO] [OctoBans] YTB_XxKarnageXx punished frozen_20 for: Spam/flood
28-05-17 02:02:46 [INFO] [OctoBans] YTB_XxKarnageXx punished julie52100 for: Provocation
28-05-17 02:05:36 [INFO] [OctoBans] YTB_XxKarnageXx punished julie52100 for: Insulte staff
28-05-17 02:06:40 [INFO] [OctoBans] YTB_XxKarnageXx punished julie52100 for: Anti-AFK
28-05-17 02:13:41 [INFO] [OctoBans] SuperJojo punished mehdi1 for: Spam/flood
28-05-17 02:26:21 [INFO] [OctoBans] SuperJojo punished varuspvp for: Provocation
28-05-17 02:26:58 [INFO] [OctoBans] YTB_XxKarnageXx punished sam_pvp1996 for: Double Poste
28-05-17 02:31:56 [INFO] [OctoBans] SuperJojo punished xx_gab13_xx for: Langage incorrect
28-05-17 02:32:05 [INFO] [OctoBans] YTB_XxKarnageXx punished poseycanapey for: Provocation
28-05-17 02:37:46 [INFO] [OctoBans] SuperJojo punished wiitrokz_ for: Double Poste
28-05-17 02:51:03 [INFO] [OctoBans] Remil punished thekiller200 for: Double Poste
28-05-17 03:04:15 [INFO] [OctoBans] SuperJojo punished thekiller200 for: Double Poste
28-05-17 03:11:16 [INFO] [OctoBans] SuperJojo punished elwin for: Langage incorrect
28-05-17 03:26:53 [INFO] [OctoBans] SuperJojo punished samybg for: Langage incorrect
28-05-17 03:31:00 [INFO] [OctoBans] SuperJojo punished romlcm89 for: Provocation
28-05-17 03:36:51 [INFO] [OctoBans] SuperJojo punished romlcm89 for: Double Poste
28-05-17 03:39:51 [INFO] [OctoBans] SuperJojo punished misterblazing for: Provocation
28-05-17 03:40:01 [INFO] [OctoBans] SuperJojo punished thekiller200 for: Provocation
28-05-17 03:42:26 [INFO] [OctoBans] Remil punished thekiller200 for: Anti-AFK
28-05-17 03:45:59 [INFO] [OctoBans] SuperJojo punished misterblazing for: Provocation
28-05-17 03:46:13 [INFO] [OctoBans] aldorbest sql checked, record: kickautre by Steph078 to -1
28-05-17 03:46:13 [INFO] [OctoBans] aldorbest sql checked, record: insultegrave by D3adOrSnipSurYTB to 1495941408
28-05-17 03:46:31 [INFO] [OctoBans] Remil punished romlcm89 for: Double Poste
28-05-17 03:52:29 [INFO] [OctoBans] SuperJojo punished neeskofnoob for: Langage incorrect
28-05-17 03:52:49 [INFO] [OctoBans] SuperJojo punished neeskofnoob for: Insulte grave
28-05-17 03:58:49 [INFO] [OctoBans] SuperJojo punished force_pst for: Double Poste
28-05-17 04:17:55 [INFO] [OctoBans] xdiablox sql checked, record: menacehack by Remil to 1496146746
28-05-17 05:08:36 [INFO] [OctoBans] dodole1 sql checked, record: tpkill by ZerKup to 1495978008
28-05-17 05:53:34 [INFO] [OctoBans] SuperJojo punished zedi for: Spam/flood
28-05-17 05:53:40 [INFO] [OctoBans] SuperJojo punished zekids for: Spam/flood
28-05-17 06:01:02 [INFO] [OctoBans] Disabling OctoBans v1.0
