14-10-17 22:31:42 [INFO] [OctoBans] File Handler successfully initialized!
14-10-17 22:31:42 [INFO] [OctoBans] SQL connection successfully etablished
14-10-17 22:31:42 [INFO] [OctoBans] Moderator Tools by Octonia.
14-10-17 22:32:05 [INFO] [OctoBans] zako sql checked, record: spammp by NeosiaNexus to -1
14-10-17 22:32:05 [INFO] [OctoBans] lpz_kinder sql checked, record: faussesinfos by FiasK0 to 1508084645
14-10-17 22:32:05 [INFO] [OctoBans] ew3l sql checked, record: spammp by tinmar to -1
14-10-17 22:32:06 [INFO] [OctoBans] changeyourskill_ sql checked, record: spammp by tinmar to -1
14-10-17 22:32:06 [INFO] [OctoBans] tokyo sql checked, record: spammp by SnowEffect to -1
14-10-17 22:32:06 [INFO] [OctoBans] cerealekilleuryt sql checked, record: spam by YTB_XxKarnageXx to 1508017767
14-10-17 22:32:06 [INFO] [OctoBans] pvp_pro sql checked, record: spammp by SkyKosIV to -1
14-10-17 22:32:06 [INFO] [OctoBans] maxougaming sql checked, record: spam by EGGSPLOSION to 1508020173
14-10-17 22:32:06 [INFO] [OctoBans] nolaninomc sql checked, record: spammp by SmooKeur to -1
14-10-17 22:32:06 [INFO] [OctoBans] nolaninomc sql checked, record: insultestaff by FiasK0 to 1508063710
14-10-17 22:32:06 [INFO] [OctoBans] nolaninomc sql checked, record: spam by FiasK0 to 1508021039
14-10-17 22:32:07 [INFO] [OctoBans] kyzirie sql checked, record: insultestaff by ViRoCl to 1508052766
14-10-17 22:32:07 [INFO] [OctoBans] kyzirie sql checked, record: insultestaff by FiasK0 to 1508175927
14-10-17 22:32:07 [INFO] [OctoBans] kyzirie sql checked, record: insultestaff by FiasK0 to 1508212053
14-10-17 22:32:07 [INFO] [OctoBans] mabilou29 sql checked, record: spammp by SnowEffect to -1
14-10-17 22:32:07 [INFO] [OctoBans] mabilou29 sql checked, record: spammp by SnowEffect to -1
14-10-17 22:32:07 [INFO] [OctoBans] harst sql checked, record: spammp by Remil to -1
14-10-17 22:32:17 [INFO] [OctoBans] firebreakeur sql checked, record: spammp by Remil to -1
14-10-17 22:32:17 [INFO] [OctoBans] firebreakeur sql checked, record: spam by FiasK0 to 1508040120
14-10-17 22:32:21 [INFO] [OctoBans] gangstardu59 sql checked, record: insultegrave by EGGSPLOSION to 1508047599
14-10-17 22:32:21 [INFO] [OctoBans] sushi_ sql checked, record: spammp by Remil to -1
14-10-17 22:32:21 [INFO] [OctoBans] sushi_ sql checked, record: spammp by Remil to -1
14-10-17 22:32:30 [INFO] [OctoBans] winboxx sql checked, record: incitationflood by FiasK0 to 1508112921
14-10-17 22:32:32 [INFO] [OctoBans] momo54 sql checked, record: spam by YTB_XxKarnageXx to 1508030222
14-10-17 22:32:36 [INFO] [OctoBans] ededed91 sql checked, record: spammp by SkyKosIV to -1
14-10-17 22:32:36 [INFO] [OctoBans] ededed91 sql checked, record: spammp by Remil to -1
14-10-17 22:32:36 [INFO] [OctoBans] yasin51530 sql checked, record: spammp by Remil to -1
14-10-17 22:32:36 [INFO] [OctoBans] yasin51530 sql checked, record: spammp by tinmar to -1
14-10-17 22:32:36 [INFO] [OctoBans] yasin51530 sql checked, record: spammp by tinmar to -1
14-10-17 22:32:42 [INFO] [OctoBans] eranck sql checked, record: insultegrave by EGGSPLOSION to 1508019505
14-10-17 22:32:47 [INFO] [OctoBans] by_kw3e sql checked, record: kickautre by Antoine57565 to -1
14-10-17 22:32:47 [INFO] [OctoBans] _romain_ sql checked, record: spammp by Remil to -1
14-10-17 22:32:47 [INFO] [OctoBans] _romain_ sql checked, record: spam by Shouteur to 1508032066
14-10-17 22:32:49 [INFO] [OctoBans] ViRoCl punished changeyourskill_ for: Majuscule
14-10-17 22:33:00 [INFO] [OctoBans] lefifoudu3 sql checked, record: spam by YTB_XxKarnageXx to 1508053967
14-10-17 22:33:13 [INFO] [OctoBans] tariq47 sql checked, record: spammp by tinmar to -1
14-10-17 22:33:13 [INFO] [OctoBans] tariq47 sql checked, record: spam by Shouteur to 1508018063
14-10-17 22:33:28 [INFO] [OctoBans] ViRoCl punished olianne125 for: Double Poste
14-10-17 22:35:10 [INFO] [OctoBans] hugiix sql checked, record: spammp by PseudoNul to -1
14-10-17 22:35:10 [INFO] [OctoBans] hugiix sql checked, record: spammp by PseudoNul to -1
14-10-17 22:35:10 [INFO] [OctoBans] hugiix sql checked, record: floodmp by Forway to -1
14-10-17 22:35:10 [INFO] [OctoBans] hugiix sql checked, record: spammp by PseudoNul to -1
14-10-17 22:35:10 [INFO] [OctoBans] hugiix sql checked, record: floodmp by Forway to -1
14-10-17 22:35:10 [INFO] [OctoBans] hugiix sql checked, record: floodmp by Forway to -1
14-10-17 22:35:29 [INFO] [OctoBans] ViRoCl punished pixel_cuboo for: Double Poste
14-10-17 22:36:03 [INFO] [OctoBans] ViRoCl punished bluegumsurytb for: Majuscule
14-10-17 22:36:20 [INFO] [OctoBans] sam_ytb sql checked, record: spammp by iPurple_ to -1
14-10-17 22:36:20 [INFO] [OctoBans] sam_ytb sql checked, record: spammp by drbrine to -1
14-10-17 22:36:20 [INFO] [OctoBans] sam_ytb sql checked, record: spammp by TheBrioche13 to -1
14-10-17 22:36:22 [INFO] [OctoBans] ViRoCl punished kywaz for: Double Poste
14-10-17 22:36:28 [INFO] [OctoBans] lolodu02 sql checked, record: spammp by iPurple_ to -1
14-10-17 22:36:37 [INFO] [OctoBans] _topui_ sql checked, record: spammp by Remil to -1
14-10-17 22:39:09 [INFO] [OctoBans] rednight_ sql checked, record: spammp by PseudoNul to -1
14-10-17 22:40:19 [INFO] [OctoBans] fflorian2004 sql checked, record: insultegrave by EGGSPLOSION to 1508015584
14-10-17 22:48:03 [INFO] [OctoBans] ViRoCl punished marvin53000 for: Fausses informations
14-10-17 22:49:11 [INFO] [OctoBans] ncs_pig sql checked, record: spammp by SmooKeur to -1
14-10-17 22:53:19 [INFO] [OctoBans] FiasK0 punished rectozzyt for: Spam/flood
14-10-17 22:53:53 [INFO] [OctoBans] 321cinimod sql checked, record: spammp by Remil to -1
14-10-17 22:56:05 [INFO] [OctoBans] grospvp sql checked, record: spammp by SmooKeur to -1
14-10-17 22:58:58 [INFO] [OctoBans] darkilleur63 sql checked, record: spammp by skhey to -1
14-10-17 23:01:48 [INFO] [OctoBans] FiasK0 punished diamantispvp for: Spam/flood
14-10-17 23:02:14 [INFO] [OctoBans] FiasK0 punished leonix60 for: Spam/flood
14-10-17 23:02:52 [INFO] [OctoBans] jojofaitdugaming sql checked, record: spammp by SuperJojo to -1
14-10-17 23:04:12 [INFO] [OctoBans] xx_volrod_xx sql checked, record: spam by TheBrioche13 to 1508070723
14-10-17 23:04:25 [INFO] [OctoBans] amgaming sql checked, record: spam by YTB_XxKarnageXx to 1508016204
14-10-17 23:05:36 [INFO] [OctoBans] asfyrun sql checked, record: spammp by drbrine to -1
14-10-17 23:05:39 [INFO] [OctoBans] zeynox sql checked, record: spammp by Remil to -1
14-10-17 23:06:55 [INFO] [OctoBans] NeyTox punished monloup for: Spam/flood
14-10-17 23:12:17 [INFO] [OctoBans] pepsicoca sql checked, record: spammp by Steph078 to -1
14-10-17 23:13:07 [INFO] [OctoBans] FiasK0 punished mrmafiasnow for: Spam/flood
14-10-17 23:15:11 [INFO] [OctoBans] FiasK0 punished darkilleur63 for: Spam/flood
14-10-17 23:16:07 [INFO] [OctoBans] FiasK0 punished marvin53000 for: Insulte staff
14-10-17 23:17:15 [INFO] [OctoBans] ViRoCl punished etann09 for: Spam/flood
14-10-17 23:19:37 [INFO] [OctoBans] robin1234 sql checked, record: spammp by Steph078 to -1
14-10-17 23:23:02 [INFO] [OctoBans] NeyTox punished nemixgg for: Spam/flood
14-10-17 23:30:05 [INFO] [OctoBans] _Hello_Kitty punished boblepoisonrouge for: Spam/flood
14-10-17 23:33:26 [INFO] [OctoBans] EGGSPLOSION punished skilzz_ for: Majuscule
14-10-17 23:34:21 [INFO] [OctoBans] denis018 sql checked, record: spammp by Remil to -1
14-10-17 23:34:55 [INFO] [OctoBans] demonzero22 sql checked, record: spammp by tinmar to -1
14-10-17 23:34:55 [INFO] [OctoBans] demonzero22 sql checked, record: spammp by Remil to -1
14-10-17 23:34:55 [INFO] [OctoBans] demonzero22 sql checked, record: spammp by Remil to -1
14-10-17 23:37:21 [INFO] [OctoBans] ViRoCl punished khali3 for: Spam/flood
14-10-17 23:42:53 [INFO] [OctoBans] EGGSPLOSION punished le_clodov2 for: Insulte grave
14-10-17 23:44:31 [INFO] [OctoBans] ktm125sx sql checked, record: spammp by Remil to -1
14-10-17 23:50:22 [INFO] [OctoBans] EGGSPLOSION punished makefader for: Spam/flood
14-10-17 23:51:21 [INFO] [OctoBans] EGGSPLOSION punished zeref_ytb for: Majuscule
14-10-17 23:51:57 [INFO] [OctoBans] EGGSPLOSION punished florian455 for: Majuscule
14-10-17 23:52:16 [INFO] [OctoBans] EGGSPLOSION punished misterblazing for: Insulte grave
14-10-17 23:53:25 [INFO] [OctoBans] EGGSPLOSION punished pika_ for: Double Poste
14-10-17 23:53:31 [INFO] [OctoBans] EGGSPLOSION punished pablo for: Double Poste
14-10-17 23:54:16 [INFO] [OctoBans] EGGSPLOSION punished by_kw3e for: Spam/flood
14-10-17 23:54:30 [INFO] [OctoBans] EGGSPLOSION punished bryansuryt for: Double Poste
15-10-17 00:02:17 [INFO] [OctoBans] weetiix sql checked, record: spammp by SmooKeur to -1
15-10-17 00:02:17 [INFO] [OctoBans] weetiix sql checked, record: spammp by SmooKeur to -1
15-10-17 00:07:26 [INFO] [OctoBans] NeyTox punished zoliooxx59 for: Spam/flood
15-10-17 00:10:38 [INFO] [OctoBans] swikey_ sql checked, record: spammp by Remil to -1
15-10-17 00:11:05 [INFO] [OctoBans] sam1 sql checked, record: spammp by Remil to -1
15-10-17 00:11:33 [INFO] [OctoBans] NeyTox punished erwan35 for: Spam/flood
15-10-17 00:12:41 [INFO] [OctoBans] EGGSPLOSION punished spiderman_ for: Spam/flood
15-10-17 00:12:52 [INFO] [OctoBans] lassa18 sql checked, record: spammp by Remil to -1
15-10-17 00:12:52 [INFO] [OctoBans] lassa18 sql checked, record: spammp by Remil to -1
15-10-17 00:12:52 [INFO] [OctoBans] lassa18 sql checked, record: spammp by iPurple_ to -1
15-10-17 00:14:52 [INFO] [OctoBans] EGGSPLOSION punished by_fly for: Spam/flood
15-10-17 00:15:12 [INFO] [OctoBans] EGGSPLOSION punished unnainportant for: Insulte
15-10-17 00:15:25 [INFO] [OctoBans] EGGSPLOSION punished leovanths for: Insulte grave
15-10-17 00:18:26 [INFO] [OctoBans] EGGSPLOSION punished icleanpvp_ for: Provocation
15-10-17 00:19:28 [INFO] [OctoBans] EGGSPLOSION punished didier for: Provocation
15-10-17 00:20:07 [INFO] [OctoBans] mamuka sql checked, record: spammp by Remil to -1
15-10-17 00:20:17 [INFO] [OctoBans] EGGSPLOSION punished hdiefox8323 for: Spam/flood
15-10-17 00:21:15 [INFO] [OctoBans] _Hello_Kitty punished bitarity for: Spam/flood
15-10-17 00:22:54 [INFO] [OctoBans] EGGSPLOSION punished zepek45 for: Double Poste
15-10-17 00:33:42 [INFO] [OctoBans] gamix_yt sql checked, record: spammp by tinmar to -1
15-10-17 00:33:42 [INFO] [OctoBans] gamix_yt sql checked, record: spammp by tinmar to -1
15-10-17 00:40:29 [INFO] [OctoBans] ViRoCl punished khali3 for: Spam/flood
15-10-17 00:43:25 [INFO] [OctoBans] FiasK0 punished wiltergas for: Spam/flood
15-10-17 00:43:33 [INFO] [OctoBans] FiasK0 punished champion974 for: Spam/flood
15-10-17 00:51:58 [INFO] [OctoBans] NeyTox punished fighter62 for: Spam/flood
15-10-17 01:01:10 [INFO] [OctoBans] NeyTox punished agentnono for: Majuscule
15-10-17 01:06:11 [INFO] [OctoBans] FiasK0 punished zepek45 for: Double Poste
15-10-17 01:06:24 [INFO] [OctoBans] FiasK0 punished nemixgg for: Spam/flood
15-10-17 01:06:25 [INFO] [OctoBans] ViRoCl punished raph0808 for: Insulte grave
15-10-17 01:06:54 [INFO] [OctoBans] FiasK0 punished didier for: Spam/flood
15-10-17 01:08:39 [INFO] [OctoBans] FiasK0 punished lassa18 for: Spam/flood
15-10-17 01:10:50 [INFO] [OctoBans] provaix punished raph0808 for: Provocation
15-10-17 01:13:15 [INFO] [OctoBans] NeyTox punished gbitch35 for: Spam/flood
15-10-17 01:14:46 [INFO] [OctoBans] FiasK0 punished wazhrod for: Insulte
15-10-17 01:16:03 [INFO] [OctoBans] NeyTox punished elgang10 for: Spam/flood
15-10-17 01:17:17 [INFO] [OctoBans] FiasK0 punished minethomthom24 for: Spam/flood
15-10-17 01:23:09 [INFO] [OctoBans] FiasK0 punished bygdady for: Spam/flood
15-10-17 01:24:20 [INFO] [OctoBans] FiasK0 punished zepek45 for: Spam/flood
15-10-17 01:29:58 [INFO] [OctoBans] FiasK0 punished denis018 for: Spam/flood
15-10-17 01:31:17 [INFO] [OctoBans] dodole1 sql checked, record: spammp by SuperJojo to -1
15-10-17 01:39:33 [INFO] [OctoBans] NeyTox punished tokyo for: Spam/flood
15-10-17 01:49:09 [INFO] [OctoBans] NeyTox punished thekiller200 for: Spam/flood
15-10-17 01:51:47 [INFO] [OctoBans] bigposay sql checked, record: floodmp by Forway to -1
15-10-17 01:54:32 [INFO] [OctoBans] bboy124 sql checked, record: spammp by Remil to -1
15-10-17 01:56:59 [INFO] [OctoBans] NeyTox punished dr_gladorak for: Insulte grave
15-10-17 01:58:14 [INFO] [OctoBans] NeyTox punished lempereurdusale for: Spam/flood
15-10-17 01:58:38 [INFO] [OctoBans] FiasK0 punished ededed81 for: Spam/flood
15-10-17 02:01:54 [INFO] [OctoBans] FiasK0 punished gangstardu59 for: Fausses informations
15-10-17 02:05:24 [INFO] [OctoBans] FiasK0 punished fertus for: Spam/flood
15-10-17 02:05:55 [INFO] [OctoBans] FiasK0 punished wiitrokz_ for: Spam/flood
15-10-17 02:18:40 [INFO] [OctoBans] superb3b3 sql checked, record: spammp by Remil to -1
15-10-17 02:18:40 [INFO] [OctoBans] superb3b3 sql checked, record: spammp by Remil to -1
15-10-17 02:18:40 [INFO] [OctoBans] superb3b3 sql checked, record: insultestaff by TheBrioche13 to 1508115450
15-10-17 02:18:40 [INFO] [OctoBans] superb3b3 sql checked, record: insultestaff by TheBrioche13 to 1508151480
15-10-17 02:18:58 [INFO] [OctoBans] chatgaming sql checked, record: faussesinfos by FiasK0 to 1508027543
15-10-17 02:32:50 [INFO] [OctoBans] FiasK0 punished elgang10 for: Fausses informations
15-10-17 02:34:22 [INFO] [OctoBans] FiasK0 punished ytboctalio for: Spam/flood
15-10-17 02:37:43 [INFO] [OctoBans] aldorbest sql checked, record: kickautre by Steph078 to -1
15-10-17 02:37:43 [INFO] [OctoBans] aldorbest sql checked, record: floodmp by Forway to -1
15-10-17 02:42:48 [INFO] [OctoBans] FiasK0 punished malarwizard56 for: Spam/flood
15-10-17 02:59:59 [INFO] [OctoBans] karlwill sql checked, record: spammp by Remil to -1
15-10-17 02:59:59 [INFO] [OctoBans] karlwill sql checked, record: spammp by YTB_XxKarnageXx to -1
15-10-17 03:11:27 [INFO] [OctoBans] FiasK0 punished superb3b3 for: Spam/flood
15-10-17 03:17:00 [INFO] [OctoBans] dodole1e sql checked, record: spammp by drbrine to -1
15-10-17 03:17:00 [INFO] [OctoBans] dodole1e sql checked, record: spammp by PseudoNul to -1
15-10-17 03:43:45 [INFO] [OctoBans] FiasK0 punished xx_biom_xx for: Spam/flood
15-10-17 04:10:09 [INFO] [OctoBans] blackwhite010 sql checked, record: spammp by Steph078 to -1
15-10-17 04:52:10 [INFO] [OctoBans] axelpas sql checked, record: spammp by SmooKeur to -1
15-10-17 06:01:01 [INFO] [OctoBans] Disabling OctoBans v1.0
