30-10-17 22:31:42 [INFO] [OctoBans] File Handler successfully initialized!
30-10-17 22:31:42 [INFO] [OctoBans] SQL connection successfully etablished
30-10-17 22:31:42 [INFO] [OctoBans] Moderator Tools by Octonia.
30-10-17 22:31:47 [INFO] [OctoBans] pvp_thibaut_pvp sql checked, record: spammp by tinmar to -1
30-10-17 22:31:47 [INFO] [OctoBans] gameurdumsk sql checked, record: spammp by SkillBOotiiS to -1
30-10-17 22:31:47 [INFO] [OctoBans] gameurdumsk sql checked, record: spammp by SkillBOotiiS to -1
30-10-17 22:31:47 [INFO] [OctoBans] kyfox sql checked, record: pubyt by tinmar to 1509399889
30-10-17 22:31:47 [INFO] [OctoBans] _guigui_ sql checked, record: spammp by Remil to -1
30-10-17 22:31:47 [INFO] [OctoBans] xxjujuxx sql checked, record: spammp by woimant to -1
30-10-17 22:31:47 [INFO] [OctoBans] skyzer sql checked, record: doubleposte by LaKitaw to 1509399122
30-10-17 22:31:47 [INFO] [OctoBans] feedtested_ sql checked, record: provocation by LaKitaw to 1509399111
30-10-17 22:31:47 [INFO] [OctoBans] mortroi sql checked, record: spammp by Antoine57565 to -1
30-10-17 22:31:47 [INFO] [OctoBans] marseillekalash sql checked, record: insultegrave by SmooKeur to 1509445359
30-10-17 22:31:47 [INFO] [OctoBans] marseillekalash sql checked, record: spammp by SmooKeur to -1
30-10-17 22:31:47 [INFO] [OctoBans] maxoupvp sql checked, record: spammp by LeRe to -1
30-10-17 22:31:47 [INFO] [OctoBans] hkz_skillon sql checked, record: insulte by YTB_XxKarnageXx to 1509403829
30-10-17 22:31:47 [INFO] [OctoBans] ludo63 sql checked, record: spammp by YTB_XxKarnageXx to -1
30-10-17 22:31:47 [INFO] [OctoBans] _theodu13_ sql checked, record: spammp by FiasK0 to -1
30-10-17 22:31:47 [INFO] [OctoBans] _theodu13_ sql checked, record: spammp by SmooKeur to -1
30-10-17 22:31:47 [INFO] [OctoBans] _theodu13_ sql checked, record: homophobie by FiasK0 to 1509403339
30-10-17 22:31:48 [INFO] [OctoBans] zlkayzen sql checked, record: provocation by SmooKeur to 1509403200
30-10-17 22:31:49 [INFO] [OctoBans] pioupiou2003 sql checked, record: provocation by YTB_XxKarnageXx to 1509399531
30-10-17 22:31:53 [INFO] [OctoBans] idreyzen sql checked, record: spammp by SkillBOotiiS to -1
30-10-17 22:31:57 [INFO] [OctoBans] deniz sql checked, record: spammp by SmooKeur to -1
30-10-17 22:31:58 [INFO] [OctoBans] lakitaw sql checked, record: spammp by Zoseq to -1
30-10-17 22:32:04 [INFO] [OctoBans] t_rex_du_10 sql checked, record: insultestaff by YTB_XxKarnageXx to 1509414387
30-10-17 22:32:06 [INFO] [OctoBans] xxsubxx sql checked, record: spammp by Remil to -1
30-10-17 22:32:07 [INFO] [OctoBans] theorangekiller sql checked, record: spammp by Gamer09 to -1
30-10-17 22:32:09 [INFO] [OctoBans] snoxx_ sql checked, record: spammp by Kyabe to -1
30-10-17 22:32:09 [INFO] [OctoBans] snoxx_ sql checked, record: spammp by Zoseq to -1
30-10-17 22:32:09 [INFO] [OctoBans] snoxx_ sql checked, record: spammp by tinmar to -1
30-10-17 22:32:09 [INFO] [OctoBans] snoxx_ sql checked, record: spammp by tinmar to -1
30-10-17 22:32:10 [INFO] [OctoBans] lassa18 sql checked, record: pubsrv by LeRe to 1509400382
30-10-17 22:32:11 [INFO] [OctoBans] blackdark123 sql checked, record: spammp by SmooKeur to -1
30-10-17 22:32:11 [INFO] [OctoBans] blackdark123 sql checked, record: homophobie by FiasK0 to 1509403347
30-10-17 22:32:12 [INFO] [OctoBans] pvp_pro sql checked, record: incitationflood by YTB_XxKarnageXx to 1509455163
30-10-17 22:32:17 [INFO] [OctoBans] kendacgaming sql checked, record: spam by ToXiCz_TV to 1509401092
30-10-17 22:32:17 [INFO] [OctoBans] sqkaa_ sql checked, record: spammp by Remil to -1
30-10-17 22:32:17 [INFO] [OctoBans] sqkaa_ sql checked, record: spammp by Remil to -1
30-10-17 22:32:17 [INFO] [OctoBans] sqkaa_ sql checked, record: spammp by Remil to -1
30-10-17 22:32:19 [INFO] [OctoBans] zeynox sql checked, record: spammp by Zayrox29 to -1
30-10-17 22:32:19 [INFO] [OctoBans] zeynox sql checked, record: spammp by Zoseq to -1
30-10-17 22:32:25 [INFO] [OctoBans] SkillBOotiiS punished boubou37 for: Double Poste
30-10-17 22:32:26 [INFO] [OctoBans] nastu2727 sql checked, record: spammp by Remil to -1
30-10-17 22:32:26 [INFO] [OctoBans] yayan sql checked, record: spammp by Zoseq to -1
30-10-17 22:32:29 [INFO] [OctoBans] minethuglife sql checked, record: spammp by ToXiCz_TV to -1
30-10-17 22:32:30 [INFO] [OctoBans] hypnoss sql checked, record: insultegrave by NiceFR to 1509400324
30-10-17 22:32:30 [INFO] [OctoBans] simyasuoplayer sql checked, record: insultesrv by ToXiCz_TV to 1509411209
30-10-17 22:32:30 [INFO] [OctoBans] simyasuoplayer sql checked, record: spammp by ToXiCz_TV to -1
30-10-17 22:32:30 [INFO] [OctoBans] simyasuoplayer sql checked, record: spammp by ToXiCz_TV to -1
30-10-17 22:32:33 [INFO] [OctoBans] deeprodole sql checked, record: spammp by Zayrox29 to -1
30-10-17 22:32:33 [INFO] [OctoBans] deeprodole sql checked, record: spammp by Zayrox29 to -1
30-10-17 22:32:34 [INFO] [OctoBans] flix39 sql checked, record: insulte by LeRe to 1509399621
30-10-17 22:32:51 [INFO] [OctoBans] unnainportant sql checked, record: spammp by Spovly to -1
30-10-17 22:32:59 [INFO] [OctoBans] skyizi91 sql checked, record: spammp by MisterBlazing to -1
30-10-17 22:32:59 [INFO] [OctoBans] skyizi91 sql checked, record: spammp by Zoseq to -1
30-10-17 22:33:00 [INFO] [OctoBans] meven789 sql checked, record: spammp by LeRe to -1
30-10-17 22:33:00 [INFO] [OctoBans] meven789 sql checked, record: incitationflood by tinmar to 1509476616
30-10-17 22:33:02 [INFO] [OctoBans] roxkillerz sql checked, record: spammp by Zoseq to -1
30-10-17 22:33:02 [INFO] [OctoBans] roxkillerz sql checked, record: spammp by Zoseq to -1
30-10-17 22:33:04 [INFO] [OctoBans] xx_volrod_xx sql checked, record: spammp by Spovly to -1
30-10-17 22:33:04 [INFO] [OctoBans] xx_volrod_xx sql checked, record: spammp by Spovly to -1
30-10-17 22:33:04 [INFO] [OctoBans] xx_volrod_xx sql checked, record: spammp by The_Frusty to -1
30-10-17 22:33:04 [INFO] [OctoBans] xx_volrod_xx sql checked, record: spammp by The_Frusty to -1
30-10-17 22:33:04 [INFO] [OctoBans] xx_volrod_xx sql checked, record: spammp by The_Frusty to -1
30-10-17 22:33:04 [INFO] [OctoBans] xx_volrod_xx sql checked, record: spammp by Spovly to -1
30-10-17 22:33:13 [INFO] [OctoBans] the_slash sql checked, record: spam by LaKitaw to 1509406960
30-10-17 22:34:40 [INFO] [OctoBans] gameplayze_ sql checked, record: insulte by SkillBOotiiS to 1509406150
30-10-17 22:36:20 [INFO] [OctoBans] NeyTox punished biiper_ for: Insulte grave
30-10-17 22:36:52 [INFO] [OctoBans] LaKitaw punished f0cus_pvp for: Provocation
30-10-17 22:38:30 [INFO] [OctoBans] SkillBOotiiS punished darkx62 for: Insulte grave
30-10-17 22:38:33 [INFO] [OctoBans] fezzy13 sql checked, record: spammp by skhey to -1
30-10-17 22:38:37 [INFO] [OctoBans] bardaxx_ sql checked, record: pubyt by Zayrox29 to 1509400061
30-10-17 22:38:38 [INFO] [OctoBans] jibuse sql checked, record: spammp by ToXiCz_TV to -1
30-10-17 22:39:00 [INFO] [OctoBans] jesuislepepsi sql checked, record: incitationflood by LaKitaw to 1509476623
30-10-17 22:39:25 [INFO] [OctoBans] Zayrox29 punished elie5626 for: Insulte grave
30-10-17 22:39:59 [INFO] [OctoBans] blocwither21 sql checked, record: spam by YTB_XxKarnageXx to 1509408614
30-10-17 22:40:23 [INFO] [OctoBans] NeyTox punished bydriz for: Double Poste
30-10-17 22:40:57 [INFO] [OctoBans] LaKitaw punished darkaz for: Spam/flood
30-10-17 22:42:23 [INFO] [OctoBans] NeyTox punished mega_fuzion for: Double Poste
30-10-17 22:43:38 [INFO] [OctoBans] luchat25 sql checked, record: insultegrave by LaKitaw to 1509426177
30-10-17 22:43:38 [INFO] [OctoBans] luchat25 sql checked, record: spammp by LaKitaw to -1
30-10-17 22:43:38 [INFO] [OctoBans] luchat25 sql checked, record: spammp by LaKitaw to -1
30-10-17 22:43:57 [INFO] [OctoBans] shimo_ sql checked, record: spammp by LaKitaw to -1
30-10-17 22:45:58 [INFO] [OctoBans] LaKitaw punished malik31 for: Double Poste
30-10-17 22:46:40 [INFO] [OctoBans] LaKitaw punished minexadamxmine for: Provocation
30-10-17 22:47:02 [INFO] [OctoBans] amgaming sql checked, record: spammp by woimant to -1
30-10-17 22:47:50 [INFO] [OctoBans] p0ussin71 sql checked, record: insultegrave by LaKitaw to 1509426020
30-10-17 22:49:43 [INFO] [OctoBans] totototo11 sql checked, record: spammp by LaKitaw to -1
30-10-17 22:50:03 [INFO] [OctoBans] mrkebab sql checked, record: spammp by tinmar to -1
30-10-17 22:50:03 [INFO] [OctoBans] mrkebab sql checked, record: spammp by NeyTox to -1
30-10-17 22:52:02 [INFO] [OctoBans] le_clodov2 sql checked, record: tpkill by FiasK0 to 1509404674
30-10-17 22:53:02 [INFO] [OctoBans] NeyTox punished travis500 for: Double Poste
30-10-17 22:53:07 [INFO] [OctoBans] widglitcher_yt sql checked, record: spammp by FiasK0 to -1
30-10-17 22:54:01 [INFO] [OctoBans] algorskis_yt sql checked, record: insultegrave by YTB_XxKarnageXx to 1509539756
30-10-17 22:54:12 [INFO] [OctoBans] swartek sql checked, record: menacehack by YTB_XxKarnageXx to 1509551306
30-10-17 22:55:09 [INFO] [OctoBans] zemagikdbz sql checked, record: tpkill by Gamer09 to 1509462738
30-10-17 22:56:46 [INFO] [OctoBans] LaKitaw punished efepvp for: Double Poste
30-10-17 22:57:25 [INFO] [OctoBans] LaKitaw punished adam_tm for: Double Poste
30-10-17 22:57:41 [INFO] [OctoBans] millardm punished feloxx for: Publicité Youtubeur
30-10-17 22:58:55 [INFO] [OctoBans] NeyTox punished lolfoufou for: Double Poste
30-10-17 22:59:28 [INFO] [OctoBans] NeyTox punished destroideur_424 for: Double Poste
30-10-17 23:03:19 [INFO] [OctoBans] NeyTox punished myblox for: Double Poste
30-10-17 23:03:29 [INFO] [OctoBans] jtemangeenshort sql checked, record: faussesinfos by YTB_XxKarnageXx to 1509484870
30-10-17 23:07:02 [INFO] [OctoBans] SkillBOotiiS punished fabio for: Double Poste
30-10-17 23:11:08 [INFO] [OctoBans] SmooKeur punished wilson84 for: TpKill
30-10-17 23:12:34 [INFO] [OctoBans] kikoo53000 sql checked, record: insultegrave by ToXiCz_TV to 1509416298
30-10-17 23:12:34 [INFO] [OctoBans] kikoo53000 sql checked, record: spammp by ToXiCz_TV to -1
30-10-17 23:14:15 [INFO] [OctoBans] xeleke_ sql checked, record: insultegrave by Antoine57565 to 1509422876
30-10-17 23:15:26 [INFO] [OctoBans] prestoweed sql checked, record: tpkill by FiasK0 to 1509404717
30-10-17 23:15:33 [INFO] [OctoBans] norgonz sql checked, record: spammp by SkyKosIV to -1
30-10-17 23:16:54 [INFO] [OctoBans] NeyTox punished azoxfr_yt for: Double Poste
30-10-17 23:22:07 [INFO] [OctoBans] NeyTox punished neeptune for: Double Poste
30-10-17 23:23:35 [INFO] [OctoBans] SmooKeur punished marops for: Spam/flood
30-10-17 23:26:13 [INFO] [OctoBans] millardm punished fractayan for: Double Poste
30-10-17 23:28:03 [INFO] [OctoBans] Zayrox29 punished nxt for: Double Poste
30-10-17 23:28:15 [INFO] [OctoBans] Zayrox29 punished nizarusmoi for: Double Poste
30-10-17 23:28:35 [INFO] [OctoBans] SmooKeur punished zlkayzen for: Spam/flood en MP
30-10-17 23:30:11 [INFO] [OctoBans] NeyTox punished alexisdu59 for: Spam/flood
30-10-17 23:30:24 [INFO] [OctoBans] NeyTox punished mpc_azubal for: Double Poste
30-10-17 23:32:37 [INFO] [OctoBans] _dragibus_ sql checked, record: spammp by FiasK0 to -1
30-10-17 23:36:47 [INFO] [OctoBans] magi_fragz_yt sql checked, record: spammp by LeRe to -1
30-10-17 23:37:40 [INFO] [OctoBans] Zayrox29 punished yoyo68 for: Double Poste
30-10-17 23:38:15 [INFO] [OctoBans] Zayrox29 punished gaydron699 for: Double Poste
30-10-17 23:38:19 [INFO] [OctoBans] Zayrox29 punished letskins for: Provocation
30-10-17 23:38:26 [INFO] [OctoBans] Zayrox29 punished reborncreep for: Provocation
30-10-17 23:39:04 [INFO] [OctoBans] Zayrox29 punished fabio for: Provocation
30-10-17 23:40:15 [INFO] [OctoBans] Zayrox29 punished wolfyx_yt for: Double Poste
30-10-17 23:40:21 [INFO] [OctoBans] Zayrox29 punished shimo_ for: Provocation
30-10-17 23:40:51 [INFO] [OctoBans] Zayrox29 punished virtl_skymodz for: Provocation
30-10-17 23:42:27 [INFO] [OctoBans] elgang10 sql checked, record: spammp by Antoine57565 to -1
30-10-17 23:42:41 [INFO] [OctoBans] Zayrox29 punished boubou37 for: Provocation
30-10-17 23:44:58 [INFO] [OctoBans] SmooKeur punished zlkayzen for: Provocation
30-10-17 23:46:43 [INFO] [OctoBans] SmooKeur punished _zeylox_ for: Majuscule
30-10-17 23:49:10 [INFO] [OctoBans] iharibozz sql checked, record: insultegrave by NeyTox to 1509405185
30-10-17 23:51:50 [INFO] [OctoBans] Zayrox29 punished frictionxd for: Double Poste
30-10-17 23:53:48 [INFO] [OctoBans] Kyabe punished homer_la_victime for: Insulte
30-10-17 23:59:14 [INFO] [OctoBans] Antoine57565 punished _avirox for: Majuscule
31-10-17 00:00:00 [INFO] [OctoBans] Antoine57565 punished cantaloupe_kun for: Double Poste
31-10-17 00:01:07 [INFO] [OctoBans] zoseq sql checked, record: spammp by LeRe to -1
31-10-17 00:04:43 [INFO] [OctoBans] Zoseq punished biwux1 for: Spam/flood
31-10-17 00:13:26 [INFO] [OctoBans] LeRe punished weackzz for: Spam/flood
31-10-17 00:13:40 [INFO] [OctoBans] Zayrox29 punished _jtebifle_ for: Provocation
31-10-17 00:16:04 [INFO] [OctoBans] NeyTox punished cantaloupe_kun for: Double Poste
31-10-17 00:19:10 [INFO] [OctoBans] Zayrox29 punished skyizi91 for: Provocation
31-10-17 00:23:21 [INFO] [OctoBans] aexraptorz sql checked, record: spammp by Remil to -1
31-10-17 00:26:21 [INFO] [OctoBans] superb3b3 sql checked, record: spammp by Evolze to -1
31-10-17 00:26:21 [INFO] [OctoBans] superb3b3 sql checked, record: spammp by Evolze to -1
31-10-17 00:31:58 [INFO] [OctoBans] Zayrox29 punished coleosse for: Spam/flood
31-10-17 00:32:09 [INFO] [OctoBans] Zayrox29 punished koaki for: Insulte grave
31-10-17 00:39:44 [INFO] [OctoBans] Zayrox29 punished skyizi91 for: Double Poste
31-10-17 00:51:46 [INFO] [OctoBans] Zayrox29 punished imdylan for: Provocation
31-10-17 00:53:21 [INFO] [OctoBans] Zayrox29 punished akenosan for: Insulte
31-10-17 00:58:52 [INFO] [OctoBans] Zayrox29 punished sliide_ for: Insulte
31-10-17 00:59:01 [INFO] [OctoBans] Zayrox29 punished random13 for: Double Poste
31-10-17 00:59:47 [INFO] [OctoBans] Zayrox29 punished tony13140 for: Insulte grave
31-10-17 01:01:08 [INFO] [OctoBans] Zayrox29 punished brookdu81 for: Double Poste
31-10-17 01:03:21 [INFO] [OctoBans] Zayrox29 punished wolfganh for: Insulte grave
31-10-17 01:12:14 [INFO] [OctoBans] mocration24 sql checked, record: spammp by LeRe to -1
31-10-17 01:13:33 [INFO] [OctoBans] Zayrox29 punished jamsson_ for: Provocation
31-10-17 01:13:41 [INFO] [OctoBans] Zayrox29 punished toranek for: Provocation
31-10-17 01:31:28 [INFO] [OctoBans] Remil punished killerboydu13 for: Majuscule
31-10-17 01:37:28 [INFO] [OctoBans] Remil punished reborncreep for: Provocation
31-10-17 01:39:32 [INFO] [OctoBans] NeyTox punished dorian4484 for: Double Poste
31-10-17 02:07:32 [INFO] [OctoBans] NeyTox punished imperator122 for: Double Poste
31-10-17 02:13:19 [INFO] [OctoBans] NeyTox punished boubou37 for: Double Poste
31-10-17 02:41:25 [INFO] [OctoBans] Remil punished mamadou33 for: Spam/flood
31-10-17 03:00:29 [INFO] [OctoBans] Remil punished schehrliam for: Double Poste
31-10-17 03:01:25 [INFO] [OctoBans] Remil punished iuozoi for: Langage incorrect
31-10-17 03:24:42 [INFO] [OctoBans] NeyTox punished iuozoi for: Insulte grave
31-10-17 03:25:40 [INFO] [OctoBans] NeyTox punished weezy for: Provocation
31-10-17 03:31:22 [INFO] [OctoBans] NeyTox punished thomas62200 for: Provocation
31-10-17 03:33:12 [INFO] [OctoBans] NeyTox punished gameurdumsk for: Insulte
31-10-17 03:34:00 [INFO] [OctoBans] NeyTox punished gameurdumsk for: Spam/flood en MP
31-10-17 03:35:50 [INFO] [OctoBans] Remil punished gameurdumsk for: Incitation au flood
31-10-17 03:43:35 [INFO] [OctoBans] NeyTox punished molotof for: Insulte
31-10-17 04:43:45 [INFO] [OctoBans] NeyTox punished foxpoxy for: Double Poste
31-10-17 05:07:40 [INFO] [OctoBans] NeyTox punished pepedjo for: Double Poste
31-10-17 06:01:01 [INFO] [OctoBans] Disabling OctoBans v1.0
