29-09-17 22:31:43 [INFO] [OctoBans] File Handler successfully initialized!
29-09-17 22:31:43 [INFO] [OctoBans] SQL connection successfully etablished
29-09-17 22:31:43 [INFO] [OctoBans] Moderator Tools by Octonia.
29-09-17 22:31:49 [INFO] [OctoBans] mryacine59 sql checked, record: insultegrave by _Hello_Kitty to 1506752359
29-09-17 22:31:56 [INFO] [OctoBans] derpik sql checked, record: spammp by Remil to -1
29-09-17 22:31:56 [INFO] [OctoBans] derpik sql checked, record: floodmp by Forway to -1
29-09-17 22:32:03 [INFO] [OctoBans] nolaninomc sql checked, record: spammp by SmooKeur to -1
29-09-17 22:32:05 [INFO] [OctoBans] ktm125sx sql checked, record: spammp by Remil to -1
29-09-17 22:32:17 [INFO] [OctoBans] _theodu13_ sql checked, record: spammp by Remil to -1
29-09-17 22:32:17 [INFO] [OctoBans] _theodu13_ sql checked, record: flood by _Hello_Kitty to 1506727523
29-09-17 22:32:24 [INFO] [OctoBans] tib97 sql checked, record: spammp by Remil to -1
29-09-17 22:32:24 [INFO] [OctoBans] tib97 sql checked, record: spammp by Remil to -1
29-09-17 22:32:24 [INFO] [OctoBans] tib97 sql checked, record: spammp by Remil to -1
29-09-17 22:32:24 [INFO] [OctoBans] tib97 sql checked, record: spammp by Remil to -1
29-09-17 22:32:30 [INFO] [OctoBans] jeanpierredu025 sql checked, record: majuscule by EGGSPLOSION to 1506719510
29-09-17 22:32:33 [INFO] [OctoBans] karlwill sql checked, record: spammp by Remil to -1
29-09-17 22:32:33 [INFO] [OctoBans] karlwill sql checked, record: spammp by YTB_XxKarnageXx to -1
29-09-17 22:33:06 [INFO] [OctoBans] lahou_pvp57 sql checked, record: doubleposte by EGGSPLOSION to 1506718029
29-09-17 22:33:57 [INFO] [OctoBans] xx_volrod_xx sql checked, record: spam by YTB_XxKarnageXx to 1506766496
29-09-17 22:34:05 [INFO] [OctoBans] thegost sql checked, record: spammp by Remil to -1
29-09-17 22:34:05 [INFO] [OctoBans] thegost sql checked, record: insultesrv by TheBrioche13 to 1506725544
29-09-17 22:37:36 [INFO] [OctoBans] EGGSPLOSION punished karibo127 for: Provocation
29-09-17 22:39:08 [INFO] [OctoBans] NeyTox punished lulusovich for: Double Poste
29-09-17 22:43:47 [INFO] [OctoBans] NeyTox punished tib97 for: Double Poste
29-09-17 22:44:12 [INFO] [OctoBans] moule_frite sql checked, record: insultegrave by YTB_XxKarnageXx to 1506784142
29-09-17 22:46:35 [INFO] [OctoBans] chromaaa_ sql checked, record: spammp by Steph078 to -1
29-09-17 22:46:35 [INFO] [OctoBans] chromaaa_ sql checked, record: spammp by tinmar to -1
29-09-17 22:46:48 [INFO] [OctoBans] manydelrayoss sql checked, record: racism by _Hello_Kitty to 1506803215
29-09-17 22:48:33 [INFO] [OctoBans] misterblazing sql checked, record: insultegrave by FiasK0 to 1506814530
29-09-17 22:49:38 [INFO] [OctoBans] blackwhite010 sql checked, record: spammp by Steph078 to -1
29-09-17 22:50:25 [INFO] [OctoBans] vietez sql checked, record: doubleposte by NeyTox to 1506720703
29-09-17 22:53:01 [INFO] [OctoBans] swikey_ sql checked, record: spammp by Remil to -1
29-09-17 22:53:35 [INFO] [OctoBans] EGGSPLOSION punished theohand for: Insulte grave
29-09-17 22:53:48 [INFO] [OctoBans] EGGSPLOSION punished felico81 for: Provocation
29-09-17 22:54:20 [INFO] [OctoBans] EGGSPLOSION punished mrkillerdu16 for: Double Poste
29-09-17 22:55:38 [INFO] [OctoBans] EGGSPLOSION punished sinsay_ for: Langage incorrect
29-09-17 22:56:29 [INFO] [OctoBans] Kyabe punished matkiller_ for: Double Poste
29-09-17 22:58:44 [INFO] [OctoBans] ededed91 sql checked, record: spammp by SkyKosIV to -1
29-09-17 22:58:44 [INFO] [OctoBans] ededed91 sql checked, record: spammp by Remil to -1
29-09-17 22:59:18 [INFO] [OctoBans] EGGSPLOSION punished iful for: Double Poste
29-09-17 23:00:18 [INFO] [OctoBans] Kyabe punished blackwhite010 for: Majuscule
29-09-17 23:02:16 [INFO] [OctoBans] Kyabe punished swikey_ for: Insulte grave
29-09-17 23:02:24 [INFO] [OctoBans] EGGSPLOSION punished le_pepe for: Insulte grave
29-09-17 23:03:15 [INFO] [OctoBans] la_banane sql checked, record: langage by EGGSPLOSION to 1506719413
29-09-17 23:04:55 [INFO] [OctoBans] woimant punished benji22 for: Majuscule
29-09-17 23:07:28 [INFO] [OctoBans] woimant punished kayzun_exe for: Double Poste
29-09-17 23:08:08 [INFO] [OctoBans] woimant punished osmanlitorunu for: Insulte grave
29-09-17 23:08:29 [INFO] [OctoBans] woimant punished derpik for: Double Poste
29-09-17 23:08:39 [INFO] [OctoBans] woimant punished lahou_pvp57 for: Double Poste
29-09-17 23:13:17 [INFO] [OctoBans] NeyTox punished raph0808 for: Racisme
29-09-17 23:13:22 [INFO] [OctoBans] NeyTox punished ezyxe for: Spam/flood
29-09-17 23:14:55 [INFO] [OctoBans] woimant punished unnainportant for: Majuscule
29-09-17 23:15:24 [INFO] [OctoBans] woimant punished dan1223 for: Majuscule
29-09-17 23:15:34 [INFO] [OctoBans] woimant punished max77390 for: Majuscule
29-09-17 23:16:53 [INFO] [OctoBans] woimant punished chasseurdelapx for: Double Poste
29-09-17 23:19:20 [INFO] [OctoBans] totodu91 sql checked, record: tpkill by YTB_XxKarnageXx to 1506799516
29-09-17 23:19:31 [INFO] [OctoBans] selim45 sql checked, record: spammp by ZerKup to -1
29-09-17 23:20:08 [INFO] [OctoBans] zeynox sql checked, record: spammp by Remil to -1
29-09-17 23:21:07 [INFO] [OctoBans] woimant punished samsam357 for: Racisme
29-09-17 23:22:01 [INFO] [OctoBans] woimant punished aa12 for: Spam/flood
29-09-17 23:23:45 [INFO] [OctoBans] woimant punished _theodu13_ for: Racisme
29-09-17 23:23:46 [INFO] [OctoBans] karibo127 sql checked, record: provocation by EGGSPLOSION to 1506721356
29-09-17 23:23:53 [INFO] [OctoBans] woimant punished fireprod for: Langage incorrect
29-09-17 23:26:36 [INFO] [OctoBans] NeyTox punished vagosts for: Insulte grave
29-09-17 23:28:53 [INFO] [OctoBans] handek_aux_cheat sql checked, record: spammp by Remil to -1
29-09-17 23:32:20 [INFO] [OctoBans] woimant punished lethugdu46hugdu46 for: Langage incorrect
29-09-17 23:33:54 [INFO] [OctoBans] gamix_yt sql checked, record: spammp by tinmar to -1
29-09-17 23:33:54 [INFO] [OctoBans] gamix_yt sql checked, record: spammp by tinmar to -1
29-09-17 23:33:54 [INFO] [OctoBans] gamix_yt sql checked, record: insultegrave by YTB_XxKarnageXx to 1507092420
29-09-17 23:34:10 [INFO] [OctoBans] NeyTox punished zeynox for: Insulte grave
29-09-17 23:34:19 [INFO] [OctoBans] NeyTox punished lethugdu46 for: Spam/flood
29-09-17 23:37:23 [INFO] [OctoBans] _theodu13_ sql checked, record: spammp by Remil to -1
29-09-17 23:37:23 [INFO] [OctoBans] _theodu13_ sql checked, record: flood by _Hello_Kitty to 1506727523
29-09-17 23:37:23 [INFO] [OctoBans] _theodu13_ sql checked, record: racism by woimant to 1506806625
29-09-17 23:37:27 [INFO] [OctoBans] Remil punished sosodidi for: Spam/flood
29-09-17 23:38:08 [INFO] [OctoBans] lethugdu46 sql checked, record: spam by NeyTox to 1506742459
29-09-17 23:39:10 [INFO] [OctoBans] Remil punished lethugdu46 for: Spam/flood en MP
29-09-17 23:39:25 [INFO] [OctoBans] Remil punished zeynox for: Menace de hack
29-09-17 23:39:30 [INFO] [OctoBans] Remil punished sosodidi for: Menace de hack
29-09-17 23:39:35 [INFO] [OctoBans] tt1011 sql checked, record: spammp by YTB_XxKarnageXx to -1
29-09-17 23:39:35 [INFO] [OctoBans] tt1011 sql checked, record: spammp by YTB_XxKarnageXx to -1
29-09-17 23:39:35 [INFO] [OctoBans] tt1011 sql checked, record: spammp by SuperJojo to -1
29-09-17 23:39:35 [INFO] [OctoBans] tt1011 sql checked, record: spammp by SuperJojo to -1
29-09-17 23:39:54 [INFO] [OctoBans] EGGSPLOSION punished sonice2 for: Spam/flood
29-09-17 23:41:07 [INFO] [OctoBans] EGGSPLOSION punished _zerosucre_ for: Double Poste
29-09-17 23:44:13 [INFO] [OctoBans] EGGSPLOSION punished octo67 for: Double Poste
29-09-17 23:45:05 [INFO] [OctoBans] woimant punished la_banane for: Langage incorrect
29-09-17 23:45:10 [INFO] [OctoBans] woimant punished rektenclaquette for: Langage incorrect
29-09-17 23:46:24 [INFO] [OctoBans] fiask0 sql checked, record: floodmp by Forway to -1
29-09-17 23:47:09 [INFO] [OctoBans] woimant punished heineken for: Incitation au flood
29-09-17 23:47:56 [INFO] [OctoBans] woimant punished unnainportant for: Langage incorrect
29-09-17 23:48:59 [INFO] [OctoBans] FiasK0 punished karibo127 for: Incitation au flood
29-09-17 23:53:45 [INFO] [OctoBans] FiasK0 punished xnero for: Double Poste
29-09-17 23:59:30 [INFO] [OctoBans] NeyTox punished fireprod for: Majuscule
30-09-17 00:00:19 [INFO] [OctoBans] NeyTox punished gbox66 for: Double Poste
30-09-17 00:01:28 [INFO] [OctoBans] whitstar sql checked, record: spammp by Remil to -1
30-09-17 00:04:04 [INFO] [OctoBans] woimant punished karlwill for: Langage incorrect
30-09-17 00:04:20 [INFO] [OctoBans] woimant punished ededed81 for: Spam/flood
30-09-17 00:05:25 [INFO] [OctoBans] woimant punished papyvenger for: Langage incorrect
30-09-17 00:05:37 [INFO] [OctoBans] woimant punished bouledeneige for: Langage incorrect
30-09-17 00:05:43 [INFO] [OctoBans] woimant punished gameur827 for: Langage incorrect
30-09-17 00:08:40 [INFO] [OctoBans] woimant punished aparia for: Double Poste
30-09-17 00:10:10 [INFO] [OctoBans] Remil punished mryacine59 for: Spam/flood en MP
30-09-17 00:14:43 [INFO] [OctoBans] mabilou29 sql checked, record: spammp by SnowEffect to -1
30-09-17 00:14:43 [INFO] [OctoBans] mabilou29 sql checked, record: spammp by SnowEffect to -1
30-09-17 00:17:05 [INFO] [OctoBans] tokyo sql checked, record: spammp by SnowEffect to -1
30-09-17 00:17:35 [INFO] [OctoBans] alexisdu59 sql checked, record: spammp by Remil to -1
30-09-17 00:18:11 [INFO] [OctoBans] FiasK0 punished tt1011 for: Provocation
30-09-17 00:21:06 [INFO] [OctoBans] hkz_skillon sql checked, record: spammp by Remil to -1
30-09-17 00:24:06 [INFO] [OctoBans] diablotin sql checked, record: spammp by SuperJojo to -1
30-09-17 00:50:00 [INFO] [OctoBans] vagosts sql checked, record: insultegrave by NeyTox to 1507116396
30-09-17 01:04:45 [INFO] [OctoBans] superb3b3 sql checked, record: spammp by Remil to -1
30-09-17 01:04:45 [INFO] [OctoBans] superb3b3 sql checked, record: spammp by Remil to -1
30-09-17 01:09:01 [INFO] [OctoBans] FiasK0 punished eli33 for: Spam/flood
30-09-17 01:11:38 [INFO] [OctoBans] FiasK0 punished jeanpierredu025 for: Insulte grave
30-09-17 01:21:20 [INFO] [OctoBans] FiasK0 punished karlwill for: Spam/flood
30-09-17 01:29:59 [INFO] [OctoBans] NeyTox punished pouletgriller for: Double Poste
30-09-17 01:46:50 [INFO] [OctoBans] FiasK0 punished farmerdu08 for: Majuscule
30-09-17 01:49:31 [INFO] [OctoBans] FiasK0 punished pgolden for: Majuscule
30-09-17 02:03:30 [INFO] [OctoBans] FiasK0 punished tufi for: Spam/flood
30-09-17 02:14:32 [INFO] [OctoBans] _Hello_Kitty punished elumix for: Provocation
30-09-17 02:16:24 [INFO] [OctoBans] elumix sql checked, record: provocation by _Hello_Kitty to 1506734372
30-09-17 02:40:33 [INFO] [OctoBans] FiasK0 punished denise for: Double Poste
30-09-17 02:52:42 [INFO] [OctoBans] NeyTox punished shazekhq_q for: Langage incorrect
30-09-17 02:53:26 [INFO] [OctoBans] hurricanetiger sql checked, record: spammp by SnowEffect to -1
30-09-17 03:07:27 [INFO] [OctoBans] FiasK0 punished farmerdu08 for: Provocation
30-09-17 03:22:22 [INFO] [OctoBans] FiasK0 punished ededed81 for: Double Poste
30-09-17 03:30:46 [INFO] [OctoBans] FiasK0 punished la_masqotte_ytb for: Double Poste
30-09-17 03:55:45 [INFO] [OctoBans] skyanto_974yt sql checked, record: langage by Remil to 1506737102
30-09-17 03:55:54 [INFO] [OctoBans] NeyTox punished skyanto_974yt for: Provocation
30-09-17 04:11:12 [INFO] [OctoBans] FiasK0 punished tp_arway for: Majuscule
30-09-17 04:13:10 [INFO] [OctoBans] FiasK0 punished superb3b3 for: Double Poste
30-09-17 04:23:58 [INFO] [OctoBans] NeyTox punished trin0x for: Insulte grave
30-09-17 05:25:35 [INFO] [OctoBans] NeyTox punished la_masqotte_ytb for: Fausses informations
30-09-17 06:01:01 [INFO] [OctoBans] Disabling OctoBans v1.0
