13-01-18 22:31:44 [INFO] [OctoBans] File Handler successfully initialized!
13-01-18 22:31:44 [INFO] [OctoBans] SQL connection successfully etablished
13-01-18 22:31:44 [INFO] [OctoBans] Moderator Tools by Octonia.
13-01-18 22:31:48 [INFO] [OctoBans] yongmen sql checked, record: spammp by ToXiCz_TV to -1
13-01-18 22:31:48 [INFO] [OctoBans] yongmen sql checked, record: spammp by ToXiCz_TV to -1
13-01-18 22:31:48 [INFO] [OctoBans] yongmen sql checked, record: spammp by ToXiCz_TV to -1
13-01-18 22:31:48 [INFO] [OctoBans] yongmen sql checked, record: spammp by ToXiCz_TV to -1
13-01-18 22:31:48 [INFO] [OctoBans] yongmen sql checked, record: spammp by ToXiCz_TV to -1
13-01-18 22:31:48 [INFO] [OctoBans] yongmen sql checked, record: spammp by Koeseb97 to -1
13-01-18 22:31:48 [INFO] [OctoBans] yongmen sql checked, record: spammp by OCIP_Matth to -1
13-01-18 22:31:48 [INFO] [OctoBans] clem010 sql checked, record: insultegrave by FiasK0 to 1515943301
13-01-18 22:31:48 [INFO] [OctoBans] clem010 sql checked, record: insultegrave by AO_Darkness to 1516040045
13-01-18 22:31:48 [INFO] [OctoBans] clem010 sql checked, record: spammp by Gamer09 to -1
13-01-18 22:31:48 [INFO] [OctoBans] je_rush_en_z sql checked, record: spammp by LaKitaw to -1
13-01-18 22:31:48 [INFO] [OctoBans] chasseetpeche71 sql checked, record: spammp by FiasK0 to -1
13-01-18 22:31:48 [INFO] [OctoBans] chasseetpeche71 sql checked, record: spammp by PseudooNull to -1
13-01-18 22:31:48 [INFO] [OctoBans] chasseetpeche71 sql checked, record: spammp by FiasK0 to -1
13-01-18 22:31:48 [INFO] [OctoBans] ytbibossyt sql checked, record: spammp by atsuky to -1
13-01-18 22:31:49 [INFO] [OctoBans] zorka sql checked, record: faussesinfos by Gamer09 to 1515927067
13-01-18 22:31:49 [INFO] [OctoBans] ttdu62 sql checked, record: incitationflood by YTB_XxKarnageXx to 1515945938
13-01-18 22:31:49 [INFO] [OctoBans] progameur sql checked, record: spammp by FiasK0 to -1
13-01-18 22:31:49 [INFO] [OctoBans] progameur sql checked, record: spammp by D3adOrSnipSurYTB to -1
13-01-18 22:31:49 [INFO] [OctoBans] darkmen25 sql checked, record: spammp by LaKitaw to -1
13-01-18 22:31:49 [INFO] [OctoBans] darkmen25 sql checked, record: spammp by SmooKeur to -1
13-01-18 22:31:49 [INFO] [OctoBans] darkmen25 sql checked, record: spammp by MrKebab to -1
13-01-18 22:31:49 [INFO] [OctoBans] widglitcher_yt sql checked, record: spammp by FiasK0 to -1
13-01-18 22:31:49 [INFO] [OctoBans] widglitcher_yt sql checked, record: spammp by Furiomaniak to -1
13-01-18 22:31:49 [INFO] [OctoBans] malik9080 sql checked, record: spammp by EW3L to -1
13-01-18 22:31:49 [INFO] [OctoBans] malik9080 sql checked, record: spammp by EW3L to -1
13-01-18 22:31:49 [INFO] [OctoBans] malik9080 sql checked, record: spammp by WeeZix to -1
13-01-18 22:31:49 [INFO] [OctoBans] malik9080 sql checked, record: spammp by WeeZix to -1
13-01-18 22:31:49 [INFO] [OctoBans] stan94 sql checked, record: insultegrave by NeyTox to 1515934933
13-01-18 22:31:50 [INFO] [OctoBans] le_clodov2 sql checked, record: spammp by ToXiCz_TV to -1
13-01-18 22:31:50 [INFO] [OctoBans] le_clodov2 sql checked, record: spammp by FamousxRay to -1
13-01-18 22:31:51 [INFO] [OctoBans] zadoux sql checked, record: spammp by LsAnGfRoId to -1
13-01-18 22:31:54 [INFO] [OctoBans] zabilotero sql checked, record: spammp by SmooKeur to -1
13-01-18 22:31:54 [INFO] [OctoBans] zabilotero sql checked, record: spammp by PseudooNull to -1
13-01-18 22:31:58 [INFO] [OctoBans] killeur56 sql checked, record: spammp by PseudooNull to -1
13-01-18 22:32:01 [INFO] [OctoBans] octonono sql checked, record: spammp by Bucky57 to -1
13-01-18 22:32:01 [INFO] [OctoBans] octonono sql checked, record: spammp by AO_Darkness to -1
13-01-18 22:32:14 [INFO] [OctoBans] bananamat1 sql checked, record: spammp by PseudooNull to -1
13-01-18 22:32:14 [INFO] [OctoBans] bananamat1 sql checked, record: spammp by PseudooNull to -1
13-01-18 22:32:17 [INFO] [OctoBans] tigrouuuu sql checked, record: insulte by AO_Darkness to 1515880811
13-01-18 22:32:20 [INFO] [OctoBans] cooljojonathan sql checked, record: spammp by pepedjo to -1
13-01-18 22:32:20 [INFO] [OctoBans] cooljojonathan sql checked, record: spammp by Evolze to -1
13-01-18 22:32:21 [INFO] [OctoBans] epedrakesse sql checked, record: spammp by YTB_XxKarnageXx to -1
13-01-18 22:32:23 [INFO] [OctoBans] zobelsuryoutube sql checked, record: spammp by Zayrox29 to -1
13-01-18 22:32:23 [INFO] [OctoBans] zobelsuryoutube sql checked, record: spammp by PseudooNull to -1
13-01-18 22:32:36 [INFO] [OctoBans] agoniel sql checked, record: spammp by Koeseb97 to -1
13-01-18 22:32:46 [INFO] [OctoBans] titi951 sql checked, record: insultegrave by NeyTox to 1515896957
13-01-18 22:33:20 [INFO] [OctoBans] crazy_pvp sql checked, record: spammp by FiasK0 to -1
13-01-18 22:33:20 [INFO] [OctoBans] crazy_pvp sql checked, record: spammp by Remil to -1
13-01-18 22:34:10 [INFO] [OctoBans] lucas94350 sql checked, record: spammp by Kyabe to -1
13-01-18 22:34:30 [INFO] [OctoBans] cfm_arthur sql checked, record: spammp by Furiomaniak to -1
13-01-18 22:34:31 [INFO] [OctoBans] thomas62200 sql checked, record: faussesinfos by PseudooNull to 1515971377
13-01-18 22:34:42 [INFO] [OctoBans] angel55 sql checked, record: spam by Gamer09 to 1515879683
13-01-18 22:35:34 [INFO] [OctoBans] bytsuyo_ sql checked, record: spammp by Remil to -1
13-01-18 22:35:34 [INFO] [OctoBans] flowtox sql checked, record: spammp by ToXiCz_TV to -1
13-01-18 22:35:34 [INFO] [OctoBans] flowtox sql checked, record: spammp by ToXiCz_TV to -1
13-01-18 22:35:34 [INFO] [OctoBans] imjeezk sql checked, record: spammp by Gamer09 to -1
13-01-18 22:35:34 [INFO] [OctoBans] imjeezk sql checked, record: spammp by OCIP_Matth to -1
13-01-18 22:35:34 [INFO] [OctoBans] imjeezk sql checked, record: spammp by NiceFR to -1
13-01-18 22:35:45 [INFO] [OctoBans] roi_du_rush sql checked, record: spammp by FiasK0 to -1
13-01-18 22:35:45 [INFO] [OctoBans] roi_du_rush sql checked, record: spammp by Koeseb97 to -1
13-01-18 22:35:47 [INFO] [OctoBans] Zayrox29 punished weazzik for: Spam/flood
13-01-18 22:36:07 [INFO] [OctoBans] modzg sql checked, record: spammp by FiasK0 to -1
13-01-18 22:36:07 [INFO] [OctoBans] ibqwze_ sql checked, record: spammp by LsAnGfRoId to -1
13-01-18 22:36:20 [INFO] [OctoBans] bloodgamer25 sql checked, record: spammp by FiasK0 to -1
13-01-18 22:36:50 [INFO] [OctoBans] theohand sql checked, record: spammp by OCIP_Matth to -1
13-01-18 22:36:50 [INFO] [OctoBans] theohand sql checked, record: spamftag by FiasK0 to 1516037684
13-01-18 22:36:55 [INFO] [OctoBans] AO_Darkness punished chasseetpeche71 for: Spam/flood
13-01-18 22:37:36 [INFO] [OctoBans] softspringer sql checked, record: spammp by LaKitaw to -1
13-01-18 22:37:36 [INFO] [OctoBans] softspringer sql checked, record: spammp by ToXiCz_TV to -1
13-01-18 22:38:38 [INFO] [OctoBans] thecrane sql checked, record: spammp by WeeZix to -1
13-01-18 22:38:38 [INFO] [OctoBans] thecrane sql checked, record: spammp by WeeZix to -1
13-01-18 22:38:38 [INFO] [OctoBans] thecrane sql checked, record: spammp by WeeZix to -1
13-01-18 22:40:37 [INFO] [OctoBans] ktm125sx sql checked, record: spammp by PseudooNull to -1
13-01-18 22:42:12 [INFO] [OctoBans] warrox_ sql checked, record: spammp by Bucky57 to -1
13-01-18 22:42:12 [INFO] [OctoBans] warrox_ sql checked, record: spammp by OCIP_Matth to -1
13-01-18 22:42:40 [INFO] [OctoBans] algorskis_yt sql checked, record: spammp by EW3L to -1
13-01-18 22:44:00 [INFO] [OctoBans] killyan sql checked, record: spammp by EW3L to -1
13-01-18 22:44:16 [INFO] [OctoBans] kakakiki sql checked, record: spammp by WeeZix to -1
13-01-18 22:44:16 [INFO] [OctoBans] kakakiki sql checked, record: spammp by EGGSPLOSION to -1
13-01-18 22:46:14 [INFO] [OctoBans] atsuky sql checked, record: spammp by EGGSPLOSION to -1
13-01-18 22:49:36 [INFO] [OctoBans] swokip sql checked, record: spammp by WeeZix to -1
13-01-18 22:50:09 [INFO] [OctoBans] PseudooNull punished mohame for: TpKill
13-01-18 22:52:05 [INFO] [OctoBans] _rubilax sql checked, record: spammp by OCIP_Matth to -1
13-01-18 22:53:53 [INFO] [OctoBans] PseudooNull punished warrox_ for: Provocation
13-01-18 22:54:17 [INFO] [OctoBans] arakword sql checked, record: spammp by PseudooNull to -1
13-01-18 22:56:38 [INFO] [OctoBans] jeremygameur sql checked, record: spammp by EW3L to -1
13-01-18 22:56:38 [INFO] [OctoBans] jeremygameur sql checked, record: spammp by atsuky to -1
13-01-18 22:56:38 [INFO] [OctoBans] jeremygameur sql checked, record: spammp by EW3L to -1
13-01-18 22:56:38 [INFO] [OctoBans] jeremygameur sql checked, record: menacehack by PseudooNull to 1515880858
13-01-18 22:57:25 [INFO] [OctoBans] nytro_pvp sql checked, record: insultestaff by Gamer09 to 1515902920
13-01-18 22:58:11 [INFO] [OctoBans] rdvsurlebloc sql checked, record: spammp by D3adOrSnipSurYTB to -1
13-01-18 22:58:11 [INFO] [OctoBans] rdvsurlebloc sql checked, record: insultegrave by Elfideltia to 1515897379
13-01-18 23:00:55 [INFO] [OctoBans] gamix_yt sql checked, record: insultegrave by NeyTox to 1515974283
13-01-18 23:03:23 [INFO] [OctoBans] unnainportant sql checked, record: doubleposte by EW3L to 1515882208
13-01-18 23:03:23 [INFO] [OctoBans] unnainportant sql checked, record: provocation by Marops to 1515883175
13-01-18 23:12:13 [INFO] [OctoBans] dicob sql checked, record: spammp by Remil to -1
13-01-18 23:12:27 [INFO] [OctoBans] fngod sql checked, record: spammp by FamousxRay to -1
13-01-18 23:12:27 [INFO] [OctoBans] fngod sql checked, record: spammp by drbrine to -1
13-01-18 23:16:26 [INFO] [OctoBans] macarena sql checked, record: spammp by PseudooNull to -1
13-01-18 23:16:26 [INFO] [OctoBans] macarena sql checked, record: spammp by PseudooNull to -1
13-01-18 23:16:26 [INFO] [OctoBans] macarena sql checked, record: spammp by woimant to -1
13-01-18 23:16:26 [INFO] [OctoBans] macarena sql checked, record: spammp by woimant to -1
13-01-18 23:16:26 [INFO] [OctoBans] macarena sql checked, record: spammp by MrKebab to -1
13-01-18 23:16:43 [INFO] [OctoBans] fiask0 sql checked, record: spammp by ToXiCz_TV to -1
13-01-18 23:18:23 [INFO] [OctoBans] freenoz sql checked, record: tpkill by PseudooNull to 1515886239
13-01-18 23:20:41 [INFO] [OctoBans] byskinoz sql checked, record: spammp by OCIP_Matth to -1
13-01-18 23:21:26 [INFO] [OctoBans] nytro_pvp sql checked, record: insultestaff by Gamer09 to 1515902920
13-01-18 23:23:33 [INFO] [OctoBans] youmakemelol sql checked, record: spammp by EW3L to -1
13-01-18 23:23:46 [INFO] [OctoBans] lassa18 sql checked, record: spammp by KelianHD to -1
13-01-18 23:24:12 [INFO] [OctoBans] bfa69 sql checked, record: spammp by millardm to -1
13-01-18 23:26:59 [INFO] [OctoBans] manu13 sql checked, record: spammp by FiasK0 to -1
13-01-18 23:29:29 [INFO] [OctoBans] grospvp sql checked, record: spammp by EGGSPLOSION to -1
13-01-18 23:29:52 [INFO] [OctoBans] lsvg sql checked, record: spammp by FamousxRay to -1
13-01-18 23:30:32 [INFO] [OctoBans] FiasK0 punished matheola10 for: Spam/flood
13-01-18 23:31:27 [INFO] [OctoBans] by_fly sql checked, record: spammp by Hkz_Skillon to -1
13-01-18 23:31:27 [INFO] [OctoBans] by_fly sql checked, record: spammp by PseudooNull to -1
13-01-18 23:33:35 [INFO] [OctoBans] Zayrox29 punished manu13 for: Fausses informations
13-01-18 23:35:41 [INFO] [OctoBans] FiasK0 punished manudesav for: Fausses informations
13-01-18 23:39:45 [INFO] [OctoBans] zrk_warthog sql checked, record: spammp by AO_Darkness to -1
13-01-18 23:42:39 [INFO] [OctoBans] Furiomaniak punished manu13 for: Insulte grave
13-01-18 23:43:14 [INFO] [OctoBans] SkillBOotiiS punished fngod for: Provocation
13-01-18 23:48:28 [INFO] [OctoBans] _theodu13_ sql checked, record: spammp by atsuky to -1
13-01-18 23:48:28 [INFO] [OctoBans] _theodu13_ sql checked, record: insultegrave by atsuky to 1516056572
13-01-18 23:50:39 [INFO] [OctoBans] Gamer09 punished macarena for: Fausses informations
13-01-18 23:51:37 [INFO] [OctoBans] AO_Darkness punished biiper_ for: Insulte
13-01-18 23:55:29 [INFO] [OctoBans] lucas775 sql checked, record: spammp by FiasK0 to -1
13-01-18 23:56:27 [INFO] [OctoBans] onflyenrec sql checked, record: spammp by Antoine57565 to -1
13-01-18 23:56:27 [INFO] [OctoBans] onflyenrec sql checked, record: spammp by PseudooNull to -1
13-01-18 23:56:29 [INFO] [OctoBans] mkdarkos sql checked, record: spammp by PseudooNull to -1
13-01-18 23:56:56 [INFO] [OctoBans] zertox17 sql checked, record: tpkill by PseudooNull to 1515970081
13-01-18 23:58:09 [INFO] [OctoBans] Furiomaniak punished bokunohero for: Double Poste
14-01-18 00:01:56 [INFO] [OctoBans] Gamer09 punished ao_darkness for: Spam/flood en MP
14-01-18 00:02:16 [INFO] [OctoBans] Elfideltia punished elfideltia for: Majuscule
14-01-18 00:06:04 [INFO] [OctoBans] Zayrox29 punished comics974 for: TpKill
14-01-18 00:06:25 [INFO] [OctoBans] Zayrox29 punished le_clodov2 for: TpKill
14-01-18 00:08:39 [INFO] [OctoBans] x4gaming sql checked, record: spammp by D3adOrSnipSurYTB to -1
14-01-18 00:08:39 [INFO] [OctoBans] x4gaming sql checked, record: spammp by atsuky to -1
14-01-18 00:12:24 [INFO] [OctoBans] FiasK0 punished nath for: Provocation
14-01-18 00:13:02 [INFO] [OctoBans] leminecraftien80 sql checked, record: insultegrave by WeeZix to 1516214112
14-01-18 00:13:42 [INFO] [OctoBans] batte sql checked, record: spammp by yeti2001vd to -1
14-01-18 00:13:42 [INFO] [OctoBans] batte sql checked, record: spammp by ToXiCz_TV to -1
14-01-18 00:17:02 [INFO] [OctoBans] Elfideltia punished zey_y for: Insulte
14-01-18 00:36:39 [INFO] [OctoBans] killeur56 sql checked, record: spammp by PseudooNull to -1
14-01-18 00:48:33 [INFO] [OctoBans] FiasK0 punished _drayky_ for: Spam/flood
14-01-18 00:55:41 [INFO] [OctoBans] Zayrox29 punished zebetpronos for: Menace de hack
14-01-18 01:04:00 [INFO] [OctoBans] AO_Darkness punished ibqwze_ for: Insulte grave
14-01-18 01:04:38 [INFO] [OctoBans] Gamer09 punished zebetpronos for: Menace de hack
14-01-18 01:07:36 [INFO] [OctoBans] sadeksuryoutube sql checked, record: spammp by ToXiCz_TV to -1
14-01-18 01:07:36 [INFO] [OctoBans] sadeksuryoutube sql checked, record: spammp by ToXiCz_TV to -1
14-01-18 01:07:36 [INFO] [OctoBans] sadeksuryoutube sql checked, record: spammp by ToXiCz_TV to -1
14-01-18 01:07:36 [INFO] [OctoBans] sadeksuryoutube sql checked, record: spammp by ToXiCz_TV to -1
14-01-18 01:13:54 [INFO] [OctoBans] Gamer09 punished screamm for: Double Poste
14-01-18 01:14:58 [INFO] [OctoBans] xxpika_pvpxx sql checked, record: spammp by PseudooNull to -1
14-01-18 01:24:38 [INFO] [OctoBans] atsuky punished valmgh for: Provocation
14-01-18 01:25:02 [INFO] [OctoBans] atsuky punished virocl for: Spam/flood
14-01-18 01:30:42 [INFO] [OctoBans] SkillBOotiiS punished loutkill for: Spam/flood
14-01-18 01:31:02 [INFO] [OctoBans] deeprodole sql checked, record: spammp by Zayrox29 to -1
14-01-18 01:31:02 [INFO] [OctoBans] deeprodole sql checked, record: spammp by Zayrox29 to -1
14-01-18 01:34:39 [INFO] [OctoBans] Gamer09 punished imperator122 for: Provocation
14-01-18 01:46:49 [INFO] [OctoBans] tigro17 sql checked, record: spammp by ToXiCz_TV to -1
14-01-18 01:46:49 [INFO] [OctoBans] tigro17 sql checked, record: spammp by WeeZix to -1
14-01-18 01:46:49 [INFO] [OctoBans] tigro17 sql checked, record: spammp by FiasK0 to -1
14-01-18 01:51:26 [INFO] [OctoBans] Elfideltia punished zabilotero for: Spam/flood
14-01-18 02:01:56 [INFO] [OctoBans] friphiano sql checked, record: spammp by atsuky to -1
14-01-18 02:01:56 [INFO] [OctoBans] friphiano sql checked, record: spammp by OCIP_Matth to -1
14-01-18 02:01:56 [INFO] [OctoBans] friphiano sql checked, record: spammp by PseudooNull to -1
14-01-18 02:12:38 [INFO] [OctoBans] Elfideltia punished cfm_arthur for: Spam/flood
14-01-18 02:12:57 [INFO] [OctoBans] cfm_arthur sql checked, record: spammp by Furiomaniak to -1
14-01-18 02:12:57 [INFO] [OctoBans] cfm_arthur sql checked, record: spam by Elfideltia to 1515903158
14-01-18 02:16:00 [INFO] [OctoBans] Gamer09 punished cfm_arthur for: Langage incorrect
14-01-18 02:34:43 [INFO] [OctoBans] AO_Darkness punished imperator122 for: Insulte grave
14-01-18 02:35:28 [INFO] [OctoBans] AO_Darkness punished manudesav for: Insulte grave
14-01-18 03:08:48 [INFO] [OctoBans] diodu sql checked, record: spammp by Gamer09 to -1
14-01-18 03:34:23 [INFO] [OctoBans] bardaxx_ sql checked, record: spammp by Zoseq to -1
14-01-18 03:55:06 [INFO] [OctoBans] xx_after_xx sql checked, record: spammp by FiasK0 to -1
14-01-18 04:01:09 [INFO] [OctoBans] Elfideltia punished lexbott18 for: Majuscule
14-01-18 04:30:17 [INFO] [OctoBans] Elfideltia punished eye_less for: Spam/flood
14-01-18 04:34:57 [INFO] [OctoBans] pandaleroux sql checked, record: spammp by D3adOrSnipSurYTB to -1
14-01-18 04:34:57 [INFO] [OctoBans] pandaleroux sql checked, record: spammp by AO_Darkness to -1
14-01-18 06:01:01 [INFO] [OctoBans] Disabling OctoBans v1.0
