18-06-17 22:31:42 [INFO] [OctoBans] File Handler successfully initialized!
18-06-17 22:31:42 [INFO] [OctoBans] SQL connection successfully etablished
18-06-17 22:31:42 [INFO] [OctoBans] Moderator Tools by Octonia.
18-06-17 22:31:47 [INFO] [OctoBans] by_kw3e sql checked, record: kickautre by Antoine57565 to -1
18-06-17 22:31:47 [INFO] [OctoBans] skyizi91 sql checked, record: spammp by PseudoNul to -1
18-06-17 22:31:47 [INFO] [OctoBans] skyizi91 sql checked, record: spammp by Remil to -1
18-06-17 22:31:47 [INFO] [OctoBans] skyizi91 sql checked, record: spammp by PseudoNul to -1
18-06-17 22:31:47 [INFO] [OctoBans] skyizi91 sql checked, record: spammp by SnowEffect to -1
18-06-17 22:31:47 [INFO] [OctoBans] skyizi91 sql checked, record: spammp by Remil to -1
18-06-17 22:31:47 [INFO] [OctoBans] sacha33340 sql checked, record: spammp by Remil to -1
18-06-17 22:31:47 [INFO] [OctoBans] sacha33340 sql checked, record: incitationflood by SkyKosIV to 1497904002
18-06-17 22:31:47 [INFO] [OctoBans] sacha33340 sql checked, record: spammp by SkyKosIV to -1
18-06-17 22:31:47 [INFO] [OctoBans] stickfly sql checked, record: spammp by SnowEffect to -1
18-06-17 22:31:47 [INFO] [OctoBans] xelio57 sql checked, record: spammp by SnowEffect to -1
18-06-17 22:31:47 [INFO] [OctoBans] ew3l sql checked, record: spammp by SnowEffect to -1
18-06-17 22:31:47 [INFO] [OctoBans] idecow_ sql checked, record: spammp by PseudoNul to -1
18-06-17 22:31:47 [INFO] [OctoBans] idecow_ sql checked, record: spammp by SuperJojo to -1
18-06-17 22:31:47 [INFO] [OctoBans] idecow_ sql checked, record: spammp by PseudoNul to -1
18-06-17 22:31:47 [INFO] [OctoBans] idecow_ sql checked, record: spammp by Remil to -1
18-06-17 22:31:47 [INFO] [OctoBans] juldestructeur sql checked, record: spammp by PseudoNul to -1
18-06-17 22:31:47 [INFO] [OctoBans] juldestructeur sql checked, record: spammp by PseudoNul to -1
18-06-17 22:31:47 [INFO] [OctoBans] juldestructeur sql checked, record: langage by Remil to 1497818019
18-06-17 22:31:47 [INFO] [OctoBans] zkingrage sql checked, record: spammp by PseudoNul to -1
18-06-17 22:31:47 [INFO] [OctoBans] zkingrage sql checked, record: spammp by PseudoNul to -1
18-06-17 22:31:47 [INFO] [OctoBans] zkingrage sql checked, record: spammp by SuperJojo to -1
18-06-17 22:31:47 [INFO] [OctoBans] zkingrage sql checked, record: flood by SkyKosIV to 1497819089
18-06-17 22:31:47 [INFO] [OctoBans] rectozzyt sql checked, record: spam by SuperJojo to 1497819225
18-06-17 22:31:47 [INFO] [OctoBans] bardaxx_ sql checked, record: majuscule by YTB_XxKarnageXx to 1497818546
18-06-17 22:31:47 [INFO] [OctoBans] skorte2 sql checked, record: flood by SkyKosIV to 1497821213
18-06-17 22:31:47 [INFO] [OctoBans] matgone01 sql checked, record: spammp by ZerKup to -1
18-06-17 22:31:47 [INFO] [OctoBans] matgone01 sql checked, record: spammp by ZerKup to -1
18-06-17 22:31:47 [INFO] [OctoBans] matgone01 sql checked, record: incitationflood by SkyKosIV to 1497988058
18-06-17 22:31:50 [INFO] [OctoBans] zapi sql checked, record: spam by SuperJojo to 1497818708
18-06-17 22:31:50 [INFO] [OctoBans] theoklm57 sql checked, record: pubyt by SkyKosIV to 1497822815
18-06-17 22:31:50 [INFO] [OctoBans] theoklm57 sql checked, record: spammp by SkyKosIV to -1
18-06-17 22:31:55 [INFO] [OctoBans] ytb_xxkarnagexx sql checked, record: kickautre by Steph078 to -1
18-06-17 22:31:55 [INFO] [OctoBans] swiftstay sql checked, record: spammp by Remil to -1
18-06-17 22:31:55 [INFO] [OctoBans] swiftstay sql checked, record: spammp by Remil to -1
18-06-17 22:31:58 [INFO] [OctoBans] kiragon sql checked, record: spammp by SnowEffect to -1
18-06-17 22:32:01 [INFO] [OctoBans] tipi201 sql checked, record: kickautre by ZerKup to -1
18-06-17 22:32:04 [INFO] [OctoBans] swoyy sql checked, record: doubleposte by Remil to 1497818082
18-06-17 22:32:11 [INFO] [OctoBans] walterwhite sql checked, record: spammp by SuperJojo to -1
18-06-17 22:32:11 [INFO] [OctoBans] walterwhite sql checked, record: incitationflood by SuperJojo to 1497888203
18-06-17 22:32:11 [INFO] [OctoBans] itz_smokew33d sql checked, record: spammp by Remil to -1
18-06-17 22:32:16 [INFO] [OctoBans] mrbspino517 sql checked, record: spammp by SnowEffect to -1
18-06-17 22:32:30 [INFO] [OctoBans] whitstar sql checked, record: spammp by Remil to -1
18-06-17 22:32:48 [INFO] [OctoBans] badounoux sql checked, record: spammp by ZerKup to -1
18-06-17 22:32:53 [INFO] [OctoBans] mr_darkgame sql checked, record: spammp by PseudoNul to -1
18-06-17 22:32:59 [INFO] [OctoBans] samybg sql checked, record: spammp by Remil to -1
18-06-17 22:32:59 [INFO] [OctoBans] samybg sql checked, record: spammp by Remil to -1
18-06-17 22:33:28 [INFO] [OctoBans] taygrax07 sql checked, record: spammp by SnowEffect to -1
18-06-17 22:34:55 [INFO] [OctoBans] nitroxbueno sql checked, record: flood by SkyKosIV to 1497821208
18-06-17 22:35:37 [INFO] [OctoBans] arcz058 sql checked, record: spammp by Remil to -1
18-06-17 22:36:37 [INFO] [OctoBans] by_fly sql checked, record: spammp by Remil to -1
18-06-17 22:37:21 [INFO] [OctoBans] YTB_XxKarnageXx punished switch for: Fausses informations
18-06-17 22:37:54 [INFO] [OctoBans] weesley sql checked, record: spammp by YTB_XxKarnageXx to -1
18-06-17 22:37:54 [INFO] [OctoBans] weesley sql checked, record: spammp by ZerKup to -1
18-06-17 22:37:54 [INFO] [OctoBans] weesley sql checked, record: spammp by Remil to -1
18-06-17 22:39:20 [INFO] [OctoBans] lastreet69 sql checked, record: flood by SkyKosIV to 1497821219
18-06-17 22:42:39 [INFO] [OctoBans] mr_spontexx sql checked, record: tpkill by SnowEffect to 1497880671
18-06-17 22:42:47 [INFO] [OctoBans] lolo76200 sql checked, record: spammp by PseudoNul to -1
18-06-17 22:42:47 [INFO] [OctoBans] lolo76200 sql checked, record: spammp by SuperJojo to -1
18-06-17 22:43:07 [INFO] [OctoBans] marchandloup sql checked, record: spammp by Remil to -1
18-06-17 22:43:46 [INFO] [OctoBans] karimospvp sql checked, record: tpkill by Blubfire to 1497820162
18-06-17 22:46:46 [INFO] [OctoBans] lolpigman sql checked, record: spammp by SnowEffect to -1
18-06-17 22:49:49 [INFO] [OctoBans] YTB_XxKarnageXx punished mrbrioche05 for: Double Poste
18-06-17 22:50:54 [INFO] [OctoBans] YTB_XxKarnageXx punished fantik099 for: Provocation
18-06-17 22:52:35 [INFO] [OctoBans] YTB_XxKarnageXx punished tsukikomodo for: Majuscule
18-06-17 22:53:33 [INFO] [OctoBans] zoroto sql checked, record: spammp by Remil to -1
18-06-17 22:53:49 [INFO] [OctoBans] shouteur sql checked, record: spammp by Remil to -1
18-06-17 22:53:49 [INFO] [OctoBans] shouteur sql checked, record: spammp by Remil to -1
18-06-17 22:54:07 [INFO] [OctoBans] sportek_ sql checked, record: spammp by SkyKosIV to -1
18-06-17 22:54:36 [INFO] [OctoBans] fross27 sql checked, record: spammp by Remil to -1
18-06-17 22:59:04 [INFO] [OctoBans] superjojo sql checked, record: spammp by SkyKosIV to -1
18-06-17 22:59:04 [INFO] [OctoBans] superjojo sql checked, record: spammp by Blubfire to -1
18-06-17 23:00:16 [INFO] [OctoBans] dylan5621 sql checked, record: spammp by PseudoNul to -1
18-06-17 23:05:07 [INFO] [OctoBans] nitrom_yt sql checked, record: faussesinfos by YTB_XxKarnageXx to 1497899605
18-06-17 23:05:59 [INFO] [OctoBans] PseudoNul punished skyizi91 for: Langage incorrect
18-06-17 23:06:26 [INFO] [OctoBans] _byzeenty_ sql checked, record: faussesinfos by SkyKosIV to 1497901186
18-06-17 23:07:57 [INFO] [OctoBans] PseudoNul punished bfa69 for: Double Poste
18-06-17 23:09:54 [INFO] [OctoBans] whiskass sql checked, record: spammp by SuperJojo to -1
18-06-17 23:14:05 [INFO] [OctoBans] Remil punished itz_smokew33d for: Double Poste
18-06-17 23:14:25 [INFO] [OctoBans] ray54 sql checked, record: spammp by SuperJojo to -1
18-06-17 23:18:24 [INFO] [OctoBans] celticevan95 sql checked, record: spammp by SnowEffect to -1
18-06-17 23:18:24 [INFO] [OctoBans] celticevan95 sql checked, record: tpkill by PseudoNul to 1497879140
18-06-17 23:23:55 [INFO] [OctoBans] steph078 sql checked, record: spammp by Blubfire to -1
18-06-17 23:23:55 [INFO] [OctoBans] steph078 sql checked, record: spammp by Blubfire to -1
18-06-17 23:27:49 [INFO] [OctoBans] Steph078 punished xboymax for: Double Poste
18-06-17 23:28:10 [INFO] [OctoBans] abcprince123 sql checked, record: spam by Remil to 1497824170
18-06-17 23:28:23 [INFO] [OctoBans] Remil punished _aidemnyx_yt for: Double Poste
18-06-17 23:29:39 [INFO] [OctoBans] Remil punished marchandloup for: Spam/flood
18-06-17 23:30:05 [INFO] [OctoBans] Remil punished akazede for: Majuscule
18-06-17 23:38:31 [INFO] [OctoBans] PseudoNul punished blacknigth for: Langage incorrect
18-06-17 23:42:59 [INFO] [OctoBans] blackwhite010 sql checked, record: spammp by PseudoNul to -1
18-06-17 23:43:50 [INFO] [OctoBans] PseudoNul punished pixe3 for: Double Poste
18-06-17 23:49:28 [INFO] [OctoBans] hayden_frost sql checked, record: spammp by PseudoNul to -1
18-06-17 23:51:38 [INFO] [OctoBans] SuperJojo punished black_burns for: Double Poste
18-06-17 23:53:22 [INFO] [OctoBans] SuperJojo punished proxy_killeur for: Provocation
18-06-17 23:54:02 [INFO] [OctoBans] SuperJojo punished ghalinoussi for: Double Poste
18-06-17 23:55:02 [INFO] [OctoBans] SuperJojo punished theblackmask92 for: Double Poste
18-06-17 23:56:04 [INFO] [OctoBans] dath_nuke sql checked, record: spammp by PseudoNul to -1
18-06-17 23:56:04 [INFO] [OctoBans] dath_nuke sql checked, record: spammp by PseudoNul to -1
19-06-17 00:36:02 [INFO] [OctoBans] Remil punished supernicoul2002 for: Spam/flood
19-06-17 00:38:39 [INFO] [OctoBans] ryd3rtvv0x sql checked, record: spammp by SkyKosIV to -1
19-06-17 00:47:07 [INFO] [OctoBans] Remil punished theayos for: Spam/flood
19-06-17 00:47:21 [INFO] [OctoBans] Remil punished samixz for: Spam/flood
19-06-17 00:49:00 [INFO] [OctoBans] mrkebab sql checked, record: spammp by SuperJojo to -1
19-06-17 00:56:05 [INFO] [OctoBans] lavache sql checked, record: spammp by SkyKosIV to -1
19-06-17 01:06:45 [INFO] [OctoBans] Remil punished lolollo for: Double Poste
19-06-17 01:19:45 [INFO] [OctoBans] ext4zzy sql checked, record: spammp by Remil to -1
19-06-17 01:19:45 [INFO] [OctoBans] ext4zzy sql checked, record: spammp by Remil to -1
19-06-17 01:19:45 [INFO] [OctoBans] ext4zzy sql checked, record: spammp by Remil to -1
19-06-17 01:19:45 [INFO] [OctoBans] ext4zzy sql checked, record: spammp by SuperJojo to -1
19-06-17 01:19:45 [INFO] [OctoBans] ext4zzy sql checked, record: kickautre by Steph078 to -1
19-06-17 01:19:45 [INFO] [OctoBans] ext4zzy sql checked, record: spammp by SuperJojo to -1
19-06-17 01:19:45 [INFO] [OctoBans] ext4zzy sql checked, record: spammp by Remil to -1
19-06-17 01:19:45 [INFO] [OctoBans] ext4zzy sql checked, record: spammp by Remil to -1
19-06-17 01:23:01 [INFO] [OctoBans] Remil punished abcprince123 for: Double Poste
19-06-17 01:23:31 [INFO] [OctoBans] oeufdepoule62 sql checked, record: spammp by Remil to -1
19-06-17 01:23:31 [INFO] [OctoBans] oeufdepoule62 sql checked, record: spammp by SkyKosIV to -1
19-06-17 01:41:49 [INFO] [OctoBans] imdylan sql checked, record: spammp by SnowEffect to -1
19-06-17 02:02:39 [INFO] [OctoBans] Remil punished oeufdepoule62 for: Double Poste
19-06-17 02:35:54 [INFO] [OctoBans] Remil punished hakimos66 for: Double Poste
19-06-17 02:39:20 [INFO] [OctoBans] Remil punished imdylan for: Insulte
19-06-17 02:44:45 [INFO] [OctoBans] Remil punished wasatec for: Insulte
19-06-17 02:53:37 [INFO] [OctoBans] Remil punished xboymax for: Insulte
19-06-17 02:59:27 [INFO] [OctoBans] killerstan2424 sql checked, record: spammp by Remil to -1
19-06-17 03:10:00 [INFO] [OctoBans] Remil punished fumikoo for: Langage incorrect
19-06-17 03:10:03 [INFO] [OctoBans] Remil punished thepvpcraft for: Langage incorrect
19-06-17 03:19:19 [INFO] [OctoBans] mixou2007 sql checked, record: spammp by Remil to -1
19-06-17 03:39:51 [INFO] [OctoBans] Remil punished twin_locker for: Double Poste
19-06-17 03:41:59 [INFO] [OctoBans] Steph078 punished mrkebab for: Double Poste
19-06-17 03:56:53 [INFO] [OctoBans] mrkebab sql checked, record: spammp by SuperJojo to -1
19-06-17 03:56:53 [INFO] [OctoBans] mrkebab sql checked, record: doubleposte by Steph078 to 1497838019
19-06-17 04:09:52 [INFO] [OctoBans] grenousse_pvp sql checked, record: spammp by YTB_XxKarnageXx to -1
19-06-17 04:40:25 [INFO] [OctoBans] toly_ sql checked, record: spammp by PseudoNul to -1
19-06-17 04:40:25 [INFO] [OctoBans] toly_ sql checked, record: spammp by PseudoNul to -1
19-06-17 04:40:25 [INFO] [OctoBans] toly_ sql checked, record: insultestaff by Remil to 1497977815
19-06-17 04:40:25 [INFO] [OctoBans] toly_ sql checked, record: spammp by Remil to -1
19-06-17 04:42:32 [INFO] [OctoBans] Remil punished hakimos66 for: Double Poste
19-06-17 04:50:57 [INFO] [OctoBans] jeremylol88 sql checked, record: spammp by Remil to -1
19-06-17 04:53:30 [INFO] [OctoBans] Remil punished origine for: Provocation
19-06-17 06:01:03 [INFO] [OctoBans] Disabling OctoBans v1.0
