14-01-18 22:31:43 [INFO] [OctoBans] File Handler successfully initialized!
14-01-18 22:31:43 [INFO] [OctoBans] SQL connection successfully etablished
14-01-18 22:31:43 [INFO] [OctoBans] Moderator Tools by Octonia.
14-01-18 22:31:48 [INFO] [OctoBans] bysadow sql checked, record: insultegrave by Remil to 1516036274
14-01-18 22:31:48 [INFO] [OctoBans] ibqwze_ sql checked, record: spammp by LsAnGfRoId to -1
14-01-18 22:31:48 [INFO] [OctoBans] _rubilax sql checked, record: spammp by OCIP_Matth to -1
14-01-18 22:31:48 [INFO] [OctoBans] ao_darkness sql checked, record: spammp by Gamer09 to -1
14-01-18 22:31:49 [INFO] [OctoBans] xx_after_xx sql checked, record: spammp by FiasK0 to -1
14-01-18 22:31:52 [INFO] [OctoBans] syrox_ytb sql checked, record: spammp by Koeseb97 to -1
14-01-18 22:31:52 [INFO] [OctoBans] syrox_ytb sql checked, record: spammp by PseudooNull to -1
14-01-18 22:31:52 [INFO] [OctoBans] syrox_ytb sql checked, record: spammp by OCIP_Matth to -1
14-01-18 22:31:56 [INFO] [OctoBans] neytox sql checked, record: spammp by PseudooNull to -1
14-01-18 22:32:01 [INFO] [OctoBans] friphiano sql checked, record: spammp by atsuky to -1
14-01-18 22:32:01 [INFO] [OctoBans] friphiano sql checked, record: spammp by OCIP_Matth to -1
14-01-18 22:32:01 [INFO] [OctoBans] friphiano sql checked, record: spammp by PseudooNull to -1
14-01-18 22:32:01 [INFO] [OctoBans] friphiano sql checked, record: incitationflood by DEEProdole to 1516133538
14-01-18 22:32:09 [INFO] [OctoBans] mame sql checked, record: spammp by FiasK0 to -1
14-01-18 22:32:09 [INFO] [OctoBans] mame sql checked, record: spammp by Ourox_ to -1
14-01-18 22:32:09 [INFO] [OctoBans] mame sql checked, record: spammp by tinmar to -1
14-01-18 22:32:14 [INFO] [OctoBans] progameur sql checked, record: spammp by FiasK0 to -1
14-01-18 22:32:14 [INFO] [OctoBans] progameur sql checked, record: spammp by D3adOrSnipSurYTB to -1
14-01-18 22:32:28 [INFO] [OctoBans] deeprodole sql checked, record: spammp by Zayrox29 to -1
14-01-18 22:32:28 [INFO] [OctoBans] deeprodole sql checked, record: spammp by Zayrox29 to -1
14-01-18 22:34:05 [INFO] [OctoBans] mentos sql checked, record: spammp by FNGOD to -1
14-01-18 22:47:21 [INFO] [OctoBans] AO_Darkness punished mame for: Double Poste
14-01-18 22:49:11 [INFO] [OctoBans] imjeezk sql checked, record: spammp by Gamer09 to -1
14-01-18 22:49:11 [INFO] [OctoBans] imjeezk sql checked, record: spammp by OCIP_Matth to -1
14-01-18 22:49:11 [INFO] [OctoBans] imjeezk sql checked, record: spammp by NiceFR to -1
14-01-18 22:49:28 [INFO] [OctoBans] leminecraftien80 sql checked, record: insultegrave by WeeZix to 1516214112
14-01-18 22:50:40 [INFO] [OctoBans] onekill62 sql checked, record: spammp by tinmar to -1
14-01-18 22:53:27 [INFO] [OctoBans] rdvsurlebloc sql checked, record: spammp by D3adOrSnipSurYTB to -1
14-01-18 22:53:29 [INFO] [OctoBans] samjj68 sql checked, record: spammp by PseudooNull to -1
14-01-18 23:02:16 [INFO] [OctoBans] PseudooNull punished ecarlate for: TpKill
14-01-18 23:02:41 [INFO] [OctoBans] dilili sql checked, record: spammp by ToXiCz_TV to -1
14-01-18 23:02:41 [INFO] [OctoBans] dilili sql checked, record: spammp by PseudooNull to -1
14-01-18 23:02:41 [INFO] [OctoBans] dilili sql checked, record: multicompte by SmooKeur to -1
14-01-18 23:04:57 [INFO] [OctoBans] hayden_frost sql checked, record: spammp by OCIP_Matth to -1
14-01-18 23:13:01 [INFO] [OctoBans] xpowaaa sql checked, record: multicompte by SmooKeur to -1
14-01-18 23:13:07 [INFO] [OctoBans] mkdarkos sql checked, record: spammp by PseudooNull to -1
14-01-18 23:15:13 [INFO] [OctoBans] angel55 sql checked, record: insultegrave by WeeZix to 1515988348
14-01-18 23:19:22 [INFO] [OctoBans] AO_Darkness punished thekiller200 for: Double Poste
15-01-18 00:08:29 [INFO] [OctoBans] epedrakesse sql checked, record: spammp by YTB_XxKarnageXx to -1
15-01-18 00:11:29 [INFO] [OctoBans] DEEProdole punished gismo2806 for: Provocation
15-01-18 00:26:41 [INFO] [OctoBans] AO_Darkness punished _rubilax for: Insulte
15-01-18 00:27:45 [INFO] [OctoBans] ytbibossyt sql checked, record: spammp by atsuky to -1
15-01-18 01:40:41 [INFO] [OctoBans] modzg sql checked, record: spammp by FiasK0 to -1
15-01-18 04:24:42 [INFO] [OctoBans] keen0x sql checked, record: spammp by FNGOD to -1
15-01-18 06:01:02 [INFO] [OctoBans] Disabling OctoBans v1.0
