22-10-17 22:31:42 [INFO] [OctoBans] File Handler successfully initialized!
22-10-17 22:31:42 [INFO] [OctoBans] SQL connection successfully etablished
22-10-17 22:31:42 [INFO] [OctoBans] Moderator Tools by Octonia.
22-10-17 22:31:46 [INFO] [OctoBans] isoowsn sql checked, record: spammp by Remil to -1
22-10-17 22:31:46 [INFO] [OctoBans] _guigui_ sql checked, record: spammp by Remil to -1
22-10-17 22:31:52 [INFO] [OctoBans] algorskis_yt sql checked, record: incitationflood by SmooKeur to 1508773461
22-10-17 22:32:19 [INFO] [OctoBans] Remil punished isoowsn for: Majuscule
22-10-17 22:35:46 [INFO] [OctoBans] aexraptorz sql checked, record: spammp by Remil to -1
22-10-17 22:38:33 [INFO] [OctoBans] Antoine57565 punished sky_battle for: Insulte
22-10-17 22:38:50 [INFO] [OctoBans] fiask0 sql checked, record: spammp by FiasK0 to -1
22-10-17 22:38:50 [INFO] [OctoBans] fiask0 sql checked, record: insulte by FiasK0 to 1508696886
22-10-17 22:38:50 [INFO] [OctoBans] fiask0 sql checked, record: tpkill by FiasK0 to 1508784330
22-10-17 22:38:50 [INFO] [OctoBans] fiask0 sql checked, record: tpkill by FiasK0 to 1508784339
22-10-17 22:38:50 [INFO] [OctoBans] fiask0 sql checked, record: spammp by FiasK0 to -1
22-10-17 22:38:50 [INFO] [OctoBans] fiask0 sql checked, record: insulte by FiasK0 to 1508704347
22-10-17 22:38:50 [INFO] [OctoBans] fiask0 sql checked, record: insulte by FiasK0 to 1508704649
22-10-17 22:38:55 [INFO] [OctoBans] Remil punished fabiendu45 for: Majuscule
22-10-17 22:39:02 [INFO] [OctoBans] fiask0 sql checked, record: spammp by FiasK0 to -1
22-10-17 22:39:02 [INFO] [OctoBans] fiask0 sql checked, record: insulte by FiasK0 to 1508696886
22-10-17 22:39:02 [INFO] [OctoBans] fiask0 sql checked, record: tpkill by FiasK0 to 1508784330
22-10-17 22:39:02 [INFO] [OctoBans] fiask0 sql checked, record: tpkill by FiasK0 to 1508784339
22-10-17 22:39:02 [INFO] [OctoBans] fiask0 sql checked, record: spammp by FiasK0 to -1
22-10-17 22:39:02 [INFO] [OctoBans] fiask0 sql checked, record: insulte by FiasK0 to 1508704347
22-10-17 22:39:02 [INFO] [OctoBans] fiask0 sql checked, record: insulte by FiasK0 to 1508704649
22-10-17 22:40:36 [INFO] [OctoBans] Remil punished raphael77 for: Langage incorrect
22-10-17 22:40:49 [INFO] [OctoBans] Remil punished aestrot for: Provocation
22-10-17 22:41:00 [INFO] [OctoBans] Remil punished clyydee for: Majuscule
22-10-17 22:41:01 [INFO] [OctoBans] hugoboss44 sql checked, record: spammp by Remil to -1
22-10-17 22:41:05 [INFO] [OctoBans] bysadow sql checked, record: faussesinfos by Remil to 1508775004
22-10-17 22:42:01 [INFO] [OctoBans] Remil punished aezen_yt for: Double Poste
22-10-17 22:42:49 [INFO] [OctoBans] Remil punished dozman for: TpKill
22-10-17 22:43:25 [INFO] [OctoBans] hulz0 sql checked, record: spammp by FiasK0 to -1
22-10-17 22:50:43 [INFO] [OctoBans] Remil punished mrkebab for: Insulte grave
22-10-17 22:51:02 [INFO] [OctoBans] FiasK0 punished drbrine for: Insulte
22-10-17 22:51:35 [INFO] [OctoBans] FiasK0 punished thisisgab for: TpKill
22-10-17 22:54:13 [INFO] [OctoBans] FiasK0 punished reqz_ for: Spam/flood en MP
22-10-17 22:54:59 [INFO] [OctoBans] FiasK0 punished _theodu13_ for: Spam/flood en MP
22-10-17 22:55:39 [INFO] [OctoBans] Antoine57565 punished njims for: Spam/flood en MP
22-10-17 22:56:25 [INFO] [OctoBans] Antoine57565 punished hkz_skillon for: Insulte
22-10-17 22:56:33 [INFO] [OctoBans] antoine57565 sql checked, record: insulte by Antoine57565 to 1508691964
22-10-17 22:56:33 [INFO] [OctoBans] antoine57565 sql checked, record: insulte by Antoine57565 to 1508693921
22-10-17 22:56:33 [INFO] [OctoBans] antoine57565 sql checked, record: insulte by Antoine57565 to 1508701131
22-10-17 22:56:33 [INFO] [OctoBans] antoine57565 sql checked, record: spammp by Antoine57565 to -1
22-10-17 22:56:33 [INFO] [OctoBans] antoine57565 sql checked, record: spammp by Antoine57565 to -1
22-10-17 22:56:33 [INFO] [OctoBans] antoine57565 sql checked, record: spammp by Antoine57565 to -1
22-10-17 22:56:33 [INFO] [OctoBans] antoine57565 sql checked, record: insulte by Antoine57565 to 1508707413
22-10-17 22:56:33 [INFO] [OctoBans] antoine57565 sql checked, record: spammp by Antoine57565 to -1
22-10-17 22:56:33 [INFO] [OctoBans] antoine57565 sql checked, record: insulte by Antoine57565 to 1508708485
22-10-17 22:56:47 [INFO] [OctoBans] Remil punished lucas76 for: Double Poste
22-10-17 22:57:35 [INFO] [OctoBans] FiasK0 punished samy13310 for: Insulte
22-10-17 22:58:16 [INFO] [OctoBans] neox_warior sql checked, record: spammp by SmooKeur to -1
22-10-17 23:05:45 [INFO] [OctoBans] Remil punished _topui_ for: Double Poste
22-10-17 23:15:34 [INFO] [OctoBans] gameurdumsk sql checked, record: tpkill by tinmar to 1508784679
22-10-17 23:16:06 [INFO] [OctoBans] Remil punished starbuckrp for: Double Poste
22-10-17 23:16:53 [INFO] [OctoBans] Antoine57565 punished onflyenrec for: Spam/flood en MP
22-10-17 23:23:32 [INFO] [OctoBans] Remil punished tsony for: Insulte grave
22-10-17 23:24:01 [INFO] [OctoBans] Remil punished kimoli for: Majuscule
22-10-17 23:27:49 [INFO] [OctoBans] Antoine57565 punished tomi90 for: Spam/flood en MP
22-10-17 23:28:55 [INFO] [OctoBans] Remil punished weetiix for: Double Poste
22-10-17 23:29:06 [INFO] [OctoBans] Remil punished _mageix_ for: Langage incorrect
22-10-17 23:42:58 [INFO] [OctoBans] Antoine57565 punished atsuky for: Insulte
22-10-17 23:51:30 [INFO] [OctoBans] Antoine57565 punished the_slash for: Insulte
22-10-17 23:51:42 [INFO] [OctoBans] atsuky sql checked, record: insulte by Antoine57565 to 1508711278
22-10-17 23:54:46 [INFO] [OctoBans] Antoine57565 punished mattdx59870 for: Insulte
22-10-17 23:55:22 [INFO] [OctoBans] Antoine57565 punished reqz_ for: Insulte
23-10-17 00:26:30 [INFO] [OctoBans] Remil punished whitecraft16 for: Double Poste
23-10-17 00:26:35 [INFO] [OctoBans] ytb_xxkarnagexx sql checked, record: spamfopen by YTB_XxKarnageXx to 1508857091
23-10-17 00:26:35 [INFO] [OctoBans] ytb_xxkarnagexx sql checked, record: spamfopen by YTB_XxKarnageXx to 1508857114
23-10-17 00:26:35 [INFO] [OctoBans] ytb_xxkarnagexx sql checked, record: spamfopen by YTB_XxKarnageXx to 1508857552
23-10-17 00:26:35 [INFO] [OctoBans] ytb_xxkarnagexx sql checked, record: spamfopen by YTB_XxKarnageXx to 1508857877
23-10-17 00:26:35 [INFO] [OctoBans] ytb_xxkarnagexx sql checked, record: spammp by YTB_XxKarnageXx to -1
23-10-17 00:26:35 [INFO] [OctoBans] ytb_xxkarnagexx sql checked, record: doubleposte by YTB_XxKarnageXx to 1508689162
23-10-17 00:26:35 [INFO] [OctoBans] ytb_xxkarnagexx sql checked, record: spam by YTB_XxKarnageXx to 1508692465
23-10-17 00:26:35 [INFO] [OctoBans] ytb_xxkarnagexx sql checked, record: spam by YTB_XxKarnageXx to 1508692470
23-10-17 00:26:35 [INFO] [OctoBans] ytb_xxkarnagexx sql checked, record: doubleposte by YTB_XxKarnageXx to 1508689243
23-10-17 00:26:35 [INFO] [OctoBans] ytb_xxkarnagexx sql checked, record: majuscule by YTB_XxKarnageXx to 1508689570
23-10-17 00:26:35 [INFO] [OctoBans] ytb_xxkarnagexx sql checked, record: majuscule by YTB_XxKarnageXx to 1508689627
23-10-17 00:26:35 [INFO] [OctoBans] ytb_xxkarnagexx sql checked, record: doubleposte by YTB_XxKarnageXx to 1508689471
23-10-17 00:26:35 [INFO] [OctoBans] ytb_xxkarnagexx sql checked, record: doubleposte by YTB_XxKarnageXx to 1508689562
23-10-17 00:26:35 [INFO] [OctoBans] ytb_xxkarnagexx sql checked, record: tpkill by YTB_XxKarnageXx to 1508776228
23-10-17 00:26:35 [INFO] [OctoBans] ytb_xxkarnagexx sql checked, record: tpkill by YTB_XxKarnageXx to 1508776313
23-10-17 00:26:35 [INFO] [OctoBans] ytb_xxkarnagexx sql checked, record: tpkill by YTB_XxKarnageXx to 1508776324
23-10-17 00:26:35 [INFO] [OctoBans] ytb_xxkarnagexx sql checked, record: doubleposte by YTB_XxKarnageXx to 1508690577
23-10-17 00:26:35 [INFO] [OctoBans] ytb_xxkarnagexx sql checked, record: pseudograve by YTB_XxKarnageXx to -1
23-10-17 00:26:35 [INFO] [OctoBans] ytb_xxkarnagexx sql checked, record: pubyt by YTB_XxKarnageXx to 1508694989
23-10-17 00:26:35 [INFO] [OctoBans] ytb_xxkarnagexx sql checked, record: spam by YTB_XxKarnageXx to 1508695260
23-10-17 00:26:35 [INFO] [OctoBans] ytb_xxkarnagexx sql checked, record: spam by YTB_XxKarnageXx to 1508695309
23-10-17 00:26:35 [INFO] [OctoBans] ytb_xxkarnagexx sql checked, record: spam by YTB_XxKarnageXx to 1508695685
23-10-17 00:26:35 [INFO] [OctoBans] ytb_xxkarnagexx sql checked, record: insultesrv by YTB_XxKarnageXx to 1508710120
23-10-17 00:26:35 [INFO] [OctoBans] ytb_xxkarnagexx sql checked, record: tpkill by YTB_XxKarnageXx to 1508778769
23-10-17 00:26:35 [INFO] [OctoBans] ytb_xxkarnagexx sql checked, record: pubsrv by YTB_XxKarnageXx to 1508696249
23-10-17 00:26:35 [INFO] [OctoBans] ytb_xxkarnagexx sql checked, record: doubleposte by YTB_XxKarnageXx to 1508693077
23-10-17 00:26:35 [INFO] [OctoBans] ytb_xxkarnagexx sql checked, record: doubleposte by YTB_XxKarnageXx to 1508693234
23-10-17 00:26:35 [INFO] [OctoBans] ytb_xxkarnagexx sql checked, record: pubyt by YTB_XxKarnageXx to 1508698286
23-10-17 00:26:35 [INFO] [OctoBans] ytb_xxkarnagexx sql checked, record: majuscule by YTB_XxKarnageXx to 1508695292
23-10-17 00:26:35 [INFO] [OctoBans] ytb_xxkarnagexx sql checked, record: insultegrave by YTB_XxKarnageXx to 1508730714
23-10-17 00:26:35 [INFO] [OctoBans] ytb_xxkarnagexx sql checked, record: langage by YTB_XxKarnageXx to 1508695672
23-10-17 00:26:35 [INFO] [OctoBans] ytb_xxkarnagexx sql checked, record: provocation by YTB_XxKarnageXx to 1508695688
23-10-17 00:26:35 [INFO] [OctoBans] ytb_xxkarnagexx sql checked, record: langage by YTB_XxKarnageXx to 1508696005
23-10-17 00:26:35 [INFO] [OctoBans] ytb_xxkarnagexx sql checked, record: doubleposte by YTB_XxKarnageXx to 1508695708
23-10-17 00:26:35 [INFO] [OctoBans] ytb_xxkarnagexx sql checked, record: majuscule by YTB_XxKarnageXx to 1508696027
23-10-17 00:26:35 [INFO] [OctoBans] ytb_xxkarnagexx sql checked, record: majuscule by YTB_XxKarnageXx to 1508696072
23-10-17 00:26:35 [INFO] [OctoBans] ytb_xxkarnagexx sql checked, record: tpkill by YTB_XxKarnageXx to 1508781891
23-10-17 00:26:35 [INFO] [OctoBans] ytb_xxkarnagexx sql checked, record: majuscule by YTB_XxKarnageXx to 1508696096
23-10-17 00:26:35 [INFO] [OctoBans] ytb_xxkarnagexx sql checked, record: doubleposte by YTB_XxKarnageXx to 1508695831
23-10-17 00:26:35 [INFO] [OctoBans] ytb_xxkarnagexx sql checked, record: pubsrv by YTB_XxKarnageXx to 1508699752
23-10-17 00:26:35 [INFO] [OctoBans] ytb_xxkarnagexx sql checked, record: pubsrv by YTB_XxKarnageXx to 1508699769
23-10-17 00:26:35 [INFO] [OctoBans] ytb_xxkarnagexx sql checked, record: doubleposte by YTB_XxKarnageXx to 1508696502
23-10-17 00:26:35 [INFO] [OctoBans] ytb_xxkarnagexx sql checked, record: spam by YTB_XxKarnageXx to 1508699815
23-10-17 00:26:35 [INFO] [OctoBans] ytb_xxkarnagexx sql checked, record: doubleposte by YTB_XxKarnageXx to 1508696627
23-10-17 00:26:35 [INFO] [OctoBans] ytb_xxkarnagexx sql checked, record: pubsrv by YTB_XxKarnageXx to 1508700278
23-10-17 00:26:35 [INFO] [OctoBans] ytb_xxkarnagexx sql checked, record: doubleposte by YTB_XxKarnageXx to 1508697074
23-10-17 00:26:35 [INFO] [OctoBans] ytb_xxkarnagexx sql checked, record: doubleposte by YTB_XxKarnageXx to 1508697175
23-10-17 00:26:35 [INFO] [OctoBans] ytb_xxkarnagexx sql checked, record: doubleposte by YTB_XxKarnageXx to 1508697398
23-10-17 00:26:35 [INFO] [OctoBans] ytb_xxkarnagexx sql checked, record: tpkill by YTB_XxKarnageXx to 1508783834
23-10-17 00:26:35 [INFO] [OctoBans] ytb_xxkarnagexx sql checked, record: majuscule by YTB_XxKarnageXx to 1508699322
23-10-17 00:26:35 [INFO] [OctoBans] ytb_xxkarnagexx sql checked, record: doubleposte by YTB_XxKarnageXx to 1508699064
23-10-17 00:26:35 [INFO] [OctoBans] ytb_xxkarnagexx sql checked, record: doubleposte by YTB_XxKarnageXx to 1508699784
23-10-17 00:26:35 [INFO] [OctoBans] ytb_xxkarnagexx sql checked, record: majuscule by YTB_XxKarnageXx to 1508700572
23-10-17 00:26:35 [INFO] [OctoBans] ytb_xxkarnagexx sql checked, record: tpkill by YTB_XxKarnageXx to 1508787064
23-10-17 00:26:35 [INFO] [OctoBans] ytb_xxkarnagexx sql checked, record: spam by YTB_XxKarnageXx to 1508704828
23-10-17 00:26:35 [INFO] [OctoBans] ytb_xxkarnagexx sql checked, record: spam by YTB_XxKarnageXx to 1508704835
23-10-17 00:26:35 [INFO] [OctoBans] ytb_xxkarnagexx sql checked, record: spam by YTB_XxKarnageXx to 1508704842
23-10-17 00:26:35 [INFO] [OctoBans] ytb_xxkarnagexx sql checked, record: spam by YTB_XxKarnageXx to 1508704847
23-10-17 00:26:35 [INFO] [OctoBans] ytb_xxkarnagexx sql checked, record: spam by YTB_XxKarnageXx to 1508704854
23-10-17 00:26:35 [INFO] [OctoBans] ytb_xxkarnagexx sql checked, record: spam by YTB_XxKarnageXx to 1508704863
23-10-17 00:26:35 [INFO] [OctoBans] ytb_xxkarnagexx sql checked, record: spam by YTB_XxKarnageXx to 1508704876
23-10-17 00:26:35 [INFO] [OctoBans] ytb_xxkarnagexx sql checked, record: spam by YTB_XxKarnageXx to 1508704882
23-10-17 00:26:35 [INFO] [OctoBans] ytb_xxkarnagexx sql checked, record: spam by YTB_XxKarnageXx to 1508704900
23-10-17 00:26:35 [INFO] [OctoBans] ytb_xxkarnagexx sql checked, record: provocation by YTB_XxKarnageXx to 1508701636
23-10-17 00:26:35 [INFO] [OctoBans] ytb_xxkarnagexx sql checked, record: doubleposte by YTB_XxKarnageXx to 1508701663
23-10-17 00:26:35 [INFO] [OctoBans] ytb_xxkarnagexx sql checked, record: spam by YTB_XxKarnageXx to 1508705140
23-10-17 00:26:35 [INFO] [OctoBans] ytb_xxkarnagexx sql checked, record: doubleposte by YTB_XxKarnageXx to 1508701848
23-10-17 00:26:35 [INFO] [OctoBans] ytb_xxkarnagexx sql checked, record: insulte by YTB_XxKarnageXx to 1508704399
23-10-17 00:26:35 [INFO] [OctoBans] ytb_xxkarnagexx sql checked, record: doubleposte by YTB_XxKarnageXx to 1508703187
23-10-17 00:26:35 [INFO] [OctoBans] ytb_xxkarnagexx sql checked, record: doubleposte by YTB_XxKarnageXx to 1508703581
23-10-17 00:26:35 [INFO] [OctoBans] ytb_xxkarnagexx sql checked, record: doubleposte by YTB_XxKarnageXx to 1508703753
23-10-17 00:26:35 [INFO] [OctoBans] ytb_xxkarnagexx sql checked, record: spam by YTB_XxKarnageXx to 1508709005
23-10-17 00:26:35 [INFO] [OctoBans] ytb_xxkarnagexx sql checked, record: langage by YTB_XxKarnageXx to 1508706010
23-10-17 00:26:35 [INFO] [OctoBans] ytb_xxkarnagexx sql checked, record: langage by YTB_XxKarnageXx to 1508706781
23-10-17 00:26:35 [INFO] [OctoBans] ytb_xxkarnagexx sql checked, record: majuscule by YTB_XxKarnageXx to 1508707524
23-10-17 00:26:35 [INFO] [OctoBans] ytb_xxkarnagexx sql checked, record: langage by YTB_XxKarnageXx to 1508707599
23-10-17 00:26:35 [INFO] [OctoBans] ytb_xxkarnagexx sql checked, record: doubleposte by YTB_XxKarnageXx to 1508709184
23-10-17 00:26:35 [INFO] [OctoBans] ytb_xxkarnagexx sql checked, record: tpkill by YTB_XxKarnageXx to 1508796104
23-10-17 00:26:37 [INFO] [OctoBans] remil sql checked, record: spammp by Remil to -1
23-10-17 00:26:37 [INFO] [OctoBans] remil sql checked, record: spammp by Remil to -1
23-10-17 00:26:37 [INFO] [OctoBans] remil sql checked, record: spammp by Remil to -1
23-10-17 00:26:37 [INFO] [OctoBans] remil sql checked, record: spammp by Remil to -1
23-10-17 00:26:37 [INFO] [OctoBans] remil sql checked, record: spammp by Remil to -1
23-10-17 00:26:37 [INFO] [OctoBans] remil sql checked, record: spammp by Remil to -1
23-10-17 00:26:37 [INFO] [OctoBans] remil sql checked, record: spammp by Remil to -1
23-10-17 00:26:37 [INFO] [OctoBans] remil sql checked, record: doubleposte by Remil to 1508684140
23-10-17 00:26:37 [INFO] [OctoBans] remil sql checked, record: provocation by Remil to 1508684334
23-10-17 00:26:37 [INFO] [OctoBans] remil sql checked, record: spammp by Remil to -1
23-10-17 00:26:37 [INFO] [OctoBans] remil sql checked, record: majuscule by Remil to 1508685893
23-10-17 00:26:37 [INFO] [OctoBans] remil sql checked, record: doubleposte by Remil to 1508685632
23-10-17 00:26:37 [INFO] [OctoBans] remil sql checked, record: doubleposte by Remil to 1508685698
23-10-17 00:26:37 [INFO] [OctoBans] remil sql checked, record: doubleposte by Remil to 1508685848
23-10-17 00:26:37 [INFO] [OctoBans] remil sql checked, record: spammp by Remil to -1
23-10-17 00:26:37 [INFO] [OctoBans] remil sql checked, record: spammp by Remil to -1
23-10-17 00:26:37 [INFO] [OctoBans] remil sql checked, record: doubleposte by Remil to 1508687217
23-10-17 00:26:37 [INFO] [OctoBans] remil sql checked, record: majuscule by Remil to 1508688511
23-10-17 00:26:37 [INFO] [OctoBans] remil sql checked, record: spam by Remil to 1508691527
23-10-17 00:26:37 [INFO] [OctoBans] remil sql checked, record: majuscule by Remil to 1508688575
23-10-17 00:26:37 [INFO] [OctoBans] remil sql checked, record: spammp by Remil to -1
23-10-17 00:26:37 [INFO] [OctoBans] remil sql checked, record: spammp by Remil to -1
23-10-17 00:26:37 [INFO] [OctoBans] remil sql checked, record: majuscule by Remil to 1508689005
23-10-17 00:26:37 [INFO] [OctoBans] remil sql checked, record: majuscule by Remil to 1508689018
23-10-17 00:26:37 [INFO] [OctoBans] remil sql checked, record: faussesinfos by Remil to 1508775004
23-10-17 00:26:37 [INFO] [OctoBans] remil sql checked, record: spam by Remil to 1508692377
23-10-17 00:26:37 [INFO] [OctoBans] remil sql checked, record: doubleposte by Remil to 1508689650
23-10-17 00:26:37 [INFO] [OctoBans] remil sql checked, record: spam by Remil to 1508692931
23-10-17 00:26:37 [INFO] [OctoBans] remil sql checked, record: majuscule by Remil to 1508690284
23-10-17 00:26:37 [INFO] [OctoBans] remil sql checked, record: majuscule by Remil to 1508691018
23-10-17 00:26:37 [INFO] [OctoBans] remil sql checked, record: provocation by Remil to 1508691027
23-10-17 00:26:37 [INFO] [OctoBans] remil sql checked, record: langage by Remil to 1508691623
23-10-17 00:26:37 [INFO] [OctoBans] remil sql checked, record: spam by Remil to 1508694897
23-10-17 00:26:37 [INFO] [OctoBans] remil sql checked, record: pubyt by Remil to 1508695777
23-10-17 00:26:37 [INFO] [OctoBans] remil sql checked, record: majuscule by Remil to 1508693810
23-10-17 00:26:37 [INFO] [OctoBans] remil sql checked, record: insultegrave by Remil to 1508729285
23-10-17 00:26:37 [INFO] [OctoBans] remil sql checked, record: doubleposte by Remil to 1508693604
23-10-17 00:26:37 [INFO] [OctoBans] remil sql checked, record: majuscule by Remil to 1508695774
23-10-17 00:26:37 [INFO] [OctoBans] remil sql checked, record: majuscule by Remil to 1508695845
23-10-17 00:26:37 [INFO] [OctoBans] remil sql checked, record: homophobie by Remil to 1508781741
23-10-17 00:26:37 [INFO] [OctoBans] remil sql checked, record: doubleposte by Remil to 1508696889
23-10-17 00:26:37 [INFO] [OctoBans] remil sql checked, record: majuscule by Remil to 1508696835
23-10-17 00:26:37 [INFO] [OctoBans] remil sql checked, record: majuscule by Remil to 1508696878
23-10-17 00:26:37 [INFO] [OctoBans] remil sql checked, record: majuscule by Remil to 1508696883
23-10-17 00:26:37 [INFO] [OctoBans] remil sql checked, record: insulte by Remil to 1508698990
23-10-17 00:26:37 [INFO] [OctoBans] remil sql checked, record: spam by Remil to 1508699902
23-10-17 00:26:37 [INFO] [OctoBans] remil sql checked, record: majuscule by Remil to 1508696963
23-10-17 00:26:37 [INFO] [OctoBans] remil sql checked, record: majuscule by Remil to 1508698036
23-10-17 00:26:37 [INFO] [OctoBans] remil sql checked, record: majuscule by Remil to 1508698366
23-10-17 00:26:37 [INFO] [OctoBans] remil sql checked, record: insulte by Remil to 1508700797
23-10-17 00:26:37 [INFO] [OctoBans] remil sql checked, record: majuscule by Remil to 1508698865
23-10-17 00:26:37 [INFO] [OctoBans] remil sql checked, record: insulte by Remil to 1508701040
23-10-17 00:26:37 [INFO] [OctoBans] remil sql checked, record: spam by Remil to 1508702107
23-10-17 00:26:37 [INFO] [OctoBans] remil sql checked, record: insulte by Remil to 1508701246
23-10-17 00:26:37 [INFO] [OctoBans] remil sql checked, record: majuscule by Remil to 1508699308
23-10-17 00:26:37 [INFO] [OctoBans] remil sql checked, record: doubleposte by Remil to 1508699181
23-10-17 00:26:37 [INFO] [OctoBans] remil sql checked, record: doubleposte by Remil to 1508699336
23-10-17 00:26:37 [INFO] [OctoBans] remil sql checked, record: spam by Remil to 1508702699
23-10-17 00:26:37 [INFO] [OctoBans] remil sql checked, record: tpkill by Remil to 1508785506
23-10-17 00:26:37 [INFO] [OctoBans] remil sql checked, record: doubleposte by Remil to 1508699446
23-10-17 00:26:37 [INFO] [OctoBans] remil sql checked, record: majuscule by Remil to 1508700490
23-10-17 00:26:37 [INFO] [OctoBans] remil sql checked, record: majuscule by Remil to 1508700254
23-10-17 00:26:37 [INFO] [OctoBans] remil sql checked, record: doubleposte by Remil to 1508699961
23-10-17 00:26:37 [INFO] [OctoBans] remil sql checked, record: doubleposte by Remil to 1508700040
23-10-17 00:26:37 [INFO] [OctoBans] remil sql checked, record: majuscule by Remil to 1508700469
23-10-17 00:26:37 [INFO] [OctoBans] remil sql checked, record: majuscule by Remil to 1508700587
23-10-17 00:26:37 [INFO] [OctoBans] remil sql checked, record: spam by Remil to 1508703590
23-10-17 00:26:37 [INFO] [OctoBans] remil sql checked, record: doubleposte by Remil to 1508700304
23-10-17 00:26:37 [INFO] [OctoBans] remil sql checked, record: doubleposte by Remil to 1508701360
23-10-17 00:26:37 [INFO] [OctoBans] remil sql checked, record: doubleposte by Remil to 1508701744
23-10-17 00:26:37 [INFO] [OctoBans] remil sql checked, record: langage by Remil to 1508702196
23-10-17 00:26:37 [INFO] [OctoBans] remil sql checked, record: majuscule by Remil to 1508702275
23-10-17 00:26:37 [INFO] [OctoBans] remil sql checked, record: majuscule by Remil to 1508702446
23-10-17 00:26:37 [INFO] [OctoBans] remil sql checked, record: majuscule by Remil to 1508702534
23-10-17 00:26:37 [INFO] [OctoBans] remil sql checked, record: spamfopen by Remil to 1508875719
23-10-17 00:26:37 [INFO] [OctoBans] remil sql checked, record: majuscule by Remil to 1508704939
23-10-17 00:26:37 [INFO] [OctoBans] remil sql checked, record: majuscule by Remil to 1508705335
23-10-17 00:26:37 [INFO] [OctoBans] remil sql checked, record: langage by Remil to 1508705436
23-10-17 00:26:37 [INFO] [OctoBans] remil sql checked, record: provocation by Remil to 1508705149
23-10-17 00:26:37 [INFO] [OctoBans] remil sql checked, record: majuscule by Remil to 1508705460
23-10-17 00:26:37 [INFO] [OctoBans] remil sql checked, record: doubleposte by Remil to 1508705221
23-10-17 00:26:37 [INFO] [OctoBans] remil sql checked, record: tpkill by Remil to 1508791369
23-10-17 00:26:37 [INFO] [OctoBans] remil sql checked, record: insultegrave by Remil to 1508741443
23-10-17 00:26:37 [INFO] [OctoBans] remil sql checked, record: doubleposte by Remil to 1508706107
23-10-17 00:26:37 [INFO] [OctoBans] remil sql checked, record: doubleposte by Remil to 1508706645
23-10-17 00:26:37 [INFO] [OctoBans] remil sql checked, record: doubleposte by Remil to 1508707266
23-10-17 00:26:37 [INFO] [OctoBans] remil sql checked, record: insultegrave by Remil to 1508743412
23-10-17 00:26:37 [INFO] [OctoBans] remil sql checked, record: majuscule by Remil to 1508708041
23-10-17 00:26:37 [INFO] [OctoBans] remil sql checked, record: doubleposte by Remil to 1508708035
23-10-17 00:26:37 [INFO] [OctoBans] remil sql checked, record: langage by Remil to 1508708346
23-10-17 00:26:37 [INFO] [OctoBans] remil sql checked, record: doubleposte by Remil to 1508711490
23-10-17 00:29:27 [INFO] [OctoBans] YTB_XxKarnageXx punished titoux_tv for: Usurpation grave
23-10-17 00:30:52 [INFO] [OctoBans] YTB_XxKarnageXx punished tibs for: Double Poste
23-10-17 00:30:58 [INFO] [OctoBans] YTB_XxKarnageXx punished kitkatben for: Insulte staff
23-10-17 00:40:21 [INFO] [OctoBans] YTB_XxKarnageXx punished teqzmodz32 for: Double Poste
23-10-17 00:51:33 [INFO] [OctoBans] antoine57565 sql checked, record: insulte by Antoine57565 to 1508691964
23-10-17 00:51:33 [INFO] [OctoBans] antoine57565 sql checked, record: insulte by Antoine57565 to 1508693921
23-10-17 00:51:33 [INFO] [OctoBans] antoine57565 sql checked, record: insulte by Antoine57565 to 1508701131
23-10-17 00:51:33 [INFO] [OctoBans] antoine57565 sql checked, record: spammp by Antoine57565 to -1
23-10-17 00:51:33 [INFO] [OctoBans] antoine57565 sql checked, record: spammp by Antoine57565 to -1
23-10-17 00:51:33 [INFO] [OctoBans] antoine57565 sql checked, record: spammp by Antoine57565 to -1
23-10-17 00:51:33 [INFO] [OctoBans] antoine57565 sql checked, record: insulte by Antoine57565 to 1508707413
23-10-17 00:51:33 [INFO] [OctoBans] antoine57565 sql checked, record: spammp by Antoine57565 to -1
23-10-17 00:51:33 [INFO] [OctoBans] antoine57565 sql checked, record: insulte by Antoine57565 to 1508708485
23-10-17 00:51:33 [INFO] [OctoBans] antoine57565 sql checked, record: spammp by Antoine57565 to -1
23-10-17 00:51:33 [INFO] [OctoBans] antoine57565 sql checked, record: spammp by Antoine57565 to -1
23-10-17 00:51:33 [INFO] [OctoBans] antoine57565 sql checked, record: insulte by Antoine57565 to 1508711278
23-10-17 00:51:33 [INFO] [OctoBans] antoine57565 sql checked, record: insulte by Antoine57565 to 1508711790
23-10-17 00:51:33 [INFO] [OctoBans] antoine57565 sql checked, record: insulte by Antoine57565 to 1508711986
23-10-17 00:51:33 [INFO] [OctoBans] antoine57565 sql checked, record: insulte by Antoine57565 to 1508712022
23-10-17 00:53:43 [INFO] [OctoBans] YTB_XxKarnageXx punished ryda4 for: Spam/flood
23-10-17 00:53:55 [INFO] [OctoBans] Remil punished jessy12345 for: Double Poste
23-10-17 00:58:31 [INFO] [OctoBans] Remil punished ryda4 for: Spam/flood en MP
23-10-17 01:02:35 [INFO] [OctoBans] Remil punished bysherkan for: Double Poste
23-10-17 01:16:21 [INFO] [OctoBans] Remil punished furitoxx for: Fausses informations
23-10-17 01:16:30 [INFO] [OctoBans] Remil punished winningytg for: Langage incorrect
23-10-17 01:16:40 [INFO] [OctoBans] Remil punished winningyt for: Langage incorrect
23-10-17 01:28:43 [INFO] [OctoBans] Remil punished azizlapoite for: Double Poste
23-10-17 01:30:12 [INFO] [OctoBans] remil sql checked, record: spammp by Remil to -1
23-10-17 01:30:12 [INFO] [OctoBans] remil sql checked, record: spammp by Remil to -1
23-10-17 01:30:12 [INFO] [OctoBans] remil sql checked, record: spammp by Remil to -1
23-10-17 01:30:12 [INFO] [OctoBans] remil sql checked, record: spammp by Remil to -1
23-10-17 01:30:12 [INFO] [OctoBans] remil sql checked, record: spammp by Remil to -1
23-10-17 01:30:12 [INFO] [OctoBans] remil sql checked, record: spammp by Remil to -1
23-10-17 01:30:12 [INFO] [OctoBans] remil sql checked, record: spammp by Remil to -1
23-10-17 01:30:12 [INFO] [OctoBans] remil sql checked, record: doubleposte by Remil to 1508684140
23-10-17 01:30:12 [INFO] [OctoBans] remil sql checked, record: provocation by Remil to 1508684334
23-10-17 01:30:12 [INFO] [OctoBans] remil sql checked, record: spammp by Remil to -1
23-10-17 01:30:12 [INFO] [OctoBans] remil sql checked, record: majuscule by Remil to 1508685893
23-10-17 01:30:12 [INFO] [OctoBans] remil sql checked, record: doubleposte by Remil to 1508685632
23-10-17 01:30:12 [INFO] [OctoBans] remil sql checked, record: doubleposte by Remil to 1508685698
23-10-17 01:30:12 [INFO] [OctoBans] remil sql checked, record: doubleposte by Remil to 1508685848
23-10-17 01:30:12 [INFO] [OctoBans] remil sql checked, record: spammp by Remil to -1
23-10-17 01:30:12 [INFO] [OctoBans] remil sql checked, record: spammp by Remil to -1
23-10-17 01:30:12 [INFO] [OctoBans] remil sql checked, record: doubleposte by Remil to 1508687217
23-10-17 01:30:12 [INFO] [OctoBans] remil sql checked, record: majuscule by Remil to 1508688511
23-10-17 01:30:12 [INFO] [OctoBans] remil sql checked, record: spam by Remil to 1508691527
23-10-17 01:30:12 [INFO] [OctoBans] remil sql checked, record: majuscule by Remil to 1508688575
23-10-17 01:30:12 [INFO] [OctoBans] remil sql checked, record: spammp by Remil to -1
23-10-17 01:30:12 [INFO] [OctoBans] remil sql checked, record: spammp by Remil to -1
23-10-17 01:30:12 [INFO] [OctoBans] remil sql checked, record: majuscule by Remil to 1508689005
23-10-17 01:30:12 [INFO] [OctoBans] remil sql checked, record: majuscule by Remil to 1508689018
23-10-17 01:30:12 [INFO] [OctoBans] remil sql checked, record: faussesinfos by Remil to 1508775004
23-10-17 01:30:12 [INFO] [OctoBans] remil sql checked, record: spam by Remil to 1508692377
23-10-17 01:30:12 [INFO] [OctoBans] remil sql checked, record: doubleposte by Remil to 1508689650
23-10-17 01:30:12 [INFO] [OctoBans] remil sql checked, record: spam by Remil to 1508692931
23-10-17 01:30:12 [INFO] [OctoBans] remil sql checked, record: majuscule by Remil to 1508690284
23-10-17 01:30:12 [INFO] [OctoBans] remil sql checked, record: majuscule by Remil to 1508691018
23-10-17 01:30:12 [INFO] [OctoBans] remil sql checked, record: provocation by Remil to 1508691027
23-10-17 01:30:12 [INFO] [OctoBans] remil sql checked, record: langage by Remil to 1508691623
23-10-17 01:30:12 [INFO] [OctoBans] remil sql checked, record: spam by Remil to 1508694897
23-10-17 01:30:12 [INFO] [OctoBans] remil sql checked, record: pubyt by Remil to 1508695777
23-10-17 01:30:12 [INFO] [OctoBans] remil sql checked, record: majuscule by Remil to 1508693810
23-10-17 01:30:12 [INFO] [OctoBans] remil sql checked, record: insultegrave by Remil to 1508729285
23-10-17 01:30:12 [INFO] [OctoBans] remil sql checked, record: doubleposte by Remil to 1508693604
23-10-17 01:30:12 [INFO] [OctoBans] remil sql checked, record: majuscule by Remil to 1508695774
23-10-17 01:30:12 [INFO] [OctoBans] remil sql checked, record: majuscule by Remil to 1508695845
23-10-17 01:30:12 [INFO] [OctoBans] remil sql checked, record: homophobie by Remil to 1508781741
23-10-17 01:30:12 [INFO] [OctoBans] remil sql checked, record: doubleposte by Remil to 1508696889
23-10-17 01:30:12 [INFO] [OctoBans] remil sql checked, record: majuscule by Remil to 1508696835
23-10-17 01:30:12 [INFO] [OctoBans] remil sql checked, record: majuscule by Remil to 1508696878
23-10-17 01:30:12 [INFO] [OctoBans] remil sql checked, record: majuscule by Remil to 1508696883
23-10-17 01:30:12 [INFO] [OctoBans] remil sql checked, record: insulte by Remil to 1508698990
23-10-17 01:30:12 [INFO] [OctoBans] remil sql checked, record: spam by Remil to 1508699902
23-10-17 01:30:12 [INFO] [OctoBans] remil sql checked, record: majuscule by Remil to 1508696963
23-10-17 01:30:12 [INFO] [OctoBans] remil sql checked, record: majuscule by Remil to 1508698036
23-10-17 01:30:12 [INFO] [OctoBans] remil sql checked, record: majuscule by Remil to 1508698366
23-10-17 01:30:12 [INFO] [OctoBans] remil sql checked, record: insulte by Remil to 1508700797
23-10-17 01:30:12 [INFO] [OctoBans] remil sql checked, record: majuscule by Remil to 1508698865
23-10-17 01:30:12 [INFO] [OctoBans] remil sql checked, record: insulte by Remil to 1508701040
23-10-17 01:30:12 [INFO] [OctoBans] remil sql checked, record: spam by Remil to 1508702107
23-10-17 01:30:12 [INFO] [OctoBans] remil sql checked, record: insulte by Remil to 1508701246
23-10-17 01:30:12 [INFO] [OctoBans] remil sql checked, record: majuscule by Remil to 1508699308
23-10-17 01:30:12 [INFO] [OctoBans] remil sql checked, record: doubleposte by Remil to 1508699181
23-10-17 01:30:12 [INFO] [OctoBans] remil sql checked, record: doubleposte by Remil to 1508699336
23-10-17 01:30:12 [INFO] [OctoBans] remil sql checked, record: spam by Remil to 1508702699
23-10-17 01:30:12 [INFO] [OctoBans] remil sql checked, record: tpkill by Remil to 1508785506
23-10-17 01:30:12 [INFO] [OctoBans] remil sql checked, record: doubleposte by Remil to 1508699446
23-10-17 01:30:12 [INFO] [OctoBans] remil sql checked, record: majuscule by Remil to 1508700490
23-10-17 01:30:12 [INFO] [OctoBans] remil sql checked, record: majuscule by Remil to 1508700254
23-10-17 01:30:12 [INFO] [OctoBans] remil sql checked, record: doubleposte by Remil to 1508699961
23-10-17 01:30:12 [INFO] [OctoBans] remil sql checked, record: doubleposte by Remil to 1508700040
23-10-17 01:30:12 [INFO] [OctoBans] remil sql checked, record: majuscule by Remil to 1508700469
23-10-17 01:30:12 [INFO] [OctoBans] remil sql checked, record: majuscule by Remil to 1508700587
23-10-17 01:30:12 [INFO] [OctoBans] remil sql checked, record: spam by Remil to 1508703590
23-10-17 01:30:12 [INFO] [OctoBans] remil sql checked, record: doubleposte by Remil to 1508700304
23-10-17 01:30:12 [INFO] [OctoBans] remil sql checked, record: doubleposte by Remil to 1508701360
23-10-17 01:30:12 [INFO] [OctoBans] remil sql checked, record: doubleposte by Remil to 1508701744
23-10-17 01:30:12 [INFO] [OctoBans] remil sql checked, record: langage by Remil to 1508702196
23-10-17 01:30:12 [INFO] [OctoBans] remil sql checked, record: majuscule by Remil to 1508702275
23-10-17 01:30:12 [INFO] [OctoBans] remil sql checked, record: majuscule by Remil to 1508702446
23-10-17 01:30:12 [INFO] [OctoBans] remil sql checked, record: majuscule by Remil to 1508702534
23-10-17 01:30:12 [INFO] [OctoBans] remil sql checked, record: spamfopen by Remil to 1508875719
23-10-17 01:30:12 [INFO] [OctoBans] remil sql checked, record: majuscule by Remil to 1508704939
23-10-17 01:30:12 [INFO] [OctoBans] remil sql checked, record: majuscule by Remil to 1508705335
23-10-17 01:30:12 [INFO] [OctoBans] remil sql checked, record: langage by Remil to 1508705436
23-10-17 01:30:12 [INFO] [OctoBans] remil sql checked, record: provocation by Remil to 1508705149
23-10-17 01:30:12 [INFO] [OctoBans] remil sql checked, record: majuscule by Remil to 1508705460
23-10-17 01:30:12 [INFO] [OctoBans] remil sql checked, record: doubleposte by Remil to 1508705221
23-10-17 01:30:12 [INFO] [OctoBans] remil sql checked, record: tpkill by Remil to 1508791369
23-10-17 01:30:12 [INFO] [OctoBans] remil sql checked, record: insultegrave by Remil to 1508741443
23-10-17 01:30:12 [INFO] [OctoBans] remil sql checked, record: doubleposte by Remil to 1508706107
23-10-17 01:30:12 [INFO] [OctoBans] remil sql checked, record: doubleposte by Remil to 1508706645
23-10-17 01:30:12 [INFO] [OctoBans] remil sql checked, record: doubleposte by Remil to 1508707266
23-10-17 01:30:12 [INFO] [OctoBans] remil sql checked, record: insultegrave by Remil to 1508743412
23-10-17 01:30:12 [INFO] [OctoBans] remil sql checked, record: majuscule by Remil to 1508708041
23-10-17 01:30:12 [INFO] [OctoBans] remil sql checked, record: doubleposte by Remil to 1508708035
23-10-17 01:30:12 [INFO] [OctoBans] remil sql checked, record: langage by Remil to 1508708346
23-10-17 01:30:12 [INFO] [OctoBans] remil sql checked, record: doubleposte by Remil to 1508711490
23-10-17 01:30:12 [INFO] [OctoBans] remil sql checked, record: doubleposte by Remil to 1508713135
23-10-17 01:30:12 [INFO] [OctoBans] remil sql checked, record: spammp by Remil to -1
23-10-17 01:30:12 [INFO] [OctoBans] remil sql checked, record: doubleposte by Remil to 1508713655
23-10-17 01:30:12 [INFO] [OctoBans] remil sql checked, record: faussesinfos by Remil to 1508800581
23-10-17 01:30:12 [INFO] [OctoBans] remil sql checked, record: langage by Remil to 1508714790
23-10-17 01:30:12 [INFO] [OctoBans] remil sql checked, record: langage by Remil to 1508714800
23-10-17 01:30:12 [INFO] [OctoBans] remil sql checked, record: doubleposte by Remil to 1508715223
23-10-17 01:30:58 [INFO] [OctoBans] Remil punished doomnight91 for: Majuscule
23-10-17 01:33:02 [INFO] [OctoBans] Remil punished davenherobrine for: Majuscule
23-10-17 02:19:29 [INFO] [OctoBans] knight sql checked, record: spammp by Remil to -1
23-10-17 03:11:17 [INFO] [OctoBans] Remil punished icryx_ for: Double Poste
23-10-17 03:37:38 [INFO] [OctoBans] Remil punished dark_titix for: Provocation
23-10-17 06:01:01 [INFO] [OctoBans] Disabling OctoBans v1.0
