18-07-17 22:31:42 [INFO] [OctoBans] File Handler successfully initialized!
18-07-17 22:31:42 [INFO] [OctoBans] SQL connection successfully etablished
18-07-17 22:31:42 [INFO] [OctoBans] Moderator Tools by Octonia.
18-07-17 22:31:48 [INFO] [OctoBans] lololaclarinette sql checked, record: spam by Theo97 to 1500420256
18-07-17 22:31:48 [INFO] [OctoBans] ozmog_yt sql checked, record: spam by Diamond13 to 1500413951
18-07-17 22:31:48 [INFO] [OctoBans] charifboss sql checked, record: spammp by Blubfire to -1
18-07-17 22:31:48 [INFO] [OctoBans] charifboss sql checked, record: spammp by SnowEffect to -1
18-07-17 22:31:48 [INFO] [OctoBans] sam_ytb sql checked, record: spammp by iPurple_ to -1
18-07-17 22:31:48 [INFO] [OctoBans] njims sql checked, record: spammp by Remil to -1
18-07-17 22:31:48 [INFO] [OctoBans] njims sql checked, record: spammp by PseudoNul to -1
18-07-17 22:31:48 [INFO] [OctoBans] waldeck22 sql checked, record: spammp by iPurple_ to -1
18-07-17 22:31:48 [INFO] [OctoBans] ishaadow_ sql checked, record: incitationflood by tinmar to 1500478189
18-07-17 22:31:48 [INFO] [OctoBans] _kheyzz_ sql checked, record: flood by iPurple_ to 1500420175
18-07-17 22:31:48 [INFO] [OctoBans] maxougaming sql checked, record: spammp by PseudoNul to -1
18-07-17 22:31:48 [INFO] [OctoBans] maxougaming sql checked, record: spammp by PseudoNul to -1
18-07-17 22:31:48 [INFO] [OctoBans] maxougaming sql checked, record: spammp by Remil to -1
18-07-17 22:31:48 [INFO] [OctoBans] maxougaming sql checked, record: spammp by Remil to -1
18-07-17 22:31:48 [INFO] [OctoBans] maxougaming sql checked, record: spammp by NeosiaNexus to -1
18-07-17 22:31:48 [INFO] [OctoBans] maxougaming sql checked, record: spammp by iPurple_ to -1
18-07-17 22:31:48 [INFO] [OctoBans] xxheroiikxx sql checked, record: floodmp by Forway to -1
18-07-17 22:31:48 [INFO] [OctoBans] biguiboss31 sql checked, record: spammp by PseudoNul to -1
18-07-17 22:31:48 [INFO] [OctoBans] biguiboss31 sql checked, record: spammp by Remil to -1
18-07-17 22:31:49 [INFO] [OctoBans] ultron sql checked, record: spam by Emmadu78 to 1500420279
18-07-17 22:31:51 [INFO] [OctoBans] 1nainposteur sql checked, record: tpkill by SnowEffect to 1500410159
18-07-17 22:31:59 [INFO] [OctoBans] ivluzofficial sql checked, record: spammp by iPurple_ to -1
18-07-17 22:31:59 [INFO] [OctoBans] ivluzofficial sql checked, record: spammp by PseudoNul to -1
18-07-17 22:31:59 [INFO] [OctoBans] ivluzofficial sql checked, record: spammp by PseudoNul to -1
18-07-17 22:32:01 [INFO] [OctoBans] millardm sql checked, record: spammp by PseudoNul to -1
18-07-17 22:32:01 [INFO] [OctoBans] waytek sql checked, record: spammp by PseudoNul to -1
18-07-17 22:32:01 [INFO] [OctoBans] waytek sql checked, record: spammp by Remil to -1
18-07-17 22:32:01 [INFO] [OctoBans] waytek sql checked, record: spammp by Remil to -1
18-07-17 22:32:11 [INFO] [OctoBans] thedarkorb45 sql checked, record: langage by Diamond13 to 1500411971
18-07-17 22:32:12 [INFO] [OctoBans] ineow sql checked, record: insultegrave by NeyTox to 1500423791
18-07-17 22:32:21 [INFO] [OctoBans] romudu269 sql checked, record: spammp by SkyKosIV to -1
18-07-17 22:32:21 [INFO] [OctoBans] romudu269 sql checked, record: spammp by iPurple_ to -1
18-07-17 22:32:25 [INFO] [OctoBans] olivier28130 sql checked, record: spammp by iPurple_ to -1
18-07-17 22:32:29 [INFO] [OctoBans] wheass sql checked, record: spammp by SkyKosIV to -1
18-07-17 22:32:29 [INFO] [OctoBans] wheass sql checked, record: spammp by iPurple_ to -1
18-07-17 22:32:30 [INFO] [OctoBans] wiirko sql checked, record: spammp by Remil to -1
18-07-17 22:32:35 [INFO] [OctoBans] lolodu02 sql checked, record: incitationflood by tinmar to 1500549880
18-07-17 22:32:35 [INFO] [OctoBans] lolodu02 sql checked, record: spammp by iPurple_ to -1
18-07-17 22:32:39 [INFO] [OctoBans] ew3l sql checked, record: floodmp by Forway to -1
18-07-17 22:32:42 [INFO] [OctoBans] deadkilleur59540 sql checked, record: faussesinfos by Forway to 1500418671
18-07-17 22:32:49 [INFO] [OctoBans] kyzirie sql checked, record: spammp by PseudoNul to -1
18-07-17 22:32:49 [INFO] [OctoBans] kyzirie sql checked, record: spammp by PseudoNul to -1
18-07-17 22:32:49 [INFO] [OctoBans] kyzirie sql checked, record: spammp by PseudoNul to -1
18-07-17 22:32:59 [INFO] [OctoBans] lolpigman sql checked, record: spammp by SnowEffect to -1
18-07-17 22:32:59 [INFO] [OctoBans] lolpigman sql checked, record: spammp by skhey to -1
18-07-17 22:33:03 [INFO] [OctoBans] neskuiik sql checked, record: spammp by iPurple_ to -1
18-07-17 22:33:03 [INFO] [OctoBans] neskuiik sql checked, record: spammp by iPurple_ to -1
18-07-17 22:33:06 [INFO] [OctoBans] mathieu28130 sql checked, record: spam by Forway to 1500420801
18-07-17 22:33:12 [INFO] [OctoBans] gamix_yt sql checked, record: spammp by SkyKosIV to -1
18-07-17 22:33:12 [INFO] [OctoBans] gamix_yt sql checked, record: spammp by Steph078 to -1
18-07-17 22:33:33 [INFO] [OctoBans] ark_oz sql checked, record: spam by MaacDoo to 1500413861
18-07-17 22:33:35 [INFO] [OctoBans] generalnutella sql checked, record: spammp by PseudoNul to -1
18-07-17 22:33:40 [INFO] [OctoBans] osmanlitorunu sql checked, record: spam by Theo97 to 1500423863
18-07-17 22:33:58 [INFO] [OctoBans] arsenic_ytb sql checked, record: spammp by Remil to -1
18-07-17 22:33:58 [INFO] [OctoBans] arsenic_ytb sql checked, record: spammp by iPurple_ to -1
18-07-17 22:34:09 [INFO] [OctoBans] widglitcher_yt sql checked, record: doubleposte by FiasK0 to 1500410436
18-07-17 22:34:09 [INFO] [OctoBans] samybg sql checked, record: spammp by Remil to -1
18-07-17 22:34:09 [INFO] [OctoBans] samybg sql checked, record: spammp by Remil to -1
18-07-17 22:34:13 [INFO] [OctoBans] gameplayze_ sql checked, record: spammp by Remil to -1
18-07-17 22:34:29 [INFO] [OctoBans] titidu46 sql checked, record: spam by FiasK0 to 1500413388
18-07-17 22:34:52 [INFO] [OctoBans] theohand sql checked, record: insultegrave by Theo97 to 1500440677
18-07-17 22:35:12 [INFO] [OctoBans] therodcombo_ sql checked, record: majuscule by Shainko to 1500410168
18-07-17 22:36:09 [INFO] [OctoBans] FiasK0 punished kyzirie for: Majuscule
18-07-17 22:36:29 [INFO] [OctoBans] FiasK0 punished xila for: Spam/flood
18-07-17 22:36:42 [INFO] [OctoBans] ly69n sql checked, record: kickautre by NeosiaNexus to -1
18-07-17 22:36:47 [INFO] [OctoBans] leo2316 sql checked, record: spammp by SuperJojo to -1
18-07-17 22:36:47 [INFO] [OctoBans] leo2316 sql checked, record: spammp by Remil to -1
18-07-17 22:36:47 [INFO] [OctoBans] leo2316 sql checked, record: insultesrv by Diamond13 to 1500442439
18-07-17 22:38:18 [INFO] [OctoBans] thanou2004 sql checked, record: incitationflood by PseudoNul to 1500470969
18-07-17 22:38:26 [INFO] [OctoBans] twinx_boy sql checked, record: spammp by SnowEffect to -1
18-07-17 22:38:27 [INFO] [OctoBans] totototo11 sql checked, record: spammp by NeosiaNexus to -1
18-07-17 22:38:27 [INFO] [OctoBans] totototo11 sql checked, record: spammp by PseudoNul to -1
18-07-17 22:38:39 [INFO] [OctoBans] karimospvp sql checked, record: spammp by YTB_XxKarnageXx to -1
18-07-17 22:38:39 [INFO] [OctoBans] karimospvp sql checked, record: spammp by YTB_XxKarnageXx to -1
18-07-17 22:38:39 [INFO] [OctoBans] karimospvp sql checked, record: spammp by tinmar to -1
18-07-17 22:40:01 [INFO] [OctoBans] keen0x sql checked, record: spammp by iPurple_ to -1
18-07-17 22:40:01 [INFO] [OctoBans] keen0x sql checked, record: spammp by drbrine to -1
18-07-17 22:40:38 [INFO] [OctoBans] booba92i sql checked, record: kickautre by NeosiaNexus to -1
18-07-17 22:42:41 [INFO] [OctoBans] frozen_20 sql checked, record: spammp by skhey to -1
18-07-17 22:42:41 [INFO] [OctoBans] frozen_20 sql checked, record: spammp by iPurple_ to -1
18-07-17 22:42:52 [INFO] [OctoBans] NeyTox punished _ridercreep_ for: Double Poste
18-07-17 22:43:24 [INFO] [OctoBans] anzerti sql checked, record: spammp by Steph078 to -1
18-07-17 22:43:24 [INFO] [OctoBans] anzerti sql checked, record: spammp by PseudoNul to -1
18-07-17 22:43:43 [INFO] [OctoBans] maacdoo sql checked, record: kickautre by CreepyEagle to -1
18-07-17 22:43:49 [INFO] [OctoBans] Anzerti punished jerushenfk for: Double Poste
18-07-17 22:43:54 [INFO] [OctoBans] sunfall sql checked, record: spammp by aubune to -1
18-07-17 22:43:54 [INFO] [OctoBans] sunfall sql checked, record: floodmp by Forway to -1
18-07-17 22:43:54 [INFO] [OctoBans] sunfall sql checked, record: spammp by Steph078 to -1
18-07-17 22:43:54 [INFO] [OctoBans] sunfall sql checked, record: spammp by PseudoNul to -1
18-07-17 22:43:54 [INFO] [OctoBans] sunfall sql checked, record: spammp by iPurple_ to -1
18-07-17 22:43:54 [INFO] [OctoBans] sunfall sql checked, record: spammp by Steph078 to -1
18-07-17 22:43:54 [INFO] [OctoBans] sunfall sql checked, record: faussesinfos by PseudoNul to 1500639594
18-07-17 22:43:55 [INFO] [OctoBans] Anzerti punished oneilspace for: Double Poste
18-07-17 22:45:37 [INFO] [OctoBans] 081182 sql checked, record: spammp by SnowEffect to -1
18-07-17 22:46:11 [INFO] [OctoBans] mindex45 sql checked, record: spammp by SnowEffect to -1
18-07-17 22:46:11 [INFO] [OctoBans] mindex45 sql checked, record: kickautre by NeosiaNexus to -1
18-07-17 22:46:56 [INFO] [OctoBans] NeyTox punished applepine for: Double Poste
18-07-17 22:46:59 [INFO] [OctoBans] illumino900 sql checked, record: floodmp by Forway to -1
18-07-17 22:47:44 [INFO] [OctoBans] shouteur sql checked, record: spammp by Remil to -1
18-07-17 22:47:44 [INFO] [OctoBans] shouteur sql checked, record: spammp by Remil to -1
18-07-17 22:47:44 [INFO] [OctoBans] shouteur sql checked, record: spammp by Remil to -1
18-07-17 22:47:44 [INFO] [OctoBans] shouteur sql checked, record: spammp by Remil to -1
18-07-17 22:48:14 [INFO] [OctoBans] Anzerti punished lakitaw for: Langage incorrect
18-07-17 22:49:35 [INFO] [OctoBans] yoyodu02 sql checked, record: spammp by PseudoNul to -1
18-07-17 22:49:35 [INFO] [OctoBans] yoyodu02 sql checked, record: incitationflood by SnowEffect to 1500482608
18-07-17 22:49:39 [INFO] [OctoBans] MaacDoo punished leproquipue for: Double Poste
18-07-17 22:51:30 [INFO] [OctoBans] tristan94220 sql checked, record: incitationflood by tinmar to 1500455921
18-07-17 22:51:41 [INFO] [OctoBans] dylan433 sql checked, record: spammp by PseudoNul to -1
18-07-17 22:51:41 [INFO] [OctoBans] dylan433 sql checked, record: spammp by Remil to -1
18-07-17 22:51:57 [INFO] [OctoBans] zozodu14 sql checked, record: spammp by iPurple_ to -1
18-07-17 22:52:27 [INFO] [OctoBans] ocip_matth sql checked, record: spam by PseudoNul to 1500417313
18-07-17 22:52:32 [INFO] [OctoBans] aztoxs sql checked, record: insultegrave by iPurple_ to 1500426989
18-07-17 22:53:37 [INFO] [OctoBans] xenotium_pvp sql checked, record: spammp by iPurple_ to -1
18-07-17 22:53:37 [INFO] [OctoBans] xenotium_pvp sql checked, record: spammp by SnowEffect to -1
18-07-17 22:57:12 [INFO] [OctoBans] griffonlegeni sql checked, record: incitationflood by PseudoNul to 1500482278
18-07-17 22:58:06 [INFO] [OctoBans] nicerush sql checked, record: spammp by YTB_XxKarnageXx to -1
18-07-17 22:58:06 [INFO] [OctoBans] nicerush sql checked, record: spammp by PseudoNul to -1
18-07-17 22:58:06 [INFO] [OctoBans] nicerush sql checked, record: insultegrave by Forway to 1500440447
18-07-17 22:58:32 [INFO] [OctoBans] trenitycrash sql checked, record: spammp by Anzerti to -1
18-07-17 22:59:03 [INFO] [OctoBans] Anzerti punished iceburst for: Menace de hack
18-07-17 23:01:02 [INFO] [OctoBans] Anzerti punished olivier28130 for: Insulte légère
18-07-17 23:01:26 [INFO] [OctoBans] vokken sql checked, record: insultegrave by PseudoNul to 1500419005
18-07-17 23:01:58 [INFO] [OctoBans] Anzerti punished gadjoo for: Double Poste
18-07-17 23:02:50 [INFO] [OctoBans] Anzerti punished gamix_yt for: Insulte
18-07-17 23:03:18 [INFO] [OctoBans] iskorn sql checked, record: incitationflood by PseudoNul to 1500477341
18-07-17 23:15:42 [INFO] [OctoBans] forway sql checked, record: spammp by PseudoNul to -1
18-07-17 23:15:42 [INFO] [OctoBans] forway sql checked, record: floodmp by Forway to -1
18-07-17 23:15:42 [INFO] [OctoBans] forway sql checked, record: spammp by PseudoNul to -1
18-07-17 23:15:42 [INFO] [OctoBans] forway sql checked, record: spammp by PseudoNul to -1
18-07-17 23:15:42 [INFO] [OctoBans] forway sql checked, record: floodmp by Forway to -1
18-07-17 23:17:00 [INFO] [OctoBans] Forway punished le_truc for: TpKill
18-07-17 23:17:03 [INFO] [OctoBans] Forway punished cacaok for: TpKill
18-07-17 23:17:27 [INFO] [OctoBans] Forway punished picher for: Double Poste
18-07-17 23:19:34 [INFO] [OctoBans] jlp22600 sql checked, record: faussesinfos by Anzerti to 1500494978
18-07-17 23:21:44 [INFO] [OctoBans] Forway punished docteurwho99 for: Majuscule
18-07-17 23:24:12 [INFO] [OctoBans] kawaziu sql checked, record: incitationflood by PseudoNul to 1500471008
18-07-17 23:25:37 [INFO] [OctoBans] Forway punished simbadu43 for: Spam/flood
18-07-17 23:28:36 [INFO] [OctoBans] djams sql checked, record: spammp by iPurple_ to -1
18-07-17 23:28:36 [INFO] [OctoBans] djams sql checked, record: spammp by Remil to -1
18-07-17 23:30:11 [INFO] [OctoBans] dylandu94 sql checked, record: insultegrave by PseudoNul to 1500420628
18-07-17 23:30:11 [INFO] [OctoBans] dylandu94 sql checked, record: spammp by iPurple_ to -1
18-07-17 23:30:11 [INFO] [OctoBans] dylandu94 sql checked, record: spammp by iPurple_ to -1
18-07-17 23:30:16 [INFO] [OctoBans] Forway punished adeems for: Spam/flood
18-07-17 23:32:38 [INFO] [OctoBans] Anzerti punished cogez2 for: TpKill
18-07-17 23:35:30 [INFO] [OctoBans] Forway punished __darkshadow__ for: Double Poste
18-07-17 23:35:33 [INFO] [OctoBans] Forway punished goldenboy5959 for: Double Poste
18-07-17 23:37:41 [INFO] [OctoBans] darkinggaming sql checked, record: floodmp by Forway to -1
18-07-17 23:39:29 [INFO] [OctoBans] oeufdepoule62 sql checked, record: spammp by Remil to -1
18-07-17 23:39:29 [INFO] [OctoBans] oeufdepoule62 sql checked, record: spammp by SkyKosIV to -1
18-07-17 23:39:29 [INFO] [OctoBans] oeufdepoule62 sql checked, record: kickautre by NeosiaNexus to -1
18-07-17 23:39:58 [INFO] [OctoBans] rudyfox sql checked, record: spam by Shainko to 1500417510
18-07-17 23:41:04 [INFO] [OctoBans] iPurple_ punished skyqosiii for: Double Poste
18-07-17 23:44:02 [INFO] [OctoBans] milo49 sql checked, record: spammp by SnowEffect to -1
18-07-17 23:44:28 [INFO] [OctoBans] by_kw3e sql checked, record: kickautre by Antoine57565 to -1
18-07-17 23:46:30 [INFO] [OctoBans] iPurple_ punished dark_titix for: Spam/flood
18-07-17 23:46:42 [INFO] [OctoBans] iPurple_ punished oeufdepoule62 for: Double Poste
18-07-17 23:48:34 [INFO] [OctoBans] _hello_kitty sql checked, record: spammp by SuperJojo to -1
18-07-17 23:48:34 [INFO] [OctoBans] _hello_kitty sql checked, record: spammp by PseudoNul to -1
18-07-17 23:50:19 [INFO] [OctoBans] tranche2pain sql checked, record: spammp by Anzerti to -1
18-07-17 23:51:20 [INFO] [OctoBans] iPurple_ punished sunfall for: Spam/flood en MP
18-07-17 23:51:30 [INFO] [OctoBans] MaacDoo punished xenotium_pvp for: Spam/flood
18-07-17 23:51:51 [INFO] [OctoBans] iPurple_ punished xenotium_pvp for: Insulte staff
18-07-17 23:52:20 [INFO] [OctoBans] iPurple_ punished xenotium_pvp for: Spam /f open
18-07-17 23:55:17 [INFO] [OctoBans] MaacDoo punished weackzz for: Majuscule
18-07-17 23:55:25 [INFO] [OctoBans] MaacDoo punished kawaziu_ for: Double Poste
18-07-17 23:55:58 [INFO] [OctoBans] MaacDoo punished justninjaaa_ for: Spam/flood
18-07-17 23:56:07 [INFO] [OctoBans] anrona19 sql checked, record: spammp by TheBrioche13 to -1
18-07-17 23:57:45 [INFO] [OctoBans] drbrine sql checked, record: spammp by PseudoNul to -1
18-07-17 23:58:31 [INFO] [OctoBans] drbrine punished generalnutella for: Langage incorrect
18-07-17 23:58:44 [INFO] [OctoBans] MaacDoo punished thedarkorb45 for: Double Poste
18-07-17 23:59:40 [INFO] [OctoBans] razgard59 sql checked, record: spammp by SuperJojo to -1
19-07-17 00:01:29 [INFO] [OctoBans] drbrine punished itzweird for: TpKill
19-07-17 00:02:24 [INFO] [OctoBans] drbrine punished onlyknow for: TpKill
19-07-17 00:02:30 [INFO] [OctoBans] drbrine punished ultron for: TpKill
19-07-17 00:04:45 [INFO] [OctoBans] NeyTox punished ledarondemushway for: Spam/flood
19-07-17 00:04:52 [INFO] [OctoBans] drbrine punished waz0kstunting for: Double Poste
19-07-17 00:10:46 [INFO] [OctoBans] drbrine punished razor111 for: Spam/flood
19-07-17 00:13:59 [INFO] [OctoBans] xx_toto_xx sql checked, record: spammp by iPurple_ to -1
19-07-17 00:13:59 [INFO] [OctoBans] xx_toto_xx sql checked, record: spammp by iPurple_ to -1
19-07-17 00:13:59 [INFO] [OctoBans] xx_toto_xx sql checked, record: spammp by iPurple_ to -1
19-07-17 00:13:59 [INFO] [OctoBans] xx_toto_xx sql checked, record: tpkill by CreepyEagle to 1500470533
19-07-17 00:14:55 [INFO] [OctoBans] drbrine punished xxheroiikxx for: Spam/flood
19-07-17 00:15:44 [INFO] [OctoBans] drbrine punished octoway for: Provocation
19-07-17 00:17:05 [INFO] [OctoBans] freazyman sql checked, record: spammp by PseudoNul to -1
19-07-17 00:17:27 [INFO] [OctoBans] drbrine punished ktm125sx for: Insulte grave
19-07-17 00:24:06 [INFO] [OctoBans] idecow_ sql checked, record: spammp by PseudoNul to -1
19-07-17 00:24:06 [INFO] [OctoBans] idecow_ sql checked, record: spammp by SuperJojo to -1
19-07-17 00:24:06 [INFO] [OctoBans] idecow_ sql checked, record: spammp by PseudoNul to -1
19-07-17 00:24:06 [INFO] [OctoBans] idecow_ sql checked, record: spammp by Remil to -1
19-07-17 00:24:06 [INFO] [OctoBans] idecow_ sql checked, record: spammp by SnowEffect to -1
19-07-17 00:27:36 [INFO] [OctoBans] NeyTox punished alex29380 for: Langage incorrect
19-07-17 00:28:12 [INFO] [OctoBans] NeyTox punished alex_1707 for: Insulte staff
19-07-17 00:30:24 [INFO] [OctoBans] iPurple_ punished lemineur for: TpKill
19-07-17 00:32:05 [INFO] [OctoBans] zizou03 sql checked, record: spammp by drbrine to -1
19-07-17 00:35:48 [INFO] [OctoBans] drbrine punished lehewewdu44 for: Double Poste
19-07-17 00:37:28 [INFO] [OctoBans] drbrine punished freazyman for: Majuscule
19-07-17 00:37:58 [INFO] [OctoBans] drbrine punished fantik099 for: Provocation
19-07-17 00:44:42 [INFO] [OctoBans] byslideaulidl sql checked, record: spammp by Anzerti to -1
19-07-17 00:49:44 [INFO] [OctoBans] skhey punished zozodu14 for: Spam/flood en MP
19-07-17 00:50:09 [INFO] [OctoBans] xwakez sql checked, record: incitationflood by tinmar to 1500567331
19-07-17 00:50:29 [INFO] [OctoBans] drbrine punished swiftstay for: Homophobie
19-07-17 00:51:28 [INFO] [OctoBans] iPurple_ punished c4mp3urx9 for: Homophobie
19-07-17 00:52:00 [INFO] [OctoBans] iPurple_ punished c4mp3urx9 for: Provocation
19-07-17 00:52:04 [INFO] [OctoBans] iPurple_ punished swiftstay for: Provocation
19-07-17 00:52:12 [INFO] [OctoBans] swiftstay sql checked, record: homophobie by drbrine to 1500504629
19-07-17 00:52:12 [INFO] [OctoBans] swiftstay sql checked, record: provocation by iPurple_ to 1500420724
19-07-17 00:52:14 [INFO] [OctoBans] swiftstay sql checked, record: homophobie by drbrine to 1500504629
19-07-17 00:52:14 [INFO] [OctoBans] swiftstay sql checked, record: provocation by iPurple_ to 1500420724
19-07-17 00:52:42 [INFO] [OctoBans] iPurple_ punished waz0kstunting for: Langage incorrect
19-07-17 00:54:00 [INFO] [OctoBans] iPurple_ punished misterbg95 for: Majuscule
19-07-17 00:54:59 [INFO] [OctoBans] swiftstay sql checked, record: homophobie by drbrine to 1500504629
19-07-17 00:54:59 [INFO] [OctoBans] swiftstay sql checked, record: provocation by iPurple_ to 1500420724
19-07-17 00:55:12 [INFO] [OctoBans] skhey punished zozodu14 for: Langage incorrect
19-07-17 01:01:20 [INFO] [OctoBans] drbrine punished freazyman for: Insulte grave
19-07-17 01:03:30 [INFO] [OctoBans] ormilope sql checked, record: spammp by YTB_XxKarnageXx to -1
19-07-17 01:03:30 [INFO] [OctoBans] ormilope sql checked, record: kickautre by NeosiaNexus to -1
19-07-17 01:06:01 [INFO] [OctoBans] drbrine punished ivluzofficial_ for: Spam/flood
19-07-17 01:06:17 [INFO] [OctoBans] MaacDoo punished modattozz for: Double Poste
19-07-17 01:07:40 [INFO] [OctoBans] skhey punished zozodu14 for: Spam/flood en MP
19-07-17 01:10:04 [INFO] [OctoBans] skhey punished zozodu14 for: Spam/flood en MP
19-07-17 01:11:48 [INFO] [OctoBans] skhey punished zozodu14 for: Spam/flood en MP
19-07-17 01:16:17 [INFO] [OctoBans] drbrine punished 1nainposteur for: TpKill
19-07-17 01:20:12 [INFO] [OctoBans] mysterwolf sql checked, record: insultegrave by K0STiK_ to 1500441869
19-07-17 01:22:25 [INFO] [OctoBans] drbrine punished kawaziu_ka for: Spam/flood
19-07-17 01:25:25 [INFO] [OctoBans] Anzerti punished memeldu01 for: Majuscule
19-07-17 01:28:23 [INFO] [OctoBans] iPurple_ punished momo54 for: Spam/flood
19-07-17 01:30:30 [INFO] [OctoBans] Anzerti punished brookdu81 for: Provocation
19-07-17 01:31:20 [INFO] [OctoBans] Anzerti punished lere for: Provocation
19-07-17 01:31:37 [INFO] [OctoBans] Anzerti punished lolo201 for: Insulte staff
19-07-17 01:32:45 [INFO] [OctoBans] Anzerti punished hakimos66 for: Double Poste
19-07-17 01:35:27 [INFO] [OctoBans] tifou_fou sql checked, record: spammp by SkyKosIV to -1
19-07-17 01:37:10 [INFO] [OctoBans] Anzerti punished neskuiik for: Provocation
19-07-17 01:37:21 [INFO] [OctoBans] Anzerti punished greenadvaaance for: Provocation
19-07-17 01:37:25 [INFO] [OctoBans] CreepyEagle punished neo_zango for: Provocation
19-07-17 01:40:52 [INFO] [OctoBans] CreepyEagle punished 081182 for: TpKill
19-07-17 01:41:08 [INFO] [OctoBans] zayrozz sql checked, record: spammp by Remil to -1
19-07-17 01:41:33 [INFO] [OctoBans] CreepyEagle punished scott1313 for: Insulte grave
19-07-17 01:43:49 [INFO] [OctoBans] Anzerti punished sam1 for: Spam/flood
19-07-17 01:45:04 [INFO] [OctoBans] Anzerti punished brookdu81 for: Double Poste
19-07-17 01:45:12 [INFO] [OctoBans] Anzerti punished redoria for: Provocation
19-07-17 01:52:32 [INFO] [OctoBans] CreepyEagle punished ordoxx for: Langage incorrect
19-07-17 01:54:13 [INFO] [OctoBans] Anzerti punished univerzkerror for: Double Poste
19-07-17 01:57:29 [INFO] [OctoBans] Anzerti punished skyqosiii for: Double Poste
19-07-17 01:57:36 [INFO] [OctoBans] CreepyEagle punished greenadvaaance for: Provocation
19-07-17 02:05:25 [INFO] [OctoBans] thomasdu29200 sql checked, record: spammp by iPurple_ to -1
19-07-17 02:05:25 [INFO] [OctoBans] thomasdu29200 sql checked, record: spammp by iPurple_ to -1
19-07-17 02:13:35 [INFO] [OctoBans] Anzerti punished neo_zango for: Provocation
19-07-17 02:13:45 [INFO] [OctoBans] Anzerti punished supersinge for: Langage incorrect
19-07-17 02:15:47 [INFO] [OctoBans] CreepyEagle punished anzerti for: Incitation au flood
19-07-17 02:16:21 [INFO] [OctoBans] CreepyEagle punished neytox for: Incitation au flood
19-07-17 02:17:00 [INFO] [OctoBans] CreepyEagle punished jasoxx for: Double Poste
19-07-17 02:26:08 [INFO] [OctoBans] fifou1165 sql checked, record: doubleposte by Shainko to 1500425391
19-07-17 02:27:16 [INFO] [OctoBans] CreepyEagle punished ghostcorn for: Provocation
19-07-17 02:29:38 [INFO] [OctoBans] CreepyEagle punished ohblink08 for: Provocation
19-07-17 02:30:29 [INFO] [OctoBans] bellepatate sql checked, record: spammp by SkyKosIV to -1
19-07-17 02:30:29 [INFO] [OctoBans] bellepatate sql checked, record: spammp by Remil to -1
19-07-17 02:30:29 [INFO] [OctoBans] bellepatate sql checked, record: spammp by Steph078 to -1
19-07-17 02:37:32 [INFO] [OctoBans] iPurple_ punished blackstars301 for: Langage incorrect
19-07-17 02:44:01 [INFO] [OctoBans] bellepoutine sql checked, record: spammp by SnowEffect to -1
19-07-17 02:44:01 [INFO] [OctoBans] bellepoutine sql checked, record: spammp by SnowEffect to -1
19-07-17 03:05:16 [INFO] [OctoBans] iPurple_ punished nyrozzhd for: Insulte grave
19-07-17 03:06:59 [INFO] [OctoBans] shainko sql checked, record: spammp by PseudoNul to -1
19-07-17 03:06:59 [INFO] [OctoBans] shainko sql checked, record: floodmp by Forway to -1
19-07-17 03:06:59 [INFO] [OctoBans] shainko sql checked, record: floodmp by Forway to -1
19-07-17 03:07:00 [INFO] [OctoBans] iPurple_ punished pgolden for: Double Poste
19-07-17 03:10:17 [INFO] [OctoBans] imdylan sql checked, record: spammp by SnowEffect to -1
19-07-17 03:12:33 [INFO] [OctoBans] Shainko punished gamerpsiko for: Double Poste
19-07-17 03:24:59 [INFO] [OctoBans] dark_sea sql checked, record: spammp by drbrine to -1
19-07-17 03:26:57 [INFO] [OctoBans] Wiindows punished misterbg95 for: Publicité Youtubeur
19-07-17 03:32:25 [INFO] [OctoBans] mkdarkos sql checked, record: floodmp by Forway to -1
19-07-17 03:46:56 [INFO] [OctoBans] futuregamedu12 sql checked, record: insultegrave by Wiindows to 1500464763
19-07-17 03:57:06 [INFO] [OctoBans] iPurple_ punished leodu999 for: Double Poste
19-07-17 04:15:28 [INFO] [OctoBans] Wiindows punished hellfingermc for: Publicité Youtubeur
19-07-17 04:40:41 [INFO] [OctoBans] Wiindows punished mkdarkos for: Double Poste
19-07-17 04:44:55 [INFO] [OctoBans] NeyTox punished mkdarkos for: Insulte staff
19-07-17 05:15:49 [INFO] [OctoBans] Wiindows punished pgolden for: Spam/flood
19-07-17 05:30:22 [INFO] [OctoBans] Wiindows punished momo54 for: Double Poste
19-07-17 05:31:18 [INFO] [OctoBans] pgolden sql checked, record: flood by Wiindows to 1500441349
19-07-17 05:31:53 [INFO] [OctoBans] pgolden sql checked, record: flood by Wiindows to 1500441349
19-07-17 05:32:16 [INFO] [OctoBans] pgolden sql checked, record: flood by Wiindows to 1500441349
19-07-17 05:47:31 [INFO] [OctoBans] Wiindows punished yougotkill for: Double Poste
19-07-17 05:47:40 [INFO] [OctoBans] Wiindows punished neskuiik for: Double Poste
19-07-17 05:47:46 [INFO] [OctoBans] Wiindows punished phoenixjoker for: Double Poste
19-07-17 05:49:18 [INFO] [OctoBans] Wiindows punished kebycrafting for: Provocation
19-07-17 05:55:20 [INFO] [OctoBans] mrkabab sql checked, record: spammp by Remil to -1
19-07-17 05:57:15 [INFO] [OctoBans] Wiindows punished le_clodov2 for: Double Poste
19-07-17 06:01:01 [INFO] [OctoBans] Disabling OctoBans v1.0
