28-12-17 22:31:42 [INFO] [OctoBans] File Handler successfully initialized!
28-12-17 22:31:42 [INFO] [OctoBans] SQL connection successfully etablished
28-12-17 22:31:42 [INFO] [OctoBans] Moderator Tools by Octonia.
28-12-17 22:31:47 [INFO] [OctoBans] maxougaming sql checked, record: spammp by Ceraiste to -1
28-12-17 22:31:47 [INFO] [OctoBans] maxougaming sql checked, record: spammp by EW3L to -1
28-12-17 22:31:47 [INFO] [OctoBans] maxougaming sql checked, record: spammp by FiasK0 to -1
28-12-17 22:31:47 [INFO] [OctoBans] maxougaming sql checked, record: spammp by FNGOD to -1
28-12-17 22:34:26 [INFO] [OctoBans] EGGSPLOSION punished pzoklm for: Spam/flood
28-12-17 22:36:44 [INFO] [OctoBans] sh0aq sql checked, record: spammp by ToXiCz_TV to -1
28-12-17 22:36:44 [INFO] [OctoBans] sh0aq sql checked, record: spammp by OCIP_Matth to -1
28-12-17 22:36:44 [INFO] [OctoBans] sh0aq sql checked, record: tpkill by D3adOrSnipSurYTB to 1514841367
28-12-17 22:36:48 [INFO] [OctoBans] the_dz_men sql checked, record: spammp by FiasK0 to -1
28-12-17 22:37:13 [INFO] [OctoBans] _zeefox sql checked, record: incitationflood by EGGSPLOSION to 1514582525
28-12-17 22:37:40 [INFO] [OctoBans] pouletgriller sql checked, record: spammp by Gamer09 to -1
28-12-17 22:37:40 [INFO] [OctoBans] pouletgriller sql checked, record: spammp by ToXiCz_TV to -1
28-12-17 22:37:40 [INFO] [OctoBans] pouletgriller sql checked, record: spammp by OCIP_Matth to -1
28-12-17 22:37:44 [INFO] [OctoBans] faryu_ sql checked, record: spammp by Spovly to -1
28-12-17 22:37:44 [INFO] [OctoBans] faryu_ sql checked, record: spammp by Taygrax07 to -1
28-12-17 22:39:10 [INFO] [OctoBans] thomas62200 sql checked, record: spammp by atsuky to -1
28-12-17 22:39:10 [INFO] [OctoBans] thomas62200 sql checked, record: insultegrave by EGGSPLOSION to 1514518644
28-12-17 22:39:18 [INFO] [OctoBans] friphiano sql checked, record: spammp by atsuky to -1
28-12-17 22:39:32 [INFO] [OctoBans] hayden_frost sql checked, record: spammp by OCIP_Matth to -1
28-12-17 22:39:45 [INFO] [OctoBans] prozeur sql checked, record: spammp by LaKitaw to -1
28-12-17 22:39:53 [INFO] [OctoBans] tisabe sql checked, record: spammp by Gamer09 to -1
28-12-17 22:40:00 [INFO] [OctoBans] bardaxx_ sql checked, record: spammp by Zoseq to -1
28-12-17 22:40:46 [INFO] [OctoBans] nakzu_u sql checked, record: spammp by FNGOD to -1
28-12-17 22:40:46 [INFO] [OctoBans] nakzu_u sql checked, record: spammp by ToXiCz_TV to -1
28-12-17 22:41:08 [INFO] [OctoBans] arakword sql checked, record: spammp by PseudooNull to -1
28-12-17 22:41:09 [INFO] [OctoBans] noragev12 sql checked, record: spammp by Shainko to -1
28-12-17 22:41:11 [INFO] [OctoBans] snoxx_ sql checked, record: spammp by Kyabe to -1
28-12-17 22:41:11 [INFO] [OctoBans] snoxx_ sql checked, record: spammp by Zoseq to -1
28-12-17 22:41:11 [INFO] [OctoBans] snoxx_ sql checked, record: spammp by tinmar to -1
28-12-17 22:41:11 [INFO] [OctoBans] snoxx_ sql checked, record: spammp by tinmar to -1
28-12-17 22:41:11 [INFO] [OctoBans] snoxx_ sql checked, record: spammp by EW3L to -1
28-12-17 22:41:19 [INFO] [OctoBans] syrox_ytb sql checked, record: spammp by Koeseb97 to -1
28-12-17 22:41:19 [INFO] [OctoBans] syrox_ytb sql checked, record: spammp by PseudooNull to -1
28-12-17 22:41:19 [INFO] [OctoBans] syrox_ytb sql checked, record: spammp by OCIP_Matth to -1
28-12-17 22:41:19 [INFO] [OctoBans] syrox_ytb sql checked, record: spam by EGGSPLOSION to 1514514166
28-12-17 22:41:47 [INFO] [OctoBans] pandaleroux sql checked, record: faussesinfos by D3adOrSnipSurYTB to 1514581485
28-12-17 22:41:53 [INFO] [OctoBans] misteerfreezie sql checked, record: insultegrave by WeeZix to 1514513213
28-12-17 22:41:53 [INFO] [OctoBans] tavars sql checked, record: insultegrave by YTB_XxKarnageXx to 1514584288
28-12-17 22:41:55 [INFO] [OctoBans] lefifoudu3 sql checked, record: spammp by EW3L to -1
28-12-17 22:41:55 [INFO] [OctoBans] lefifoudu3 sql checked, record: spammp by EW3L to -1
28-12-17 22:41:55 [INFO] [OctoBans] lefifoudu3 sql checked, record: spammp by Koeseb97 to -1
28-12-17 22:41:55 [INFO] [OctoBans] lefifoudu3 sql checked, record: spammp by LaKitaw to -1
28-12-17 22:41:55 [INFO] [OctoBans] lefifoudu3 sql checked, record: spammp by SkillBOotiiS to -1
28-12-17 22:41:55 [INFO] [OctoBans] lefifoudu3 sql checked, record: spammp by zlKayzen to -1
28-12-17 22:41:55 [INFO] [OctoBans] lefifoudu3 sql checked, record: spammp by MrBlaze77 to -1
28-12-17 22:41:55 [INFO] [OctoBans] lefifoudu3 sql checked, record: spammp by atsuky to -1
28-12-17 22:41:55 [INFO] [OctoBans] lefifoudu3 sql checked, record: spammp by atsuky to -1
28-12-17 22:41:55 [INFO] [OctoBans] lefifoudu3 sql checked, record: spammp by drbrine to -1
28-12-17 22:41:55 [INFO] [OctoBans] lefifoudu3 sql checked, record: spammp by drbrine to -1
28-12-17 22:41:55 [INFO] [OctoBans] lefifoudu3 sql checked, record: insultegrave by drbrine to 1514646973
28-12-17 22:42:08 [INFO] [OctoBans] seyyde_ sql checked, record: spammp by ToXiCz_TV to -1
28-12-17 22:42:24 [INFO] [OctoBans] mrkebab sql checked, record: insultegrave by Zayrox29 to 1514818583
28-12-17 22:42:32 [INFO] [OctoBans] cantaloupe_kun sql checked, record: majuscule by Bucky57 to 1514497502
28-12-17 22:42:32 [INFO] [OctoBans] fabio sql checked, record: spammp by zlKayzen to -1
28-12-17 22:42:32 [INFO] [OctoBans] fabio sql checked, record: spammp by WeeZix to -1
28-12-17 22:42:32 [INFO] [OctoBans] fabio sql checked, record: insulte by EGGSPLOSION to 1514506927
28-12-17 22:42:32 [INFO] [OctoBans] fabio sql checked, record: spammp by D3adOrSnipSurYTB to -1
28-12-17 22:42:33 [INFO] [OctoBans] lethugdu46 sql checked, record: spammp by LaKitaw to -1
28-12-17 22:42:33 [INFO] [OctoBans] lethugdu46 sql checked, record: spammp by Hkz_Skillon to -1
28-12-17 22:42:36 [INFO] [OctoBans] bysneak_ sql checked, record: insultegrave by YTB_XxKarnageXx to 1514512316
28-12-17 22:42:39 [INFO] [OctoBans] darkfr45 sql checked, record: spammp by FiasK0 to -1
28-12-17 22:42:39 [INFO] [OctoBans] darkfr45 sql checked, record: spammp by FiasK0 to -1
28-12-17 22:43:01 [INFO] [OctoBans] brookdu81 sql checked, record: provocation by Bucky57 to 1514498007
28-12-17 22:43:01 [INFO] [OctoBans] xxsubxx sql checked, record: spammp by OCIP_Matth to -1
28-12-17 22:43:01 [INFO] [OctoBans] xxsubxx sql checked, record: faussesinfos by Gamer09 to 1514555143
28-12-17 22:43:01 [INFO] [OctoBans] zeynox sql checked, record: spammp by Zayrox29 to -1
28-12-17 22:43:01 [INFO] [OctoBans] zeynox sql checked, record: spammp by Zoseq to -1
28-12-17 22:43:01 [INFO] [OctoBans] zeynox sql checked, record: spammp by LaKitaw to -1
28-12-17 22:43:01 [INFO] [OctoBans] zeynox sql checked, record: spammp by LaKitaw to -1
28-12-17 22:43:01 [INFO] [OctoBans] zeynox sql checked, record: spammp by LaKitaw to -1
28-12-17 22:43:01 [INFO] [OctoBans] zeynox sql checked, record: spammp by D3adOrSnipSurYTB to -1
28-12-17 22:43:01 [INFO] [OctoBans] zeynox sql checked, record: tpkill by D3adOrSnipSurYTB to 1514566708
28-12-17 22:43:12 [INFO] [OctoBans] leminecraftien80 sql checked, record: spammp by PseudooNull to -1
28-12-17 22:43:23 [INFO] [OctoBans] firexpower666_ sql checked, record: spammp by tinmar to -1
28-12-17 22:43:35 [INFO] [OctoBans] unnainportant sql checked, record: spammp by Evolze to -1
28-12-17 22:43:35 [INFO] [OctoBans] unnainportant sql checked, record: spammp by LaKitaw to -1
28-12-17 22:43:51 [INFO] [OctoBans] rayoutop74 sql checked, record: spammp by atsuky to -1
28-12-17 22:43:51 [INFO] [OctoBans] rayoutop74 sql checked, record: spammp by EW3L to -1
28-12-17 22:43:51 [INFO] [OctoBans] rayoutop74 sql checked, record: spammp by EW3L to -1
28-12-17 22:43:51 [INFO] [OctoBans] rayoutop74 sql checked, record: spammp by Gamer09 to -1
28-12-17 22:43:51 [INFO] [OctoBans] rayoutop74 sql checked, record: spammp by EGGSPLOSION to -1
28-12-17 22:44:02 [INFO] [OctoBans] greenadvaaance sql checked, record: insultegrave by D3adOrSnipSurYTB to 1514504982
28-12-17 22:44:04 [INFO] [OctoBans] clemro27 sql checked, record: spammp by NiceFR to -1
28-12-17 22:44:04 [INFO] [OctoBans] clemro27 sql checked, record: spammp by OCIP_Matth to -1
28-12-17 22:44:04 [INFO] [OctoBans] clemro27 sql checked, record: spammp by OCIP_Matth to -1
28-12-17 22:44:04 [INFO] [OctoBans] clemro27 sql checked, record: spammp by Evolze to -1
28-12-17 22:44:47 [INFO] [OctoBans] clem010 sql checked, record: floodmp by NiceFR to -1
28-12-17 22:44:47 [INFO] [OctoBans] clem010 sql checked, record: spammp by FiasK0 to -1
28-12-17 22:44:47 [INFO] [OctoBans] clem010 sql checked, record: spammp by Bucky57 to -1
28-12-17 22:44:47 [INFO] [OctoBans] clem010 sql checked, record: spammp by SkillBOotiiS to -1
28-12-17 22:44:47 [INFO] [OctoBans] clem010 sql checked, record: insultegrave by D3adOrSnipSurYTB to 1514506280
28-12-17 22:45:17 [INFO] [OctoBans] _rubilax sql checked, record: spammp by OCIP_Matth to -1
28-12-17 22:45:44 [INFO] [OctoBans] xkilleur54 sql checked, record: spammp by ToXiCz_TV to -1
28-12-17 22:45:44 [INFO] [OctoBans] xkilleur54 sql checked, record: spammp by Evolze to -1
28-12-17 22:45:54 [INFO] [OctoBans] zrk_warthog sql checked, record: spammp by MisterBlazing to -1
28-12-17 22:46:14 [INFO] [OctoBans] onflyenrec sql checked, record: spammp by Antoine57565 to -1
28-12-17 22:46:14 [INFO] [OctoBans] deeprodole sql checked, record: spammp by Zayrox29 to -1
28-12-17 22:46:14 [INFO] [OctoBans] deeprodole sql checked, record: spammp by Zayrox29 to -1
28-12-17 22:46:20 [INFO] [OctoBans] algorskis_yt sql checked, record: spammp by SmooKeur to -1
28-12-17 22:46:20 [INFO] [OctoBans] algorskis_yt sql checked, record: spammp by Antoine57565 to -1
28-12-17 22:46:27 [INFO] [OctoBans] tigro17 sql checked, record: spammp by ToXiCz_TV to -1
28-12-17 22:46:27 [INFO] [OctoBans] tigro17 sql checked, record: spammp by WeeZix to -1
28-12-17 22:47:03 [INFO] [OctoBans] kamikassss sql checked, record: spammp by Remil to -1
28-12-17 22:47:09 [INFO] [OctoBans] byzoo sql checked, record: spammp by PseudooNull to -1
28-12-17 22:47:09 [INFO] [OctoBans] byzoo sql checked, record: spammp by PseudooNull to -1
28-12-17 22:47:47 [INFO] [OctoBans] _zwiiko_ sql checked, record: spammp by Zayrox29 to -1
28-12-17 22:47:58 [INFO] [OctoBans] rewd sql checked, record: spammp by Ceraiste to -1
28-12-17 22:48:16 [INFO] [OctoBans] chromaaa_ sql checked, record: spammp by WeeZix to -1
28-12-17 22:48:18 [INFO] [OctoBans] faruz sql checked, record: insultegrave by Zayrox29 to 1514581908
28-12-17 22:48:22 [INFO] [OctoBans] neizend sql checked, record: insultegrave by D3adOrSnipSurYTB to 1514526904
28-12-17 22:48:22 [INFO] [OctoBans] neizend sql checked, record: spammp by D3adOrSnipSurYTB to -1
28-12-17 22:48:22 [INFO] [OctoBans] neizend sql checked, record: spammp by D3adOrSnipSurYTB to -1
28-12-17 22:48:22 [INFO] [OctoBans] neizend sql checked, record: spammp by D3adOrSnipSurYTB to -1
28-12-17 22:50:06 [INFO] [OctoBans] bronchite sql checked, record: spammp by Zoseq to -1
28-12-17 22:50:06 [INFO] [OctoBans] bronchite sql checked, record: spammp by Zoseq to -1
28-12-17 22:50:15 [INFO] [OctoBans] pepsicoca sql checked, record: spammp by FiasK0 to -1
28-12-17 22:51:07 [INFO] [OctoBans] _topui_ sql checked, record: spammp by EW3L to -1
28-12-17 22:51:07 [INFO] [OctoBans] _topui_ sql checked, record: spammp by MrKebab to -1
28-12-17 22:53:33 [INFO] [OctoBans] taiko55 sql checked, record: spammp by PseudooNull to -1
28-12-17 22:54:40 [INFO] [OctoBans] mkdarkos sql checked, record: spammp by PseudooNull to -1
28-12-17 22:57:22 [INFO] [OctoBans] chut3000 sql checked, record: spammp by FiasK0 to -1
28-12-17 23:00:10 [INFO] [OctoBans] xxdubeskillsxx sql checked, record: spammp by FamousxRay to -1
28-12-17 23:00:10 [INFO] [OctoBans] xxdubeskillsxx sql checked, record: spammp by atsuky to -1
28-12-17 23:02:32 [INFO] [OctoBans] thedindin2004 sql checked, record: insultegrave by EGGSPLOSION to 1514591141
28-12-17 23:02:32 [INFO] [OctoBans] lucas94350 sql checked, record: spammp by Kyabe to -1
28-12-17 23:02:42 [INFO] [OctoBans] mayeul sql checked, record: spammp by SmooKeur to -1
28-12-17 23:03:02 [INFO] [OctoBans] magi_fragz_yt sql checked, record: spammp by LeRe to -1
28-12-17 23:03:32 [INFO] [OctoBans] swokip sql checked, record: spammp by SkillBOotiiS to -1
28-12-17 23:03:40 [INFO] [OctoBans] thecrane sql checked, record: spammp by WeeZix to -1
28-12-17 23:03:40 [INFO] [OctoBans] thecrane sql checked, record: faussesinfos by Gamer09 to 1514558608
28-12-17 23:05:28 [INFO] [OctoBans] azenpvp sql checked, record: spammp by D3adOrSnipSurYTB to -1
28-12-17 23:06:58 [INFO] [OctoBans] _theodu13_ sql checked, record: spammp by atsuky to -1
28-12-17 23:06:58 [INFO] [OctoBans] _theodu13_ sql checked, record: insultegrave by tinmar to 1514525548
28-12-17 23:18:36 [INFO] [OctoBans] mrfire19 sql checked, record: spammp by atsuky to -1
28-12-17 23:25:45 [INFO] [OctoBans] amaury81 sql checked, record: multicompte by YTB_XxKarnageXx to -1
28-12-17 23:26:08 [INFO] [OctoBans] Gamer09 punished okalorsok for: Spam/flood
28-12-17 23:26:57 [INFO] [OctoBans] Gamer09 punished chut3000 for: Spam/flood
28-12-17 23:28:58 [INFO] [OctoBans] karlwill sql checked, record: spammp by Gamer09 to -1
28-12-17 23:28:58 [INFO] [OctoBans] karlwill sql checked, record: spammp by LeRe to -1
28-12-17 23:30:11 [INFO] [OctoBans] autoclick_pvp sql checked, record: spammp by FiasK0 to -1
28-12-17 23:53:54 [INFO] [OctoBans] thefenris32 sql checked, record: spammp by Remil to -1
28-12-17 23:54:35 [INFO] [OctoBans] ytbibossyt sql checked, record: spammp by atsuky to -1
28-12-17 23:55:56 [INFO] [OctoBans] harkz sql checked, record: spammp by EGGSPLOSION to -1
28-12-17 23:55:56 [INFO] [OctoBans] harkz sql checked, record: spammp by atsuky to -1
29-12-17 00:01:06 [INFO] [OctoBans] nrgx_sh4d0w sql checked, record: spammp by NeyTox to -1
29-12-17 00:03:31 [INFO] [OctoBans] amokon sql checked, record: spammp by PoukoaMoa to -1
29-12-17 00:03:31 [INFO] [OctoBans] amokon sql checked, record: spammp by drbrine to -1
29-12-17 00:08:37 [INFO] [OctoBans] progameur sql checked, record: spammp by FiasK0 to -1
29-12-17 00:12:17 [INFO] [OctoBans] zumbie sql checked, record: spammp by EGGSPLOSION to -1
29-12-17 00:12:17 [INFO] [OctoBans] zumbie sql checked, record: spammp by EW3L to -1
29-12-17 00:21:18 [INFO] [OctoBans] mcfleury sql checked, record: spammp by Koeseb97 to -1
29-12-17 00:33:51 [INFO] [OctoBans] reborncreep sql checked, record: spammp by drbrine to -1
29-12-17 00:33:51 [INFO] [OctoBans] reborncreep sql checked, record: spam by D3adOrSnipSurYTB to 1514511187
29-12-17 00:35:34 [INFO] [OctoBans] the_slash sql checked, record: spammp by pepedjo to -1
29-12-17 00:35:34 [INFO] [OctoBans] the_slash sql checked, record: spammp by drbrine to -1
29-12-17 00:35:34 [INFO] [OctoBans] the_slash sql checked, record: spammp by NeyTox to -1
29-12-17 00:35:34 [INFO] [OctoBans] the_slash sql checked, record: spammp by EW3L to -1
29-12-17 00:39:34 [INFO] [OctoBans] YTB_XxKarnageXx punished jeanpierredu025 for: TpKill
29-12-17 00:44:17 [INFO] [OctoBans] YTB_XxKarnageXx punished zrk_warthog for: Insulte grave
29-12-17 00:56:22 [INFO] [OctoBans] bokos sql checked, record: spammp by yeti2001vd to -1
29-12-17 00:56:22 [INFO] [OctoBans] bokos sql checked, record: spammp by yeti2001vd to -1
29-12-17 00:56:22 [INFO] [OctoBans] bokos sql checked, record: spammp by FNGOD to -1
29-12-17 00:56:22 [INFO] [OctoBans] bokos sql checked, record: spammp by EW3L to -1
29-12-17 00:56:22 [INFO] [OctoBans] bokos sql checked, record: spammp by FNGOD to -1
29-12-17 00:56:22 [INFO] [OctoBans] bokos sql checked, record: spam by D3adOrSnipSurYTB to 1514508043
29-12-17 00:57:46 [INFO] [OctoBans] YTB_XxKarnageXx punished akito for: TpKill
29-12-17 01:02:21 [INFO] [OctoBans] YTB_XxKarnageXx punished leminecraftien80 for: Provocation
29-12-17 01:04:17 [INFO] [OctoBans] ToXiCz_TV punished ktm125sx for: Insulte
29-12-17 01:07:10 [INFO] [OctoBans] tereure sql checked, record: spammp by Zayrox29 to -1
29-12-17 01:07:10 [INFO] [OctoBans] tereure sql checked, record: spammp by PseudooNull to -1
29-12-17 01:13:22 [INFO] [OctoBans] keen0x sql checked, record: spammp by FNGOD to -1
29-12-17 01:17:29 [INFO] [OctoBans] jusde sql checked, record: spammp by Zoseq to -1
29-12-17 01:25:19 [INFO] [OctoBans] PseudooNull punished lethugdu46 for: Insulte grave
29-12-17 01:31:45 [INFO] [OctoBans] PseudooNull punished brookdu81 for: Provocation
29-12-17 01:31:59 [INFO] [OctoBans] PseudooNull punished karmayt for: Provocation
29-12-17 01:41:05 [INFO] [OctoBans] le_clodov2 sql checked, record: spammp by ToXiCz_TV to -1
29-12-17 01:41:05 [INFO] [OctoBans] le_clodov2 sql checked, record: spammp by FamousxRay to -1
29-12-17 01:44:02 [INFO] [OctoBans] ToXiCz_TV punished lokyin for: Insulte grave
29-12-17 01:44:31 [INFO] [OctoBans] ToXiCz_TV punished lokyin for: Spam/flood en MP
29-12-17 01:46:09 [INFO] [OctoBans] PseudooNull punished the_slash for: Insulte grave
29-12-17 01:47:37 [INFO] [OctoBans] PseudooNull punished lokyin for: TpKill
29-12-17 01:54:32 [INFO] [OctoBans] killyan sql checked, record: spammp by EW3L to -1
29-12-17 02:05:56 [INFO] [OctoBans] xxfloxx19 sql checked, record: spammp by Evolze to -1
29-12-17 03:35:14 [INFO] [OctoBans] maxoupvp sql checked, record: spammp by LeRe to -1
29-12-17 03:35:14 [INFO] [OctoBans] maxoupvp sql checked, record: spammp by drbrine to -1
29-12-17 03:35:14 [INFO] [OctoBans] maxoupvp sql checked, record: spammp by PseudooNull to -1
29-12-17 03:35:14 [INFO] [OctoBans] maxoupvp sql checked, record: tpkill by PseudooNull to 1514584582
29-12-17 03:57:10 [INFO] [OctoBans] aexraptorz sql checked, record: spammp by Remil to -1
29-12-17 03:57:10 [INFO] [OctoBans] aexraptorz sql checked, record: spammp by PseudooNull to -1
29-12-17 04:22:28 [INFO] [OctoBans] diodu sql checked, record: spammp by Gamer09 to -1
29-12-17 05:19:56 [INFO] [OctoBans] xx_after_xx sql checked, record: spammp by FiasK0 to -1
29-12-17 06:01:02 [INFO] [OctoBans] Disabling OctoBans v1.0
