11-06-17 22:31:42 [INFO] [OctoBans] File Handler successfully initialized!
11-06-17 22:31:42 [INFO] [OctoBans] SQL connection successfully etablished
11-06-17 22:31:42 [INFO] [OctoBans] Moderator Tools by Octonia.
11-06-17 22:31:46 [INFO] [OctoBans] ocip_matth sql checked, record: spammp by ZerKup to -1
11-06-17 22:31:46 [INFO] [OctoBans] ocip_matth sql checked, record: spammp by SuperJojo to -1
11-06-17 22:31:46 [INFO] [OctoBans] ocip_matth sql checked, record: kickautre by Steph078 to -1
11-06-17 22:31:46 [INFO] [OctoBans] fantik099 sql checked, record: spam by SuperJojo to 1497214323
11-06-17 22:31:47 [INFO] [OctoBans] deniz sql checked, record: insultegrave by Steph078 to 1497272379
11-06-17 22:31:47 [INFO] [OctoBans] stickfly sql checked, record: spammp by SnowEffect to -1
11-06-17 22:31:47 [INFO] [OctoBans] skyizi91 sql checked, record: spammp by PseudoNul to -1
11-06-17 22:31:47 [INFO] [OctoBans] skyizi91 sql checked, record: spammp by Remil to -1
11-06-17 22:31:47 [INFO] [OctoBans] skyizi91 sql checked, record: spammp by PseudoNul to -1
11-06-17 22:31:47 [INFO] [OctoBans] zoxis sql checked, record: spammp by Theo97 to -1
11-06-17 22:31:47 [INFO] [OctoBans] papigabi sql checked, record: spammp by SnowEffect to -1
11-06-17 22:31:47 [INFO] [OctoBans] erinoxlx sql checked, record: kickautre by Steph078 to -1
11-06-17 22:31:47 [INFO] [OctoBans] blackwhite010 sql checked, record: spammp by PseudoNul to -1
11-06-17 22:31:47 [INFO] [OctoBans] fabio sql checked, record: spammp by Remil to -1
11-06-17 22:31:47 [INFO] [OctoBans] aldorbest sql checked, record: kickautre by Steph078 to -1
11-06-17 22:31:47 [INFO] [OctoBans] hayden_frost sql checked, record: spammp by PseudoNul to -1
11-06-17 22:31:47 [INFO] [OctoBans] samybg sql checked, record: spammp by Remil to -1
11-06-17 22:31:49 [INFO] [OctoBans] zoroto sql checked, record: insultegrave by Mzeer to 1497216660
11-06-17 22:31:49 [INFO] [OctoBans] ramiemeraude sql checked, record: spammp by SkyKosIV to -1
11-06-17 22:31:51 [INFO] [OctoBans] julie52100 sql checked, record: spammp by SnowEffect to -1
11-06-17 22:31:52 [INFO] [OctoBans] idecow_ sql checked, record: spammp by PseudoNul to -1
11-06-17 22:31:52 [INFO] [OctoBans] idecow_ sql checked, record: spammp by SuperJojo to -1
11-06-17 22:31:52 [INFO] [OctoBans] idecow_ sql checked, record: spammp by PseudoNul to -1
11-06-17 22:31:56 [INFO] [OctoBans] xelio57 sql checked, record: spammp by SnowEffect to -1
11-06-17 22:32:08 [INFO] [OctoBans] romlcm89 sql checked, record: spammp by YTB_XxKarnageXx to -1
11-06-17 22:32:20 [INFO] [OctoBans] tipi201 sql checked, record: kickautre by ZerKup to -1
11-06-17 22:32:20 [INFO] [OctoBans] gamix_yt sql checked, record: spammp by SkyKosIV to -1
11-06-17 22:32:20 [INFO] [OctoBans] gamix_yt sql checked, record: spammp by Steph078 to -1
11-06-17 22:32:20 [INFO] [OctoBans] gamix_yt sql checked, record: insultegrave by Remil to 1497293707
11-06-17 22:32:20 [INFO] [OctoBans] gamix_yt sql checked, record: insultegrave by Remil to 1497329731
11-06-17 22:32:20 [INFO] [OctoBans] gamix_yt sql checked, record: insultegrave by Remil to 1497365752
11-06-17 22:32:20 [INFO] [OctoBans] gamix_yt sql checked, record: insultegrave by Remil to 1497401772
11-06-17 22:32:20 [INFO] [OctoBans] gamix_yt sql checked, record: insultegrave by Remil to 1497437793
11-06-17 22:32:26 [INFO] [OctoBans] anthony972 sql checked, record: doubleposte by SuperJojo to 1497213509
11-06-17 22:32:31 [INFO] [OctoBans] superjojo sql checked, record: spammp by SkyKosIV to -1
11-06-17 22:32:31 [INFO] [OctoBans] superjojo sql checked, record: spammp by Blubfire to -1
11-06-17 22:32:33 [INFO] [OctoBans] selim45 sql checked, record: doubleposte by SuperJojo to 1497216631
11-06-17 22:32:34 [INFO] [OctoBans] Chirak_sama punished akazede for: Langage incorrect
11-06-17 22:32:50 [INFO] [OctoBans] stonewolf sql checked, record: spammp by SuperJojo to -1
11-06-17 22:33:20 [INFO] [OctoBans] mgk_tozzzz sql checked, record: majuscule by SuperJojo to 1497215793
11-06-17 22:33:51 [INFO] [OctoBans] gismo2806 sql checked, record: insultegrave by YTB_XxKarnageXx to 1497270497
11-06-17 22:34:00 [INFO] [OctoBans] lololaclarinette sql checked, record: faussesinfos by SuperJojo to 1497281949
11-06-17 22:34:34 [INFO] [OctoBans] steph078 sql checked, record: spammp by Blubfire to -1
11-06-17 22:35:04 [INFO] [OctoBans] shetters sql checked, record: faussesinfos by YTB_XxKarnageXx to 1497272075
11-06-17 22:36:04 [INFO] [OctoBans] shouteur sql checked, record: spammp by Remil to -1
11-06-17 22:36:19 [INFO] [OctoBans] ray54 sql checked, record: spammp by SuperJojo to -1
11-06-17 22:36:24 [INFO] [OctoBans] iuozoi sql checked, record: insultestaff by Remil to 1497284579
11-06-17 22:36:32 [INFO] [OctoBans] mire sql checked, record: spammp by YTB_XxKarnageXx to -1
11-06-17 22:36:32 [INFO] [OctoBans] mire sql checked, record: spammp by SuperJojo to -1
11-06-17 22:37:17 [INFO] [OctoBans] endermanbruler sql checked, record: racism by D3adOrSnipSurYTB to 1497291247
11-06-17 22:37:48 [INFO] [OctoBans] whiskass sql checked, record: spammp by SuperJojo to -1
11-06-17 22:39:11 [INFO] [OctoBans] acos79 sql checked, record: spammp by YTB_XxKarnageXx to -1
11-06-17 22:39:11 [INFO] [OctoBans] acos79 sql checked, record: spammp by Steph078 to -1
11-06-17 22:39:11 [INFO] [OctoBans] acos79 sql checked, record: insultegrave by D3adOrSnipSurYTB to 1497260948
11-06-17 22:39:59 [INFO] [OctoBans] Romlcm89 punished vavane for: Double Poste
11-06-17 22:40:00 [INFO] [OctoBans] Remil punished vulmay1 for: Majuscule
11-06-17 22:40:44 [INFO] [OctoBans] Remil punished samybg for: Insulte staff
11-06-17 22:41:00 [INFO] [OctoBans] iuozoi sql checked, record: insultestaff by Remil to 1497284579
11-06-17 22:41:20 [INFO] [OctoBans] razgard59 sql checked, record: spammp by SuperJojo to -1
11-06-17 22:41:20 [INFO] [OctoBans] razgard59 sql checked, record: spamfopen by SuperJojo to 1497214221
11-06-17 22:41:30 [INFO] [OctoBans] iuozoi sql checked, record: insultestaff by Remil to 1497284579
11-06-17 22:42:11 [INFO] [OctoBans] zefano sql checked, record: tpkill by SkyKosIV to 1497214638
11-06-17 22:42:25 [INFO] [OctoBans] biguiboss31 sql checked, record: spammp by PseudoNul to -1
11-06-17 22:42:49 [INFO] [OctoBans] walterwhite sql checked, record: spammp by SuperJojo to -1
11-06-17 22:42:49 [INFO] [OctoBans] walterwhite sql checked, record: insultestaff by Elyxir to 1497323495
11-06-17 22:43:02 [INFO] [OctoBans] PseudoNul punished soufianmc for: TpKill
11-06-17 22:43:30 [INFO] [OctoBans] PseudoNul punished skyizi91 for: Provocation
11-06-17 22:43:50 [INFO] [OctoBans] SkyKosIV punished silversledragon for: Spam/flood
11-06-17 22:44:42 [INFO] [OctoBans] imdylan sql checked, record: spammp by SnowEffect to -1
11-06-17 22:45:30 [INFO] [OctoBans] Chirak_sama punished aldorbest for: Double Poste
11-06-17 22:47:59 [INFO] [OctoBans] Remil punished stickfly for: Insulte
11-06-17 22:49:10 [INFO] [OctoBans] Remil punished anthony972 for: Double Poste
11-06-17 22:50:13 [INFO] [OctoBans] grenousse_pvp sql checked, record: spammp by YTB_XxKarnageXx to -1
11-06-17 22:52:04 [INFO] [OctoBans] yassir321 sql checked, record: insultegrave by YTB_XxKarnageXx to 1497228184
11-06-17 22:52:20 [INFO] [OctoBans] SuperJojo punished idecow_ for: Provocation
11-06-17 22:52:26 [INFO] [OctoBans] SuperJojo punished swag__ for: Double Poste
11-06-17 22:52:41 [INFO] [OctoBans] Chirak_sama punished sam1 for: Double Poste
11-06-17 22:53:23 [INFO] [OctoBans] SuperJojo punished loulou25 for: Double Poste
11-06-17 22:53:39 [INFO] [OctoBans] by_fly sql checked, record: spammp by Remil to -1
11-06-17 22:53:39 [INFO] [OctoBans] by_fly sql checked, record: insultegrave by Theoklm57 to 1497241877
11-06-17 22:53:43 [INFO] [OctoBans] jlp22600 sql checked, record: faussesinfos by PseudoNul to 1497254284
11-06-17 22:54:15 [INFO] [OctoBans] albin59620 sql checked, record: tpkill by SkyKosIV to 1497214644
11-06-17 22:58:13 [INFO] [OctoBans] creed_2 sql checked, record: spammp by YTB_XxKarnageXx to -1
11-06-17 23:01:57 [INFO] [OctoBans] Romlcm89 punished play4games for: Double Poste
11-06-17 23:02:26 [INFO] [OctoBans] v0rtexneokilleur sql checked, record: spammp by YTB_XxKarnageXx to -1
11-06-17 23:03:00 [INFO] [OctoBans] superfilleciel sql checked, record: spammp by Theo97 to -1
11-06-17 23:05:47 [INFO] [OctoBans] SuperJojo punished enzo_18 for: Spam/flood
11-06-17 23:07:50 [INFO] [OctoBans] Steph078 punished yourdead for: Double Poste
11-06-17 23:08:00 [INFO] [OctoBans] yourdead sql checked, record: doubleposte by Steph078 to 1497220070
11-06-17 23:09:34 [INFO] [OctoBans] PseudoNul punished blackstars301 for: Langage incorrect
11-06-17 23:11:02 [INFO] [OctoBans] Romlcm89 punished plaugin33 for: Spam/flood
11-06-17 23:12:12 [INFO] [OctoBans] Chirak_sama punished seiyox for: Insulte
11-06-17 23:15:10 [INFO] [OctoBans] SuperJojo punished vulmay1 for: Double Poste
11-06-17 23:17:37 [INFO] [OctoBans] zlkayzen sql checked, record: faussesinfos by SkyKosIV to 1497315062
11-06-17 23:17:37 [INFO] [OctoBans] zlkayzen sql checked, record: menacehack by SkyKosIV to 1497401592
11-06-17 23:17:37 [INFO] [OctoBans] zlkayzen sql checked, record: majuscule by zlKayzen to 1495753574
11-06-17 23:17:37 [INFO] [OctoBans] zlkayzen sql checked, record: provocation by zlKayzen to 1495753658
11-06-17 23:17:37 [INFO] [OctoBans] zlkayzen sql checked, record: provocation by zlKayzen to 1495753989
11-06-17 23:17:37 [INFO] [OctoBans] zlkayzen sql checked, record: langage by zlKayzen to 1495754239
11-06-17 23:17:37 [INFO] [OctoBans] zlkayzen sql checked, record: doubleposte by zlKayzen to 1495755355
11-06-17 23:17:37 [INFO] [OctoBans] zlkayzen sql checked, record: majuscule by zlKayzen to 1495785731
11-06-17 23:17:37 [INFO] [OctoBans] zlkayzen sql checked, record: langage by zlKayzen to 1495786297
11-06-17 23:17:37 [INFO] [OctoBans] zlkayzen sql checked, record: flood by zlKayzen to 1495790249
11-06-17 23:17:37 [INFO] [OctoBans] zlkayzen sql checked, record: doubleposte by zlKayzen to 1495787914
11-06-17 23:17:37 [INFO] [OctoBans] zlkayzen sql checked, record: majuscule by zlKayzen to 1495789852
11-06-17 23:17:37 [INFO] [OctoBans] zlkayzen sql checked, record: majuscule by zlKayzen to 1495790241
11-06-17 23:17:37 [INFO] [OctoBans] zlkayzen sql checked, record: doubleposte by zlKayzen to 1495789983
11-06-17 23:17:37 [INFO] [OctoBans] zlkayzen sql checked, record: flood by zlKayzen to 1495793303
11-06-17 23:17:37 [INFO] [OctoBans] zlkayzen sql checked, record: doubleposte by zlKayzen to 1495790212
11-06-17 23:17:37 [INFO] [OctoBans] zlkayzen sql checked, record: doubleposte by zlKayzen to 1495790773
11-06-17 23:17:37 [INFO] [OctoBans] zlkayzen sql checked, record: provocation by zlKayzen to 1495790832
11-06-17 23:17:37 [INFO] [OctoBans] zlkayzen sql checked, record: majuscule by zlKayzen to 1495792510
11-06-17 23:17:37 [INFO] [OctoBans] zlkayzen sql checked, record: doubleposte by zlKayzen to 1495805728
11-06-17 23:17:37 [INFO] [OctoBans] zlkayzen sql checked, record: majuscule by zlKayzen to 1495806545
11-06-17 23:17:37 [INFO] [OctoBans] zlkayzen sql checked, record: insultesrv by zlKayzen to 1495824087
11-06-17 23:17:37 [INFO] [OctoBans] zlkayzen sql checked, record: doubleposte by zlKayzen to 1495806929
11-06-17 23:17:37 [INFO] [OctoBans] zlkayzen sql checked, record: provocation by zlKayzen to 1495807549
11-06-17 23:17:37 [INFO] [OctoBans] zlkayzen sql checked, record: doubleposte by zlKayzen to 1495806666
11-06-17 23:17:37 [INFO] [OctoBans] zlkayzen sql checked, record: insultegrave by zlKayzen to 1495842599
11-06-17 23:17:37 [INFO] [OctoBans] zlkayzen sql checked, record: insultegrave by zlKayzen to 1495843015
11-06-17 23:17:37 [INFO] [OctoBans] zlkayzen sql checked, record: majuscule by zlKayzen to 1495807639
11-06-17 23:17:37 [INFO] [OctoBans] zlkayzen sql checked, record: majuscule by zlKayzen to 1495807663
11-06-17 23:17:37 [INFO] [OctoBans] zlkayzen sql checked, record: majuscule by zlKayzen to 1495815453
11-06-17 23:17:37 [INFO] [OctoBans] zlkayzen sql checked, record: doubleposte by zlKayzen to 1495815670
11-06-17 23:17:37 [INFO] [OctoBans] zlkayzen sql checked, record: doubleposte by zlKayzen to 1495823422
11-06-17 23:17:37 [INFO] [OctoBans] zlkayzen sql checked, record: insultestaff by zlKayzen to 1495862698
11-06-17 23:17:37 [INFO] [OctoBans] zlkayzen sql checked, record: doubleposte by zlKayzen to 1495827103
11-06-17 23:17:37 [INFO] [OctoBans] zlkayzen sql checked, record: provocation by zlKayzen to 1495827132
11-06-17 23:17:37 [INFO] [OctoBans] zlkayzen sql checked, record: insulte by zlKayzen to 1495829550
11-06-17 23:17:37 [INFO] [OctoBans] zlkayzen sql checked, record: majuscule by zlKayzen to 1495829811
11-06-17 23:17:37 [INFO] [OctoBans] zlkayzen sql checked, record: majuscule by zlKayzen to 1495830269
11-06-17 23:17:37 [INFO] [OctoBans] zlkayzen sql checked, record: flood by zlKayzen to 1495841026
11-06-17 23:17:37 [INFO] [OctoBans] zlkayzen sql checked, record: doubleposte by zlKayzen to 1495839852
11-06-17 23:17:37 [INFO] [OctoBans] zlkayzen sql checked, record: majuscule by zlKayzen to 1495845476
11-06-17 23:17:37 [INFO] [OctoBans] zlkayzen sql checked, record: langage by zlKayzen to 1495846579
11-06-17 23:17:37 [INFO] [OctoBans] zlkayzen sql checked, record: langage by zlKayzen to 1495883529
11-06-17 23:17:37 [INFO] [OctoBans] zlkayzen sql checked, record: doubleposte by zlKayzen to 1495892502
11-06-17 23:17:37 [INFO] [OctoBans] zlkayzen sql checked, record: insultegrave by zlKayzen to 1495939716
11-06-17 23:17:37 [INFO] [OctoBans] zlkayzen sql checked, record: majuscule by zlKayzen to 1495904369
11-06-17 23:17:37 [INFO] [OctoBans] zlkayzen sql checked, record: insultestaff by zlKayzen to 1495975911
11-06-17 23:17:37 [INFO] [OctoBans] zlkayzen sql checked, record: insulte by zlKayzen to 1495907305
11-06-17 23:17:37 [INFO] [OctoBans] zlkayzen sql checked, record: insulte by zlKayzen to 1495909109
11-06-17 23:17:37 [INFO] [OctoBans] zlkayzen sql checked, record: insulte by zlKayzen to 1495912392
11-06-17 23:17:37 [INFO] [OctoBans] zlkayzen sql checked, record: majuscule by zlKayzen to 1495910378
11-06-17 23:17:37 [INFO] [OctoBans] zlkayzen sql checked, record: insulte by zlKayzen to 1495912508
11-06-17 23:17:37 [INFO] [OctoBans] zlkayzen sql checked, record: doubleposte by zlKayzen to 1495910792
11-06-17 23:17:37 [INFO] [OctoBans] zlkayzen sql checked, record: faussesinfos by zlKayzen to 1495996350
11-06-17 23:17:37 [INFO] [OctoBans] zlkayzen sql checked, record: langage by zlKayzen to 1495910903
11-06-17 23:17:37 [INFO] [OctoBans] zlkayzen sql checked, record: langage by zlKayzen to 1495912726
11-06-17 23:17:37 [INFO] [OctoBans] zlkayzen sql checked, record: langage by zlKayzen to 1495915296
11-06-17 23:17:37 [INFO] [OctoBans] zlkayzen sql checked, record: doubleposte by zlKayzen to 1495915038
11-06-17 23:17:37 [INFO] [OctoBans] zlkayzen sql checked, record: doubleposte by zlKayzen to 1495915043
11-06-17 23:17:37 [INFO] [OctoBans] zlkayzen sql checked, record: majuscule by zlKayzen to 1496445521
11-06-17 23:17:37 [INFO] [OctoBans] zlkayzen sql checked, record: insulte by zlKayzen to 1496447694
11-06-17 23:17:37 [INFO] [OctoBans] zlkayzen sql checked, record: insulte by zlKayzen to 1496450402
11-06-17 23:17:37 [INFO] [OctoBans] zlkayzen sql checked, record: doubleposte by zlKayzen to 1496447025
11-06-17 23:17:37 [INFO] [OctoBans] zlkayzen sql checked, record: doubleposte by zlKayzen to 1496448594
11-06-17 23:17:37 [INFO] [OctoBans] zlkayzen sql checked, record: provocation by zlKayzen to 1496480782
11-06-17 23:17:37 [INFO] [OctoBans] zlkayzen sql checked, record: flood by zlKayzen to 1496484234
11-06-17 23:17:37 [INFO] [OctoBans] zlkayzen sql checked, record: flood by zlKayzen to 1496489670
11-06-17 23:17:37 [INFO] [OctoBans] zlkayzen sql checked, record: doubleposte by zlKayzen to 1496482930
11-06-17 23:17:37 [INFO] [OctoBans] zlkayzen sql checked, record: provocation by zlKayzen to 1496484437
11-06-17 23:17:37 [INFO] [OctoBans] zlkayzen sql checked, record: flood by zlKayzen to 1496486578
11-06-17 23:17:37 [INFO] [OctoBans] zlkayzen sql checked, record: majuscule by zlKayzen to 1496483843
11-06-17 23:17:37 [INFO] [OctoBans] zlkayzen sql checked, record: flood by zlKayzen to 1496486950
11-06-17 23:17:37 [INFO] [OctoBans] zlkayzen sql checked, record: insultegrave by zlKayzen to 1496519394
11-06-17 23:17:37 [INFO] [OctoBans] zlkayzen sql checked, record: flood by zlKayzen to 1496487003
11-06-17 23:17:37 [INFO] [OctoBans] zlkayzen sql checked, record: flood by zlKayzen to 1496491191
11-06-17 23:17:37 [INFO] [OctoBans] zlkayzen sql checked, record: flood by zlKayzen to 1496487602
11-06-17 23:17:37 [INFO] [OctoBans] zlkayzen sql checked, record: majuscule by zlKayzen to 1496485219
11-06-17 23:17:37 [INFO] [OctoBans] zlkayzen sql checked, record: insultesrv by zlKayzen to 1496502025
11-06-17 23:17:37 [INFO] [OctoBans] zlkayzen sql checked, record: majuscule by zlKayzen to 1496485167
11-06-17 23:17:37 [INFO] [OctoBans] zlkayzen sql checked, record: flood by zlKayzen to 1496489193
11-06-17 23:17:37 [INFO] [OctoBans] zlkayzen sql checked, record: insultegrave by zlKayzen to 1496522748
11-06-17 23:17:37 [INFO] [OctoBans] zlkayzen sql checked, record: langage by zlKayzen to 1496488105
11-06-17 23:17:37 [INFO] [OctoBans] zlkayzen sql checked, record: majuscule by zlKayzen to 1496487733
11-06-17 23:17:37 [INFO] [OctoBans] zlkayzen sql checked, record: doubleposte by zlKayzen to 1496492535
11-06-17 23:17:37 [INFO] [OctoBans] zlkayzen sql checked, record: doubleposte by zlKayzen to 1496492240
11-06-17 23:17:37 [INFO] [OctoBans] zlkayzen sql checked, record: doubleposte by zlKayzen to 1496492254
11-06-17 23:17:37 [INFO] [OctoBans] zlkayzen sql checked, record: provocation by zlKayzen to 1496493099
11-06-17 23:17:37 [INFO] [OctoBans] zlkayzen sql checked, record: insultegrave by zlKayzen to 1496564629
11-06-17 23:17:37 [INFO] [OctoBans] zlkayzen sql checked, record: majuscule by zlKayzen to 1496493413
11-06-17 23:17:37 [INFO] [OctoBans] zlkayzen sql checked, record: majuscule by zlKayzen to 1496495241
11-06-17 23:17:37 [INFO] [OctoBans] zlkayzen sql checked, record: provocation by zlKayzen to 1496495093
11-06-17 23:17:37 [INFO] [OctoBans] zlkayzen sql checked, record: doubleposte by zlKayzen to 1496496598
11-06-17 23:17:37 [INFO] [OctoBans] zlkayzen sql checked, record: provocation by zlKayzen to 1496497460
11-06-17 23:17:37 [INFO] [OctoBans] zlkayzen sql checked, record: provocation by zlKayzen to 1496503204
11-06-17 23:17:37 [INFO] [OctoBans] zlkayzen sql checked, record: insulte by zlKayzen to 1496507506
11-06-17 23:17:37 [INFO] [OctoBans] zlkayzen sql checked, record: majuscule by zlKayzen to 1496502855
11-06-17 23:17:37 [INFO] [OctoBans] zlkayzen sql checked, record: provocation by zlKayzen to 1496509300
11-06-17 23:17:37 [INFO] [OctoBans] zlkayzen sql checked, record: doubleposte by zlKayzen to 1496509903
11-06-17 23:17:37 [INFO] [OctoBans] zlkayzen sql checked, record: doubleposte by zlKayzen to 1496512041
11-06-17 23:17:37 [INFO] [OctoBans] zlkayzen sql checked, record: flood by zlKayzen to 1496516891
11-06-17 23:17:37 [INFO] [OctoBans] zlkayzen sql checked, record: langage by zlKayzen to 1496519400
11-06-17 23:17:37 [INFO] [OctoBans] zlkayzen sql checked, record: majuscule by zlKayzen to 1496519983
11-06-17 23:17:37 [INFO] [OctoBans] zlkayzen sql checked, record: pubyt by zlKayzen to 1496523006
11-06-17 23:17:37 [INFO] [OctoBans] zlkayzen sql checked, record: flood by zlKayzen to 1496523870
11-06-17 23:17:37 [INFO] [OctoBans] zlkayzen sql checked, record: majuscule by zlKayzen to 1496525938
11-06-17 23:17:37 [INFO] [OctoBans] zlkayzen sql checked, record: flood by zlKayzen to 1496526658
11-06-17 23:17:37 [INFO] [OctoBans] zlkayzen sql checked, record: langage by zlKayzen to 1496528262
11-06-17 23:17:37 [INFO] [OctoBans] zlkayzen sql checked, record: flood by zlKayzen to 1496566788
11-06-17 23:17:37 [INFO] [OctoBans] zlkayzen sql checked, record: doubleposte by zlKayzen to 1496564094
11-06-17 23:17:37 [INFO] [OctoBans] zlkayzen sql checked, record: doubleposte by zlKayzen to 1496563750
11-06-17 23:17:37 [INFO] [OctoBans] zlkayzen sql checked, record: majuscule by zlKayzen to 1496565491
11-06-17 23:17:37 [INFO] [OctoBans] zlkayzen sql checked, record: doubleposte by zlKayzen to 1496565261
11-06-17 23:17:37 [INFO] [OctoBans] zlkayzen sql checked, record: langage by zlKayzen to 1496566167
11-06-17 23:17:37 [INFO] [OctoBans] zlkayzen sql checked, record: insulte by zlKayzen to 1496569655
11-06-17 23:17:37 [INFO] [OctoBans] zlkayzen sql checked, record: flood by zlKayzen to 1496576657
11-06-17 23:17:37 [INFO] [OctoBans] zlkayzen sql checked, record: provocation by zlKayzen to 1496574376
11-06-17 23:17:37 [INFO] [OctoBans] zlkayzen sql checked, record: flood by zlKayzen to 1496581123
11-06-17 23:17:37 [INFO] [OctoBans] zlkayzen sql checked, record: doubleposte by zlKayzen to 1496579079
11-06-17 23:17:37 [INFO] [OctoBans] zlkayzen sql checked, record: majuscule by zlKayzen to 1496582397
11-06-17 23:17:37 [INFO] [OctoBans] zlkayzen sql checked, record: majuscule by zlKayzen to 1496582570
11-06-17 23:17:37 [INFO] [OctoBans] zlkayzen sql checked, record: flood by zlKayzen to 1496586332
11-06-17 23:17:37 [INFO] [OctoBans] zlkayzen sql checked, record: insulte by zlKayzen to 1496594706
11-06-17 23:17:37 [INFO] [OctoBans] zlkayzen sql checked, record: doubleposte by zlKayzen to 1496604473
11-06-17 23:17:37 [INFO] [OctoBans] zlkayzen sql checked, record: incitationflood by zlKayzen to 1496690612
11-06-17 23:17:37 [INFO] [OctoBans] zlkayzen sql checked, record: doubleposte by zlKayzen to 1496607537
11-06-17 23:17:37 [INFO] [OctoBans] zlkayzen sql checked, record: majuscule by zlKayzen to 1496607018
11-06-17 23:17:37 [INFO] [OctoBans] zlkayzen sql checked, record: insulte by zlKayzen to 1496609312
11-06-17 23:17:37 [INFO] [OctoBans] zlkayzen sql checked, record: insulte by zlKayzen to 1496609549
11-06-17 23:17:37 [INFO] [OctoBans] zlkayzen sql checked, record: doubleposte by zlKayzen to 1496607181
11-06-17 23:17:37 [INFO] [OctoBans] zlkayzen sql checked, record: insulte by zlKayzen to 1496611711
11-06-17 23:17:37 [INFO] [OctoBans] zlkayzen sql checked, record: doubleposte by zlKayzen to 1496610774
11-06-17 23:17:37 [INFO] [OctoBans] zlkayzen sql checked, record: doubleposte by zlKayzen to 1496622087
11-06-17 23:17:37 [INFO] [OctoBans] zlkayzen sql checked, record: flood by zlKayzen to 1496624925
11-06-17 23:17:37 [INFO] [OctoBans] zlkayzen sql checked, record: flood by zlKayzen to 1496662883
11-06-17 23:17:37 [INFO] [OctoBans] zlkayzen sql checked, record: flood by zlKayzen to 1496664874
11-06-17 23:17:37 [INFO] [OctoBans] zlkayzen sql checked, record: doubleposte by zlKayzen to 1496661956
11-06-17 23:17:37 [INFO] [OctoBans] zlkayzen sql checked, record: majuscule by zlKayzen to 1496662067
11-06-17 23:17:37 [INFO] [OctoBans] zlkayzen sql checked, record: doubleposte by zlKayzen to 1496662886
11-06-17 23:17:37 [INFO] [OctoBans] zlkayzen sql checked, record: provocation by zlKayzen to 1496676613
11-06-17 23:17:37 [INFO] [OctoBans] zlkayzen sql checked, record: langage by zlKayzen to 1496676528
11-06-17 23:17:37 [INFO] [OctoBans] zlkayzen sql checked, record: flood by zlKayzen to 1496700312
11-06-17 23:17:37 [INFO] [OctoBans] zlkayzen sql checked, record: langage by zlKayzen to 1496699913
11-06-17 23:17:37 [INFO] [OctoBans] zlkayzen sql checked, record: insulte by zlKayzen to 1496779470
11-06-17 23:17:37 [INFO] [OctoBans] zlkayzen sql checked, record: flood by zlKayzen to 1496783910
11-06-17 23:17:37 [INFO] [OctoBans] zlkayzen sql checked, record: flood by zlKayzen to 1496783977
11-06-17 23:17:37 [INFO] [OctoBans] zlkayzen sql checked, record: pubyt by zlKayzen to 1496868781
11-06-17 23:17:37 [INFO] [OctoBans] zlkayzen sql checked, record: insulte by zlKayzen to 1496870963
11-06-17 23:17:37 [INFO] [OctoBans] zlkayzen sql checked, record: insulte by zlKayzen to 1496874222
11-06-17 23:17:37 [INFO] [OctoBans] zlkayzen sql checked, record: insultegrave by zlKayzen to 1497015684
11-06-17 23:17:37 [INFO] [OctoBans] zlkayzen sql checked, record: majuscule by zlKayzen to 1496930113
11-06-17 23:17:37 [INFO] [OctoBans] zlkayzen sql checked, record: doubleposte by zlKayzen to 1496930496
11-06-17 23:17:37 [INFO] [OctoBans] zlkayzen sql checked, record: doubleposte by zlKayzen to 1496930073
11-06-17 23:17:37 [INFO] [OctoBans] zlkayzen sql checked, record: flood by zlKayzen to 1496933628
11-06-17 23:17:37 [INFO] [OctoBans] zlkayzen sql checked, record: insulte by zlKayzen to 1496935485
11-06-17 23:17:37 [INFO] [OctoBans] zlkayzen sql checked, record: provocation by zlKayzen to 1496933060
11-06-17 23:17:37 [INFO] [OctoBans] zlkayzen sql checked, record: insulte by zlKayzen to 1496933982
11-06-17 23:17:37 [INFO] [OctoBans] zlkayzen sql checked, record: doubleposte by zlKayzen to 1496931773
11-06-17 23:17:37 [INFO] [OctoBans] zlkayzen sql checked, record: insultegrave by zlKayzen to 1496967925
11-06-17 23:17:37 [INFO] [OctoBans] zlkayzen sql checked, record: flood by zlKayzen to 1496936177
11-06-17 23:17:37 [INFO] [OctoBans] zlkayzen sql checked, record: pubyt by zlKayzen to 1496936247
11-06-17 23:17:37 [INFO] [OctoBans] zlkayzen sql checked, record: insulte by zlKayzen to 1496936181
11-06-17 23:17:37 [INFO] [OctoBans] zlkayzen sql checked, record: insulte by zlKayzen to 1496936355
11-06-17 23:17:37 [INFO] [OctoBans] zlkayzen sql checked, record: flood by zlKayzen to 1496937555
11-06-17 23:17:37 [INFO] [OctoBans] zlkayzen sql checked, record: insulte by zlKayzen to 1496936749
11-06-17 23:17:37 [INFO] [OctoBans] zlkayzen sql checked, record: doubleposte by zlKayzen to 1496937459
11-06-17 23:17:37 [INFO] [OctoBans] zlkayzen sql checked, record: flood by zlKayzen to 1496944218
11-06-17 23:17:37 [INFO] [OctoBans] zlkayzen sql checked, record: majuscule by zlKayzen to 1496944657
11-06-17 23:17:37 [INFO] [OctoBans] zlkayzen sql checked, record: provocation by zlKayzen to 1496940358
11-06-17 23:17:37 [INFO] [OctoBans] zlkayzen sql checked, record: insultegrave by zlKayzen to 1496977501
11-06-17 23:17:37 [INFO] [OctoBans] zlkayzen sql checked, record: insultegrave by zlKayzen to 1496977595
11-06-17 23:17:37 [INFO] [OctoBans] zlkayzen sql checked, record: doubleposte by zlKayzen to 1496947033
11-06-17 23:17:37 [INFO] [OctoBans] zlkayzen sql checked, record: faussesinfos by zlKayzen to 1497125079
11-06-17 23:17:37 [INFO] [OctoBans] zlkayzen sql checked, record: doubleposte by zlKayzen to 1497039626
11-06-17 23:17:37 [INFO] [OctoBans] zlkayzen sql checked, record: flood by zlKayzen to 1497042401
11-06-17 23:17:37 [INFO] [OctoBans] zlkayzen sql checked, record: flood by zlKayzen to 1497046482
11-06-17 23:17:37 [INFO] [OctoBans] zlkayzen sql checked, record: doubleposte by zlKayzen to 1497049127
11-06-17 23:17:37 [INFO] [OctoBans] zlkayzen sql checked, record: pubyt by zlKayzen to 1497052619
11-06-17 23:17:37 [INFO] [OctoBans] zlkayzen sql checked, record: insulte by zlKayzen to 1497057462
11-06-17 23:17:37 [INFO] [OctoBans] zlkayzen sql checked, record: doubleposte by zlKayzen to 1497091506
11-06-17 23:17:37 [INFO] [OctoBans] zlkayzen sql checked, record: flood by zlKayzen to 1497105792
11-06-17 23:17:37 [INFO] [OctoBans] zlkayzen sql checked, record: provocation by zlKayzen to 1497107417
11-06-17 23:17:37 [INFO] [OctoBans] zlkayzen sql checked, record: doubleposte by zlKayzen to 1497116355
11-06-17 23:17:37 [INFO] [OctoBans] zlkayzen sql checked, record: faussesinfos by zlKayzen to 1497204782
11-06-17 23:18:16 [INFO] [OctoBans] SuperJojo punished black_nightmare for: Double Poste
11-06-17 23:18:59 [INFO] [OctoBans] SuperJojo punished aldorbest for: Double Poste
11-06-17 23:20:03 [INFO] [OctoBans] julianne sql checked, record: spammp by Remil to -1
11-06-17 23:24:53 [INFO] [OctoBans] SuperJojo punished dutche for: Majuscule
11-06-17 23:25:31 [INFO] [OctoBans] SuperJojo punished mrkilleur for: Double Poste
11-06-17 23:26:32 [INFO] [OctoBans] SuperJojo punished loulou25 for: Spam/flood
11-06-17 23:27:50 [INFO] [OctoBans] Tybou punished sam1 for: Spam/flood
11-06-17 23:28:44 [INFO] [OctoBans] SuperJojo punished marcade53 for: Double Poste
11-06-17 23:29:23 [INFO] [OctoBans] dodole1 sql checked, record: spammp by SuperJojo to -1
11-06-17 23:30:03 [INFO] [OctoBans] SuperJojo punished zbeubz for: Majuscule
11-06-17 23:30:09 [INFO] [OctoBans] Tybou punished lemassondu77 for: Majuscule
11-06-17 23:31:48 [INFO] [OctoBans] winningyt sql checked, record: insultegrave by SnowEffect to 1497219038
11-06-17 23:32:16 [INFO] [OctoBans] SuperJojo punished pandazzz for: Publicité Youtubeur
11-06-17 23:34:26 [INFO] [OctoBans] SuperJojo punished shouteur for: Spam/flood en MP
11-06-17 23:35:35 [INFO] [OctoBans] Remil punished zatose for: Spam /f open
11-06-17 23:35:57 [INFO] [OctoBans] Remil punished toxicz_tv for: Spam /f open
11-06-17 23:37:26 [INFO] [OctoBans] sigmoz sql checked, record: menacehack by SuperJojo to 1497217999
11-06-17 23:39:59 [INFO] [OctoBans] SuperJojo punished shayloup for: Spam/flood
11-06-17 23:40:19 [INFO] [OctoBans] Remil punished shayloup for: Spam /f open
11-06-17 23:42:23 [INFO] [OctoBans] Tybou punished vulmay1 for: Double Poste
11-06-17 23:45:18 [INFO] [OctoBans] oeufdepoule62 sql checked, record: spammp by Remil to -1
11-06-17 23:45:18 [INFO] [OctoBans] oeufdepoule62 sql checked, record: spammp by SkyKosIV to -1
11-06-17 23:45:52 [INFO] [OctoBans] siplyoyt sql checked, record: spammp by PseudoNul to -1
11-06-17 23:50:16 [INFO] [OctoBans] GramatiK punished oeufdepoule62 for: Langage incorrect
11-06-17 23:51:20 [INFO] [OctoBans] sportek_ sql checked, record: spammp by SkyKosIV to -1
11-06-17 23:56:53 [INFO] [OctoBans] GramatiK punished frite_merguez for: Double Poste
11-06-17 23:57:22 [INFO] [OctoBans] Tybou punished fabio for: Langage incorrect
11-06-17 23:58:28 [INFO] [OctoBans] GramatiK punished keezy for: Provocation
12-06-17 00:00:47 [INFO] [OctoBans] mrbspino517 sql checked, record: racism by Mzeer to 1497230907
12-06-17 00:04:13 [INFO] [OctoBans] GramatiK punished keezy for: Insulte grave
12-06-17 00:04:36 [INFO] [OctoBans] GramatiK punished dodole1 for: Double Poste
12-06-17 00:28:40 [INFO] [OctoBans] Tybou punished dyfrox for: Spam/flood
12-06-17 00:32:57 [INFO] [OctoBans] Remil punished winningyt for: Langage incorrect
12-06-17 00:39:29 [INFO] [OctoBans] Tybou punished oeufdepoule62 for: Provocation
12-06-17 00:39:58 [INFO] [OctoBans] Tybou punished slownman88 for: Double Poste
12-06-17 00:44:37 [INFO] [OctoBans] dylan5621 sql checked, record: spammp by PseudoNul to -1
12-06-17 00:52:58 [INFO] [OctoBans] Romlcm89 punished kachir0 for: Double Poste
12-06-17 00:59:01 [INFO] [OctoBans] Remil punished dodole1 for: Majuscule
12-06-17 01:00:07 [INFO] [OctoBans] Romlcm89 punished julie52100 for: Double Poste
12-06-17 01:01:11 [INFO] [OctoBans] Tybou punished yolopvp for: Double Poste
12-06-17 01:06:42 [INFO] [OctoBans] Tybou punished grenousse_pvp for: Majuscule
12-06-17 01:11:41 [INFO] [OctoBans] Tybou punished karozi_ for: Incitation au flood
12-06-17 01:14:59 [INFO] [OctoBans] Tybou punished skorte2 for: Double Poste
12-06-17 01:28:22 [INFO] [OctoBans] Tybou punished mineines31 for: Double Poste
12-06-17 01:32:22 [INFO] [OctoBans] Romlcm89 punished julie52100 for: Double Poste
12-06-17 01:32:25 [INFO] [OctoBans] Tybou punished lolollo for: Spam/flood
12-06-17 01:32:55 [INFO] [OctoBans] Tybou punished julie52100 for: Spam/flood
12-06-17 01:33:24 [INFO] [OctoBans] julie52100 sql checked, record: spammp by SnowEffect to -1
12-06-17 01:33:24 [INFO] [OctoBans] julie52100 sql checked, record: doubleposte by Romlcm89 to 1497225607
12-06-17 01:33:24 [INFO] [OctoBans] julie52100 sql checked, record: doubleposte by Romlcm89 to 1497227842
12-06-17 01:33:24 [INFO] [OctoBans] julie52100 sql checked, record: spam by Tybou to 1497241975
12-06-17 01:33:58 [INFO] [OctoBans] Romlcm89 punished julie52100 for: Insulte grave
12-06-17 01:34:35 [INFO] [OctoBans] julie52100 sql checked, record: spammp by SnowEffect to -1
12-06-17 01:34:35 [INFO] [OctoBans] julie52100 sql checked, record: doubleposte by Romlcm89 to 1497225607
12-06-17 01:34:35 [INFO] [OctoBans] julie52100 sql checked, record: doubleposte by Romlcm89 to 1497227842
12-06-17 01:34:35 [INFO] [OctoBans] julie52100 sql checked, record: spam by Tybou to 1497241975
12-06-17 01:34:35 [INFO] [OctoBans] julie52100 sql checked, record: insultegrave by Romlcm89 to 1497296038
12-06-17 02:13:11 [INFO] [OctoBans] by_sneak sql checked, record: spammp by SkyKosIV to -1
12-06-17 02:21:17 [INFO] [OctoBans] Tybou punished julie52100 for: Provocation
12-06-17 02:21:26 [INFO] [OctoBans] julie52100 sql checked, record: spammp by SnowEffect to -1
12-06-17 02:21:26 [INFO] [OctoBans] julie52100 sql checked, record: doubleposte by Romlcm89 to 1497227842
12-06-17 02:21:26 [INFO] [OctoBans] julie52100 sql checked, record: spam by Tybou to 1497241975
12-06-17 02:21:26 [INFO] [OctoBans] julie52100 sql checked, record: insultegrave by Romlcm89 to 1497296038
12-06-17 02:21:26 [INFO] [OctoBans] julie52100 sql checked, record: provocation by Tybou to 1497227777
12-06-17 02:22:16 [INFO] [OctoBans] julie52100 sql checked, record: spammp by SnowEffect to -1
12-06-17 02:22:16 [INFO] [OctoBans] julie52100 sql checked, record: doubleposte by Romlcm89 to 1497227842
12-06-17 02:22:16 [INFO] [OctoBans] julie52100 sql checked, record: spam by Tybou to 1497241975
12-06-17 02:22:16 [INFO] [OctoBans] julie52100 sql checked, record: insultegrave by Romlcm89 to 1497296038
12-06-17 02:22:16 [INFO] [OctoBans] julie52100 sql checked, record: provocation by Tybou to 1497227777
12-06-17 02:22:53 [INFO] [OctoBans] Tybou punished julie52100 for: Spam/flood
12-06-17 02:29:43 [INFO] [OctoBans] Romlcm89 punished _hello_kitty for: Langage incorrect
12-06-17 02:36:00 [INFO] [OctoBans] Romlcm89 punished oeufdepoule62 for: Langage incorrect
12-06-17 02:37:33 [INFO] [OctoBans] Romlcm89 punished oeufdepoule62 for: Insulte grave
12-06-17 02:48:51 [INFO] [OctoBans] toly_ sql checked, record: spammp by PseudoNul to -1
12-06-17 02:48:51 [INFO] [OctoBans] toly_ sql checked, record: spammp by PseudoNul to -1
12-06-17 02:52:29 [INFO] [OctoBans] Romlcm89 punished kilowass for: Double Poste
12-06-17 03:10:13 [INFO] [OctoBans] Remil punished chaser for: Provocation
12-06-17 03:10:22 [INFO] [OctoBans] Remil punished toly_ for: Provocation
12-06-17 03:11:16 [INFO] [OctoBans] Remil punished chaser for: Insulte grave
12-06-17 03:45:17 [INFO] [OctoBans] Remil punished produpvp for: Double Poste
12-06-17 03:55:10 [INFO] [OctoBans] Remil punished yassir321 for: Double Poste
12-06-17 04:39:14 [INFO] [OctoBans] Remil punished rednight_ for: Double Poste
12-06-17 04:39:54 [INFO] [OctoBans] SuperJojo punished rednight_ for: TpKill
12-06-17 04:52:09 [INFO] [OctoBans] SuperJojo punished toly_ for: Insulte staff
12-06-17 05:44:43 [INFO] [OctoBans] SuperJojo punished yassir321 for: Publicité Youtubeur
12-06-17 06:01:02 [INFO] [OctoBans] Disabling OctoBans v1.0
