26-06-17 22:31:42 [INFO] [OctoBans] File Handler successfully initialized!
26-06-17 22:31:42 [INFO] [OctoBans] SQL connection successfully etablished
26-06-17 22:31:42 [INFO] [OctoBans] Moderator Tools by Octonia.
26-06-17 22:31:47 [INFO] [OctoBans] vendeur2tacos sql checked, record: spam by Forway to 1498523461
26-06-17 22:31:47 [INFO] [OctoBans] djadenne sql checked, record: doubleposte by Remil to 1498509954
26-06-17 22:31:47 [INFO] [OctoBans] ew3l sql checked, record: insultestaff by Gamer09 to 1498578839
26-06-17 22:31:47 [INFO] [OctoBans] idecow_ sql checked, record: spammp by PseudoNul to -1
26-06-17 22:31:47 [INFO] [OctoBans] idecow_ sql checked, record: spammp by SuperJojo to -1
26-06-17 22:31:47 [INFO] [OctoBans] idecow_ sql checked, record: spammp by PseudoNul to -1
26-06-17 22:31:47 [INFO] [OctoBans] idecow_ sql checked, record: spammp by Remil to -1
26-06-17 22:31:47 [INFO] [OctoBans] zuck sql checked, record: spammp by Remil to -1
26-06-17 22:31:47 [INFO] [OctoBans] mrkabab sql checked, record: faussesinfos by SuperJojo to 1498595442
26-06-17 22:31:47 [INFO] [OctoBans] thekillervaca sql checked, record: spammp by SuperJojo to -1
26-06-17 22:31:47 [INFO] [OctoBans] maxougaming sql checked, record: spammp by PseudoNul to -1
26-06-17 22:31:47 [INFO] [OctoBans] maxougaming sql checked, record: spammp by PseudoNul to -1
26-06-17 22:31:47 [INFO] [OctoBans] maxougaming sql checked, record: doubleposte by SuperJojo to 1498510093
26-06-17 22:31:47 [INFO] [OctoBans] maxougaming sql checked, record: spammp by Remil to -1
26-06-17 22:31:47 [INFO] [OctoBans] marchandloup sql checked, record: spammp by Remil to -1
26-06-17 22:31:47 [INFO] [OctoBans] marchandloup sql checked, record: spammp by PseudoNul to -1
26-06-17 22:31:47 [INFO] [OctoBans] marchandloup sql checked, record: doubleposte by Forway to 1498510830
26-06-17 22:31:47 [INFO] [OctoBans] tsouko sql checked, record: majuscule by SuperJojo to 1498510051
26-06-17 22:31:47 [INFO] [OctoBans] ronweasley sql checked, record: spammp by SkyKosIV to -1
26-06-17 22:31:47 [INFO] [OctoBans] gismo2806 sql checked, record: insultegrave by SuperJojo to 1498631159
26-06-17 22:31:47 [INFO] [OctoBans] zayrozz sql checked, record: spammp by Remil to -1
26-06-17 22:31:47 [INFO] [OctoBans] zayrozz sql checked, record: doubleposte by Remil to 1498511273
26-06-17 22:31:47 [INFO] [OctoBans] skypemod sql checked, record: spammp by YTB_XxKarnageXx to -1
26-06-17 22:31:47 [INFO] [OctoBans] singe_de_telfort sql checked, record: spammp by SuperJojo to -1
26-06-17 22:31:47 [INFO] [OctoBans] singe_de_telfort sql checked, record: kickautre by Steph078 to -1
26-06-17 22:31:47 [INFO] [OctoBans] singe_de_telfort sql checked, record: spammp by SuperJojo to -1
26-06-17 22:31:47 [INFO] [OctoBans] singe_de_telfort sql checked, record: spammp by SkyKosIV to -1
26-06-17 22:31:47 [INFO] [OctoBans] singe_de_telfort sql checked, record: spammp by YTB_XxKarnageXx to -1
26-06-17 22:31:47 [INFO] [OctoBans] superjojo sql checked, record: spammp by SkyKosIV to -1
26-06-17 22:31:47 [INFO] [OctoBans] superjojo sql checked, record: spammp by Blubfire to -1
26-06-17 22:31:47 [INFO] [OctoBans] superjojo sql checked, record: floodmp by PseudoNul to -1
26-06-17 22:31:47 [INFO] [OctoBans] zkingrage sql checked, record: spammp by PseudoNul to -1
26-06-17 22:31:47 [INFO] [OctoBans] zkingrage sql checked, record: spammp by PseudoNul to -1
26-06-17 22:31:47 [INFO] [OctoBans] zkingrage sql checked, record: spammp by SuperJojo to -1
26-06-17 22:31:47 [INFO] [OctoBans] zkingrage sql checked, record: insultegrave by SuperJojo to 1498656254
26-06-17 22:31:47 [INFO] [OctoBans] itz_smokew33d sql checked, record: spammp by Remil to -1
26-06-17 22:31:48 [INFO] [OctoBans] ruth_skwiz sql checked, record: spammp by Remil to -1
26-06-17 22:31:49 [INFO] [OctoBans] zacharymisi sql checked, record: majuscule by Anzerti to 1498509495
26-06-17 22:31:49 [INFO] [OctoBans] erinoxlx sql checked, record: kickautre by Steph078 to -1
26-06-17 22:31:49 [INFO] [OctoBans] erinoxlx sql checked, record: spam by SuperJojo to 1498519720
26-06-17 22:31:50 [INFO] [OctoBans] neox_ytb sql checked, record: spammp by SnowEffect to -1
26-06-17 22:31:50 [INFO] [OctoBans] wortexgaming sql checked, record: spammp by PseudoNul to -1
26-06-17 22:31:50 [INFO] [OctoBans] wortexgaming sql checked, record: spammp by Steph078 to -1
26-06-17 22:31:53 [INFO] [OctoBans] mr_darkgame sql checked, record: spammp by PseudoNul to -1
26-06-17 22:31:53 [INFO] [OctoBans] mr_darkgame sql checked, record: spam by Remil to 1498512453
26-06-17 22:31:53 [INFO] [OctoBans] lolo76200 sql checked, record: spammp by PseudoNul to -1
26-06-17 22:31:53 [INFO] [OctoBans] lolo76200 sql checked, record: spammp by SuperJojo to -1
26-06-17 22:31:53 [INFO] [OctoBans] lolo76200 sql checked, record: spam by SuperJojo to 1498516127
26-06-17 22:31:54 [INFO] [OctoBans] lololaclarinette sql checked, record: insultegrave by Gamer09 to 1498516548
26-06-17 22:31:55 [INFO] [OctoBans] denis018 sql checked, record: spammp by Remil to -1
26-06-17 22:31:55 [INFO] [OctoBans] denis018 sql checked, record: doubleposte by Forway to 1498512134
26-06-17 22:31:57 [INFO] [OctoBans] d3adorsnipsurytb sql checked, record: spammp by SuperJojo to -1
26-06-17 22:31:58 [INFO] [OctoBans] arcz058 sql checked, record: spammp by Remil to -1
26-06-17 22:32:01 [INFO] [OctoBans] blackoung06 sql checked, record: insultestaff by Autoclick_PvP to 1498575807
26-06-17 22:32:04 [INFO] [OctoBans] alexis1001004 sql checked, record: insultestaff by JustMySkill to 1498526218
26-06-17 22:32:06 [INFO] [OctoBans] lolpigman sql checked, record: spammp by SnowEffect to -1
26-06-17 22:32:06 [INFO] [OctoBans] lolpigman sql checked, record: spammp by skhey to -1
26-06-17 22:32:11 [INFO] [OctoBans] matgone01 sql checked, record: spammp by ZerKup to -1
26-06-17 22:32:11 [INFO] [OctoBans] matgone01 sql checked, record: spammp by ZerKup to -1
26-06-17 22:32:12 [INFO] [OctoBans] liviofb sql checked, record: doubleposte by Remil to 1498509809
26-06-17 22:32:15 [INFO] [OctoBans] lassa18 sql checked, record: spammp by Remil to -1
26-06-17 22:32:15 [INFO] [OctoBans] lassa18 sql checked, record: spammp by Remil to -1
26-06-17 22:32:16 [INFO] [OctoBans] steph078 sql checked, record: spammp by SuperJojo to -1
26-06-17 22:32:20 [INFO] [OctoBans] _thenovagaming sql checked, record: doubleposte by SuperJojo to 1498510364
26-06-17 22:32:28 [INFO] [OctoBans] pandazzz sql checked, record: spammp by Remil to -1
26-06-17 22:32:39 [INFO] [OctoBans] Remil punished izi_gamer for: Spam/flood
26-06-17 22:33:00 [INFO] [OctoBans] SuperJojo punished izi_gamer for: Fausses informations
26-06-17 22:33:13 [INFO] [OctoBans] Remil punished maxougaming for: Spam/flood en MP
26-06-17 22:33:24 [INFO] [OctoBans] Forway punished hirosuryoutube for: Spam/flood
26-06-17 22:33:30 [INFO] [OctoBans] SuperJojo punished thianyslebotch for: Spam/flood
26-06-17 22:33:34 [INFO] [OctoBans] SuperJojo punished pandazzz for: Publicité Youtubeur
26-06-17 22:33:35 [INFO] [OctoBans] algorskis_yt sql checked, record: faussesinfos by SuperJojo to 1498559403
26-06-17 22:33:38 [INFO] [OctoBans] smileyyy sql checked, record: insultegrave by Forway to 1498528870
26-06-17 22:33:40 [INFO] [OctoBans] Remil punished sword_ for: Spam/flood
26-06-17 22:33:52 [INFO] [OctoBans] tsouko sql checked, record: majuscule by SuperJojo to 1498510051
26-06-17 22:34:06 [INFO] [OctoBans] SuperJojo punished _bycocoytb for: Double Poste
26-06-17 22:34:48 [INFO] [OctoBans] walterwhite sql checked, record: spammp by SuperJojo to -1
26-06-17 22:34:48 [INFO] [OctoBans] walterwhite sql checked, record: spammp by PseudoNul to -1
26-06-17 22:34:56 [INFO] [OctoBans] Remil punished arthman for: Insulte grave
26-06-17 22:36:19 [INFO] [OctoBans] Remil punished lolo201 for: Spam/flood en MP
26-06-17 22:36:24 [INFO] [OctoBans] JustMySkill punished justmyskill78 for: Provocation
26-06-17 22:36:37 [INFO] [OctoBans] bellepoutine sql checked, record: spammp by SnowEffect to -1
26-06-17 22:36:50 [INFO] [OctoBans] vendeur2tacos sql checked, record: spam by Forway to 1498523461
26-06-17 22:37:47 [INFO] [OctoBans] Remil punished osmanlitorunu for: Langage incorrect
26-06-17 22:37:48 [INFO] [OctoBans] hatemxpala sql checked, record: incitationflood by Remil to 1498581247
26-06-17 22:37:58 [INFO] [OctoBans] Remil punished alexdu15 for: Spam/flood
26-06-17 22:40:17 [INFO] [OctoBans] Forway punished gameurdumsk for: Double Poste
26-06-17 22:40:17 [INFO] [OctoBans] papigabi sql checked, record: spammp by SnowEffect to -1
26-06-17 22:40:17 [INFO] [OctoBans] papigabi sql checked, record: spammp by SnowEffect to -1
26-06-17 22:41:22 [INFO] [OctoBans] D3adOrSnipSurYTB punished canardveloce for: Majuscule
26-06-17 22:41:41 [INFO] [OctoBans] D3adOrSnipSurYTB punished leloupgameryt for: Majuscule
26-06-17 22:42:04 [INFO] [OctoBans] hugiix sql checked, record: spammp by PseudoNul to -1
26-06-17 22:42:04 [INFO] [OctoBans] hugiix sql checked, record: insultegrave by Forway to 1498637583
26-06-17 22:43:59 [INFO] [OctoBans] blackzik_ sql checked, record: spammp by PseudoNul to -1
26-06-17 22:46:40 [INFO] [OctoBans] JustMySkill punished black_nightmare for: Spam/flood
26-06-17 22:48:14 [INFO] [OctoBans] goto_camus sql checked, record: spammp by SuperJojo to -1
26-06-17 22:48:14 [INFO] [OctoBans] goto_camus sql checked, record: incitationflood by Forway to 1498666665
26-06-17 22:48:22 [INFO] [OctoBans] D3adOrSnipSurYTB punished _misery_ for: Langage incorrect
26-06-17 22:49:05 [INFO] [OctoBans] Forway punished infinity_du59 for: Langage incorrect
26-06-17 22:49:50 [INFO] [OctoBans] in3xtz_ sql checked, record: incitationflood by _NeXon_ to 1498657440
26-06-17 22:49:54 [INFO] [OctoBans] Remil punished thechatteman for: Majuscule
26-06-17 22:49:59 [INFO] [OctoBans] Forway punished xxfiier_pvpxx for: Insulte
26-06-17 22:50:50 [INFO] [OctoBans] lefifoudu3 sql checked, record: spammp by SuperJojo to -1
26-06-17 22:50:50 [INFO] [OctoBans] lefifoudu3 sql checked, record: insultegrave by Forway to 1498528856
26-06-17 22:50:58 [INFO] [OctoBans] Autoclick_PvP punished leminecraftien80 for: Insulte
26-06-17 22:51:21 [INFO] [OctoBans] ZerKup punished akowi for: Double Poste
26-06-17 22:52:11 [INFO] [OctoBans] ZerKup punished blubfire for: Majuscule
26-06-17 22:52:31 [INFO] [OctoBans] yaya13warrior sql checked, record: spammp by PseudoNul to -1
26-06-17 22:52:31 [INFO] [OctoBans] JustMySkill punished poulemouiller for: Majuscule
26-06-17 22:53:15 [INFO] [OctoBans] blackwhite010 sql checked, record: spammp by PseudoNul to -1
26-06-17 22:53:45 [INFO] [OctoBans] ratorlosc1102 sql checked, record: spammp by YTB_XxKarnageXx to -1
26-06-17 22:55:46 [INFO] [OctoBans] cameron sql checked, record: incitationflood by _NeXon_ to 1498580293
26-06-17 22:57:15 [INFO] [OctoBans] bykory_ sql checked, record: spammp by Steph078 to -1
26-06-17 22:57:49 [INFO] [OctoBans] D3adOrSnipSurYTB punished ew3l for: Provocation
26-06-17 22:58:33 [INFO] [OctoBans] oow_ll sql checked, record: spammp by SkyKosIV to -1
26-06-17 22:58:40 [INFO] [OctoBans] stickfly sql checked, record: spammp by SnowEffect to -1
26-06-17 23:00:06 [INFO] [OctoBans] JustMySkill punished matth70 for: Double Poste
26-06-17 23:03:14 [INFO] [OctoBans] ZerKup punished kikoo53000 for: Fausses informations
26-06-17 23:03:23 [INFO] [OctoBans] D3adOrSnipSurYTB punished leloupgameryt for: Double Poste
26-06-17 23:03:29 [INFO] [OctoBans] SuperJojo punished blubfire for: Majuscule
26-06-17 23:03:37 [INFO] [OctoBans] Blubfire punished superjojo for: Spam /f open
26-06-17 23:03:54 [INFO] [OctoBans] Anzerti punished zuck for: Langage incorrect
26-06-17 23:04:07 [INFO] [OctoBans] fire_craft sql checked, record: spammp by PseudoNul to -1
26-06-17 23:05:47 [INFO] [OctoBans] SuperJojo punished gfrxtim for: Double Poste
26-06-17 23:06:11 [INFO] [OctoBans] lafilledemushway sql checked, record: spammp by PseudoNul to -1
26-06-17 23:08:59 [INFO] [OctoBans] SuperJojo punished goks94 for: Fausses informations
26-06-17 23:09:13 [INFO] [OctoBans] _hello_kitty sql checked, record: spammp by SuperJojo to -1
26-06-17 23:09:19 [INFO] [OctoBans] Forway punished _misery_ for: Insulte grave
26-06-17 23:09:58 [INFO] [OctoBans] Remil punished fire_craft for: Fausses informations
26-06-17 23:10:04 [INFO] [OctoBans] dawkh sql checked, record: insultegrave by _NeXon_ to 1498556009
26-06-17 23:10:46 [INFO] [OctoBans] youpiize07 sql checked, record: spammp by Remil to -1
26-06-17 23:12:51 [INFO] [OctoBans] diablotin sql checked, record: spammp by SuperJojo to -1
26-06-17 23:12:55 [INFO] [OctoBans] SuperJojo punished ertizak for: TpKill
26-06-17 23:12:59 [INFO] [OctoBans] swiftstay sql checked, record: spammp by Remil to -1
26-06-17 23:12:59 [INFO] [OctoBans] swiftstay sql checked, record: spammp by Remil to -1
26-06-17 23:14:44 [INFO] [OctoBans] Forway punished mokax for: Langage incorrect
26-06-17 23:15:23 [INFO] [OctoBans] karimospvp sql checked, record: spammp by YTB_XxKarnageXx to -1
26-06-17 23:15:43 [INFO] [OctoBans] D3adOrSnipSurYTB punished matgone01 for: Spam/flood
26-06-17 23:17:33 [INFO] [OctoBans] JustMySkill punished zacharymisi for: Spam/flood
26-06-17 23:17:37 [INFO] [OctoBans] izi_les_byy sql checked, record: spammp by YTB_XxKarnageXx to -1
26-06-17 23:17:37 [INFO] [OctoBans] izi_les_byy sql checked, record: spammp by SuperJojo to -1
26-06-17 23:17:37 [INFO] [OctoBans] izi_les_byy sql checked, record: spammp by Remil to -1
26-06-17 23:21:45 [INFO] [OctoBans] JustMySkill punished singe_de_telfort for: Double Poste
26-06-17 23:24:02 [INFO] [OctoBans] Forway punished justsx for: Langage incorrect
26-06-17 23:25:12 [INFO] [OctoBans] leo2316 sql checked, record: spammp by SuperJojo to -1
26-06-17 23:25:12 [INFO] [OctoBans] leo2316 sql checked, record: spammp by Remil to -1
26-06-17 23:26:57 [INFO] [OctoBans] Remil punished jaimepasleshomo for: Insulte
26-06-17 23:27:20 [INFO] [OctoBans] Diablotin punished jaimepasleshomo for: Pseudo choquant
26-06-17 23:32:37 [INFO] [OctoBans] whiskass sql checked, record: spammp by SuperJojo to -1
26-06-17 23:35:37 [INFO] [OctoBans] SuperJojo punished armany198 for: Majuscule
26-06-17 23:35:56 [INFO] [OctoBans] JustMySkill punished barre2cereal for: Majuscule
26-06-17 23:37:55 [INFO] [OctoBans] _dragibus_ sql checked, record: spammp by Remil to -1
26-06-17 23:37:55 [INFO] [OctoBans] _dragibus_ sql checked, record: spammp by Remil to -1
26-06-17 23:37:55 [INFO] [OctoBans] _dragibus_ sql checked, record: spammp by Remil to -1
26-06-17 23:37:55 [INFO] [OctoBans] _dragibus_ sql checked, record: spammp by Remil to -1
26-06-17 23:37:55 [INFO] [OctoBans] _dragibus_ sql checked, record: spammp by Remil to -1
26-06-17 23:37:55 [INFO] [OctoBans] _dragibus_ sql checked, record: spammp by Remil to -1
26-06-17 23:37:55 [INFO] [OctoBans] _dragibus_ sql checked, record: spammp by Remil to -1
26-06-17 23:37:55 [INFO] [OctoBans] _dragibus_ sql checked, record: spammp by Remil to -1
26-06-17 23:37:55 [INFO] [OctoBans] _dragibus_ sql checked, record: spammp by Remil to -1
26-06-17 23:37:55 [INFO] [OctoBans] _dragibus_ sql checked, record: spammp by Remil to -1
26-06-17 23:37:55 [INFO] [OctoBans] _dragibus_ sql checked, record: spammp by Remil to -1
26-06-17 23:37:55 [INFO] [OctoBans] _dragibus_ sql checked, record: spammp by Remil to -1
26-06-17 23:38:04 [INFO] [OctoBans] superfilleciel sql checked, record: spammp by Theo97 to -1
26-06-17 23:38:04 [INFO] [OctoBans] superfilleciel sql checked, record: spammp by Remil to -1
26-06-17 23:38:04 [INFO] [OctoBans] superfilleciel sql checked, record: spammp by Remil to -1
26-06-17 23:44:03 [INFO] [OctoBans] Anzerti punished ozyrix for: Incitation au flood
26-06-17 23:45:57 [INFO] [OctoBans] SuperJojo punished xxheroiikxx for: Provocation
26-06-17 23:47:01 [INFO] [OctoBans] matt_ sql checked, record: insultegrave by JustMySkill to 1498525364
26-06-17 23:50:57 [INFO] [OctoBans] soufianmc sql checked, record: tpkill by PseudoNul to 1498549140
26-06-17 23:53:17 [INFO] [OctoBans] SoTy_ punished superfilleciel for: Provocation
26-06-17 23:56:35 [INFO] [OctoBans] JustMySkill punished ktm125sx for: Double Poste
26-06-17 23:57:25 [INFO] [OctoBans] SuperJojo punished akowi for: Spam/flood
26-06-17 23:57:40 [INFO] [OctoBans] JustMySkill punished emeric15 for: Spam/flood
26-06-17 23:59:29 [INFO] [OctoBans] JustMySkill punished barre2cereal for: Spam/flood
27-06-17 00:02:05 [INFO] [OctoBans] JustMySkill punished oow_ll for: Provocation
27-06-17 00:02:26 [INFO] [OctoBans] SuperJojo punished oow_ll for: Homophobie
27-06-17 00:04:50 [INFO] [OctoBans] Anzerti punished ozyrix for: Provocation
27-06-17 00:11:13 [INFO] [OctoBans] Anzerti punished kitzy for: Fausses informations
27-06-17 00:12:38 [INFO] [OctoBans] MaacDoo punished gregcls for: Spam/flood
27-06-17 00:15:33 [INFO] [OctoBans] JustMySkill punished molotof for: Double Poste
27-06-17 00:21:56 [INFO] [OctoBans] Anzerti punished kikoo53000 for: Majuscule
27-06-17 00:22:47 [INFO] [OctoBans] Anzerti punished kikoo53000 for: Fausses informations
27-06-17 00:24:36 [INFO] [OctoBans] JustMySkill punished darkinggaming for: Insulte grave
27-06-17 00:25:04 [INFO] [OctoBans] JustMySkill punished n3qi62 for: Majuscule
27-06-17 00:25:49 [INFO] [OctoBans] Anzerti punished swiftstay for: Majuscule
27-06-17 00:26:13 [INFO] [OctoBans] JustMySkill punished swiftstay for: Spam/flood
27-06-17 00:26:46 [INFO] [OctoBans] JustMySkill punished mr_darkgame for: Spam/flood
27-06-17 00:27:59 [INFO] [OctoBans] JustMySkill punished matth70 for: Double Poste
27-06-17 00:29:04 [INFO] [OctoBans] JustMySkill punished ryty_derz for: Spam/flood
27-06-17 00:32:08 [INFO] [OctoBans] JustMySkill punished lejouflue for: Double Poste
27-06-17 00:32:17 [INFO] [OctoBans] JustMySkill punished hikayt for: Majuscule
27-06-17 00:36:42 [INFO] [OctoBans] JustMySkill punished lololaclarinette for: Langage incorrect
27-06-17 00:38:02 [INFO] [OctoBans] JustMySkill punished singe_de_telfort for: Provocation
27-06-17 00:44:08 [INFO] [OctoBans] MaacDoo punished simard2003 for: Double Poste
27-06-17 00:44:15 [INFO] [OctoBans] MaacDoo punished itz_smokew33d for: Double Poste
27-06-17 01:04:21 [INFO] [OctoBans] MaacDoo punished yassir321 for: Double Poste
27-06-17 01:05:32 [INFO] [OctoBans] JustMySkill punished n3qi62 for: Double Poste
27-06-17 01:07:53 [INFO] [OctoBans] stonewolf sql checked, record: spammp by SuperJojo to -1
27-06-17 01:09:28 [INFO] [OctoBans] JustMySkill punished stonewolf for: Double Poste
27-06-17 01:11:52 [INFO] [OctoBans] MaacDoo punished yassir321 for: Insulte staff
27-06-17 01:20:57 [INFO] [OctoBans] JustMySkill punished matth70 for: Langage incorrect
27-06-17 01:21:53 [INFO] [OctoBans] Anzerti punished matth70 for: Langage incorrect
27-06-17 01:36:01 [INFO] [OctoBans] ZerKup punished mrneonbox for: Double Poste
27-06-17 01:40:36 [INFO] [OctoBans] DEEProdole punished lejouflue for: Provocation
27-06-17 01:41:25 [INFO] [OctoBans] shouteur sql checked, record: spammp by Remil to -1
27-06-17 01:41:25 [INFO] [OctoBans] shouteur sql checked, record: spammp by Remil to -1
27-06-17 01:41:25 [INFO] [OctoBans] shouteur sql checked, record: spammp by Remil to -1
27-06-17 01:41:25 [INFO] [OctoBans] shouteur sql checked, record: spammp by Remil to -1
27-06-17 01:47:37 [INFO] [OctoBans] zoroto sql checked, record: spammp by Remil to -1
27-06-17 01:52:04 [INFO] [OctoBans] JustMySkill punished neoxgaming for: Provocation
27-06-17 01:58:29 [INFO] [OctoBans] JustMySkill punished wahleno for: Insulte grave
27-06-17 01:59:01 [INFO] [OctoBans] JustMySkill punished wahleno for: Insulte staff
27-06-17 02:08:12 [INFO] [OctoBans] JustMySkill punished erinoxlx for: Provocation
27-06-17 02:17:20 [INFO] [OctoBans] JustMySkill punished lalale for: Double Poste
27-06-17 02:24:47 [INFO] [OctoBans] by_sneak sql checked, record: spammp by SkyKosIV to -1
27-06-17 02:26:00 [INFO] [OctoBans] DEEProdole punished lololaclarinette for: Provocation
27-06-17 02:30:41 [INFO] [OctoBans] jaeger sql checked, record: spammp by Remil to -1
27-06-17 02:34:21 [INFO] [OctoBans] shimo_ sql checked, record: insultegrave by SuperJojo to 1498529795
27-06-17 02:34:21 [INFO] [OctoBans] shimo_ sql checked, record: spammp by Remil to -1
27-06-17 02:34:21 [INFO] [OctoBans] shimo_ sql checked, record: spammp by Remil to -1
27-06-17 02:34:21 [INFO] [OctoBans] shimo_ sql checked, record: insultestaff by Remil to 1498542630
27-06-17 02:46:46 [INFO] [OctoBans] DEEProdole punished stickfly for: Langage incorrect
27-06-17 02:53:50 [INFO] [OctoBans] onlinepgm sql checked, record: spammp by PseudoNul to -1
27-06-17 02:53:53 [INFO] [OctoBans] Anzerti punished bboy124 for: Provocation
27-06-17 03:06:52 [INFO] [OctoBans] Anzerti punished lolpigman for: Provocation
27-06-17 03:07:28 [INFO] [OctoBans] JustMySkill punished virtl_skymodz for: Majuscule
27-06-17 03:07:53 [INFO] [OctoBans] JustMySkill punished virtl_skymodz for: Provocation
27-06-17 03:08:25 [INFO] [OctoBans] Anzerti punished stickfly for: Provocation
27-06-17 03:10:35 [INFO] [OctoBans] JustMySkill punished lololaclarinette for: Provocation
27-06-17 03:12:57 [INFO] [OctoBans] LeSheitan punished virtl_skymodz for: Majuscule
27-06-17 03:13:21 [INFO] [OctoBans] virtl_skymodz sql checked, record: majuscule by JustMySkill to 1498526248
27-06-17 03:13:21 [INFO] [OctoBans] virtl_skymodz sql checked, record: provocation by JustMySkill to 1498526873
27-06-17 03:13:21 [INFO] [OctoBans] virtl_skymodz sql checked, record: majuscule by LeSheitan to 1498527177
27-06-17 03:13:50 [INFO] [OctoBans] virtl_skymodz sql checked, record: majuscule by JustMySkill to 1498526248
27-06-17 03:13:50 [INFO] [OctoBans] virtl_skymodz sql checked, record: provocation by JustMySkill to 1498526873
27-06-17 03:13:50 [INFO] [OctoBans] virtl_skymodz sql checked, record: majuscule by LeSheitan to 1498527177
27-06-17 03:16:47 [INFO] [OctoBans] Anzerti punished skhey for: Provocation
27-06-17 03:17:49 [INFO] [OctoBans] skhey punished anzerti for: Fausses informations
27-06-17 03:18:48 [INFO] [OctoBans] Anzerti punished erinoxlx for: Provocation
27-06-17 03:23:35 [INFO] [OctoBans] anzerti sql checked, record: faussesinfos by skhey to 1498612669
27-06-17 03:23:35 [INFO] [OctoBans] anzerti sql checked, record: insulte by Anzerti to 1498505176
27-06-17 03:23:35 [INFO] [OctoBans] anzerti sql checked, record: flood by Anzerti to 1498507856
27-06-17 03:23:35 [INFO] [OctoBans] anzerti sql checked, record: majuscule by Anzerti to 1498509495
27-06-17 03:23:35 [INFO] [OctoBans] anzerti sql checked, record: langage by Anzerti to 1498511634
27-06-17 03:23:35 [INFO] [OctoBans] anzerti sql checked, record: incitationflood by Anzerti to 1498599843
27-06-17 03:23:35 [INFO] [OctoBans] anzerti sql checked, record: provocation by Anzerti to 1498514990
27-06-17 03:23:35 [INFO] [OctoBans] anzerti sql checked, record: faussesinfos by Anzerti to 1498601473
27-06-17 03:23:35 [INFO] [OctoBans] anzerti sql checked, record: majuscule by Anzerti to 1498520516
27-06-17 03:23:35 [INFO] [OctoBans] anzerti sql checked, record: faussesinfos by Anzerti to 1498602167
27-06-17 03:23:35 [INFO] [OctoBans] anzerti sql checked, record: majuscule by Anzerti to 1498517749
27-06-17 03:23:35 [INFO] [OctoBans] anzerti sql checked, record: langage by Anzerti to 1498521713
27-06-17 03:23:35 [INFO] [OctoBans] anzerti sql checked, record: provocation by Anzerti to 1498525433
27-06-17 03:23:35 [INFO] [OctoBans] anzerti sql checked, record: provocation by Anzerti to 1498526212
27-06-17 03:23:35 [INFO] [OctoBans] anzerti sql checked, record: provocation by Anzerti to 1498526605
27-06-17 03:23:35 [INFO] [OctoBans] anzerti sql checked, record: provocation by Anzerti to 1498526807
27-06-17 03:23:35 [INFO] [OctoBans] anzerti sql checked, record: provocation by Anzerti to 1498526928
27-06-17 03:23:35 [INFO] [OctoBans] anzerti sql checked, record: faussesinfos by skhey to 1498612669
27-06-17 03:23:35 [INFO] [OctoBans] anzerti sql checked, record: insulte by Anzerti to 1498505176
27-06-17 03:23:35 [INFO] [OctoBans] anzerti sql checked, record: flood by Anzerti to 1498507856
27-06-17 03:23:35 [INFO] [OctoBans] anzerti sql checked, record: majuscule by Anzerti to 1498509495
27-06-17 03:23:35 [INFO] [OctoBans] anzerti sql checked, record: langage by Anzerti to 1498511634
27-06-17 03:23:35 [INFO] [OctoBans] anzerti sql checked, record: incitationflood by Anzerti to 1498599843
27-06-17 03:23:35 [INFO] [OctoBans] anzerti sql checked, record: provocation by Anzerti to 1498514990
27-06-17 03:23:35 [INFO] [OctoBans] anzerti sql checked, record: faussesinfos by Anzerti to 1498601473
27-06-17 03:23:35 [INFO] [OctoBans] anzerti sql checked, record: majuscule by Anzerti to 1498520516
27-06-17 03:23:35 [INFO] [OctoBans] anzerti sql checked, record: faussesinfos by Anzerti to 1498602167
27-06-17 03:23:35 [INFO] [OctoBans] anzerti sql checked, record: majuscule by Anzerti to 1498517749
27-06-17 03:23:35 [INFO] [OctoBans] anzerti sql checked, record: langage by Anzerti to 1498521713
27-06-17 03:23:35 [INFO] [OctoBans] anzerti sql checked, record: provocation by Anzerti to 1498525433
27-06-17 03:23:35 [INFO] [OctoBans] anzerti sql checked, record: provocation by Anzerti to 1498526212
27-06-17 03:23:35 [INFO] [OctoBans] anzerti sql checked, record: provocation by Anzerti to 1498526605
27-06-17 03:23:35 [INFO] [OctoBans] anzerti sql checked, record: provocation by Anzerti to 1498526807
27-06-17 03:23:35 [INFO] [OctoBans] anzerti sql checked, record: provocation by Anzerti to 1498526928
27-06-17 03:23:43 [INFO] [OctoBans] LeSheitan punished anzerti for: Majuscule
27-06-17 03:23:48 [INFO] [OctoBans] anzerti sql checked, record: faussesinfos by skhey to 1498612669
27-06-17 03:23:48 [INFO] [OctoBans] anzerti sql checked, record: majuscule by LeSheitan to 1498527223
27-06-17 03:23:48 [INFO] [OctoBans] anzerti sql checked, record: insulte by Anzerti to 1498505176
27-06-17 03:23:48 [INFO] [OctoBans] anzerti sql checked, record: flood by Anzerti to 1498507856
27-06-17 03:23:48 [INFO] [OctoBans] anzerti sql checked, record: majuscule by Anzerti to 1498509495
27-06-17 03:23:48 [INFO] [OctoBans] anzerti sql checked, record: langage by Anzerti to 1498511634
27-06-17 03:23:48 [INFO] [OctoBans] anzerti sql checked, record: incitationflood by Anzerti to 1498599843
27-06-17 03:23:48 [INFO] [OctoBans] anzerti sql checked, record: provocation by Anzerti to 1498514990
27-06-17 03:23:48 [INFO] [OctoBans] anzerti sql checked, record: faussesinfos by Anzerti to 1498601473
27-06-17 03:23:48 [INFO] [OctoBans] anzerti sql checked, record: majuscule by Anzerti to 1498520516
27-06-17 03:23:48 [INFO] [OctoBans] anzerti sql checked, record: faussesinfos by Anzerti to 1498602167
27-06-17 03:23:48 [INFO] [OctoBans] anzerti sql checked, record: majuscule by Anzerti to 1498517749
27-06-17 03:23:48 [INFO] [OctoBans] anzerti sql checked, record: langage by Anzerti to 1498521713
27-06-17 03:23:48 [INFO] [OctoBans] anzerti sql checked, record: provocation by Anzerti to 1498525433
27-06-17 03:23:48 [INFO] [OctoBans] anzerti sql checked, record: provocation by Anzerti to 1498526212
27-06-17 03:23:48 [INFO] [OctoBans] anzerti sql checked, record: provocation by Anzerti to 1498526605
27-06-17 03:23:48 [INFO] [OctoBans] anzerti sql checked, record: provocation by Anzerti to 1498526807
27-06-17 03:23:48 [INFO] [OctoBans] anzerti sql checked, record: provocation by Anzerti to 1498526928
27-06-17 03:38:26 [INFO] [OctoBans] Anzerti punished tyronasse for: Double Poste
27-06-17 03:42:22 [INFO] [OctoBans] LeSheitan punished hakimos66 for: Insulte
27-06-17 03:45:18 [INFO] [OctoBans] ext4zzy sql checked, record: spammp by Remil to -1
27-06-17 03:45:18 [INFO] [OctoBans] ext4zzy sql checked, record: spammp by Remil to -1
27-06-17 03:45:18 [INFO] [OctoBans] ext4zzy sql checked, record: spammp by Remil to -1
27-06-17 03:45:18 [INFO] [OctoBans] ext4zzy sql checked, record: spammp by SuperJojo to -1
27-06-17 03:45:18 [INFO] [OctoBans] ext4zzy sql checked, record: kickautre by Steph078 to -1
27-06-17 03:45:18 [INFO] [OctoBans] ext4zzy sql checked, record: spammp by SuperJojo to -1
27-06-17 03:45:18 [INFO] [OctoBans] ext4zzy sql checked, record: spammp by Remil to -1
27-06-17 03:45:18 [INFO] [OctoBans] ext4zzy sql checked, record: spammp by Remil to -1
27-06-17 03:47:55 [INFO] [OctoBans] Remil punished crafteur13 for: Langage incorrect
27-06-17 03:48:48 [INFO] [OctoBans] LeSheitan punished crafteur13 for: Publicité Youtubeur
27-06-17 03:56:03 [INFO] [OctoBans] LeSheitan punished armakiller for: Spam/flood
27-06-17 04:02:39 [INFO] [OctoBans] Anzerti punished produpvp for: Insulte
27-06-17 04:02:59 [INFO] [OctoBans] skhey punished produpvp for: Insulte grave
27-06-17 04:03:34 [INFO] [OctoBans] Remil punished produpvp for: Spam/flood en MP
27-06-17 04:06:35 [INFO] [OctoBans] Remil punished bboy124 for: Langage incorrect
27-06-17 04:27:44 [INFO] [OctoBans] Remil punished virtl_skymodz for: Langage incorrect
27-06-17 04:29:08 [INFO] [OctoBans] Remil punished simard2003 for: Provocation
27-06-17 04:42:28 [INFO] [OctoBans] Remil punished pido_ for: Majuscule
27-06-17 04:46:57 [INFO] [OctoBans] Remil punished shouteur for: Langage incorrect
27-06-17 04:51:15 [INFO] [OctoBans] Remil punished _blackboudon59_ for: Langage incorrect
27-06-17 04:52:51 [INFO] [OctoBans] Remil punished xboymax for: Spam/flood
27-06-17 04:56:56 [INFO] [OctoBans] Remil punished xboymax for: Insulte staff
27-06-17 04:58:25 [INFO] [OctoBans] skhey punished riptavie for: Double Poste
27-06-17 04:59:45 [INFO] [OctoBans] skhey punished riptavie for: Fausses informations
27-06-17 05:00:13 [INFO] [OctoBans] DEEProdole punished madelenechoco2 for: Spam/flood
27-06-17 05:00:26 [INFO] [OctoBans] DEEProdole punished madelenechoco for: Spam/flood
27-06-17 05:01:03 [INFO] [OctoBans] skhey punished neoxgaming for: Langage incorrect
27-06-17 05:01:19 [INFO] [OctoBans] DEEProdole punished pido_ for: Provocation
27-06-17 06:01:02 [INFO] [OctoBans] Disabling OctoBans v1.0
