04-09-17 22:31:43 [INFO] [OctoBans] File Handler successfully initialized!
04-09-17 22:31:43 [INFO] [OctoBans] SQL connection successfully etablished
04-09-17 22:31:43 [INFO] [OctoBans] Moderator Tools by Octonia.
04-09-17 22:31:49 [INFO] [OctoBans] mgk_tozzzz sql checked, record: faussesinfos by ChronoEthernal to 1504697095
04-09-17 22:31:49 [INFO] [OctoBans] dynamixxx01 sql checked, record: majuscule by _Hello_Kitty to 1504560864
04-09-17 22:31:49 [INFO] [OctoBans] gameur827 sql checked, record: insultestaff by Wiindows to 1504578190
04-09-17 22:31:49 [INFO] [OctoBans] ramiemeraude sql checked, record: spammp by SkyKosIV to -1
04-09-17 22:31:51 [INFO] [OctoBans] grizzlywarrior sql checked, record: insultegrave by _Hello_Kitty to 1504592619
04-09-17 22:32:01 [INFO] [OctoBans] selim45 sql checked, record: spammp by ZerKup to -1
04-09-17 22:33:05 [INFO] [OctoBans] axelpas sql checked, record: spammp by SmooKeur to -1
04-09-17 22:33:05 [INFO] [OctoBans] axelpas sql checked, record: flood by Shouteur to 1504570745
04-09-17 22:35:18 [INFO] [OctoBans] gamscraft sql checked, record: spammp by Anzerti to -1
04-09-17 22:38:13 [INFO] [OctoBans] shouteur sql checked, record: faussesinfos by SmooKeur to 1504648370
04-09-17 22:41:53 [INFO] [OctoBans] justmyskill78 sql checked, record: tpkill by zlFire49 to 1504562216
04-09-17 22:42:51 [INFO] [OctoBans] helloitsmy sql checked, record: tpkill by tinmar to 1504618697
04-09-17 22:46:01 [INFO] [OctoBans] _hello_kitty sql checked, record: spammp by Remil to -1
04-09-17 22:46:18 [INFO] [OctoBans] nicerush sql checked, record: spam by TheBrioche13 to 1504583559
04-09-17 22:51:12 [INFO] [OctoBans] gamix_yt sql checked, record: spammp by tinmar to -1
04-09-17 22:51:28 [INFO] [OctoBans] _Hello_Kitty punished selim45 for: Spam/flood
04-09-17 22:56:00 [INFO] [OctoBans] _Hello_Kitty punished ohhhclick for: Double Poste
04-09-17 22:56:07 [INFO] [OctoBans] xersu sql checked, record: spammp by SnowEffect to -1
04-09-17 22:56:07 [INFO] [OctoBans] xersu sql checked, record: tpkill by zlFire49 to 1504735012
04-09-17 23:01:06 [INFO] [OctoBans] _Hello_Kitty punished batu for: Double Poste
04-09-17 23:03:54 [INFO] [OctoBans] _Hello_Kitty punished dioblock for: Insulte serveur
04-09-17 23:03:56 [INFO] [OctoBans] sacha33340 sql checked, record: spammp by ZerKup to -1
04-09-17 23:03:56 [INFO] [OctoBans] sacha33340 sql checked, record: spammp by Remil to -1
04-09-17 23:03:56 [INFO] [OctoBans] sacha33340 sql checked, record: spammp by Remil to -1
04-09-17 23:03:56 [INFO] [OctoBans] sacha33340 sql checked, record: floodmp by Forway to -1
04-09-17 23:10:59 [INFO] [OctoBans] Shouteur punished prestoweed for: Spam/flood
04-09-17 23:12:43 [INFO] [OctoBans] _Hello_Kitty punished arcpvp for: Spam/flood
04-09-17 23:22:54 [INFO] [OctoBans] Shouteur punished thedarky for: Double Poste
04-09-17 23:26:06 [INFO] [OctoBans] hayden_frost sql checked, record: spammp by PseudoNul to -1
04-09-17 23:26:06 [INFO] [OctoBans] hayden_frost sql checked, record: spammp by Remil to -1
04-09-17 23:48:24 [INFO] [OctoBans] Remil punished freakycrafter for: Majuscule
04-09-17 23:54:30 [INFO] [OctoBans] lepotededarryl sql checked, record: spammp by Remil to -1
04-09-17 23:54:30 [INFO] [OctoBans] lepotededarryl sql checked, record: spammp by Remil to -1
04-09-17 23:54:30 [INFO] [OctoBans] lepotededarryl sql checked, record: insultestaff by SmooKeur to 1504588181
04-09-17 23:58:17 [INFO] [OctoBans] karimospvp sql checked, record: spammp by YTB_XxKarnageXx to -1
04-09-17 23:58:17 [INFO] [OctoBans] karimospvp sql checked, record: spammp by YTB_XxKarnageXx to -1
04-09-17 23:58:17 [INFO] [OctoBans] karimospvp sql checked, record: spammp by tinmar to -1
05-09-17 00:13:49 [INFO] [OctoBans] darryl1 sql checked, record: incitationflood by Kyabe to 1504636421
05-09-17 00:43:48 [INFO] [OctoBans] Wiindows punished blackstars301 for: Majuscule
05-09-17 01:05:03 [INFO] [OctoBans] Wiindows punished superb3b3 for: Insulte staff
05-09-17 01:05:40 [INFO] [OctoBans] Remil punished superb3b3 for: Spam/flood en MP
05-09-17 01:07:36 [INFO] [OctoBans] Remil punished superb3b3 for: Spam/flood en MP
05-09-17 06:01:02 [INFO] [OctoBans] Disabling OctoBans v1.0
