30-01-18 22:31:43 [INFO] [OctoBans] File Handler successfully initialized!
30-01-18 22:31:43 [INFO] [OctoBans] SQL connection successfully etablished
30-01-18 22:31:43 [INFO] [OctoBans] Moderator Tools by Octonia.
30-01-18 22:31:48 [INFO] [OctoBans] inskillz sql checked, record: spammp by Furiomaniak to -1
30-01-18 22:31:48 [INFO] [OctoBans] keen0x sql checked, record: spammp by FNGOD to -1
30-01-18 22:31:48 [INFO] [OctoBans] keen0x sql checked, record: insultegrave by atsuky to 1517381989
30-01-18 22:31:54 [INFO] [OctoBans] chut3000 sql checked, record: spammp by FiasK0 to -1
30-01-18 22:31:54 [INFO] [OctoBans] chut3000 sql checked, record: spammp by Zayrox29 to -1
30-01-18 22:31:54 [INFO] [OctoBans] chut3000 sql checked, record: spammp by NeyTox to -1
30-01-18 22:32:04 [INFO] [OctoBans] sangoku sql checked, record: spammp by atsuky to -1
30-01-18 22:32:04 [INFO] [OctoBans] sangoku sql checked, record: spammp by Awesomeboy to -1
30-01-18 22:32:04 [INFO] [OctoBans] sangoku sql checked, record: spammp by Awesomeboy to -1
30-01-18 22:32:39 [INFO] [OctoBans] blockkar sql checked, record: spammp by Koeseb97 to -1
30-01-18 22:32:39 [INFO] [OctoBans] blockkar sql checked, record: spammp by Koeseb97 to -1
30-01-18 22:32:39 [INFO] [OctoBans] blockkar sql checked, record: spammp by Evolze to -1
30-01-18 22:32:39 [INFO] [OctoBans] blockkar sql checked, record: spammp by FiasK0 to -1
30-01-18 22:32:44 [INFO] [OctoBans] darryl1 sql checked, record: spammp by FiasK0 to -1
30-01-18 22:32:44 [INFO] [OctoBans] aexraptorz sql checked, record: spammp by Remil to -1
30-01-18 22:32:44 [INFO] [OctoBans] aexraptorz sql checked, record: spammp by PseudooNull to -1
30-01-18 22:32:50 [INFO] [OctoBans] ytbibossyt sql checked, record: spammp by atsuky to -1
30-01-18 22:34:02 [INFO] [OctoBans] onflyenrec sql checked, record: spammp by Antoine57565 to -1
30-01-18 22:34:02 [INFO] [OctoBans] onflyenrec sql checked, record: spammp by PseudooNull to -1
30-01-18 22:34:02 [INFO] [OctoBans] onflyenrec sql checked, record: spammp by Elfideltia to -1
30-01-18 22:34:09 [INFO] [OctoBans] rdvsurlebloc sql checked, record: spammp by D3adOrSnipSurYTB to -1
30-01-18 22:34:20 [INFO] [OctoBans] lethugdu46 sql checked, record: spammp by PseudooNull to -1
30-01-18 22:34:20 [INFO] [OctoBans] lethugdu46 sql checked, record: spammp by PseudooNull to -1
30-01-18 22:37:51 [INFO] [OctoBans] leminecraftien80 sql checked, record: spammp by PseudooNull to -1
30-01-18 22:37:51 [INFO] [OctoBans] leminecraftien80 sql checked, record: spammp by Elfideltia to -1
30-01-18 22:37:51 [INFO] [OctoBans] leminecraftien80 sql checked, record: spammp by D3adOrSnipSurYTB to -1
30-01-18 22:41:59 [INFO] [OctoBans] progameur sql checked, record: spammp by FiasK0 to -1
30-01-18 22:41:59 [INFO] [OctoBans] progameur sql checked, record: spammp by D3adOrSnipSurYTB to -1
30-01-18 22:41:59 [INFO] [OctoBans] progameur sql checked, record: spammp by atsuky to -1
30-01-18 22:49:10 [INFO] [OctoBans] by_fly sql checked, record: spammp by Hkz_Skillon to -1
30-01-18 22:49:10 [INFO] [OctoBans] by_fly sql checked, record: spammp by PseudooNull to -1
30-01-18 22:53:28 [INFO] [OctoBans] pepsicoca sql checked, record: spammp by FiasK0 to -1
30-01-18 22:53:28 [INFO] [OctoBans] pepsicoca sql checked, record: spammp by Elfideltia to -1
30-01-18 22:53:28 [INFO] [OctoBans] pepsicoca sql checked, record: spammp by Elfideltia to -1
30-01-18 23:01:59 [INFO] [OctoBans] reyzzerpvp sql checked, record: spammp by Elfideltia to -1
30-01-18 23:16:09 [INFO] [OctoBans] deeprodole sql checked, record: spammp by Zayrox29 to -1
30-01-18 23:16:09 [INFO] [OctoBans] deeprodole sql checked, record: spammp by Zayrox29 to -1
30-01-18 23:19:41 [INFO] [OctoBans] rewd sql checked, record: spammp by ToXiCz_TV to -1
30-01-18 23:19:41 [INFO] [OctoBans] rewd sql checked, record: spammp by Furiomaniak to -1
30-01-18 23:19:41 [INFO] [OctoBans] rewd sql checked, record: spammp by Furiomaniak to -1
30-01-18 23:22:09 [INFO] [OctoBans] lethugdu46 sql checked, record: spammp by PseudooNull to -1
30-01-18 23:22:09 [INFO] [OctoBans] lethugdu46 sql checked, record: spammp by PseudooNull to -1
30-01-18 23:22:42 [INFO] [OctoBans] DEEProdole punished lethugdu46 for: Spam/flood
30-01-18 23:33:06 [INFO] [OctoBans] diodu sql checked, record: spammp by Gamer09 to -1
30-01-18 23:41:09 [INFO] [OctoBans] trystanausaure sql checked, record: spammp by Furiomaniak to -1
30-01-18 23:48:19 [INFO] [OctoBans] DEEProdole punished reyzzerpvp for: Insulte
31-01-18 00:13:27 [INFO] [OctoBans] _rubilax sql checked, record: spammp by OCIP_Matth to -1
31-01-18 00:24:30 [INFO] [OctoBans] agentbeffu2 sql checked, record: spammp by EW3L to -1
31-01-18 01:56:21 [INFO] [OctoBans] _hello_kitty sql checked, record: spammp by Remil to -1
31-01-18 05:00:13 [INFO] [OctoBans] grenousse_pvp sql checked, record: spammp by SmooKeur to -1
31-01-18 06:01:01 [INFO] [OctoBans] Disabling OctoBans v1.0
