13-07-17 22:31:42 [INFO] [OctoBans] File Handler successfully initialized!
13-07-17 22:31:42 [INFO] [OctoBans] SQL connection successfully etablished
13-07-17 22:31:42 [INFO] [OctoBans] Moderator Tools by Octonia.
13-07-17 22:31:48 [INFO] [OctoBans] blackwhite010 sql checked, record: spammp by Remil to -1
13-07-17 22:31:48 [INFO] [OctoBans] blackwhite010 sql checked, record: insultegrave by SnowEffect to 1500174637
13-07-17 22:31:48 [INFO] [OctoBans] neox_ytb sql checked, record: spammp by iPurple_ to -1
13-07-17 22:31:48 [INFO] [OctoBans] samybg sql checked, record: spammp by Remil to -1
13-07-17 22:31:48 [INFO] [OctoBans] samybg sql checked, record: spammp by Remil to -1
13-07-17 22:31:48 [INFO] [OctoBans] biguiboss31 sql checked, record: spammp by PseudoNul to -1
13-07-17 22:31:48 [INFO] [OctoBans] biguiboss31 sql checked, record: spammp by Remil to -1
13-07-17 22:31:48 [INFO] [OctoBans] maxougaming sql checked, record: spammp by PseudoNul to -1
13-07-17 22:31:48 [INFO] [OctoBans] maxougaming sql checked, record: spammp by PseudoNul to -1
13-07-17 22:31:48 [INFO] [OctoBans] maxougaming sql checked, record: spammp by Remil to -1
13-07-17 22:31:48 [INFO] [OctoBans] maxougaming sql checked, record: spammp by Remil to -1
13-07-17 22:31:48 [INFO] [OctoBans] maxougaming sql checked, record: spammp by NeosiaNexus to -1
13-07-17 22:31:48 [INFO] [OctoBans] nathan1511 sql checked, record: faussesinfos by Forway to 1500063831
13-07-17 22:31:48 [INFO] [OctoBans] maelo78 sql checked, record: insulte by SkyKosIV to 1499978373
13-07-17 22:31:48 [INFO] [OctoBans] fasko sql checked, record: insultestaff by Anzerti to 1500012029
13-07-17 22:31:48 [INFO] [OctoBans] zozo17220 sql checked, record: insultegrave by Forway to 1500046012
13-07-17 22:31:48 [INFO] [OctoBans] geekboy sql checked, record: spammp by skhey to -1
13-07-17 22:31:48 [INFO] [OctoBans] ipurple_ sql checked, record: spammp by SnowEffect to -1
13-07-17 22:31:48 [INFO] [OctoBans] thegost sql checked, record: floodmp by Forway to -1
13-07-17 22:31:48 [INFO] [OctoBans] zayrozz sql checked, record: spammp by Remil to -1
13-07-17 22:31:48 [INFO] [OctoBans] hayden_frost sql checked, record: spammp by PseudoNul to -1
13-07-17 22:31:48 [INFO] [OctoBans] hayden_frost sql checked, record: faussesinfos by TheBrioche13 to 1500047563
13-07-17 22:31:49 [INFO] [OctoBans] zizou03 sql checked, record: insultegrave by SkyKosIV to 1500042797
13-07-17 22:31:49 [INFO] [OctoBans] thedingue sql checked, record: spam by Forway to 1499980258
13-07-17 22:31:50 [INFO] [OctoBans] zarconia sql checked, record: spammp by SuperJojo to -1
13-07-17 22:31:54 [INFO] [OctoBans] mistergamingv2 sql checked, record: spammp by Remil to -1
13-07-17 22:31:54 [INFO] [OctoBans] mistergamingv2 sql checked, record: spammp by YTB_XxKarnageXx to -1
13-07-17 22:31:59 [INFO] [OctoBans] the_tueur sql checked, record: spammp by PseudoNul to -1
13-07-17 22:32:05 [INFO] [OctoBans] ezzzzzz sql checked, record: spam by Forway to 1499980577
13-07-17 22:32:10 [INFO] [OctoBans] totototo11 sql checked, record: spammp by NeosiaNexus to -1
13-07-17 22:32:10 [INFO] [OctoBans] totototo11 sql checked, record: majuscule by TheBrioche13 to 1499979662
13-07-17 22:32:15 [INFO] [OctoBans] juchille sql checked, record: langage by Forway to 1499978214
13-07-17 22:32:18 [INFO] [OctoBans] iPurple_ punished shap_coc_2 for: Double Poste
13-07-17 22:32:20 [INFO] [OctoBans] Forway punished prox3lit3 for: Majuscule
13-07-17 22:32:25 [INFO] [OctoBans] Forway punished atlas04 for: Langage incorrect
13-07-17 22:32:28 [INFO] [OctoBans] osmanlitorunu sql checked, record: insulte by Anzerti to 1499984413
13-07-17 22:32:45 [INFO] [OctoBans] badounoux sql checked, record: spammp by ZerKup to -1
13-07-17 22:32:56 [INFO] [OctoBans] titidu06 sql checked, record: spammp by PseudoNul to -1
13-07-17 22:32:56 [INFO] [OctoBans] titidu06 sql checked, record: faussesinfos by BlackWhite010 to 1499978988
13-07-17 22:33:12 [INFO] [OctoBans] waytek sql checked, record: spammp by PseudoNul to -1
13-07-17 22:33:12 [INFO] [OctoBans] waytek sql checked, record: spammp by Remil to -1
13-07-17 22:33:12 [INFO] [OctoBans] waytek sql checked, record: spammp by Remil to -1
13-07-17 22:33:24 [INFO] [OctoBans] karimospvp sql checked, record: spammp by YTB_XxKarnageXx to -1
13-07-17 22:33:24 [INFO] [OctoBans] karimospvp sql checked, record: spammp by YTB_XxKarnageXx to -1
13-07-17 22:33:40 [INFO] [OctoBans] hockey25 sql checked, record: spammp by iPurple_ to -1
13-07-17 22:33:40 [INFO] [OctoBans] hockey25 sql checked, record: spammp by iPurple_ to -1
13-07-17 22:33:50 [INFO] [OctoBans] taiko55 sql checked, record: insultegrave by Forway to 1500012581
13-07-17 22:33:54 [INFO] [OctoBans] infinity_du59 sql checked, record: insultegrave by Forway to 1500009951
13-07-17 22:33:56 [INFO] [OctoBans] washroxx sql checked, record: insultegrave by Forway to 1500009937
13-07-17 22:34:36 [INFO] [OctoBans] iswiik sql checked, record: faussesinfos by drbrine to 1500034359
13-07-17 22:35:08 [INFO] [OctoBans] lucas59261 sql checked, record: kickautre by ZerKup to -1
13-07-17 22:35:08 [INFO] [OctoBans] lucas59261 sql checked, record: spammp by PseudoNul to -1
13-07-17 22:35:08 [INFO] [OctoBans] lucas59261 sql checked, record: spammp by YTB_XxKarnageXx to -1
13-07-17 22:35:08 [INFO] [OctoBans] lucas59261 sql checked, record: spammp by Remil to -1
13-07-17 22:35:08 [INFO] [OctoBans] lucas59261 sql checked, record: spammp by PseudoNul to -1
13-07-17 22:35:08 [INFO] [OctoBans] lucas59261 sql checked, record: spammp by PseudoNul to -1
13-07-17 22:35:37 [INFO] [OctoBans] wheass sql checked, record: spammp by SkyKosIV to -1
13-07-17 22:35:42 [INFO] [OctoBans] vendeur2kebab sql checked, record: spammp by ZerKup to -1
13-07-17 22:35:42 [INFO] [OctoBans] vendeur2kebab sql checked, record: spammp by YTB_XxKarnageXx to -1
13-07-17 22:36:05 [INFO] [OctoBans] Forway punished xxninjaxx for: Double Poste
13-07-17 22:37:35 [INFO] [OctoBans] lolo201 sql checked, record: spammp by Remil to -1
13-07-17 22:38:19 [INFO] [OctoBans] iPurple_ punished xiaox for: Spam/flood
13-07-17 22:38:58 [INFO] [OctoBans] Forway punished adri2222 for: Majuscule
13-07-17 22:39:40 [INFO] [OctoBans] iPurple_ punished swegozz for: Majuscule
13-07-17 22:40:01 [INFO] [OctoBans] Forway punished swegozz for: Insulte grave
13-07-17 22:40:22 [INFO] [OctoBans] iPurple_ punished swegozz for: Racisme
13-07-17 22:40:50 [INFO] [OctoBans] Forway punished iswear for: Double Poste
13-07-17 22:41:57 [INFO] [OctoBans] moule_frite sql checked, record: flood by FiasK0 to 1499981725
13-07-17 22:42:45 [INFO] [OctoBans] drbrine punished bady for: Spam/flood
13-07-17 22:42:56 [INFO] [OctoBans] drbrine punished harkz for: Insulte
13-07-17 22:43:47 [INFO] [OctoBans] skhey punished darkraft_gamiing for: Provocation
13-07-17 22:45:52 [INFO] [OctoBans] arrowgaming sql checked, record: spammp by SkyKosIV to -1
13-07-17 22:46:27 [INFO] [OctoBans] misterboss31 sql checked, record: spammp by SkyKosIV to -1
13-07-17 22:48:10 [INFO] [OctoBans] akowi sql checked, record: spam by FiasK0 to 1499985690
13-07-17 22:51:47 [INFO] [OctoBans] iPurple_ punished zumbie for: Provocation
13-07-17 22:58:41 [INFO] [OctoBans] iPurple_ punished atlas04 for: Double Poste
13-07-17 22:59:01 [INFO] [OctoBans] iPurple_ punished ender450 for: Double Poste
13-07-17 23:00:20 [INFO] [OctoBans] xelio57 sql checked, record: spammp by SnowEffect to -1
13-07-17 23:01:15 [INFO] [OctoBans] weetiix sql checked, record: incitationflood by tinmar to 1500219885
13-07-17 23:02:15 [INFO] [OctoBans] zozodu14 sql checked, record: spammp by iPurple_ to -1
13-07-17 23:03:48 [INFO] [OctoBans] couilledeloup sql checked, record: kickautre by Steph078 to -1
13-07-17 23:04:04 [INFO] [OctoBans] xylear sql checked, record: kickautre by NeosiaNexus to -1
13-07-17 23:06:33 [INFO] [OctoBans] selim45 sql checked, record: spammp by ZerKup to -1
13-07-17 23:09:16 [INFO] [OctoBans] toms2006 sql checked, record: spammp by SnowEffect to -1
13-07-17 23:11:22 [INFO] [OctoBans] julien1106 sql checked, record: kickautre by NeosiaNexus to -1
13-07-17 23:11:44 [INFO] [OctoBans] xenotium_pvp sql checked, record: spammp by iPurple_ to -1
13-07-17 23:11:44 [INFO] [OctoBans] xenotium_pvp sql checked, record: spammp by SnowEffect to -1
13-07-17 23:11:50 [INFO] [OctoBans] mabilou29 sql checked, record: spammp by SnowEffect to -1
13-07-17 23:11:50 [INFO] [OctoBans] mabilou29 sql checked, record: spammp by SnowEffect to -1
13-07-17 23:12:35 [INFO] [OctoBans] twinx_boy sql checked, record: spammp by SnowEffect to -1
13-07-17 23:14:00 [INFO] [OctoBans] dark_titix sql checked, record: spammp by Remil to -1
13-07-17 23:15:23 [INFO] [OctoBans] justsx sql checked, record: spammp by iPurple_ to -1
13-07-17 23:15:23 [INFO] [OctoBans] justsx sql checked, record: spammp by iPurple_ to -1
13-07-17 23:15:31 [INFO] [OctoBans] akazede sql checked, record: incitationflood by Anzerti to 1500034816
13-07-17 23:15:31 [INFO] [OctoBans] akazede sql checked, record: insultestaff by Anzerti to 1500020487
13-07-17 23:15:31 [INFO] [OctoBans] akazede sql checked, record: incitationflood by Anzerti to 1500121311
13-07-17 23:15:43 [INFO] [OctoBans] dodole1 sql checked, record: spammp by SuperJojo to -1
13-07-17 23:15:43 [INFO] [OctoBans] dodole1 sql checked, record: spam by Forway to 1500031087
13-07-17 23:16:29 [INFO] [OctoBans] lolpigman sql checked, record: spammp by SnowEffect to -1
13-07-17 23:16:29 [INFO] [OctoBans] lolpigman sql checked, record: spammp by skhey to -1
13-07-17 23:18:38 [INFO] [OctoBans] craziix_eu sql checked, record: spammp by Remil to -1
13-07-17 23:18:38 [INFO] [OctoBans] craziix_eu sql checked, record: spammp by Remil to -1
13-07-17 23:18:38 [INFO] [OctoBans] craziix_eu sql checked, record: spammp by Remil to -1
13-07-17 23:18:38 [INFO] [OctoBans] craziix_eu sql checked, record: spammp by Remil to -1
13-07-17 23:21:42 [INFO] [OctoBans] MaacDoo punished lulumlr for: Spam/flood
13-07-17 23:21:42 [INFO] [OctoBans] _xonelg sql checked, record: flood by iPurple_ to 1499985800
13-07-17 23:24:20 [INFO] [OctoBans] MaacDoo punished neditesjamaisoui for: Double Poste
13-07-17 23:24:55 [INFO] [OctoBans] anzerti sql checked, record: spammp by Steph078 to -1
13-07-17 23:25:38 [INFO] [OctoBans] MaacDoo punished krais7681 for: Publicité Youtubeur
13-07-17 23:27:06 [INFO] [OctoBans] Forway punished blc_frr_pvp for: Spam/flood
13-07-17 23:27:26 [INFO] [OctoBans] wiirko sql checked, record: spammp by Remil to -1
13-07-17 23:27:51 [INFO] [OctoBans] Forway punished castiel for: Double Poste
13-07-17 23:30:02 [INFO] [OctoBans] clem010 sql checked, record: spammp by Remil to -1
13-07-17 23:30:02 [INFO] [OctoBans] clem010 sql checked, record: insultegrave by Shainko to 1500034250
13-07-17 23:33:58 [INFO] [OctoBans] Forway punished arkanuix for: Langage incorrect
13-07-17 23:38:39 [INFO] [OctoBans] black3rgix sql checked, record: kickautre by NeosiaNexus to -1
13-07-17 23:38:48 [INFO] [OctoBans] MaacDoo punished molotof for: Double Poste
13-07-17 23:39:45 [INFO] [OctoBans] Forway punished jihan13015 for: Double Poste
13-07-17 23:40:29 [INFO] [OctoBans] blackwhite010 sql checked, record: spammp by Remil to -1
13-07-17 23:40:29 [INFO] [OctoBans] blackwhite010 sql checked, record: insultegrave by SnowEffect to 1500174637
13-07-17 23:40:29 [INFO] [OctoBans] blackwhite010 sql checked, record: insulte by BlackWhite010 to 1499861354
13-07-17 23:40:29 [INFO] [OctoBans] blackwhite010 sql checked, record: insulte by BlackWhite010 to 1499861999
13-07-17 23:40:29 [INFO] [OctoBans] blackwhite010 sql checked, record: majuscule by BlackWhite010 to 1499859936
13-07-17 23:40:29 [INFO] [OctoBans] blackwhite010 sql checked, record: insulte by BlackWhite010 to 1499863345
13-07-17 23:40:29 [INFO] [OctoBans] blackwhite010 sql checked, record: majuscule by BlackWhite010 to 1499863377
13-07-17 23:40:29 [INFO] [OctoBans] blackwhite010 sql checked, record: insulte by BlackWhite010 to 1499864130
13-07-17 23:40:29 [INFO] [OctoBans] blackwhite010 sql checked, record: flood by BlackWhite010 to 1499865966
13-07-17 23:40:29 [INFO] [OctoBans] blackwhite010 sql checked, record: provocation by BlackWhite010 to 1499864318
13-07-17 23:40:29 [INFO] [OctoBans] blackwhite010 sql checked, record: provocation by BlackWhite010 to 1499864672
13-07-17 23:40:29 [INFO] [OctoBans] blackwhite010 sql checked, record: provocation by BlackWhite010 to 1499865037
13-07-17 23:40:29 [INFO] [OctoBans] blackwhite010 sql checked, record: majuscule by BlackWhite010 to 1499866815
13-07-17 23:40:29 [INFO] [OctoBans] blackwhite010 sql checked, record: majuscule by BlackWhite010 to 1499865653
13-07-17 23:40:29 [INFO] [OctoBans] blackwhite010 sql checked, record: pubyt by BlackWhite010 to 1499869368
13-07-17 23:40:29 [INFO] [OctoBans] blackwhite010 sql checked, record: langage by BlackWhite010 to 1499867880
13-07-17 23:40:29 [INFO] [OctoBans] blackwhite010 sql checked, record: pubyt by BlackWhite010 to 1499869714
13-07-17 23:40:29 [INFO] [OctoBans] blackwhite010 sql checked, record: flood by BlackWhite010 to 1499873338
13-07-17 23:40:29 [INFO] [OctoBans] blackwhite010 sql checked, record: doubleposte by BlackWhite010 to 1499868589
13-07-17 23:40:29 [INFO] [OctoBans] blackwhite010 sql checked, record: pubyt by BlackWhite010 to 1499870449
13-07-17 23:40:29 [INFO] [OctoBans] blackwhite010 sql checked, record: insultesrv by BlackWhite010 to 1499885240
13-07-17 23:40:29 [INFO] [OctoBans] blackwhite010 sql checked, record: langage by BlackWhite010 to 1499868786
13-07-17 23:40:29 [INFO] [OctoBans] blackwhite010 sql checked, record: langage by BlackWhite010 to 1499868863
13-07-17 23:40:29 [INFO] [OctoBans] blackwhite010 sql checked, record: doubleposte by BlackWhite010 to 1499869661
13-07-17 23:40:29 [INFO] [OctoBans] blackwhite010 sql checked, record: langage by BlackWhite010 to 1499869118
13-07-17 23:40:29 [INFO] [OctoBans] blackwhite010 sql checked, record: flood by BlackWhite010 to 1499872178
13-07-17 23:40:29 [INFO] [OctoBans] blackwhite010 sql checked, record: insultestaff by BlackWhite010 to 1499904655
13-07-17 23:40:29 [INFO] [OctoBans] blackwhite010 sql checked, record: insultegrave by BlackWhite010 to 1499904668
13-07-17 23:40:29 [INFO] [OctoBans] blackwhite010 sql checked, record: flood by BlackWhite010 to 1499872324
13-07-17 23:40:29 [INFO] [OctoBans] blackwhite010 sql checked, record: flood by BlackWhite010 to 1499872364
13-07-17 23:40:29 [INFO] [OctoBans] blackwhite010 sql checked, record: majuscule by BlackWhite010 to 1499870842
13-07-17 23:40:29 [INFO] [OctoBans] blackwhite010 sql checked, record: spam by BlackWhite010 to 1499887051
13-07-17 23:40:29 [INFO] [OctoBans] blackwhite010 sql checked, record: pubyt by BlackWhite010 to 1499881821
13-07-17 23:40:29 [INFO] [OctoBans] blackwhite010 sql checked, record: provocation by BlackWhite010 to 1499880679
13-07-17 23:40:29 [INFO] [OctoBans] blackwhite010 sql checked, record: flood by BlackWhite010 to 1499882945
13-07-17 23:40:29 [INFO] [OctoBans] blackwhite010 sql checked, record: faussesinfos by BlackWhite010 to 1499966001
13-07-17 23:40:29 [INFO] [OctoBans] blackwhite010 sql checked, record: doubleposte by BlackWhite010 to 1499880549
13-07-17 23:40:29 [INFO] [OctoBans] blackwhite010 sql checked, record: provocation by BlackWhite010 to 1499880355
13-07-17 23:40:29 [INFO] [OctoBans] blackwhite010 sql checked, record: doubleposte by BlackWhite010 to 1499881684
13-07-17 23:40:29 [INFO] [OctoBans] blackwhite010 sql checked, record: majuscule by BlackWhite010 to 1499883185
13-07-17 23:40:29 [INFO] [OctoBans] blackwhite010 sql checked, record: spam by BlackWhite010 to 1499889595
13-07-17 23:40:29 [INFO] [OctoBans] blackwhite010 sql checked, record: provocation by BlackWhite010 to 1499888461
13-07-17 23:40:29 [INFO] [OctoBans] blackwhite010 sql checked, record: majuscule by BlackWhite010 to 1499888985
13-07-17 23:40:29 [INFO] [OctoBans] blackwhite010 sql checked, record: majuscule by BlackWhite010 to 1499889202
13-07-17 23:40:29 [INFO] [OctoBans] blackwhite010 sql checked, record: doubleposte by BlackWhite010 to 1499890678
13-07-17 23:40:29 [INFO] [OctoBans] blackwhite010 sql checked, record: spam by BlackWhite010 to 1499895348
13-07-17 23:40:29 [INFO] [OctoBans] blackwhite010 sql checked, record: spam by BlackWhite010 to 1499895361
13-07-17 23:40:29 [INFO] [OctoBans] blackwhite010 sql checked, record: spam by BlackWhite010 to 1499895375
13-07-17 23:40:29 [INFO] [OctoBans] blackwhite010 sql checked, record: spam by BlackWhite010 to 1499895384
13-07-17 23:40:29 [INFO] [OctoBans] blackwhite010 sql checked, record: spam by BlackWhite010 to 1499895394
13-07-17 23:40:29 [INFO] [OctoBans] blackwhite010 sql checked, record: spam by BlackWhite010 to 1499899003
13-07-17 23:40:29 [INFO] [OctoBans] blackwhite010 sql checked, record: spam by BlackWhite010 to 1499895414
13-07-17 23:40:29 [INFO] [OctoBans] blackwhite010 sql checked, record: spam by BlackWhite010 to 1499895421
13-07-17 23:40:29 [INFO] [OctoBans] blackwhite010 sql checked, record: spam by BlackWhite010 to 1499902654
13-07-17 23:40:29 [INFO] [OctoBans] blackwhite010 sql checked, record: faussesinfos by BlackWhite010 to 1499978988
13-07-17 23:40:29 [INFO] [OctoBans] blackwhite010 sql checked, record: langage by BlackWhite010 to 1499893519
13-07-17 23:40:29 [INFO] [OctoBans] blackwhite010 sql checked, record: flood by BlackWhite010 to 1499896844
13-07-17 23:40:29 [INFO] [OctoBans] blackwhite010 sql checked, record: provocation by BlackWhite010 to 1499894289
13-07-17 23:40:29 [INFO] [OctoBans] blackwhite010 sql checked, record: spam by BlackWhite010 to 1499903767
13-07-17 23:40:29 [INFO] [OctoBans] blackwhite010 sql checked, record: insultestaff by BlackWhite010 to 1499968876
13-07-17 23:40:29 [INFO] [OctoBans] blackwhite010 sql checked, record: insultegrave by BlackWhite010 to 1499933923
13-07-17 23:40:29 [INFO] [OctoBans] blackwhite010 sql checked, record: doubleposte by BlackWhite010 to 1499903866
13-07-17 23:40:29 [INFO] [OctoBans] blackwhite010 sql checked, record: doubleposte by BlackWhite010 to 1499899542
13-07-17 23:40:29 [INFO] [OctoBans] blackwhite010 sql checked, record: langage by BlackWhite010 to 1499899548
13-07-17 23:40:29 [INFO] [OctoBans] blackwhite010 sql checked, record: provocation by BlackWhite010 to 1499898971
13-07-17 23:40:29 [INFO] [OctoBans] blackwhite010 sql checked, record: insultegrave by BlackWhite010 to 1499934497
13-07-17 23:40:29 [INFO] [OctoBans] blackwhite010 sql checked, record: doubleposte by BlackWhite010 to 1499899742
13-07-17 23:40:29 [INFO] [OctoBans] blackwhite010 sql checked, record: doubleposte by BlackWhite010 to 1499900083
13-07-17 23:40:29 [INFO] [OctoBans] blackwhite010 sql checked, record: doubleposte by BlackWhite010 to 1499899423
13-07-17 23:40:29 [INFO] [OctoBans] blackwhite010 sql checked, record: pubyt by BlackWhite010 to 1499902893
13-07-17 23:40:29 [INFO] [OctoBans] blackwhite010 sql checked, record: doubleposte by BlackWhite010 to 1499901114
13-07-17 23:40:29 [INFO] [OctoBans] blackwhite010 sql checked, record: provocation by BlackWhite010 to 1499901026
13-07-17 23:40:29 [INFO] [OctoBans] blackwhite010 sql checked, record: provocation by BlackWhite010 to 1499905025
13-07-17 23:40:29 [INFO] [OctoBans] blackwhite010 sql checked, record: majuscule by BlackWhite010 to 1499903915
13-07-17 23:40:29 [INFO] [OctoBans] blackwhite010 sql checked, record: doubleposte by BlackWhite010 to 1499907038
13-07-17 23:40:29 [INFO] [OctoBans] blackwhite010 sql checked, record: provocation by BlackWhite010 to 1499908685
13-07-17 23:40:29 [INFO] [OctoBans] blackwhite010 sql checked, record: provocation by BlackWhite010 to 1499910243
13-07-17 23:40:29 [INFO] [OctoBans] blackwhite010 sql checked, record: insulte by BlackWhite010 to 1499912462
13-07-17 23:40:29 [INFO] [OctoBans] blackwhite010 sql checked, record: doubleposte by BlackWhite010 to 1499915179
13-07-17 23:40:29 [INFO] [OctoBans] blackwhite010 sql checked, record: spam by BlackWhite010 to 1499944164
13-07-17 23:40:29 [INFO] [OctoBans] blackwhite010 sql checked, record: spam by BlackWhite010 to 1499947821
13-07-17 23:40:29 [INFO] [OctoBans] blackwhite010 sql checked, record: spam by BlackWhite010 to 1499947835
13-07-17 23:40:29 [INFO] [OctoBans] blackwhite010 sql checked, record: majuscule by BlackWhite010 to 1499943962
13-07-17 23:40:29 [INFO] [OctoBans] blackwhite010 sql checked, record: insultesrv by BlackWhite010 to 1499963351
13-07-17 23:40:29 [INFO] [OctoBans] blackwhite010 sql checked, record: insultestaff by BlackWhite010 to 1500018350
13-07-17 23:40:29 [INFO] [OctoBans] blackwhite010 sql checked, record: provocation by BlackWhite010 to 1499951176
13-07-17 23:40:29 [INFO] [OctoBans] blackwhite010 sql checked, record: majuscule by BlackWhite010 to 1499948131
13-07-17 23:40:29 [INFO] [OctoBans] blackwhite010 sql checked, record: doubleposte by BlackWhite010 to 1499947872
13-07-17 23:40:29 [INFO] [OctoBans] blackwhite010 sql checked, record: majuscule by BlackWhite010 to 1499950616
13-07-17 23:40:29 [INFO] [OctoBans] blackwhite010 sql checked, record: doubleposte by BlackWhite010 to 1499949578
13-07-17 23:40:29 [INFO] [OctoBans] blackwhite010 sql checked, record: insultegrave by BlackWhite010 to 1499987900
13-07-17 23:40:29 [INFO] [OctoBans] blackwhite010 sql checked, record: insultestaff by BlackWhite010 to 1500023945
13-07-17 23:40:29 [INFO] [OctoBans] blackwhite010 sql checked, record: provocation by BlackWhite010 to 1499953795
13-07-17 23:40:29 [INFO] [OctoBans] blackwhite010 sql checked, record: insultesrv by BlackWhite010 to 1499972762
13-07-17 23:40:29 [INFO] [OctoBans] blackwhite010 sql checked, record: insultestaff by BlackWhite010 to 1500062805
13-07-17 23:40:29 [INFO] [OctoBans] blackwhite010 sql checked, record: insultestaff by BlackWhite010 to 1500098879
13-07-17 23:40:29 [INFO] [OctoBans] blackwhite010 sql checked, record: majuscule by BlackWhite010 to 1499955610
13-07-17 23:40:29 [INFO] [OctoBans] blackwhite010 sql checked, record: majuscule by BlackWhite010 to 1499960755
13-07-17 23:40:29 [INFO] [OctoBans] blackwhite010 sql checked, record: majuscule by BlackWhite010 to 1499958516
13-07-17 23:40:49 [INFO] [OctoBans] blackwhite010 sql checked, record: spammp by Remil to -1
13-07-17 23:40:49 [INFO] [OctoBans] blackwhite010 sql checked, record: insultegrave by SnowEffect to 1500174637
13-07-17 23:40:49 [INFO] [OctoBans] blackwhite010 sql checked, record: insulte by BlackWhite010 to 1499861354
13-07-17 23:40:49 [INFO] [OctoBans] blackwhite010 sql checked, record: insulte by BlackWhite010 to 1499861999
13-07-17 23:40:49 [INFO] [OctoBans] blackwhite010 sql checked, record: majuscule by BlackWhite010 to 1499859936
13-07-17 23:40:49 [INFO] [OctoBans] blackwhite010 sql checked, record: insulte by BlackWhite010 to 1499863345
13-07-17 23:40:49 [INFO] [OctoBans] blackwhite010 sql checked, record: majuscule by BlackWhite010 to 1499863377
13-07-17 23:40:49 [INFO] [OctoBans] blackwhite010 sql checked, record: insulte by BlackWhite010 to 1499864130
13-07-17 23:40:49 [INFO] [OctoBans] blackwhite010 sql checked, record: flood by BlackWhite010 to 1499865966
13-07-17 23:40:49 [INFO] [OctoBans] blackwhite010 sql checked, record: provocation by BlackWhite010 to 1499864318
13-07-17 23:40:49 [INFO] [OctoBans] blackwhite010 sql checked, record: provocation by BlackWhite010 to 1499864672
13-07-17 23:40:49 [INFO] [OctoBans] blackwhite010 sql checked, record: provocation by BlackWhite010 to 1499865037
13-07-17 23:40:49 [INFO] [OctoBans] blackwhite010 sql checked, record: majuscule by BlackWhite010 to 1499866815
13-07-17 23:40:49 [INFO] [OctoBans] blackwhite010 sql checked, record: majuscule by BlackWhite010 to 1499865653
13-07-17 23:40:49 [INFO] [OctoBans] blackwhite010 sql checked, record: pubyt by BlackWhite010 to 1499869368
13-07-17 23:40:49 [INFO] [OctoBans] blackwhite010 sql checked, record: langage by BlackWhite010 to 1499867880
13-07-17 23:40:49 [INFO] [OctoBans] blackwhite010 sql checked, record: pubyt by BlackWhite010 to 1499869714
13-07-17 23:40:49 [INFO] [OctoBans] blackwhite010 sql checked, record: flood by BlackWhite010 to 1499873338
13-07-17 23:40:49 [INFO] [OctoBans] blackwhite010 sql checked, record: doubleposte by BlackWhite010 to 1499868589
13-07-17 23:40:49 [INFO] [OctoBans] blackwhite010 sql checked, record: pubyt by BlackWhite010 to 1499870449
13-07-17 23:40:49 [INFO] [OctoBans] blackwhite010 sql checked, record: insultesrv by BlackWhite010 to 1499885240
13-07-17 23:40:49 [INFO] [OctoBans] blackwhite010 sql checked, record: langage by BlackWhite010 to 1499868786
13-07-17 23:40:49 [INFO] [OctoBans] blackwhite010 sql checked, record: langage by BlackWhite010 to 1499868863
13-07-17 23:40:49 [INFO] [OctoBans] blackwhite010 sql checked, record: doubleposte by BlackWhite010 to 1499869661
13-07-17 23:40:49 [INFO] [OctoBans] blackwhite010 sql checked, record: langage by BlackWhite010 to 1499869118
13-07-17 23:40:49 [INFO] [OctoBans] blackwhite010 sql checked, record: flood by BlackWhite010 to 1499872178
13-07-17 23:40:49 [INFO] [OctoBans] blackwhite010 sql checked, record: insultestaff by BlackWhite010 to 1499904655
13-07-17 23:40:49 [INFO] [OctoBans] blackwhite010 sql checked, record: insultegrave by BlackWhite010 to 1499904668
13-07-17 23:40:49 [INFO] [OctoBans] blackwhite010 sql checked, record: flood by BlackWhite010 to 1499872324
13-07-17 23:40:49 [INFO] [OctoBans] blackwhite010 sql checked, record: flood by BlackWhite010 to 1499872364
13-07-17 23:40:49 [INFO] [OctoBans] blackwhite010 sql checked, record: majuscule by BlackWhite010 to 1499870842
13-07-17 23:40:49 [INFO] [OctoBans] blackwhite010 sql checked, record: spam by BlackWhite010 to 1499887051
13-07-17 23:40:49 [INFO] [OctoBans] blackwhite010 sql checked, record: pubyt by BlackWhite010 to 1499881821
13-07-17 23:40:49 [INFO] [OctoBans] blackwhite010 sql checked, record: provocation by BlackWhite010 to 1499880679
13-07-17 23:40:49 [INFO] [OctoBans] blackwhite010 sql checked, record: flood by BlackWhite010 to 1499882945
13-07-17 23:40:49 [INFO] [OctoBans] blackwhite010 sql checked, record: faussesinfos by BlackWhite010 to 1499966001
13-07-17 23:40:49 [INFO] [OctoBans] blackwhite010 sql checked, record: doubleposte by BlackWhite010 to 1499880549
13-07-17 23:40:49 [INFO] [OctoBans] blackwhite010 sql checked, record: provocation by BlackWhite010 to 1499880355
13-07-17 23:40:49 [INFO] [OctoBans] blackwhite010 sql checked, record: doubleposte by BlackWhite010 to 1499881684
13-07-17 23:40:49 [INFO] [OctoBans] blackwhite010 sql checked, record: majuscule by BlackWhite010 to 1499883185
13-07-17 23:40:49 [INFO] [OctoBans] blackwhite010 sql checked, record: spam by BlackWhite010 to 1499889595
13-07-17 23:40:49 [INFO] [OctoBans] blackwhite010 sql checked, record: provocation by BlackWhite010 to 1499888461
13-07-17 23:40:49 [INFO] [OctoBans] blackwhite010 sql checked, record: majuscule by BlackWhite010 to 1499888985
13-07-17 23:40:49 [INFO] [OctoBans] blackwhite010 sql checked, record: majuscule by BlackWhite010 to 1499889202
13-07-17 23:40:49 [INFO] [OctoBans] blackwhite010 sql checked, record: doubleposte by BlackWhite010 to 1499890678
13-07-17 23:40:49 [INFO] [OctoBans] blackwhite010 sql checked, record: spam by BlackWhite010 to 1499895348
13-07-17 23:40:49 [INFO] [OctoBans] blackwhite010 sql checked, record: spam by BlackWhite010 to 1499895361
13-07-17 23:40:49 [INFO] [OctoBans] blackwhite010 sql checked, record: spam by BlackWhite010 to 1499895375
13-07-17 23:40:49 [INFO] [OctoBans] blackwhite010 sql checked, record: spam by BlackWhite010 to 1499895384
13-07-17 23:40:49 [INFO] [OctoBans] blackwhite010 sql checked, record: spam by BlackWhite010 to 1499895394
13-07-17 23:40:49 [INFO] [OctoBans] blackwhite010 sql checked, record: spam by BlackWhite010 to 1499899003
13-07-17 23:40:49 [INFO] [OctoBans] blackwhite010 sql checked, record: spam by BlackWhite010 to 1499895414
13-07-17 23:40:49 [INFO] [OctoBans] blackwhite010 sql checked, record: spam by BlackWhite010 to 1499895421
13-07-17 23:40:49 [INFO] [OctoBans] blackwhite010 sql checked, record: spam by BlackWhite010 to 1499902654
13-07-17 23:40:49 [INFO] [OctoBans] blackwhite010 sql checked, record: faussesinfos by BlackWhite010 to 1499978988
13-07-17 23:40:49 [INFO] [OctoBans] blackwhite010 sql checked, record: langage by BlackWhite010 to 1499893519
13-07-17 23:40:49 [INFO] [OctoBans] blackwhite010 sql checked, record: flood by BlackWhite010 to 1499896844
13-07-17 23:40:49 [INFO] [OctoBans] blackwhite010 sql checked, record: provocation by BlackWhite010 to 1499894289
13-07-17 23:40:49 [INFO] [OctoBans] blackwhite010 sql checked, record: spam by BlackWhite010 to 1499903767
13-07-17 23:40:49 [INFO] [OctoBans] blackwhite010 sql checked, record: insultestaff by BlackWhite010 to 1499968876
13-07-17 23:40:49 [INFO] [OctoBans] blackwhite010 sql checked, record: insultegrave by BlackWhite010 to 1499933923
13-07-17 23:40:49 [INFO] [OctoBans] blackwhite010 sql checked, record: doubleposte by BlackWhite010 to 1499903866
13-07-17 23:40:49 [INFO] [OctoBans] blackwhite010 sql checked, record: doubleposte by BlackWhite010 to 1499899542
13-07-17 23:40:49 [INFO] [OctoBans] blackwhite010 sql checked, record: langage by BlackWhite010 to 1499899548
13-07-17 23:40:49 [INFO] [OctoBans] blackwhite010 sql checked, record: provocation by BlackWhite010 to 1499898971
13-07-17 23:40:49 [INFO] [OctoBans] blackwhite010 sql checked, record: insultegrave by BlackWhite010 to 1499934497
13-07-17 23:40:49 [INFO] [OctoBans] blackwhite010 sql checked, record: doubleposte by BlackWhite010 to 1499899742
13-07-17 23:40:49 [INFO] [OctoBans] blackwhite010 sql checked, record: doubleposte by BlackWhite010 to 1499900083
13-07-17 23:40:49 [INFO] [OctoBans] blackwhite010 sql checked, record: doubleposte by BlackWhite010 to 1499899423
13-07-17 23:40:49 [INFO] [OctoBans] blackwhite010 sql checked, record: pubyt by BlackWhite010 to 1499902893
13-07-17 23:40:49 [INFO] [OctoBans] blackwhite010 sql checked, record: doubleposte by BlackWhite010 to 1499901114
13-07-17 23:40:49 [INFO] [OctoBans] blackwhite010 sql checked, record: provocation by BlackWhite010 to 1499901026
13-07-17 23:40:49 [INFO] [OctoBans] blackwhite010 sql checked, record: provocation by BlackWhite010 to 1499905025
13-07-17 23:40:49 [INFO] [OctoBans] blackwhite010 sql checked, record: majuscule by BlackWhite010 to 1499903915
13-07-17 23:40:49 [INFO] [OctoBans] blackwhite010 sql checked, record: doubleposte by BlackWhite010 to 1499907038
13-07-17 23:40:49 [INFO] [OctoBans] blackwhite010 sql checked, record: provocation by BlackWhite010 to 1499908685
13-07-17 23:40:49 [INFO] [OctoBans] blackwhite010 sql checked, record: provocation by BlackWhite010 to 1499910243
13-07-17 23:40:49 [INFO] [OctoBans] blackwhite010 sql checked, record: insulte by BlackWhite010 to 1499912462
13-07-17 23:40:49 [INFO] [OctoBans] blackwhite010 sql checked, record: doubleposte by BlackWhite010 to 1499915179
13-07-17 23:40:49 [INFO] [OctoBans] blackwhite010 sql checked, record: spam by BlackWhite010 to 1499944164
13-07-17 23:40:49 [INFO] [OctoBans] blackwhite010 sql checked, record: spam by BlackWhite010 to 1499947821
13-07-17 23:40:49 [INFO] [OctoBans] blackwhite010 sql checked, record: spam by BlackWhite010 to 1499947835
13-07-17 23:40:49 [INFO] [OctoBans] blackwhite010 sql checked, record: majuscule by BlackWhite010 to 1499943962
13-07-17 23:40:49 [INFO] [OctoBans] blackwhite010 sql checked, record: insultesrv by BlackWhite010 to 1499963351
13-07-17 23:40:49 [INFO] [OctoBans] blackwhite010 sql checked, record: insultestaff by BlackWhite010 to 1500018350
13-07-17 23:40:49 [INFO] [OctoBans] blackwhite010 sql checked, record: provocation by BlackWhite010 to 1499951176
13-07-17 23:40:49 [INFO] [OctoBans] blackwhite010 sql checked, record: majuscule by BlackWhite010 to 1499948131
13-07-17 23:40:49 [INFO] [OctoBans] blackwhite010 sql checked, record: doubleposte by BlackWhite010 to 1499947872
13-07-17 23:40:49 [INFO] [OctoBans] blackwhite010 sql checked, record: majuscule by BlackWhite010 to 1499950616
13-07-17 23:40:49 [INFO] [OctoBans] blackwhite010 sql checked, record: doubleposte by BlackWhite010 to 1499949578
13-07-17 23:40:49 [INFO] [OctoBans] blackwhite010 sql checked, record: insultegrave by BlackWhite010 to 1499987900
13-07-17 23:40:49 [INFO] [OctoBans] blackwhite010 sql checked, record: insultestaff by BlackWhite010 to 1500023945
13-07-17 23:40:49 [INFO] [OctoBans] blackwhite010 sql checked, record: provocation by BlackWhite010 to 1499953795
13-07-17 23:40:49 [INFO] [OctoBans] blackwhite010 sql checked, record: insultesrv by BlackWhite010 to 1499972762
13-07-17 23:40:49 [INFO] [OctoBans] blackwhite010 sql checked, record: insultestaff by BlackWhite010 to 1500062805
13-07-17 23:40:49 [INFO] [OctoBans] blackwhite010 sql checked, record: insultestaff by BlackWhite010 to 1500098879
13-07-17 23:40:49 [INFO] [OctoBans] blackwhite010 sql checked, record: majuscule by BlackWhite010 to 1499955610
13-07-17 23:40:49 [INFO] [OctoBans] blackwhite010 sql checked, record: majuscule by BlackWhite010 to 1499960755
13-07-17 23:40:49 [INFO] [OctoBans] blackwhite010 sql checked, record: majuscule by BlackWhite010 to 1499958516
13-07-17 23:40:52 [INFO] [OctoBans] blackwhite010 sql checked, record: spammp by Remil to -1
13-07-17 23:40:52 [INFO] [OctoBans] blackwhite010 sql checked, record: insultegrave by SnowEffect to 1500174637
13-07-17 23:40:52 [INFO] [OctoBans] blackwhite010 sql checked, record: insulte by BlackWhite010 to 1499861354
13-07-17 23:40:52 [INFO] [OctoBans] blackwhite010 sql checked, record: insulte by BlackWhite010 to 1499861999
13-07-17 23:40:52 [INFO] [OctoBans] blackwhite010 sql checked, record: majuscule by BlackWhite010 to 1499859936
13-07-17 23:40:52 [INFO] [OctoBans] blackwhite010 sql checked, record: insulte by BlackWhite010 to 1499863345
13-07-17 23:40:52 [INFO] [OctoBans] blackwhite010 sql checked, record: majuscule by BlackWhite010 to 1499863377
13-07-17 23:40:52 [INFO] [OctoBans] blackwhite010 sql checked, record: insulte by BlackWhite010 to 1499864130
13-07-17 23:40:52 [INFO] [OctoBans] blackwhite010 sql checked, record: flood by BlackWhite010 to 1499865966
13-07-17 23:40:52 [INFO] [OctoBans] blackwhite010 sql checked, record: provocation by BlackWhite010 to 1499864318
13-07-17 23:40:52 [INFO] [OctoBans] blackwhite010 sql checked, record: provocation by BlackWhite010 to 1499864672
13-07-17 23:40:52 [INFO] [OctoBans] blackwhite010 sql checked, record: provocation by BlackWhite010 to 1499865037
13-07-17 23:40:52 [INFO] [OctoBans] blackwhite010 sql checked, record: majuscule by BlackWhite010 to 1499866815
13-07-17 23:40:52 [INFO] [OctoBans] blackwhite010 sql checked, record: majuscule by BlackWhite010 to 1499865653
13-07-17 23:40:52 [INFO] [OctoBans] blackwhite010 sql checked, record: pubyt by BlackWhite010 to 1499869368
13-07-17 23:40:52 [INFO] [OctoBans] blackwhite010 sql checked, record: langage by BlackWhite010 to 1499867880
13-07-17 23:40:52 [INFO] [OctoBans] blackwhite010 sql checked, record: pubyt by BlackWhite010 to 1499869714
13-07-17 23:40:52 [INFO] [OctoBans] blackwhite010 sql checked, record: flood by BlackWhite010 to 1499873338
13-07-17 23:40:52 [INFO] [OctoBans] blackwhite010 sql checked, record: doubleposte by BlackWhite010 to 1499868589
13-07-17 23:40:52 [INFO] [OctoBans] blackwhite010 sql checked, record: pubyt by BlackWhite010 to 1499870449
13-07-17 23:40:52 [INFO] [OctoBans] blackwhite010 sql checked, record: insultesrv by BlackWhite010 to 1499885240
13-07-17 23:40:52 [INFO] [OctoBans] blackwhite010 sql checked, record: langage by BlackWhite010 to 1499868786
13-07-17 23:40:52 [INFO] [OctoBans] blackwhite010 sql checked, record: langage by BlackWhite010 to 1499868863
13-07-17 23:40:52 [INFO] [OctoBans] blackwhite010 sql checked, record: doubleposte by BlackWhite010 to 1499869661
13-07-17 23:40:52 [INFO] [OctoBans] blackwhite010 sql checked, record: langage by BlackWhite010 to 1499869118
13-07-17 23:40:52 [INFO] [OctoBans] blackwhite010 sql checked, record: flood by BlackWhite010 to 1499872178
13-07-17 23:40:52 [INFO] [OctoBans] blackwhite010 sql checked, record: insultestaff by BlackWhite010 to 1499904655
13-07-17 23:40:52 [INFO] [OctoBans] blackwhite010 sql checked, record: insultegrave by BlackWhite010 to 1499904668
13-07-17 23:40:52 [INFO] [OctoBans] blackwhite010 sql checked, record: flood by BlackWhite010 to 1499872324
13-07-17 23:40:52 [INFO] [OctoBans] blackwhite010 sql checked, record: flood by BlackWhite010 to 1499872364
13-07-17 23:40:52 [INFO] [OctoBans] blackwhite010 sql checked, record: majuscule by BlackWhite010 to 1499870842
13-07-17 23:40:52 [INFO] [OctoBans] blackwhite010 sql checked, record: spam by BlackWhite010 to 1499887051
13-07-17 23:40:52 [INFO] [OctoBans] blackwhite010 sql checked, record: pubyt by BlackWhite010 to 1499881821
13-07-17 23:40:52 [INFO] [OctoBans] blackwhite010 sql checked, record: provocation by BlackWhite010 to 1499880679
13-07-17 23:40:52 [INFO] [OctoBans] blackwhite010 sql checked, record: flood by BlackWhite010 to 1499882945
13-07-17 23:40:52 [INFO] [OctoBans] blackwhite010 sql checked, record: faussesinfos by BlackWhite010 to 1499966001
13-07-17 23:40:52 [INFO] [OctoBans] blackwhite010 sql checked, record: doubleposte by BlackWhite010 to 1499880549
13-07-17 23:40:52 [INFO] [OctoBans] blackwhite010 sql checked, record: provocation by BlackWhite010 to 1499880355
13-07-17 23:40:52 [INFO] [OctoBans] blackwhite010 sql checked, record: doubleposte by BlackWhite010 to 1499881684
13-07-17 23:40:52 [INFO] [OctoBans] blackwhite010 sql checked, record: majuscule by BlackWhite010 to 1499883185
13-07-17 23:40:52 [INFO] [OctoBans] blackwhite010 sql checked, record: spam by BlackWhite010 to 1499889595
13-07-17 23:40:52 [INFO] [OctoBans] blackwhite010 sql checked, record: provocation by BlackWhite010 to 1499888461
13-07-17 23:40:52 [INFO] [OctoBans] blackwhite010 sql checked, record: majuscule by BlackWhite010 to 1499888985
13-07-17 23:40:52 [INFO] [OctoBans] blackwhite010 sql checked, record: majuscule by BlackWhite010 to 1499889202
13-07-17 23:40:52 [INFO] [OctoBans] blackwhite010 sql checked, record: doubleposte by BlackWhite010 to 1499890678
13-07-17 23:40:52 [INFO] [OctoBans] blackwhite010 sql checked, record: spam by BlackWhite010 to 1499895348
13-07-17 23:40:52 [INFO] [OctoBans] blackwhite010 sql checked, record: spam by BlackWhite010 to 1499895361
13-07-17 23:40:52 [INFO] [OctoBans] blackwhite010 sql checked, record: spam by BlackWhite010 to 1499895375
13-07-17 23:40:52 [INFO] [OctoBans] blackwhite010 sql checked, record: spam by BlackWhite010 to 1499895384
13-07-17 23:40:52 [INFO] [OctoBans] blackwhite010 sql checked, record: spam by BlackWhite010 to 1499895394
13-07-17 23:40:52 [INFO] [OctoBans] blackwhite010 sql checked, record: spam by BlackWhite010 to 1499899003
13-07-17 23:40:52 [INFO] [OctoBans] blackwhite010 sql checked, record: spam by BlackWhite010 to 1499895414
13-07-17 23:40:52 [INFO] [OctoBans] blackwhite010 sql checked, record: spam by BlackWhite010 to 1499895421
13-07-17 23:40:52 [INFO] [OctoBans] blackwhite010 sql checked, record: spam by BlackWhite010 to 1499902654
13-07-17 23:40:52 [INFO] [OctoBans] blackwhite010 sql checked, record: faussesinfos by BlackWhite010 to 1499978988
13-07-17 23:40:52 [INFO] [OctoBans] blackwhite010 sql checked, record: langage by BlackWhite010 to 1499893519
13-07-17 23:40:52 [INFO] [OctoBans] blackwhite010 sql checked, record: flood by BlackWhite010 to 1499896844
13-07-17 23:40:52 [INFO] [OctoBans] blackwhite010 sql checked, record: provocation by BlackWhite010 to 1499894289
13-07-17 23:40:52 [INFO] [OctoBans] blackwhite010 sql checked, record: spam by BlackWhite010 to 1499903767
13-07-17 23:40:52 [INFO] [OctoBans] blackwhite010 sql checked, record: insultestaff by BlackWhite010 to 1499968876
13-07-17 23:40:52 [INFO] [OctoBans] blackwhite010 sql checked, record: insultegrave by BlackWhite010 to 1499933923
13-07-17 23:40:52 [INFO] [OctoBans] blackwhite010 sql checked, record: doubleposte by BlackWhite010 to 1499903866
13-07-17 23:40:52 [INFO] [OctoBans] blackwhite010 sql checked, record: doubleposte by BlackWhite010 to 1499899542
13-07-17 23:40:52 [INFO] [OctoBans] blackwhite010 sql checked, record: langage by BlackWhite010 to 1499899548
13-07-17 23:40:52 [INFO] [OctoBans] blackwhite010 sql checked, record: provocation by BlackWhite010 to 1499898971
13-07-17 23:40:52 [INFO] [OctoBans] blackwhite010 sql checked, record: insultegrave by BlackWhite010 to 1499934497
13-07-17 23:40:52 [INFO] [OctoBans] blackwhite010 sql checked, record: doubleposte by BlackWhite010 to 1499899742
13-07-17 23:40:52 [INFO] [OctoBans] blackwhite010 sql checked, record: doubleposte by BlackWhite010 to 1499900083
13-07-17 23:40:52 [INFO] [OctoBans] blackwhite010 sql checked, record: doubleposte by BlackWhite010 to 1499899423
13-07-17 23:40:52 [INFO] [OctoBans] blackwhite010 sql checked, record: pubyt by BlackWhite010 to 1499902893
13-07-17 23:40:52 [INFO] [OctoBans] blackwhite010 sql checked, record: doubleposte by BlackWhite010 to 1499901114
13-07-17 23:40:52 [INFO] [OctoBans] blackwhite010 sql checked, record: provocation by BlackWhite010 to 1499901026
13-07-17 23:40:52 [INFO] [OctoBans] blackwhite010 sql checked, record: provocation by BlackWhite010 to 1499905025
13-07-17 23:40:52 [INFO] [OctoBans] blackwhite010 sql checked, record: majuscule by BlackWhite010 to 1499903915
13-07-17 23:40:52 [INFO] [OctoBans] blackwhite010 sql checked, record: doubleposte by BlackWhite010 to 1499907038
13-07-17 23:40:52 [INFO] [OctoBans] blackwhite010 sql checked, record: provocation by BlackWhite010 to 1499908685
13-07-17 23:40:52 [INFO] [OctoBans] blackwhite010 sql checked, record: provocation by BlackWhite010 to 1499910243
13-07-17 23:40:52 [INFO] [OctoBans] blackwhite010 sql checked, record: insulte by BlackWhite010 to 1499912462
13-07-17 23:40:52 [INFO] [OctoBans] blackwhite010 sql checked, record: doubleposte by BlackWhite010 to 1499915179
13-07-17 23:40:52 [INFO] [OctoBans] blackwhite010 sql checked, record: spam by BlackWhite010 to 1499944164
13-07-17 23:40:52 [INFO] [OctoBans] blackwhite010 sql checked, record: spam by BlackWhite010 to 1499947821
13-07-17 23:40:52 [INFO] [OctoBans] blackwhite010 sql checked, record: spam by BlackWhite010 to 1499947835
13-07-17 23:40:52 [INFO] [OctoBans] blackwhite010 sql checked, record: majuscule by BlackWhite010 to 1499943962
13-07-17 23:40:52 [INFO] [OctoBans] blackwhite010 sql checked, record: insultesrv by BlackWhite010 to 1499963351
13-07-17 23:40:52 [INFO] [OctoBans] blackwhite010 sql checked, record: insultestaff by BlackWhite010 to 1500018350
13-07-17 23:40:52 [INFO] [OctoBans] blackwhite010 sql checked, record: provocation by BlackWhite010 to 1499951176
13-07-17 23:40:52 [INFO] [OctoBans] blackwhite010 sql checked, record: majuscule by BlackWhite010 to 1499948131
13-07-17 23:40:52 [INFO] [OctoBans] blackwhite010 sql checked, record: doubleposte by BlackWhite010 to 1499947872
13-07-17 23:40:52 [INFO] [OctoBans] blackwhite010 sql checked, record: majuscule by BlackWhite010 to 1499950616
13-07-17 23:40:52 [INFO] [OctoBans] blackwhite010 sql checked, record: doubleposte by BlackWhite010 to 1499949578
13-07-17 23:40:52 [INFO] [OctoBans] blackwhite010 sql checked, record: insultegrave by BlackWhite010 to 1499987900
13-07-17 23:40:52 [INFO] [OctoBans] blackwhite010 sql checked, record: insultestaff by BlackWhite010 to 1500023945
13-07-17 23:40:52 [INFO] [OctoBans] blackwhite010 sql checked, record: provocation by BlackWhite010 to 1499953795
13-07-17 23:40:52 [INFO] [OctoBans] blackwhite010 sql checked, record: insultesrv by BlackWhite010 to 1499972762
13-07-17 23:40:52 [INFO] [OctoBans] blackwhite010 sql checked, record: insultestaff by BlackWhite010 to 1500062805
13-07-17 23:40:52 [INFO] [OctoBans] blackwhite010 sql checked, record: insultestaff by BlackWhite010 to 1500098879
13-07-17 23:40:52 [INFO] [OctoBans] blackwhite010 sql checked, record: majuscule by BlackWhite010 to 1499955610
13-07-17 23:40:52 [INFO] [OctoBans] blackwhite010 sql checked, record: majuscule by BlackWhite010 to 1499960755
13-07-17 23:40:52 [INFO] [OctoBans] blackwhite010 sql checked, record: majuscule by BlackWhite010 to 1499958516
13-07-17 23:42:35 [INFO] [OctoBans] leikow sql checked, record: kickautre by Steph078 to -1
13-07-17 23:44:27 [INFO] [OctoBans] TheBrioche13 punished mrbibe for: Double Poste
13-07-17 23:44:55 [INFO] [OctoBans] CreepyEagle punished ender450 for: Majuscule
13-07-17 23:45:35 [INFO] [OctoBans] CreepyEagle punished lepouletfermier for: Double Poste
13-07-17 23:45:49 [INFO] [OctoBans] lepapadesampvp sql checked, record: spammp by PseudoNul to -1
13-07-17 23:45:49 [INFO] [OctoBans] lepapadesampvp sql checked, record: spammp by ZerKup to -1
13-07-17 23:45:55 [INFO] [OctoBans] MaacDoo punished tibo for: Double Poste
13-07-17 23:46:09 [INFO] [OctoBans] Anzerti punished mick_pvp for: Double Poste
13-07-17 23:47:30 [INFO] [OctoBans] ly69n sql checked, record: kickautre by NeosiaNexus to -1
13-07-17 23:52:58 [INFO] [OctoBans] supermouton59 sql checked, record: incitationflood by SnowEffect to 1500045834
13-07-17 23:59:05 [INFO] [OctoBans] romudu269 sql checked, record: spammp by SkyKosIV to -1
13-07-17 23:59:58 [INFO] [OctoBans] worg_31 sql checked, record: insultegrave by LaKitaw to 1500007620
14-07-17 00:01:26 [INFO] [OctoBans] MaacDoo punished sneef for: Double Poste
14-07-17 00:02:06 [INFO] [OctoBans] Anzerti punished dark_titix for: Insulte
14-07-17 00:02:35 [INFO] [OctoBans] LaKitaw punished shap_coc_2 for: Langage incorrect
14-07-17 00:02:48 [INFO] [OctoBans] Anzerti punished micheal for: Spam/flood
14-07-17 00:05:27 [INFO] [OctoBans] marseillekalash sql checked, record: spammp by CreepyEagle to -1
14-07-17 00:05:50 [INFO] [OctoBans] TheBrioche13 punished theohand for: Majuscule
14-07-17 00:06:34 [INFO] [OctoBans] Shainko punished mistergamingv2 for: Publicité Youtubeur
14-07-17 00:12:09 [INFO] [OctoBans] Forway punished juju123 for: Double Poste
14-07-17 00:12:27 [INFO] [OctoBans] Forway punished pala2 for: Spam/flood
14-07-17 00:12:39 [INFO] [OctoBans] shouteur sql checked, record: spammp by Remil to -1
14-07-17 00:12:39 [INFO] [OctoBans] shouteur sql checked, record: spammp by Remil to -1
14-07-17 00:12:39 [INFO] [OctoBans] shouteur sql checked, record: spammp by Remil to -1
14-07-17 00:12:39 [INFO] [OctoBans] shouteur sql checked, record: spammp by Remil to -1
14-07-17 00:14:08 [INFO] [OctoBans] LaKitaw punished mazeup for: Spam/flood
14-07-17 00:14:38 [INFO] [OctoBans] Shainko punished xx_fredbear_xx for: Spam/flood
14-07-17 00:16:54 [INFO] [OctoBans] TheBrioche13 punished ryzeytb for: Majuscule
14-07-17 00:19:33 [INFO] [OctoBans] by_sneak sql checked, record: spammp by SkyKosIV to -1
14-07-17 00:19:33 [INFO] [OctoBans] by_sneak sql checked, record: spammp by YTB_XxKarnageXx to -1
14-07-17 00:19:33 [INFO] [OctoBans] by_sneak sql checked, record: insultegrave by tinmar to 1499998667
14-07-17 00:19:39 [INFO] [OctoBans] _dragibus_ sql checked, record: insultestaff by BlackWhite010 to 1500018350
14-07-17 00:20:03 [INFO] [OctoBans] iPurple_ punished mangeamoi for: Majuscule
14-07-17 00:20:45 [INFO] [OctoBans] TheBrioche13 punished jeffthekileur for: Fausses informations
14-07-17 00:20:53 [INFO] [OctoBans] LaKitaw punished mrjoke for: Langage incorrect
14-07-17 00:21:45 [INFO] [OctoBans] Anzerti punished mrjoke for: Insulte staff
14-07-17 00:24:33 [INFO] [OctoBans] Anzerti punished gims27 for: Insulte légère
14-07-17 00:25:17 [INFO] [OctoBans] Anzerti punished nowmaazing for: Insulte grave
14-07-17 00:28:23 [INFO] [OctoBans] lassa18 sql checked, record: spammp by Remil to -1
14-07-17 00:28:23 [INFO] [OctoBans] lassa18 sql checked, record: spammp by Remil to -1
14-07-17 00:28:23 [INFO] [OctoBans] lassa18 sql checked, record: pubyt by TheBrioche13 to 1499987862
14-07-17 00:31:11 [INFO] [OctoBans] Anzerti punished superfilleciel for: Provocation
14-07-17 00:35:00 [INFO] [OctoBans] LaKitaw punished nohackjustl for: Majuscule
14-07-17 00:36:25 [INFO] [OctoBans] TheBrioche13 punished xxninjaxx for: Publicité Youtubeur
14-07-17 00:38:40 [INFO] [OctoBans] atomiklebg sql checked, record: tpkill by iPurple_ to 1500060236
14-07-17 00:40:13 [INFO] [OctoBans] LaKitaw punished akito for: Spam/flood
14-07-17 00:41:09 [INFO] [OctoBans] oozema sql checked, record: spammp by YTB_XxKarnageXx to -1
14-07-17 00:43:05 [INFO] [OctoBans] CreepyEagle punished mick_pvp for: Provocation
14-07-17 00:44:11 [INFO] [OctoBans] _ashbrooks_pvp sql checked, record: kickautre by NeosiaNexus to -1
14-07-17 00:47:42 [INFO] [OctoBans] stonewolf sql checked, record: spammp by SuperJojo to -1
14-07-17 00:48:00 [INFO] [OctoBans] Anzerti punished fana_60 for: Double Poste
14-07-17 00:50:31 [INFO] [OctoBans] Anzerti punished xlynx for: Langage incorrect
14-07-17 00:54:08 [INFO] [OctoBans] sosodidi sql checked, record: spammp by Remil to -1
14-07-17 00:54:15 [INFO] [OctoBans] iPurple_ punished armakiller for: Double Poste
14-07-17 00:54:50 [INFO] [OctoBans] iPurple_ punished la_banane for: Double Poste
14-07-17 00:58:56 [INFO] [OctoBans] MaacDoo punished greenadvaaance for: Provocation
14-07-17 00:59:19 [INFO] [OctoBans] MaacDoo punished blc_frr_pvp for: Provocation
14-07-17 00:59:20 [INFO] [OctoBans] ray54 sql checked, record: spammp by SuperJojo to -1
14-07-17 00:59:50 [INFO] [OctoBans] marchandloup sql checked, record: spammp by Remil to -1
14-07-17 00:59:50 [INFO] [OctoBans] marchandloup sql checked, record: spammp by PseudoNul to -1
14-07-17 01:01:09 [INFO] [OctoBans] showyt sql checked, record: kickautre by NeosiaNexus to -1
14-07-17 01:02:07 [INFO] [OctoBans] iPurple_ punished blc_frr_pvp for: Spam/flood en MP
14-07-17 01:07:04 [INFO] [OctoBans] iPurple_ punished djams for: Spam/flood en MP
14-07-17 01:07:33 [INFO] [OctoBans] iPurple_ punished craziix_eu for: Spam/flood en MP
14-07-17 01:08:20 [INFO] [OctoBans] MaacDoo punished mike_az for: Insulte
14-07-17 01:08:55 [INFO] [OctoBans] deeprodole sql checked, record: spammp by SnowEffect to -1
14-07-17 01:09:26 [INFO] [OctoBans] iPurple_ punished craziix_eu for: TpKill
14-07-17 01:10:06 [INFO] [OctoBans] fabio sql checked, record: spammp by Remil to -1
14-07-17 01:10:06 [INFO] [OctoBans] fabio sql checked, record: spammp by CreepyEagle to -1
14-07-17 01:10:34 [INFO] [OctoBans] LaKitaw punished zarshou for: Spam/flood
14-07-17 01:10:47 [INFO] [OctoBans] MaacDoo punished ayken for: Spam/flood
14-07-17 01:10:52 [INFO] [OctoBans] MaacDoo punished totoresto for: Spam/flood
14-07-17 01:11:07 [INFO] [OctoBans] MaacDoo punished loulou25 for: Spam/flood
14-07-17 01:12:57 [INFO] [OctoBans] iPurple_ punished lassa18 for: Spam/flood en MP
14-07-17 01:16:44 [INFO] [OctoBans] LaKitaw punished blc_frr_pvp for: Langage incorrect
14-07-17 01:18:36 [INFO] [OctoBans] LaKitaw punished shap_coc_2 for: Spam/flood
14-07-17 01:19:13 [INFO] [OctoBans] LaKitaw punished greenadvaaance for: Langage incorrect
14-07-17 01:19:46 [INFO] [OctoBans] TheBrioche13 punished mybitacos for: Majuscule
14-07-17 01:23:19 [INFO] [OctoBans] Antoine57565 punished pgm45 for: Double Poste
14-07-17 01:24:10 [INFO] [OctoBans] iPurple_ punished rpc_29 for: Double Poste
14-07-17 01:26:12 [INFO] [OctoBans] iPurple_ punished steaky for: Majuscule
14-07-17 01:27:13 [INFO] [OctoBans] iPurple_ punished guilou91 for: Double Poste
14-07-17 01:28:25 [INFO] [OctoBans] Antoine57565 punished craziix_eu for: Spam/flood
14-07-17 01:32:38 [INFO] [OctoBans] TheBrioche13 punished castiel for: Langage incorrect
14-07-17 01:42:08 [INFO] [OctoBans] Kyabe punished totototo11 for: Double Poste
14-07-17 01:44:58 [INFO] [OctoBans] MaacDoo punished goto_camus2 for: Provocation
14-07-17 01:44:58 [INFO] [OctoBans] Shainko punished xwakez for: Incitation au flood
14-07-17 01:52:14 [INFO] [OctoBans] Kyabe punished rpc_29 for: Majuscule
14-07-17 01:52:21 [INFO] [OctoBans] TheBrioche13 punished staillight for: Provocation
14-07-17 01:58:47 [INFO] [OctoBans] TheBrioche13 punished zyklon for: Double Poste
14-07-17 02:05:14 [INFO] [OctoBans] LaKitaw punished _ashbrooks_pvp for: Spam/flood
14-07-17 02:17:27 [INFO] [OctoBans] drbrine punished atlas04 for: Langage incorrect
14-07-17 02:18:47 [INFO] [OctoBans] tomcase14 sql checked, record: kickautre by Antoine57565 to -1
14-07-17 02:18:47 [INFO] [OctoBans] tomcase14 sql checked, record: kickautre by Antoine57565 to -1
14-07-17 02:26:16 [INFO] [OctoBans] TheBrioche13 punished rpc_29 for: Majuscule
14-07-17 02:26:28 [INFO] [OctoBans] yassir321 sql checked, record: spammp by PseudoNul to -1
14-07-17 02:36:01 [INFO] [OctoBans] drbrine punished dark_sea for: Double Poste
14-07-17 02:52:07 [INFO] [OctoBans] TheBrioche13 punished downyt for: Majuscule
14-07-17 02:52:28 [INFO] [OctoBans] LaKitaw punished downyt for: Provocation
14-07-17 02:54:23 [INFO] [OctoBans] TheBrioche13 punished fab94 for: Double Poste
14-07-17 02:54:51 [INFO] [OctoBans] drbrine punished tomcase14 for: Double Poste
14-07-17 02:57:27 [INFO] [OctoBans] MaacDoo punished yassir321 for: Double Poste
14-07-17 03:04:23 [INFO] [OctoBans] mrkebab sql checked, record: spammp by SuperJojo to -1
14-07-17 03:04:23 [INFO] [OctoBans] mrkebab sql checked, record: spammp by SuperJojo to -1
14-07-17 03:04:23 [INFO] [OctoBans] mrkebab sql checked, record: spammp by Remil to -1
14-07-17 03:11:59 [INFO] [OctoBans] iPurple_ punished pioupiou2003 for: Langage incorrect
14-07-17 03:18:06 [INFO] [OctoBans] mrkabab sql checked, record: spammp by Remil to -1
14-07-17 03:43:53 [INFO] [OctoBans] drbrine punished mrkabab for: Langage incorrect
14-07-17 03:57:59 [INFO] [OctoBans] MaacDoo punished by_fly for: Spam/flood
14-07-17 03:58:09 [INFO] [OctoBans] MaacDoo punished thedarkorb45 for: Insulte
14-07-17 04:05:22 [INFO] [OctoBans] drbrine punished blc_frr_pvp for: Insulte grave
14-07-17 04:08:44 [INFO] [OctoBans] drbrine punished armakiller for: Spam/flood
14-07-17 04:27:02 [INFO] [OctoBans] xeloman sql checked, record: spammp by SnowEffect to -1
14-07-17 04:27:43 [INFO] [OctoBans] produpvp sql checked, record: spammp by Remil to -1
14-07-17 05:06:06 [INFO] [OctoBans] bboy124 sql checked, record: incitationflood by Anzerti to 1500021785
14-07-17 06:01:03 [INFO] [OctoBans] Disabling OctoBans v1.0
