26-05-17 22:31:42 [INFO] [OctoBans] File Handler successfully initialized!
26-05-17 22:31:42 [INFO] [OctoBans] SQL connection successfully etablished
26-05-17 22:31:42 [INFO] [OctoBans] Moderator Tools by Octonia.
26-05-17 22:31:46 [INFO] [OctoBans] simplement sql checked, record: kickautre by ZerKup to -1
26-05-17 22:31:46 [INFO] [OctoBans] erisium_pala sql checked, record: spam by SuperJojo to 1495833163
26-05-17 22:31:46 [INFO] [OctoBans] fukoy2k sql checked, record: incitationflood by yolodu13 to 1495897483
26-05-17 22:31:46 [INFO] [OctoBans] maxencecraftytb sql checked, record: spammp by ZerKup to -1
26-05-17 22:31:46 [INFO] [OctoBans] maxencecraftytb sql checked, record: spam by SnowEffect to 1495831429
26-05-17 22:31:46 [INFO] [OctoBans] maxencecraftytb sql checked, record: homophobie by Remil to 1495914255
26-05-17 22:31:46 [INFO] [OctoBans] helder sql checked, record: faussesinfos by PseudoNul to 1495871054
26-05-17 22:31:50 [INFO] [OctoBans] ryan21 sql checked, record: incitationflood by ZerKup to 1495913003
26-05-17 22:31:50 [INFO] [OctoBans] apex_blam sql checked, record: spammp by YTB_XxKarnageXx to -1
26-05-17 22:31:50 [INFO] [OctoBans] lucas59261 sql checked, record: kickautre by ZerKup to -1
26-05-17 22:31:51 [INFO] [OctoBans] neversayno sql checked, record: spam by SuperJojo to 1495837851
26-05-17 22:31:51 [INFO] [OctoBans] tipi201 sql checked, record: kickautre by ZerKup to -1
26-05-17 22:31:53 [INFO] [OctoBans] lepetitroll sql checked, record: doubleposte by YTB_XxKarnageXx to 1495830814
26-05-17 22:31:56 [INFO] [OctoBans] toly_ sql checked, record: insultegrave by SuperJojo to 1495841392
26-05-17 22:31:58 [INFO] [OctoBans] mantisgta10 sql checked, record: doubleposte by SuperJojo to 1495830942
26-05-17 22:32:15 [INFO] [OctoBans] sacha33340 sql checked, record: spam by SuperJojo to 1495834040
26-05-17 22:32:26 [INFO] [OctoBans] ew3l sql checked, record: spammp by SnowEffect to -1
26-05-17 22:32:34 [INFO] [OctoBans] paulin009 sql checked, record: spam by SuperJojo to 1495832903
26-05-17 22:32:41 [INFO] [OctoBans] lassa18 sql checked, record: spammp by Remil to -1
26-05-17 22:32:49 [INFO] [OctoBans] thewortex sql checked, record: faussesinfos by D3adOrSnipSurYTB to 1495841037
26-05-17 22:32:49 [INFO] [OctoBans] thewortex sql checked, record: tpkill by Remil to 1495841071
26-05-17 22:33:38 [INFO] [OctoBans] wiitrokz_ sql checked, record: incitationflood by SnowEffect to 1495910444
26-05-17 22:34:03 [INFO] [OctoBans] mini_cookies sql checked, record: faussesinfos by SuperJojo to 1495912573
26-05-17 22:34:17 [INFO] [OctoBans] poseycanapey sql checked, record: racism by D3adOrSnipSurYTB to 1495834831
26-05-17 22:34:46 [INFO] [OctoBans] YTB_XxKarnageXx punished lightcraft200 for: Double Poste
26-05-17 22:36:29 [INFO] [OctoBans] D3adOrSnipSurYTB punished kayzevii_ for: Langage incorrect
26-05-17 22:39:13 [INFO] [OctoBans] SuperJojo punished tsuniki_ for: Double Poste
26-05-17 22:41:56 [INFO] [OctoBans] famousxray sql checked, record: menacehack by Remil to 1496065754
26-05-17 22:42:52 [INFO] [OctoBans] Remil punished zrk_warthog for: Spam/flood en MP
26-05-17 22:42:58 [INFO] [OctoBans] Remil punished liltossman41 for: Spam/flood en MP
26-05-17 22:43:11 [INFO] [OctoBans] SuperJojo punished by_fayth for: Spam/flood
26-05-17 22:46:51 [INFO] [OctoBans] initrii sql checked, record: faussesinfos by Steph078 to 1495833978
26-05-17 22:51:05 [INFO] [OctoBans] YTB_XxKarnageXx punished fanatyx for: Double Poste
26-05-17 22:53:46 [INFO] [OctoBans] D3adOrSnipSurYTB punished fanatyx for: Double Poste
26-05-17 22:57:12 [INFO] [OctoBans] SuperJojo punished wokui for: Majuscule
26-05-17 23:00:49 [INFO] [OctoBans] YTB_XxKarnageXx punished skiltug for: Majuscule
26-05-17 23:02:38 [INFO] [OctoBans] YTB_XxKarnageXx punished jojofaitdugaming for: Double Poste
26-05-17 23:08:35 [INFO] [OctoBans] D3adOrSnipSurYTB punished hayden_frost for: Double Poste
26-05-17 23:08:42 [INFO] [OctoBans] captainenergy sql checked, record: spammp by Remil to -1
26-05-17 23:15:14 [INFO] [OctoBans] YTB_XxKarnageXx punished hayden_frost for: Insulte staff
26-05-17 23:17:00 [INFO] [OctoBans] YTB_XxKarnageXx punished zebosse for: Insulte
26-05-17 23:17:05 [INFO] [OctoBans] zebosse sql checked, record: insulte by YTB_XxKarnageXx to 1495836120
26-05-17 23:17:17 [INFO] [OctoBans] _dragibus_ sql checked, record: spammp by Remil to -1
26-05-17 23:20:52 [INFO] [OctoBans] SkyKosIV punished akamistu for: Majuscule
26-05-17 23:21:14 [INFO] [OctoBans] ZerKup punished akamistu for: TpKill
26-05-17 23:21:19 [INFO] [OctoBans] killmaster09 sql checked, record: faussesinfos by Antoine57565 to 1495884784
26-05-17 23:21:42 [INFO] [OctoBans] SuperJojo punished bysnowy_ for: Spam/flood
26-05-17 23:21:54 [INFO] [OctoBans] Remil punished _dragibus_ for: Spam/flood en MP
26-05-17 23:23:10 [INFO] [OctoBans] akamistu sql checked, record: majuscule by SkyKosIV to 1495834252
26-05-17 23:23:10 [INFO] [OctoBans] akamistu sql checked, record: tpkill by ZerKup to 1495920074
26-05-17 23:23:19 [INFO] [OctoBans] akamistu sql checked, record: majuscule by SkyKosIV to 1495834252
26-05-17 23:23:19 [INFO] [OctoBans] akamistu sql checked, record: tpkill by ZerKup to 1495920074
26-05-17 23:24:20 [INFO] [OctoBans] YTB_XxKarnageXx punished elevator for: Double Poste
26-05-17 23:24:30 [INFO] [OctoBans] YTB_XxKarnageXx punished dragongaming for: Double Poste
26-05-17 23:24:46 [INFO] [OctoBans] YTB_XxKarnageXx punished pandazzz for: Langage incorrect
26-05-17 23:28:09 [INFO] [OctoBans] Remil punished skyizi91 for: Double Poste
26-05-17 23:35:13 [INFO] [OctoBans] YTB_XxKarnageXx punished rockyy for: Double Poste
26-05-17 23:36:05 [INFO] [OctoBans] SuperJojo punished antho_multi for: Double Poste
26-05-17 23:37:06 [INFO] [OctoBans] Remil punished ramiemeraude for: Majuscule
26-05-17 23:37:21 [INFO] [OctoBans] Remil punished misterfreeze for: Insulte staff
26-05-17 23:44:32 [INFO] [OctoBans] SuperJojo punished mgk_tozzzz for: Spam/flood
26-05-17 23:44:56 [INFO] [OctoBans] YTB_XxKarnageXx punished ethan171277 for: Spam/flood
26-05-17 23:46:14 [INFO] [OctoBans] Remil punished sheipegaming for: Double Poste
26-05-17 23:47:48 [INFO] [OctoBans] YTB_XxKarnageXx punished ext4zzy for: Provocation
26-05-17 23:47:48 [INFO] [OctoBans] SuperJojo punished sportek_ for: Double Poste
26-05-17 23:49:56 [INFO] [OctoBans] YTB_XxKarnageXx punished mabilou29 for: Spam/flood
26-05-17 23:51:44 [INFO] [OctoBans] YTB_XxKarnageXx punished xeloman for: Double Poste
26-05-17 23:52:26 [INFO] [OctoBans] SkyKosIV punished pvpking17 for: Incitation au flood
26-05-17 23:52:30 [INFO] [OctoBans] YTB_XxKarnageXx punished modzg for: Double Poste
26-05-17 23:52:33 [INFO] [OctoBans] YTB_XxKarnageXx punished mainoff67 for: Spam/flood
26-05-17 23:52:38 [INFO] [OctoBans] SkyKosIV punished rockyy for: Majuscule
26-05-17 23:54:14 [INFO] [OctoBans] YTB_XxKarnageXx punished pvp_thibaut_pvp for: Double Poste
26-05-17 23:54:42 [INFO] [OctoBans] SkyKosIV punished tyt_tress_tyt for: Majuscule
26-05-17 23:56:33 [INFO] [OctoBans] YTB_XxKarnageXx punished neoxfurry for: Double Poste
26-05-17 23:57:19 [INFO] [OctoBans] SkyKosIV punished sportek_ for: Spam/flood en MP
26-05-17 23:59:08 [INFO] [OctoBans] SkyKosIV punished pvpking17 for: Menace de hack
27-05-17 00:01:57 [INFO] [OctoBans] pvpking17 sql checked, record: incitationflood by SkyKosIV to 1495921946
27-05-17 00:01:57 [INFO] [OctoBans] pvpking17 sql checked, record: menacehack by SkyKosIV to 1496095148
27-05-17 00:02:09 [INFO] [OctoBans] SkyKosIV punished pvpfarmeur for: Spam/flood
27-05-17 00:02:22 [INFO] [OctoBans] YTB_XxKarnageXx punished loicp for: Spam/flood
27-05-17 00:06:02 [INFO] [OctoBans] YTB_XxKarnageXx punished homosapiens_ for: Fausses informations
27-05-17 00:06:10 [INFO] [OctoBans] YTB_XxKarnageXx punished mehdi1 for: Fausses informations
27-05-17 00:07:00 [INFO] [OctoBans] YTB_XxKarnageXx punished badyan97 for: Majuscule
27-05-17 00:07:36 [INFO] [OctoBans] YTB_XxKarnageXx punished crimoz91 for: Spam/flood
27-05-17 00:09:40 [INFO] [OctoBans] YTB_XxKarnageXx punished erinoxlx for: Majuscule
27-05-17 00:11:20 [INFO] [OctoBans] D3adOrSnipSurYTB punished gmerpsiko for: Publicité Youtubeur
27-05-17 00:11:45 [INFO] [OctoBans] Remil punished gmerpsiko for: Menace de hack
27-05-17 00:14:17 [INFO] [OctoBans] YTB_XxKarnageXx punished zbeubz for: Spam /f open
27-05-17 00:15:05 [INFO] [OctoBans] Remil punished ramex for: Double Poste
27-05-17 00:20:54 [INFO] [OctoBans] YTB_XxKarnageXx punished winningyt for: Provocation
27-05-17 00:23:46 [INFO] [OctoBans] zlKayzen punished ramiemeraude for: Spam/flood
27-05-17 00:25:13 [INFO] [OctoBans] YTB_XxKarnageXx punished ramex for: Double Poste
27-05-17 00:28:38 [INFO] [OctoBans] Remil punished ext4zzy for: Langage incorrect
27-05-17 00:29:35 [INFO] [OctoBans] YTB_XxKarnageXx punished _hello_kitty for: Double Poste
27-05-17 00:34:43 [INFO] [OctoBans] YTB_XxKarnageXx punished vendeur2tacos for: Spam/flood
27-05-17 00:35:22 [INFO] [OctoBans] SkyKosIV punished vendeur2kebab for: Spam/flood
27-05-17 00:35:42 [INFO] [OctoBans] SkyKosIV punished vendeur2kebab for: Incitation au flood
27-05-17 00:37:27 [INFO] [OctoBans] SkyKosIV punished theoklm57 for: Provocation
27-05-17 00:37:32 [INFO] [OctoBans] Remil punished colormodz59220 for: Double Poste
27-05-17 00:37:57 [INFO] [OctoBans] YTB_XxKarnageXx punished ax_loganledozo for: Provocation
27-05-17 00:38:58 [INFO] [OctoBans] SkyKosIV punished drkiritoz_ for: Spam/flood en MP
27-05-17 00:41:03 [INFO] [OctoBans] YTB_XxKarnageXx punished dragongaming for: Double Poste
27-05-17 00:42:46 [INFO] [OctoBans] YTB_XxKarnageXx punished dogu for: Double Poste
27-05-17 00:43:54 [INFO] [OctoBans] SkyKosIV punished sam_ytb for: Double Poste
27-05-17 00:44:02 [INFO] [OctoBans] YTB_XxKarnageXx punished colormodz59220 for: Majuscule
27-05-17 00:48:10 [INFO] [OctoBans] YTB_XxKarnageXx punished skyizi91 for: Majuscule
27-05-17 00:50:28 [INFO] [OctoBans] YTB_XxKarnageXx punished icesword for: Majuscule
27-05-17 00:53:52 [INFO] [OctoBans] YTB_XxKarnageXx punished jegive75 for: Insulte grave
27-05-17 00:54:12 [INFO] [OctoBans] zlKayzen punished diilan2003 for: Double Poste
27-05-17 00:54:29 [INFO] [OctoBans] Dixlou punished ax_loganledozo for: Racisme
27-05-17 00:59:24 [INFO] [OctoBans] Remil punished xdiablox for: Provocation
27-05-17 01:05:35 [INFO] [OctoBans] YTB_XxKarnageXx punished singe_de_telfort for: Double Poste
27-05-17 01:06:22 [INFO] [OctoBans] SuperJojo punished strikewail for: Langage incorrect
27-05-17 01:10:37 [INFO] [OctoBans] gotag23 sql checked, record: incitationflood by ZerKup to 1495870717
27-05-17 01:25:48 [INFO] [OctoBans] YTB_XxKarnageXx punished strikewail for: Langage incorrect
27-05-17 01:28:51 [INFO] [OctoBans] SuperJojo punished xx_appoleon for: Double Poste
27-05-17 01:29:45 [INFO] [OctoBans] SuperJojo punished ryd3rtvv0x for: Double Poste
27-05-17 01:40:04 [INFO] [OctoBans] SuperJojo punished keen0x for: Majuscule
27-05-17 01:42:05 [INFO] [OctoBans] SuperJojo punished marco_0 for: Double Poste
27-05-17 01:52:01 [INFO] [OctoBans] UniTyGamesRZ punished keen0x for: Double Poste
27-05-17 01:52:13 [INFO] [OctoBans] UniTyGamesRZ punished nevertk for: Majuscule
27-05-17 01:52:21 [INFO] [OctoBans] cheko sql checked, record: faussesinfos by PseudoNul to 1495914772
27-05-17 01:56:38 [INFO] [OctoBans] creed_2 sql checked, record: spammp by YTB_XxKarnageXx to -1
27-05-17 02:01:54 [INFO] [OctoBans] SkyKosIV punished etienne068 for: Double Poste
27-05-17 02:05:40 [INFO] [OctoBans] SuperJojo punished mineur27 for: Double Poste
27-05-17 02:10:08 [INFO] [OctoBans] SkyKosIV punished unitygamesrz for: Spam/flood en MP
27-05-17 02:10:12 [INFO] [OctoBans] SkyKosIV punished superjojo for: Spam/flood en MP
27-05-17 02:11:33 [INFO] [OctoBans] wardinq_ sql checked, record: spammp by YTB_XxKarnageXx to -1
27-05-17 02:13:52 [INFO] [OctoBans] SuperJojo punished winningyt for: Insulte grave
27-05-17 02:16:02 [INFO] [OctoBans] YTB_XxKarnageXx punished aparia for: Provocation
27-05-17 02:16:21 [INFO] [OctoBans] SkyKosIV punished ramex for: Double Poste
27-05-17 02:19:01 [INFO] [OctoBans] UniTyGamesRZ punished liltossman41 for: Double Poste
27-05-17 02:22:08 [INFO] [OctoBans] YTB_XxKarnageXx punished couilledeloup for: Langage incorrect
27-05-17 02:24:14 [INFO] [OctoBans] YTB_XxKarnageXx punished captainenergy for: Majuscule
27-05-17 02:25:30 [INFO] [OctoBans] YTB_XxKarnageXx punished strikewail for: Majuscule
27-05-17 02:26:11 [INFO] [OctoBans] YTB_XxKarnageXx punished gradux for: Double Poste
27-05-17 02:27:56 [INFO] [OctoBans] zlKayzen punished da_fail_troll for: Majuscule
27-05-17 02:28:05 [INFO] [OctoBans] YTB_XxKarnageXx punished gismo2806 for: Provocation
27-05-17 02:29:27 [INFO] [OctoBans] YTB_XxKarnageXx punished liltossman41 for: Double Poste
27-05-17 02:34:51 [INFO] [OctoBans] UniTyGamesRZ punished legendaire_troll for: Double Poste
27-05-17 02:37:22 [INFO] [OctoBans] YTB_XxKarnageXx punished nezalgaming for: Insulte grave
27-05-17 02:41:46 [INFO] [OctoBans] UniTyGamesRZ punished strikewail for: Double Poste
27-05-17 02:42:00 [INFO] [OctoBans] hayden_frost sql checked, record: insultestaff by YTB_XxKarnageXx to 1495869314
27-05-17 02:46:19 [INFO] [OctoBans] zlKayzen punished guezmann for: Langage incorrect
27-05-17 02:47:05 [INFO] [OctoBans] YTB_XxKarnageXx punished strikewail for: Insulte staff
27-05-17 02:51:04 [INFO] [OctoBans] YTB_XxKarnageXx punished _propvp_ for: Double Poste
27-05-17 02:51:21 [INFO] [OctoBans] YTB_XxKarnageXx punished toly_ for: Langage incorrect
27-05-17 02:55:21 [INFO] [OctoBans] SuperJojo punished aparia for: Double Poste
27-05-17 02:58:05 [INFO] [OctoBans] SuperJojo punished guezmann for: Provocation
27-05-17 02:58:09 [INFO] [OctoBans] SuperJojo punished captainenergy for: Spam/flood
27-05-17 02:59:15 [INFO] [OctoBans] UniTyGamesRZ punished toly_ for: Provocation
27-05-17 03:03:31 [INFO] [OctoBans] UniTyGamesRZ punished toly_ for: Insulte staff
27-05-17 03:03:52 [INFO] [OctoBans] SuperJojo punished snykers for: Incitation au flood
27-05-17 03:04:36 [INFO] [OctoBans] SuperJojo punished snykers for: Insulte staff
27-05-17 03:04:47 [INFO] [OctoBans] snykers sql checked, record: incitationflood by SuperJojo to 1495933432
27-05-17 03:04:47 [INFO] [OctoBans] snykers sql checked, record: insultestaff by SuperJojo to 1495883076
27-05-17 03:13:17 [INFO] [OctoBans] SuperJojo punished akselop_ for: Majuscule
27-05-17 03:14:08 [INFO] [OctoBans] SuperJojo punished xxmrenderman6xx for: Majuscule
27-05-17 03:29:29 [INFO] [OctoBans] SuperJojo punished gismo2806 for: Double Poste
27-05-17 03:29:50 [INFO] [OctoBans] SuperJojo punished gismo2806 for: Spam/flood
27-05-17 03:30:04 [INFO] [OctoBans] SuperJojo punished etienne068 for: Langage incorrect
27-05-17 03:30:49 [INFO] [OctoBans] SuperJojo punished n45trol for: Provocation
27-05-17 03:31:39 [INFO] [OctoBans] SuperJojo punished skorte2 for: Spam/flood
27-05-17 03:39:32 [INFO] [OctoBans] Dixlou punished aparia for: Provocation
27-05-17 03:46:18 [INFO] [OctoBans] SuperJojo punished antho92 for: Langage incorrect
27-05-17 03:55:15 [INFO] [OctoBans] SuperJojo punished angellika for: Spam/flood
27-05-17 04:44:49 [INFO] [OctoBans] Steph078 punished _hello_kitty for: Spam/flood en MP
27-05-17 04:46:12 [INFO] [OctoBans] UniTyGamesRZ punished n45trol for: Double Poste
27-05-17 04:55:09 [INFO] [OctoBans] UniTyGamesRZ punished n45trol for: Insulte
27-05-17 06:01:02 [INFO] [OctoBans] Disabling OctoBans v1.0
