25-06-17 22:31:43 [INFO] [OctoBans] File Handler successfully initialized!
25-06-17 22:31:43 [INFO] [OctoBans] SQL connection successfully etablished
25-06-17 22:31:43 [INFO] [OctoBans] Moderator Tools by Octonia.
25-06-17 22:31:47 [INFO] [OctoBans] _dragibus_ sql checked, record: spammp by Remil to -1
25-06-17 22:31:47 [INFO] [OctoBans] _dragibus_ sql checked, record: spammp by Remil to -1
25-06-17 22:31:47 [INFO] [OctoBans] _dragibus_ sql checked, record: spammp by Remil to -1
25-06-17 22:31:47 [INFO] [OctoBans] _dragibus_ sql checked, record: spammp by Remil to -1
25-06-17 22:31:47 [INFO] [OctoBans] _dragibus_ sql checked, record: spammp by Remil to -1
25-06-17 22:31:47 [INFO] [OctoBans] _dragibus_ sql checked, record: spammp by Remil to -1
25-06-17 22:31:47 [INFO] [OctoBans] _dragibus_ sql checked, record: spammp by Remil to -1
25-06-17 22:31:47 [INFO] [OctoBans] _dragibus_ sql checked, record: spammp by Remil to -1
25-06-17 22:31:47 [INFO] [OctoBans] _dragibus_ sql checked, record: spammp by Remil to -1
25-06-17 22:31:47 [INFO] [OctoBans] _dragibus_ sql checked, record: spammp by Remil to -1
25-06-17 22:31:47 [INFO] [OctoBans] _dragibus_ sql checked, record: spammp by Remil to -1
25-06-17 22:31:47 [INFO] [OctoBans] _dragibus_ sql checked, record: spammp by Remil to -1
25-06-17 22:31:47 [INFO] [OctoBans] jojofaitdugaming sql checked, record: spammp by SuperJojo to -1
25-06-17 22:31:47 [INFO] [OctoBans] zuck sql checked, record: spammp by Remil to -1
25-06-17 22:31:47 [INFO] [OctoBans] wardogz_59 sql checked, record: incitationflood by Steph078 to 1498427534
25-06-17 22:31:47 [INFO] [OctoBans] arcz058 sql checked, record: spammp by Remil to -1
25-06-17 22:31:47 [INFO] [OctoBans] lefifoudu3 sql checked, record: spammp by SuperJojo to -1
25-06-17 22:31:47 [INFO] [OctoBans] lefifoudu3 sql checked, record: insultestaff by Forway to 1498492831
25-06-17 22:31:47 [INFO] [OctoBans] lefifoudu3 sql checked, record: insultegrave by Forway to 1498528856
25-06-17 22:31:47 [INFO] [OctoBans] scorpmanskill sql checked, record: spammp by Remil to -1
25-06-17 22:31:47 [INFO] [OctoBans] yaya13warrior sql checked, record: spammp by PseudoNul to -1
25-06-17 22:31:47 [INFO] [OctoBans] artinikz sql checked, record: majuscule by SuperJojo to 1498422935
25-06-17 22:31:47 [INFO] [OctoBans] link750 sql checked, record: incitationflood by DEEProdole to 1498496064
25-06-17 22:31:47 [INFO] [OctoBans] pvp_thibaut_pvp sql checked, record: spammp by SuperJojo to -1
25-06-17 22:31:47 [INFO] [OctoBans] thekillervaca sql checked, record: spammp by SuperJojo to -1
25-06-17 22:31:47 [INFO] [OctoBans] lolo76200 sql checked, record: spammp by PseudoNul to -1
25-06-17 22:31:47 [INFO] [OctoBans] lolo76200 sql checked, record: spammp by SuperJojo to -1
25-06-17 22:31:47 [INFO] [OctoBans] superfilleciel sql checked, record: spammp by Theo97 to -1
25-06-17 22:31:47 [INFO] [OctoBans] superfilleciel sql checked, record: spammp by Remil to -1
25-06-17 22:31:47 [INFO] [OctoBans] superfilleciel sql checked, record: spammp by Remil to -1
25-06-17 22:31:47 [INFO] [OctoBans] goto_camus sql checked, record: spammp by SuperJojo to -1
25-06-17 22:31:47 [INFO] [OctoBans] biguiboss31 sql checked, record: spammp by PseudoNul to -1
25-06-17 22:31:47 [INFO] [OctoBans] biguiboss31 sql checked, record: spammp by Remil to -1
25-06-17 22:31:47 [INFO] [OctoBans] zarconia sql checked, record: spammp by SuperJojo to -1
25-06-17 22:31:51 [INFO] [OctoBans] thebrioche13 sql checked, record: spammp by Remil to -1
25-06-17 22:31:51 [INFO] [OctoBans] thebrioche13 sql checked, record: spammp by SkyKosIV to -1
25-06-17 22:31:52 [INFO] [OctoBans] nicerush sql checked, record: spammp by YTB_XxKarnageXx to -1
25-06-17 22:31:52 [INFO] [OctoBans] nicerush sql checked, record: spammp by PseudoNul to -1
25-06-17 22:31:52 [INFO] [OctoBans] nicerush sql checked, record: insultegrave by Forway to 1498468943
25-06-17 22:31:53 [INFO] [OctoBans] nizox sql checked, record: insultegrave by woimant to 1498454403
25-06-17 22:31:55 [INFO] [OctoBans] wortexgaming sql checked, record: spammp by PseudoNul to -1
25-06-17 22:31:57 [INFO] [OctoBans] steph078 sql checked, record: spammp by SuperJojo to -1
25-06-17 22:31:58 [INFO] [OctoBans] canardveloce sql checked, record: spam by JustMySkill to 1498429411
25-06-17 22:31:59 [INFO] [OctoBans] hawai sql checked, record: langage by Gamer09 to 1498424758
25-06-17 22:32:00 [INFO] [OctoBans] univerzkerror sql checked, record: incitationflood by DEEProdole to 1498436097
25-06-17 22:32:00 [INFO] [OctoBans] univerzkerror sql checked, record: insultegrave by _NeXon_ to 1498485403
25-06-17 22:32:00 [INFO] [OctoBans] gamerthug sql checked, record: spammp by Remil to -1
25-06-17 22:32:02 [INFO] [OctoBans] zkingrage sql checked, record: spammp by PseudoNul to -1
25-06-17 22:32:02 [INFO] [OctoBans] zkingrage sql checked, record: spammp by PseudoNul to -1
25-06-17 22:32:02 [INFO] [OctoBans] zkingrage sql checked, record: spammp by SuperJojo to -1
25-06-17 22:32:02 [INFO] [OctoBans] zkingrage sql checked, record: spam by SuperJojo to 1498427720
25-06-17 22:32:03 [INFO] [OctoBans] kille sql checked, record: spam by Forway to 1498427838
25-06-17 22:32:04 [INFO] [OctoBans] itz_smokew33d sql checked, record: spammp by Remil to -1
25-06-17 22:32:04 [INFO] [OctoBans] klysh_s sql checked, record: faussesinfos by Forway to 1498508703
25-06-17 22:32:06 [INFO] [OctoBans] _hello_kitty sql checked, record: spammp by SuperJojo to -1
25-06-17 22:32:07 [INFO] [OctoBans] gismo2806 sql checked, record: insultegrave by SuperJojo to 1498631159
25-06-17 22:32:07 [INFO] [OctoBans] superjojo sql checked, record: spammp by SkyKosIV to -1
25-06-17 22:32:07 [INFO] [OctoBans] superjojo sql checked, record: spammp by Blubfire to -1
25-06-17 22:32:10 [INFO] [OctoBans] JustMySkill punished clem010 for: Double Poste
25-06-17 22:32:16 [INFO] [OctoBans] aldorbest sql checked, record: kickautre by Steph078 to -1
25-06-17 22:32:20 [INFO] [OctoBans] lolpigman sql checked, record: spammp by SnowEffect to -1
25-06-17 22:32:20 [INFO] [OctoBans] lolpigman sql checked, record: spammp by skhey to -1
25-06-17 22:32:21 [INFO] [OctoBans] denis018 sql checked, record: spammp by Remil to -1
25-06-17 22:32:32 [INFO] [OctoBans] dowzer sql checked, record: incitationflood by _NeXon_ to 1498502811
25-06-17 22:32:40 [INFO] [OctoBans] tipi201 sql checked, record: kickautre by ZerKup to -1
25-06-17 22:33:11 [INFO] [OctoBans] jibuse sql checked, record: majuscule by Remil to 1498422829
25-06-17 22:33:17 [INFO] [OctoBans] mr_darkgame sql checked, record: spammp by PseudoNul to -1
25-06-17 22:33:40 [INFO] [OctoBans] mr_spontexx sql checked, record: incitationflood by JustMySkill to 1498486633
25-06-17 22:35:34 [INFO] [OctoBans] shimo_ sql checked, record: insultestaff by Remil to 1498443385
25-06-17 22:35:34 [INFO] [OctoBans] shimo_ sql checked, record: insultegrave by SuperJojo to 1498529795
25-06-17 22:35:44 [INFO] [OctoBans] woimant punished dragonfou21 for: Langage incorrect
25-06-17 22:36:04 [INFO] [OctoBans] tifou_fou sql checked, record: spammp by SkyKosIV to -1
25-06-17 22:36:40 [INFO] [OctoBans] woimant punished dragonfou21 for: Insulte staff
25-06-17 22:36:43 [INFO] [OctoBans] onlinepgm sql checked, record: spammp by PseudoNul to -1
25-06-17 22:37:41 [INFO] [OctoBans] erinoxlx sql checked, record: kickautre by Steph078 to -1
25-06-17 22:38:45 [INFO] [OctoBans] Forway punished darkgames5962 for: Insulte staff
25-06-17 22:40:41 [INFO] [OctoBans] Forway punished pulse50 for: Publicité Youtubeur
25-06-17 22:41:16 [INFO] [OctoBans] SuperJojo punished azadpro for: Insulte grave
25-06-17 22:43:31 [INFO] [OctoBans] zayrozz sql checked, record: spammp by Remil to -1
25-06-17 22:46:01 [INFO] [OctoBans] JustMySkill punished w_t_warior for: Double Poste
25-06-17 22:46:31 [INFO] [OctoBans] _NeXon_ punished aldorbest for: Fausses informations
25-06-17 22:51:38 [INFO] [OctoBans] Steph078 punished djadenne for: Insulte staff
25-06-17 22:54:01 [INFO] [OctoBans] Remil punished killer64 for: Majuscule
25-06-17 22:56:26 [INFO] [OctoBans] SuperJojo punished untara for: Double Poste
25-06-17 23:00:03 [INFO] [OctoBans] SuperJojo punished dawkh for: Double Poste
25-06-17 23:02:00 [INFO] [OctoBans] enjoymycombo sql checked, record: spammp by SnowEffect to -1
25-06-17 23:02:08 [INFO] [OctoBans] oow_ll sql checked, record: spammp by SkyKosIV to -1
25-06-17 23:03:51 [INFO] [OctoBans] diablotin sql checked, record: spammp by SuperJojo to -1
25-06-17 23:04:07 [INFO] [OctoBans] SuperJojo punished denis018 for: Double Poste
25-06-17 23:05:14 [INFO] [OctoBans] JustMySkill punished dawkh for: Provocation
25-06-17 23:08:12 [INFO] [OctoBans] JustMySkill punished dawkh for: Insulte légère
25-06-17 23:09:27 [INFO] [OctoBans] Remil punished sasa3000 for: Insulte grave
25-06-17 23:09:50 [INFO] [OctoBans] karimospvp sql checked, record: spammp by YTB_XxKarnageXx to -1
25-06-17 23:10:24 [INFO] [OctoBans] weesley sql checked, record: spammp by YTB_XxKarnageXx to -1
25-06-17 23:10:24 [INFO] [OctoBans] weesley sql checked, record: spammp by ZerKup to -1
25-06-17 23:10:24 [INFO] [OctoBans] weesley sql checked, record: spammp by Remil to -1
25-06-17 23:10:25 [INFO] [OctoBans] youpiize07 sql checked, record: spammp by Remil to -1
25-06-17 23:10:52 [INFO] [OctoBans] woimant punished itsrecktom for: Double Poste
25-06-17 23:11:27 [INFO] [OctoBans] juldestructeur sql checked, record: spammp by PseudoNul to -1
25-06-17 23:11:27 [INFO] [OctoBans] juldestructeur sql checked, record: spammp by PseudoNul to -1
25-06-17 23:13:01 [INFO] [OctoBans] SuperJojo punished im_back_negro for: Spam/flood
25-06-17 23:14:01 [INFO] [OctoBans] badounoux sql checked, record: spammp by ZerKup to -1
25-06-17 23:14:33 [INFO] [OctoBans] allanyolo sql checked, record: spammp by PseudoNul to -1
25-06-17 23:14:34 [INFO] [OctoBans] woimant punished thekillervaca for: Double Poste
25-06-17 23:14:36 [INFO] [OctoBans] _NeXon_ punished hikayt for: Insulte
25-06-17 23:17:06 [INFO] [OctoBans] _NeXon_ punished misterkninj for: Majuscule
25-06-17 23:17:38 [INFO] [OctoBans] _NeXon_ punished xnero for: Provocation
25-06-17 23:18:37 [INFO] [OctoBans] woimant punished ryty_derz for: Double Poste
25-06-17 23:19:04 [INFO] [OctoBans] _NeXon_ punished emma888b for: Incitation au flood
25-06-17 23:23:38 [INFO] [OctoBans] hikayt sql checked, record: insulte by _NeXon_ to 1498427976
25-06-17 23:23:39 [INFO] [OctoBans] hikayt sql checked, record: insulte by _NeXon_ to 1498427976
25-06-17 23:23:41 [INFO] [OctoBans] hikayt sql checked, record: insulte by _NeXon_ to 1498427976
25-06-17 23:25:24 [INFO] [OctoBans] woimant punished ktm125sx for: Double Poste
25-06-17 23:28:03 [INFO] [OctoBans] whiskass sql checked, record: spammp by SuperJojo to -1
25-06-17 23:28:37 [INFO] [OctoBans] ryty_derz sql checked, record: doubleposte by woimant to 1498426717
25-06-17 23:29:30 [INFO] [OctoBans] woimant punished masterdylan for: Double Poste
25-06-17 23:30:37 [INFO] [OctoBans] woimant punished lololaclarinette for: Publicité Youtubeur
25-06-17 23:34:04 [INFO] [OctoBans] woimant punished white_13 for: Insulte
25-06-17 23:34:47 [INFO] [OctoBans] swiftstay sql checked, record: spammp by Remil to -1
25-06-17 23:34:47 [INFO] [OctoBans] swiftstay sql checked, record: spammp by Remil to -1
25-06-17 23:37:35 [INFO] [OctoBans] shetters sql checked, record: spammp by PseudoNul to -1
25-06-17 23:37:51 [INFO] [OctoBans] neoxgaming sql checked, record: insultestaff by Forway to 1498478909
25-06-17 23:37:51 [INFO] [OctoBans] neoxgaming sql checked, record: insultestaff by Forway to 1498514930
25-06-17 23:37:51 [INFO] [OctoBans] neoxgaming sql checked, record: insultestaff by Forway to 1498550950
25-06-17 23:37:51 [INFO] [OctoBans] neoxgaming sql checked, record: spammp by PseudoNul to -1
25-06-17 23:38:43 [INFO] [OctoBans] DEEProdole punished jenmidukilleur for: Double Poste
25-06-17 23:42:19 [INFO] [OctoBans] woimant punished karimospvp for: Double Poste
25-06-17 23:45:32 [INFO] [OctoBans] woimant punished joting for: Double Poste
25-06-17 23:49:33 [INFO] [OctoBans] DEEProdole punished tilex for: Spam/flood
25-06-17 23:49:43 [INFO] [OctoBans] celticevan95 sql checked, record: spammp by SnowEffect to -1
25-06-17 23:51:16 [INFO] [OctoBans] Remil punished az0kgaming for: Majuscule
25-06-17 23:54:30 [INFO] [OctoBans] stickfly sql checked, record: spammp by SnowEffect to -1
25-06-17 23:55:19 [INFO] [OctoBans] ruth_skwiz sql checked, record: spammp by Remil to -1
25-06-17 23:55:39 [INFO] [OctoBans] etienne068 sql checked, record: spammp by ZerKup to -1
25-06-17 23:56:53 [INFO] [OctoBans] ray54 sql checked, record: spammp by SuperJojo to -1
25-06-17 23:56:53 [INFO] [OctoBans] SuperJojo punished thebrioche13 for: Majuscule
25-06-17 23:57:02 [INFO] [OctoBans] Remil punished volterr for: Insulte grave
26-06-17 00:03:15 [INFO] [OctoBans] Gamer09 punished dygisytb for: Spam/flood
26-06-17 00:04:28 [INFO] [OctoBans] alberic sql checked, record: spammp by Remil to -1
26-06-17 00:10:37 [INFO] [OctoBans] toly_ sql checked, record: spammp by PseudoNul to -1
26-06-17 00:10:37 [INFO] [OctoBans] toly_ sql checked, record: spammp by PseudoNul to -1
26-06-17 00:10:37 [INFO] [OctoBans] toly_ sql checked, record: spammp by Remil to -1
26-06-17 00:10:37 [INFO] [OctoBans] toly_ sql checked, record: insultestaff by SuperJojo to 1498777057
26-06-17 00:14:38 [INFO] [OctoBans] razor3773 sql checked, record: incitationflood by YTB_XxKarnageXx to 1498502605
26-06-17 00:20:32 [INFO] [OctoBans] stonewolf sql checked, record: spammp by SuperJojo to -1
26-06-17 00:20:48 [INFO] [OctoBans] Gamer09 punished vendeur2kebab for: Spam/flood
26-06-17 00:21:01 [INFO] [OctoBans] blackwhite010 sql checked, record: spammp by PseudoNul to -1
26-06-17 00:23:51 [INFO] [OctoBans] v0rtexneokilleur sql checked, record: spammp by YTB_XxKarnageXx to -1
26-06-17 00:32:05 [INFO] [OctoBans] _NeXon_ punished blackoung06 for: Insulte staff
26-06-17 00:34:02 [INFO] [OctoBans] blackzik_ sql checked, record: spammp by PseudoNul to -1
26-06-17 00:40:25 [INFO] [OctoBans] xboymax sql checked, record: insultegrave by YTB_XxKarnageXx to 1498457606
26-06-17 00:57:09 [INFO] [OctoBans] shimo_ sql checked, record: insultestaff by Remil to 1498443385
26-06-17 00:57:09 [INFO] [OctoBans] shimo_ sql checked, record: insultegrave by SuperJojo to 1498529795
26-06-17 00:57:09 [INFO] [OctoBans] shimo_ sql checked, record: insulte by Shimo_ to 1498388094
26-06-17 00:57:09 [INFO] [OctoBans] shimo_ sql checked, record: doubleposte by Shimo_ to 1498385806
26-06-17 00:57:09 [INFO] [OctoBans] shimo_ sql checked, record: insultegrave by Shimo_ to 1498457596
26-06-17 00:57:09 [INFO] [OctoBans] shimo_ sql checked, record: insultegrave by Shimo_ to 1498421603
26-06-17 00:57:09 [INFO] [OctoBans] shimo_ sql checked, record: doubleposte by Shimo_ to 1498386293
26-06-17 00:57:09 [INFO] [OctoBans] shimo_ sql checked, record: doubleposte by Shimo_ to 1498388865
26-06-17 00:57:09 [INFO] [OctoBans] shimo_ sql checked, record: doubleposte by Shimo_ to 1498386626
26-06-17 00:57:09 [INFO] [OctoBans] shimo_ sql checked, record: langage by Shimo_ to 1498388124
26-06-17 00:57:09 [INFO] [OctoBans] shimo_ sql checked, record: spam by Shimo_ to 1498391140
26-06-17 00:57:09 [INFO] [OctoBans] shimo_ sql checked, record: insulte by Shimo_ to 1498390464
26-06-17 00:57:09 [INFO] [OctoBans] shimo_ sql checked, record: provocation by Shimo_ to 1498388886
26-06-17 00:57:09 [INFO] [OctoBans] shimo_ sql checked, record: doubleposte by Shimo_ to 1498395671
26-06-17 00:57:09 [INFO] [OctoBans] shimo_ sql checked, record: spam by Shimo_ to 1498393929
26-06-17 00:57:09 [INFO] [OctoBans] shimo_ sql checked, record: spam by Shimo_ to 1498397633
26-06-17 00:57:09 [INFO] [OctoBans] shimo_ sql checked, record: doubleposte by Shimo_ to 1498405918
26-06-17 01:05:45 [INFO] [OctoBans] MgK_TozzzZ punished toly_ for: Provocation
26-06-17 01:06:28 [INFO] [OctoBans] _NeXon_ punished shimo_ for: Insulte staff
26-06-17 01:07:58 [INFO] [OctoBans] _NeXon_ punished argonik34110 for: Spam/flood
26-06-17 01:09:14 [INFO] [OctoBans] _NeXon_ punished v0rtexneokilleur for: Spam/flood
26-06-17 01:09:54 [INFO] [OctoBans] _NeXon_ punished blackzik_ for: Majuscule
26-06-17 01:10:13 [INFO] [OctoBans] _NeXon_ punished toly_ for: Insulte staff
26-06-17 01:11:31 [INFO] [OctoBans] MgK_TozzzZ punished shimo_ for: Insulte
26-06-17 01:16:03 [INFO] [OctoBans] MgK_TozzzZ punished toly_ for: Insulte staff
26-06-17 01:28:01 [INFO] [OctoBans] shouteur sql checked, record: spammp by Remil to -1
26-06-17 01:28:01 [INFO] [OctoBans] shouteur sql checked, record: spammp by Remil to -1
26-06-17 01:28:01 [INFO] [OctoBans] shouteur sql checked, record: spammp by Remil to -1
26-06-17 01:28:01 [INFO] [OctoBans] shouteur sql checked, record: spammp by Remil to -1
26-06-17 01:37:06 [INFO] [OctoBans] whitstar sql checked, record: spammp by Remil to -1
26-06-17 01:38:17 [INFO] [OctoBans] Remil punished shimo_ for: Spam/flood en MP
26-06-17 01:47:55 [INFO] [OctoBans] _NeXon_ punished matthieu_26 for: Double Poste
26-06-17 01:48:53 [INFO] [OctoBans] Remil punished shimo_ for: Spam/flood en MP
26-06-17 01:50:30 [INFO] [OctoBans] Remil punished shimo_ for: Insulte staff
26-06-17 01:50:55 [INFO] [OctoBans] shimo_ sql checked, record: insultestaff by Remil to 1498443385
26-06-17 01:50:55 [INFO] [OctoBans] shimo_ sql checked, record: insultegrave by SuperJojo to 1498529795
26-06-17 01:50:55 [INFO] [OctoBans] shimo_ sql checked, record: insultestaff by _NeXon_ to 1498503988
26-06-17 01:50:55 [INFO] [OctoBans] shimo_ sql checked, record: insulte by MgK_TozzzZ to 1498440391
26-06-17 01:50:55 [INFO] [OctoBans] shimo_ sql checked, record: spammp by Remil to -1
26-06-17 01:50:55 [INFO] [OctoBans] shimo_ sql checked, record: spammp by Remil to -1
26-06-17 01:50:55 [INFO] [OctoBans] shimo_ sql checked, record: insultestaff by Remil to 1498542630
26-06-17 01:50:55 [INFO] [OctoBans] shimo_ sql checked, record: insulte by Shimo_ to 1498388094
26-06-17 01:50:55 [INFO] [OctoBans] shimo_ sql checked, record: doubleposte by Shimo_ to 1498385806
26-06-17 01:50:55 [INFO] [OctoBans] shimo_ sql checked, record: insultegrave by Shimo_ to 1498457596
26-06-17 01:50:55 [INFO] [OctoBans] shimo_ sql checked, record: insultegrave by Shimo_ to 1498421603
26-06-17 01:50:55 [INFO] [OctoBans] shimo_ sql checked, record: doubleposte by Shimo_ to 1498386293
26-06-17 01:50:55 [INFO] [OctoBans] shimo_ sql checked, record: doubleposte by Shimo_ to 1498388865
26-06-17 01:50:55 [INFO] [OctoBans] shimo_ sql checked, record: doubleposte by Shimo_ to 1498386626
26-06-17 01:50:55 [INFO] [OctoBans] shimo_ sql checked, record: langage by Shimo_ to 1498388124
26-06-17 01:50:55 [INFO] [OctoBans] shimo_ sql checked, record: spam by Shimo_ to 1498391140
26-06-17 01:50:55 [INFO] [OctoBans] shimo_ sql checked, record: insulte by Shimo_ to 1498390464
26-06-17 01:50:55 [INFO] [OctoBans] shimo_ sql checked, record: provocation by Shimo_ to 1498388886
26-06-17 01:50:55 [INFO] [OctoBans] shimo_ sql checked, record: doubleposte by Shimo_ to 1498395671
26-06-17 01:50:55 [INFO] [OctoBans] shimo_ sql checked, record: spam by Shimo_ to 1498393929
26-06-17 01:50:55 [INFO] [OctoBans] shimo_ sql checked, record: spam by Shimo_ to 1498397633
26-06-17 01:50:55 [INFO] [OctoBans] shimo_ sql checked, record: doubleposte by Shimo_ to 1498405918
26-06-17 01:51:13 [INFO] [OctoBans] Remil punished shimo_ for: TpKill
26-06-17 01:51:13 [INFO] [OctoBans] shouteur sql checked, record: spammp by Remil to -1
26-06-17 01:51:13 [INFO] [OctoBans] shouteur sql checked, record: spammp by Remil to -1
26-06-17 01:51:13 [INFO] [OctoBans] shouteur sql checked, record: spammp by Remil to -1
26-06-17 01:51:13 [INFO] [OctoBans] shouteur sql checked, record: spammp by Remil to -1
26-06-17 01:55:19 [INFO] [OctoBans] _NeXon_ punished yolopvp for: Provocation
26-06-17 01:58:12 [INFO] [OctoBans] DEEProdole punished ryty_derz for: Langage incorrect
26-06-17 01:58:42 [INFO] [OctoBans] _NeXon_ punished thechickenpower for: Insulte serveur
26-06-17 02:01:51 [INFO] [OctoBans] _NeXon_ punished frite_merguez for: Spam/flood
26-06-17 02:08:35 [INFO] [OctoBans] _NeXon_ punished hikayt for: Majuscule
26-06-17 02:12:25 [INFO] [OctoBans] _NeXon_ punished misterkninj for: Double Poste
26-06-17 02:15:41 [INFO] [OctoBans] _NeXon_ punished hikayt for: Insulte
26-06-17 02:16:33 [INFO] [OctoBans] _NeXon_ punished shadow_knight87 for: Majuscule
26-06-17 02:23:10 [INFO] [OctoBans] MgK_TozzzZ punished kitzy for: Double Poste
26-06-17 02:34:21 [INFO] [OctoBans] MgK_TozzzZ punished misterkninj for: Spam/flood
26-06-17 02:43:36 [INFO] [OctoBans] ryd3rtvv0x sql checked, record: spammp by SkyKosIV to -1
26-06-17 02:45:51 [INFO] [OctoBans] skhey punished ryd3rtvv0x for: Provocation
26-06-17 02:49:39 [INFO] [OctoBans] _NeXon_ punished thekiller200 for: Double Poste
26-06-17 03:52:06 [INFO] [OctoBans] Steph078 punished mrkabab for: Insulte grave
26-06-17 04:01:19 [INFO] [OctoBans] DEEProdole punished itskill3rxt for: Spam/flood
26-06-17 04:12:25 [INFO] [OctoBans] Steph078 punished armakiller for: Spam/flood
26-06-17 04:28:28 [INFO] [OctoBans] jaeger sql checked, record: spammp by Remil to -1
26-06-17 04:53:07 [INFO] [OctoBans] DEEProdole punished badounoux for: Provocation
26-06-17 06:01:02 [INFO] [OctoBans] Disabling OctoBans v1.0
