27-08-17 22:31:42 [INFO] [OctoBans] File Handler successfully initialized!
27-08-17 22:31:42 [INFO] [OctoBans] SQL connection successfully etablished
27-08-17 22:31:42 [INFO] [OctoBans] Moderator Tools by Octonia.
27-08-17 22:31:49 [INFO] [OctoBans] _dragibus_ sql checked, record: spammp by Remil to -1
27-08-17 22:31:49 [INFO] [OctoBans] derpik sql checked, record: spammp by Remil to -1
27-08-17 22:31:49 [INFO] [OctoBans] listoxx sql checked, record: spammp by SnowEffect to -1
27-08-17 22:31:49 [INFO] [OctoBans] wiindows sql checked, record: floodmp by Forway to -1
27-08-17 22:31:49 [INFO] [OctoBans] wiindows sql checked, record: spammp by Remil to -1
27-08-17 22:31:49 [INFO] [OctoBans] youadra5 sql checked, record: kickautre by Steph078 to -1
27-08-17 22:31:49 [INFO] [OctoBans] youadra5 sql checked, record: spam by EGGSPLOSION to 1503871866
27-08-17 22:31:49 [INFO] [OctoBans] blubfire sql checked, record: spammp by YTB_XxKarnageXx to -1
27-08-17 22:31:59 [INFO] [OctoBans] fire_craft sql checked, record: spam by FiasK0 to 1503922072
27-08-17 22:31:59 [INFO] [OctoBans] fire_craft sql checked, record: insultestaff by FiasK0 to 1504104863
27-08-17 22:32:00 [INFO] [OctoBans] thekillervaca sql checked, record: faussesinfos by FiasK0 to 1504034909
27-08-17 22:32:10 [INFO] [OctoBans] sqkaa_ sql checked, record: spammp by Remil to -1
27-08-17 22:32:10 [INFO] [OctoBans] sqkaa_ sql checked, record: spammp by SmooCoeur to -1
27-08-17 22:32:17 [INFO] [OctoBans] zarkos93 sql checked, record: spammp by tinmar to -1
27-08-17 22:32:31 [INFO] [OctoBans] jasoxx sql checked, record: spammp by iPurple_ to -1
27-08-17 22:32:31 [INFO] [OctoBans] jasoxx sql checked, record: spammp by drbrine to -1
27-08-17 22:32:31 [INFO] [OctoBans] jasoxx sql checked, record: spammp by drbrine to -1
27-08-17 22:32:31 [INFO] [OctoBans] jasoxx sql checked, record: spammp by drbrine to -1
27-08-17 22:32:52 [INFO] [OctoBans] harst sql checked, record: spammp by Remil to -1
27-08-17 22:32:53 [INFO] [OctoBans] instateproofy sql checked, record: spammp by Remil to -1
27-08-17 22:32:53 [INFO] [OctoBans] instateproofy sql checked, record: spammp by Remil to -1
27-08-17 22:32:53 [INFO] [OctoBans] instateproofy sql checked, record: spammp by Remil to -1
27-08-17 22:33:09 [INFO] [OctoBans] davenherobrine sql checked, record: insultestaff by EGGSPLOSION to 1503901327
27-08-17 22:33:15 [INFO] [OctoBans] lefifoudu3 sql checked, record: insultegrave by Shainko to 1503872021
27-08-17 22:33:15 [INFO] [OctoBans] lefifoudu3 sql checked, record: insultegrave by Shainko to 1503916650
27-08-17 22:33:15 [INFO] [OctoBans] lefifoudu3 sql checked, record: insultegrave by FiasK0 to 1504154526
27-08-17 22:33:15 [INFO] [OctoBans] lefifoudu3 sql checked, record: spammp by Remil to -1
27-08-17 22:34:07 [INFO] [OctoBans] fiask0 sql checked, record: floodmp by Forway to -1
27-08-17 22:34:24 [INFO] [OctoBans] shayloup sql checked, record: faussesinfos by azzymaster to 1504009620
27-08-17 22:35:08 [INFO] [OctoBans] pepsicoca sql checked, record: spammp by Steph078 to -1
27-08-17 22:35:10 [INFO] [OctoBans] xelio57 sql checked, record: spammp by SnowEffect to -1
27-08-17 22:36:15 [INFO] [OctoBans] zlKayzen punished vil3000 for: Incitation au flood
27-08-17 22:36:37 [INFO] [OctoBans] thekillervaca sql checked, record: faussesinfos by FiasK0 to 1504034909
27-08-17 22:36:50 [INFO] [OctoBans] pixe3 sql checked, record: floodmp by Forway to -1
27-08-17 22:38:10 [INFO] [OctoBans] nicerush sql checked, record: insultegrave by azzymaster to 1504040340
27-08-17 22:38:20 [INFO] [OctoBans] zlKayzen punished pepsicoca for: Majuscule
27-08-17 22:38:42 [INFO] [OctoBans] thekillervaca sql checked, record: faussesinfos by FiasK0 to 1504034909
27-08-17 22:38:47 [INFO] [OctoBans] thekillervaca sql checked, record: faussesinfos by FiasK0 to 1504034909
27-08-17 22:40:43 [INFO] [OctoBans] sportek_ sql checked, record: spammp by SkyKosIV to -1
27-08-17 22:40:50 [INFO] [OctoBans] noragev12 sql checked, record: doubleposte by zlKayzen to 1503867903
27-08-17 22:41:25 [INFO] [OctoBans] univerzkerror sql checked, record: incitationflood by zlKayzen to 1504035754
27-08-17 22:41:28 [INFO] [OctoBans] totototo11 sql checked, record: spammp by NeosiaNexus to -1
27-08-17 22:41:28 [INFO] [OctoBans] totototo11 sql checked, record: spammp by PseudoNul to -1
27-08-17 22:42:26 [INFO] [OctoBans] hayden_frost sql checked, record: spammp by PseudoNul to -1
27-08-17 22:42:26 [INFO] [OctoBans] hayden_frost sql checked, record: spammp by Remil to -1
27-08-17 22:42:37 [INFO] [OctoBans] Remil punished elisan for: Spam/flood
27-08-17 22:45:12 [INFO] [OctoBans] matgone01 sql checked, record: spammp by ZerKup to -1
27-08-17 22:45:12 [INFO] [OctoBans] matgone01 sql checked, record: spammp by ZerKup to -1
27-08-17 22:45:12 [INFO] [OctoBans] matgone01 sql checked, record: spammp by Remil to -1
27-08-17 22:45:12 [INFO] [OctoBans] matgone01 sql checked, record: floodmp by Forway to -1
27-08-17 22:45:12 [INFO] [OctoBans] matgone01 sql checked, record: spammp by PseudoNul to -1
27-08-17 22:47:28 [INFO] [OctoBans] zlKayzen punished _umb_ for: Double Poste
27-08-17 22:47:59 [INFO] [OctoBans] agentbidule sql checked, record: spammp by tinmar to -1
27-08-17 22:49:09 [INFO] [OctoBans] gangstardu59 sql checked, record: insultegrave by Remil to 1503971850
27-08-17 22:49:09 [INFO] [OctoBans] gangstardu59 sql checked, record: insultegrave by Shainko to 1504082706
27-08-17 22:50:52 [INFO] [OctoBans] pablo sql checked, record: spam by Ceraiste to 1503880172
27-08-17 22:51:43 [INFO] [OctoBans] Wiindows punished poliaxbrezz for: Majuscule
27-08-17 22:52:15 [INFO] [OctoBans] NeyTox punished quenbord for: Majuscule
27-08-17 22:54:02 [INFO] [OctoBans] tifou_fou sql checked, record: spammp by SkyKosIV to -1
27-08-17 22:54:02 [INFO] [OctoBans] tifou_fou sql checked, record: insultegrave by zlKayzen to 1503899356
27-08-17 22:54:15 [INFO] [OctoBans] NeyTox punished agentbidule for: Spam/flood
27-08-17 22:59:42 [INFO] [OctoBans] NeyTox punished listoxx for: Double Poste
27-08-17 23:05:45 [INFO] [OctoBans] zlKayzen punished mr_so6 for: Langage incorrect
27-08-17 23:06:44 [INFO] [OctoBans] weezy sql checked, record: kickautre by Steph078 to -1
27-08-17 23:15:39 [INFO] [OctoBans] by_kw3e sql checked, record: kickautre by Antoine57565 to -1
27-08-17 23:16:06 [INFO] [OctoBans] natan sql checked, record: spammp by Remil to -1
27-08-17 23:17:13 [INFO] [OctoBans] xxrandomxx sql checked, record: spammp by SmooKeur to -1
27-08-17 23:17:13 [INFO] [OctoBans] xxrandomxx sql checked, record: insultegrave by EGGSPLOSION to 1503890869
27-08-17 23:17:40 [INFO] [OctoBans] NeyTox punished _dragibus_ for: Langage incorrect
27-08-17 23:18:23 [INFO] [OctoBans] couilledeloup sql checked, record: kickautre by Steph078 to -1
27-08-17 23:20:48 [INFO] [OctoBans] NeyTox punished sosodidi for: Spam/flood
27-08-17 23:20:50 [INFO] [OctoBans] itsintergy sql checked, record: spammp by YTB_XxKarnageXx to -1
27-08-17 23:24:14 [INFO] [OctoBans] NeyTox punished shudoxx for: Double Poste
27-08-17 23:28:51 [INFO] [OctoBans] NeyTox punished osmanlitorunu for: Double Poste
27-08-17 23:30:11 [INFO] [OctoBans] NeyTox punished geanrouge for: Double Poste
27-08-17 23:32:59 [INFO] [OctoBans] _topui_ sql checked, record: spammp by ZerKup to -1
27-08-17 23:35:36 [INFO] [OctoBans] Wiindows punished geanrouge for: Racisme
27-08-17 23:36:58 [INFO] [OctoBans] NeyTox punished by_kw3e for: Double Poste
27-08-17 23:37:45 [INFO] [OctoBans] mindex45 sql checked, record: spammp by SnowEffect to -1
27-08-17 23:37:45 [INFO] [OctoBans] mindex45 sql checked, record: kickautre by NeosiaNexus to -1
27-08-17 23:40:53 [INFO] [OctoBans] _vortex_ sql checked, record: spammp by Remil to -1
27-08-17 23:42:30 [INFO] [OctoBans] NeyTox punished thekiller200 for: Double Poste
27-08-17 23:46:57 [INFO] [OctoBans] Wiindows punished kitito for: Double Poste
27-08-17 23:52:54 [INFO] [OctoBans] NeyTox punished goblex for: Majuscule
27-08-17 23:53:48 [INFO] [OctoBans] NeyTox punished cactus for: Majuscule
27-08-17 23:55:39 [INFO] [OctoBans] NeyTox punished wasabi for: Double Poste
27-08-17 23:56:31 [INFO] [OctoBans] NeyTox punished darryl1 for: Langage incorrect
27-08-17 23:56:38 [INFO] [OctoBans] NeyTox punished jalil_craft for: Provocation
27-08-17 23:59:40 [INFO] [OctoBans] zlKayzen punished baobab for: Langage incorrect
28-08-17 00:00:19 [INFO] [OctoBans] zlKayzen punished matmousse for: Majuscule
28-08-17 00:03:05 [INFO] [OctoBans] NeyTox punished wazhrod for: Double Poste
28-08-17 00:04:50 [INFO] [OctoBans] skyrroz sql checked, record: spammp by Remil to -1
28-08-17 00:11:04 [INFO] [OctoBans] NeyTox punished ryzer_051 for: Spam/flood
28-08-17 00:11:54 [INFO] [OctoBans] hulz0 sql checked, record: kickautre by YTB_XxKarnageXx to -1
28-08-17 00:12:21 [INFO] [OctoBans] weetiix sql checked, record: spammp by SmooKeur to -1
28-08-17 00:12:21 [INFO] [OctoBans] weetiix sql checked, record: spammp by SmooKeur to -1
28-08-17 00:14:13 [INFO] [OctoBans] zaikiin sql checked, record: spammp by Remil to -1
28-08-17 00:16:21 [INFO] [OctoBans] dark_titix sql checked, record: spammp by Remil to -1
28-08-17 00:16:21 [INFO] [OctoBans] dark_titix sql checked, record: spammp by Remil to -1
28-08-17 00:16:21 [INFO] [OctoBans] dark_titix sql checked, record: spammp by Remil to -1
28-08-17 00:27:24 [INFO] [OctoBans] Wiindows punished superb3b3 for: Double Poste
28-08-17 00:29:21 [INFO] [OctoBans] zlKayzen punished _rubilax for: Provocation
28-08-17 00:57:55 [INFO] [OctoBans] NeyTox punished wazhrod for: Double Poste
28-08-17 00:59:24 [INFO] [OctoBans] NeyTox punished biiper_ for: Majuscule
28-08-17 01:03:15 [INFO] [OctoBans] Wiindows punished demo71 for: Langage incorrect
28-08-17 01:04:50 [INFO] [OctoBans] zlKayzen punished thekillervaca for: Provocation
28-08-17 01:09:38 [INFO] [OctoBans] thedarkmineur sql checked, record: insultestaff by EGGSPLOSION to 1503942751
28-08-17 01:14:15 [INFO] [OctoBans] Wiindows punished play_thomsa for: Majuscule
28-08-17 01:21:24 [INFO] [OctoBans] ly69n sql checked, record: kickautre by NeosiaNexus to -1
28-08-17 01:25:56 [INFO] [OctoBans] zeynox sql checked, record: spammp by Remil to -1
28-08-17 01:32:00 [INFO] [OctoBans] helol sql checked, record: insultestaff by NeyTox to 1503929052
28-08-17 01:53:59 [INFO] [OctoBans] Wiindows punished thekiller200 for: Double Poste
28-08-17 01:54:05 [INFO] [OctoBans] Wiindows punished fred for: Spam/flood
28-08-17 01:59:12 [INFO] [OctoBans] sam1 sql checked, record: spammp by Remil to -1
28-08-17 02:08:31 [INFO] [OctoBans] hockey25 sql checked, record: spammp by iPurple_ to -1
28-08-17 02:08:31 [INFO] [OctoBans] hockey25 sql checked, record: spammp by iPurple_ to -1
28-08-17 02:08:31 [INFO] [OctoBans] hockey25 sql checked, record: spammp by Anzerti to -1
28-08-17 02:09:58 [INFO] [OctoBans] NeyTox punished doli_gaming for: Majuscule
28-08-17 02:15:36 [INFO] [OctoBans] modzdegtabo3 sql checked, record: spammp by Remil to -1
28-08-17 02:44:38 [INFO] [OctoBans] NeyTox punished darryl1 for: Double Poste
28-08-17 02:47:57 [INFO] [OctoBans] NeyTox punished wasabi for: Spam/flood
28-08-17 02:56:24 [INFO] [OctoBans] NeyTox punished wazhrod for: Double Poste
28-08-17 03:26:58 [INFO] [OctoBans] NeyTox punished modzdegtabo3 for: Double Poste
28-08-17 03:37:48 [INFO] [OctoBans] Wiindows punished thekiller200 for: Spam/flood
28-08-17 03:38:20 [INFO] [OctoBans] Wiindows punished atsuky for: Insulte grave
28-08-17 03:40:57 [INFO] [OctoBans] atsuky sql checked, record: insultegrave by Wiindows to 1503920300
28-08-17 03:42:21 [INFO] [OctoBans] Wiindows punished laconnequideez for: Double Poste
28-08-17 03:53:18 [INFO] [OctoBans] NeyTox punished yolpe89 for: Double Poste
28-08-17 04:16:29 [INFO] [OctoBans] NeyTox punished herobrineisreal for: Provocation
28-08-17 04:35:06 [INFO] [OctoBans] Wiindows punished yolpe89 for: Spam/flood
28-08-17 06:01:01 [INFO] [OctoBans] Disabling OctoBans v1.0
