27-06-17 22:31:42 [INFO] [OctoBans] File Handler successfully initialized!
27-06-17 22:31:42 [INFO] [OctoBans] SQL connection successfully etablished
27-06-17 22:31:42 [INFO] [OctoBans] Moderator Tools by Octonia.
27-06-17 22:31:47 [INFO] [OctoBans] lolpigman sql checked, record: spammp by SnowEffect to -1
27-06-17 22:31:47 [INFO] [OctoBans] lolpigman sql checked, record: spammp by skhey to -1
27-06-17 22:31:47 [INFO] [OctoBans] wardogz_59 sql checked, record: spammp by PseudoNul to -1
27-06-17 22:31:47 [INFO] [OctoBans] singe_de_telfort sql checked, record: spammp by SuperJojo to -1
27-06-17 22:31:47 [INFO] [OctoBans] singe_de_telfort sql checked, record: kickautre by Steph078 to -1
27-06-17 22:31:47 [INFO] [OctoBans] singe_de_telfort sql checked, record: spammp by SuperJojo to -1
27-06-17 22:31:47 [INFO] [OctoBans] singe_de_telfort sql checked, record: spammp by SkyKosIV to -1
27-06-17 22:31:47 [INFO] [OctoBans] singe_de_telfort sql checked, record: spammp by YTB_XxKarnageXx to -1
27-06-17 22:31:47 [INFO] [OctoBans] ponctuationv2 sql checked, record: insultegrave by D3adOrSnipSurYTB to 1498618542
27-06-17 22:31:47 [INFO] [OctoBans] ponctuationv2 sql checked, record: insultegrave by Shainko to 1498675514
27-06-17 22:31:47 [INFO] [OctoBans] goto_camus sql checked, record: spammp by SuperJojo to -1
27-06-17 22:31:47 [INFO] [OctoBans] goto_camus sql checked, record: incitationflood by Forway to 1498666665
27-06-17 22:31:47 [INFO] [OctoBans] vendeur2tacos sql checked, record: spammp by PseudoNul to -1
27-06-17 22:31:47 [INFO] [OctoBans] mathis81 sql checked, record: spammp by Steph078 to -1
27-06-17 22:31:47 [INFO] [OctoBans] justmyskill78 sql checked, record: incitationflood by Autoclick_PvP to 1498676356
27-06-17 22:31:47 [INFO] [OctoBans] shouteur sql checked, record: spammp by Remil to -1
27-06-17 22:31:47 [INFO] [OctoBans] shouteur sql checked, record: spammp by Remil to -1
27-06-17 22:31:47 [INFO] [OctoBans] shouteur sql checked, record: spammp by Remil to -1
27-06-17 22:31:47 [INFO] [OctoBans] shouteur sql checked, record: spammp by Remil to -1
27-06-17 22:31:47 [INFO] [OctoBans] craziix_eu sql checked, record: spammp by Remil to -1
27-06-17 22:31:47 [INFO] [OctoBans] craziix_eu sql checked, record: spammp by Remil to -1
27-06-17 22:31:47 [INFO] [OctoBans] craziix_eu sql checked, record: spammp by Remil to -1
27-06-17 22:31:47 [INFO] [OctoBans] craziix_eu sql checked, record: spammp by Remil to -1
27-06-17 22:31:47 [INFO] [OctoBans] tyzaa sql checked, record: spammp by PseudoNul to -1
27-06-17 22:31:47 [INFO] [OctoBans] tyzaa sql checked, record: spam by Forway to 1498604513
27-06-17 22:31:47 [INFO] [OctoBans] drkiritoz_ sql checked, record: spammp by YTB_XxKarnageXx to -1
27-06-17 22:31:47 [INFO] [OctoBans] _dragibus_ sql checked, record: spammp by Remil to -1
27-06-17 22:31:47 [INFO] [OctoBans] _dragibus_ sql checked, record: spammp by Remil to -1
27-06-17 22:31:47 [INFO] [OctoBans] _dragibus_ sql checked, record: spammp by Remil to -1
27-06-17 22:31:47 [INFO] [OctoBans] _dragibus_ sql checked, record: spammp by Remil to -1
27-06-17 22:31:47 [INFO] [OctoBans] _dragibus_ sql checked, record: spammp by Remil to -1
27-06-17 22:31:47 [INFO] [OctoBans] _dragibus_ sql checked, record: spammp by Remil to -1
27-06-17 22:31:47 [INFO] [OctoBans] _dragibus_ sql checked, record: spammp by Remil to -1
27-06-17 22:31:47 [INFO] [OctoBans] _dragibus_ sql checked, record: spammp by Remil to -1
27-06-17 22:31:47 [INFO] [OctoBans] _dragibus_ sql checked, record: spammp by Remil to -1
27-06-17 22:31:47 [INFO] [OctoBans] _dragibus_ sql checked, record: spammp by Remil to -1
27-06-17 22:31:47 [INFO] [OctoBans] _dragibus_ sql checked, record: spammp by Remil to -1
27-06-17 22:31:47 [INFO] [OctoBans] _dragibus_ sql checked, record: spammp by Remil to -1
27-06-17 22:31:47 [INFO] [OctoBans] ew3l sql checked, record: flood by Autoclick_PvP to 1498598650
27-06-17 22:31:47 [INFO] [OctoBans] guillaume02823 sql checked, record: spammp by aubune to -1
27-06-17 22:31:47 [INFO] [OctoBans] batte sql checked, record: spammp by SuperJojo to -1
27-06-17 22:31:47 [INFO] [OctoBans] batte sql checked, record: spam by _NeXon_ to 1498602255
27-06-17 22:31:47 [INFO] [OctoBans] enjoymycombo sql checked, record: spammp by SnowEffect to -1
27-06-17 22:31:47 [INFO] [OctoBans] alexdu15 sql checked, record: doubleposte by Autoclick_PvP to 1498595878
27-06-17 22:31:47 [INFO] [OctoBans] neox_ytb sql checked, record: spammp by SnowEffect to -1
27-06-17 22:31:51 [INFO] [OctoBans] stickfly sql checked, record: spammp by SnowEffect to -1
27-06-17 22:31:51 [INFO] [OctoBans] kikoo53000 sql checked, record: faussesinfos by Anzerti to 1498602167
27-06-17 22:31:51 [INFO] [OctoBans] thekillervaca sql checked, record: spammp by SuperJojo to -1
27-06-17 22:31:51 [INFO] [OctoBans] sunfall sql checked, record: spammp by aubune to -1
27-06-17 22:31:51 [INFO] [OctoBans] sunfall sql checked, record: insultestaff by SproFids to 1498618475
27-06-17 22:31:51 [INFO] [OctoBans] sunfall sql checked, record: floodmp by Forway to -1
27-06-17 22:31:51 [INFO] [OctoBans] sunfall sql checked, record: insultestaff by Autoclick_PvP to 1498661977
27-06-17 22:31:51 [INFO] [OctoBans] sunfall sql checked, record: spammp by Steph078 to -1
27-06-17 22:31:51 [INFO] [OctoBans] sunfall sql checked, record: insultestaff by PseudoNul to 1498702023
27-06-17 22:31:51 [INFO] [OctoBans] nicerush sql checked, record: spammp by YTB_XxKarnageXx to -1
27-06-17 22:31:51 [INFO] [OctoBans] nicerush sql checked, record: spammp by PseudoNul to -1
27-06-17 22:31:52 [INFO] [OctoBans] lepapadesampvp sql checked, record: spammp by PseudoNul to -1
27-06-17 22:31:53 [INFO] [OctoBans] xx_volrod_xx sql checked, record: spam by JustMySkill to 1498611935
27-06-17 22:31:54 [INFO] [OctoBans] karimospvp sql checked, record: spammp by YTB_XxKarnageXx to -1
27-06-17 22:31:55 [INFO] [OctoBans] gamerthug sql checked, record: spammp by Remil to -1
27-06-17 22:31:55 [INFO] [OctoBans] izi_les_byy sql checked, record: spammp by YTB_XxKarnageXx to -1
27-06-17 22:31:55 [INFO] [OctoBans] izi_les_byy sql checked, record: spammp by SuperJojo to -1
27-06-17 22:31:55 [INFO] [OctoBans] izi_les_byy sql checked, record: spammp by Remil to -1
27-06-17 22:32:01 [INFO] [OctoBans] hugiix sql checked, record: spammp by PseudoNul to -1
27-06-17 22:32:01 [INFO] [OctoBans] hugiix sql checked, record: insultegrave by Forway to 1498637583
27-06-17 22:32:01 [INFO] [OctoBans] hugiix sql checked, record: spammp by PseudoNul to -1
27-06-17 22:32:04 [INFO] [OctoBans] Remil punished clem010 for: Double Poste
27-06-17 22:32:09 [INFO] [OctoBans] juldestructeur sql checked, record: spammp by PseudoNul to -1
27-06-17 22:32:09 [INFO] [OctoBans] juldestructeur sql checked, record: spammp by PseudoNul to -1
27-06-17 22:32:11 [INFO] [OctoBans] bykory_ sql checked, record: spammp by Steph078 to -1
27-06-17 22:32:14 [INFO] [OctoBans] farixy sql checked, record: flood by SnowEffect to 1498597246
27-06-17 22:32:23 [INFO] [OctoBans] lefifoudu3 sql checked, record: spammp by SuperJojo to -1
27-06-17 22:32:24 [INFO] [OctoBans] sktete sql checked, record: incitationflood by Forway to 1498681739
27-06-17 22:32:26 [INFO] [OctoBans] biguiboss31 sql checked, record: spammp by PseudoNul to -1
27-06-17 22:32:26 [INFO] [OctoBans] biguiboss31 sql checked, record: spammp by Remil to -1
27-06-17 22:32:27 [INFO] [OctoBans] goks94 sql checked, record: faussesinfos by SuperJojo to 1498597739
27-06-17 22:32:27 [INFO] [OctoBans] goks94 sql checked, record: insultestaff by Shainko to 1498604007
27-06-17 22:32:27 [INFO] [OctoBans] goks94 sql checked, record: insultegrave by JustMySkill to 1498621076
27-06-17 22:32:27 [INFO] [OctoBans] goks94 sql checked, record: insultegrave by JustMySkill to 1498657108
27-06-17 22:32:27 [INFO] [OctoBans] goks94 sql checked, record: insultegrave by JustMySkill to 1498693842
27-06-17 22:32:30 [INFO] [OctoBans] p0ussin71 sql checked, record: incitationflood by SuperJojo to 1498671109
27-06-17 22:32:34 [INFO] [OctoBans] erolismc sql checked, record: insultegrave by SuperJojo to 1498625735
27-06-17 22:32:38 [INFO] [OctoBans] mick_pvp sql checked, record: insultesrv by Anzerti to 1498595982
27-06-17 22:32:42 [INFO] [OctoBans] wortexgaming sql checked, record: spammp by PseudoNul to -1
27-06-17 22:32:42 [INFO] [OctoBans] wortexgaming sql checked, record: spammp by Steph078 to -1
27-06-17 22:32:42 [INFO] [OctoBans] wortexgaming sql checked, record: insultesrv by SproFids to 1498626715
27-06-17 22:32:56 [INFO] [OctoBans] ronweasley sql checked, record: spammp by SkyKosIV to -1
27-06-17 22:33:02 [INFO] [OctoBans] oow_ll sql checked, record: spammp by SkyKosIV to -1
27-06-17 22:33:02 [INFO] [OctoBans] oow_ll sql checked, record: homophobie by SuperJojo to 1498600946
27-06-17 22:33:02 [INFO] [OctoBans] matgone01 sql checked, record: spammp by ZerKup to -1
27-06-17 22:33:02 [INFO] [OctoBans] matgone01 sql checked, record: spammp by ZerKup to -1
27-06-17 22:33:02 [INFO] [OctoBans] matgone01 sql checked, record: insultegrave by SuperJojo to 1498601095
27-06-17 22:33:02 [INFO] [OctoBans] matgone01 sql checked, record: spam by SuperJojo to 1498625872
27-06-17 22:33:02 [INFO] [OctoBans] matgone01 sql checked, record: provocation by SnowEffect to 1498596360
27-06-17 22:33:09 [INFO] [OctoBans] ghost_kund sql checked, record: doubleposte by SproFids to 1498596024
27-06-17 22:33:16 [INFO] [OctoBans] algorskis_yt sql checked, record: provocation by Anzerti to 1498597034
27-06-17 22:33:16 [INFO] [OctoBans] algorskis_yt sql checked, record: floodmp by Forway to -1
27-06-17 22:33:33 [INFO] [OctoBans] by_kw3e sql checked, record: kickautre by Antoine57565 to -1
27-06-17 22:34:42 [INFO] [OctoBans] marchandloup sql checked, record: spammp by Remil to -1
27-06-17 22:34:42 [INFO] [OctoBans] marchandloup sql checked, record: spammp by PseudoNul to -1
27-06-17 22:34:43 [INFO] [OctoBans] tifou_fou sql checked, record: spammp by SkyKosIV to -1
27-06-17 22:34:51 [INFO] [OctoBans] ghost_kund sql checked, record: doubleposte by SproFids to 1498596024
27-06-17 22:35:36 [INFO] [OctoBans] foxpoxy sql checked, record: spammp by skhey to -1
27-06-17 22:35:53 [INFO] [OctoBans] zoxis sql checked, record: spammp by Theo97 to -1
27-06-17 22:37:34 [INFO] [OctoBans] yassir321 sql checked, record: spammp by PseudoNul to -1
27-06-17 22:37:45 [INFO] [OctoBans] didier sql checked, record: doubleposte by SnowEffect to 1498596132
27-06-17 22:38:03 [INFO] [OctoBans] bellepoutine sql checked, record: spammp by SnowEffect to -1
27-06-17 22:38:03 [INFO] [OctoBans] bellepoutine sql checked, record: spammp by SnowEffect to -1
27-06-17 22:41:00 [INFO] [OctoBans] jsuismakillee sql checked, record: incitationflood by JustMySkill to 1498651535
27-06-17 22:41:55 [INFO] [OctoBans] SproFids punished play4games for: Double Poste
27-06-17 22:41:56 [INFO] [OctoBans] Anzerti punished elgang10 for: Double Poste
27-06-17 22:47:26 [INFO] [OctoBans] _hello_kitty sql checked, record: spammp by SuperJojo to -1
27-06-17 22:47:46 [INFO] [OctoBans] swiftstay sql checked, record: spammp by Remil to -1
27-06-17 22:47:46 [INFO] [OctoBans] swiftstay sql checked, record: spammp by Remil to -1
27-06-17 22:47:55 [INFO] [OctoBans] leminecraftien80 sql checked, record: majuscule by Forway to 1498597776
27-06-17 22:47:57 [INFO] [OctoBans] erinoxlx sql checked, record: kickautre by Steph078 to -1
27-06-17 22:49:24 [INFO] [OctoBans] yourdead sql checked, record: faussesinfos by Anzerti to 1498764983
27-06-17 22:49:44 [INFO] [OctoBans] gismo2806 sql checked, record: insultegrave by SuperJojo to 1498631159
27-06-17 22:50:49 [INFO] [OctoBans] Forway punished infinity_du59 for: Langage incorrect
27-06-17 22:51:12 [INFO] [OctoBans] darkinggaming sql checked, record: insultestaff by Forway to 1498617706
27-06-17 22:51:12 [INFO] [OctoBans] darkinggaming sql checked, record: floodmp by Forway to -1
27-06-17 22:51:14 [INFO] [OctoBans] quentin22600 sql checked, record: faussesinfos by Autoclick_PvP to 1498667541
27-06-17 22:51:21 [INFO] [OctoBans] zkingrage sql checked, record: insultegrave by D3adOrSnipSurYTB to 1498769552
27-06-17 22:51:21 [INFO] [OctoBans] zkingrage sql checked, record: insultestaff by MaacDoo to 1498627121
27-06-17 22:51:26 [INFO] [OctoBans] whiskass sql checked, record: spammp by SuperJojo to -1
27-06-17 22:52:07 [INFO] [OctoBans] biffy sql checked, record: kickautre by Antoine57565 to -1
27-06-17 22:52:13 [INFO] [OctoBans] PseudoNul punished venkoz for: Publicité Youtubeur
27-06-17 22:52:25 [INFO] [OctoBans] Forway punished reachfixed for: Langage incorrect
27-06-17 22:52:26 [INFO] [OctoBans] osmanlitorunu sql checked, record: incitationflood by PseudoNul to 1498641818
27-06-17 22:54:10 [INFO] [OctoBans] Shainko punished gamerthug for: Majuscule
27-06-17 22:54:28 [INFO] [OctoBans] arcz058 sql checked, record: spammp by Remil to -1
27-06-17 22:55:25 [INFO] [OctoBans] blackwhite010 sql checked, record: spammp by PseudoNul to -1
27-06-17 22:56:02 [INFO] [OctoBans] PseudoNul punished arthopos for: Double Poste
27-06-17 22:57:59 [INFO] [OctoBans] hero_show sql checked, record: spammp by PseudoNul to -1
27-06-17 22:59:08 [INFO] [OctoBans] Forway punished ix2snik for: Double Poste
27-06-17 22:59:44 [INFO] [OctoBans] Forway punished supertoto11 for: Spam/flood
27-06-17 23:00:41 [INFO] [OctoBans] Forway punished slandrak for: Spam/flood
27-06-17 23:02:52 [INFO] [OctoBans] Remil punished zaikiin for: Spam/flood en MP
27-06-17 23:03:06 [INFO] [OctoBans] Shainko punished ziskos_gaming for: Provocation
27-06-17 23:03:31 [INFO] [OctoBans] ozyrix sql checked, record: incitationflood by Anzerti to 1498599843
27-06-17 23:04:52 [INFO] [OctoBans] Forway punished matrix221 for: Double Poste
27-06-17 23:05:56 [INFO] [OctoBans] lolo201 sql checked, record: spammp by Remil to -1
27-06-17 23:06:53 [INFO] [OctoBans] Shainko punished venumoff for: Double Poste
27-06-17 23:07:11 [INFO] [OctoBans] JustMySkill punished matgone01 for: Majuscule
27-06-17 23:07:29 [INFO] [OctoBans] JustMySkill punished starfalallah for: Spam/flood
27-06-17 23:07:58 [INFO] [OctoBans] JustMySkill punished okila for: Langage incorrect
27-06-17 23:09:46 [INFO] [OctoBans] PseudoNul punished torpedo for: Langage incorrect
27-06-17 23:10:03 [INFO] [OctoBans] Forway punished shadow_knight87 for: Spam/flood
27-06-17 23:10:07 [INFO] [OctoBans] lassa18 sql checked, record: spammp by Remil to -1
27-06-17 23:10:07 [INFO] [OctoBans] lassa18 sql checked, record: spammp by Remil to -1
27-06-17 23:11:07 [INFO] [OctoBans] levapedetamere sql checked, record: floodmp by Forway to -1
27-06-17 23:11:28 [INFO] [OctoBans] Remil punished alexdu15 for: Double Poste
27-06-17 23:13:09 [INFO] [OctoBans] Forway punished zzmrxarsfr97430 for: Majuscule
27-06-17 23:14:18 [INFO] [OctoBans] JustMySkill punished glandoiseau for: Majuscule
27-06-17 23:14:37 [INFO] [OctoBans] JustMySkill punished singe_de_telfort for: Provocation
27-06-17 23:14:51 [INFO] [OctoBans] allanyolo sql checked, record: spammp by PseudoNul to -1
27-06-17 23:15:10 [INFO] [OctoBans] Forway punished crizox_ for: Majuscule
27-06-17 23:17:10 [INFO] [OctoBans] JustMySkill punished singe_de_telfort for: Insulte staff
27-06-17 23:22:32 [INFO] [OctoBans] PseudoNul punished biguiboss31 for: Double Poste
27-06-17 23:23:52 [INFO] [OctoBans] stonewolf sql checked, record: spammp by SuperJojo to -1
27-06-17 23:28:15 [INFO] [OctoBans] wendigo sql checked, record: spam by SuperJojo to 1498601487
27-06-17 23:28:56 [INFO] [OctoBans] Shainko punished toustibat13 for: Double Poste
27-06-17 23:31:57 [INFO] [OctoBans] Shainko punished levapedetamere for: Majuscule
27-06-17 23:35:40 [INFO] [OctoBans] ZerKup punished nathanvvb666 for: Majuscule
27-06-17 23:37:51 [INFO] [OctoBans] celticevan95 sql checked, record: spammp by SnowEffect to -1
27-06-17 23:40:31 [INFO] [OctoBans] Anzerti punished bykory_ for: Double Poste
27-06-17 23:40:48 [INFO] [OctoBans] JustMySkill punished ghost_kund for: Double Poste
27-06-17 23:40:56 [INFO] [OctoBans] JustMySkill punished darktw for: Spam/flood
27-06-17 23:44:14 [INFO] [OctoBans] Anzerti punished azaheck for: Langage incorrect
27-06-17 23:45:19 [INFO] [OctoBans] shetters sql checked, record: spammp by PseudoNul to -1
27-06-17 23:47:17 [INFO] [OctoBans] ZerKup punished aidenzx for: Double Poste
27-06-17 23:51:47 [INFO] [OctoBans] batte sql checked, record: spammp by SuperJojo to -1
27-06-17 23:51:47 [INFO] [OctoBans] batte sql checked, record: spam by _NeXon_ to 1498602255
27-06-17 23:53:32 [INFO] [OctoBans] Anzerti punished bgxf_warior for: Fausses informations
27-06-17 23:55:37 [INFO] [OctoBans] Anzerti punished tifou_fou for: Double Poste
27-06-17 23:56:24 [INFO] [OctoBans] witer sql checked, record: incitationflood by Shampoooz to 1498653130
27-06-17 23:57:44 [INFO] [OctoBans] denis018 sql checked, record: spammp by Remil to -1
27-06-17 23:58:24 [INFO] [OctoBans] Anzerti punished nonolamenace_ for: Double Poste
27-06-17 23:58:55 [INFO] [OctoBans] blackzik_ sql checked, record: spammp by PseudoNul to -1
27-06-17 23:59:02 [INFO] [OctoBans] superfilleciel sql checked, record: spammp by Theo97 to -1
27-06-17 23:59:02 [INFO] [OctoBans] superfilleciel sql checked, record: spammp by Remil to -1
27-06-17 23:59:02 [INFO] [OctoBans] superfilleciel sql checked, record: spammp by Remil to -1
27-06-17 23:59:23 [INFO] [OctoBans] SproFids punished energypoil for: Insulte grave
28-06-17 00:01:09 [INFO] [OctoBans] lolo76200 sql checked, record: spammp by PseudoNul to -1
28-06-17 00:01:09 [INFO] [OctoBans] lolo76200 sql checked, record: spammp by SuperJojo to -1
28-06-17 00:02:18 [INFO] [OctoBans] SproFids punished bellepoutine for: Double Poste
28-06-17 00:04:34 [INFO] [OctoBans] SproFids punished blackzik_ for: Spam/flood
28-06-17 00:05:04 [INFO] [OctoBans] Anzerti punished c4mp3urx9 for: Double Poste
28-06-17 00:06:59 [INFO] [OctoBans] _NeXon_ punished wolfgang for: Langage incorrect
28-06-17 00:10:25 [INFO] [OctoBans] JustMySkill punished primal for: Double Poste
28-06-17 00:13:17 [INFO] [OctoBans] Steph078 punished proxy_killeur for: Publicité Youtubeur
28-06-17 00:16:27 [INFO] [OctoBans] Anzerti punished superfilleciel for: Langage incorrect
28-06-17 00:16:37 [INFO] [OctoBans] SproFids punished artinikz for: Langage incorrect
28-06-17 00:18:18 [INFO] [OctoBans] JustMySkill punished super_burger for: Double Poste
28-06-17 00:19:11 [INFO] [OctoBans] erolismc sql checked, record: insultegrave by SuperJojo to 1498625735
28-06-17 00:19:26 [INFO] [OctoBans] erolismc sql checked, record: insultegrave by SuperJojo to 1498625735
28-06-17 00:20:41 [INFO] [OctoBans] super_burger sql checked, record: doubleposte by JustMySkill to 1498602498
28-06-17 00:22:54 [INFO] [OctoBans] SproFids punished mrkeb for: Spam/flood
28-06-17 00:22:57 [INFO] [OctoBans] Shainko punished mrkabab for: Spam/flood
28-06-17 00:24:37 [INFO] [OctoBans] JustMySkill punished jeanfocus for: Publicité Youtubeur
28-06-17 00:25:47 [INFO] [OctoBans] zayrozz sql checked, record: spammp by Remil to -1
28-06-17 00:26:09 [INFO] [OctoBans] MaacDoo punished el_moustachu for: Double Poste
28-06-17 00:27:01 [INFO] [OctoBans] JustMySkill punished ronweasley for: Langage incorrect
28-06-17 00:28:10 [INFO] [OctoBans] Shainko punished play4games for: Provocation
28-06-17 00:32:36 [INFO] [OctoBans] MaacDoo punished masterdylan for: Majuscule
28-06-17 00:33:04 [INFO] [OctoBans] MaacDoo punished thekillervaca for: Double Poste
28-06-17 00:36:33 [INFO] [OctoBans] Anzerti punished punchsword for: Double Poste
28-06-17 00:37:24 [INFO] [OctoBans] _NeXon_ punished ryty_derz for: Double Poste
28-06-17 00:38:45 [INFO] [OctoBans] Anzerti punished alexdu151515 for: Double Poste
28-06-17 00:39:05 [INFO] [OctoBans] JustMySkill punished alexdu151515 for: Spam/flood
28-06-17 00:41:54 [INFO] [OctoBans] Anzerti punished drkiritoz_ for: Double Poste
28-06-17 00:42:50 [INFO] [OctoBans] Anzerti punished drkiritoz_ for: Langage incorrect
28-06-17 00:43:37 [INFO] [OctoBans] Anzerti punished zarkano for: Publicité Youtubeur
28-06-17 00:44:00 [INFO] [OctoBans] JustMySkill punished zarkano for: Spam/flood
28-06-17 00:48:10 [INFO] [OctoBans] Anzerti punished play4games for: Incitation au flood
28-06-17 00:52:27 [INFO] [OctoBans] _NeXon_ punished crafteur49520 for: Spam/flood
28-06-17 00:55:45 [INFO] [OctoBans] JustMySkill punished _hello_kitty for: Provocation
28-06-17 01:01:01 [INFO] [OctoBans] JustMySkill punished viperxdlol for: Double Poste
28-06-17 01:02:36 [INFO] [OctoBans] SproFids punished frite_merguez for: Spam/flood
28-06-17 01:10:35 [INFO] [OctoBans] JustMySkill punished kelod514 for: Double Poste
28-06-17 01:11:04 [INFO] [OctoBans] Anzerti punished link750 for: Majuscule
28-06-17 01:12:46 [INFO] [OctoBans] produpvp sql checked, record: spammp by Remil to -1
28-06-17 01:15:22 [INFO] [OctoBans] JustMySkill punished lolo76200 for: Insulte grave
28-06-17 01:15:27 [INFO] [OctoBans] SproFids punished lolo201 for: Insulte grave
28-06-17 01:17:14 [INFO] [OctoBans] JustMySkill punished lololaclarinette for: Provocation
28-06-17 01:17:44 [INFO] [OctoBans] crafteur49520 sql checked, record: spam by _NeXon_ to 1498607547
28-06-17 01:17:44 [INFO] [OctoBans] JustMySkill punished crafteur13 for: Spam/flood
28-06-17 01:19:36 [INFO] [OctoBans] SproFids punished white_13 for: Publicité Youtubeur
28-06-17 01:19:55 [INFO] [OctoBans] JustMySkill punished azaheck for: Spam/flood
28-06-17 01:20:07 [INFO] [OctoBans] Anzerti punished masterdylan for: Spam/flood
28-06-17 01:22:45 [INFO] [OctoBans] Anzerti punished alcatraz818 for: Double Poste
28-06-17 01:23:28 [INFO] [OctoBans] JustMySkill punished lolpigman for: Double Poste
28-06-17 01:26:06 [INFO] [OctoBans] Anzerti punished cerealekilleur for: Double Poste
28-06-17 01:36:00 [INFO] [OctoBans] Anzerti punished oow_ll for: Provocation
28-06-17 01:43:33 [INFO] [OctoBans] JustMySkill punished virtl_skymodz for: Provocation
28-06-17 01:47:19 [INFO] [OctoBans] JustMySkill punished jeanchristop919 for: Spam/flood
28-06-17 01:47:24 [INFO] [OctoBans] JustMySkill punished drkiritoz_ for: Double Poste
28-06-17 01:51:18 [INFO] [OctoBans] JustMySkill punished lolpigman for: Spam/flood
28-06-17 01:52:12 [INFO] [OctoBans] JustMySkill punished zarkano for: Double Poste
28-06-17 01:54:36 [INFO] [OctoBans] whitstar sql checked, record: spammp by Remil to -1
28-06-17 01:55:52 [INFO] [OctoBans] Anzerti punished romainbruseau for: Langage incorrect
28-06-17 01:56:17 [INFO] [OctoBans] Anzerti punished produpvp for: Provocation
28-06-17 01:56:35 [INFO] [OctoBans] JustMySkill punished ronweasley for: Provocation
28-06-17 02:04:54 [INFO] [OctoBans] JustMySkill punished crafteur49520 for: Spam/flood
28-06-17 02:05:10 [INFO] [OctoBans] JustMySkill punished ghost_kund for: Double Poste
28-06-17 02:11:31 [INFO] [OctoBans] JustMySkill punished rotka for: Double Poste
28-06-17 02:15:29 [INFO] [OctoBans] Anzerti punished ronweasley for: Provocation
28-06-17 02:20:43 [INFO] [OctoBans] JustMySkill punished bboy124 for: Spam/flood
28-06-17 02:24:24 [INFO] [OctoBans] JustMySkill punished bellepoutine for: Double Poste
28-06-17 02:33:38 [INFO] [OctoBans] JustMySkill punished modzg for: Double Poste
28-06-17 02:44:49 [INFO] [OctoBans] JustMySkill punished smileyyy for: Provocation
28-06-17 02:45:00 [INFO] [OctoBans] JustMySkill punished virtl_skymodz for: Double Poste
28-06-17 02:57:44 [INFO] [OctoBans] Anzerti punished link750 for: Provocation
28-06-17 03:14:51 [INFO] [OctoBans] Anzerti punished nyrozzhd for: Majuscule
28-06-17 03:23:37 [INFO] [OctoBans] Anzerti punished link750 for: Provocation
28-06-17 03:24:55 [INFO] [OctoBans] Anzerti punished virtl_skymodz for: Provocation
28-06-17 03:25:05 [INFO] [OctoBans] Anzerti punished thedarkorb45 for: Provocation
28-06-17 03:25:14 [INFO] [OctoBans] misterkninj sql checked, record: insultestaff by _NeXon_ to 1498628529
28-06-17 03:27:00 [INFO] [OctoBans] Anzerti punished misterkninj for: Spam/flood
28-06-17 03:36:53 [INFO] [OctoBans] Anzerti punished modzg for: Langage incorrect
28-06-17 03:37:33 [INFO] [OctoBans] Anzerti punished mabilou29 for: Double Poste
28-06-17 03:48:50 [INFO] [OctoBans] Anzerti punished tokyo for: Fausses informations
28-06-17 03:49:26 [INFO] [OctoBans] Anzerti punished zarshou for: Double Poste
28-06-17 04:00:18 [INFO] [OctoBans] Anzerti punished waltz312 for: Incitation au flood
28-06-17 04:07:40 [INFO] [OctoBans] samybg sql checked, record: spammp by Remil to -1
28-06-17 04:07:40 [INFO] [OctoBans] samybg sql checked, record: spammp by Remil to -1
28-06-17 04:09:15 [INFO] [OctoBans] justrage sql checked, record: spammp by Remil to -1
28-06-17 04:28:30 [INFO] [OctoBans] badounoux sql checked, record: spammp by ZerKup to -1
28-06-17 05:28:50 [INFO] [OctoBans] imdylan sql checked, record: spammp by SnowEffect to -1
28-06-17 05:31:43 [INFO] [OctoBans] xeloman sql checked, record: spammp by SnowEffect to -1
28-06-17 06:01:02 [INFO] [OctoBans] Disabling OctoBans v1.0
