09-10-17 22:31:42 [INFO] [OctoBans] File Handler successfully initialized!
09-10-17 22:31:42 [INFO] [OctoBans] SQL connection successfully etablished
09-10-17 22:31:42 [INFO] [OctoBans] Moderator Tools by Octonia.
09-10-17 22:31:49 [INFO] [OctoBans] eranck sql checked, record: spam by EGGSPLOSION to 1507591845
09-10-17 22:31:49 [INFO] [OctoBans] gameur827 sql checked, record: insultegrave by Remil to 1507655055
09-10-17 22:31:49 [INFO] [OctoBans] gameur827 sql checked, record: insultegrave by Antoine57565 to 1507761070
09-10-17 22:31:49 [INFO] [OctoBans] gameur827 sql checked, record: insultegrave by Antoine57565 to 1507797136
09-10-17 22:31:54 [INFO] [OctoBans] florian085 sql checked, record: doubleposte by ViRoCl to 1507582076
09-10-17 22:31:54 [INFO] [OctoBans] julie52100 sql checked, record: spammp by SnowEffect to -1
09-10-17 22:31:54 [INFO] [OctoBans] julie52100 sql checked, record: spammp by PseudoNul to -1
09-10-17 22:31:54 [INFO] [OctoBans] julie52100 sql checked, record: spammp by iPurple_ to -1
09-10-17 22:31:54 [INFO] [OctoBans] julie52100 sql checked, record: spammp by PseudoNul to -1
09-10-17 22:31:54 [INFO] [OctoBans] julie52100 sql checked, record: spammp by Remil to -1
09-10-17 22:32:10 [INFO] [OctoBans] nolaninomc sql checked, record: spammp by SmooKeur to -1
09-10-17 22:32:13 [INFO] [OctoBans] zumbie sql checked, record: insultestaff by EGGSPLOSION to 1507668250
09-10-17 22:32:33 [INFO] [OctoBans] unnainportant sql checked, record: doubleposte by EGGSPLOSION to 1507582544
09-10-17 22:32:37 [INFO] [OctoBans] superb3b3 sql checked, record: spammp by Remil to -1
09-10-17 22:32:37 [INFO] [OctoBans] superb3b3 sql checked, record: spammp by Remil to -1
09-10-17 22:35:51 [INFO] [OctoBans] zobelsuryoutube sql checked, record: spammp by Remil to -1
09-10-17 22:36:06 [INFO] [OctoBans] erenox_____ sql checked, record: incitationflood by YTB_XxKarnageXx to 1507662960
09-10-17 22:44:17 [INFO] [OctoBans] gameur827 sql checked, record: insultegrave by Remil to 1507655055
09-10-17 22:44:17 [INFO] [OctoBans] gameur827 sql checked, record: insultegrave by Antoine57565 to 1507761070
09-10-17 22:44:17 [INFO] [OctoBans] gameur827 sql checked, record: insultegrave by Antoine57565 to 1507797136
09-10-17 22:49:09 [INFO] [OctoBans] ededed91 sql checked, record: spammp by SkyKosIV to -1
09-10-17 22:49:09 [INFO] [OctoBans] ededed91 sql checked, record: spammp by Remil to -1
09-10-17 22:54:01 [INFO] [OctoBans] ViRoCl punished azsud for: Double Poste
09-10-17 23:04:55 [INFO] [OctoBans] ViRoCl punished wazhrod for: Majuscule
09-10-17 23:14:41 [INFO] [OctoBans] ViRoCl punished julie52100 for: Majuscule
09-10-17 23:15:35 [INFO] [OctoBans] ViRoCl punished ayken for: Insulte
09-10-17 23:16:33 [INFO] [OctoBans] ViRoCl punished ededed81 for: Provocation
09-10-17 23:30:35 [INFO] [OctoBans] ViRoCl punished destro123 for: Double Poste
09-10-17 23:36:10 [INFO] [OctoBans] ViRoCl punished cobra_ for: Insulte serveur
09-10-17 23:45:32 [INFO] [OctoBans] NeyTox punished ededed91 for: Spam/flood
10-10-17 00:11:32 [INFO] [OctoBans] ViRoCl punished wtgabyss for: Spam/flood
10-10-17 00:15:17 [INFO] [OctoBans] ViRoCl punished haygun for: Double Poste
10-10-17 00:17:17 [INFO] [OctoBans] NeyTox punished rafoughali for: Double Poste
10-10-17 00:21:13 [INFO] [OctoBans] mamuka sql checked, record: spammp by Remil to -1
10-10-17 00:24:22 [INFO] [OctoBans] ViRoCl punished mamuka for: Double Poste
10-10-17 00:26:10 [INFO] [OctoBans] ViRoCl punished flavtoflav for: Fausses informations
10-10-17 00:37:59 [INFO] [OctoBans] ViRoCl punished mamenedu49 for: Insulte
10-10-17 01:22:45 [INFO] [OctoBans] Shouteur punished aexraptorz for: Spam/flood
10-10-17 01:32:46 [INFO] [OctoBans] skhey punished haygun for: Double Poste
10-10-17 01:53:18 [INFO] [OctoBans] skhey punished trin0x for: Double Poste
10-10-17 01:53:25 [INFO] [OctoBans] skhey punished destro123 for: Insulte grave
10-10-17 01:57:43 [INFO] [OctoBans] skhey punished darkilleur63 for: Spam/flood
10-10-17 03:24:01 [INFO] [OctoBans] NeyTox punished darkilleur63 for: Insulte serveur
10-10-17 06:01:02 [INFO] [OctoBans] Disabling OctoBans v1.0
