29-11-17 22:31:43 [INFO] [OctoBans] File Handler successfully initialized!
29-11-17 22:31:43 [INFO] [OctoBans] SQL connection successfully etablished
29-11-17 22:31:43 [INFO] [OctoBans] Moderator Tools by Octonia.
29-11-17 22:31:47 [INFO] [OctoBans] xxheroiikxx sql checked, record: insultestaff by OCIP_Matth to 1512023169
29-11-17 22:31:47 [INFO] [OctoBans] jesuislepepsi sql checked, record: spammp by infinitim to -1
29-11-17 22:31:47 [INFO] [OctoBans] jesuislepepsi sql checked, record: spammp by infinitim to -1
29-11-17 22:31:47 [INFO] [OctoBans] yeti2001vd sql checked, record: spammp by Frite_Merguez to -1
29-11-17 22:31:47 [INFO] [OctoBans] yeti2001vd sql checked, record: spammp by FiasK0 to -1
29-11-17 22:31:47 [INFO] [OctoBans] shimo_ sql checked, record: spammp by Remil to -1
29-11-17 22:31:48 [INFO] [OctoBans] romudu269 sql checked, record: provocation by Zayrox29 to 1511998350
29-11-17 22:31:48 [INFO] [OctoBans] romudu269 sql checked, record: provocation by LaKitaw to 1511998729
29-11-17 22:32:15 [INFO] [OctoBans] imjeezk sql checked, record: spammp by Gamer09 to -1
29-11-17 22:32:15 [INFO] [OctoBans] imjeezk sql checked, record: spammp by OCIP_Matth to -1
29-11-17 22:32:19 [INFO] [OctoBans] jeremygameur sql checked, record: spammp by OCIP_Matth to -1
29-11-17 22:32:31 [INFO] [OctoBans] darryl1 sql checked, record: spammp by FiasK0 to -1
29-11-17 22:32:36 [INFO] [OctoBans] kabcrast sql checked, record: spammp by Gamer09 to -1
29-11-17 22:33:47 [INFO] [OctoBans] snoxx_ sql checked, record: spammp by Kyabe to -1
29-11-17 22:33:47 [INFO] [OctoBans] snoxx_ sql checked, record: spammp by Zoseq to -1
29-11-17 22:33:47 [INFO] [OctoBans] snoxx_ sql checked, record: spammp by tinmar to -1
29-11-17 22:33:47 [INFO] [OctoBans] snoxx_ sql checked, record: spammp by tinmar to -1
29-11-17 22:34:16 [INFO] [OctoBans] virocl sql checked, record: spammp by drbrine to -1
29-11-17 22:35:20 [INFO] [OctoBans] ayken sql checked, record: spammp by KelianHD to -1
29-11-17 22:36:02 [INFO] [OctoBans] _dragibus_ sql checked, record: spammp by FiasK0 to -1
29-11-17 22:36:40 [INFO] [OctoBans] the_slash sql checked, record: spammp by pepedjo to -1
29-11-17 22:36:40 [INFO] [OctoBans] the_slash sql checked, record: spammp by drbrine to -1
29-11-17 22:36:42 [INFO] [OctoBans] gameurdumsk sql checked, record: spammp by SkillBOotiiS to -1
29-11-17 22:36:42 [INFO] [OctoBans] gameurdumsk sql checked, record: spammp by SkillBOotiiS to -1
29-11-17 22:36:42 [INFO] [OctoBans] gameurdumsk sql checked, record: spammp by NeyTox to -1
29-11-17 22:36:42 [INFO] [OctoBans] gameurdumsk sql checked, record: spammp by LeRe to -1
29-11-17 22:37:06 [INFO] [OctoBans] nrgx_sh4d0w sql checked, record: spammp by NeyTox to -1
29-11-17 22:38:15 [INFO] [OctoBans] hayden_frost sql checked, record: spammp by OCIP_Matth to -1
29-11-17 22:38:18 [INFO] [OctoBans] unnainportant sql checked, record: doubleposte by Gamer09 to 1511992909
29-11-17 22:39:30 [INFO] [OctoBans] ew3l sql checked, record: spammp by FiasK0 to -1
29-11-17 22:39:30 [INFO] [OctoBans] ew3l sql checked, record: floodmp by Flowtox to -1
29-11-17 22:41:08 [INFO] [OctoBans] fabio sql checked, record: spammp by drbrine to -1
29-11-17 22:41:08 [INFO] [OctoBans] fabio sql checked, record: insultegrave by drbrine to 1512061047
29-11-17 22:41:08 [INFO] [OctoBans] fabio sql checked, record: spammp by OCIP_Matth to -1
29-11-17 22:41:08 [INFO] [OctoBans] fabio sql checked, record: insultestaff by OCIP_Matth to 1512029594
29-11-17 22:46:01 [INFO] [OctoBans] drbrine punished _theodu13_ for: Provocation
29-11-17 22:46:11 [INFO] [OctoBans] drbrine punished zedirox for: Provocation
29-11-17 23:06:25 [INFO] [OctoBans] NeyTox punished pvp75 for: Double Poste
29-11-17 23:10:30 [INFO] [OctoBans] NeyTox punished gameurdumsk for: Provocation
29-11-17 23:20:09 [INFO] [OctoBans] trixx sql checked, record: provocation by OCIP_Matth to 1511994181
29-11-17 23:38:18 [INFO] [OctoBans] skhey sql checked, record: spammp by Remil to -1
30-11-17 00:09:27 [INFO] [OctoBans] NeyTox punished fabubu for: Majuscule
30-11-17 01:41:32 [INFO] [OctoBans] killerboydu13 sql checked, record: spammp by Evolze to -1
30-11-17 01:41:32 [INFO] [OctoBans] killerboydu13 sql checked, record: spammp by KelianHD to -1
30-11-17 01:41:32 [INFO] [OctoBans] killerboydu13 sql checked, record: spammp by OCIP_Matth to -1
30-11-17 02:17:24 [INFO] [OctoBans] watz sql checked, record: tpkill by OCIP_Matth to 1512132246
30-11-17 06:01:01 [INFO] [OctoBans] Disabling OctoBans v1.0
