17-12-17 22:31:42 [INFO] [OctoBans] File Handler successfully initialized!
17-12-17 22:31:42 [INFO] [OctoBans] SQL connection successfully etablished
17-12-17 22:31:42 [INFO] [OctoBans] Moderator Tools by Octonia.
17-12-17 22:31:46 [INFO] [OctoBans] zertk sql checked, record: majuscule by PseudooNull to 1513549903
17-12-17 22:31:47 [INFO] [OctoBans] algorskis_yt sql checked, record: spammp by SmooKeur to -1
17-12-17 22:31:47 [INFO] [OctoBans] algorskis_yt sql checked, record: provocation by Antoine57565 to 1513550390
17-12-17 22:31:47 [INFO] [OctoBans] algorskis_yt sql checked, record: spammp by Antoine57565 to -1
17-12-17 22:31:55 [INFO] [OctoBans] mayeul sql checked, record: spammp by SmooKeur to -1
17-12-17 22:32:34 [INFO] [OctoBans] aexraptorz sql checked, record: spammp by Remil to -1
17-12-17 22:32:34 [INFO] [OctoBans] aexraptorz sql checked, record: spammp by PseudooNull to -1
17-12-17 22:32:48 [INFO] [OctoBans] deeprodole sql checked, record: spammp by Zayrox29 to -1
17-12-17 22:32:48 [INFO] [OctoBans] deeprodole sql checked, record: spammp by Zayrox29 to -1
17-12-17 22:33:33 [INFO] [OctoBans] ytbibossyt sql checked, record: spam by Antoine57565 to 1513556519
17-12-17 22:34:00 [INFO] [OctoBans] xx_yz_xx sql checked, record: spammp by SkillBOotiiS to -1
17-12-17 22:34:36 [INFO] [OctoBans] ayken sql checked, record: spammp by KelianHD to -1
17-12-17 22:40:36 [INFO] [OctoBans] chut3000 sql checked, record: spammp by FiasK0 to -1
17-12-17 22:40:36 [INFO] [OctoBans] chut3000 sql checked, record: insulte by PseudooNull to 1513558369
17-12-17 22:40:48 [INFO] [OctoBans] mcfleury sql checked, record: spammp by Koeseb97 to -1
17-12-17 22:40:50 [INFO] [OctoBans] weezy sql checked, record: spammp by LeRe to -1
17-12-17 22:42:06 [INFO] [OctoBans] Antoine57565 punished stan94 for: Double Poste
17-12-17 22:46:21 [INFO] [OctoBans] remil sql checked, record: spammp by FiasK0 to -1
17-12-17 22:46:40 [INFO] [OctoBans] harkz sql checked, record: spammp by EGGSPLOSION to -1
17-12-17 22:46:40 [INFO] [OctoBans] harkz sql checked, record: spam by Antoine57565 to 1513588609
17-12-17 22:46:48 [INFO] [OctoBans] ourox_ sql checked, record: spammp by FiasK0 to -1
17-12-17 22:46:48 [INFO] [OctoBans] ourox_ sql checked, record: spammp by FiasK0 to -1
17-12-17 22:50:03 [INFO] [OctoBans] hayden_frost sql checked, record: spammp by OCIP_Matth to -1
17-12-17 23:03:41 [INFO] [OctoBans] swichdi sql checked, record: spammp by Gamer09 to -1
17-12-17 23:14:36 [INFO] [OctoBans] aparia sql checked, record: spammp by pepedjo to -1
17-12-17 23:14:36 [INFO] [OctoBans] aparia sql checked, record: spammp by pepedjo to -1
17-12-17 23:14:36 [INFO] [OctoBans] aparia sql checked, record: spammp by Evolze to -1
17-12-17 23:14:36 [INFO] [OctoBans] aparia sql checked, record: spammp by FiasK0 to -1
17-12-17 23:53:00 [INFO] [OctoBans] Koeseb97 punished rubyyy1234 for: Incitation au flood
17-12-17 23:56:33 [INFO] [OctoBans] smookeur sql checked, record: spammp by SmooKeur to -1
17-12-17 23:56:33 [INFO] [OctoBans] smookeur sql checked, record: doubleposte by SmooKeur to 1508686029
17-12-17 23:56:33 [INFO] [OctoBans] smookeur sql checked, record: incitationflood by SmooKeur to 1508772147
17-12-17 23:56:33 [INFO] [OctoBans] smookeur sql checked, record: incitationflood by SmooKeur to 1508772158
17-12-17 23:56:33 [INFO] [OctoBans] smookeur sql checked, record: spammp by SmooKeur to -1
17-12-17 23:56:33 [INFO] [OctoBans] smookeur sql checked, record: incitationflood by SmooKeur to 1508773461
17-12-17 23:56:33 [INFO] [OctoBans] smookeur sql checked, record: doubleposte by SmooKeur to 1508688246
17-12-17 23:56:33 [INFO] [OctoBans] smookeur sql checked, record: doubleposte by SmooKeur to 1508688256
17-12-17 23:56:33 [INFO] [OctoBans] smookeur sql checked, record: pubyt by SmooKeur to 1508691613
17-12-17 23:56:33 [INFO] [OctoBans] smookeur sql checked, record: majuscule by SmooKeur to 1508688702
17-12-17 23:56:33 [INFO] [OctoBans] smookeur sql checked, record: doubleposte by SmooKeur to 1508688458
17-12-17 23:56:33 [INFO] [OctoBans] smookeur sql checked, record: majuscule by SmooKeur to 1508688904
17-12-17 23:56:33 [INFO] [OctoBans] smookeur sql checked, record: doubleposte by SmooKeur to 1508688681
17-12-17 23:56:33 [INFO] [OctoBans] smookeur sql checked, record: racism by SmooKeur to 1508774789
17-12-17 23:56:33 [INFO] [OctoBans] smookeur sql checked, record: pubyt by SmooKeur to 1508692096
17-12-17 23:56:33 [INFO] [OctoBans] smookeur sql checked, record: pubyt by SmooKeur to 1508692146
17-12-17 23:56:33 [INFO] [OctoBans] smookeur sql checked, record: tpkill by SmooKeur to 1508775000
17-12-17 23:56:33 [INFO] [OctoBans] smookeur sql checked, record: faussesinfos by SmooKeur to 1508775025
17-12-17 23:56:33 [INFO] [OctoBans] smookeur sql checked, record: majuscule by SmooKeur to 1508689245
17-12-17 23:56:33 [INFO] [OctoBans] smookeur sql checked, record: majuscule by SmooKeur to 1508689259
17-12-17 23:56:33 [INFO] [OctoBans] smookeur sql checked, record: spam by SmooKeur to 1508692300
17-12-17 23:56:33 [INFO] [OctoBans] smookeur sql checked, record: doubleposte by SmooKeur to 1508689215
17-12-17 23:56:33 [INFO] [OctoBans] smookeur sql checked, record: majuscule by SmooKeur to 1508689574
17-12-17 23:56:33 [INFO] [OctoBans] smookeur sql checked, record: spammp by SmooKeur to -1
17-12-17 23:56:33 [INFO] [OctoBans] smookeur sql checked, record: majuscule by SmooKeur to 1508690294
17-12-17 23:56:33 [INFO] [OctoBans] smookeur sql checked, record: doubleposte by SmooKeur to 1508752124
17-12-17 23:56:33 [INFO] [OctoBans] smookeur sql checked, record: pubyt by SmooKeur to 1508755447
17-12-17 23:56:33 [INFO] [OctoBans] smookeur sql checked, record: doubleposte by SmooKeur to 1508752162
17-12-17 23:56:33 [INFO] [OctoBans] smookeur sql checked, record: majuscule by SmooKeur to 1508752656
17-12-17 23:56:33 [INFO] [OctoBans] smookeur sql checked, record: majuscule by SmooKeur to 1508752668
17-12-17 23:56:33 [INFO] [OctoBans] smookeur sql checked, record: insulte by SmooKeur to 1508754939
17-12-17 23:56:33 [INFO] [OctoBans] smookeur sql checked, record: spam by SmooKeur to 1508755873
17-12-17 23:56:33 [INFO] [OctoBans] smookeur sql checked, record: doubleposte by SmooKeur to 1508753061
17-12-17 23:56:33 [INFO] [OctoBans] smookeur sql checked, record: majuscule by SmooKeur to 1508753089
17-12-17 23:56:33 [INFO] [OctoBans] smookeur sql checked, record: tpkill by SmooKeur to 1508838932
17-12-17 23:56:33 [INFO] [OctoBans] smookeur sql checked, record: doubleposte by SmooKeur to 1508753751
17-12-17 23:56:33 [INFO] [OctoBans] smookeur sql checked, record: insulte by SmooKeur to 1508758065
17-12-17 23:56:33 [INFO] [OctoBans] smookeur sql checked, record: majuscule by SmooKeur to 1508753505
17-12-17 23:56:33 [INFO] [OctoBans] smookeur sql checked, record: majuscule by SmooKeur to 1508753815
17-12-17 23:56:33 [INFO] [OctoBans] smookeur sql checked, record: doubleposte by SmooKeur to 1508753730
17-12-17 23:56:33 [INFO] [OctoBans] smookeur sql checked, record: pubyt by SmooKeur to 1508757259
17-12-17 23:56:33 [INFO] [OctoBans] smookeur sql checked, record: majuscule by SmooKeur to 1508754319
17-12-17 23:56:33 [INFO] [OctoBans] smookeur sql checked, record: pubyt by SmooKeur to 1508757527
17-12-17 23:56:33 [INFO] [OctoBans] smookeur sql checked, record: majuscule by SmooKeur to 1508754563
17-12-17 23:56:33 [INFO] [OctoBans] smookeur sql checked, record: majuscule by SmooKeur to 1508755872
17-12-17 23:56:33 [INFO] [OctoBans] smookeur sql checked, record: majuscule by SmooKeur to 1508756022
17-12-17 23:56:33 [INFO] [OctoBans] smookeur sql checked, record: spammp by SmooKeur to -1
17-12-17 23:56:33 [INFO] [OctoBans] smookeur sql checked, record: tpkill by SmooKeur to 1508842398
17-12-17 23:56:33 [INFO] [OctoBans] smookeur sql checked, record: spam by SmooKeur to 1508760241
17-12-17 23:56:33 [INFO] [OctoBans] smookeur sql checked, record: majuscule by SmooKeur to 1508757466
17-12-17 23:56:33 [INFO] [OctoBans] smookeur sql checked, record: majuscule by SmooKeur to 1508757552
17-12-17 23:56:33 [INFO] [OctoBans] smookeur sql checked, record: majuscule by SmooKeur to 1508758669
17-12-17 23:56:33 [INFO] [OctoBans] smookeur sql checked, record: incitationflood by SmooKeur to 1508843980
17-12-17 23:56:33 [INFO] [OctoBans] smookeur sql checked, record: incitationflood by SmooKeur to 1508844005
17-12-17 23:56:33 [INFO] [OctoBans] smookeur sql checked, record: doubleposte by SmooKeur to 1508758529
17-12-17 23:56:33 [INFO] [OctoBans] smookeur sql checked, record: majuscule by SmooKeur to 1508760333
17-12-17 23:56:33 [INFO] [OctoBans] smookeur sql checked, record: langage by SmooKeur to 1508761664
17-12-17 23:56:33 [INFO] [OctoBans] smookeur sql checked, record: majuscule by SmooKeur to 1508761679
17-12-17 23:56:33 [INFO] [OctoBans] smookeur sql checked, record: tpkill by SmooKeur to 1508847965
17-12-17 23:56:33 [INFO] [OctoBans] smookeur sql checked, record: majuscule by SmooKeur to 1508762478
17-12-17 23:56:33 [INFO] [OctoBans] smookeur sql checked, record: majuscule by SmooKeur to 1508762585
17-12-17 23:56:33 [INFO] [OctoBans] smookeur sql checked, record: tpkill by SmooKeur to 1508849733
17-12-17 23:56:33 [INFO] [OctoBans] smookeur sql checked, record: spammp by SmooKeur to -1
17-12-17 23:56:33 [INFO] [OctoBans] smookeur sql checked, record: menacehack by SmooKeur to 1509023833
17-12-17 23:56:33 [INFO] [OctoBans] smookeur sql checked, record: majuscule by SmooKeur to 1508766459
17-12-17 23:56:33 [INFO] [OctoBans] smookeur sql checked, record: majuscule by SmooKeur to 1508766501
17-12-17 23:56:33 [INFO] [OctoBans] smookeur sql checked, record: doubleposte by SmooKeur to 1508766596
17-12-17 23:56:33 [INFO] [OctoBans] smookeur sql checked, record: doubleposte by SmooKeur to 1508766973
17-12-17 23:56:33 [INFO] [OctoBans] smookeur sql checked, record: faussesinfos by SmooKeur to 1508852894
17-12-17 23:56:33 [INFO] [OctoBans] smookeur sql checked, record: majuscule by SmooKeur to 1508768029
17-12-17 23:56:33 [INFO] [OctoBans] smookeur sql checked, record: majuscule by SmooKeur to 1508768052
17-12-17 23:56:33 [INFO] [OctoBans] smookeur sql checked, record: doubleposte by SmooKeur to 1508768230
17-12-17 23:56:33 [INFO] [OctoBans] smookeur sql checked, record: majuscule by SmooKeur to 1508769251
17-12-17 23:56:33 [INFO] [OctoBans] smookeur sql checked, record: incitationflood by SmooKeur to 1508855323
17-12-17 23:56:33 [INFO] [OctoBans] smookeur sql checked, record: insultegrave by SmooKeur to 1508804980
17-12-17 23:56:33 [INFO] [OctoBans] smookeur sql checked, record: spammp by SmooKeur to -1
17-12-17 23:56:33 [INFO] [OctoBans] smookeur sql checked, record: doubleposte by SmooKeur to 1508769816
17-12-17 23:56:33 [INFO] [OctoBans] smookeur sql checked, record: multicompte by SmooKeur to -1
17-12-17 23:56:33 [INFO] [OctoBans] smookeur sql checked, record: doubleposte by SmooKeur to 1508771107
17-12-17 23:56:33 [INFO] [OctoBans] smookeur sql checked, record: langage by SmooKeur to 1508771807
17-12-17 23:56:33 [INFO] [OctoBans] smookeur sql checked, record: majuscule by SmooKeur to 1508771948
17-12-17 23:56:33 [INFO] [OctoBans] smookeur sql checked, record: doubleposte by SmooKeur to 1508773026
17-12-17 23:56:33 [INFO] [OctoBans] smookeur sql checked, record: doubleposte by SmooKeur to 1508773843
17-12-17 23:56:33 [INFO] [OctoBans] smookeur sql checked, record: majuscule by SmooKeur to 1508773986
17-12-17 23:56:33 [INFO] [OctoBans] smookeur sql checked, record: doubleposte by SmooKeur to 1508774991
17-12-17 23:56:33 [INFO] [OctoBans] smookeur sql checked, record: majuscule by SmooKeur to 1508775777
17-12-17 23:56:33 [INFO] [OctoBans] smookeur sql checked, record: majuscule by SmooKeur to 1508775786
17-12-17 23:56:33 [INFO] [OctoBans] smookeur sql checked, record: doubleposte by SmooKeur to 1508775592
17-12-17 23:56:33 [INFO] [OctoBans] smookeur sql checked, record: doubleposte by SmooKeur to 1508776451
17-12-17 23:56:33 [INFO] [OctoBans] smookeur sql checked, record: doubleposte by SmooKeur to 1508777653
17-12-17 23:56:33 [INFO] [OctoBans] smookeur sql checked, record: spammp by SmooKeur to -1
17-12-17 23:56:33 [INFO] [OctoBans] smookeur sql checked, record: majuscule by SmooKeur to 1508781843
17-12-17 23:56:33 [INFO] [OctoBans] smookeur sql checked, record: spammp by SmooKeur to -1
17-12-17 23:56:33 [INFO] [OctoBans] smookeur sql checked, record: langage by SmooKeur to 1508782527
17-12-17 23:56:33 [INFO] [OctoBans] smookeur sql checked, record: langage by SmooKeur to 1508782787
17-12-17 23:56:33 [INFO] [OctoBans] smookeur sql checked, record: majuscule by SmooKeur to 1508783187
17-12-17 23:56:33 [INFO] [OctoBans] smookeur sql checked, record: pubyt by SmooKeur to 1508786878
17-12-17 23:56:33 [INFO] [OctoBans] smookeur sql checked, record: doubleposte by SmooKeur to 1508783624
17-12-17 23:56:33 [INFO] [OctoBans] smookeur sql checked, record: doubleposte by SmooKeur to 1508784418
17-12-17 23:56:33 [INFO] [OctoBans] smookeur sql checked, record: doubleposte by SmooKeur to 1508784761
17-12-17 23:56:33 [INFO] [OctoBans] smookeur sql checked, record: doubleposte by SmooKeur to 1508785248
17-12-17 23:56:33 [INFO] [OctoBans] smookeur sql checked, record: majuscule by SmooKeur to 1508785858
17-12-17 23:56:33 [INFO] [OctoBans] smookeur sql checked, record: insulte by SmooKeur to 1508787990
17-12-17 23:56:33 [INFO] [OctoBans] smookeur sql checked, record: insulte by SmooKeur to 1508788098
17-12-17 23:56:33 [INFO] [OctoBans] smookeur sql checked, record: menacehack by SmooKeur to 1509047637
17-12-17 23:56:33 [INFO] [OctoBans] smookeur sql checked, record: tpkill by SmooKeur to 1508875013
17-12-17 23:56:33 [INFO] [OctoBans] smookeur sql checked, record: doubleposte by SmooKeur to 1508789379
17-12-17 23:56:33 [INFO] [OctoBans] smookeur sql checked, record: spam by SmooKeur to 1508792581
17-12-17 23:56:33 [INFO] [OctoBans] smookeur sql checked, record: faussesinfos by SmooKeur to 1508877860
17-12-17 23:56:33 [INFO] [OctoBans] smookeur sql checked, record: provocation by SmooKeur to 1508791812
17-12-17 23:56:33 [INFO] [OctoBans] smookeur sql checked, record: faussesinfos by SmooKeur to 1508878747
17-12-17 23:56:33 [INFO] [OctoBans] smookeur sql checked, record: doubleposte by SmooKeur to 1508792862
17-12-17 23:56:33 [INFO] [OctoBans] smookeur sql checked, record: majuscule by SmooKeur to 1508794348
17-12-17 23:56:33 [INFO] [OctoBans] smookeur sql checked, record: majuscule by SmooKeur to 1508796898
17-12-17 23:56:33 [INFO] [OctoBans] smookeur sql checked, record: majuscule by SmooKeur to 1508796747
17-12-17 23:56:33 [INFO] [OctoBans] smookeur sql checked, record: multicompte by SmooKeur to -1
17-12-17 23:56:33 [INFO] [OctoBans] smookeur sql checked, record: multicompte by SmooKeur to -1
17-12-17 23:56:33 [INFO] [OctoBans] smookeur sql checked, record: multicompte by SmooKeur to -1
17-12-17 23:56:33 [INFO] [OctoBans] smookeur sql checked, record: multicompte by SmooKeur to -1
17-12-17 23:56:33 [INFO] [OctoBans] smookeur sql checked, record: doubleposte by SmooKeur to 1509119147
17-12-17 23:56:33 [INFO] [OctoBans] smookeur sql checked, record: multicompte by SmooKeur to -1
17-12-17 23:56:33 [INFO] [OctoBans] smookeur sql checked, record: provocation by SmooKeur to 1509119714
17-12-17 23:56:33 [INFO] [OctoBans] smookeur sql checked, record: tpkill by SmooKeur to 1509205849
17-12-17 23:56:33 [INFO] [OctoBans] smookeur sql checked, record: multicompte by SmooKeur to -1
17-12-17 23:56:33 [INFO] [OctoBans] smookeur sql checked, record: spammp by SmooKeur to -1
17-12-17 23:56:33 [INFO] [OctoBans] smookeur sql checked, record: spammp by SmooKeur to -1
17-12-17 23:56:33 [INFO] [OctoBans] smookeur sql checked, record: doubleposte by SmooKeur to 1509123626
17-12-17 23:56:33 [INFO] [OctoBans] smookeur sql checked, record: insulte by SmooKeur to 1509126251
17-12-17 23:56:33 [INFO] [OctoBans] smookeur sql checked, record: doubleposte by SmooKeur to 1509124322
17-12-17 23:56:33 [INFO] [OctoBans] smookeur sql checked, record: doubleposte by SmooKeur to 1509124029
17-12-17 23:56:33 [INFO] [OctoBans] smookeur sql checked, record: doubleposte by SmooKeur to 1509124042
17-12-17 23:56:33 [INFO] [OctoBans] smookeur sql checked, record: doubleposte by SmooKeur to 1509124048
17-12-17 23:56:33 [INFO] [OctoBans] smookeur sql checked, record: doubleposte by SmooKeur to 1509124359
17-12-17 23:56:33 [INFO] [OctoBans] smookeur sql checked, record: doubleposte by SmooKeur to 1509124078
17-12-17 23:56:33 [INFO] [OctoBans] smookeur sql checked, record: tpkill by SmooKeur to 1509282581
17-12-17 23:56:33 [INFO] [OctoBans] smookeur sql checked, record: majuscule by SmooKeur to 1509197676
17-12-17 23:56:33 [INFO] [OctoBans] smookeur sql checked, record: spammp by SmooKeur to -1
17-12-17 23:56:33 [INFO] [OctoBans] smookeur sql checked, record: provocation by SmooKeur to 1509198310
17-12-17 23:56:33 [INFO] [OctoBans] smookeur sql checked, record: doubleposte by SmooKeur to 1509198830
17-12-17 23:56:33 [INFO] [OctoBans] smookeur sql checked, record: pubyt by SmooKeur to 1509202011
17-12-17 23:56:33 [INFO] [OctoBans] smookeur sql checked, record: langage by SmooKeur to 1509200178
17-12-17 23:56:33 [INFO] [OctoBans] smookeur sql checked, record: doubleposte by SmooKeur to 1509199888
17-12-17 23:56:33 [INFO] [OctoBans] smookeur sql checked, record: majuscule by SmooKeur to 1509368019
17-12-17 23:56:33 [INFO] [OctoBans] smookeur sql checked, record: doubleposte by SmooKeur to 1509367798
17-12-17 23:56:33 [INFO] [OctoBans] smookeur sql checked, record: pubsrv by SmooKeur to 1509371197
17-12-17 23:56:33 [INFO] [OctoBans] smookeur sql checked, record: doubleposte by SmooKeur to 1509368466
17-12-17 23:56:33 [INFO] [OctoBans] smookeur sql checked, record: majuscule by SmooKeur to 1509369073
17-12-17 23:56:33 [INFO] [OctoBans] smookeur sql checked, record: menacehack by SmooKeur to 1509627587
17-12-17 23:56:33 [INFO] [OctoBans] smookeur sql checked, record: faussesinfos by SmooKeur to 1509458694
17-12-17 23:56:33 [INFO] [OctoBans] smookeur sql checked, record: doubleposte by SmooKeur to 1509372628
17-12-17 23:56:33 [INFO] [OctoBans] smookeur sql checked, record: faussesinfos by SmooKeur to 1509458762
17-12-17 23:56:33 [INFO] [OctoBans] smookeur sql checked, record: doubleposte by SmooKeur to 1509372998
17-12-17 23:56:33 [INFO] [OctoBans] smookeur sql checked, record: pubyt by SmooKeur to 1509376449
17-12-17 23:56:33 [INFO] [OctoBans] smookeur sql checked, record: spam by SmooKeur to 1509376453
17-12-17 23:56:33 [INFO] [OctoBans] smookeur sql checked, record: tpkill by SmooKeur to 1509459599
17-12-17 23:56:33 [INFO] [OctoBans] smookeur sql checked, record: majuscule by SmooKeur to 1509374412
17-12-17 23:56:33 [INFO] [OctoBans] smookeur sql checked, record: faussesinfos by SmooKeur to 1509459625
17-12-17 23:56:33 [INFO] [OctoBans] smookeur sql checked, record: tpkill by SmooKeur to 1509459680
17-12-17 23:56:33 [INFO] [OctoBans] smookeur sql checked, record: majuscule by SmooKeur to 1509374489
17-12-17 23:56:33 [INFO] [OctoBans] smookeur sql checked, record: faussesinfos by SmooKeur to 1509459706
17-12-17 23:56:33 [INFO] [OctoBans] smookeur sql checked, record: majuscule by SmooKeur to 1509373911
17-12-17 23:56:33 [INFO] [OctoBans] smookeur sql checked, record: insultegrave by SmooKeur to 1509445359
17-12-17 23:56:33 [INFO] [OctoBans] smookeur sql checked, record: pubyt by SmooKeur to 1509377248
17-12-17 23:56:33 [INFO] [OctoBans] smookeur sql checked, record: pubyt by SmooKeur to 1509377260
17-12-17 23:56:33 [INFO] [OctoBans] smookeur sql checked, record: spam by SmooKeur to 1509377315
17-12-17 23:56:33 [INFO] [OctoBans] smookeur sql checked, record: doubleposte by SmooKeur to 1509374108
17-12-17 23:56:33 [INFO] [OctoBans] smookeur sql checked, record: majuscule by SmooKeur to 1509374580
17-12-17 23:56:33 [INFO] [OctoBans] smookeur sql checked, record: spammp by SmooKeur to -1
17-12-17 23:56:33 [INFO] [OctoBans] smookeur sql checked, record: doubleposte by SmooKeur to 1509375389
17-12-17 23:56:33 [INFO] [OctoBans] smookeur sql checked, record: doubleposte by SmooKeur to 1509374952
17-12-17 23:56:33 [INFO] [OctoBans] smookeur sql checked, record: tpkill by SmooKeur to 1509461200
17-12-17 23:56:33 [INFO] [OctoBans] smookeur sql checked, record: faussesinfos by SmooKeur to 1509461227
17-12-17 23:56:33 [INFO] [OctoBans] smookeur sql checked, record: faussesinfos by SmooKeur to 1509461863
17-12-17 23:56:33 [INFO] [OctoBans] smookeur sql checked, record: doubleposte by SmooKeur to 1509376632
17-12-17 23:56:33 [INFO] [OctoBans] smookeur sql checked, record: doubleposte by SmooKeur to 1509376640
17-12-17 23:56:33 [INFO] [OctoBans] smookeur sql checked, record: provocation by SmooKeur to 1509378046
17-12-17 23:56:33 [INFO] [OctoBans] smookeur sql checked, record: doubleposte by SmooKeur to 1509377898
17-12-17 23:56:33 [INFO] [OctoBans] smookeur sql checked, record: doubleposte by SmooKeur to 1509378568
17-12-17 23:56:33 [INFO] [OctoBans] smookeur sql checked, record: provocation by SmooKeur to 1509381002
17-12-17 23:56:33 [INFO] [OctoBans] smookeur sql checked, record: doubleposte by SmooKeur to 1509378330
17-12-17 23:56:33 [INFO] [OctoBans] smookeur sql checked, record: insulte by SmooKeur to 1509380789
17-12-17 23:56:33 [INFO] [OctoBans] smookeur sql checked, record: majuscule by SmooKeur to 1509379463
17-12-17 23:56:33 [INFO] [OctoBans] smookeur sql checked, record: multicompte by SmooKeur to -1
17-12-17 23:56:33 [INFO] [OctoBans] smookeur sql checked, record: doubleposte by SmooKeur to 1509379497
17-12-17 23:56:33 [INFO] [OctoBans] smookeur sql checked, record: majuscule by SmooKeur to 1509379248
17-12-17 23:56:33 [INFO] [OctoBans] smookeur sql checked, record: majuscule by SmooKeur to 1509379253
17-12-17 23:56:33 [INFO] [OctoBans] smookeur sql checked, record: doubleposte by SmooKeur to 1509379691
17-12-17 23:56:33 [INFO] [OctoBans] smookeur sql checked, record: majuscule by SmooKeur to 1509379446
17-12-17 23:56:33 [INFO] [OctoBans] smookeur sql checked, record: spammp by SmooKeur to -1
17-12-17 23:56:33 [INFO] [OctoBans] smookeur sql checked, record: spammp by SmooKeur to -1
17-12-17 23:56:33 [INFO] [OctoBans] smookeur sql checked, record: langage by SmooKeur to 1509380618
17-12-17 23:56:33 [INFO] [OctoBans] smookeur sql checked, record: langage by SmooKeur to 1509380632
17-12-17 23:56:33 [INFO] [OctoBans] smookeur sql checked, record: doubleposte by SmooKeur to 1509380651
17-12-17 23:56:33 [INFO] [OctoBans] smookeur sql checked, record: doubleposte by SmooKeur to 1509380386
17-12-17 23:56:33 [INFO] [OctoBans] smookeur sql checked, record: spammp by SmooKeur to -1
17-12-17 23:56:33 [INFO] [OctoBans] smookeur sql checked, record: doubleposte by SmooKeur to 1509380622
17-12-17 23:56:33 [INFO] [OctoBans] smookeur sql checked, record: tpkill by SmooKeur to 1509467746
17-12-17 23:56:33 [INFO] [OctoBans] smookeur sql checked, record: faussesinfos by SmooKeur to 1509467767
17-12-17 23:56:33 [INFO] [OctoBans] smookeur sql checked, record: doubleposte by SmooKeur to 1509382177
17-12-17 23:56:33 [INFO] [OctoBans] smookeur sql checked, record: insulte by SmooKeur to 1509385348
17-12-17 23:56:33 [INFO] [OctoBans] smookeur sql checked, record: pubyt by SmooKeur to 1509389947
17-12-17 23:56:33 [INFO] [OctoBans] smookeur sql checked, record: majuscule by SmooKeur to 1509384062
17-12-17 23:56:33 [INFO] [OctoBans] smookeur sql checked, record: tpkill by SmooKeur to 1509469705
17-12-17 23:56:33 [INFO] [OctoBans] smookeur sql checked, record: faussesinfos by SmooKeur to 1509469731
17-12-17 23:56:33 [INFO] [OctoBans] smookeur sql checked, record: majuscule by SmooKeur to 1509384144
17-12-17 23:56:33 [INFO] [OctoBans] smookeur sql checked, record: tpkill by SmooKeur to 1509470175
17-12-17 23:56:33 [INFO] [OctoBans] smookeur sql checked, record: doubleposte by SmooKeur to 1509385021
17-12-17 23:56:33 [INFO] [OctoBans] smookeur sql checked, record: doubleposte by SmooKeur to 1509384188
17-12-17 23:56:33 [INFO] [OctoBans] smookeur sql checked, record: doubleposte by SmooKeur to 1509384197
17-12-17 23:56:33 [INFO] [OctoBans] smookeur sql checked, record: faussesinfos by SmooKeur to 1509556740
17-12-17 23:56:33 [INFO] [OctoBans] smookeur sql checked, record: tpkill by SmooKeur to 1509470369
17-12-17 23:56:33 [INFO] [OctoBans] smookeur sql checked, record: provocation by SmooKeur to 1509384348
17-12-17 23:56:33 [INFO] [OctoBans] smookeur sql checked, record: doubleposte by SmooKeur to 1509384740
17-12-17 23:56:33 [INFO] [OctoBans] smookeur sql checked, record: doubleposte by SmooKeur to 1509384851
17-12-17 23:56:33 [INFO] [OctoBans] smookeur sql checked, record: spam by SmooKeur to 1509388238
17-12-17 23:56:33 [INFO] [OctoBans] smookeur sql checked, record: faussesinfos by SmooKeur to 1509471066
17-12-17 23:56:33 [INFO] [OctoBans] smookeur sql checked, record: spam by SmooKeur to 1509388300
17-12-17 23:56:33 [INFO] [OctoBans] smookeur sql checked, record: spam by SmooKeur to 1509388310
17-12-17 23:56:33 [INFO] [OctoBans] smookeur sql checked, record: spam by SmooKeur to 1509388328
17-12-17 23:56:33 [INFO] [OctoBans] smookeur sql checked, record: langage by SmooKeur to 1509385437
17-12-17 23:56:33 [INFO] [OctoBans] smookeur sql checked, record: doubleposte by SmooKeur to 1509385144
17-12-17 23:56:33 [INFO] [OctoBans] smookeur sql checked, record: doubleposte by SmooKeur to 1509385201
17-12-17 23:56:33 [INFO] [OctoBans] smookeur sql checked, record: spam by SmooKeur to 1509388650
17-12-17 23:56:33 [INFO] [OctoBans] smookeur sql checked, record: spam by SmooKeur to 1509388656
17-12-17 23:56:33 [INFO] [OctoBans] smookeur sql checked, record: langage by SmooKeur to 1509385665
17-12-17 23:56:33 [INFO] [OctoBans] smookeur sql checked, record: insultelegere by SmooKeur to 1509386386
17-12-17 23:56:33 [INFO] [OctoBans] smookeur sql checked, record: spammp by SmooKeur to -1
17-12-17 23:56:33 [INFO] [OctoBans] smookeur sql checked, record: doubleposte by SmooKeur to 1509387480
17-12-17 23:56:33 [INFO] [OctoBans] smookeur sql checked, record: majuscule by SmooKeur to 1509388974
17-12-17 23:56:33 [INFO] [OctoBans] smookeur sql checked, record: majuscule by SmooKeur to 1509387827
17-12-17 23:56:33 [INFO] [OctoBans] smookeur sql checked, record: provocation by SmooKeur to 1509387921
17-12-17 23:56:33 [INFO] [OctoBans] smookeur sql checked, record: majuscule by SmooKeur to 1509388300
17-12-17 23:56:33 [INFO] [OctoBans] smookeur sql checked, record: langage by SmooKeur to 1509388782
17-12-17 23:56:33 [INFO] [OctoBans] smookeur sql checked, record: doubleposte by SmooKeur to 1509392605
17-12-17 23:56:33 [INFO] [OctoBans] smookeur sql checked, record: langage by SmooKeur to 1509391617
17-12-17 23:56:33 [INFO] [OctoBans] smookeur sql checked, record: majuscule by SmooKeur to 1509392934
17-12-17 23:56:33 [INFO] [OctoBans] smookeur sql checked, record: provocation by SmooKeur to 1509393531
17-12-17 23:56:33 [INFO] [OctoBans] smookeur sql checked, record: provocation by SmooKeur to 1509403200
17-12-17 23:56:33 [INFO] [OctoBans] smookeur sql checked, record: doubleposte by SmooKeur to 1509399012
17-12-17 23:56:33 [INFO] [OctoBans] smookeur sql checked, record: tpkill by SmooKeur to 1509485099
17-12-17 23:56:33 [INFO] [OctoBans] smookeur sql checked, record: faussesinfos by SmooKeur to 1509485119
17-12-17 23:56:33 [INFO] [OctoBans] smookeur sql checked, record: tpkill by SmooKeur to 1509487868
17-12-17 23:56:33 [INFO] [OctoBans] smookeur sql checked, record: spam by SmooKeur to 1509405815
17-12-17 23:56:33 [INFO] [OctoBans] smookeur sql checked, record: provocation by SmooKeur to 1509408898
17-12-17 23:56:33 [INFO] [OctoBans] smookeur sql checked, record: majuscule by SmooKeur to 1509404203
17-12-17 23:56:33 [INFO] [OctoBans] smookeur sql checked, record: doubleposte by SmooKeur to 1509446927
17-12-17 23:56:33 [INFO] [OctoBans] smookeur sql checked, record: faussesinfos by SmooKeur to 1509532477
17-12-17 23:56:33 [INFO] [OctoBans] smookeur sql checked, record: spam by SmooKeur to 1509449830
17-12-17 23:56:33 [INFO] [OctoBans] smookeur sql checked, record: insulte by SmooKeur to 1509449359
17-12-17 23:56:33 [INFO] [OctoBans] smookeur sql checked, record: faussesinfos by SmooKeur to 1509533150
17-12-17 23:56:33 [INFO] [OctoBans] smookeur sql checked, record: tpkill by SmooKeur to 1509533171
17-12-17 23:56:33 [INFO] [OctoBans] smookeur sql checked, record: faussesinfos by SmooKeur to 1509533601
17-12-17 23:56:33 [INFO] [OctoBans] smookeur sql checked, record: doubleposte by SmooKeur to 1509449651
17-12-17 23:56:33 [INFO] [OctoBans] smookeur sql checked, record: langage by SmooKeur to 1509715193
17-12-17 23:56:33 [INFO] [OctoBans] smookeur sql checked, record: spam by SmooKeur to 1509718214
17-12-17 23:56:33 [INFO] [OctoBans] smookeur sql checked, record: pubsrv by SmooKeur to 1509719128
17-12-17 23:56:33 [INFO] [OctoBans] smookeur sql checked, record: doubleposte by SmooKeur to 1509978606
17-12-17 23:56:33 [INFO] [OctoBans] smookeur sql checked, record: majuscule by SmooKeur to 1509979278
17-12-17 23:56:33 [INFO] [OctoBans] smookeur sql checked, record: provocation by SmooKeur to 1509981219
17-12-17 23:56:33 [INFO] [OctoBans] smookeur sql checked, record: spammp by SmooKeur to -1
17-12-17 23:56:33 [INFO] [OctoBans] smookeur sql checked, record: spammp by SmooKeur to -1
17-12-17 23:56:33 [INFO] [OctoBans] smookeur sql checked, record: trahisonforum by SmooKeur to -1
17-12-17 23:56:33 [INFO] [OctoBans] smookeur sql checked, record: doubleposte by SmooKeur to 1509982490
17-12-17 23:56:33 [INFO] [OctoBans] smookeur sql checked, record: doubleposte by SmooKeur to 1509984266
17-12-17 23:56:33 [INFO] [OctoBans] smookeur sql checked, record: doubleposte by SmooKeur to 1509982587
17-12-17 23:56:33 [INFO] [OctoBans] smookeur sql checked, record: doubleposte by SmooKeur to 1510578517
17-12-17 23:56:33 [INFO] [OctoBans] smookeur sql checked, record: insultestaff by SmooKeur to 1510613924
17-12-17 23:56:33 [INFO] [OctoBans] smookeur sql checked, record: spam by SmooKeur to 1510585715
17-12-17 23:56:33 [INFO] [OctoBans] smookeur sql checked, record: insulte by SmooKeur to 1510600740
17-12-17 23:56:33 [INFO] [OctoBans] smookeur sql checked, record: provocation by SmooKeur to 1510583962
17-12-17 23:56:33 [INFO] [OctoBans] smookeur sql checked, record: doubleposte by SmooKeur to 1510580779
17-12-17 23:56:33 [INFO] [OctoBans] smookeur sql checked, record: menacehack by SmooKeur to 1510839687
17-12-17 23:56:33 [INFO] [OctoBans] smookeur sql checked, record: insultegrave by SmooKeur to 1510619150
17-12-17 23:56:33 [INFO] [OctoBans] smookeur sql checked, record: doubleposte by SmooKeur to 1510587708
17-12-17 23:56:33 [INFO] [OctoBans] smookeur sql checked, record: doubleposte by SmooKeur to 1510588210
17-12-17 23:56:33 [INFO] [OctoBans] smookeur sql checked, record: majuscule by SmooKeur to 1510599012
17-12-17 23:56:33 [INFO] [OctoBans] smookeur sql checked, record: doubleposte by SmooKeur to 1510595897
17-12-17 23:56:33 [INFO] [OctoBans] smookeur sql checked, record: doubleposte by SmooKeur to 1510597104
17-12-17 23:56:33 [INFO] [OctoBans] smookeur sql checked, record: doubleposte by SmooKeur to 1510597035
17-12-17 23:56:33 [INFO] [OctoBans] smookeur sql checked, record: langage by SmooKeur to 1510597354
17-12-17 23:56:33 [INFO] [OctoBans] smookeur sql checked, record: majuscule by SmooKeur to 1510598024
17-12-17 23:56:33 [INFO] [OctoBans] smookeur sql checked, record: arnaqueforum by SmooKeur to -1
17-12-17 23:56:33 [INFO] [OctoBans] smookeur sql checked, record: spam by SmooKeur to 1510610084
17-12-17 23:56:33 [INFO] [OctoBans] smookeur sql checked, record: tpkill by SmooKeur to 1511532600
17-12-17 23:56:33 [INFO] [OctoBans] smookeur sql checked, record: doubleposte by SmooKeur to 1511361013
17-12-17 23:56:33 [INFO] [OctoBans] smookeur sql checked, record: faussesinfos by SmooKeur to 1511446260
17-12-17 23:56:33 [INFO] [OctoBans] smookeur sql checked, record: multicompte by SmooKeur to -1
17-12-17 23:56:33 [INFO] [OctoBans] smookeur sql checked, record: multicompte by SmooKeur to -1
17-12-17 23:56:33 [INFO] [OctoBans] smookeur sql checked, record: multicompte by SmooKeur to -1
17-12-17 23:56:33 [INFO] [OctoBans] smookeur sql checked, record: multicompte by SmooKeur to -1
17-12-17 23:56:33 [INFO] [OctoBans] smookeur sql checked, record: multicompte by SmooKeur to -1
17-12-17 23:56:33 [INFO] [OctoBans] smookeur sql checked, record: multicompte by SmooKeur to -1
17-12-17 23:56:33 [INFO] [OctoBans] smookeur sql checked, record: doubleposte by SmooKeur to 1511361478
17-12-17 23:56:33 [INFO] [OctoBans] smookeur sql checked, record: doubleposte by SmooKeur to 1511362720
17-12-17 23:56:33 [INFO] [OctoBans] smookeur sql checked, record: majuscule by SmooKeur to 1511364587
17-12-17 23:56:33 [INFO] [OctoBans] smookeur sql checked, record: racism by SmooKeur to 1511451481
17-12-17 23:56:33 [INFO] [OctoBans] smookeur sql checked, record: provocation by SmooKeur to 1511370933
17-12-17 23:56:33 [INFO] [OctoBans] smookeur sql checked, record: majuscule by SmooKeur to 1511367949
17-12-17 23:56:33 [INFO] [OctoBans] smookeur sql checked, record: doubleposte by SmooKeur to 1511370357
17-12-17 23:56:33 [INFO] [OctoBans] smookeur sql checked, record: majuscule by SmooKeur to 1511370847
17-12-17 23:56:33 [INFO] [OctoBans] smookeur sql checked, record: arnaqueforum by SmooKeur to -1
17-12-17 23:56:33 [INFO] [OctoBans] smookeur sql checked, record: doubleposte by SmooKeur to 1511374855
17-12-17 23:56:33 [INFO] [OctoBans] smookeur sql checked, record: doubleposte by SmooKeur to 1511386782
17-12-17 23:56:33 [INFO] [OctoBans] smookeur sql checked, record: doubleposte by SmooKeur to 1511385961
17-12-17 23:56:33 [INFO] [OctoBans] smookeur sql checked, record: doubleposte by SmooKeur to 1511386676
17-12-17 23:56:33 [INFO] [OctoBans] smookeur sql checked, record: doubleposte by SmooKeur to 1511634842
17-12-17 23:56:33 [INFO] [OctoBans] smookeur sql checked, record: doubleposte by SmooKeur to 1511639331
17-12-17 23:56:33 [INFO] [OctoBans] smookeur sql checked, record: faussesinfos by SmooKeur to 1511723125
17-12-17 23:56:33 [INFO] [OctoBans] smookeur sql checked, record: doubleposte by SmooKeur to 1511640458
17-12-17 23:56:33 [INFO] [OctoBans] smookeur sql checked, record: faussesinfos by SmooKeur to 1511777695
17-12-17 23:56:33 [INFO] [OctoBans] smookeur sql checked, record: tpkill by SmooKeur to 1511777721
17-12-17 23:56:33 [INFO] [OctoBans] smookeur sql checked, record: doubleposte by SmooKeur to 1511700460
17-12-17 23:56:33 [INFO] [OctoBans] smookeur sql checked, record: faussesinfos by SmooKeur to 1511780228
17-12-17 23:56:33 [INFO] [OctoBans] smookeur sql checked, record: tpkill by SmooKeur to 1511953049
17-12-17 23:56:33 [INFO] [OctoBans] smookeur sql checked, record: tpkill by SmooKeur to 1511788903
17-12-17 23:56:33 [INFO] [OctoBans] smookeur sql checked, record: majuscule by SmooKeur to 1511707698
17-12-17 23:56:33 [INFO] [OctoBans] smookeur sql checked, record: doubleposte by SmooKeur to 1511882565
17-12-17 23:56:33 [INFO] [OctoBans] smookeur sql checked, record: faussesinfos by SmooKeur to 1511968843
17-12-17 23:56:33 [INFO] [OctoBans] smookeur sql checked, record: insultestaff by SmooKeur to 1511918539
17-12-17 23:56:33 [INFO] [OctoBans] smookeur sql checked, record: insultestaff by SmooKeur to 1511925334
17-12-17 23:56:33 [INFO] [OctoBans] smookeur sql checked, record: provocation by SmooKeur to 1511892536
17-12-17 23:56:33 [INFO] [OctoBans] smookeur sql checked, record: spammp by SmooKeur to -1
17-12-17 23:56:33 [INFO] [OctoBans] smookeur sql checked, record: provocation by SmooKeur to 1511905938
17-12-17 23:56:33 [INFO] [OctoBans] smookeur sql checked, record: doubleposte by SmooKeur to 1511960350
17-12-17 23:56:33 [INFO] [OctoBans] smookeur sql checked, record: faussesinfos by SmooKeur to 1512046734
17-12-17 23:56:33 [INFO] [OctoBans] smookeur sql checked, record: faussesinfos by SmooKeur to 1512046811
17-12-17 23:56:33 [INFO] [OctoBans] smookeur sql checked, record: doubleposte by SmooKeur to 1511961149
17-12-17 23:56:33 [INFO] [OctoBans] smookeur sql checked, record: majuscule by SmooKeur to 1511961875
17-12-17 23:56:33 [INFO] [OctoBans] smookeur sql checked, record: doubleposte by SmooKeur to 1511965550
17-12-17 23:56:33 [INFO] [OctoBans] smookeur sql checked, record: faussesinfos by SmooKeur to 1512048550
17-12-17 23:56:33 [INFO] [OctoBans] smookeur sql checked, record: multicompte by SmooKeur to -1
17-12-17 23:56:33 [INFO] [OctoBans] smookeur sql checked, record: multicompte by SmooKeur to -1
17-12-17 23:56:33 [INFO] [OctoBans] smookeur sql checked, record: majuscule by SmooKeur to 1511978657
17-12-17 23:56:33 [INFO] [OctoBans] smookeur sql checked, record: tpkill by SmooKeur to 1512064870
17-12-17 23:56:33 [INFO] [OctoBans] smookeur sql checked, record: tpkill by SmooKeur to 1512064875
17-12-17 23:56:33 [INFO] [OctoBans] smookeur sql checked, record: provocation by SmooKeur to 1511989064
17-12-17 23:56:33 [INFO] [OctoBans] smookeur sql checked, record: doubleposte by SmooKeur to 1511988045
17-12-17 23:56:33 [INFO] [OctoBans] smookeur sql checked, record: tpkill by SmooKeur to 1512073576
17-12-17 23:56:33 [INFO] [OctoBans] smookeur sql checked, record: faussesinfos by SmooKeur to 1512073597
17-12-17 23:56:33 [INFO] [OctoBans] smookeur sql checked, record: majuscule by SmooKeur to 1512398907
17-12-17 23:56:33 [INFO] [OctoBans] smookeur sql checked, record: majuscule by SmooKeur to 1512401635
17-12-17 23:56:33 [INFO] [OctoBans] smookeur sql checked, record: doubleposte by SmooKeur to 1512401938
17-12-17 23:56:33 [INFO] [OctoBans] smookeur sql checked, record: spammp by SmooKeur to -1
17-12-17 23:56:33 [INFO] [OctoBans] smookeur sql checked, record: multicompte by SmooKeur to -1
17-12-17 23:56:33 [INFO] [OctoBans] smookeur sql checked, record: faussesinfos by SmooKeur to 1512505179
17-12-17 23:56:33 [INFO] [OctoBans] smookeur sql checked, record: spammp by SmooKeur to -1
17-12-17 23:56:33 [INFO] [OctoBans] smookeur sql checked, record: spammp by SmooKeur to -1
17-12-17 23:56:33 [INFO] [OctoBans] smookeur sql checked, record: insultegrave by SmooKeur to 1512466154
17-12-17 23:56:33 [INFO] [OctoBans] smookeur sql checked, record: insultestaff by SmooKeur to 1512466166
17-12-17 23:56:33 [INFO] [OctoBans] smookeur sql checked, record: multicompte by SmooKeur to -1
17-12-17 23:56:33 [INFO] [OctoBans] smookeur sql checked, record: provocation by SmooKeur to 1512443641
17-12-17 23:56:33 [INFO] [OctoBans] smookeur sql checked, record: provocation by SmooKeur to 1512496738
17-12-17 23:56:33 [INFO] [OctoBans] smookeur sql checked, record: doubleposte by SmooKeur to 1512490260
17-12-17 23:56:33 [INFO] [OctoBans] smookeur sql checked, record: insultegrave by SmooKeur to 1512522856
17-12-17 23:56:33 [INFO] [OctoBans] smookeur sql checked, record: provocation by SmooKeur to 1512491430
17-12-17 23:56:33 [INFO] [OctoBans] smookeur sql checked, record: faussesinfos by SmooKeur to 1512577540
17-12-17 23:56:33 [INFO] [OctoBans] smookeur sql checked, record: faussesinfos by SmooKeur to 1512585455
17-12-17 23:56:33 [INFO] [OctoBans] smookeur sql checked, record: faussesinfos by SmooKeur to 1512729175
17-12-17 23:56:33 [INFO] [OctoBans] smookeur sql checked, record: doubleposte by SmooKeur to 1512643600
17-12-17 23:56:33 [INFO] [OctoBans] smookeur sql checked, record: insultegrave by SmooKeur to 1512752119
17-12-17 23:56:33 [INFO] [OctoBans] smookeur sql checked, record: provocation by SmooKeur to 1512645400
17-12-17 23:56:33 [INFO] [OctoBans] smookeur sql checked, record: spam by SmooKeur to 1512648984
17-12-17 23:56:33 [INFO] [OctoBans] smookeur sql checked, record: spam by SmooKeur to 1512658077
17-12-17 23:56:33 [INFO] [OctoBans] smookeur sql checked, record: spammp by SmooKeur to -1
17-12-17 23:56:33 [INFO] [OctoBans] smookeur sql checked, record: insulte by SmooKeur to 1512660930
17-12-17 23:56:33 [INFO] [OctoBans] smookeur sql checked, record: insultegrave by SmooKeur to 1512683456
17-12-17 23:56:33 [INFO] [OctoBans] smookeur sql checked, record: incitationflood by SmooKeur to 1512820915
17-12-17 23:56:33 [INFO] [OctoBans] smookeur sql checked, record: insultegrave by SmooKeur to 1512793835
17-12-17 23:56:33 [INFO] [OctoBans] smookeur sql checked, record: doubleposte by SmooKeur to 1512651097
17-12-17 23:56:33 [INFO] [OctoBans] smookeur sql checked, record: doubleposte by SmooKeur to 1512653184
17-12-17 23:56:33 [INFO] [OctoBans] smookeur sql checked, record: insultesrv by SmooKeur to 1512672729
17-12-17 23:56:33 [INFO] [OctoBans] smookeur sql checked, record: incitationflood by SmooKeur to 1512750324
17-12-17 23:56:33 [INFO] [OctoBans] smookeur sql checked, record: menacehack by SmooKeur to 1512925877
17-12-17 23:56:33 [INFO] [OctoBans] smookeur sql checked, record: spammp by SmooKeur to -1
17-12-17 23:56:33 [INFO] [OctoBans] smookeur sql checked, record: insultegrave by SmooKeur to 1512850157
17-12-17 23:56:33 [INFO] [OctoBans] smookeur sql checked, record: insultegrave by SmooKeur to 1512706334
17-12-17 23:56:33 [INFO] [OctoBans] smookeur sql checked, record: insultegrave by SmooKeur to 1512744185
17-12-17 23:56:33 [INFO] [OctoBans] smookeur sql checked, record: faussesinfos by SmooKeur to 1512769866
17-12-17 23:56:33 [INFO] [OctoBans] smookeur sql checked, record: faussesinfos by SmooKeur to 1512907309
17-12-17 23:56:33 [INFO] [OctoBans] smookeur sql checked, record: faussesinfos by SmooKeur to 1512909390
17-12-17 23:56:33 [INFO] [OctoBans] smookeur sql checked, record: provocation by SmooKeur to 1512827207
17-12-17 23:56:33 [INFO] [OctoBans] smookeur sql checked, record: faussesinfos by SmooKeur to 1512932785
17-12-17 23:56:33 [INFO] [OctoBans] smookeur sql checked, record: tpkill by SmooKeur to 1512942493
17-12-17 23:56:33 [INFO] [OctoBans] smookeur sql checked, record: insultegrave by SmooKeur to 1513137742
17-12-17 23:56:33 [INFO] [OctoBans] smookeur sql checked, record: spammp by SmooKeur to -1
17-12-17 23:56:33 [INFO] [OctoBans] smookeur sql checked, record: provocation by SmooKeur to 1513093154
17-12-17 23:56:33 [INFO] [OctoBans] smookeur sql checked, record: multicompte by SmooKeur to -1
17-12-17 23:56:33 [INFO] [OctoBans] smookeur sql checked, record: tpkill by SmooKeur to 1513440330
17-12-17 23:56:33 [INFO] [OctoBans] smookeur sql checked, record: multicompte by SmooKeur to -1
17-12-17 23:56:33 [INFO] [OctoBans] smookeur sql checked, record: multicompte by SmooKeur to -1
17-12-17 23:56:33 [INFO] [OctoBans] smookeur sql checked, record: multicompte by SmooKeur to -1
17-12-17 23:56:33 [INFO] [OctoBans] smookeur sql checked, record: spammp by SmooKeur to -1
17-12-17 23:56:33 [INFO] [OctoBans] smookeur sql checked, record: menacehack by SmooKeur to 1513369241
17-12-17 23:56:33 [INFO] [OctoBans] smookeur sql checked, record: provocation by SmooKeur to 1513176271
17-12-17 23:56:33 [INFO] [OctoBans] smookeur sql checked, record: faussesinfos by SmooKeur to 1513260083
17-12-17 23:56:33 [INFO] [OctoBans] smookeur sql checked, record: faussesinfos by SmooKeur to 1513260591
17-12-17 23:56:33 [INFO] [OctoBans] smookeur sql checked, record: provocation by SmooKeur to 1513176294
17-12-17 23:56:33 [INFO] [OctoBans] smookeur sql checked, record: faussesinfos by SmooKeur to 1513347601
17-12-17 23:56:33 [INFO] [OctoBans] smookeur sql checked, record: faussesinfos by SmooKeur to 1513627269
17-12-17 23:56:34 [INFO] [OctoBans] Koeseb97 punished rubyyy1234 for: Spam/flood en MP
17-12-17 23:59:59 [INFO] [OctoBans] Koeseb97 punished zbeubz2 for: Majuscule
18-12-17 00:00:22 [INFO] [OctoBans] Koeseb97 punished xxjrp02xx for: Double Poste
18-12-17 00:00:34 [INFO] [OctoBans] Koeseb97 punished rubyyy1234 for: Provocation
18-12-17 00:00:42 [INFO] [OctoBans] Koeseb97 punished rubyyy123 for: Incitation au flood
18-12-17 00:01:03 [INFO] [OctoBans] xxdubeskillsxx sql checked, record: spammp by FamousxRay to -1
18-12-17 00:02:01 [INFO] [OctoBans] Koeseb97 punished hypnoss for: Provocation
18-12-17 00:11:53 [INFO] [OctoBans] Koeseb97 punished stan94 for: Double Poste
18-12-17 00:25:40 [INFO] [OctoBans] Koeseb97 punished camaro for: Double Poste
18-12-17 01:00:14 [INFO] [OctoBans] mgk_tozzzz sql checked, record: spammp by drbrine to -1
18-12-17 01:05:10 [INFO] [OctoBans] Koeseb97 punished blackwhite010 for: Pub serveur
18-12-17 01:05:17 [INFO] [OctoBans] Koeseb97 punished duckawikytb for: Pub serveur
18-12-17 01:05:30 [INFO] [OctoBans] Koeseb97 punished blackwhite010 for: Insulte grave
18-12-17 01:35:56 [INFO] [OctoBans] xx_after_xx sql checked, record: spammp by FiasK0 to -1
18-12-17 01:57:01 [INFO] [OctoBans] virocl sql checked, record: spammp by PseudooNull to -1
18-12-17 02:10:50 [INFO] [OctoBans] tigrediamants sql checked, record: multicompte by YTB_XxKarnageXx to -1
18-12-17 06:01:01 [INFO] [OctoBans] Disabling OctoBans v1.0
