01-07-17 22:31:42 [INFO] [OctoBans] File Handler successfully initialized!
01-07-17 22:31:42 [INFO] [OctoBans] SQL connection successfully etablished
01-07-17 22:31:42 [INFO] [OctoBans] Moderator Tools by Octonia.
01-07-17 22:31:47 [INFO] [OctoBans] thetigerplay sql checked, record: insultegrave by SnowEffect to 1498963204
01-07-17 22:31:47 [INFO] [OctoBans] toms2006 sql checked, record: spammp by SnowEffect to -1
01-07-17 22:31:47 [INFO] [OctoBans] lassa18 sql checked, record: spammp by Remil to -1
01-07-17 22:31:47 [INFO] [OctoBans] lassa18 sql checked, record: spammp by Remil to -1
01-07-17 22:31:47 [INFO] [OctoBans] sachat5 sql checked, record: doubleposte by YTB_XxKarnageXx to 1498941256
01-07-17 22:31:47 [INFO] [OctoBans] leo2316 sql checked, record: spammp by SuperJojo to -1
01-07-17 22:31:47 [INFO] [OctoBans] leo2316 sql checked, record: spammp by Remil to -1
01-07-17 22:31:47 [INFO] [OctoBans] leo2316 sql checked, record: insultesrv by Jibuse to 1498947663
01-07-17 22:31:48 [INFO] [OctoBans] xxfloxx19 sql checked, record: incitationflood by SnowEffect to 1499022231
01-07-17 22:31:48 [INFO] [OctoBans] njims sql checked, record: spammp by Remil to -1
01-07-17 22:31:48 [INFO] [OctoBans] njims sql checked, record: spammp by PseudoNul to -1
01-07-17 22:31:48 [INFO] [OctoBans] the_tueur sql checked, record: spammp by PseudoNul to -1
01-07-17 22:31:48 [INFO] [OctoBans] pppuissance sql checked, record: kickautre by Steph078 to -1
01-07-17 22:31:48 [INFO] [OctoBans] thedindin2004 sql checked, record: doubleposte by Anzerti to 1498941835
01-07-17 22:31:48 [INFO] [OctoBans] bykory_ sql checked, record: spammp by Steph078 to -1
01-07-17 22:31:48 [INFO] [OctoBans] biguiboss31 sql checked, record: spammp by PseudoNul to -1
01-07-17 22:31:48 [INFO] [OctoBans] biguiboss31 sql checked, record: spammp by Remil to -1
01-07-17 22:31:48 [INFO] [OctoBans] nathan1511 sql checked, record: insultegrave by Forway to 1498955409
01-07-17 22:31:48 [INFO] [OctoBans] kyzirie sql checked, record: spammp by PseudoNul to -1
01-07-17 22:31:48 [INFO] [OctoBans] kyzirie sql checked, record: faussesinfos by SnowEffect to 1499105372
01-07-17 22:31:48 [INFO] [OctoBans] darktw sql checked, record: floodmp by Forway to -1
01-07-17 22:31:48 [INFO] [OctoBans] darktw sql checked, record: spammp by SuperJojo to -1
01-07-17 22:31:48 [INFO] [OctoBans] link750 sql checked, record: provocation by YTB_XxKarnageXx to 1498942305
01-07-17 22:31:52 [INFO] [OctoBans] justsx sql checked, record: insultegrave by YTB_XxKarnageXx to 1498969007
01-07-17 22:31:52 [INFO] [OctoBans] justsx sql checked, record: insultestaff by Autoclick_PvP to 1498969029
01-07-17 22:31:52 [INFO] [OctoBans] celticevan95 sql checked, record: spammp by SnowEffect to -1
01-07-17 22:31:52 [INFO] [OctoBans] shetters sql checked, record: insultestaff by MaacDoo to 1498972462
01-07-17 22:31:52 [INFO] [OctoBans] clem010 sql checked, record: spam by JustMySkill to 1498946545
01-07-17 22:31:54 [INFO] [OctoBans] oow_ll sql checked, record: spammp by SkyKosIV to -1
01-07-17 22:31:54 [INFO] [OctoBans] lefifoudu3 sql checked, record: spammp by SuperJojo to -1
01-07-17 22:31:54 [INFO] [OctoBans] lefifoudu3 sql checked, record: insultestaff by woimant to 1499082784
01-07-17 22:31:55 [INFO] [OctoBans] enjoymycombo sql checked, record: spammp by SnowEffect to -1
01-07-17 22:31:55 [INFO] [OctoBans] captainenergy sql checked, record: spammp by Remil to -1
01-07-17 22:31:55 [INFO] [OctoBans] captainenergy sql checked, record: spammp by PseudoNul to -1
01-07-17 22:32:02 [INFO] [OctoBans] _dragibus_ sql checked, record: spammp by Remil to -1
01-07-17 22:32:02 [INFO] [OctoBans] _dragibus_ sql checked, record: spammp by Remil to -1
01-07-17 22:32:02 [INFO] [OctoBans] _dragibus_ sql checked, record: spammp by Remil to -1
01-07-17 22:32:02 [INFO] [OctoBans] _dragibus_ sql checked, record: spammp by Remil to -1
01-07-17 22:32:02 [INFO] [OctoBans] _dragibus_ sql checked, record: spammp by Remil to -1
01-07-17 22:32:02 [INFO] [OctoBans] _dragibus_ sql checked, record: spammp by Remil to -1
01-07-17 22:32:02 [INFO] [OctoBans] _dragibus_ sql checked, record: spammp by Remil to -1
01-07-17 22:32:02 [INFO] [OctoBans] _dragibus_ sql checked, record: spammp by Remil to -1
01-07-17 22:32:02 [INFO] [OctoBans] _dragibus_ sql checked, record: spammp by Remil to -1
01-07-17 22:32:02 [INFO] [OctoBans] _dragibus_ sql checked, record: spammp by Remil to -1
01-07-17 22:32:02 [INFO] [OctoBans] _dragibus_ sql checked, record: spammp by Remil to -1
01-07-17 22:32:02 [INFO] [OctoBans] _dragibus_ sql checked, record: spammp by Remil to -1
01-07-17 22:32:02 [INFO] [OctoBans] _dragibus_ sql checked, record: spammp by PseudoNul to -1
01-07-17 22:32:17 [INFO] [OctoBans] papigabi sql checked, record: spammp by SnowEffect to -1
01-07-17 22:32:17 [INFO] [OctoBans] papigabi sql checked, record: spammp by SnowEffect to -1
01-07-17 22:32:45 [INFO] [OctoBans] aweee_ sql checked, record: provocation by YTB_XxKarnageXx to 1498941884
01-07-17 22:32:53 [INFO] [OctoBans] jeankevindu027 sql checked, record: tpkill by SkyKosIV to 1499027526
01-07-17 22:32:53 [INFO] [OctoBans] SproFids punished _kheyzz_ for: Spam/flood
01-07-17 22:32:57 [INFO] [OctoBans] waytek sql checked, record: spammp by PseudoNul to -1
01-07-17 22:33:23 [INFO] [OctoBans] axou86 sql checked, record: insultegrave by Remil to 1498976987
01-07-17 22:33:31 [INFO] [OctoBans] SproFids punished _kheyzz_ for: Insulte staff
01-07-17 22:33:57 [INFO] [OctoBans] alpha_jumpyi sql checked, record: spam by D3adOrSnipSurYTB to 1498946113
01-07-17 22:34:25 [INFO] [OctoBans] martin sql checked, record: kickautre by Steph078 to -1
01-07-17 22:34:33 [INFO] [OctoBans] SproFids punished mrpuel for: Double Poste
01-07-17 22:34:53 [INFO] [OctoBans] marchandloup sql checked, record: spammp by Remil to -1
01-07-17 22:34:53 [INFO] [OctoBans] marchandloup sql checked, record: spammp by PseudoNul to -1
01-07-17 22:36:06 [INFO] [OctoBans] killerdark sql checked, record: insultegrave by JustMySkill to 1498952943
01-07-17 22:36:50 [INFO] [OctoBans] safoufoucraft sql checked, record: homophobie by SproFids to 1499026438
01-07-17 22:36:50 [INFO] [OctoBans] safoufoucraft sql checked, record: insultestaff by SproFids to 1498976286
01-07-17 22:36:50 [INFO] [OctoBans] safoufoucraft sql checked, record: spam by woimant to 1498944093
01-07-17 22:38:12 [INFO] [OctoBans] lolo201 sql checked, record: spammp by Remil to -1
01-07-17 22:39:57 [INFO] [OctoBans] craziix_eu sql checked, record: spammp by Remil to -1
01-07-17 22:39:57 [INFO] [OctoBans] craziix_eu sql checked, record: spammp by Remil to -1
01-07-17 22:39:57 [INFO] [OctoBans] craziix_eu sql checked, record: spammp by Remil to -1
01-07-17 22:39:57 [INFO] [OctoBans] craziix_eu sql checked, record: spammp by Remil to -1
01-07-17 22:40:02 [INFO] [OctoBans] shouteur sql checked, record: spammp by Remil to -1
01-07-17 22:40:02 [INFO] [OctoBans] shouteur sql checked, record: spammp by Remil to -1
01-07-17 22:40:02 [INFO] [OctoBans] shouteur sql checked, record: spammp by Remil to -1
01-07-17 22:40:02 [INFO] [OctoBans] shouteur sql checked, record: spammp by Remil to -1
01-07-17 22:40:32 [INFO] [OctoBans] SproFids punished pvbouda for: Insulte grave
01-07-17 22:41:03 [INFO] [OctoBans] wardogz_59 sql checked, record: spammp by PseudoNul to -1
01-07-17 22:41:20 [INFO] [OctoBans] SproFids punished darksw0rd for: Spam/flood
01-07-17 22:42:38 [INFO] [OctoBans] lafilledemushway sql checked, record: spammp by PseudoNul to -1
01-07-17 22:43:20 [INFO] [OctoBans] xersu sql checked, record: spammp by SnowEffect to -1
01-07-17 22:43:43 [INFO] [OctoBans] wethox sql checked, record: spammp by SnowEffect to -1
01-07-17 22:44:48 [INFO] [OctoBans] SproFids punished devastateur for: Insulte grave
01-07-17 22:45:18 [INFO] [OctoBans] swiftstay sql checked, record: spammp by Remil to -1
01-07-17 22:45:18 [INFO] [OctoBans] swiftstay sql checked, record: spammp by Remil to -1
01-07-17 22:45:18 [INFO] [OctoBans] swiftstay sql checked, record: floodmp by Forway to -1
01-07-17 22:45:21 [INFO] [OctoBans] skypemod sql checked, record: spammp by YTB_XxKarnageXx to -1
01-07-17 22:45:21 [INFO] [OctoBans] skypemod sql checked, record: spammp by PseudoNul to -1
01-07-17 22:47:39 [INFO] [OctoBans] SproFids punished azizlegrosfou for: Insulte grave
01-07-17 22:49:59 [INFO] [OctoBans] aineti sql checked, record: commercehorsserv by YTB_XxKarnageXx to -1
01-07-17 22:50:32 [INFO] [OctoBans] thetankflo sql checked, record: incitationflood by DEEProdole to 1498990321
01-07-17 22:52:06 [INFO] [OctoBans] yassir321 sql checked, record: spammp by PseudoNul to -1
01-07-17 22:54:50 [INFO] [OctoBans] anthony972 sql checked, record: spammp by Remil to -1
01-07-17 22:55:33 [INFO] [OctoBans] reborncreep sql checked, record: spammp by Remil to -1
01-07-17 22:55:33 [INFO] [OctoBans] reborncreep sql checked, record: spammp by PseudoNul to -1
01-07-17 22:55:56 [INFO] [OctoBans] max78jb sql checked, record: spammp by SnowEffect to -1
01-07-17 22:56:49 [INFO] [OctoBans] SproFids punished max78jb for: Majuscule
01-07-17 22:57:04 [INFO] [OctoBans] SproFids punished bfa69 for: Double Poste
01-07-17 22:57:22 [INFO] [OctoBans] oissime sql checked, record: insultestaff by JustMySkill to 1498961469
01-07-17 22:57:56 [INFO] [OctoBans] Remil punished tortpold for: Double Poste
01-07-17 22:58:22 [INFO] [OctoBans] nitrom_yt sql checked, record: spammp by SnowEffect to -1
01-07-17 22:58:22 [INFO] [OctoBans] nitrom_yt sql checked, record: spam by D3adOrSnipSurYTB to 1498947076
01-07-17 22:59:07 [INFO] [OctoBans] Remil punished _kheyzz_ for: Anti-AFK
01-07-17 23:00:38 [INFO] [OctoBans] darkinggaming sql checked, record: floodmp by Forway to -1
01-07-17 23:03:14 [INFO] [OctoBans] Remil punished itazzi for: Majuscule
01-07-17 23:03:21 [INFO] [OctoBans] Remil punished bardaxx_ for: Spam/flood
01-07-17 23:03:34 [INFO] [OctoBans] stickfly sql checked, record: spammp by SnowEffect to -1
01-07-17 23:03:41 [INFO] [OctoBans] realitycarnage sql checked, record: insultegrave by Forway to 1498948921
01-07-17 23:06:35 [INFO] [OctoBans] Remil punished skypemod for: Double Poste
01-07-17 23:06:46 [INFO] [OctoBans] Remil punished massa66 for: Spam/flood
01-07-17 23:09:18 [INFO] [OctoBans] grm25 sql checked, record: spammp by SuperJojo to -1
01-07-17 23:10:38 [INFO] [OctoBans] SproFids punished neybey for: Spam/flood
01-07-17 23:13:20 [INFO] [OctoBans] SproFids punished kiraxeyt for: Langage incorrect
01-07-17 23:13:25 [INFO] [OctoBans] sunfall sql checked, record: spammp by aubune to -1
01-07-17 23:13:25 [INFO] [OctoBans] sunfall sql checked, record: floodmp by Forway to -1
01-07-17 23:13:25 [INFO] [OctoBans] sunfall sql checked, record: spammp by Steph078 to -1
01-07-17 23:13:25 [INFO] [OctoBans] sunfall sql checked, record: faussesinfos by Shainko to 1499003264
01-07-17 23:13:25 [INFO] [OctoBans] sunfall sql checked, record: insultestaff by JustMySkill to 1499003202
01-07-17 23:13:25 [INFO] [OctoBans] sunfall sql checked, record: spammp by PseudoNul to -1
01-07-17 23:14:00 [INFO] [OctoBans] woimant punished kiraxeyt for: Spam/flood
01-07-17 23:14:49 [INFO] [OctoBans] ZerKup punished kiraxeyt for: Spam/flood
01-07-17 23:15:17 [INFO] [OctoBans] zarconia sql checked, record: spammp by SuperJojo to -1
01-07-17 23:15:35 [INFO] [OctoBans] zayrozz sql checked, record: spammp by Remil to -1
01-07-17 23:16:38 [INFO] [OctoBans] ZerKup punished lapin2chasse for: Double Poste
01-07-17 23:17:53 [INFO] [OctoBans] ZerKup punished neoss for: Double Poste
01-07-17 23:22:23 [INFO] [OctoBans] stonewolf sql checked, record: spammp by SuperJojo to -1
01-07-17 23:24:05 [INFO] [OctoBans] ZerKup punished aspdanslesang_ for: Insulte serveur
01-07-17 23:24:43 [INFO] [OctoBans] lolpigman sql checked, record: spammp by SnowEffect to -1
01-07-17 23:24:43 [INFO] [OctoBans] lolpigman sql checked, record: spammp by skhey to -1
01-07-17 23:24:43 [INFO] [OctoBans] lolpigman sql checked, record: insultestaff by D3adOrSnipSurYTB to 1498971518
01-07-17 23:24:43 [INFO] [OctoBans] lolpigman sql checked, record: insultegrave by PseudoNul to 1499044694
01-07-17 23:25:24 [INFO] [OctoBans] selim45 sql checked, record: spammp by ZerKup to -1
01-07-17 23:26:24 [INFO] [OctoBans] ZerKup punished univerzkerror for: Fausses informations
01-07-17 23:26:50 [INFO] [OctoBans] ZerKup punished zarconia for: Spam/flood
01-07-17 23:26:59 [INFO] [OctoBans] drkiritoz_ sql checked, record: spammp by YTB_XxKarnageXx to -1
01-07-17 23:26:59 [INFO] [OctoBans] drkiritoz_ sql checked, record: spammp by SuperJojo to -1
01-07-17 23:26:59 [INFO] [OctoBans] drkiritoz_ sql checked, record: floodmp by Forway to -1
01-07-17 23:26:59 [INFO] [OctoBans] drkiritoz_ sql checked, record: spammp by Remil to -1
01-07-17 23:27:01 [INFO] [OctoBans] Remil punished jasoxx for: Double Poste
01-07-17 23:29:01 [INFO] [OctoBans] hayden_frost sql checked, record: spammp by PseudoNul to -1
01-07-17 23:32:54 [INFO] [OctoBans] woimant punished modzdegtabo3 for: Double Poste
01-07-17 23:33:27 [INFO] [OctoBans] luluplaying sql checked, record: spammp by Remil to -1
01-07-17 23:33:27 [INFO] [OctoBans] luluplaying sql checked, record: spammp by SnowEffect to -1
01-07-17 23:36:50 [INFO] [OctoBans] totolezz_pvp sql checked, record: spammp by SnowEffect to -1
01-07-17 23:37:38 [INFO] [OctoBans] olivier28130 sql checked, record: insultegrave by D3adOrSnipSurYTB to 1498949779
01-07-17 23:40:11 [INFO] [OctoBans] fragstone sql checked, record: spammp by PseudoNul to -1
01-07-17 23:41:26 [INFO] [OctoBans] justmyskill sql checked, record: spammp by PseudoNul to -1
01-07-17 23:42:43 [INFO] [OctoBans] tokyo sql checked, record: faussesinfos by Anzerti to 1498958464
01-07-17 23:42:43 [INFO] [OctoBans] tokyo sql checked, record: faussesinfos by Anzerti to 1499133850
01-07-17 23:42:43 [INFO] [OctoBans] tokyo sql checked, record: spammp by SnowEffect to -1
01-07-17 23:43:44 [INFO] [OctoBans] JustMySkill punished mounir90 for: Spam/flood
01-07-17 23:44:49 [INFO] [OctoBans] JustMySkill punished jean_lette for: Spam/flood
01-07-17 23:51:56 [INFO] [OctoBans] SproFids punished volrod for: Provocation
01-07-17 23:52:30 [INFO] [OctoBans] Anzerti punished xersu for: Double Poste
01-07-17 23:53:06 [INFO] [OctoBans] Anzerti punished mael44863 for: Insulte
01-07-17 23:54:26 [INFO] [OctoBans] denis018 sql checked, record: spammp by Remil to -1
01-07-17 23:57:58 [INFO] [OctoBans] JustMySkill punished fragstone for: Majuscule
01-07-17 23:58:40 [INFO] [OctoBans] Remil punished charo_matuidi for: Double Poste
01-07-17 23:58:59 [INFO] [OctoBans] JustMySkill punished volrod for: Double Poste
01-07-17 23:59:19 [INFO] [OctoBans] JustMySkill punished tueur9019 for: Double Poste
02-07-17 00:00:25 [INFO] [OctoBans] JustMySkill punished bazoukateur for: Langage incorrect
02-07-17 00:04:17 [INFO] [OctoBans] JustMySkill punished charo_matuidi for: Double Poste
02-07-17 00:05:08 [INFO] [OctoBans] ray54 sql checked, record: spammp by SuperJojo to -1
02-07-17 00:07:14 [INFO] [OctoBans] JustMySkill punished darktw for: Langage incorrect
02-07-17 00:08:36 [INFO] [OctoBans] JustMySkill punished biguiboss31 for: Double Poste
02-07-17 00:10:35 [INFO] [OctoBans] JustMySkill punished masterdylan for: Double Poste
02-07-17 00:13:27 [INFO] [OctoBans] JustMySkill punished osmanlitorunu for: Double Poste
02-07-17 00:13:54 [INFO] [OctoBans] d3adorsnipsurytb sql checked, record: spammp by SuperJojo to -1
02-07-17 00:15:34 [INFO] [OctoBans] darkgames5962 sql checked, record: floodmp by Forway to -1
02-07-17 00:16:29 [INFO] [OctoBans] D3adOrSnipSurYTB punished theo42 for: Spam/flood
02-07-17 00:20:40 [INFO] [OctoBans] JustMySkill punished forium2000 for: Double Poste
02-07-17 00:20:52 [INFO] [OctoBans] JustMySkill punished iswiik for: Spam/flood
02-07-17 00:22:18 [INFO] [OctoBans] JustMySkill punished itstensa for: Spam/flood
02-07-17 00:22:43 [INFO] [OctoBans] blackwhite010 sql checked, record: spammp by PseudoNul to -1
02-07-17 00:22:43 [INFO] [OctoBans] blackwhite010 sql checked, record: menacehack by Remil to 1499188764
02-07-17 00:22:43 [INFO] [OctoBans] blackwhite010 sql checked, record: menacehack by Remil to 1499447984
02-07-17 00:22:59 [INFO] [OctoBans] JustMySkill punished enjoymycombo for: Double Poste
02-07-17 00:22:59 [INFO] [OctoBans] MaacDoo punished hayden_frost for: Double Poste
02-07-17 00:24:35 [INFO] [OctoBans] iswiik sql checked, record: flood by JustMySkill to 1498958452
02-07-17 00:25:57 [INFO] [OctoBans] aldorbest sql checked, record: kickautre by Steph078 to -1
02-07-17 00:25:57 [INFO] [OctoBans] aldorbest sql checked, record: floodmp by Forway to -1
02-07-17 00:26:45 [INFO] [OctoBans] JustMySkill punished plaugin33 for: Double Poste
02-07-17 00:26:48 [INFO] [OctoBans] SnowEffect punished boubou37 for: Langage incorrect
02-07-17 00:27:05 [INFO] [OctoBans] JustMySkill punished pandamasquer for: Double Poste
02-07-17 00:28:28 [INFO] [OctoBans] JustMySkill punished xenario for: Majuscule
02-07-17 00:28:29 [INFO] [OctoBans] Remil punished xenotium_pvp for: Majuscule
02-07-17 00:30:59 [INFO] [OctoBans] D3adOrSnipSurYTB punished ultron for: Double Poste
02-07-17 00:31:19 [INFO] [OctoBans] D3adOrSnipSurYTB punished ultron for: Spam/flood
02-07-17 00:32:36 [INFO] [OctoBans] JustMySkill punished julo02420 for: Double Poste
02-07-17 00:32:40 [INFO] [OctoBans] Remil punished ultron for: Spam/flood
02-07-17 00:32:45 [INFO] [OctoBans] pvp_thibaut_pvp sql checked, record: spammp by SuperJojo to -1
02-07-17 00:33:06 [INFO] [OctoBans] D3adOrSnipSurYTB punished floflo for: Double Poste
02-07-17 00:34:56 [INFO] [OctoBans] D3adOrSnipSurYTB punished monkey_royale33 for: Double Poste
02-07-17 00:37:55 [INFO] [OctoBans] SnowEffect punished daemoniak_ for: Majuscule
02-07-17 00:44:09 [INFO] [OctoBans] JustMySkill punished drkiritoz_ for: Spam/flood
02-07-17 00:49:01 [INFO] [OctoBans] SproFids punished buckzornaffa for: Spam/flood
02-07-17 00:49:37 [INFO] [OctoBans] SnowEffect punished rld_wavex for: Spam/flood
02-07-17 00:50:19 [INFO] [OctoBans] xx_volrod_xx sql checked, record: spam by Anzerti to 1498978336
02-07-17 00:51:51 [INFO] [OctoBans] skhey punished argonik34110 for: Insulte
02-07-17 00:52:37 [INFO] [OctoBans] thebrioche13 sql checked, record: spammp by Remil to -1
02-07-17 00:52:37 [INFO] [OctoBans] thebrioche13 sql checked, record: spammp by SkyKosIV to -1
02-07-17 00:53:02 [INFO] [OctoBans] whitstar sql checked, record: spammp by Remil to -1
02-07-17 00:54:29 [INFO] [OctoBans] JustMySkill punished mrneonbox for: Double Poste
02-07-17 00:55:19 [INFO] [OctoBans] JustMySkill punished wethox for: Double Poste
02-07-17 00:55:23 [INFO] [OctoBans] D3adOrSnipSurYTB punished martin999 for: Double Poste
02-07-17 00:58:08 [INFO] [OctoBans] dzarkagaming sql checked, record: spam by D3adOrSnipSurYTB to 1498956193
02-07-17 00:58:16 [INFO] [OctoBans] JustMySkill punished denis018 for: Spam/flood
02-07-17 00:59:31 [INFO] [OctoBans] JustMySkill punished thewndesh for: Double Poste
02-07-17 01:04:33 [INFO] [OctoBans] by_kw3e sql checked, record: kickautre by Antoine57565 to -1
02-07-17 01:13:56 [INFO] [OctoBans] JustMySkill punished cerealekilleur for: Spam/flood
02-07-17 01:14:08 [INFO] [OctoBans] leikow sql checked, record: kickautre by Steph078 to -1
02-07-17 01:14:56 [INFO] [OctoBans] JustMySkill punished by_kw3e for: Langage incorrect
02-07-17 01:15:53 [INFO] [OctoBans] JustMySkill punished molotof for: Langage incorrect
02-07-17 01:16:17 [INFO] [OctoBans] SproFids punished lapin2chasse for: Insulte grave
02-07-17 01:17:02 [INFO] [OctoBans] D3adOrSnipSurYTB punished shawngriff for: Incitation au flood
02-07-17 01:22:08 [INFO] [OctoBans] D3adOrSnipSurYTB punished mrneonbox for: Langage incorrect
02-07-17 01:26:22 [INFO] [OctoBans] D3adOrSnipSurYTB punished titi951 for: Langage incorrect
02-07-17 01:30:06 [INFO] [OctoBans] D3adOrSnipSurYTB punished modzdegtabo3 for: Double Poste
02-07-17 01:35:42 [INFO] [OctoBans] JustMySkill punished poulemouiller for: Langage incorrect
02-07-17 01:36:05 [INFO] [OctoBans] D3adOrSnipSurYTB punished xenario for: Spam/flood
02-07-17 01:36:53 [INFO] [OctoBans] D3adOrSnipSurYTB punished xenario for: Double Poste
02-07-17 01:39:15 [INFO] [OctoBans] D3adOrSnipSurYTB punished reborncreep for: Incitation au flood
02-07-17 01:43:44 [INFO] [OctoBans] rhazlane sql checked, record: faussesinfos by FiasK0 to 1499035711
02-07-17 01:52:27 [INFO] [OctoBans] TheBrioche13 punished by_kw3e for: Double Poste
02-07-17 01:54:07 [INFO] [OctoBans] dodole1 sql checked, record: spammp by SuperJojo to -1
02-07-17 01:56:39 [INFO] [OctoBans] by_kw3e sql checked, record: kickautre by Antoine57565 to -1
02-07-17 01:56:39 [INFO] [OctoBans] by_kw3e sql checked, record: doubleposte by TheBrioche13 to 1498954647
02-07-17 02:00:28 [INFO] [OctoBans] D3adOrSnipSurYTB punished minefigth for: Double Poste
02-07-17 02:00:47 [INFO] [OctoBans] SkyKosIV punished jasoxx for: Double Poste
02-07-17 02:04:07 [INFO] [OctoBans] JustMySkill punished fuzik for: Spam/flood
02-07-17 02:05:44 [INFO] [OctoBans] D3adOrSnipSurYTB punished _rubilax for: Majuscule
02-07-17 02:06:58 [INFO] [OctoBans] SkyKosIV punished goks94 for: Insulte staff
02-07-17 02:06:58 [INFO] [OctoBans] JustMySkill punished modzdegtabo3 for: Double Poste
02-07-17 02:10:47 [INFO] [OctoBans] JustMySkill punished harkz for: Provocation
02-07-17 02:11:05 [INFO] [OctoBans] myprogaming sql checked, record: spamfopen by SnowEffect to 1499424769
02-07-17 02:11:55 [INFO] [OctoBans] SkyKosIV punished _dragibus_ for: Provocation
02-07-17 02:12:11 [INFO] [OctoBans] SkyKosIV punished nyr0zz for: Majuscule
02-07-17 02:12:44 [INFO] [OctoBans] SkyKosIV punished _dragibus_ for: Spam/flood en MP
02-07-17 02:16:12 [INFO] [OctoBans] TheBrioche13 punished splashwire for: Double Poste
02-07-17 02:18:31 [INFO] [OctoBans] SkyKosIV punished yourdead_v2 for: Anti-AFK
02-07-17 02:18:51 [INFO] [OctoBans] SkyKosIV punished yourdead_v2 for: Menace de hack
02-07-17 02:19:53 [INFO] [OctoBans] SproFids punished thekiller303 for: Double Poste
02-07-17 02:23:06 [INFO] [OctoBans] SkyKosIV punished didier for: TpKill
02-07-17 02:29:09 [INFO] [OctoBans] JustMySkill punished mrkabab for: Double Poste
02-07-17 02:31:00 [INFO] [OctoBans] JustMySkill punished by_kw3e for: Provocation
02-07-17 02:33:51 [INFO] [OctoBans] SproFids punished krame_ for: Double Poste
02-07-17 02:37:33 [INFO] [OctoBans] Anzerti punished dodole1 for: Double Poste
02-07-17 02:51:53 [INFO] [OctoBans] Anzerti punished wethox for: Majuscule
02-07-17 02:58:30 [INFO] [OctoBans] Anzerti punished _rubilax for: Double Poste
02-07-17 02:58:38 [INFO] [OctoBans] Anzerti punished ityxx for: Double Poste
02-07-17 03:07:33 [INFO] [OctoBans] blackzik_ sql checked, record: spammp by PseudoNul to -1
02-07-17 03:12:17 [INFO] [OctoBans] badounoux sql checked, record: spammp by ZerKup to -1
02-07-17 03:15:09 [INFO] [OctoBans] JustMySkill punished tntgamerzx for: Double Poste
02-07-17 03:16:18 [INFO] [OctoBans] SkyKosIV punished kitzy for: Double Poste
02-07-17 03:16:26 [INFO] [OctoBans] JustMySkill punished poulemouiller for: Provocation
02-07-17 03:21:26 [INFO] [OctoBans] Steph078 punished sprofids for: Double Poste
02-07-17 03:27:49 [INFO] [OctoBans] JustMySkill punished mrkabab for: Provocation
02-07-17 03:27:56 [INFO] [OctoBans] JustMySkill punished poulemouiller for: Langage incorrect
02-07-17 03:28:42 [INFO] [OctoBans] JustMySkill punished tntgamerzx for: Double Poste
02-07-17 03:28:50 [INFO] [OctoBans] Anzerti punished splashwire for: Double Poste
02-07-17 03:37:10 [INFO] [OctoBans] JustMySkill punished molotof for: Provocation
02-07-17 03:52:45 [INFO] [OctoBans] JustMySkill punished ghostz666 for: Double Poste
02-07-17 03:55:28 [INFO] [OctoBans] JustMySkill punished ityxx for: Spam/flood
02-07-17 03:56:50 [INFO] [OctoBans] JustMySkill punished leikow for: Double Poste
02-07-17 03:57:29 [INFO] [OctoBans] JustMySkill punished freez54 for: Majuscule
02-07-17 03:59:14 [INFO] [OctoBans] JustMySkill punished aion54 for: Majuscule
02-07-17 04:30:41 [INFO] [OctoBans] skhey punished floxocataateit for: Majuscule
02-07-17 04:59:02 [INFO] [OctoBans] bellepoutine sql checked, record: spammp by SnowEffect to -1
02-07-17 04:59:02 [INFO] [OctoBans] bellepoutine sql checked, record: spammp by SnowEffect to -1
02-07-17 05:12:37 [INFO] [OctoBans] produpvp sql checked, record: spammp by Remil to -1
02-07-17 06:01:02 [INFO] [OctoBans] Disabling OctoBans v1.0
