13-11-17 22:31:42 [INFO] [OctoBans] File Handler successfully initialized!
13-11-17 22:31:42 [INFO] [OctoBans] SQL connection successfully etablished
13-11-17 22:31:42 [INFO] [OctoBans] Moderator Tools by Octonia.
13-11-17 22:31:47 [INFO] [OctoBans] xx_volrod_xx sql checked, record: spammp by Spovly to -1
13-11-17 22:31:47 [INFO] [OctoBans] xx_volrod_xx sql checked, record: spammp by Spovly to -1
13-11-17 22:31:47 [INFO] [OctoBans] xx_volrod_xx sql checked, record: spammp by The_Frusty to -1
13-11-17 22:31:47 [INFO] [OctoBans] xx_volrod_xx sql checked, record: spammp by The_Frusty to -1
13-11-17 22:31:47 [INFO] [OctoBans] xx_volrod_xx sql checked, record: spammp by The_Frusty to -1
13-11-17 22:31:47 [INFO] [OctoBans] xx_volrod_xx sql checked, record: spammp by Spovly to -1
13-11-17 22:31:47 [INFO] [OctoBans] xx_volrod_xx sql checked, record: spammp by KelianHD to -1
13-11-17 22:31:47 [INFO] [OctoBans] xx_volrod_xx sql checked, record: spammp by OCIP_Matth to -1
13-11-17 22:31:47 [INFO] [OctoBans] xx_volrod_xx sql checked, record: spammp by OCIP_Matth to -1
13-11-17 22:31:47 [INFO] [OctoBans] xx_volrod_xx sql checked, record: spammp by OCIP_Matth to -1
13-11-17 22:31:47 [INFO] [OctoBans] xx_volrod_xx sql checked, record: insultegrave by OCIP_Matth to 1510611102
13-11-17 22:31:47 [INFO] [OctoBans] xx_volrod_xx sql checked, record: insultegrave by Evolze to 1510804958
13-11-17 22:31:47 [INFO] [OctoBans] xx_volrod_xx sql checked, record: spammp by Evolze to -1
13-11-17 22:31:48 [INFO] [OctoBans] sacha33340 sql checked, record: spammp by drbrine to -1
13-11-17 22:31:48 [INFO] [OctoBans] sacha33340 sql checked, record: spammp by KelianHD to -1
13-11-17 22:31:48 [INFO] [OctoBans] sacha33340 sql checked, record: spammp by KelianHD to -1
13-11-17 22:31:48 [INFO] [OctoBans] sacha33340 sql checked, record: insultegrave by EGGSPLOSION to 1510618678
13-11-17 22:32:06 [INFO] [OctoBans] thetombolla sql checked, record: spammp by EGGSPLOSION to -1
13-11-17 22:32:06 [INFO] [OctoBans] feloxx sql checked, record: spammp by Zayrox29 to -1
13-11-17 22:32:12 [INFO] [OctoBans] monstergamex7 sql checked, record: spammp by pepedjo to -1
13-11-17 22:32:41 [INFO] [OctoBans] Zayrox29 punished arento for: Double Poste
13-11-17 22:34:19 [INFO] [OctoBans] Zayrox29 punished zyorka_ for: Double Poste
13-11-17 22:34:26 [INFO] [OctoBans] multifir42 sql checked, record: spammp by FiasK0 to -1
13-11-17 22:34:26 [INFO] [OctoBans] multifir42 sql checked, record: spammp by NiceFR to -1
13-11-17 22:34:51 [INFO] [OctoBans] ozmog_yt sql checked, record: spammp by Remil to -1
13-11-17 22:34:51 [INFO] [OctoBans] ozmog_yt sql checked, record: spammp by OCIP_Matth to -1
13-11-17 22:34:51 [INFO] [OctoBans] ozmog_yt sql checked, record: spammp by KelianHD to -1
13-11-17 22:35:08 [INFO] [OctoBans] the_slash sql checked, record: spammp by pepedjo to -1
13-11-17 22:35:08 [INFO] [OctoBans] the_slash sql checked, record: doubleposte by Zayrox29 to 1510611019
13-11-17 22:43:01 [INFO] [OctoBans] shimo_ sql checked, record: insultegrave by Zoseq to 1510645816
13-11-17 22:50:44 [INFO] [OctoBans] kakakiki sql checked, record: spammp by OCIP_Matth to -1
13-11-17 22:50:44 [INFO] [OctoBans] kakakiki sql checked, record: spammp by NeyTox to -1
13-11-17 23:02:44 [INFO] [OctoBans] LeRe punished poukijump for: Double Poste
13-11-17 23:03:45 [INFO] [OctoBans] LeRe punished starman54 for: Double Poste
13-11-17 23:05:34 [INFO] [OctoBans] LeRe punished jukur for: Double Poste
13-11-17 23:06:23 [INFO] [OctoBans] LeRe punished camaro for: Double Poste
13-11-17 23:39:09 [INFO] [OctoBans] virocl sql checked, record: spammp by Antoine57565 to -1
14-11-17 00:01:57 [INFO] [OctoBans] killerboydu13 sql checked, record: spammp by Evolze to -1
14-11-17 00:01:57 [INFO] [OctoBans] killerboydu13 sql checked, record: spammp by KelianHD to -1
14-11-17 00:01:57 [INFO] [OctoBans] killerboydu13 sql checked, record: spammp by OCIP_Matth to -1
14-11-17 00:20:30 [INFO] [OctoBans] superb3b3 sql checked, record: spammp by Evolze to -1
14-11-17 00:20:30 [INFO] [OctoBans] superb3b3 sql checked, record: spammp by Evolze to -1
14-11-17 00:28:20 [INFO] [OctoBans] deeprodole sql checked, record: spammp by Zayrox29 to -1
14-11-17 00:28:20 [INFO] [OctoBans] deeprodole sql checked, record: spammp by Zayrox29 to -1
14-11-17 01:56:14 [INFO] [OctoBans] aexraptorz sql checked, record: spammp by Remil to -1
14-11-17 03:57:56 [INFO] [OctoBans] pepedjo sql checked, record: spammp by NiceFR to -1
14-11-17 03:57:56 [INFO] [OctoBans] pepedjo sql checked, record: spammp by ToXiCz_TV to -1
14-11-17 03:58:38 [INFO] [OctoBans] pepedjo punished florian2408 for: Insulte
14-11-17 06:01:01 [INFO] [OctoBans] Disabling OctoBans v1.0
