27-01-18 22:31:42 [INFO] [OctoBans] File Handler successfully initialized!
27-01-18 22:31:42 [INFO] [OctoBans] SQL connection successfully etablished
27-01-18 22:31:42 [INFO] [OctoBans] Moderator Tools by Octonia.
27-01-18 22:31:48 [INFO] [OctoBans] killeur56 sql checked, record: spammp by PseudooNull to -1
27-01-18 22:31:48 [INFO] [OctoBans] zozodu14 sql checked, record: spammp by Marops to -1
27-01-18 22:31:48 [INFO] [OctoBans] zozodu14 sql checked, record: insultegrave by iDecow_ to 1517253911
27-01-18 22:31:48 [INFO] [OctoBans] lethugdu46 sql checked, record: spammp by PseudooNull to -1
27-01-18 22:31:48 [INFO] [OctoBans] lethugdu46 sql checked, record: spammp by PseudooNull to -1
27-01-18 22:31:48 [INFO] [OctoBans] lethugdu46 sql checked, record: spam by atsuky to 1517131525
27-01-18 22:31:48 [INFO] [OctoBans] sosfight sql checked, record: insulte by iDecow_ to 1517090042
27-01-18 22:31:48 [INFO] [OctoBans] progameur sql checked, record: spammp by FiasK0 to -1
27-01-18 22:31:48 [INFO] [OctoBans] progameur sql checked, record: spammp by D3adOrSnipSurYTB to -1
27-01-18 22:31:48 [INFO] [OctoBans] progameur sql checked, record: insultegrave by NeyTox to 1517262413
27-01-18 22:31:48 [INFO] [OctoBans] progameur sql checked, record: insultegrave by FiasK0 to 1517342816
27-01-18 22:31:48 [INFO] [OctoBans] maxougaming sql checked, record: spammp by Ceraiste to -1
27-01-18 22:31:48 [INFO] [OctoBans] maxougaming sql checked, record: spammp by EW3L to -1
27-01-18 22:31:48 [INFO] [OctoBans] maxougaming sql checked, record: spammp by FiasK0 to -1
27-01-18 22:31:48 [INFO] [OctoBans] maxougaming sql checked, record: spammp by FNGOD to -1
27-01-18 22:31:48 [INFO] [OctoBans] maxougaming sql checked, record: spammp by atsuky to -1
27-01-18 22:31:48 [INFO] [OctoBans] maxougaming sql checked, record: spammp by atsuky to -1
27-01-18 22:31:48 [INFO] [OctoBans] maxougaming sql checked, record: spammp by Awesomeboy to -1
27-01-18 22:31:48 [INFO] [OctoBans] maxougaming sql checked, record: spammp by FiasK0 to -1
27-01-18 22:31:48 [INFO] [OctoBans] maxougaming sql checked, record: insultestaff by FiasK0 to 1517099842
27-01-18 22:31:48 [INFO] [OctoBans] atsuky sql checked, record: spammp by Furiomaniak to -1
27-01-18 22:31:48 [INFO] [OctoBans] atsuky sql checked, record: spammp by Elfideltia to -1
27-01-18 22:31:48 [INFO] [OctoBans] lucas28500 sql checked, record: spammp by atsuky to -1
27-01-18 22:31:48 [INFO] [OctoBans] onflyenrec sql checked, record: spammp by Antoine57565 to -1
27-01-18 22:31:48 [INFO] [OctoBans] onflyenrec sql checked, record: spammp by PseudooNull to -1
27-01-18 22:31:48 [INFO] [OctoBans] onflyenrec sql checked, record: spammp by Elfideltia to -1
27-01-18 22:31:49 [INFO] [OctoBans] eragon951 sql checked, record: doubleposte by iDecow_ to 1517089355
27-01-18 22:31:51 [INFO] [OctoBans] xxpika_pvpxx sql checked, record: spammp by PseudooNull to -1
27-01-18 22:31:52 [INFO] [OctoBans] maitre4 sql checked, record: spammp by FiasK0 to -1
27-01-18 22:31:54 [INFO] [OctoBans] icekiller54000 sql checked, record: spammp by OCIP_Matth to -1
27-01-18 22:31:57 [INFO] [OctoBans] keen0x sql checked, record: spammp by FNGOD to -1
27-01-18 22:32:01 [INFO] [OctoBans] minethuglife sql checked, record: spammp by EW3L to -1
27-01-18 22:32:02 [INFO] [OctoBans] zelda56 sql checked, record: spammp by D3adOrSnipSurYTB to -1
27-01-18 22:32:04 [INFO] [OctoBans] sayziiix sql checked, record: insultegrave by EGGSPLOSION to 1517131784
27-01-18 22:32:08 [INFO] [OctoBans] thomas62200 sql checked, record: spam by Marops to 1517109995
27-01-18 22:32:13 [INFO] [OctoBans] xx_yz_xx sql checked, record: spammp by SkillBOotiiS to -1
27-01-18 22:32:14 [INFO] [OctoBans] _rubilax sql checked, record: spammp by OCIP_Matth to -1
27-01-18 22:32:15 [INFO] [OctoBans] zobelsuryoutube sql checked, record: spammp by Zayrox29 to -1
27-01-18 22:32:15 [INFO] [OctoBans] zobelsuryoutube sql checked, record: spammp by PseudooNull to -1
27-01-18 22:32:15 [INFO] [OctoBans] zobelsuryoutube sql checked, record: spammp by FiasK0 to -1
27-01-18 22:32:36 [INFO] [OctoBans] nezox_ sql checked, record: spammp by LaKitaw to -1
27-01-18 22:32:36 [INFO] [OctoBans] nezox_ sql checked, record: spammp by D3adOrSnipSurYTB to -1
27-01-18 22:32:36 [INFO] [OctoBans] nezox_ sql checked, record: spammp by PseudooNull to -1
27-01-18 22:33:01 [INFO] [OctoBans] algorskis_yt sql checked, record: spammp by EW3L to -1
27-01-18 22:33:16 [INFO] [OctoBans] lucas94350 sql checked, record: spammp by Kyabe to -1
27-01-18 22:33:26 [INFO] [OctoBans] drkiritoz_ sql checked, record: spammp by Awesomeboy to -1
27-01-18 22:34:12 [INFO] [OctoBans] swokip sql checked, record: spammp by WeeZix to -1
27-01-18 22:34:16 [INFO] [OctoBans] black_shadow sql checked, record: spammp by LsAnGfRoId to -1
27-01-18 22:34:16 [INFO] [OctoBans] black_shadow sql checked, record: spammp by Furiomaniak to -1
27-01-18 22:34:58 [INFO] [OctoBans] mayeul sql checked, record: spammp by AO_Darkness to -1
27-01-18 22:35:08 [INFO] [OctoBans] yeezydu78 sql checked, record: spammp by atsuky to -1
27-01-18 22:35:17 [INFO] [OctoBans] onekill62 sql checked, record: spammp by tinmar to -1
27-01-18 22:35:17 [INFO] [OctoBans] onekill62 sql checked, record: faussesinfos by atsuky to 1517174293
27-01-18 22:35:39 [INFO] [OctoBans] valmoy sql checked, record: spammp by LaKitaw to -1
27-01-18 22:35:39 [INFO] [OctoBans] valmoy sql checked, record: spammp by Koeseb97 to -1
27-01-18 22:36:17 [INFO] [OctoBans] strongernight sql checked, record: spammp by Elfideltia to -1
27-01-18 22:36:23 [INFO] [OctoBans] serge58 sql checked, record: spammp by Remil to -1
27-01-18 22:36:23 [INFO] [OctoBans] serge58 sql checked, record: spammp by OCIP_Matth to -1
27-01-18 22:37:19 [INFO] [OctoBans] bcz sql checked, record: insultegrave by SkillBOotiiS to 1517128498
27-01-18 22:37:23 [INFO] [OctoBans] pepsicoca sql checked, record: spammp by FiasK0 to -1
27-01-18 22:37:23 [INFO] [OctoBans] pepsicoca sql checked, record: spammp by Elfideltia to -1
27-01-18 22:37:23 [INFO] [OctoBans] pepsicoca sql checked, record: spammp by Elfideltia to -1
27-01-18 22:37:40 [INFO] [OctoBans] _topui_ sql checked, record: spammp by EW3L to -1
27-01-18 22:37:40 [INFO] [OctoBans] _topui_ sql checked, record: spammp by MrKebab to -1
27-01-18 22:37:40 [INFO] [OctoBans] _topui_ sql checked, record: spammp by LsAnGfRoId to -1
27-01-18 22:37:40 [INFO] [OctoBans] captainenergy sql checked, record: spammp by FamousxRay to -1
27-01-18 22:38:00 [INFO] [OctoBans] deeprodole sql checked, record: spammp by Zayrox29 to -1
27-01-18 22:38:00 [INFO] [OctoBans] deeprodole sql checked, record: spammp by Zayrox29 to -1
27-01-18 22:38:43 [INFO] [OctoBans] chut3000 sql checked, record: spammp by FiasK0 to -1
27-01-18 22:38:43 [INFO] [OctoBans] chut3000 sql checked, record: spammp by Zayrox29 to -1
27-01-18 22:38:43 [INFO] [OctoBans] chut3000 sql checked, record: spammp by NeyTox to -1
27-01-18 22:40:03 [INFO] [OctoBans] _drayky_ sql checked, record: spam by RaYzFire to 1517101433
27-01-18 22:40:53 [INFO] [OctoBans] aexraptorz sql checked, record: spammp by Remil to -1
27-01-18 22:40:53 [INFO] [OctoBans] aexraptorz sql checked, record: spammp by PseudooNull to -1
27-01-18 22:41:51 [INFO] [OctoBans] azenpvp sql checked, record: spammp by D3adOrSnipSurYTB to -1
27-01-18 22:42:39 [INFO] [OctoBans] skybow sql checked, record: spammp by yeti2001vd to -1
27-01-18 22:42:39 [INFO] [OctoBans] skybow sql checked, record: spammp by drbrine to -1
27-01-18 22:42:59 [INFO] [OctoBans] diodu sql checked, record: spammp by Gamer09 to -1
27-01-18 22:43:07 [INFO] [OctoBans] ibqwze_ sql checked, record: spammp by LsAnGfRoId to -1
27-01-18 22:44:21 [INFO] [OctoBans] cocacola62 sql checked, record: spammp by Kyabe to -1
27-01-18 22:44:21 [INFO] [OctoBans] cocacola62 sql checked, record: spammp by PseudooNull to -1
27-01-18 22:45:02 [INFO] [OctoBans] yongmen sql checked, record: spammp by ToXiCz_TV to -1
27-01-18 22:45:02 [INFO] [OctoBans] yongmen sql checked, record: spammp by ToXiCz_TV to -1
27-01-18 22:45:02 [INFO] [OctoBans] yongmen sql checked, record: spammp by ToXiCz_TV to -1
27-01-18 22:45:02 [INFO] [OctoBans] yongmen sql checked, record: spammp by ToXiCz_TV to -1
27-01-18 22:45:02 [INFO] [OctoBans] yongmen sql checked, record: spammp by ToXiCz_TV to -1
27-01-18 22:45:02 [INFO] [OctoBans] yongmen sql checked, record: spammp by Koeseb97 to -1
27-01-18 22:45:02 [INFO] [OctoBans] yongmen sql checked, record: spammp by OCIP_Matth to -1
27-01-18 22:45:02 [INFO] [OctoBans] yongmen sql checked, record: spammp by EGGSPLOSION to -1
27-01-18 22:45:38 [INFO] [OctoBans] leminecraftien80 sql checked, record: spammp by PseudooNull to -1
27-01-18 22:45:38 [INFO] [OctoBans] leminecraftien80 sql checked, record: spammp by Elfideltia to -1
27-01-18 22:46:28 [INFO] [OctoBans] athes974 sql checked, record: spammp by FamousxRay to -1
27-01-18 22:46:28 [INFO] [OctoBans] athes974 sql checked, record: insultegrave by FiasK0 to 1517140699
27-01-18 22:47:49 [INFO] [OctoBans] wilson84 sql checked, record: spammp by OCIP_Matth to -1
27-01-18 22:47:49 [INFO] [OctoBans] wilson84 sql checked, record: spammp by ToXiCz_TV to -1
27-01-18 22:47:49 [INFO] [OctoBans] wilson84 sql checked, record: spammp by LaKitaw to -1
27-01-18 22:47:49 [INFO] [OctoBans] wilson84 sql checked, record: spammp by PseudooNull to -1
27-01-18 22:47:49 [INFO] [OctoBans] wilson84 sql checked, record: spammp by woimant to -1
27-01-18 22:47:49 [INFO] [OctoBans] wilson84 sql checked, record: spammp by Gamer09 to -1
27-01-18 22:50:02 [INFO] [OctoBans] darryl1 sql checked, record: spammp by FiasK0 to -1
27-01-18 22:51:35 [INFO] [OctoBans] akriiiii_i sql checked, record: spammp by FiasK0 to -1
27-01-18 22:51:35 [INFO] [OctoBans] akriiiii_i sql checked, record: spammp by FiasK0 to -1
27-01-18 22:52:56 [INFO] [OctoBans] mcfleury sql checked, record: spammp by Koeseb97 to -1
27-01-18 22:56:09 [INFO] [OctoBans] rdvsurlebloc sql checked, record: spammp by D3adOrSnipSurYTB to -1
27-01-18 22:56:22 [INFO] [OctoBans] okalorsok sql checked, record: spammp by atsuky to -1
27-01-18 22:56:48 [INFO] [OctoBans] ayzziix sql checked, record: spammp by atsuky to -1
27-01-18 22:56:48 [INFO] [OctoBans] ayzziix sql checked, record: spammp by atsuky to -1
27-01-18 22:58:03 [INFO] [OctoBans] speedangel_ sql checked, record: insultegrave by Furiomaniak to 1517170653
27-01-18 23:00:12 [INFO] [OctoBans] kirikou_ sql checked, record: insultegrave by FiasK0 to 1517123822
27-01-18 23:02:53 [INFO] [OctoBans] fngod sql checked, record: spammp by PseudooNull to -1
27-01-18 23:04:21 [INFO] [OctoBans] zriman35 sql checked, record: spammp by Zoseq to -1
27-01-18 23:04:21 [INFO] [OctoBans] zriman35 sql checked, record: spammp by OCIP_Matth to -1
27-01-18 23:04:21 [INFO] [OctoBans] zriman35 sql checked, record: spammp by FiasK0 to -1
27-01-18 23:04:21 [INFO] [OctoBans] zriman35 sql checked, record: spammp by FiasK0 to -1
27-01-18 23:10:09 [INFO] [OctoBans] oth716 sql checked, record: spammp by EGGSPLOSION to -1
27-01-18 23:14:15 [INFO] [OctoBans] zxbrine_ sql checked, record: spammp by Evolze to -1
27-01-18 23:14:15 [INFO] [OctoBans] zxbrine_ sql checked, record: spammp by drbrine to -1
27-01-18 23:14:15 [INFO] [OctoBans] zxbrine_ sql checked, record: spammp by EGGSPLOSION to -1
27-01-18 23:14:15 [INFO] [OctoBans] zxbrine_ sql checked, record: spammp by drbrine to -1
27-01-18 23:14:15 [INFO] [OctoBans] zxbrine_ sql checked, record: spammp by MrKebab to -1
27-01-18 23:14:15 [INFO] [OctoBans] zxbrine_ sql checked, record: spammp by PseudooNull to -1
27-01-18 23:14:15 [INFO] [OctoBans] zxbrine_ sql checked, record: spammp by atsuky to -1
27-01-18 23:14:15 [INFO] [OctoBans] zxbrine_ sql checked, record: spammp by EW3L to -1
27-01-18 23:17:11 [INFO] [OctoBans] thecrane sql checked, record: spammp by WeeZix to -1
27-01-18 23:17:11 [INFO] [OctoBans] thecrane sql checked, record: spammp by WeeZix to -1
27-01-18 23:17:11 [INFO] [OctoBans] thecrane sql checked, record: spammp by WeeZix to -1
27-01-18 23:17:35 [INFO] [OctoBans] wiroox sql checked, record: spammp by WeeZix to -1
27-01-18 23:17:35 [INFO] [OctoBans] wiroox sql checked, record: spammp by FiasK0 to -1
27-01-18 23:17:35 [INFO] [OctoBans] wiroox sql checked, record: spammp by WeeZix to -1
27-01-18 23:17:35 [INFO] [OctoBans] wiroox sql checked, record: spammp by Remil to -1
27-01-18 23:17:35 [INFO] [OctoBans] wiroox sql checked, record: spammp by WeeZix to -1
27-01-18 23:17:35 [INFO] [OctoBans] wiroox sql checked, record: spammp by EW3L to -1
27-01-18 23:17:35 [INFO] [OctoBans] wiroox sql checked, record: spammp by FNGOD to -1
27-01-18 23:25:54 [INFO] [OctoBans] the_slash sql checked, record: spammp by pepedjo to -1
27-01-18 23:25:54 [INFO] [OctoBans] the_slash sql checked, record: spammp by drbrine to -1
27-01-18 23:25:54 [INFO] [OctoBans] the_slash sql checked, record: spammp by NeyTox to -1
27-01-18 23:25:54 [INFO] [OctoBans] the_slash sql checked, record: spammp by EW3L to -1
27-01-18 23:26:29 [INFO] [OctoBans] idecow_ sql checked, record: spammp by OCIP_Matth to -1
27-01-18 23:39:38 [INFO] [OctoBans] thecrane02200 sql checked, record: spammp by Koeseb97 to -1
27-01-18 23:41:37 [INFO] [OctoBans] cantaloupe_kun sql checked, record: spammp by PseudooNull to -1
27-01-18 23:41:37 [INFO] [OctoBans] cantaloupe_kun sql checked, record: spammp by PseudooNull to -1
27-01-18 23:42:14 [INFO] [OctoBans] fiask0 sql checked, record: spammp by D3adOrSnipSurYTB to -1
27-01-18 23:44:31 [INFO] [OctoBans] FiasK0 punished onflyenrec for: Provocation
27-01-18 23:57:52 [INFO] [OctoBans] killyan sql checked, record: spammp by EW3L to -1
28-01-18 00:00:32 [INFO] [OctoBans] ytbibossyt sql checked, record: spammp by atsuky to -1
28-01-18 00:02:03 [INFO] [OctoBans] FiasK0 punished yongmen for: Provocation
28-01-18 00:06:28 [INFO] [OctoBans] sbye sql checked, record: spammp by AO_Darkness to -1
28-01-18 00:06:28 [INFO] [OctoBans] sbye sql checked, record: spammp by AO_Darkness to -1
28-01-18 00:18:24 [INFO] [OctoBans] FiasK0 punished fusionix_game for: Langage incorrect
28-01-18 00:21:58 [INFO] [OctoBans] atsuky punished turpindasol for: Spam/flood en MP
28-01-18 00:30:03 [INFO] [OctoBans] FiasK0 punished lekilleur10 for: TpKill
28-01-18 00:34:41 [INFO] [OctoBans] theohand sql checked, record: spammp by OCIP_Matth to -1
28-01-18 00:34:43 [INFO] [OctoBans] flowtox sql checked, record: spammp by ToXiCz_TV to -1
28-01-18 00:34:43 [INFO] [OctoBans] flowtox sql checked, record: spammp by ToXiCz_TV to -1
28-01-18 00:36:16 [INFO] [OctoBans] racaille76 sql checked, record: spammp by AO_Darkness to -1
28-01-18 00:40:07 [INFO] [OctoBans] atsuky punished alijafaisdupvp for: Double Poste
28-01-18 00:40:11 [INFO] [OctoBans] atsuky punished the_slash for: Spam/flood
28-01-18 00:43:00 [INFO] [OctoBans] atsuky punished fepsiz for: Double Poste
28-01-18 00:43:21 [INFO] [OctoBans] neytox sql checked, record: spammp by PseudooNull to -1
28-01-18 00:44:37 [INFO] [OctoBans] gameurdumsk sql checked, record: spammp by SkillBOotiiS to -1
28-01-18 00:44:37 [INFO] [OctoBans] gameurdumsk sql checked, record: spammp by SkillBOotiiS to -1
28-01-18 00:44:37 [INFO] [OctoBans] gameurdumsk sql checked, record: spammp by NeyTox to -1
28-01-18 00:44:37 [INFO] [OctoBans] gameurdumsk sql checked, record: spammp by LeRe to -1
28-01-18 00:46:28 [INFO] [OctoBans] FiasK0 punished _topui_ for: Double Poste
28-01-18 00:50:31 [INFO] [OctoBans] dozz_ytb sql checked, record: spammp by WeeZix to -1
28-01-18 00:52:03 [INFO] [OctoBans] FiasK0 punished dozz_ytb for: Spam/flood
28-01-18 01:08:23 [INFO] [OctoBans] unnainportant sql checked, record: spammp by atsuky to -1
28-01-18 01:08:23 [INFO] [OctoBans] unnainportant sql checked, record: insultegrave by EGGSPLOSION to 1517251025
28-01-18 01:08:23 [INFO] [OctoBans] unnainportant sql checked, record: provocation by atsuky to 1517100250
28-01-18 01:24:54 [INFO] [OctoBans] kimoli sql checked, record: spammp by NeyTox to -1
28-01-18 01:24:54 [INFO] [OctoBans] kimoli sql checked, record: spammp by NeyTox to -1
28-01-18 01:24:54 [INFO] [OctoBans] kimoli sql checked, record: spammp by NeyTox to -1
28-01-18 01:24:54 [INFO] [OctoBans] kimoli sql checked, record: spammp by NeyTox to -1
28-01-18 01:24:54 [INFO] [OctoBans] kimoli sql checked, record: spammp by NeyTox to -1
28-01-18 01:24:54 [INFO] [OctoBans] kimoli sql checked, record: spammp by NeyTox to -1
28-01-18 01:24:54 [INFO] [OctoBans] kimoli sql checked, record: spammp by NeyTox to -1
28-01-18 01:24:54 [INFO] [OctoBans] kimoli sql checked, record: spammp by NeyTox to -1
28-01-18 01:24:54 [INFO] [OctoBans] kimoli sql checked, record: spammp by NeyTox to -1
28-01-18 01:24:54 [INFO] [OctoBans] kimoli sql checked, record: spammp by Remil to -1
28-01-18 01:24:54 [INFO] [OctoBans] kimoli sql checked, record: spammp by OCIP_Matth to -1
28-01-18 01:24:54 [INFO] [OctoBans] kimoli sql checked, record: spammp by YTB_XxKarnageXx to -1
28-01-18 01:24:54 [INFO] [OctoBans] kimoli sql checked, record: spammp by YTB_XxKarnageXx to -1
28-01-18 01:24:54 [INFO] [OctoBans] kimoli sql checked, record: spammp by YTB_XxKarnageXx to -1
28-01-18 01:31:47 [INFO] [OctoBans] gramatik sql checked, record: spammp by woimant to -1
28-01-18 01:34:52 [INFO] [OctoBans] gamix_yt sql checked, record: insultegrave by FiasK0 to 1517236465
28-01-18 02:13:27 [INFO] [OctoBans] xx_after_xx sql checked, record: spammp by FiasK0 to -1
28-01-18 02:20:49 [INFO] [OctoBans] atsuky punished freenoz for: Spam/flood
28-01-18 02:21:14 [INFO] [OctoBans] atsuky punished eragon951 for: Spam/flood
28-01-18 02:21:30 [INFO] [OctoBans] sangoku sql checked, record: spammp by atsuky to -1
28-01-18 02:21:30 [INFO] [OctoBans] sangoku sql checked, record: spammp by Awesomeboy to -1
28-01-18 02:21:30 [INFO] [OctoBans] sangoku sql checked, record: spammp by Awesomeboy to -1
28-01-18 02:34:51 [INFO] [OctoBans] atsuky punished wazhrod for: Menace de hack
28-01-18 02:54:50 [INFO] [OctoBans] DEEProdole punished alijafaisdupvp for: Double Poste
28-01-18 03:25:04 [INFO] [OctoBans] atsuky punished aexraptorz for: Insulte
28-01-18 03:27:46 [INFO] [OctoBans] atsuky punished alijafaisdupvp for: TpKill
28-01-18 03:30:35 [INFO] [OctoBans] atsuky punished aexraptorz for: TpKill
28-01-18 03:51:06 [INFO] [OctoBans] zbeubz sql checked, record: spammp by KelianHD to -1
28-01-18 03:51:06 [INFO] [OctoBans] zbeubz sql checked, record: spammp by pepedjo to -1
28-01-18 04:05:26 [INFO] [OctoBans] gangstardu59 sql checked, record: multicompte by Gamer09 to -1
28-01-18 04:07:18 [INFO] [OctoBans] xxfloxx19 sql checked, record: spammp by Evolze to -1
28-01-18 06:01:01 [INFO] [OctoBans] Disabling OctoBans v1.0
