08-07-17 22:31:43 [INFO] [OctoBans] File Handler successfully initialized!
08-07-17 22:31:43 [INFO] [OctoBans] SQL connection successfully etablished
08-07-17 22:31:43 [INFO] [OctoBans] Moderator Tools by Octonia.
08-07-17 22:31:48 [INFO] [OctoBans] kyzirie sql checked, record: spammp by PseudoNul to -1
08-07-17 22:31:48 [INFO] [OctoBans] kyzirie sql checked, record: incitationflood by D3adOrSnipSurYTB to 1499633145
08-07-17 22:31:49 [INFO] [OctoBans] lere sql checked, record: racism by Shainko to 1499553699
08-07-17 22:31:49 [INFO] [OctoBans] lassa18 sql checked, record: spammp by Remil to -1
08-07-17 22:31:49 [INFO] [OctoBans] lassa18 sql checked, record: spammp by Remil to -1
08-07-17 22:31:49 [INFO] [OctoBans] lassa18 sql checked, record: pubyt by 54melih54 to 1499546923
08-07-17 22:31:49 [INFO] [OctoBans] geekboy sql checked, record: spammp by skhey to -1
08-07-17 22:31:49 [INFO] [OctoBans] geekboy sql checked, record: spam by 54melih54 to 1499551619
08-07-17 22:31:49 [INFO] [OctoBans] _kheyzz_ sql checked, record: floodmp by Forway to -1
08-07-17 22:31:49 [INFO] [OctoBans] _kheyzz_ sql checked, record: spam by DEEProdole to 1499555774
08-07-17 22:31:49 [INFO] [OctoBans] lolo201 sql checked, record: spammp by Remil to -1
08-07-17 22:31:49 [INFO] [OctoBans] waytek sql checked, record: spammp by PseudoNul to -1
08-07-17 22:31:49 [INFO] [OctoBans] waytek sql checked, record: spammp by Remil to -1
08-07-17 22:31:49 [INFO] [OctoBans] waytek sql checked, record: spammp by Remil to -1
08-07-17 22:31:49 [INFO] [OctoBans] blackwhite010 sql checked, record: spammp by Remil to -1
08-07-17 22:31:49 [INFO] [OctoBans] i_pompeyo sql checked, record: insultegrave by DEEProdole to 1499567195
08-07-17 22:31:49 [INFO] [OctoBans] mistergamingv2 sql checked, record: spammp by Remil to -1
08-07-17 22:31:49 [INFO] [OctoBans] romudu269 sql checked, record: spammp by SkyKosIV to -1
08-07-17 22:31:49 [INFO] [OctoBans] alpha_jumpyi sql checked, record: spam by Forway to 1499549233
08-07-17 22:31:49 [INFO] [OctoBans] sunfall sql checked, record: spammp by aubune to -1
08-07-17 22:31:49 [INFO] [OctoBans] sunfall sql checked, record: floodmp by Forway to -1
08-07-17 22:31:49 [INFO] [OctoBans] sunfall sql checked, record: spammp by Steph078 to -1
08-07-17 22:31:49 [INFO] [OctoBans] sunfall sql checked, record: spammp by PseudoNul to -1
08-07-17 22:31:49 [INFO] [OctoBans] sunfall sql checked, record: spammp by iPurple_ to -1
08-07-17 22:31:49 [INFO] [OctoBans] sunfall sql checked, record: spammp by Steph078 to -1
08-07-17 22:31:49 [INFO] [OctoBans] sunfall sql checked, record: insultegrave by 54melih54 to 1499688347
08-07-17 22:31:49 [INFO] [OctoBans] weetiix sql checked, record: incitationflood by SnowEffect to 1499611203
08-07-17 22:31:49 [INFO] [OctoBans] the_tueur sql checked, record: spammp by PseudoNul to -1
08-07-17 22:31:49 [INFO] [OctoBans] the_tueur sql checked, record: incitationflood by Forway to 1499627983
08-07-17 22:31:53 [INFO] [OctoBans] blc_frr_pvp sql checked, record: insultegrave by flowz to 1499612409
08-07-17 22:31:53 [INFO] [OctoBans] thegost sql checked, record: floodmp by Forway to -1
08-07-17 22:31:55 [INFO] [OctoBans] drkiritoz_ sql checked, record: spammp by YTB_XxKarnageXx to -1
08-07-17 22:31:55 [INFO] [OctoBans] drkiritoz_ sql checked, record: spammp by SuperJojo to -1
08-07-17 22:31:55 [INFO] [OctoBans] drkiritoz_ sql checked, record: floodmp by Forway to -1
08-07-17 22:31:55 [INFO] [OctoBans] drkiritoz_ sql checked, record: spammp by Remil to -1
08-07-17 22:31:55 [INFO] [OctoBans] drkiritoz_ sql checked, record: insultestaff by Anzerti to 1499561052
08-07-17 22:31:55 [INFO] [OctoBans] drkiritoz_ sql checked, record: tpkill by SkyKosIV to 1499611509
08-07-17 22:31:56 [INFO] [OctoBans] enjoymycombo sql checked, record: spammp by SnowEffect to -1
08-07-17 22:31:56 [INFO] [OctoBans] enjoymycombo sql checked, record: insultegrave by The_Frusty to 1499555442
08-07-17 22:32:01 [INFO] [OctoBans] midou14 sql checked, record: insultegrave by 54melih54 to 1499580281
08-07-17 22:32:02 [INFO] [OctoBans] sword_ sql checked, record: spammp by SuperJojo to -1
08-07-17 22:32:06 [INFO] [OctoBans] shouteur sql checked, record: spammp by Remil to -1
08-07-17 22:32:06 [INFO] [OctoBans] shouteur sql checked, record: spammp by Remil to -1
08-07-17 22:32:06 [INFO] [OctoBans] shouteur sql checked, record: spammp by Remil to -1
08-07-17 22:32:06 [INFO] [OctoBans] shouteur sql checked, record: spammp by Remil to -1
08-07-17 22:32:09 [INFO] [OctoBans] zerdozz sql checked, record: insultegrave by The_Frusty to 1499555417
08-07-17 22:32:09 [INFO] [OctoBans] totototo11 sql checked, record: insultegrave by The_Frusty to 1499555133
08-07-17 22:32:11 [INFO] [OctoBans] helder sql checked, record: spammp by SkyKosIV to -1
08-07-17 22:32:11 [INFO] [OctoBans] fyliopvp sql checked, record: spammp by SnowEffect to -1
08-07-17 22:32:12 [INFO] [OctoBans] by_sneak sql checked, record: spammp by SkyKosIV to -1
08-07-17 22:32:12 [INFO] [OctoBans] by_sneak sql checked, record: insultestaff by SkyKosIV to 1499705154
08-07-17 22:32:12 [INFO] [OctoBans] by_sneak sql checked, record: provocation by FiasK0 to 1499546548
08-07-17 22:32:17 [INFO] [OctoBans] bywark sql checked, record: insultegrave by TheBrioche13 to 1499604595
08-07-17 22:32:24 [INFO] [OctoBans] anthony972 sql checked, record: spammp by Remil to -1
08-07-17 22:32:24 [INFO] [OctoBans] anthony972 sql checked, record: spammp by Remil to -1
08-07-17 22:32:24 [INFO] [OctoBans] anthony972 sql checked, record: insultegrave by Kyabe to 1499572465
08-07-17 22:32:24 [INFO] [OctoBans] valyprod sql checked, record: doubleposte by woimant to 1499548854
08-07-17 22:32:29 [INFO] [OctoBans] matt74 sql checked, record: spam by 54melih54 to 1499546790
08-07-17 22:32:34 [INFO] [OctoBans] x4gaming sql checked, record: spammp by PseudoNul to -1
08-07-17 22:32:35 [INFO] [OctoBans] marchandbale sql checked, record: incitationflood by Forway to 1499628969
08-07-17 22:32:38 [INFO] [OctoBans] tyzaa sql checked, record: spammp by PseudoNul to -1
08-07-17 22:32:38 [INFO] [OctoBans] tyzaa sql checked, record: incitationflood by SnowEffect to 1499609957
08-07-17 22:32:38 [INFO] [OctoBans] tyzaa sql checked, record: insultegrave by FiasK0 to 1499745004
08-07-17 22:32:47 [INFO] [OctoBans] charifboss sql checked, record: spammp by Blubfire to -1
08-07-17 22:32:55 [INFO] [OctoBans] alarmebruine6 sql checked, record: insultegrave by MaacDoo to 1499567685
08-07-17 22:34:03 [INFO] [OctoBans] justsx sql checked, record: spammp by iPurple_ to -1
08-07-17 22:34:03 [INFO] [OctoBans] justsx sql checked, record: spammp by iPurple_ to -1
08-07-17 22:34:17 [INFO] [OctoBans] wardogz_59 sql checked, record: spammp by PseudoNul to -1
08-07-17 22:34:17 [INFO] [OctoBans] wardogz_59 sql checked, record: floodmp by Forway to -1
08-07-17 22:34:32 [INFO] [OctoBans] _dragibus_ sql checked, record: spammp by Remil to -1
08-07-17 22:34:32 [INFO] [OctoBans] _dragibus_ sql checked, record: spammp by Remil to -1
08-07-17 22:34:32 [INFO] [OctoBans] _dragibus_ sql checked, record: spammp by Remil to -1
08-07-17 22:34:32 [INFO] [OctoBans] _dragibus_ sql checked, record: spammp by Remil to -1
08-07-17 22:34:32 [INFO] [OctoBans] _dragibus_ sql checked, record: spammp by Remil to -1
08-07-17 22:34:32 [INFO] [OctoBans] _dragibus_ sql checked, record: spammp by Remil to -1
08-07-17 22:34:32 [INFO] [OctoBans] _dragibus_ sql checked, record: spammp by Remil to -1
08-07-17 22:34:32 [INFO] [OctoBans] _dragibus_ sql checked, record: spammp by Remil to -1
08-07-17 22:34:32 [INFO] [OctoBans] _dragibus_ sql checked, record: spammp by Remil to -1
08-07-17 22:34:32 [INFO] [OctoBans] _dragibus_ sql checked, record: spammp by Remil to -1
08-07-17 22:34:32 [INFO] [OctoBans] _dragibus_ sql checked, record: spammp by Remil to -1
08-07-17 22:34:32 [INFO] [OctoBans] _dragibus_ sql checked, record: spammp by Remil to -1
08-07-17 22:34:32 [INFO] [OctoBans] _dragibus_ sql checked, record: spammp by PseudoNul to -1
08-07-17 22:34:32 [INFO] [OctoBans] _dragibus_ sql checked, record: spammp by SkyKosIV to -1
08-07-17 22:34:32 [INFO] [OctoBans] _dragibus_ sql checked, record: spammp by Remil to -1
08-07-17 22:34:32 [INFO] [OctoBans] _dragibus_ sql checked, record: insultestaff by MaacDoo to 1499569182
08-07-17 22:34:50 [INFO] [OctoBans] ender450 sql checked, record: spam by Forway to 1499553426
08-07-17 22:35:22 [INFO] [OctoBans] woimant punished fafaetoile for: Double Poste
08-07-17 22:35:47 [INFO] [OctoBans] lightyugo sql checked, record: incitationflood by Anzerti to 1499568741
08-07-17 22:36:25 [INFO] [OctoBans] evorke_ sql checked, record: insultestaff by Shainko to 1499566284
08-07-17 22:36:25 [INFO] [OctoBans] evorke_ sql checked, record: insultegrave by TheBrioche13 to 1499568704
08-07-17 22:36:30 [INFO] [OctoBans] fidus sql checked, record: spammp by YTB_XxKarnageXx to -1
08-07-17 22:36:51 [INFO] [OctoBans] samy13310 sql checked, record: flood by FiasK0 to 1499549552
08-07-17 22:36:54 [INFO] [OctoBans] unnainteligent sql checked, record: faussesinfos by 54melih54 to 1499622798
08-07-17 22:36:54 [INFO] [OctoBans] unnainteligent sql checked, record: faussesinfos by 54melih54 to 1499710284
08-07-17 22:36:56 [INFO] [OctoBans] dokzi sql checked, record: incitationflood by JustMySkill to 1499612037
08-07-17 22:37:06 [INFO] [OctoBans] icrowz_ sql checked, record: spammp by iPurple_ to -1
08-07-17 22:37:30 [INFO] [OctoBans] 54melih54 punished twidzei_ for: Spam/flood
08-07-17 22:37:48 [INFO] [OctoBans] julie52100 sql checked, record: spammp by SnowEffect to -1
08-07-17 22:37:48 [INFO] [OctoBans] julie52100 sql checked, record: spammp by PseudoNul to -1
08-07-17 22:37:48 [INFO] [OctoBans] automan sql checked, record: insultegrave by tinmar to 1499565921
08-07-17 22:39:09 [INFO] [OctoBans] selim45 sql checked, record: spammp by ZerKup to -1
08-07-17 22:39:33 [INFO] [OctoBans] colonelsemih76 sql checked, record: faussesinfos by TheBrioche13 to 1499617259
08-07-17 22:39:33 [INFO] [OctoBans] colonelsemih76 sql checked, record: pubyt by DEEProdole to 1499551942
08-07-17 22:43:59 [INFO] [OctoBans] woimant punished amgaming for: Double Poste
08-07-17 22:44:54 [INFO] [OctoBans] gims27 sql checked, record: doubleposte by FiasK0 to 1499546727
08-07-17 22:45:06 [INFO] [OctoBans] xersu sql checked, record: spammp by SnowEffect to -1
08-07-17 22:45:06 [INFO] [OctoBans] lefifoudu3 sql checked, record: spammp by SuperJojo to -1
08-07-17 22:45:06 [INFO] [OctoBans] lefifoudu3 sql checked, record: insultestaff by Forway to 1499641062
08-07-17 22:45:06 [INFO] [OctoBans] lefifoudu3 sql checked, record: insultegrave by Forway to 1499641087
08-07-17 22:47:57 [INFO] [OctoBans] oow_ll sql checked, record: insultegrave by MaacDoo to 1499567203
08-07-17 22:49:24 [INFO] [OctoBans] 54melih54 punished ishaadow_ for: Spam/flood
08-07-17 22:50:18 [INFO] [OctoBans] mister88 sql checked, record: menacehack by SkyKosIV to 1499717025
08-07-17 22:50:28 [INFO] [OctoBans] shap_coc_2 sql checked, record: insultegrave by MaacDoo to 1499639914
08-07-17 22:50:28 [INFO] [OctoBans] shap_coc_2 sql checked, record: insultegrave by MaacDoo to 1499676684
08-07-17 22:50:48 [INFO] [OctoBans] mister88 sql checked, record: menacehack by SkyKosIV to 1499717025
08-07-17 22:54:07 [INFO] [OctoBans] sushi_ sql checked, record: spammp by Remil to -1
08-07-17 22:54:14 [INFO] [OctoBans] micado sql checked, record: spammp by ZerKup to -1
08-07-17 22:54:14 [INFO] [OctoBans] lasa_games_pvp sql checked, record: incitationflood by Anzerti to 1499580046
08-07-17 22:55:10 [INFO] [OctoBans] dylan11000 sql checked, record: incitationflood by YTB_XxKarnageXx to 1499964905
08-07-17 22:55:14 [INFO] [OctoBans] MaacDoo punished thegost for: Spam/flood
08-07-17 22:55:39 [INFO] [OctoBans] MaacDoo punished nolaninomc for: Double Poste
08-07-17 22:56:33 [INFO] [OctoBans] bellepoutine sql checked, record: spammp by SnowEffect to -1
08-07-17 22:56:33 [INFO] [OctoBans] bellepoutine sql checked, record: spammp by SnowEffect to -1
08-07-17 22:57:00 [INFO] [OctoBans] clem010 sql checked, record: spammp by Remil to -1
08-07-17 22:57:35 [INFO] [OctoBans] MaacDoo punished hil3is for: Double Poste
08-07-17 22:57:38 [INFO] [OctoBans] poligame sql checked, record: incitationflood by Forway to 1499717091
08-07-17 22:58:30 [INFO] [OctoBans] MaacDoo punished tktmemepas for: Double Poste
08-07-17 22:58:53 [INFO] [OctoBans] 54melih54 punished ashcraft for: Spam/flood
08-07-17 22:59:03 [INFO] [OctoBans] 54melih54 punished keen0x for: Spam/flood
08-07-17 22:59:40 [INFO] [OctoBans] MaacDoo punished the_diamons_ for: Majuscule
08-07-17 23:00:41 [INFO] [OctoBans] harkz sql checked, record: spam by 54melih54 to 1499582526
08-07-17 23:03:07 [INFO] [OctoBans] 54melih54 punished theblackmask92 for: Publicité Youtubeur
08-07-17 23:04:39 [INFO] [OctoBans] MaacDoo punished fuziioner for: Spam/flood
08-07-17 23:04:41 [INFO] [OctoBans] Remil punished listeip for: Menace de hack
08-07-17 23:04:42 [INFO] [OctoBans] listeip sql checked, record: menacehack by Remil to 1499807081
08-07-17 23:05:05 [INFO] [OctoBans] Remil punished fuziioner for: Menace de hack
08-07-17 23:05:22 [INFO] [OctoBans] MaacDoo punished itek for: Majuscule
08-07-17 23:06:09 [INFO] [OctoBans] MaacDoo punished mael68 for: Spam/flood
08-07-17 23:06:22 [INFO] [OctoBans] MaacDoo punished fidus for: Spam/flood
08-07-17 23:06:42 [INFO] [OctoBans] 54melih54 punished by_sneak for: Provocation
08-07-17 23:07:11 [INFO] [OctoBans] dragonfou21 sql checked, record: incitationflood by SnowEffect to 1499593499
08-07-17 23:08:46 [INFO] [OctoBans] by_fly sql checked, record: insultestaff by MaacDoo to 1499575670
08-07-17 23:08:46 [INFO] [OctoBans] by_fly sql checked, record: kickautre by Antoine57565 to -1
08-07-17 23:08:46 [INFO] [OctoBans] by_fly sql checked, record: insultegrave by Remil to 1499719809
08-07-17 23:08:46 [INFO] [OctoBans] by_fly sql checked, record: spammp by Remil to -1
08-07-17 23:08:48 [INFO] [OctoBans] titidu06 sql checked, record: spammp by PseudoNul to -1
08-07-17 23:10:42 [INFO] [OctoBans] xelio57 sql checked, record: spammp by SnowEffect to -1
08-07-17 23:10:52 [INFO] [OctoBans] xxheroiikxx sql checked, record: floodmp by Forway to -1
08-07-17 23:11:12 [INFO] [OctoBans] lesanguinaire sql checked, record: spammp by Steph078 to -1
08-07-17 23:13:43 [INFO] [OctoBans] MaacDoo punished x4gaming for: Double Poste
08-07-17 23:14:47 [INFO] [OctoBans] the_frusty sql checked, record: incitationflood by Anzerti to 1499580720
08-07-17 23:17:49 [INFO] [OctoBans] gamerthug sql checked, record: spammp by Remil to -1
08-07-17 23:18:31 [INFO] [OctoBans] leikow sql checked, record: kickautre by Steph078 to -1
08-07-17 23:20:53 [INFO] [OctoBans] skypemod sql checked, record: spammp by YTB_XxKarnageXx to -1
08-07-17 23:20:53 [INFO] [OctoBans] skypemod sql checked, record: spammp by PseudoNul to -1
08-07-17 23:21:05 [INFO] [OctoBans] Remil punished isneekyhd for: Provocation
08-07-17 23:21:12 [INFO] [OctoBans] Remil punished __seif__ for: Double Poste
08-07-17 23:23:20 [INFO] [OctoBans] Remil punished fantik099 for: Provocation
08-07-17 23:23:36 [INFO] [OctoBans] arsenic_ytb sql checked, record: spammp by Remil to -1
08-07-17 23:23:36 [INFO] [OctoBans] arsenic_ytb sql checked, record: spammp by iPurple_ to -1
08-07-17 23:29:50 [INFO] [OctoBans] Remil punished wazazii for: Menace de hack
08-07-17 23:30:16 [INFO] [OctoBans] Remil punished walidio2003 for: Spam/flood
08-07-17 23:32:10 [INFO] [OctoBans] Remil punished spikey1312 for: Menace de hack
08-07-17 23:34:42 [INFO] [OctoBans] sasuto19 sql checked, record: spammp by SnowEffect to -1
08-07-17 23:34:42 [INFO] [OctoBans] sasuto19 sql checked, record: spammp by SnowEffect to -1
08-07-17 23:36:21 [INFO] [OctoBans] hayden_frost sql checked, record: spammp by PseudoNul to -1
08-07-17 23:40:23 [INFO] [OctoBans] flowz punished osmanlitorunu for: Langage incorrect
08-07-17 23:41:47 [INFO] [OctoBans] mathis81 sql checked, record: spammp by Steph078 to -1
08-07-17 23:41:47 [INFO] [OctoBans] mathis81 sql checked, record: spammp by Steph078 to -1
08-07-17 23:45:40 [INFO] [OctoBans] pvp_thibaut_pvp sql checked, record: spammp by SuperJojo to -1
08-07-17 23:49:20 [INFO] [OctoBans] MaacDoo punished brookdu81 for: Double Poste
08-07-17 23:51:25 [INFO] [OctoBans] MaacDoo punished tyzaa for: Spam/flood
08-07-17 23:52:52 [INFO] [OctoBans] flowz punished tyzaa for: Publicité Youtubeur
08-07-17 23:53:08 [INFO] [OctoBans] flowz punished juju123 for: Double Poste
08-07-17 23:53:34 [INFO] [OctoBans] flowz punished aziator for: Majuscule
08-07-17 23:55:03 [INFO] [OctoBans] MaacDoo punished ns_zetrox for: Double Poste
08-07-17 23:55:30 [INFO] [OctoBans] flowz punished _zey_ for: Double Poste
08-07-17 23:56:27 [INFO] [OctoBans] marchandloup sql checked, record: spammp by Remil to -1
08-07-17 23:56:27 [INFO] [OctoBans] marchandloup sql checked, record: spammp by PseudoNul to -1
08-07-17 23:56:27 [INFO] [OctoBans] MaacDoo punished thetombolla for: Majuscule
08-07-17 23:57:46 [INFO] [OctoBans] twinx_boy sql checked, record: spammp by SnowEffect to -1
08-07-17 23:58:57 [INFO] [OctoBans] flowz punished letrolleur for: Double Poste
09-07-17 00:00:15 [INFO] [OctoBans] erzzertetze sql checked, record: faussesinfos by TheBrioche13 to 1499567545
09-07-17 00:05:56 [INFO] [OctoBans] safoufoucraft00 sql checked, record: spammp by YTB_XxKarnageXx to -1
09-07-17 00:05:56 [INFO] [OctoBans] safoufoucraft00 sql checked, record: insultegrave by DEEProdole to 1499616832
09-07-17 00:05:56 [INFO] [OctoBans] safoufoucraft00 sql checked, record: insultestaff by DEEProdole to 1499580877
09-07-17 00:05:58 [INFO] [OctoBans] toms2006 sql checked, record: spammp by SnowEffect to -1
09-07-17 00:06:47 [INFO] [OctoBans] produpvp sql checked, record: spammp by Remil to -1
09-07-17 00:08:26 [INFO] [OctoBans] tokyo sql checked, record: spammp by SnowEffect to -1
09-07-17 00:15:57 [INFO] [OctoBans] Remil punished link750 for: Menace de hack
09-07-17 00:16:02 [INFO] [OctoBans] Remil punished bfa69 for: Menace de hack
09-07-17 00:16:47 [INFO] [OctoBans] flowz punished andsiou for: Spam/flood
09-07-17 00:17:14 [INFO] [OctoBans] arcz058 sql checked, record: spammp by Remil to -1
09-07-17 00:17:14 [INFO] [OctoBans] arcz058 sql checked, record: insultegrave by Anzerti to 1499559884
09-07-17 00:17:41 [INFO] [OctoBans] flowz punished xweiizz for: Insulte grave
09-07-17 00:18:43 [INFO] [OctoBans] Forway punished toms2006 for: Double Poste
09-07-17 00:18:45 [INFO] [OctoBans] DEEProdole punished bonomus for: Spam/flood
09-07-17 00:19:17 [INFO] [OctoBans] DEEProdole punished bonomus for: Insulte grave
09-07-17 00:20:24 [INFO] [OctoBans] lucas81160 sql checked, record: floodmp by Forway to -1
09-07-17 00:21:45 [INFO] [OctoBans] flowz punished greenadvaaance for: Provocation
09-07-17 00:22:22 [INFO] [OctoBans] Forway punished goks94 for: Double Poste
09-07-17 00:22:28 [INFO] [OctoBans] flowz punished mehdiii10_ for: Majuscule
09-07-17 00:24:09 [INFO] [OctoBans] Forway punished geekboy for: Double Poste
09-07-17 00:25:12 [INFO] [OctoBans] Forway punished mamydugetto for: Double Poste
09-07-17 00:32:12 [INFO] [OctoBans] n3qi62 sql checked, record: spammp by iPurple_ to -1
09-07-17 00:32:19 [INFO] [OctoBans] Forway punished beatsaudio for: Majuscule
09-07-17 00:33:36 [INFO] [OctoBans] flowz punished donjongem for: Double Poste
09-07-17 00:34:57 [INFO] [OctoBans] flowz punished mickdu63_ytb for: Double Poste
09-07-17 00:39:31 [INFO] [OctoBans] Forway punished jel for: Langage incorrect
09-07-17 00:40:43 [INFO] [OctoBans] flowz punished juju123 for: Spam/flood
09-07-17 00:47:24 [INFO] [OctoBans] flowz punished arn4x for: Majuscule
09-07-17 00:49:37 [INFO] [OctoBans] flowz punished jel for: Double Poste
09-07-17 00:53:23 [INFO] [OctoBans] flowz punished lucasm for: Double Poste
09-07-17 01:00:43 [INFO] [OctoBans] teezer_fr sql checked, record: floodmp by Forway to -1
09-07-17 01:03:19 [INFO] [OctoBans] MaacDoo punished flexfou for: Spam/flood
09-07-17 01:04:06 [INFO] [OctoBans] flowz punished flexfou for: Double Poste
09-07-17 01:05:18 [INFO] [OctoBans] MaacDoo punished mlgman for: Double Poste
09-07-17 01:05:30 [INFO] [OctoBans] ray54 sql checked, record: spammp by SuperJojo to -1
09-07-17 01:11:07 [INFO] [OctoBans] sqkaa_ sql checked, record: spammp by SkyKosIV to -1
09-07-17 01:13:06 [INFO] [OctoBans] thebrioche13 sql checked, record: spammp by Remil to -1
09-07-17 01:13:06 [INFO] [OctoBans] thebrioche13 sql checked, record: spammp by SkyKosIV to -1
09-07-17 01:16:01 [INFO] [OctoBans] MaacDoo punished exotik for: Insulte
09-07-17 01:17:59 [INFO] [OctoBans] riyane6122 sql checked, record: majuscule by 54melih54 to 1499556397
09-07-17 01:20:00 [INFO] [OctoBans] yassir321 sql checked, record: spammp by PseudoNul to -1
09-07-17 01:24:00 [INFO] [OctoBans] alberic sql checked, record: spammp by Remil to -1
09-07-17 01:27:10 [INFO] [OctoBans] MaacDoo punished zeycko_ for: Double Poste
09-07-17 01:29:27 [INFO] [OctoBans] DEEProdole punished goks94 for: Langage incorrect
09-07-17 01:30:03 [INFO] [OctoBans] iPurple_ punished flexfou for: Double Poste
09-07-17 01:32:19 [INFO] [OctoBans] stonewolf sql checked, record: spammp by SuperJojo to -1
09-07-17 01:34:29 [INFO] [OctoBans] iPurple_ punished kiwilol for: Double Poste
09-07-17 01:38:21 [INFO] [OctoBans] craziix_eu sql checked, record: spammp by Remil to -1
09-07-17 01:38:21 [INFO] [OctoBans] craziix_eu sql checked, record: spammp by Remil to -1
09-07-17 01:38:21 [INFO] [OctoBans] craziix_eu sql checked, record: spammp by Remil to -1
09-07-17 01:38:21 [INFO] [OctoBans] craziix_eu sql checked, record: spammp by Remil to -1
09-07-17 01:38:26 [INFO] [OctoBans] oeufdepoule62 sql checked, record: spammp by Remil to -1
09-07-17 01:38:26 [INFO] [OctoBans] oeufdepoule62 sql checked, record: spammp by SkyKosIV to -1
09-07-17 01:38:58 [INFO] [OctoBans] TheBrioche13 punished beatsaudio for: Double Poste
09-07-17 01:39:44 [INFO] [OctoBans] _ashbrooks_pvp sql checked, record: incitationflood by SkyKosIV to 1499687492
09-07-17 01:52:40 [INFO] [OctoBans] MaacDoo punished labaguette for: Double Poste
09-07-17 01:57:30 [INFO] [OctoBans] d3adorsnipsurytb sql checked, record: spammp by SuperJojo to -1
09-07-17 01:57:33 [INFO] [OctoBans] DEEProdole punished wiindows for: Insulte grave
09-07-17 01:58:28 [INFO] [OctoBans] TheBrioche13 punished mrcreeper456 for: Double Poste
09-07-17 01:58:33 [INFO] [OctoBans] TheBrioche13 punished modattozz for: Double Poste
09-07-17 01:58:48 [INFO] [OctoBans] iPurple_ punished toto2003 for: Double Poste
09-07-17 02:03:08 [INFO] [OctoBans] iPurple_ punished ocip_matth for: Double Poste
09-07-17 02:05:35 [INFO] [OctoBans] iPurple_ punished pioupiou2003 for: Spam/flood
09-07-17 02:08:09 [INFO] [OctoBans] 54melih54 punished teamfox for: Double Poste
09-07-17 02:21:02 [INFO] [OctoBans] MaacDoo punished zebiggameur for: Spam/flood
09-07-17 02:24:25 [INFO] [OctoBans] mabilou29 sql checked, record: spammp by SnowEffect to -1
09-07-17 02:24:25 [INFO] [OctoBans] mabilou29 sql checked, record: spammp by SnowEffect to -1
09-07-17 02:27:22 [INFO] [OctoBans] MaacDoo punished craziix_eu for: Double Poste
09-07-17 02:42:50 [INFO] [OctoBans] iPurple_ punished mazeup for: Spam/flood
09-07-17 02:43:00 [INFO] [OctoBans] MaacDoo punished thepopspvp for: Insulte
09-07-17 02:44:11 [INFO] [OctoBans] blackzik_ sql checked, record: spammp by PseudoNul to -1
09-07-17 02:47:04 [INFO] [OctoBans] MaacDoo punished efrensuryoutube for: Double Poste
09-07-17 02:52:18 [INFO] [OctoBans] MaacDoo punished krais7681 for: Double Poste
09-07-17 02:57:28 [INFO] [OctoBans] iPurple_ punished efrensuryoutube for: Double Poste
09-07-17 03:00:59 [INFO] [OctoBans] winningyt sql checked, record: spammp by SuperJojo to -1
09-07-17 03:01:39 [INFO] [OctoBans] MaacDoo punished winningyt for: Majuscule
09-07-17 03:02:21 [INFO] [OctoBans] MaacDoo punished tyzaa for: Spam/flood
09-07-17 03:02:52 [INFO] [OctoBans] MaacDoo punished youvol for: Spam/flood
09-07-17 03:03:05 [INFO] [OctoBans] MaacDoo punished by_sneak for: Spam/flood
09-07-17 03:03:38 [INFO] [OctoBans] justrage sql checked, record: spammp by Remil to -1
09-07-17 03:04:02 [INFO] [OctoBans] MaacDoo punished srizorspvp for: Provocation
09-07-17 03:05:42 [INFO] [OctoBans] MaacDoo punished labaguette for: Provocation
09-07-17 03:25:07 [INFO] [OctoBans] MaacDoo punished simyasuoplayer for: Majuscule
09-07-17 03:27:45 [INFO] [OctoBans] red_sheep sql checked, record: incitationflood by Anzerti to 1499578643
09-07-17 03:28:22 [INFO] [OctoBans] MaacDoo punished zubject for: Spam/flood
09-07-17 03:29:39 [INFO] [OctoBans] MaacDoo punished jojolatereur971 for: Provocation
09-07-17 03:37:17 [INFO] [OctoBans] TheBrioche13 punished enzoblankok for: Majuscule
09-07-17 03:43:34 [INFO] [OctoBans] MaacDoo punished brookdu81 for: Double Poste
09-07-17 03:54:29 [INFO] [OctoBans] MaacDoo punished julie52100 for: Double Poste
09-07-17 03:56:47 [INFO] [OctoBans] MaacDoo punished swizix for: Spam/flood
09-07-17 06:01:02 [INFO] [OctoBans] Disabling OctoBans v1.0
