09-07-17 22:31:43 [INFO] [OctoBans] File Handler successfully initialized!
09-07-17 22:31:43 [INFO] [OctoBans] SQL connection successfully etablished
09-07-17 22:31:43 [INFO] [OctoBans] Moderator Tools by Octonia.
09-07-17 22:31:48 [INFO] [OctoBans] clem010 sql checked, record: spammp by Remil to -1
09-07-17 22:31:48 [INFO] [OctoBans] ishaadow_ sql checked, record: doubleposte by 54melih54 to 1499634349
09-07-17 22:31:48 [INFO] [OctoBans] charifboss sql checked, record: spammp by Blubfire to -1
09-07-17 22:31:48 [INFO] [OctoBans] pablo sql checked, record: kickautre by Antoine57565 to -1
09-07-17 22:31:48 [INFO] [OctoBans] dark_titix sql checked, record: spammp by Remil to -1
09-07-17 22:31:49 [INFO] [OctoBans] octoway sql checked, record: incitationflood by PseudoNul to 1499767140
09-07-17 22:31:49 [INFO] [OctoBans] bucky57 sql checked, record: incitationflood by Forway to 1499717276
09-07-17 22:31:49 [INFO] [OctoBans] xxheroiikxx sql checked, record: floodmp by Forway to -1
09-07-17 22:31:49 [INFO] [OctoBans] toms2006 sql checked, record: spammp by SnowEffect to -1
09-07-17 22:31:49 [INFO] [OctoBans] pppuissance sql checked, record: kickautre by Steph078 to -1
09-07-17 22:31:49 [INFO] [OctoBans] papigabi sql checked, record: spammp by SnowEffect to -1
09-07-17 22:31:49 [INFO] [OctoBans] papigabi sql checked, record: spammp by SnowEffect to -1
09-07-17 22:31:49 [INFO] [OctoBans] drkiritoz_ sql checked, record: spammp by YTB_XxKarnageXx to -1
09-07-17 22:31:49 [INFO] [OctoBans] drkiritoz_ sql checked, record: spammp by SuperJojo to -1
09-07-17 22:31:49 [INFO] [OctoBans] drkiritoz_ sql checked, record: floodmp by Forway to -1
09-07-17 22:31:49 [INFO] [OctoBans] drkiritoz_ sql checked, record: spammp by Remil to -1
09-07-17 22:31:49 [INFO] [OctoBans] drkiritoz_ sql checked, record: spammp by iPurple_ to -1
09-07-17 22:31:49 [INFO] [OctoBans] romudu269 sql checked, record: spammp by SkyKosIV to -1
09-07-17 22:31:49 [INFO] [OctoBans] guillaume02823 sql checked, record: spammp by aubune to -1
09-07-17 22:31:49 [INFO] [OctoBans] guillaume02823 sql checked, record: spammp by Remil to -1
09-07-17 22:31:49 [INFO] [OctoBans] xx_shadow_xx sql checked, record: menacehack by SkyKosIV to 1499865205
09-07-17 22:31:49 [INFO] [OctoBans] xx_shadow_xx sql checked, record: menacehack by SkyKosIV to 1500124448
09-07-17 22:31:49 [INFO] [OctoBans] xelio57 sql checked, record: spammp by SnowEffect to -1
09-07-17 22:31:49 [INFO] [OctoBans] xx_volrod_xx sql checked, record: spam by Remil to 1499704748
09-07-17 22:31:49 [INFO] [OctoBans] shouteur sql checked, record: spammp by Remil to -1
09-07-17 22:31:49 [INFO] [OctoBans] shouteur sql checked, record: spammp by Remil to -1
09-07-17 22:31:49 [INFO] [OctoBans] shouteur sql checked, record: spammp by Remil to -1
09-07-17 22:31:49 [INFO] [OctoBans] shouteur sql checked, record: spammp by Remil to -1
09-07-17 22:31:54 [INFO] [OctoBans] _kheyzz_ sql checked, record: floodmp by Forway to -1
09-07-17 22:31:54 [INFO] [OctoBans] _kheyzz_ sql checked, record: menacehack by SkyKosIV to 1499872237
09-07-17 22:31:55 [INFO] [OctoBans] 0axii_razer sql checked, record: insultegrave by DEEProdole to 1499732241
09-07-17 22:31:56 [INFO] [OctoBans] biguiboss31 sql checked, record: spammp by PseudoNul to -1
09-07-17 22:31:56 [INFO] [OctoBans] biguiboss31 sql checked, record: spammp by Remil to -1
09-07-17 22:32:02 [INFO] [OctoBans] anthony972 sql checked, record: spammp by Remil to -1
09-07-17 22:32:02 [INFO] [OctoBans] anthony972 sql checked, record: spammp by Remil to -1
09-07-17 22:32:15 [INFO] [OctoBans] skypemod sql checked, record: spammp by YTB_XxKarnageXx to -1
09-07-17 22:32:15 [INFO] [OctoBans] skypemod sql checked, record: spammp by PseudoNul to -1
09-07-17 22:32:17 [INFO] [OctoBans] lassa18 sql checked, record: spammp by Remil to -1
09-07-17 22:32:17 [INFO] [OctoBans] lassa18 sql checked, record: spammp by Remil to -1
09-07-17 22:32:19 [INFO] [OctoBans] x4gaming sql checked, record: spammp by PseudoNul to -1
09-07-17 22:32:19 [INFO] [OctoBans] ns_zetrox sql checked, record: insultegrave by drbrine to 1499734360
09-07-17 22:32:19 [INFO] [OctoBans] arsenic_ytb sql checked, record: spammp by Remil to -1
09-07-17 22:32:19 [INFO] [OctoBans] arsenic_ytb sql checked, record: spammp by iPurple_ to -1
09-07-17 22:32:21 [INFO] [OctoBans] diogo12345 sql checked, record: insultegrave by YTB_XxKarnageXx to 1499651827
09-07-17 22:32:22 [INFO] [OctoBans] zoxis sql checked, record: spammp by Theo97 to -1
09-07-17 22:32:22 [INFO] [OctoBans] lolo201 sql checked, record: spammp by Remil to -1
09-07-17 22:32:24 [INFO] [OctoBans] sword_ sql checked, record: spammp by SuperJojo to -1
09-07-17 22:32:28 [INFO] [OctoBans] 54melih54 punished keen0x for: Spam/flood
09-07-17 22:32:35 [INFO] [OctoBans] Forway punished gigigilo for: Double Poste
09-07-17 22:32:53 [INFO] [OctoBans] jokermyskill sql checked, record: incitationflood by SnowEffect to 1499679179
09-07-17 22:32:56 [INFO] [OctoBans] lolpigman sql checked, record: spammp by SnowEffect to -1
09-07-17 22:32:56 [INFO] [OctoBans] lolpigman sql checked, record: spammp by skhey to -1
09-07-17 22:33:00 [INFO] [OctoBans] Remil punished samy13310 for: Double Poste
09-07-17 22:33:04 [INFO] [OctoBans] jteezenclaquet sql checked, record: kickautre by Steph078 to -1
09-07-17 22:33:16 [INFO] [OctoBans] marchandloup sql checked, record: spammp by Remil to -1
09-07-17 22:33:16 [INFO] [OctoBans] marchandloup sql checked, record: spammp by PseudoNul to -1
09-07-17 22:33:21 [INFO] [OctoBans] winter74 sql checked, record: spammp by YTB_XxKarnageXx to -1
09-07-17 22:33:24 [INFO] [OctoBans] craziix_eu sql checked, record: spammp by Remil to -1
09-07-17 22:33:24 [INFO] [OctoBans] craziix_eu sql checked, record: spammp by Remil to -1
09-07-17 22:33:24 [INFO] [OctoBans] craziix_eu sql checked, record: spammp by Remil to -1
09-07-17 22:33:24 [INFO] [OctoBans] craziix_eu sql checked, record: spammp by Remil to -1
09-07-17 22:33:24 [INFO] [OctoBans] craziix_eu sql checked, record: spam by Forway to 1499645786
09-07-17 22:33:50 [INFO] [OctoBans] _dragibus_ sql checked, record: spammp by Remil to -1
09-07-17 22:33:50 [INFO] [OctoBans] _dragibus_ sql checked, record: spammp by Remil to -1
09-07-17 22:33:50 [INFO] [OctoBans] _dragibus_ sql checked, record: spammp by Remil to -1
09-07-17 22:33:50 [INFO] [OctoBans] _dragibus_ sql checked, record: spammp by Remil to -1
09-07-17 22:33:50 [INFO] [OctoBans] _dragibus_ sql checked, record: spammp by Remil to -1
09-07-17 22:33:50 [INFO] [OctoBans] _dragibus_ sql checked, record: spammp by Remil to -1
09-07-17 22:33:50 [INFO] [OctoBans] _dragibus_ sql checked, record: spammp by Remil to -1
09-07-17 22:33:50 [INFO] [OctoBans] _dragibus_ sql checked, record: spammp by Remil to -1
09-07-17 22:33:50 [INFO] [OctoBans] _dragibus_ sql checked, record: spammp by Remil to -1
09-07-17 22:33:50 [INFO] [OctoBans] _dragibus_ sql checked, record: spammp by Remil to -1
09-07-17 22:33:50 [INFO] [OctoBans] _dragibus_ sql checked, record: spammp by Remil to -1
09-07-17 22:33:50 [INFO] [OctoBans] _dragibus_ sql checked, record: spammp by Remil to -1
09-07-17 22:33:50 [INFO] [OctoBans] _dragibus_ sql checked, record: spammp by PseudoNul to -1
09-07-17 22:33:50 [INFO] [OctoBans] _dragibus_ sql checked, record: spammp by SkyKosIV to -1
09-07-17 22:33:50 [INFO] [OctoBans] _dragibus_ sql checked, record: spammp by Remil to -1
09-07-17 22:33:50 [INFO] [OctoBans] _dragibus_ sql checked, record: spammp by Remil to -1
09-07-17 22:34:15 [INFO] [OctoBans] 54melih54 punished universcraft for: Double Poste
09-07-17 22:35:12 [INFO] [OctoBans] pvp_thibaut_pvp sql checked, record: spammp by SuperJojo to -1
09-07-17 22:35:24 [INFO] [OctoBans] 54melih54 punished roi_momo for: Spam/flood
09-07-17 22:35:53 [INFO] [OctoBans] misterboss31 sql checked, record: spammp by SkyKosIV to -1
09-07-17 22:36:41 [INFO] [OctoBans] batu sql checked, record: spam by Kyabe to 1499642885
09-07-17 22:36:41 [INFO] [OctoBans] batu sql checked, record: spam by Remil to 1499648963
09-07-17 22:37:31 [INFO] [OctoBans] YTB_XxKarnageXx punished olivier28130 for: Double Poste
09-07-17 22:37:34 [INFO] [OctoBans] olivier28130 sql checked, record: doubleposte by YTB_XxKarnageXx to 1499634451
09-07-17 22:37:59 [INFO] [OctoBans] lefifoudu3 sql checked, record: spammp by SuperJojo to -1
09-07-17 22:37:59 [INFO] [OctoBans] lefifoudu3 sql checked, record: insultestaff by Forway to 1499641062
09-07-17 22:37:59 [INFO] [OctoBans] lefifoudu3 sql checked, record: insultegrave by Forway to 1499641087
09-07-17 22:38:47 [INFO] [OctoBans] shap_coc_2 sql checked, record: insultegrave by MaacDoo to 1499639914
09-07-17 22:38:47 [INFO] [OctoBans] shap_coc_2 sql checked, record: insultegrave by MaacDoo to 1499676684
09-07-17 22:39:18 [INFO] [OctoBans] geekboy sql checked, record: spammp by skhey to -1
09-07-17 22:39:21 [INFO] [OctoBans] pioupiou2003 sql checked, record: langage by iPurple_ to 1499634795
09-07-17 22:40:06 [INFO] [OctoBans] drbrine punished vavane377 for: Insulte serveur
09-07-17 22:40:39 [INFO] [OctoBans] 54melih54 punished justmyskill78 for: Spam/flood
09-07-17 22:42:44 [INFO] [OctoBans] 54melih54 punished dark_titix for: Insulte légère
09-07-17 22:43:00 [INFO] [OctoBans] 54melih54 punished xxninjaxx for: Spam/flood
09-07-17 22:43:48 [INFO] [OctoBans] YTB_XxKarnageXx punished tweeyn_ for: Spam/flood
09-07-17 22:43:53 [INFO] [OctoBans] SoTy_ punished lolo201 for: Spam/flood
09-07-17 22:44:55 [INFO] [OctoBans] 54melih54 punished ziphale for: Double Poste
09-07-17 22:45:18 [INFO] [OctoBans] twinx_boy sql checked, record: spammp by SnowEffect to -1
09-07-17 22:46:44 [INFO] [OctoBans] xarioxytb sql checked, record: spam by FiasK0 to 1499639371
09-07-17 22:46:44 [INFO] [OctoBans] hockey25 sql checked, record: spammp by iPurple_ to -1
09-07-17 22:46:44 [INFO] [OctoBans] hockey25 sql checked, record: spammp by iPurple_ to -1
09-07-17 22:47:19 [INFO] [OctoBans] by_fly sql checked, record: kickautre by Antoine57565 to -1
09-07-17 22:47:19 [INFO] [OctoBans] by_fly sql checked, record: insultegrave by Remil to 1499719809
09-07-17 22:47:19 [INFO] [OctoBans] by_fly sql checked, record: spammp by Remil to -1
09-07-17 22:47:51 [INFO] [OctoBans] by_sneak sql checked, record: spammp by SkyKosIV to -1
09-07-17 22:47:51 [INFO] [OctoBans] by_sneak sql checked, record: insultestaff by SkyKosIV to 1499705154
09-07-17 22:47:51 [INFO] [OctoBans] by_sneak sql checked, record: insultegrave by The_Frusty to 1499738810
09-07-17 22:47:51 [INFO] [OctoBans] by_sneak sql checked, record: insultegrave by Remil to 1499774957
09-07-17 22:47:51 [INFO] [OctoBans] by_sneak sql checked, record: insultegrave by Remil to 1499810981
09-07-17 22:47:51 [INFO] [OctoBans] by_sneak sql checked, record: insultestaff by Forway to 1499919132
09-07-17 22:48:58 [INFO] [OctoBans] newgallrux sql checked, record: spam by FiasK0 to 1499635909
09-07-17 22:50:05 [INFO] [OctoBans] 54melih54 punished mathieu28130 for: Spam/flood
09-07-17 22:53:39 [INFO] [OctoBans] lucas81160 sql checked, record: floodmp by Forway to -1
09-07-17 22:54:15 [INFO] [OctoBans] YTB_XxKarnageXx punished simyasuoplayer for: Majuscule
09-07-17 22:54:35 [INFO] [OctoBans] hayden_frost sql checked, record: spammp by PseudoNul to -1
09-07-17 22:55:07 [INFO] [OctoBans] YTB_XxKarnageXx punished theohand for: Spam/flood
09-07-17 22:56:13 [INFO] [OctoBans] justsx sql checked, record: spammp by iPurple_ to -1
09-07-17 22:56:13 [INFO] [OctoBans] justsx sql checked, record: spammp by iPurple_ to -1
09-07-17 22:57:45 [INFO] [OctoBans] 54melih54 punished rayden for: Majuscule
09-07-17 22:58:06 [INFO] [OctoBans] blackwhite010 sql checked, record: spammp by Remil to -1
09-07-17 22:58:51 [INFO] [OctoBans] 54melih54 punished johan22600 for: Double Poste
09-07-17 23:01:14 [INFO] [OctoBans] 54melih54 punished sn0owzz for: Double Poste
09-07-17 23:02:41 [INFO] [OctoBans] weesley sql checked, record: spammp by YTB_XxKarnageXx to -1
09-07-17 23:02:41 [INFO] [OctoBans] weesley sql checked, record: spammp by ZerKup to -1
09-07-17 23:02:41 [INFO] [OctoBans] weesley sql checked, record: spammp by Remil to -1
09-07-17 23:05:35 [INFO] [OctoBans] swichdi sql checked, record: pubyt by FiasK0 to 1499637851
09-07-17 23:05:52 [INFO] [OctoBans] FiasK0 punished lucas81160 for: Insulte grave
09-07-17 23:06:22 [INFO] [OctoBans] easy sql checked, record: insultegrave by Remil to 1499678472
09-07-17 23:08:39 [INFO] [OctoBans] brakhorytb sql checked, record: spammp by iPurple_ to -1
09-07-17 23:08:42 [INFO] [OctoBans] Forway punished saycole for: Majuscule
09-07-17 23:09:41 [INFO] [OctoBans] YTB_XxKarnageXx punished noow for: Publicité Youtubeur
09-07-17 23:10:54 [INFO] [OctoBans] _hello_kitty sql checked, record: spammp by SuperJojo to -1
09-07-17 23:10:54 [INFO] [OctoBans] _hello_kitty sql checked, record: spammp by PseudoNul to -1
09-07-17 23:11:13 [INFO] [OctoBans] Forway punished charifboss for: Majuscule
09-07-17 23:11:56 [INFO] [OctoBans] xersu sql checked, record: spammp by SnowEffect to -1
09-07-17 23:11:56 [INFO] [OctoBans] xersu sql checked, record: faussesinfos by Anzerti to 1499686463
09-07-17 23:11:56 [INFO] [OctoBans] xersu sql checked, record: tpkill by YTB_XxKarnageXx to 1499945966
09-07-17 23:13:17 [INFO] [OctoBans] Forway punished romudu269 for: Insulte
09-07-17 23:13:58 [INFO] [OctoBans] Forway punished lehewewdu44 for: Double Poste
09-07-17 23:14:21 [INFO] [OctoBans] Forway punished flaviopizza for: Provocation
09-07-17 23:14:47 [INFO] [OctoBans] fidopvp sql checked, record: tpkill by SkyKosIV to 1499689359
09-07-17 23:17:18 [INFO] [OctoBans] wahleno sql checked, record: insultegrave by SkyKosIV to 1499677918
09-07-17 23:17:18 [INFO] [OctoBans] wahleno sql checked, record: kickautre by MrPropre to -1
09-07-17 23:17:23 [INFO] [OctoBans] Forway punished droppedpotd for: Double Poste
09-07-17 23:17:38 [INFO] [OctoBans] Forway punished canardveloce for: Double Poste
09-07-17 23:17:57 [INFO] [OctoBans] Forway punished w_t_warior for: Majuscule
09-07-17 23:20:14 [INFO] [OctoBans] karimospvp sql checked, record: spammp by YTB_XxKarnageXx to -1
09-07-17 23:21:55 [INFO] [OctoBans] YTB_XxKarnageXx punished creepyeagle for: Incitation au flood
09-07-17 23:26:03 [INFO] [OctoBans] DEEProdole punished kostya904 for: Spam/flood
09-07-17 23:26:05 [INFO] [OctoBans] MaacDoo punished wiindows for: Double Poste
09-07-17 23:26:34 [INFO] [OctoBans] MaacDoo punished by_fly for: Provocation
09-07-17 23:27:25 [INFO] [OctoBans] YTB_XxKarnageXx punished alexroche332 for: Majuscule
09-07-17 23:28:07 [INFO] [OctoBans] MaacDoo punished blackcutee for: Langage incorrect
09-07-17 23:29:16 [INFO] [OctoBans] thegost sql checked, record: floodmp by Forway to -1
09-07-17 23:29:23 [INFO] [OctoBans] sucematrompe sql checked, record: menacehack by SkyKosIV to 1499717037
09-07-17 23:29:23 [INFO] [OctoBans] sucematrompe sql checked, record: menacehack by SkyKosIV to 1499976719
09-07-17 23:30:08 [INFO] [OctoBans] DEEProdole punished simbadu43 for: Double Poste
09-07-17 23:30:12 [INFO] [OctoBans] YTB_XxKarnageXx punished azenpvp for: Langage incorrect
09-07-17 23:31:29 [INFO] [OctoBans] kostya904 sql checked, record: spam by DEEProdole to 1499642763
09-07-17 23:32:33 [INFO] [OctoBans] dqmntigrax sql checked, record: pubyt by FiasK0 to 1499641478
09-07-17 23:33:25 [INFO] [OctoBans] YTB_XxKarnageXx punished lehewewdu44 for: Double Poste
09-07-17 23:33:48 [INFO] [OctoBans] kassi sql checked, record: tpkill by SkyKosIV to 1499722382
09-07-17 23:34:40 [INFO] [OctoBans] titidu06 sql checked, record: spammp by PseudoNul to -1
09-07-17 23:34:40 [INFO] [OctoBans] titidu06 sql checked, record: flood by FiasK0 to 1499642207
09-07-17 23:34:56 [INFO] [OctoBans] YTB_XxKarnageXx punished potedelafrance for: Pseudo choquant
09-07-17 23:34:56 [INFO] [OctoBans] drbrine punished calmfriedtofu for: Langage incorrect
09-07-17 23:37:22 [INFO] [OctoBans] drbrine punished sam_ytb for: Double Poste
09-07-17 23:37:48 [INFO] [OctoBans] FiasK0 punished neoss for: Langage incorrect
09-07-17 23:38:15 [INFO] [OctoBans] drbrine punished rorost for: Langage incorrect
09-07-17 23:38:52 [INFO] [OctoBans] pala2 sql checked, record: flood by FiasK0 to 1499637320
09-07-17 23:40:53 [INFO] [OctoBans] YTB_XxKarnageXx punished the_frusty for: Insulte grave
09-07-17 23:41:05 [INFO] [OctoBans] drbrine punished zeycko_ for: Double Poste
09-07-17 23:42:18 [INFO] [OctoBans] drbrine punished thepopspvp for: Provocation
09-07-17 23:42:36 [INFO] [OctoBans] drbrine punished hyperkileur for: Double Poste
09-07-17 23:43:23 [INFO] [OctoBans] YTB_XxKarnageXx punished momoali for: Publicité Youtubeur
09-07-17 23:44:20 [INFO] [OctoBans] serge58000 sql checked, record: faussesinfos by YTB_XxKarnageXx to 1499687307
09-07-17 23:47:08 [INFO] [OctoBans] pixikz3_lpv sql checked, record: antiafk by SkyKosIV to 1499640372
09-07-17 23:47:40 [INFO] [OctoBans] iPurple_ punished weetiix for: Double Poste
09-07-17 23:47:41 [INFO] [OctoBans] amaurypvp sql checked, record: tpkill by Forway to 1499801508
09-07-17 23:47:47 [INFO] [OctoBans] winningyt sql checked, record: spammp by SuperJojo to -1
09-07-17 23:47:54 [INFO] [OctoBans] jeanpierredu025 sql checked, record: tpkill by iPurple_ to 1499698802
09-07-17 23:48:43 [INFO] [OctoBans] _ashbrooks_pvp sql checked, record: incitationflood by SkyKosIV to 1499687492
09-07-17 23:49:09 [INFO] [OctoBans] iPurple_ punished kostya904 for: Double Poste
09-07-17 23:52:09 [INFO] [OctoBans] iPurple_ punished neditesjamaisoui for: Double Poste
09-07-17 23:52:24 [INFO] [OctoBans] DEEProdole punished thegost for: Majuscule
09-07-17 23:52:59 [INFO] [OctoBans] Forway punished winningyt for: Insulte
09-07-17 23:53:13 [INFO] [OctoBans] DEEProdole punished zefyzz for: Double Poste
09-07-17 23:54:03 [INFO] [OctoBans] iPurple_ punished keusmo for: Double Poste
09-07-17 23:54:09 [INFO] [OctoBans] iPurple_ punished ishaadow_ for: Double Poste
09-07-17 23:54:23 [INFO] [OctoBans] Forway punished keusmo for: Spam/flood
09-07-17 23:55:38 [INFO] [OctoBans] Forway punished anthony972 for: Langage incorrect
09-07-17 23:56:47 [INFO] [OctoBans] Forway punished vagosts for: Spam/flood
09-07-17 23:57:19 [INFO] [OctoBans] waytek sql checked, record: spammp by PseudoNul to -1
09-07-17 23:57:19 [INFO] [OctoBans] waytek sql checked, record: spammp by Remil to -1
09-07-17 23:57:19 [INFO] [OctoBans] waytek sql checked, record: spammp by Remil to -1
09-07-17 23:58:46 [INFO] [OctoBans] DEEProdole punished molotof for: Double Poste
10-07-17 00:00:03 [INFO] [OctoBans] Forway punished pioupiou2003 for: Langage incorrect
10-07-17 00:01:17 [INFO] [OctoBans] YTB_XxKarnageXx punished by_sneak for: Spam/flood en MP
10-07-17 00:01:20 [INFO] [OctoBans] riyane6122 sql checked, record: spammp by SkyKosIV to -1
10-07-17 00:02:22 [INFO] [OctoBans] teezer_fr sql checked, record: floodmp by Forway to -1
10-07-17 00:03:56 [INFO] [OctoBans] iPurple_ punished goto_camus2 for: Double Poste
10-07-17 00:06:14 [INFO] [OctoBans] MaacDoo punished mega_fuzion for: Double Poste
10-07-17 00:09:35 [INFO] [OctoBans] Forway punished neoss for: Langage incorrect
10-07-17 00:10:17 [INFO] [OctoBans] Forway punished thepopspvp for: Langage incorrect
10-07-17 00:11:16 [INFO] [OctoBans] stickfly sql checked, record: spammp by SnowEffect to -1
10-07-17 00:12:36 [INFO] [OctoBans] Forway punished lehewewdu44 for: Incitation au flood
10-07-17 00:14:11 [INFO] [OctoBans] DEEProdole punished kostya904 for: Spam/flood
10-07-17 00:17:56 [INFO] [OctoBans] Forway punished _dragibus_ for: Langage incorrect
10-07-17 00:18:35 [INFO] [OctoBans] Forway punished curocamille01 for: TpKill
10-07-17 00:19:50 [INFO] [OctoBans] Remil punished eglantinette for: Double Poste
10-07-17 00:20:21 [INFO] [OctoBans] azr530 sql checked, record: spammp by PseudoNul to -1
10-07-17 00:20:24 [INFO] [OctoBans] kurokami01 sql checked, record: tpkill by YTB_XxKarnageXx to 1499681535
10-07-17 00:20:58 [INFO] [OctoBans] Forway punished chaser for: Langage incorrect
10-07-17 00:22:55 [INFO] [OctoBans] YTB_XxKarnageXx punished jeankevindu027 for: TpKill
10-07-17 00:23:03 [INFO] [OctoBans] YTB_XxKarnageXx punished fido81 for: TpKill
10-07-17 00:23:10 [INFO] [OctoBans] Forway punished xxrubbensytbxx for: Double Poste
10-07-17 00:23:39 [INFO] [OctoBans] drbrine sql checked, record: langage by drbrine to 1499626676
10-07-17 00:23:39 [INFO] [OctoBans] drbrine sql checked, record: doubleposte by drbrine to 1499626341
10-07-17 00:23:39 [INFO] [OctoBans] drbrine sql checked, record: doubleposte by drbrine to 1499631714
10-07-17 00:23:39 [INFO] [OctoBans] drbrine sql checked, record: insultegrave by drbrine to 1499734360
10-07-17 00:23:39 [INFO] [OctoBans] drbrine sql checked, record: doubleposte by drbrine to 1499628785
10-07-17 00:23:39 [INFO] [OctoBans] drbrine sql checked, record: doubleposte by drbrine to 1499628136
10-07-17 00:23:39 [INFO] [OctoBans] drbrine sql checked, record: doubleposte by drbrine to 1499630297
10-07-17 00:23:39 [INFO] [OctoBans] drbrine sql checked, record: doubleposte by drbrine to 1499630539
10-07-17 00:23:39 [INFO] [OctoBans] drbrine sql checked, record: insultesrv by drbrine to 1499650806
10-07-17 00:23:39 [INFO] [OctoBans] drbrine sql checked, record: langage by drbrine to 1499636696
10-07-17 00:23:39 [INFO] [OctoBans] drbrine sql checked, record: doubleposte by drbrine to 1499639542
10-07-17 00:23:39 [INFO] [OctoBans] drbrine sql checked, record: langage by drbrine to 1499637495
10-07-17 00:23:39 [INFO] [OctoBans] drbrine sql checked, record: doubleposte by drbrine to 1499637065
10-07-17 00:23:39 [INFO] [OctoBans] drbrine sql checked, record: provocation by drbrine to 1499637438
10-07-17 00:23:39 [INFO] [OctoBans] drbrine sql checked, record: doubleposte by drbrine to 1499636856
10-07-17 00:23:47 [INFO] [OctoBans] arrowgaming sql checked, record: spammp by SkyKosIV to -1
10-07-17 00:24:44 [INFO] [OctoBans] Forway punished wolfgang for: Langage incorrect
10-07-17 00:27:17 [INFO] [OctoBans] Forway punished xfraven for: Spam/flood
10-07-17 00:27:30 [INFO] [OctoBans] automan sql checked, record: insulte by SkyKosIV to 1499641027
10-07-17 00:27:56 [INFO] [OctoBans] Remil punished front for: Majuscule
10-07-17 00:28:18 [INFO] [OctoBans] front sql checked, record: menacehack by SkyKosIV to 1499898401
10-07-17 00:28:18 [INFO] [OctoBans] front sql checked, record: majuscule by Remil to 1499639876
10-07-17 00:28:28 [INFO] [OctoBans] SkyKosIV punished front for: Menace de hack
10-07-17 00:28:41 [INFO] [OctoBans] titidu06 sql checked, record: spammp by PseudoNul to -1
10-07-17 00:28:41 [INFO] [OctoBans] titidu06 sql checked, record: flood by FiasK0 to 1499642207
10-07-17 00:29:27 [INFO] [OctoBans] Forway punished zefyzz for: Majuscule
10-07-17 00:30:01 [INFO] [OctoBans] Forway punished arrowgaming for: Double Poste
10-07-17 00:31:20 [INFO] [OctoBans] Remil punished drkiritoz_ for: Spam/flood en MP
10-07-17 00:35:22 [INFO] [OctoBans] ray54 sql checked, record: spammp by SuperJojo to -1
10-07-17 00:40:18 [INFO] [OctoBans] Forway punished darksahdow for: Double Poste
10-07-17 00:41:22 [INFO] [OctoBans] Forway punished marseillekalash for: Double Poste
10-07-17 00:45:31 [INFO] [OctoBans] DEEProdole punished ender450 for: Double Poste
10-07-17 00:47:42 [INFO] [OctoBans] mini_cookies sql checked, record: spammp by YTB_XxKarnageXx to -1
10-07-17 00:47:45 [INFO] [OctoBans] Forway punished xxninjaxx for: Double Poste
10-07-17 00:54:06 [INFO] [OctoBans] Remil punished serge58 for: Double Poste
10-07-17 00:54:19 [INFO] [OctoBans] sam1 sql checked, record: tpkill by SkyKosIV to 1499727216
10-07-17 01:00:08 [INFO] [OctoBans] zarshou sql checked, record: tpkill by SkyKosIV to 1499727240
10-07-17 01:02:55 [INFO] [OctoBans] justrage sql checked, record: spammp by Remil to -1
10-07-17 01:06:20 [INFO] [OctoBans] Forway punished red_sheep for: Double Poste
10-07-17 01:06:33 [INFO] [OctoBans] Forway punished teezer_fr for: Langage incorrect
10-07-17 01:07:32 [INFO] [OctoBans] Forway punished jevapeauto for: Double Poste
10-07-17 01:08:48 [INFO] [OctoBans] Forway punished unpandarusheuryt for: Incitation au flood
10-07-17 01:10:18 [INFO] [OctoBans] Forway punished velicopvp for: TpKill
10-07-17 01:11:51 [INFO] [OctoBans] aldorbest sql checked, record: kickautre by Steph078 to -1
10-07-17 01:11:51 [INFO] [OctoBans] aldorbest sql checked, record: floodmp by Forway to -1
10-07-17 01:13:33 [INFO] [OctoBans] SkyKosIV punished kevkeke93 for: Spam/flood
10-07-17 01:15:38 [INFO] [OctoBans] SkyKosIV punished ocip_matth for: Publicité Youtubeur
10-07-17 01:19:00 [INFO] [OctoBans] SkyKosIV punished darksahdow for: Spam/flood
10-07-17 01:19:30 [INFO] [OctoBans] SkyKosIV punished darksahdow for: Fausses informations
10-07-17 01:24:25 [INFO] [OctoBans] yassir321 sql checked, record: spammp by PseudoNul to -1
10-07-17 01:27:46 [INFO] [OctoBans] SkyKosIV punished natsudragnir for: Majuscule
10-07-17 01:31:30 [INFO] [OctoBans] SkyKosIV punished ender450 for: Majuscule
10-07-17 01:47:26 [INFO] [OctoBans] iPurple_ punished mathdum34 for: Double Poste
10-07-17 01:51:44 [INFO] [OctoBans] DEEProdole punished yassir321 for: Double Poste
10-07-17 01:54:58 [INFO] [OctoBans] fragstone sql checked, record: spammp by PseudoNul to -1
10-07-17 01:54:58 [INFO] [OctoBans] fragstone sql checked, record: spam by DEEProdole to 1499660840
10-07-17 01:55:51 [INFO] [OctoBans] MaacDoo punished wolfgang for: Majuscule
10-07-17 01:56:12 [INFO] [OctoBans] DEEProdole punished wolfgang for: Insulte grave
10-07-17 01:56:33 [INFO] [OctoBans] iPurple_ punished wolfgang for: Insulte staff
10-07-17 02:05:40 [INFO] [OctoBans] MaacDoo punished blc_frr_pvp for: Majuscule
10-07-17 02:07:26 [INFO] [OctoBans] SkyKosIV punished hockey25 for: Double Poste
10-07-17 02:07:50 [INFO] [OctoBans] SkyKosIV punished totototo11 for: Majuscule
10-07-17 02:24:31 [INFO] [OctoBans] oeufdepoule62 sql checked, record: spammp by Remil to -1
10-07-17 02:24:31 [INFO] [OctoBans] oeufdepoule62 sql checked, record: spammp by SkyKosIV to -1
10-07-17 02:35:31 [INFO] [OctoBans] MaacDoo punished oeufdepoule62 for: Double Poste
10-07-17 02:36:02 [INFO] [OctoBans] tokyo sql checked, record: spammp by SnowEffect to -1
10-07-17 02:40:15 [INFO] [OctoBans] SkyKosIV punished seyrien for: Menace de hack
10-07-17 02:49:51 [INFO] [OctoBans] produpvp sql checked, record: spammp by Remil to -1
10-07-17 02:50:59 [INFO] [OctoBans] ededed91 sql checked, record: spammp by SkyKosIV to -1
10-07-17 03:02:58 [INFO] [OctoBans] MaacDoo punished lucasm for: Spam/flood
10-07-17 03:15:18 [INFO] [OctoBans] MaacDoo punished azenpvp for: Majuscule
10-07-17 03:35:32 [INFO] [OctoBans] drbrine punished toto2003 for: Insulte staff
10-07-17 03:35:49 [INFO] [OctoBans] YTB_XxKarnageXx punished stickfly for: Insulte grave
10-07-17 03:36:01 [INFO] [OctoBans] diablotin sql checked, record: spammp by SuperJojo to -1
10-07-17 03:43:31 [INFO] [OctoBans] DEEProdole punished lolpigman for: Provocation
10-07-17 03:43:32 [INFO] [OctoBans] drbrine punished xxninjaxx for: Provocation
10-07-17 03:46:26 [INFO] [OctoBans] SnowEffect punished stickfly for: Insulte grave
10-07-17 03:49:58 [INFO] [OctoBans] drbrine punished wiindows for: Provocation
10-07-17 03:58:44 [INFO] [OctoBans] drbrine punished neditesjamaisoui for: Langage incorrect
10-07-17 04:13:55 [INFO] [OctoBans] badounoux sql checked, record: spammp by ZerKup to -1
10-07-17 04:18:54 [INFO] [OctoBans] drbrine punished aldorbest for: Double Poste
10-07-17 04:28:23 [INFO] [OctoBans] drbrine punished cmbnatural for: Provocation
10-07-17 04:30:15 [INFO] [OctoBans] drbrine punished aldorbest for: Majuscule
10-07-17 04:34:32 [INFO] [OctoBans] erinoxlx sql checked, record: kickautre by Steph078 to -1
10-07-17 04:35:38 [INFO] [OctoBans] drbrine punished gamerdu06 for: Spam/flood
10-07-17 04:41:52 [INFO] [OctoBans] DEEProdole punished cmbnatural for: Double Poste
10-07-17 04:41:55 [INFO] [OctoBans] dodole1 sql checked, record: spammp by SuperJojo to -1
10-07-17 04:48:38 [INFO] [OctoBans] drbrine punished shawngriff for: Double Poste
10-07-17 04:55:18 [INFO] [OctoBans] DEEProdole punished pezzogiuliano for: Double Poste
10-07-17 05:21:33 [INFO] [OctoBans] DEEProdole punished couazy_ytb for: Double Poste
10-07-17 05:32:51 [INFO] [OctoBans] DEEProdole punished dodole1 for: Incitation au flood
10-07-17 05:38:22 [INFO] [OctoBans] DEEProdole punished thedarkorb45 for: Langage incorrect
10-07-17 05:41:48 [INFO] [OctoBans] drbrine punished shawngriff for: Double Poste
10-07-17 05:41:57 [INFO] [OctoBans] DEEProdole punished mazeup for: Spam/flood
10-07-17 05:51:05 [INFO] [OctoBans] DEEProdole punished mazeup for: Spam/flood
10-07-17 05:51:43 [INFO] [OctoBans] anzerti sql checked, record: spammp by Steph078 to -1
10-07-17 05:54:24 [INFO] [OctoBans] Anzerti punished tl_nano for: Langage incorrect
10-07-17 05:56:04 [INFO] [OctoBans] Anzerti punished diodu for: Double Poste
10-07-17 06:01:03 [INFO] [OctoBans] Disabling OctoBans v1.0
