02-10-17 22:31:43 [INFO] [OctoBans] File Handler successfully initialized!
02-10-17 22:31:43 [INFO] [OctoBans] SQL connection successfully etablished
02-10-17 22:31:43 [INFO] [OctoBans] Moderator Tools by Octonia.
02-10-17 22:31:50 [INFO] [OctoBans] superb3b3 sql checked, record: spammp by Remil to -1
02-10-17 22:31:50 [INFO] [OctoBans] superb3b3 sql checked, record: spammp by Remil to -1
02-10-17 22:31:50 [INFO] [OctoBans] molotof sql checked, record: langage by EGGSPLOSION to 1506980708
02-10-17 22:31:50 [INFO] [OctoBans] alexandre620 sql checked, record: doubleposte by EGGSPLOSION to 1506976682
02-10-17 22:31:50 [INFO] [OctoBans] vagosts sql checked, record: insultegrave by NeyTox to 1507116396
02-10-17 22:31:54 [INFO] [OctoBans] _romain_ sql checked, record: doubleposte by ViRoCl to 1506978142
02-10-17 22:38:09 [INFO] [OctoBans] whitstar sql checked, record: spammp by Remil to -1
02-10-17 22:43:37 [INFO] [OctoBans] karlwill sql checked, record: spammp by Remil to -1
02-10-17 22:43:37 [INFO] [OctoBans] karlwill sql checked, record: spammp by YTB_XxKarnageXx to -1
02-10-17 22:49:11 [INFO] [OctoBans] soufian sql checked, record: spam by TheBrioche13 to 1506983290
02-10-17 22:50:32 [INFO] [OctoBans] _Hello_Kitty punished superb3b3 for: Double Poste
02-10-17 22:53:42 [INFO] [OctoBans] NeyTox punished karlwill for: Double Poste
02-10-17 22:56:44 [INFO] [OctoBans] NeyTox punished noahpou for: Double Poste
02-10-17 23:08:40 [INFO] [OctoBans] NeyTox punished _romain_ for: Double Poste
02-10-17 23:09:59 [INFO] [OctoBans] NeyTox punished didier for: Spam/flood
02-10-17 23:22:53 [INFO] [OctoBans] ViRoCl punished la_masqotte_ytb for: Double Poste
02-10-17 23:23:17 [INFO] [OctoBans] ViRoCl punished rocksoft for: Langage incorrect
02-10-17 23:29:03 [INFO] [OctoBans] elbelladum sql checked, record: spammp by Steph078 to -1
02-10-17 23:29:03 [INFO] [OctoBans] elbelladum sql checked, record: racism by EGGSPLOSION to 1507060266
02-10-17 23:32:44 [INFO] [OctoBans] ViRoCl punished _romain_ for: Spam/flood
03-10-17 00:27:41 [INFO] [OctoBans] ededed91 sql checked, record: spammp by SkyKosIV to -1
03-10-17 00:27:41 [INFO] [OctoBans] ededed91 sql checked, record: spammp by Remil to -1
03-10-17 00:51:22 [INFO] [OctoBans] blackwhite010 sql checked, record: spammp by Steph078 to -1
03-10-17 00:57:50 [INFO] [OctoBans] ViRoCl punished blackwhite010 for: Double Poste
03-10-17 01:36:13 [INFO] [OctoBans] ViRoCl punished tufi_ for: Langage incorrect
03-10-17 01:57:37 [INFO] [OctoBans] ViRoCl punished skybow for: Spam/flood
03-10-17 01:58:44 [INFO] [OctoBans] ViRoCl punished skybow for: Insulte grave
03-10-17 02:00:36 [INFO] [OctoBans] ViRoCl punished superb3b3 for: Double Poste
03-10-17 02:04:42 [INFO] [OctoBans] _Hello_Kitty punished herwann007 for: Langage incorrect
03-10-17 02:06:16 [INFO] [OctoBans] ViRoCl punished skybow for: Insulte grave
03-10-17 06:01:01 [INFO] [OctoBans] Disabling OctoBans v1.0
