05-09-17 22:31:42 [INFO] [OctoBans] File Handler successfully initialized!
05-09-17 22:31:42 [INFO] [OctoBans] SQL connection successfully etablished
05-09-17 22:31:42 [INFO] [OctoBans] Moderator Tools by Octonia.
05-09-17 22:31:47 [INFO] [OctoBans] lepotededarryl sql checked, record: spammp by Remil to -1
05-09-17 22:31:47 [INFO] [OctoBans] lepotededarryl sql checked, record: spammp by Remil to -1
05-09-17 22:31:47 [INFO] [OctoBans] shouteur sql checked, record: faussesinfos by SmooKeur to 1504648370
05-09-17 22:31:47 [INFO] [OctoBans] instateproofy sql checked, record: spammp by Remil to -1
05-09-17 22:32:02 [INFO] [OctoBans] axelpas sql checked, record: spammp by SmooKeur to -1
05-09-17 22:32:36 [INFO] [OctoBans] darryl1 sql checked, record: majuscule by EGGSPLOSION to 1504645944
05-09-17 22:32:46 [INFO] [OctoBans] Shouteur punished xnero for: Provocation
05-09-17 22:32:53 [INFO] [OctoBans] Shouteur punished instateproofy for: Langage incorrect
05-09-17 22:33:47 [INFO] [OctoBans] grizzlywarrior sql checked, record: insultegrave by Vendeur2KeBaB to 1504738321
05-09-17 22:33:47 [INFO] [OctoBans] grizzlywarrior sql checked, record: spammp by Remil to -1
05-09-17 22:33:50 [INFO] [OctoBans] Shouteur punished stoff3r for: Majuscule
05-09-17 22:49:50 [INFO] [OctoBans] jlp22600 sql checked, record: spam by Vendeur2KeBaB to 1504651602
05-09-17 22:49:50 [INFO] [OctoBans] jlp22600 sql checked, record: insultegrave by Vendeur2KeBaB to 1504666022
05-09-17 22:51:46 [INFO] [OctoBans] hayden_frost sql checked, record: spammp by PseudoNul to -1
05-09-17 22:51:46 [INFO] [OctoBans] hayden_frost sql checked, record: spammp by Remil to -1
05-09-17 23:03:45 [INFO] [OctoBans] Shouteur punished instateproofy for: Provocation
05-09-17 23:08:42 [INFO] [OctoBans] colman_le_grand sql checked, record: floodmp by Forway to -1
05-09-17 23:24:06 [INFO] [OctoBans] Shouteur punished instateproofy for: Fausses informations
05-09-17 23:34:11 [INFO] [OctoBans] Shouteur punished stoff3r for: Double Poste
05-09-17 23:42:24 [INFO] [OctoBans] superb3b3 sql checked, record: insultestaff by Wiindows to 1504674303
05-09-17 23:42:24 [INFO] [OctoBans] superb3b3 sql checked, record: spammp by Remil to -1
05-09-17 23:42:24 [INFO] [OctoBans] superb3b3 sql checked, record: spammp by Remil to -1
05-09-17 23:44:27 [INFO] [OctoBans] Shouteur punished thekillervaca for: Insulte
05-09-17 23:45:15 [INFO] [OctoBans] Shouteur punished awes0me for: Provocation
05-09-17 23:51:21 [INFO] [OctoBans] gamix_yt sql checked, record: spammp by tinmar to -1
05-09-17 23:51:21 [INFO] [OctoBans] gamix_yt sql checked, record: langage by EGGSPLOSION to 1504650389
05-09-17 23:53:51 [INFO] [OctoBans] Remil punished skeiblue_vdc for: Double Poste
05-09-17 23:55:18 [INFO] [OctoBans] Shouteur punished skeiblue_vdc for: Double Poste
06-09-17 00:04:25 [INFO] [OctoBans] Shouteur punished poluxhd for: Double Poste
06-09-17 00:34:30 [INFO] [OctoBans] mrfafax_ sql checked, record: majuscule by MrFafax_ to 1504613096
06-09-17 00:34:30 [INFO] [OctoBans] mrfafax_ sql checked, record: majuscule by MrFafax_ to 1504613203
06-09-17 00:34:30 [INFO] [OctoBans] mrfafax_ sql checked, record: spam by MrFafax_ to 1504634395
06-09-17 00:34:30 [INFO] [OctoBans] mrfafax_ sql checked, record: provocation by MrFafax_ to 1504613665
06-09-17 00:34:30 [INFO] [OctoBans] mrfafax_ sql checked, record: provocation by MrFafax_ to 1504622973
06-09-17 00:34:30 [INFO] [OctoBans] mrfafax_ sql checked, record: pubyt by MrFafax_ to 1504617382
06-09-17 00:34:30 [INFO] [OctoBans] mrfafax_ sql checked, record: insulte by MrFafax_ to 1504621808
06-09-17 00:34:30 [INFO] [OctoBans] mrfafax_ sql checked, record: insulte by MrFafax_ to 1504623596
06-09-17 00:34:30 [INFO] [OctoBans] mrfafax_ sql checked, record: majuscule by MrFafax_ to 1504626624
06-09-17 00:34:30 [INFO] [OctoBans] mrfafax_ sql checked, record: majuscule by MrFafax_ to 1504633605
06-09-17 00:34:30 [INFO] [OctoBans] mrfafax_ sql checked, record: doubleposte by MrFafax_ to 1504637012
06-09-17 00:34:42 [INFO] [OctoBans] shouteur sql checked, record: provocation by Shouteur to 1502211528
06-09-17 00:34:42 [INFO] [OctoBans] shouteur sql checked, record: provocation by Shouteur to 1502216345
06-09-17 00:34:42 [INFO] [OctoBans] shouteur sql checked, record: pubyt by Shouteur to 1502220507
06-09-17 00:34:42 [INFO] [OctoBans] shouteur sql checked, record: langage by Shouteur to 1502225591
06-09-17 00:34:42 [INFO] [OctoBans] shouteur sql checked, record: provocation by Shouteur to 1502238426
06-09-17 00:34:42 [INFO] [OctoBans] shouteur sql checked, record: langage by Shouteur to 1502256458
06-09-17 00:34:42 [INFO] [OctoBans] shouteur sql checked, record: langage by Shouteur to 1502288897
06-09-17 00:34:42 [INFO] [OctoBans] shouteur sql checked, record: faussesinfos by Shouteur to 1502480077
06-09-17 00:34:42 [INFO] [OctoBans] shouteur sql checked, record: doubleposte by Shouteur to 1502316155
06-09-17 00:34:42 [INFO] [OctoBans] shouteur sql checked, record: faussesinfos by Shouteur to 1502404026
06-09-17 00:34:42 [INFO] [OctoBans] shouteur sql checked, record: langage by Shouteur to 1502322502
06-09-17 00:34:42 [INFO] [OctoBans] shouteur sql checked, record: langage by Shouteur to 1502323341
06-09-17 00:34:42 [INFO] [OctoBans] shouteur sql checked, record: provocation by Shouteur to 1502326996
06-09-17 00:34:42 [INFO] [OctoBans] shouteur sql checked, record: langage by Shouteur to 1502377325
06-09-17 00:34:42 [INFO] [OctoBans] shouteur sql checked, record: provocation by Shouteur to 1502375550
06-09-17 00:34:42 [INFO] [OctoBans] shouteur sql checked, record: spam by Shouteur to 1502385659
06-09-17 00:34:42 [INFO] [OctoBans] shouteur sql checked, record: provocation by Shouteur to 1502377412
06-09-17 00:34:42 [INFO] [OctoBans] shouteur sql checked, record: majuscule by Shouteur to 1502379724
06-09-17 00:34:42 [INFO] [OctoBans] shouteur sql checked, record: doubleposte by Shouteur to 1502404794
06-09-17 00:34:42 [INFO] [OctoBans] shouteur sql checked, record: spam by Shouteur to 1502471947
06-09-17 00:34:42 [INFO] [OctoBans] shouteur sql checked, record: spam by Shouteur to 1502474689
06-09-17 00:34:42 [INFO] [OctoBans] shouteur sql checked, record: insultesrv by Shouteur to 1502482497
06-09-17 00:34:42 [INFO] [OctoBans] shouteur sql checked, record: spam by Shouteur to 1502494828
06-09-17 00:34:42 [INFO] [OctoBans] shouteur sql checked, record: spam by Shouteur to 1502495130
06-09-17 00:34:42 [INFO] [OctoBans] shouteur sql checked, record: langage by Shouteur to 1502500808
06-09-17 00:34:42 [INFO] [OctoBans] shouteur sql checked, record: doubleposte by Shouteur to 1502493468
06-09-17 00:34:42 [INFO] [OctoBans] shouteur sql checked, record: doubleposte by Shouteur to 1502496351
06-09-17 00:34:42 [INFO] [OctoBans] shouteur sql checked, record: langage by Shouteur to 1502503641
06-09-17 00:34:42 [INFO] [OctoBans] shouteur sql checked, record: doubleposte by Shouteur to 1502497812
06-09-17 00:34:42 [INFO] [OctoBans] shouteur sql checked, record: doubleposte by Shouteur to 1502496769
06-09-17 00:34:42 [INFO] [OctoBans] shouteur sql checked, record: langage by Shouteur to 1502500103
06-09-17 00:34:42 [INFO] [OctoBans] shouteur sql checked, record: provocation by Shouteur to 1502501888
06-09-17 00:34:42 [INFO] [OctoBans] shouteur sql checked, record: pubyt by Shouteur to 1502505345
06-09-17 00:34:42 [INFO] [OctoBans] shouteur sql checked, record: homophobie by Shouteur to 1502589974
06-09-17 00:34:42 [INFO] [OctoBans] shouteur sql checked, record: doubleposte by Shouteur to 1502574247
06-09-17 00:34:42 [INFO] [OctoBans] shouteur sql checked, record: majuscule by Shouteur to 1502576809
06-09-17 00:34:42 [INFO] [OctoBans] shouteur sql checked, record: langage by Shouteur to 1502671896
06-09-17 00:34:42 [INFO] [OctoBans] shouteur sql checked, record: doubleposte by Shouteur to 1502671662
06-09-17 00:34:42 [INFO] [OctoBans] shouteur sql checked, record: spam by Shouteur to 1502673770
06-09-17 00:34:42 [INFO] [OctoBans] shouteur sql checked, record: provocation by Shouteur to 1502719799
06-09-17 00:34:42 [INFO] [OctoBans] shouteur sql checked, record: doubleposte by Shouteur to 1502724920
06-09-17 00:34:42 [INFO] [OctoBans] shouteur sql checked, record: spam by Shouteur to 1502754822
06-09-17 00:34:42 [INFO] [OctoBans] shouteur sql checked, record: doubleposte by Shouteur to 1502753222
06-09-17 00:34:42 [INFO] [OctoBans] shouteur sql checked, record: provocation by Shouteur to 1502839057
06-09-17 00:34:42 [INFO] [OctoBans] shouteur sql checked, record: langage by Shouteur to 1502843228
06-09-17 00:34:42 [INFO] [OctoBans] shouteur sql checked, record: doubleposte by Shouteur to 1502901182
06-09-17 00:34:42 [INFO] [OctoBans] shouteur sql checked, record: doubleposte by Shouteur to 1502902412
06-09-17 00:34:42 [INFO] [OctoBans] shouteur sql checked, record: doubleposte by Shouteur to 1502927769
06-09-17 00:34:42 [INFO] [OctoBans] shouteur sql checked, record: provocation by Shouteur to 1502924785
06-09-17 00:34:42 [INFO] [OctoBans] shouteur sql checked, record: langage by Shouteur to 1502954507
06-09-17 00:34:42 [INFO] [OctoBans] shouteur sql checked, record: langage by Shouteur to 1502951866
06-09-17 00:34:42 [INFO] [OctoBans] shouteur sql checked, record: doubleposte by Shouteur to 1502958759
06-09-17 00:34:42 [INFO] [OctoBans] shouteur sql checked, record: langage by Shouteur to 1502990599
06-09-17 00:34:42 [INFO] [OctoBans] shouteur sql checked, record: langage by Shouteur to 1502988278
06-09-17 00:34:42 [INFO] [OctoBans] shouteur sql checked, record: provocation by Shouteur to 1502992002
06-09-17 00:34:42 [INFO] [OctoBans] shouteur sql checked, record: doubleposte by Shouteur to 1503046322
06-09-17 00:34:42 [INFO] [OctoBans] shouteur sql checked, record: provocation by Shouteur to 1503043841
06-09-17 00:34:42 [INFO] [OctoBans] shouteur sql checked, record: doubleposte by Shouteur to 1503101112
06-09-17 00:34:42 [INFO] [OctoBans] shouteur sql checked, record: doubleposte by Shouteur to 1503153221
06-09-17 00:34:42 [INFO] [OctoBans] shouteur sql checked, record: insulte by Shouteur to 1503153350
06-09-17 00:34:42 [INFO] [OctoBans] shouteur sql checked, record: doubleposte by Shouteur to 1503151865
06-09-17 00:34:42 [INFO] [OctoBans] shouteur sql checked, record: provocation by Shouteur to 1503170323
06-09-17 00:34:42 [INFO] [OctoBans] shouteur sql checked, record: doubleposte by Shouteur to 1503175650
06-09-17 00:34:42 [INFO] [OctoBans] shouteur sql checked, record: doubleposte by Shouteur to 1503191798
06-09-17 00:34:42 [INFO] [OctoBans] shouteur sql checked, record: insultegrave by Shouteur to 1503522141
06-09-17 00:34:42 [INFO] [OctoBans] shouteur sql checked, record: doubleposte by Shouteur to 1503270630
06-09-17 00:34:42 [INFO] [OctoBans] shouteur sql checked, record: doubleposte by Shouteur to 1503272283
06-09-17 00:34:42 [INFO] [OctoBans] shouteur sql checked, record: doubleposte by Shouteur to 1503274551
06-09-17 00:34:42 [INFO] [OctoBans] shouteur sql checked, record: majuscule by Shouteur to 1503274009
06-09-17 00:34:42 [INFO] [OctoBans] shouteur sql checked, record: spam by Shouteur to 1503277293
06-09-17 00:34:42 [INFO] [OctoBans] shouteur sql checked, record: doubleposte by Shouteur to 1503282371
06-09-17 00:34:42 [INFO] [OctoBans] shouteur sql checked, record: doubleposte by Shouteur to 1503286260
06-09-17 00:34:42 [INFO] [OctoBans] shouteur sql checked, record: doubleposte by Shouteur to 1503289353
06-09-17 00:34:42 [INFO] [OctoBans] shouteur sql checked, record: insultegrave by Shouteur to 1503359139
06-09-17 00:34:42 [INFO] [OctoBans] shouteur sql checked, record: insultegrave by Shouteur to 1503367785
06-09-17 00:34:42 [INFO] [OctoBans] shouteur sql checked, record: doubleposte by Shouteur to 1503301287
06-09-17 00:34:42 [INFO] [OctoBans] shouteur sql checked, record: provocation by Shouteur to 1503304888
06-09-17 00:34:42 [INFO] [OctoBans] shouteur sql checked, record: doubleposte by Shouteur to 1503305276
06-09-17 00:34:42 [INFO] [OctoBans] shouteur sql checked, record: doubleposte by Shouteur to 1503309089
06-09-17 00:34:42 [INFO] [OctoBans] shouteur sql checked, record: doubleposte by Shouteur to 1503310224
06-09-17 00:34:42 [INFO] [OctoBans] shouteur sql checked, record: insultegrave by Shouteur to 1503432088
06-09-17 00:34:42 [INFO] [OctoBans] shouteur sql checked, record: faussesinfos by Shouteur to 1503587123
06-09-17 00:34:42 [INFO] [OctoBans] shouteur sql checked, record: provocation by Shouteur to 1503334280
06-09-17 00:34:42 [INFO] [OctoBans] shouteur sql checked, record: doubleposte by Shouteur to 1503334281
06-09-17 00:34:42 [INFO] [OctoBans] shouteur sql checked, record: doubleposte by Shouteur to 1503342159
06-09-17 00:34:42 [INFO] [OctoBans] shouteur sql checked, record: provocation by Shouteur to 1503339006
06-09-17 00:34:42 [INFO] [OctoBans] shouteur sql checked, record: provocation by Shouteur to 1503339419
06-09-17 00:34:42 [INFO] [OctoBans] shouteur sql checked, record: provocation by Shouteur to 1503339641
06-09-17 00:34:42 [INFO] [OctoBans] shouteur sql checked, record: spam by Shouteur to 1503383410
06-09-17 00:34:42 [INFO] [OctoBans] shouteur sql checked, record: provocation by Shouteur to 1503380753
06-09-17 00:34:42 [INFO] [OctoBans] shouteur sql checked, record: insulte by Shouteur to 1503382864
06-09-17 00:34:42 [INFO] [OctoBans] shouteur sql checked, record: provocation by Shouteur to 1503386501
06-09-17 00:34:42 [INFO] [OctoBans] shouteur sql checked, record: doubleposte by Shouteur to 1503403248
06-09-17 00:34:42 [INFO] [OctoBans] shouteur sql checked, record: doubleposte by Shouteur to 1503407778
06-09-17 00:34:42 [INFO] [OctoBans] shouteur sql checked, record: spam by Shouteur to 1503435353
06-09-17 00:34:42 [INFO] [OctoBans] shouteur sql checked, record: insulte by Shouteur to 1503409273
06-09-17 00:34:42 [INFO] [OctoBans] shouteur sql checked, record: majuscule by Shouteur to 1503407271
06-09-17 00:34:42 [INFO] [OctoBans] shouteur sql checked, record: provocation by Shouteur to 1503427917
06-09-17 00:34:42 [INFO] [OctoBans] shouteur sql checked, record: doubleposte by Shouteur to 1503430062
06-09-17 00:34:42 [INFO] [OctoBans] shouteur sql checked, record: insultegrave by Shouteur to 1503501491
06-09-17 00:34:42 [INFO] [OctoBans] shouteur sql checked, record: spam by Shouteur to 1503442814
06-09-17 00:34:42 [INFO] [OctoBans] shouteur sql checked, record: provocation by Shouteur to 1503478327
06-09-17 00:34:42 [INFO] [OctoBans] shouteur sql checked, record: doubleposte by Shouteur to 1503482708
06-09-17 00:34:42 [INFO] [OctoBans] shouteur sql checked, record: insultegrave by Shouteur to 1503669153
06-09-17 00:34:42 [INFO] [OctoBans] shouteur sql checked, record: insultegrave by Shouteur to 1503705164
06-09-17 00:34:42 [INFO] [OctoBans] shouteur sql checked, record: majuscule by Shouteur to 1503563579
06-09-17 00:34:42 [INFO] [OctoBans] shouteur sql checked, record: insultegrave by Shouteur to 1503633206
06-09-17 00:34:42 [INFO] [OctoBans] shouteur sql checked, record: insulte by Shouteur to 1503563953
06-09-17 00:34:42 [INFO] [OctoBans] shouteur sql checked, record: insultegrave by Shouteur to 1503597428
06-09-17 00:34:42 [INFO] [OctoBans] shouteur sql checked, record: insultegrave by Shouteur to 1503597442
06-09-17 00:34:42 [INFO] [OctoBans] shouteur sql checked, record: doubleposte by Shouteur to 1503564993
06-09-17 00:34:42 [INFO] [OctoBans] shouteur sql checked, record: provocation by Shouteur to 1503564052
06-09-17 00:34:42 [INFO] [OctoBans] shouteur sql checked, record: spam by Shouteur to 1503657489
06-09-17 00:34:42 [INFO] [OctoBans] shouteur sql checked, record: doubleposte by Shouteur to 1503687227
06-09-17 00:34:42 [INFO] [OctoBans] shouteur sql checked, record: provocation by Shouteur to 1503688637
06-09-17 00:34:42 [INFO] [OctoBans] shouteur sql checked, record: doubleposte by Shouteur to 1503731156
06-09-17 00:34:42 [INFO] [OctoBans] shouteur sql checked, record: doubleposte by Shouteur to 1503732835
06-09-17 00:34:42 [INFO] [OctoBans] shouteur sql checked, record: doubleposte by Shouteur to 1503755408
06-09-17 00:34:42 [INFO] [OctoBans] shouteur sql checked, record: doubleposte by Shouteur to 1503758054
06-09-17 00:34:42 [INFO] [OctoBans] shouteur sql checked, record: doubleposte by Shouteur to 1503768535
06-09-17 00:34:42 [INFO] [OctoBans] shouteur sql checked, record: spam by Shouteur to 1503848150
06-09-17 00:34:42 [INFO] [OctoBans] shouteur sql checked, record: doubleposte by Shouteur to 1503824873
06-09-17 00:34:42 [INFO] [OctoBans] shouteur sql checked, record: homophobie by Shouteur to 1503906262
06-09-17 00:34:42 [INFO] [OctoBans] shouteur sql checked, record: doubleposte by Shouteur to 1503820178
06-09-17 00:34:42 [INFO] [OctoBans] shouteur sql checked, record: doubleposte by Shouteur to 1503822332
06-09-17 00:34:42 [INFO] [OctoBans] shouteur sql checked, record: doubleposte by Shouteur to 1503826578
06-09-17 00:34:42 [INFO] [OctoBans] shouteur sql checked, record: doubleposte by Shouteur to 1503852185
06-09-17 00:34:42 [INFO] [OctoBans] shouteur sql checked, record: provocation by Shouteur to 1503853441
06-09-17 00:34:42 [INFO] [OctoBans] shouteur sql checked, record: insulte by Shouteur to 1503861268
06-09-17 00:34:42 [INFO] [OctoBans] shouteur sql checked, record: provocation by Shouteur to 1503854679
06-09-17 00:34:42 [INFO] [OctoBans] shouteur sql checked, record: spam by Shouteur to 1503857061
06-09-17 00:34:42 [INFO] [OctoBans] shouteur sql checked, record: majuscule by Shouteur to 1503910030
06-09-17 00:34:42 [INFO] [OctoBans] shouteur sql checked, record: insultegrave by Shouteur to 1503945881
06-09-17 00:34:42 [INFO] [OctoBans] shouteur sql checked, record: doubleposte by Shouteur to 1503946939
06-09-17 00:34:42 [INFO] [OctoBans] shouteur sql checked, record: doubleposte by Shouteur to 1503948184
06-09-17 00:34:42 [INFO] [OctoBans] shouteur sql checked, record: doubleposte by Shouteur to 1503946936
06-09-17 00:34:42 [INFO] [OctoBans] shouteur sql checked, record: doubleposte by Shouteur to 1503947411
06-09-17 00:34:42 [INFO] [OctoBans] shouteur sql checked, record: spam by Shouteur to 1503954503
06-09-17 00:34:42 [INFO] [OctoBans] shouteur sql checked, record: doubleposte by Shouteur to 1503949919
06-09-17 00:34:42 [INFO] [OctoBans] shouteur sql checked, record: doubleposte by Shouteur to 1504004194
06-09-17 00:34:42 [INFO] [OctoBans] shouteur sql checked, record: doubleposte by Shouteur to 1504080721
06-09-17 00:34:42 [INFO] [OctoBans] shouteur sql checked, record: majuscule by Shouteur to 1504085811
06-09-17 00:34:42 [INFO] [OctoBans] shouteur sql checked, record: doubleposte by Shouteur to 1504117174
06-09-17 00:34:42 [INFO] [OctoBans] shouteur sql checked, record: doubleposte by Shouteur to 1504123344
06-09-17 00:34:42 [INFO] [OctoBans] shouteur sql checked, record: doubleposte by Shouteur to 1504117696
06-09-17 00:34:42 [INFO] [OctoBans] shouteur sql checked, record: doubleposte by Shouteur to 1504118310
06-09-17 00:34:42 [INFO] [OctoBans] shouteur sql checked, record: doubleposte by Shouteur to 1504168851
06-09-17 00:34:42 [INFO] [OctoBans] shouteur sql checked, record: provocation by Shouteur to 1504174922
06-09-17 00:34:42 [INFO] [OctoBans] shouteur sql checked, record: provocation by Shouteur to 1504174026
06-09-17 00:34:42 [INFO] [OctoBans] shouteur sql checked, record: provocation by Shouteur to 1504173730
06-09-17 00:34:42 [INFO] [OctoBans] shouteur sql checked, record: provocation by Shouteur to 1504174934
06-09-17 00:34:42 [INFO] [OctoBans] shouteur sql checked, record: provocation by Shouteur to 1504173513
06-09-17 00:34:42 [INFO] [OctoBans] shouteur sql checked, record: doubleposte by Shouteur to 1504175426
06-09-17 00:34:42 [INFO] [OctoBans] shouteur sql checked, record: majuscule by Shouteur to 1504184017
06-09-17 00:34:42 [INFO] [OctoBans] shouteur sql checked, record: doubleposte by Shouteur to 1504204954
06-09-17 00:34:42 [INFO] [OctoBans] shouteur sql checked, record: doubleposte by Shouteur to 1504203096
06-09-17 00:34:42 [INFO] [OctoBans] shouteur sql checked, record: doubleposte by Shouteur to 1504203482
06-09-17 00:34:42 [INFO] [OctoBans] shouteur sql checked, record: spam by Shouteur to 1504295995
06-09-17 00:34:42 [INFO] [OctoBans] shouteur sql checked, record: spam by Shouteur to 1504298117
06-09-17 00:34:42 [INFO] [OctoBans] shouteur sql checked, record: doubleposte by Shouteur to 1504288902
06-09-17 00:34:42 [INFO] [OctoBans] shouteur sql checked, record: majuscule by Shouteur to 1504352665
06-09-17 00:34:42 [INFO] [OctoBans] shouteur sql checked, record: doubleposte by Shouteur to 1504352155
06-09-17 00:34:42 [INFO] [OctoBans] shouteur sql checked, record: majuscule by Shouteur to 1504349778
06-09-17 00:34:42 [INFO] [OctoBans] shouteur sql checked, record: doubleposte by Shouteur to 1504354312
06-09-17 00:34:42 [INFO] [OctoBans] shouteur sql checked, record: doubleposte by Shouteur to 1504349879
06-09-17 00:34:42 [INFO] [OctoBans] shouteur sql checked, record: doubleposte by Shouteur to 1504350196
06-09-17 00:34:42 [INFO] [OctoBans] shouteur sql checked, record: doubleposte by Shouteur to 1504355804
06-09-17 00:34:42 [INFO] [OctoBans] shouteur sql checked, record: insulte by Shouteur to 1504355046
06-09-17 00:34:42 [INFO] [OctoBans] shouteur sql checked, record: doubleposte by Shouteur to 1504353256
06-09-17 00:34:42 [INFO] [OctoBans] shouteur sql checked, record: doubleposte by Shouteur to 1504350009
06-09-17 00:34:42 [INFO] [OctoBans] shouteur sql checked, record: doubleposte by Shouteur to 1504350577
06-09-17 00:34:42 [INFO] [OctoBans] shouteur sql checked, record: doubleposte by Shouteur to 1504350373
06-09-17 00:34:42 [INFO] [OctoBans] shouteur sql checked, record: provocation by Shouteur to 1504351799
06-09-17 00:34:42 [INFO] [OctoBans] shouteur sql checked, record: insultegrave by Shouteur to 1504459660
06-09-17 00:34:42 [INFO] [OctoBans] shouteur sql checked, record: doubleposte by Shouteur to 1504353292
06-09-17 00:34:42 [INFO] [OctoBans] shouteur sql checked, record: doubleposte by Shouteur to 1504352452
06-09-17 00:34:42 [INFO] [OctoBans] shouteur sql checked, record: provocation by Shouteur to 1504354897
06-09-17 00:34:42 [INFO] [OctoBans] shouteur sql checked, record: provocation by Shouteur to 1504357137
06-09-17 00:34:42 [INFO] [OctoBans] shouteur sql checked, record: doubleposte by Shouteur to 1504363653
06-09-17 00:34:42 [INFO] [OctoBans] shouteur sql checked, record: spam by Shouteur to 1504371163
06-09-17 00:34:42 [INFO] [OctoBans] shouteur sql checked, record: majuscule by Shouteur to 1504364584
06-09-17 00:34:42 [INFO] [OctoBans] shouteur sql checked, record: flood by Shouteur to 1504379585
06-09-17 00:34:42 [INFO] [OctoBans] shouteur sql checked, record: insulte by Shouteur to 1504376041
06-09-17 00:34:42 [INFO] [OctoBans] shouteur sql checked, record: doubleposte by Shouteur to 1504376492
06-09-17 00:34:42 [INFO] [OctoBans] shouteur sql checked, record: insulte by Shouteur to 1504378592
06-09-17 00:34:42 [INFO] [OctoBans] shouteur sql checked, record: doubleposte by Shouteur to 1504376539
06-09-17 00:34:42 [INFO] [OctoBans] shouteur sql checked, record: doubleposte by Shouteur to 1504377728
06-09-17 00:34:42 [INFO] [OctoBans] shouteur sql checked, record: doubleposte by Shouteur to 1504382330
06-09-17 00:34:42 [INFO] [OctoBans] shouteur sql checked, record: insultegrave by Shouteur to 1504520821
06-09-17 00:34:42 [INFO] [OctoBans] shouteur sql checked, record: flood by Shouteur to 1504384385
06-09-17 00:34:42 [INFO] [OctoBans] shouteur sql checked, record: spam by Shouteur to 1504458072
06-09-17 00:34:42 [INFO] [OctoBans] shouteur sql checked, record: doubleposte by Shouteur to 1504433845
06-09-17 00:34:42 [INFO] [OctoBans] shouteur sql checked, record: majuscule by Shouteur to 1504434959
06-09-17 00:34:42 [INFO] [OctoBans] shouteur sql checked, record: doubleposte by Shouteur to 1504434673
06-09-17 00:34:42 [INFO] [OctoBans] shouteur sql checked, record: doubleposte by Shouteur to 1504443408
06-09-17 00:34:42 [INFO] [OctoBans] shouteur sql checked, record: spam by Shouteur to 1504451404
06-09-17 00:34:42 [INFO] [OctoBans] shouteur sql checked, record: doubleposte by Shouteur to 1504460225
06-09-17 00:34:42 [INFO] [OctoBans] shouteur sql checked, record: spam by Shouteur to 1504463381
06-09-17 00:34:42 [INFO] [OctoBans] shouteur sql checked, record: doubleposte by Shouteur to 1504463472
06-09-17 00:34:42 [INFO] [OctoBans] shouteur sql checked, record: provocation by Shouteur to 1504468310
06-09-17 00:34:42 [INFO] [OctoBans] shouteur sql checked, record: doubleposte by Shouteur to 1504472904
06-09-17 00:34:42 [INFO] [OctoBans] shouteur sql checked, record: doubleposte by Shouteur to 1504465812
06-09-17 00:34:42 [INFO] [OctoBans] shouteur sql checked, record: doubleposte by Shouteur to 1504480902
06-09-17 00:34:42 [INFO] [OctoBans] shouteur sql checked, record: provocation by Shouteur to 1504524444
06-09-17 00:34:42 [INFO] [OctoBans] shouteur sql checked, record: spam by Shouteur to 1504553418
06-09-17 00:34:42 [INFO] [OctoBans] shouteur sql checked, record: doubleposte by Shouteur to 1504538377
06-09-17 00:34:42 [INFO] [OctoBans] shouteur sql checked, record: doubleposte by Shouteur to 1504539295
06-09-17 00:34:42 [INFO] [OctoBans] shouteur sql checked, record: spam by Shouteur to 1504554887
06-09-17 00:34:42 [INFO] [OctoBans] shouteur sql checked, record: flood by Shouteur to 1504570745
06-09-17 00:34:42 [INFO] [OctoBans] shouteur sql checked, record: spam by Shouteur to 1504579066
06-09-17 00:34:42 [INFO] [OctoBans] shouteur sql checked, record: spam by Shouteur to 1504559965
06-09-17 00:34:42 [INFO] [OctoBans] shouteur sql checked, record: spam by Shouteur to 1504563059
06-09-17 00:34:42 [INFO] [OctoBans] shouteur sql checked, record: doubleposte by Shouteur to 1504560774
06-09-17 00:34:42 [INFO] [OctoBans] shouteur sql checked, record: insultegrave by Shouteur to 1504657786
06-09-17 00:34:42 [INFO] [OctoBans] shouteur sql checked, record: doubleposte by Shouteur to 1504622608
06-09-17 00:34:42 [INFO] [OctoBans] shouteur sql checked, record: doubleposte by Shouteur to 1504624774
06-09-17 00:34:42 [INFO] [OctoBans] shouteur sql checked, record: faussesinfos by Shouteur to 1504710922
06-09-17 00:34:42 [INFO] [OctoBans] shouteur sql checked, record: doubleposte by Shouteur to 1504626223
06-09-17 00:34:42 [INFO] [OctoBans] shouteur sql checked, record: doubleposte by Shouteur to 1504632136
06-09-17 00:34:42 [INFO] [OctoBans] shouteur sql checked, record: spam by Shouteur to 1504633532
06-09-17 00:34:42 [INFO] [OctoBans] shouteur sql checked, record: insultegrave by Shouteur to 1505059435
06-09-17 00:34:42 [INFO] [OctoBans] shouteur sql checked, record: doubleposte by Shouteur to 1504629025
06-09-17 00:34:42 [INFO] [OctoBans] shouteur sql checked, record: doubleposte by Shouteur to 1504631146
06-09-17 00:34:42 [INFO] [OctoBans] shouteur sql checked, record: doubleposte by Shouteur to 1504629134
06-09-17 00:34:42 [INFO] [OctoBans] shouteur sql checked, record: provocation by Shouteur to 1504631281
06-09-17 00:34:42 [INFO] [OctoBans] shouteur sql checked, record: majuscule by Shouteur to 1504634737
06-09-17 00:34:42 [INFO] [OctoBans] shouteur sql checked, record: provocation by Shouteur to 1504632943
06-09-17 00:34:42 [INFO] [OctoBans] shouteur sql checked, record: spam by Shouteur to 1504642577
06-09-17 00:34:42 [INFO] [OctoBans] shouteur sql checked, record: insulte by Shouteur to 1504641907
06-09-17 00:34:42 [INFO] [OctoBans] shouteur sql checked, record: provocation by Shouteur to 1504644166
06-09-17 00:34:42 [INFO] [OctoBans] shouteur sql checked, record: langage by Shouteur to 1504645373
06-09-17 00:34:42 [INFO] [OctoBans] shouteur sql checked, record: majuscule by Shouteur to 1504645430
06-09-17 00:34:42 [INFO] [OctoBans] shouteur sql checked, record: faussesinfos by Shouteur to 1504733046
06-09-17 00:34:42 [INFO] [OctoBans] shouteur sql checked, record: doubleposte by Shouteur to 1504648451
06-09-17 00:34:42 [INFO] [OctoBans] shouteur sql checked, record: insulte by Shouteur to 1504650567
06-09-17 00:34:42 [INFO] [OctoBans] shouteur sql checked, record: provocation by Shouteur to 1504648815
06-09-17 00:34:42 [INFO] [OctoBans] shouteur sql checked, record: doubleposte by Shouteur to 1504649118
06-09-17 00:34:42 [INFO] [OctoBans] shouteur sql checked, record: doubleposte by Shouteur to 1504649365
06-09-17 00:34:51 [INFO] [OctoBans] _hello_kitty sql checked, record: majuscule by _Hello_Kitty to 1502204183
06-09-17 00:34:51 [INFO] [OctoBans] _hello_kitty sql checked, record: doubleposte by _Hello_Kitty to 1502205490
06-09-17 00:34:51 [INFO] [OctoBans] _hello_kitty sql checked, record: doubleposte by _Hello_Kitty to 1502210834
06-09-17 00:34:51 [INFO] [OctoBans] _hello_kitty sql checked, record: insultestaff by _Hello_Kitty to 1502248906
06-09-17 00:34:51 [INFO] [OctoBans] _hello_kitty sql checked, record: provocation by _Hello_Kitty to 1502214526
06-09-17 00:34:51 [INFO] [OctoBans] _hello_kitty sql checked, record: doubleposte by _Hello_Kitty to 1502218852
06-09-17 00:34:51 [INFO] [OctoBans] _hello_kitty sql checked, record: provocation by _Hello_Kitty to 1502219105
06-09-17 00:34:51 [INFO] [OctoBans] _hello_kitty sql checked, record: insultegrave by _Hello_Kitty to 1502254282
06-09-17 00:34:51 [INFO] [OctoBans] _hello_kitty sql checked, record: provocation by _Hello_Kitty to 1502221205
06-09-17 00:34:51 [INFO] [OctoBans] _hello_kitty sql checked, record: langage by _Hello_Kitty to 1502225731
06-09-17 00:34:51 [INFO] [OctoBans] _hello_kitty sql checked, record: doubleposte by _Hello_Kitty to 1502223252
06-09-17 00:34:51 [INFO] [OctoBans] _hello_kitty sql checked, record: langage by _Hello_Kitty to 1502221549
06-09-17 00:34:51 [INFO] [OctoBans] _hello_kitty sql checked, record: majuscule by _Hello_Kitty to 1502221759
06-09-17 00:34:51 [INFO] [OctoBans] _hello_kitty sql checked, record: langage by _Hello_Kitty to 1502228949
06-09-17 00:34:51 [INFO] [OctoBans] _hello_kitty sql checked, record: insultestaff by _Hello_Kitty to 1502341446
06-09-17 00:34:51 [INFO] [OctoBans] _hello_kitty sql checked, record: provocation by _Hello_Kitty to 1502306921
06-09-17 00:34:51 [INFO] [OctoBans] _hello_kitty sql checked, record: provocation by _Hello_Kitty to 1502309899
06-09-17 00:34:51 [INFO] [OctoBans] _hello_kitty sql checked, record: doubleposte by _Hello_Kitty to 1502311611
06-09-17 00:34:51 [INFO] [OctoBans] _hello_kitty sql checked, record: doubleposte by _Hello_Kitty to 1502310057
06-09-17 00:34:51 [INFO] [OctoBans] _hello_kitty sql checked, record: provocation by _Hello_Kitty to 1502319634
06-09-17 00:34:51 [INFO] [OctoBans] _hello_kitty sql checked, record: provocation by _Hello_Kitty to 1502318047
06-09-17 00:34:51 [INFO] [OctoBans] _hello_kitty sql checked, record: doubleposte by _Hello_Kitty to 1502328047
06-09-17 00:34:51 [INFO] [OctoBans] _hello_kitty sql checked, record: doubleposte by _Hello_Kitty to 1502325240
06-09-17 00:34:51 [INFO] [OctoBans] _hello_kitty sql checked, record: doubleposte by _Hello_Kitty to 1502328421
06-09-17 00:34:51 [INFO] [OctoBans] _hello_kitty sql checked, record: insultegrave by _Hello_Kitty to 1502442472
06-09-17 00:34:51 [INFO] [OctoBans] _hello_kitty sql checked, record: insultegrave by _Hello_Kitty to 1502370542
06-09-17 00:34:51 [INFO] [OctoBans] _hello_kitty sql checked, record: provocation by _Hello_Kitty to 1502396282
06-09-17 00:34:51 [INFO] [OctoBans] _hello_kitty sql checked, record: majuscule by _Hello_Kitty to 1502395693
06-09-17 00:34:51 [INFO] [OctoBans] _hello_kitty sql checked, record: doubleposte by _Hello_Kitty to 1502394893
06-09-17 00:34:51 [INFO] [OctoBans] _hello_kitty sql checked, record: insulte by _Hello_Kitty to 1502398837
06-09-17 00:34:51 [INFO] [OctoBans] _hello_kitty sql checked, record: provocation by _Hello_Kitty to 1502400949
06-09-17 00:34:51 [INFO] [OctoBans] _hello_kitty sql checked, record: langage by _Hello_Kitty to 1502407612
06-09-17 00:34:51 [INFO] [OctoBans] _hello_kitty sql checked, record: doubleposte by _Hello_Kitty to 1502405353
06-09-17 00:34:51 [INFO] [OctoBans] _hello_kitty sql checked, record: doubleposte by _Hello_Kitty to 1502404828
06-09-17 00:34:51 [INFO] [OctoBans] _hello_kitty sql checked, record: provocation by _Hello_Kitty to 1502410835
06-09-17 00:34:51 [INFO] [OctoBans] _hello_kitty sql checked, record: doubleposte by _Hello_Kitty to 1502417407
06-09-17 00:34:51 [INFO] [OctoBans] _hello_kitty sql checked, record: doubleposte by _Hello_Kitty to 1502421067
06-09-17 00:34:51 [INFO] [OctoBans] _hello_kitty sql checked, record: flood by _Hello_Kitty to 1502421966
06-09-17 00:34:51 [INFO] [OctoBans] _hello_kitty sql checked, record: insulte by _Hello_Kitty to 1502460672
06-09-17 00:34:51 [INFO] [OctoBans] _hello_kitty sql checked, record: insultegrave by _Hello_Kitty to 1502750609
06-09-17 00:34:51 [INFO] [OctoBans] _hello_kitty sql checked, record: majuscule by _Hello_Kitty to 1502582788
06-09-17 00:34:51 [INFO] [OctoBans] _hello_kitty sql checked, record: majuscule by _Hello_Kitty to 1502606558
06-09-17 00:34:51 [INFO] [OctoBans] _hello_kitty sql checked, record: majuscule by _Hello_Kitty to 1502660037
06-09-17 00:34:51 [INFO] [OctoBans] _hello_kitty sql checked, record: insulte by _Hello_Kitty to 1502672275
06-09-17 00:34:51 [INFO] [OctoBans] _hello_kitty sql checked, record: insultegrave by _Hello_Kitty to 1502741609
06-09-17 00:34:51 [INFO] [OctoBans] _hello_kitty sql checked, record: majuscule by _Hello_Kitty to 1502673881
06-09-17 00:34:51 [INFO] [OctoBans] _hello_kitty sql checked, record: doubleposte by _Hello_Kitty to 1502672684
06-09-17 00:34:51 [INFO] [OctoBans] _hello_kitty sql checked, record: majuscule by _Hello_Kitty to 1502700197
06-09-17 00:34:51 [INFO] [OctoBans] _hello_kitty sql checked, record: provocation by _Hello_Kitty to 1502733473
06-09-17 00:34:51 [INFO] [OctoBans] _hello_kitty sql checked, record: provocation by _Hello_Kitty to 1502738125
06-09-17 00:34:51 [INFO] [OctoBans] _hello_kitty sql checked, record: doubleposte by _Hello_Kitty to 1502740714
06-09-17 00:34:51 [INFO] [OctoBans] _hello_kitty sql checked, record: provocation by _Hello_Kitty to 1502746043
06-09-17 00:34:51 [INFO] [OctoBans] _hello_kitty sql checked, record: doubleposte by _Hello_Kitty to 1502745303
06-09-17 00:34:51 [INFO] [OctoBans] _hello_kitty sql checked, record: doubleposte by _Hello_Kitty to 1502766965
06-09-17 00:34:51 [INFO] [OctoBans] _hello_kitty sql checked, record: langage by _Hello_Kitty to 1502771941
06-09-17 00:34:51 [INFO] [OctoBans] _hello_kitty sql checked, record: provocation by _Hello_Kitty to 1502784224
06-09-17 00:34:51 [INFO] [OctoBans] _hello_kitty sql checked, record: majuscule by _Hello_Kitty to 1502786427
06-09-17 00:34:51 [INFO] [OctoBans] _hello_kitty sql checked, record: majuscule by _Hello_Kitty to 1502786524
06-09-17 00:34:51 [INFO] [OctoBans] _hello_kitty sql checked, record: doubleposte by _Hello_Kitty to 1502787074
06-09-17 00:34:51 [INFO] [OctoBans] _hello_kitty sql checked, record: doubleposte by _Hello_Kitty to 1502788918
06-09-17 00:34:51 [INFO] [OctoBans] _hello_kitty sql checked, record: insulte by _Hello_Kitty to 1502791810
06-09-17 00:34:51 [INFO] [OctoBans] _hello_kitty sql checked, record: majuscule by _Hello_Kitty to 1502790303
06-09-17 00:34:51 [INFO] [OctoBans] _hello_kitty sql checked, record: majuscule by _Hello_Kitty to 1502792627
06-09-17 00:34:51 [INFO] [OctoBans] _hello_kitty sql checked, record: majuscule by _Hello_Kitty to 1502795100
06-09-17 00:34:51 [INFO] [OctoBans] _hello_kitty sql checked, record: provocation by _Hello_Kitty to 1502803451
06-09-17 00:34:51 [INFO] [OctoBans] _hello_kitty sql checked, record: majuscule by _Hello_Kitty to 1502804269
06-09-17 00:34:51 [INFO] [OctoBans] _hello_kitty sql checked, record: doubleposte by _Hello_Kitty to 1502859553
06-09-17 00:34:51 [INFO] [OctoBans] _hello_kitty sql checked, record: insultegrave by _Hello_Kitty to 1503399559
06-09-17 00:34:51 [INFO] [OctoBans] _hello_kitty sql checked, record: insulte by _Hello_Kitty to 1502863954
06-09-17 00:34:51 [INFO] [OctoBans] _hello_kitty sql checked, record: doubleposte by _Hello_Kitty to 1502870407
06-09-17 00:34:51 [INFO] [OctoBans] _hello_kitty sql checked, record: provocation by _Hello_Kitty to 1502874045
06-09-17 00:34:51 [INFO] [OctoBans] _hello_kitty sql checked, record: doubleposte by _Hello_Kitty to 1502877342
06-09-17 00:34:51 [INFO] [OctoBans] _hello_kitty sql checked, record: langage by _Hello_Kitty to 1502873240
06-09-17 00:34:51 [INFO] [OctoBans] _hello_kitty sql checked, record: majuscule by _Hello_Kitty to 1502882381
06-09-17 00:34:51 [INFO] [OctoBans] _hello_kitty sql checked, record: majuscule by _Hello_Kitty to 1502874592
06-09-17 00:34:51 [INFO] [OctoBans] _hello_kitty sql checked, record: doubleposte by _Hello_Kitty to 1502880989
06-09-17 00:34:51 [INFO] [OctoBans] _hello_kitty sql checked, record: doubleposte by _Hello_Kitty to 1502881516
06-09-17 00:34:51 [INFO] [OctoBans] _hello_kitty sql checked, record: doubleposte by _Hello_Kitty to 1502889483
06-09-17 00:34:51 [INFO] [OctoBans] _hello_kitty sql checked, record: insultegrave by _Hello_Kitty to 1502925639
06-09-17 00:34:51 [INFO] [OctoBans] _hello_kitty sql checked, record: flood by _Hello_Kitty to 1502912794
06-09-17 00:34:51 [INFO] [OctoBans] _hello_kitty sql checked, record: majuscule by _Hello_Kitty to 1502896147
06-09-17 00:34:51 [INFO] [OctoBans] _hello_kitty sql checked, record: doubleposte by _Hello_Kitty to 1502901347
06-09-17 00:34:51 [INFO] [OctoBans] _hello_kitty sql checked, record: flood by _Hello_Kitty to 1502911965
06-09-17 00:34:51 [INFO] [OctoBans] _hello_kitty sql checked, record: flood by _Hello_Kitty to 1502904799
06-09-17 00:34:51 [INFO] [OctoBans] _hello_kitty sql checked, record: majuscule by _Hello_Kitty to 1502903943
06-09-17 00:34:51 [INFO] [OctoBans] _hello_kitty sql checked, record: majuscule by _Hello_Kitty to 1502906292
06-09-17 00:34:51 [INFO] [OctoBans] _hello_kitty sql checked, record: doubleposte by _Hello_Kitty to 1502903027
06-09-17 00:34:51 [INFO] [OctoBans] _hello_kitty sql checked, record: doubleposte by _Hello_Kitty to 1502908307
06-09-17 00:34:51 [INFO] [OctoBans] _hello_kitty sql checked, record: doubleposte by _Hello_Kitty to 1502904375
06-09-17 00:34:51 [INFO] [OctoBans] _hello_kitty sql checked, record: majuscule by _Hello_Kitty to 1502907507
06-09-17 00:34:51 [INFO] [OctoBans] _hello_kitty sql checked, record: provocation by _Hello_Kitty to 1502908685
06-09-17 00:34:51 [INFO] [OctoBans] _hello_kitty sql checked, record: majuscule by _Hello_Kitty to 1502908447
06-09-17 00:34:51 [INFO] [OctoBans] _hello_kitty sql checked, record: doubleposte by _Hello_Kitty to 1502911686
06-09-17 00:34:51 [INFO] [OctoBans] _hello_kitty sql checked, record: provocation by _Hello_Kitty to 1502910549
06-09-17 00:34:51 [INFO] [OctoBans] _hello_kitty sql checked, record: provocation by _Hello_Kitty to 1502913885
06-09-17 00:34:51 [INFO] [OctoBans] _hello_kitty sql checked, record: doubleposte by _Hello_Kitty to 1502910685
06-09-17 00:34:51 [INFO] [OctoBans] _hello_kitty sql checked, record: doubleposte by _Hello_Kitty to 1502912608
06-09-17 00:34:51 [INFO] [OctoBans] _hello_kitty sql checked, record: doubleposte by _Hello_Kitty to 1502912560
06-09-17 00:34:51 [INFO] [OctoBans] _hello_kitty sql checked, record: langage by _Hello_Kitty to 1502913678
06-09-17 00:34:51 [INFO] [OctoBans] _hello_kitty sql checked, record: doubleposte by _Hello_Kitty to 1502911169
06-09-17 00:34:51 [INFO] [OctoBans] _hello_kitty sql checked, record: doubleposte by _Hello_Kitty to 1502910984
06-09-17 00:34:51 [INFO] [OctoBans] _hello_kitty sql checked, record: langage by _Hello_Kitty to 1502911415
06-09-17 00:34:51 [INFO] [OctoBans] _hello_kitty sql checked, record: provocation by _Hello_Kitty to 1502964709
06-09-17 00:34:51 [INFO] [OctoBans] _hello_kitty sql checked, record: doubleposte by _Hello_Kitty to 1502965458
06-09-17 00:34:51 [INFO] [OctoBans] _hello_kitty sql checked, record: doubleposte by _Hello_Kitty to 1502965990
06-09-17 00:34:51 [INFO] [OctoBans] _hello_kitty sql checked, record: majuscule by _Hello_Kitty to 1502966720
06-09-17 00:34:51 [INFO] [OctoBans] _hello_kitty sql checked, record: langage by _Hello_Kitty to 1502966149
06-09-17 00:34:51 [INFO] [OctoBans] _hello_kitty sql checked, record: doubleposte by _Hello_Kitty to 1502968266
06-09-17 00:34:51 [INFO] [OctoBans] _hello_kitty sql checked, record: majuscule by _Hello_Kitty to 1502973880
06-09-17 00:34:51 [INFO] [OctoBans] _hello_kitty sql checked, record: doubleposte by _Hello_Kitty to 1502973338
06-09-17 00:34:51 [INFO] [OctoBans] _hello_kitty sql checked, record: provocation by _Hello_Kitty to 1502974409
06-09-17 00:34:51 [INFO] [OctoBans] _hello_kitty sql checked, record: provocation by _Hello_Kitty to 1502979691
06-09-17 00:34:51 [INFO] [OctoBans] _hello_kitty sql checked, record: insulte by _Hello_Kitty to 1502977359
06-09-17 00:34:51 [INFO] [OctoBans] _hello_kitty sql checked, record: majuscule by _Hello_Kitty to 1502975494
06-09-17 00:34:51 [INFO] [OctoBans] _hello_kitty sql checked, record: doubleposte by _Hello_Kitty to 1502979080
06-09-17 00:34:51 [INFO] [OctoBans] _hello_kitty sql checked, record: doubleposte by _Hello_Kitty to 1502984487
06-09-17 00:34:51 [INFO] [OctoBans] _hello_kitty sql checked, record: insulte by _Hello_Kitty to 1502979835
06-09-17 00:34:51 [INFO] [OctoBans] _hello_kitty sql checked, record: majuscule by _Hello_Kitty to 1502985928
06-09-17 00:34:51 [INFO] [OctoBans] _hello_kitty sql checked, record: majuscule by _Hello_Kitty to 1502987449
06-09-17 00:34:51 [INFO] [OctoBans] _hello_kitty sql checked, record: doubleposte by _Hello_Kitty to 1502986564
06-09-17 00:34:51 [INFO] [OctoBans] _hello_kitty sql checked, record: doubleposte by _Hello_Kitty to 1502990948
06-09-17 00:34:51 [INFO] [OctoBans] _hello_kitty sql checked, record: provocation by _Hello_Kitty to 1502987701
06-09-17 00:34:51 [INFO] [OctoBans] _hello_kitty sql checked, record: doubleposte by _Hello_Kitty to 1502986603
06-09-17 00:34:51 [INFO] [OctoBans] _hello_kitty sql checked, record: majuscule by _Hello_Kitty to 1502988370
06-09-17 00:34:51 [INFO] [OctoBans] _hello_kitty sql checked, record: provocation by _Hello_Kitty to 1502987142
06-09-17 00:34:51 [INFO] [OctoBans] _hello_kitty sql checked, record: provocation by _Hello_Kitty to 1502991356
06-09-17 00:34:51 [INFO] [OctoBans] _hello_kitty sql checked, record: provocation by _Hello_Kitty to 1502987168
06-09-17 00:34:51 [INFO] [OctoBans] _hello_kitty sql checked, record: doubleposte by _Hello_Kitty to 1502998617
06-09-17 00:34:51 [INFO] [OctoBans] _hello_kitty sql checked, record: provocation by _Hello_Kitty to 1502996343
06-09-17 00:34:51 [INFO] [OctoBans] _hello_kitty sql checked, record: flood by _Hello_Kitty to 1503013028
06-09-17 00:34:51 [INFO] [OctoBans] _hello_kitty sql checked, record: flood by _Hello_Kitty to 1503002260
06-09-17 00:34:51 [INFO] [OctoBans] _hello_kitty sql checked, record: majuscule by _Hello_Kitty to 1503002297
06-09-17 00:34:51 [INFO] [OctoBans] _hello_kitty sql checked, record: doubleposte by _Hello_Kitty to 1503002937
06-09-17 00:34:51 [INFO] [OctoBans] _hello_kitty sql checked, record: doubleposte by _Hello_Kitty to 1503009592
06-09-17 00:34:51 [INFO] [OctoBans] _hello_kitty sql checked, record: doubleposte by _Hello_Kitty to 1503018739
06-09-17 00:34:51 [INFO] [OctoBans] _hello_kitty sql checked, record: provocation by _Hello_Kitty to 1503023707
06-09-17 00:34:51 [INFO] [OctoBans] _hello_kitty sql checked, record: doubleposte by _Hello_Kitty to 1503098056
06-09-17 00:34:51 [INFO] [OctoBans] _hello_kitty sql checked, record: majuscule by _Hello_Kitty to 1503101287
06-09-17 00:34:51 [INFO] [OctoBans] _hello_kitty sql checked, record: doubleposte by _Hello_Kitty to 1503114465
06-09-17 00:34:51 [INFO] [OctoBans] _hello_kitty sql checked, record: doubleposte by _Hello_Kitty to 1503133560
06-09-17 00:34:51 [INFO] [OctoBans] _hello_kitty sql checked, record: doubleposte by _Hello_Kitty to 1503136901
06-09-17 00:34:51 [INFO] [OctoBans] _hello_kitty sql checked, record: provocation by _Hello_Kitty to 1503134929
06-09-17 00:34:51 [INFO] [OctoBans] _hello_kitty sql checked, record: majuscule by _Hello_Kitty to 1503149730
06-09-17 00:34:51 [INFO] [OctoBans] _hello_kitty sql checked, record: provocation by _Hello_Kitty to 1503148239
06-09-17 00:34:51 [INFO] [OctoBans] _hello_kitty sql checked, record: majuscule by _Hello_Kitty to 1503150946
06-09-17 00:34:51 [INFO] [OctoBans] _hello_kitty sql checked, record: flood by _Hello_Kitty to 1503154722
06-09-17 00:34:51 [INFO] [OctoBans] _hello_kitty sql checked, record: majuscule by _Hello_Kitty to 1503154119
06-09-17 00:34:51 [INFO] [OctoBans] _hello_kitty sql checked, record: provocation by _Hello_Kitty to 1503157159
06-09-17 00:34:51 [INFO] [OctoBans] _hello_kitty sql checked, record: langage by _Hello_Kitty to 1503163389
06-09-17 00:34:51 [INFO] [OctoBans] _hello_kitty sql checked, record: provocation by _Hello_Kitty to 1503162265
06-09-17 00:34:51 [INFO] [OctoBans] _hello_kitty sql checked, record: doubleposte by _Hello_Kitty to 1503160534
06-09-17 00:34:51 [INFO] [OctoBans] _hello_kitty sql checked, record: majuscule by _Hello_Kitty to 1503160549
06-09-17 00:34:51 [INFO] [OctoBans] _hello_kitty sql checked, record: langage by _Hello_Kitty to 1503172030
06-09-17 00:34:51 [INFO] [OctoBans] _hello_kitty sql checked, record: provocation by _Hello_Kitty to 1503167854
06-09-17 00:34:51 [INFO] [OctoBans] _hello_kitty sql checked, record: majuscule by _Hello_Kitty to 1503175813
06-09-17 00:34:51 [INFO] [OctoBans] _hello_kitty sql checked, record: majuscule by _Hello_Kitty to 1503164428
06-09-17 00:34:51 [INFO] [OctoBans] _hello_kitty sql checked, record: majuscule by _Hello_Kitty to 1503164733
06-09-17 00:34:51 [INFO] [OctoBans] _hello_kitty sql checked, record: majuscule by _Hello_Kitty to 1503169212
06-09-17 00:34:51 [INFO] [OctoBans] _hello_kitty sql checked, record: doubleposte by _Hello_Kitty to 1503171262
06-09-17 00:34:51 [INFO] [OctoBans] _hello_kitty sql checked, record: insultegrave by _Hello_Kitty to 1503258139
06-09-17 00:34:51 [INFO] [OctoBans] _hello_kitty sql checked, record: majuscule by _Hello_Kitty to 1503228655
06-09-17 00:34:51 [INFO] [OctoBans] _hello_kitty sql checked, record: majuscule by _Hello_Kitty to 1503229029
06-09-17 00:34:51 [INFO] [OctoBans] _hello_kitty sql checked, record: doubleposte by _Hello_Kitty to 1503231069
06-09-17 00:34:51 [INFO] [OctoBans] _hello_kitty sql checked, record: insultegrave by _Hello_Kitty to 1503268538
06-09-17 00:34:51 [INFO] [OctoBans] _hello_kitty sql checked, record: majuscule by _Hello_Kitty to 1503233178
06-09-17 00:34:51 [INFO] [OctoBans] _hello_kitty sql checked, record: doubleposte by _Hello_Kitty to 1503233806
06-09-17 00:34:51 [INFO] [OctoBans] _hello_kitty sql checked, record: doubleposte by _Hello_Kitty to 1503243491
06-09-17 00:34:51 [INFO] [OctoBans] _hello_kitty sql checked, record: doubleposte by _Hello_Kitty to 1503241422
06-09-17 00:34:51 [INFO] [OctoBans] _hello_kitty sql checked, record: doubleposte by _Hello_Kitty to 1503245380
06-09-17 00:34:51 [INFO] [OctoBans] _hello_kitty sql checked, record: doubleposte by _Hello_Kitty to 1503304938
06-09-17 00:34:51 [INFO] [OctoBans] _hello_kitty sql checked, record: provocation by _Hello_Kitty to 1503334373
06-09-17 00:34:51 [INFO] [OctoBans] _hello_kitty sql checked, record: doubleposte by _Hello_Kitty to 1503336271
06-09-17 00:34:51 [INFO] [OctoBans] _hello_kitty sql checked, record: flood by _Hello_Kitty to 1503774703
06-09-17 00:34:51 [INFO] [OctoBans] _hello_kitty sql checked, record: provocation by _Hello_Kitty to 1504140466
06-09-17 00:34:51 [INFO] [OctoBans] _hello_kitty sql checked, record: langage by _Hello_Kitty to 1504189212
06-09-17 00:34:51 [INFO] [OctoBans] _hello_kitty sql checked, record: majuscule by _Hello_Kitty to 1504209653
06-09-17 00:34:51 [INFO] [OctoBans] _hello_kitty sql checked, record: insultegrave by _Hello_Kitty to 1504611293
06-09-17 00:34:51 [INFO] [OctoBans] _hello_kitty sql checked, record: flood by _Hello_Kitty to 1504230051
06-09-17 00:34:51 [INFO] [OctoBans] _hello_kitty sql checked, record: flood by _Hello_Kitty to 1504233654
06-09-17 00:34:51 [INFO] [OctoBans] _hello_kitty sql checked, record: provocation by _Hello_Kitty to 1504275858
06-09-17 00:34:51 [INFO] [OctoBans] _hello_kitty sql checked, record: insultegrave by _Hello_Kitty to 1504336778
06-09-17 00:34:51 [INFO] [OctoBans] _hello_kitty sql checked, record: provocation by _Hello_Kitty to 1504303846
06-09-17 00:34:51 [INFO] [OctoBans] _hello_kitty sql checked, record: majuscule by _Hello_Kitty to 1504374131
06-09-17 00:34:51 [INFO] [OctoBans] _hello_kitty sql checked, record: doubleposte by _Hello_Kitty to 1504467265
06-09-17 00:34:51 [INFO] [OctoBans] _hello_kitty sql checked, record: provocation by _Hello_Kitty to 1504468618
06-09-17 00:34:51 [INFO] [OctoBans] _hello_kitty sql checked, record: doubleposte by _Hello_Kitty to 1504464830
06-09-17 00:34:51 [INFO] [OctoBans] _hello_kitty sql checked, record: doubleposte by _Hello_Kitty to 1504464923
06-09-17 00:34:51 [INFO] [OctoBans] _hello_kitty sql checked, record: langage by _Hello_Kitty to 1504465855
06-09-17 00:34:51 [INFO] [OctoBans] _hello_kitty sql checked, record: doubleposte by _Hello_Kitty to 1504465449
06-09-17 00:34:51 [INFO] [OctoBans] _hello_kitty sql checked, record: doubleposte by _Hello_Kitty to 1504473557
06-09-17 00:34:51 [INFO] [OctoBans] _hello_kitty sql checked, record: doubleposte by _Hello_Kitty to 1504474414
06-09-17 00:34:51 [INFO] [OctoBans] _hello_kitty sql checked, record: doubleposte by _Hello_Kitty to 1504474738
06-09-17 00:34:51 [INFO] [OctoBans] _hello_kitty sql checked, record: langage by _Hello_Kitty to 1504478710
06-09-17 00:34:51 [INFO] [OctoBans] _hello_kitty sql checked, record: doubleposte by _Hello_Kitty to 1504521520
06-09-17 00:34:51 [INFO] [OctoBans] _hello_kitty sql checked, record: doubleposte by _Hello_Kitty to 1504519287
06-09-17 00:34:51 [INFO] [OctoBans] _hello_kitty sql checked, record: insultegrave by _Hello_Kitty to 1504592619
06-09-17 00:34:51 [INFO] [OctoBans] _hello_kitty sql checked, record: langage by _Hello_Kitty to 1504522604
06-09-17 00:34:51 [INFO] [OctoBans] _hello_kitty sql checked, record: doubleposte by _Hello_Kitty to 1504521721
06-09-17 00:34:51 [INFO] [OctoBans] _hello_kitty sql checked, record: doubleposte by _Hello_Kitty to 1504522390
06-09-17 00:34:51 [INFO] [OctoBans] _hello_kitty sql checked, record: doubleposte by _Hello_Kitty to 1504523135
06-09-17 00:34:51 [INFO] [OctoBans] _hello_kitty sql checked, record: flood by _Hello_Kitty to 1504528867
06-09-17 00:34:51 [INFO] [OctoBans] _hello_kitty sql checked, record: doubleposte by _Hello_Kitty to 1504523177
06-09-17 00:34:51 [INFO] [OctoBans] _hello_kitty sql checked, record: doubleposte by _Hello_Kitty to 1504528446
06-09-17 00:34:51 [INFO] [OctoBans] _hello_kitty sql checked, record: doubleposte by _Hello_Kitty to 1504529131
06-09-17 00:34:51 [INFO] [OctoBans] _hello_kitty sql checked, record: doubleposte by _Hello_Kitty to 1504528739
06-09-17 00:34:51 [INFO] [OctoBans] _hello_kitty sql checked, record: flood by _Hello_Kitty to 1504531890
06-09-17 00:34:51 [INFO] [OctoBans] _hello_kitty sql checked, record: doubleposte by _Hello_Kitty to 1504535457
06-09-17 00:34:51 [INFO] [OctoBans] _hello_kitty sql checked, record: majuscule by _Hello_Kitty to 1504549054
06-09-17 00:34:51 [INFO] [OctoBans] _hello_kitty sql checked, record: insulte by _Hello_Kitty to 1504551803
06-09-17 00:34:51 [INFO] [OctoBans] _hello_kitty sql checked, record: doubleposte by _Hello_Kitty to 1504551967
06-09-17 00:34:51 [INFO] [OctoBans] _hello_kitty sql checked, record: majuscule by _Hello_Kitty to 1504551883
06-09-17 00:34:51 [INFO] [OctoBans] _hello_kitty sql checked, record: majuscule by _Hello_Kitty to 1504550688
06-09-17 00:34:51 [INFO] [OctoBans] _hello_kitty sql checked, record: insultegrave by _Hello_Kitty to 1504586604
06-09-17 00:34:51 [INFO] [OctoBans] _hello_kitty sql checked, record: doubleposte by _Hello_Kitty to 1504551313
06-09-17 00:34:51 [INFO] [OctoBans] _hello_kitty sql checked, record: provocation by _Hello_Kitty to 1504560425
06-09-17 00:34:51 [INFO] [OctoBans] _hello_kitty sql checked, record: langage by _Hello_Kitty to 1504556655
06-09-17 00:34:51 [INFO] [OctoBans] _hello_kitty sql checked, record: majuscule by _Hello_Kitty to 1504560864
06-09-17 00:34:51 [INFO] [OctoBans] _hello_kitty sql checked, record: flood by _Hello_Kitty to 1504576288
06-09-17 00:34:51 [INFO] [OctoBans] _hello_kitty sql checked, record: doubleposte by _Hello_Kitty to 1504558860
06-09-17 00:34:51 [INFO] [OctoBans] _hello_kitty sql checked, record: doubleposte by _Hello_Kitty to 1504560666
06-09-17 00:34:51 [INFO] [OctoBans] _hello_kitty sql checked, record: flood by _Hello_Kitty to 1504563163
06-09-17 00:34:51 [INFO] [OctoBans] _hello_kitty sql checked, record: doubleposte by _Hello_Kitty to 1504615099
06-09-17 00:34:51 [INFO] [OctoBans] _hello_kitty sql checked, record: insultestaff by _Hello_Kitty to 1504831149
06-09-17 00:34:51 [INFO] [OctoBans] _hello_kitty sql checked, record: doubleposte by _Hello_Kitty to 1504617839
06-09-17 00:34:51 [INFO] [OctoBans] _hello_kitty sql checked, record: doubleposte by _Hello_Kitty to 1504616735
06-09-17 00:34:51 [INFO] [OctoBans] _hello_kitty sql checked, record: doubleposte by _Hello_Kitty to 1504618080
06-09-17 00:34:51 [INFO] [OctoBans] _hello_kitty sql checked, record: provocation by _Hello_Kitty to 1504618969
06-09-17 00:34:51 [INFO] [OctoBans] _hello_kitty sql checked, record: majuscule by _Hello_Kitty to 1504620113
06-09-17 00:34:51 [INFO] [OctoBans] _hello_kitty sql checked, record: provocation by _Hello_Kitty to 1504619533
06-09-17 00:34:51 [INFO] [OctoBans] _hello_kitty sql checked, record: flood by _Hello_Kitty to 1504621997
06-09-17 00:34:51 [INFO] [OctoBans] _hello_kitty sql checked, record: doubleposte by _Hello_Kitty to 1504620422
06-09-17 00:34:51 [INFO] [OctoBans] _hello_kitty sql checked, record: majuscule by _Hello_Kitty to 1504622602
06-09-17 00:34:51 [INFO] [OctoBans] _hello_kitty sql checked, record: doubleposte by _Hello_Kitty to 1504623996
06-09-17 00:34:51 [INFO] [OctoBans] _hello_kitty sql checked, record: provocation by _Hello_Kitty to 1504623571
06-09-17 00:34:51 [INFO] [OctoBans] _hello_kitty sql checked, record: doubleposte by _Hello_Kitty to 1504629628
06-09-17 00:34:51 [INFO] [OctoBans] _hello_kitty sql checked, record: doubleposte by _Hello_Kitty to 1504623740
06-09-17 00:34:51 [INFO] [OctoBans] _hello_kitty sql checked, record: flood by _Hello_Kitty to 1504645035
06-09-17 00:34:51 [INFO] [OctoBans] _hello_kitty sql checked, record: flood by _Hello_Kitty to 1504630656
06-09-17 00:34:51 [INFO] [OctoBans] _hello_kitty sql checked, record: doubleposte by _Hello_Kitty to 1504625996
06-09-17 00:34:51 [INFO] [OctoBans] _hello_kitty sql checked, record: flood by _Hello_Kitty to 1504628233
06-09-17 00:34:51 [INFO] [OctoBans] _hello_kitty sql checked, record: flood by _Hello_Kitty to 1504628402
06-09-17 00:34:51 [INFO] [OctoBans] _hello_kitty sql checked, record: doubleposte by _Hello_Kitty to 1504627810
06-09-17 00:34:51 [INFO] [OctoBans] _hello_kitty sql checked, record: doubleposte by _Hello_Kitty to 1504628056
06-09-17 00:34:51 [INFO] [OctoBans] _hello_kitty sql checked, record: doubleposte by _Hello_Kitty to 1504625810
06-09-17 00:34:51 [INFO] [OctoBans] _hello_kitty sql checked, record: doubleposte by _Hello_Kitty to 1504626666
06-09-17 00:34:51 [INFO] [OctoBans] _hello_kitty sql checked, record: majuscule by _Hello_Kitty to 1504626333
06-09-17 00:34:51 [INFO] [OctoBans] _hello_kitty sql checked, record: majuscule by _Hello_Kitty to 1504626613
06-09-17 00:34:51 [INFO] [OctoBans] _hello_kitty sql checked, record: flood by _Hello_Kitty to 1504633514
06-09-17 00:34:51 [INFO] [OctoBans] _hello_kitty sql checked, record: doubleposte by _Hello_Kitty to 1504627630
06-09-17 00:34:51 [INFO] [OctoBans] _hello_kitty sql checked, record: majuscule by _Hello_Kitty to 1504629974
06-09-17 00:34:51 [INFO] [OctoBans] _hello_kitty sql checked, record: insultegrave by _Hello_Kitty to 1504673845
06-09-17 00:38:36 [INFO] [OctoBans] _vortex_ sql checked, record: spammp by Remil to -1
06-09-17 01:13:43 [INFO] [OctoBans] Shouteur punished azway_yt for: Insulte grave
06-09-17 03:14:44 [INFO] [OctoBans] azzymaster punished skeiblue_vdc for: Insulte grave
06-09-17 03:22:25 [INFO] [OctoBans] insanity sql checked, record: spammp by SkyKosIV to -1
06-09-17 03:53:04 [INFO] [OctoBans] karimospvp sql checked, record: spammp by YTB_XxKarnageXx to -1
06-09-17 03:53:04 [INFO] [OctoBans] karimospvp sql checked, record: spammp by YTB_XxKarnageXx to -1
06-09-17 03:53:04 [INFO] [OctoBans] karimospvp sql checked, record: spammp by tinmar to -1
06-09-17 06:01:01 [INFO] [OctoBans] Disabling OctoBans v1.0
