03-12-17 22:31:43 [INFO] [OctoBans] File Handler successfully initialized!
03-12-17 22:31:43 [INFO] [OctoBans] SQL connection successfully etablished
03-12-17 22:31:43 [INFO] [OctoBans] Moderator Tools by Octonia.
03-12-17 22:31:47 [INFO] [OctoBans] pepsicoca sql checked, record: insultegrave by FiasK0 to 1512426801
03-12-17 22:31:47 [INFO] [OctoBans] oow_ll sql checked, record: spammp by EW3L to -1
03-12-17 22:31:47 [INFO] [OctoBans] oow_ll sql checked, record: provocation by EW3L to 1512342803
03-12-17 22:31:48 [INFO] [OctoBans] skybow sql checked, record: spammp by LaKitaw to -1
03-12-17 22:31:52 [INFO] [OctoBans] zertk sql checked, record: majuscule by OCIP_Matth to 1512337148
03-12-17 22:31:55 [INFO] [OctoBans] shiiq271 sql checked, record: spammp by yeti2001vd to -1
03-12-17 22:31:55 [INFO] [OctoBans] shiiq271 sql checked, record: insultegrave by Remil to 1512477036
03-12-17 22:32:00 [INFO] [OctoBans] ayken sql checked, record: spammp by KelianHD to -1
03-12-17 22:32:01 [INFO] [OctoBans] fabio sql checked, record: spammp by Remil to -1
03-12-17 22:32:01 [INFO] [OctoBans] fabio sql checked, record: spammp by FamousxRay to -1
03-12-17 22:32:01 [INFO] [OctoBans] fabio sql checked, record: provocation by FamousxRay to 1512336860
03-12-17 22:32:02 [INFO] [OctoBans] jesuislepepsi sql checked, record: spammp by Remil to -1
03-12-17 22:32:09 [INFO] [OctoBans] nrgx_sh4d0w sql checked, record: spammp by NeyTox to -1
03-12-17 22:32:10 [INFO] [OctoBans] mrblaze77 sql checked, record: faussesinfos by Gamer09 to 1512412120
03-12-17 22:32:17 [INFO] [OctoBans] bokos sql checked, record: spammp by yeti2001vd to -1
03-12-17 22:32:17 [INFO] [OctoBans] bokos sql checked, record: insultegrave by Koeseb97 to 1512370063
03-12-17 22:32:17 [INFO] [OctoBans] shiiq271 sql checked, record: spammp by yeti2001vd to -1
03-12-17 22:32:17 [INFO] [OctoBans] shiiq271 sql checked, record: insultegrave by Remil to 1512477036
03-12-17 22:32:36 [INFO] [OctoBans] yeti2001vd punished shiiq271 for: Double Poste
03-12-17 22:32:50 [INFO] [OctoBans] nounet21 sql checked, record: insultegrave by LaKitaw to 1512364589
03-12-17 22:32:58 [INFO] [OctoBans] molotof sql checked, record: insultegrave by D3adOrSnipSurYTB to 1512355848
03-12-17 22:33:23 [INFO] [OctoBans] racid sql checked, record: insultegrave by yeti2001vd to 1512365228
03-12-17 22:33:41 [INFO] [OctoBans] imkoozen sql checked, record: insultegrave by FamousxRay to 1512513229
03-12-17 22:35:13 [INFO] [OctoBans] romudu269 sql checked, record: provocation by FamousxRay to 1512345099
03-12-17 22:35:26 [INFO] [OctoBans] _theodu13_ sql checked, record: insultegrave by FamousxRay to 1512362897
03-12-17 22:35:26 [INFO] [OctoBans] _theodu13_ sql checked, record: spammp by FamousxRay to -1
03-12-17 22:37:13 [INFO] [OctoBans] bokos sql checked, record: spammp by yeti2001vd to -1
03-12-17 22:37:13 [INFO] [OctoBans] bokos sql checked, record: insultegrave by Koeseb97 to 1512370063
03-12-17 22:39:04 [INFO] [OctoBans] works sql checked, record: spammp by FiasK0 to -1
03-12-17 22:39:04 [INFO] [OctoBans] works sql checked, record: spammp by FiasK0 to -1
03-12-17 22:41:11 [INFO] [OctoBans] marseillekalash sql checked, record: spammp by Gamer09 to -1
03-12-17 22:41:11 [INFO] [OctoBans] marseillekalash sql checked, record: spammp by OCIP_Matth to -1
03-12-17 22:41:11 [INFO] [OctoBans] marseillekalash sql checked, record: spammp by FiasK0 to -1
03-12-17 22:41:11 [INFO] [OctoBans] marseillekalash sql checked, record: spammp by ToXiCz_TV to -1
03-12-17 22:47:03 [INFO] [OctoBans] OCIP_Matth punished shimo_ for: Fausses informations
03-12-17 22:48:08 [INFO] [OctoBans] OCIP_Matth punished fabio for: Insulte grave
03-12-17 22:49:02 [INFO] [OctoBans] algorskis_yt sql checked, record: spammp by SmooKeur to -1
03-12-17 22:51:19 [INFO] [OctoBans] serge58 sql checked, record: spammp by Remil to -1
03-12-17 22:51:19 [INFO] [OctoBans] serge58 sql checked, record: spammp by OCIP_Matth to -1
03-12-17 22:53:54 [INFO] [OctoBans] fabio sql checked, record: spammp by Remil to -1
03-12-17 22:53:54 [INFO] [OctoBans] fabio sql checked, record: spammp by FamousxRay to -1
03-12-17 22:53:54 [INFO] [OctoBans] fabio sql checked, record: insultegrave by OCIP_Matth to 1512625688
03-12-17 22:54:32 [INFO] [OctoBans] OCIP_Matth punished fabio for: Spam/flood en MP
03-12-17 22:56:54 [INFO] [OctoBans] virocl sql checked, record: spammp by drbrine to -1
03-12-17 23:03:08 [INFO] [OctoBans] florian085 sql checked, record: spammp by ToXiCz_TV to -1
03-12-17 23:03:12 [INFO] [OctoBans] OCIP_Matth punished florian085 for: TpKill
03-12-17 23:03:40 [INFO] [OctoBans] yeti2001vd punished nerdcat for: Spam/flood
03-12-17 23:06:13 [INFO] [OctoBans] hayden_frost sql checked, record: spammp by OCIP_Matth to -1
03-12-17 23:10:47 [INFO] [OctoBans] yeti2001vd punished imkoozen for: Insulte
03-12-17 23:14:09 [INFO] [OctoBans] darkmen25 sql checked, record: spammp by LaKitaw to -1
03-12-17 23:14:09 [INFO] [OctoBans] darkmen25 sql checked, record: insultesrv by EGGSPLOSION to 1512343287
03-12-17 23:20:17 [INFO] [OctoBans] the_slash sql checked, record: spammp by pepedjo to -1
03-12-17 23:20:17 [INFO] [OctoBans] the_slash sql checked, record: spammp by drbrine to -1
03-12-17 23:25:54 [INFO] [OctoBans] yeti2001vd punished zarshou for: Double Poste
03-12-17 23:29:00 [INFO] [OctoBans] aexraptorz sql checked, record: spammp by Remil to -1
03-12-17 23:29:20 [INFO] [OctoBans] legamer80135 sql checked, record: spammp by LaKitaw to -1
03-12-17 23:33:15 [INFO] [OctoBans] blackwhite010 sql checked, record: spammp by drbrine to -1
03-12-17 23:33:15 [INFO] [OctoBans] blackwhite010 sql checked, record: spammp by drbrine to -1
03-12-17 23:33:15 [INFO] [OctoBans] blackwhite010 sql checked, record: spammp by drbrine to -1
03-12-17 23:33:15 [INFO] [OctoBans] blackwhite010 sql checked, record: spammp by woimant to -1
03-12-17 23:36:59 [INFO] [OctoBans] kakakiki sql checked, record: spammp by ToXiCz_TV to -1
03-12-17 23:41:19 [INFO] [OctoBans] NeyTox punished dawlo for: Double Poste
03-12-17 23:46:31 [INFO] [OctoBans] NeyTox punished flo_theking for: Spam/flood
03-12-17 23:48:49 [INFO] [OctoBans] millardm punished kakakiki for: Insulte
03-12-17 23:53:42 [INFO] [OctoBans] NeyTox punished the_slash for: Double Poste
03-12-17 23:58:10 [INFO] [OctoBans] sqkaa_ sql checked, record: spammp by Remil to -1
03-12-17 23:58:10 [INFO] [OctoBans] sqkaa_ sql checked, record: spammp by Remil to -1
03-12-17 23:58:10 [INFO] [OctoBans] sqkaa_ sql checked, record: spammp by Remil to -1
04-12-17 00:07:43 [INFO] [OctoBans] NeyTox punished gismo2806 for: Double Poste
04-12-17 00:29:25 [INFO] [OctoBans] ccm707 sql checked, record: spammp by FiasK0 to -1
04-12-17 00:42:29 [INFO] [OctoBans] xx_after_xx sql checked, record: spammp by FiasK0 to -1
04-12-17 00:45:39 [INFO] [OctoBans] grenousse_pvp sql checked, record: spammp by SmooKeur to -1
04-12-17 01:03:30 [INFO] [OctoBans] NeyTox punished chut3000 for: Insulte
04-12-17 01:06:53 [INFO] [OctoBans] xxdubeskillsxx sql checked, record: spammp by FamousxRay to -1
04-12-17 01:15:50 [INFO] [OctoBans] NeyTox punished jenmidukilleur for: Double Poste
04-12-17 02:07:11 [INFO] [OctoBans] NeyTox punished dragonfeux007 for: Majuscule
04-12-17 02:07:15 [INFO] [OctoBans] NeyTox punished blake for: Double Poste
04-12-17 02:16:38 [INFO] [OctoBans] NeyTox punished camaro for: Double Poste
04-12-17 04:00:42 [INFO] [OctoBans] deniz sql checked, record: spammp by SmooKeur to -1
04-12-17 06:01:02 [INFO] [OctoBans] Disabling OctoBans v1.0
