13-12-17 22:31:42 [INFO] [OctoBans] File Handler successfully initialized!
13-12-17 22:31:42 [INFO] [OctoBans] SQL connection successfully etablished
13-12-17 22:31:42 [INFO] [OctoBans] Moderator Tools by Octonia.
13-12-17 22:31:47 [INFO] [OctoBans] xxheroiikxx sql checked, record: spammp by Hkz_Skillon to -1
13-12-17 22:31:47 [INFO] [OctoBans] xxdubeskillsxx sql checked, record: spammp by FamousxRay to -1
13-12-17 22:31:47 [INFO] [OctoBans] pablo sql checked, record: spammp by OCIP_Matth to -1
13-12-17 22:31:47 [INFO] [OctoBans] mayeul sql checked, record: spammp by SmooKeur to -1
13-12-17 22:31:47 [INFO] [OctoBans] darryl1 sql checked, record: spammp by FiasK0 to -1
13-12-17 22:31:47 [INFO] [OctoBans] hayden_frost sql checked, record: spammp by OCIP_Matth to -1
13-12-17 22:31:47 [INFO] [OctoBans] captainenergy sql checked, record: spammp by FamousxRay to -1
13-12-17 22:31:48 [INFO] [OctoBans] _theodu13_ sql checked, record: spammp by FamousxRay to -1
13-12-17 22:31:48 [INFO] [OctoBans] _theodu13_ sql checked, record: faussesinfos by SmooKeur to 1513347601
13-12-17 22:32:03 [INFO] [OctoBans] pcgeek_ytb sql checked, record: doubleposte by Zayrox29 to 1513200977
13-12-17 22:32:33 [INFO] [OctoBans] monstergamex7 sql checked, record: spammp by pepedjo to -1
13-12-17 22:32:35 [INFO] [OctoBans] thetombolla sql checked, record: spammp by EGGSPLOSION to -1
13-12-17 22:32:41 [INFO] [OctoBans] aexraptorz sql checked, record: spammp by Remil to -1
13-12-17 22:32:46 [INFO] [OctoBans] xx_biom_xx sql checked, record: spammp by Spovly to -1
13-12-17 22:32:46 [INFO] [OctoBans] ayken sql checked, record: spammp by KelianHD to -1
13-12-17 22:32:46 [INFO] [OctoBans] the_slash sql checked, record: spammp by pepedjo to -1
13-12-17 22:32:46 [INFO] [OctoBans] the_slash sql checked, record: spammp by drbrine to -1
13-12-17 22:32:46 [INFO] [OctoBans] the_slash sql checked, record: spammp by NeyTox to -1
13-12-17 22:32:46 [INFO] [OctoBans] the_slash sql checked, record: doubleposte by D3adOrSnipSurYTB to 1513203117
13-12-17 22:32:48 [INFO] [OctoBans] karlwill sql checked, record: spammp by Gamer09 to -1
13-12-17 22:32:48 [INFO] [OctoBans] karlwill sql checked, record: spammp by LeRe to -1
13-12-17 22:32:54 [INFO] [OctoBans] Zayrox29 punished legend for: Double Poste
13-12-17 22:33:11 [INFO] [OctoBans] gamix_yt sql checked, record: insulte by D3adOrSnipSurYTB to 1513209193
13-12-17 22:33:35 [INFO] [OctoBans] zeynox sql checked, record: spammp by Zayrox29 to -1
13-12-17 22:33:35 [INFO] [OctoBans] zeynox sql checked, record: spammp by Zoseq to -1
13-12-17 22:33:35 [INFO] [OctoBans] zeynox sql checked, record: spammp by LaKitaw to -1
13-12-17 22:33:35 [INFO] [OctoBans] zeynox sql checked, record: spammp by LaKitaw to -1
13-12-17 22:33:35 [INFO] [OctoBans] zeynox sql checked, record: spammp by LaKitaw to -1
13-12-17 22:33:35 [INFO] [OctoBans] zeynox sql checked, record: doubleposte by Zayrox29 to 1513200998
13-12-17 22:33:36 [INFO] [OctoBans] zumbie sql checked, record: spammp by EGGSPLOSION to -1
13-12-17 22:33:36 [INFO] [OctoBans] zumbie sql checked, record: spammp by EW3L to -1
13-12-17 22:39:44 [INFO] [OctoBans] blackwhite010 sql checked, record: spammp by D3adOrSnipSurYTB to -1
13-12-17 22:39:44 [INFO] [OctoBans] blackwhite010 sql checked, record: insultegrave by LaKitaw to 1513270305
13-12-17 22:39:44 [INFO] [OctoBans] blackwhite010 sql checked, record: spammp by LaKitaw to -1
13-12-17 22:40:36 [INFO] [OctoBans] noirafricain sql checked, record: spammp by Zoseq to -1
13-12-17 22:40:36 [INFO] [OctoBans] noirafricain sql checked, record: spammp by EW3L to -1
13-12-17 22:40:36 [INFO] [OctoBans] noirafricain sql checked, record: spammp by EW3L to -1
13-12-17 22:45:31 [INFO] [OctoBans] by_fly sql checked, record: spammp by Hkz_Skillon to -1
13-12-17 22:47:29 [INFO] [OctoBans] grenousse_pvp sql checked, record: spammp by SmooKeur to -1
13-12-17 23:01:18 [INFO] [OctoBans] batte sql checked, record: spammp by yeti2001vd to -1
13-12-17 23:35:46 [INFO] [OctoBans] romudu269 sql checked, record: spammp by Remil to -1
13-12-17 23:35:46 [INFO] [OctoBans] romudu269 sql checked, record: insultegrave by tinmar to 1513299081
13-12-17 23:40:32 [INFO] [OctoBans] nrgx_sh4d0w sql checked, record: spammp by NeyTox to -1
13-12-17 23:45:04 [INFO] [OctoBans] xenorox sql checked, record: insultegrave by NiceFR to 1513224321
14-12-17 00:05:18 [INFO] [OctoBans] Remil punished xpowaaa for: Spam /f open
14-12-17 01:07:19 [INFO] [OctoBans] mgk_tozzzz sql checked, record: spammp by drbrine to -1
14-12-17 02:39:53 [INFO] [OctoBans] xx_after_xx sql checked, record: spammp by FiasK0 to -1
14-12-17 03:06:21 [INFO] [OctoBans] ahmed9 sql checked, record: spammp by ToXiCz_TV to -1
14-12-17 06:01:01 [INFO] [OctoBans] Disabling OctoBans v1.0
