28-01-18 22:31:43 [INFO] [OctoBans] File Handler successfully initialized!
28-01-18 22:31:43 [INFO] [OctoBans] SQL connection successfully etablished
28-01-18 22:31:43 [INFO] [OctoBans] Moderator Tools by Octonia.
28-01-18 22:31:48 [INFO] [OctoBans] molotof sql checked, record: provocation by DEEProdole to 1517178464
28-01-18 22:31:48 [INFO] [OctoBans] rdvsurlebloc sql checked, record: spammp by D3adOrSnipSurYTB to -1
28-01-18 22:31:48 [INFO] [OctoBans] captainenergy sql checked, record: spammp by FamousxRay to -1
28-01-18 22:31:48 [INFO] [OctoBans] atsuky sql checked, record: spammp by Furiomaniak to -1
28-01-18 22:31:48 [INFO] [OctoBans] atsuky sql checked, record: spammp by Elfideltia to -1
28-01-18 22:31:48 [INFO] [OctoBans] kywazy sql checked, record: doubleposte by Zayrox29 to 1517175288
28-01-18 22:31:48 [INFO] [OctoBans] chut3000 sql checked, record: spammp by FiasK0 to -1
28-01-18 22:31:48 [INFO] [OctoBans] chut3000 sql checked, record: spammp by Zayrox29 to -1
28-01-18 22:31:48 [INFO] [OctoBans] chut3000 sql checked, record: spammp by NeyTox to -1
28-01-18 22:31:48 [INFO] [OctoBans] lethugdu46 sql checked, record: spammp by PseudooNull to -1
28-01-18 22:31:48 [INFO] [OctoBans] lethugdu46 sql checked, record: spammp by PseudooNull to -1
28-01-18 22:31:48 [INFO] [OctoBans] lethugdu46 sql checked, record: spam by iDecow_ to 1517219274
28-01-18 22:31:48 [INFO] [OctoBans] sangoku sql checked, record: spammp by atsuky to -1
28-01-18 22:31:48 [INFO] [OctoBans] sangoku sql checked, record: spammp by Awesomeboy to -1
28-01-18 22:31:48 [INFO] [OctoBans] sangoku sql checked, record: spammp by Awesomeboy to -1
28-01-18 22:31:48 [INFO] [OctoBans] pepsicoca sql checked, record: spammp by FiasK0 to -1
28-01-18 22:31:48 [INFO] [OctoBans] pepsicoca sql checked, record: spammp by Elfideltia to -1
28-01-18 22:31:48 [INFO] [OctoBans] pepsicoca sql checked, record: spammp by Elfideltia to -1
28-01-18 22:31:51 [INFO] [OctoBans] killyan sql checked, record: spammp by EW3L to -1
28-01-18 22:31:52 [INFO] [OctoBans] ytbibossyt sql checked, record: spammp by atsuky to -1
28-01-18 22:31:52 [INFO] [OctoBans] ytbibossyt sql checked, record: faussesinfos by atsuky to 1517326009
28-01-18 22:31:57 [INFO] [OctoBans] deeprodole sql checked, record: spammp by Zayrox29 to -1
28-01-18 22:31:57 [INFO] [OctoBans] deeprodole sql checked, record: spammp by Zayrox29 to -1
28-01-18 22:32:10 [INFO] [OctoBans] bloodgamer25 sql checked, record: spammp by FiasK0 to -1
28-01-18 22:32:42 [INFO] [OctoBans] xx_yz_xx sql checked, record: spammp by SkillBOotiiS to -1
28-01-18 22:32:42 [INFO] [OctoBans] xx_yz_xx sql checked, record: spammp by iDecow_ to -1
28-01-18 22:32:46 [INFO] [OctoBans] algorskis_yt sql checked, record: provocation by atsuky to 1517179044
28-01-18 22:33:18 [INFO] [OctoBans] _topui_ sql checked, record: spammp by EW3L to -1
28-01-18 22:33:18 [INFO] [OctoBans] _topui_ sql checked, record: spammp by MrKebab to -1
28-01-18 22:33:18 [INFO] [OctoBans] _topui_ sql checked, record: spammp by LsAnGfRoId to -1
28-01-18 22:33:18 [INFO] [OctoBans] _topui_ sql checked, record: insultegrave by iDecow_ to 1517405075
28-01-18 22:35:20 [INFO] [OctoBans] mayeul sql checked, record: spammp by AO_Darkness to -1
28-01-18 22:36:35 [INFO] [OctoBans] swokip sql checked, record: spammp by WeeZix to -1
28-01-18 22:37:36 [INFO] [OctoBans] azenpvp sql checked, record: spammp by D3adOrSnipSurYTB to -1
28-01-18 22:38:15 [INFO] [OctoBans] flowtox sql checked, record: spammp by ToXiCz_TV to -1
28-01-18 22:38:15 [INFO] [OctoBans] flowtox sql checked, record: spammp by ToXiCz_TV to -1
28-01-18 22:39:04 [INFO] [OctoBans] keen0x sql checked, record: spammp by FNGOD to -1
28-01-18 22:42:46 [INFO] [OctoBans] pandaleroux sql checked, record: spammp by D3adOrSnipSurYTB to -1
28-01-18 22:42:46 [INFO] [OctoBans] pandaleroux sql checked, record: spammp by AO_Darkness to -1
28-01-18 22:47:40 [INFO] [OctoBans] Remil punished mr_lebarbu for: Fausses informations
28-01-18 22:59:46 [INFO] [OctoBans] Remil punished biiper_ for: Insulte
28-01-18 23:03:10 [INFO] [OctoBans] Remil punished captainenergy for: Provocation
28-01-18 23:04:29 [INFO] [OctoBans] imdylan sql checked, record: insultegrave by SkillBOotiiS to 1517301659
28-01-18 23:04:41 [INFO] [OctoBans] agentbeffu2 sql checked, record: spammp by EW3L to -1
28-01-18 23:05:32 [INFO] [OctoBans] agoniel sql checked, record: spammp by Koeseb97 to -1
28-01-18 23:11:28 [INFO] [OctoBans] racaille76 sql checked, record: spammp by AO_Darkness to -1
28-01-18 23:42:38 [INFO] [OctoBans] darryl1 sql checked, record: spammp by FiasK0 to -1
28-01-18 23:42:40 [INFO] [OctoBans] vultonia sql checked, record: multicompte by SmooKeur to -1
29-01-18 00:05:02 [INFO] [OctoBans] zeynox sql checked, record: spammp by Zayrox29 to -1
29-01-18 00:05:02 [INFO] [OctoBans] zeynox sql checked, record: spammp by Zoseq to -1
29-01-18 00:05:02 [INFO] [OctoBans] zeynox sql checked, record: spammp by LaKitaw to -1
29-01-18 00:05:02 [INFO] [OctoBans] zeynox sql checked, record: spammp by LaKitaw to -1
29-01-18 00:05:02 [INFO] [OctoBans] zeynox sql checked, record: spammp by LaKitaw to -1
29-01-18 00:05:02 [INFO] [OctoBans] zeynox sql checked, record: spammp by D3adOrSnipSurYTB to -1
29-01-18 00:05:02 [INFO] [OctoBans] zeynox sql checked, record: spammp by Awesomeboy to -1
29-01-18 00:26:04 [INFO] [OctoBans] _rubilax sql checked, record: spammp by OCIP_Matth to -1
29-01-18 00:33:39 [INFO] [OctoBans] Remil punished wmanonomaly for: Provocation
29-01-18 01:34:24 [INFO] [OctoBans] xx_after_xx sql checked, record: spammp by FiasK0 to -1
29-01-18 03:41:08 [INFO] [OctoBans] lexbott18 sql checked, record: spammp by atsuky to -1
29-01-18 03:41:08 [INFO] [OctoBans] lexbott18 sql checked, record: spammp by iDecow_ to -1
29-01-18 06:01:01 [INFO] [OctoBans] Disabling OctoBans v1.0
