24-10-17 22:31:44 [INFO] [OctoBans] File Handler successfully initialized!
24-10-17 22:31:44 [INFO] [OctoBans] SQL connection successfully etablished
24-10-17 22:31:44 [INFO] [OctoBans] Moderator Tools by Octonia.
24-10-17 22:31:49 [INFO] [OctoBans] derpik sql checked, record: spammp by SmooKeur to -1
24-10-17 22:31:49 [INFO] [OctoBans] mrcapers sql checked, record: spammp by FiasK0 to -1
24-10-17 22:31:49 [INFO] [OctoBans] pandaworld sql checked, record: spammp by Remil to -1
24-10-17 22:31:49 [INFO] [OctoBans] pandaworld sql checked, record: spam by Zayrox29 to 1508879934
24-10-17 22:31:49 [INFO] [OctoBans] pl4tiniumtm sql checked, record: insulte by Zoseq to 1508878840
24-10-17 22:31:49 [INFO] [OctoBans] firexpower666_ sql checked, record: spammp by tinmar to -1
24-10-17 22:31:49 [INFO] [OctoBans] zlkayzen sql checked, record: provocation by Flowtox to 1508879467
24-10-17 22:31:49 [INFO] [OctoBans] roxkillerz sql checked, record: spammp by Zoseq to -1
24-10-17 22:31:49 [INFO] [OctoBans] roxkillerz sql checked, record: spammp by Zoseq to -1
24-10-17 22:31:49 [INFO] [OctoBans] xxsubxx sql checked, record: spammp by Remil to -1
24-10-17 22:31:49 [INFO] [OctoBans] snoxx_ sql checked, record: spammp by Kyabe to -1
24-10-17 22:31:49 [INFO] [OctoBans] snoxx_ sql checked, record: spammp by Zoseq to -1
24-10-17 22:31:49 [INFO] [OctoBans] snoxx_ sql checked, record: spammp by tinmar to -1
24-10-17 22:31:49 [INFO] [OctoBans] sacha33340 sql checked, record: insulte by woimant to 1508880874
24-10-17 22:31:49 [INFO] [OctoBans] ysbilo sql checked, record: insultesrv by darkra to 1508886513
24-10-17 22:31:49 [INFO] [OctoBans] skuuurtmzz sql checked, record: insulte by Flowtox to 1508878555
24-10-17 22:31:49 [INFO] [OctoBans] minethuglife sql checked, record: spammp by ToXiCz_TV to -1
24-10-17 22:31:49 [INFO] [OctoBans] bananna_yt sql checked, record: insultegrave by tinmar to 1508885328
24-10-17 22:31:50 [INFO] [OctoBans] cocacola62 sql checked, record: spammp by Kyabe to -1
24-10-17 22:31:50 [INFO] [OctoBans] cocacola62 sql checked, record: spam by Zayrox29 to 1508879909
24-10-17 22:31:51 [INFO] [OctoBans] antoninfire sql checked, record: incitationflood by Zoseq to 1508961005
24-10-17 22:31:58 [INFO] [OctoBans] lefifoudu3 sql checked, record: spammp by Zoseq to -1
24-10-17 22:31:59 [INFO] [OctoBans] nastu2727 sql checked, record: spammp by Remil to -1
24-10-17 22:32:03 [INFO] [OctoBans] azoxfr_yt sql checked, record: faussesinfos by SmooKeur to 1508878747
24-10-17 22:32:06 [INFO] [OctoBans] lolodu02 sql checked, record: spammp by Remil to -1
24-10-17 22:32:07 [INFO] [OctoBans] fabio sql checked, record: spammp by Remil to -1
24-10-17 22:32:07 [INFO] [OctoBans] fabio sql checked, record: insulte by NeyTox to 1508877755
24-10-17 22:32:13 [INFO] [OctoBans] ytbibossyt sql checked, record: insultestaff by tinmar to 1508891216
24-10-17 22:32:14 [INFO] [OctoBans] onflyenrec sql checked, record: spammp by Antoine57565 to -1
24-10-17 22:32:15 [INFO] [OctoBans] kimoli sql checked, record: spammp by NeyTox to -1
24-10-17 22:32:15 [INFO] [OctoBans] kimoli sql checked, record: faussesinfos by SmooKeur to 1508877860
24-10-17 22:32:21 [INFO] [OctoBans] blackdark123 sql checked, record: spam by NeyTox to 1508883191
24-10-17 22:32:26 [INFO] [OctoBans] _guigui_ sql checked, record: spammp by Remil to -1
24-10-17 22:32:27 [INFO] [OctoBans] _theodu13_ sql checked, record: spammp by FiasK0 to -1
24-10-17 22:32:27 [INFO] [OctoBans] _theodu13_ sql checked, record: insulte by Zayrox29 to 1508880478
24-10-17 22:32:27 [INFO] [OctoBans] _theodu13_ sql checked, record: insulte by Flowtox to 1508883736
24-10-17 22:32:55 [INFO] [OctoBans] drawen sql checked, record: spammp by MisterBlazing to -1
24-10-17 22:32:59 [INFO] [OctoBans] tony0803205 sql checked, record: faussesinfos by Remil to 1508944888
24-10-17 22:32:59 [INFO] [OctoBans] tony0803205 sql checked, record: spam by LeRe to 1508879069
24-10-17 22:33:13 [INFO] [OctoBans] zarrow_pvp sql checked, record: spammp by MisterBlazing to -1
24-10-17 22:33:23 [INFO] [OctoBans] maxougaming sql checked, record: spammp by LeRe to -1
24-10-17 22:33:23 [INFO] [OctoBans] maxougaming sql checked, record: spam by NeyTox to 1508879604
24-10-17 22:33:28 [INFO] [OctoBans] zighapvp sql checked, record: spammp by SmooKeur to -1
24-10-17 22:33:28 [INFO] [OctoBans] zighapvp sql checked, record: incitationflood by azzymaster to 1508918209
24-10-17 22:33:35 [INFO] [OctoBans] therider sql checked, record: spammp by MisterBlazing to -1
24-10-17 22:33:42 [INFO] [OctoBans] brookdu81 sql checked, record: insulte by ToXiCz_TV to 1508877927
24-10-17 22:36:53 [INFO] [OctoBans] clemro27 sql checked, record: insultegrave by Gamer09 to 1508906141
24-10-17 22:36:57 [INFO] [OctoBans] lakitaw sql checked, record: spammp by Zoseq to -1
24-10-17 22:36:57 [INFO] [OctoBans] lakitaw sql checked, record: insulte by Zoseq to 1508877712
24-10-17 22:37:03 [INFO] [OctoBans] NeyTox punished imdunk for: Double Poste
24-10-17 22:37:37 [INFO] [OctoBans] Taygrax07 punished foxtv for: Homophobie
24-10-17 22:38:05 [INFO] [OctoBans] NeyTox punished dark_titix for: Provocation
24-10-17 22:38:18 [INFO] [OctoBans] xcasing sql checked, record: spammp by MisterBlazing to -1
24-10-17 22:38:18 [INFO] [OctoBans] xcasing sql checked, record: spammp by MisterBlazing to -1
24-10-17 22:38:21 [INFO] [OctoBans] reborncreep sql checked, record: insultegrave by NeyTox to 1508897840
24-10-17 22:39:17 [INFO] [OctoBans] Zoseq punished widelegend18 for: Spam/flood
24-10-17 22:40:21 [INFO] [OctoBans] NeyTox punished ew3l for: Double Poste
24-10-17 22:41:11 [INFO] [OctoBans] Zayrox29 punished kookyytb for: Double Poste
24-10-17 22:41:42 [INFO] [OctoBans] Zoseq punished maillet for: Double Poste
24-10-17 22:42:12 [INFO] [OctoBans] juju123 sql checked, record: spammp by EGGSPLOSION to -1
24-10-17 22:43:14 [INFO] [OctoBans] teddy sql checked, record: tpkill by YTB_XxKarnageXx to 1508925099
24-10-17 22:45:20 [INFO] [OctoBans] Zayrox29 punished fabio for: Provocation
24-10-17 22:45:34 [INFO] [OctoBans] ErwanDKZ punished chronos for: Insulte grave
24-10-17 22:46:17 [INFO] [OctoBans] NeyTox punished enderkileur555 for: Publicité Youtubeur
24-10-17 22:46:39 [INFO] [OctoBans] Zayrox29 punished imdunk for: Provocation
24-10-17 22:47:52 [INFO] [OctoBans] yayan sql checked, record: spammp by Zoseq to -1
24-10-17 22:48:58 [INFO] [OctoBans] Spovly punished elkwell for: TpKill
24-10-17 22:52:31 [INFO] [OctoBans] ErwanDKZ punished tihex for: Double Poste
24-10-17 22:52:42 [INFO] [OctoBans] Spovly punished crtm for: Majuscule
24-10-17 22:53:21 [INFO] [OctoBans] Flowtox punished imdunk for: Double Poste
24-10-17 22:53:30 [INFO] [OctoBans] Zoseq punished bazooka76 for: Double Poste
24-10-17 22:54:01 [INFO] [OctoBans] aexraptorz sql checked, record: spammp by Remil to -1
24-10-17 22:54:43 [INFO] [OctoBans] ErwanDKZ punished matt73 for: Double Poste
24-10-17 22:54:49 [INFO] [OctoBans] woimant punished matt for: Double Poste
24-10-17 22:55:33 [INFO] [OctoBans] Zoseq punished erdan69 for: Double Poste
24-10-17 23:00:05 [INFO] [OctoBans] Zayrox29 punished isromm for: Double Poste
24-10-17 23:00:29 [INFO] [OctoBans] woimant punished ellihauterre for: Double Poste
24-10-17 23:00:56 [INFO] [OctoBans] Zayrox29 punished totogames83 for: Double Poste
24-10-17 23:03:30 [INFO] [OctoBans] ErwanDKZ punished justoctov4 for: Double Poste
24-10-17 23:03:41 [INFO] [OctoBans] ErwanDKZ punished dylan11000 for: Double Poste
24-10-17 23:04:45 [INFO] [OctoBans] Taygrax07 punished snoxx_ for: Provocation
24-10-17 23:05:05 [INFO] [OctoBans] ErwanDKZ punished _topui_ for: Insulte
24-10-17 23:07:35 [INFO] [OctoBans] captain sql checked, record: faussesinfos by Remil to 1508941074
24-10-17 23:09:01 [INFO] [OctoBans] ErwanDKZ punished sparkelzz for: Publicité Youtubeur
24-10-17 23:09:55 [INFO] [OctoBans] Taygrax07 punished thecriptoplay for: Provocation
24-10-17 23:11:05 [INFO] [OctoBans] ErwanDKZ punished biffy for: Double Poste
24-10-17 23:12:20 [INFO] [OctoBans] NeyTox punished bazooka76 for: Spam/flood en MP
24-10-17 23:14:53 [INFO] [OctoBans] ErwanDKZ punished algorskis_yt for: Provocation
24-10-17 23:15:06 [INFO] [OctoBans] the_slash sql checked, record: spam by YTB_XxKarnageXx to 1508881880
24-10-17 23:16:12 [INFO] [OctoBans] ErwanDKZ punished pl4tiniumtm for: Double Poste
24-10-17 23:18:30 [INFO] [OctoBans] ErwanDKZ punished bazooka76 for: Double Poste
24-10-17 23:24:18 [INFO] [OctoBans] Taygrax07 punished azizlapoite for: Insulte serveur
24-10-17 23:25:55 [INFO] [OctoBans] NeyTox punished walterwhite for: Double Poste
24-10-17 23:26:13 [INFO] [OctoBans] NeyTox punished idreyzen for: Spam/flood
24-10-17 23:27:37 [INFO] [OctoBans] Taygrax07 punished supermouton59 for: Insulte serveur
24-10-17 23:28:45 [INFO] [OctoBans] Taygrax07 punished zox93 for: Double Poste
24-10-17 23:32:23 [INFO] [OctoBans] Taygrax07 punished maxougaming for: Spam/flood en MP
24-10-17 23:32:27 [INFO] [OctoBans] NeyTox punished gameurdumsk for: Double Poste
24-10-17 23:32:34 [INFO] [OctoBans] NeyTox punished slayzee_ for: Double Poste
24-10-17 23:33:30 [INFO] [OctoBans] tifou_fou sql checked, record: faussesinfos by Remil to 1508944876
24-10-17 23:33:46 [INFO] [OctoBans] swichdi sql checked, record: spammp by Gamer09 to -1
24-10-17 23:33:58 [INFO] [OctoBans] NeyTox punished is0x_qc for: Double Poste
24-10-17 23:34:12 [INFO] [OctoBans] Spovly punished skilltouch for: TpKill
24-10-17 23:34:17 [INFO] [OctoBans] Spovly punished vexchess for: TpKill
24-10-17 23:34:36 [INFO] [OctoBans] Taygrax07 punished akazede for: Provocation
24-10-17 23:34:41 [INFO] [OctoBans] Spovly punished evermillio for: Double Poste
24-10-17 23:34:53 [INFO] [OctoBans] Taygrax07 punished chaser for: Provocation
24-10-17 23:36:34 [INFO] [OctoBans] NeyTox punished s0a_az4y0x for: Insulte
24-10-17 23:37:12 [INFO] [OctoBans] NeyTox punished shadowwhite_pvp for: Double Poste
24-10-17 23:38:21 [INFO] [OctoBans] YTB_XxKarnageXx punished algorskis_yt for: Langage incorrect
24-10-17 23:39:23 [INFO] [OctoBans] NeyTox punished heartsoul for: Double Poste
24-10-17 23:39:27 [INFO] [OctoBans] mohamedvi sql checked, record: spammp by Gamer09 to -1
24-10-17 23:39:38 [INFO] [OctoBans] NeyTox punished jesuismechant for: Double Poste
24-10-17 23:40:35 [INFO] [OctoBans] NeyTox punished capitainecochon for: Double Poste
24-10-17 23:41:15 [INFO] [OctoBans] jaimelessaumons sql checked, record: insultegrave by EGGSPLOSION to 1508890891
24-10-17 23:44:48 [INFO] [OctoBans] YTB_XxKarnageXx punished ludo63 for: Spam/flood en MP
24-10-17 23:46:47 [INFO] [OctoBans] NeyTox punished alive for: Double Poste
24-10-17 23:48:05 [INFO] [OctoBans] azer_nexo sql checked, record: spammp by ToXiCz_TV to -1
24-10-17 23:49:02 [INFO] [OctoBans] NeyTox punished _neazz_ for: Double Poste
24-10-17 23:49:19 [INFO] [OctoBans] NeyTox punished zox93 for: Double Poste
24-10-17 23:50:16 [INFO] [OctoBans] SkillBOotiiS punished paul15440 for: Provocation
24-10-17 23:52:13 [INFO] [OctoBans] knight sql checked, record: spammp by Remil to -1
24-10-17 23:55:19 [INFO] [OctoBans] Taygrax07 punished vulna for: Double Poste
25-10-17 00:00:18 [INFO] [OctoBans] SkillBOotiiS punished udaqq_ for: Provocation
25-10-17 00:03:16 [INFO] [OctoBans] NeyTox punished vulna for: Double Poste
25-10-17 00:03:32 [INFO] [OctoBans] absol022 sql checked, record: insultegrave by FiasK0 to 1508890000
25-10-17 00:03:32 [INFO] [OctoBans] absol022 sql checked, record: spammp by Zoseq to -1
25-10-17 00:04:01 [INFO] [OctoBans] Taygrax07 punished dictionnaire_e for: Double Poste
25-10-17 00:23:54 [INFO] [OctoBans] NeyTox punished ytbibossyt_2 for: Double Poste
25-10-17 00:26:28 [INFO] [OctoBans] Antoine57565 punished random13 for: Insulte
25-10-17 00:26:32 [INFO] [OctoBans] Antoine57565 punished loulandry for: Double Poste
25-10-17 00:28:17 [INFO] [OctoBans] Antoine57565 punished thefenris32 for: Majuscule
25-10-17 00:28:25 [INFO] [OctoBans] Antoine57565 punished dyfrox for: Double Poste
25-10-17 00:28:30 [INFO] [OctoBans] SkillBOotiiS punished meven789 for: Provocation
25-10-17 00:28:43 [INFO] [OctoBans] Antoine57565 punished kouromc for: Insulte
25-10-17 00:29:30 [INFO] [OctoBans] Antoine57565 punished qcoxe for: Provocation
25-10-17 00:29:32 [INFO] [OctoBans] Antoine57565 punished neoxgaming for: Provocation
25-10-17 00:48:24 [INFO] [OctoBans] Antoine57565 punished spooonty for: Provocation
25-10-17 00:54:09 [INFO] [OctoBans] Antoine57565 punished cocacola62 for: Majuscule
25-10-17 00:56:08 [INFO] [OctoBans] Antoine57565 punished bad_ox for: Provocation
25-10-17 00:56:57 [INFO] [OctoBans] Antoine57565 punished zlkayzen for: Majuscule
25-10-17 01:00:47 [INFO] [OctoBans] Kyabe punished zotix_math for: Spam/flood en MP
25-10-17 01:01:09 [INFO] [OctoBans] NeyTox punished zotix_math for: Double Poste
25-10-17 01:01:41 [INFO] [OctoBans] captain sql checked, record: faussesinfos by Remil to 1508941074
25-10-17 01:05:22 [INFO] [OctoBans] NeyTox punished venom_monster for: Insulte grave
25-10-17 01:06:43 [INFO] [OctoBans] captain sql checked, record: faussesinfos by Remil to 1508941074
25-10-17 01:07:05 [INFO] [OctoBans] NeyTox punished thebigbosnono for: Double Poste
25-10-17 01:08:43 [INFO] [OctoBans] Antoine57565 punished haawksama for: Double Poste
25-10-17 01:12:48 [INFO] [OctoBans] Antoine57565 punished loulandry for: Double Poste
25-10-17 01:14:24 [INFO] [OctoBans] SkillBOotiiS punished noragev12 for: Double Poste
25-10-17 01:15:58 [INFO] [OctoBans] YTB_XxKarnageXx punished leminecraftien80 for: Insulte grave
25-10-17 01:16:07 [INFO] [OctoBans] Antoine57565 punished pepsicoca for: Provocation
25-10-17 01:18:59 [INFO] [OctoBans] NeyTox punished imperator122 for: Insulte
25-10-17 01:19:12 [INFO] [OctoBans] Antoine57565 punished azoxfr_yt for: Insulte
25-10-17 01:20:22 [INFO] [OctoBans] captain sql checked, record: faussesinfos by Remil to 1508941074
25-10-17 01:26:03 [INFO] [OctoBans] ryda4 sql checked, record: spammp by Remil to -1
25-10-17 01:31:22 [INFO] [OctoBans] Disabling OctoBans v1.0
