12-07-17 22:31:43 [INFO] [OctoBans] File Handler successfully initialized!
12-07-17 22:31:43 [INFO] [OctoBans] SQL connection successfully etablished
12-07-17 22:31:43 [INFO] [OctoBans] Moderator Tools by Octonia.
12-07-17 22:31:48 [INFO] [OctoBans] biffy sql checked, record: kickautre by Antoine57565 to -1
12-07-17 22:31:48 [INFO] [OctoBans] charifboss sql checked, record: spammp by Blubfire to -1
12-07-17 22:31:48 [INFO] [OctoBans] charifboss sql checked, record: spammp by SnowEffect to -1
12-07-17 22:31:48 [INFO] [OctoBans] hayden_frost sql checked, record: spammp by PseudoNul to -1
12-07-17 22:31:48 [INFO] [OctoBans] hayden_frost sql checked, record: faussesinfos by TheBrioche13 to 1499961135
12-07-17 22:31:48 [INFO] [OctoBans] hayden_frost sql checked, record: faussesinfos by TheBrioche13 to 1500047563
12-07-17 22:31:48 [INFO] [OctoBans] ishaadow_ sql checked, record: homophobie by drbrine to 1499899444
12-07-17 22:31:48 [INFO] [OctoBans] ishaadow_ sql checked, record: insultegrave by CreepyEagle to 1499958403
12-07-17 22:31:48 [INFO] [OctoBans] bardaxx_ sql checked, record: pubyt by tinmar to 1499898769
12-07-17 22:31:48 [INFO] [OctoBans] titidu06 sql checked, record: spammp by PseudoNul to -1
12-07-17 22:31:48 [INFO] [OctoBans] pablo sql checked, record: kickautre by Antoine57565 to -1
12-07-17 22:31:48 [INFO] [OctoBans] marseillekalash sql checked, record: homophobie by tinmar to 1499945894
12-07-17 22:31:48 [INFO] [OctoBans] marseillekalash sql checked, record: spammp by CreepyEagle to -1
12-07-17 22:31:49 [INFO] [OctoBans] icrowz_ sql checked, record: spammp by iPurple_ to -1
12-07-17 22:31:49 [INFO] [OctoBans] shouteur sql checked, record: spammp by Remil to -1
12-07-17 22:31:49 [INFO] [OctoBans] shouteur sql checked, record: spammp by Remil to -1
12-07-17 22:31:49 [INFO] [OctoBans] shouteur sql checked, record: spammp by Remil to -1
12-07-17 22:31:49 [INFO] [OctoBans] shouteur sql checked, record: spammp by Remil to -1
12-07-17 22:31:49 [INFO] [OctoBans] lassa18 sql checked, record: spammp by Remil to -1
12-07-17 22:31:49 [INFO] [OctoBans] lassa18 sql checked, record: spammp by Remil to -1
12-07-17 22:31:49 [INFO] [OctoBans] darkz71 sql checked, record: insultestaff by iPurple_ to 1499927015
12-07-17 22:31:49 [INFO] [OctoBans] romudu269 sql checked, record: spammp by SkyKosIV to -1
12-07-17 22:31:49 [INFO] [OctoBans] papigabi sql checked, record: spammp by SnowEffect to -1
12-07-17 22:31:49 [INFO] [OctoBans] papigabi sql checked, record: spammp by SnowEffect to -1
12-07-17 22:31:50 [INFO] [OctoBans] swtowt sql checked, record: incitationflood by Anzerti to 1499942606
12-07-17 22:31:50 [INFO] [OctoBans] ipurple_ sql checked, record: spammp by SnowEffect to -1
12-07-17 22:31:51 [INFO] [OctoBans] getturclegrand sql checked, record: spammp by YTB_XxKarnageXx to -1
12-07-17 22:31:51 [INFO] [OctoBans] juju123 sql checked, record: insultestaff by BlackWhite010 to 1499904655
12-07-17 22:31:53 [INFO] [OctoBans] tomcase14 sql checked, record: kickautre by Antoine57565 to -1
12-07-17 22:31:53 [INFO] [OctoBans] tomcase14 sql checked, record: kickautre by Antoine57565 to -1
12-07-17 22:31:56 [INFO] [OctoBans] wheass sql checked, record: spammp by SkyKosIV to -1
12-07-17 22:31:57 [INFO] [OctoBans] tokyo sql checked, record: spammp by SnowEffect to -1
12-07-17 22:32:03 [INFO] [OctoBans] toms2006 sql checked, record: spammp by SnowEffect to -1
12-07-17 22:32:04 [INFO] [OctoBans] xelio57 sql checked, record: spammp by SnowEffect to -1
12-07-17 22:32:05 [INFO] [OctoBans] manu_ sql checked, record: doubleposte by MaacDoo to 1499892030
12-07-17 22:32:20 [INFO] [OctoBans] dodole1 sql checked, record: spammp by SuperJojo to -1
12-07-17 22:32:23 [INFO] [OctoBans] lolodu02 sql checked, record: tpkill by NeosiaNexus to 1500141388
12-07-17 22:32:26 [INFO] [OctoBans] iPurple_ punished prox3lit3 for: Double Poste
12-07-17 22:32:30 [INFO] [OctoBans] mabilou29 sql checked, record: spammp by SnowEffect to -1
12-07-17 22:32:30 [INFO] [OctoBans] mabilou29 sql checked, record: spammp by SnowEffect to -1
12-07-17 22:32:30 [INFO] [OctoBans] justsx sql checked, record: spammp by iPurple_ to -1
12-07-17 22:32:30 [INFO] [OctoBans] justsx sql checked, record: spammp by iPurple_ to -1
12-07-17 22:32:32 [INFO] [OctoBans] arrowgaming sql checked, record: spammp by SkyKosIV to -1
12-07-17 22:32:36 [INFO] [OctoBans] dark_titix sql checked, record: spammp by Remil to -1
12-07-17 22:32:50 [INFO] [OctoBans] arsenic_ytb sql checked, record: spammp by Remil to -1
12-07-17 22:32:50 [INFO] [OctoBans] arsenic_ytb sql checked, record: spammp by iPurple_ to -1
12-07-17 22:33:21 [INFO] [OctoBans] kyzirie sql checked, record: spammp by PseudoNul to -1
12-07-17 22:33:21 [INFO] [OctoBans] totototo11 sql checked, record: insultestaff by DEEProdole to 1499891916
12-07-17 22:33:21 [INFO] [OctoBans] totototo11 sql checked, record: insultestaff by DEEProdole to 1499927944
12-07-17 22:33:21 [INFO] [OctoBans] totototo11 sql checked, record: spammp by NeosiaNexus to -1
12-07-17 22:33:38 [INFO] [OctoBans] mistergamingv2 sql checked, record: spammp by Remil to -1
12-07-17 22:33:38 [INFO] [OctoBans] mistergamingv2 sql checked, record: spammp by YTB_XxKarnageXx to -1
12-07-17 22:34:10 [INFO] [OctoBans] nicerush sql checked, record: spammp by YTB_XxKarnageXx to -1
12-07-17 22:34:10 [INFO] [OctoBans] nicerush sql checked, record: spammp by PseudoNul to -1
12-07-17 22:34:28 [INFO] [OctoBans] twiizikzyt sql checked, record: incitationflood by Anzerti to 1499942597
12-07-17 22:34:40 [INFO] [OctoBans] erisium_pala sql checked, record: faussesinfos by TheBrioche13 to 1499961461
12-07-17 22:34:46 [INFO] [OctoBans] yoyo sql checked, record: incitationflood by tinmar to 1500133829
12-07-17 22:34:49 [INFO] [OctoBans] blackwhite010 sql checked, record: spammp by Remil to -1
12-07-17 22:35:26 [INFO] [OctoBans] produpvp sql checked, record: spammp by Remil to -1
12-07-17 22:35:41 [INFO] [OctoBans] iPurple_ punished zadox_ for: Spam/flood
12-07-17 22:35:44 [INFO] [OctoBans] iPurple_ punished xenart for: Spam/flood
12-07-17 22:35:48 [INFO] [OctoBans] BlackWhite010 punished linkobscur_ for: Spam/flood
12-07-17 22:35:50 [INFO] [OctoBans] iPurple_ punished kaillian06 for: Spam/flood
12-07-17 22:35:51 [INFO] [OctoBans] drbrine punished furrix_ for: Spam/flood
12-07-17 22:35:57 [INFO] [OctoBans] iPurple_ punished zeroregrets for: Spam/flood
12-07-17 22:36:01 [INFO] [OctoBans] BlackWhite010 punished _newwolf_ for: Spam/flood
12-07-17 22:36:01 [INFO] [OctoBans] iPurple_ punished docteurwho99 for: Spam/flood
12-07-17 22:36:02 [INFO] [OctoBans] drbrine punished realitynova for: Spam/flood
12-07-17 22:36:15 [INFO] [OctoBans] BlackWhite010 punished lucie112 for: Spam/flood
12-07-17 22:36:16 [INFO] [OctoBans] drbrine punished blockkar for: Spam/flood
12-07-17 22:36:21 [INFO] [OctoBans] iPurple_ punished azetrix for: Spam/flood
12-07-17 22:36:24 [INFO] [OctoBans] BlackWhite010 punished azzuria22 for: Spam/flood
12-07-17 22:36:26 [INFO] [OctoBans] iPurple_ punished xxninjaxx for: Spam/flood
12-07-17 22:36:29 [INFO] [OctoBans] drbrine punished jeazy for: Spam/flood
12-07-17 22:36:33 [INFO] [OctoBans] iPurple_ punished irox_ziiro for: Spam/flood
12-07-17 22:36:34 [INFO] [OctoBans] BlackWhite010 punished vexches for: Spam/flood
12-07-17 22:36:37 [INFO] [OctoBans] iPurple_ punished blazer100 for: Spam/flood
12-07-17 22:36:42 [INFO] [OctoBans] iPurple_ punished mirax6 for: Spam/flood
12-07-17 22:36:43 [INFO] [OctoBans] BlackWhite010 punished arawigame35 for: Spam/flood
12-07-17 22:36:45 [INFO] [OctoBans] maxougaming sql checked, record: spammp by PseudoNul to -1
12-07-17 22:36:45 [INFO] [OctoBans] maxougaming sql checked, record: spammp by PseudoNul to -1
12-07-17 22:36:45 [INFO] [OctoBans] maxougaming sql checked, record: spammp by Remil to -1
12-07-17 22:36:45 [INFO] [OctoBans] maxougaming sql checked, record: spammp by Remil to -1
12-07-17 22:36:45 [INFO] [OctoBans] maxougaming sql checked, record: spammp by NeosiaNexus to -1
12-07-17 22:36:53 [INFO] [OctoBans] drbrine punished dodole1 for: Spam/flood
12-07-17 22:36:54 [INFO] [OctoBans] BlackWhite010 punished scott1313 for: Spam/flood
12-07-17 22:37:00 [INFO] [OctoBans] drbrine punished justsx for: Spam/flood
12-07-17 22:37:01 [INFO] [OctoBans] BlackWhite010 punished _kazuto_san_ for: Spam/flood
12-07-17 22:37:04 [INFO] [OctoBans] puissance10 sql checked, record: spammp by PseudoNul to -1
12-07-17 22:37:07 [INFO] [OctoBans] iPurple_ punished black3rgix for: Insulte grave
12-07-17 22:37:11 [INFO] [OctoBans] iPurple_ punished vaslt for: Langage incorrect
12-07-17 22:37:27 [INFO] [OctoBans] zekiller69 sql checked, record: spammp by SkyKosIV to -1
12-07-17 22:37:34 [INFO] [OctoBans] BlackWhite010 punished icrowz_ for: Spam/flood
12-07-17 22:37:50 [INFO] [OctoBans] lolpigman sql checked, record: spammp by SnowEffect to -1
12-07-17 22:37:50 [INFO] [OctoBans] lolpigman sql checked, record: spammp by skhey to -1
12-07-17 22:40:15 [INFO] [OctoBans] iPurple_ punished millardm for: Double Poste
12-07-17 22:41:27 [INFO] [OctoBans] Kyabe punished trenitycrash for: Double Poste
12-07-17 22:41:54 [INFO] [OctoBans] crapule punished kassimpsy4 for: Spam/flood
12-07-17 22:42:41 [INFO] [OctoBans] iPurple_ punished dodox85 for: Double Poste
12-07-17 22:43:40 [INFO] [OctoBans] matheo323 sql checked, record: incitationflood by Anzerti to 1499969898
12-07-17 22:44:05 [INFO] [OctoBans] marchandloup sql checked, record: spammp by Remil to -1
12-07-17 22:44:05 [INFO] [OctoBans] marchandloup sql checked, record: spammp by PseudoNul to -1
12-07-17 22:44:47 [INFO] [OctoBans] lolo201 sql checked, record: spammp by Remil to -1
12-07-17 22:49:48 [INFO] [OctoBans] BlackWhite010 punished titidu06 for: Fausses informations
12-07-17 22:53:07 [INFO] [OctoBans] MaacDoo punished tweeyn_ for: Double Poste
12-07-17 22:54:06 [INFO] [OctoBans] by_sneak sql checked, record: spammp by SkyKosIV to -1
12-07-17 22:54:06 [INFO] [OctoBans] by_sneak sql checked, record: insultestaff by Forway to 1499919132
12-07-17 22:54:06 [INFO] [OctoBans] by_sneak sql checked, record: spammp by YTB_XxKarnageXx to -1
12-07-17 22:54:06 [INFO] [OctoBans] by_sneak sql checked, record: insultegrave by tinmar to 1499998667
12-07-17 22:55:19 [INFO] [OctoBans] BlackWhite010 punished humeur for: Langage incorrect
12-07-17 22:55:46 [INFO] [OctoBans] ryzeytb sql checked, record: pubyt by Shainko to 1499896370
12-07-17 22:58:41 [INFO] [OctoBans] yoyodu02 sql checked, record: incitationflood by 54melih54 to 1499949701
12-07-17 22:59:56 [INFO] [OctoBans] fantik099 sql checked, record: faussesinfos by BlackWhite010 to 1499966001
12-07-17 23:00:44 [INFO] [OctoBans] BlackWhite010 punished mr_schtroumf for: Spam/flood
12-07-17 23:01:50 [INFO] [OctoBans] samybg sql checked, record: spammp by Remil to -1
12-07-17 23:01:50 [INFO] [OctoBans] samybg sql checked, record: spammp by Remil to -1
12-07-17 23:02:26 [INFO] [OctoBans] anzerti sql checked, record: spammp by Steph078 to -1
12-07-17 23:06:21 [INFO] [OctoBans] CreepyEagle punished st4t4g3m for: Double Poste
12-07-17 23:09:23 [INFO] [OctoBans] ryan21 sql checked, record: spammp by PseudoNul to -1
12-07-17 23:10:24 [INFO] [OctoBans] ivluzofficial sql checked, record: spammp by iPurple_ to -1
12-07-17 23:10:24 [INFO] [OctoBans] ivluzofficial sql checked, record: insultegrave by PseudoNul to 1499921429
12-07-17 23:10:53 [INFO] [OctoBans] CreepyEagle punished valmoy for: Provocation
12-07-17 23:10:59 [INFO] [OctoBans] couilledeloup sql checked, record: kickautre by Steph078 to -1
12-07-17 23:10:59 [INFO] [OctoBans] couilledeloup sql checked, record: spam by Shainko to 1499899746
12-07-17 23:13:09 [INFO] [OctoBans] BlackWhite010 punished blackkarrow for: Provocation
12-07-17 23:13:30 [INFO] [OctoBans] twinx_boy sql checked, record: spammp by SnowEffect to -1
12-07-17 23:13:55 [INFO] [OctoBans] oozema sql checked, record: spammp by YTB_XxKarnageXx to -1
12-07-17 23:14:46 [INFO] [OctoBans] drbrine punished wintorix for: Spam/flood
12-07-17 23:18:16 [INFO] [OctoBans] CreepyEagle punished weetiix for: Langage incorrect
12-07-17 23:20:07 [INFO] [OctoBans] nathan2208 sql checked, record: kickautre by NeosiaNexus to -1
12-07-17 23:20:21 [INFO] [OctoBans] xxminecraft579 sql checked, record: spammp by iPurple_ to -1
12-07-17 23:20:40 [INFO] [OctoBans] CreepyEagle punished manu_ for: Majuscule
12-07-17 23:22:03 [INFO] [OctoBans] SoTy_ punished nathan1511 for: Spam/flood
12-07-17 23:22:57 [INFO] [OctoBans] flowreth sql checked, record: incitationflood by Shainko to 1499980770
12-07-17 23:24:24 [INFO] [OctoBans] sosonateur sql checked, record: insultegrave by NeosiaNexus to 1499915896
12-07-17 23:26:30 [INFO] [OctoBans] sam_ytb sql checked, record: spammp by iPurple_ to -1
12-07-17 23:27:23 [INFO] [OctoBans] TheBrioche13 punished xenoncraft2 for: Spam/flood
12-07-17 23:30:25 [INFO] [OctoBans] TheBrioche13 punished sneef for: Double Poste
12-07-17 23:32:05 [INFO] [OctoBans] MaacDoo punished max12 for: Spam/flood
12-07-17 23:32:10 [INFO] [OctoBans] MaacDoo punished ineow for: Insulte
12-07-17 23:32:15 [INFO] [OctoBans] weesley sql checked, record: spammp by YTB_XxKarnageXx to -1
12-07-17 23:32:15 [INFO] [OctoBans] weesley sql checked, record: spammp by ZerKup to -1
12-07-17 23:32:15 [INFO] [OctoBans] weesley sql checked, record: spammp by Remil to -1
12-07-17 23:33:16 [INFO] [OctoBans] TheBrioche13 punished max12 for: Spam/flood
12-07-17 23:38:09 [INFO] [OctoBans] _hello_kitty sql checked, record: spammp by SuperJojo to -1
12-07-17 23:38:09 [INFO] [OctoBans] _hello_kitty sql checked, record: spammp by PseudoNul to -1
12-07-17 23:38:32 [INFO] [OctoBans] craziix_eu sql checked, record: spammp by Remil to -1
12-07-17 23:38:32 [INFO] [OctoBans] craziix_eu sql checked, record: spammp by Remil to -1
12-07-17 23:38:32 [INFO] [OctoBans] craziix_eu sql checked, record: spammp by Remil to -1
12-07-17 23:38:32 [INFO] [OctoBans] craziix_eu sql checked, record: spammp by Remil to -1
12-07-17 23:39:33 [INFO] [OctoBans] blackwhite010 sql checked, record: spammp by Remil to -1
12-07-17 23:39:33 [INFO] [OctoBans] blackwhite010 sql checked, record: insulte by BlackWhite010 to 1499861354
12-07-17 23:39:33 [INFO] [OctoBans] blackwhite010 sql checked, record: insulte by BlackWhite010 to 1499861999
12-07-17 23:39:33 [INFO] [OctoBans] blackwhite010 sql checked, record: majuscule by BlackWhite010 to 1499859936
12-07-17 23:39:33 [INFO] [OctoBans] blackwhite010 sql checked, record: insulte by BlackWhite010 to 1499863345
12-07-17 23:39:33 [INFO] [OctoBans] blackwhite010 sql checked, record: majuscule by BlackWhite010 to 1499863377
12-07-17 23:39:33 [INFO] [OctoBans] blackwhite010 sql checked, record: insulte by BlackWhite010 to 1499864130
12-07-17 23:39:33 [INFO] [OctoBans] blackwhite010 sql checked, record: flood by BlackWhite010 to 1499865966
12-07-17 23:39:33 [INFO] [OctoBans] blackwhite010 sql checked, record: provocation by BlackWhite010 to 1499864318
12-07-17 23:39:33 [INFO] [OctoBans] blackwhite010 sql checked, record: provocation by BlackWhite010 to 1499864672
12-07-17 23:39:33 [INFO] [OctoBans] blackwhite010 sql checked, record: provocation by BlackWhite010 to 1499865037
12-07-17 23:39:33 [INFO] [OctoBans] blackwhite010 sql checked, record: majuscule by BlackWhite010 to 1499866815
12-07-17 23:39:33 [INFO] [OctoBans] blackwhite010 sql checked, record: majuscule by BlackWhite010 to 1499865653
12-07-17 23:39:33 [INFO] [OctoBans] blackwhite010 sql checked, record: pubyt by BlackWhite010 to 1499869368
12-07-17 23:39:33 [INFO] [OctoBans] blackwhite010 sql checked, record: langage by BlackWhite010 to 1499867880
12-07-17 23:39:33 [INFO] [OctoBans] blackwhite010 sql checked, record: pubyt by BlackWhite010 to 1499869714
12-07-17 23:39:33 [INFO] [OctoBans] blackwhite010 sql checked, record: flood by BlackWhite010 to 1499873338
12-07-17 23:39:33 [INFO] [OctoBans] blackwhite010 sql checked, record: doubleposte by BlackWhite010 to 1499868589
12-07-17 23:39:33 [INFO] [OctoBans] blackwhite010 sql checked, record: pubyt by BlackWhite010 to 1499870449
12-07-17 23:39:33 [INFO] [OctoBans] blackwhite010 sql checked, record: insultesrv by BlackWhite010 to 1499885240
12-07-17 23:39:33 [INFO] [OctoBans] blackwhite010 sql checked, record: langage by BlackWhite010 to 1499868786
12-07-17 23:39:33 [INFO] [OctoBans] blackwhite010 sql checked, record: langage by BlackWhite010 to 1499868863
12-07-17 23:39:33 [INFO] [OctoBans] blackwhite010 sql checked, record: doubleposte by BlackWhite010 to 1499869661
12-07-17 23:39:33 [INFO] [OctoBans] blackwhite010 sql checked, record: langage by BlackWhite010 to 1499869118
12-07-17 23:39:33 [INFO] [OctoBans] blackwhite010 sql checked, record: flood by BlackWhite010 to 1499872178
12-07-17 23:39:33 [INFO] [OctoBans] blackwhite010 sql checked, record: insultestaff by BlackWhite010 to 1499904655
12-07-17 23:39:33 [INFO] [OctoBans] blackwhite010 sql checked, record: insultegrave by BlackWhite010 to 1499904668
12-07-17 23:39:33 [INFO] [OctoBans] blackwhite010 sql checked, record: flood by BlackWhite010 to 1499872324
12-07-17 23:39:33 [INFO] [OctoBans] blackwhite010 sql checked, record: flood by BlackWhite010 to 1499872364
12-07-17 23:39:33 [INFO] [OctoBans] blackwhite010 sql checked, record: majuscule by BlackWhite010 to 1499870842
12-07-17 23:39:33 [INFO] [OctoBans] blackwhite010 sql checked, record: spam by BlackWhite010 to 1499887051
12-07-17 23:39:33 [INFO] [OctoBans] blackwhite010 sql checked, record: pubyt by BlackWhite010 to 1499881821
12-07-17 23:39:33 [INFO] [OctoBans] blackwhite010 sql checked, record: provocation by BlackWhite010 to 1499880679
12-07-17 23:39:33 [INFO] [OctoBans] blackwhite010 sql checked, record: flood by BlackWhite010 to 1499882945
12-07-17 23:39:33 [INFO] [OctoBans] blackwhite010 sql checked, record: faussesinfos by BlackWhite010 to 1499966001
12-07-17 23:39:33 [INFO] [OctoBans] blackwhite010 sql checked, record: doubleposte by BlackWhite010 to 1499880549
12-07-17 23:39:33 [INFO] [OctoBans] blackwhite010 sql checked, record: provocation by BlackWhite010 to 1499880355
12-07-17 23:39:33 [INFO] [OctoBans] blackwhite010 sql checked, record: doubleposte by BlackWhite010 to 1499881684
12-07-17 23:39:33 [INFO] [OctoBans] blackwhite010 sql checked, record: majuscule by BlackWhite010 to 1499883185
12-07-17 23:39:33 [INFO] [OctoBans] blackwhite010 sql checked, record: spam by BlackWhite010 to 1499889595
12-07-17 23:39:33 [INFO] [OctoBans] blackwhite010 sql checked, record: provocation by BlackWhite010 to 1499888461
12-07-17 23:39:33 [INFO] [OctoBans] blackwhite010 sql checked, record: majuscule by BlackWhite010 to 1499888985
12-07-17 23:39:33 [INFO] [OctoBans] blackwhite010 sql checked, record: majuscule by BlackWhite010 to 1499889202
12-07-17 23:39:33 [INFO] [OctoBans] blackwhite010 sql checked, record: doubleposte by BlackWhite010 to 1499890678
12-07-17 23:39:33 [INFO] [OctoBans] blackwhite010 sql checked, record: spam by BlackWhite010 to 1499895348
12-07-17 23:39:33 [INFO] [OctoBans] blackwhite010 sql checked, record: spam by BlackWhite010 to 1499895361
12-07-17 23:39:33 [INFO] [OctoBans] blackwhite010 sql checked, record: spam by BlackWhite010 to 1499895375
12-07-17 23:39:33 [INFO] [OctoBans] blackwhite010 sql checked, record: spam by BlackWhite010 to 1499895384
12-07-17 23:39:33 [INFO] [OctoBans] blackwhite010 sql checked, record: spam by BlackWhite010 to 1499895394
12-07-17 23:39:33 [INFO] [OctoBans] blackwhite010 sql checked, record: spam by BlackWhite010 to 1499899003
12-07-17 23:39:33 [INFO] [OctoBans] blackwhite010 sql checked, record: spam by BlackWhite010 to 1499895414
12-07-17 23:39:33 [INFO] [OctoBans] blackwhite010 sql checked, record: spam by BlackWhite010 to 1499895421
12-07-17 23:39:33 [INFO] [OctoBans] blackwhite010 sql checked, record: spam by BlackWhite010 to 1499902654
12-07-17 23:39:33 [INFO] [OctoBans] blackwhite010 sql checked, record: faussesinfos by BlackWhite010 to 1499978988
12-07-17 23:39:33 [INFO] [OctoBans] blackwhite010 sql checked, record: langage by BlackWhite010 to 1499893519
12-07-17 23:39:33 [INFO] [OctoBans] blackwhite010 sql checked, record: flood by BlackWhite010 to 1499896844
12-07-17 23:39:33 [INFO] [OctoBans] blackwhite010 sql checked, record: provocation by BlackWhite010 to 1499894289
12-07-17 23:40:01 [INFO] [OctoBans] CreepyEagle punished thanou2004 for: Double Poste
12-07-17 23:43:48 [INFO] [OctoBans] CreepyEagle punished gflorian455 for: Langage incorrect
12-07-17 23:46:27 [INFO] [OctoBans] totolezz_pvp sql checked, record: spammp by SnowEffect to -1
12-07-17 23:52:12 [INFO] [OctoBans] CreepyEagle punished xxmrenderman6xx for: Spam/flood
12-07-17 23:55:39 [INFO] [OctoBans] xenotium_pvp sql checked, record: spammp by iPurple_ to -1
12-07-17 23:55:39 [INFO] [OctoBans] xenotium_pvp sql checked, record: spammp by SnowEffect to -1
12-07-17 23:55:41 [INFO] [OctoBans] CreepyEagle punished xxmrenderman6xx for: Insulte staff
12-07-17 23:55:43 [INFO] [OctoBans] natan sql checked, record: incitationflood by tinmar to 1499955268
12-07-17 23:56:07 [INFO] [OctoBans] BlackWhite010 punished shetters for: Spam/flood
12-07-17 23:58:58 [INFO] [OctoBans] CreepyEagle punished tweeyn_ for: Publicité Youtubeur
13-07-17 00:00:20 [INFO] [OctoBans] Kyabe punished xenotium_pvp for: Insulte serveur
13-07-17 00:00:48 [INFO] [OctoBans] Kyabe punished xenotium_pvp for: Insulte
13-07-17 00:01:16 [INFO] [OctoBans] BlackWhite010 punished xxmrenderman6xx for: Insulte staff
13-07-17 00:05:34 [INFO] [OctoBans] xenotium_pvp sql checked, record: spammp by iPurple_ to -1
13-07-17 00:05:34 [INFO] [OctoBans] xenotium_pvp sql checked, record: spammp by SnowEffect to -1
13-07-17 00:05:34 [INFO] [OctoBans] xenotium_pvp sql checked, record: insultesrv by Kyabe to 1499914820
13-07-17 00:05:34 [INFO] [OctoBans] xenotium_pvp sql checked, record: insulte by Kyabe to 1499899548
13-07-17 00:06:37 [INFO] [OctoBans] clem010 sql checked, record: spammp by Remil to -1
13-07-17 00:06:37 [INFO] [OctoBans] clem010 sql checked, record: insultegrave by Shainko to 1500034250
13-07-17 00:11:23 [INFO] [OctoBans] crapule sql checked, record: spam by crapule to 1499361746
13-07-17 00:11:23 [INFO] [OctoBans] crapule sql checked, record: spam by crapule to 1499800014
13-07-17 00:11:23 [INFO] [OctoBans] crapule sql checked, record: spam by crapule to 1499895714
13-07-17 00:12:02 [INFO] [OctoBans] vendeur2kebab sql checked, record: spammp by ZerKup to -1
13-07-17 00:12:02 [INFO] [OctoBans] vendeur2kebab sql checked, record: spammp by YTB_XxKarnageXx to -1
13-07-17 00:17:57 [INFO] [OctoBans] seyrien sql checked, record: menacehack by SkyKosIV to 1499906415
13-07-17 00:17:57 [INFO] [OctoBans] seyrien sql checked, record: menacehack by SkyKosIV to 1500165654
13-07-17 00:18:43 [INFO] [OctoBans] BlackWhite010 punished molotof for: Insulte grave
13-07-17 00:21:27 [INFO] [OctoBans] badounoux sql checked, record: spammp by ZerKup to -1
13-07-17 00:22:46 [INFO] [OctoBans] BlackWhite010 punished ocip_matth for: Double Poste
13-07-17 00:24:55 [INFO] [OctoBans] Kyabe punished tl_nano for: Majuscule
13-07-17 00:25:23 [INFO] [OctoBans] LaKitaw punished weesley for: Langage incorrect
13-07-17 00:25:40 [INFO] [OctoBans] CreepyEagle punished goto_camus2 for: Majuscule
13-07-17 00:26:29 [INFO] [OctoBans] goto_camus sql checked, record: spammp by SuperJojo to -1
13-07-17 00:35:06 [INFO] [OctoBans] imdylan sql checked, record: spammp by SnowEffect to -1
13-07-17 00:36:54 [INFO] [OctoBans] millardm punished superfilleciel for: Langage incorrect
13-07-17 00:37:15 [INFO] [OctoBans] LaKitaw punished worg_31 for: Langage incorrect
13-07-17 00:39:12 [INFO] [OctoBans] millardm punished superfilleciel for: Insulte grave
13-07-17 00:40:20 [INFO] [OctoBans] karimospvp sql checked, record: spammp by YTB_XxKarnageXx to -1
13-07-17 00:40:20 [INFO] [OctoBans] karimospvp sql checked, record: spammp by YTB_XxKarnageXx to -1
13-07-17 00:42:13 [INFO] [OctoBans] millardm punished worg_31 for: Insulte grave
13-07-17 00:46:17 [INFO] [OctoBans] millardm punished superfilleciel for: Insulte grave
13-07-17 00:46:39 [INFO] [OctoBans] LaKitaw punished worg_31 for: Insulte grave
13-07-17 00:47:00 [INFO] [OctoBans] LaKitaw punished worg_31 for: Insulte grave
13-07-17 00:50:38 [INFO] [OctoBans] LaKitaw punished nitroteck for: Provocation
13-07-17 00:55:44 [INFO] [OctoBans] yazidzittoun sql checked, record: racism by YTB_XxKarnageXx to 1499957849
13-07-17 00:57:19 [INFO] [OctoBans] blubfire sql checked, record: spammp by YTB_XxKarnageXx to -1
13-07-17 01:01:48 [INFO] [OctoBans] MaacDoo punished wolf for: Majuscule
13-07-17 01:01:53 [INFO] [OctoBans] MaacDoo punished wolfpvpyt for: Majuscule
13-07-17 01:06:55 [INFO] [OctoBans] iPurple_ punished brookdu81 for: Double Poste
13-07-17 01:11:24 [INFO] [OctoBans] zayrozz sql checked, record: spammp by Remil to -1
13-07-17 01:22:15 [INFO] [OctoBans] LaKitaw punished imwarzzer for: Langage incorrect
13-07-17 01:22:28 [INFO] [OctoBans] blackwhite010 sql checked, record: spammp by Remil to -1
13-07-17 01:22:28 [INFO] [OctoBans] blackwhite010 sql checked, record: insulte by BlackWhite010 to 1499861354
13-07-17 01:22:28 [INFO] [OctoBans] blackwhite010 sql checked, record: insulte by BlackWhite010 to 1499861999
13-07-17 01:22:28 [INFO] [OctoBans] blackwhite010 sql checked, record: majuscule by BlackWhite010 to 1499859936
13-07-17 01:22:28 [INFO] [OctoBans] blackwhite010 sql checked, record: insulte by BlackWhite010 to 1499863345
13-07-17 01:22:28 [INFO] [OctoBans] blackwhite010 sql checked, record: majuscule by BlackWhite010 to 1499863377
13-07-17 01:22:28 [INFO] [OctoBans] blackwhite010 sql checked, record: insulte by BlackWhite010 to 1499864130
13-07-17 01:22:28 [INFO] [OctoBans] blackwhite010 sql checked, record: flood by BlackWhite010 to 1499865966
13-07-17 01:22:28 [INFO] [OctoBans] blackwhite010 sql checked, record: provocation by BlackWhite010 to 1499864318
13-07-17 01:22:28 [INFO] [OctoBans] blackwhite010 sql checked, record: provocation by BlackWhite010 to 1499864672
13-07-17 01:22:28 [INFO] [OctoBans] blackwhite010 sql checked, record: provocation by BlackWhite010 to 1499865037
13-07-17 01:22:28 [INFO] [OctoBans] blackwhite010 sql checked, record: majuscule by BlackWhite010 to 1499866815
13-07-17 01:22:28 [INFO] [OctoBans] blackwhite010 sql checked, record: majuscule by BlackWhite010 to 1499865653
13-07-17 01:22:28 [INFO] [OctoBans] blackwhite010 sql checked, record: pubyt by BlackWhite010 to 1499869368
13-07-17 01:22:28 [INFO] [OctoBans] blackwhite010 sql checked, record: langage by BlackWhite010 to 1499867880
13-07-17 01:22:28 [INFO] [OctoBans] blackwhite010 sql checked, record: pubyt by BlackWhite010 to 1499869714
13-07-17 01:22:28 [INFO] [OctoBans] blackwhite010 sql checked, record: flood by BlackWhite010 to 1499873338
13-07-17 01:22:28 [INFO] [OctoBans] blackwhite010 sql checked, record: doubleposte by BlackWhite010 to 1499868589
13-07-17 01:22:28 [INFO] [OctoBans] blackwhite010 sql checked, record: pubyt by BlackWhite010 to 1499870449
13-07-17 01:22:28 [INFO] [OctoBans] blackwhite010 sql checked, record: insultesrv by BlackWhite010 to 1499885240
13-07-17 01:22:28 [INFO] [OctoBans] blackwhite010 sql checked, record: langage by BlackWhite010 to 1499868786
13-07-17 01:22:28 [INFO] [OctoBans] blackwhite010 sql checked, record: langage by BlackWhite010 to 1499868863
13-07-17 01:22:28 [INFO] [OctoBans] blackwhite010 sql checked, record: doubleposte by BlackWhite010 to 1499869661
13-07-17 01:22:28 [INFO] [OctoBans] blackwhite010 sql checked, record: langage by BlackWhite010 to 1499869118
13-07-17 01:22:28 [INFO] [OctoBans] blackwhite010 sql checked, record: flood by BlackWhite010 to 1499872178
13-07-17 01:22:28 [INFO] [OctoBans] blackwhite010 sql checked, record: insultestaff by BlackWhite010 to 1499904655
13-07-17 01:22:28 [INFO] [OctoBans] blackwhite010 sql checked, record: insultegrave by BlackWhite010 to 1499904668
13-07-17 01:22:28 [INFO] [OctoBans] blackwhite010 sql checked, record: flood by BlackWhite010 to 1499872324
13-07-17 01:22:28 [INFO] [OctoBans] blackwhite010 sql checked, record: flood by BlackWhite010 to 1499872364
13-07-17 01:22:28 [INFO] [OctoBans] blackwhite010 sql checked, record: majuscule by BlackWhite010 to 1499870842
13-07-17 01:22:28 [INFO] [OctoBans] blackwhite010 sql checked, record: spam by BlackWhite010 to 1499887051
13-07-17 01:22:28 [INFO] [OctoBans] blackwhite010 sql checked, record: pubyt by BlackWhite010 to 1499881821
13-07-17 01:22:28 [INFO] [OctoBans] blackwhite010 sql checked, record: provocation by BlackWhite010 to 1499880679
13-07-17 01:22:28 [INFO] [OctoBans] blackwhite010 sql checked, record: flood by BlackWhite010 to 1499882945
13-07-17 01:22:28 [INFO] [OctoBans] blackwhite010 sql checked, record: faussesinfos by BlackWhite010 to 1499966001
13-07-17 01:22:28 [INFO] [OctoBans] blackwhite010 sql checked, record: doubleposte by BlackWhite010 to 1499880549
13-07-17 01:22:28 [INFO] [OctoBans] blackwhite010 sql checked, record: provocation by BlackWhite010 to 1499880355
13-07-17 01:22:28 [INFO] [OctoBans] blackwhite010 sql checked, record: doubleposte by BlackWhite010 to 1499881684
13-07-17 01:22:28 [INFO] [OctoBans] blackwhite010 sql checked, record: majuscule by BlackWhite010 to 1499883185
13-07-17 01:22:28 [INFO] [OctoBans] blackwhite010 sql checked, record: spam by BlackWhite010 to 1499889595
13-07-17 01:22:28 [INFO] [OctoBans] blackwhite010 sql checked, record: provocation by BlackWhite010 to 1499888461
13-07-17 01:22:28 [INFO] [OctoBans] blackwhite010 sql checked, record: majuscule by BlackWhite010 to 1499888985
13-07-17 01:22:28 [INFO] [OctoBans] blackwhite010 sql checked, record: majuscule by BlackWhite010 to 1499889202
13-07-17 01:22:28 [INFO] [OctoBans] blackwhite010 sql checked, record: doubleposte by BlackWhite010 to 1499890678
13-07-17 01:22:28 [INFO] [OctoBans] blackwhite010 sql checked, record: spam by BlackWhite010 to 1499895348
13-07-17 01:22:28 [INFO] [OctoBans] blackwhite010 sql checked, record: spam by BlackWhite010 to 1499895361
13-07-17 01:22:28 [INFO] [OctoBans] blackwhite010 sql checked, record: spam by BlackWhite010 to 1499895375
13-07-17 01:22:28 [INFO] [OctoBans] blackwhite010 sql checked, record: spam by BlackWhite010 to 1499895384
13-07-17 01:22:28 [INFO] [OctoBans] blackwhite010 sql checked, record: spam by BlackWhite010 to 1499895394
13-07-17 01:22:28 [INFO] [OctoBans] blackwhite010 sql checked, record: spam by BlackWhite010 to 1499899003
13-07-17 01:22:28 [INFO] [OctoBans] blackwhite010 sql checked, record: spam by BlackWhite010 to 1499895414
13-07-17 01:22:28 [INFO] [OctoBans] blackwhite010 sql checked, record: spam by BlackWhite010 to 1499895421
13-07-17 01:22:28 [INFO] [OctoBans] blackwhite010 sql checked, record: spam by BlackWhite010 to 1499902654
13-07-17 01:22:28 [INFO] [OctoBans] blackwhite010 sql checked, record: faussesinfos by BlackWhite010 to 1499978988
13-07-17 01:22:28 [INFO] [OctoBans] blackwhite010 sql checked, record: langage by BlackWhite010 to 1499893519
13-07-17 01:22:28 [INFO] [OctoBans] blackwhite010 sql checked, record: flood by BlackWhite010 to 1499896844
13-07-17 01:22:28 [INFO] [OctoBans] blackwhite010 sql checked, record: provocation by BlackWhite010 to 1499894289
13-07-17 01:22:28 [INFO] [OctoBans] blackwhite010 sql checked, record: spam by BlackWhite010 to 1499903767
13-07-17 01:22:28 [INFO] [OctoBans] blackwhite010 sql checked, record: insultestaff by BlackWhite010 to 1499968876
13-07-17 01:22:28 [INFO] [OctoBans] blackwhite010 sql checked, record: insultegrave by BlackWhite010 to 1499933923
13-07-17 01:22:28 [INFO] [OctoBans] blackwhite010 sql checked, record: doubleposte by BlackWhite010 to 1499903866
13-07-17 01:22:28 [INFO] [OctoBans] blackwhite010 sql checked, record: doubleposte by BlackWhite010 to 1499899542
13-07-17 01:22:28 [INFO] [OctoBans] blackwhite010 sql checked, record: langage by BlackWhite010 to 1499899548
13-07-17 01:22:28 [INFO] [OctoBans] blackwhite010 sql checked, record: provocation by BlackWhite010 to 1499898971
13-07-17 01:22:28 [INFO] [OctoBans] blackwhite010 sql checked, record: insultegrave by BlackWhite010 to 1499934497
13-07-17 01:22:28 [INFO] [OctoBans] blackwhite010 sql checked, record: doubleposte by BlackWhite010 to 1499899742
13-07-17 01:22:28 [INFO] [OctoBans] blackwhite010 sql checked, record: doubleposte by BlackWhite010 to 1499900083
13-07-17 01:22:28 [INFO] [OctoBans] blackwhite010 sql checked, record: doubleposte by BlackWhite010 to 1499899423
13-07-17 01:22:28 [INFO] [OctoBans] blackwhite010 sql checked, record: pubyt by BlackWhite010 to 1499902893
13-07-17 01:22:28 [INFO] [OctoBans] blackwhite010 sql checked, record: doubleposte by BlackWhite010 to 1499901114
13-07-17 01:22:28 [INFO] [OctoBans] blackwhite010 sql checked, record: provocation by BlackWhite010 to 1499901026
13-07-17 01:22:41 [INFO] [OctoBans] blackwhite010 sql checked, record: spammp by Remil to -1
13-07-17 01:22:41 [INFO] [OctoBans] blackwhite010 sql checked, record: insulte by BlackWhite010 to 1499861354
13-07-17 01:22:41 [INFO] [OctoBans] blackwhite010 sql checked, record: insulte by BlackWhite010 to 1499861999
13-07-17 01:22:41 [INFO] [OctoBans] blackwhite010 sql checked, record: majuscule by BlackWhite010 to 1499859936
13-07-17 01:22:41 [INFO] [OctoBans] blackwhite010 sql checked, record: insulte by BlackWhite010 to 1499863345
13-07-17 01:22:41 [INFO] [OctoBans] blackwhite010 sql checked, record: majuscule by BlackWhite010 to 1499863377
13-07-17 01:22:41 [INFO] [OctoBans] blackwhite010 sql checked, record: insulte by BlackWhite010 to 1499864130
13-07-17 01:22:41 [INFO] [OctoBans] blackwhite010 sql checked, record: flood by BlackWhite010 to 1499865966
13-07-17 01:22:41 [INFO] [OctoBans] blackwhite010 sql checked, record: provocation by BlackWhite010 to 1499864318
13-07-17 01:22:41 [INFO] [OctoBans] blackwhite010 sql checked, record: provocation by BlackWhite010 to 1499864672
13-07-17 01:22:41 [INFO] [OctoBans] blackwhite010 sql checked, record: provocation by BlackWhite010 to 1499865037
13-07-17 01:22:41 [INFO] [OctoBans] blackwhite010 sql checked, record: majuscule by BlackWhite010 to 1499866815
13-07-17 01:22:41 [INFO] [OctoBans] blackwhite010 sql checked, record: majuscule by BlackWhite010 to 1499865653
13-07-17 01:22:41 [INFO] [OctoBans] blackwhite010 sql checked, record: pubyt by BlackWhite010 to 1499869368
13-07-17 01:22:41 [INFO] [OctoBans] blackwhite010 sql checked, record: langage by BlackWhite010 to 1499867880
13-07-17 01:22:41 [INFO] [OctoBans] blackwhite010 sql checked, record: pubyt by BlackWhite010 to 1499869714
13-07-17 01:22:41 [INFO] [OctoBans] blackwhite010 sql checked, record: flood by BlackWhite010 to 1499873338
13-07-17 01:22:41 [INFO] [OctoBans] blackwhite010 sql checked, record: doubleposte by BlackWhite010 to 1499868589
13-07-17 01:22:41 [INFO] [OctoBans] blackwhite010 sql checked, record: pubyt by BlackWhite010 to 1499870449
13-07-17 01:22:41 [INFO] [OctoBans] blackwhite010 sql checked, record: insultesrv by BlackWhite010 to 1499885240
13-07-17 01:22:41 [INFO] [OctoBans] blackwhite010 sql checked, record: langage by BlackWhite010 to 1499868786
13-07-17 01:22:41 [INFO] [OctoBans] blackwhite010 sql checked, record: langage by BlackWhite010 to 1499868863
13-07-17 01:22:41 [INFO] [OctoBans] blackwhite010 sql checked, record: doubleposte by BlackWhite010 to 1499869661
13-07-17 01:22:41 [INFO] [OctoBans] blackwhite010 sql checked, record: langage by BlackWhite010 to 1499869118
13-07-17 01:22:41 [INFO] [OctoBans] blackwhite010 sql checked, record: flood by BlackWhite010 to 1499872178
13-07-17 01:22:41 [INFO] [OctoBans] blackwhite010 sql checked, record: insultestaff by BlackWhite010 to 1499904655
13-07-17 01:22:41 [INFO] [OctoBans] blackwhite010 sql checked, record: insultegrave by BlackWhite010 to 1499904668
13-07-17 01:22:41 [INFO] [OctoBans] blackwhite010 sql checked, record: flood by BlackWhite010 to 1499872324
13-07-17 01:22:41 [INFO] [OctoBans] blackwhite010 sql checked, record: flood by BlackWhite010 to 1499872364
13-07-17 01:22:41 [INFO] [OctoBans] blackwhite010 sql checked, record: majuscule by BlackWhite010 to 1499870842
13-07-17 01:22:41 [INFO] [OctoBans] blackwhite010 sql checked, record: spam by BlackWhite010 to 1499887051
13-07-17 01:22:41 [INFO] [OctoBans] blackwhite010 sql checked, record: pubyt by BlackWhite010 to 1499881821
13-07-17 01:22:41 [INFO] [OctoBans] blackwhite010 sql checked, record: provocation by BlackWhite010 to 1499880679
13-07-17 01:22:41 [INFO] [OctoBans] blackwhite010 sql checked, record: flood by BlackWhite010 to 1499882945
13-07-17 01:22:41 [INFO] [OctoBans] blackwhite010 sql checked, record: faussesinfos by BlackWhite010 to 1499966001
13-07-17 01:22:41 [INFO] [OctoBans] blackwhite010 sql checked, record: doubleposte by BlackWhite010 to 1499880549
13-07-17 01:22:41 [INFO] [OctoBans] blackwhite010 sql checked, record: provocation by BlackWhite010 to 1499880355
13-07-17 01:22:41 [INFO] [OctoBans] blackwhite010 sql checked, record: doubleposte by BlackWhite010 to 1499881684
13-07-17 01:22:41 [INFO] [OctoBans] blackwhite010 sql checked, record: majuscule by BlackWhite010 to 1499883185
13-07-17 01:22:41 [INFO] [OctoBans] blackwhite010 sql checked, record: spam by BlackWhite010 to 1499889595
13-07-17 01:22:41 [INFO] [OctoBans] blackwhite010 sql checked, record: provocation by BlackWhite010 to 1499888461
13-07-17 01:22:41 [INFO] [OctoBans] blackwhite010 sql checked, record: majuscule by BlackWhite010 to 1499888985
13-07-17 01:22:41 [INFO] [OctoBans] blackwhite010 sql checked, record: majuscule by BlackWhite010 to 1499889202
13-07-17 01:22:41 [INFO] [OctoBans] blackwhite010 sql checked, record: doubleposte by BlackWhite010 to 1499890678
13-07-17 01:22:41 [INFO] [OctoBans] blackwhite010 sql checked, record: spam by BlackWhite010 to 1499895348
13-07-17 01:22:41 [INFO] [OctoBans] blackwhite010 sql checked, record: spam by BlackWhite010 to 1499895361
13-07-17 01:22:41 [INFO] [OctoBans] blackwhite010 sql checked, record: spam by BlackWhite010 to 1499895375
13-07-17 01:22:41 [INFO] [OctoBans] blackwhite010 sql checked, record: spam by BlackWhite010 to 1499895384
13-07-17 01:22:41 [INFO] [OctoBans] blackwhite010 sql checked, record: spam by BlackWhite010 to 1499895394
13-07-17 01:22:41 [INFO] [OctoBans] blackwhite010 sql checked, record: spam by BlackWhite010 to 1499899003
13-07-17 01:22:41 [INFO] [OctoBans] blackwhite010 sql checked, record: spam by BlackWhite010 to 1499895414
13-07-17 01:22:41 [INFO] [OctoBans] blackwhite010 sql checked, record: spam by BlackWhite010 to 1499895421
13-07-17 01:22:41 [INFO] [OctoBans] blackwhite010 sql checked, record: spam by BlackWhite010 to 1499902654
13-07-17 01:22:41 [INFO] [OctoBans] blackwhite010 sql checked, record: faussesinfos by BlackWhite010 to 1499978988
13-07-17 01:22:41 [INFO] [OctoBans] blackwhite010 sql checked, record: langage by BlackWhite010 to 1499893519
13-07-17 01:22:41 [INFO] [OctoBans] blackwhite010 sql checked, record: flood by BlackWhite010 to 1499896844
13-07-17 01:22:41 [INFO] [OctoBans] blackwhite010 sql checked, record: provocation by BlackWhite010 to 1499894289
13-07-17 01:22:41 [INFO] [OctoBans] blackwhite010 sql checked, record: spam by BlackWhite010 to 1499903767
13-07-17 01:22:41 [INFO] [OctoBans] blackwhite010 sql checked, record: insultestaff by BlackWhite010 to 1499968876
13-07-17 01:22:41 [INFO] [OctoBans] blackwhite010 sql checked, record: insultegrave by BlackWhite010 to 1499933923
13-07-17 01:22:41 [INFO] [OctoBans] blackwhite010 sql checked, record: doubleposte by BlackWhite010 to 1499903866
13-07-17 01:22:41 [INFO] [OctoBans] blackwhite010 sql checked, record: doubleposte by BlackWhite010 to 1499899542
13-07-17 01:22:41 [INFO] [OctoBans] blackwhite010 sql checked, record: langage by BlackWhite010 to 1499899548
13-07-17 01:22:41 [INFO] [OctoBans] blackwhite010 sql checked, record: provocation by BlackWhite010 to 1499898971
13-07-17 01:22:41 [INFO] [OctoBans] blackwhite010 sql checked, record: insultegrave by BlackWhite010 to 1499934497
13-07-17 01:22:41 [INFO] [OctoBans] blackwhite010 sql checked, record: doubleposte by BlackWhite010 to 1499899742
13-07-17 01:22:41 [INFO] [OctoBans] blackwhite010 sql checked, record: doubleposte by BlackWhite010 to 1499900083
13-07-17 01:22:41 [INFO] [OctoBans] blackwhite010 sql checked, record: doubleposte by BlackWhite010 to 1499899423
13-07-17 01:22:41 [INFO] [OctoBans] blackwhite010 sql checked, record: pubyt by BlackWhite010 to 1499902893
13-07-17 01:22:41 [INFO] [OctoBans] blackwhite010 sql checked, record: doubleposte by BlackWhite010 to 1499901114
13-07-17 01:22:41 [INFO] [OctoBans] blackwhite010 sql checked, record: provocation by BlackWhite010 to 1499901026
13-07-17 01:26:06 [INFO] [OctoBans] LaKitaw punished pandayt for: Spam/flood
13-07-17 01:32:05 [INFO] [OctoBans] BlackWhite010 punished badounoux for: Provocation
13-07-17 01:35:34 [INFO] [OctoBans] shap_coc_2 sql checked, record: insultegrave by CreepyEagle to 1499977712
13-07-17 01:36:51 [INFO] [OctoBans] portek sql checked, record: langage by Kyabe to 1499902903
13-07-17 01:38:35 [INFO] [OctoBans] BlackWhite010 punished couilledeloup for: Majuscule
13-07-17 01:41:46 [INFO] [OctoBans] Shainko punished yazidzittoun for: Spam/flood
13-07-17 01:42:09 [INFO] [OctoBans] Shainko punished gonicgaming for: Provocation
13-07-17 01:44:15 [INFO] [OctoBans] Shainko punished _tsu_ for: Provocation
13-07-17 01:50:53 [INFO] [OctoBans] LaKitaw punished mazeup for: Insulte grave
13-07-17 01:52:30 [INFO] [OctoBans] LaKitaw punished portek for: Spam/flood
13-07-17 01:55:12 [INFO] [OctoBans] millardm sql checked, record: langage by millardm to 1499902014
13-07-17 01:55:12 [INFO] [OctoBans] millardm sql checked, record: insultegrave by millardm to 1499935152
13-07-17 01:55:12 [INFO] [OctoBans] millardm sql checked, record: insultegrave by millardm to 1499935333
13-07-17 01:55:12 [INFO] [OctoBans] millardm sql checked, record: insultegrave by millardm to 1499971577
13-07-17 01:57:29 [INFO] [OctoBans] ormilope sql checked, record: spammp by YTB_XxKarnageXx to -1
13-07-17 01:59:25 [INFO] [OctoBans] Shainko punished univerzkerror for: Langage incorrect
13-07-17 01:59:28 [INFO] [OctoBans] NeosiaNexus punished zlkayzen for: Provocation
13-07-17 02:08:28 [INFO] [OctoBans] iPurple_ punished switzmcyoutube for: Menace de hack
13-07-17 02:10:22 [INFO] [OctoBans] stonewolf sql checked, record: spammp by SuperJojo to -1
13-07-17 02:33:30 [INFO] [OctoBans] teezer_fr sql checked, record: floodmp by Forway to -1
13-07-17 02:35:38 [INFO] [OctoBans] BlackWhite010 punished lebg285 for: Double Poste
13-07-17 02:36:37 [INFO] [OctoBans] MaacDoo punished azenpvp for: Double Poste
13-07-17 02:55:47 [INFO] [OctoBans] booba92i sql checked, record: kickautre by NeosiaNexus to -1
13-07-17 03:08:05 [INFO] [OctoBans] BlackWhite010 punished lakitaw for: Provocation
13-07-17 03:08:44 [INFO] [OctoBans] MaacDoo punished pandamasquer for: Langage incorrect
13-07-17 03:09:03 [INFO] [OctoBans] BlackWhite010 punished blackwhite010 for: Provocation
13-07-17 03:10:23 [INFO] [OctoBans] MaacDoo punished tomcase14 for: Provocation
13-07-17 03:10:31 [INFO] [OctoBans] MaacDoo punished kawaziu_ for: Double Poste
13-07-17 03:10:45 [INFO] [OctoBans] stickfly sql checked, record: spammp by SnowEffect to -1
13-07-17 03:22:57 [INFO] [OctoBans] LaKitaw punished sam_ytb for: Spam/flood
13-07-17 03:24:02 [INFO] [OctoBans] MaacDoo punished kawaziu_ for: Spam/flood
13-07-17 03:24:45 [INFO] [OctoBans] millardm punished shap_coc_2 for: Insulte
13-07-17 03:29:21 [INFO] [OctoBans] by_kw3e sql checked, record: kickautre by Antoine57565 to -1
13-07-17 03:36:02 [INFO] [OctoBans] BlackWhite010 punished krais7681 for: Insulte
13-07-17 03:37:47 [INFO] [OctoBans] LaKitaw punished staillight_pvp for: Insulte
13-07-17 03:59:33 [INFO] [OctoBans] MaacDoo punished zarshou2 for: Double Poste
13-07-17 04:00:49 [INFO] [OctoBans] MaacDoo punished jokermyskill for: Double Poste
13-07-17 04:03:42 [INFO] [OctoBans] MaacDoo punished by_fly for: Majuscule
13-07-17 04:15:44 [INFO] [OctoBans] _ashbrooks_pvp sql checked, record: kickautre by NeosiaNexus to -1
13-07-17 04:34:51 [INFO] [OctoBans] LaKitaw punished badboy3 for: Insulte serveur
13-07-17 04:35:44 [INFO] [OctoBans] bfa69 sql checked, record: menacehack by Remil to 1500070671
13-07-17 04:51:59 [INFO] [OctoBans] MaacDoo punished qcka for: Double Poste
13-07-17 04:52:38 [INFO] [OctoBans] MaacDoo punished weswes72 for: Langage incorrect
13-07-17 05:01:19 [INFO] [OctoBans] BlackWhite010 punished ohblink08 for: Double Poste
13-07-17 06:01:02 [INFO] [OctoBans] Disabling OctoBans v1.0
