29-05-17 22:31:42 [INFO] [OctoBans] File Handler successfully initialized!
29-05-17 22:31:42 [INFO] [OctoBans] SQL connection successfully etablished
29-05-17 22:31:42 [INFO] [OctoBans] Moderator Tools by Octonia.
29-05-17 22:31:46 [INFO] [OctoBans] sportek_ sql checked, record: spammp by SkyKosIV to -1
29-05-17 22:31:46 [INFO] [OctoBans] liltossman41 sql checked, record: spammp by Remil to -1
29-05-17 22:31:46 [INFO] [OctoBans] oeufdepoule62 sql checked, record: insultegrave by Theo97 to 1496110503
29-05-17 22:31:46 [INFO] [OctoBans] supertootoo sql checked, record: pubyt by Steph078 to 1496092948
29-05-17 22:31:46 [INFO] [OctoBans] whiskass sql checked, record: spammp by SuperJojo to -1
29-05-17 22:31:46 [INFO] [OctoBans] ew3l sql checked, record: spammp by SnowEffect to -1
29-05-17 22:31:46 [INFO] [OctoBans] tipi201 sql checked, record: kickautre by ZerKup to -1
29-05-17 22:32:36 [INFO] [OctoBans] drkiritoz_ sql checked, record: doubleposte by SkyKosIV to 1496090090
29-05-17 22:32:58 [INFO] [OctoBans] _hello_kitty sql checked, record: spammp by Steph078 to -1
29-05-17 22:33:06 [INFO] [OctoBans] tipi201 punished ocip_matth for: Double Poste
29-05-17 22:33:19 [INFO] [OctoBans] singe_de_telfort sql checked, record: spammp by SuperJojo to -1
29-05-17 22:33:19 [INFO] [OctoBans] singe_de_telfort sql checked, record: insultestaff by Theo97 to 1496103306
29-05-17 22:35:00 [INFO] [OctoBans] ZerKup punished ocip_matth for: Spam/flood en MP
29-05-17 22:35:01 [INFO] [OctoBans] tipi201 punished crimoz91 for: Majuscule
29-05-17 22:36:42 [INFO] [OctoBans] SkyKosIV punished idecow_ for: Langage incorrect
29-05-17 22:38:14 [INFO] [OctoBans] SkyKosIV punished romlcm89 for: Spam/flood
29-05-17 22:38:21 [INFO] [OctoBans] SkyKosIV punished sx_divin for: Spam/flood
29-05-17 22:38:32 [INFO] [OctoBans] weezy sql checked, record: kickautre by Steph078 to -1
29-05-17 22:38:32 [INFO] [OctoBans] weezy sql checked, record: insultegrave by Forway to 1496093186
29-05-17 22:38:32 [INFO] [OctoBans] weezy sql checked, record: insultegrave by PseudoNul to 1496129524
29-05-17 22:39:03 [INFO] [OctoBans] SkyKosIV punished polo2501 for: Spam/flood
29-05-17 22:39:15 [INFO] [OctoBans] SkyKosIV punished azertix26 for: Double Poste
29-05-17 22:39:24 [INFO] [OctoBans] ZerKup punished gamer74_yt for: Publicité Youtubeur
29-05-17 22:41:26 [INFO] [OctoBans] tipi201 punished molotof for: Majuscule
29-05-17 22:41:27 [INFO] [OctoBans] romlcm89 sql checked, record: flood by SkyKosIV to 1496093894
29-05-17 22:42:57 [INFO] [OctoBans] romlcm89 sql checked, record: flood by SkyKosIV to 1496093894
29-05-17 22:46:25 [INFO] [OctoBans] romlcm89 sql checked, record: flood by SkyKosIV to 1496093894
29-05-17 22:46:31 [INFO] [OctoBans] alex05 sql checked, record: spam by ZerKup to 1496092897
29-05-17 22:48:23 [INFO] [OctoBans] Steph078 punished romlcm89 for: Double Poste
29-05-17 22:55:38 [INFO] [OctoBans] mr_chocolat03 sql checked, record: insultesrv by YTB_XxKarnageXx to 1496099706
29-05-17 22:55:38 [INFO] [OctoBans] mr_chocolat03 sql checked, record: incitationflood by YTB_XxKarnageXx to 1496168127
29-05-17 23:01:44 [INFO] [OctoBans] forway sql checked, record: majuscule by Forway to 1495797339
29-05-17 23:01:44 [INFO] [OctoBans] forway sql checked, record: langage by Forway to 1495802851
29-05-17 23:01:44 [INFO] [OctoBans] forway sql checked, record: spam by Forway to 1495883028
29-05-17 23:01:44 [INFO] [OctoBans] forway sql checked, record: insultegrave by Forway to 1495919799
29-05-17 23:01:44 [INFO] [OctoBans] forway sql checked, record: insultegrave by Forway to 1495922149
29-05-17 23:01:44 [INFO] [OctoBans] forway sql checked, record: insultegrave by Forway to 1495958236
29-05-17 23:01:44 [INFO] [OctoBans] forway sql checked, record: insultegrave by Forway to 1495994378
29-05-17 23:01:44 [INFO] [OctoBans] forway sql checked, record: insultegrave by Forway to 1496030410
29-05-17 23:01:44 [INFO] [OctoBans] forway sql checked, record: spam by Forway to 1495890284
29-05-17 23:01:44 [INFO] [OctoBans] forway sql checked, record: majuscule by Forway to 1495892623
29-05-17 23:01:44 [INFO] [OctoBans] forway sql checked, record: majuscule by Forway to 1495895808
29-05-17 23:01:44 [INFO] [OctoBans] forway sql checked, record: majuscule by Forway to 1495895963
29-05-17 23:01:44 [INFO] [OctoBans] forway sql checked, record: doubleposte by Forway to 1495907564
29-05-17 23:01:44 [INFO] [OctoBans] forway sql checked, record: spam by Forway to 1495916204
29-05-17 23:01:44 [INFO] [OctoBans] forway sql checked, record: majuscule by Forway to 1495910021
29-05-17 23:01:44 [INFO] [OctoBans] forway sql checked, record: majuscule by Forway to 1495913923
29-05-17 23:01:44 [INFO] [OctoBans] forway sql checked, record: provocation by Forway to 1495914660
29-05-17 23:01:44 [INFO] [OctoBans] forway sql checked, record: spam by Forway to 1495919602
29-05-17 23:01:44 [INFO] [OctoBans] forway sql checked, record: doubleposte by Forway to 1495916349
29-05-17 23:01:44 [INFO] [OctoBans] forway sql checked, record: doubleposte by Forway to 1495919256
29-05-17 23:01:44 [INFO] [OctoBans] forway sql checked, record: majuscule by Forway to 1495964450
29-05-17 23:01:44 [INFO] [OctoBans] forway sql checked, record: provocation by Forway to 1495967721
29-05-17 23:01:44 [INFO] [OctoBans] forway sql checked, record: doubleposte by Forway to 1495969901
29-05-17 23:01:44 [INFO] [OctoBans] forway sql checked, record: doubleposte by Forway to 1495970090
29-05-17 23:01:44 [INFO] [OctoBans] forway sql checked, record: majuscule by Forway to 1495971462
29-05-17 23:01:44 [INFO] [OctoBans] forway sql checked, record: spam by Forway to 1495974780
29-05-17 23:01:44 [INFO] [OctoBans] forway sql checked, record: spam by Forway to 1495980064
29-05-17 23:01:44 [INFO] [OctoBans] forway sql checked, record: doubleposte by Forway to 1495978404
29-05-17 23:01:44 [INFO] [OctoBans] forway sql checked, record: insultestaff by Forway to 1496015312
29-05-17 23:01:44 [INFO] [OctoBans] forway sql checked, record: insultegrave by Forway to 1496017135
29-05-17 23:01:44 [INFO] [OctoBans] forway sql checked, record: spam by Forway to 1495984781
29-05-17 23:01:44 [INFO] [OctoBans] forway sql checked, record: doubleposte by Forway to 1495981629
29-05-17 23:01:44 [INFO] [OctoBans] forway sql checked, record: majuscule by Forway to 1495983609
29-05-17 23:01:44 [INFO] [OctoBans] forway sql checked, record: majuscule by Forway to 1495984578
29-05-17 23:01:44 [INFO] [OctoBans] forway sql checked, record: incitationflood by Forway to 1496070983
29-05-17 23:01:44 [INFO] [OctoBans] forway sql checked, record: majuscule by Forway to 1495986785
29-05-17 23:01:44 [INFO] [OctoBans] forway sql checked, record: doubleposte by Forway to 1495986883
29-05-17 23:01:44 [INFO] [OctoBans] forway sql checked, record: doubleposte by Forway to 1495987297
29-05-17 23:01:44 [INFO] [OctoBans] forway sql checked, record: doubleposte by Forway to 1495987412
29-05-17 23:01:44 [INFO] [OctoBans] forway sql checked, record: doubleposte by Forway to 1495990419
29-05-17 23:01:44 [INFO] [OctoBans] forway sql checked, record: doubleposte by Forway to 1495987201
29-05-17 23:01:44 [INFO] [OctoBans] forway sql checked, record: insultestaff by Forway to 1496023284
29-05-17 23:01:44 [INFO] [OctoBans] forway sql checked, record: spam by Forway to 1495991629
29-05-17 23:01:44 [INFO] [OctoBans] forway sql checked, record: doubleposte by Forway to 1495989008
29-05-17 23:01:44 [INFO] [OctoBans] forway sql checked, record: doubleposte by Forway to 1495989810
29-05-17 23:01:44 [INFO] [OctoBans] forway sql checked, record: spam by Forway to 1495992831
29-05-17 23:01:44 [INFO] [OctoBans] forway sql checked, record: incitationflood by Forway to 1496075751
29-05-17 23:01:44 [INFO] [OctoBans] forway sql checked, record: provocation by Forway to 1495990130
29-05-17 23:01:44 [INFO] [OctoBans] forway sql checked, record: doubleposte by Forway to 1495990164
29-05-17 23:01:44 [INFO] [OctoBans] forway sql checked, record: doubleposte by Forway to 1495991126
29-05-17 23:01:44 [INFO] [OctoBans] forway sql checked, record: provocation by Forway to 1495991515
29-05-17 23:01:44 [INFO] [OctoBans] forway sql checked, record: insultestaff by Forway to 1496028874
29-05-17 23:01:44 [INFO] [OctoBans] forway sql checked, record: insultestaff by Forway to 1496137039
29-05-17 23:01:44 [INFO] [OctoBans] forway sql checked, record: insultestaff by Forway to 1496173062
29-05-17 23:01:44 [INFO] [OctoBans] forway sql checked, record: majuscule by Forway to 1495993947
29-05-17 23:01:44 [INFO] [OctoBans] forway sql checked, record: langage by Forway to 1495994071
29-05-17 23:01:44 [INFO] [OctoBans] forway sql checked, record: doubleposte by Forway to 1495994040
29-05-17 23:01:44 [INFO] [OctoBans] forway sql checked, record: majuscule by Forway to 1495994424
29-05-17 23:01:44 [INFO] [OctoBans] forway sql checked, record: langage by Forway to 1495994537
29-05-17 23:01:44 [INFO] [OctoBans] forway sql checked, record: insultestaff by Forway to 1496030055
29-05-17 23:01:44 [INFO] [OctoBans] forway sql checked, record: langage by Forway to 1495996062
29-05-17 23:01:44 [INFO] [OctoBans] forway sql checked, record: spam by Forway to 1495998542
29-05-17 23:01:44 [INFO] [OctoBans] forway sql checked, record: provocation by Forway to 1495995618
29-05-17 23:01:44 [INFO] [OctoBans] forway sql checked, record: spam by Forway to 1495999614
29-05-17 23:01:44 [INFO] [OctoBans] forway sql checked, record: spam by Forway to 1495999622
29-05-17 23:01:44 [INFO] [OctoBans] forway sql checked, record: doubleposte by Forway to 1495997623
29-05-17 23:01:44 [INFO] [OctoBans] forway sql checked, record: insultegrave by Forway to 1496070386
29-05-17 23:01:44 [INFO] [OctoBans] forway sql checked, record: doubleposte by Forway to 1495999418
29-05-17 23:01:44 [INFO] [OctoBans] forway sql checked, record: spam by Forway to 1496002882
29-05-17 23:01:44 [INFO] [OctoBans] forway sql checked, record: spam by Forway to 1496002890
29-05-17 23:01:44 [INFO] [OctoBans] forway sql checked, record: majuscule by Forway to 1496000412
29-05-17 23:01:44 [INFO] [OctoBans] forway sql checked, record: majuscule by Forway to 1496000554
29-05-17 23:01:44 [INFO] [OctoBans] forway sql checked, record: spam by Forway to 1496003693
29-05-17 23:01:44 [INFO] [OctoBans] forway sql checked, record: provocation by Forway to 1496000525
29-05-17 23:01:44 [INFO] [OctoBans] forway sql checked, record: majuscule by Forway to 1496001447
29-05-17 23:01:44 [INFO] [OctoBans] forway sql checked, record: doubleposte by Forway to 1496001508
29-05-17 23:01:44 [INFO] [OctoBans] forway sql checked, record: provocation by Forway to 1496002189
29-05-17 23:01:44 [INFO] [OctoBans] forway sql checked, record: langage by Forway to 1496002382
29-05-17 23:01:44 [INFO] [OctoBans] forway sql checked, record: doubleposte by Forway to 1496002332
29-05-17 23:01:44 [INFO] [OctoBans] forway sql checked, record: majuscule by Forway to 1496003396
29-05-17 23:01:44 [INFO] [OctoBans] forway sql checked, record: majuscule by Forway to 1496051191
29-05-17 23:01:44 [INFO] [OctoBans] forway sql checked, record: majuscule by Forway to 1496051601
29-05-17 23:01:44 [INFO] [OctoBans] forway sql checked, record: majuscule by Forway to 1496051665
29-05-17 23:01:44 [INFO] [OctoBans] forway sql checked, record: provocation by Forway to 1496051535
29-05-17 23:01:44 [INFO] [OctoBans] forway sql checked, record: doubleposte by Forway to 1496051569
29-05-17 23:01:44 [INFO] [OctoBans] forway sql checked, record: majuscule by Forway to 1496052448
29-05-17 23:01:44 [INFO] [OctoBans] forway sql checked, record: provocation by Forway to 1496052828
29-05-17 23:01:44 [INFO] [OctoBans] forway sql checked, record: majuscule by Forway to 1496055219
29-05-17 23:01:44 [INFO] [OctoBans] forway sql checked, record: insulte by Forway to 1496056440
29-05-17 23:01:44 [INFO] [OctoBans] forway sql checked, record: provocation by Forway to 1496056211
29-05-17 23:01:44 [INFO] [OctoBans] forway sql checked, record: langage by Forway to 1496057760
29-05-17 23:01:44 [INFO] [OctoBans] forway sql checked, record: provocation by Forway to 1496057279
29-05-17 23:01:44 [INFO] [OctoBans] forway sql checked, record: provocation by Forway to 1496057542
29-05-17 23:01:44 [INFO] [OctoBans] forway sql checked, record: pubyt by Forway to 1496060715
29-05-17 23:01:44 [INFO] [OctoBans] forway sql checked, record: provocation by Forway to 1496058342
29-05-17 23:01:44 [INFO] [OctoBans] forway sql checked, record: insultegrave by Forway to 1496093186
29-05-17 23:01:44 [INFO] [OctoBans] forway sql checked, record: doubleposte by Forway to 1496070642
29-05-17 23:01:44 [INFO] [OctoBans] forway sql checked, record: provocation by Forway to 1496070576
29-05-17 23:01:44 [INFO] [OctoBans] forway sql checked, record: doubleposte by Forway to 1496071040
29-05-17 23:01:44 [INFO] [OctoBans] forway sql checked, record: doubleposte by Forway to 1496071128
29-05-17 23:01:44 [INFO] [OctoBans] forway sql checked, record: insultestaff by Forway to 1496108389
29-05-17 23:01:44 [INFO] [OctoBans] forway sql checked, record: langage by Forway to 1496072999
29-05-17 23:01:44 [INFO] [OctoBans] forway sql checked, record: doubleposte by Forway to 1496073992
29-05-17 23:01:44 [INFO] [OctoBans] forway sql checked, record: langage by Forway to 1496073472
29-05-17 23:01:44 [INFO] [OctoBans] forway sql checked, record: doubleposte by Forway to 1496074637
29-05-17 23:01:44 [INFO] [OctoBans] forway sql checked, record: provocation by Forway to 1496074657
29-05-17 23:01:44 [INFO] [OctoBans] forway sql checked, record: spam by Forway to 1496079418
29-05-17 23:01:44 [INFO] [OctoBans] forway sql checked, record: spam by Forway to 1496079454
29-05-17 23:01:44 [INFO] [OctoBans] forway sql checked, record: doubleposte by Forway to 1496076165
29-05-17 23:01:44 [INFO] [OctoBans] forway sql checked, record: majuscule by Forway to 1496078779
29-05-17 23:01:44 [INFO] [OctoBans] forway sql checked, record: pubyt by Forway to 1496085801
29-05-17 23:01:44 [INFO] [OctoBans] forway sql checked, record: incitationflood by Forway to 1496168645
29-05-17 23:01:44 [INFO] [OctoBans] forway sql checked, record: insultegrave by Forway to 1496190368
29-05-17 23:01:44 [INFO] [OctoBans] forway sql checked, record: doubleposte by Forway to 1496083465
29-05-17 23:01:44 [INFO] [OctoBans] forway sql checked, record: provocation by Forway to 1496083530
29-05-17 23:01:44 [INFO] [OctoBans] forway sql checked, record: spam by Forway to 1496087741
29-05-17 23:03:11 [INFO] [OctoBans] ZerKup punished shazekhq_q for: Spam/flood
29-05-17 23:05:45 [INFO] [OctoBans] acos79 sql checked, record: spammp by YTB_XxKarnageXx to -1
29-05-17 23:05:45 [INFO] [OctoBans] acos79 sql checked, record: spammp by Steph078 to -1
29-05-17 23:07:12 [INFO] [OctoBans] ZerKup punished acos79 for: Double Poste
29-05-17 23:13:24 [INFO] [OctoBans] YTB_XxKarnageXx punished misterblazing for: Double Poste
29-05-17 23:17:05 [INFO] [OctoBans] gamix_yt sql checked, record: spammp by SkyKosIV to -1
29-05-17 23:17:14 [INFO] [OctoBans] YTB_XxKarnageXx punished molotof for: Double Poste
29-05-17 23:29:17 [INFO] [OctoBans] samybg sql checked, record: spammp by Remil to -1
29-05-17 23:38:04 [INFO] [OctoBans] simon_tagne sql checked, record: incitationflood by Steph078 to 1496168331
29-05-17 23:49:56 [INFO] [OctoBans] Remil punished gamix_yt for: Double Poste
29-05-17 23:50:04 [INFO] [OctoBans] Remil punished sombre45 for: Insulte
29-05-17 23:50:14 [INFO] [OctoBans] Remil punished zatose for: Menace de hack
29-05-17 23:51:30 [INFO] [OctoBans] Remil punished gamix_yt for: Insulte staff
30-05-17 00:03:55 [INFO] [OctoBans] SkyKosIV punished soufianmc for: Spam/flood
30-05-17 00:17:21 [INFO] [OctoBans] Steph078 punished wendigo for: Double Poste
30-05-17 00:38:24 [INFO] [OctoBans] SkyKosIV punished evansfortin for: Double Poste
30-05-17 00:54:22 [INFO] [OctoBans] Steph078 punished raz51100 for: Provocation
30-05-17 00:56:42 [INFO] [OctoBans] SkyKosIV punished evansfortin for: Majuscule
30-05-17 01:10:25 [INFO] [OctoBans] singe_de_telfort sql checked, record: spammp by SuperJojo to -1
30-05-17 01:10:25 [INFO] [OctoBans] singe_de_telfort sql checked, record: insultestaff by Theo97 to 1496103306
30-05-17 01:10:26 [INFO] [OctoBans] singe_de_telfort sql checked, record: spammp by SuperJojo to -1
30-05-17 01:10:26 [INFO] [OctoBans] singe_de_telfort sql checked, record: insultestaff by Theo97 to 1496103306
30-05-17 01:10:33 [INFO] [OctoBans] SkyKosIV punished singe_de_telfort for: Insulte staff
30-05-17 01:14:19 [INFO] [OctoBans] SkyKosIV punished singe_de_telfort for: Insulte staff
30-05-17 01:22:55 [INFO] [OctoBans] oeufdepoule62 sql checked, record: insultegrave by Theo97 to 1496110503
30-05-17 01:23:00 [INFO] [OctoBans] SkyKosIV punished oeufdepoule62 for: Insulte grave
30-05-17 01:52:26 [INFO] [OctoBans] erinoxlx sql checked, record: kickautre by Steph078 to -1
30-05-17 02:33:16 [INFO] [OctoBans] Remil punished siplyoyt for: Spam/flood
30-05-17 03:16:11 [INFO] [OctoBans] Remil punished raz51100 for: Spam/flood
30-05-17 04:43:31 [INFO] [OctoBans] imdylan sql checked, record: spammp by SnowEffect to -1
30-05-17 05:06:50 [INFO] [OctoBans] Theo97 punished shouteur for: Fausses informations
30-05-17 05:08:56 [INFO] [OctoBans] Theo97 punished kynoxx for: Double Poste
30-05-17 06:01:02 [INFO] [OctoBans] Disabling OctoBans v1.0
