22-08-17 22:31:42 [INFO] [OctoBans] File Handler successfully initialized!
22-08-17 22:31:42 [INFO] [OctoBans] SQL connection successfully etablished
22-08-17 22:31:42 [INFO] [OctoBans] Moderator Tools by Octonia.
22-08-17 22:31:48 [INFO] [OctoBans] by_fly sql checked, record: langage by Ceraiste to 1503434265
22-08-17 22:31:48 [INFO] [OctoBans] siruse sql checked, record: spammp by YTB_XxKarnageXx to -1
22-08-17 22:31:48 [INFO] [OctoBans] xxrandomxx sql checked, record: spammp by SmooKeur to -1
22-08-17 22:31:48 [INFO] [OctoBans] yolodu13 sql checked, record: spammp by Remil to -1
22-08-17 22:31:48 [INFO] [OctoBans] yolodu13 sql checked, record: insultegrave by Shainko to 1503622998
22-08-17 22:31:48 [INFO] [OctoBans] yolodu13 sql checked, record: insultegrave by EGGSPLOSION to 1503670787
22-08-17 22:31:48 [INFO] [OctoBans] totototo11 sql checked, record: spammp by NeosiaNexus to -1
22-08-17 22:31:48 [INFO] [OctoBans] totototo11 sql checked, record: spammp by PseudoNul to -1
22-08-17 22:31:49 [INFO] [OctoBans] justmyskill sql checked, record: kickautre by YTB_XxKarnageXx to -1
22-08-17 22:31:49 [INFO] [OctoBans] justmyskill sql checked, record: spammp by Remil to -1
22-08-17 22:31:49 [INFO] [OctoBans] sqkaa_ sql checked, record: spammp by Remil to -1
22-08-17 22:31:49 [INFO] [OctoBans] sam_ytb sql checked, record: spammp by iPurple_ to -1
22-08-17 22:31:49 [INFO] [OctoBans] sam_ytb sql checked, record: spammp by drbrine to -1
22-08-17 22:31:49 [INFO] [OctoBans] sam_ytb sql checked, record: spammp by TheBrioche13 to -1
22-08-17 22:31:49 [INFO] [OctoBans] roi_du_rush sql checked, record: spammp by YTB_XxKarnageXx to -1
22-08-17 22:31:49 [INFO] [OctoBans] zouloudance sql checked, record: faussesinfos by Remil to 1503582741
22-08-17 22:31:49 [INFO] [OctoBans] eren_yeager sql checked, record: spammp by PseudoNul to -1
22-08-17 22:31:49 [INFO] [OctoBans] eren_yeager sql checked, record: spam by Ceraiste to 1503447593
22-08-17 22:31:51 [INFO] [OctoBans] skiwiix_ sql checked, record: spam by NeyTox to 1503434695
22-08-17 22:31:53 [INFO] [OctoBans] natsu_29 sql checked, record: majuscule by NeyTox to 1503435915
22-08-17 22:32:02 [INFO] [OctoBans] julien78520 sql checked, record: doubleposte by NeyTox to 1503436429
22-08-17 22:32:03 [INFO] [OctoBans] lepotededarryl sql checked, record: majuscule by NeyTox to 1503433931
22-08-17 22:32:05 [INFO] [OctoBans] keen0x sql checked, record: insultegrave by Shainko to 1503460998
22-08-17 22:32:05 [INFO] [OctoBans] wiindows sql checked, record: floodmp by Forway to -1
22-08-17 22:32:05 [INFO] [OctoBans] wiindows sql checked, record: spammp by Remil to -1
22-08-17 22:32:31 [INFO] [OctoBans] _stamway sql checked, record: insultegrave by Forway to 1503468699
22-08-17 22:32:38 [INFO] [OctoBans] kyzirie sql checked, record: spammp by PseudoNul to -1
22-08-17 22:32:38 [INFO] [OctoBans] kyzirie sql checked, record: spammp by PseudoNul to -1
22-08-17 22:32:38 [INFO] [OctoBans] kyzirie sql checked, record: spammp by PseudoNul to -1
22-08-17 22:32:54 [INFO] [OctoBans] _strykz_ sql checked, record: spammp by Remil to -1
22-08-17 22:32:54 [INFO] [OctoBans] _strykz_ sql checked, record: spammp by Remil to -1
22-08-17 22:32:55 [INFO] [OctoBans] baka_le_fou sql checked, record: spammp by ZerKup to -1
22-08-17 22:32:56 [INFO] [OctoBans] kokojo sql checked, record: spammp by Remil to -1
22-08-17 22:32:56 [INFO] [OctoBans] kokojo sql checked, record: spam by Forway to 1503440258
22-08-17 22:32:58 [INFO] [OctoBans] blubfire sql checked, record: spammp by YTB_XxKarnageXx to -1
22-08-17 22:33:13 [INFO] [OctoBans] Ceraiste punished tibo for: Provocation
22-08-17 22:33:15 [INFO] [OctoBans] slug_life sql checked, record: insultegrave by Ceraiste to 1503469650
22-08-17 22:33:15 [INFO] [OctoBans] logamer sql checked, record: floodmp by Forway to -1
22-08-17 22:33:15 [INFO] [OctoBans] logamer sql checked, record: spammp by iPurple_ to -1
22-08-17 22:33:15 [INFO] [OctoBans] logamer sql checked, record: spammp by YTB_XxKarnageXx to -1
22-08-17 22:33:15 [INFO] [OctoBans] logamer sql checked, record: floodmp by Forway to -1
22-08-17 22:33:18 [INFO] [OctoBans] hayden_frost sql checked, record: spammp by PseudoNul to -1
22-08-17 22:33:18 [INFO] [OctoBans] hayden_frost sql checked, record: spammp by Remil to -1
22-08-17 22:33:18 [INFO] [OctoBans] harst sql checked, record: spammp by Remil to -1
22-08-17 22:33:18 [INFO] [OctoBans] harst sql checked, record: spam by Forway to 1503434232
22-08-17 22:33:20 [INFO] [OctoBans] wiirko sql checked, record: spammp by Remil to -1
22-08-17 22:33:23 [INFO] [OctoBans] gwendalm28 sql checked, record: incitationflood by Forway to 1503519162
22-08-17 22:33:45 [INFO] [OctoBans] osmanlitorunu sql checked, record: insultegrave by Forway to 1503500778
22-08-17 22:34:13 [INFO] [OctoBans] baby_driver sql checked, record: spammp by Remil to -1
22-08-17 22:35:13 [INFO] [OctoBans] wilson84 sql checked, record: kickautre by YTB_XxKarnageXx to -1
22-08-17 22:35:40 [INFO] [OctoBans] skygames974 sql checked, record: faussesinfos by FiasK0 to 1503580713
22-08-17 22:36:38 [INFO] [OctoBans] jasoxx sql checked, record: spammp by iPurple_ to -1
22-08-17 22:36:38 [INFO] [OctoBans] jasoxx sql checked, record: spammp by drbrine to -1
22-08-17 22:36:38 [INFO] [OctoBans] jasoxx sql checked, record: spammp by drbrine to -1
22-08-17 22:36:38 [INFO] [OctoBans] jasoxx sql checked, record: spammp by drbrine to -1
22-08-17 22:36:38 [INFO] [OctoBans] jasoxx sql checked, record: doubleposte by Forway to 1503434359
22-08-17 22:37:16 [INFO] [OctoBans] minecanis sql checked, record: spammp by Remil to -1
22-08-17 22:37:59 [INFO] [OctoBans] xxheroiikxx sql checked, record: floodmp by Forway to -1
22-08-17 22:37:59 [INFO] [OctoBans] xxheroiikxx sql checked, record: doubleposte by EGGSPLOSION to 1503434763
22-08-17 22:38:32 [INFO] [OctoBans] biguiboss31 sql checked, record: spammp by PseudoNul to -1
22-08-17 22:38:32 [INFO] [OctoBans] biguiboss31 sql checked, record: spammp by Remil to -1
22-08-17 22:40:13 [INFO] [OctoBans] Forway punished simard2003 for: Insulte grave
22-08-17 22:41:55 [INFO] [OctoBans] sam1 sql checked, record: spammp by Remil to -1
22-08-17 22:43:14 [INFO] [OctoBans] elbelladum sql checked, record: spammp by Steph078 to -1
22-08-17 22:43:26 [INFO] [OctoBans] blc_frr_pvp sql checked, record: insultegrave by woimant to 1503437675
22-08-17 22:45:42 [INFO] [OctoBans] theohand sql checked, record: insultegrave by FiasK0 to 1503479680
22-08-17 22:46:27 [INFO] [OctoBans] tigrediamant sql checked, record: insultegrave by Remil to 1503452354
22-08-17 22:48:37 [INFO] [OctoBans] killeur56 sql checked, record: spammp by iPurple_ to -1
22-08-17 22:48:37 [INFO] [OctoBans] killeur56 sql checked, record: spammp by TheBrioche13 to -1
22-08-17 22:48:37 [INFO] [OctoBans] killeur56 sql checked, record: floodmp by Forway to -1
22-08-17 22:49:16 [INFO] [OctoBans] neoss sql checked, record: insultestaff by Shainko to 1503460640
22-08-17 22:50:04 [INFO] [OctoBans] by_kw3e sql checked, record: kickautre by Antoine57565 to -1
22-08-17 22:52:43 [INFO] [OctoBans] foxpoxy sql checked, record: spammp by skhey to -1
22-08-17 22:55:11 [INFO] [OctoBans] adiix32yt sql checked, record: spammp by Remil to -1
22-08-17 22:56:28 [INFO] [OctoBans] mrkabab sql checked, record: spammp by Remil to -1
22-08-17 22:58:41 [INFO] [OctoBans] woimant punished dutche for: Double Poste
22-08-17 22:59:00 [INFO] [OctoBans] woimant punished neo_nix for: Spam/flood
22-08-17 23:00:42 [INFO] [OctoBans] woimant punished foxpoxy for: Double Poste
22-08-17 23:00:53 [INFO] [OctoBans] EGGSPLOSION punished la_banane for: Provocation
22-08-17 23:03:46 [INFO] [OctoBans] woimant punished selim6671 for: Langage incorrect
22-08-17 23:04:15 [INFO] [OctoBans] univerzkerror sql checked, record: faussesinfos by Shouteur to 1503587123
22-08-17 23:07:21 [INFO] [OctoBans] pepsicoca sql checked, record: spammp by Steph078 to -1
22-08-17 23:09:52 [INFO] [OctoBans] Ceraiste punished tyzaa for: Insulte grave
22-08-17 23:10:50 [INFO] [OctoBans] Ceraiste punished liskoh for: Provocation
22-08-17 23:19:15 [INFO] [OctoBans] insanity sql checked, record: spammp by SkyKosIV to -1
22-08-17 23:21:46 [INFO] [OctoBans] progameur sql checked, record: spammp by tinmar to -1
22-08-17 23:21:48 [INFO] [OctoBans] ktm125sx sql checked, record: spammp by Remil to -1
22-08-17 23:22:07 [INFO] [OctoBans] samy13310 sql checked, record: spammp by iPurple_ to -1
22-08-17 23:24:42 [INFO] [OctoBans] NeyTox punished feloxx for: Majuscule
22-08-17 23:26:04 [INFO] [OctoBans] Ceraiste punished arthurodelanoche for: Insulte grave
22-08-17 23:27:33 [INFO] [OctoBans] instateproofy sql checked, record: spammp by Remil to -1
22-08-17 23:27:33 [INFO] [OctoBans] instateproofy sql checked, record: spammp by Remil to -1
22-08-17 23:27:33 [INFO] [OctoBans] instateproofy sql checked, record: spammp by Remil to -1
22-08-17 23:31:27 [INFO] [OctoBans] Shainko punished natnatdu28 for: Double Poste
22-08-17 23:31:47 [INFO] [OctoBans] EGGSPLOSION punished redstormytb for: Spam/flood
22-08-17 23:32:12 [INFO] [OctoBans] Shainko punished boumboum for: Double Poste
22-08-17 23:34:05 [INFO] [OctoBans] NeyTox punished xxrandomxx for: Langage incorrect
22-08-17 23:39:49 [INFO] [OctoBans] YTB_XxKarnageXx punished thedarkness06 for: Incitation au flood
22-08-17 23:41:07 [INFO] [OctoBans] pandazzz sql checked, record: spammp by Remil to -1
22-08-17 23:42:24 [INFO] [OctoBans] alberic sql checked, record: spammp by Remil to -1
22-08-17 23:42:56 [INFO] [OctoBans] NeyTox punished nospeedjustnike for: Incitation au flood
22-08-17 23:43:05 [INFO] [OctoBans] NeyTox punished wysk4r for: Majuscule
22-08-17 23:47:21 [INFO] [OctoBans] _vortex_ sql checked, record: insultestaff by provaix to 1503480141
22-08-17 23:47:40 [INFO] [OctoBans] Wiindows punished darryl1 for: Double Poste
22-08-17 23:58:41 [INFO] [OctoBans] Shainko punished natnatdu28 for: Double Poste
23-08-17 00:04:14 [INFO] [OctoBans] kitito sql checked, record: tpkill by YTB_XxKarnageXx to 1503583762
23-08-17 00:06:35 [INFO] [OctoBans] jojolatereur971 sql checked, record: spammp by TheBrioche13 to -1
23-08-17 00:14:36 [INFO] [OctoBans] YTB_XxKarnageXx punished darryl1 for: Majuscule
23-08-17 00:15:44 [INFO] [OctoBans] _topui_ sql checked, record: spammp by ZerKup to -1
23-08-17 00:20:36 [INFO] [OctoBans] YTB_XxKarnageXx punished pandazzz for: Langage incorrect
23-08-17 00:22:19 [INFO] [OctoBans] prayforyou_ sql checked, record: faussesinfos by ChronoEthernal to 1503519489
23-08-17 00:27:47 [INFO] [OctoBans] YTB_XxKarnageXx punished killeur56 for: Spam/flood en MP
23-08-17 00:29:12 [INFO] [OctoBans] YTB_XxKarnageXx punished natnatdu28 for: Double Poste
23-08-17 00:29:58 [INFO] [OctoBans] este71 sql checked, record: insultegrave by Forway to 1503502663
23-08-17 00:32:35 [INFO] [OctoBans] YTB_XxKarnageXx punished killeur56 for: Insulte grave
23-08-17 00:34:46 [INFO] [OctoBans] woimant punished 6zo for: Double Poste
23-08-17 00:36:01 [INFO] [OctoBans] Wiindows punished la_banane for: Provocation
23-08-17 00:37:23 [INFO] [OctoBans] mindex45 sql checked, record: spammp by SnowEffect to -1
23-08-17 00:37:23 [INFO] [OctoBans] mindex45 sql checked, record: kickautre by NeosiaNexus to -1
23-08-17 00:40:32 [INFO] [OctoBans] YTB_XxKarnageXx punished _strykz_ for: Provocation
23-08-17 00:44:35 [INFO] [OctoBans] whiskass sql checked, record: spammp by SuperJojo to -1
23-08-17 00:49:49 [INFO] [OctoBans] d3adorsnipsurytb sql checked, record: spammp by Remil to -1
23-08-17 00:49:49 [INFO] [OctoBans] d3adorsnipsurytb sql checked, record: spammp by Remil to -1
23-08-17 00:49:49 [INFO] [OctoBans] d3adorsnipsurytb sql checked, record: spammp by SmooCoeur to -1
23-08-17 00:50:52 [INFO] [OctoBans] karimospvp sql checked, record: spammp by YTB_XxKarnageXx to -1
23-08-17 00:50:52 [INFO] [OctoBans] karimospvp sql checked, record: spammp by YTB_XxKarnageXx to -1
23-08-17 00:50:52 [INFO] [OctoBans] karimospvp sql checked, record: spammp by tinmar to -1
23-08-17 00:50:52 [INFO] [OctoBans] karimospvp sql checked, record: insultestaff by Shainko to 1503457302
23-08-17 00:52:36 [INFO] [OctoBans] Wiindows punished zeroz for: Double Poste
23-08-17 01:07:37 [INFO] [OctoBans] Wiindows punished darryl1 for: Insulte grave
23-08-17 01:21:48 [INFO] [OctoBans] hockey25 sql checked, record: spammp by iPurple_ to -1
23-08-17 01:21:48 [INFO] [OctoBans] hockey25 sql checked, record: spammp by iPurple_ to -1
23-08-17 01:21:48 [INFO] [OctoBans] hockey25 sql checked, record: spammp by Anzerti to -1
23-08-17 01:41:51 [INFO] [OctoBans] Wiindows punished _topui_ for: Majuscule
23-08-17 01:42:06 [INFO] [OctoBans] Wiindows punished pikastar for: Double Poste
23-08-17 03:58:00 [INFO] [OctoBans] Wiindows punished vartoooxx for: Langage incorrect
23-08-17 03:58:02 [INFO] [OctoBans] Wiindows punished by_fly for: Provocation
23-08-17 03:58:14 [INFO] [OctoBans] Wiindows punished justmyskill for: Provocation
23-08-17 03:58:18 [INFO] [OctoBans] Wiindows punished sqkaa_ for: Provocation
23-08-17 04:24:44 [INFO] [OctoBans] Wiindows punished _topui_ for: Provocation
23-08-17 04:29:09 [INFO] [OctoBans] Wiindows punished d3adorsnipsurytb for: Provocation
23-08-17 04:30:43 [INFO] [OctoBans] Wiindows punished justmyskill for: Provocation
23-08-17 06:01:01 [INFO] [OctoBans] Disabling OctoBans v1.0
