10-07-17 22:31:44 [INFO] [OctoBans] File Handler successfully initialized!
10-07-17 22:31:44 [INFO] [OctoBans] SQL connection successfully etablished
10-07-17 22:31:44 [INFO] [OctoBans] Moderator Tools by Octonia.
10-07-17 22:31:49 [INFO] [OctoBans] fabio sql checked, record: spammp by Remil to -1
10-07-17 22:31:49 [INFO] [OctoBans] pablo sql checked, record: kickautre by Antoine57565 to -1
10-07-17 22:31:49 [INFO] [OctoBans] ipurple_ sql checked, record: spammp by SnowEffect to -1
10-07-17 22:31:49 [INFO] [OctoBans] lefifoudu3 sql checked, record: spammp by SuperJojo to -1
10-07-17 22:31:49 [INFO] [OctoBans] xelio57 sql checked, record: spammp by SnowEffect to -1
10-07-17 22:31:50 [INFO] [OctoBans] geekboy sql checked, record: spammp by skhey to -1
10-07-17 22:31:50 [INFO] [OctoBans] dark_titix sql checked, record: spammp by Remil to -1
10-07-17 22:31:50 [INFO] [OctoBans] waytek sql checked, record: spammp by PseudoNul to -1
10-07-17 22:31:50 [INFO] [OctoBans] waytek sql checked, record: spammp by Remil to -1
10-07-17 22:31:50 [INFO] [OctoBans] waytek sql checked, record: spammp by Remil to -1
10-07-17 22:31:50 [INFO] [OctoBans] icrowz_ sql checked, record: spammp by iPurple_ to -1
10-07-17 22:31:50 [INFO] [OctoBans] icrowz_ sql checked, record: homophobie by YTB_XxKarnageXx to 1499798306
10-07-17 22:31:50 [INFO] [OctoBans] karim_gaming sql checked, record: faussesinfos by YTB_XxKarnageXx to 1499792601
10-07-17 22:31:50 [INFO] [OctoBans] itunz_ sql checked, record: pubyt by TheBrioche13 to 1499721318
10-07-17 22:31:50 [INFO] [OctoBans] pioupiou2003 sql checked, record: spam by SnowEffect to 1499726672
10-07-17 22:31:50 [INFO] [OctoBans] thebrioche13 sql checked, record: spammp by Remil to -1
10-07-17 22:31:50 [INFO] [OctoBans] thebrioche13 sql checked, record: spammp by SkyKosIV to -1
10-07-17 22:31:50 [INFO] [OctoBans] leonardo sql checked, record: spam by SnowEffect to 1499719842
10-07-17 22:31:50 [INFO] [OctoBans] bardaxx_ sql checked, record: insultesrv by SnowEffect to 1499724766
10-07-17 22:31:50 [INFO] [OctoBans] craziix_eu sql checked, record: spammp by Remil to -1
10-07-17 22:31:50 [INFO] [OctoBans] craziix_eu sql checked, record: spammp by Remil to -1
10-07-17 22:31:50 [INFO] [OctoBans] craziix_eu sql checked, record: spammp by Remil to -1
10-07-17 22:31:50 [INFO] [OctoBans] craziix_eu sql checked, record: spammp by Remil to -1
10-07-17 22:31:50 [INFO] [OctoBans] izi_les_byy sql checked, record: spammp by YTB_XxKarnageXx to -1
10-07-17 22:31:50 [INFO] [OctoBans] izi_les_byy sql checked, record: spammp by SuperJojo to -1
10-07-17 22:31:50 [INFO] [OctoBans] izi_les_byy sql checked, record: spammp by Remil to -1
10-07-17 22:31:50 [INFO] [OctoBans] warrjee sql checked, record: doubleposte by flowz to 1499719399
10-07-17 22:31:50 [INFO] [OctoBans] arsenic_ytb sql checked, record: spammp by Remil to -1
10-07-17 22:31:50 [INFO] [OctoBans] arsenic_ytb sql checked, record: spammp by iPurple_ to -1
10-07-17 22:31:50 [INFO] [OctoBans] theparadiz sql checked, record: faussesinfos by SnowEffect to 1499753543
10-07-17 22:31:50 [INFO] [OctoBans] azrod59 sql checked, record: insultegrave by D3adOrSnipSurYTB to 1499739507
10-07-17 22:31:50 [INFO] [OctoBans] tyzaa sql checked, record: spammp by PseudoNul to -1
10-07-17 22:31:50 [INFO] [OctoBans] tyzaa sql checked, record: insultegrave by FiasK0 to 1499745004
10-07-17 22:31:50 [INFO] [OctoBans] tyzaa sql checked, record: insultestaff by drbrine to 1499720565
10-07-17 22:31:50 [INFO] [OctoBans] blueziks sql checked, record: flood by iPurple_ to 1499722032
10-07-17 22:31:55 [INFO] [OctoBans] lassa18 sql checked, record: spammp by Remil to -1
10-07-17 22:31:55 [INFO] [OctoBans] lassa18 sql checked, record: spammp by Remil to -1
10-07-17 22:31:57 [INFO] [OctoBans] marchandloup sql checked, record: spammp by Remil to -1
10-07-17 22:31:57 [INFO] [OctoBans] marchandloup sql checked, record: spammp by PseudoNul to -1
10-07-17 22:31:58 [INFO] [OctoBans] wheass sql checked, record: spammp by SkyKosIV to -1
10-07-17 22:31:59 [INFO] [OctoBans] alberic sql checked, record: spammp by Remil to -1
10-07-17 22:31:59 [INFO] [OctoBans] midou14 sql checked, record: insultegrave by D3adOrSnipSurYTB to 1499786170
10-07-17 22:32:02 [INFO] [OctoBans] twinx_boy sql checked, record: spammp by SnowEffect to -1
10-07-17 22:32:02 [INFO] [OctoBans] minepixelytb sql checked, record: spam by Antoine57565 to 1499724991
10-07-17 22:32:17 [INFO] [OctoBans] d3adorsnipsurytb sql checked, record: spammp by SuperJojo to -1
10-07-17 22:32:22 [INFO] [OctoBans] lololefou sql checked, record: incitationflood by Forway to 1499765150
10-07-17 22:32:28 [INFO] [OctoBans] shouteur sql checked, record: spammp by Remil to -1
10-07-17 22:32:28 [INFO] [OctoBans] shouteur sql checked, record: spammp by Remil to -1
10-07-17 22:32:28 [INFO] [OctoBans] shouteur sql checked, record: spammp by Remil to -1
10-07-17 22:32:28 [INFO] [OctoBans] shouteur sql checked, record: spammp by Remil to -1
10-07-17 22:32:32 [INFO] [OctoBans] julie52100 sql checked, record: spammp by SnowEffect to -1
10-07-17 22:32:32 [INFO] [OctoBans] julie52100 sql checked, record: spammp by PseudoNul to -1
10-07-17 22:32:32 [INFO] [OctoBans] julie52100 sql checked, record: insultestaff by Anzerti to 1499755009
10-07-17 22:32:32 [INFO] [OctoBans] julie52100 sql checked, record: insultestaff by tinmar to 1499804016
10-07-17 22:32:32 [INFO] [OctoBans] julie52100 sql checked, record: spam by drbrine to 1499726066
10-07-17 22:32:32 [INFO] [OctoBans] octoway sql checked, record: incitationflood by PseudoNul to 1499767140
10-07-17 22:32:33 [INFO] [OctoBans] olivier28130 sql checked, record: insultegrave by FiasK0 to 1499778702
10-07-17 22:32:35 [INFO] [OctoBans] newzox sql checked, record: spam by drbrine to 1499721038
10-07-17 22:32:38 [INFO] [OctoBans] sam_ytb sql checked, record: spammp by iPurple_ to -1
10-07-17 22:32:49 [INFO] [OctoBans] _dragibus_ sql checked, record: spammp by Remil to -1
10-07-17 22:32:49 [INFO] [OctoBans] _dragibus_ sql checked, record: spammp by Remil to -1
10-07-17 22:32:49 [INFO] [OctoBans] _dragibus_ sql checked, record: spammp by Remil to -1
10-07-17 22:32:49 [INFO] [OctoBans] _dragibus_ sql checked, record: spammp by Remil to -1
10-07-17 22:32:49 [INFO] [OctoBans] _dragibus_ sql checked, record: spammp by Remil to -1
10-07-17 22:32:49 [INFO] [OctoBans] _dragibus_ sql checked, record: spammp by Remil to -1
10-07-17 22:32:49 [INFO] [OctoBans] _dragibus_ sql checked, record: spammp by Remil to -1
10-07-17 22:32:49 [INFO] [OctoBans] _dragibus_ sql checked, record: spammp by Remil to -1
10-07-17 22:32:49 [INFO] [OctoBans] _dragibus_ sql checked, record: spammp by Remil to -1
10-07-17 22:32:49 [INFO] [OctoBans] _dragibus_ sql checked, record: spammp by Remil to -1
10-07-17 22:32:49 [INFO] [OctoBans] _dragibus_ sql checked, record: spammp by Remil to -1
10-07-17 22:32:49 [INFO] [OctoBans] _dragibus_ sql checked, record: spammp by Remil to -1
10-07-17 22:32:49 [INFO] [OctoBans] _dragibus_ sql checked, record: spammp by PseudoNul to -1
10-07-17 22:32:49 [INFO] [OctoBans] _dragibus_ sql checked, record: spammp by SkyKosIV to -1
10-07-17 22:32:49 [INFO] [OctoBans] _dragibus_ sql checked, record: spammp by Remil to -1
10-07-17 22:32:49 [INFO] [OctoBans] _dragibus_ sql checked, record: spammp by Remil to -1
10-07-17 22:32:52 [INFO] [OctoBans] wolfgang sql checked, record: insultegrave by DEEProdole to 1499752572
10-07-17 22:33:30 [INFO] [OctoBans] drkiritoz_ sql checked, record: spammp by YTB_XxKarnageXx to -1
10-07-17 22:33:30 [INFO] [OctoBans] drkiritoz_ sql checked, record: spammp by SuperJojo to -1
10-07-17 22:33:30 [INFO] [OctoBans] drkiritoz_ sql checked, record: floodmp by Forway to -1
10-07-17 22:33:30 [INFO] [OctoBans] drkiritoz_ sql checked, record: spammp by Remil to -1
10-07-17 22:33:30 [INFO] [OctoBans] drkiritoz_ sql checked, record: spammp by iPurple_ to -1
10-07-17 22:33:30 [INFO] [OctoBans] drkiritoz_ sql checked, record: spammp by Remil to -1
10-07-17 22:34:44 [INFO] [OctoBans] war2sunn sql checked, record: insultegrave by D3adOrSnipSurYTB to 1499726305
10-07-17 22:34:49 [INFO] [OctoBans] Antoine57565 punished tomcase14 for: Raison inconnue
10-07-17 22:35:14 [INFO] [OctoBans] wahleno sql checked, record: kickautre by MrPropre to -1
10-07-17 22:35:52 [INFO] [OctoBans] clem010 sql checked, record: spammp by Remil to -1
10-07-17 22:36:36 [INFO] [OctoBans] produpvp sql checked, record: spammp by Remil to -1
10-07-17 22:36:39 [INFO] [OctoBans] D3adOrSnipSurYTB punished alhzen for: Insulte staff
10-07-17 22:36:56 [INFO] [OctoBans] unpandaquitebute sql checked, record: floodmp by Forway to -1
10-07-17 22:37:01 [INFO] [OctoBans] flowz punished alhzen for: Insulte grave
10-07-17 22:37:34 [INFO] [OctoBans] ns_zetrox sql checked, record: insultegrave by drbrine to 1499734360
10-07-17 22:38:26 [INFO] [OctoBans] Antoine57565 punished thebrioche13 for: Raison inconnue
10-07-17 22:38:36 [INFO] [OctoBans] Antoine57565 punished tomcase14 for: Raison inconnue
10-07-17 22:39:09 [INFO] [OctoBans] misterboss31 sql checked, record: spammp by SkyKosIV to -1
10-07-17 22:40:51 [INFO] [OctoBans] n3qi62 sql checked, record: spammp by iPurple_ to -1
10-07-17 22:42:02 [INFO] [OctoBans] titidu06 sql checked, record: spammp by PseudoNul to -1
10-07-17 22:42:29 [INFO] [OctoBans] _hello_kitty sql checked, record: spammp by SuperJojo to -1
10-07-17 22:42:29 [INFO] [OctoBans] _hello_kitty sql checked, record: spammp by PseudoNul to -1
10-07-17 22:42:32 [INFO] [OctoBans] arrowgaming sql checked, record: spammp by SkyKosIV to -1
10-07-17 22:42:47 [INFO] [OctoBans] leikow sql checked, record: kickautre by Steph078 to -1
10-07-17 22:43:51 [INFO] [OctoBans] D3adOrSnipSurYTB punished fabio for: Provocation
10-07-17 22:45:02 [INFO] [OctoBans] itsfirepvp sql checked, record: homophobie by Anzerti to 1499763985
10-07-17 22:45:41 [INFO] [OctoBans] stonewolf sql checked, record: spammp by SuperJojo to -1
10-07-17 22:47:37 [INFO] [OctoBans] D3adOrSnipSurYTB punished _dragibus_ for: Majuscule
10-07-17 22:48:27 [INFO] [OctoBans] MaacDoo punished senpai for: Langage incorrect
10-07-17 22:49:01 [INFO] [OctoBans] MaacDoo punished quentin62lol for: Majuscule
10-07-17 22:49:47 [INFO] [OctoBans] TheBrioche13 punished blackkarrow for: Insulte staff
10-07-17 22:50:06 [INFO] [OctoBans] idreyzen sql checked, record: incitationflood by Forway to 1499765156
10-07-17 22:54:04 [INFO] [OctoBans] etlimas sql checked, record: spammp by SkyKosIV to -1
10-07-17 22:57:25 [INFO] [OctoBans] lolo201 sql checked, record: spammp by Remil to -1
10-07-17 22:58:30 [INFO] [OctoBans] TheBrioche13 punished nicos12150 for: Double Poste
10-07-17 22:58:54 [INFO] [OctoBans] TheBrioche13 punished juju123 for: Double Poste
10-07-17 23:00:21 [INFO] [OctoBans] TheBrioche13 punished xxryazdrassxx for: Double Poste
10-07-17 23:01:17 [INFO] [OctoBans] getturclegrand sql checked, record: spammp by YTB_XxKarnageXx to -1
10-07-17 23:01:17 [INFO] [OctoBans] getturclegrand sql checked, record: incitationflood by SnowEffect to 1499801806
10-07-17 23:01:20 [INFO] [OctoBans] MaacDoo punished ocip_matth for: Double Poste
10-07-17 23:01:58 [INFO] [OctoBans] vendeur2kebab sql checked, record: spammp by ZerKup to -1
10-07-17 23:01:58 [INFO] [OctoBans] vendeur2kebab sql checked, record: spammp by YTB_XxKarnageXx to -1
10-07-17 23:06:16 [INFO] [OctoBans] wardinq_ sql checked, record: spammp by YTB_XxKarnageXx to -1
10-07-17 23:06:27 [INFO] [OctoBans] osmanlitorunu sql checked, record: incitationflood by DEEProdole to 1499875508
10-07-17 23:13:40 [INFO] [OctoBans] TheBrioche13 punished lordblue22 for: Spam/flood
10-07-17 23:14:16 [INFO] [OctoBans] TheBrioche13 punished lordblue22 for: Spam/flood
10-07-17 23:14:17 [INFO] [OctoBans] ray54 sql checked, record: spammp by SuperJojo to -1
10-07-17 23:15:08 [INFO] [OctoBans] by_fly sql checked, record: kickautre by Antoine57565 to -1
10-07-17 23:15:08 [INFO] [OctoBans] by_fly sql checked, record: spammp by Remil to -1
10-07-17 23:16:13 [INFO] [OctoBans] stickfly sql checked, record: spammp by SnowEffect to -1
10-07-17 23:16:13 [INFO] [OctoBans] stickfly sql checked, record: insultegrave by YTB_XxKarnageXx to 1499722549
10-07-17 23:16:13 [INFO] [OctoBans] stickfly sql checked, record: insultegrave by SnowEffect to 1499759186
10-07-17 23:16:18 [INFO] [OctoBans] TheBrioche13 punished docjungle for: Double Poste
10-07-17 23:20:09 [INFO] [OctoBans] blackwhite010 sql checked, record: spammp by Remil to -1
10-07-17 23:20:24 [INFO] [OctoBans] nicerush sql checked, record: spammp by YTB_XxKarnageXx to -1
10-07-17 23:20:24 [INFO] [OctoBans] nicerush sql checked, record: spammp by PseudoNul to -1
10-07-17 23:20:24 [INFO] [OctoBans] nicerush sql checked, record: incitationflood by DEEProdole to 1499787847
10-07-17 23:20:37 [INFO] [OctoBans] papigabi sql checked, record: spammp by SnowEffect to -1
10-07-17 23:20:37 [INFO] [OctoBans] papigabi sql checked, record: spammp by SnowEffect to -1
10-07-17 23:23:05 [INFO] [OctoBans] hayden_frost sql checked, record: spammp by PseudoNul to -1
10-07-17 23:27:12 [INFO] [OctoBans] iPurple_ punished trivoxe for: Double Poste
10-07-17 23:28:27 [INFO] [OctoBans] MaacDoo punished mazeup for: Majuscule
10-07-17 23:29:02 [INFO] [OctoBans] MaacDoo punished poukijump for: Double Poste
10-07-17 23:30:24 [INFO] [OctoBans] pgolden sql checked, record: spam by Kyabe to 1499729316
10-07-17 23:32:36 [INFO] [OctoBans] brakhorytb sql checked, record: spammp by iPurple_ to -1
10-07-17 23:32:49 [INFO] [OctoBans] zefyzz sql checked, record: spam by Kyabe to 1499725697
10-07-17 23:34:12 [INFO] [OctoBans] skypemod sql checked, record: spammp by YTB_XxKarnageXx to -1
10-07-17 23:34:12 [INFO] [OctoBans] skypemod sql checked, record: spammp by PseudoNul to -1
10-07-17 23:35:26 [INFO] [OctoBans] The_Frusty punished wardinq_ for: Insulte
10-07-17 23:37:00 [INFO] [OctoBans] darksahdow sql checked, record: faussesinfos by SkyKosIV to 1499728770
10-07-17 23:38:12 [INFO] [OctoBans] DEEProdole punished etlimas for: Spam/flood
10-07-17 23:43:36 [INFO] [OctoBans] karimospvp sql checked, record: spammp by YTB_XxKarnageXx to -1
10-07-17 23:44:39 [INFO] [OctoBans] drbrine punished cirstay for: Publicité Youtubeur
10-07-17 23:44:59 [INFO] [OctoBans] lehewewdu44 sql checked, record: incitationflood by Forway to 1499724756
10-07-17 23:46:42 [INFO] [OctoBans] renards127 sql checked, record: doubleposte by Kyabe to 1499725159
10-07-17 23:48:37 [INFO] [OctoBans] iPurple_ punished ugarrow_ for: Insulte
10-07-17 23:53:00 [INFO] [OctoBans] oeufdepoule62 sql checked, record: spammp by Remil to -1
10-07-17 23:53:00 [INFO] [OctoBans] oeufdepoule62 sql checked, record: spammp by SkyKosIV to -1
10-07-17 23:54:53 [INFO] [OctoBans] natan sql checked, record: faussesinfos by 54melih54 to 1499863752
10-07-17 23:56:40 [INFO] [OctoBans] D3adOrSnipSurYTB punished xenario for: Double Poste
10-07-17 23:56:48 [INFO] [OctoBans] elbelladum sql checked, record: spammp by Steph078 to -1
10-07-17 23:58:44 [INFO] [OctoBans] iPurple_ punished d4pvp17 for: Majuscule
11-07-17 00:01:39 [INFO] [OctoBans] DEEProdole punished laochi_6969 for: Spam/flood
11-07-17 00:03:22 [INFO] [OctoBans] D3adOrSnipSurYTB punished taiko55 for: Majuscule
11-07-17 00:06:15 [INFO] [OctoBans] yassir321 sql checked, record: spammp by PseudoNul to -1
11-07-17 00:07:46 [INFO] [OctoBans] mistergamingv2 sql checked, record: spammp by Remil to -1
11-07-17 00:07:46 [INFO] [OctoBans] mistergamingv2 sql checked, record: spammp by YTB_XxKarnageXx to -1
11-07-17 00:12:25 [INFO] [OctoBans] hockey25 sql checked, record: spammp by iPurple_ to -1
11-07-17 00:12:25 [INFO] [OctoBans] hockey25 sql checked, record: spammp by iPurple_ to -1
11-07-17 00:13:39 [INFO] [OctoBans] D3adOrSnipSurYTB punished arthopos for: Langage incorrect
11-07-17 00:15:13 [INFO] [OctoBans] Kyabe punished zayrok45 for: Majuscule
11-07-17 00:23:54 [INFO] [OctoBans] DEEProdole punished azrod59 for: Langage incorrect
11-07-17 00:26:44 [INFO] [OctoBans] DEEProdole punished lassa18 for: Fausses informations
11-07-17 00:27:38 [INFO] [OctoBans] azizlapoite sql checked, record: menacehack by Remil to 1499740359
11-07-17 00:27:38 [INFO] [OctoBans] azizlapoite sql checked, record: menacehack by Remil to 1499999609
11-07-17 00:27:56 [INFO] [OctoBans] DEEProdole punished marseillekalash for: Provocation
11-07-17 00:29:13 [INFO] [OctoBans] sqkaa_ sql checked, record: spammp by SkyKosIV to -1
11-07-17 00:29:13 [INFO] [OctoBans] sqkaa_ sql checked, record: doubleposte by Kyabe to 1499726301
11-07-17 00:29:54 [INFO] [OctoBans] Kyabe punished craziix_eu for: Spam/flood
11-07-17 00:30:10 [INFO] [OctoBans] DEEProdole punished momoali for: Spam/flood
11-07-17 00:31:44 [INFO] [OctoBans] zefwix sql checked, record: incitationflood by SnowEffect to 1499778335
11-07-17 00:32:12 [INFO] [OctoBans] MaacDoo punished ocip_matth for: Insulte
11-07-17 00:33:50 [INFO] [OctoBans] DEEProdole punished lebambouzz for: Double Poste
11-07-17 00:33:56 [INFO] [OctoBans] drbrine punished neosianexus for: Majuscule
11-07-17 00:34:28 [INFO] [OctoBans] wardinq_ sql checked, record: spammp by YTB_XxKarnageXx to -1
11-07-17 00:35:45 [INFO] [OctoBans] Kyabe punished winboxx for: Double Poste
11-07-17 00:37:03 [INFO] [OctoBans] Kyabe punished maze_yt for: Spam/flood
11-07-17 00:37:22 [INFO] [OctoBans] DEEProdole punished mastazkaz for: Double Poste
11-07-17 00:38:41 [INFO] [OctoBans] drbrine punished mlek for: Double Poste
11-07-17 00:39:16 [INFO] [OctoBans] DEEProdole punished diablox3102 for: Spam/flood
11-07-17 00:41:05 [INFO] [OctoBans] iPurple_ punished hockey25 for: Provocation
11-07-17 00:43:44 [INFO] [OctoBans] iPurple_ punished ishaadow_ for: Insulte
11-07-17 00:44:04 [INFO] [OctoBans] drbrine punished ishaadow_ for: Homophobie
11-07-17 00:45:24 [INFO] [OctoBans] badounoux sql checked, record: spammp by ZerKup to -1
11-07-17 00:48:09 [INFO] [OctoBans] DEEProdole punished yassir321 for: Double Poste
11-07-17 00:51:14 [INFO] [OctoBans] iPurple_ punished matth for: Spam/flood
11-07-17 00:51:54 [INFO] [OctoBans] DEEProdole punished brakhorytb for: Spam/flood
11-07-17 00:55:29 [INFO] [OctoBans] MaacDoo punished mimozz for: Double Poste
11-07-17 01:00:59 [INFO] [OctoBans] drbrine punished shetters for: Provocation
11-07-17 01:02:13 [INFO] [OctoBans] xxheroiikxx sql checked, record: floodmp by Forway to -1
11-07-17 01:04:21 [INFO] [OctoBans] FiasK0 punished theohand for: Double Poste
11-07-17 01:10:42 [INFO] [OctoBans] drbrine punished the_frusty for: Spam/flood
11-07-17 01:11:11 [INFO] [OctoBans] iPurple_ punished bbdark for: Langage incorrect
11-07-17 01:11:32 [INFO] [OctoBans] iPurple_ punished bbdark for: Insulte
11-07-17 01:14:41 [INFO] [OctoBans] DEEProdole punished hockey25 for: Langage incorrect
11-07-17 01:16:39 [INFO] [OctoBans] DEEProdole punished minecanis for: Provocation
11-07-17 01:18:41 [INFO] [OctoBans] samy13310 sql checked, record: incitationflood by Anzerti to 1499780133
11-07-17 01:19:57 [INFO] [OctoBans] D3adOrSnipSurYTB punished renards127 for: Double Poste
11-07-17 01:20:31 [INFO] [OctoBans] drbrine punished bykory for: Spam/flood
11-07-17 01:20:59 [INFO] [OctoBans] MaacDoo punished sweetchilli for: Double Poste
11-07-17 01:29:16 [INFO] [OctoBans] FiasK0 punished sweetchilli for: Double Poste
11-07-17 01:42:43 [INFO] [OctoBans] MaacDoo punished mike_az for: Insulte
11-07-17 01:47:12 [INFO] [OctoBans] D3adOrSnipSurYTB punished ultron for: Double Poste
11-07-17 01:49:59 [INFO] [OctoBans] iPurple_ punished tomcase14 for: Insulte grave
11-07-17 01:50:08 [INFO] [OctoBans] D3adOrSnipSurYTB punished laknar for: Double Poste
11-07-17 01:50:56 [INFO] [OctoBans] D3adOrSnipSurYTB punished juju123 for: Double Poste
11-07-17 02:00:56 [INFO] [OctoBans] DEEProdole punished dragongaming for: Double Poste
11-07-17 02:04:43 [INFO] [OctoBans] mathieu28130 sql checked, record: insultestaff by iPurple_ to 1499740556
11-07-17 02:06:20 [INFO] [OctoBans] azr530 sql checked, record: spammp by PseudoNul to -1
11-07-17 02:06:42 [INFO] [OctoBans] xeloman sql checked, record: spammp by SnowEffect to -1
11-07-17 02:16:08 [INFO] [OctoBans] iPurple_ punished simyasuoplayer for: Insulte
11-07-17 02:17:30 [INFO] [OctoBans] iPurple_ punished julie52100 for: Spam /f open
11-07-17 02:24:58 [INFO] [OctoBans] iPurple_ punished goto_camus2 for: Double Poste
11-07-17 02:26:33 [INFO] [OctoBans] MaacDoo punished rayz_burn for: Spam/flood
11-07-17 02:30:30 [INFO] [OctoBans] iPurple_ punished vokken for: Double Poste
11-07-17 02:30:32 [INFO] [OctoBans] ormilope sql checked, record: spammp by YTB_XxKarnageXx to -1
11-07-17 02:30:49 [INFO] [OctoBans] MaacDoo punished thedarkorb45 for: Langage incorrect
11-07-17 02:51:03 [INFO] [OctoBans] by_kw3e sql checked, record: kickautre by Antoine57565 to -1
11-07-17 02:53:55 [INFO] [OctoBans] iPurple_ punished maze_yt for: Double Poste
11-07-17 02:57:55 [INFO] [OctoBans] iPurple_ punished shouteur for: Majuscule
11-07-17 02:58:09 [INFO] [OctoBans] iPurple_ punished zumbie for: Majuscule
11-07-17 03:04:58 [INFO] [OctoBans] iPurple_ punished loleur07 for: Double Poste
11-07-17 03:06:31 [INFO] [OctoBans] iPurple_ punished thedarkorb45 for: Insulte grave
11-07-17 03:22:57 [INFO] [OctoBans] MaacDoo punished norespecte for: Majuscule
11-07-17 03:43:48 [INFO] [OctoBans] iPurple_ punished mrdelta for: Majuscule
11-07-17 03:54:37 [INFO] [OctoBans] MaacDoo punished godzephyr for: Spam/flood
11-07-17 03:56:44 [INFO] [OctoBans] iPurple_ punished by_kw3e for: Langage incorrect
11-07-17 03:56:59 [INFO] [OctoBans] iPurple_ punished unpandaquitebute for: Langage incorrect
11-07-17 04:34:22 [INFO] [OctoBans] MaacDoo punished mike_az for: Spam/flood
11-07-17 05:48:50 [INFO] [OctoBans] iPurple_ punished pandayt for: Insulte
11-07-17 06:01:03 [INFO] [OctoBans] Disabling OctoBans v1.0
