21-12-17 22:31:42 [INFO] [OctoBans] File Handler successfully initialized!
21-12-17 22:31:42 [INFO] [OctoBans] SQL connection successfully etablished
21-12-17 22:31:42 [INFO] [OctoBans] Moderator Tools by Octonia.
21-12-17 22:31:47 [INFO] [OctoBans] blastninja sql checked, record: spam by MrBlaze77 to 1513904510
21-12-17 22:31:47 [INFO] [OctoBans] fngod sql checked, record: spammp by FamousxRay to -1
21-12-17 22:31:47 [INFO] [OctoBans] fngod sql checked, record: spammp by drbrine to -1
21-12-17 22:31:47 [INFO] [OctoBans] mrkebab sql checked, record: spammp by SmooKeur to -1
21-12-17 22:31:47 [INFO] [OctoBans] mrkebab sql checked, record: insultegrave by Zayrox29 to 1513995397
21-12-17 22:31:47 [INFO] [OctoBans] mrkebab sql checked, record: spammp by PseudooNull to -1
21-12-17 22:31:47 [INFO] [OctoBans] mrkebab sql checked, record: spammp by zlKayzen to -1
21-12-17 22:31:47 [INFO] [OctoBans] ertynox83 sql checked, record: spammp by Koeseb97 to -1
21-12-17 22:31:47 [INFO] [OctoBans] softspringer sql checked, record: spammp by LaKitaw to -1
21-12-17 22:31:47 [INFO] [OctoBans] skybow sql checked, record: spammp by yeti2001vd to -1
21-12-17 22:31:47 [INFO] [OctoBans] skybow sql checked, record: spammp by drbrine to -1
21-12-17 22:31:47 [INFO] [OctoBans] grospvp sql checked, record: spammp by EGGSPLOSION to -1
21-12-17 22:31:47 [INFO] [OctoBans] xx_biom_xx sql checked, record: spammp by Spovly to -1
21-12-17 22:31:47 [INFO] [OctoBans] xx_biom_xx sql checked, record: spammp by PseudooNull to -1
21-12-17 22:31:47 [INFO] [OctoBans] bardaxx_ sql checked, record: spammp by Zoseq to -1
21-12-17 22:31:47 [INFO] [OctoBans] the_slash sql checked, record: spammp by pepedjo to -1
21-12-17 22:31:47 [INFO] [OctoBans] the_slash sql checked, record: spammp by drbrine to -1
21-12-17 22:31:47 [INFO] [OctoBans] the_slash sql checked, record: spammp by NeyTox to -1
21-12-17 22:31:47 [INFO] [OctoBans] the_slash sql checked, record: doubleposte by D3adOrSnipSurYTB to 1513893943
21-12-17 22:31:47 [INFO] [OctoBans] harkz sql checked, record: spammp by EGGSPLOSION to -1
21-12-17 22:31:48 [INFO] [OctoBans] shazekhq_q sql checked, record: spammp by Gamer09 to -1
21-12-17 22:31:49 [INFO] [OctoBans] mayeul sql checked, record: spammp by SmooKeur to -1
21-12-17 22:31:54 [INFO] [OctoBans] hayden_frost sql checked, record: spammp by OCIP_Matth to -1
21-12-17 22:31:59 [INFO] [OctoBans] tigro17 sql checked, record: spammp by ToXiCz_TV to -1
21-12-17 22:32:01 [INFO] [OctoBans] tereure sql checked, record: spammp by Zayrox29 to -1
21-12-17 22:32:03 [INFO] [OctoBans] keezy sql checked, record: spammp by LeRe to -1
21-12-17 22:32:03 [INFO] [OctoBans] keezy sql checked, record: spammp by LeRe to -1
21-12-17 22:32:03 [INFO] [OctoBans] keezy sql checked, record: spammp by ToXiCz_TV to -1
21-12-17 22:32:03 [INFO] [OctoBans] keezy sql checked, record: spammp by FamousxRay to -1
21-12-17 22:32:03 [INFO] [OctoBans] keezy sql checked, record: spammp by FNGOD to -1
21-12-17 22:32:18 [INFO] [OctoBans] xerios sql checked, record: spammp by FiasK0 to -1
21-12-17 22:32:23 [INFO] [OctoBans] ishaadow_ sql checked, record: spammp by FamousxRay to -1
21-12-17 22:32:36 [INFO] [OctoBans] seyyde_ sql checked, record: spammp by ToXiCz_TV to -1
21-12-17 22:32:37 [INFO] [OctoBans] leminecraftien80 sql checked, record: insultegrave by FNGOD to 1514287782
21-12-17 22:32:38 [INFO] [OctoBans] chut3000 sql checked, record: spammp by FiasK0 to -1
21-12-17 22:33:09 [INFO] [OctoBans] pepsicoca sql checked, record: spammp by FiasK0 to -1
21-12-17 22:33:19 [INFO] [OctoBans] syrox_ytb sql checked, record: spammp by Koeseb97 to -1
21-12-17 22:33:19 [INFO] [OctoBans] syrox_ytb sql checked, record: spammp by PseudooNull to -1
21-12-17 22:33:29 [INFO] [OctoBans] zarteck09 sql checked, record: spammp by Hkz_Skillon to -1
21-12-17 22:33:29 [INFO] [OctoBans] zarteck09 sql checked, record: spammp by MrKebab to -1
21-12-17 22:33:50 [INFO] [OctoBans] aexraptorz sql checked, record: spammp by Remil to -1
21-12-17 22:33:50 [INFO] [OctoBans] aexraptorz sql checked, record: spammp by PseudooNull to -1
21-12-17 22:34:08 [INFO] [OctoBans] darryl1 sql checked, record: spammp by FiasK0 to -1
21-12-17 22:34:56 [INFO] [OctoBans] byskinoz sql checked, record: spammp by OCIP_Matth to -1
21-12-17 22:36:18 [INFO] [OctoBans] YTB_XxKarnageXx punished black_shadow for: TpKill
21-12-17 22:37:56 [INFO] [OctoBans] remil sql checked, record: spammp by FiasK0 to -1
21-12-17 22:38:21 [INFO] [OctoBans] roi_du_rush sql checked, record: spammp by FiasK0 to -1
21-12-17 22:38:21 [INFO] [OctoBans] roi_du_rush sql checked, record: spammp by Koeseb97 to -1
21-12-17 22:38:46 [INFO] [OctoBans] fabio sql checked, record: spammp by zlKayzen to -1
21-12-17 22:38:46 [INFO] [OctoBans] fabio sql checked, record: spammp by WeeZix to -1
21-12-17 22:38:50 [INFO] [OctoBans] YTB_XxKarnageXx punished bluestogsurlenet for: TpKill
21-12-17 22:39:39 [INFO] [OctoBans] zynco sql checked, record: spammp by Bucky57 to -1
21-12-17 22:41:48 [INFO] [OctoBans] 0axii_razer sql checked, record: insultegrave by Gamer09 to 1513995449
21-12-17 22:46:55 [INFO] [OctoBans] virocl sql checked, record: spammp by PseudooNull to -1
21-12-17 22:50:15 [INFO] [OctoBans] ozmog_yt sql checked, record: spammp by Remil to -1
21-12-17 22:50:15 [INFO] [OctoBans] ozmog_yt sql checked, record: spammp by OCIP_Matth to -1
21-12-17 22:50:15 [INFO] [OctoBans] ozmog_yt sql checked, record: spammp by KelianHD to -1
21-12-17 22:50:15 [INFO] [OctoBans] ozmog_yt sql checked, record: spammp by SkillBOotiiS to -1
21-12-17 22:50:15 [INFO] [OctoBans] ozmog_yt sql checked, record: spammp by FiasK0 to -1
21-12-17 22:50:35 [INFO] [OctoBans] karlwill sql checked, record: spammp by Gamer09 to -1
21-12-17 22:50:35 [INFO] [OctoBans] karlwill sql checked, record: spammp by LeRe to -1
21-12-17 22:56:01 [INFO] [OctoBans] batte sql checked, record: spammp by yeti2001vd to -1
21-12-17 23:01:16 [INFO] [OctoBans] xxsubxx sql checked, record: spammp by OCIP_Matth to -1
21-12-17 23:01:49 [INFO] [OctoBans] PseudooNull punished pepsicoca for: Spam/flood
21-12-17 23:05:37 [INFO] [OctoBans] karibo127 sql checked, record: spammp by FNGOD to -1
21-12-17 23:05:52 [INFO] [OctoBans] xx_after_xx sql checked, record: spammp by FiasK0 to -1
21-12-17 23:17:12 [INFO] [OctoBans] MrBlaze77 punished fngod for: Spam/flood
21-12-17 23:17:12 [INFO] [OctoBans] kalibadounoux sql checked, record: spammp by Remil to -1
21-12-17 23:17:47 [INFO] [OctoBans] touti sql checked, record: spammp by FNGOD to -1
21-12-17 23:21:22 [INFO] [OctoBans] mkdarkos sql checked, record: spammp by PseudooNull to -1
21-12-17 23:36:23 [INFO] [OctoBans] PseudooNull punished imdylan for: Insulte
21-12-17 23:38:24 [INFO] [OctoBans] _topui_ sql checked, record: spammp by EW3L to -1
21-12-17 23:38:24 [INFO] [OctoBans] _topui_ sql checked, record: spammp by MrKebab to -1
21-12-17 23:47:17 [INFO] [OctoBans] kakakiki sql checked, record: insultegrave by Koeseb97 to 1514036883
21-12-17 23:54:27 [INFO] [OctoBans] PseudooNull punished leminecraftien80 for: Spam/flood en MP
22-12-17 00:04:03 [INFO] [OctoBans] thedarck sql checked, record: spammp by ToXiCz_TV to -1
22-12-17 00:12:37 [INFO] [OctoBans] romudu269 sql checked, record: spammp by Remil to -1
22-12-17 00:12:37 [INFO] [OctoBans] romudu269 sql checked, record: insultegrave by FNGOD to 1513898543
22-12-17 01:02:00 [INFO] [OctoBans] OCIP_Matth punished fngod for: Incitation au flood
22-12-17 01:03:17 [INFO] [OctoBans] zbeubz sql checked, record: spammp by KelianHD to -1
22-12-17 01:03:17 [INFO] [OctoBans] zbeubz sql checked, record: spammp by pepedjo to -1
22-12-17 01:19:42 [INFO] [OctoBans] xxdubeskillsxx sql checked, record: spammp by FamousxRay to -1
22-12-17 01:52:50 [INFO] [OctoBans] mgk_tozzzz sql checked, record: spammp by drbrine to -1
22-12-17 03:18:25 [INFO] [OctoBans] diodu sql checked, record: spammp by Gamer09 to -1
22-12-17 05:03:22 [INFO] [OctoBans] indow_ sql checked, record: spammp by Evolze to -1
22-12-17 05:03:22 [INFO] [OctoBans] indow_ sql checked, record: spammp by WeeZix to -1
22-12-17 05:09:37 [INFO] [OctoBans] firexpower666_ sql checked, record: spammp by tinmar to -1
22-12-17 06:01:01 [INFO] [OctoBans] Disabling OctoBans v1.0
