26-09-17 22:31:44 [INFO] [OctoBans] File Handler successfully initialized!
26-09-17 22:31:44 [INFO] [OctoBans] SQL connection successfully etablished
26-09-17 22:31:44 [INFO] [OctoBans] Moderator Tools by Octonia.
26-09-17 22:31:50 [INFO] [OctoBans] tenpouce sql checked, record: majuscule by FiasK0 to 1506458232
26-09-17 22:31:50 [INFO] [OctoBans] alexisdu59 sql checked, record: spammp by Remil to -1
26-09-17 22:31:50 [INFO] [OctoBans] alexisdu59 sql checked, record: faussesinfos by FiasK0 to 1506538989
26-09-17 22:31:50 [INFO] [OctoBans] vagosts sql checked, record: langage by FiasK0 to 1506458925
26-09-17 22:31:50 [INFO] [OctoBans] nolaninomc sql checked, record: spammp by SmooKeur to -1
26-09-17 22:31:50 [INFO] [OctoBans] nolaninomc sql checked, record: insultesrv by EGGSPLOSION to 1506475654
26-09-17 22:32:31 [INFO] [OctoBans] kenck sql checked, record: faussesinfos by EGGSPLOSION to 1506540706
26-09-17 22:33:00 [INFO] [OctoBans] gameur827 sql checked, record: insultestaff by FiasK0 to 1506521433
26-09-17 22:33:04 [INFO] [OctoBans] tib97 sql checked, record: spammp by Remil to -1
26-09-17 22:33:04 [INFO] [OctoBans] tib97 sql checked, record: spammp by Remil to -1
26-09-17 22:33:04 [INFO] [OctoBans] tib97 sql checked, record: spammp by Remil to -1
26-09-17 22:33:04 [INFO] [OctoBans] tib97 sql checked, record: spammp by Remil to -1
26-09-17 22:33:04 [INFO] [OctoBans] tib97 sql checked, record: doubleposte by FiasK0 to 1506464075
26-09-17 22:33:08 [INFO] [OctoBans] z3us_venum sql checked, record: insultestaff by FiasK0 to 1506518560
26-09-17 22:37:37 [INFO] [OctoBans] geekosse_ytp sql checked, record: spam by NeyTox to 1506461054
26-09-17 22:39:40 [INFO] [OctoBans] fiask0 sql checked, record: floodmp by Forway to -1
26-09-17 22:42:39 [INFO] [OctoBans] octo67 sql checked, record: spam by EGGSPLOSION to 1506460069
26-09-17 22:47:07 [INFO] [OctoBans] FiasK0 punished z3us_venum for: Insulte staff
26-09-17 22:49:20 [INFO] [OctoBans] vietez sql checked, record: spam by Remil to 1506464483
26-09-17 22:51:03 [INFO] [OctoBans] FiasK0 punished agga_3 for: Double Poste
26-09-17 22:52:30 [INFO] [OctoBans] FiasK0 punished gameur827 for: Langage incorrect
26-09-17 22:57:57 [INFO] [OctoBans] misterblazing sql checked, record: insultegrave by NeyTox to 1506597564
26-09-17 23:02:16 [INFO] [OctoBans] superb3b3 sql checked, record: spammp by Remil to -1
26-09-17 23:02:16 [INFO] [OctoBans] superb3b3 sql checked, record: spammp by Remil to -1
26-09-17 23:08:12 [INFO] [OctoBans] FiasK0 punished zix_gamme for: Double Poste
26-09-17 23:13:24 [INFO] [OctoBans] tokyo sql checked, record: spammp by SnowEffect to -1
26-09-17 23:14:15 [INFO] [OctoBans] FiasK0 punished blingli01 for: Double Poste
26-09-17 23:22:28 [INFO] [OctoBans] Remil punished swichdi for: Langage incorrect
26-09-17 23:30:11 [INFO] [OctoBans] derpik sql checked, record: spammp by Remil to -1
26-09-17 23:30:11 [INFO] [OctoBans] derpik sql checked, record: floodmp by Forway to -1
27-09-17 00:16:20 [INFO] [OctoBans] FiasK0 punished gameur827 for: Double Poste
27-09-17 00:22:18 [INFO] [OctoBans] ededed91 sql checked, record: spammp by SkyKosIV to -1
27-09-17 00:22:18 [INFO] [OctoBans] ededed91 sql checked, record: spammp by Remil to -1
27-09-17 00:38:12 [INFO] [OctoBans] FiasK0 punished pgolden for: Double Poste
27-09-17 00:50:51 [INFO] [OctoBans] FiasK0 punished freizen64 for: Insulte grave
27-09-17 01:07:13 [INFO] [OctoBans] FiasK0 punished pgolden for: Double Poste
27-09-17 01:14:06 [INFO] [OctoBans] NeyTox punished gameur827 for: Double Poste
27-09-17 02:16:10 [INFO] [OctoBans] NeyTox punished skybow for: Insulte grave
27-09-17 02:17:52 [INFO] [OctoBans] NeyTox punished superb3b3 for: Spam/flood
27-09-17 02:20:07 [INFO] [OctoBans] skybow sql checked, record: insultegrave by NeyTox to 1506615370
27-09-17 05:42:05 [INFO] [OctoBans] bysadow sql checked, record: spammp by SnowEffect to -1
27-09-17 05:42:05 [INFO] [OctoBans] bysadow sql checked, record: spammp by SnowEffect to -1
27-09-17 05:42:05 [INFO] [OctoBans] bysadow sql checked, record: spammp by SmooKeur to -1
27-09-17 06:01:02 [INFO] [OctoBans] Disabling OctoBans v1.0
