07-10-17 22:31:42 [INFO] [OctoBans] File Handler successfully initialized!
07-10-17 22:31:42 [INFO] [OctoBans] SQL connection successfully etablished
07-10-17 22:31:42 [INFO] [OctoBans] Moderator Tools by Octonia.
07-10-17 22:31:48 [INFO] [OctoBans] mgk_tozzzz sql checked, record: spamfopen by tinmar to 1507570720
07-10-17 22:31:48 [INFO] [OctoBans] bymistik sql checked, record: incitationflood by FiasK0 to 1507487092
07-10-17 22:31:48 [INFO] [OctoBans] zobelsuryoutube sql checked, record: spammp by Remil to -1
07-10-17 22:31:48 [INFO] [OctoBans] thekillervaca sql checked, record: insultegrave by ViRoCl to 1507423977
07-10-17 22:31:48 [INFO] [OctoBans] swikey_ sql checked, record: spammp by Remil to -1
07-10-17 22:31:48 [INFO] [OctoBans] swikey_ sql checked, record: spam by ViRoCl to 1507414847
07-10-17 22:31:49 [INFO] [OctoBans] hkz_skillon sql checked, record: spammp by Remil to -1
07-10-17 22:31:49 [INFO] [OctoBans] hkz_skillon sql checked, record: spam by ViRoCl to 1507475986
07-10-17 22:31:49 [INFO] [OctoBans] thewortex sql checked, record: majuscule by ViRoCl to 1507409268
07-10-17 22:31:49 [INFO] [OctoBans] zeynox sql checked, record: spammp by Remil to -1
07-10-17 22:31:49 [INFO] [OctoBans] zeynox sql checked, record: incitationflood by Antoine57565 to 1507476607
07-10-17 22:31:49 [INFO] [OctoBans] woimant sql checked, record: spammp by Remil to -1
07-10-17 22:31:49 [INFO] [OctoBans] papa sql checked, record: insultestaff by EGGSPLOSION to 1507426436
07-10-17 22:31:49 [INFO] [OctoBans] momo54 sql checked, record: insultegrave by ViRoCl to 1507444076
07-10-17 22:31:49 [INFO] [OctoBans] sauvage52 sql checked, record: pubyt by Antoine57565 to 1507408968
07-10-17 22:31:49 [INFO] [OctoBans] toutoune sql checked, record: incitationflood by Antoine57565 to 1507484409
07-10-17 22:31:54 [INFO] [OctoBans] azeedarkay sql checked, record: spam by ViRoCl to 1507422042
07-10-17 22:31:54 [INFO] [OctoBans] fearzk_ sql checked, record: langage by ViRoCl to 1507409858
07-10-17 22:31:54 [INFO] [OctoBans] reystro sql checked, record: insulte by EGGSPLOSION to 1507408924
07-10-17 22:31:56 [INFO] [OctoBans] iswitix_sama sql checked, record: insultegrave by YTB_XxKarnageXx to 1507410123
07-10-17 22:31:57 [INFO] [OctoBans] fruiknox sql checked, record: spammp by SnowEffect to -1
07-10-17 22:31:58 [INFO] [OctoBans] hulz0 sql checked, record: kickautre by YTB_XxKarnageXx to -1
07-10-17 22:32:07 [INFO] [OctoBans] superb3b3 sql checked, record: spammp by Remil to -1
07-10-17 22:32:07 [INFO] [OctoBans] superb3b3 sql checked, record: spammp by Remil to -1
07-10-17 22:32:09 [INFO] [OctoBans] zumbie sql checked, record: insultegrave by Remil to 1507450252
07-10-17 22:32:10 [INFO] [OctoBans] pouletgriller sql checked, record: insultegrave by FiasK0 to 1507486726
07-10-17 22:32:13 [INFO] [OctoBans] superteemo sql checked, record: insultestaff by Shouteur to 1507412272
07-10-17 22:32:13 [INFO] [OctoBans] superteemo sql checked, record: insultestaff by _Hello_Kitty to 1507448777
07-10-17 22:32:23 [INFO] [OctoBans] idreyzen sql checked, record: faussesinfos by FiasK0 to 1507485424
07-10-17 22:32:36 [INFO] [OctoBans] kill31 sql checked, record: spam by ViRoCl to 1507414904
07-10-17 22:32:40 [INFO] [OctoBans] eranck sql checked, record: faussesinfos by EGGSPLOSION to 1507477094
07-10-17 22:32:42 [INFO] [OctoBans] darkraft_gamiing sql checked, record: insultegrave by tinmar to 1507495744
07-10-17 22:32:49 [INFO] [OctoBans] skilzz_ sql checked, record: majuscule by ViRoCl to 1507410201
07-10-17 22:32:50 [INFO] [OctoBans] thefarmeur78 sql checked, record: langage by EGGSPLOSION to 1507408852
07-10-17 22:32:52 [INFO] [OctoBans] woimant punished froxy_play for: Majuscule
07-10-17 22:32:57 [INFO] [OctoBans] farlu sql checked, record: incitationflood by ViRoCl to 1507494438
07-10-17 22:33:08 [INFO] [OctoBans] cobra_ sql checked, record: incitationflood by EGGSPLOSION to 1507491803
07-10-17 22:33:38 [INFO] [OctoBans] woimant punished iswish for: Majuscule
07-10-17 22:34:39 [INFO] [OctoBans] kainoa sql checked, record: spam by EGGSPLOSION to 1507412143
07-10-17 22:34:48 [INFO] [OctoBans] loictapp sql checked, record: faussesinfos by EGGSPLOSION to 1507491936
07-10-17 22:34:49 [INFO] [OctoBans] cime10 sql checked, record: insultegrave by YTB_XxKarnageXx to 1507424810
07-10-17 22:34:56 [INFO] [OctoBans] waren sql checked, record: spam by ViRoCl to 1507411262
07-10-17 22:35:45 [INFO] [OctoBans] _hello_kitty sql checked, record: provocation by _Hello_Kitty to 1507410122
07-10-17 22:39:25 [INFO] [OctoBans] natan sql checked, record: spammp by Remil to -1
07-10-17 22:40:26 [INFO] [OctoBans] Antoine57565 punished leosmile for: Double Poste
07-10-17 22:41:25 [INFO] [OctoBans] denis018 sql checked, record: spammp by Remil to -1
07-10-17 22:45:38 [INFO] [OctoBans] cocodu621 sql checked, record: spammp by tinmar to -1
07-10-17 22:45:50 [INFO] [OctoBans] _Hello_Kitty punished mr_lebarbu for: Majuscule
07-10-17 22:49:07 [INFO] [OctoBans] chronoethernal sql checked, record: floodmp by Forway to -1
07-10-17 22:49:07 [INFO] [OctoBans] chronoethernal sql checked, record: floodmp by Forway to -1
07-10-17 22:49:07 [INFO] [OctoBans] chronoethernal sql checked, record: spammp by YTB_XxKarnageXx to -1
07-10-17 22:50:36 [INFO] [OctoBans] EGGSPLOSION punished unnainportant for: Publicité Youtubeur
07-10-17 22:51:05 [INFO] [OctoBans] EGGSPLOSION punished azizlapoite for: Insulte staff
07-10-17 22:51:12 [INFO] [OctoBans] _Hello_Kitty punished fordnight for: Majuscule
07-10-17 22:51:56 [INFO] [OctoBans] fiask0 sql checked, record: floodmp by Forway to -1
07-10-17 22:53:03 [INFO] [OctoBans] zozodu14 sql checked, record: spammp by Remil to -1
07-10-17 22:54:00 [INFO] [OctoBans] diablotin sql checked, record: spammp by SuperJojo to -1
07-10-17 22:55:14 [INFO] [OctoBans] frozen_20 sql checked, record: spammp by skhey to -1
07-10-17 22:55:14 [INFO] [OctoBans] frozen_20 sql checked, record: spammp by iPurple_ to -1
07-10-17 22:55:14 [INFO] [OctoBans] frozen_20 sql checked, record: spammp by NeosiaNexus to -1
07-10-17 22:55:14 [INFO] [OctoBans] frozen_20 sql checked, record: spammp by tinmar to -1
07-10-17 22:55:14 [INFO] [OctoBans] frozen_20 sql checked, record: spammp by Remil to -1
07-10-17 22:55:16 [INFO] [OctoBans] FiasK0 punished malarwizard56 for: Double Poste
07-10-17 22:56:52 [INFO] [OctoBans] Antoine57565 punished hunterboy999 for: Fausses informations
07-10-17 22:58:10 [INFO] [OctoBans] Antoine57565 punished superb3b3 for: Majuscule
07-10-17 22:58:25 [INFO] [OctoBans] Antoine57565 punished awes0me for: Majuscule
07-10-17 22:58:32 [INFO] [OctoBans] FiasK0 punished wtgabyss for: Majuscule
07-10-17 22:58:41 [INFO] [OctoBans] FiasK0 punished theamphino82 for: Majuscule
07-10-17 22:58:58 [INFO] [OctoBans] EGGSPLOSION punished morz_lukas for: Majuscule
07-10-17 23:01:10 [INFO] [OctoBans] tomcase14 sql checked, record: kickautre by Antoine57565 to -1
07-10-17 23:01:10 [INFO] [OctoBans] tomcase14 sql checked, record: kickautre by Antoine57565 to -1
07-10-17 23:01:57 [INFO] [OctoBans] EGGSPLOSION punished thelouis for: Fausses informations
07-10-17 23:04:07 [INFO] [OctoBans] FiasK0 punished ozio_ques for: Incitation au flood
07-10-17 23:04:54 [INFO] [OctoBans] FiasK0 punished kodrox for: Double Poste
07-10-17 23:05:52 [INFO] [OctoBans] FiasK0 punished darktoxie for: Spam/flood
07-10-17 23:06:08 [INFO] [OctoBans] lethugdu46 sql checked, record: spammp by Remil to -1
07-10-17 23:07:43 [INFO] [OctoBans] ktm125sx sql checked, record: spammp by Remil to -1
07-10-17 23:10:28 [INFO] [OctoBans] woimant punished yongmen for: Double Poste
07-10-17 23:11:59 [INFO] [OctoBans] xboymax sql checked, record: spammp by YTB_XxKarnageXx to -1
07-10-17 23:11:59 [INFO] [OctoBans] xboymax sql checked, record: spammp by tinmar to -1
07-10-17 23:11:59 [INFO] [OctoBans] xboymax sql checked, record: kickautre by CreepyEagle to -1
07-10-17 23:11:59 [INFO] [OctoBans] xboymax sql checked, record: spammp by tinmar to -1
07-10-17 23:11:59 [INFO] [OctoBans] xboymax sql checked, record: spammp by YTB_XxKarnageXx to -1
07-10-17 23:11:59 [INFO] [OctoBans] xboymax sql checked, record: spammp by NeosiaNexus to -1
07-10-17 23:11:59 [INFO] [OctoBans] xboymax sql checked, record: spammp by NeosiaNexus to -1
07-10-17 23:11:59 [INFO] [OctoBans] xboymax sql checked, record: spammp by NeosiaNexus to -1
07-10-17 23:11:59 [INFO] [OctoBans] xboymax sql checked, record: insulte by _Hello_Kitty to 1507422283
07-10-17 23:13:54 [INFO] [OctoBans] gangstardu59 sql checked, record: spam by NeyTox to 1507420953
07-10-17 23:20:10 [INFO] [OctoBans] _Hello_Kitty punished youmaphi for: Spam/flood
07-10-17 23:23:57 [INFO] [OctoBans] Remil punished floops for: TpKill
07-10-17 23:24:54 [INFO] [OctoBans] Remil punished tytyra for: Spam/flood
07-10-17 23:25:39 [INFO] [OctoBans] thegost sql checked, record: doubleposte by Antoine57565 to 1507419103
07-10-17 23:30:54 [INFO] [OctoBans] mgk_tozzzz sql checked, record: spamfopen by tinmar to 1507570720
07-10-17 23:30:54 [INFO] [OctoBans] mgk_tozzzz sql checked, record: provocation by MgK_TozzzZ to 1498386135
07-10-17 23:30:54 [INFO] [OctoBans] mgk_tozzzz sql checked, record: flood by MgK_TozzzZ to 1498389392
07-10-17 23:30:54 [INFO] [OctoBans] mgk_tozzzz sql checked, record: provocation by MgK_TozzzZ to 1498386737
07-10-17 23:30:54 [INFO] [OctoBans] mgk_tozzzz sql checked, record: majuscule by MgK_TozzzZ to 1498394698
07-10-17 23:30:54 [INFO] [OctoBans] mgk_tozzzz sql checked, record: insulte by MgK_TozzzZ to 1498396333
07-10-17 23:30:54 [INFO] [OctoBans] mgk_tozzzz sql checked, record: doubleposte by MgK_TozzzZ to 1498394716
07-10-17 23:30:54 [INFO] [OctoBans] mgk_tozzzz sql checked, record: provocation by MgK_TozzzZ to 1498402570
07-10-17 23:30:54 [INFO] [OctoBans] mgk_tozzzz sql checked, record: provocation by MgK_TozzzZ to 1498435845
07-10-17 23:30:54 [INFO] [OctoBans] mgk_tozzzz sql checked, record: insulte by MgK_TozzzZ to 1498440391
07-10-17 23:30:54 [INFO] [OctoBans] mgk_tozzzz sql checked, record: insultestaff by MgK_TozzzZ to 1498936563
07-10-17 23:30:54 [INFO] [OctoBans] mgk_tozzzz sql checked, record: doubleposte by MgK_TozzzZ to 1498437490
07-10-17 23:30:54 [INFO] [OctoBans] mgk_tozzzz sql checked, record: flood by MgK_TozzzZ to 1498440861
07-10-17 23:30:54 [INFO] [OctoBans] mgk_tozzzz sql checked, record: spam by MgK_TozzzZ to 1498475901
07-10-17 23:30:54 [INFO] [OctoBans] mgk_tozzzz sql checked, record: doubleposte by MgK_TozzzZ to 1498477982
07-10-17 23:30:54 [INFO] [OctoBans] mgk_tozzzz sql checked, record: provocation by MgK_TozzzZ to 1498479001
07-10-17 23:34:14 [INFO] [OctoBans] woimant punished agentgaming for: Double Poste
07-10-17 23:35:57 [INFO] [OctoBans] NeyTox punished kainoa for: Double Poste
07-10-17 23:36:39 [INFO] [OctoBans] tifou_fou sql checked, record: spammp by SkyKosIV to -1
07-10-17 23:36:39 [INFO] [OctoBans] tifou_fou sql checked, record: insultegrave by FiasK0 to 1507491553
07-10-17 23:38:36 [INFO] [OctoBans] FiasK0 punished jeanluclahaie for: Majuscule
07-10-17 23:39:17 [INFO] [OctoBans] NeyTox punished sauvage52 for: Double Poste
07-10-17 23:40:03 [INFO] [OctoBans] Remil punished theamphino82 for: Double Poste
07-10-17 23:40:37 [INFO] [OctoBans] woimant punished gumballe for: Double Poste
07-10-17 23:42:10 [INFO] [OctoBans] EGGSPLOSION punished hydross93 for: Provocation
07-10-17 23:43:10 [INFO] [OctoBans] ViRoCl punished j0ktm for: Insulte grave
07-10-17 23:44:49 [INFO] [OctoBans] woimant punished wtgabyss for: Spam/flood
07-10-17 23:45:27 [INFO] [OctoBans] woimant punished gold_lorenzo for: Langage incorrect
07-10-17 23:45:36 [INFO] [OctoBans] woimant punished karibo127 for: Double Poste
07-10-17 23:46:03 [INFO] [OctoBans] thekillervaca sql checked, record: insultegrave by ViRoCl to 1507423977
07-10-17 23:46:21 [INFO] [OctoBans] Remil punished furazz_ for: Majuscule
07-10-17 23:46:34 [INFO] [OctoBans] FiasK0 punished thekillervaca for: Langage incorrect
07-10-17 23:48:19 [INFO] [OctoBans] YTB_XxKarnageXx punished reystro for: Double Poste
07-10-17 23:51:48 [INFO] [OctoBans] xx_volrod_xx sql checked, record: insultegrave by NeyTox to 1507586946
07-10-17 23:53:23 [INFO] [OctoBans] goblex sql checked, record: incitationflood by woimant to 1507545513
07-10-17 23:56:35 [INFO] [OctoBans] Antoine57565 punished rocksoft for: Provocation
08-10-17 00:02:03 [INFO] [OctoBans] YTB_XxKarnageXx punished morz_lukas for: Majuscule
08-10-17 00:02:37 [INFO] [OctoBans] EGGSPLOSION punished _zwiiko_ for: Double Poste
08-10-17 00:02:42 [INFO] [OctoBans] the_tueur sql checked, record: spammp by PseudoNul to -1
08-10-17 00:05:32 [INFO] [OctoBans] EGGSPLOSION punished louis990 for: Double Poste
08-10-17 00:08:00 [INFO] [OctoBans] YTB_XxKarnageXx punished didaxtm for: TpKill
08-10-17 00:13:08 [INFO] [OctoBans] elbelladum sql checked, record: spammp by Steph078 to -1
08-10-17 00:14:41 [INFO] [OctoBans] siruse sql checked, record: spammp by YTB_XxKarnageXx to -1
08-10-17 00:14:48 [INFO] [OctoBans] NeyTox punished zeroz for: Insulte grave
08-10-17 00:23:51 [INFO] [OctoBans] YTB_XxKarnageXx punished the_tueur for: Langage incorrect
08-10-17 00:26:23 [INFO] [OctoBans] _topui_ sql checked, record: spammp by Remil to -1
08-10-17 00:26:49 [INFO] [OctoBans] Antoine57565 punished bigemake for: Double Poste
08-10-17 00:41:47 [INFO] [OctoBans] NeyTox punished thekillerfox for: Double Poste
08-10-17 00:42:52 [INFO] [OctoBans] FiasK0 punished tony13 for: Langage incorrect
08-10-17 00:44:47 [INFO] [OctoBans] NeyTox punished misterblazing for: Double Poste
08-10-17 00:50:01 [INFO] [OctoBans] NeyTox punished youmaphi for: Double Poste
08-10-17 00:58:06 [INFO] [OctoBans] ViRoCl punished kimoli for: Majuscule
08-10-17 00:58:20 [INFO] [OctoBans] YTB_XxKarnageXx punished sauvage52 for: TpKill
08-10-17 01:00:02 [INFO] [OctoBans] YTB_XxKarnageXx punished kamikaz93 for: Double Poste
08-10-17 01:00:36 [INFO] [OctoBans] NeyTox punished hydross93 for: Insulte grave
08-10-17 01:01:42 [INFO] [OctoBans] YTB_XxKarnageXx punished luffy776 for: Langage incorrect
08-10-17 01:02:08 [INFO] [OctoBans] YTB_XxKarnageXx punished ouahid123 for: Majuscule
08-10-17 01:05:34 [INFO] [OctoBans] YTB_XxKarnageXx punished the_tueur for: Provocation
08-10-17 01:07:30 [INFO] [OctoBans] NeyTox punished iswitix_sama for: Double Poste
08-10-17 01:09:03 [INFO] [OctoBans] YTB_XxKarnageXx punished damsko for: Provocation
08-10-17 01:54:04 [INFO] [OctoBans] NeyTox punished eliottee for: Double Poste
08-10-17 01:57:55 [INFO] [OctoBans] ViRoCl punished iswitix_sama for: Langage incorrect
08-10-17 02:13:24 [INFO] [OctoBans] otf sql checked, record: faussesinfos by Antoine57565 to 1507466042
08-10-17 02:13:24 [INFO] [OctoBans] otf sql checked, record: tpkill by Remil to 1507471427
08-10-17 02:27:14 [INFO] [OctoBans] NeyTox punished gangstardu59 for: Double Poste
08-10-17 02:42:50 [INFO] [OctoBans] NeyTox punished zebieux for: Double Poste
08-10-17 02:52:11 [INFO] [OctoBans] FiasK0 punished malarwizard56 for: Double Poste
08-10-17 02:54:33 [INFO] [OctoBans] FiasK0 punished vagosts for: Majuscule
08-10-17 03:10:46 [INFO] [OctoBans] FiasK0 punished watz for: Spam/flood
08-10-17 03:10:50 [INFO] [OctoBans] FiasK0 punished firz for: Double Poste
08-10-17 06:01:02 [INFO] [OctoBans] Disabling OctoBans v1.0
