01-01-18 22:31:42 [INFO] [OctoBans] File Handler successfully initialized!
01-01-18 22:31:43 [INFO] [OctoBans] SQL connection successfully etablished
01-01-18 22:31:43 [INFO] [OctoBans] Moderator Tools by Octonia.
01-01-18 22:31:48 [INFO] [OctoBans] ijonas_ sql checked, record: spammp by tinmar to -1
01-01-18 22:31:48 [INFO] [OctoBans] ijonas_ sql checked, record: insultegrave by EGGSPLOSION to 1514972933
01-01-18 22:31:48 [INFO] [OctoBans] ocip_matth sql checked, record: spammp by PseudooNull to -1
01-01-18 22:31:48 [INFO] [OctoBans] juljul62 sql checked, record: spammp by EW3L to -1
01-01-18 22:31:48 [INFO] [OctoBans] juljul62 sql checked, record: spammp by EW3L to -1
01-01-18 22:31:48 [INFO] [OctoBans] juljul62 sql checked, record: insultegrave by EW3L to 1514879909
01-01-18 22:31:48 [INFO] [OctoBans] juljul62 sql checked, record: spammp by EW3L to -1
01-01-18 22:31:48 [INFO] [OctoBans] juljul62 sql checked, record: spammp by EW3L to -1
01-01-18 22:31:48 [INFO] [OctoBans] juljul62 sql checked, record: spammp by EW3L to -1
01-01-18 22:31:48 [INFO] [OctoBans] juljul62 sql checked, record: spammp by EW3L to -1
01-01-18 22:31:48 [INFO] [OctoBans] mayeul sql checked, record: spammp by SmooKeur to -1
01-01-18 22:31:48 [INFO] [OctoBans] bardaxx_ sql checked, record: spammp by Zoseq to -1
01-01-18 22:31:48 [INFO] [OctoBans] bardaxx_ sql checked, record: insultestaff by D3adOrSnipSurYTB to 1514850683
01-01-18 22:31:48 [INFO] [OctoBans] xxsubxx sql checked, record: spammp by OCIP_Matth to -1
01-01-18 22:31:48 [INFO] [OctoBans] maxougaming sql checked, record: spammp by Ceraiste to -1
01-01-18 22:31:48 [INFO] [OctoBans] maxougaming sql checked, record: spammp by EW3L to -1
01-01-18 22:31:48 [INFO] [OctoBans] maxougaming sql checked, record: spammp by FiasK0 to -1
01-01-18 22:31:48 [INFO] [OctoBans] maxougaming sql checked, record: spammp by FNGOD to -1
01-01-18 22:31:48 [INFO] [OctoBans] tereure sql checked, record: spammp by Zayrox29 to -1
01-01-18 22:31:48 [INFO] [OctoBans] tereure sql checked, record: spammp by PseudooNull to -1
01-01-18 22:31:50 [INFO] [OctoBans] youmakemelol sql checked, record: spammp by EW3L to -1
01-01-18 22:31:51 [INFO] [OctoBans] kamikassss sql checked, record: spammp by Remil to -1
01-01-18 22:31:51 [INFO] [OctoBans] zeynox sql checked, record: spammp by Zayrox29 to -1
01-01-18 22:31:51 [INFO] [OctoBans] zeynox sql checked, record: spammp by Zoseq to -1
01-01-18 22:31:51 [INFO] [OctoBans] zeynox sql checked, record: spammp by LaKitaw to -1
01-01-18 22:31:51 [INFO] [OctoBans] zeynox sql checked, record: spammp by LaKitaw to -1
01-01-18 22:31:51 [INFO] [OctoBans] zeynox sql checked, record: spammp by LaKitaw to -1
01-01-18 22:31:51 [INFO] [OctoBans] zeynox sql checked, record: spammp by D3adOrSnipSurYTB to -1
01-01-18 22:31:51 [INFO] [OctoBans] zeynox sql checked, record: insultegrave by Bucky57 to 1514879069
01-01-18 22:31:51 [INFO] [OctoBans] zeynox sql checked, record: insultegrave by OCIP_Matth to 1515069973
01-01-18 22:31:53 [INFO] [OctoBans] zozodu14 sql checked, record: spammp by Koeseb97 to -1
01-01-18 22:31:53 [INFO] [OctoBans] zozodu14 sql checked, record: insultegrave by ToXiCz_TV to 1514913659
01-01-18 22:31:53 [INFO] [OctoBans] reborncreep sql checked, record: spammp by drbrine to -1
01-01-18 22:31:53 [INFO] [OctoBans] reborncreep sql checked, record: insultegrave by NeyTox to 1514912889
01-01-18 22:31:53 [INFO] [OctoBans] reborncreep sql checked, record: insultegrave by NeyTox to 1514958074
01-01-18 22:31:54 [INFO] [OctoBans] tomcase14 sql checked, record: insulte by ToXiCz_TV to 1514847108
01-01-18 22:31:55 [INFO] [OctoBans] whiteswand sql checked, record: spammp by Remil to -1
01-01-18 22:31:55 [INFO] [OctoBans] whiteswand sql checked, record: insultegrave by EW3L to 1514871499
01-01-18 22:32:00 [INFO] [OctoBans] infinity_du59 sql checked, record: spammp by Antoine57565 to -1
01-01-18 22:32:02 [INFO] [OctoBans] x4gaming sql checked, record: spammp by D3adOrSnipSurYTB to -1
01-01-18 22:32:02 [INFO] [OctoBans] x4gaming sql checked, record: spammp by atsuky to -1
01-01-18 22:32:03 [INFO] [OctoBans] mrkebab sql checked, record: spam by D3adOrSnipSurYTB to 1514872853
01-01-18 22:32:03 [INFO] [OctoBans] mrkebab sql checked, record: spammp by PseudooNull to -1
01-01-18 22:32:03 [INFO] [OctoBans] ryuten sql checked, record: spammp by FamousxRay to -1
01-01-18 22:32:09 [INFO] [OctoBans] friphiano sql checked, record: spammp by atsuky to -1
01-01-18 22:32:10 [INFO] [OctoBans] ytbibossyt sql checked, record: spammp by atsuky to -1
01-01-18 22:32:12 [INFO] [OctoBans] minethuglife sql checked, record: insultegrave by LsAnGfRoId to 1514973864
01-01-18 22:32:29 [INFO] [OctoBans] keen0x sql checked, record: spammp by FNGOD to -1
01-01-18 22:32:32 [INFO] [OctoBans] gramatik sql checked, record: spammp by woimant to -1
01-01-18 22:32:35 [INFO] [OctoBans] flowtox sql checked, record: spammp by Koeseb97 to -1
01-01-18 22:32:39 [INFO] [OctoBans] noragev12 sql checked, record: spammp by Shainko to -1
01-01-18 22:32:53 [INFO] [OctoBans] aparia sql checked, record: spammp by pepedjo to -1
01-01-18 22:32:53 [INFO] [OctoBans] aparia sql checked, record: spammp by pepedjo to -1
01-01-18 22:32:53 [INFO] [OctoBans] aparia sql checked, record: spammp by Evolze to -1
01-01-18 22:32:53 [INFO] [OctoBans] aparia sql checked, record: spammp by FiasK0 to -1
01-01-18 22:32:53 [INFO] [OctoBans] aparia sql checked, record: spammp by atsuky to -1
01-01-18 22:32:55 [INFO] [OctoBans] fabio sql checked, record: spammp by zlKayzen to -1
01-01-18 22:32:55 [INFO] [OctoBans] fabio sql checked, record: spammp by WeeZix to -1
01-01-18 22:32:55 [INFO] [OctoBans] fabio sql checked, record: spammp by D3adOrSnipSurYTB to -1
01-01-18 22:32:55 [INFO] [OctoBans] fabio sql checked, record: spammp by Bucky57 to -1
01-01-18 22:32:59 [INFO] [OctoBans] _topui_ sql checked, record: spammp by EW3L to -1
01-01-18 22:32:59 [INFO] [OctoBans] _topui_ sql checked, record: spammp by MrKebab to -1
01-01-18 22:32:59 [INFO] [OctoBans] _topui_ sql checked, record: spammp by LsAnGfRoId to -1
01-01-18 22:33:02 [INFO] [OctoBans] mhadipoum sql checked, record: insultegrave by D3adOrSnipSurYTB to 1514945839
01-01-18 22:33:06 [INFO] [OctoBans] tifou_fou sql checked, record: insulte by ToXiCz_TV to 1514850041
01-01-18 22:33:17 [INFO] [OctoBans] ksosduxd sql checked, record: spammp by MisterBlazing to -1
01-01-18 22:33:21 [INFO] [OctoBans] nakzu_u sql checked, record: spammp by FNGOD to -1
01-01-18 22:33:21 [INFO] [OctoBans] nakzu_u sql checked, record: spammp by ToXiCz_TV to -1
01-01-18 22:33:21 [INFO] [OctoBans] nakzu_u sql checked, record: spammp by OCIP_Matth to -1
01-01-18 22:33:21 [INFO] [OctoBans] nakzu_u sql checked, record: spammp by OCIP_Matth to -1
01-01-18 22:33:26 [INFO] [OctoBans] kitsky sql checked, record: spammp by Gamer09 to -1
01-01-18 22:33:31 [INFO] [OctoBans] amokon sql checked, record: spammp by PoukoaMoa to -1
01-01-18 22:33:31 [INFO] [OctoBans] amokon sql checked, record: spammp by drbrine to -1
01-01-18 22:33:41 [INFO] [OctoBans] geantfusee sql checked, record: insultegrave by SkillBOotiiS to 1514979002
01-01-18 22:33:49 [INFO] [OctoBans] thecrane sql checked, record: spammp by WeeZix to -1
01-01-18 22:33:52 [INFO] [OctoBans] newrdk sql checked, record: spammp by ToXiCz_TV to -1
01-01-18 22:34:19 [INFO] [OctoBans] chut3000 sql checked, record: spammp by FiasK0 to -1
01-01-18 22:34:21 [INFO] [OctoBans] leminecraftien80 sql checked, record: spammp by PseudooNull to -1
01-01-18 22:34:21 [INFO] [OctoBans] leminecraftien80 sql checked, record: spammp by skhey to -1
01-01-18 22:34:21 [INFO] [OctoBans] leminecraftien80 sql checked, record: spammp by D3adOrSnipSurYTB to -1
01-01-18 22:34:21 [INFO] [OctoBans] leminecraftien80 sql checked, record: insultegrave by EGGSPLOSION to 1515348292
01-01-18 22:34:46 [INFO] [OctoBans] thomas62200 sql checked, record: spammp by atsuky to -1
01-01-18 22:35:29 [INFO] [OctoBans] lepaysandu14 sql checked, record: insulte by EGGSPLOSION to 1514847200
01-01-18 22:36:08 [INFO] [OctoBans] rdvsurlebloc sql checked, record: spammp by D3adOrSnipSurYTB to -1
01-01-18 22:36:08 [INFO] [OctoBans] rdvsurlebloc sql checked, record: insultegrave by EGGSPLOSION to 1514885593
01-01-18 22:36:25 [INFO] [OctoBans] lefifoudu3 sql checked, record: spammp by EW3L to -1
01-01-18 22:36:25 [INFO] [OctoBans] lefifoudu3 sql checked, record: spammp by EW3L to -1
01-01-18 22:36:25 [INFO] [OctoBans] lefifoudu3 sql checked, record: spammp by Koeseb97 to -1
01-01-18 22:36:25 [INFO] [OctoBans] lefifoudu3 sql checked, record: spammp by LaKitaw to -1
01-01-18 22:36:25 [INFO] [OctoBans] lefifoudu3 sql checked, record: spammp by SkillBOotiiS to -1
01-01-18 22:36:25 [INFO] [OctoBans] lefifoudu3 sql checked, record: spammp by zlKayzen to -1
01-01-18 22:36:25 [INFO] [OctoBans] lefifoudu3 sql checked, record: spammp by MrBlaze77 to -1
01-01-18 22:36:25 [INFO] [OctoBans] lefifoudu3 sql checked, record: spammp by atsuky to -1
01-01-18 22:36:25 [INFO] [OctoBans] lefifoudu3 sql checked, record: spammp by atsuky to -1
01-01-18 22:36:25 [INFO] [OctoBans] lefifoudu3 sql checked, record: spammp by drbrine to -1
01-01-18 22:36:25 [INFO] [OctoBans] lefifoudu3 sql checked, record: spammp by drbrine to -1
01-01-18 22:36:25 [INFO] [OctoBans] lefifoudu3 sql checked, record: tpkill by PseudooNull to 1514909614
01-01-18 22:37:00 [INFO] [OctoBans] gameurs71 sql checked, record: spammp by WeeZix to -1
01-01-18 22:37:10 [INFO] [OctoBans] lefifoudu3 sql checked, record: spammp by EW3L to -1
01-01-18 22:37:10 [INFO] [OctoBans] lefifoudu3 sql checked, record: spammp by EW3L to -1
01-01-18 22:37:10 [INFO] [OctoBans] lefifoudu3 sql checked, record: spammp by Koeseb97 to -1
01-01-18 22:37:10 [INFO] [OctoBans] lefifoudu3 sql checked, record: spammp by LaKitaw to -1
01-01-18 22:37:10 [INFO] [OctoBans] lefifoudu3 sql checked, record: spammp by SkillBOotiiS to -1
01-01-18 22:37:10 [INFO] [OctoBans] lefifoudu3 sql checked, record: spammp by zlKayzen to -1
01-01-18 22:37:10 [INFO] [OctoBans] lefifoudu3 sql checked, record: spammp by MrBlaze77 to -1
01-01-18 22:37:10 [INFO] [OctoBans] lefifoudu3 sql checked, record: spammp by atsuky to -1
01-01-18 22:37:10 [INFO] [OctoBans] lefifoudu3 sql checked, record: spammp by atsuky to -1
01-01-18 22:37:10 [INFO] [OctoBans] lefifoudu3 sql checked, record: spammp by drbrine to -1
01-01-18 22:37:10 [INFO] [OctoBans] lefifoudu3 sql checked, record: spammp by drbrine to -1
01-01-18 22:37:10 [INFO] [OctoBans] lefifoudu3 sql checked, record: tpkill by PseudooNull to 1514909614
01-01-18 22:37:16 [INFO] [OctoBans] onflyenrec sql checked, record: spammp by Antoine57565 to -1
01-01-18 22:38:07 [INFO] [OctoBans] lefifoudu3 sql checked, record: spammp by EW3L to -1
01-01-18 22:38:07 [INFO] [OctoBans] lefifoudu3 sql checked, record: spammp by EW3L to -1
01-01-18 22:38:07 [INFO] [OctoBans] lefifoudu3 sql checked, record: spammp by Koeseb97 to -1
01-01-18 22:38:07 [INFO] [OctoBans] lefifoudu3 sql checked, record: spammp by LaKitaw to -1
01-01-18 22:38:07 [INFO] [OctoBans] lefifoudu3 sql checked, record: spammp by SkillBOotiiS to -1
01-01-18 22:38:07 [INFO] [OctoBans] lefifoudu3 sql checked, record: spammp by zlKayzen to -1
01-01-18 22:38:07 [INFO] [OctoBans] lefifoudu3 sql checked, record: spammp by MrBlaze77 to -1
01-01-18 22:38:07 [INFO] [OctoBans] lefifoudu3 sql checked, record: spammp by atsuky to -1
01-01-18 22:38:07 [INFO] [OctoBans] lefifoudu3 sql checked, record: spammp by atsuky to -1
01-01-18 22:38:07 [INFO] [OctoBans] lefifoudu3 sql checked, record: spammp by drbrine to -1
01-01-18 22:38:07 [INFO] [OctoBans] lefifoudu3 sql checked, record: spammp by drbrine to -1
01-01-18 22:38:07 [INFO] [OctoBans] lefifoudu3 sql checked, record: tpkill by PseudooNull to 1514909614
01-01-18 22:38:38 [INFO] [OctoBans] ertynox83 sql checked, record: spammp by Koeseb97 to -1
01-01-18 22:38:52 [INFO] [OctoBans] zlKayzen punished whiteswand for: Spam/flood en MP
01-01-18 22:41:47 [INFO] [OctoBans] xxdubeskillsxx sql checked, record: spammp by FamousxRay to -1
01-01-18 22:41:47 [INFO] [OctoBans] xxdubeskillsxx sql checked, record: spammp by atsuky to -1
01-01-18 22:43:50 [INFO] [OctoBans] dozz_ytb sql checked, record: spammp by WeeZix to -1
01-01-18 22:45:39 [INFO] [OctoBans] bucky57 sql checked, record: spammp by PseudooNull to -1
01-01-18 22:45:39 [INFO] [OctoBans] bucky57 sql checked, record: spammp by Koeseb97 to -1
01-01-18 22:45:39 [INFO] [OctoBans] bucky57 sql checked, record: spammp by Koeseb97 to -1
01-01-18 22:46:35 [INFO] [OctoBans] PseudooNull punished seanwill11 for: Spam/flood en MP
01-01-18 22:47:17 [INFO] [OctoBans] bluegumsurytb sql checked, record: spammp by PseudooNull to -1
01-01-18 22:47:17 [INFO] [OctoBans] bluegumsurytb sql checked, record: spammp by ToXiCz_TV to -1
01-01-18 22:47:17 [INFO] [OctoBans] bluegumsurytb sql checked, record: spam by D3adOrSnipSurYTB to 1514858741
01-01-18 22:50:01 [INFO] [OctoBans] progameur sql checked, record: spammp by FiasK0 to -1
01-01-18 22:50:01 [INFO] [OctoBans] progameur sql checked, record: spammp by D3adOrSnipSurYTB to -1
01-01-18 22:50:43 [INFO] [OctoBans] lefifoudu3 sql checked, record: spammp by EW3L to -1
01-01-18 22:50:43 [INFO] [OctoBans] lefifoudu3 sql checked, record: spammp by EW3L to -1
01-01-18 22:50:43 [INFO] [OctoBans] lefifoudu3 sql checked, record: spammp by Koeseb97 to -1
01-01-18 22:50:43 [INFO] [OctoBans] lefifoudu3 sql checked, record: spammp by LaKitaw to -1
01-01-18 22:50:43 [INFO] [OctoBans] lefifoudu3 sql checked, record: spammp by SkillBOotiiS to -1
01-01-18 22:50:43 [INFO] [OctoBans] lefifoudu3 sql checked, record: spammp by zlKayzen to -1
01-01-18 22:50:43 [INFO] [OctoBans] lefifoudu3 sql checked, record: spammp by MrBlaze77 to -1
01-01-18 22:50:43 [INFO] [OctoBans] lefifoudu3 sql checked, record: spammp by atsuky to -1
01-01-18 22:50:43 [INFO] [OctoBans] lefifoudu3 sql checked, record: spammp by atsuky to -1
01-01-18 22:50:43 [INFO] [OctoBans] lefifoudu3 sql checked, record: spammp by drbrine to -1
01-01-18 22:50:43 [INFO] [OctoBans] lefifoudu3 sql checked, record: spammp by drbrine to -1
01-01-18 22:50:43 [INFO] [OctoBans] lefifoudu3 sql checked, record: tpkill by PseudooNull to 1514909614
01-01-18 22:51:00 [INFO] [OctoBans] lefifoudu3 sql checked, record: spammp by EW3L to -1
01-01-18 22:51:00 [INFO] [OctoBans] lefifoudu3 sql checked, record: spammp by EW3L to -1
01-01-18 22:51:00 [INFO] [OctoBans] lefifoudu3 sql checked, record: spammp by Koeseb97 to -1
01-01-18 22:51:00 [INFO] [OctoBans] lefifoudu3 sql checked, record: spammp by LaKitaw to -1
01-01-18 22:51:00 [INFO] [OctoBans] lefifoudu3 sql checked, record: spammp by SkillBOotiiS to -1
01-01-18 22:51:00 [INFO] [OctoBans] lefifoudu3 sql checked, record: spammp by zlKayzen to -1
01-01-18 22:51:00 [INFO] [OctoBans] lefifoudu3 sql checked, record: spammp by MrBlaze77 to -1
01-01-18 22:51:00 [INFO] [OctoBans] lefifoudu3 sql checked, record: spammp by atsuky to -1
01-01-18 22:51:00 [INFO] [OctoBans] lefifoudu3 sql checked, record: spammp by atsuky to -1
01-01-18 22:51:00 [INFO] [OctoBans] lefifoudu3 sql checked, record: spammp by drbrine to -1
01-01-18 22:51:00 [INFO] [OctoBans] lefifoudu3 sql checked, record: spammp by drbrine to -1
01-01-18 22:51:00 [INFO] [OctoBans] lefifoudu3 sql checked, record: tpkill by PseudooNull to 1514909614
01-01-18 22:51:38 [INFO] [OctoBans] lefifoudu3 sql checked, record: spammp by EW3L to -1
01-01-18 22:51:38 [INFO] [OctoBans] lefifoudu3 sql checked, record: spammp by EW3L to -1
01-01-18 22:51:38 [INFO] [OctoBans] lefifoudu3 sql checked, record: spammp by Koeseb97 to -1
01-01-18 22:51:38 [INFO] [OctoBans] lefifoudu3 sql checked, record: spammp by LaKitaw to -1
01-01-18 22:51:38 [INFO] [OctoBans] lefifoudu3 sql checked, record: spammp by SkillBOotiiS to -1
01-01-18 22:51:38 [INFO] [OctoBans] lefifoudu3 sql checked, record: spammp by zlKayzen to -1
01-01-18 22:51:38 [INFO] [OctoBans] lefifoudu3 sql checked, record: spammp by MrBlaze77 to -1
01-01-18 22:51:38 [INFO] [OctoBans] lefifoudu3 sql checked, record: spammp by atsuky to -1
01-01-18 22:51:38 [INFO] [OctoBans] lefifoudu3 sql checked, record: spammp by atsuky to -1
01-01-18 22:51:38 [INFO] [OctoBans] lefifoudu3 sql checked, record: spammp by drbrine to -1
01-01-18 22:51:38 [INFO] [OctoBans] lefifoudu3 sql checked, record: spammp by drbrine to -1
01-01-18 22:51:38 [INFO] [OctoBans] lefifoudu3 sql checked, record: tpkill by PseudooNull to 1514909614
01-01-18 22:52:34 [INFO] [OctoBans] brookdu81 sql checked, record: incitationflood by PseudooNull to 1514906129
01-01-18 22:52:34 [INFO] [OctoBans] brookdu81 sql checked, record: spammp by D3adOrSnipSurYTB to -1
01-01-18 22:53:29 [INFO] [OctoBans] zozodu14 sql checked, record: spammp by Koeseb97 to -1
01-01-18 22:53:29 [INFO] [OctoBans] zozodu14 sql checked, record: insultegrave by ToXiCz_TV to 1514913659
01-01-18 22:53:35 [INFO] [OctoBans] zozodu14 sql checked, record: spammp by Koeseb97 to -1
01-01-18 22:53:35 [INFO] [OctoBans] zozodu14 sql checked, record: insultegrave by ToXiCz_TV to 1514913659
01-01-18 22:54:13 [INFO] [OctoBans] Flowtox punished zozodu14 for: Trahison
01-01-18 22:54:17 [INFO] [OctoBans] artimiroir64 sql checked, record: spammp by D3adOrSnipSurYTB to -1
01-01-18 22:54:17 [INFO] [OctoBans] artimiroir64 sql checked, record: spammp by EGGSPLOSION to -1
01-01-18 22:55:21 [INFO] [OctoBans] _zwiiko_ sql checked, record: spammp by Zayrox29 to -1
01-01-18 22:56:32 [INFO] [OctoBans] PseudooNull punished tigrouuuu for: Langage incorrect
01-01-18 22:59:05 [INFO] [OctoBans] OCIP_Matth punished friphiano for: Spam/flood en MP
01-01-18 23:01:34 [INFO] [OctoBans] _konaking_ sql checked, record: tpkill by D3adOrSnipSurYTB to 1514900854
01-01-18 23:05:05 [INFO] [OctoBans] touti sql checked, record: spammp by FNGOD to -1
01-01-18 23:06:01 [INFO] [OctoBans] azinox12 sql checked, record: spammp by PseudooNull to -1
01-01-18 23:07:07 [INFO] [OctoBans] tisabe sql checked, record: spammp by Gamer09 to -1
01-01-18 23:08:28 [INFO] [OctoBans] deeprodole sql checked, record: spammp by Zayrox29 to -1
01-01-18 23:08:28 [INFO] [OctoBans] deeprodole sql checked, record: spammp by Zayrox29 to -1
01-01-18 23:08:52 [INFO] [OctoBans] momolegardien sql checked, record: spammp by ToXiCz_TV to -1
01-01-18 23:09:39 [INFO] [OctoBans] idreyzen sql checked, record: insultegrave by EW3L to 1515021260
01-01-18 23:10:28 [INFO] [OctoBans] rewd sql checked, record: spammp by Ceraiste to -1
01-01-18 23:11:12 [INFO] [OctoBans] EGGSPLOSION punished mixi24 for: Insulte grave
01-01-18 23:11:35 [INFO] [OctoBans] PseudooNull punished mixi24 for: Menace de hack
01-01-18 23:13:18 [INFO] [OctoBans] ToXiCz_TV punished wizzard for: Provocation
01-01-18 23:14:10 [INFO] [OctoBans] PseudooNull punished pvp_pro for: Menace de hack
01-01-18 23:16:45 [INFO] [OctoBans] PseudooNull punished fabio for: Menace de hack
01-01-18 23:19:01 [INFO] [OctoBans] pepsicoca sql checked, record: spammp by FiasK0 to -1
01-01-18 23:19:01 [INFO] [OctoBans] pepsicoca sql checked, record: tpkill by D3adOrSnipSurYTB to 1514933598
01-01-18 23:25:13 [INFO] [OctoBans] mrfire19 sql checked, record: spammp by atsuky to -1
01-01-18 23:26:17 [INFO] [OctoBans] bokos sql checked, record: spammp by yeti2001vd to -1
01-01-18 23:26:17 [INFO] [OctoBans] bokos sql checked, record: spammp by yeti2001vd to -1
01-01-18 23:26:17 [INFO] [OctoBans] bokos sql checked, record: spammp by FNGOD to -1
01-01-18 23:26:17 [INFO] [OctoBans] bokos sql checked, record: spammp by EW3L to -1
01-01-18 23:26:17 [INFO] [OctoBans] bokos sql checked, record: spammp by FNGOD to -1
01-01-18 23:30:22 [INFO] [OctoBans] PseudooNull punished adrien012 for: Double Poste
01-01-18 23:30:59 [INFO] [OctoBans] nicro2000 sql checked, record: spammp by EGGSPLOSION to -1
01-01-18 23:33:58 [INFO] [OctoBans] algorskis_yt sql checked, record: spammp by SmooKeur to -1
01-01-18 23:33:58 [INFO] [OctoBans] algorskis_yt sql checked, record: spammp by Antoine57565 to -1
01-01-18 23:37:26 [INFO] [OctoBans] PseudooNull punished xxsubxx for: Spam/flood en MP
01-01-18 23:42:26 [INFO] [OctoBans] sosfight sql checked, record: spammp by PseudooNull to -1
01-01-18 23:44:54 [INFO] [OctoBans] ToXiCz_TV punished leminecraftien80 for: Insulte grave
01-01-18 23:48:35 [INFO] [OctoBans] PseudooNull punished walterwhite for: Spam/flood en MP
01-01-18 23:48:48 [INFO] [OctoBans] easy sql checked, record: insultegrave by D3adOrSnipSurYTB to 1514960914
01-01-18 23:48:48 [INFO] [OctoBans] easy sql checked, record: insultegrave by YTB_XxKarnageXx to 1515009580
01-01-18 23:49:13 [INFO] [OctoBans] aexraptorz sql checked, record: spammp by Remil to -1
01-01-18 23:49:13 [INFO] [OctoBans] aexraptorz sql checked, record: spammp by PseudooNull to -1
01-01-18 23:49:13 [INFO] [OctoBans] aexraptorz sql checked, record: insultegrave by EGGSPLOSION to 1514897532
01-01-18 23:51:53 [INFO] [OctoBans] syrox_ytb sql checked, record: spammp by Koeseb97 to -1
01-01-18 23:51:53 [INFO] [OctoBans] syrox_ytb sql checked, record: spammp by PseudooNull to -1
01-01-18 23:51:53 [INFO] [OctoBans] syrox_ytb sql checked, record: spammp by OCIP_Matth to -1
01-01-18 23:51:53 [INFO] [OctoBans] syrox_ytb sql checked, record: insultegrave by OCIP_Matth to 1514882943
01-01-18 23:52:15 [INFO] [OctoBans] d3adorsnipsurytb sql checked, record: spammp by Koeseb97 to -1
01-01-18 23:52:15 [INFO] [OctoBans] d3adorsnipsurytb sql checked, record: spammp by Koeseb97 to -1
01-01-18 23:52:15 [INFO] [OctoBans] d3adorsnipsurytb sql checked, record: spammp by Koeseb97 to -1
01-01-18 23:52:15 [INFO] [OctoBans] d3adorsnipsurytb sql checked, record: spammp by Koeseb97 to -1
01-01-18 23:52:15 [INFO] [OctoBans] d3adorsnipsurytb sql checked, record: spammp by Koeseb97 to -1
01-01-18 23:52:15 [INFO] [OctoBans] d3adorsnipsurytb sql checked, record: spammp by Koeseb97 to -1
01-01-18 23:55:32 [INFO] [OctoBans] mcfleury sql checked, record: spammp by Koeseb97 to -1
01-01-18 23:57:13 [INFO] [OctoBans] wilson84 sql checked, record: spammp by OCIP_Matth to -1
01-01-18 23:57:13 [INFO] [OctoBans] wilson84 sql checked, record: spammp by ToXiCz_TV to -1
01-01-18 23:57:13 [INFO] [OctoBans] wilson84 sql checked, record: spammp by LaKitaw to -1
01-01-18 23:57:13 [INFO] [OctoBans] wilson84 sql checked, record: spammp by PseudooNull to -1
01-01-18 23:57:13 [INFO] [OctoBans] wilson84 sql checked, record: spammp by woimant to -1
01-01-18 23:57:13 [INFO] [OctoBans] wilson84 sql checked, record: spammp by Gamer09 to -1
01-01-18 23:58:01 [INFO] [OctoBans] samjj68 sql checked, record: spammp by PseudooNull to -1
01-01-18 23:59:05 [INFO] [OctoBans] Antoine57565 punished bibi_zetla for: Provocation
02-01-18 00:00:21 [INFO] [OctoBans] serge58 sql checked, record: spammp by Remil to -1
02-01-18 00:00:21 [INFO] [OctoBans] serge58 sql checked, record: spammp by OCIP_Matth to -1
02-01-18 00:09:26 [INFO] [OctoBans] virocl sql checked, record: spammp by PseudooNull to -1
02-01-18 00:11:30 [INFO] [OctoBans] PseudooNull punished lefifoudu3 for: Langage incorrect
02-01-18 00:17:22 [INFO] [OctoBans] magi_fragz_yt sql checked, record: spammp by LeRe to -1
02-01-18 00:18:11 [INFO] [OctoBans] ishaadow_ sql checked, record: spammp by FamousxRay to -1
02-01-18 00:18:11 [INFO] [OctoBans] ishaadow_ sql checked, record: spammp by FNGOD to -1
02-01-18 00:18:40 [INFO] [OctoBans] lokyin sql checked, record: spammp by ToXiCz_TV to -1
02-01-18 00:18:40 [INFO] [OctoBans] lokyin sql checked, record: spammp by skhey to -1
02-01-18 00:28:28 [INFO] [OctoBans] skhey sql checked, record: spammp by Remil to -1
02-01-18 00:29:01 [INFO] [OctoBans] skhey punished tomcase14 for: Spam/flood en MP
02-01-18 00:30:51 [INFO] [OctoBans] by_fly sql checked, record: spammp by Hkz_Skillon to -1
02-01-18 00:30:51 [INFO] [OctoBans] by_fly sql checked, record: spammp by PseudooNull to -1
02-01-18 00:31:58 [INFO] [OctoBans] thedarck sql checked, record: spammp by ToXiCz_TV to -1
02-01-18 00:31:58 [INFO] [OctoBans] thedarck sql checked, record: spammp by OCIP_Matth to -1
02-01-18 00:38:59 [INFO] [OctoBans] th3ndr4l sql checked, record: spammp by skhey to -1
02-01-18 00:39:59 [INFO] [OctoBans] PseudooNull punished thisisgab for: Double Poste
02-01-18 00:40:19 [INFO] [OctoBans] dilili sql checked, record: spammp by ToXiCz_TV to -1
02-01-18 00:40:19 [INFO] [OctoBans] dilili sql checked, record: spammp by PseudooNull to -1
02-01-18 00:41:47 [INFO] [OctoBans] PseudooNull punished power_king for: Double Poste
02-01-18 00:43:05 [INFO] [OctoBans] PseudooNull punished draklollllsuper for: Double Poste
02-01-18 00:43:57 [INFO] [OctoBans] PseudooNull punished virocl for: TpKill
02-01-18 00:44:52 [INFO] [OctoBans] harst_ sql checked, record: spammp by FiasK0 to -1
02-01-18 00:45:34 [INFO] [OctoBans] faruz sql checked, record: spammp by D3adOrSnipSurYTB to -1
02-01-18 00:47:15 [INFO] [OctoBans] PseudooNull punished theohand for: Double Poste
02-01-18 00:47:26 [INFO] [OctoBans] PseudooNull punished xxprocjecxx for: TpKill
02-01-18 00:53:01 [INFO] [OctoBans] aexraptorz sql checked, record: spammp by Remil to -1
02-01-18 00:53:01 [INFO] [OctoBans] aexraptorz sql checked, record: spammp by PseudooNull to -1
02-01-18 00:53:01 [INFO] [OctoBans] aexraptorz sql checked, record: insultegrave by EGGSPLOSION to 1514897532
02-01-18 00:53:36 [INFO] [OctoBans] PseudooNull punished lushen for: Double Poste
02-01-18 01:11:09 [INFO] [OctoBans] PseudooNull punished ar_warzen for: Insulte grave
02-01-18 01:11:31 [INFO] [OctoBans] ozmog_yt sql checked, record: spammp by Remil to -1
02-01-18 01:11:31 [INFO] [OctoBans] ozmog_yt sql checked, record: spammp by OCIP_Matth to -1
02-01-18 01:11:31 [INFO] [OctoBans] ozmog_yt sql checked, record: spammp by KelianHD to -1
02-01-18 01:11:31 [INFO] [OctoBans] ozmog_yt sql checked, record: spammp by SkillBOotiiS to -1
02-01-18 01:11:31 [INFO] [OctoBans] ozmog_yt sql checked, record: spammp by FiasK0 to -1
02-01-18 01:19:44 [INFO] [OctoBans] faryu_ sql checked, record: spammp by Spovly to -1
02-01-18 01:19:44 [INFO] [OctoBans] faryu_ sql checked, record: spammp by Taygrax07 to -1
02-01-18 01:26:32 [INFO] [OctoBans] PseudooNull punished insanity for: Homophobie
02-01-18 01:27:26 [INFO] [OctoBans] PseudooNull punished insanity for: Spam/flood en MP
02-01-18 01:27:53 [INFO] [OctoBans] woimant sql checked, record: spammp by woimant to -1
02-01-18 01:32:27 [INFO] [OctoBans] Zayrox29 punished gramatik for: Insulte grave
02-01-18 01:32:28 [INFO] [OctoBans] the_slash sql checked, record: spammp by pepedjo to -1
02-01-18 01:32:28 [INFO] [OctoBans] the_slash sql checked, record: spammp by drbrine to -1
02-01-18 01:32:28 [INFO] [OctoBans] the_slash sql checked, record: spammp by NeyTox to -1
02-01-18 01:32:28 [INFO] [OctoBans] the_slash sql checked, record: spammp by EW3L to -1
02-01-18 01:32:28 [INFO] [OctoBans] the_slash sql checked, record: spam by Zayrox29 to 1514896524
02-01-18 01:33:24 [INFO] [OctoBans] NeyTox punished molotof for: Provocation
02-01-18 01:40:49 [INFO] [OctoBans] NeyTox punished curtys0123 for: Insulte grave
02-01-18 01:47:34 [INFO] [OctoBans] azenpvp sql checked, record: spammp by D3adOrSnipSurYTB to -1
02-01-18 01:52:36 [INFO] [OctoBans] xxfloxx19 sql checked, record: spammp by Evolze to -1
02-01-18 01:56:54 [INFO] [OctoBans] gameurdumsk sql checked, record: spammp by SkillBOotiiS to -1
02-01-18 01:56:54 [INFO] [OctoBans] gameurdumsk sql checked, record: spammp by SkillBOotiiS to -1
02-01-18 01:56:54 [INFO] [OctoBans] gameurdumsk sql checked, record: spammp by NeyTox to -1
02-01-18 01:56:54 [INFO] [OctoBans] gameurdumsk sql checked, record: spammp by LeRe to -1
02-01-18 01:58:28 [INFO] [OctoBans] Zayrox29 punished chut3000 for: Spam/flood en MP
02-01-18 02:05:10 [INFO] [OctoBans] Zayrox29 punished papa for: Spam/flood
02-01-18 02:07:59 [INFO] [OctoBans] troll666 sql checked, record: insultegrave by Zayrox29 to 1514861064
02-01-18 02:15:45 [INFO] [OctoBans] NeyTox punished algorskis_yt for: Insulte grave
02-01-18 02:20:04 [INFO] [OctoBans] nicerush sql checked, record: spammp by Evolze to -1
02-01-18 02:20:04 [INFO] [OctoBans] nicerush sql checked, record: spammp by OCIP_Matth to -1
02-01-18 02:33:48 [INFO] [OctoBans] NeyTox punished chut3000 for: Spam/flood en MP
02-01-18 02:36:16 [INFO] [OctoBans] fabio sql checked, record: spammp by zlKayzen to -1
02-01-18 02:36:16 [INFO] [OctoBans] fabio sql checked, record: spammp by WeeZix to -1
02-01-18 02:36:16 [INFO] [OctoBans] fabio sql checked, record: spammp by D3adOrSnipSurYTB to -1
02-01-18 02:36:16 [INFO] [OctoBans] fabio sql checked, record: spammp by Bucky57 to -1
02-01-18 02:36:16 [INFO] [OctoBans] fabio sql checked, record: menacehack by PseudooNull to 1515104205
02-01-18 02:36:59 [INFO] [OctoBans] fabio sql checked, record: spammp by zlKayzen to -1
02-01-18 02:36:59 [INFO] [OctoBans] fabio sql checked, record: spammp by WeeZix to -1
02-01-18 02:36:59 [INFO] [OctoBans] fabio sql checked, record: spammp by D3adOrSnipSurYTB to -1
02-01-18 02:36:59 [INFO] [OctoBans] fabio sql checked, record: spammp by Bucky57 to -1
02-01-18 02:36:59 [INFO] [OctoBans] fabio sql checked, record: menacehack by PseudooNull to 1515104205
02-01-18 02:53:57 [INFO] [OctoBans] nrgx_sh4d0w sql checked, record: spammp by NeyTox to -1
02-01-18 02:55:21 [INFO] [OctoBans] NeyTox punished hkp_epsilion for: Insulte grave
02-01-18 03:19:10 [INFO] [OctoBans] deniz sql checked, record: spammp by SmooKeur to -1
02-01-18 04:33:14 [INFO] [OctoBans] NeyTox punished tropicolabase for: Spam/flood en MP
02-01-18 04:34:00 [INFO] [OctoBans] akizumisama sql checked, record: spammp by OCIP_Matth to -1
02-01-18 04:35:53 [INFO] [OctoBans] NeyTox punished tropicolabase for: Incitation au flood
02-01-18 06:01:02 [INFO] [OctoBans] Disabling OctoBans v1.0
