01-02-18 22:32:50 [INFO] [OctoBans] File Handler successfully initialized!
01-02-18 22:32:50 [INFO] [OctoBans] SQL connection successfully etablished
01-02-18 22:32:50 [INFO] [OctoBans] Moderator Tools by Octonia.
01-02-18 22:32:55 [INFO] [OctoBans] ytbibossyt sql checked, record: spammp by atsuky to -1
01-02-18 22:32:55 [INFO] [OctoBans] sosfight sql checked, record: spam by Zayrox29 to 1517521937
01-02-18 22:32:55 [INFO] [OctoBans] sosfight sql checked, record: insultestaff by FiasK0 to 1517551294
01-02-18 22:32:55 [INFO] [OctoBans] chut3000 sql checked, record: spammp by FiasK0 to -1
01-02-18 22:32:55 [INFO] [OctoBans] chut3000 sql checked, record: spammp by Zayrox29 to -1
01-02-18 22:32:55 [INFO] [OctoBans] chut3000 sql checked, record: spammp by NeyTox to -1
01-02-18 22:32:55 [INFO] [OctoBans] sangoku sql checked, record: spammp by atsuky to -1
01-02-18 22:32:55 [INFO] [OctoBans] sangoku sql checked, record: spammp by Awesomeboy to -1
01-02-18 22:32:55 [INFO] [OctoBans] sangoku sql checked, record: spammp by Awesomeboy to -1
01-02-18 22:32:56 [INFO] [OctoBans] lethugdu46 sql checked, record: spammp by PseudooNull to -1
01-02-18 22:32:56 [INFO] [OctoBans] lethugdu46 sql checked, record: spammp by PseudooNull to -1
01-02-18 22:32:56 [INFO] [OctoBans] lethugdu46 sql checked, record: spammp by atsuky to -1
01-02-18 22:32:56 [INFO] [OctoBans] lethugdu46 sql checked, record: spammp by iDecow_ to -1
01-02-18 22:32:59 [INFO] [OctoBans] trystanausaure sql checked, record: spammp by Furiomaniak to -1
01-02-18 22:32:59 [INFO] [OctoBans] zeynox sql checked, record: spammp by Zayrox29 to -1
01-02-18 22:32:59 [INFO] [OctoBans] zeynox sql checked, record: spammp by Zoseq to -1
01-02-18 22:32:59 [INFO] [OctoBans] zeynox sql checked, record: spammp by LaKitaw to -1
01-02-18 22:32:59 [INFO] [OctoBans] zeynox sql checked, record: spammp by LaKitaw to -1
01-02-18 22:32:59 [INFO] [OctoBans] zeynox sql checked, record: spammp by LaKitaw to -1
01-02-18 22:32:59 [INFO] [OctoBans] zeynox sql checked, record: spammp by D3adOrSnipSurYTB to -1
01-02-18 22:32:59 [INFO] [OctoBans] zeynox sql checked, record: spammp by Awesomeboy to -1
01-02-18 22:33:09 [INFO] [OctoBans] kywazy sql checked, record: spam by Furiomaniak to 1517530047
01-02-18 22:33:12 [INFO] [OctoBans] agoniel sql checked, record: spam by Furiomaniak to 1517534259
01-02-18 22:33:14 [INFO] [OctoBans] unnainportant sql checked, record: spammp by atsuky to -1
01-02-18 22:33:16 [INFO] [OctoBans] deeprodole sql checked, record: spammp by Zayrox29 to -1
01-02-18 22:33:16 [INFO] [OctoBans] deeprodole sql checked, record: spammp by Zayrox29 to -1
01-02-18 22:33:44 [INFO] [OctoBans] idecow_ sql checked, record: spammp by OCIP_Matth to -1
01-02-18 22:33:53 [INFO] [OctoBans] okalorsok sql checked, record: spammp by atsuky to -1
01-02-18 22:34:11 [INFO] [OctoBans] captainenergy sql checked, record: spammp by FamousxRay to -1
01-02-18 22:34:11 [INFO] [OctoBans] captainenergy sql checked, record: multicompte by SmooKeur to -1
01-02-18 22:35:30 [INFO] [OctoBans] wazhrod sql checked, record: spammp by DEEProdole to -1
01-02-18 22:36:06 [INFO] [OctoBans] bloodgamer25 sql checked, record: spammp by FiasK0 to -1
01-02-18 22:37:29 [INFO] [OctoBans] aexraptorz sql checked, record: spammp by Remil to -1
01-02-18 22:37:29 [INFO] [OctoBans] aexraptorz sql checked, record: spammp by PseudooNull to -1
01-02-18 22:37:35 [INFO] [OctoBans] darryl1 sql checked, record: spammp by FiasK0 to -1
01-02-18 22:38:07 [INFO] [OctoBans] Furiomaniak punished virocl for: Provocation
01-02-18 22:41:34 [INFO] [OctoBans] imdylan sql checked, record: spammp by FiasK0 to -1
01-02-18 22:45:48 [INFO] [OctoBans] woimant punished unnainportant for: Double Poste
01-02-18 22:47:03 [INFO] [OctoBans] doli_gaming sql checked, record: spammp by D3adOrSnipSurYTB to -1
01-02-18 22:49:13 [INFO] [OctoBans] racaille76 sql checked, record: spammp by AO_Darkness to -1
01-02-18 22:50:06 [INFO] [OctoBans] ktm125sx sql checked, record: spammp by PseudooNull to -1
01-02-18 22:50:06 [INFO] [OctoBans] ktm125sx sql checked, record: menacehack by WeeZix to 1517769303
01-02-18 22:50:06 [INFO] [OctoBans] ktm125sx sql checked, record: menacehack by WeeZix to 1518028527
01-02-18 22:52:10 [INFO] [OctoBans] DEEProdole punished darryl1 for: Insulte
01-02-18 22:55:31 [INFO] [OctoBans] stan94 sql checked, record: insultegrave by DEEProdole to 1517545424
01-02-18 23:26:13 [INFO] [OctoBans] DEEProdole punished lethugdu46 for: Provocation
01-02-18 23:52:23 [INFO] [OctoBans] DEEProdole punished trystanausaure for: Spam/flood
01-02-18 23:53:00 [INFO] [OctoBans] diodu sql checked, record: spammp by Gamer09 to -1
01-02-18 23:56:19 [INFO] [OctoBans] agentbeffu2 sql checked, record: spammp by EW3L to -1
02-02-18 00:06:03 [INFO] [OctoBans] keen0x sql checked, record: spammp by FNGOD to -1
02-02-18 00:06:03 [INFO] [OctoBans] keen0x sql checked, record: faussesinfos by atsuky to 1517585263
02-02-18 00:07:19 [INFO] [OctoBans] pepsicoca sql checked, record: spammp by FiasK0 to -1
02-02-18 00:07:19 [INFO] [OctoBans] pepsicoca sql checked, record: spammp by Elfideltia to -1
02-02-18 00:07:19 [INFO] [OctoBans] pepsicoca sql checked, record: spammp by Elfideltia to -1
02-02-18 00:47:53 [INFO] [OctoBans] _hello_kitty sql checked, record: spammp by Remil to -1
02-02-18 01:12:01 [INFO] [OctoBans] Remil punished _hello_kitty for: Insulte
02-02-18 01:12:05 [INFO] [OctoBans] Remil punished remil for: Insulte
02-02-18 01:12:16 [INFO] [OctoBans] Remil punished shouteur for: Insulte
02-02-18 01:48:16 [INFO] [OctoBans] by_fly sql checked, record: spammp by Hkz_Skillon to -1
02-02-18 01:48:16 [INFO] [OctoBans] by_fly sql checked, record: spammp by PseudooNull to -1
02-02-18 06:01:02 [INFO] [OctoBans] Disabling OctoBans v1.0
