07-11-17 22:31:42 [INFO] [OctoBans] File Handler successfully initialized!
07-11-17 22:31:42 [INFO] [OctoBans] SQL connection successfully etablished
07-11-17 22:31:42 [INFO] [OctoBans] Moderator Tools by Octonia.
07-11-17 22:31:47 [INFO] [OctoBans] lethugdu46 sql checked, record: spammp by LaKitaw to -1
07-11-17 22:31:47 [INFO] [OctoBans] shimo_ sql checked, record: spammp by LaKitaw to -1
07-11-17 22:31:47 [INFO] [OctoBans] shimo_ sql checked, record: spammp by SkillBOotiiS to -1
07-11-17 22:31:47 [INFO] [OctoBans] shimo_ sql checked, record: insultegrave by Zayrox29 to 1510191475
07-11-17 22:31:47 [INFO] [OctoBans] shimo_ sql checked, record: spammp by WeeZix to -1
07-11-17 22:31:47 [INFO] [OctoBans] ayken sql checked, record: spammp by KelianHD to -1
07-11-17 22:31:47 [INFO] [OctoBans] leminecraftien80 sql checked, record: spammp by infinitim to -1
07-11-17 22:31:47 [INFO] [OctoBans] leminecraftien80 sql checked, record: spammp by Zoseq to -1
07-11-17 22:31:47 [INFO] [OctoBans] sacha33340 sql checked, record: spammp by drbrine to -1
07-11-17 22:31:47 [INFO] [OctoBans] sacha33340 sql checked, record: spammp by KelianHD to -1
07-11-17 22:31:47 [INFO] [OctoBans] sacha33340 sql checked, record: spammp by KelianHD to -1
07-11-17 22:31:47 [INFO] [OctoBans] sacha33340 sql checked, record: pubyt by EGGSPLOSION to 1510100347
07-11-17 22:31:47 [INFO] [OctoBans] unnainportant sql checked, record: spammp by pepedjo to -1
07-11-17 22:31:49 [INFO] [OctoBans] blackwhite010 sql checked, record: insultegrave by Antoine57565 to 1510146807
07-11-17 22:32:04 [INFO] [OctoBans] algorskis_yt sql checked, record: spammp by SmooKeur to -1
07-11-17 22:32:04 [INFO] [OctoBans] algorskis_yt sql checked, record: insultegrave by LaKitaw to 1510178135
07-11-17 22:32:29 [INFO] [OctoBans] noirafricain sql checked, record: spammp by Zoseq to -1
07-11-17 22:32:41 [INFO] [OctoBans] sean32 sql checked, record: spammp by NiceFR to -1
07-11-17 22:32:41 [INFO] [OctoBans] bfa69 sql checked, record: spammp by millardm to -1
07-11-17 22:32:45 [INFO] [OctoBans] skyizi91 sql checked, record: spammp by MisterBlazing to -1
07-11-17 22:32:45 [INFO] [OctoBans] skyizi91 sql checked, record: spammp by Zoseq to -1
07-11-17 22:32:45 [INFO] [OctoBans] skyizi91 sql checked, record: doubleposte by SkillBOotiiS to 1510091814
07-11-17 22:32:49 [INFO] [OctoBans] jesuislepepsi sql checked, record: spammp by infinitim to -1
07-11-17 22:32:49 [INFO] [OctoBans] jesuislepepsi sql checked, record: spammp by infinitim to -1
07-11-17 22:33:47 [INFO] [OctoBans] nastu2727 sql checked, record: spammp by Remil to -1
07-11-17 22:39:18 [INFO] [OctoBans] SkillBOotiiS punished the_slash for: Spam/flood
07-11-17 22:41:10 [INFO] [OctoBans] juju123 sql checked, record: spammp by EGGSPLOSION to -1
07-11-17 22:46:39 [INFO] [OctoBans] Frite_Merguez punished jesuislepepsi for: Provocation
07-11-17 22:47:38 [INFO] [OctoBans] SkillBOotiiS punished leminecraftien80 for: Provocation
07-11-17 22:48:06 [INFO] [OctoBans] SkillBOotiiS punished lpz_nustuf for: Double Poste
07-11-17 22:53:03 [INFO] [OctoBans] SkillBOotiiS punished sean32 for: Spam/flood
07-11-17 22:57:13 [INFO] [OctoBans] idreyzen sql checked, record: spammp by SkillBOotiiS to -1
07-11-17 22:57:13 [INFO] [OctoBans] idreyzen sql checked, record: spammp by WeeZix to -1
07-11-17 23:05:22 [INFO] [OctoBans] Zayrox29 punished xserale for: Double Poste
07-11-17 23:06:01 [INFO] [OctoBans] Zayrox29 punished ourox_ for: Insulte
07-11-17 23:11:41 [INFO] [OctoBans] serge58 sql checked, record: spammp by pepedjo to -1
07-11-17 23:12:27 [INFO] [OctoBans] Zayrox29 punished qnd_ for: Insulte serveur
07-11-17 23:13:27 [INFO] [OctoBans] Frite_Merguez punished neeptune for: Provocation
07-11-17 23:18:50 [INFO] [OctoBans] superb3b3 sql checked, record: spammp by Evolze to -1
07-11-17 23:18:50 [INFO] [OctoBans] superb3b3 sql checked, record: spammp by Evolze to -1
07-11-17 23:27:42 [INFO] [OctoBans] Zayrox29 punished kakakiki2 for: Double Poste
07-11-17 23:40:02 [INFO] [OctoBans] Zayrox29 punished kakakiki2 for: Insulte grave
07-11-17 23:40:34 [INFO] [OctoBans] Frite_Merguez punished electriiz for: Double Poste
07-11-17 23:43:35 [INFO] [OctoBans] Frite_Merguez punished molotof for: Provocation
07-11-17 23:49:54 [INFO] [OctoBans] Frite_Merguez punished _hello_kitty for: Provocation
07-11-17 23:56:31 [INFO] [OctoBans] Frite_Merguez punished molotof for: Provocation
08-11-17 01:02:48 [INFO] [OctoBans] strikewail sql checked, record: spammp by LaKitaw to -1
08-11-17 01:02:48 [INFO] [OctoBans] strikewail sql checked, record: spammp by LaKitaw to -1
08-11-17 01:02:48 [INFO] [OctoBans] strikewail sql checked, record: insultestaff by FiasK0 to 1510134939
08-11-17 01:14:45 [INFO] [OctoBans] virocl sql checked, record: spammp by Antoine57565 to -1
08-11-17 01:18:08 [INFO] [OctoBans] azizlapoite sql checked, record: spammp by FiasK0 to -1
08-11-17 01:25:09 [INFO] [OctoBans] KelianHD punished superb3b3 for: Double Poste
08-11-17 01:28:52 [INFO] [OctoBans] KelianHD punished virocl for: Provocation
08-11-17 01:40:54 [INFO] [OctoBans] killerboydu13 sql checked, record: spammp by Evolze to -1
08-11-17 02:08:08 [INFO] [OctoBans] azzymaster punished sangoku for: Provocation
08-11-17 02:13:02 [INFO] [OctoBans] KelianHD punished virocl for: Provocation
08-11-17 02:18:27 [INFO] [OctoBans] KelianHD punished _hello_kitty for: Provocation
08-11-17 03:31:20 [INFO] [OctoBans] red_sheep sql checked, record: spammp by Remil to -1
08-11-17 05:00:39 [INFO] [OctoBans] zeynox sql checked, record: spammp by Zayrox29 to -1
08-11-17 05:00:39 [INFO] [OctoBans] zeynox sql checked, record: spammp by Zoseq to -1
08-11-17 06:01:01 [INFO] [OctoBans] Disabling OctoBans v1.0
