15-06-17 22:31:42 [INFO] [OctoBans] File Handler successfully initialized!
15-06-17 22:31:42 [INFO] [OctoBans] SQL connection successfully etablished
15-06-17 22:31:42 [INFO] [OctoBans] Moderator Tools by Octonia.
15-06-17 22:31:46 [INFO] [OctoBans] hobzyii sql checked, record: doubleposte by Remil to 1497558736
15-06-17 22:31:46 [INFO] [OctoBans] ew3l sql checked, record: spammp by SnowEffect to -1
15-06-17 22:31:46 [INFO] [OctoBans] kvinzo sql checked, record: spammp by PseudoNul to -1
15-06-17 22:31:46 [INFO] [OctoBans] kvinzo sql checked, record: incitationflood by PseudoNul to 1497616735
15-06-17 22:31:46 [INFO] [OctoBans] singe_de_telfort sql checked, record: spammp by SuperJojo to -1
15-06-17 22:31:46 [INFO] [OctoBans] singe_de_telfort sql checked, record: kickautre by Steph078 to -1
15-06-17 22:31:46 [INFO] [OctoBans] singe_de_telfort sql checked, record: spammp by SuperJojo to -1
15-06-17 22:31:46 [INFO] [OctoBans] singe_de_telfort sql checked, record: spammp by SkyKosIV to -1
15-06-17 22:31:46 [INFO] [OctoBans] singe_de_telfort sql checked, record: spammp by YTB_XxKarnageXx to -1
15-06-17 22:31:46 [INFO] [OctoBans] singe_de_telfort sql checked, record: doubleposte by Remil to 1497558800
15-06-17 22:31:46 [INFO] [OctoBans] by_fly sql checked, record: spammp by Remil to -1
15-06-17 22:31:46 [INFO] [OctoBans] superjojo sql checked, record: spammp by SkyKosIV to -1
15-06-17 22:31:46 [INFO] [OctoBans] superjojo sql checked, record: spammp by Blubfire to -1
15-06-17 22:31:46 [INFO] [OctoBans] itz_smokew33d sql checked, record: spammp by Remil to -1
15-06-17 22:31:46 [INFO] [OctoBans] itz_smokew33d sql checked, record: doubleposte by SuperJojo to 1497559697
15-06-17 22:31:46 [INFO] [OctoBans] ttot sql checked, record: spam by Remil to 1497576596
15-06-17 22:31:46 [INFO] [OctoBans] whiskass sql checked, record: spammp by SuperJojo to -1
15-06-17 22:31:46 [INFO] [OctoBans] whiskass sql checked, record: spam by Remil to 1497563503
15-06-17 22:31:46 [INFO] [OctoBans] superfilleciel sql checked, record: spammp by Theo97 to -1
15-06-17 22:31:46 [INFO] [OctoBans] superfilleciel sql checked, record: spammp by Remil to -1
15-06-17 22:31:46 [INFO] [OctoBans] superfilleciel sql checked, record: spammp by Remil to -1
15-06-17 22:31:50 [INFO] [OctoBans] santiugaming sql checked, record: doubleposte by SuperJojo to 1497558849
15-06-17 22:31:50 [INFO] [OctoBans] mgk_tozzzz sql checked, record: incitationflood by SuperJojo to 1497643688
15-06-17 22:31:50 [INFO] [OctoBans] xelio57 sql checked, record: spammp by SnowEffect to -1
15-06-17 22:31:50 [INFO] [OctoBans] unsdfquidab sql checked, record: doubleposte by SuperJojo to 1497559111
15-06-17 22:31:51 [INFO] [OctoBans] lolo76200 sql checked, record: spammp by PseudoNul to -1
15-06-17 22:31:51 [INFO] [OctoBans] lolo76200 sql checked, record: spammp by SuperJojo to -1
15-06-17 22:31:53 [INFO] [OctoBans] kyzirie sql checked, record: spammp by PseudoNul to -1
15-06-17 22:31:54 [INFO] [OctoBans] craziix_eu sql checked, record: spammp by Remil to -1
15-06-17 22:31:54 [INFO] [OctoBans] craziix_eu sql checked, record: spammp by Remil to -1
15-06-17 22:31:54 [INFO] [OctoBans] craziix_eu sql checked, record: spammp by Remil to -1
15-06-17 22:31:54 [INFO] [OctoBans] craziix_eu sql checked, record: spammp by Remil to -1
15-06-17 22:31:56 [INFO] [OctoBans] gismo2806 sql checked, record: insultegrave by YTB_XxKarnageXx to 1497612045
15-06-17 22:32:14 [INFO] [OctoBans] zekiller69 sql checked, record: flood by Tybou to 1497561951
15-06-17 22:32:25 [INFO] [OctoBans] zrk_warthog sql checked, record: spammp by Remil to -1
15-06-17 22:32:55 [INFO] [OctoBans] swiftstay sql checked, record: spammp by Remil to -1
15-06-17 22:34:45 [INFO] [OctoBans] SuperJojo punished papa1793 for: Double Poste
15-06-17 22:35:41 [INFO] [OctoBans] tipi201 sql checked, record: kickautre by ZerKup to -1
15-06-17 22:35:48 [INFO] [OctoBans] ruth_skwiz sql checked, record: spammp by Remil to -1
15-06-17 22:36:43 [INFO] [OctoBans] SuperJojo punished pandazzz for: Double Poste
15-06-17 22:38:59 [INFO] [OctoBans] celticevan95 sql checked, record: spammp by SnowEffect to -1
15-06-17 22:39:05 [INFO] [OctoBans] asteufe sql checked, record: spam by SuperJojo to 1497563356
15-06-17 22:39:06 [INFO] [OctoBans] SuperJojo punished santiugaming for: Double Poste
15-06-17 22:39:52 [INFO] [OctoBans] ext4zzy sql checked, record: spammp by Remil to -1
15-06-17 22:39:52 [INFO] [OctoBans] ext4zzy sql checked, record: spammp by Remil to -1
15-06-17 22:39:52 [INFO] [OctoBans] ext4zzy sql checked, record: spammp by Remil to -1
15-06-17 22:39:52 [INFO] [OctoBans] ext4zzy sql checked, record: spammp by SuperJojo to -1
15-06-17 22:39:52 [INFO] [OctoBans] ext4zzy sql checked, record: kickautre by Steph078 to -1
15-06-17 22:39:52 [INFO] [OctoBans] ext4zzy sql checked, record: spammp by SuperJojo to -1
15-06-17 22:39:52 [INFO] [OctoBans] ext4zzy sql checked, record: spammp by Remil to -1
15-06-17 22:39:52 [INFO] [OctoBans] ext4zzy sql checked, record: spammp by Remil to -1
15-06-17 22:40:21 [INFO] [OctoBans] iswiik sql checked, record: doubleposte by SuperJojo to 1497561154
15-06-17 22:41:30 [INFO] [OctoBans] Tybou punished craziix_eu for: Fausses informations
15-06-17 22:41:51 [INFO] [OctoBans] SuperJojo punished craziix_eu for: Double Poste
15-06-17 22:44:08 [INFO] [OctoBans] thefuckinggenius sql checked, record: incitationflood by SuperJojo to 1497643716
15-06-17 22:45:28 [INFO] [OctoBans] SuperJojo punished tweeyn_ for: Double Poste
15-06-17 22:45:48 [INFO] [OctoBans] SuperJojo punished liskoh for: Double Poste
15-06-17 22:46:02 [INFO] [OctoBans] iswacz sql checked, record: spam by SuperJojo to 1497560207
15-06-17 22:47:13 [INFO] [OctoBans] Remil punished ext4zzy for: Langage incorrect
15-06-17 22:48:32 [INFO] [OctoBans] liskoh sql checked, record: doubleposte by SuperJojo to 1497559848
15-06-17 22:49:11 [INFO] [OctoBans] Remil punished hobzyii for: Double Poste
15-06-17 22:49:37 [INFO] [OctoBans] Remil punished jaeger for: Insulte staff
15-06-17 22:50:35 [INFO] [OctoBans] Remil punished sunfall for: Double Poste
15-06-17 22:50:50 [INFO] [OctoBans] steph078 sql checked, record: spammp by Blubfire to -1
15-06-17 22:50:50 [INFO] [OctoBans] steph078 sql checked, record: spammp by Blubfire to -1
15-06-17 22:51:12 [INFO] [OctoBans] sunfall sql checked, record: doubleposte by Remil to 1497560135
15-06-17 22:52:00 [INFO] [OctoBans] Remil punished chaudlapin29 for: Double Poste
15-06-17 22:52:13 [INFO] [OctoBans] Remil punished _nexus_ for: Langage incorrect
15-06-17 22:53:12 [INFO] [OctoBans] Remil punished sunfall for: Spam/flood en MP
15-06-17 22:53:45 [INFO] [OctoBans] SuperJojo punished xnero for: Double Poste
15-06-17 22:55:43 [INFO] [OctoBans] sunfall sql checked, record: spammp by Remil to -1
15-06-17 22:57:42 [INFO] [OctoBans] SuperJojo punished sunfall for: Double Poste
15-06-17 22:57:56 [INFO] [OctoBans] walterwhite sql checked, record: spammp by SuperJojo to -1
15-06-17 22:57:56 [INFO] [OctoBans] walterwhite sql checked, record: insultestaff by Forway to 1497625678
15-06-17 23:00:47 [INFO] [OctoBans] Tybou punished haerox for: Double Poste
15-06-17 23:00:57 [INFO] [OctoBans] Remil punished univerzkerror for: Spam/flood
15-06-17 23:04:30 [INFO] [OctoBans] SuperJojo punished black_game_tn for: Double Poste
15-06-17 23:04:42 [INFO] [OctoBans] romlcm89 sql checked, record: spammp by YTB_XxKarnageXx to -1
15-06-17 23:05:30 [INFO] [OctoBans] Remil punished tifou_fou for: Double Poste
15-06-17 23:06:04 [INFO] [OctoBans] Tybou punished jeanchristop919 for: Langage incorrect
15-06-17 23:08:30 [INFO] [OctoBans] Remil punished jyzu68 for: Spam/flood
15-06-17 23:08:56 [INFO] [OctoBans] Tybou punished dark_sea for: Double Poste
15-06-17 23:10:20 [INFO] [OctoBans] univerzkerror sql checked, record: spam by Remil to 1497564057
15-06-17 23:14:39 [INFO] [OctoBans] Remil punished pvpking17 for: Spam/flood
15-06-17 23:14:53 [INFO] [OctoBans] Remil punished jibuse for: Spam/flood
15-06-17 23:15:26 [INFO] [OctoBans] SuperJojo punished tigro17 for: Spam/flood
15-06-17 23:15:28 [INFO] [OctoBans] Remil punished mkdarkos for: Spam/flood
15-06-17 23:15:32 [INFO] [OctoBans] SuperJojo punished fantik099 for: Spam/flood
15-06-17 23:15:38 [INFO] [OctoBans] Remil punished ynk for: Spam/flood
15-06-17 23:15:57 [INFO] [OctoBans] SuperJojo punished fayc59yt for: Langage incorrect
15-06-17 23:16:00 [INFO] [OctoBans] SuperJojo punished hetzer for: Langage incorrect
15-06-17 23:16:19 [INFO] [OctoBans] Tybou punished fayc59yt for: Spam/flood
15-06-17 23:16:33 [INFO] [OctoBans] SuperJojo punished camkilleur95 for: Spam/flood
15-06-17 23:16:40 [INFO] [OctoBans] SuperJojo punished kirito56 for: Double Poste
15-06-17 23:18:51 [INFO] [OctoBans] Chirak_sama punished azayoz for: Provocation
15-06-17 23:18:59 [INFO] [OctoBans] SuperJojo punished _marjo_ for: Langage incorrect
15-06-17 23:19:03 [INFO] [OctoBans] Chirak_sama punished legrasator for: Double Poste
15-06-17 23:23:19 [INFO] [OctoBans] Remil punished iswacz for: Insulte staff
15-06-17 23:26:53 [INFO] [OctoBans] Chirak_sama punished foxpoxy for: Publicité Youtubeur
15-06-17 23:27:47 [INFO] [OctoBans] Chirak_sama punished mehdi1 for: Double Poste
15-06-17 23:29:01 [INFO] [OctoBans] Remil punished azayoz for: Double Poste
15-06-17 23:31:49 [INFO] [OctoBans] Chirak_sama punished lefilsdemushway for: Provocation
15-06-17 23:32:01 [INFO] [OctoBans] Chirak_sama punished lafilledemushway for: Insulte grave
15-06-17 23:41:13 [INFO] [OctoBans] Chirak_sama punished yunisei for: Majuscule
15-06-17 23:47:15 [INFO] [OctoBans] Chirak_sama punished liskoh for: Provocation
15-06-17 23:59:38 [INFO] [OctoBans] Chirak_sama punished zebiggameur for: Majuscule
16-06-17 00:08:57 [INFO] [OctoBans] xxbossteamxx sql checked, record: spammp by SuperJojo to -1
16-06-17 00:08:57 [INFO] [OctoBans] xxbossteamxx sql checked, record: spammp by SkyKosIV to -1
16-06-17 00:08:57 [INFO] [OctoBans] xxbossteamxx sql checked, record: spammp by SnowEffect to -1
16-06-17 00:08:57 [INFO] [OctoBans] xxbossteamxx sql checked, record: spammp by SnowEffect to -1
16-06-17 00:08:57 [INFO] [OctoBans] xxbossteamxx sql checked, record: spammp by Remil to -1
16-06-17 00:14:05 [INFO] [OctoBans] Chirak_sama punished hobzyii for: Insulte
16-06-17 00:21:22 [INFO] [OctoBans] Chirak_sama punished craziix_eu for: Double Poste
16-06-17 00:21:42 [INFO] [OctoBans] thefuckinggenius sql checked, record: incitationflood by SuperJojo to 1497643716
16-06-17 00:29:15 [INFO] [OctoBans] Steph078 punished xxbossteamxx for: Double Poste
16-06-17 00:33:03 [INFO] [OctoBans] Steph078 punished romlcm89 for: Double Poste
16-06-17 00:44:57 [INFO] [OctoBans] ryd3rtvv0x sql checked, record: spammp by SkyKosIV to -1
16-06-17 00:48:58 [INFO] [OctoBans] oeufdepoule62 sql checked, record: spammp by Remil to -1
16-06-17 00:48:58 [INFO] [OctoBans] oeufdepoule62 sql checked, record: spammp by SkyKosIV to -1
16-06-17 01:01:47 [INFO] [OctoBans] tay1 sql checked, record: spammp by PseudoNul to -1
16-06-17 01:13:50 [INFO] [OctoBans] LeSheitan punished gage999 for: Double Poste
16-06-17 01:18:42 [INFO] [OctoBans] Steph078 punished ryd3rtvv0x for: Langage incorrect
16-06-17 01:26:55 [INFO] [OctoBans] LeSheitan punished bfa69 for: Majuscule
16-06-17 01:52:54 [INFO] [OctoBans] LeSheitan punished gage999 for: Fausses informations
16-06-17 01:57:48 [INFO] [OctoBans] LeSheitan punished black_nightmare for: Insulte
16-06-17 02:07:38 [INFO] [OctoBans] weezy sql checked, record: kickautre by Steph078 to -1
16-06-17 02:38:36 [INFO] [OctoBans] toly_ sql checked, record: spammp by PseudoNul to -1
16-06-17 02:38:36 [INFO] [OctoBans] toly_ sql checked, record: spammp by PseudoNul to -1
16-06-17 02:38:36 [INFO] [OctoBans] toly_ sql checked, record: insultestaff by SuperJojo to 1497595929
16-06-17 03:03:12 [INFO] [OctoBans] SuperJojo punished shouteur for: Provocation
16-06-17 03:03:20 [INFO] [OctoBans] SuperJojo punished termiteqc for: Double Poste
16-06-17 03:07:35 [INFO] [OctoBans] grenousse_pvp sql checked, record: spammp by YTB_XxKarnageXx to -1
16-06-17 03:08:07 [INFO] [OctoBans] SuperJojo punished grenousse_pvp for: Provocation
16-06-17 03:11:21 [INFO] [OctoBans] SuperJojo punished zoroto for: Provocation
16-06-17 03:14:28 [INFO] [OctoBans] SuperJojo punished lolpigman for: Insulte staff
16-06-17 03:20:54 [INFO] [OctoBans] sportek_ sql checked, record: spammp by SkyKosIV to -1
16-06-17 04:19:39 [INFO] [OctoBans] Remil punished zlkayzen for: Menace de hack
16-06-17 04:20:15 [INFO] [OctoBans] Remil punished xmcpvp_yt for: Double Poste
16-06-17 04:20:36 [INFO] [OctoBans] SuperJojo punished xmcpvp_yt for: Spam/flood
16-06-17 04:32:33 [INFO] [OctoBans] Remil punished luluplaying for: Double Poste
16-06-17 04:44:21 [INFO] [OctoBans] Remil punished remil for: Double Poste
16-06-17 04:46:24 [INFO] [OctoBans] Remil punished zayrozz for: Langage incorrect
16-06-17 04:55:25 [INFO] [OctoBans] Remil punished termiteqc for: Insulte
16-06-17 04:56:14 [INFO] [OctoBans] Remil punished toly_ for: Insulte
16-06-17 04:56:55 [INFO] [OctoBans] Remil punished toly_ for: Insulte staff
16-06-17 04:58:13 [INFO] [OctoBans] Remil punished toly_ for: Spam/flood en MP
16-06-17 05:01:52 [INFO] [OctoBans] Remil punished zayrozz for: Insulte staff
16-06-17 05:05:22 [INFO] [OctoBans] Remil punished zoroto for: Langage incorrect
16-06-17 05:35:52 [INFO] [OctoBans] Remil punished zoroto for: Provocation
16-06-17 05:40:34 [INFO] [OctoBans] Remil punished zoroto for: Spam/flood en MP
16-06-17 06:01:01 [INFO] [OctoBans] Disabling OctoBans v1.0
