10-01-18 22:31:43 [INFO] [OctoBans] File Handler successfully initialized!
10-01-18 22:31:44 [INFO] [OctoBans] SQL connection successfully etablished
10-01-18 22:31:44 [INFO] [OctoBans] Moderator Tools by Octonia.
10-01-18 22:31:51 [INFO] [OctoBans] killyan sql checked, record: spammp by EW3L to -1
10-01-18 22:31:51 [INFO] [OctoBans] mayeul sql checked, record: spammp by SmooKeur to -1
10-01-18 22:31:51 [INFO] [OctoBans] fiask0 sql checked, record: spammp by ToXiCz_TV to -1
10-01-18 22:31:51 [INFO] [OctoBans] remil sql checked, record: spammp by FiasK0 to -1
10-01-18 22:31:51 [INFO] [OctoBans] remil sql checked, record: spammp by FiasK0 to -1
10-01-18 22:31:51 [INFO] [OctoBans] flowtox sql checked, record: spammp by ToXiCz_TV to -1
10-01-18 22:31:51 [INFO] [OctoBans] flowtox sql checked, record: spammp by ToXiCz_TV to -1
10-01-18 22:31:53 [INFO] [OctoBans] xenotium_pvp sql checked, record: spammp by EW3L to -1
10-01-18 22:32:01 [INFO] [OctoBans] deeprodole sql checked, record: spammp by Zayrox29 to -1
10-01-18 22:32:01 [INFO] [OctoBans] deeprodole sql checked, record: spammp by Zayrox29 to -1
10-01-18 22:32:03 [INFO] [OctoBans] jeremygameur sql checked, record: spammp by EW3L to -1
10-01-18 22:32:03 [INFO] [OctoBans] jeremygameur sql checked, record: spammp by atsuky to -1
10-01-18 22:32:03 [INFO] [OctoBans] jeremygameur sql checked, record: spammp by EW3L to -1
10-01-18 22:32:22 [INFO] [OctoBans] progameur sql checked, record: spammp by FiasK0 to -1
10-01-18 22:32:22 [INFO] [OctoBans] progameur sql checked, record: spammp by D3adOrSnipSurYTB to -1
10-01-18 22:33:39 [INFO] [OctoBans] diodu sql checked, record: spammp by Gamer09 to -1
10-01-18 22:34:54 [INFO] [OctoBans] ytbibossyt sql checked, record: spammp by atsuky to -1
10-01-18 22:35:28 [INFO] [OctoBans] samjj68 sql checked, record: spammp by PseudooNull to -1
10-01-18 22:35:47 [INFO] [OctoBans] aexraptorz sql checked, record: spammp by Remil to -1
10-01-18 22:35:47 [INFO] [OctoBans] aexraptorz sql checked, record: spammp by PseudooNull to -1
10-01-18 22:39:46 [INFO] [OctoBans] keen0x sql checked, record: spammp by FNGOD to -1
10-01-18 22:42:21 [INFO] [OctoBans] pepsicoca sql checked, record: spammp by FiasK0 to -1
10-01-18 22:45:27 [INFO] [OctoBans] gameurs71 sql checked, record: spammp by WeeZix to -1
10-01-18 22:46:44 [INFO] [OctoBans] lethugdu46 sql checked, record: spammp by FiasK0 to -1
10-01-18 22:46:54 [INFO] [OctoBans] DEEProdole punished xenotium_pvp for: Double Poste
10-01-18 22:50:20 [INFO] [OctoBans] rdvsurlebloc sql checked, record: spammp by D3adOrSnipSurYTB to -1
10-01-18 22:50:20 [INFO] [OctoBans] rdvsurlebloc sql checked, record: insultegrave by Zayrox29 to 1515735230
10-01-18 22:50:20 [INFO] [OctoBans] rdvsurlebloc sql checked, record: insultegrave by PseudooNull to 1515846484
10-01-18 22:50:20 [INFO] [OctoBans] rdvsurlebloc sql checked, record: insultegrave by Elfideltia to 1515897379
10-01-18 22:54:25 [INFO] [OctoBans] PseudooNull punished progameur for: Provocation
10-01-18 22:57:26 [INFO] [OctoBans] PseudooNull punished wazhrod for: Spam/flood
10-01-18 22:58:46 [INFO] [OctoBans] agoniel sql checked, record: spammp by Koeseb97 to -1
10-01-18 23:00:58 [INFO] [OctoBans] PseudooNull punished jeremygameur for: Menace de hack
10-01-18 23:05:11 [INFO] [OctoBans] PseudooNull punished mrpinpin for: Menace de hack
10-01-18 23:07:57 [INFO] [OctoBans] PseudooNull punished alorsmdr for: Multi Comptes
10-01-18 23:13:25 [INFO] [OctoBans] DEEProdole punished xxandyxx for: Spam/flood
10-01-18 23:17:12 [INFO] [OctoBans] PseudooNull punished invictusat for: Spam/flood
10-01-18 23:26:32 [INFO] [OctoBans] Elfideltia punished zozodu14 for: Insulte grave
10-01-18 23:27:13 [INFO] [OctoBans] DEEProdole punished romudu269 for: Provocation
10-01-18 23:33:54 [INFO] [OctoBans] atsuky sql checked, record: spammp by EGGSPLOSION to -1
10-01-18 23:49:58 [INFO] [OctoBans] kakakiki sql checked, record: spammp by WeeZix to -1
10-01-18 23:49:58 [INFO] [OctoBans] kakakiki sql checked, record: spammp by EGGSPLOSION to -1
10-01-18 23:49:58 [INFO] [OctoBans] kakakiki sql checked, record: insultegrave by Zayrox29 to 1515843894
10-01-18 23:52:40 [INFO] [OctoBans] manu13 sql checked, record: spammp by FiasK0 to -1
11-01-18 00:26:56 [INFO] [OctoBans] SmooKeur punished lucyfer1998 for: TpKill
11-01-18 01:04:58 [INFO] [OctoBans] DEEProdole punished baconstyle for: Spam/flood
11-01-18 01:37:57 [INFO] [OctoBans] atsuky punished sam1 for: Spam/flood
11-01-18 06:01:01 [INFO] [OctoBans] Disabling OctoBans v1.0
