24-01-18 22:31:43 [INFO] [OctoBans] File Handler successfully initialized!
24-01-18 22:31:43 [INFO] [OctoBans] SQL connection successfully etablished
24-01-18 22:31:43 [INFO] [OctoBans] Moderator Tools by Octonia.
24-01-18 22:31:47 [INFO] [OctoBans] sangoku sql checked, record: spammp by atsuky to -1
24-01-18 22:31:47 [INFO] [OctoBans] sangoku sql checked, record: spammp by Awesomeboy to -1
24-01-18 22:31:47 [INFO] [OctoBans] sangoku sql checked, record: spammp by Awesomeboy to -1
24-01-18 22:31:48 [INFO] [OctoBans] aparia sql checked, record: spammp by pepedjo to -1
24-01-18 22:31:48 [INFO] [OctoBans] aparia sql checked, record: spammp by pepedjo to -1
24-01-18 22:31:48 [INFO] [OctoBans] aparia sql checked, record: spammp by Evolze to -1
24-01-18 22:31:48 [INFO] [OctoBans] aparia sql checked, record: spammp by FiasK0 to -1
24-01-18 22:31:48 [INFO] [OctoBans] aparia sql checked, record: spammp by atsuky to -1
24-01-18 22:31:48 [INFO] [OctoBans] mcfleury sql checked, record: spammp by Koeseb97 to -1
24-01-18 22:31:48 [INFO] [OctoBans] killeur56 sql checked, record: spammp by PseudooNull to -1
24-01-18 22:31:48 [INFO] [OctoBans] neytox sql checked, record: spammp by PseudooNull to -1
24-01-18 22:31:57 [INFO] [OctoBans] bcz sql checked, record: provocation by Furiomaniak to 1516830082
24-01-18 22:32:01 [INFO] [OctoBans] mame sql checked, record: spammp by FiasK0 to -1
24-01-18 22:32:01 [INFO] [OctoBans] mame sql checked, record: spammp by Ourox_ to -1
24-01-18 22:32:01 [INFO] [OctoBans] mame sql checked, record: spammp by tinmar to -1
24-01-18 22:32:01 [INFO] [OctoBans] mame sql checked, record: spammp by atsuky to -1
24-01-18 22:32:02 [INFO] [OctoBans] byzoo sql checked, record: spammp by PseudooNull to -1
24-01-18 22:32:02 [INFO] [OctoBans] byzoo sql checked, record: spammp by PseudooNull to -1
24-01-18 22:32:02 [INFO] [OctoBans] byzoo sql checked, record: spammp by EW3L to -1
24-01-18 22:32:02 [INFO] [OctoBans] byzoo sql checked, record: insultestaff by EGGSPLOSION to 1516865408
24-01-18 22:32:02 [INFO] [OctoBans] byzoo sql checked, record: spammp by EGGSPLOSION to -1
24-01-18 22:32:12 [INFO] [OctoBans] ytbibossyt sql checked, record: spammp by atsuky to -1
24-01-18 22:32:16 [INFO] [OctoBans] killyan sql checked, record: spammp by EW3L to -1
24-01-18 22:33:00 [INFO] [OctoBans] brookdu81 sql checked, record: spammp by D3adOrSnipSurYTB to -1
24-01-18 22:34:36 [INFO] [OctoBans] keen0x sql checked, record: spammp by FNGOD to -1
24-01-18 22:34:40 [INFO] [OctoBans] fiask0 sql checked, record: spammp by ToXiCz_TV to -1
24-01-18 22:34:40 [INFO] [OctoBans] fiask0 sql checked, record: spammp by PseudooNull to -1
24-01-18 22:34:46 [INFO] [OctoBans] rdvsurlebloc sql checked, record: spammp by D3adOrSnipSurYTB to -1
24-01-18 22:34:55 [INFO] [OctoBans] maitre4 sql checked, record: spammp by FiasK0 to -1
24-01-18 22:36:03 [INFO] [OctoBans] lushen sql checked, record: spammp by Gamer09 to -1
24-01-18 22:36:15 [INFO] [OctoBans] karlwill sql checked, record: spammp by atsuky to -1
24-01-18 22:36:32 [INFO] [OctoBans] crapulekiller sql checked, record: spammp by SkillBOotiiS to -1
24-01-18 22:39:12 [INFO] [OctoBans] darryl1 sql checked, record: spammp by FiasK0 to -1
24-01-18 22:39:17 [INFO] [OctoBans] aexraptorz sql checked, record: spammp by Remil to -1
24-01-18 22:39:17 [INFO] [OctoBans] aexraptorz sql checked, record: spammp by PseudooNull to -1
24-01-18 22:41:39 [INFO] [OctoBans] biiper_ sql checked, record: insultegrave by D3adOrSnipSurYTB to 1516891252
24-01-18 22:42:14 [INFO] [OctoBans] Furiomaniak punished starfoulilou for: Spam/flood
24-01-18 22:42:40 [INFO] [OctoBans] racaille76 sql checked, record: spammp by AO_Darkness to -1
24-01-18 22:45:03 [INFO] [OctoBans] lexbott18 sql checked, record: spammp by atsuky to -1
24-01-18 22:45:03 [INFO] [OctoBans] lexbott18 sql checked, record: spammp by iDecow_ to -1
24-01-18 22:45:40 [INFO] [OctoBans] _topui_ sql checked, record: spammp by EW3L to -1
24-01-18 22:45:40 [INFO] [OctoBans] _topui_ sql checked, record: spammp by MrKebab to -1
24-01-18 22:45:40 [INFO] [OctoBans] _topui_ sql checked, record: spammp by LsAnGfRoId to -1
24-01-18 22:47:38 [INFO] [OctoBans] zonix59540 sql checked, record: spam by Zayrox29 to 1516837172
24-01-18 22:48:42 [INFO] [OctoBans] easy sql checked, record: insultegrave by RaYzFire to 1516845085
24-01-18 22:54:55 [INFO] [OctoBans] atsuky punished lushen for: Fausses informations
24-01-18 23:00:08 [INFO] [OctoBans] pepsicoca sql checked, record: spammp by FiasK0 to -1
24-01-18 23:00:08 [INFO] [OctoBans] pepsicoca sql checked, record: spammp by Elfideltia to -1
24-01-18 23:00:08 [INFO] [OctoBans] pepsicoca sql checked, record: spammp by Elfideltia to -1
24-01-18 23:00:08 [INFO] [OctoBans] pepsicoca sql checked, record: pubyt by Furiomaniak to 1516835986
24-01-18 23:02:27 [INFO] [OctoBans] atsuky punished killyan for: Majuscule
24-01-18 23:21:08 [INFO] [OctoBans] bluegumsurytb sql checked, record: insultegrave by NeyTox to 1517069311
24-01-18 23:29:54 [INFO] [OctoBans] silax_ sql checked, record: spammp by atsuky to -1
24-01-18 23:45:43 [INFO] [OctoBans] Elfideltia punished lexbott18 for: Spam/flood
24-01-18 23:46:54 [INFO] [OctoBans] Elfideltia punished keen0x for: Publicité Youtubeur
24-01-18 23:48:03 [INFO] [OctoBans] atsuky punished mame for: Publicité Youtubeur
24-01-18 23:54:11 [INFO] [OctoBans] agentbeffu2 sql checked, record: spammp by EW3L to -1
25-01-18 00:03:24 [INFO] [OctoBans] mame sql checked, record: spammp by FiasK0 to -1
25-01-18 00:03:24 [INFO] [OctoBans] mame sql checked, record: spammp by Ourox_ to -1
25-01-18 00:03:24 [INFO] [OctoBans] mame sql checked, record: spammp by tinmar to -1
25-01-18 00:03:24 [INFO] [OctoBans] mame sql checked, record: spammp by atsuky to -1
25-01-18 00:03:24 [INFO] [OctoBans] mame sql checked, record: pubyt by atsuky to 1516844883
25-01-18 00:06:48 [INFO] [OctoBans] sadeksuryoutube sql checked, record: insultegrave by Awesomeboy to 1516902223
25-01-18 00:06:48 [INFO] [OctoBans] sadeksuryoutube sql checked, record: insultegrave by Awesomeboy to 1516938289
25-01-18 00:06:48 [INFO] [OctoBans] sadeksuryoutube sql checked, record: insultegrave by SkillBOotiiS to 1517000508
25-01-18 00:20:34 [INFO] [OctoBans] atsuky punished darryl1 for: Majuscule
25-01-18 00:21:10 [INFO] [OctoBans] flowtox sql checked, record: spammp by ToXiCz_TV to -1
25-01-18 00:21:10 [INFO] [OctoBans] flowtox sql checked, record: spammp by ToXiCz_TV to -1
25-01-18 00:52:10 [INFO] [OctoBans] silax_ sql checked, record: spammp by atsuky to -1
25-01-18 01:25:08 [INFO] [OctoBans] atsuky punished darryl1 for: Fausses informations
25-01-18 01:42:43 [INFO] [OctoBans] atsuky punished karlwill for: Menace de hack
25-01-18 02:17:05 [INFO] [OctoBans] atsuky punished eliasserpe for: Double Poste
25-01-18 02:39:32 [INFO] [OctoBans] ao_darkness sql checked, record: spammp by Gamer09 to -1
25-01-18 02:42:04 [INFO] [OctoBans] atsuky punished speedeur for: Spam/flood
25-01-18 03:44:03 [INFO] [OctoBans] imdylan sql checked, record: insultegrave by PseudooNull to 1516917710
25-01-18 03:49:30 [INFO] [OctoBans] xx_after_xx sql checked, record: spammp by FiasK0 to -1
25-01-18 05:05:20 [INFO] [OctoBans] shqpeztamere sql checked, record: spammp by PseudooNull to -1
25-01-18 05:11:06 [INFO] [OctoBans] _vortex_ sql checked, record: spammp by PseudooNull to -1
25-01-18 06:01:01 [INFO] [OctoBans] Disabling OctoBans v1.0
