15-11-17 22:31:42 [INFO] [OctoBans] File Handler successfully initialized!
15-11-17 22:31:42 [INFO] [OctoBans] SQL connection successfully etablished
15-11-17 22:31:42 [INFO] [OctoBans] Moderator Tools by Octonia.
15-11-17 22:31:48 [INFO] [OctoBans] pepsicoca sql checked, record: spammp by infinitim to -1
15-11-17 22:31:48 [INFO] [OctoBans] theohand sql checked, record: spammp by OCIP_Matth to -1
15-11-17 22:31:48 [INFO] [OctoBans] zlkayzen sql checked, record: spammp by Remil to -1
15-11-17 22:31:48 [INFO] [OctoBans] thetombolla sql checked, record: spammp by EGGSPLOSION to -1
15-11-17 22:31:48 [INFO] [OctoBans] the_slash sql checked, record: spammp by pepedjo to -1
15-11-17 22:31:48 [INFO] [OctoBans] famousxray sql checked, record: insultegrave by SkillBOotiiS to 1510785692
15-11-17 22:31:51 [INFO] [OctoBans] blackwhite010 sql checked, record: faussesinfos by YTB_XxKarnageXx to 1510859619
15-11-17 22:32:02 [INFO] [OctoBans] aexraptorz sql checked, record: spammp by Remil to -1
15-11-17 22:32:03 [INFO] [OctoBans] kimoli sql checked, record: spammp by NeyTox to -1
15-11-17 22:32:03 [INFO] [OctoBans] kimoli sql checked, record: spammp by NeyTox to -1
15-11-17 22:32:03 [INFO] [OctoBans] kimoli sql checked, record: spammp by NeyTox to -1
15-11-17 22:32:03 [INFO] [OctoBans] kimoli sql checked, record: spammp by NeyTox to -1
15-11-17 22:32:03 [INFO] [OctoBans] kimoli sql checked, record: spammp by NeyTox to -1
15-11-17 22:32:03 [INFO] [OctoBans] kimoli sql checked, record: spammp by NeyTox to -1
15-11-17 22:32:03 [INFO] [OctoBans] kimoli sql checked, record: spammp by NeyTox to -1
15-11-17 22:32:03 [INFO] [OctoBans] kimoli sql checked, record: spammp by NeyTox to -1
15-11-17 22:32:03 [INFO] [OctoBans] kimoli sql checked, record: spammp by NeyTox to -1
15-11-17 22:32:03 [INFO] [OctoBans] kimoli sql checked, record: spammp by Remil to -1
15-11-17 22:32:03 [INFO] [OctoBans] kimoli sql checked, record: doubleposte by Zayrox29 to 1510781676
15-11-17 22:32:27 [INFO] [OctoBans] _theodu13_ sql checked, record: spammp by FiasK0 to -1
15-11-17 22:32:27 [INFO] [OctoBans] _theodu13_ sql checked, record: spammp by SmooKeur to -1
15-11-17 22:32:27 [INFO] [OctoBans] _theodu13_ sql checked, record: spammp by FiasK0 to -1
15-11-17 22:32:27 [INFO] [OctoBans] _theodu13_ sql checked, record: faussesinfos by YTB_XxKarnageXx to 1510858191
15-11-17 22:32:45 [INFO] [OctoBans] oow_ll sql checked, record: spammp by FiasK0 to -1
15-11-17 22:32:54 [INFO] [OctoBans] seyyde_ sql checked, record: spammp by Gamer09 to -1
15-11-17 22:33:04 [INFO] [OctoBans] unnainportant sql checked, record: spammp by pepedjo to -1
15-11-17 22:33:08 [INFO] [OctoBans] ayken sql checked, record: spammp by KelianHD to -1
15-11-17 22:35:47 [INFO] [OctoBans] lushen sql checked, record: insultegrave by SkillBOotiiS to 1510810700
15-11-17 22:38:57 [INFO] [OctoBans] syrox_ytb sql checked, record: insultegrave by FiasK0 to 1510865358
15-11-17 22:39:39 [INFO] [OctoBans] woimant punished agentlolo for: Double Poste
15-11-17 22:41:10 [INFO] [OctoBans] NeyTox punished ogtroy for: Double Poste
15-11-17 22:43:43 [INFO] [OctoBans] virocl sql checked, record: spammp by Antoine57565 to -1
15-11-17 22:45:39 [INFO] [OctoBans] swichdi sql checked, record: spammp by Gamer09 to -1
15-11-17 22:46:27 [INFO] [OctoBans] NeyTox punished aldorbest for: Double Poste
15-11-17 23:20:47 [INFO] [OctoBans] woimant punished thetombolla for: Spam/flood
15-11-17 23:21:19 [INFO] [OctoBans] woimant punished zlkayzen for: Spam/flood
15-11-17 23:21:31 [INFO] [OctoBans] woimant punished sangoku for: Provocation
15-11-17 23:46:21 [INFO] [OctoBans] darryl1 sql checked, record: spammp by FiasK0 to -1
15-11-17 23:46:53 [INFO] [OctoBans] fabio sql checked, record: spammp by Remil to -1
15-11-17 23:55:17 [INFO] [OctoBans] drbrine punished sohard_ for: Provocation
15-11-17 23:55:31 [INFO] [OctoBans] drbrine punished camaro for: Double Poste
15-11-17 23:58:44 [INFO] [OctoBans] drbrine punished starman54 for: Provocation
16-11-17 00:07:18 [INFO] [OctoBans] drbrine punished tigro17 for: Provocation
16-11-17 00:11:00 [INFO] [OctoBans] drbrine punished aexraptorz for: Double Poste
16-11-17 00:15:14 [INFO] [OctoBans] drbrine punished spark for: Double Poste
16-11-17 00:21:41 [INFO] [OctoBans] drbrine punished tigro17 for: Provocation
16-11-17 00:23:40 [INFO] [OctoBans] drbrine punished swichdi for: Provocation
16-11-17 00:26:19 [INFO] [OctoBans] drbrine punished spark for: Provocation
16-11-17 00:33:11 [INFO] [OctoBans] drbrine punished thebigbosnono for: Insulte grave
16-11-17 00:37:10 [INFO] [OctoBans] drbrine punished blackwhite010 for: Spam/flood en MP
16-11-17 00:42:21 [INFO] [OctoBans] drbrine punished azaheck for: Double Poste
16-11-17 00:52:48 [INFO] [OctoBans] NeyTox punished azaheck for: Double Poste
16-11-17 06:01:01 [INFO] [OctoBans] Disabling OctoBans v1.0
