15-01-18 22:31:42 [INFO] [OctoBans] File Handler successfully initialized!
15-01-18 22:31:42 [INFO] [OctoBans] SQL connection successfully etablished
15-01-18 22:31:42 [INFO] [OctoBans] Moderator Tools by Octonia.
15-01-18 22:31:49 [INFO] [OctoBans] neytox sql checked, record: spammp by PseudooNull to -1
15-01-18 22:31:49 [INFO] [OctoBans] ibqwze_ sql checked, record: spammp by LsAnGfRoId to -1
15-01-18 22:31:49 [INFO] [OctoBans] ibqwze_ sql checked, record: insulte by Elfideltia to 1516052647
15-01-18 22:31:49 [INFO] [OctoBans] killeur56 sql checked, record: spammp by PseudooNull to -1
15-01-18 22:31:54 [INFO] [OctoBans] weezy sql checked, record: spammp by LeRe to -1
15-01-18 22:32:03 [INFO] [OctoBans] deeprodole sql checked, record: spammp by Zayrox29 to -1
15-01-18 22:32:03 [INFO] [OctoBans] deeprodole sql checked, record: spammp by Zayrox29 to -1
15-01-18 22:32:21 [INFO] [OctoBans] xx_yz_xx sql checked, record: spammp by SkillBOotiiS to -1
15-01-18 22:32:58 [INFO] [OctoBans] kerizon31 sql checked, record: insultegrave by PseudooNull to 1516087319
15-01-18 22:33:19 [INFO] [OctoBans] azenpvp sql checked, record: spammp by D3adOrSnipSurYTB to -1
15-01-18 22:34:08 [INFO] [OctoBans] epedrakesse sql checked, record: spammp by YTB_XxKarnageXx to -1
15-01-18 22:42:58 [INFO] [OctoBans] remil sql checked, record: spammp by FiasK0 to -1
15-01-18 22:42:58 [INFO] [OctoBans] remil sql checked, record: spammp by FiasK0 to -1
15-01-18 22:46:53 [INFO] [OctoBans] kerizon31 sql checked, record: insultegrave by PseudooNull to 1516087319
15-01-18 22:47:06 [INFO] [OctoBans] kerizon31 sql checked, record: insultegrave by PseudooNull to 1516087319
15-01-18 22:49:21 [INFO] [OctoBans] progameur sql checked, record: spammp by FiasK0 to -1
15-01-18 22:49:21 [INFO] [OctoBans] progameur sql checked, record: spammp by D3adOrSnipSurYTB to -1
15-01-18 22:55:23 [INFO] [OctoBans] ao_darkness sql checked, record: spammp by Gamer09 to -1
15-01-18 22:59:49 [INFO] [OctoBans] hayden_frost sql checked, record: spammp by OCIP_Matth to -1
15-01-18 23:02:10 [INFO] [OctoBans] PseudooNull punished ibqwze_ for: Provocation
15-01-18 23:28:41 [INFO] [OctoBans] mkdarkos sql checked, record: spammp by PseudooNull to -1
15-01-18 23:32:03 [INFO] [OctoBans] x4gaming sql checked, record: spammp by D3adOrSnipSurYTB to -1
15-01-18 23:32:03 [INFO] [OctoBans] x4gaming sql checked, record: spammp by atsuky to -1
15-01-18 23:33:09 [INFO] [OctoBans] AO_Darkness punished racaille76 for: Spam/flood en MP
15-01-18 23:37:22 [INFO] [OctoBans] aparia sql checked, record: spammp by pepedjo to -1
15-01-18 23:37:22 [INFO] [OctoBans] aparia sql checked, record: spammp by pepedjo to -1
15-01-18 23:37:22 [INFO] [OctoBans] aparia sql checked, record: spammp by Evolze to -1
15-01-18 23:37:22 [INFO] [OctoBans] aparia sql checked, record: spammp by FiasK0 to -1
15-01-18 23:37:22 [INFO] [OctoBans] aparia sql checked, record: spammp by atsuky to -1
16-01-18 01:10:15 [INFO] [OctoBans] strongernight sql checked, record: spammp by Elfideltia to -1
16-01-18 02:32:40 [INFO] [OctoBans] DEEProdole punished afwazy for: Insulte
16-01-18 06:01:01 [INFO] [OctoBans] Disabling OctoBans v1.0
