16-07-17 22:31:42 [INFO] [OctoBans] File Handler successfully initialized!
16-07-17 22:31:42 [INFO] [OctoBans] SQL connection successfully etablished
16-07-17 22:31:42 [INFO] [OctoBans] Moderator Tools by Octonia.
16-07-17 22:31:48 [INFO] [OctoBans] idecow_ sql checked, record: spammp by PseudoNul to -1
16-07-17 22:31:48 [INFO] [OctoBans] idecow_ sql checked, record: spammp by SuperJojo to -1
16-07-17 22:31:48 [INFO] [OctoBans] idecow_ sql checked, record: spammp by PseudoNul to -1
16-07-17 22:31:48 [INFO] [OctoBans] idecow_ sql checked, record: spammp by Remil to -1
16-07-17 22:31:48 [INFO] [OctoBans] idecow_ sql checked, record: spammp by SnowEffect to -1
16-07-17 22:31:48 [INFO] [OctoBans] biguiboss31 sql checked, record: spammp by PseudoNul to -1
16-07-17 22:31:48 [INFO] [OctoBans] biguiboss31 sql checked, record: spammp by Remil to -1
16-07-17 22:31:48 [INFO] [OctoBans] weetiix sql checked, record: insulte by Anzerti to 1500239414
16-07-17 22:31:48 [INFO] [OctoBans] weetiix sql checked, record: insultegrave by Forway to 1500300635
16-07-17 22:31:48 [INFO] [OctoBans] geekboy sql checked, record: spammp by skhey to -1
16-07-17 22:31:48 [INFO] [OctoBans] fross27 sql checked, record: spammp by Remil to -1
16-07-17 22:31:48 [INFO] [OctoBans] zoxis sql checked, record: spammp by Theo97 to -1
16-07-17 22:31:48 [INFO] [OctoBans] sunfall sql checked, record: spammp by aubune to -1
16-07-17 22:31:48 [INFO] [OctoBans] sunfall sql checked, record: floodmp by Forway to -1
16-07-17 22:31:48 [INFO] [OctoBans] sunfall sql checked, record: spammp by Steph078 to -1
16-07-17 22:31:48 [INFO] [OctoBans] sunfall sql checked, record: spammp by PseudoNul to -1
16-07-17 22:31:48 [INFO] [OctoBans] sunfall sql checked, record: spammp by iPurple_ to -1
16-07-17 22:31:48 [INFO] [OctoBans] sunfall sql checked, record: spammp by Steph078 to -1
16-07-17 22:31:48 [INFO] [OctoBans] sunfall sql checked, record: faussesinfos by PseudoNul to 1500639594
16-07-17 22:31:48 [INFO] [OctoBans] millardm sql checked, record: spammp by PseudoNul to -1
16-07-17 22:31:48 [INFO] [OctoBans] maxougaming sql checked, record: spammp by PseudoNul to -1
16-07-17 22:31:48 [INFO] [OctoBans] maxougaming sql checked, record: spammp by PseudoNul to -1
16-07-17 22:31:48 [INFO] [OctoBans] maxougaming sql checked, record: spammp by Remil to -1
16-07-17 22:31:48 [INFO] [OctoBans] maxougaming sql checked, record: spammp by Remil to -1
16-07-17 22:31:48 [INFO] [OctoBans] maxougaming sql checked, record: spammp by NeosiaNexus to -1
16-07-17 22:31:48 [INFO] [OctoBans] xx_toto_xx sql checked, record: spammp by iPurple_ to -1
16-07-17 22:31:48 [INFO] [OctoBans] xx_toto_xx sql checked, record: spammp by iPurple_ to -1
16-07-17 22:31:48 [INFO] [OctoBans] xx_toto_xx sql checked, record: spammp by iPurple_ to -1
16-07-17 22:31:48 [INFO] [OctoBans] allanyolo sql checked, record: spammp by PseudoNul to -1
16-07-17 22:31:48 [INFO] [OctoBans] twinx_boy sql checked, record: spammp by SnowEffect to -1
16-07-17 22:31:48 [INFO] [OctoBans] zighapvp sql checked, record: spammp by SuperJojo to -1
16-07-17 22:31:48 [INFO] [OctoBans] zighapvp sql checked, record: spammp by PseudoNul to -1
16-07-17 22:31:48 [INFO] [OctoBans] zighapvp sql checked, record: spammp by PseudoNul to -1
16-07-17 22:31:48 [INFO] [OctoBans] zighapvp sql checked, record: spammp by Remil to -1
16-07-17 22:31:48 [INFO] [OctoBans] wiirko sql checked, record: spammp by Remil to -1
16-07-17 22:31:49 [INFO] [OctoBans] zayrozz sql checked, record: spammp by Remil to -1
16-07-17 22:31:49 [INFO] [OctoBans] wheass sql checked, record: spammp by SkyKosIV to -1
16-07-17 22:31:49 [INFO] [OctoBans] wheass sql checked, record: spammp by iPurple_ to -1
16-07-17 22:31:52 [INFO] [OctoBans] ziphale sql checked, record: doubleposte by TheBrioche13 to 1500237844
16-07-17 22:31:54 [INFO] [OctoBans] adeems sql checked, record: spam by Anzerti to 1500253107
16-07-17 22:31:59 [INFO] [OctoBans] zarconia sql checked, record: spammp by SuperJojo to -1
16-07-17 22:31:59 [INFO] [OctoBans] oozema sql checked, record: spammp by YTB_XxKarnageXx to -1
16-07-17 22:32:15 [INFO] [OctoBans] yassir321 sql checked, record: spammp by PseudoNul to -1
16-07-17 22:32:21 [INFO] [OctoBans] illumino900 sql checked, record: floodmp by Forway to -1
16-07-17 22:32:25 [INFO] [OctoBans] leikow sql checked, record: kickautre by Steph078 to -1
16-07-17 22:32:26 [INFO] [OctoBans] hayden_frost sql checked, record: spammp by PseudoNul to -1
16-07-17 22:32:30 [INFO] [OctoBans] arsenic_ytb sql checked, record: spammp by Remil to -1
16-07-17 22:32:30 [INFO] [OctoBans] arsenic_ytb sql checked, record: spammp by iPurple_ to -1
16-07-17 22:32:30 [INFO] [OctoBans] arsenic_ytb sql checked, record: faussesinfos by Shainko to 1500323245
16-07-17 22:32:33 [INFO] [OctoBans] overdose sql checked, record: spamfopen by TheBrioche13 to 1500409093
16-07-17 22:32:33 [INFO] [OctoBans] goblex sql checked, record: doubleposte by TheBrioche13 to 1500239455
16-07-17 22:32:39 [INFO] [OctoBans] val28120 sql checked, record: spam by Anzerti to 1500259868
16-07-17 22:32:46 [INFO] [OctoBans] johan22600 sql checked, record: faussesinfos by Anzerti to 1500282121
16-07-17 22:32:47 [INFO] [OctoBans] hugiix sql checked, record: spammp by PseudoNul to -1
16-07-17 22:32:47 [INFO] [OctoBans] hugiix sql checked, record: spammp by PseudoNul to -1
16-07-17 22:32:55 [INFO] [OctoBans] zizou03 sql checked, record: insultestaff by CreepyEagle to 1500294179
16-07-17 22:33:04 [INFO] [OctoBans] jlp22600 sql checked, record: faussesinfos by Anzerti to 1500494978
16-07-17 22:33:17 [INFO] [OctoBans] drbrine sql checked, record: spammp by PseudoNul to -1
16-07-17 22:34:06 [INFO] [OctoBans] thisisgab sql checked, record: menacehack by TheBrioche13 to 1500480527
16-07-17 22:34:08 [INFO] [OctoBans] happymax68 sql checked, record: langage by Shainko to 1500238196
16-07-17 22:34:10 [INFO] [OctoBans] gamix_yt sql checked, record: spammp by SkyKosIV to -1
16-07-17 22:34:10 [INFO] [OctoBans] gamix_yt sql checked, record: spammp by Steph078 to -1
16-07-17 22:34:12 [INFO] [OctoBans] milo49 sql checked, record: spammp by SnowEffect to -1
16-07-17 22:34:25 [INFO] [OctoBans] djams sql checked, record: spammp by iPurple_ to -1
16-07-17 22:35:18 [INFO] [OctoBans] karimospvp sql checked, record: spammp by YTB_XxKarnageXx to -1
16-07-17 22:35:18 [INFO] [OctoBans] karimospvp sql checked, record: spammp by YTB_XxKarnageXx to -1
16-07-17 22:35:40 [INFO] [OctoBans] _ashbrooks_pvp sql checked, record: kickautre by NeosiaNexus to -1
16-07-17 22:36:17 [INFO] [OctoBans] ivluzofficial sql checked, record: spammp by iPurple_ to -1
16-07-17 22:36:17 [INFO] [OctoBans] ivluzofficial sql checked, record: spammp by PseudoNul to -1
16-07-17 22:36:17 [INFO] [OctoBans] ivluzofficial sql checked, record: insultegrave by tinmar to 1500312306
16-07-17 22:37:26 [INFO] [OctoBans] lassa18 sql checked, record: spammp by Remil to -1
16-07-17 22:37:26 [INFO] [OctoBans] lassa18 sql checked, record: spammp by Remil to -1
16-07-17 22:37:26 [INFO] [OctoBans] lassa18 sql checked, record: spammp by iPurple_ to -1
16-07-17 22:38:30 [INFO] [OctoBans] ipurple_ sql checked, record: spammp by SnowEffect to -1
16-07-17 22:40:17 [INFO] [OctoBans] fasko sql checked, record: insultegrave by CreepyEagle to 1500259284
16-07-17 22:40:36 [INFO] [OctoBans] romudu269 sql checked, record: spammp by SkyKosIV to -1
16-07-17 22:40:36 [INFO] [OctoBans] romudu269 sql checked, record: spammp by iPurple_ to -1
16-07-17 22:41:03 [INFO] [OctoBans] v0rtexneokilleur sql checked, record: spammp by YTB_XxKarnageXx to -1
16-07-17 22:41:41 [INFO] [OctoBans] zebiggameur sql checked, record: spammp by iPurple_ to -1
16-07-17 22:42:27 [INFO] [OctoBans] arrowgaming sql checked, record: spammp by SkyKosIV to -1
16-07-17 22:43:26 [INFO] [OctoBans] stayfocus_yt sql checked, record: incitationflood by drbrine to 1500265622
16-07-17 22:44:05 [INFO] [OctoBans] tyzaa sql checked, record: spammp by PseudoNul to -1
16-07-17 22:46:35 [INFO] [OctoBans] blackkarrow sql checked, record: faussesinfos by Forway to 1500296495
16-07-17 22:47:04 [INFO] [OctoBans] shouteur sql checked, record: spammp by Remil to -1
16-07-17 22:47:04 [INFO] [OctoBans] shouteur sql checked, record: spammp by Remil to -1
16-07-17 22:47:04 [INFO] [OctoBans] shouteur sql checked, record: spammp by Remil to -1
16-07-17 22:47:04 [INFO] [OctoBans] shouteur sql checked, record: spammp by Remil to -1
16-07-17 22:50:11 [INFO] [OctoBans] ixtray sql checked, record: spammp by SnowEffect to -1
16-07-17 22:51:38 [INFO] [OctoBans] 081182 sql checked, record: spammp by SnowEffect to -1
16-07-17 23:02:43 [INFO] [OctoBans] levapedeblowz sql checked, record: flood by Shainko to 1500240210
16-07-17 23:03:18 [INFO] [OctoBans] darkinggaming sql checked, record: floodmp by Forway to -1
16-07-17 23:06:21 [INFO] [OctoBans] _dragibus_ sql checked, record: faussesinfos by Anzerti to 1500317587
16-07-17 23:17:25 [INFO] [OctoBans] 1nainposteur sql checked, record: spamfopen by SkyKosIV to 1500295855
16-07-17 23:18:54 [INFO] [OctoBans] cfm_arthur sql checked, record: incitationflood by Forway to 1500385187
16-07-17 23:24:24 [INFO] [OctoBans] anzerti sql checked, record: spammp by Steph078 to -1
16-07-17 23:25:36 [INFO] [OctoBans] byunkowmrlvl sql checked, record: flood by NeosiaNexus to 1500243545
16-07-17 23:39:27 [INFO] [OctoBans] lolodu02 sql checked, record: incitationflood by tinmar to 1500549880
16-07-17 23:44:17 [INFO] [OctoBans] toxiik sql checked, record: insultegrave by Forway to 1500263944
16-07-17 23:47:20 [INFO] [OctoBans] kille sql checked, record: incitationflood by tinmar to 1500463275
16-07-17 23:50:13 [INFO] [OctoBans] keen0x sql checked, record: spammp by iPurple_ to -1
16-07-17 23:50:13 [INFO] [OctoBans] keen0x sql checked, record: doubleposte by Anzerti to 1500242151
16-07-17 23:54:08 [INFO] [OctoBans] iPurple_ punished oozema for: Double Poste
16-07-17 23:54:09 [INFO] [OctoBans] mr_damso sql checked, record: langage by Anzerti to 1500242160
16-07-17 23:54:51 [INFO] [OctoBans] TheBrioche13 punished jackfuze for: Double Poste
16-07-17 23:55:43 [INFO] [OctoBans] soufian sql checked, record: faussesinfos by TheBrioche13 to 1500542946
16-07-17 23:55:43 [INFO] [OctoBans] soufian sql checked, record: faussesinfos by CreepyEagle to 1500654233
16-07-17 23:56:44 [INFO] [OctoBans] gamscraft sql checked, record: faussesinfos by TheBrioche13 to 1500248080
17-07-17 00:00:37 [INFO] [OctoBans] charifboss sql checked, record: spammp by Blubfire to -1
17-07-17 00:00:37 [INFO] [OctoBans] charifboss sql checked, record: spammp by SnowEffect to -1
17-07-17 00:01:09 [INFO] [OctoBans] Anzerti punished _unlocked for: Double Poste
17-07-17 00:01:26 [INFO] [OctoBans] Anzerti punished leadercraft for: Majuscule
17-07-17 00:04:10 [INFO] [OctoBans] Anzerti punished k0stik_ for: Provocation
17-07-17 00:04:23 [INFO] [OctoBans] Anzerti punished ishaadow_ for: Majuscule
17-07-17 00:06:45 [INFO] [OctoBans] Anzerti punished arkaziox for: Double Poste
17-07-17 00:07:44 [INFO] [OctoBans] xylear sql checked, record: kickautre by NeosiaNexus to -1
17-07-17 00:10:47 [INFO] [OctoBans] xxheroiikxx sql checked, record: floodmp by Forway to -1
17-07-17 00:11:15 [INFO] [OctoBans] fragstone sql checked, record: spammp by PseudoNul to -1
17-07-17 00:11:25 [INFO] [OctoBans] tokyo sql checked, record: spammp by SnowEffect to -1
17-07-17 00:12:07 [INFO] [OctoBans] maacdoo sql checked, record: spammp by PseudoNul to -1
17-07-17 00:13:08 [INFO] [OctoBans] iPurple_ punished arkaziox for: Majuscule
17-07-17 00:13:08 [INFO] [OctoBans] davenherobrine sql checked, record: tpkill by Anzerti to 1500322899
17-07-17 00:13:49 [INFO] [OctoBans] iPurple_ punished andsiou for: Double Poste
17-07-17 00:14:59 [INFO] [OctoBans] bellepoutine sql checked, record: spammp by SnowEffect to -1
17-07-17 00:14:59 [INFO] [OctoBans] bellepoutine sql checked, record: spammp by SnowEffect to -1
17-07-17 00:25:29 [INFO] [OctoBans] MaacDoo punished thedarkorb45 for: Double Poste
17-07-17 00:28:47 [INFO] [OctoBans] TheBrioche13 punished vokken for: Fausses informations
17-07-17 00:32:38 [INFO] [OctoBans] LaKitaw punished reglepro for: Spam/flood
17-07-17 00:33:13 [INFO] [OctoBans] TheBrioche13 punished marc_ote for: Langage incorrect
17-07-17 00:37:07 [INFO] [OctoBans] waytek sql checked, record: spammp by PseudoNul to -1
17-07-17 00:37:07 [INFO] [OctoBans] waytek sql checked, record: spammp by Remil to -1
17-07-17 00:37:07 [INFO] [OctoBans] waytek sql checked, record: spammp by Remil to -1
17-07-17 00:40:39 [INFO] [OctoBans] TheBrioche13 punished jihan13015 for: Langage incorrect
17-07-17 00:48:32 [INFO] [OctoBans] TheBrioche13 punished zelvox for: Double Poste
17-07-17 01:02:35 [INFO] [OctoBans] iPurple_ punished beatsaudio for: Double Poste
17-07-17 01:07:56 [INFO] [OctoBans] marchandloup sql checked, record: spammp by Remil to -1
17-07-17 01:07:56 [INFO] [OctoBans] marchandloup sql checked, record: spammp by PseudoNul to -1
17-07-17 01:14:23 [INFO] [OctoBans] Anzerti punished skylers for: Provocation
17-07-17 01:14:35 [INFO] [OctoBans] tifou_fou sql checked, record: spammp by SkyKosIV to -1
17-07-17 01:15:00 [INFO] [OctoBans] Anzerti punished armakiller for: Spam/flood
17-07-17 01:23:43 [INFO] [OctoBans] Anzerti punished k0stik_ for: Langage incorrect
17-07-17 01:25:20 [INFO] [OctoBans] produpvp sql checked, record: spammp by Remil to -1
17-07-17 01:26:47 [INFO] [OctoBans] Anzerti punished ikayzz for: Majuscule
17-07-17 01:26:55 [INFO] [OctoBans] Anzerti punished downyt for: Double Poste
17-07-17 01:28:41 [INFO] [OctoBans] witer sql checked, record: spammp by Remil to -1
17-07-17 01:30:10 [INFO] [OctoBans] Anzerti punished jokermyskill for: Double Poste
17-07-17 01:30:42 [INFO] [OctoBans] Anzerti punished waz0kstunting for: Double Poste
17-07-17 01:31:25 [INFO] [OctoBans] Anzerti punished nartrax for: Double Poste
17-07-17 01:34:33 [INFO] [OctoBans] LaKitaw punished staillight for: Spam/flood
17-07-17 01:35:11 [INFO] [OctoBans] millardm punished rageintense_ for: Langage incorrect
17-07-17 01:36:10 [INFO] [OctoBans] shawngriff sql checked, record: incitationflood by SnowEffect to 1500279996
17-07-17 01:37:22 [INFO] [OctoBans] LaKitaw punished robin1234 for: Spam/flood
17-07-17 01:39:15 [INFO] [OctoBans] Anzerti punished staillight for: Menace de hack
17-07-17 01:44:59 [INFO] [OctoBans] iPurple_ punished downyt for: Langage incorrect
17-07-17 01:45:05 [INFO] [OctoBans] iPurple_ punished doudou70 for: Langage incorrect
17-07-17 01:45:13 [INFO] [OctoBans] iPurple_ punished killeur56 for: Double Poste
17-07-17 01:47:28 [INFO] [OctoBans] tomcase14 sql checked, record: kickautre by Antoine57565 to -1
17-07-17 01:47:28 [INFO] [OctoBans] tomcase14 sql checked, record: kickautre by Antoine57565 to -1
17-07-17 01:55:04 [INFO] [OctoBans] deeprodole sql checked, record: spammp by SnowEffect to -1
17-07-17 02:02:58 [INFO] [OctoBans] ly69n sql checked, record: kickautre by NeosiaNexus to -1
17-07-17 02:04:41 [INFO] [OctoBans] samybg sql checked, record: spammp by Remil to -1
17-07-17 02:04:41 [INFO] [OctoBans] samybg sql checked, record: spammp by Remil to -1
17-07-17 02:05:40 [INFO] [OctoBans] drbrine punished dragononweed for: Spam/flood
17-07-17 02:08:55 [INFO] [OctoBans] _hello_kitty sql checked, record: spammp by SuperJojo to -1
17-07-17 02:08:55 [INFO] [OctoBans] _hello_kitty sql checked, record: spammp by PseudoNul to -1
17-07-17 02:10:17 [INFO] [OctoBans] iPurple_ punished reglepro for: Spam/flood
17-07-17 02:10:49 [INFO] [OctoBans] thomasdu29200 sql checked, record: spammp by iPurple_ to -1
17-07-17 02:10:49 [INFO] [OctoBans] thomasdu29200 sql checked, record: spammp by iPurple_ to -1
17-07-17 02:14:23 [INFO] [OctoBans] LaKitaw punished _xonelg for: Spam/flood
17-07-17 02:17:34 [INFO] [OctoBans] TheBrioche13 punished wosparta for: Majuscule
17-07-17 02:28:56 [INFO] [OctoBans] DEEProdole punished xwakez for: Double Poste
17-07-17 02:29:50 [INFO] [OctoBans] DEEProdole punished jokermyskill for: Double Poste
17-07-17 02:39:31 [INFO] [OctoBans] drbrine punished dodole1e for: Double Poste
17-07-17 02:55:56 [INFO] [OctoBans] imdylan sql checked, record: spammp by SnowEffect to -1
17-07-17 03:10:16 [INFO] [OctoBans] LaKitaw punished kawaziu_ for: Spam/flood
17-07-17 03:24:54 [INFO] [OctoBans] LaKitaw punished colormodz59220 for: Spam/flood
17-07-17 03:29:44 [INFO] [OctoBans] DEEProdole punished xfraven for: Provocation
17-07-17 03:36:20 [INFO] [OctoBans] sam_ytb sql checked, record: spammp by iPurple_ to -1
17-07-17 03:37:17 [INFO] [OctoBans] TheBrioche13 punished zerth0 for: Double Poste
17-07-17 03:39:05 [INFO] [OctoBans] TheBrioche13 punished toz_ for: Majuscule
17-07-17 03:41:25 [INFO] [OctoBans] DEEProdole punished zenorke for: Majuscule
17-07-17 03:43:00 [INFO] [OctoBans] NeyTox punished sam_ytb for: Double Poste
17-07-17 03:55:58 [INFO] [OctoBans] TheBrioche13 punished toz_ for: Spam /f open
17-07-17 04:04:08 [INFO] [OctoBans] mrkabab sql checked, record: spammp by Remil to -1
17-07-17 04:09:35 [INFO] [OctoBans] drbrine punished wiindows for: Insulte staff
17-07-17 04:14:19 [INFO] [OctoBans] MaacDoo punished mrkabab for: Double Poste
17-07-17 04:16:34 [INFO] [OctoBans] DEEProdole punished rageintense_ for: Insulte grave
17-07-17 04:19:25 [INFO] [OctoBans] drbrine punished _hello_kitty for: Langage incorrect
17-07-17 04:28:08 [INFO] [OctoBans] xeloman sql checked, record: spammp by SnowEffect to -1
17-07-17 04:39:51 [INFO] [OctoBans] DEEProdole punished dodole1e for: Spam/flood
17-07-17 04:40:11 [INFO] [OctoBans] DEEProdole punished dodole1e for: Insulte staff
17-07-17 04:44:19 [INFO] [OctoBans] drbrine punished dodole1e for: Spam/flood en MP
17-07-17 04:44:39 [INFO] [OctoBans] drbrine punished neo_zango for: Provocation
17-07-17 04:55:49 [INFO] [OctoBans] DEEProdole punished le_clodov2 for: Double Poste
17-07-17 05:07:32 [INFO] [OctoBans] drbrine punished reglepro for: Langage incorrect
17-07-17 05:07:53 [INFO] [OctoBans] drbrine punished reglepro for: Insulte grave
17-07-17 05:12:07 [INFO] [OctoBans] DEEProdole punished zarkos93 for: Provocation
17-07-17 05:38:13 [INFO] [OctoBans] drbrine punished neo_zango for: Langage incorrect
17-07-17 05:58:01 [INFO] [OctoBans] NeyTox punished colormodz59220 for: Insulte grave
17-07-17 06:01:02 [INFO] [OctoBans] Disabling OctoBans v1.0
