15-08-17 22:31:42 [INFO] [OctoBans] File Handler successfully initialized!
15-08-17 22:31:42 [INFO] [OctoBans] SQL connection successfully etablished
15-08-17 22:31:42 [INFO] [OctoBans] Moderator Tools by Octonia.
15-08-17 22:31:48 [INFO] [OctoBans] nicerush sql checked, record: insultegrave by JustMySkill to 1502897592
15-08-17 22:31:48 [INFO] [OctoBans] sacha33340 sql checked, record: spammp by ZerKup to -1
15-08-17 22:31:48 [INFO] [OctoBans] sacha33340 sql checked, record: spammp by Remil to -1
15-08-17 22:31:48 [INFO] [OctoBans] sacha33340 sql checked, record: spammp by Remil to -1
15-08-17 22:31:48 [INFO] [OctoBans] _supreme_gamer_ sql checked, record: spammp by SnowEffect to -1
15-08-17 22:31:48 [INFO] [OctoBans] banano6768 sql checked, record: insultestaff by Forway to 1502879339
15-08-17 22:31:48 [INFO] [OctoBans] diraypvp sql checked, record: spammp by iPurple_ to -1
15-08-17 22:31:48 [INFO] [OctoBans] denis018 sql checked, record: spammp by Remil to -1
15-08-17 22:31:48 [INFO] [OctoBans] romain15002 sql checked, record: insultegrave by YTB_XxKarnageXx to 1502865886
15-08-17 22:31:48 [INFO] [OctoBans] wize_ sql checked, record: spammp by TheBrioche13 to -1
15-08-17 22:31:48 [INFO] [OctoBans] wize_ sql checked, record: spammp by Remil to -1
15-08-17 22:31:48 [INFO] [OctoBans] wiindows sql checked, record: floodmp by Forway to -1
15-08-17 22:31:48 [INFO] [OctoBans] wiindows sql checked, record: spammp by Remil to -1
15-08-17 22:31:48 [INFO] [OctoBans] wilson84 sql checked, record: kickautre by YTB_XxKarnageXx to -1
15-08-17 22:31:48 [INFO] [OctoBans] bboy124 sql checked, record: spammp by Remil to -1
15-08-17 22:31:48 [INFO] [OctoBans] xxrandomxx sql checked, record: spammp by SmooKeur to -1
15-08-17 22:31:48 [INFO] [OctoBans] ishaadow_ sql checked, record: spammp by SmooKeur to -1
15-08-17 22:31:48 [INFO] [OctoBans] ishaadow_ sql checked, record: spammp by Remil to -1
15-08-17 22:31:49 [INFO] [OctoBans] ext4zzy sql checked, record: spammp by Remil to -1
15-08-17 22:31:49 [INFO] [OctoBans] ext4zzy sql checked, record: spammp by Remil to -1
15-08-17 22:31:49 [INFO] [OctoBans] ext4zzy sql checked, record: spammp by Remil to -1
15-08-17 22:31:49 [INFO] [OctoBans] ext4zzy sql checked, record: spammp by SuperJojo to -1
15-08-17 22:31:49 [INFO] [OctoBans] ext4zzy sql checked, record: kickautre by Steph078 to -1
15-08-17 22:31:49 [INFO] [OctoBans] ext4zzy sql checked, record: spammp by SuperJojo to -1
15-08-17 22:31:49 [INFO] [OctoBans] ext4zzy sql checked, record: spammp by Remil to -1
15-08-17 22:31:49 [INFO] [OctoBans] ext4zzy sql checked, record: spammp by Remil to -1
15-08-17 22:31:49 [INFO] [OctoBans] by_fly sql checked, record: spammp by NeosiaNexus to -1
15-08-17 22:31:58 [INFO] [OctoBans] andsiou sql checked, record: spammp by ZerKup to -1
15-08-17 22:32:12 [INFO] [OctoBans] elene88000 sql checked, record: spammp by Remil to -1
15-08-17 22:32:32 [INFO] [OctoBans] biguiboss31 sql checked, record: spammp by PseudoNul to -1
15-08-17 22:32:32 [INFO] [OctoBans] biguiboss31 sql checked, record: spammp by Remil to -1
15-08-17 22:32:32 [INFO] [OctoBans] biguiboss31 sql checked, record: langage by LaKitaw to 1502834869
15-08-17 22:32:46 [INFO] [OctoBans] logamer sql checked, record: floodmp by Forway to -1
15-08-17 22:32:46 [INFO] [OctoBans] logamer sql checked, record: spammp by iPurple_ to -1
15-08-17 22:32:46 [INFO] [OctoBans] logamer sql checked, record: spammp by YTB_XxKarnageXx to -1
15-08-17 22:32:46 [INFO] [OctoBans] boubou37 sql checked, record: insultegrave by JustMySkill to 1502892313
15-08-17 22:32:49 [INFO] [OctoBans] _stuntix_ sql checked, record: spammp by YTB_XxKarnageXx to -1
15-08-17 22:32:49 [INFO] [OctoBans] _stuntix_ sql checked, record: spam by woimant to 1502833343
15-08-17 22:33:20 [INFO] [OctoBans] chronoethernal sql checked, record: spammp by Remil to -1
15-08-17 22:33:22 [INFO] [OctoBans] Remil punished lololaclarinette for: Spam/flood en MP
15-08-17 22:33:41 [INFO] [OctoBans] ChronoEthernal punished andsiou for: Double Poste
15-08-17 22:33:48 [INFO] [OctoBans] mindex45 sql checked, record: spammp by SnowEffect to -1
15-08-17 22:33:48 [INFO] [OctoBans] mindex45 sql checked, record: kickautre by NeosiaNexus to -1
15-08-17 22:33:56 [INFO] [OctoBans] listoxx sql checked, record: spammp by SnowEffect to -1
15-08-17 22:33:56 [INFO] [OctoBans] ChronoEthernal punished blc_frr_pvp for: Insulte
15-08-17 22:34:01 [INFO] [OctoBans] neoxgaming sql checked, record: spammp by Remil to -1
15-08-17 22:34:27 [INFO] [OctoBans] Remil punished erwanyt for: Double Poste
15-08-17 22:35:18 [INFO] [OctoBans] gangstardu59 sql checked, record: insultegrave by NeosiaNexus to 1502899518
15-08-17 22:36:27 [INFO] [OctoBans] azertuip sql checked, record: spammp by Remil to -1
15-08-17 22:38:07 [INFO] [OctoBans] skilzz_ sql checked, record: doubleposte by Remil to 1502829546
15-08-17 22:38:55 [INFO] [OctoBans] xxheroiikxx sql checked, record: floodmp by Forway to -1
15-08-17 22:40:13 [INFO] [OctoBans] LaKitaw punished skilzz_ for: Double Poste
15-08-17 22:42:01 [INFO] [OctoBans] teddy2502 sql checked, record: spammp by SkyKosIV to -1
15-08-17 22:43:46 [INFO] [OctoBans] hugoboss44 sql checked, record: faussesinfos by woimant to 1502993826
15-08-17 22:46:03 [INFO] [OctoBans] tyzaa sql checked, record: spammp by PseudoNul to -1
15-08-17 22:46:03 [INFO] [OctoBans] tyzaa sql checked, record: spammp by drbrine to -1
15-08-17 22:46:03 [INFO] [OctoBans] tyzaa sql checked, record: pubyt by woimant to 1502835290
15-08-17 22:47:01 [INFO] [OctoBans] Remil punished chonchon for: Double Poste
15-08-17 22:47:14 [INFO] [OctoBans] idreyzen sql checked, record: spammp by Remil to -1
15-08-17 22:47:36 [INFO] [OctoBans] justmyskill sql checked, record: kickautre by YTB_XxKarnageXx to -1
15-08-17 22:47:36 [INFO] [OctoBans] justmyskill sql checked, record: spammp by Remil to -1
15-08-17 22:48:31 [INFO] [OctoBans] tomcase14 sql checked, record: kickautre by Antoine57565 to -1
15-08-17 22:48:31 [INFO] [OctoBans] tomcase14 sql checked, record: kickautre by Antoine57565 to -1
15-08-17 22:49:06 [INFO] [OctoBans] chronos sql checked, record: insultegrave by woimant to 1502892530
15-08-17 22:53:11 [INFO] [OctoBans] Remil punished banano6768 for: Insulte staff
15-08-17 22:55:21 [INFO] [OctoBans] mrkebab sql checked, record: spammp by SuperJojo to -1
15-08-17 22:55:21 [INFO] [OctoBans] mrkebab sql checked, record: spammp by SuperJojo to -1
15-08-17 22:55:21 [INFO] [OctoBans] mrkebab sql checked, record: spammp by Remil to -1
15-08-17 22:55:21 [INFO] [OctoBans] mrkebab sql checked, record: spammp by Remil to -1
15-08-17 22:58:58 [INFO] [OctoBans] sqkaa_ sql checked, record: spammp by Remil to -1
15-08-17 23:01:07 [INFO] [OctoBans] yolodu13 sql checked, record: insultegrave by zlKayzen to 1502944616
15-08-17 23:01:07 [INFO] [OctoBans] yolodu13 sql checked, record: insultestaff by woimant to 1502897557
15-08-17 23:01:29 [INFO] [OctoBans] pepsicoca sql checked, record: spammp by Steph078 to -1
15-08-17 23:03:07 [INFO] [OctoBans] JustMySkill punished lethugdu46 for: Double Poste
15-08-17 23:03:11 [INFO] [OctoBans] JustMySkill punished ephnise for: Langage incorrect
15-08-17 23:03:17 [INFO] [OctoBans] mistergamingv2 sql checked, record: spammp by Remil to -1
15-08-17 23:03:17 [INFO] [OctoBans] mistergamingv2 sql checked, record: spammp by YTB_XxKarnageXx to -1
15-08-17 23:04:34 [INFO] [OctoBans] NeyTox punished hornetbreizh29 for: Majuscule
15-08-17 23:04:46 [INFO] [OctoBans] Remil punished nymerialafrite for: Majuscule
15-08-17 23:06:04 [INFO] [OctoBans] stonewolf sql checked, record: spammp by SuperJojo to -1
15-08-17 23:06:04 [INFO] [OctoBans] stonewolf sql checked, record: spammp by drbrine to -1
15-08-17 23:06:19 [INFO] [OctoBans] ew3l sql checked, record: spammp by tinmar to -1
15-08-17 23:10:16 [INFO] [OctoBans] JustMySkill punished elene88000 for: Double Poste
15-08-17 23:11:31 [INFO] [OctoBans] JustMySkill punished stonewolf for: Majuscule
15-08-17 23:12:00 [INFO] [OctoBans] LaKitaw punished ledragonfeu for: Spam/flood
15-08-17 23:13:43 [INFO] [OctoBans] lesimulateure sql checked, record: faussesinfos by azzymaster to 1502913182
15-08-17 23:19:20 [INFO] [OctoBans] Remil punished idreyzen for: Double Poste
15-08-17 23:20:33 [INFO] [OctoBans] dixlou sql checked, record: spammp by Remil to -1
15-08-17 23:20:33 [INFO] [OctoBans] dixlou sql checked, record: kickautre by YTB_XxKarnageXx to -1
15-08-17 23:20:38 [INFO] [OctoBans] pilage sql checked, record: spammp by YTB_XxKarnageXx to -1
15-08-17 23:21:47 [INFO] [OctoBans] JustMySkill punished stonewolf for: Insulte
15-08-17 23:21:50 [INFO] [OctoBans] stonewolf sql checked, record: spammp by SuperJojo to -1
15-08-17 23:21:50 [INFO] [OctoBans] stonewolf sql checked, record: spammp by drbrine to -1
15-08-17 23:21:50 [INFO] [OctoBans] stonewolf sql checked, record: majuscule by JustMySkill to 1502832691
15-08-17 23:21:50 [INFO] [OctoBans] stonewolf sql checked, record: insulte by JustMySkill to 1502837507
15-08-17 23:22:11 [INFO] [OctoBans] Remil punished _thes4baworld_ for: Double Poste
15-08-17 23:22:40 [INFO] [OctoBans] JustMySkill punished otheriii for: Provocation
15-08-17 23:23:42 [INFO] [OctoBans] Remil punished otheriii for: Langage incorrect
15-08-17 23:24:43 [INFO] [OctoBans] Remil punished liskoh for: Langage incorrect
15-08-17 23:24:50 [INFO] [OctoBans] couilledeloup sql checked, record: kickautre by Steph078 to -1
15-08-17 23:25:06 [INFO] [OctoBans] darkinggaming sql checked, record: floodmp by Forway to -1
15-08-17 23:25:23 [INFO] [OctoBans] Remil punished neoxgaming for: Langage incorrect
15-08-17 23:25:43 [INFO] [OctoBans] Shainko punished neoxgaming for: Insulte grave
15-08-17 23:27:26 [INFO] [OctoBans] JustMySkill punished liskoh for: Insulte
15-08-17 23:27:31 [INFO] [OctoBans] JustMySkill punished darkinggaming for: Langage incorrect
15-08-17 23:28:36 [INFO] [OctoBans] Shainko punished tueur9019 for: Insulte grave
15-08-17 23:28:48 [INFO] [OctoBans] JustMySkill punished ew3l for: Majuscule
15-08-17 23:29:36 [INFO] [OctoBans] Remil punished neoxgaming for: Spam/flood en MP
15-08-17 23:31:01 [INFO] [OctoBans] Remil punished stonewolf for: Langage incorrect
15-08-17 23:31:07 [INFO] [OctoBans] Remil punished keen0x for: Langage incorrect
15-08-17 23:31:20 [INFO] [OctoBans] JustMySkill punished darkinggaming for: Insulte
15-08-17 23:31:23 [INFO] [OctoBans] JustMySkill punished lepetitfoulol for: Majuscule
15-08-17 23:31:35 [INFO] [OctoBans] Remil punished thefrost for: Langage incorrect
15-08-17 23:31:57 [INFO] [OctoBans] JustMySkill punished liskoh for: Majuscule
15-08-17 23:33:03 [INFO] [OctoBans] Remil punished nayehz for: Double Poste
15-08-17 23:35:37 [INFO] [OctoBans] Remil punished jlp22600 for: Spam/flood
15-08-17 23:36:29 [INFO] [OctoBans] Shainko punished dz_legammer for: Majuscule
15-08-17 23:51:12 [INFO] [OctoBans] Remil punished keen0x for: Double Poste
15-08-17 23:51:41 [INFO] [OctoBans] An0m4lly punished stonewolf for: Langage incorrect
15-08-17 23:53:07 [INFO] [OctoBans] iuozoi sql checked, record: insultestaff by drbrine to 1502919560
15-08-17 23:53:32 [INFO] [OctoBans] boubou37 sql checked, record: insultegrave by JustMySkill to 1502892313
15-08-17 23:55:44 [INFO] [OctoBans] Remil punished lethugdu46 for: Provocation
15-08-17 23:56:53 [INFO] [OctoBans] JustMySkill punished relaster for: Double Poste
15-08-17 23:58:37 [INFO] [OctoBans] foxpoxy sql checked, record: spammp by skhey to -1
16-08-17 00:00:23 [INFO] [OctoBans] Remil punished foxpoxy for: Double Poste
16-08-17 00:00:34 [INFO] [OctoBans] titidu46 sql checked, record: spammp by Remil to -1
16-08-17 00:00:48 [INFO] [OctoBans] JustMySkill punished sacha33340 for: Majuscule
16-08-17 00:09:29 [INFO] [OctoBans] progameur sql checked, record: spammp by tinmar to -1
16-08-17 00:14:19 [INFO] [OctoBans] Wiindows punished legend for: Langage incorrect
16-08-17 00:17:25 [INFO] [OctoBans] JustMySkill punished drayller for: Double Poste
16-08-17 00:17:59 [INFO] [OctoBans] NeyTox punished stove83 for: Provocation
16-08-17 00:28:34 [INFO] [OctoBans] Remil punished easy for: Majuscule
16-08-17 00:30:50 [INFO] [OctoBans] Remil punished ew3l for: Double Poste
16-08-17 00:32:11 [INFO] [OctoBans] siruse sql checked, record: spammp by YTB_XxKarnageXx to -1
16-08-17 00:43:41 [INFO] [OctoBans] twinx_boy sql checked, record: spammp by SnowEffect to -1
16-08-17 00:52:38 [INFO] [OctoBans] JustMySkill punished abdousuryt for: Double Poste
16-08-17 00:58:13 [INFO] [OctoBans] iuozoi sql checked, record: insultestaff by drbrine to 1502919560
16-08-17 00:59:56 [INFO] [OctoBans] shouteur sql checked, record: spammp by Remil to -1
16-08-17 00:59:56 [INFO] [OctoBans] shouteur sql checked, record: spammp by Remil to -1
16-08-17 01:02:32 [INFO] [OctoBans] Wiindows punished hypnoss for: Double Poste
16-08-17 01:02:37 [INFO] [OctoBans] JustMySkill punished new for: Double Poste
16-08-17 01:11:30 [INFO] [OctoBans] NeyTox punished foxpoxy for: Provocation
16-08-17 01:12:37 [INFO] [OctoBans] Shouteur punished heartz_ for: Provocation
16-08-17 01:13:56 [INFO] [OctoBans] Wiindows punished stonewolf for: Majuscule
16-08-17 01:18:41 [INFO] [OctoBans] NeyTox punished mini_cookies for: Langage incorrect
16-08-17 01:19:38 [INFO] [OctoBans] d3adorsnipsurytb sql checked, record: spammp by Remil to -1
16-08-17 01:23:55 [INFO] [OctoBans] gamix_yt sql checked, record: spammp by tinmar to -1
16-08-17 01:24:46 [INFO] [OctoBans] Wiindows punished by_fly for: Provocation
16-08-17 01:27:08 [INFO] [OctoBans] Shouteur punished gismo2806 for: Langage incorrect
16-08-17 01:29:43 [INFO] [OctoBans] Wiindows punished nayehz for: Double Poste
16-08-17 01:31:57 [INFO] [OctoBans] Wiindows punished nayehz for: Langage incorrect
16-08-17 01:35:50 [INFO] [OctoBans] azzymaster punished a9_zerox for: Double Poste
16-08-17 01:44:46 [INFO] [OctoBans] neytox sql checked, record: langage by NeyTox to 1499788779
16-08-17 01:44:46 [INFO] [OctoBans] neytox sql checked, record: langage by NeyTox to 1499808069
16-08-17 01:44:46 [INFO] [OctoBans] neytox sql checked, record: spam by NeyTox to 1499813835
16-08-17 01:44:46 [INFO] [OctoBans] neytox sql checked, record: langage by NeyTox to 1499819032
16-08-17 01:44:46 [INFO] [OctoBans] neytox sql checked, record: majuscule by NeyTox to 1499813698
16-08-17 01:44:46 [INFO] [OctoBans] neytox sql checked, record: spam by NeyTox to 1499816882
16-08-17 01:44:46 [INFO] [OctoBans] neytox sql checked, record: majuscule by NeyTox to 1499817425
16-08-17 01:44:46 [INFO] [OctoBans] neytox sql checked, record: majuscule by NeyTox to 1499816576
16-08-17 01:44:46 [INFO] [OctoBans] neytox sql checked, record: provocation by NeyTox to 1499816588
16-08-17 01:44:46 [INFO] [OctoBans] neytox sql checked, record: provocation by NeyTox to 1499820832
16-08-17 01:44:46 [INFO] [OctoBans] neytox sql checked, record: spam by NeyTox to 1500251221
16-08-17 01:44:46 [INFO] [OctoBans] neytox sql checked, record: doubleposte by NeyTox to 1500259980
16-08-17 01:44:46 [INFO] [OctoBans] neytox sql checked, record: insultegrave by NeyTox to 1500299881
16-08-17 01:44:46 [INFO] [OctoBans] neytox sql checked, record: langage by NeyTox to 1500272959
16-08-17 01:44:46 [INFO] [OctoBans] neytox sql checked, record: doubleposte by NeyTox to 1500273921
16-08-17 01:44:46 [INFO] [OctoBans] neytox sql checked, record: doubleposte by NeyTox to 1500278270
16-08-17 01:44:46 [INFO] [OctoBans] neytox sql checked, record: majuscule by NeyTox to 1500277991
16-08-17 01:44:46 [INFO] [OctoBans] neytox sql checked, record: majuscule by NeyTox to 1500303134
16-08-17 01:44:46 [INFO] [OctoBans] neytox sql checked, record: doubleposte by NeyTox to 1500313477
16-08-17 01:44:46 [INFO] [OctoBans] neytox sql checked, record: insultestaff by NeyTox to 1500351164
16-08-17 01:44:46 [INFO] [OctoBans] neytox sql checked, record: spam by NeyTox to 1500336973
16-08-17 01:44:46 [INFO] [OctoBans] neytox sql checked, record: insultegrave by NeyTox to 1500569684
16-08-17 01:44:46 [INFO] [OctoBans] neytox sql checked, record: langage by NeyTox to 1500322318
16-08-17 01:44:46 [INFO] [OctoBans] neytox sql checked, record: spam by NeyTox to 1500329415
16-08-17 01:44:46 [INFO] [OctoBans] neytox sql checked, record: majuscule by NeyTox to 1500328112
16-08-17 01:44:46 [INFO] [OctoBans] neytox sql checked, record: spam by NeyTox to 1500332803
16-08-17 01:44:46 [INFO] [OctoBans] neytox sql checked, record: doubleposte by NeyTox to 1500341780
16-08-17 01:44:46 [INFO] [OctoBans] neytox sql checked, record: doubleposte by NeyTox to 1500381286
16-08-17 01:44:46 [INFO] [OctoBans] neytox sql checked, record: langage by NeyTox to 1500381409
16-08-17 01:44:46 [INFO] [OctoBans] neytox sql checked, record: spam by NeyTox to 1500384640
16-08-17 01:44:46 [INFO] [OctoBans] neytox sql checked, record: majuscule by NeyTox to 1500384571
16-08-17 01:44:46 [INFO] [OctoBans] neytox sql checked, record: langage by NeyTox to 1500385628
16-08-17 01:44:46 [INFO] [OctoBans] neytox sql checked, record: doubleposte by NeyTox to 1500386062
16-08-17 01:44:46 [INFO] [OctoBans] neytox sql checked, record: majuscule by NeyTox to 1500387102
16-08-17 01:44:46 [INFO] [OctoBans] neytox sql checked, record: insultegrave by NeyTox to 1500423791
16-08-17 01:44:46 [INFO] [OctoBans] neytox sql checked, record: majuscule by NeyTox to 1500388441
16-08-17 01:44:46 [INFO] [OctoBans] neytox sql checked, record: spam by NeyTox to 1500392779
16-08-17 01:44:46 [INFO] [OctoBans] neytox sql checked, record: majuscule by NeyTox to 1500391811
16-08-17 01:44:46 [INFO] [OctoBans] neytox sql checked, record: provocation by NeyTox to 1500390788
16-08-17 01:44:46 [INFO] [OctoBans] neytox sql checked, record: spam by NeyTox to 1500397753
16-08-17 01:44:46 [INFO] [OctoBans] neytox sql checked, record: doubleposte by NeyTox to 1500398312
16-08-17 01:44:46 [INFO] [OctoBans] neytox sql checked, record: majuscule by NeyTox to 1500394688
16-08-17 01:44:46 [INFO] [OctoBans] neytox sql checked, record: doubleposte by NeyTox to 1500395304
16-08-17 01:44:46 [INFO] [OctoBans] neytox sql checked, record: spam by NeyTox to 1500398559
16-08-17 01:44:46 [INFO] [OctoBans] neytox sql checked, record: langage by NeyTox to 1500402677
16-08-17 01:44:46 [INFO] [OctoBans] neytox sql checked, record: majuscule by NeyTox to 1500405114
16-08-17 01:44:46 [INFO] [OctoBans] neytox sql checked, record: doubleposte by NeyTox to 1500404919
16-08-17 01:44:46 [INFO] [OctoBans] neytox sql checked, record: majuscule by NeyTox to 1500405981
16-08-17 01:44:46 [INFO] [OctoBans] neytox sql checked, record: insultegrave by NeyTox to 1500442092
16-08-17 01:44:46 [INFO] [OctoBans] neytox sql checked, record: spam by NeyTox to 1500410133
16-08-17 01:44:46 [INFO] [OctoBans] neytox sql checked, record: majuscule by NeyTox to 1500410940
16-08-17 01:44:46 [INFO] [OctoBans] neytox sql checked, record: doubleposte by NeyTox to 1500411772
16-08-17 01:44:46 [INFO] [OctoBans] neytox sql checked, record: doubleposte by NeyTox to 1500411116
16-08-17 01:44:46 [INFO] [OctoBans] neytox sql checked, record: spam by NeyTox to 1500419085
16-08-17 01:44:46 [INFO] [OctoBans] neytox sql checked, record: langage by NeyTox to 1500417456
16-08-17 01:44:46 [INFO] [OctoBans] neytox sql checked, record: insultestaff by NeyTox to 1500452892
16-08-17 01:44:46 [INFO] [OctoBans] neytox sql checked, record: insultestaff by NeyTox to 1500504295
16-08-17 01:44:46 [INFO] [OctoBans] neytox sql checked, record: doubleposte by NeyTox to 1500477009
16-08-17 01:44:46 [INFO] [OctoBans] neytox sql checked, record: doubleposte by NeyTox to 1500483144
16-08-17 01:44:46 [INFO] [OctoBans] neytox sql checked, record: doubleposte by NeyTox to 1500481736
16-08-17 01:44:46 [INFO] [OctoBans] neytox sql checked, record: spam by NeyTox to 1500490900
16-08-17 01:44:46 [INFO] [OctoBans] neytox sql checked, record: majuscule by NeyTox to 1500495856
16-08-17 01:44:46 [INFO] [OctoBans] neytox sql checked, record: spam by NeyTox to 1500497745
16-08-17 01:44:46 [INFO] [OctoBans] neytox sql checked, record: doubleposte by NeyTox to 1500497372
16-08-17 01:44:46 [INFO] [OctoBans] neytox sql checked, record: doubleposte by NeyTox to 1500500346
16-08-17 01:44:46 [INFO] [OctoBans] neytox sql checked, record: spam by NeyTox to 1500525522
16-08-17 01:44:46 [INFO] [OctoBans] neytox sql checked, record: faussesinfos by NeyTox to 1500590315
16-08-17 01:44:46 [INFO] [OctoBans] neytox sql checked, record: doubleposte by NeyTox to 1500509240
16-08-17 01:44:46 [INFO] [OctoBans] neytox sql checked, record: spam by NeyTox to 1500644094
16-08-17 01:44:46 [INFO] [OctoBans] neytox sql checked, record: spam by NeyTox to 1500565178
16-08-17 01:44:46 [INFO] [OctoBans] neytox sql checked, record: doubleposte by NeyTox to 1500567274
16-08-17 01:44:46 [INFO] [OctoBans] neytox sql checked, record: doubleposte by NeyTox to 1500571648
16-08-17 01:44:46 [INFO] [OctoBans] neytox sql checked, record: doubleposte by NeyTox to 1500572861
16-08-17 01:44:46 [INFO] [OctoBans] neytox sql checked, record: majuscule by NeyTox to 1500570877
16-08-17 01:44:46 [INFO] [OctoBans] neytox sql checked, record: majuscule by NeyTox to 1500574277
16-08-17 01:44:46 [INFO] [OctoBans] neytox sql checked, record: majuscule by NeyTox to 1500571794
16-08-17 01:44:46 [INFO] [OctoBans] neytox sql checked, record: majuscule by NeyTox to 1500574328
16-08-17 01:44:46 [INFO] [OctoBans] neytox sql checked, record: spam by NeyTox to 1500586324
16-08-17 01:44:46 [INFO] [OctoBans] neytox sql checked, record: majuscule by NeyTox to 1500581823
16-08-17 01:44:46 [INFO] [OctoBans] neytox sql checked, record: doubleposte by NeyTox to 1500579783
16-08-17 01:44:46 [INFO] [OctoBans] neytox sql checked, record: doubleposte by NeyTox to 1500579891
16-08-17 01:44:46 [INFO] [OctoBans] neytox sql checked, record: spam by NeyTox to 1500626577
16-08-17 01:44:46 [INFO] [OctoBans] neytox sql checked, record: insultestaff by NeyTox to 1500795798
16-08-17 01:44:46 [INFO] [OctoBans] neytox sql checked, record: doubleposte by NeyTox to 1500581678
16-08-17 01:44:46 [INFO] [OctoBans] neytox sql checked, record: spam by NeyTox to 1500599318
16-08-17 01:44:46 [INFO] [OctoBans] neytox sql checked, record: doubleposte by NeyTox to 1500582020
16-08-17 01:44:46 [INFO] [OctoBans] neytox sql checked, record: doubleposte by NeyTox to 1500586099
16-08-17 01:44:46 [INFO] [OctoBans] neytox sql checked, record: doubleposte by NeyTox to 1500587433
16-08-17 01:44:46 [INFO] [OctoBans] neytox sql checked, record: doubleposte by NeyTox to 1500590433
16-08-17 01:44:46 [INFO] [OctoBans] neytox sql checked, record: doubleposte by NeyTox to 1500602848
16-08-17 01:44:46 [INFO] [OctoBans] neytox sql checked, record: provocation by NeyTox to 1500658410
16-08-17 01:44:46 [INFO] [OctoBans] neytox sql checked, record: doubleposte by NeyTox to 1500659272
16-08-17 01:44:46 [INFO] [OctoBans] neytox sql checked, record: doubleposte by NeyTox to 1500659827
16-08-17 01:44:46 [INFO] [OctoBans] neytox sql checked, record: majuscule by NeyTox to 1500659334
16-08-17 01:44:46 [INFO] [OctoBans] neytox sql checked, record: spam by NeyTox to 1500665950
16-08-17 01:44:46 [INFO] [OctoBans] neytox sql checked, record: doubleposte by NeyTox to 1500660665
16-08-17 01:44:46 [INFO] [OctoBans] neytox sql checked, record: majuscule by NeyTox to 1500659626
16-08-17 01:44:46 [INFO] [OctoBans] neytox sql checked, record: majuscule by NeyTox to 1500659647
16-08-17 01:44:46 [INFO] [OctoBans] neytox sql checked, record: doubleposte by NeyTox to 1500660360
16-08-17 01:44:46 [INFO] [OctoBans] neytox sql checked, record: majuscule by NeyTox to 1500665753
16-08-17 01:44:46 [INFO] [OctoBans] neytox sql checked, record: doubleposte by NeyTox to 1500667730
16-08-17 01:44:46 [INFO] [OctoBans] neytox sql checked, record: majuscule by NeyTox to 1500674991
16-08-17 01:44:46 [INFO] [OctoBans] neytox sql checked, record: insultestaff by NeyTox to 1500743520
16-08-17 01:44:46 [INFO] [OctoBans] neytox sql checked, record: doubleposte by NeyTox to 1500676632
16-08-17 01:44:46 [INFO] [OctoBans] neytox sql checked, record: spam by NeyTox to 1500678461
16-08-17 01:44:46 [INFO] [OctoBans] neytox sql checked, record: spam by NeyTox to 1500678735
16-08-17 01:44:46 [INFO] [OctoBans] neytox sql checked, record: doubleposte by NeyTox to 1500678434
16-08-17 01:44:46 [INFO] [OctoBans] neytox sql checked, record: langage by NeyTox to 1500682780
16-08-17 01:44:46 [INFO] [OctoBans] neytox sql checked, record: provocation by NeyTox to 1500683913
16-08-17 01:44:46 [INFO] [OctoBans] neytox sql checked, record: spam by NeyTox to 1500702424
16-08-17 01:44:46 [INFO] [OctoBans] neytox sql checked, record: majuscule by NeyTox to 1500735607
16-08-17 01:44:46 [INFO] [OctoBans] neytox sql checked, record: doubleposte by NeyTox to 1500737946
16-08-17 01:44:46 [INFO] [OctoBans] neytox sql checked, record: insultegrave by NeyTox to 1500772396
16-08-17 01:44:46 [INFO] [OctoBans] neytox sql checked, record: doubleposte by NeyTox to 1500738295
16-08-17 01:44:46 [INFO] [OctoBans] neytox sql checked, record: doubleposte by NeyTox to 1500737138
16-08-17 01:44:46 [INFO] [OctoBans] neytox sql checked, record: doubleposte by NeyTox to 1500739074
16-08-17 01:44:46 [INFO] [OctoBans] neytox sql checked, record: doubleposte by NeyTox to 1500739615
16-08-17 01:44:46 [INFO] [OctoBans] neytox sql checked, record: spam by NeyTox to 1500742424
16-08-17 01:44:46 [INFO] [OctoBans] neytox sql checked, record: spam by NeyTox to 1500747069
16-08-17 01:44:46 [INFO] [OctoBans] neytox sql checked, record: majuscule by NeyTox to 1500745524
16-08-17 01:44:46 [INFO] [OctoBans] neytox sql checked, record: doubleposte by NeyTox to 1500746307
16-08-17 01:44:46 [INFO] [OctoBans] neytox sql checked, record: majuscule by NeyTox to 1500750166
16-08-17 01:44:46 [INFO] [OctoBans] neytox sql checked, record: provocation by NeyTox to 1500745996
16-08-17 01:44:46 [INFO] [OctoBans] neytox sql checked, record: insultestaff by NeyTox to 1500853640
16-08-17 01:44:46 [INFO] [OctoBans] neytox sql checked, record: langage by NeyTox to 1500747894
16-08-17 01:44:46 [INFO] [OctoBans] neytox sql checked, record: majuscule by NeyTox to 1500751005
16-08-17 01:44:46 [INFO] [OctoBans] neytox sql checked, record: insultestaff by NeyTox to 1500785878
16-08-17 01:44:46 [INFO] [OctoBans] neytox sql checked, record: majuscule by NeyTox to 1500753187
16-08-17 01:44:46 [INFO] [OctoBans] neytox sql checked, record: provocation by NeyTox to 1500753964
16-08-17 01:44:46 [INFO] [OctoBans] neytox sql checked, record: majuscule by NeyTox to 1500759502
16-08-17 01:44:46 [INFO] [OctoBans] neytox sql checked, record: majuscule by NeyTox to 1500754846
16-08-17 01:44:46 [INFO] [OctoBans] neytox sql checked, record: incitationflood by NeyTox to 1500845220
16-08-17 01:44:46 [INFO] [OctoBans] neytox sql checked, record: insultegrave by NeyTox to 1500796408
16-08-17 01:44:46 [INFO] [OctoBans] neytox sql checked, record: spam by NeyTox to 1500764401
16-08-17 01:44:46 [INFO] [OctoBans] neytox sql checked, record: insultelegere by NeyTox to 1500761740
16-08-17 01:44:46 [INFO] [OctoBans] neytox sql checked, record: majuscule by NeyTox to 1500765225
16-08-17 01:44:46 [INFO] [OctoBans] neytox sql checked, record: provocation by NeyTox to 1500765091
16-08-17 01:44:46 [INFO] [OctoBans] neytox sql checked, record: doubleposte by NeyTox to 1500766320
16-08-17 01:44:46 [INFO] [OctoBans] neytox sql checked, record: majuscule by NeyTox to 1500790003
16-08-17 01:44:46 [INFO] [OctoBans] neytox sql checked, record: doubleposte by NeyTox to 1500790312
16-08-17 01:44:46 [INFO] [OctoBans] neytox sql checked, record: langage by NeyTox to 1500793187
16-08-17 01:44:46 [INFO] [OctoBans] neytox sql checked, record: spam by NeyTox to 1500795032
16-08-17 01:44:46 [INFO] [OctoBans] neytox sql checked, record: doubleposte by NeyTox to 1500792020
16-08-17 01:44:46 [INFO] [OctoBans] neytox sql checked, record: langage by NeyTox to 1500793282
16-08-17 01:44:46 [INFO] [OctoBans] neytox sql checked, record: doubleposte by NeyTox to 1500821491
16-08-17 01:44:46 [INFO] [OctoBans] neytox sql checked, record: spam by NeyTox to 1500833216
16-08-17 01:44:46 [INFO] [OctoBans] neytox sql checked, record: doubleposte by NeyTox to 1500821873
16-08-17 01:44:46 [INFO] [OctoBans] neytox sql checked, record: majuscule by NeyTox to 1500820767
16-08-17 01:44:46 [INFO] [OctoBans] neytox sql checked, record: majuscule by NeyTox to 1500821151
16-08-17 01:44:46 [INFO] [OctoBans] neytox sql checked, record: pubyt by NeyTox to 1500825495
16-08-17 01:44:46 [INFO] [OctoBans] neytox sql checked, record: insultestaff by NeyTox to 1500861801
16-08-17 01:44:46 [INFO] [OctoBans] neytox sql checked, record: langage by NeyTox to 1500841518
16-08-17 01:44:46 [INFO] [OctoBans] neytox sql checked, record: langage by NeyTox to 1500846121
16-08-17 01:44:46 [INFO] [OctoBans] neytox sql checked, record: insultegrave by NeyTox to 1500880342
16-08-17 01:44:46 [INFO] [OctoBans] neytox sql checked, record: insultegrave by NeyTox to 1500880446
16-08-17 01:44:46 [INFO] [OctoBans] neytox sql checked, record: majuscule by NeyTox to 1500845430
16-08-17 01:44:46 [INFO] [OctoBans] neytox sql checked, record: langage by NeyTox to 1500846837
16-08-17 01:44:46 [INFO] [OctoBans] neytox sql checked, record: langage by NeyTox to 1500853482
16-08-17 01:44:46 [INFO] [OctoBans] neytox sql checked, record: langage by NeyTox to 1500847514
16-08-17 01:44:46 [INFO] [OctoBans] neytox sql checked, record: insultegrave by NeyTox to 1500882361
16-08-17 01:44:46 [INFO] [OctoBans] neytox sql checked, record: langage by NeyTox to 1500848788
16-08-17 01:44:46 [INFO] [OctoBans] neytox sql checked, record: majuscule by NeyTox to 1500848231
16-08-17 01:44:46 [INFO] [OctoBans] neytox sql checked, record: spam by NeyTox to 1500861697
16-08-17 01:44:46 [INFO] [OctoBans] neytox sql checked, record: majuscule by NeyTox to 1500852543
16-08-17 01:44:46 [INFO] [OctoBans] neytox sql checked, record: majuscule by NeyTox to 1500859184
16-08-17 01:44:46 [INFO] [OctoBans] neytox sql checked, record: majuscule by NeyTox to 1500854121
16-08-17 01:44:46 [INFO] [OctoBans] neytox sql checked, record: insulte by NeyTox to 1500859030
16-08-17 01:44:46 [INFO] [OctoBans] neytox sql checked, record: provocation by NeyTox to 1500856350
16-08-17 01:44:46 [INFO] [OctoBans] neytox sql checked, record: majuscule by NeyTox to 1500855944
16-08-17 01:44:46 [INFO] [OctoBans] neytox sql checked, record: doubleposte by NeyTox to 1500868975
16-08-17 01:44:46 [INFO] [OctoBans] neytox sql checked, record: doubleposte by NeyTox to 1500873089
16-08-17 01:44:46 [INFO] [OctoBans] neytox sql checked, record: doubleposte by NeyTox to 1500868301
16-08-17 01:44:46 [INFO] [OctoBans] neytox sql checked, record: doubleposte by NeyTox to 1500918998
16-08-17 01:44:46 [INFO] [OctoBans] neytox sql checked, record: doubleposte by NeyTox to 1500928483
16-08-17 01:44:46 [INFO] [OctoBans] neytox sql checked, record: spam by NeyTox to 1500956764
16-08-17 01:44:46 [INFO] [OctoBans] neytox sql checked, record: doubleposte by NeyTox to 1500930241
16-08-17 01:44:46 [INFO] [OctoBans] neytox sql checked, record: majuscule by NeyTox to 1500931390
16-08-17 01:44:46 [INFO] [OctoBans] neytox sql checked, record: majuscule by NeyTox to 1500936999
16-08-17 01:44:46 [INFO] [OctoBans] neytox sql checked, record: majuscule by NeyTox to 1500937865
16-08-17 01:44:46 [INFO] [OctoBans] neytox sql checked, record: doubleposte by NeyTox to 1500933138
16-08-17 01:44:46 [INFO] [OctoBans] neytox sql checked, record: langage by NeyTox to 1500936336
16-08-17 01:44:46 [INFO] [OctoBans] neytox sql checked, record: doubleposte by NeyTox to 1500935349
16-08-17 01:44:46 [INFO] [OctoBans] neytox sql checked, record: doubleposte by NeyTox to 1500935412
16-08-17 01:44:46 [INFO] [OctoBans] neytox sql checked, record: majuscule by NeyTox to 1500936247
16-08-17 01:44:46 [INFO] [OctoBans] neytox sql checked, record: majuscule by NeyTox to 1500942510
16-08-17 01:44:46 [INFO] [OctoBans] neytox sql checked, record: doubleposte by NeyTox to 1500937427
16-08-17 01:44:46 [INFO] [OctoBans] neytox sql checked, record: majuscule by NeyTox to 1500938342
16-08-17 01:44:46 [INFO] [OctoBans] neytox sql checked, record: doubleposte by NeyTox to 1500938352
16-08-17 01:44:46 [INFO] [OctoBans] neytox sql checked, record: langage by NeyTox to 1500939413
16-08-17 01:44:46 [INFO] [OctoBans] neytox sql checked, record: insultestaff by NeyTox to 1500976942
16-08-17 01:44:46 [INFO] [OctoBans] neytox sql checked, record: doubleposte by NeyTox to 1500942092
16-08-17 01:44:46 [INFO] [OctoBans] neytox sql checked, record: majuscule by NeyTox to 1500945861
16-08-17 01:44:46 [INFO] [OctoBans] neytox sql checked, record: doubleposte by NeyTox to 1500948264
16-08-17 01:44:46 [INFO] [OctoBans] neytox sql checked, record: doubleposte by NeyTox to 1500947588
16-08-17 01:44:46 [INFO] [OctoBans] neytox sql checked, record: doubleposte by NeyTox to 1500947241
16-08-17 01:44:46 [INFO] [OctoBans] neytox sql checked, record: pubyt by NeyTox to 1500955100
16-08-17 01:44:46 [INFO] [OctoBans] neytox sql checked, record: spam by NeyTox to 1500964002
16-08-17 01:44:46 [INFO] [OctoBans] neytox sql checked, record: doubleposte by NeyTox to 1500958580
16-08-17 01:44:46 [INFO] [OctoBans] neytox sql checked, record: doubleposte by NeyTox to 1500960686
16-08-17 01:44:46 [INFO] [OctoBans] neytox sql checked, record: doubleposte by NeyTox to 1500961571
16-08-17 01:44:46 [INFO] [OctoBans] neytox sql checked, record: pubyt by NeyTox to 1500967831
16-08-17 01:44:46 [INFO] [OctoBans] neytox sql checked, record: spam by NeyTox to 1501001541
16-08-17 01:44:46 [INFO] [OctoBans] neytox sql checked, record: langage by NeyTox to 1500967946
16-08-17 01:44:46 [INFO] [OctoBans] neytox sql checked, record: insultegrave by NeyTox to 1501001708
16-08-17 01:44:46 [INFO] [OctoBans] neytox sql checked, record: spam by NeyTox to 1500969313
16-08-17 01:44:46 [INFO] [OctoBans] neytox sql checked, record: spam by NeyTox to 1500983944
16-08-17 01:44:46 [INFO] [OctoBans] neytox sql checked, record: doubleposte by NeyTox to 1501094127
16-08-17 01:44:46 [INFO] [OctoBans] neytox sql checked, record: doubleposte by NeyTox to 1501093842
16-08-17 01:44:46 [INFO] [OctoBans] neytox sql checked, record: majuscule by NeyTox to 1501094437
16-08-17 01:44:46 [INFO] [OctoBans] neytox sql checked, record: doubleposte by NeyTox to 1501095382
16-08-17 01:44:46 [INFO] [OctoBans] neytox sql checked, record: insultegrave by NeyTox to 1501177681
16-08-17 01:44:46 [INFO] [OctoBans] neytox sql checked, record: majuscule by NeyTox to 1501106303
16-08-17 01:44:46 [INFO] [OctoBans] neytox sql checked, record: doubleposte by NeyTox to 1501106580
16-08-17 01:44:46 [INFO] [OctoBans] neytox sql checked, record: doubleposte by NeyTox to 1501107530
16-08-17 01:44:46 [INFO] [OctoBans] neytox sql checked, record: langage by NeyTox to 1501112293
16-08-17 01:44:46 [INFO] [OctoBans] neytox sql checked, record: doubleposte by NeyTox to 1501108796
16-08-17 01:44:46 [INFO] [OctoBans] neytox sql checked, record: langage by NeyTox to 1501174674
16-08-17 01:44:46 [INFO] [OctoBans] neytox sql checked, record: spam by NeyTox to 1501196205
16-08-17 01:44:46 [INFO] [OctoBans] neytox sql checked, record: doubleposte by NeyTox to 1501176823
16-08-17 01:44:46 [INFO] [OctoBans] neytox sql checked, record: insultegrave by NeyTox to 1501321562
16-08-17 01:44:46 [INFO] [OctoBans] neytox sql checked, record: insultegrave by NeyTox to 1501249749
16-08-17 01:44:46 [INFO] [OctoBans] neytox sql checked, record: doubleposte by NeyTox to 1501179305
16-08-17 01:44:46 [INFO] [OctoBans] neytox sql checked, record: doubleposte by NeyTox to 1501179346
16-08-17 01:44:46 [INFO] [OctoBans] neytox sql checked, record: doubleposte by NeyTox to 1501179177
16-08-17 01:44:46 [INFO] [OctoBans] neytox sql checked, record: majuscule by NeyTox to 1501188950
16-08-17 01:44:46 [INFO] [OctoBans] neytox sql checked, record: pubyt by NeyTox to 1501191981
16-08-17 01:44:46 [INFO] [OctoBans] neytox sql checked, record: majuscule by NeyTox to 1501195853
16-08-17 01:44:46 [INFO] [OctoBans] neytox sql checked, record: langage by NeyTox to 1501190855
16-08-17 01:44:46 [INFO] [OctoBans] neytox sql checked, record: doubleposte by NeyTox to 1501190933
16-08-17 01:44:46 [INFO] [OctoBans] neytox sql checked, record: insultesrv by NeyTox to 1501208450
16-08-17 01:44:46 [INFO] [OctoBans] neytox sql checked, record: doubleposte by NeyTox to 1501194262
16-08-17 01:44:46 [INFO] [OctoBans] neytox sql checked, record: doubleposte by NeyTox to 1501215826
16-08-17 01:44:46 [INFO] [OctoBans] neytox sql checked, record: spam by NeyTox to 1501279257
16-08-17 01:44:46 [INFO] [OctoBans] neytox sql checked, record: spam by NeyTox to 1501268699
16-08-17 01:44:46 [INFO] [OctoBans] neytox sql checked, record: spam by NeyTox to 1501319398
16-08-17 01:44:46 [INFO] [OctoBans] neytox sql checked, record: spam by NeyTox to 1501287007
16-08-17 01:44:46 [INFO] [OctoBans] neytox sql checked, record: majuscule by NeyTox to 1501284503
16-08-17 01:44:46 [INFO] [OctoBans] neytox sql checked, record: spam by NeyTox to 1501290089
16-08-17 01:44:46 [INFO] [OctoBans] neytox sql checked, record: langage by NeyTox to 1501280849
16-08-17 01:44:46 [INFO] [OctoBans] neytox sql checked, record: majuscule by NeyTox to 1501281782
16-08-17 01:44:46 [INFO] [OctoBans] neytox sql checked, record: majuscule by NeyTox to 1501281830
16-08-17 01:44:46 [INFO] [OctoBans] neytox sql checked, record: majuscule by NeyTox to 1501284008
16-08-17 01:44:46 [INFO] [OctoBans] neytox sql checked, record: spam by NeyTox to 1501300053
16-08-17 01:44:46 [INFO] [OctoBans] neytox sql checked, record: majuscule by NeyTox to 1501287141
16-08-17 01:44:46 [INFO] [OctoBans] neytox sql checked, record: doubleposte by NeyTox to 1501293795
16-08-17 01:44:46 [INFO] [OctoBans] neytox sql checked, record: provocation by NeyTox to 1501293818
16-08-17 01:44:46 [INFO] [OctoBans] neytox sql checked, record: langage by NeyTox to 1501294618
16-08-17 01:44:46 [INFO] [OctoBans] neytox sql checked, record: doubleposte by NeyTox to 1501295519
16-08-17 01:44:46 [INFO] [OctoBans] neytox sql checked, record: langage by NeyTox to 1501458583
16-08-17 01:44:46 [INFO] [OctoBans] neytox sql checked, record: doubleposte by NeyTox to 1501502272
16-08-17 01:44:46 [INFO] [OctoBans] neytox sql checked, record: doubleposte by NeyTox to 1501503278
16-08-17 01:44:46 [INFO] [OctoBans] neytox sql checked, record: doubleposte by NeyTox to 1501504079
16-08-17 01:44:46 [INFO] [OctoBans] neytox sql checked, record: doubleposte by NeyTox to 1501506236
16-08-17 01:44:46 [INFO] [OctoBans] neytox sql checked, record: doubleposte by NeyTox to 1501506265
16-08-17 01:44:46 [INFO] [OctoBans] neytox sql checked, record: doubleposte by NeyTox to 1501506965
16-08-17 01:44:46 [INFO] [OctoBans] neytox sql checked, record: majuscule by NeyTox to 1501506640
16-08-17 01:44:46 [INFO] [OctoBans] neytox sql checked, record: langage by NeyTox to 1501508773
16-08-17 01:44:46 [INFO] [OctoBans] neytox sql checked, record: pubyt by NeyTox to 1501515612
16-08-17 01:44:46 [INFO] [OctoBans] neytox sql checked, record: doubleposte by NeyTox to 1501514908
16-08-17 01:44:46 [INFO] [OctoBans] neytox sql checked, record: doubleposte by NeyTox to 1501514198
16-08-17 01:44:46 [INFO] [OctoBans] neytox sql checked, record: langage by NeyTox to 1501513725
16-08-17 01:44:46 [INFO] [OctoBans] neytox sql checked, record: doubleposte by NeyTox to 1501514090
16-08-17 01:44:46 [INFO] [OctoBans] neytox sql checked, record: insultegrave by NeyTox to 1501552805
16-08-17 01:44:46 [INFO] [OctoBans] neytox sql checked, record: doubleposte by NeyTox to 1501520129
16-08-17 01:44:46 [INFO] [OctoBans] neytox sql checked, record: spam by NeyTox to 1501525156
16-08-17 01:44:46 [INFO] [OctoBans] neytox sql checked, record: insultegrave by NeyTox to 1501593727
16-08-17 01:44:46 [INFO] [OctoBans] neytox sql checked, record: majuscule by NeyTox to 1501522350
16-08-17 01:44:46 [INFO] [OctoBans] neytox sql checked, record: doubleposte by NeyTox to 1501523437
16-08-17 01:44:46 [INFO] [OctoBans] neytox sql checked, record: doubleposte by NeyTox to 1501527823
16-08-17 01:44:46 [INFO] [OctoBans] neytox sql checked, record: majuscule by NeyTox to 1501527119
16-08-17 01:44:46 [INFO] [OctoBans] neytox sql checked, record: doubleposte by NeyTox to 1501530727
16-08-17 01:44:46 [INFO] [OctoBans] neytox sql checked, record: majuscule by NeyTox to 1501528871
16-08-17 01:44:46 [INFO] [OctoBans] neytox sql checked, record: insultestaff by NeyTox to 1501602622
16-08-17 01:44:46 [INFO] [OctoBans] neytox sql checked, record: majuscule by NeyTox to 1501531241
16-08-17 01:44:46 [INFO] [OctoBans] neytox sql checked, record: incitationflood by NeyTox to 1501877275
16-08-17 01:44:46 [INFO] [OctoBans] neytox sql checked, record: doubleposte by NeyTox to 1501537177
16-08-17 01:44:46 [INFO] [OctoBans] neytox sql checked, record: doubleposte by NeyTox to 1501536081
16-08-17 01:44:46 [INFO] [OctoBans] neytox sql checked, record: spam by NeyTox to 1501538329
16-08-17 01:44:46 [INFO] [OctoBans] neytox sql checked, record: langage by NeyTox to 1501535376
16-08-17 01:44:46 [INFO] [OctoBans] neytox sql checked, record: langage by NeyTox to 1501536697
16-08-17 01:44:46 [INFO] [OctoBans] neytox sql checked, record: doubleposte by NeyTox to 1501536157
16-08-17 01:44:46 [INFO] [OctoBans] neytox sql checked, record: spam by NeyTox to 1501539477
16-08-17 01:44:46 [INFO] [OctoBans] neytox sql checked, record: doubleposte by NeyTox to 1501538094
16-08-17 01:44:46 [INFO] [OctoBans] neytox sql checked, record: insultestaff by NeyTox to 1501573357
16-08-17 01:44:46 [INFO] [OctoBans] neytox sql checked, record: majuscule by NeyTox to 1501559244
16-08-17 01:44:46 [INFO] [OctoBans] neytox sql checked, record: majuscule by NeyTox to 1501626220
16-08-17 01:44:46 [INFO] [OctoBans] neytox sql checked, record: doubleposte by NeyTox to 1501628999
16-08-17 01:44:46 [INFO] [OctoBans] neytox sql checked, record: majuscule by NeyTox to 1501629323
16-08-17 01:44:46 [INFO] [OctoBans] neytox sql checked, record: doubleposte by NeyTox to 1501629947
16-08-17 01:44:46 [INFO] [OctoBans] neytox sql checked, record: spam by NeyTox to 1501885040
16-08-17 01:44:46 [INFO] [OctoBans] neytox sql checked, record: majuscule by NeyTox to 1501850382
16-08-17 01:44:46 [INFO] [OctoBans] neytox sql checked, record: spam by NeyTox to 1502068276
16-08-17 01:44:46 [INFO] [OctoBans] neytox sql checked, record: doubleposte by NeyTox to 1502545300
16-08-17 01:44:46 [INFO] [OctoBans] neytox sql checked, record: spam by NeyTox to 1502547771
16-08-17 01:44:46 [INFO] [OctoBans] neytox sql checked, record: insultegrave by NeyTox to 1502580203
16-08-17 01:44:46 [INFO] [OctoBans] neytox sql checked, record: insultestaff by NeyTox to 1502581242
16-08-17 01:44:46 [INFO] [OctoBans] neytox sql checked, record: spam by NeyTox to 1502565421
16-08-17 01:44:46 [INFO] [OctoBans] neytox sql checked, record: doubleposte by NeyTox to 1502567762
16-08-17 01:44:46 [INFO] [OctoBans] neytox sql checked, record: langage by NeyTox to 1502575605
16-08-17 01:44:46 [INFO] [OctoBans] neytox sql checked, record: spam by NeyTox to 1502587547
16-08-17 01:44:46 [INFO] [OctoBans] neytox sql checked, record: langage by NeyTox to 1502582710
16-08-17 01:44:46 [INFO] [OctoBans] neytox sql checked, record: majuscule by NeyTox to 1502595395
16-08-17 01:44:46 [INFO] [OctoBans] neytox sql checked, record: spam by NeyTox to 1502717272
16-08-17 01:44:46 [INFO] [OctoBans] neytox sql checked, record: doubleposte by NeyTox to 1502715527
16-08-17 01:44:46 [INFO] [OctoBans] neytox sql checked, record: majuscule by NeyTox to 1502716144
16-08-17 01:44:46 [INFO] [OctoBans] neytox sql checked, record: spam by NeyTox to 1502719228
16-08-17 01:44:46 [INFO] [OctoBans] neytox sql checked, record: insultegrave by NeyTox to 1502794054
16-08-17 01:44:46 [INFO] [OctoBans] neytox sql checked, record: insultesrv by NeyTox to 1502761134
16-08-17 01:44:46 [INFO] [OctoBans] neytox sql checked, record: pubyt by NeyTox to 1502765612
16-08-17 01:44:46 [INFO] [OctoBans] neytox sql checked, record: majuscule by NeyTox to 1502811945
16-08-17 01:44:46 [INFO] [OctoBans] neytox sql checked, record: doubleposte by NeyTox to 1502811240
16-08-17 01:44:46 [INFO] [OctoBans] neytox sql checked, record: faussesinfos by NeyTox to 1502896170
16-08-17 01:44:46 [INFO] [OctoBans] neytox sql checked, record: langage by NeyTox to 1502816377
16-08-17 01:44:46 [INFO] [OctoBans] neytox sql checked, record: spam by NeyTox to 1502849756
16-08-17 01:44:46 [INFO] [OctoBans] neytox sql checked, record: insulte by NeyTox to 1502827780
16-08-17 01:44:46 [INFO] [OctoBans] neytox sql checked, record: majuscule by NeyTox to 1502831674
16-08-17 01:44:46 [INFO] [OctoBans] neytox sql checked, record: provocation by NeyTox to 1502836079
16-08-17 01:44:46 [INFO] [OctoBans] neytox sql checked, record: provocation by NeyTox to 1502838990
16-08-17 01:44:46 [INFO] [OctoBans] neytox sql checked, record: langage by NeyTox to 1502840321
16-08-17 01:49:28 [INFO] [OctoBans] Wiindows punished inuteuuuh_ for: Majuscule
16-08-17 01:51:17 [INFO] [OctoBans] Wiindows punished alexlegamingytb for: Majuscule
16-08-17 01:53:56 [INFO] [OctoBans] azzymaster punished progameur for: Double Poste
16-08-17 02:15:09 [INFO] [OctoBans] xboymax sql checked, record: spammp by YTB_XxKarnageXx to -1
16-08-17 02:15:09 [INFO] [OctoBans] xboymax sql checked, record: spammp by tinmar to -1
16-08-17 02:15:09 [INFO] [OctoBans] xboymax sql checked, record: kickautre by CreepyEagle to -1
16-08-17 02:15:09 [INFO] [OctoBans] xboymax sql checked, record: spammp by tinmar to -1
16-08-17 02:15:09 [INFO] [OctoBans] xboymax sql checked, record: spammp by YTB_XxKarnageXx to -1
16-08-17 02:29:57 [INFO] [OctoBans] _hello_kitty sql checked, record: spammp by Remil to -1
16-08-17 02:29:57 [INFO] [OctoBans] _hello_kitty sql checked, record: spammp by Remil to -1
16-08-17 02:34:07 [INFO] [OctoBans] NeyTox punished valton2005 for: Spam/flood
16-08-17 02:35:47 [INFO] [OctoBans] NeyTox punished mazeup for: Insulte grave
16-08-17 02:54:10 [INFO] [OctoBans] azzymaster punished jenmidukilleur for: Majuscule
16-08-17 02:57:32 [INFO] [OctoBans] azzymaster punished shawngriff for: Provocation
16-08-17 03:00:30 [INFO] [OctoBans] azzymaster punished brookdu81 for: Double Poste
16-08-17 03:00:50 [INFO] [OctoBans] azzymaster punished lethugdu46 for: Spam/flood
16-08-17 03:07:23 [INFO] [OctoBans] azzymaster punished featz_ for: Insulte grave
16-08-17 03:07:52 [INFO] [OctoBans] Remil punished inuteuuuh_ for: Double Poste
16-08-17 03:09:57 [INFO] [OctoBans] xeloman sql checked, record: spammp by SnowEffect to -1
16-08-17 03:14:01 [INFO] [OctoBans] by_kw3e sql checked, record: kickautre by Antoine57565 to -1
16-08-17 03:14:14 [INFO] [OctoBans] azzymaster punished abdousuryt for: Majuscule
16-08-17 03:24:16 [INFO] [OctoBans] NeyTox punished syoco45 for: Langage incorrect
16-08-17 03:38:01 [INFO] [OctoBans] Wiindows punished xboymax for: Double Poste
16-08-17 03:45:03 [INFO] [OctoBans] sam_ytb sql checked, record: spammp by iPurple_ to -1
16-08-17 03:45:03 [INFO] [OctoBans] sam_ytb sql checked, record: spammp by drbrine to -1
16-08-17 03:45:03 [INFO] [OctoBans] sam_ytb sql checked, record: spammp by TheBrioche13 to -1
16-08-17 04:36:48 [INFO] [OctoBans] azzymaster punished legend for: Langage incorrect
16-08-17 04:59:53 [INFO] [OctoBans] walterwhite sql checked, record: spammp by SuperJojo to -1
16-08-17 04:59:53 [INFO] [OctoBans] walterwhite sql checked, record: spammp by PseudoNul to -1
16-08-17 05:02:24 [INFO] [OctoBans] azzymaster punished blackstars301 for: Double Poste
16-08-17 05:06:50 [INFO] [OctoBans] thomasdu29200 sql checked, record: spammp by iPurple_ to -1
16-08-17 05:06:50 [INFO] [OctoBans] thomasdu29200 sql checked, record: spammp by iPurple_ to -1
16-08-17 05:36:32 [INFO] [OctoBans] dylandu94 sql checked, record: spammp by iPurple_ to -1
16-08-17 05:36:32 [INFO] [OctoBans] dylandu94 sql checked, record: spammp by iPurple_ to -1
16-08-17 05:36:32 [INFO] [OctoBans] dylandu94 sql checked, record: spammp by Anzerti to -1
16-08-17 05:36:32 [INFO] [OctoBans] dylandu94 sql checked, record: spammp by YTB_XxKarnageXx to -1
16-08-17 05:36:32 [INFO] [OctoBans] dylandu94 sql checked, record: multicompte by Forway to -1
16-08-17 05:39:30 [INFO] [OctoBans] mixou2007 sql checked, record: spammp by Remil to -1
16-08-17 05:39:30 [INFO] [OctoBans] mixou2007 sql checked, record: spammp by Remil to -1
16-08-17 05:39:30 [INFO] [OctoBans] mixou2007 sql checked, record: spammp by drbrine to -1
16-08-17 05:56:51 [INFO] [OctoBans] YTB_XxKarnageXx punished leo59510 for: Spam/flood
16-08-17 06:01:02 [INFO] [OctoBans] Disabling OctoBans v1.0
