03-10-17 22:31:42 [INFO] [OctoBans] File Handler successfully initialized!
03-10-17 22:31:42 [INFO] [OctoBans] SQL connection successfully etablished
03-10-17 22:31:42 [INFO] [OctoBans] Moderator Tools by Octonia.
03-10-17 22:31:50 [INFO] [OctoBans] karlwill sql checked, record: spammp by Remil to -1
03-10-17 22:31:50 [INFO] [OctoBans] karlwill sql checked, record: spammp by YTB_XxKarnageXx to -1
03-10-17 22:31:50 [INFO] [OctoBans] natan sql checked, record: spammp by Remil to -1
03-10-17 22:31:50 [INFO] [OctoBans] whitstar sql checked, record: spammp by Remil to -1
03-10-17 22:36:16 [INFO] [OctoBans] gameur827 sql checked, record: insultegrave by ViRoCl to 1507208584
03-10-17 22:38:29 [INFO] [OctoBans] vagosts sql checked, record: insultegrave by NeyTox to 1507116396
03-10-17 22:38:55 [INFO] [OctoBans] superb3b3 sql checked, record: spammp by Remil to -1
03-10-17 22:38:55 [INFO] [OctoBans] superb3b3 sql checked, record: spammp by Remil to -1
03-10-17 22:44:35 [INFO] [OctoBans] moudir sql checked, record: insultegrave by ViRoCl to 1507090257
03-10-17 22:50:27 [INFO] [OctoBans] ViRoCl punished superb3b3 for: Double Poste
03-10-17 22:50:33 [INFO] [OctoBans] ViRoCl punished papyvenger for: Insulte grave
03-10-17 22:52:09 [INFO] [OctoBans] ViRoCl punished azeedarkay for: Double Poste
03-10-17 22:53:16 [INFO] [OctoBans] ViRoCl punished karlwill for: Provocation
03-10-17 23:12:42 [INFO] [OctoBans] igoryt sql checked, record: incitationflood by ViRoCl to 1507141212
03-10-17 23:14:19 [INFO] [OctoBans] ViRoCl punished red_sheep for: Double Poste
04-10-17 00:21:26 [INFO] [OctoBans] ededed91 sql checked, record: spammp by SkyKosIV to -1
04-10-17 00:21:26 [INFO] [OctoBans] ededed91 sql checked, record: spammp by Remil to -1
04-10-17 01:08:02 [INFO] [OctoBans] ViRoCl punished gold_lorenzo for: Langage incorrect
04-10-17 01:21:06 [INFO] [OctoBans] ViRoCl punished shadow38 for: Majuscule
04-10-17 01:31:12 [INFO] [OctoBans] denis018 sql checked, record: spammp by Remil to -1
04-10-17 01:37:10 [INFO] [OctoBans] ViRoCl punished masterfoot for: Majuscule
04-10-17 01:39:28 [INFO] [OctoBans] ViRoCl punished ededed91 for: Double Poste
04-10-17 01:40:05 [INFO] [OctoBans] ViRoCl punished ededed81 for: Spam/flood
04-10-17 01:50:17 [INFO] [OctoBans] ViRoCl punished fertus for: Homophobie
04-10-17 01:58:23 [INFO] [OctoBans] ViRoCl punished fertus for: Insulte grave
04-10-17 02:02:15 [INFO] [OctoBans] ViRoCl punished gameur827 for: Insulte grave
04-10-17 06:01:01 [INFO] [OctoBans] Disabling OctoBans v1.0
