28-05-17 22:31:42 [INFO] [OctoBans] File Handler successfully initialized!
28-05-17 22:31:43 [INFO] [OctoBans] SQL connection successfully etablished
28-05-17 22:31:43 [INFO] [OctoBans] Moderator Tools by Octonia.
28-05-17 22:31:47 [INFO] [OctoBans] craziix_eu sql checked, record: spammp by Remil to -1
28-05-17 22:31:47 [INFO] [OctoBans] superjojo sql checked, record: spammp by SkyKosIV to -1
28-05-17 22:31:47 [INFO] [OctoBans] sportek_ sql checked, record: spammp by SkyKosIV to -1
28-05-17 22:31:47 [INFO] [OctoBans] acos79 sql checked, record: spammp by YTB_XxKarnageXx to -1
28-05-17 22:31:47 [INFO] [OctoBans] surprises sql checked, record: faussesinfos by Antoine57565 to 1496063695
28-05-17 22:31:47 [INFO] [OctoBans] surprises sql checked, record: faussesinfos by Theo97 to 1496163327
28-05-17 22:31:47 [INFO] [OctoBans] flagueingame sql checked, record: insultestaff by Forway to 1496015312
28-05-17 22:31:47 [INFO] [OctoBans] liltossman41 sql checked, record: spammp by Remil to -1
28-05-17 22:31:51 [INFO] [OctoBans] weezy sql checked, record: kickautre by Steph078 to -1
28-05-17 22:31:52 [INFO] [OctoBans] insight sql checked, record: langage by PseudoNul to 1496004639
28-05-17 22:32:13 [INFO] [OctoBans] weedability sql checked, record: insultegrave by SnowEffect to 1496029949
28-05-17 22:32:23 [INFO] [OctoBans] romlcm89 sql checked, record: insultestaff by Forway to 1496028874
28-05-17 22:32:27 [INFO] [OctoBans] _hello_kitty sql checked, record: spammp by Steph078 to -1
28-05-17 22:32:39 [INFO] [OctoBans] _supreme_gamer_ sql checked, record: spam by Forway to 1496003693
28-05-17 22:33:12 [INFO] [OctoBans] twin_locker sql checked, record: incitationflood by YTB_XxKarnageXx to 1496067932
28-05-17 22:34:10 [INFO] [OctoBans] walterwhite sql checked, record: insultestaff by Forway to 1496030055
28-05-17 22:34:37 [INFO] [OctoBans] erinoxlx sql checked, record: kickautre by Steph078 to -1
28-05-17 22:37:49 [INFO] [OctoBans] Remil punished theo_pveur for: Insulte staff
28-05-17 22:38:09 [INFO] [OctoBans] Remil punished kvinzo for: Double Poste
28-05-17 22:38:37 [INFO] [OctoBans] Remil punished theo_pveur for: Insulte staff
28-05-17 22:40:15 [INFO] [OctoBans] SuperJojo punished itz_smokew33d for: Double Poste
28-05-17 22:40:59 [INFO] [OctoBans] singe_de_telfort sql checked, record: incitationflood by PseudoNul to 1496058159
28-05-17 22:42:15 [INFO] [OctoBans] Remil punished theo_pveur for: Insulte staff
28-05-17 22:42:39 [INFO] [OctoBans] Remil punished theo_pveur for: Insulte staff
28-05-17 22:44:57 [INFO] [OctoBans] SuperJojo punished froozen for: Langage incorrect
28-05-17 22:46:37 [INFO] [OctoBans] matthew14 sql checked, record: incitationflood by Theo97 to 1496058077
28-05-17 22:47:46 [INFO] [OctoBans] SuperJojo punished tryfield69 for: Double Poste
28-05-17 22:48:06 [INFO] [OctoBans] SuperJojo punished tryfield69 for: Spam/flood
28-05-17 22:49:48 [INFO] [OctoBans] samybg sql checked, record: spammp by Remil to -1
28-05-17 22:52:24 [INFO] [OctoBans] PseudoNul punished serge58 for: Double Poste
28-05-17 22:52:24 [INFO] [OctoBans] SuperJojo punished weezy for: Double Poste
28-05-17 22:54:33 [INFO] [OctoBans] SuperJojo punished mgk_tozzzz for: Majuscule
28-05-17 22:55:34 [INFO] [OctoBans] PseudoNul punished kowwar for: Double Poste
28-05-17 23:03:47 [INFO] [OctoBans] PseudoNul punished froozen for: Publicité Youtubeur
28-05-17 23:09:44 [INFO] [OctoBans] gamix_yt sql checked, record: insultegrave by SnowEffect to 1496031889
28-05-17 23:09:44 [INFO] [OctoBans] gamix_yt sql checked, record: insultegrave by SnowEffect to 1496067910
28-05-17 23:13:22 [INFO] [OctoBans] PseudoNul punished dath_nuke for: Double Poste
28-05-17 23:15:47 [INFO] [OctoBans] kanekiiiii sql checked, record: kickautre by Steph078 to -1
28-05-17 23:15:47 [INFO] [OctoBans] kanekiiiii sql checked, record: spammp by Remil to -1
28-05-17 23:15:47 [INFO] [OctoBans] kanekiiiii sql checked, record: spammp by Remil to -1
28-05-17 23:15:48 [INFO] [OctoBans] PseudoNul punished sombre45 for: Double Poste
28-05-17 23:18:22 [INFO] [OctoBans] PseudoNul punished whiskass for: Double Poste
28-05-17 23:21:52 [INFO] [OctoBans] PseudoNul punished strikewail for: Insulte staff
28-05-17 23:27:38 [INFO] [OctoBans] PseudoNul punished mire for: Langage incorrect
28-05-17 23:31:48 [INFO] [OctoBans] ZerKup punished cocacola62 for: Langage incorrect
28-05-17 23:37:55 [INFO] [OctoBans] SkyKosIV punished gamix_yt for: Spam/flood en MP
28-05-17 23:40:13 [INFO] [OctoBans] PseudoNul punished theo77176 for: Majuscule
28-05-17 23:40:23 [INFO] [OctoBans] PseudoNul punished theodore for: Majuscule
28-05-17 23:42:20 [INFO] [OctoBans] Remil punished mire for: Provocation
28-05-17 23:46:07 [INFO] [OctoBans] ziskos_gaming sql checked, record: insultestaff by PseudoNul to 1496037364
28-05-17 23:47:34 [INFO] [OctoBans] ZerKup punished bubblegom for: TpKill
28-05-17 23:55:24 [INFO] [OctoBans] SkyKosIV punished cro_noss for: Double Poste
28-05-17 23:59:05 [INFO] [OctoBans] Steph078 punished fireprod for: Double Poste
29-05-17 00:02:09 [INFO] [OctoBans] SkyKosIV punished amg for: Spam/flood en MP
29-05-17 00:02:32 [INFO] [OctoBans] SkyKosIV punished cocacola62 for: Insulte staff
29-05-17 00:03:51 [INFO] [OctoBans] hakimos66 sql checked, record: menacehack by SkyKosIV to 1496182689
29-05-17 00:03:51 [INFO] [OctoBans] hakimos66 sql checked, record: menacehack by SkyKosIV to 1496441963
29-05-17 00:08:55 [INFO] [OctoBans] Remil punished cro_noss for: Insulte
29-05-17 00:16:09 [INFO] [OctoBans] Remil punished alexisdu59 for: Provocation
29-05-17 00:17:50 [INFO] [OctoBans] azizlapoite sql checked, record: menacehack by Steph078 to 1496136398
29-05-17 00:17:56 [INFO] [OctoBans] Remil punished yolomec33 for: Double Poste
29-05-17 02:38:38 [INFO] [OctoBans] SuperJojo punished weezy for: Majuscule
29-05-17 02:41:41 [INFO] [OctoBans] SuperJojo punished sportek_ for: Provocation
29-05-17 02:47:04 [INFO] [OctoBans] SuperJojo punished grenousse_pvp for: Provocation
29-05-17 02:48:33 [INFO] [OctoBans] SuperJojo punished modzdegtabo3 for: Insulte grave
29-05-17 02:56:38 [INFO] [OctoBans] SuperJojo punished guezmann for: Majuscule
29-05-17 03:07:57 [INFO] [OctoBans] SuperJojo punished dutche for: Double Poste
29-05-17 03:08:24 [INFO] [OctoBans] SuperJojo punished dutche for: Spam/flood
29-05-17 03:10:01 [INFO] [OctoBans] SuperJojo punished kowwar for: Double Poste
29-05-17 03:17:04 [INFO] [OctoBans] SuperJojo punished samybg for: Spam/flood
29-05-17 03:20:29 [INFO] [OctoBans] SuperJojo punished toly_ for: Langage incorrect
29-05-17 03:24:02 [INFO] [OctoBans] SuperJojo punished singe_de_telfort for: Spam/flood en MP
29-05-17 03:24:09 [INFO] [OctoBans] SuperJojo punished ray54 for: Spam/flood en MP
29-05-17 03:24:17 [INFO] [OctoBans] SuperJojo punished xxbossteamxx for: Spam/flood en MP
29-05-17 03:26:34 [INFO] [OctoBans] SuperJojo punished itz_smokew33d for: Spam/flood
29-05-17 03:35:13 [INFO] [OctoBans] SuperJojo punished sam_pvp1996 for: Majuscule
29-05-17 03:45:06 [INFO] [OctoBans] SuperJojo punished kowwar for: Double Poste
29-05-17 03:54:57 [INFO] [OctoBans] SuperJojo punished azway_yt for: Spam/flood
29-05-17 03:55:11 [INFO] [OctoBans] SuperJojo punished skillz420 for: Provocation
29-05-17 03:57:37 [INFO] [OctoBans] SuperJojo punished erinoxlx for: Majuscule
29-05-17 04:00:17 [INFO] [OctoBans] SuperJojo punished ghalinoussi for: Double Poste
29-05-17 04:19:01 [INFO] [OctoBans] SuperJojo punished neeskof for: Insulte
29-05-17 04:54:23 [INFO] [OctoBans] SuperJojo punished weezy for: Majuscule
29-05-17 06:01:01 [INFO] [OctoBans] Disabling OctoBans v1.0
