14-08-17 22:31:42 [INFO] [OctoBans] File Handler successfully initialized!
14-08-17 22:31:42 [INFO] [OctoBans] SQL connection successfully etablished
14-08-17 22:31:42 [INFO] [OctoBans] Moderator Tools by Octonia.
14-08-17 22:31:48 [INFO] [OctoBans] mashinva sql checked, record: insultegrave by zlKayzen to 1502745201
14-08-17 22:31:48 [INFO] [OctoBans] rayz_burn sql checked, record: spammp by Remil to -1
14-08-17 22:31:48 [INFO] [OctoBans] wiindows sql checked, record: floodmp by Forway to -1
14-08-17 22:31:48 [INFO] [OctoBans] wiindows sql checked, record: spammp by Remil to -1
14-08-17 22:31:48 [INFO] [OctoBans] ishaadow_ sql checked, record: spammp by SmooKeur to -1
14-08-17 22:31:48 [INFO] [OctoBans] ishaadow_ sql checked, record: spammp by Remil to -1
14-08-17 22:31:48 [INFO] [OctoBans] _hello_kitty sql checked, record: spammp by Remil to -1
14-08-17 22:31:48 [INFO] [OctoBans] _hello_kitty sql checked, record: spammp by Remil to -1
14-08-17 22:31:48 [INFO] [OctoBans] jasoxx sql checked, record: spammp by iPurple_ to -1
14-08-17 22:31:48 [INFO] [OctoBans] jasoxx sql checked, record: spammp by drbrine to -1
14-08-17 22:31:48 [INFO] [OctoBans] jasoxx sql checked, record: spammp by drbrine to -1
14-08-17 22:31:48 [INFO] [OctoBans] jasoxx sql checked, record: spammp by drbrine to -1
14-08-17 22:31:48 [INFO] [OctoBans] sosodidi sql checked, record: spam by JustMySkill to 1502754458
14-08-17 22:31:48 [INFO] [OctoBans] shouteur sql checked, record: spammp by Remil to -1
14-08-17 22:31:48 [INFO] [OctoBans] shouteur sql checked, record: spammp by Remil to -1
14-08-17 22:31:49 [INFO] [OctoBans] pandazzz sql checked, record: spammp by Remil to -1
14-08-17 22:32:01 [INFO] [OctoBans] x4gaming sql checked, record: doubleposte by SmooKeur to 1502742955
14-08-17 22:32:02 [INFO] [OctoBans] xxrandomxx sql checked, record: spammp by SmooKeur to -1
14-08-17 22:32:05 [INFO] [OctoBans] instateproofy sql checked, record: spammp by Remil to -1
14-08-17 22:32:05 [INFO] [OctoBans] instateproofy sql checked, record: spammp by Remil to -1
14-08-17 22:32:07 [INFO] [OctoBans] minecanis sql checked, record: spammp by Remil to -1
14-08-17 22:32:10 [INFO] [OctoBans] dylan433 sql checked, record: spammp by PseudoNul to -1
14-08-17 22:32:10 [INFO] [OctoBans] dylan433 sql checked, record: spammp by Remil to -1
14-08-17 22:32:15 [INFO] [OctoBans] elene88000 sql checked, record: spammp by Remil to -1
14-08-17 22:32:15 [INFO] [OctoBans] elene88000 sql checked, record: flood by JustMySkill to 1502743390
14-08-17 22:32:20 [INFO] [OctoBans] azertuip sql checked, record: spammp by Remil to -1
14-08-17 22:32:31 [INFO] [OctoBans] ew3l sql checked, record: spammp by tinmar to -1
14-08-17 22:32:33 [INFO] [OctoBans] pioupiou2002 sql checked, record: doubleposte by Shainko to 1502743934
14-08-17 22:32:40 [INFO] [OctoBans] idreyzen sql checked, record: spammp by Remil to -1
14-08-17 22:32:51 [INFO] [OctoBans] fire_craft sql checked, record: spam by YTB_XxKarnageXx to 1502777078
14-08-17 22:32:51 [INFO] [OctoBans] fire_craft sql checked, record: insultegrave by JustMySkill to 1502861206
14-08-17 22:32:51 [INFO] [OctoBans] fire_craft sql checked, record: spam by JustMySkill to 1502801293
14-08-17 22:32:58 [INFO] [OctoBans] nicerush sql checked, record: faussesinfos by ChronoEthernal to 1502749678
14-08-17 22:32:58 [INFO] [OctoBans] nicerush sql checked, record: insultegrave by JustMySkill to 1502897592
14-08-17 22:33:10 [INFO] [OctoBans] yolodu13 sql checked, record: insultegrave by zlKayzen to 1502944616
14-08-17 22:33:29 [INFO] [OctoBans] zozodu14 sql checked, record: spammp by Remil to -1
14-08-17 22:34:09 [INFO] [OctoBans] progameur sql checked, record: spammp by tinmar to -1
14-08-17 22:34:21 [INFO] [OctoBans] featz_ sql checked, record: insultestaff by zlKayzen to 1502765188
14-08-17 22:34:56 [INFO] [OctoBans] bananamat1 sql checked, record: faussesinfos by Forway to 1502807958
14-08-17 22:34:56 [INFO] [OctoBans] bananamat1 sql checked, record: spammp by Remil to -1
14-08-17 22:35:20 [INFO] [OctoBans] JustMySkill punished keke91270 for: Publicité Youtubeur
14-08-17 22:35:56 [INFO] [OctoBans] noirafricain sql checked, record: spam by JustMySkill to 1502748033
14-08-17 22:36:29 [INFO] [OctoBans] trickdu13 sql checked, record: insultegrave by JustMySkill to 1502835513
14-08-17 22:36:29 [INFO] [OctoBans] trickdu13 sql checked, record: insultestaff by woimant to 1502765158
14-08-17 22:37:05 [INFO] [OctoBans] chronoethernal sql checked, record: spammp by Remil to -1
14-08-17 22:38:32 [INFO] [OctoBans] listoxx sql checked, record: spammp by SnowEffect to -1
14-08-17 22:38:52 [INFO] [OctoBans] supernoah sql checked, record: tpkill by Remil to 1502744702
14-08-17 22:38:54 [INFO] [OctoBans] NeyTox punished wysk4r for: Insulte serveur
14-08-17 22:39:29 [INFO] [OctoBans] sacha33340 sql checked, record: spammp by ZerKup to -1
14-08-17 22:39:29 [INFO] [OctoBans] sacha33340 sql checked, record: spammp by Remil to -1
14-08-17 22:39:29 [INFO] [OctoBans] sacha33340 sql checked, record: spammp by Remil to -1
14-08-17 22:39:54 [INFO] [OctoBans] mrkebab sql checked, record: spammp by SuperJojo to -1
14-08-17 22:39:54 [INFO] [OctoBans] mrkebab sql checked, record: spammp by SuperJojo to -1
14-08-17 22:39:54 [INFO] [OctoBans] mrkebab sql checked, record: spammp by Remil to -1
14-08-17 22:39:54 [INFO] [OctoBans] mrkebab sql checked, record: spammp by Remil to -1
14-08-17 22:41:42 [INFO] [OctoBans] logamer sql checked, record: floodmp by Forway to -1
14-08-17 22:41:42 [INFO] [OctoBans] logamer sql checked, record: spammp by iPurple_ to -1
14-08-17 22:41:42 [INFO] [OctoBans] logamer sql checked, record: spammp by YTB_XxKarnageXx to -1
14-08-17 22:41:57 [INFO] [OctoBans] Wiindows punished spyroze_online for: Majuscule
14-08-17 22:42:31 [INFO] [OctoBans] riyane6122 sql checked, record: spammp by SkyKosIV to -1
14-08-17 22:43:15 [INFO] [OctoBans] kille sql checked, record: spammp by Remil to -1
14-08-17 22:43:15 [INFO] [OctoBans] kille sql checked, record: spammp by SkyKosIV to -1
14-08-17 22:43:15 [INFO] [OctoBans] kille sql checked, record: insultegrave by Forway to 1502758536
14-08-17 22:43:53 [INFO] [OctoBans] JustMySkill punished neoxgaming for: Double Poste
14-08-17 22:45:39 [INFO] [OctoBans] JustMySkill punished legend for: Provocation
14-08-17 22:45:53 [INFO] [OctoBans] wize_ sql checked, record: spammp by TheBrioche13 to -1
14-08-17 22:45:53 [INFO] [OctoBans] wize_ sql checked, record: spammp by Remil to -1
14-08-17 22:45:55 [INFO] [OctoBans] mindex45 sql checked, record: spammp by SnowEffect to -1
14-08-17 22:45:55 [INFO] [OctoBans] mindex45 sql checked, record: kickautre by NeosiaNexus to -1
14-08-17 22:47:57 [INFO] [OctoBans] by_fly sql checked, record: spammp by NeosiaNexus to -1
14-08-17 22:49:07 [INFO] [OctoBans] widglitcher_yt sql checked, record: spammp by Remil to -1
14-08-17 22:49:07 [INFO] [OctoBans] widglitcher_yt sql checked, record: spammp by tinmar to -1
14-08-17 22:49:07 [INFO] [OctoBans] widglitcher_yt sql checked, record: floodmp by Forway to -1
14-08-17 22:49:07 [INFO] [OctoBans] widglitcher_yt sql checked, record: incitationflood by Forway to 1502799792
14-08-17 22:49:08 [INFO] [OctoBans] Remil punished le_clodov2 for: Spam/flood
14-08-17 22:49:22 [INFO] [OctoBans] Remil punished by_fly for: Provocation
14-08-17 22:54:09 [INFO] [OctoBans] blc_frr_pvp sql checked, record: provocation by _Hello_Kitty to 1502746043
14-08-17 22:54:28 [INFO] [OctoBans] Remil punished neoxgaming for: Spam/flood en MP
14-08-17 22:55:03 [INFO] [OctoBans] _Hello_Kitty punished akizumisama for: Double Poste
14-08-17 22:56:08 [INFO] [OctoBans] SmooKeur punished the_big_men for: Double Poste
14-08-17 22:56:46 [INFO] [OctoBans] biguiboss31 sql checked, record: spammp by PseudoNul to -1
14-08-17 22:56:46 [INFO] [OctoBans] biguiboss31 sql checked, record: spammp by Remil to -1
14-08-17 22:57:11 [INFO] [OctoBans] akowi sql checked, record: spammp by SkyKosIV to -1
14-08-17 22:58:16 [INFO] [OctoBans] SmooKeur punished univerzkerror for: Double Poste
14-08-17 22:59:17 [INFO] [OctoBans] ChronoEthernal punished trickdu13 for: Langage incorrect
14-08-17 22:59:51 [INFO] [OctoBans] SmooKeur punished alex1320 for: Double Poste
14-08-17 23:00:12 [INFO] [OctoBans] d3adorsnipsurytb sql checked, record: spammp by Remil to -1
14-08-17 23:02:46 [INFO] [OctoBans] SmooKeur punished rayzxx for: Insulte serveur
14-08-17 23:03:12 [INFO] [OctoBans] SmooKeur punished rayzxx for: Spam/flood
14-08-17 23:03:27 [INFO] [OctoBans] SmooKeur punished kriss71 for: Provocation
14-08-17 23:03:32 [INFO] [OctoBans] smookeur sql checked, record: doubleposte by SmooKeur to 1500322753
14-08-17 23:03:32 [INFO] [OctoBans] smookeur sql checked, record: doubleposte by SmooKeur to 1500322962
14-08-17 23:03:32 [INFO] [OctoBans] smookeur sql checked, record: doubleposte by SmooKeur to 1500325520
14-08-17 23:03:32 [INFO] [OctoBans] smookeur sql checked, record: doubleposte by SmooKeur to 1500326258
14-08-17 23:03:32 [INFO] [OctoBans] smookeur sql checked, record: doubleposte by SmooKeur to 1500376459
14-08-17 23:03:32 [INFO] [OctoBans] smookeur sql checked, record: provocation by SmooKeur to 1500376647
14-08-17 23:03:32 [INFO] [OctoBans] smookeur sql checked, record: doubleposte by SmooKeur to 1500377121
14-08-17 23:03:32 [INFO] [OctoBans] smookeur sql checked, record: doubleposte by SmooKeur to 1500378251
14-08-17 23:03:32 [INFO] [OctoBans] smookeur sql checked, record: doubleposte by SmooKeur to 1500379068
14-08-17 23:03:32 [INFO] [OctoBans] smookeur sql checked, record: spam by SmooKeur to 1500388691
14-08-17 23:03:32 [INFO] [OctoBans] smookeur sql checked, record: doubleposte by SmooKeur to 1500379768
14-08-17 23:03:32 [INFO] [OctoBans] smookeur sql checked, record: doubleposte by SmooKeur to 1500552668
14-08-17 23:03:32 [INFO] [OctoBans] smookeur sql checked, record: spam by SmooKeur to 1500556067
14-08-17 23:03:32 [INFO] [OctoBans] smookeur sql checked, record: incitationflood by SmooKeur to 1500725306
14-08-17 23:03:32 [INFO] [OctoBans] smookeur sql checked, record: doubleposte by SmooKeur to 1500554379
14-08-17 23:03:32 [INFO] [OctoBans] smookeur sql checked, record: doubleposte by SmooKeur to 1500554431
14-08-17 23:03:32 [INFO] [OctoBans] smookeur sql checked, record: doubleposte by SmooKeur to 1500554752
14-08-17 23:03:32 [INFO] [OctoBans] smookeur sql checked, record: majuscule by SmooKeur to 1500554852
14-08-17 23:03:32 [INFO] [OctoBans] smookeur sql checked, record: pubyt by SmooKeur to 1500557895
14-08-17 23:03:32 [INFO] [OctoBans] smookeur sql checked, record: doubleposte by SmooKeur to 1500555832
14-08-17 23:03:32 [INFO] [OctoBans] smookeur sql checked, record: doubleposte by SmooKeur to 1500559135
14-08-17 23:03:32 [INFO] [OctoBans] smookeur sql checked, record: doubleposte by SmooKeur to 1500563047
14-08-17 23:03:32 [INFO] [OctoBans] smookeur sql checked, record: doubleposte by SmooKeur to 1500558135
14-08-17 23:03:32 [INFO] [OctoBans] smookeur sql checked, record: langage by SmooKeur to 1500561245
14-08-17 23:03:32 [INFO] [OctoBans] smookeur sql checked, record: doubleposte by SmooKeur to 1500563828
14-08-17 23:03:32 [INFO] [OctoBans] smookeur sql checked, record: faussesinfos by SmooKeur to 1500652136
14-08-17 23:03:32 [INFO] [OctoBans] smookeur sql checked, record: doubleposte by SmooKeur to 1500575018
14-08-17 23:03:32 [INFO] [OctoBans] smookeur sql checked, record: faussesinfos by SmooKeur to 1500660651
14-08-17 23:03:32 [INFO] [OctoBans] smookeur sql checked, record: doubleposte by SmooKeur to 1500726332
14-08-17 23:03:32 [INFO] [OctoBans] smookeur sql checked, record: faussesinfos by SmooKeur to 1500811000
14-08-17 23:03:32 [INFO] [OctoBans] smookeur sql checked, record: doubleposte by SmooKeur to 1500729610
14-08-17 23:03:32 [INFO] [OctoBans] smookeur sql checked, record: insulte by SmooKeur to 1500730611
14-08-17 23:03:32 [INFO] [OctoBans] smookeur sql checked, record: doubleposte by SmooKeur to 1500727177
14-08-17 23:03:32 [INFO] [OctoBans] smookeur sql checked, record: faussesinfos by SmooKeur to 1500812198
14-08-17 23:03:32 [INFO] [OctoBans] smookeur sql checked, record: doubleposte by SmooKeur to 1500728164
14-08-17 23:03:32 [INFO] [OctoBans] smookeur sql checked, record: spammp by SmooKeur to -1
14-08-17 23:03:32 [INFO] [OctoBans] smookeur sql checked, record: doubleposte by SmooKeur to 1500727535
14-08-17 23:03:32 [INFO] [OctoBans] smookeur sql checked, record: doubleposte by SmooKeur to 1500729624
14-08-17 23:03:32 [INFO] [OctoBans] smookeur sql checked, record: doubleposte by SmooKeur to 1500729030
14-08-17 23:03:32 [INFO] [OctoBans] smookeur sql checked, record: langage by SmooKeur to 1500728653
14-08-17 23:03:32 [INFO] [OctoBans] smookeur sql checked, record: doubleposte by SmooKeur to 1500728637
14-08-17 23:03:32 [INFO] [OctoBans] smookeur sql checked, record: spam by SmooKeur to 1500743785
14-08-17 23:03:32 [INFO] [OctoBans] smookeur sql checked, record: doubleposte by SmooKeur to 1500743747
14-08-17 23:03:32 [INFO] [OctoBans] smookeur sql checked, record: doubleposte by SmooKeur to 1500745544
14-08-17 23:03:32 [INFO] [OctoBans] smookeur sql checked, record: spam by SmooKeur to 1500761971
14-08-17 23:03:32 [INFO] [OctoBans] smookeur sql checked, record: pubyt by SmooKeur to 1500747727
14-08-17 23:03:32 [INFO] [OctoBans] smookeur sql checked, record: insulte by SmooKeur to 1500747988
14-08-17 23:03:32 [INFO] [OctoBans] smookeur sql checked, record: doubleposte by SmooKeur to 1500905841
14-08-17 23:03:32 [INFO] [OctoBans] smookeur sql checked, record: majuscule by SmooKeur to 1500914862
14-08-17 23:03:32 [INFO] [OctoBans] smookeur sql checked, record: spam by SmooKeur to 1500921550
14-08-17 23:03:32 [INFO] [OctoBans] smookeur sql checked, record: doubleposte by SmooKeur to 1500914988
14-08-17 23:03:32 [INFO] [OctoBans] smookeur sql checked, record: doubleposte by SmooKeur to 1500915325
14-08-17 23:03:32 [INFO] [OctoBans] smookeur sql checked, record: majuscule by SmooKeur to 1500915996
14-08-17 23:03:32 [INFO] [OctoBans] smookeur sql checked, record: doubleposte by SmooKeur to 1500916390
14-08-17 23:03:32 [INFO] [OctoBans] smookeur sql checked, record: insulte by SmooKeur to 1500917941
14-08-17 23:03:32 [INFO] [OctoBans] smookeur sql checked, record: doubleposte by SmooKeur to 1500917744
14-08-17 23:03:32 [INFO] [OctoBans] smookeur sql checked, record: insultegrave by SmooKeur to 1500987428
14-08-17 23:03:32 [INFO] [OctoBans] smookeur sql checked, record: insultegrave by SmooKeur to 1500987484
14-08-17 23:03:32 [INFO] [OctoBans] smookeur sql checked, record: doubleposte by SmooKeur to 1500916442
14-08-17 23:03:32 [INFO] [OctoBans] smookeur sql checked, record: doubleposte by SmooKeur to 1500918904
14-08-17 23:03:32 [INFO] [OctoBans] smookeur sql checked, record: langage by SmooKeur to 1500918616
14-08-17 23:03:32 [INFO] [OctoBans] smookeur sql checked, record: doubleposte by SmooKeur to 1500916822
14-08-17 23:03:32 [INFO] [OctoBans] smookeur sql checked, record: spamfopen by SmooKeur to 1501088972
14-08-17 23:03:32 [INFO] [OctoBans] smookeur sql checked, record: spam by SmooKeur to 1500919784
14-08-17 23:03:32 [INFO] [OctoBans] smookeur sql checked, record: doubleposte by SmooKeur to 1500916501
14-08-17 23:03:32 [INFO] [OctoBans] smookeur sql checked, record: provocation by SmooKeur to 1500919872
14-08-17 23:03:32 [INFO] [OctoBans] smookeur sql checked, record: doubleposte by SmooKeur to 1500917893
14-08-17 23:03:32 [INFO] [OctoBans] smookeur sql checked, record: insultesrv by SmooKeur to 1500952475
14-08-17 23:03:32 [INFO] [OctoBans] smookeur sql checked, record: doubleposte by SmooKeur to 1500919251
14-08-17 23:03:32 [INFO] [OctoBans] smookeur sql checked, record: majuscule by SmooKeur to 1500988654
14-08-17 23:03:32 [INFO] [OctoBans] smookeur sql checked, record: doubleposte by SmooKeur to 1500988358
14-08-17 23:03:32 [INFO] [OctoBans] smookeur sql checked, record: majuscule by SmooKeur to 1500990516
14-08-17 23:03:32 [INFO] [OctoBans] smookeur sql checked, record: doubleposte by SmooKeur to 1500988836
14-08-17 23:03:32 [INFO] [OctoBans] smookeur sql checked, record: provocation by SmooKeur to 1500989900
14-08-17 23:03:32 [INFO] [OctoBans] smookeur sql checked, record: majuscule by SmooKeur to 1500989362
14-08-17 23:03:32 [INFO] [OctoBans] smookeur sql checked, record: doubleposte by SmooKeur to 1500990006
14-08-17 23:03:32 [INFO] [OctoBans] smookeur sql checked, record: doubleposte by SmooKeur to 1500991111
14-08-17 23:03:32 [INFO] [OctoBans] smookeur sql checked, record: majuscule by SmooKeur to 1500991737
14-08-17 23:03:32 [INFO] [OctoBans] smookeur sql checked, record: provocation by SmooKeur to 1500990444
14-08-17 23:03:32 [INFO] [OctoBans] smookeur sql checked, record: majuscule by SmooKeur to 1501003137
14-08-17 23:03:32 [INFO] [OctoBans] smookeur sql checked, record: doubleposte by SmooKeur to 1500995092
14-08-17 23:03:32 [INFO] [OctoBans] smookeur sql checked, record: insultestaff by SmooKeur to 1501030846
14-08-17 23:03:32 [INFO] [OctoBans] smookeur sql checked, record: provocation by SmooKeur to 1500995501
14-08-17 23:03:32 [INFO] [OctoBans] smookeur sql checked, record: insultestaff by SmooKeur to 1501030951
14-08-17 23:03:32 [INFO] [OctoBans] smookeur sql checked, record: faussesinfos by SmooKeur to 1501081565
14-08-17 23:03:32 [INFO] [OctoBans] smookeur sql checked, record: faussesinfos by SmooKeur to 1501081811
14-08-17 23:03:32 [INFO] [OctoBans] smookeur sql checked, record: doubleposte by SmooKeur to 1500995772
14-08-17 23:03:32 [INFO] [OctoBans] smookeur sql checked, record: doubleposte by SmooKeur to 1500997380
14-08-17 23:03:32 [INFO] [OctoBans] smookeur sql checked, record: doubleposte by SmooKeur to 1500996608
14-08-17 23:03:32 [INFO] [OctoBans] smookeur sql checked, record: insultestaff by SmooKeur to 1501032094
14-08-17 23:03:32 [INFO] [OctoBans] smookeur sql checked, record: doubleposte by SmooKeur to 1500996513
14-08-17 23:03:32 [INFO] [OctoBans] smookeur sql checked, record: majuscule by SmooKeur to 1500998180
14-08-17 23:03:32 [INFO] [OctoBans] smookeur sql checked, record: faussesinfos by SmooKeur to 1501169735
14-08-17 23:03:32 [INFO] [OctoBans] smookeur sql checked, record: provocation by SmooKeur to 1500997241
14-08-17 23:03:32 [INFO] [OctoBans] smookeur sql checked, record: spam by SmooKeur to 1501011410
14-08-17 23:03:32 [INFO] [OctoBans] smookeur sql checked, record: majuscule by SmooKeur to 1500998543
14-08-17 23:03:32 [INFO] [OctoBans] smookeur sql checked, record: majuscule by SmooKeur to 1501003485
14-08-17 23:03:32 [INFO] [OctoBans] smookeur sql checked, record: multicompte by SmooKeur to -1
14-08-17 23:03:32 [INFO] [OctoBans] smookeur sql checked, record: doubleposte by SmooKeur to 1500997937
14-08-17 23:03:32 [INFO] [OctoBans] smookeur sql checked, record: provocation by SmooKeur to 1501162993
14-08-17 23:03:32 [INFO] [OctoBans] smookeur sql checked, record: insulte by SmooKeur to 1501163843
14-08-17 23:03:32 [INFO] [OctoBans] smookeur sql checked, record: majuscule by SmooKeur to 1501168167
14-08-17 23:03:32 [INFO] [OctoBans] smookeur sql checked, record: faussesinfos by SmooKeur to 1501248015
14-08-17 23:03:32 [INFO] [OctoBans] smookeur sql checked, record: insulte by SmooKeur to 1501164634
14-08-17 23:03:32 [INFO] [OctoBans] smookeur sql checked, record: majuscule by SmooKeur to 1501164493
14-08-17 23:03:32 [INFO] [OctoBans] smookeur sql checked, record: spam by SmooKeur to 1501165882
14-08-17 23:03:32 [INFO] [OctoBans] smookeur sql checked, record: majuscule by SmooKeur to 1501164205
14-08-17 23:03:32 [INFO] [OctoBans] smookeur sql checked, record: majuscule by SmooKeur to 1501165086
14-08-17 23:03:32 [INFO] [OctoBans] smookeur sql checked, record: majuscule by SmooKeur to 1501165535
14-08-17 23:03:32 [INFO] [OctoBans] smookeur sql checked, record: spammp by SmooKeur to -1
14-08-17 23:03:32 [INFO] [OctoBans] smookeur sql checked, record: majuscule by SmooKeur to 1501168487
14-08-17 23:03:32 [INFO] [OctoBans] smookeur sql checked, record: doubleposte by SmooKeur to 1501169003
14-08-17 23:03:32 [INFO] [OctoBans] smookeur sql checked, record: majuscule by SmooKeur to 1501170752
14-08-17 23:03:32 [INFO] [OctoBans] smookeur sql checked, record: incitationflood by SmooKeur to 1501256044
14-08-17 23:03:32 [INFO] [OctoBans] smookeur sql checked, record: langage by SmooKeur to 1501170651
14-08-17 23:03:32 [INFO] [OctoBans] smookeur sql checked, record: majuscule by SmooKeur to 1501170672
14-08-17 23:03:32 [INFO] [OctoBans] smookeur sql checked, record: doubleposte by SmooKeur to 1501170808
14-08-17 23:03:32 [INFO] [OctoBans] smookeur sql checked, record: tpkill by SmooKeur to 1501257251
14-08-17 23:03:32 [INFO] [OctoBans] smookeur sql checked, record: doubleposte by SmooKeur to 1501177593
14-08-17 23:03:32 [INFO] [OctoBans] smookeur sql checked, record: tpkill by SmooKeur to 1501261953
14-08-17 23:03:32 [INFO] [OctoBans] smookeur sql checked, record: tpkill by SmooKeur to 1501348365
14-08-17 23:03:32 [INFO] [OctoBans] smookeur sql checked, record: tpkill by SmooKeur to 1501348668
14-08-17 23:03:32 [INFO] [OctoBans] smookeur sql checked, record: langage by SmooKeur to 1501176504
14-08-17 23:03:32 [INFO] [OctoBans] smookeur sql checked, record: doubleposte by SmooKeur to 1501176801
14-08-17 23:03:32 [INFO] [OctoBans] smookeur sql checked, record: doubleposte by SmooKeur to 1501178686
14-08-17 23:03:32 [INFO] [OctoBans] smookeur sql checked, record: doubleposte by SmooKeur to 1501179652
14-08-17 23:03:32 [INFO] [OctoBans] smookeur sql checked, record: tpkill by SmooKeur to 1501263625
14-08-17 23:03:32 [INFO] [OctoBans] smookeur sql checked, record: tpkill by SmooKeur to 1501263646
14-08-17 23:03:32 [INFO] [OctoBans] smookeur sql checked, record: doubleposte by SmooKeur to 1501177603
14-08-17 23:03:32 [INFO] [OctoBans] smookeur sql checked, record: faussesinfos by SmooKeur to 1501264327
14-08-17 23:03:32 [INFO] [OctoBans] smookeur sql checked, record: doubleposte by SmooKeur to 1501178241
14-08-17 23:03:32 [INFO] [OctoBans] smookeur sql checked, record: doubleposte by SmooKeur to 1501178829
14-08-17 23:03:32 [INFO] [OctoBans] smookeur sql checked, record: spam by SmooKeur to 1501182982
14-08-17 23:03:32 [INFO] [OctoBans] smookeur sql checked, record: majuscule by SmooKeur to 1501181088
14-08-17 23:03:32 [INFO] [OctoBans] smookeur sql checked, record: langage by SmooKeur to 1501180502
14-08-17 23:03:32 [INFO] [OctoBans] smookeur sql checked, record: incitationflood by SmooKeur to 1501266337
14-08-17 23:03:32 [INFO] [OctoBans] smookeur sql checked, record: majuscule by SmooKeur to 1501180581
14-08-17 23:03:32 [INFO] [OctoBans] smookeur sql checked, record: majuscule by SmooKeur to 1501180714
14-08-17 23:03:32 [INFO] [OctoBans] smookeur sql checked, record: tpkill by SmooKeur to 1501266531
14-08-17 23:03:32 [INFO] [OctoBans] smookeur sql checked, record: tpkill by SmooKeur to 1501266538
14-08-17 23:03:32 [INFO] [OctoBans] smookeur sql checked, record: spam by SmooKeur to 1501183776
14-08-17 23:03:32 [INFO] [OctoBans] smookeur sql checked, record: majuscule by SmooKeur to 1501181397
14-08-17 23:03:32 [INFO] [OctoBans] smookeur sql checked, record: pubyt by SmooKeur to 1501183878
14-08-17 23:03:32 [INFO] [OctoBans] smookeur sql checked, record: doubleposte by SmooKeur to 1501181859
14-08-17 23:03:32 [INFO] [OctoBans] smookeur sql checked, record: doubleposte by SmooKeur to 1501181592
14-08-17 23:03:32 [INFO] [OctoBans] smookeur sql checked, record: doubleposte by SmooKeur to 1501181635
14-08-17 23:03:32 [INFO] [OctoBans] smookeur sql checked, record: majuscule by SmooKeur to 1501320755
14-08-17 23:03:32 [INFO] [OctoBans] smookeur sql checked, record: majuscule by SmooKeur to 1501317907
14-08-17 23:03:32 [INFO] [OctoBans] smookeur sql checked, record: doubleposte by SmooKeur to 1501317132
14-08-17 23:03:32 [INFO] [OctoBans] smookeur sql checked, record: spam by SmooKeur to 1501335179
14-08-17 23:03:32 [INFO] [OctoBans] smookeur sql checked, record: doubleposte by SmooKeur to 1501317638
14-08-17 23:03:32 [INFO] [OctoBans] smookeur sql checked, record: provocation by SmooKeur to 1501318339
14-08-17 23:03:32 [INFO] [OctoBans] smookeur sql checked, record: pubsrv by SmooKeur to 1501321743
14-08-17 23:03:32 [INFO] [OctoBans] smookeur sql checked, record: multicompte by SmooKeur to -1
14-08-17 23:03:32 [INFO] [OctoBans] smookeur sql checked, record: multicompte by SmooKeur to -1
14-08-17 23:03:32 [INFO] [OctoBans] smookeur sql checked, record: doubleposte by SmooKeur to 1501318904
14-08-17 23:03:32 [INFO] [OctoBans] smookeur sql checked, record: doubleposte by SmooKeur to 1501318915
14-08-17 23:03:32 [INFO] [OctoBans] smookeur sql checked, record: majuscule by SmooKeur to 1501324698
14-08-17 23:03:32 [INFO] [OctoBans] smookeur sql checked, record: multicompte by SmooKeur to -1
14-08-17 23:03:32 [INFO] [OctoBans] smookeur sql checked, record: multicompte by SmooKeur to -1
14-08-17 23:03:32 [INFO] [OctoBans] smookeur sql checked, record: doubleposte by SmooKeur to 1501324081
14-08-17 23:03:32 [INFO] [OctoBans] smookeur sql checked, record: majuscule by SmooKeur to 1501323659
14-08-17 23:03:32 [INFO] [OctoBans] smookeur sql checked, record: insulte by SmooKeur to 1501326626
14-08-17 23:03:32 [INFO] [OctoBans] smookeur sql checked, record: doubleposte by SmooKeur to 1501324833
14-08-17 23:03:32 [INFO] [OctoBans] smookeur sql checked, record: spam by SmooKeur to 1501328668
14-08-17 23:03:32 [INFO] [OctoBans] smookeur sql checked, record: doubleposte by SmooKeur to 1501326944
14-08-17 23:03:32 [INFO] [OctoBans] smookeur sql checked, record: doubleposte by SmooKeur to 1501325756
14-08-17 23:03:32 [INFO] [OctoBans] smookeur sql checked, record: majuscule by SmooKeur to 1501505088
14-08-17 23:03:32 [INFO] [OctoBans] smookeur sql checked, record: doubleposte by SmooKeur to 1501506485
14-08-17 23:03:32 [INFO] [OctoBans] smookeur sql checked, record: langage by SmooKeur to 1501503904
14-08-17 23:03:32 [INFO] [OctoBans] smookeur sql checked, record: tpkill by SmooKeur to 1501589855
14-08-17 23:03:32 [INFO] [OctoBans] smookeur sql checked, record: pubyt by SmooKeur to 1501518130
14-08-17 23:03:32 [INFO] [OctoBans] smookeur sql checked, record: spam by SmooKeur to 1501514535
14-08-17 23:03:32 [INFO] [OctoBans] smookeur sql checked, record: spam by SmooKeur to 1501528939
14-08-17 23:03:32 [INFO] [OctoBans] smookeur sql checked, record: spam by SmooKeur to 1501518238
14-08-17 23:03:32 [INFO] [OctoBans] smookeur sql checked, record: langage by SmooKeur to 1501512579
14-08-17 23:03:32 [INFO] [OctoBans] smookeur sql checked, record: doubleposte by SmooKeur to 1501512331
14-08-17 23:03:32 [INFO] [OctoBans] smookeur sql checked, record: insulte by SmooKeur to 1501516858
14-08-17 23:03:32 [INFO] [OctoBans] smookeur sql checked, record: spammp by SmooKeur to -1
14-08-17 23:03:32 [INFO] [OctoBans] smookeur sql checked, record: insulte by SmooKeur to 1501514942
14-08-17 23:03:32 [INFO] [OctoBans] smookeur sql checked, record: spammp by SmooKeur to -1
14-08-17 23:03:32 [INFO] [OctoBans] smookeur sql checked, record: doubleposte by SmooKeur to 1501678510
14-08-17 23:03:32 [INFO] [OctoBans] smookeur sql checked, record: doubleposte by SmooKeur to 1501677714
14-08-17 23:03:32 [INFO] [OctoBans] smookeur sql checked, record: langage by SmooKeur to 1501679114
14-08-17 23:03:32 [INFO] [OctoBans] smookeur sql checked, record: doubleposte by SmooKeur to 1501678874
14-08-17 23:03:32 [INFO] [OctoBans] smookeur sql checked, record: doubleposte by SmooKeur to 1501678864
14-08-17 23:03:32 [INFO] [OctoBans] smookeur sql checked, record: doubleposte by SmooKeur to 1501680643
14-08-17 23:03:32 [INFO] [OctoBans] smookeur sql checked, record: faussesinfos by SmooKeur to 1501852138
14-08-17 23:03:32 [INFO] [OctoBans] smookeur sql checked, record: doubleposte by SmooKeur to 1501680202
14-08-17 23:03:32 [INFO] [OctoBans] smookeur sql checked, record: pubyt by SmooKeur to 1501698340
14-08-17 23:03:32 [INFO] [OctoBans] smookeur sql checked, record: doubleposte by SmooKeur to 1501682162
14-08-17 23:03:32 [INFO] [OctoBans] smookeur sql checked, record: faussesinfos by SmooKeur to 1501770635
14-08-17 23:03:32 [INFO] [OctoBans] smookeur sql checked, record: trahisonforum by SmooKeur to -1
14-08-17 23:03:32 [INFO] [OctoBans] smookeur sql checked, record: spam by SmooKeur to 1501691989
14-08-17 23:03:32 [INFO] [OctoBans] smookeur sql checked, record: insultestaff by SmooKeur to 1501793097
14-08-17 23:03:32 [INFO] [OctoBans] smookeur sql checked, record: spammp by SmooKeur to -1
14-08-17 23:03:32 [INFO] [OctoBans] smookeur sql checked, record: faussesinfos by SmooKeur to 1501771727
14-08-17 23:03:32 [INFO] [OctoBans] smookeur sql checked, record: faussesinfos by SmooKeur to 1501772887
14-08-17 23:03:32 [INFO] [OctoBans] smookeur sql checked, record: faussesinfos by SmooKeur to 1501861994
14-08-17 23:03:32 [INFO] [OctoBans] smookeur sql checked, record: tpkill by SmooKeur to 1502121268
14-08-17 23:03:32 [INFO] [OctoBans] smookeur sql checked, record: doubleposte by SmooKeur to 1501689638
14-08-17 23:03:32 [INFO] [OctoBans] smookeur sql checked, record: majuscule by SmooKeur to 1501689982
14-08-17 23:03:32 [INFO] [OctoBans] smookeur sql checked, record: langage by SmooKeur to 1501695390
14-08-17 23:03:32 [INFO] [OctoBans] smookeur sql checked, record: majuscule by SmooKeur to 1501690276
14-08-17 23:03:32 [INFO] [OctoBans] smookeur sql checked, record: faussesinfos by SmooKeur to 1501863923
14-08-17 23:03:32 [INFO] [OctoBans] smookeur sql checked, record: tpkill by SmooKeur to 1501950343
14-08-17 23:03:32 [INFO] [OctoBans] smookeur sql checked, record: faussesinfos by SmooKeur to 1501864240
14-08-17 23:03:32 [INFO] [OctoBans] smookeur sql checked, record: tpkill by SmooKeur to 1501777863
14-08-17 23:03:32 [INFO] [OctoBans] smookeur sql checked, record: multicompte by SmooKeur to -1
14-08-17 23:03:32 [INFO] [OctoBans] smookeur sql checked, record: doubleposte by SmooKeur to 1501691921
14-08-17 23:03:32 [INFO] [OctoBans] smookeur sql checked, record: spam by SmooKeur to 1501695431
14-08-17 23:03:32 [INFO] [OctoBans] smookeur sql checked, record: doubleposte by SmooKeur to 1501698368
14-08-17 23:03:32 [INFO] [OctoBans] smookeur sql checked, record: faussesinfos by SmooKeur to 1501784695
14-08-17 23:03:32 [INFO] [OctoBans] smookeur sql checked, record: faussesinfos by SmooKeur to 1501784982
14-08-17 23:03:32 [INFO] [OctoBans] smookeur sql checked, record: faussesinfos by SmooKeur to 1501785166
14-08-17 23:03:32 [INFO] [OctoBans] smookeur sql checked, record: majuscule by SmooKeur to 1501700076
14-08-17 23:03:32 [INFO] [OctoBans] smookeur sql checked, record: faussesinfos by SmooKeur to 1501872538
14-08-17 23:03:32 [INFO] [OctoBans] smookeur sql checked, record: tpkill by SmooKeur to 1501786164
14-08-17 23:03:32 [INFO] [OctoBans] smookeur sql checked, record: majuscule by SmooKeur to 1501707181
14-08-17 23:03:32 [INFO] [OctoBans] smookeur sql checked, record: faussesinfos by SmooKeur to 1501791830
14-08-17 23:03:32 [INFO] [OctoBans] smookeur sql checked, record: majuscule by SmooKeur to 1501707208
14-08-17 23:03:32 [INFO] [OctoBans] smookeur sql checked, record: majuscule by SmooKeur to 1501708488
14-08-17 23:03:32 [INFO] [OctoBans] smookeur sql checked, record: majuscule by SmooKeur to 1501708597
14-08-17 23:03:32 [INFO] [OctoBans] smookeur sql checked, record: incitationflood by SmooKeur to 1501794685
14-08-17 23:03:32 [INFO] [OctoBans] smookeur sql checked, record: doubleposte by SmooKeur to 1501709253
14-08-17 23:03:32 [INFO] [OctoBans] smookeur sql checked, record: doubleposte by SmooKeur to 1501714418
14-08-17 23:03:32 [INFO] [OctoBans] smookeur sql checked, record: doubleposte by SmooKeur to 1501709626
14-08-17 23:03:32 [INFO] [OctoBans] smookeur sql checked, record: spam by SmooKeur to 1501712085
14-08-17 23:03:32 [INFO] [OctoBans] smookeur sql checked, record: langage by SmooKeur to 1501710506
14-08-17 23:03:32 [INFO] [OctoBans] smookeur sql checked, record: provocation by SmooKeur to 1501709618
14-08-17 23:03:32 [INFO] [OctoBans] smookeur sql checked, record: pubyt by SmooKeur to 1501712984
14-08-17 23:03:32 [INFO] [OctoBans] smookeur sql checked, record: doubleposte by SmooKeur to 1501709787
14-08-17 23:03:32 [INFO] [OctoBans] smookeur sql checked, record: insulte by SmooKeur to 1501712249
14-08-17 23:03:32 [INFO] [OctoBans] smookeur sql checked, record: majuscule by SmooKeur to 1501711270
14-08-17 23:03:32 [INFO] [OctoBans] smookeur sql checked, record: spammp by SmooKeur to -1
14-08-17 23:03:32 [INFO] [OctoBans] smookeur sql checked, record: pubyt by SmooKeur to 1501713910
14-08-17 23:03:32 [INFO] [OctoBans] smookeur sql checked, record: provocation by SmooKeur to 1501711246
14-08-17 23:03:32 [INFO] [OctoBans] smookeur sql checked, record: multicompte by SmooKeur to -1
14-08-17 23:03:32 [INFO] [OctoBans] smookeur sql checked, record: doubleposte by SmooKeur to 1501759687
14-08-17 23:03:32 [INFO] [OctoBans] smookeur sql checked, record: provocation by SmooKeur to 1501761075
14-08-17 23:03:32 [INFO] [OctoBans] smookeur sql checked, record: doubleposte by SmooKeur to 1501761788
14-08-17 23:03:32 [INFO] [OctoBans] smookeur sql checked, record: doubleposte by SmooKeur to 1501759187
14-08-17 23:03:32 [INFO] [OctoBans] smookeur sql checked, record: doubleposte by SmooKeur to 1501759646
14-08-17 23:03:32 [INFO] [OctoBans] smookeur sql checked, record: doubleposte by SmooKeur to 1501759384
14-08-17 23:03:32 [INFO] [OctoBans] smookeur sql checked, record: doubleposte by SmooKeur to 1501760642
14-08-17 23:03:32 [INFO] [OctoBans] smookeur sql checked, record: doubleposte by SmooKeur to 1501760049
14-08-17 23:03:32 [INFO] [OctoBans] smookeur sql checked, record: pubyt by SmooKeur to 1501770104
14-08-17 23:03:32 [INFO] [OctoBans] smookeur sql checked, record: langage by SmooKeur to 1501759930
14-08-17 23:03:32 [INFO] [OctoBans] smookeur sql checked, record: insulte by SmooKeur to 1501762281
14-08-17 23:03:32 [INFO] [OctoBans] smookeur sql checked, record: spam by SmooKeur to 1501771050
14-08-17 23:03:32 [INFO] [OctoBans] smookeur sql checked, record: insulte by SmooKeur to 1501762957
14-08-17 23:03:32 [INFO] [OctoBans] smookeur sql checked, record: doubleposte by SmooKeur to 1501763033
14-08-17 23:03:32 [INFO] [OctoBans] smookeur sql checked, record: doubleposte by SmooKeur to 1501766063
14-08-17 23:03:32 [INFO] [OctoBans] smookeur sql checked, record: doubleposte by SmooKeur to 1501764694
14-08-17 23:03:32 [INFO] [OctoBans] smookeur sql checked, record: majuscule by SmooKeur to 1501762981
14-08-17 23:03:32 [INFO] [OctoBans] smookeur sql checked, record: doubleposte by SmooKeur to 1501766286
14-08-17 23:03:32 [INFO] [OctoBans] smookeur sql checked, record: faussesinfos by SmooKeur to 1501848928
14-08-17 23:03:32 [INFO] [OctoBans] smookeur sql checked, record: tpkill by SmooKeur to 1501849103
14-08-17 23:03:32 [INFO] [OctoBans] smookeur sql checked, record: tpkill by SmooKeur to 1501853605
14-08-17 23:03:32 [INFO] [OctoBans] smookeur sql checked, record: tpkill by SmooKeur to 1501853611
14-08-17 23:03:32 [INFO] [OctoBans] smookeur sql checked, record: doubleposte by SmooKeur to 1501768475
14-08-17 23:03:32 [INFO] [OctoBans] smookeur sql checked, record: majuscule by SmooKeur to 1501769167
14-08-17 23:03:32 [INFO] [OctoBans] smookeur sql checked, record: multicompte by SmooKeur to -1
14-08-17 23:03:32 [INFO] [OctoBans] smookeur sql checked, record: tpkill by SmooKeur to 1501854467
14-08-17 23:03:32 [INFO] [OctoBans] smookeur sql checked, record: tpkill by SmooKeur to 1501854487
14-08-17 23:03:32 [INFO] [OctoBans] smookeur sql checked, record: doubleposte by SmooKeur to 1501771668
14-08-17 23:03:32 [INFO] [OctoBans] smookeur sql checked, record: faussesinfos by SmooKeur to 1502021158
14-08-17 23:03:32 [INFO] [OctoBans] smookeur sql checked, record: majuscule by SmooKeur to 1502111356
14-08-17 23:03:32 [INFO] [OctoBans] smookeur sql checked, record: incitationflood by SmooKeur to 1502196717
14-08-17 23:03:32 [INFO] [OctoBans] smookeur sql checked, record: doubleposte by SmooKeur to 1502111943
14-08-17 23:03:32 [INFO] [OctoBans] smookeur sql checked, record: doubleposte by SmooKeur to 1502118148
14-08-17 23:03:32 [INFO] [OctoBans] smookeur sql checked, record: doubleposte by SmooKeur to 1502122379
14-08-17 23:03:32 [INFO] [OctoBans] smookeur sql checked, record: doubleposte by SmooKeur to 1502120586
14-08-17 23:03:32 [INFO] [OctoBans] smookeur sql checked, record: insultestaff by SmooKeur to 1502155735
14-08-17 23:03:32 [INFO] [OctoBans] smookeur sql checked, record: spam by SmooKeur to 1502123349
14-08-17 23:03:32 [INFO] [OctoBans] smookeur sql checked, record: spam by SmooKeur to 1502126964
14-08-17 23:03:32 [INFO] [OctoBans] smookeur sql checked, record: spam by SmooKeur to 1502130673
14-08-17 23:03:32 [INFO] [OctoBans] smookeur sql checked, record: spammp by SmooKeur to -1
14-08-17 23:03:32 [INFO] [OctoBans] smookeur sql checked, record: spammp by SmooKeur to -1
14-08-17 23:03:32 [INFO] [OctoBans] smookeur sql checked, record: majuscule by SmooKeur to 1502120620
14-08-17 23:03:32 [INFO] [OctoBans] smookeur sql checked, record: spammp by SmooKeur to -1
14-08-17 23:03:32 [INFO] [OctoBans] smookeur sql checked, record: provocation by SmooKeur to 1502126997
14-08-17 23:03:32 [INFO] [OctoBans] smookeur sql checked, record: spam by SmooKeur to 1502148955
14-08-17 23:03:32 [INFO] [OctoBans] smookeur sql checked, record: spam by SmooKeur to 1502123770
14-08-17 23:03:32 [INFO] [OctoBans] smookeur sql checked, record: spam by SmooKeur to 1502127377
14-08-17 23:03:32 [INFO] [OctoBans] smookeur sql checked, record: doubleposte by SmooKeur to 1502121204
14-08-17 23:03:32 [INFO] [OctoBans] smookeur sql checked, record: doubleposte by SmooKeur to 1502121156
14-08-17 23:03:32 [INFO] [OctoBans] smookeur sql checked, record: doubleposte by SmooKeur to 1502137114
14-08-17 23:03:32 [INFO] [OctoBans] smookeur sql checked, record: spam by SmooKeur to 1502150724
14-08-17 23:03:32 [INFO] [OctoBans] smookeur sql checked, record: provocation by SmooKeur to 1502137054
14-08-17 23:03:32 [INFO] [OctoBans] smookeur sql checked, record: majuscule by SmooKeur to 1502137162
14-08-17 23:03:32 [INFO] [OctoBans] smookeur sql checked, record: faussesinfos by SmooKeur to 1502224044
14-08-17 23:03:32 [INFO] [OctoBans] smookeur sql checked, record: faussesinfos by SmooKeur to 1502310865
14-08-17 23:03:32 [INFO] [OctoBans] smookeur sql checked, record: tpkill by SmooKeur to 1502310909
14-08-17 23:03:32 [INFO] [OctoBans] smookeur sql checked, record: provocation by SmooKeur to 1502138422
14-08-17 23:03:32 [INFO] [OctoBans] smookeur sql checked, record: incitationflood by SmooKeur to 1502225136
14-08-17 23:03:32 [INFO] [OctoBans] smookeur sql checked, record: faussesinfos by SmooKeur to 1502225986
14-08-17 23:03:32 [INFO] [OctoBans] smookeur sql checked, record: tpkill by SmooKeur to 1502312407
14-08-17 23:03:32 [INFO] [OctoBans] smookeur sql checked, record: provocation by SmooKeur to 1502543916
14-08-17 23:03:32 [INFO] [OctoBans] smookeur sql checked, record: doubleposte by SmooKeur to 1502541893
14-08-17 23:03:32 [INFO] [OctoBans] smookeur sql checked, record: pubyt by SmooKeur to 1502544492
14-08-17 23:03:32 [INFO] [OctoBans] smookeur sql checked, record: multicompte by SmooKeur to -1
14-08-17 23:03:32 [INFO] [OctoBans] smookeur sql checked, record: langage by SmooKeur to 1502548136
14-08-17 23:03:32 [INFO] [OctoBans] smookeur sql checked, record: faussesinfos by SmooKeur to 1502637028
14-08-17 23:03:32 [INFO] [OctoBans] smookeur sql checked, record: tpkill by SmooKeur to 1502637062
14-08-17 23:03:32 [INFO] [OctoBans] smookeur sql checked, record: langage by SmooKeur to 1502552584
14-08-17 23:03:32 [INFO] [OctoBans] smookeur sql checked, record: doubleposte by SmooKeur to 1502553668
14-08-17 23:03:32 [INFO] [OctoBans] smookeur sql checked, record: provocation by SmooKeur to 1502552339
14-08-17 23:03:32 [INFO] [OctoBans] smookeur sql checked, record: provocation by SmooKeur to 1502556208
14-08-17 23:03:32 [INFO] [OctoBans] smookeur sql checked, record: insulte by SmooKeur to 1502557436
14-08-17 23:03:32 [INFO] [OctoBans] smookeur sql checked, record: multicompte by SmooKeur to -1
14-08-17 23:03:32 [INFO] [OctoBans] smookeur sql checked, record: multicompte by SmooKeur to -1
14-08-17 23:03:32 [INFO] [OctoBans] smookeur sql checked, record: doubleposte by SmooKeur to 1502554794
14-08-17 23:03:32 [INFO] [OctoBans] smookeur sql checked, record: multicompte by SmooKeur to -1
14-08-17 23:03:32 [INFO] [OctoBans] smookeur sql checked, record: doubleposte by SmooKeur to 1502559606
14-08-17 23:03:32 [INFO] [OctoBans] smookeur sql checked, record: doubleposte by SmooKeur to 1502568407
14-08-17 23:03:32 [INFO] [OctoBans] smookeur sql checked, record: majuscule by SmooKeur to 1502568366
14-08-17 23:03:32 [INFO] [OctoBans] smookeur sql checked, record: doubleposte by SmooKeur to 1502566729
14-08-17 23:03:32 [INFO] [OctoBans] smookeur sql checked, record: doubleposte by SmooKeur to 1502567751
14-08-17 23:03:32 [INFO] [OctoBans] smookeur sql checked, record: majuscule by SmooKeur to 1502567221
14-08-17 23:03:32 [INFO] [OctoBans] smookeur sql checked, record: majuscule by SmooKeur to 1502568439
14-08-17 23:03:32 [INFO] [OctoBans] smookeur sql checked, record: provocation by SmooKeur to 1502576822
14-08-17 23:03:32 [INFO] [OctoBans] smookeur sql checked, record: multicompte by SmooKeur to -1
14-08-17 23:03:32 [INFO] [OctoBans] smookeur sql checked, record: multicompte by SmooKeur to -1
14-08-17 23:03:32 [INFO] [OctoBans] smookeur sql checked, record: multicompte by SmooKeur to -1
14-08-17 23:03:32 [INFO] [OctoBans] smookeur sql checked, record: provocation by SmooKeur to 1502729621
14-08-17 23:03:32 [INFO] [OctoBans] smookeur sql checked, record: hack by SmooKeur to -1
14-08-17 23:03:32 [INFO] [OctoBans] smookeur sql checked, record: doubleposte by SmooKeur to 1502732771
14-08-17 23:03:32 [INFO] [OctoBans] smookeur sql checked, record: tpkill by SmooKeur to 1502817752
14-08-17 23:03:32 [INFO] [OctoBans] smookeur sql checked, record: doubleposte by SmooKeur to 1502734110
14-08-17 23:03:32 [INFO] [OctoBans] smookeur sql checked, record: doubleposte by SmooKeur to 1502735730
14-08-17 23:03:32 [INFO] [OctoBans] smookeur sql checked, record: doubleposte by SmooKeur to 1502737796
14-08-17 23:03:32 [INFO] [OctoBans] smookeur sql checked, record: incitationflood by SmooKeur to 1502909138
14-08-17 23:03:32 [INFO] [OctoBans] smookeur sql checked, record: incitationflood by SmooKeur to 1502822767
14-08-17 23:03:32 [INFO] [OctoBans] smookeur sql checked, record: doubleposte by SmooKeur to 1502742955
14-08-17 23:03:32 [INFO] [OctoBans] smookeur sql checked, record: doubleposte by SmooKeur to 1502745968
14-08-17 23:03:32 [INFO] [OctoBans] smookeur sql checked, record: doubleposte by SmooKeur to 1502747296
14-08-17 23:03:32 [INFO] [OctoBans] smookeur sql checked, record: doubleposte by SmooKeur to 1502746191
14-08-17 23:03:32 [INFO] [OctoBans] smookeur sql checked, record: insultesrv by SmooKeur to 1502762566
14-08-17 23:03:32 [INFO] [OctoBans] smookeur sql checked, record: spam by SmooKeur to 1502748192
14-08-17 23:03:32 [INFO] [OctoBans] smookeur sql checked, record: provocation by SmooKeur to 1502744907
14-08-17 23:05:15 [INFO] [OctoBans] SmooKeur punished icex for: Majuscule
14-08-17 23:08:04 [INFO] [OctoBans] JustMySkill punished _hello_kitty for: Provocation
14-08-17 23:08:26 [INFO] [OctoBans] SmooKeur punished vprince80 for: Insulte
14-08-17 23:09:16 [INFO] [OctoBans] pepsicoca sql checked, record: spammp by Steph078 to -1
14-08-17 23:09:44 [INFO] [OctoBans] Wiindows punished selim6671 for: Langage incorrect
14-08-17 23:09:59 [INFO] [OctoBans] smookeur sql checked, record: doubleposte by SmooKeur to 1500322753
14-08-17 23:09:59 [INFO] [OctoBans] smookeur sql checked, record: doubleposte by SmooKeur to 1500322962
14-08-17 23:09:59 [INFO] [OctoBans] smookeur sql checked, record: doubleposte by SmooKeur to 1500325520
14-08-17 23:09:59 [INFO] [OctoBans] smookeur sql checked, record: doubleposte by SmooKeur to 1500326258
14-08-17 23:09:59 [INFO] [OctoBans] smookeur sql checked, record: doubleposte by SmooKeur to 1500376459
14-08-17 23:09:59 [INFO] [OctoBans] smookeur sql checked, record: provocation by SmooKeur to 1500376647
14-08-17 23:09:59 [INFO] [OctoBans] smookeur sql checked, record: doubleposte by SmooKeur to 1500377121
14-08-17 23:09:59 [INFO] [OctoBans] smookeur sql checked, record: doubleposte by SmooKeur to 1500378251
14-08-17 23:09:59 [INFO] [OctoBans] smookeur sql checked, record: doubleposte by SmooKeur to 1500379068
14-08-17 23:09:59 [INFO] [OctoBans] smookeur sql checked, record: spam by SmooKeur to 1500388691
14-08-17 23:09:59 [INFO] [OctoBans] smookeur sql checked, record: doubleposte by SmooKeur to 1500379768
14-08-17 23:09:59 [INFO] [OctoBans] smookeur sql checked, record: doubleposte by SmooKeur to 1500552668
14-08-17 23:09:59 [INFO] [OctoBans] smookeur sql checked, record: spam by SmooKeur to 1500556067
14-08-17 23:09:59 [INFO] [OctoBans] smookeur sql checked, record: incitationflood by SmooKeur to 1500725306
14-08-17 23:09:59 [INFO] [OctoBans] smookeur sql checked, record: doubleposte by SmooKeur to 1500554379
14-08-17 23:09:59 [INFO] [OctoBans] smookeur sql checked, record: doubleposte by SmooKeur to 1500554431
14-08-17 23:09:59 [INFO] [OctoBans] smookeur sql checked, record: doubleposte by SmooKeur to 1500554752
14-08-17 23:09:59 [INFO] [OctoBans] smookeur sql checked, record: majuscule by SmooKeur to 1500554852
14-08-17 23:09:59 [INFO] [OctoBans] smookeur sql checked, record: pubyt by SmooKeur to 1500557895
14-08-17 23:09:59 [INFO] [OctoBans] smookeur sql checked, record: doubleposte by SmooKeur to 1500555832
14-08-17 23:09:59 [INFO] [OctoBans] smookeur sql checked, record: doubleposte by SmooKeur to 1500559135
14-08-17 23:09:59 [INFO] [OctoBans] smookeur sql checked, record: doubleposte by SmooKeur to 1500563047
14-08-17 23:09:59 [INFO] [OctoBans] smookeur sql checked, record: doubleposte by SmooKeur to 1500558135
14-08-17 23:09:59 [INFO] [OctoBans] smookeur sql checked, record: langage by SmooKeur to 1500561245
14-08-17 23:09:59 [INFO] [OctoBans] smookeur sql checked, record: doubleposte by SmooKeur to 1500563828
14-08-17 23:09:59 [INFO] [OctoBans] smookeur sql checked, record: faussesinfos by SmooKeur to 1500652136
14-08-17 23:09:59 [INFO] [OctoBans] smookeur sql checked, record: doubleposte by SmooKeur to 1500575018
14-08-17 23:09:59 [INFO] [OctoBans] smookeur sql checked, record: faussesinfos by SmooKeur to 1500660651
14-08-17 23:09:59 [INFO] [OctoBans] smookeur sql checked, record: doubleposte by SmooKeur to 1500726332
14-08-17 23:09:59 [INFO] [OctoBans] smookeur sql checked, record: faussesinfos by SmooKeur to 1500811000
14-08-17 23:09:59 [INFO] [OctoBans] smookeur sql checked, record: doubleposte by SmooKeur to 1500729610
14-08-17 23:09:59 [INFO] [OctoBans] smookeur sql checked, record: insulte by SmooKeur to 1500730611
14-08-17 23:09:59 [INFO] [OctoBans] smookeur sql checked, record: doubleposte by SmooKeur to 1500727177
14-08-17 23:09:59 [INFO] [OctoBans] smookeur sql checked, record: faussesinfos by SmooKeur to 1500812198
14-08-17 23:09:59 [INFO] [OctoBans] smookeur sql checked, record: doubleposte by SmooKeur to 1500728164
14-08-17 23:09:59 [INFO] [OctoBans] smookeur sql checked, record: spammp by SmooKeur to -1
14-08-17 23:09:59 [INFO] [OctoBans] smookeur sql checked, record: doubleposte by SmooKeur to 1500727535
14-08-17 23:09:59 [INFO] [OctoBans] smookeur sql checked, record: doubleposte by SmooKeur to 1500729624
14-08-17 23:09:59 [INFO] [OctoBans] smookeur sql checked, record: doubleposte by SmooKeur to 1500729030
14-08-17 23:09:59 [INFO] [OctoBans] smookeur sql checked, record: langage by SmooKeur to 1500728653
14-08-17 23:09:59 [INFO] [OctoBans] smookeur sql checked, record: doubleposte by SmooKeur to 1500728637
14-08-17 23:09:59 [INFO] [OctoBans] smookeur sql checked, record: spam by SmooKeur to 1500743785
14-08-17 23:09:59 [INFO] [OctoBans] smookeur sql checked, record: doubleposte by SmooKeur to 1500743747
14-08-17 23:09:59 [INFO] [OctoBans] smookeur sql checked, record: doubleposte by SmooKeur to 1500745544
14-08-17 23:09:59 [INFO] [OctoBans] smookeur sql checked, record: spam by SmooKeur to 1500761971
14-08-17 23:09:59 [INFO] [OctoBans] smookeur sql checked, record: pubyt by SmooKeur to 1500747727
14-08-17 23:09:59 [INFO] [OctoBans] smookeur sql checked, record: insulte by SmooKeur to 1500747988
14-08-17 23:09:59 [INFO] [OctoBans] smookeur sql checked, record: doubleposte by SmooKeur to 1500905841
14-08-17 23:09:59 [INFO] [OctoBans] smookeur sql checked, record: majuscule by SmooKeur to 1500914862
14-08-17 23:09:59 [INFO] [OctoBans] smookeur sql checked, record: spam by SmooKeur to 1500921550
14-08-17 23:09:59 [INFO] [OctoBans] smookeur sql checked, record: doubleposte by SmooKeur to 1500914988
14-08-17 23:09:59 [INFO] [OctoBans] smookeur sql checked, record: doubleposte by SmooKeur to 1500915325
14-08-17 23:09:59 [INFO] [OctoBans] smookeur sql checked, record: majuscule by SmooKeur to 1500915996
14-08-17 23:09:59 [INFO] [OctoBans] smookeur sql checked, record: doubleposte by SmooKeur to 1500916390
14-08-17 23:09:59 [INFO] [OctoBans] smookeur sql checked, record: insulte by SmooKeur to 1500917941
14-08-17 23:09:59 [INFO] [OctoBans] smookeur sql checked, record: doubleposte by SmooKeur to 1500917744
14-08-17 23:09:59 [INFO] [OctoBans] smookeur sql checked, record: insultegrave by SmooKeur to 1500987428
14-08-17 23:09:59 [INFO] [OctoBans] smookeur sql checked, record: insultegrave by SmooKeur to 1500987484
14-08-17 23:09:59 [INFO] [OctoBans] smookeur sql checked, record: doubleposte by SmooKeur to 1500916442
14-08-17 23:09:59 [INFO] [OctoBans] smookeur sql checked, record: doubleposte by SmooKeur to 1500918904
14-08-17 23:09:59 [INFO] [OctoBans] smookeur sql checked, record: langage by SmooKeur to 1500918616
14-08-17 23:09:59 [INFO] [OctoBans] smookeur sql checked, record: doubleposte by SmooKeur to 1500916822
14-08-17 23:09:59 [INFO] [OctoBans] smookeur sql checked, record: spamfopen by SmooKeur to 1501088972
14-08-17 23:09:59 [INFO] [OctoBans] smookeur sql checked, record: spam by SmooKeur to 1500919784
14-08-17 23:09:59 [INFO] [OctoBans] smookeur sql checked, record: doubleposte by SmooKeur to 1500916501
14-08-17 23:09:59 [INFO] [OctoBans] smookeur sql checked, record: provocation by SmooKeur to 1500919872
14-08-17 23:09:59 [INFO] [OctoBans] smookeur sql checked, record: doubleposte by SmooKeur to 1500917893
14-08-17 23:09:59 [INFO] [OctoBans] smookeur sql checked, record: insultesrv by SmooKeur to 1500952475
14-08-17 23:09:59 [INFO] [OctoBans] smookeur sql checked, record: doubleposte by SmooKeur to 1500919251
14-08-17 23:09:59 [INFO] [OctoBans] smookeur sql checked, record: majuscule by SmooKeur to 1500988654
14-08-17 23:09:59 [INFO] [OctoBans] smookeur sql checked, record: doubleposte by SmooKeur to 1500988358
14-08-17 23:09:59 [INFO] [OctoBans] smookeur sql checked, record: majuscule by SmooKeur to 1500990516
14-08-17 23:09:59 [INFO] [OctoBans] smookeur sql checked, record: doubleposte by SmooKeur to 1500988836
14-08-17 23:09:59 [INFO] [OctoBans] smookeur sql checked, record: provocation by SmooKeur to 1500989900
14-08-17 23:09:59 [INFO] [OctoBans] smookeur sql checked, record: majuscule by SmooKeur to 1500989362
14-08-17 23:09:59 [INFO] [OctoBans] smookeur sql checked, record: doubleposte by SmooKeur to 1500990006
14-08-17 23:09:59 [INFO] [OctoBans] smookeur sql checked, record: doubleposte by SmooKeur to 1500991111
14-08-17 23:09:59 [INFO] [OctoBans] smookeur sql checked, record: majuscule by SmooKeur to 1500991737
14-08-17 23:09:59 [INFO] [OctoBans] smookeur sql checked, record: provocation by SmooKeur to 1500990444
14-08-17 23:09:59 [INFO] [OctoBans] smookeur sql checked, record: majuscule by SmooKeur to 1501003137
14-08-17 23:09:59 [INFO] [OctoBans] smookeur sql checked, record: doubleposte by SmooKeur to 1500995092
14-08-17 23:09:59 [INFO] [OctoBans] smookeur sql checked, record: insultestaff by SmooKeur to 1501030846
14-08-17 23:09:59 [INFO] [OctoBans] smookeur sql checked, record: provocation by SmooKeur to 1500995501
14-08-17 23:09:59 [INFO] [OctoBans] smookeur sql checked, record: insultestaff by SmooKeur to 1501030951
14-08-17 23:09:59 [INFO] [OctoBans] smookeur sql checked, record: faussesinfos by SmooKeur to 1501081565
14-08-17 23:09:59 [INFO] [OctoBans] smookeur sql checked, record: faussesinfos by SmooKeur to 1501081811
14-08-17 23:09:59 [INFO] [OctoBans] smookeur sql checked, record: doubleposte by SmooKeur to 1500995772
14-08-17 23:09:59 [INFO] [OctoBans] smookeur sql checked, record: doubleposte by SmooKeur to 1500997380
14-08-17 23:09:59 [INFO] [OctoBans] smookeur sql checked, record: doubleposte by SmooKeur to 1500996608
14-08-17 23:09:59 [INFO] [OctoBans] smookeur sql checked, record: insultestaff by SmooKeur to 1501032094
14-08-17 23:09:59 [INFO] [OctoBans] smookeur sql checked, record: doubleposte by SmooKeur to 1500996513
14-08-17 23:09:59 [INFO] [OctoBans] smookeur sql checked, record: majuscule by SmooKeur to 1500998180
14-08-17 23:09:59 [INFO] [OctoBans] smookeur sql checked, record: faussesinfos by SmooKeur to 1501169735
14-08-17 23:09:59 [INFO] [OctoBans] smookeur sql checked, record: provocation by SmooKeur to 1500997241
14-08-17 23:09:59 [INFO] [OctoBans] smookeur sql checked, record: spam by SmooKeur to 1501011410
14-08-17 23:09:59 [INFO] [OctoBans] smookeur sql checked, record: majuscule by SmooKeur to 1500998543
14-08-17 23:09:59 [INFO] [OctoBans] smookeur sql checked, record: majuscule by SmooKeur to 1501003485
14-08-17 23:09:59 [INFO] [OctoBans] smookeur sql checked, record: multicompte by SmooKeur to -1
14-08-17 23:09:59 [INFO] [OctoBans] smookeur sql checked, record: doubleposte by SmooKeur to 1500997937
14-08-17 23:09:59 [INFO] [OctoBans] smookeur sql checked, record: provocation by SmooKeur to 1501162993
14-08-17 23:09:59 [INFO] [OctoBans] smookeur sql checked, record: insulte by SmooKeur to 1501163843
14-08-17 23:09:59 [INFO] [OctoBans] smookeur sql checked, record: majuscule by SmooKeur to 1501168167
14-08-17 23:09:59 [INFO] [OctoBans] smookeur sql checked, record: faussesinfos by SmooKeur to 1501248015
14-08-17 23:09:59 [INFO] [OctoBans] smookeur sql checked, record: insulte by SmooKeur to 1501164634
14-08-17 23:09:59 [INFO] [OctoBans] smookeur sql checked, record: majuscule by SmooKeur to 1501164493
14-08-17 23:09:59 [INFO] [OctoBans] smookeur sql checked, record: spam by SmooKeur to 1501165882
14-08-17 23:09:59 [INFO] [OctoBans] smookeur sql checked, record: majuscule by SmooKeur to 1501164205
14-08-17 23:09:59 [INFO] [OctoBans] smookeur sql checked, record: majuscule by SmooKeur to 1501165086
14-08-17 23:09:59 [INFO] [OctoBans] smookeur sql checked, record: majuscule by SmooKeur to 1501165535
14-08-17 23:09:59 [INFO] [OctoBans] smookeur sql checked, record: spammp by SmooKeur to -1
14-08-17 23:09:59 [INFO] [OctoBans] smookeur sql checked, record: majuscule by SmooKeur to 1501168487
14-08-17 23:09:59 [INFO] [OctoBans] smookeur sql checked, record: doubleposte by SmooKeur to 1501169003
14-08-17 23:09:59 [INFO] [OctoBans] smookeur sql checked, record: majuscule by SmooKeur to 1501170752
14-08-17 23:09:59 [INFO] [OctoBans] smookeur sql checked, record: incitationflood by SmooKeur to 1501256044
14-08-17 23:09:59 [INFO] [OctoBans] smookeur sql checked, record: langage by SmooKeur to 1501170651
14-08-17 23:09:59 [INFO] [OctoBans] smookeur sql checked, record: majuscule by SmooKeur to 1501170672
14-08-17 23:09:59 [INFO] [OctoBans] smookeur sql checked, record: doubleposte by SmooKeur to 1501170808
14-08-17 23:09:59 [INFO] [OctoBans] smookeur sql checked, record: tpkill by SmooKeur to 1501257251
14-08-17 23:09:59 [INFO] [OctoBans] smookeur sql checked, record: doubleposte by SmooKeur to 1501177593
14-08-17 23:09:59 [INFO] [OctoBans] smookeur sql checked, record: tpkill by SmooKeur to 1501261953
14-08-17 23:09:59 [INFO] [OctoBans] smookeur sql checked, record: tpkill by SmooKeur to 1501348365
14-08-17 23:09:59 [INFO] [OctoBans] smookeur sql checked, record: tpkill by SmooKeur to 1501348668
14-08-17 23:09:59 [INFO] [OctoBans] smookeur sql checked, record: langage by SmooKeur to 1501176504
14-08-17 23:09:59 [INFO] [OctoBans] smookeur sql checked, record: doubleposte by SmooKeur to 1501176801
14-08-17 23:09:59 [INFO] [OctoBans] smookeur sql checked, record: doubleposte by SmooKeur to 1501178686
14-08-17 23:09:59 [INFO] [OctoBans] smookeur sql checked, record: doubleposte by SmooKeur to 1501179652
14-08-17 23:09:59 [INFO] [OctoBans] smookeur sql checked, record: tpkill by SmooKeur to 1501263625
14-08-17 23:09:59 [INFO] [OctoBans] smookeur sql checked, record: tpkill by SmooKeur to 1501263646
14-08-17 23:09:59 [INFO] [OctoBans] smookeur sql checked, record: doubleposte by SmooKeur to 1501177603
14-08-17 23:09:59 [INFO] [OctoBans] smookeur sql checked, record: faussesinfos by SmooKeur to 1501264327
14-08-17 23:09:59 [INFO] [OctoBans] smookeur sql checked, record: doubleposte by SmooKeur to 1501178241
14-08-17 23:09:59 [INFO] [OctoBans] smookeur sql checked, record: doubleposte by SmooKeur to 1501178829
14-08-17 23:09:59 [INFO] [OctoBans] smookeur sql checked, record: spam by SmooKeur to 1501182982
14-08-17 23:09:59 [INFO] [OctoBans] smookeur sql checked, record: majuscule by SmooKeur to 1501181088
14-08-17 23:09:59 [INFO] [OctoBans] smookeur sql checked, record: langage by SmooKeur to 1501180502
14-08-17 23:09:59 [INFO] [OctoBans] smookeur sql checked, record: incitationflood by SmooKeur to 1501266337
14-08-17 23:09:59 [INFO] [OctoBans] smookeur sql checked, record: majuscule by SmooKeur to 1501180581
14-08-17 23:09:59 [INFO] [OctoBans] smookeur sql checked, record: majuscule by SmooKeur to 1501180714
14-08-17 23:09:59 [INFO] [OctoBans] smookeur sql checked, record: tpkill by SmooKeur to 1501266531
14-08-17 23:09:59 [INFO] [OctoBans] smookeur sql checked, record: tpkill by SmooKeur to 1501266538
14-08-17 23:09:59 [INFO] [OctoBans] smookeur sql checked, record: spam by SmooKeur to 1501183776
14-08-17 23:09:59 [INFO] [OctoBans] smookeur sql checked, record: majuscule by SmooKeur to 1501181397
14-08-17 23:09:59 [INFO] [OctoBans] smookeur sql checked, record: pubyt by SmooKeur to 1501183878
14-08-17 23:09:59 [INFO] [OctoBans] smookeur sql checked, record: doubleposte by SmooKeur to 1501181859
14-08-17 23:09:59 [INFO] [OctoBans] smookeur sql checked, record: doubleposte by SmooKeur to 1501181592
14-08-17 23:09:59 [INFO] [OctoBans] smookeur sql checked, record: doubleposte by SmooKeur to 1501181635
14-08-17 23:09:59 [INFO] [OctoBans] smookeur sql checked, record: majuscule by SmooKeur to 1501320755
14-08-17 23:09:59 [INFO] [OctoBans] smookeur sql checked, record: majuscule by SmooKeur to 1501317907
14-08-17 23:09:59 [INFO] [OctoBans] smookeur sql checked, record: doubleposte by SmooKeur to 1501317132
14-08-17 23:09:59 [INFO] [OctoBans] smookeur sql checked, record: spam by SmooKeur to 1501335179
14-08-17 23:09:59 [INFO] [OctoBans] smookeur sql checked, record: doubleposte by SmooKeur to 1501317638
14-08-17 23:09:59 [INFO] [OctoBans] smookeur sql checked, record: provocation by SmooKeur to 1501318339
14-08-17 23:09:59 [INFO] [OctoBans] smookeur sql checked, record: pubsrv by SmooKeur to 1501321743
14-08-17 23:09:59 [INFO] [OctoBans] smookeur sql checked, record: multicompte by SmooKeur to -1
14-08-17 23:09:59 [INFO] [OctoBans] smookeur sql checked, record: multicompte by SmooKeur to -1
14-08-17 23:09:59 [INFO] [OctoBans] smookeur sql checked, record: doubleposte by SmooKeur to 1501318904
14-08-17 23:09:59 [INFO] [OctoBans] smookeur sql checked, record: doubleposte by SmooKeur to 1501318915
14-08-17 23:09:59 [INFO] [OctoBans] smookeur sql checked, record: majuscule by SmooKeur to 1501324698
14-08-17 23:09:59 [INFO] [OctoBans] smookeur sql checked, record: multicompte by SmooKeur to -1
14-08-17 23:09:59 [INFO] [OctoBans] smookeur sql checked, record: multicompte by SmooKeur to -1
14-08-17 23:09:59 [INFO] [OctoBans] smookeur sql checked, record: doubleposte by SmooKeur to 1501324081
14-08-17 23:09:59 [INFO] [OctoBans] smookeur sql checked, record: majuscule by SmooKeur to 1501323659
14-08-17 23:09:59 [INFO] [OctoBans] smookeur sql checked, record: insulte by SmooKeur to 1501326626
14-08-17 23:09:59 [INFO] [OctoBans] smookeur sql checked, record: doubleposte by SmooKeur to 1501324833
14-08-17 23:09:59 [INFO] [OctoBans] smookeur sql checked, record: spam by SmooKeur to 1501328668
14-08-17 23:09:59 [INFO] [OctoBans] smookeur sql checked, record: doubleposte by SmooKeur to 1501326944
14-08-17 23:09:59 [INFO] [OctoBans] smookeur sql checked, record: doubleposte by SmooKeur to 1501325756
14-08-17 23:09:59 [INFO] [OctoBans] smookeur sql checked, record: majuscule by SmooKeur to 1501505088
14-08-17 23:09:59 [INFO] [OctoBans] smookeur sql checked, record: doubleposte by SmooKeur to 1501506485
14-08-17 23:09:59 [INFO] [OctoBans] smookeur sql checked, record: langage by SmooKeur to 1501503904
14-08-17 23:09:59 [INFO] [OctoBans] smookeur sql checked, record: tpkill by SmooKeur to 1501589855
14-08-17 23:09:59 [INFO] [OctoBans] smookeur sql checked, record: pubyt by SmooKeur to 1501518130
14-08-17 23:09:59 [INFO] [OctoBans] smookeur sql checked, record: spam by SmooKeur to 1501514535
14-08-17 23:09:59 [INFO] [OctoBans] smookeur sql checked, record: spam by SmooKeur to 1501528939
14-08-17 23:09:59 [INFO] [OctoBans] smookeur sql checked, record: spam by SmooKeur to 1501518238
14-08-17 23:09:59 [INFO] [OctoBans] smookeur sql checked, record: langage by SmooKeur to 1501512579
14-08-17 23:09:59 [INFO] [OctoBans] smookeur sql checked, record: doubleposte by SmooKeur to 1501512331
14-08-17 23:09:59 [INFO] [OctoBans] smookeur sql checked, record: insulte by SmooKeur to 1501516858
14-08-17 23:09:59 [INFO] [OctoBans] smookeur sql checked, record: spammp by SmooKeur to -1
14-08-17 23:09:59 [INFO] [OctoBans] smookeur sql checked, record: insulte by SmooKeur to 1501514942
14-08-17 23:09:59 [INFO] [OctoBans] smookeur sql checked, record: spammp by SmooKeur to -1
14-08-17 23:09:59 [INFO] [OctoBans] smookeur sql checked, record: doubleposte by SmooKeur to 1501678510
14-08-17 23:09:59 [INFO] [OctoBans] smookeur sql checked, record: doubleposte by SmooKeur to 1501677714
14-08-17 23:09:59 [INFO] [OctoBans] smookeur sql checked, record: langage by SmooKeur to 1501679114
14-08-17 23:09:59 [INFO] [OctoBans] smookeur sql checked, record: doubleposte by SmooKeur to 1501678874
14-08-17 23:09:59 [INFO] [OctoBans] smookeur sql checked, record: doubleposte by SmooKeur to 1501678864
14-08-17 23:09:59 [INFO] [OctoBans] smookeur sql checked, record: doubleposte by SmooKeur to 1501680643
14-08-17 23:09:59 [INFO] [OctoBans] smookeur sql checked, record: faussesinfos by SmooKeur to 1501852138
14-08-17 23:09:59 [INFO] [OctoBans] smookeur sql checked, record: doubleposte by SmooKeur to 1501680202
14-08-17 23:09:59 [INFO] [OctoBans] smookeur sql checked, record: pubyt by SmooKeur to 1501698340
14-08-17 23:09:59 [INFO] [OctoBans] smookeur sql checked, record: doubleposte by SmooKeur to 1501682162
14-08-17 23:09:59 [INFO] [OctoBans] smookeur sql checked, record: faussesinfos by SmooKeur to 1501770635
14-08-17 23:09:59 [INFO] [OctoBans] smookeur sql checked, record: trahisonforum by SmooKeur to -1
14-08-17 23:09:59 [INFO] [OctoBans] smookeur sql checked, record: spam by SmooKeur to 1501691989
14-08-17 23:09:59 [INFO] [OctoBans] smookeur sql checked, record: insultestaff by SmooKeur to 1501793097
14-08-17 23:09:59 [INFO] [OctoBans] smookeur sql checked, record: spammp by SmooKeur to -1
14-08-17 23:09:59 [INFO] [OctoBans] smookeur sql checked, record: faussesinfos by SmooKeur to 1501771727
14-08-17 23:09:59 [INFO] [OctoBans] smookeur sql checked, record: faussesinfos by SmooKeur to 1501772887
14-08-17 23:09:59 [INFO] [OctoBans] smookeur sql checked, record: faussesinfos by SmooKeur to 1501861994
14-08-17 23:09:59 [INFO] [OctoBans] smookeur sql checked, record: tpkill by SmooKeur to 1502121268
14-08-17 23:09:59 [INFO] [OctoBans] smookeur sql checked, record: doubleposte by SmooKeur to 1501689638
14-08-17 23:09:59 [INFO] [OctoBans] smookeur sql checked, record: majuscule by SmooKeur to 1501689982
14-08-17 23:09:59 [INFO] [OctoBans] smookeur sql checked, record: langage by SmooKeur to 1501695390
14-08-17 23:09:59 [INFO] [OctoBans] smookeur sql checked, record: majuscule by SmooKeur to 1501690276
14-08-17 23:09:59 [INFO] [OctoBans] smookeur sql checked, record: faussesinfos by SmooKeur to 1501863923
14-08-17 23:09:59 [INFO] [OctoBans] smookeur sql checked, record: tpkill by SmooKeur to 1501950343
14-08-17 23:09:59 [INFO] [OctoBans] smookeur sql checked, record: faussesinfos by SmooKeur to 1501864240
14-08-17 23:09:59 [INFO] [OctoBans] smookeur sql checked, record: tpkill by SmooKeur to 1501777863
14-08-17 23:09:59 [INFO] [OctoBans] smookeur sql checked, record: multicompte by SmooKeur to -1
14-08-17 23:09:59 [INFO] [OctoBans] smookeur sql checked, record: doubleposte by SmooKeur to 1501691921
14-08-17 23:09:59 [INFO] [OctoBans] smookeur sql checked, record: spam by SmooKeur to 1501695431
14-08-17 23:09:59 [INFO] [OctoBans] smookeur sql checked, record: doubleposte by SmooKeur to 1501698368
14-08-17 23:09:59 [INFO] [OctoBans] smookeur sql checked, record: faussesinfos by SmooKeur to 1501784695
14-08-17 23:09:59 [INFO] [OctoBans] smookeur sql checked, record: faussesinfos by SmooKeur to 1501784982
14-08-17 23:09:59 [INFO] [OctoBans] smookeur sql checked, record: faussesinfos by SmooKeur to 1501785166
14-08-17 23:09:59 [INFO] [OctoBans] smookeur sql checked, record: majuscule by SmooKeur to 1501700076
14-08-17 23:09:59 [INFO] [OctoBans] smookeur sql checked, record: faussesinfos by SmooKeur to 1501872538
14-08-17 23:09:59 [INFO] [OctoBans] smookeur sql checked, record: tpkill by SmooKeur to 1501786164
14-08-17 23:09:59 [INFO] [OctoBans] smookeur sql checked, record: majuscule by SmooKeur to 1501707181
14-08-17 23:09:59 [INFO] [OctoBans] smookeur sql checked, record: faussesinfos by SmooKeur to 1501791830
14-08-17 23:09:59 [INFO] [OctoBans] smookeur sql checked, record: majuscule by SmooKeur to 1501707208
14-08-17 23:09:59 [INFO] [OctoBans] smookeur sql checked, record: majuscule by SmooKeur to 1501708488
14-08-17 23:09:59 [INFO] [OctoBans] smookeur sql checked, record: majuscule by SmooKeur to 1501708597
14-08-17 23:09:59 [INFO] [OctoBans] smookeur sql checked, record: incitationflood by SmooKeur to 1501794685
14-08-17 23:09:59 [INFO] [OctoBans] smookeur sql checked, record: doubleposte by SmooKeur to 1501709253
14-08-17 23:09:59 [INFO] [OctoBans] smookeur sql checked, record: doubleposte by SmooKeur to 1501714418
14-08-17 23:09:59 [INFO] [OctoBans] smookeur sql checked, record: doubleposte by SmooKeur to 1501709626
14-08-17 23:09:59 [INFO] [OctoBans] smookeur sql checked, record: spam by SmooKeur to 1501712085
14-08-17 23:09:59 [INFO] [OctoBans] smookeur sql checked, record: langage by SmooKeur to 1501710506
14-08-17 23:09:59 [INFO] [OctoBans] smookeur sql checked, record: provocation by SmooKeur to 1501709618
14-08-17 23:09:59 [INFO] [OctoBans] smookeur sql checked, record: pubyt by SmooKeur to 1501712984
14-08-17 23:09:59 [INFO] [OctoBans] smookeur sql checked, record: doubleposte by SmooKeur to 1501709787
14-08-17 23:09:59 [INFO] [OctoBans] smookeur sql checked, record: insulte by SmooKeur to 1501712249
14-08-17 23:09:59 [INFO] [OctoBans] smookeur sql checked, record: majuscule by SmooKeur to 1501711270
14-08-17 23:09:59 [INFO] [OctoBans] smookeur sql checked, record: spammp by SmooKeur to -1
14-08-17 23:09:59 [INFO] [OctoBans] smookeur sql checked, record: pubyt by SmooKeur to 1501713910
14-08-17 23:09:59 [INFO] [OctoBans] smookeur sql checked, record: provocation by SmooKeur to 1501711246
14-08-17 23:09:59 [INFO] [OctoBans] smookeur sql checked, record: multicompte by SmooKeur to -1
14-08-17 23:09:59 [INFO] [OctoBans] smookeur sql checked, record: doubleposte by SmooKeur to 1501759687
14-08-17 23:09:59 [INFO] [OctoBans] smookeur sql checked, record: provocation by SmooKeur to 1501761075
14-08-17 23:09:59 [INFO] [OctoBans] smookeur sql checked, record: doubleposte by SmooKeur to 1501761788
14-08-17 23:09:59 [INFO] [OctoBans] smookeur sql checked, record: doubleposte by SmooKeur to 1501759187
14-08-17 23:09:59 [INFO] [OctoBans] smookeur sql checked, record: doubleposte by SmooKeur to 1501759646
14-08-17 23:09:59 [INFO] [OctoBans] smookeur sql checked, record: doubleposte by SmooKeur to 1501759384
14-08-17 23:09:59 [INFO] [OctoBans] smookeur sql checked, record: doubleposte by SmooKeur to 1501760642
14-08-17 23:09:59 [INFO] [OctoBans] smookeur sql checked, record: doubleposte by SmooKeur to 1501760049
14-08-17 23:09:59 [INFO] [OctoBans] smookeur sql checked, record: pubyt by SmooKeur to 1501770104
14-08-17 23:09:59 [INFO] [OctoBans] smookeur sql checked, record: langage by SmooKeur to 1501759930
14-08-17 23:09:59 [INFO] [OctoBans] smookeur sql checked, record: insulte by SmooKeur to 1501762281
14-08-17 23:09:59 [INFO] [OctoBans] smookeur sql checked, record: spam by SmooKeur to 1501771050
14-08-17 23:09:59 [INFO] [OctoBans] smookeur sql checked, record: insulte by SmooKeur to 1501762957
14-08-17 23:09:59 [INFO] [OctoBans] smookeur sql checked, record: doubleposte by SmooKeur to 1501763033
14-08-17 23:09:59 [INFO] [OctoBans] smookeur sql checked, record: doubleposte by SmooKeur to 1501766063
14-08-17 23:09:59 [INFO] [OctoBans] smookeur sql checked, record: doubleposte by SmooKeur to 1501764694
14-08-17 23:09:59 [INFO] [OctoBans] smookeur sql checked, record: majuscule by SmooKeur to 1501762981
14-08-17 23:09:59 [INFO] [OctoBans] smookeur sql checked, record: doubleposte by SmooKeur to 1501766286
14-08-17 23:09:59 [INFO] [OctoBans] smookeur sql checked, record: faussesinfos by SmooKeur to 1501848928
14-08-17 23:09:59 [INFO] [OctoBans] smookeur sql checked, record: tpkill by SmooKeur to 1501849103
14-08-17 23:09:59 [INFO] [OctoBans] smookeur sql checked, record: tpkill by SmooKeur to 1501853605
14-08-17 23:09:59 [INFO] [OctoBans] smookeur sql checked, record: tpkill by SmooKeur to 1501853611
14-08-17 23:09:59 [INFO] [OctoBans] smookeur sql checked, record: doubleposte by SmooKeur to 1501768475
14-08-17 23:09:59 [INFO] [OctoBans] smookeur sql checked, record: majuscule by SmooKeur to 1501769167
14-08-17 23:09:59 [INFO] [OctoBans] smookeur sql checked, record: multicompte by SmooKeur to -1
14-08-17 23:09:59 [INFO] [OctoBans] smookeur sql checked, record: tpkill by SmooKeur to 1501854467
14-08-17 23:09:59 [INFO] [OctoBans] smookeur sql checked, record: tpkill by SmooKeur to 1501854487
14-08-17 23:09:59 [INFO] [OctoBans] smookeur sql checked, record: doubleposte by SmooKeur to 1501771668
14-08-17 23:09:59 [INFO] [OctoBans] smookeur sql checked, record: faussesinfos by SmooKeur to 1502021158
14-08-17 23:09:59 [INFO] [OctoBans] smookeur sql checked, record: majuscule by SmooKeur to 1502111356
14-08-17 23:09:59 [INFO] [OctoBans] smookeur sql checked, record: incitationflood by SmooKeur to 1502196717
14-08-17 23:09:59 [INFO] [OctoBans] smookeur sql checked, record: doubleposte by SmooKeur to 1502111943
14-08-17 23:09:59 [INFO] [OctoBans] smookeur sql checked, record: doubleposte by SmooKeur to 1502118148
14-08-17 23:09:59 [INFO] [OctoBans] smookeur sql checked, record: doubleposte by SmooKeur to 1502122379
14-08-17 23:09:59 [INFO] [OctoBans] smookeur sql checked, record: doubleposte by SmooKeur to 1502120586
14-08-17 23:09:59 [INFO] [OctoBans] smookeur sql checked, record: insultestaff by SmooKeur to 1502155735
14-08-17 23:09:59 [INFO] [OctoBans] smookeur sql checked, record: spam by SmooKeur to 1502123349
14-08-17 23:09:59 [INFO] [OctoBans] smookeur sql checked, record: spam by SmooKeur to 1502126964
14-08-17 23:09:59 [INFO] [OctoBans] smookeur sql checked, record: spam by SmooKeur to 1502130673
14-08-17 23:09:59 [INFO] [OctoBans] smookeur sql checked, record: spammp by SmooKeur to -1
14-08-17 23:09:59 [INFO] [OctoBans] smookeur sql checked, record: spammp by SmooKeur to -1
14-08-17 23:09:59 [INFO] [OctoBans] smookeur sql checked, record: majuscule by SmooKeur to 1502120620
14-08-17 23:09:59 [INFO] [OctoBans] smookeur sql checked, record: spammp by SmooKeur to -1
14-08-17 23:09:59 [INFO] [OctoBans] smookeur sql checked, record: provocation by SmooKeur to 1502126997
14-08-17 23:09:59 [INFO] [OctoBans] smookeur sql checked, record: spam by SmooKeur to 1502148955
14-08-17 23:09:59 [INFO] [OctoBans] smookeur sql checked, record: spam by SmooKeur to 1502123770
14-08-17 23:09:59 [INFO] [OctoBans] smookeur sql checked, record: spam by SmooKeur to 1502127377
14-08-17 23:09:59 [INFO] [OctoBans] smookeur sql checked, record: doubleposte by SmooKeur to 1502121204
14-08-17 23:09:59 [INFO] [OctoBans] smookeur sql checked, record: doubleposte by SmooKeur to 1502121156
14-08-17 23:09:59 [INFO] [OctoBans] smookeur sql checked, record: doubleposte by SmooKeur to 1502137114
14-08-17 23:09:59 [INFO] [OctoBans] smookeur sql checked, record: spam by SmooKeur to 1502150724
14-08-17 23:09:59 [INFO] [OctoBans] smookeur sql checked, record: provocation by SmooKeur to 1502137054
14-08-17 23:09:59 [INFO] [OctoBans] smookeur sql checked, record: majuscule by SmooKeur to 1502137162
14-08-17 23:09:59 [INFO] [OctoBans] smookeur sql checked, record: faussesinfos by SmooKeur to 1502224044
14-08-17 23:09:59 [INFO] [OctoBans] smookeur sql checked, record: faussesinfos by SmooKeur to 1502310865
14-08-17 23:09:59 [INFO] [OctoBans] smookeur sql checked, record: tpkill by SmooKeur to 1502310909
14-08-17 23:09:59 [INFO] [OctoBans] smookeur sql checked, record: provocation by SmooKeur to 1502138422
14-08-17 23:09:59 [INFO] [OctoBans] smookeur sql checked, record: incitationflood by SmooKeur to 1502225136
14-08-17 23:09:59 [INFO] [OctoBans] smookeur sql checked, record: faussesinfos by SmooKeur to 1502225986
14-08-17 23:09:59 [INFO] [OctoBans] smookeur sql checked, record: tpkill by SmooKeur to 1502312407
14-08-17 23:09:59 [INFO] [OctoBans] smookeur sql checked, record: provocation by SmooKeur to 1502543916
14-08-17 23:09:59 [INFO] [OctoBans] smookeur sql checked, record: doubleposte by SmooKeur to 1502541893
14-08-17 23:09:59 [INFO] [OctoBans] smookeur sql checked, record: pubyt by SmooKeur to 1502544492
14-08-17 23:09:59 [INFO] [OctoBans] smookeur sql checked, record: multicompte by SmooKeur to -1
14-08-17 23:09:59 [INFO] [OctoBans] smookeur sql checked, record: langage by SmooKeur to 1502548136
14-08-17 23:09:59 [INFO] [OctoBans] smookeur sql checked, record: faussesinfos by SmooKeur to 1502637028
14-08-17 23:09:59 [INFO] [OctoBans] smookeur sql checked, record: tpkill by SmooKeur to 1502637062
14-08-17 23:09:59 [INFO] [OctoBans] smookeur sql checked, record: langage by SmooKeur to 1502552584
14-08-17 23:09:59 [INFO] [OctoBans] smookeur sql checked, record: doubleposte by SmooKeur to 1502553668
14-08-17 23:09:59 [INFO] [OctoBans] smookeur sql checked, record: provocation by SmooKeur to 1502552339
14-08-17 23:09:59 [INFO] [OctoBans] smookeur sql checked, record: provocation by SmooKeur to 1502556208
14-08-17 23:09:59 [INFO] [OctoBans] smookeur sql checked, record: insulte by SmooKeur to 1502557436
14-08-17 23:09:59 [INFO] [OctoBans] smookeur sql checked, record: multicompte by SmooKeur to -1
14-08-17 23:09:59 [INFO] [OctoBans] smookeur sql checked, record: multicompte by SmooKeur to -1
14-08-17 23:09:59 [INFO] [OctoBans] smookeur sql checked, record: doubleposte by SmooKeur to 1502554794
14-08-17 23:09:59 [INFO] [OctoBans] smookeur sql checked, record: multicompte by SmooKeur to -1
14-08-17 23:09:59 [INFO] [OctoBans] smookeur sql checked, record: doubleposte by SmooKeur to 1502559606
14-08-17 23:09:59 [INFO] [OctoBans] smookeur sql checked, record: doubleposte by SmooKeur to 1502568407
14-08-17 23:09:59 [INFO] [OctoBans] smookeur sql checked, record: majuscule by SmooKeur to 1502568366
14-08-17 23:09:59 [INFO] [OctoBans] smookeur sql checked, record: doubleposte by SmooKeur to 1502566729
14-08-17 23:09:59 [INFO] [OctoBans] smookeur sql checked, record: doubleposte by SmooKeur to 1502567751
14-08-17 23:09:59 [INFO] [OctoBans] smookeur sql checked, record: majuscule by SmooKeur to 1502567221
14-08-17 23:09:59 [INFO] [OctoBans] smookeur sql checked, record: majuscule by SmooKeur to 1502568439
14-08-17 23:09:59 [INFO] [OctoBans] smookeur sql checked, record: provocation by SmooKeur to 1502576822
14-08-17 23:09:59 [INFO] [OctoBans] smookeur sql checked, record: multicompte by SmooKeur to -1
14-08-17 23:09:59 [INFO] [OctoBans] smookeur sql checked, record: multicompte by SmooKeur to -1
14-08-17 23:09:59 [INFO] [OctoBans] smookeur sql checked, record: multicompte by SmooKeur to -1
14-08-17 23:09:59 [INFO] [OctoBans] smookeur sql checked, record: provocation by SmooKeur to 1502729621
14-08-17 23:09:59 [INFO] [OctoBans] smookeur sql checked, record: hack by SmooKeur to -1
14-08-17 23:09:59 [INFO] [OctoBans] smookeur sql checked, record: doubleposte by SmooKeur to 1502732771
14-08-17 23:09:59 [INFO] [OctoBans] smookeur sql checked, record: tpkill by SmooKeur to 1502817752
14-08-17 23:09:59 [INFO] [OctoBans] smookeur sql checked, record: doubleposte by SmooKeur to 1502734110
14-08-17 23:09:59 [INFO] [OctoBans] smookeur sql checked, record: doubleposte by SmooKeur to 1502735730
14-08-17 23:09:59 [INFO] [OctoBans] smookeur sql checked, record: doubleposte by SmooKeur to 1502737796
14-08-17 23:09:59 [INFO] [OctoBans] smookeur sql checked, record: incitationflood by SmooKeur to 1502909138
14-08-17 23:09:59 [INFO] [OctoBans] smookeur sql checked, record: incitationflood by SmooKeur to 1502822767
14-08-17 23:09:59 [INFO] [OctoBans] smookeur sql checked, record: doubleposte by SmooKeur to 1502742955
14-08-17 23:09:59 [INFO] [OctoBans] smookeur sql checked, record: doubleposte by SmooKeur to 1502745968
14-08-17 23:09:59 [INFO] [OctoBans] smookeur sql checked, record: doubleposte by SmooKeur to 1502747296
14-08-17 23:09:59 [INFO] [OctoBans] smookeur sql checked, record: doubleposte by SmooKeur to 1502746191
14-08-17 23:09:59 [INFO] [OctoBans] smookeur sql checked, record: insultesrv by SmooKeur to 1502762566
14-08-17 23:09:59 [INFO] [OctoBans] smookeur sql checked, record: spam by SmooKeur to 1502748192
14-08-17 23:09:59 [INFO] [OctoBans] smookeur sql checked, record: provocation by SmooKeur to 1502744907
14-08-17 23:09:59 [INFO] [OctoBans] smookeur sql checked, record: majuscule by SmooKeur to 1502745315
14-08-17 23:09:59 [INFO] [OctoBans] smookeur sql checked, record: insulte by SmooKeur to 1502747606
14-08-17 23:11:40 [INFO] [OctoBans] Wiindows punished lachemoi for: Insulte grave
14-08-17 23:13:09 [INFO] [OctoBans] teddy2502 sql checked, record: spammp by SkyKosIV to -1
14-08-17 23:20:56 [INFO] [OctoBans] JustMySkill punished miss_witer for: Double Poste
14-08-17 23:22:02 [INFO] [OctoBans] boubou37 sql checked, record: insultegrave by JustMySkill to 1502892313
14-08-17 23:23:55 [INFO] [OctoBans] JustMySkill punished minecanis for: Double Poste
14-08-17 23:25:01 [INFO] [OctoBans] woimant punished logamer for: Double Poste
14-08-17 23:25:07 [INFO] [OctoBans] lord_dictatuer sql checked, record: insultegrave by EGGSPLOSION to 1502774284
14-08-17 23:26:24 [INFO] [OctoBans] _keybot_ sql checked, record: flood by Wiindows to 1502748233
14-08-17 23:26:53 [INFO] [OctoBans] couilledeloup sql checked, record: kickautre by Steph078 to -1
14-08-17 23:26:56 [INFO] [OctoBans] SmooKeur punished julien78520 for: Double Poste
14-08-17 23:29:18 [INFO] [OctoBans] eglantinette sql checked, record: spammp by drbrine to -1
14-08-17 23:31:46 [INFO] [OctoBans] agentbidule sql checked, record: spammp by tinmar to -1
14-08-17 23:40:50 [INFO] [OctoBans] Remil punished atlas04 for: Double Poste
14-08-17 23:40:54 [INFO] [OctoBans] Remil punished valton2005 for: Double Poste
14-08-17 23:42:44 [INFO] [OctoBans] woimant punished shayloup for: Double Poste
14-08-17 23:43:26 [INFO] [OctoBans] JustMySkill punished mat335 for: Double Poste
14-08-17 23:51:36 [INFO] [OctoBans] JustMySkill punished milian_ for: Double Poste
14-08-17 23:52:14 [INFO] [OctoBans] JustMySkill punished stove83 for: Double Poste
14-08-17 23:58:37 [INFO] [OctoBans] xxheroiikxx sql checked, record: floodmp by Forway to -1
15-08-17 00:04:31 [INFO] [OctoBans] Remil punished _stilion_ for: Double Poste
15-08-17 00:08:22 [INFO] [OctoBans] Remil punished mrmano for: Incitation au flood
15-08-17 00:10:40 [INFO] [OctoBans] Wiindows punished vincent22600 for: Insulte staff
15-08-17 00:14:16 [INFO] [OctoBans] SmooKeur punished vincent22600 for: Spam /f tag
15-08-17 00:14:41 [INFO] [OctoBans] SmooKeur punished jlp22600 for: Double Poste
15-08-17 00:18:33 [INFO] [OctoBans] booba92i sql checked, record: kickautre by NeosiaNexus to -1
15-08-17 00:18:33 [INFO] [OctoBans] booba92i sql checked, record: doubleposte by Shouteur to 1502753222
15-08-17 00:19:03 [INFO] [OctoBans] JustMySkill punished awes0me for: Majuscule
15-08-17 00:19:27 [INFO] [OctoBans] Remil punished zapigame for: Insulte grave
15-08-17 00:23:00 [INFO] [OctoBans] Remil punished titidu46 for: Double Poste
15-08-17 00:24:41 [INFO] [OctoBans] Wiindows punished chronos for: Double Poste
15-08-17 00:24:54 [INFO] [OctoBans] xeloman sql checked, record: spammp by SnowEffect to -1
15-08-17 00:25:39 [INFO] [OctoBans] JustMySkill punished stove83 for: Double Poste
15-08-17 00:26:47 [INFO] [OctoBans] Remil punished titidu46 for: Spam/flood en MP
15-08-17 00:36:35 [INFO] [OctoBans] JustMySkill punished jalil_craft for: Langage incorrect
15-08-17 00:37:03 [INFO] [OctoBans] JustMySkill punished le_clodov2 for: Insulte
15-08-17 00:38:40 [INFO] [OctoBans] JustMySkill punished the_big_men for: Double Poste
15-08-17 00:39:00 [INFO] [OctoBans] JustMySkill punished blc_frr_pvp for: Double Poste
15-08-17 00:41:06 [INFO] [OctoBans] gangstardu59 sql checked, record: insultegrave by NeosiaNexus to 1502899518
15-08-17 00:45:10 [INFO] [OctoBans] JustMySkill punished jerushen1999 for: Langage incorrect
15-08-17 00:53:32 [INFO] [OctoBans] NeyTox punished syoco45 for: Publicité Youtubeur
15-08-17 00:54:53 [INFO] [OctoBans] wilson84 sql checked, record: kickautre by YTB_XxKarnageXx to -1
15-08-17 00:58:11 [INFO] [OctoBans] Remil punished mangeamoi for: Majuscule
15-08-17 00:59:47 [INFO] [OctoBans] gamix_yt sql checked, record: spammp by tinmar to -1
15-08-17 01:00:40 [INFO] [OctoBans] Remil punished osmanlitorunu for: Majuscule
15-08-17 01:09:28 [INFO] [OctoBans] stonewolf sql checked, record: spammp by SuperJojo to -1
15-08-17 01:09:28 [INFO] [OctoBans] stonewolf sql checked, record: spammp by drbrine to -1
15-08-17 01:13:53 [INFO] [OctoBans] JustMySkill punished azbanzeur for: Double Poste
15-08-17 01:14:19 [INFO] [OctoBans] JustMySkill punished stove83 for: Provocation
15-08-17 01:16:31 [INFO] [OctoBans] JustMySkill punished capitainecochon for: Langage incorrect
15-08-17 01:18:43 [INFO] [OctoBans] bboy124 sql checked, record: spammp by Remil to -1
15-08-17 01:28:03 [INFO] [OctoBans] JustMySkill punished captainckook for: Majuscule
15-08-17 01:30:17 [INFO] [OctoBans] Remil punished rocovan45 for: Majuscule
15-08-17 01:30:46 [INFO] [OctoBans] nicerush sql checked, record: insultegrave by JustMySkill to 1502897592
15-08-17 01:35:02 [INFO] [OctoBans] Remil punished theohand for: Provocation
15-08-17 01:35:31 [INFO] [OctoBans] deeprodole sql checked, record: spammp by SnowEffect to -1
15-08-17 01:35:31 [INFO] [OctoBans] deeprodole sql checked, record: spammp by Steph078 to -1
15-08-17 01:43:00 [INFO] [OctoBans] ryd3rtvv0x sql checked, record: spammp by SkyKosIV to -1
15-08-17 01:49:41 [INFO] [OctoBans] YTB_XxKarnageXx punished yaou56 for: Double Poste
15-08-17 01:57:24 [INFO] [OctoBans] YTB_XxKarnageXx punished justmyskill for: Raison inconnue
15-08-17 02:02:06 [INFO] [OctoBans] JustMySkill punished zbeubz2 for: Double Poste
15-08-17 02:02:46 [INFO] [OctoBans] JustMySkill punished lefifoudu3 for: Double Poste
15-08-17 02:02:59 [INFO] [OctoBans] JustMySkill punished cruze2014 for: Langage incorrect
15-08-17 02:03:46 [INFO] [OctoBans] zlfire49 sql checked, record: spammp by Remil to -1
15-08-17 02:04:42 [INFO] [OctoBans] Wiindows punished kapaman for: Majuscule
15-08-17 02:05:59 [INFO] [OctoBans] siruse sql checked, record: spammp by YTB_XxKarnageXx to -1
15-08-17 02:06:43 [INFO] [OctoBans] elbelladum sql checked, record: spammp by Steph078 to -1
15-08-17 02:08:43 [INFO] [OctoBans] JustMySkill punished stove83 for: Double Poste
15-08-17 02:12:28 [INFO] [OctoBans] Remil punished gamix_yt for: Langage incorrect
15-08-17 02:16:07 [INFO] [OctoBans] Remil punished azertuip for: Double Poste
15-08-17 02:24:17 [INFO] [OctoBans] Remil punished justmyskill for: Spam/flood en MP
15-08-17 02:29:26 [INFO] [OctoBans] JustMySkill punished easy for: Publicité Youtubeur
15-08-17 02:29:40 [INFO] [OctoBans] Remil punished zlfire49 for: Spam/flood en MP
15-08-17 03:03:47 [INFO] [OctoBans] Remil punished _vortex_ for: Double Poste
15-08-17 03:07:32 [INFO] [OctoBans] Wiindows punished ishaadow_ for: Double Poste
15-08-17 03:14:19 [INFO] [OctoBans] JustMySkill punished le_clodov2 for: Double Poste
15-08-17 03:14:30 [INFO] [OctoBans] JustMySkill punished octoway for: Provocation
15-08-17 03:55:58 [INFO] [OctoBans] azzymaster punished _vortex_ for: Provocation
15-08-17 04:36:46 [INFO] [OctoBans] kiragon sql checked, record: spammp by SnowEffect to -1
15-08-17 04:38:21 [INFO] [OctoBans] zlKayzen punished dark_t0x for: Double Poste
15-08-17 04:39:14 [INFO] [OctoBans] zlKayzen punished alexnorette for: Publicité Youtubeur
15-08-17 04:40:36 [INFO] [OctoBans] YTB_XxKarnageXx punished alexnorette for: Commerce hors serveur
15-08-17 04:43:53 [INFO] [OctoBans] zlKayzen punished laconnequideez for: Double Poste
15-08-17 04:57:11 [INFO] [OctoBans] zlKayzen punished hatedcqmbo for: Double Poste
15-08-17 05:05:40 [INFO] [OctoBans] grenousse_pvp sql checked, record: spammp by YTB_XxKarnageXx to -1
15-08-17 05:11:05 [INFO] [OctoBans] _Hello_Kitty punished kill3r360 for: Double Poste
15-08-17 05:15:37 [INFO] [OctoBans] zlKayzen punished legend for: Majuscule
15-08-17 05:28:42 [INFO] [OctoBans] zlKayzen punished hatedcqmbo for: Insulte
15-08-17 05:49:59 [INFO] [OctoBans] zlKayzen punished shouteurmybae for: Spam/flood
15-08-17 06:01:02 [INFO] [OctoBans] Disabling OctoBans v1.0
