08-12-17 22:31:42 [INFO] [OctoBans] File Handler successfully initialized!
08-12-17 22:31:42 [INFO] [OctoBans] SQL connection successfully etablished
08-12-17 22:31:42 [INFO] [OctoBans] Moderator Tools by Octonia.
08-12-17 22:31:47 [INFO] [OctoBans] aleksei sql checked, record: spammp by EW3L to -1
08-12-17 22:31:47 [INFO] [OctoBans] sosfight sql checked, record: doubleposte by Zayrox29 to 1512768956
08-12-17 22:31:47 [INFO] [OctoBans] dark_titix sql checked, record: insultegrave by EW3L to 1512840038
08-12-17 22:31:47 [INFO] [OctoBans] amokon sql checked, record: spammp by PoukoaMoa to -1
08-12-17 22:31:47 [INFO] [OctoBans] vix sql checked, record: spammp by Taygrax07 to -1
08-12-17 22:31:47 [INFO] [OctoBans] lexistant sql checked, record: insultegrave by drbrine to 1512803050
08-12-17 22:31:47 [INFO] [OctoBans] leminecraftien80 sql checked, record: insultegrave by EW3L to 1513045896
08-12-17 22:31:47 [INFO] [OctoBans] leminecraftien80 sql checked, record: spammp by EW3L to -1
08-12-17 22:31:47 [INFO] [OctoBans] leminecraftien80 sql checked, record: spammp by D3adOrSnipSurYTB to -1
08-12-17 22:31:47 [INFO] [OctoBans] nezox_ sql checked, record: spammp by LaKitaw to -1
08-12-17 22:31:47 [INFO] [OctoBans] nezox_ sql checked, record: spammp by D3adOrSnipSurYTB to -1
08-12-17 22:31:47 [INFO] [OctoBans] lsvg sql checked, record: spammp by FamousxRay to -1
08-12-17 22:31:47 [INFO] [OctoBans] zxbrine_ sql checked, record: spammp by Evolze to -1
08-12-17 22:31:47 [INFO] [OctoBans] zxbrine_ sql checked, record: spammp by drbrine to -1
08-12-17 22:31:47 [INFO] [OctoBans] zxbrine_ sql checked, record: spammp by EGGSPLOSION to -1
08-12-17 22:31:47 [INFO] [OctoBans] _theodu13_ sql checked, record: spammp by FamousxRay to -1
08-12-17 22:31:47 [INFO] [OctoBans] lpz_kinder sql checked, record: spammp by ToXiCz_TV to -1
08-12-17 22:31:47 [INFO] [OctoBans] lpz_kinder sql checked, record: spammp by EW3L to -1
08-12-17 22:31:47 [INFO] [OctoBans] lpz_kinder sql checked, record: spammp by EW3L to -1
08-12-17 22:31:47 [INFO] [OctoBans] lpz_kinder sql checked, record: insulte by EW3L to 1512770868
08-12-17 22:31:47 [INFO] [OctoBans] bytsuyo_ sql checked, record: spammp by Remil to -1
08-12-17 22:31:47 [INFO] [OctoBans] reborncreep sql checked, record: spammp by drbrine to -1
08-12-17 22:31:47 [INFO] [OctoBans] reborncreep sql checked, record: insultegrave by yeti2001vd to 1512896999
08-12-17 22:31:47 [INFO] [OctoBans] mrkebab sql checked, record: spammp by SmooKeur to -1
08-12-17 22:31:47 [INFO] [OctoBans] mrkebab sql checked, record: spam by yeti2001vd to 1512769548
08-12-17 22:31:47 [INFO] [OctoBans] pvp_thibaut_pvp sql checked, record: spammp by tinmar to -1
08-12-17 22:31:47 [INFO] [OctoBans] pvp_thibaut_pvp sql checked, record: spammp by SkillBOotiiS to -1
08-12-17 22:31:47 [INFO] [OctoBans] pvp_thibaut_pvp sql checked, record: spammp by pepedjo to -1
08-12-17 22:31:47 [INFO] [OctoBans] pvp_thibaut_pvp sql checked, record: spammp by tinmar to -1
08-12-17 22:31:47 [INFO] [OctoBans] pvp_thibaut_pvp sql checked, record: floodmp by FiasK0 to -1
08-12-17 22:31:47 [INFO] [OctoBans] matkiller_ sql checked, record: spammp by MisterBlazing to -1
08-12-17 22:31:47 [INFO] [OctoBans] mrqoc sql checked, record: spammp by D3adOrSnipSurYTB to -1
08-12-17 22:31:51 [INFO] [OctoBans] zix_gamme sql checked, record: spammp by drbrine to -1
08-12-17 22:31:51 [INFO] [OctoBans] zix_gamme sql checked, record: spammp by SmooKeur to -1
08-12-17 22:31:53 [INFO] [OctoBans] minecraft05_yt sql checked, record: spammp by Gamer09 to -1
08-12-17 22:31:55 [INFO] [OctoBans] lilimomopopo sql checked, record: spammp by EW3L to -1
08-12-17 22:31:55 [INFO] [OctoBans] lilimomopopo sql checked, record: spam by D3adOrSnipSurYTB to 1512782163
08-12-17 22:31:57 [INFO] [OctoBans] bokos sql checked, record: spammp by yeti2001vd to -1
08-12-17 22:31:57 [INFO] [OctoBans] bokos sql checked, record: spammp by yeti2001vd to -1
08-12-17 22:31:58 [INFO] [OctoBans] the_slash sql checked, record: spammp by pepedjo to -1
08-12-17 22:31:58 [INFO] [OctoBans] the_slash sql checked, record: spammp by drbrine to -1
08-12-17 22:31:58 [INFO] [OctoBans] the_slash sql checked, record: spammp by NeyTox to -1
08-12-17 22:31:59 [INFO] [OctoBans] clem010 sql checked, record: floodmp by NiceFR to -1
08-12-17 22:31:59 [INFO] [OctoBans] clem010 sql checked, record: homophobie by Zayrox29 to 1512820204
08-12-17 22:32:01 [INFO] [OctoBans] noirafricain sql checked, record: spammp by Zoseq to -1
08-12-17 22:32:01 [INFO] [OctoBans] noirafricain sql checked, record: spammp by EW3L to -1
08-12-17 22:32:01 [INFO] [OctoBans] noirafricain sql checked, record: spammp by EW3L to -1
08-12-17 22:32:04 [INFO] [OctoBans] wilson84 sql checked, record: spammp by OCIP_Matth to -1
08-12-17 22:32:04 [INFO] [OctoBans] wilson84 sql checked, record: spammp by ToXiCz_TV to -1
08-12-17 22:32:04 [INFO] [OctoBans] wilson84 sql checked, record: spammp by LaKitaw to -1
08-12-17 22:32:04 [INFO] [OctoBans] vevox_yt sql checked, record: spam by Hkz_Skillon to 1512772197
08-12-17 22:32:06 [INFO] [OctoBans] zumbie sql checked, record: spammp by EGGSPLOSION to -1
08-12-17 22:32:06 [INFO] [OctoBans] zumbie sql checked, record: spammp by EW3L to -1
08-12-17 22:32:09 [INFO] [OctoBans] flookie sql checked, record: insultegrave by drbrine to 1512803044
08-12-17 22:32:11 [INFO] [OctoBans] lucasdecaen sql checked, record: incitationflood by woimant to 1512845751
08-12-17 22:32:11 [INFO] [OctoBans] lucasdecaen sql checked, record: insultegrave by drbrine to 1512803076
08-12-17 22:32:32 [INFO] [OctoBans] keezy sql checked, record: spammp by LeRe to -1
08-12-17 22:32:32 [INFO] [OctoBans] keezy sql checked, record: spammp by LeRe to -1
08-12-17 22:32:32 [INFO] [OctoBans] keezy sql checked, record: spammp by ToXiCz_TV to -1
08-12-17 22:32:32 [INFO] [OctoBans] keezy sql checked, record: spammp by FamousxRay to -1
08-12-17 22:32:32 [INFO] [OctoBans] zabilotero sql checked, record: spammp by SmooKeur to -1
08-12-17 22:32:33 [INFO] [OctoBans] mgk_tozzzz sql checked, record: spammp by drbrine to -1
08-12-17 22:32:35 [INFO] [OctoBans] noragev12 sql checked, record: spammp by Shainko to -1
08-12-17 22:32:37 [INFO] [OctoBans] kabcrast sql checked, record: spammp by Gamer09 to -1
08-12-17 22:32:39 [INFO] [OctoBans] griziman59 sql checked, record: insultegrave by Taygrax07 to 1512796495
08-12-17 22:32:41 [INFO] [OctoBans] sawidead sql checked, record: spammp by Fall0w_ to -1
08-12-17 22:32:41 [INFO] [OctoBans] sawidead sql checked, record: insultegrave by NiceFR to 1512799683
08-12-17 22:32:42 [INFO] [OctoBans] EW3L punished rality80 for: Majuscule
08-12-17 22:32:42 [INFO] [OctoBans] geek_jimmy sql checked, record: spammp by NiceFR to -1
08-12-17 22:32:45 [INFO] [OctoBans] _topui_ sql checked, record: spammp by EW3L to -1
08-12-17 22:32:45 [INFO] [OctoBans] thefenris32 sql checked, record: spammp by Remil to -1
08-12-17 22:32:45 [INFO] [OctoBans] thefenris32 sql checked, record: provocation by D3adOrSnipSurYTB to 1512769040
08-12-17 22:32:47 [INFO] [OctoBans] letoutfeu sql checked, record: doubleposte by Zayrox29 to 1512768951
08-12-17 22:32:51 [INFO] [OctoBans] EW3L punished nezox_ for: Spam/flood
08-12-17 22:32:53 [INFO] [OctoBans] killyan sql checked, record: spammp by EW3L to -1
08-12-17 22:32:53 [INFO] [OctoBans] killyan sql checked, record: insultegrave by drbrine to 1512803127
08-12-17 22:33:03 [INFO] [OctoBans] NiceFR punished xxkiki27xx for: TpKill
08-12-17 22:33:10 [INFO] [OctoBans] manyl93 sql checked, record: spammp by OCIP_Matth to -1
08-12-17 22:33:18 [INFO] [OctoBans] NiceFR punished letoutfeu for: TpKill
08-12-17 22:33:19 [INFO] [OctoBans] dodole1 sql checked, record: spammp by PoukoaMoa to -1
08-12-17 22:33:19 [INFO] [OctoBans] dodole1 sql checked, record: spammp by OCIP_Matth to -1
08-12-17 22:33:19 [INFO] [OctoBans] dodole1 sql checked, record: spammp by Remil to -1
08-12-17 22:33:19 [INFO] [OctoBans] dodole1 sql checked, record: spammp by LaKitaw to -1
08-12-17 22:33:19 [INFO] [OctoBans] dodole1 sql checked, record: spam by Zayrox29 to 1512804318
08-12-17 22:33:26 [INFO] [OctoBans] amgaming sql checked, record: spammp by woimant to -1
08-12-17 22:33:27 [INFO] [OctoBans] petitkevin sql checked, record: insultegrave by NiceFR to 1512835779
08-12-17 22:33:27 [INFO] [OctoBans] iswiiizi sql checked, record: spammp by Evolze to -1
08-12-17 22:33:29 [INFO] [OctoBans] by_fly sql checked, record: insultegrave by drbrine to 1512803038
08-12-17 22:33:50 [INFO] [OctoBans] EW3L punished weetiix for: Provocation
08-12-17 22:33:54 [INFO] [OctoBans] harst_ sql checked, record: spammp by FiasK0 to -1
08-12-17 22:34:03 [INFO] [OctoBans] mayeul sql checked, record: spammp by SmooKeur to -1
08-12-17 22:34:03 [INFO] [OctoBans] captainenergy sql checked, record: spammp by FamousxRay to -1
08-12-17 22:34:09 [INFO] [OctoBans] EW3L punished blackshootgaming for: Double Poste
08-12-17 22:34:09 [INFO] [OctoBans] NiceFR punished zodux for: TpKill
08-12-17 22:34:23 [INFO] [OctoBans] athes974 sql checked, record: spammp by FamousxRay to -1
08-12-17 22:34:45 [INFO] [OctoBans] azmak sql checked, record: spammp by Bucky57 to -1
08-12-17 22:35:02 [INFO] [OctoBans] nakzu_u sql checked, record: spammp by PoukoaMoa to -1
08-12-17 22:35:02 [INFO] [OctoBans] nakzu_u sql checked, record: spammp by PoukoaMoa to -1
08-12-17 22:35:02 [INFO] [OctoBans] nakzu_u sql checked, record: incitationflood by OCIP_Matth to 1512834868
08-12-17 22:35:09 [INFO] [OctoBans] xxdubeskillsxx sql checked, record: spammp by FamousxRay to -1
08-12-17 22:35:32 [INFO] [OctoBans] NiceFR punished iswiiizi for: Insulte staff
08-12-17 22:35:39 [INFO] [OctoBans] reqz_ sql checked, record: spammp by FiasK0 to -1
08-12-17 22:35:57 [INFO] [OctoBans] maxougaming sql checked, record: spammp by LeRe to -1
08-12-17 22:35:57 [INFO] [OctoBans] maxougaming sql checked, record: spammp by Taygrax07 to -1
08-12-17 22:35:57 [INFO] [OctoBans] maxougaming sql checked, record: spammp by OCIP_Matth to -1
08-12-17 22:35:57 [INFO] [OctoBans] maxougaming sql checked, record: spammp by drbrine to -1
08-12-17 22:35:57 [INFO] [OctoBans] maxougaming sql checked, record: spammp by OCIP_Matth to -1
08-12-17 22:35:57 [INFO] [OctoBans] maxougaming sql checked, record: spammp by SmooKeur to -1
08-12-17 22:35:57 [INFO] [OctoBans] maxougaming sql checked, record: spammp by SmooKeur to -1
08-12-17 22:35:57 [INFO] [OctoBans] maxougaming sql checked, record: spammp by Evolze to -1
08-12-17 22:36:27 [INFO] [OctoBans] grospvp sql checked, record: spammp by EGGSPLOSION to -1
08-12-17 22:36:41 [INFO] [OctoBans] hkz_skillon sql checked, record: spammp by OCIP_Matth to -1
08-12-17 22:36:43 [INFO] [OctoBans] sohard_ sql checked, record: spam by woimant to 1512776741
08-12-17 22:36:59 [INFO] [OctoBans] xxmikingx_ytb sql checked, record: spam by LaKitaw to 1512772414
08-12-17 22:37:20 [INFO] [OctoBans] ooshinichikudoo sql checked, record: spammp by OCIP_Matth to -1
08-12-17 22:38:26 [INFO] [OctoBans] deniz sql checked, record: spammp by SmooKeur to -1
08-12-17 22:39:09 [INFO] [OctoBans] Hkz_Skillon punished swokip for: Double Poste
08-12-17 22:39:39 [INFO] [OctoBans] EW3L punished amokon for: Double Poste
08-12-17 22:39:47 [INFO] [OctoBans] zoroto sql checked, record: spammp by Ceraiste to -1
08-12-17 22:40:02 [INFO] [OctoBans] karlwill sql checked, record: doubleposte by EGGSPLOSION to 1512769967
08-12-17 22:40:03 [INFO] [OctoBans] darryl1 sql checked, record: spammp by FiasK0 to -1
08-12-17 22:42:01 [INFO] [OctoBans] Hkz_Skillon punished manyl93 for: Provocation
08-12-17 22:42:16 [INFO] [OctoBans] neytox sql checked, record: spammp by NeyTox to -1
08-12-17 22:44:39 [INFO] [OctoBans] romudu269 sql checked, record: provocation by Zayrox29 to 1512779287
08-12-17 22:44:52 [INFO] [OctoBans] softspringer sql checked, record: spammp by LaKitaw to -1
08-12-17 22:45:32 [INFO] [OctoBans] nrgx_sh4d0w sql checked, record: spammp by NeyTox to -1
08-12-17 22:45:40 [INFO] [OctoBans] arakword sql checked, record: doubleposte by Hkz_Skillon to 1512769618
08-12-17 22:46:34 [INFO] [OctoBans] sosodidi sql checked, record: spammp by Zoseq to -1
08-12-17 22:47:29 [INFO] [OctoBans] thecrane sql checked, record: spammp by WeeZix to -1
08-12-17 22:47:47 [INFO] [OctoBans] NeyTox punished akizumisama for: Publicité Youtubeur
08-12-17 22:48:51 [INFO] [OctoBans] EW3L punished wilson84 for: Insulte grave
08-12-17 22:49:37 [INFO] [OctoBans] jusde sql checked, record: spammp by Zoseq to -1
08-12-17 22:49:42 [INFO] [OctoBans] NeyTox punished arakword for: Spam/flood
08-12-17 22:50:22 [INFO] [OctoBans] EW3L punished zumbie for: Insulte grave
08-12-17 22:50:58 [INFO] [OctoBans] Hkz_Skillon punished snackidoupsurytb for: Majuscule
08-12-17 22:54:10 [INFO] [OctoBans] jesuislepepsi sql checked, record: spammp by Remil to -1
08-12-17 22:55:08 [INFO] [OctoBans] NeyTox punished diablix_59 for: Double Poste
08-12-17 22:56:13 [INFO] [OctoBans] Hkz_Skillon punished thefenris32 for: Majuscule
08-12-17 22:57:15 [INFO] [OctoBans] wiroox sql checked, record: spammp by WeeZix to -1
08-12-17 22:57:15 [INFO] [OctoBans] wiroox sql checked, record: spammp by FiasK0 to -1
08-12-17 22:57:15 [INFO] [OctoBans] wiroox sql checked, record: spammp by WeeZix to -1
08-12-17 22:57:15 [INFO] [OctoBans] wiroox sql checked, record: spammp by Remil to -1
08-12-17 22:57:15 [INFO] [OctoBans] wiroox sql checked, record: spammp by WeeZix to -1
08-12-17 22:58:03 [INFO] [OctoBans] skhey sql checked, record: spammp by Remil to -1
08-12-17 22:58:38 [INFO] [OctoBans] batte sql checked, record: spammp by yeti2001vd to -1
08-12-17 23:00:51 [INFO] [OctoBans] EW3L punished jesuislepepsi for: Insulte grave
08-12-17 23:01:01 [INFO] [OctoBans] NeyTox punished weetiix for: Provocation
08-12-17 23:02:18 [INFO] [OctoBans] killerboydu13 sql checked, record: spammp by Evolze to -1
08-12-17 23:02:18 [INFO] [OctoBans] killerboydu13 sql checked, record: spammp by KelianHD to -1
08-12-17 23:02:18 [INFO] [OctoBans] killerboydu13 sql checked, record: spammp by OCIP_Matth to -1
08-12-17 23:02:18 [INFO] [OctoBans] killerboydu13 sql checked, record: spammp by EW3L to -1
08-12-17 23:02:33 [INFO] [OctoBans] NeyTox punished weetiix for: Insulte staff
08-12-17 23:03:03 [INFO] [OctoBans] LaKitaw punished aldorbest for: TpKill
08-12-17 23:04:22 [INFO] [OctoBans] EW3L punished manyl93 for: Double Poste
08-12-17 23:04:46 [INFO] [OctoBans] NeyTox punished manyl93 for: Insulte grave
08-12-17 23:10:53 [INFO] [OctoBans] zrk_warthog sql checked, record: spammp by MisterBlazing to -1
08-12-17 23:11:12 [INFO] [OctoBans] zeusi sql checked, record: majuscule by OCIP_Matth to 1512771390
08-12-17 23:14:41 [INFO] [OctoBans] maxoupvp sql checked, record: spammp by LeRe to -1
08-12-17 23:14:41 [INFO] [OctoBans] maxoupvp sql checked, record: spammp by drbrine to -1
08-12-17 23:15:02 [INFO] [OctoBans] NeyTox punished marwanid for: Spam/flood
08-12-17 23:16:34 [INFO] [OctoBans] fabio sql checked, record: insultegrave by drbrine to 1512875985
08-12-17 23:19:02 [INFO] [OctoBans] bersack sql checked, record: insultesrv by ToXiCz_TV to 1512775242
08-12-17 23:19:15 [INFO] [OctoBans] EW3L punished yeti2001vd for: Incitation au flood
08-12-17 23:20:21 [INFO] [OctoBans] _aubergine_ sql checked, record: spammp by SkillBOotiiS to -1
08-12-17 23:20:21 [INFO] [OctoBans] _aubergine_ sql checked, record: spam by Hkz_Skillon to 1512776269
08-12-17 23:20:47 [INFO] [OctoBans] gamix_yt sql checked, record: spammp by Zayrox29 to -1
08-12-17 23:27:49 [INFO] [OctoBans] vagosts sql checked, record: spammp by yeti2001vd to -1
08-12-17 23:27:49 [INFO] [OctoBans] vagosts sql checked, record: spammp by FamousxRay to -1
08-12-17 23:28:59 [INFO] [OctoBans] _avirox sql checked, record: spammp by ToXiCz_TV to -1
08-12-17 23:28:59 [INFO] [OctoBans] _avirox sql checked, record: floodmp by NiceFR to -1
08-12-17 23:28:59 [INFO] [OctoBans] _avirox sql checked, record: spammp by EGGSPLOSION to -1
08-12-17 23:28:59 [INFO] [OctoBans] _avirox sql checked, record: spammp by Zoseq to -1
08-12-17 23:29:35 [INFO] [OctoBans] je_rush_en_z sql checked, record: spammp by LaKitaw to -1
08-12-17 23:34:37 [INFO] [OctoBans] mattys0403 sql checked, record: spammp by pepedjo to -1
08-12-17 23:34:37 [INFO] [OctoBans] mattys0403 sql checked, record: spammp by pepedjo to -1
08-12-17 23:34:37 [INFO] [OctoBans] mattys0403 sql checked, record: spammp by Remil to -1
08-12-17 23:34:55 [INFO] [OctoBans] buslondon sql checked, record: spammp by OCIP_Matth to -1
08-12-17 23:36:55 [INFO] [OctoBans] NeyTox punished buslondon for: Double Poste
08-12-17 23:42:31 [INFO] [OctoBans] blastninja sql checked, record: spammp by LeRe to -1
08-12-17 23:42:31 [INFO] [OctoBans] blastninja sql checked, record: spammp by Zoseq to -1
08-12-17 23:45:31 [INFO] [OctoBans] pouletgriller sql checked, record: spammp by Gamer09 to -1
08-12-17 23:45:31 [INFO] [OctoBans] pouletgriller sql checked, record: spammp by ToXiCz_TV to -1
08-12-17 23:47:59 [INFO] [OctoBans] firexpower666_ sql checked, record: spammp by tinmar to -1
08-12-17 23:50:38 [INFO] [OctoBans] aexraptorz sql checked, record: spammp by Remil to -1
08-12-17 23:51:02 [INFO] [OctoBans] tigro17 sql checked, record: spammp by ToXiCz_TV to -1
08-12-17 23:51:02 [INFO] [OctoBans] tigro17 sql checked, record: tpkill by OCIP_Matth to 1512841093
08-12-17 23:59:16 [INFO] [OctoBans] dark_titix sql checked, record: insultegrave by EW3L to 1512840038
09-12-17 00:03:15 [INFO] [OctoBans] grenousse_pvp sql checked, record: spammp by SmooKeur to -1
09-12-17 00:03:49 [INFO] [OctoBans] parfor sql checked, record: insultegrave by woimant to 1512800117
09-12-17 00:05:11 [INFO] [OctoBans] NeyTox punished killerboydu13 for: Majuscule
09-12-17 00:06:09 [INFO] [OctoBans] starman54 sql checked, record: incitationflood by SmooKeur to 1512820915
09-12-17 00:13:50 [INFO] [OctoBans] NeyTox punished zozomar86 for: Majuscule
09-12-17 00:16:24 [INFO] [OctoBans] NeyTox punished xxdiogo95xx for: Double Poste
09-12-17 00:25:13 [INFO] [OctoBans] seyyde_ sql checked, record: spammp by Gamer09 to -1
09-12-17 00:29:22 [INFO] [OctoBans] NeyTox punished mrqoc for: Spam/flood
09-12-17 00:30:40 [INFO] [OctoBans] mixi24 sql checked, record: tpkill by NeyTox to 1512846977
09-12-17 00:33:04 [INFO] [OctoBans] FiasK0 punished roma for: Majuscule
09-12-17 00:38:22 [INFO] [OctoBans] FiasK0 punished eric125 for: Langage incorrect
09-12-17 00:40:49 [INFO] [OctoBans] drbrine punished zxbrine_ for: Spam/flood en MP
09-12-17 00:43:03 [INFO] [OctoBans] NeyTox punished pioupiou94 for: Spam/flood
09-12-17 00:46:28 [INFO] [OctoBans] sangoku sql checked, record: spammp by yeti2001vd to -1
09-12-17 01:03:38 [INFO] [OctoBans] ozmog_yt sql checked, record: spammp by Remil to -1
09-12-17 01:03:38 [INFO] [OctoBans] ozmog_yt sql checked, record: spammp by OCIP_Matth to -1
09-12-17 01:03:38 [INFO] [OctoBans] ozmog_yt sql checked, record: spammp by KelianHD to -1
09-12-17 01:09:13 [INFO] [OctoBans] okonore sql checked, record: spammp by Gamer09 to -1
09-12-17 01:10:45 [INFO] [OctoBans] FiasK0 punished racid for: Insulte grave
09-12-17 01:26:30 [INFO] [OctoBans] FiasK0 punished sosfight for: Provocation
09-12-17 01:28:31 [INFO] [OctoBans] FiasK0 punished nezox_ for: TpKill
09-12-17 01:28:44 [INFO] [OctoBans] NeyTox punished neverfulll_ for: Majuscule
09-12-17 01:30:25 [INFO] [OctoBans] FiasK0 punished gamix_yt for: Majuscule
09-12-17 01:35:05 [INFO] [OctoBans] FiasK0 punished sangoku for: Provocation
09-12-17 01:43:11 [INFO] [OctoBans] NeyTox punished the_slash for: Spam/flood
09-12-17 01:47:39 [INFO] [OctoBans] FiasK0 punished bannanitoytb for: Majuscule
09-12-17 01:59:10 [INFO] [OctoBans] FiasK0 punished zxbrine_ for: Langage incorrect
09-12-17 04:58:40 [INFO] [OctoBans] zarteck09 sql checked, record: spammp by Hkz_Skillon to -1
09-12-17 05:28:17 [INFO] [OctoBans] snoxx_ sql checked, record: spammp by Kyabe to -1
09-12-17 05:28:17 [INFO] [OctoBans] snoxx_ sql checked, record: spammp by Zoseq to -1
09-12-17 05:28:17 [INFO] [OctoBans] snoxx_ sql checked, record: spammp by tinmar to -1
09-12-17 05:28:17 [INFO] [OctoBans] snoxx_ sql checked, record: spammp by tinmar to -1
09-12-17 06:01:01 [INFO] [OctoBans] Disabling OctoBans v1.0
