06-11-17 22:31:43 [INFO] [OctoBans] File Handler successfully initialized!
06-11-17 22:31:43 [INFO] [OctoBans] SQL connection successfully etablished
06-11-17 22:31:43 [INFO] [OctoBans] Moderator Tools by Octonia.
06-11-17 22:31:49 [INFO] [OctoBans] marseillekalash sql checked, record: spammp by Gamer09 to -1
06-11-17 22:31:49 [INFO] [OctoBans] marseillekalash sql checked, record: pubyt by KelianHD to 1510006254
06-11-17 22:31:49 [INFO] [OctoBans] marseillekalash sql checked, record: spam by NeyTox to 1510010807
06-11-17 22:31:49 [INFO] [OctoBans] serge58 sql checked, record: spammp by pepedjo to -1
06-11-17 22:31:49 [INFO] [OctoBans] bfa69 sql checked, record: spammp by millardm to -1
06-11-17 22:31:49 [INFO] [OctoBans] elfideltia sql checked, record: spam by SkillBOotiiS to 1510006712
06-11-17 22:33:26 [INFO] [OctoBans] blacorino sql checked, record: doubleposte by NeyTox to 1510004680
06-11-17 22:34:20 [INFO] [OctoBans] superb3b3 sql checked, record: spammp by Evolze to -1
06-11-17 22:34:20 [INFO] [OctoBans] superb3b3 sql checked, record: spammp by Evolze to -1
06-11-17 22:37:39 [INFO] [OctoBans] SkillBOotiiS punished torpail for: Spam/flood
06-11-17 22:38:04 [INFO] [OctoBans] ozmog_yt sql checked, record: spammp by Remil to -1
06-11-17 22:38:04 [INFO] [OctoBans] ozmog_yt sql checked, record: spammp by OCIP_Matth to -1
06-11-17 22:43:53 [INFO] [OctoBans] maxencecraftytb sql checked, record: spammp by EGGSPLOSION to -1
06-11-17 22:43:53 [INFO] [OctoBans] maxencecraftytb sql checked, record: spammp by EGGSPLOSION to -1
06-11-17 22:43:53 [INFO] [OctoBans] maxencecraftytb sql checked, record: spammp by Zoseq to -1
06-11-17 22:43:53 [INFO] [OctoBans] maxencecraftytb sql checked, record: spammp by Zoseq to -1
06-11-17 22:46:34 [INFO] [OctoBans] uu_uu sql checked, record: spammp by Remil to -1
06-11-17 22:47:54 [INFO] [OctoBans] noirafricain sql checked, record: spammp by Zoseq to -1
06-11-17 22:58:30 [INFO] [OctoBans] cocacola62 sql checked, record: spammp by Kyabe to -1
06-11-17 23:01:16 [INFO] [OctoBans] guezmann sql checked, record: spammp by infinitim to -1
06-11-17 23:01:16 [INFO] [OctoBans] guezmann sql checked, record: insultegrave by OCIP_Matth to 1510024626
06-11-17 23:07:15 [INFO] [OctoBans] the_slash sql checked, record: spam by NeyTox to 1510025202
06-11-17 23:25:06 [INFO] [OctoBans] zbeubz sql checked, record: spammp by KelianHD to -1
06-11-17 23:25:06 [INFO] [OctoBans] zbeubz sql checked, record: spammp by pepedjo to -1
06-11-17 23:26:10 [INFO] [OctoBans] xx_biom_xx sql checked, record: spammp by Spovly to -1
06-11-17 23:27:32 [INFO] [OctoBans] virocl sql checked, record: spammp by Antoine57565 to -1
07-11-17 00:04:20 [INFO] [OctoBans] maxoupvp sql checked, record: spammp by LeRe to -1
07-11-17 00:14:00 [INFO] [OctoBans] swichdi sql checked, record: spammp by Gamer09 to -1
07-11-17 00:40:21 [INFO] [OctoBans] KelianHD punished camaro for: Double Poste
07-11-17 00:55:59 [INFO] [OctoBans] KelianHD punished muna_a_le_titoy for: Spam/flood en MP
07-11-17 01:01:28 [INFO] [OctoBans] KelianHD punished pulsar for: Double Poste
07-11-17 01:28:52 [INFO] [OctoBans] uu_uu sql checked, record: spammp by Remil to -1
07-11-17 01:44:38 [INFO] [OctoBans] NeyTox punished fabubu for: Majuscule
07-11-17 01:47:08 [INFO] [OctoBans] NeyTox punished bfa69 for: Provocation
07-11-17 02:24:57 [INFO] [OctoBans] killerboydu13 sql checked, record: spammp by Evolze to -1
07-11-17 06:01:01 [INFO] [OctoBans] Disabling OctoBans v1.0
