15-12-17 22:31:42 [INFO] [OctoBans] File Handler successfully initialized!
15-12-17 22:31:42 [INFO] [OctoBans] SQL connection successfully etablished
15-12-17 22:31:42 [INFO] [OctoBans] Moderator Tools by Octonia.
15-12-17 22:31:46 [INFO] [OctoBans] roi_du_rush sql checked, record: spammp by FiasK0 to -1
15-12-17 22:31:46 [INFO] [OctoBans] zxbrine_ sql checked, record: spammp by Evolze to -1
15-12-17 22:31:46 [INFO] [OctoBans] zxbrine_ sql checked, record: spammp by drbrine to -1
15-12-17 22:31:46 [INFO] [OctoBans] zxbrine_ sql checked, record: spammp by EGGSPLOSION to -1
15-12-17 22:31:46 [INFO] [OctoBans] zxbrine_ sql checked, record: spammp by drbrine to -1
15-12-17 22:31:46 [INFO] [OctoBans] zxbrine_ sql checked, record: spammp by MrKebab to -1
15-12-17 22:31:46 [INFO] [OctoBans] zxbrine_ sql checked, record: insultegrave by FiasK0 to 1513408978
15-12-17 22:31:46 [INFO] [OctoBans] vix sql checked, record: spammp by Taygrax07 to -1
15-12-17 22:31:46 [INFO] [OctoBans] vix sql checked, record: spammp by EW3L to -1
15-12-17 22:31:47 [INFO] [OctoBans] nezox_ sql checked, record: spammp by LaKitaw to -1
15-12-17 22:31:47 [INFO] [OctoBans] nezox_ sql checked, record: spammp by D3adOrSnipSurYTB to -1
15-12-17 22:31:47 [INFO] [OctoBans] nezox_ sql checked, record: spammp by PseudooNull to -1
15-12-17 22:31:47 [INFO] [OctoBans] prozeur sql checked, record: spammp by LaKitaw to -1
15-12-17 22:31:47 [INFO] [OctoBans] lpz_kinder sql checked, record: spammp by ToXiCz_TV to -1
15-12-17 22:31:47 [INFO] [OctoBans] lpz_kinder sql checked, record: spammp by EW3L to -1
15-12-17 22:31:47 [INFO] [OctoBans] lpz_kinder sql checked, record: spammp by EW3L to -1
15-12-17 22:31:47 [INFO] [OctoBans] zarteck09 sql checked, record: spammp by Hkz_Skillon to -1
15-12-17 22:31:47 [INFO] [OctoBans] zarteck09 sql checked, record: spammp by MrKebab to -1
15-12-17 22:31:47 [INFO] [OctoBans] mayeul sql checked, record: spammp by SmooKeur to -1
15-12-17 22:31:50 [INFO] [OctoBans] atsuky sql checked, record: insultegrave by Remil to 1513415530
15-12-17 22:31:50 [INFO] [OctoBans] atsuky sql checked, record: insultegrave by NeyTox to 1513549553
15-12-17 22:31:59 [INFO] [OctoBans] clem010 sql checked, record: floodmp by NiceFR to -1
15-12-17 22:31:59 [INFO] [OctoBans] clem010 sql checked, record: insultegrave by MrKebab to 1513426225
15-12-17 22:31:59 [INFO] [OctoBans] clem010 sql checked, record: spammp by FiasK0 to -1
15-12-17 22:31:59 [INFO] [OctoBans] clem010 sql checked, record: spammp by Bucky57 to -1
15-12-17 22:31:59 [INFO] [OctoBans] clem010 sql checked, record: spammp by SkillBOotiiS to -1
15-12-17 22:32:09 [INFO] [OctoBans] reborncreep sql checked, record: spammp by drbrine to -1
15-12-17 22:32:16 [INFO] [OctoBans] seyyde_ sql checked, record: spammp by Gamer09 to -1
15-12-17 22:32:16 [INFO] [OctoBans] seyyde_ sql checked, record: spammp by Evolze to -1
15-12-17 22:32:16 [INFO] [OctoBans] seyyde_ sql checked, record: spammp by ToXiCz_TV to -1
15-12-17 22:32:24 [INFO] [OctoBans] pvp_thibaut_pvp sql checked, record: spammp by tinmar to -1
15-12-17 22:32:24 [INFO] [OctoBans] pvp_thibaut_pvp sql checked, record: spammp by SkillBOotiiS to -1
15-12-17 22:32:24 [INFO] [OctoBans] pvp_thibaut_pvp sql checked, record: spammp by pepedjo to -1
15-12-17 22:32:24 [INFO] [OctoBans] pvp_thibaut_pvp sql checked, record: spammp by tinmar to -1
15-12-17 22:32:24 [INFO] [OctoBans] pvp_thibaut_pvp sql checked, record: floodmp by FiasK0 to -1
15-12-17 22:32:36 [INFO] [OctoBans] nakzu_u sql checked, record: spammp by PoukoaMoa to -1
15-12-17 22:32:36 [INFO] [OctoBans] nakzu_u sql checked, record: spammp by PoukoaMoa to -1
15-12-17 22:32:38 [INFO] [OctoBans] xxdubeskillsxx sql checked, record: spammp by FamousxRay to -1
15-12-17 22:32:40 [INFO] [OctoBans] pablo sql checked, record: spammp by OCIP_Matth to -1
15-12-17 22:32:50 [INFO] [OctoBans] xx_after_xx sql checked, record: spammp by FiasK0 to -1
15-12-17 22:32:52 [INFO] [OctoBans] xx_biom_xx sql checked, record: spammp by Spovly to -1
15-12-17 22:32:57 [INFO] [OctoBans] noragev12 sql checked, record: spammp by Shainko to -1
15-12-17 22:34:00 [INFO] [OctoBans] Koeseb97 punished superwass for: Double Poste
15-12-17 22:34:45 [INFO] [OctoBans] octonono sql checked, record: majuscule by Koeseb97 to 1513373862
15-12-17 22:34:52 [INFO] [OctoBans] capitainecochon sql checked, record: spammp by Remil to -1
15-12-17 22:34:52 [INFO] [OctoBans] capitainecochon sql checked, record: spammp by tinmar to -1
15-12-17 22:35:20 [INFO] [OctoBans] the_slash sql checked, record: spammp by pepedjo to -1
15-12-17 22:35:20 [INFO] [OctoBans] the_slash sql checked, record: spammp by drbrine to -1
15-12-17 22:35:20 [INFO] [OctoBans] the_slash sql checked, record: spammp by NeyTox to -1
15-12-17 22:35:20 [INFO] [OctoBans] the_slash sql checked, record: incitationflood by Zayrox29 to 1513451617
15-12-17 22:37:34 [INFO] [OctoBans] batte sql checked, record: spammp by yeti2001vd to -1
15-12-17 22:37:39 [INFO] [OctoBans] EGGSPLOSION punished px_skillpvpyt for: Majuscule
15-12-17 22:38:04 [INFO] [OctoBans] EGGSPLOSION punished nakzu_u for: Insulte
15-12-17 22:38:28 [INFO] [OctoBans] Koeseb97 punished lebossoreiller for: Majuscule
15-12-17 22:38:50 [INFO] [OctoBans] bytsuyo_ sql checked, record: spammp by Remil to -1
15-12-17 22:40:01 [INFO] [OctoBans] Koeseb97 punished batte for: Double Poste
15-12-17 22:40:41 [INFO] [OctoBans] Koeseb97 punished batte for: Insulte grave
15-12-17 22:42:19 [INFO] [OctoBans] hayden_frost sql checked, record: spammp by OCIP_Matth to -1
15-12-17 22:43:33 [INFO] [OctoBans] sebasti_1 sql checked, record: spammp by OCIP_Matth to -1
15-12-17 22:43:33 [INFO] [OctoBans] sebasti_1 sql checked, record: spammp by LaKitaw to -1
15-12-17 22:43:33 [INFO] [OctoBans] sebasti_1 sql checked, record: spammp by Remil to -1
15-12-17 22:44:06 [INFO] [OctoBans] virocl sql checked, record: spammp by PseudooNull to -1
15-12-17 22:44:17 [INFO] [OctoBans] ozmog_yt sql checked, record: spammp by Remil to -1
15-12-17 22:44:17 [INFO] [OctoBans] ozmog_yt sql checked, record: spammp by OCIP_Matth to -1
15-12-17 22:44:17 [INFO] [OctoBans] ozmog_yt sql checked, record: spammp by KelianHD to -1
15-12-17 22:44:17 [INFO] [OctoBans] ozmog_yt sql checked, record: spammp by SkillBOotiiS to -1
15-12-17 22:44:17 [INFO] [OctoBans] ozmog_yt sql checked, record: spammp by FiasK0 to -1
15-12-17 22:45:42 [INFO] [OctoBans] zumbie sql checked, record: spammp by EGGSPLOSION to -1
15-12-17 22:45:42 [INFO] [OctoBans] zumbie sql checked, record: spammp by EW3L to -1
15-12-17 22:45:54 [INFO] [OctoBans] sosfight sql checked, record: majuscule by D3adOrSnipSurYTB to 1513375336
15-12-17 22:47:15 [INFO] [OctoBans] Zayrox29 punished ptitechocolatine for: Double Poste
15-12-17 22:47:45 [INFO] [OctoBans] pouletgriller sql checked, record: spammp by Gamer09 to -1
15-12-17 22:47:45 [INFO] [OctoBans] pouletgriller sql checked, record: spammp by ToXiCz_TV to -1
15-12-17 22:48:26 [INFO] [OctoBans] Bucky57 punished pulsar for: Provocation
15-12-17 22:48:40 [INFO] [OctoBans] leminecraftien80 sql checked, record: spammp by EW3L to -1
15-12-17 22:48:40 [INFO] [OctoBans] leminecraftien80 sql checked, record: spammp by D3adOrSnipSurYTB to -1
15-12-17 22:48:40 [INFO] [OctoBans] leminecraftien80 sql checked, record: spammp by FiasK0 to -1
15-12-17 22:49:15 [INFO] [OctoBans] Koeseb97 punished ktm125sx for: Insulte
15-12-17 22:50:14 [INFO] [OctoBans] EGGSPLOSION punished px_skillpvpyt for: Majuscule
15-12-17 22:50:28 [INFO] [OctoBans] EGGSPLOSION punished pikastar for: Insulte serveur
15-12-17 22:52:22 [INFO] [OctoBans] teddy44 sql checked, record: spammp by PseudooNull to -1
15-12-17 22:52:22 [INFO] [OctoBans] teddy44 sql checked, record: spammp by PseudooNull to -1
15-12-17 22:52:22 [INFO] [OctoBans] teddy44 sql checked, record: spammp by PseudooNull to -1
15-12-17 22:53:05 [INFO] [OctoBans] Koeseb97 punished zaydrus for: Majuscule
15-12-17 22:54:14 [INFO] [OctoBans] norgonz sql checked, record: spammp by SkyKosIV to -1
15-12-17 22:54:18 [INFO] [OctoBans] romudu269 sql checked, record: spammp by Remil to -1
15-12-17 22:55:05 [INFO] [OctoBans] harst_ sql checked, record: spammp by FiasK0 to -1
15-12-17 22:55:39 [INFO] [OctoBans] ayken sql checked, record: spammp by KelianHD to -1
15-12-17 22:55:40 [INFO] [OctoBans] ishaadow_ sql checked, record: spammp by FamousxRay to -1
15-12-17 22:58:22 [INFO] [OctoBans] EGGSPLOSION punished zaydrus_ for: Majuscule
15-12-17 23:02:27 [INFO] [OctoBans] zrk_warthog sql checked, record: spammp by MisterBlazing to -1
15-12-17 23:03:23 [INFO] [OctoBans] thecrane sql checked, record: spammp by WeeZix to -1
15-12-17 23:03:58 [INFO] [OctoBans] shimo_ sql checked, record: insultestaff by FiasK0 to 1513476262
15-12-17 23:08:09 [INFO] [OctoBans] lefifoudu3 sql checked, record: spammp by EW3L to -1
15-12-17 23:08:09 [INFO] [OctoBans] lefifoudu3 sql checked, record: spammp by EW3L to -1
15-12-17 23:08:09 [INFO] [OctoBans] lefifoudu3 sql checked, record: spammp by Koeseb97 to -1
15-12-17 23:09:07 [INFO] [OctoBans] zeus_monkey sql checked, record: spammp by Zoseq to -1
15-12-17 23:09:07 [INFO] [OctoBans] zeus_monkey sql checked, record: spammp by EGGSPLOSION to -1
15-12-17 23:10:52 [INFO] [OctoBans] keezy sql checked, record: spammp by LeRe to -1
15-12-17 23:10:52 [INFO] [OctoBans] keezy sql checked, record: spammp by LeRe to -1
15-12-17 23:10:52 [INFO] [OctoBans] keezy sql checked, record: spammp by ToXiCz_TV to -1
15-12-17 23:10:52 [INFO] [OctoBans] keezy sql checked, record: spammp by FamousxRay to -1
15-12-17 23:12:37 [INFO] [OctoBans] FiasK0 punished yeti2001vd for: Double Poste
15-12-17 23:13:41 [INFO] [OctoBans] lethugdu46 sql checked, record: spammp by LaKitaw to -1
15-12-17 23:13:41 [INFO] [OctoBans] lethugdu46 sql checked, record: spammp by Hkz_Skillon to -1
15-12-17 23:15:23 [INFO] [OctoBans] maxoupvp sql checked, record: spammp by LeRe to -1
15-12-17 23:15:23 [INFO] [OctoBans] maxoupvp sql checked, record: spammp by drbrine to -1
15-12-17 23:15:31 [INFO] [OctoBans] xxheroiikxx sql checked, record: spammp by Hkz_Skillon to -1
15-12-17 23:18:18 [INFO] [OctoBans] PseudooNull punished ptitechocolatine for: Double Poste
15-12-17 23:19:21 [INFO] [OctoBans] NeyTox punished reborncreep for: Provocation
15-12-17 23:19:28 [INFO] [OctoBans] yeti2001vd sql checked, record: doubleposte by FiasK0 to 1513380157
15-12-17 23:19:28 [INFO] [OctoBans] yeti2001vd sql checked, record: doubleposte by yeti2001vd to 1512153681
15-12-17 23:19:28 [INFO] [OctoBans] yeti2001vd sql checked, record: spam by yeti2001vd to 1512164401
15-12-17 23:19:28 [INFO] [OctoBans] yeti2001vd sql checked, record: doubleposte by yeti2001vd to 1512154368
15-12-17 23:19:28 [INFO] [OctoBans] yeti2001vd sql checked, record: doubleposte by yeti2001vd to 1512161492
15-12-17 23:19:28 [INFO] [OctoBans] yeti2001vd sql checked, record: doubleposte by yeti2001vd to 1512164371
15-12-17 23:19:28 [INFO] [OctoBans] yeti2001vd sql checked, record: pubyt by yeti2001vd to 1512164755
15-12-17 23:19:28 [INFO] [OctoBans] yeti2001vd sql checked, record: pubyt by yeti2001vd to 1512168381
15-12-17 23:19:28 [INFO] [OctoBans] yeti2001vd sql checked, record: doubleposte by yeti2001vd to 1512166300
15-12-17 23:19:28 [INFO] [OctoBans] yeti2001vd sql checked, record: incitationflood by yeti2001vd to 1512248454
15-12-17 23:19:28 [INFO] [OctoBans] yeti2001vd sql checked, record: insultesrv by yeti2001vd to 1512180137
15-12-17 23:19:28 [INFO] [OctoBans] yeti2001vd sql checked, record: doubleposte by yeti2001vd to 1512163980
15-12-17 23:19:28 [INFO] [OctoBans] yeti2001vd sql checked, record: doubleposte by yeti2001vd to 1512163110
15-12-17 23:19:28 [INFO] [OctoBans] yeti2001vd sql checked, record: doubleposte by yeti2001vd to 1512165475
15-12-17 23:19:28 [INFO] [OctoBans] yeti2001vd sql checked, record: spammp by yeti2001vd to -1
15-12-17 23:19:28 [INFO] [OctoBans] yeti2001vd sql checked, record: doubleposte by yeti2001vd to 1512169632
15-12-17 23:19:28 [INFO] [OctoBans] yeti2001vd sql checked, record: insulte by yeti2001vd to 1512176081
15-12-17 23:19:28 [INFO] [OctoBans] yeti2001vd sql checked, record: doubleposte by yeti2001vd to 1512169619
15-12-17 23:19:28 [INFO] [OctoBans] yeti2001vd sql checked, record: doubleposte by yeti2001vd to 1512172058
15-12-17 23:19:28 [INFO] [OctoBans] yeti2001vd sql checked, record: incitationflood by yeti2001vd to 1512257518
15-12-17 23:19:28 [INFO] [OctoBans] yeti2001vd sql checked, record: provocation by yeti2001vd to 1512176870
15-12-17 23:19:28 [INFO] [OctoBans] yeti2001vd sql checked, record: doubleposte by yeti2001vd to 1512174385
15-12-17 23:19:28 [INFO] [OctoBans] yeti2001vd sql checked, record: provocation by yeti2001vd to 1512174416
15-12-17 23:19:28 [INFO] [OctoBans] yeti2001vd sql checked, record: provocation by yeti2001vd to 1512208700
15-12-17 23:19:28 [INFO] [OctoBans] yeti2001vd sql checked, record: insulte by yeti2001vd to 1512214588
15-12-17 23:19:28 [INFO] [OctoBans] yeti2001vd sql checked, record: doubleposte by yeti2001vd to 1512210881
15-12-17 23:19:28 [INFO] [OctoBans] yeti2001vd sql checked, record: provocation by yeti2001vd to 1512215128
15-12-17 23:19:28 [INFO] [OctoBans] yeti2001vd sql checked, record: provocation by yeti2001vd to 1512216933
15-12-17 23:19:28 [INFO] [OctoBans] yeti2001vd sql checked, record: spam by yeti2001vd to 1512257611
15-12-17 23:19:28 [INFO] [OctoBans] yeti2001vd sql checked, record: doubleposte by yeti2001vd to 1512217641
15-12-17 23:19:28 [INFO] [OctoBans] yeti2001vd sql checked, record: doubleposte by yeti2001vd to 1512219804
15-12-17 23:19:28 [INFO] [OctoBans] yeti2001vd sql checked, record: provocation by yeti2001vd to 1512218683
15-12-17 23:19:28 [INFO] [OctoBans] yeti2001vd sql checked, record: doubleposte by yeti2001vd to 1512219427
15-12-17 23:19:28 [INFO] [OctoBans] yeti2001vd sql checked, record: spammp by yeti2001vd to -1
15-12-17 23:19:28 [INFO] [OctoBans] yeti2001vd sql checked, record: spam by yeti2001vd to 1512224918
15-12-17 23:19:28 [INFO] [OctoBans] yeti2001vd sql checked, record: doubleposte by yeti2001vd to 1512222930
15-12-17 23:19:28 [INFO] [OctoBans] yeti2001vd sql checked, record: doubleposte by yeti2001vd to 1512223550
15-12-17 23:19:28 [INFO] [OctoBans] yeti2001vd sql checked, record: doubleposte by yeti2001vd to 1512229130
15-12-17 23:19:28 [INFO] [OctoBans] yeti2001vd sql checked, record: doubleposte by yeti2001vd to 1512228201
15-12-17 23:19:28 [INFO] [OctoBans] yeti2001vd sql checked, record: insulte by yeti2001vd to 1512232908
15-12-17 23:19:28 [INFO] [OctoBans] yeti2001vd sql checked, record: doubleposte by yeti2001vd to 1512238558
15-12-17 23:19:28 [INFO] [OctoBans] yeti2001vd sql checked, record: doubleposte by yeti2001vd to 1512232383
15-12-17 23:19:28 [INFO] [OctoBans] yeti2001vd sql checked, record: doubleposte by yeti2001vd to 1512234218
15-12-17 23:19:28 [INFO] [OctoBans] yeti2001vd sql checked, record: insulte by yeti2001vd to 1512236203
15-12-17 23:19:28 [INFO] [OctoBans] yeti2001vd sql checked, record: spammp by yeti2001vd to -1
15-12-17 23:19:28 [INFO] [OctoBans] yeti2001vd sql checked, record: doubleposte by yeti2001vd to 1512237706
15-12-17 23:19:28 [INFO] [OctoBans] yeti2001vd sql checked, record: insultesrv by yeti2001vd to 1512254715
15-12-17 23:19:28 [INFO] [OctoBans] yeti2001vd sql checked, record: insulte by yeti2001vd to 1512239557
15-12-17 23:19:28 [INFO] [OctoBans] yeti2001vd sql checked, record: doubleposte by yeti2001vd to 1512238159
15-12-17 23:19:28 [INFO] [OctoBans] yeti2001vd sql checked, record: doubleposte by yeti2001vd to 1512238499
15-12-17 23:19:28 [INFO] [OctoBans] yeti2001vd sql checked, record: doubleposte by yeti2001vd to 1512239942
15-12-17 23:19:28 [INFO] [OctoBans] yeti2001vd sql checked, record: spammp by yeti2001vd to -1
15-12-17 23:19:28 [INFO] [OctoBans] yeti2001vd sql checked, record: insultesrv by yeti2001vd to 1512257703
15-12-17 23:19:28 [INFO] [OctoBans] yeti2001vd sql checked, record: spammp by yeti2001vd to -1
15-12-17 23:19:28 [INFO] [OctoBans] yeti2001vd sql checked, record: doubleposte by yeti2001vd to 1512247898
15-12-17 23:19:28 [INFO] [OctoBans] yeti2001vd sql checked, record: insultegrave by yeti2001vd to 1512287024
15-12-17 23:19:28 [INFO] [OctoBans] yeti2001vd sql checked, record: spam by yeti2001vd to 1512261863
15-12-17 23:19:28 [INFO] [OctoBans] yeti2001vd sql checked, record: spammp by yeti2001vd to -1
15-12-17 23:19:28 [INFO] [OctoBans] yeti2001vd sql checked, record: insulte by yeti2001vd to 1512254428
15-12-17 23:19:28 [INFO] [OctoBans] yeti2001vd sql checked, record: doubleposte by yeti2001vd to 1512256195
15-12-17 23:19:28 [INFO] [OctoBans] yeti2001vd sql checked, record: insulte by yeti2001vd to 1512264720
15-12-17 23:19:28 [INFO] [OctoBans] yeti2001vd sql checked, record: pubyt by yeti2001vd to 1512260338
15-12-17 23:19:28 [INFO] [OctoBans] yeti2001vd sql checked, record: insulte by yeti2001vd to 1512259562
15-12-17 23:19:28 [INFO] [OctoBans] yeti2001vd sql checked, record: spammp by yeti2001vd to -1
15-12-17 23:19:28 [INFO] [OctoBans] yeti2001vd sql checked, record: provocation by yeti2001vd to 1512260739
15-12-17 23:19:28 [INFO] [OctoBans] yeti2001vd sql checked, record: doubleposte by yeti2001vd to 1512258555
15-12-17 23:19:28 [INFO] [OctoBans] yeti2001vd sql checked, record: doubleposte by yeti2001vd to 1512258297
15-12-17 23:19:28 [INFO] [OctoBans] yeti2001vd sql checked, record: doubleposte by yeti2001vd to 1512259456
15-12-17 23:19:28 [INFO] [OctoBans] yeti2001vd sql checked, record: doubleposte by yeti2001vd to 1512259465
15-12-17 23:19:28 [INFO] [OctoBans] yeti2001vd sql checked, record: incitationflood by yeti2001vd to 1512345169
15-12-17 23:19:28 [INFO] [OctoBans] yeti2001vd sql checked, record: incitationflood by yeti2001vd to 1512384947
15-12-17 23:19:28 [INFO] [OctoBans] yeti2001vd sql checked, record: doubleposte by yeti2001vd to 1512300235
15-12-17 23:19:28 [INFO] [OctoBans] yeti2001vd sql checked, record: doubleposte by yeti2001vd to 1512300929
15-12-17 23:19:28 [INFO] [OctoBans] yeti2001vd sql checked, record: doubleposte by yeti2001vd to 1512299945
15-12-17 23:19:28 [INFO] [OctoBans] yeti2001vd sql checked, record: doubleposte by yeti2001vd to 1512312162
15-12-17 23:19:28 [INFO] [OctoBans] yeti2001vd sql checked, record: insulte by yeti2001vd to 1512331815
15-12-17 23:19:28 [INFO] [OctoBans] yeti2001vd sql checked, record: insulte by yeti2001vd to 1512313301
15-12-17 23:19:28 [INFO] [OctoBans] yeti2001vd sql checked, record: spam by yeti2001vd to 1512315048
15-12-17 23:19:28 [INFO] [OctoBans] yeti2001vd sql checked, record: doubleposte by yeti2001vd to 1512315768
15-12-17 23:19:28 [INFO] [OctoBans] yeti2001vd sql checked, record: doubleposte by yeti2001vd to 1512312068
15-12-17 23:19:28 [INFO] [OctoBans] yeti2001vd sql checked, record: pubyt by yeti2001vd to 1512361637
15-12-17 23:19:28 [INFO] [OctoBans] yeti2001vd sql checked, record: doubleposte by yeti2001vd to 1512322577
15-12-17 23:19:28 [INFO] [OctoBans] yeti2001vd sql checked, record: doubleposte by yeti2001vd to 1512324301
15-12-17 23:19:28 [INFO] [OctoBans] yeti2001vd sql checked, record: doubleposte by yeti2001vd to 1512323951
15-12-17 23:19:28 [INFO] [OctoBans] yeti2001vd sql checked, record: spam by yeti2001vd to 1512327445
15-12-17 23:19:28 [INFO] [OctoBans] yeti2001vd sql checked, record: spammp by yeti2001vd to -1
15-12-17 23:19:28 [INFO] [OctoBans] yeti2001vd sql checked, record: doubleposte by yeti2001vd to 1512328664
15-12-17 23:19:28 [INFO] [OctoBans] yeti2001vd sql checked, record: doubleposte by yeti2001vd to 1512330240
15-12-17 23:19:28 [INFO] [OctoBans] yeti2001vd sql checked, record: insulte by yeti2001vd to 1512331477
15-12-17 23:19:28 [INFO] [OctoBans] yeti2001vd sql checked, record: provocation by yeti2001vd to 1512329398
15-12-17 23:19:28 [INFO] [OctoBans] yeti2001vd sql checked, record: insultegrave by yeti2001vd to 1512365228
15-12-17 23:19:28 [INFO] [OctoBans] yeti2001vd sql checked, record: majuscule by yeti2001vd to 1512331034
15-12-17 23:19:28 [INFO] [OctoBans] yeti2001vd sql checked, record: doubleposte by yeti2001vd to 1512333232
15-12-17 23:19:28 [INFO] [OctoBans] yeti2001vd sql checked, record: doubleposte by yeti2001vd to 1512333829
15-12-17 23:19:28 [INFO] [OctoBans] yeti2001vd sql checked, record: doubleposte by yeti2001vd to 1512333036
15-12-17 23:19:28 [INFO] [OctoBans] yeti2001vd sql checked, record: doubleposte by yeti2001vd to 1512340356
15-12-17 23:19:28 [INFO] [OctoBans] yeti2001vd sql checked, record: spam by yeti2001vd to 1512342220
15-12-17 23:19:28 [INFO] [OctoBans] yeti2001vd sql checked, record: insulte by yeti2001vd to 1512344447
15-12-17 23:19:28 [INFO] [OctoBans] yeti2001vd sql checked, record: doubleposte by yeti2001vd to 1512340554
15-12-17 23:19:28 [INFO] [OctoBans] yeti2001vd sql checked, record: spam by yeti2001vd to 1512421600
15-12-17 23:19:28 [INFO] [OctoBans] yeti2001vd sql checked, record: provocation by yeti2001vd to 1512415512
15-12-17 23:19:28 [INFO] [OctoBans] yeti2001vd sql checked, record: doubleposte by yeti2001vd to 1512415950
15-12-17 23:19:28 [INFO] [OctoBans] yeti2001vd sql checked, record: provocation by yeti2001vd to 1512420111
15-12-17 23:19:28 [INFO] [OctoBans] yeti2001vd sql checked, record: doubleposte by yeti2001vd to 1512419309
15-12-17 23:19:28 [INFO] [OctoBans] yeti2001vd sql checked, record: doubleposte by yeti2001vd to 1512419432
15-12-17 23:19:28 [INFO] [OctoBans] yeti2001vd sql checked, record: doubleposte by yeti2001vd to 1512422051
15-12-17 23:19:28 [INFO] [OctoBans] yeti2001vd sql checked, record: spam by yeti2001vd to 1512433762
15-12-17 23:19:28 [INFO] [OctoBans] yeti2001vd sql checked, record: doubleposte by yeti2001vd to 1512421647
15-12-17 23:19:28 [INFO] [OctoBans] yeti2001vd sql checked, record: provocation by yeti2001vd to 1512428492
15-12-17 23:19:28 [INFO] [OctoBans] yeti2001vd sql checked, record: doubleposte by yeti2001vd to 1512431042
15-12-17 23:19:28 [INFO] [OctoBans] yeti2001vd sql checked, record: spam by yeti2001vd to 1512433923
15-12-17 23:19:28 [INFO] [OctoBans] yeti2001vd sql checked, record: spammp by yeti2001vd to -1
15-12-17 23:19:28 [INFO] [OctoBans] yeti2001vd sql checked, record: pubsrv by yeti2001vd to 1512431370
15-12-17 23:19:28 [INFO] [OctoBans] yeti2001vd sql checked, record: insultegrave by yeti2001vd to 1512608505
15-12-17 23:19:28 [INFO] [OctoBans] yeti2001vd sql checked, record: doubleposte by yeti2001vd to 1512501621
15-12-17 23:19:28 [INFO] [OctoBans] yeti2001vd sql checked, record: doubleposte by yeti2001vd to 1512501408
15-12-17 23:19:28 [INFO] [OctoBans] yeti2001vd sql checked, record: insultegrave by yeti2001vd to 1512613057
15-12-17 23:19:28 [INFO] [OctoBans] yeti2001vd sql checked, record: spammp by yeti2001vd to -1
15-12-17 23:19:28 [INFO] [OctoBans] yeti2001vd sql checked, record: spam by yeti2001vd to 1512514234
15-12-17 23:19:28 [INFO] [OctoBans] yeti2001vd sql checked, record: provocation by yeti2001vd to 1512514146
15-12-17 23:19:28 [INFO] [OctoBans] yeti2001vd sql checked, record: insulte by yeti2001vd to 1512574203
15-12-17 23:19:28 [INFO] [OctoBans] yeti2001vd sql checked, record: doubleposte by yeti2001vd to 1512573975
15-12-17 23:19:28 [INFO] [OctoBans] yeti2001vd sql checked, record: spam by yeti2001vd to 1512577326
15-12-17 23:19:28 [INFO] [OctoBans] yeti2001vd sql checked, record: doubleposte by yeti2001vd to 1512576866
15-12-17 23:19:28 [INFO] [OctoBans] yeti2001vd sql checked, record: insultegrave by yeti2001vd to 1512656144
15-12-17 23:19:28 [INFO] [OctoBans] yeti2001vd sql checked, record: doubleposte by yeti2001vd to 1512586057
15-12-17 23:19:28 [INFO] [OctoBans] yeti2001vd sql checked, record: provocation by yeti2001vd to 1512589613
15-12-17 23:19:28 [INFO] [OctoBans] yeti2001vd sql checked, record: provocation by yeti2001vd to 1512676969
15-12-17 23:19:28 [INFO] [OctoBans] yeti2001vd sql checked, record: spammp by yeti2001vd to -1
15-12-17 23:19:28 [INFO] [OctoBans] yeti2001vd sql checked, record: doubleposte by yeti2001vd to 1512671075
15-12-17 23:19:28 [INFO] [OctoBans] yeti2001vd sql checked, record: doubleposte by yeti2001vd to 1512675847
15-12-17 23:19:28 [INFO] [OctoBans] yeti2001vd sql checked, record: spam by yeti2001vd to 1512678078
15-12-17 23:19:28 [INFO] [OctoBans] yeti2001vd sql checked, record: doubleposte by yeti2001vd to 1512679865
15-12-17 23:19:28 [INFO] [OctoBans] yeti2001vd sql checked, record: doubleposte by yeti2001vd to 1512682007
15-12-17 23:19:28 [INFO] [OctoBans] yeti2001vd sql checked, record: provocation by yeti2001vd to 1512686004
15-12-17 23:19:28 [INFO] [OctoBans] yeti2001vd sql checked, record: doubleposte by yeti2001vd to 1512684528
15-12-17 23:19:28 [INFO] [OctoBans] yeti2001vd sql checked, record: spammp by yeti2001vd to -1
15-12-17 23:19:28 [INFO] [OctoBans] yeti2001vd sql checked, record: insulte by yeti2001vd to 1512693268
15-12-17 23:19:28 [INFO] [OctoBans] yeti2001vd sql checked, record: insulte by yeti2001vd to 1512731596
15-12-17 23:19:28 [INFO] [OctoBans] yeti2001vd sql checked, record: doubleposte by yeti2001vd to 1512726103
15-12-17 23:19:28 [INFO] [OctoBans] yeti2001vd sql checked, record: insulte by yeti2001vd to 1512728970
15-12-17 23:19:28 [INFO] [OctoBans] yeti2001vd sql checked, record: spam by yeti2001vd to 1512769548
15-12-17 23:19:28 [INFO] [OctoBans] yeti2001vd sql checked, record: insulte by yeti2001vd to 1512742570
15-12-17 23:19:28 [INFO] [OctoBans] yeti2001vd sql checked, record: provocation by yeti2001vd to 1512728216
15-12-17 23:19:28 [INFO] [OctoBans] yeti2001vd sql checked, record: provocation by yeti2001vd to 1512728926
15-12-17 23:19:28 [INFO] [OctoBans] yeti2001vd sql checked, record: doubleposte by yeti2001vd to 1512730850
15-12-17 23:19:28 [INFO] [OctoBans] yeti2001vd sql checked, record: spam by yeti2001vd to 1512732403
15-12-17 23:19:28 [INFO] [OctoBans] yeti2001vd sql checked, record: spammp by yeti2001vd to -1
15-12-17 23:19:28 [INFO] [OctoBans] yeti2001vd sql checked, record: doubleposte by yeti2001vd to 1512733051
15-12-17 23:19:28 [INFO] [OctoBans] yeti2001vd sql checked, record: spam by yeti2001vd to 1512740379
15-12-17 23:19:28 [INFO] [OctoBans] yeti2001vd sql checked, record: doubleposte by yeti2001vd to 1512734873
15-12-17 23:19:28 [INFO] [OctoBans] yeti2001vd sql checked, record: provocation by yeti2001vd to 1512739212
15-12-17 23:19:28 [INFO] [OctoBans] yeti2001vd sql checked, record: provocation by yeti2001vd to 1512742774
15-12-17 23:19:28 [INFO] [OctoBans] yeti2001vd sql checked, record: provocation by yeti2001vd to 1512740590
15-12-17 23:19:28 [INFO] [OctoBans] yeti2001vd sql checked, record: spam by yeti2001vd to 1512748800
15-12-17 23:19:28 [INFO] [OctoBans] yeti2001vd sql checked, record: doubleposte by yeti2001vd to 1512740580
15-12-17 23:19:28 [INFO] [OctoBans] yeti2001vd sql checked, record: doubleposte by yeti2001vd to 1512741120
15-12-17 23:19:28 [INFO] [OctoBans] yeti2001vd sql checked, record: spam by yeti2001vd to 1512746248
15-12-17 23:19:28 [INFO] [OctoBans] yeti2001vd sql checked, record: doubleposte by yeti2001vd to 1512743266
15-12-17 23:19:28 [INFO] [OctoBans] yeti2001vd sql checked, record: doubleposte by yeti2001vd to 1512744487
15-12-17 23:19:28 [INFO] [OctoBans] yeti2001vd sql checked, record: doubleposte by yeti2001vd to 1512744180
15-12-17 23:19:28 [INFO] [OctoBans] yeti2001vd sql checked, record: spam by yeti2001vd to 1512748412
15-12-17 23:19:28 [INFO] [OctoBans] yeti2001vd sql checked, record: majuscule by yeti2001vd to 1512755546
15-12-17 23:19:28 [INFO] [OctoBans] yeti2001vd sql checked, record: doubleposte by yeti2001vd to 1512753587
15-12-17 23:19:28 [INFO] [OctoBans] yeti2001vd sql checked, record: provocation by yeti2001vd to 1512757025
15-12-17 23:19:28 [INFO] [OctoBans] yeti2001vd sql checked, record: provocation by yeti2001vd to 1512752255
15-12-17 23:19:28 [INFO] [OctoBans] yeti2001vd sql checked, record: provocation by yeti2001vd to 1512749707
15-12-17 23:19:28 [INFO] [OctoBans] yeti2001vd sql checked, record: spam by yeti2001vd to 1512752726
15-12-17 23:19:28 [INFO] [OctoBans] yeti2001vd sql checked, record: spam by yeti2001vd to 1512754091
15-12-17 23:19:28 [INFO] [OctoBans] yeti2001vd sql checked, record: insulte by yeti2001vd to 1512761418
15-12-17 23:19:28 [INFO] [OctoBans] yeti2001vd sql checked, record: doubleposte by yeti2001vd to 1512751681
15-12-17 23:19:28 [INFO] [OctoBans] yeti2001vd sql checked, record: spam by yeti2001vd to 1512754718
15-12-17 23:19:28 [INFO] [OctoBans] yeti2001vd sql checked, record: spam by yeti2001vd to 1512754939
15-12-17 23:19:28 [INFO] [OctoBans] yeti2001vd sql checked, record: pubsrv by yeti2001vd to 1512755215
15-12-17 23:19:28 [INFO] [OctoBans] yeti2001vd sql checked, record: doubleposte by yeti2001vd to 1512752238
15-12-17 23:19:28 [INFO] [OctoBans] yeti2001vd sql checked, record: doubleposte by yeti2001vd to 1512752618
15-12-17 23:19:28 [INFO] [OctoBans] yeti2001vd sql checked, record: spam by yeti2001vd to 1512759706
15-12-17 23:19:28 [INFO] [OctoBans] yeti2001vd sql checked, record: spam by yeti2001vd to 1512756366
15-12-17 23:19:28 [INFO] [OctoBans] yeti2001vd sql checked, record: insultegrave by yeti2001vd to 1512896999
15-12-17 23:21:06 [INFO] [OctoBans] mgk_tozzzz sql checked, record: spammp by drbrine to -1
15-12-17 23:21:08 [INFO] [OctoBans] blackwhite010 sql checked, record: spammp by D3adOrSnipSurYTB to -1
15-12-17 23:21:08 [INFO] [OctoBans] blackwhite010 sql checked, record: spammp by LaKitaw to -1
15-12-17 23:21:08 [INFO] [OctoBans] blackwhite010 sql checked, record: spammp by MrKebab to -1
15-12-17 23:23:21 [INFO] [OctoBans] Zayrox29 punished theroro for: Majuscule
15-12-17 23:24:04 [INFO] [OctoBans] relaster sql checked, record: insulte by ToXiCz_TV to 1513381843
15-12-17 23:24:04 [INFO] [OctoBans] relaster sql checked, record: insultegrave by ToXiCz_TV to 1513412631
15-12-17 23:24:52 [INFO] [OctoBans] PseudooNull punished fireflow_yt for: Majuscule
15-12-17 23:33:45 [INFO] [OctoBans] _avirox sql checked, record: spammp by ToXiCz_TV to -1
15-12-17 23:33:45 [INFO] [OctoBans] _avirox sql checked, record: floodmp by NiceFR to -1
15-12-17 23:33:45 [INFO] [OctoBans] _avirox sql checked, record: spammp by EGGSPLOSION to -1
15-12-17 23:33:45 [INFO] [OctoBans] _avirox sql checked, record: spammp by Zoseq to -1
15-12-17 23:37:22 [INFO] [OctoBans] PseudooNull punished ozmog_yt for: Insulte
15-12-17 23:37:31 [INFO] [OctoBans] PseudooNull punished keezy for: Insulte
15-12-17 23:37:54 [INFO] [OctoBans] PseudooNull punished keezy for: Insulte grave
15-12-17 23:40:58 [INFO] [OctoBans] NeyTox punished teddy44 for: Spam/flood
15-12-17 23:41:02 [INFO] [OctoBans] Zayrox29 punished xxdreamzxx for: Double Poste
15-12-17 23:44:37 [INFO] [OctoBans] zeynox sql checked, record: spammp by Zayrox29 to -1
15-12-17 23:44:37 [INFO] [OctoBans] zeynox sql checked, record: spammp by Zoseq to -1
15-12-17 23:44:37 [INFO] [OctoBans] zeynox sql checked, record: spammp by LaKitaw to -1
15-12-17 23:44:37 [INFO] [OctoBans] zeynox sql checked, record: spammp by LaKitaw to -1
15-12-17 23:44:37 [INFO] [OctoBans] zeynox sql checked, record: spammp by LaKitaw to -1
15-12-17 23:44:37 [INFO] [OctoBans] zeynox sql checked, record: insultegrave by Zayrox29 to 1513493918
15-12-17 23:44:52 [INFO] [OctoBans] fngod sql checked, record: spammp by FamousxRay to -1
15-12-17 23:45:03 [INFO] [OctoBans] lilimomopopo sql checked, record: spammp by EW3L to -1
15-12-17 23:47:07 [INFO] [OctoBans] ertynox83 sql checked, record: spammp by Koeseb97 to -1
15-12-17 23:47:24 [INFO] [OctoBans] mzeer sql checked, record: insultegrave by Zayrox29 to 1513400618
15-12-17 23:51:15 [INFO] [OctoBans] dodole1 sql checked, record: spammp by PoukoaMoa to -1
15-12-17 23:51:15 [INFO] [OctoBans] dodole1 sql checked, record: spammp by OCIP_Matth to -1
15-12-17 23:51:15 [INFO] [OctoBans] dodole1 sql checked, record: spammp by Remil to -1
15-12-17 23:51:15 [INFO] [OctoBans] dodole1 sql checked, record: spammp by LaKitaw to -1
15-12-17 23:51:15 [INFO] [OctoBans] dodole1 sql checked, record: tpkill by OCIP_Matth to 1513385573
15-12-17 23:51:33 [INFO] [OctoBans] mzeer sql checked, record: insultegrave by Zayrox29 to 1513400618
15-12-17 23:51:33 [INFO] [OctoBans] mzeer sql checked, record: insultegrave by Mzeer to 1513395663
15-12-17 23:51:43 [INFO] [OctoBans] mzeer sql checked, record: insultegrave by Zayrox29 to 1513400618
15-12-17 23:51:43 [INFO] [OctoBans] mzeer sql checked, record: insultegrave by Mzeer to 1513395663
15-12-17 23:51:53 [INFO] [OctoBans] mzeer sql checked, record: insultegrave by Zayrox29 to 1513400618
15-12-17 23:51:53 [INFO] [OctoBans] mzeer sql checked, record: insultegrave by Mzeer to 1513395663
15-12-17 23:52:22 [INFO] [OctoBans] mzeer sql checked, record: insultegrave by Zayrox29 to 1513400618
15-12-17 23:52:22 [INFO] [OctoBans] mzeer sql checked, record: insultegrave by Mzeer to 1513395663
15-12-17 23:52:45 [INFO] [OctoBans] Gamer09 punished mkdarkos for: Double Poste
15-12-17 23:56:27 [INFO] [OctoBans] Zayrox29 punished noragev12 for: Double Poste
15-12-17 23:56:45 [INFO] [OctoBans] kabcrast sql checked, record: spammp by Gamer09 to -1
15-12-17 23:59:56 [INFO] [OctoBans] mzeer sql checked, record: insultegrave by Zayrox29 to 1513400618
15-12-17 23:59:56 [INFO] [OctoBans] mzeer sql checked, record: insultegrave by Mzeer to 1513395663
16-12-17 00:00:03 [INFO] [OctoBans] NeyTox punished blackwhite010 for: Majuscule
16-12-17 00:01:19 [INFO] [OctoBans] NeyTox punished blackwhite010 for: Insulte staff
16-12-17 00:01:31 [INFO] [OctoBans] blackwhite010 sql checked, record: spammp by D3adOrSnipSurYTB to -1
16-12-17 00:01:31 [INFO] [OctoBans] blackwhite010 sql checked, record: spammp by LaKitaw to -1
16-12-17 00:01:31 [INFO] [OctoBans] blackwhite010 sql checked, record: spammp by MrKebab to -1
16-12-17 00:01:31 [INFO] [OctoBans] blackwhite010 sql checked, record: majuscule by NeyTox to 1513380003
16-12-17 00:01:31 [INFO] [OctoBans] blackwhite010 sql checked, record: insultestaff by NeyTox to 1513450879
16-12-17 00:05:27 [INFO] [OctoBans] mimi146 sql checked, record: spammp by FiasK0 to -1
16-12-17 00:07:14 [INFO] [OctoBans] FiasK0 punished fngod for: Majuscule
16-12-17 00:07:44 [INFO] [OctoBans] amokon sql checked, record: spammp by PoukoaMoa to -1
16-12-17 00:07:44 [INFO] [OctoBans] amokon sql checked, record: spammp by drbrine to -1
16-12-17 00:07:55 [INFO] [OctoBans] zabilotero sql checked, record: spammp by SmooKeur to -1
16-12-17 00:11:28 [INFO] [OctoBans] Gamer09 punished leminecraftien80 for: Double Poste
16-12-17 00:13:06 [INFO] [OctoBans] NeyTox punished vexchess for: Double Poste
16-12-17 00:16:03 [INFO] [OctoBans] mmmmario sql checked, record: spam by ToXiCz_TV to 1513385547
16-12-17 00:16:59 [INFO] [OctoBans] le_clodov2 sql checked, record: spammp by ToXiCz_TV to -1
16-12-17 00:16:59 [INFO] [OctoBans] le_clodov2 sql checked, record: spammp by FamousxRay to -1
16-12-17 00:17:47 [INFO] [OctoBans] FiasK0 punished tropicux_redox for: Majuscule
16-12-17 00:26:06 [INFO] [OctoBans] blastninja sql checked, record: spammp by LeRe to -1
16-12-17 00:26:06 [INFO] [OctoBans] blastninja sql checked, record: spammp by Zoseq to -1
16-12-17 00:26:06 [INFO] [OctoBans] blastninja sql checked, record: spammp by PseudooNull to -1
16-12-17 00:26:06 [INFO] [OctoBans] blastninja sql checked, record: spammp by PseudooNull to -1
16-12-17 00:28:32 [INFO] [OctoBans] krisjul sql checked, record: spammp by drbrine to -1
16-12-17 00:31:10 [INFO] [OctoBans] wilson84 sql checked, record: spammp by OCIP_Matth to -1
16-12-17 00:31:10 [INFO] [OctoBans] wilson84 sql checked, record: spammp by ToXiCz_TV to -1
16-12-17 00:31:10 [INFO] [OctoBans] wilson84 sql checked, record: spammp by LaKitaw to -1
16-12-17 00:31:10 [INFO] [OctoBans] wilson84 sql checked, record: spammp by PseudooNull to -1
16-12-17 00:31:27 [INFO] [OctoBans] Zayrox29 punished wyskar for: Double Poste
16-12-17 00:37:21 [INFO] [OctoBans] Gamer09 punished foglol for: Spam/flood
16-12-17 00:47:29 [INFO] [OctoBans] Zayrox29 punished yoyo94340 for: Insulte grave
16-12-17 00:48:47 [INFO] [OctoBans] easy sql checked, record: spammp by D3adOrSnipSurYTB to -1
16-12-17 00:49:27 [INFO] [OctoBans] cooljojonathan sql checked, record: spammp by pepedjo to -1
16-12-17 00:49:27 [INFO] [OctoBans] cooljojonathan sql checked, record: spam by OCIP_Matth to 1513384417
16-12-17 00:52:41 [INFO] [OctoBans] Zayrox29 punished mkdarkos for: Double Poste
16-12-17 01:03:21 [INFO] [OctoBans] PseudooNull punished blastninja for: Majuscule
16-12-17 01:03:30 [INFO] [OctoBans] PseudooNull punished mkdarkos for: Spam/flood en MP
16-12-17 01:12:21 [INFO] [OctoBans] Zayrox29 punished leminecraftien80 for: Homophobie
16-12-17 01:16:56 [INFO] [OctoBans] theohand sql checked, record: spammp by OCIP_Matth to -1
16-12-17 01:16:56 [INFO] [OctoBans] theohand sql checked, record: spam by OCIP_Matth to 1513387404
16-12-17 01:22:31 [INFO] [OctoBans] _theodu13_ sql checked, record: spammp by FamousxRay to -1
16-12-17 01:27:16 [INFO] [OctoBans] tigrediamants sql checked, record: multicompte by YTB_XxKarnageXx to -1
16-12-17 01:30:28 [INFO] [OctoBans] ijonas_ sql checked, record: spammp by tinmar to -1
16-12-17 01:30:28 [INFO] [OctoBans] ijonas_ sql checked, record: insultegrave by EGGSPLOSION to 1513406325
16-12-17 01:33:36 [INFO] [OctoBans] _theodu13_ sql checked, record: spammp by FamousxRay to -1
16-12-17 01:33:48 [INFO] [OctoBans] _theodu13_ sql checked, record: spammp by FamousxRay to -1
16-12-17 01:34:00 [INFO] [OctoBans] fngod sql checked, record: spammp by FamousxRay to -1
16-12-17 01:34:23 [INFO] [OctoBans] weezy sql checked, record: spammp by LeRe to -1
16-12-17 02:00:18 [INFO] [OctoBans] romudu269 sql checked, record: spammp by Remil to -1
16-12-17 02:00:22 [INFO] [OctoBans] _theodu13_ sql checked, record: spammp by FamousxRay to -1
16-12-17 02:02:31 [INFO] [OctoBans] PseudooNull punished weezy for: Insulte
16-12-17 02:02:39 [INFO] [OctoBans] PseudooNull punished mkdarkos for: Insulte
16-12-17 02:05:07 [INFO] [OctoBans] woimant punished gamix_yt for: Double Poste
16-12-17 02:06:19 [INFO] [OctoBans] FiasK0 punished macarena for: Double Poste
16-12-17 02:07:11 [INFO] [OctoBans] romudu269 sql checked, record: spammp by Remil to -1
16-12-17 02:15:05 [INFO] [OctoBans] FiasK0 punished blastninja for: Majuscule
16-12-17 02:21:48 [INFO] [OctoBans] woimant punished easy for: Provocation
16-12-17 02:27:25 [INFO] [OctoBans] PseudooNull punished thecrane for: Insulte
16-12-17 02:29:20 [INFO] [OctoBans] PseudooNull punished macarena for: Spam/flood
16-12-17 02:29:56 [INFO] [OctoBans] PseudooNull punished macarena for: Spam/flood en MP
16-12-17 02:31:31 [INFO] [OctoBans] PseudooNull punished macarena for: Spam/flood en MP
16-12-17 02:32:33 [INFO] [OctoBans] woimant punished macarena for: Spam/flood en MP
16-12-17 02:33:50 [INFO] [OctoBans] woimant punished macarena for: Spam/flood en MP
16-12-17 02:38:12 [INFO] [OctoBans] firexpower666_ sql checked, record: spammp by tinmar to -1
16-12-17 02:38:36 [INFO] [OctoBans] aexraptorz sql checked, record: spammp by Remil to -1
16-12-17 02:39:11 [INFO] [OctoBans] macarena sql checked, record: spam by PseudooNull to 1513398560
16-12-17 02:39:11 [INFO] [OctoBans] macarena sql checked, record: spammp by PseudooNull to -1
16-12-17 02:39:11 [INFO] [OctoBans] macarena sql checked, record: spammp by PseudooNull to -1
16-12-17 02:39:11 [INFO] [OctoBans] macarena sql checked, record: spammp by woimant to -1
16-12-17 02:39:11 [INFO] [OctoBans] macarena sql checked, record: spammp by woimant to -1
16-12-17 02:39:16 [INFO] [OctoBans] PseudooNull punished macarena for: Spam/flood
16-12-17 02:40:09 [INFO] [OctoBans] PseudooNull punished xxdubeskillsxx for: Insulte
16-12-17 02:40:53 [INFO] [OctoBans] woimant punished wilson84 for: Spam/flood
16-12-17 02:43:32 [INFO] [OctoBans] woimant punished wilson84 for: Spam/flood en MP
16-12-17 02:44:23 [INFO] [OctoBans] darryl1 sql checked, record: spammp by FiasK0 to -1
16-12-17 03:23:31 [INFO] [OctoBans] pepedjo sql checked, record: spammp by NiceFR to -1
16-12-17 03:23:31 [INFO] [OctoBans] pepedjo sql checked, record: spammp by ToXiCz_TV to -1
16-12-17 03:27:56 [INFO] [OctoBans] pepedjo punished sosso1453 for: Spam/flood en MP
16-12-17 03:40:42 [INFO] [OctoBans] newrdk sql checked, record: spammp by ToXiCz_TV to -1
16-12-17 04:01:15 [INFO] [OctoBans] grenousse_pvp sql checked, record: spammp by SmooKeur to -1
16-12-17 06:01:02 [INFO] [OctoBans] Disabling OctoBans v1.0
