04-01-18 22:31:42 [INFO] [OctoBans] File Handler successfully initialized!
04-01-18 22:31:42 [INFO] [OctoBans] SQL connection successfully etablished
04-01-18 22:31:42 [INFO] [OctoBans] Moderator Tools by Octonia.
04-01-18 22:31:47 [INFO] [OctoBans] mayeul sql checked, record: spammp by SmooKeur to -1
04-01-18 22:32:19 [INFO] [OctoBans] maxougaming sql checked, record: spammp by Ceraiste to -1
04-01-18 22:32:19 [INFO] [OctoBans] maxougaming sql checked, record: spammp by EW3L to -1
04-01-18 22:32:19 [INFO] [OctoBans] maxougaming sql checked, record: spammp by FiasK0 to -1
04-01-18 22:32:19 [INFO] [OctoBans] maxougaming sql checked, record: spammp by FNGOD to -1
04-01-18 22:32:19 [INFO] [OctoBans] maxougaming sql checked, record: insultegrave by SkillBOotiiS to 1515105330
04-01-18 22:32:19 [INFO] [OctoBans] maxougaming sql checked, record: provocation by ToXiCz_TV to 1515102594
04-01-18 22:32:38 [INFO] [OctoBans] idreyzen sql checked, record: spammp by zlKayzen to -1
04-01-18 22:32:38 [INFO] [OctoBans] idreyzen sql checked, record: spammp by ToXiCz_TV to -1
04-01-18 22:41:22 [INFO] [OctoBans] karlwill sql checked, record: spammp by Gamer09 to -1
04-01-18 22:41:22 [INFO] [OctoBans] karlwill sql checked, record: spammp by LeRe to -1
04-01-18 22:41:22 [INFO] [OctoBans] karlwill sql checked, record: insultegrave by EGGSPLOSION to 1515117882
04-01-18 22:41:26 [INFO] [OctoBans] thomas62200 sql checked, record: spammp by atsuky to -1
04-01-18 22:42:29 [INFO] [OctoBans] weazzik sql checked, record: spam by WeeZix to 1515102338
04-01-18 22:43:21 [INFO] [OctoBans] azinox12 sql checked, record: spammp by PseudooNull to -1
04-01-18 22:43:34 [INFO] [OctoBans] lefifoudu3 sql checked, record: insultegrave by LsAnGfRoId to 1515519047
04-01-18 22:43:37 [INFO] [OctoBans] bardaxx_ sql checked, record: spammp by Zoseq to -1
04-01-18 22:43:54 [INFO] [OctoBans] imjeezk sql checked, record: spammp by Gamer09 to -1
04-01-18 22:43:54 [INFO] [OctoBans] imjeezk sql checked, record: spammp by OCIP_Matth to -1
04-01-18 22:43:54 [INFO] [OctoBans] imjeezk sql checked, record: spammp by NiceFR to -1
04-01-18 22:44:20 [INFO] [OctoBans] sosfight sql checked, record: spammp by PseudooNull to -1
04-01-18 22:44:25 [INFO] [OctoBans] _topui_ sql checked, record: spammp by EW3L to -1
04-01-18 22:44:25 [INFO] [OctoBans] _topui_ sql checked, record: spammp by MrKebab to -1
04-01-18 22:44:25 [INFO] [OctoBans] _topui_ sql checked, record: spammp by LsAnGfRoId to -1
04-01-18 22:44:35 [INFO] [OctoBans] virocl sql checked, record: spammp by PseudooNull to -1
04-01-18 22:44:36 [INFO] [OctoBans] faruz sql checked, record: spammp by D3adOrSnipSurYTB to -1
04-01-18 22:44:47 [INFO] [OctoBans] _rubilax sql checked, record: spammp by OCIP_Matth to -1
04-01-18 22:44:53 [INFO] [OctoBans] arox02 sql checked, record: spammp by EW3L to -1
04-01-18 22:45:03 [INFO] [OctoBans] minethuglife sql checked, record: spammp by EW3L to -1
04-01-18 22:45:03 [INFO] [OctoBans] minethuglife sql checked, record: insultegrave by PseudooNull to 1515235545
04-01-18 22:45:04 [INFO] [OctoBans] tigro17 sql checked, record: spammp by ToXiCz_TV to -1
04-01-18 22:45:04 [INFO] [OctoBans] tigro17 sql checked, record: spammp by WeeZix to -1
04-01-18 22:45:06 [INFO] [OctoBans] bluegumsurytb sql checked, record: spammp by PseudooNull to -1
04-01-18 22:45:06 [INFO] [OctoBans] bluegumsurytb sql checked, record: spammp by ToXiCz_TV to -1
04-01-18 22:45:19 [INFO] [OctoBans] mrkebab sql checked, record: provocation by FiasK0 to 1515102520
04-01-18 22:45:20 [INFO] [OctoBans] cooljojonathan sql checked, record: spammp by pepedjo to -1
04-01-18 22:45:20 [INFO] [OctoBans] cooljojonathan sql checked, record: spammp by Evolze to -1
04-01-18 22:45:22 [INFO] [OctoBans] batte sql checked, record: spammp by yeti2001vd to -1
04-01-18 22:45:25 [INFO] [OctoBans] chut3000 sql checked, record: spammp by FiasK0 to -1
04-01-18 22:45:25 [INFO] [OctoBans] chut3000 sql checked, record: spammp by Zayrox29 to -1
04-01-18 22:45:25 [INFO] [OctoBans] chut3000 sql checked, record: spammp by NeyTox to -1
04-01-18 22:45:31 [INFO] [OctoBans] reborncreep sql checked, record: spammp by drbrine to -1
04-01-18 22:45:48 [INFO] [OctoBans] arakword sql checked, record: spammp by PseudooNull to -1
04-01-18 22:46:09 [INFO] [OctoBans] ytbibossyt sql checked, record: spammp by atsuky to -1
04-01-18 22:46:25 [INFO] [OctoBans] theohand sql checked, record: spam by tinmar to 1515113214
04-01-18 22:46:30 [INFO] [OctoBans] hayden_frost sql checked, record: spammp by OCIP_Matth to -1
04-01-18 22:46:46 [INFO] [OctoBans] easy sql checked, record: insultegrave by EW3L to 1515238917
04-01-18 22:46:47 [INFO] [OctoBans] deeprodole sql checked, record: spammp by Zayrox29 to -1
04-01-18 22:46:47 [INFO] [OctoBans] deeprodole sql checked, record: spammp by Zayrox29 to -1
04-01-18 22:46:49 [INFO] [OctoBans] ecarlate sql checked, record: tpkill by D3adOrSnipSurYTB to 1515102944
04-01-18 22:46:49 [INFO] [OctoBans] sangoku sql checked, record: provocation by ToXiCz_TV to 1515108907
04-01-18 22:47:05 [INFO] [OctoBans] akriiiii_i sql checked, record: spammp by FiasK0 to -1
04-01-18 22:47:05 [INFO] [OctoBans] akriiiii_i sql checked, record: spammp by FiasK0 to -1
04-01-18 22:47:05 [INFO] [OctoBans] rubyyy123 sql checked, record: spammp by SmooKeur to -1
04-01-18 22:47:12 [INFO] [OctoBans] zeynox sql checked, record: spammp by Zayrox29 to -1
04-01-18 22:47:12 [INFO] [OctoBans] zeynox sql checked, record: spammp by Zoseq to -1
04-01-18 22:47:12 [INFO] [OctoBans] zeynox sql checked, record: spammp by LaKitaw to -1
04-01-18 22:47:12 [INFO] [OctoBans] zeynox sql checked, record: spammp by LaKitaw to -1
04-01-18 22:47:12 [INFO] [OctoBans] zeynox sql checked, record: spammp by LaKitaw to -1
04-01-18 22:47:12 [INFO] [OctoBans] zeynox sql checked, record: spammp by D3adOrSnipSurYTB to -1
04-01-18 22:47:33 [INFO] [OctoBans] onflyenrec sql checked, record: spammp by Antoine57565 to -1
04-01-18 22:47:33 [INFO] [OctoBans] onflyenrec sql checked, record: spammp by PseudooNull to -1
04-01-18 22:47:42 [INFO] [OctoBans] mame sql checked, record: spammp by FiasK0 to -1
04-01-18 22:47:42 [INFO] [OctoBans] mame sql checked, record: spammp by Ourox_ to -1
04-01-18 22:47:42 [INFO] [OctoBans] mame sql checked, record: spammp by tinmar to -1
04-01-18 22:47:46 [INFO] [OctoBans] faryu_ sql checked, record: spammp by Spovly to -1
04-01-18 22:47:46 [INFO] [OctoBans] faryu_ sql checked, record: spammp by Taygrax07 to -1
04-01-18 22:47:55 [INFO] [OctoBans] furiomaniak sql checked, record: incitationflood by woimant to 1515116303
04-01-18 22:47:59 [INFO] [OctoBans] lpz_kinder sql checked, record: spammp by ToXiCz_TV to -1
04-01-18 22:47:59 [INFO] [OctoBans] lpz_kinder sql checked, record: spammp by EW3L to -1
04-01-18 22:47:59 [INFO] [OctoBans] lpz_kinder sql checked, record: spammp by EW3L to -1
04-01-18 22:47:59 [INFO] [OctoBans] lpz_kinder sql checked, record: spammp by PseudooNull to -1
04-01-18 22:48:01 [INFO] [OctoBans] sohard_ sql checked, record: spammp by OCIP_Matth to -1
04-01-18 22:49:18 [INFO] [OctoBans] sosodidi sql checked, record: spammp by Zoseq to -1
04-01-18 22:49:18 [INFO] [OctoBans] sosodidi sql checked, record: spammp by WeeZix to -1
04-01-18 22:49:18 [INFO] [OctoBans] sosodidi sql checked, record: insultegrave by FiasK0 to 1515159391
04-01-18 22:49:18 [INFO] [OctoBans] sosodidi sql checked, record: spammp by EW3L to -1
04-01-18 22:49:22 [INFO] [OctoBans] duckawikytb sql checked, record: spammp by OCIP_Matth to -1
04-01-18 22:49:50 [INFO] [OctoBans] pepedjo sql checked, record: spammp by NiceFR to -1
04-01-18 22:49:50 [INFO] [OctoBans] pepedjo sql checked, record: spammp by ToXiCz_TV to -1
04-01-18 22:50:00 [INFO] [OctoBans] killeur56 sql checked, record: spam by EW3L to 1515104667
04-01-18 22:50:27 [INFO] [OctoBans] rdvsurlebloc sql checked, record: spammp by D3adOrSnipSurYTB to -1
04-01-18 22:50:27 [INFO] [OctoBans] rdvsurlebloc sql checked, record: insultegrave by OCIP_Matth to 1515162065
04-01-18 22:51:37 [INFO] [OctoBans] noragev12 sql checked, record: spammp by Shainko to -1
04-01-18 22:53:09 [INFO] [OctoBans] selim6671 sql checked, record: spammp by LeRe to -1
04-01-18 22:55:27 [INFO] [OctoBans] tonary49 sql checked, record: spammp by ToXiCz_TV to -1
04-01-18 22:55:27 [INFO] [OctoBans] tonary49 sql checked, record: spammp by Hkz_Skillon to -1
04-01-18 22:56:02 [INFO] [OctoBans] nakzu_u sql checked, record: spammp by FNGOD to -1
04-01-18 22:56:02 [INFO] [OctoBans] nakzu_u sql checked, record: spammp by ToXiCz_TV to -1
04-01-18 22:56:02 [INFO] [OctoBans] nakzu_u sql checked, record: spammp by OCIP_Matth to -1
04-01-18 22:56:02 [INFO] [OctoBans] nakzu_u sql checked, record: spammp by OCIP_Matth to -1
04-01-18 22:56:02 [INFO] [OctoBans] nakzu_u sql checked, record: spam by WeeZix to 1515105923
04-01-18 22:59:22 [INFO] [OctoBans] goodbyeadc sql checked, record: spammp by Gamer09 to -1
04-01-18 22:59:22 [INFO] [OctoBans] goodbyeadc sql checked, record: spammp by OCIP_Matth to -1
04-01-18 22:59:28 [INFO] [OctoBans] gotmalive sql checked, record: spammp by PseudooNull to -1
04-01-18 23:01:02 [INFO] [OctoBans] vix sql checked, record: spammp by Taygrax07 to -1
04-01-18 23:01:02 [INFO] [OctoBans] vix sql checked, record: spammp by EW3L to -1
04-01-18 23:01:02 [INFO] [OctoBans] vix sql checked, record: spammp by tinmar to -1
04-01-18 23:02:32 [INFO] [OctoBans] tifou_fou sql checked, record: insultegrave by ToXiCz_TV to 1515103572
04-01-18 23:02:32 [INFO] [OctoBans] tifou_fou sql checked, record: spammp by ToXiCz_TV to -1
04-01-18 23:03:40 [INFO] [OctoBans] lemarron sql checked, record: spammp by NeyTox to -1
04-01-18 23:03:53 [INFO] [OctoBans] ertynox83 sql checked, record: spammp by Koeseb97 to -1
04-01-18 23:03:53 [INFO] [OctoBans] ertynox83 sql checked, record: spammp by LsAnGfRoId to -1
04-01-18 23:03:53 [INFO] [OctoBans] ertynox83 sql checked, record: spammp by LsAnGfRoId to -1
04-01-18 23:05:08 [INFO] [OctoBans] logankillers sql checked, record: spammp by woimant to -1
04-01-18 23:05:17 [INFO] [OctoBans] progameur sql checked, record: spammp by FiasK0 to -1
04-01-18 23:05:17 [INFO] [OctoBans] progameur sql checked, record: spammp by D3adOrSnipSurYTB to -1
04-01-18 23:05:17 [INFO] [OctoBans] progameur sql checked, record: insultegrave by FiasK0 to 1515167572
04-01-18 23:06:49 [INFO] [OctoBans] peredo78 sql checked, record: spammp by D3adOrSnipSurYTB to -1
04-01-18 23:08:00 [INFO] [OctoBans] youmakemelol sql checked, record: spammp by EW3L to -1
04-01-18 23:09:52 [INFO] [OctoBans] warrox_ sql checked, record: spammp by Bucky57 to -1
04-01-18 23:09:52 [INFO] [OctoBans] warrox_ sql checked, record: spamfopen by Remil to 1515247734
04-01-18 23:10:31 [INFO] [OctoBans] mrcraps sql checked, record: homophobie by woimant to 1515113072
04-01-18 23:11:13 [INFO] [OctoBans] FiasK0 punished hayden_frost for: Insulte
04-01-18 23:12:21 [INFO] [OctoBans] FiasK0 punished yasin for: Double Poste
04-01-18 23:14:20 [INFO] [OctoBans] xx_yz_xx sql checked, record: spammp by SkillBOotiiS to -1
04-01-18 23:18:28 [INFO] [OctoBans] teddy300102 sql checked, record: spammp by Koeseb97 to -1
04-01-18 23:18:50 [INFO] [OctoBans] FiasK0 punished darkside50 for: Provocation
04-01-18 23:18:53 [INFO] [OctoBans] neizend sql checked, record: spammp by D3adOrSnipSurYTB to -1
04-01-18 23:18:53 [INFO] [OctoBans] neizend sql checked, record: spammp by D3adOrSnipSurYTB to -1
04-01-18 23:18:53 [INFO] [OctoBans] neizend sql checked, record: spammp by D3adOrSnipSurYTB to -1
04-01-18 23:18:58 [INFO] [OctoBans] Flowtox punished fireforce for: TpKill
04-01-18 23:19:17 [INFO] [OctoBans] FiasK0 punished sorwayhd for: Provocation
04-01-18 23:19:36 [INFO] [OctoBans] FiasK0 punished strongernight for: Provocation
04-01-18 23:27:01 [INFO] [OctoBans] FiasK0 punished mrkebab for: Majuscule
04-01-18 23:27:10 [INFO] [OctoBans] deniz sql checked, record: spammp by SmooKeur to -1
04-01-18 23:28:06 [INFO] [OctoBans] mrfire19 sql checked, record: spammp by atsuky to -1
04-01-18 23:28:10 [INFO] [OctoBans] petitpigeon sql checked, record: insultegrave by LsAnGfRoId to 1515121707
04-01-18 23:30:10 [INFO] [OctoBans] oth716 sql checked, record: spammp by EGGSPLOSION to -1
04-01-18 23:32:37 [INFO] [OctoBans] FiasK0 punished johan22600 for: Spam/flood
04-01-18 23:40:42 [INFO] [OctoBans] aexraptorz sql checked, record: spammp by Remil to -1
04-01-18 23:40:42 [INFO] [OctoBans] aexraptorz sql checked, record: spammp by PseudooNull to -1
04-01-18 23:40:47 [INFO] [OctoBans] romudu269 sql checked, record: spammp by Remil to -1
04-01-18 23:40:47 [INFO] [OctoBans] romudu269 sql checked, record: insultegrave by EGGSPLOSION to 1515217859
04-01-18 23:46:58 [INFO] [OctoBans] FiasK0 punished narkos21 for: Provocation
04-01-18 23:47:21 [INFO] [OctoBans] romudu269 sql checked, record: spammp by Remil to -1
04-01-18 23:47:21 [INFO] [OctoBans] romudu269 sql checked, record: insultegrave by EGGSPLOSION to 1515217859
04-01-18 23:47:30 [INFO] [OctoBans] FiasK0 punished romudu269 for: Provocation
04-01-18 23:49:05 [INFO] [OctoBans] harkz sql checked, record: spammp by EGGSPLOSION to -1
04-01-18 23:49:05 [INFO] [OctoBans] harkz sql checked, record: spammp by atsuky to -1
04-01-18 23:57:34 [INFO] [OctoBans] FiasK0 punished reborncreep for: Majuscule
05-01-18 00:07:45 [INFO] [OctoBans] FiasK0 punished ecarlate for: Majuscule
05-01-18 00:07:56 [INFO] [OctoBans] leminecraftien80 sql checked, record: spammp by PseudooNull to -1
05-01-18 00:07:56 [INFO] [OctoBans] leminecraftien80 sql checked, record: spammp by skhey to -1
05-01-18 00:07:56 [INFO] [OctoBans] leminecraftien80 sql checked, record: spammp by D3adOrSnipSurYTB to -1
05-01-18 00:07:56 [INFO] [OctoBans] leminecraftien80 sql checked, record: insultegrave by EGGSPLOSION to 1515348292
05-01-18 00:07:56 [INFO] [OctoBans] leminecraftien80 sql checked, record: insultegrave by ToXiCz_TV to 1515494694
05-01-18 00:07:56 [INFO] [OctoBans] leminecraftien80 sql checked, record: spammp by OCIP_Matth to -1
05-01-18 00:07:56 [INFO] [OctoBans] leminecraftien80 sql checked, record: insultegrave by OCIP_Matth to 1515602298
05-01-18 00:07:56 [INFO] [OctoBans] leminecraftien80 sql checked, record: insultegrave by ToXiCz_TV to 1515638893
05-01-18 00:07:56 [INFO] [OctoBans] leminecraftien80 sql checked, record: insultegrave by ToXiCz_TV to 1515676554
05-01-18 00:07:56 [INFO] [OctoBans] leminecraftien80 sql checked, record: insultegrave by ToXiCz_TV to 1515893113
05-01-18 00:11:11 [INFO] [OctoBans] nicerush sql checked, record: spammp by Evolze to -1
05-01-18 00:11:11 [INFO] [OctoBans] nicerush sql checked, record: spammp by OCIP_Matth to -1
05-01-18 00:12:03 [INFO] [OctoBans] Zayrox29 punished alexou2468 for: Spam/flood
05-01-18 00:12:50 [INFO] [OctoBans] FiasK0 punished asafy for: Majuscule
05-01-18 00:16:45 [INFO] [OctoBans] FiasK0 punished cantaloupe_kun for: Majuscule
05-01-18 00:22:53 [INFO] [OctoBans] ToXiCz_TV punished tifou_fou for: Spam/flood
05-01-18 00:38:05 [INFO] [OctoBans] by_fly sql checked, record: spammp by Hkz_Skillon to -1
05-01-18 00:38:05 [INFO] [OctoBans] by_fly sql checked, record: spammp by PseudooNull to -1
05-01-18 00:39:31 [INFO] [OctoBans] FiasK0 punished dimouse for: Incitation au flood
05-01-18 00:39:54 [INFO] [OctoBans] FiasK0 punished zaiko_31 for: Provocation
05-01-18 00:40:35 [INFO] [OctoBans] Zayrox29 punished xhugox for: Insulte grave
05-01-18 00:49:49 [INFO] [OctoBans] brookdu81 sql checked, record: spammp by D3adOrSnipSurYTB to -1
05-01-18 00:50:27 [INFO] [OctoBans] Zayrox29 punished brateur99 for: Spam/flood
05-01-18 00:52:58 [INFO] [OctoBans] Zayrox29 punished octoniaez for: Spam/flood en MP
05-01-18 00:58:38 [INFO] [OctoBans] gramatik sql checked, record: spammp by woimant to -1
05-01-18 00:58:59 [INFO] [OctoBans] FiasK0 punished uluwakbar for: Spam/flood
05-01-18 01:04:44 [INFO] [OctoBans] YTB_XxKarnageXx punished solfrai for: Multi Comptes
05-01-18 01:04:58 [INFO] [OctoBans] YTB_XxKarnageXx punished darkenera for: Multi Comptes
05-01-18 01:06:13 [INFO] [OctoBans] YTB_XxKarnageXx punished hector for: Multi Comptes
05-01-18 01:06:37 [INFO] [OctoBans] YTB_XxKarnageXx punished non for: Multi Comptes
05-01-18 01:06:47 [INFO] [OctoBans] YTB_XxKarnageXx punished lea for: Multi Comptes
05-01-18 01:06:57 [INFO] [OctoBans] YTB_XxKarnageXx punished xxlegendairexx for: Multi Comptes
05-01-18 01:07:08 [INFO] [OctoBans] YTB_XxKarnageXx punished mopolo12 for: Multi Comptes
05-01-18 01:10:08 [INFO] [OctoBans] FiasK0 punished onflyenrec for: Spam/flood
05-01-18 01:13:05 [INFO] [OctoBans] FiasK0 punished koarel for: Insulte serveur
05-01-18 01:14:01 [INFO] [OctoBans] YTB_XxKarnageXx punished r4allly for: Multi Comptes
05-01-18 01:14:07 [INFO] [OctoBans] YTB_XxKarnageXx punished r4allly_ for: Multi Comptes
05-01-18 01:14:13 [INFO] [OctoBans] YTB_XxKarnageXx punished r4alllyyy for: Multi Comptes
05-01-18 01:14:33 [INFO] [OctoBans] FiasK0 punished koarel for: Homophobie
05-01-18 01:16:27 [INFO] [OctoBans] Remil punished sosodidi for: Spam/flood en MP
05-01-18 01:17:26 [INFO] [OctoBans] Remil punished _hello_kitty for: Spam/flood en MP
05-01-18 01:17:37 [INFO] [OctoBans] FiasK0 punished weetiix for: Provocation
05-01-18 01:20:11 [INFO] [OctoBans] woimant punished yolpe89 for: Spam/flood
05-01-18 01:20:57 [INFO] [OctoBans] algorskis_yt sql checked, record: spammp by EW3L to -1
05-01-18 01:20:57 [INFO] [OctoBans] algorskis_yt sql checked, record: insultegrave by EW3L to 1515308099
05-01-18 01:22:59 [INFO] [OctoBans] ToXiCz_TV punished fiask0 for: Spam/flood en MP
05-01-18 01:28:39 [INFO] [OctoBans] YTB_XxKarnageXx punished xxkilleurxxbg for: Multi Comptes
05-01-18 01:28:44 [INFO] [OctoBans] YTB_XxKarnageXx punished gradux for: Multi Comptes
05-01-18 01:28:50 [INFO] [OctoBans] YTB_XxKarnageXx punished wasatec for: Multi Comptes
05-01-18 01:29:27 [INFO] [OctoBans] leminecraftien80 sql checked, record: spammp by PseudooNull to -1
05-01-18 01:29:27 [INFO] [OctoBans] leminecraftien80 sql checked, record: spammp by skhey to -1
05-01-18 01:29:27 [INFO] [OctoBans] leminecraftien80 sql checked, record: spammp by D3adOrSnipSurYTB to -1
05-01-18 01:29:27 [INFO] [OctoBans] leminecraftien80 sql checked, record: insultegrave by EGGSPLOSION to 1515348292
05-01-18 01:29:27 [INFO] [OctoBans] leminecraftien80 sql checked, record: insultegrave by ToXiCz_TV to 1515494694
05-01-18 01:29:27 [INFO] [OctoBans] leminecraftien80 sql checked, record: spammp by OCIP_Matth to -1
05-01-18 01:29:27 [INFO] [OctoBans] leminecraftien80 sql checked, record: insultegrave by OCIP_Matth to 1515602298
05-01-18 01:29:27 [INFO] [OctoBans] leminecraftien80 sql checked, record: insultegrave by ToXiCz_TV to 1515638893
05-01-18 01:29:27 [INFO] [OctoBans] leminecraftien80 sql checked, record: insultegrave by ToXiCz_TV to 1515676554
05-01-18 01:29:27 [INFO] [OctoBans] leminecraftien80 sql checked, record: insultegrave by ToXiCz_TV to 1515893113
05-01-18 01:29:39 [INFO] [OctoBans] YTB_XxKarnageXx punished leminecraftien80 for: Menace de hack
05-01-18 01:30:00 [INFO] [OctoBans] the_slash sql checked, record: spammp by pepedjo to -1
05-01-18 01:30:00 [INFO] [OctoBans] the_slash sql checked, record: spammp by drbrine to -1
05-01-18 01:30:00 [INFO] [OctoBans] the_slash sql checked, record: spammp by NeyTox to -1
05-01-18 01:30:00 [INFO] [OctoBans] the_slash sql checked, record: spammp by EW3L to -1
05-01-18 01:30:20 [INFO] [OctoBans] bokos sql checked, record: spammp by yeti2001vd to -1
05-01-18 01:30:20 [INFO] [OctoBans] bokos sql checked, record: spammp by yeti2001vd to -1
05-01-18 01:30:20 [INFO] [OctoBans] bokos sql checked, record: spammp by FNGOD to -1
05-01-18 01:30:20 [INFO] [OctoBans] bokos sql checked, record: spammp by EW3L to -1
05-01-18 01:30:20 [INFO] [OctoBans] bokos sql checked, record: spammp by FNGOD to -1
05-01-18 01:33:13 [INFO] [OctoBans] azenpvp sql checked, record: spammp by D3adOrSnipSurYTB to -1
05-01-18 01:41:32 [INFO] [OctoBans] FiasK0 punished satan for: Double Poste
05-01-18 01:41:33 [INFO] [OctoBans] ToXiCz_TV punished flowtox for: Spam/flood en MP
05-01-18 01:43:01 [INFO] [OctoBans] ToXiCz_TV punished flowtox for: Spam/flood en MP
05-01-18 01:43:22 [INFO] [OctoBans] Remil punished toxicz_tv for: Spam/flood en MP
05-01-18 01:44:21 [INFO] [OctoBans] Remil punished toxicz_tv for: Spam/flood en MP
05-01-18 01:45:44 [INFO] [OctoBans] YTB_XxKarnageXx punished mrfire19 for: Majuscule
05-01-18 01:46:56 [INFO] [OctoBans] nicro2000 sql checked, record: spammp by EGGSPLOSION to -1
05-01-18 02:01:12 [INFO] [OctoBans] zlFire49 punished prestoweed for: Spam/flood
05-01-18 02:03:16 [INFO] [OctoBans] ToXiCz_TV punished toxicz_tv for: Spam/flood en MP
05-01-18 02:05:01 [INFO] [OctoBans] xx_after_xx sql checked, record: spammp by FiasK0 to -1
05-01-18 02:05:06 [INFO] [OctoBans] EW3L punished wazhrod for: Spam/flood
05-01-18 02:24:33 [INFO] [OctoBans] diodu sql checked, record: spammp by Gamer09 to -1
05-01-18 02:32:52 [INFO] [OctoBans] zlFire49 punished imdylan for: Insulte
05-01-18 02:47:40 [INFO] [OctoBans] zlFire49 punished aexraptorz for: Spam/flood
05-01-18 02:59:35 [INFO] [OctoBans] flo_theking sql checked, record: spammp by PseudooNull to -1
05-01-18 03:13:10 [INFO] [OctoBans] zlFire49 punished mrfishs for: Spam/flood
05-01-18 03:17:13 [INFO] [OctoBans] zlFire49 punished the_legends_62 for: Insulte
05-01-18 03:28:04 [INFO] [OctoBans] zlFire49 punished bokos for: Spam/flood
05-01-18 04:07:35 [INFO] [OctoBans] YTB_XxKarnageXx punished mialauria_xxx for: Multi Comptes
05-01-18 04:15:36 [INFO] [OctoBans] zlFire49 punished cooljojonathan for: Pub serveur
05-01-18 05:42:10 [INFO] [OctoBans] gameurdumsk sql checked, record: spammp by SkillBOotiiS to -1
05-01-18 05:42:10 [INFO] [OctoBans] gameurdumsk sql checked, record: spammp by SkillBOotiiS to -1
05-01-18 05:42:10 [INFO] [OctoBans] gameurdumsk sql checked, record: spammp by NeyTox to -1
05-01-18 05:42:10 [INFO] [OctoBans] gameurdumsk sql checked, record: spammp by LeRe to -1
05-01-18 06:01:02 [INFO] [OctoBans] Disabling OctoBans v1.0
