21-01-18 22:31:42 [INFO] [OctoBans] File Handler successfully initialized!
21-01-18 22:31:42 [INFO] [OctoBans] SQL connection successfully etablished
21-01-18 22:31:42 [INFO] [OctoBans] Moderator Tools by Octonia.
21-01-18 22:31:47 [INFO] [OctoBans] aparia sql checked, record: spammp by pepedjo to -1
21-01-18 22:31:47 [INFO] [OctoBans] aparia sql checked, record: spammp by pepedjo to -1
21-01-18 22:31:47 [INFO] [OctoBans] aparia sql checked, record: spammp by Evolze to -1
21-01-18 22:31:47 [INFO] [OctoBans] aparia sql checked, record: spammp by FiasK0 to -1
21-01-18 22:31:47 [INFO] [OctoBans] aparia sql checked, record: spammp by atsuky to -1
21-01-18 22:31:47 [INFO] [OctoBans] kaiyoken sql checked, record: spammp by OCIP_Matth to -1
21-01-18 22:31:47 [INFO] [OctoBans] sangoku sql checked, record: spammp by atsuky to -1
21-01-18 22:31:47 [INFO] [OctoBans] sangoku sql checked, record: spammp by Awesomeboy to -1
21-01-18 22:31:47 [INFO] [OctoBans] sangoku sql checked, record: spammp by Awesomeboy to -1
21-01-18 22:31:47 [INFO] [OctoBans] bluegumsurytb sql checked, record: spammp by AO_Darkness to -1
21-01-18 22:31:49 [INFO] [OctoBans] idecow_ sql checked, record: spammp by OCIP_Matth to -1
21-01-18 22:32:12 [INFO] [OctoBans] x4gaming sql checked, record: spammp by D3adOrSnipSurYTB to -1
21-01-18 22:32:12 [INFO] [OctoBans] x4gaming sql checked, record: spammp by atsuky to -1
21-01-18 22:32:16 [INFO] [OctoBans] mame sql checked, record: spammp by FiasK0 to -1
21-01-18 22:32:16 [INFO] [OctoBans] mame sql checked, record: spammp by Ourox_ to -1
21-01-18 22:32:16 [INFO] [OctoBans] mame sql checked, record: spammp by tinmar to -1
21-01-18 22:32:40 [INFO] [OctoBans] lethugdu46 sql checked, record: spammp by PseudooNull to -1
21-01-18 22:32:40 [INFO] [OctoBans] lethugdu46 sql checked, record: spammp by PseudooNull to -1
21-01-18 22:32:40 [INFO] [OctoBans] lethugdu46 sql checked, record: insultegrave by atsuky to 1516728637
21-01-18 22:32:48 [INFO] [OctoBans] bloodgamer25 sql checked, record: spammp by FiasK0 to -1
21-01-18 22:32:53 [INFO] [OctoBans] silax_ sql checked, record: spammp by atsuky to -1
21-01-18 22:33:45 [INFO] [OctoBans] maxhit57 sql checked, record: spammp by Angel55 to -1
21-01-18 22:34:57 [INFO] [OctoBans] _rubilax sql checked, record: spammp by OCIP_Matth to -1
21-01-18 22:35:05 [INFO] [OctoBans] sadeksuryoutube sql checked, record: faussesinfos by FiasK0 to 1516630660
21-01-18 22:35:05 [INFO] [OctoBans] sadeksuryoutube sql checked, record: insultegrave by iDecow_ to 1516624939
21-01-18 22:35:17 [INFO] [OctoBans] dimouse sql checked, record: spammp by Awesomeboy to -1
21-01-18 22:36:47 [INFO] [OctoBans] chut3000 sql checked, record: spammp by FiasK0 to -1
21-01-18 22:36:47 [INFO] [OctoBans] chut3000 sql checked, record: spammp by Zayrox29 to -1
21-01-18 22:36:47 [INFO] [OctoBans] chut3000 sql checked, record: spammp by NeyTox to -1
21-01-18 22:38:22 [INFO] [OctoBans] deeprodole sql checked, record: spammp by Zayrox29 to -1
21-01-18 22:38:22 [INFO] [OctoBans] deeprodole sql checked, record: spammp by Zayrox29 to -1
21-01-18 22:38:37 [INFO] [OctoBans] zozodu14 sql checked, record: spammp by Marops to -1
21-01-18 22:39:15 [INFO] [OctoBans] ytbibossyt sql checked, record: spammp by atsuky to -1
21-01-18 22:44:44 [INFO] [OctoBans] YTB_XxKarnageXx punished harox for: Provocation
21-01-18 22:45:25 [INFO] [OctoBans] tufi sql checked, record: spammp by LeRe to -1
21-01-18 22:50:52 [INFO] [OctoBans] Elfideltia punished stan94 for: Insulte
21-01-18 22:53:25 [INFO] [OctoBans] racaille76 sql checked, record: spammp by AO_Darkness to -1
21-01-18 23:00:04 [INFO] [OctoBans] atsuky punished kaiyoken for: Double Poste
21-01-18 23:05:11 [INFO] [OctoBans] kaiyoken sql checked, record: spammp by OCIP_Matth to -1
21-01-18 23:05:11 [INFO] [OctoBans] kaiyoken sql checked, record: doubleposte by atsuky to 1516578604
21-01-18 23:06:20 [INFO] [OctoBans] gameur2007 sql checked, record: spammp by EGGSPLOSION to -1
21-01-18 23:06:20 [INFO] [OctoBans] gameur2007 sql checked, record: spammp by EGGSPLOSION to -1
21-01-18 23:07:31 [INFO] [OctoBans] PseudooNull punished x4gaming for: Double Poste
21-01-18 23:07:43 [INFO] [OctoBans] PseudooNull punished shaxx for: Provocation
21-01-18 23:08:52 [INFO] [OctoBans] atsuky punished freizen64 for: Double Poste
21-01-18 23:16:36 [INFO] [OctoBans] neytox sql checked, record: spammp by PseudooNull to -1
21-01-18 23:17:23 [INFO] [OctoBans] onflyenrec sql checked, record: spammp by Antoine57565 to -1
21-01-18 23:17:23 [INFO] [OctoBans] onflyenrec sql checked, record: spammp by PseudooNull to -1
21-01-18 23:17:23 [INFO] [OctoBans] onflyenrec sql checked, record: spammp by Elfideltia to -1
21-01-18 23:22:00 [INFO] [OctoBans] Elfideltia punished easytv for: Provocation
21-01-18 23:25:51 [INFO] [OctoBans] Elfideltia punished bcz for: Provocation
21-01-18 23:27:37 [INFO] [OctoBans] Elfideltia punished bcz for: Insulte grave
21-01-18 23:39:29 [INFO] [OctoBans] Elfideltia punished bcz for: Spam/flood en MP
21-01-18 23:40:02 [INFO] [OctoBans] lexbott18 sql checked, record: spammp by atsuky to -1
21-01-18 23:40:02 [INFO] [OctoBans] lexbott18 sql checked, record: spammp by iDecow_ to -1
22-01-18 00:21:57 [INFO] [OctoBans] enzo9722 sql checked, record: tpkill by Zayrox29 to 1516577950
22-01-18 00:34:03 [INFO] [OctoBans] bcz sql checked, record: insultegrave by Elfideltia to 1516609657
22-01-18 00:34:03 [INFO] [OctoBans] bcz sql checked, record: spammp by Elfideltia to -1
22-01-18 00:39:17 [INFO] [OctoBans] aexraptorz sql checked, record: spammp by Remil to -1
22-01-18 00:39:17 [INFO] [OctoBans] aexraptorz sql checked, record: spammp by PseudooNull to -1
22-01-18 00:42:02 [INFO] [OctoBans] zbeubz sql checked, record: spammp by KelianHD to -1
22-01-18 00:42:02 [INFO] [OctoBans] zbeubz sql checked, record: spammp by pepedjo to -1
22-01-18 01:16:00 [INFO] [OctoBans] atsuky punished zbeubz for: Provocation
22-01-18 01:26:30 [INFO] [OctoBans] atsuky punished protox for: Double Poste
22-01-18 01:43:37 [INFO] [OctoBans] chasseur2lion sql checked, record: spammp by RaYzFire to -1
22-01-18 01:50:47 [INFO] [OctoBans] atsuky punished enzo9722 for: TpKill
22-01-18 06:01:01 [INFO] [OctoBans] Disabling OctoBans v1.0
