08-11-17 22:31:43 [INFO] [OctoBans] File Handler successfully initialized!
08-11-17 22:31:43 [INFO] [OctoBans] SQL connection successfully etablished
08-11-17 22:31:43 [INFO] [OctoBans] Moderator Tools by Octonia.
08-11-17 22:31:47 [INFO] [OctoBans] _theodu13_ sql checked, record: spammp by FiasK0 to -1
08-11-17 22:31:47 [INFO] [OctoBans] _theodu13_ sql checked, record: spammp by SmooKeur to -1
08-11-17 22:31:47 [INFO] [OctoBans] _theodu13_ sql checked, record: spammp by FiasK0 to -1
08-11-17 22:31:47 [INFO] [OctoBans] _theodu13_ sql checked, record: insulte by EGGSPLOSION to 1510188743
08-11-17 22:31:47 [INFO] [OctoBans] noirafricain sql checked, record: spammp by Zoseq to -1
08-11-17 22:31:47 [INFO] [OctoBans] norgonz sql checked, record: spammp by SkyKosIV to -1
08-11-17 22:31:47 [INFO] [OctoBans] yeti2001vd sql checked, record: spammp by Frite_Merguez to -1
08-11-17 22:32:16 [INFO] [OctoBans] syrox_ytb sql checked, record: insultegrave by Zayrox29 to 1510242939
08-11-17 22:32:19 [INFO] [OctoBans] satan sql checked, record: insultegrave by Shainko to 1510203115
08-11-17 22:32:27 [INFO] [OctoBans] idreyzen sql checked, record: spammp by SkillBOotiiS to -1
08-11-17 22:32:27 [INFO] [OctoBans] idreyzen sql checked, record: spammp by WeeZix to -1
08-11-17 22:32:45 [INFO] [OctoBans] the_slash sql checked, record: doubleposte by OCIP_Matth to 1510178708
08-11-17 22:32:53 [INFO] [OctoBans] swichdi sql checked, record: spammp by Gamer09 to -1
08-11-17 22:36:13 [INFO] [OctoBans] cocacola62 sql checked, record: spammp by Kyabe to -1
08-11-17 22:36:20 [INFO] [OctoBans] NeyTox punished haerox for: Double Poste
08-11-17 22:37:22 [INFO] [OctoBans] bfa69 sql checked, record: spammp by millardm to -1
08-11-17 22:37:22 [INFO] [OctoBans] bfa69 sql checked, record: provocation by EGGSPLOSION to 1510179318
08-11-17 22:43:33 [INFO] [OctoBans] azoxfr_yt sql checked, record: spammp by NeyTox to -1
08-11-17 22:43:33 [INFO] [OctoBans] azoxfr_yt sql checked, record: spammp by Antoine57565 to -1
08-11-17 22:43:33 [INFO] [OctoBans] azoxfr_yt sql checked, record: spammp by KelianHD to -1
08-11-17 22:43:33 [INFO] [OctoBans] azoxfr_yt sql checked, record: spammp by drbrine to -1
08-11-17 23:03:28 [INFO] [OctoBans] NeyTox punished okine_ for: Insulte
08-11-17 23:06:21 [INFO] [OctoBans] darryl1 sql checked, record: spammp by FiasK0 to -1
08-11-17 23:08:14 [INFO] [OctoBans] NeyTox punished newrdk for: Provocation
08-11-17 23:18:32 [INFO] [OctoBans] NeyTox punished newrdk for: Insulte
08-11-17 23:35:10 [INFO] [OctoBans] ayken sql checked, record: spammp by KelianHD to -1
08-11-17 23:48:08 [INFO] [OctoBans] virocl sql checked, record: spammp by Antoine57565 to -1
08-11-17 23:49:40 [INFO] [OctoBans] algorskis_yt sql checked, record: spammp by SmooKeur to -1
09-11-17 00:04:43 [INFO] [OctoBans] xx_biom_xx sql checked, record: spammp by Spovly to -1
09-11-17 00:23:09 [INFO] [OctoBans] NeyTox punished blackwhite010 for: Insulte
09-11-17 00:53:08 [INFO] [OctoBans] killerboydu13 sql checked, record: spammp by Evolze to -1
09-11-17 00:55:53 [INFO] [OctoBans] NeyTox punished killerboydu13 for: Double Poste
09-11-17 00:55:57 [INFO] [OctoBans] NeyTox punished icamillei for: Double Poste
09-11-17 01:50:04 [INFO] [OctoBans] superb3b3 sql checked, record: spammp by Evolze to -1
09-11-17 01:50:04 [INFO] [OctoBans] superb3b3 sql checked, record: spammp by Evolze to -1
09-11-17 06:01:02 [INFO] [OctoBans] Disabling OctoBans v1.0
