19-01-18 22:31:42 [INFO] [OctoBans] File Handler successfully initialized!
19-01-18 22:31:42 [INFO] [OctoBans] SQL connection successfully etablished
19-01-18 22:31:42 [INFO] [OctoBans] Moderator Tools by Octonia.
19-01-18 22:31:47 [INFO] [OctoBans] mayeul sql checked, record: spammp by AO_Darkness to -1
19-01-18 22:31:47 [INFO] [OctoBans] mayeul sql checked, record: menacehack by FiasK0 to 1516615189
19-01-18 22:31:47 [INFO] [OctoBans] draklollllsuper sql checked, record: spammp by EW3L to -1
19-01-18 22:31:47 [INFO] [OctoBans] draklollllsuper sql checked, record: spammp by WeeZix to -1
19-01-18 22:31:47 [INFO] [OctoBans] octonono sql checked, record: spammp by Bucky57 to -1
19-01-18 22:31:47 [INFO] [OctoBans] octonono sql checked, record: spammp by AO_Darkness to -1
19-01-18 22:31:47 [INFO] [OctoBans] swokip sql checked, record: spammp by WeeZix to -1
19-01-18 22:31:47 [INFO] [OctoBans] deeprodole sql checked, record: spammp by Zayrox29 to -1
19-01-18 22:31:47 [INFO] [OctoBans] deeprodole sql checked, record: spammp by Zayrox29 to -1
19-01-18 22:31:47 [INFO] [OctoBans] aexraptorz sql checked, record: spammp by Remil to -1
19-01-18 22:31:47 [INFO] [OctoBans] aexraptorz sql checked, record: spammp by PseudooNull to -1
19-01-18 22:31:47 [INFO] [OctoBans] _zwiiko_ sql checked, record: spammp by Zayrox29 to -1
19-01-18 22:31:47 [INFO] [OctoBans] pic_pax sql checked, record: spam by iDecow_ to 1516403592
19-01-18 22:31:47 [INFO] [OctoBans] chut3000 sql checked, record: spammp by FiasK0 to -1
19-01-18 22:31:47 [INFO] [OctoBans] chut3000 sql checked, record: spammp by Zayrox29 to -1
19-01-18 22:31:47 [INFO] [OctoBans] chut3000 sql checked, record: spammp by NeyTox to -1
19-01-18 22:31:47 [INFO] [OctoBans] kuro37 sql checked, record: spammp by ToXiCz_TV to -1
19-01-18 22:31:47 [INFO] [OctoBans] kuro37 sql checked, record: spammp by ToXiCz_TV to -1
19-01-18 22:31:48 [INFO] [OctoBans] theohand sql checked, record: spammp by OCIP_Matth to -1
19-01-18 22:31:48 [INFO] [OctoBans] killeur56 sql checked, record: spammp by PseudooNull to -1
19-01-18 22:31:48 [INFO] [OctoBans] idecow_ sql checked, record: spammp by OCIP_Matth to -1
19-01-18 22:31:49 [INFO] [OctoBans] dicob sql checked, record: spammp by Remil to -1
19-01-18 22:31:50 [INFO] [OctoBans] clem010 sql checked, record: spammp by Gamer09 to -1
19-01-18 22:31:50 [INFO] [OctoBans] clem010 sql checked, record: spammp by PseudooNull to -1
19-01-18 22:31:50 [INFO] [OctoBans] clem010 sql checked, record: insultegrave by Marops to 1516461377
19-01-18 22:31:53 [INFO] [OctoBans] _drayky_ sql checked, record: spam by SkillBOotiiS to 1516404262
19-01-18 22:31:57 [INFO] [OctoBans] killyan sql checked, record: spammp by EW3L to -1
19-01-18 22:32:00 [INFO] [OctoBans] whiteswand sql checked, record: spammp by Remil to -1
19-01-18 22:32:00 [INFO] [OctoBans] whiteswand sql checked, record: spammp by zlKayzen to -1
19-01-18 22:32:01 [INFO] [OctoBans] zozo33 sql checked, record: insultegrave by EW3L to 1516423644
19-01-18 22:32:02 [INFO] [OctoBans] sangoku sql checked, record: provocation by Marops to 1516404109
19-01-18 22:32:07 [INFO] [OctoBans] diodu sql checked, record: spammp by Gamer09 to -1
19-01-18 22:32:10 [INFO] [OctoBans] lushen sql checked, record: spammp by Gamer09 to -1
19-01-18 22:32:24 [INFO] [OctoBans] pvp_5741 sql checked, record: spammp by PseudooNull to -1
19-01-18 22:32:37 [INFO] [OctoBans] doli_gaming sql checked, record: majuscule by D3adOrSnipSurYTB to 1516399183
19-01-18 22:32:42 [INFO] [OctoBans] onflyenrec sql checked, record: spammp by Antoine57565 to -1
19-01-18 22:32:42 [INFO] [OctoBans] onflyenrec sql checked, record: spammp by PseudooNull to -1
19-01-18 22:32:42 [INFO] [OctoBans] onflyenrec sql checked, record: spammp by Elfideltia to -1
19-01-18 22:32:43 [INFO] [OctoBans] Gamer09 punished fabio for: Menace de hack
19-01-18 22:33:15 [INFO] [OctoBans] neytox sql checked, record: spammp by PseudooNull to -1
19-01-18 22:33:27 [INFO] [OctoBans] _konaking_ sql checked, record: spammp by D3adOrSnipSurYTB to -1
19-01-18 22:33:38 [INFO] [OctoBans] x4gaming sql checked, record: spammp by D3adOrSnipSurYTB to -1
19-01-18 22:33:38 [INFO] [OctoBans] x4gaming sql checked, record: spammp by atsuky to -1
19-01-18 22:33:56 [INFO] [OctoBans] keen0x sql checked, record: spammp by FNGOD to -1
19-01-18 22:34:11 [INFO] [OctoBans] thomas62200 sql checked, record: faussesinfos by FiasK0 to 1516569598
19-01-18 22:34:18 [INFO] [OctoBans] ibqwze_ sql checked, record: spammp by LsAnGfRoId to -1
19-01-18 22:34:27 [INFO] [OctoBans] ao_darkness sql checked, record: spammp by Gamer09 to -1
19-01-18 22:34:48 [INFO] [OctoBans] zabilotero sql checked, record: spammp by SmooKeur to -1
19-01-18 22:34:48 [INFO] [OctoBans] zabilotero sql checked, record: spammp by PseudooNull to -1
19-01-18 22:35:08 [INFO] [OctoBans] progameur sql checked, record: spammp by FiasK0 to -1
19-01-18 22:35:08 [INFO] [OctoBans] progameur sql checked, record: spammp by D3adOrSnipSurYTB to -1
19-01-18 22:35:10 [INFO] [OctoBans] atsuky punished amine for: Double Poste
19-01-18 22:36:28 [INFO] [OctoBans] aparia sql checked, record: spammp by pepedjo to -1
19-01-18 22:36:28 [INFO] [OctoBans] aparia sql checked, record: spammp by pepedjo to -1
19-01-18 22:36:28 [INFO] [OctoBans] aparia sql checked, record: spammp by Evolze to -1
19-01-18 22:36:28 [INFO] [OctoBans] aparia sql checked, record: spammp by FiasK0 to -1
19-01-18 22:36:28 [INFO] [OctoBans] aparia sql checked, record: spammp by atsuky to -1
19-01-18 22:36:34 [INFO] [OctoBans] epedrakesse sql checked, record: spammp by YTB_XxKarnageXx to -1
19-01-18 22:36:46 [INFO] [OctoBans] Gamer09 punished mrsneak for: Spam /f open
19-01-18 22:36:53 [INFO] [OctoBans] EGGSPLOSION punished onflyenrec for: Insulte
19-01-18 22:37:32 [INFO] [OctoBans] azenpvp sql checked, record: spammp by D3adOrSnipSurYTB to -1
19-01-18 22:38:01 [INFO] [OctoBans] wilson84 sql checked, record: spammp by OCIP_Matth to -1
19-01-18 22:38:01 [INFO] [OctoBans] wilson84 sql checked, record: spammp by ToXiCz_TV to -1
19-01-18 22:38:01 [INFO] [OctoBans] wilson84 sql checked, record: spammp by LaKitaw to -1
19-01-18 22:38:01 [INFO] [OctoBans] wilson84 sql checked, record: spammp by PseudooNull to -1
19-01-18 22:38:01 [INFO] [OctoBans] wilson84 sql checked, record: spammp by woimant to -1
19-01-18 22:38:01 [INFO] [OctoBans] wilson84 sql checked, record: spammp by Gamer09 to -1
19-01-18 22:38:36 [INFO] [OctoBans] onekill62 sql checked, record: spammp by tinmar to -1
19-01-18 22:39:30 [INFO] [OctoBans] mohamedbeuf1 sql checked, record: spam by Marops to 1516402950
19-01-18 22:41:51 [INFO] [OctoBans] harkz sql checked, record: spammp by EGGSPLOSION to -1
19-01-18 22:41:51 [INFO] [OctoBans] harkz sql checked, record: spammp by atsuky to -1
19-01-18 22:42:12 [INFO] [OctoBans] keezy sql checked, record: spammp by LeRe to -1
19-01-18 22:42:12 [INFO] [OctoBans] keezy sql checked, record: spammp by LeRe to -1
19-01-18 22:42:12 [INFO] [OctoBans] keezy sql checked, record: spammp by ToXiCz_TV to -1
19-01-18 22:42:12 [INFO] [OctoBans] keezy sql checked, record: spammp by FamousxRay to -1
19-01-18 22:42:12 [INFO] [OctoBans] keezy sql checked, record: spammp by FNGOD to -1
19-01-18 22:44:37 [INFO] [OctoBans] algorskis_yt sql checked, record: spammp by EW3L to -1
19-01-18 22:45:09 [INFO] [OctoBans] atsuky punished whiteswand for: Double Poste
19-01-18 22:45:26 [INFO] [OctoBans] flowtox sql checked, record: spammp by ToXiCz_TV to -1
19-01-18 22:45:26 [INFO] [OctoBans] flowtox sql checked, record: spammp by ToXiCz_TV to -1
19-01-18 22:45:43 [INFO] [OctoBans] leminecraftien80 sql checked, record: insultegrave by AO_Darkness to 1516848743
19-01-18 22:45:43 [INFO] [OctoBans] leminecraftien80 sql checked, record: spammp by PseudooNull to -1
19-01-18 22:46:39 [INFO] [OctoBans] ktm125sx sql checked, record: spammp by PseudooNull to -1
19-01-18 22:47:45 [INFO] [OctoBans] Zayrox29 punished kuro37 for: Double Poste
19-01-18 22:48:32 [INFO] [OctoBans] akriiiii_i sql checked, record: spammp by FiasK0 to -1
19-01-18 22:48:32 [INFO] [OctoBans] akriiiii_i sql checked, record: spammp by FiasK0 to -1
19-01-18 22:49:09 [INFO] [OctoBans] kakakiki sql checked, record: spammp by WeeZix to -1
19-01-18 22:49:09 [INFO] [OctoBans] kakakiki sql checked, record: spammp by EGGSPLOSION to -1
19-01-18 22:49:14 [INFO] [OctoBans] yolloswagg564 sql checked, record: spammp by pepedjo to -1
19-01-18 22:50:17 [INFO] [OctoBans] silax_ sql checked, record: insultesrv by SkillBOotiiS to 1516403178
19-01-18 22:52:39 [INFO] [OctoBans] lethugdu46 sql checked, record: spammp by PseudooNull to -1
19-01-18 22:52:39 [INFO] [OctoBans] lethugdu46 sql checked, record: spammp by PseudooNull to -1
19-01-18 22:52:39 [INFO] [OctoBans] lethugdu46 sql checked, record: insultegrave by NeyTox to 1516540305
19-01-18 22:53:40 [INFO] [OctoBans] alija_ytb sql checked, record: tpkill by PseudooNull to 1516470204
19-01-18 23:00:10 [INFO] [OctoBans] troollgaming sql checked, record: spammp by Hkz_Skillon to -1
19-01-18 23:00:34 [INFO] [OctoBans] roi_du_rush sql checked, record: spammp by FiasK0 to -1
19-01-18 23:00:34 [INFO] [OctoBans] roi_du_rush sql checked, record: spammp by Koeseb97 to -1
19-01-18 23:01:09 [INFO] [OctoBans] pepsicoca sql checked, record: spammp by FiasK0 to -1
19-01-18 23:01:47 [INFO] [OctoBans] SkillBOotiiS punished karlwill for: Spam/flood
19-01-18 23:03:16 [INFO] [OctoBans] legamerdu6017 sql checked, record: spammp by Gamer09 to -1
19-01-18 23:03:16 [INFO] [OctoBans] Elfideltia punished tartinemasquer for: Majuscule
19-01-18 23:05:49 [INFO] [OctoBans] Marops punished johan22600 for: Spam/flood
19-01-18 23:09:01 [INFO] [OctoBans] Elfideltia punished pepsicoca for: Spam/flood en MP
19-01-18 23:10:35 [INFO] [OctoBans] Elfideltia punished olele for: Pub serveur
19-01-18 23:10:53 [INFO] [OctoBans] cantaloupe_kun sql checked, record: spammp by PseudooNull to -1
19-01-18 23:10:53 [INFO] [OctoBans] cantaloupe_kun sql checked, record: spammp by PseudooNull to -1
19-01-18 23:17:49 [INFO] [OctoBans] Elfideltia punished kee4life for: Spam/flood
19-01-18 23:17:59 [INFO] [OctoBans] atsuky punished silax_ for: Provocation
19-01-18 23:18:10 [INFO] [OctoBans] silax_ sql checked, record: insultesrv by SkillBOotiiS to 1516403178
19-01-18 23:18:10 [INFO] [OctoBans] silax_ sql checked, record: provocation by atsuky to 1516400879
19-01-18 23:19:25 [INFO] [OctoBans] ytbibossyt sql checked, record: spammp by atsuky to -1
19-01-18 23:19:55 [INFO] [OctoBans] iDecow_ punished diabledu25 for: Provocation
19-01-18 23:24:49 [INFO] [OctoBans] Elfideltia punished tigrediamant for: Spam/flood
19-01-18 23:25:15 [INFO] [OctoBans] atsuky punished diabledu25 for: Insulte serveur
19-01-18 23:30:17 [INFO] [OctoBans] EW3L punished drkiritoz_ for: Spam/flood
19-01-18 23:30:56 [INFO] [OctoBans] fiask0 sql checked, record: spammp by ToXiCz_TV to -1
19-01-18 23:30:56 [INFO] [OctoBans] fiask0 sql checked, record: spammp by PseudooNull to -1
19-01-18 23:44:04 [INFO] [OctoBans] atsuky punished drump_s for: Double Poste
19-01-18 23:44:50 [INFO] [OctoBans] FiasK0 punished onflyenrec for: Provocation
19-01-18 23:53:00 [INFO] [OctoBans] Elfideltia punished killyan for: Spam/flood
19-01-18 23:55:33 [INFO] [OctoBans] thomas62200 sql checked, record: faussesinfos by FiasK0 to 1516569598
19-01-18 23:59:38 [INFO] [OctoBans] lionduciel sql checked, record: spammp by Zoseq to -1
19-01-18 23:59:38 [INFO] [OctoBans] lionduciel sql checked, record: spammp by Zoseq to -1
19-01-18 23:59:38 [INFO] [OctoBans] lionduciel sql checked, record: spammp by Zoseq to -1
20-01-18 00:00:59 [INFO] [OctoBans] mkdarkos sql checked, record: spammp by PseudooNull to -1
20-01-18 00:09:04 [INFO] [OctoBans] atsuky punished khenk895 for: Double Poste
20-01-18 00:09:50 [INFO] [OctoBans] thomas62200 sql checked, record: faussesinfos by FiasK0 to 1516569598
20-01-18 00:16:01 [INFO] [OctoBans] FiasK0 punished cfm_arthur for: Langage incorrect
20-01-18 00:26:50 [INFO] [OctoBans] _topui_ sql checked, record: spammp by EW3L to -1
20-01-18 00:26:50 [INFO] [OctoBans] _topui_ sql checked, record: spammp by MrKebab to -1
20-01-18 00:26:50 [INFO] [OctoBans] _topui_ sql checked, record: spammp by LsAnGfRoId to -1
20-01-18 00:31:29 [INFO] [OctoBans] atsuky punished tutur14742 for: Majuscule
20-01-18 00:31:31 [INFO] [OctoBans] zeynox sql checked, record: spammp by Zayrox29 to -1
20-01-18 00:31:31 [INFO] [OctoBans] zeynox sql checked, record: spammp by Zoseq to -1
20-01-18 00:31:31 [INFO] [OctoBans] zeynox sql checked, record: spammp by LaKitaw to -1
20-01-18 00:31:31 [INFO] [OctoBans] zeynox sql checked, record: spammp by LaKitaw to -1
20-01-18 00:31:31 [INFO] [OctoBans] zeynox sql checked, record: spammp by LaKitaw to -1
20-01-18 00:31:31 [INFO] [OctoBans] zeynox sql checked, record: spammp by D3adOrSnipSurYTB to -1
20-01-18 00:31:31 [INFO] [OctoBans] zeynox sql checked, record: insultegrave by PseudooNull to 1516665738
20-01-18 00:31:31 [INFO] [OctoBans] zeynox sql checked, record: spammp by Awesomeboy to -1
20-01-18 00:38:50 [INFO] [OctoBans] thecrane sql checked, record: spammp by WeeZix to -1
20-01-18 00:38:50 [INFO] [OctoBans] thecrane sql checked, record: spammp by WeeZix to -1
20-01-18 00:38:50 [INFO] [OctoBans] thecrane sql checked, record: spammp by WeeZix to -1
20-01-18 01:27:57 [INFO] [OctoBans] FiasK0 punished bcz for: Provocation
20-01-18 01:39:23 [INFO] [OctoBans] gameurs71 sql checked, record: spammp by WeeZix to -1
20-01-18 01:40:46 [INFO] [OctoBans] FiasK0 punished mkdarkos for: Double Poste
20-01-18 01:43:08 [INFO] [OctoBans] FiasK0 punished ireevz for: Fausses informations
20-01-18 01:45:46 [INFO] [OctoBans] FiasK0 punished aexraptorz for: Langage incorrect
20-01-18 01:49:58 [INFO] [OctoBans] _rubilax sql checked, record: spammp by OCIP_Matth to -1
20-01-18 01:54:59 [INFO] [OctoBans] fngod sql checked, record: insultegrave by Marops to 1516465874
20-01-18 01:54:59 [INFO] [OctoBans] fngod sql checked, record: insulte by FNGOD to 1513456705
20-01-18 01:54:59 [INFO] [OctoBans] fngod sql checked, record: insulte by FNGOD to 1513460904
20-01-18 01:54:59 [INFO] [OctoBans] fngod sql checked, record: doubleposte by FNGOD to 1513464894
20-01-18 01:54:59 [INFO] [OctoBans] fngod sql checked, record: pubsrv by FNGOD to 1513468413
20-01-18 01:54:59 [INFO] [OctoBans] fngod sql checked, record: doubleposte by FNGOD to 1513471589
20-01-18 01:54:59 [INFO] [OctoBans] fngod sql checked, record: insultegrave by FNGOD to 1513542315
20-01-18 01:54:59 [INFO] [OctoBans] fngod sql checked, record: doubleposte by FNGOD to 1513473911
20-01-18 01:54:59 [INFO] [OctoBans] fngod sql checked, record: spam by FNGOD to 1513475044
20-01-18 01:54:59 [INFO] [OctoBans] fngod sql checked, record: insulte by FNGOD to 1513512770
20-01-18 01:54:59 [INFO] [OctoBans] fngod sql checked, record: majuscule by FNGOD to 1513510876
20-01-18 01:54:59 [INFO] [OctoBans] fngod sql checked, record: provocation by FNGOD to 1513509784
20-01-18 01:54:59 [INFO] [OctoBans] fngod sql checked, record: pubyt by FNGOD to 1513522219
20-01-18 01:54:59 [INFO] [OctoBans] fngod sql checked, record: provocation by FNGOD to 1513520834
20-01-18 01:54:59 [INFO] [OctoBans] fngod sql checked, record: insultegrave by FNGOD to 1513701271
20-01-18 01:54:59 [INFO] [OctoBans] fngod sql checked, record: provocation by FNGOD to 1513524345
20-01-18 01:54:59 [INFO] [OctoBans] fngod sql checked, record: spammp by FNGOD to -1
20-01-18 01:54:59 [INFO] [OctoBans] fngod sql checked, record: spammp by FNGOD to -1
20-01-18 01:54:59 [INFO] [OctoBans] fngod sql checked, record: spammp by FNGOD to -1
20-01-18 01:54:59 [INFO] [OctoBans] fngod sql checked, record: doubleposte by FNGOD to 1513541300
20-01-18 01:54:59 [INFO] [OctoBans] fngod sql checked, record: provocation by FNGOD to 1513697779
20-01-18 01:54:59 [INFO] [OctoBans] fngod sql checked, record: insultegrave by FNGOD to 1513824700
20-01-18 01:54:59 [INFO] [OctoBans] fngod sql checked, record: provocation by FNGOD to 1513689354
20-01-18 01:54:59 [INFO] [OctoBans] fngod sql checked, record: spammp by FNGOD to -1
20-01-18 01:54:59 [INFO] [OctoBans] fngod sql checked, record: spam by FNGOD to 1513700474
20-01-18 01:54:59 [INFO] [OctoBans] fngod sql checked, record: provocation by FNGOD to 1513697738
20-01-18 01:54:59 [INFO] [OctoBans] fngod sql checked, record: doubleposte by FNGOD to 1513702850
20-01-18 01:54:59 [INFO] [OctoBans] fngod sql checked, record: insultegrave by FNGOD to 1514287782
20-01-18 01:54:59 [INFO] [OctoBans] fngod sql checked, record: provocation by FNGOD to 1513720795
20-01-18 01:54:59 [INFO] [OctoBans] fngod sql checked, record: provocation by FNGOD to 1513717990
20-01-18 01:54:59 [INFO] [OctoBans] fngod sql checked, record: provocation by FNGOD to 1513717689
20-01-18 01:54:59 [INFO] [OctoBans] fngod sql checked, record: insultegrave by FNGOD to 1513898543
20-01-18 01:54:59 [INFO] [OctoBans] fngod sql checked, record: provocation by FNGOD to 1513773113
20-01-18 01:54:59 [INFO] [OctoBans] fngod sql checked, record: insultegrave by FNGOD to 1513809824
20-01-18 01:54:59 [INFO] [OctoBans] fngod sql checked, record: doubleposte by FNGOD to 1513782464
20-01-18 01:54:59 [INFO] [OctoBans] fngod sql checked, record: provocation by FNGOD to 1513787416
20-01-18 01:54:59 [INFO] [OctoBans] fngod sql checked, record: spammp by FNGOD to -1
20-01-18 01:54:59 [INFO] [OctoBans] fngod sql checked, record: provocation by FNGOD to 1513822339
20-01-18 01:54:59 [INFO] [OctoBans] fngod sql checked, record: insultegrave by FNGOD to 1513915618
20-01-18 01:54:59 [INFO] [OctoBans] fngod sql checked, record: doubleposte by FNGOD to 1513818348
20-01-18 01:54:59 [INFO] [OctoBans] fngod sql checked, record: spammp by FNGOD to -1
20-01-18 01:54:59 [INFO] [OctoBans] fngod sql checked, record: spammp by FNGOD to -1
20-01-18 01:54:59 [INFO] [OctoBans] fngod sql checked, record: spammp by FNGOD to -1
20-01-18 01:54:59 [INFO] [OctoBans] fngod sql checked, record: spammp by FNGOD to -1
20-01-18 01:54:59 [INFO] [OctoBans] fngod sql checked, record: provocation by FNGOD to 1514064770
20-01-18 01:54:59 [INFO] [OctoBans] fngod sql checked, record: provocation by FNGOD to 1514069426
20-01-18 01:54:59 [INFO] [OctoBans] fngod sql checked, record: insultesrv by FNGOD to 1514088853
20-01-18 01:54:59 [INFO] [OctoBans] fngod sql checked, record: spam by FNGOD to 1514083571
20-01-18 01:54:59 [INFO] [OctoBans] fngod sql checked, record: doubleposte by FNGOD to 1514081190
20-01-18 01:54:59 [INFO] [OctoBans] fngod sql checked, record: insultegrave by FNGOD to 1514116052
20-01-18 01:54:59 [INFO] [OctoBans] fngod sql checked, record: doubleposte by FNGOD to 1514081249
20-01-18 01:54:59 [INFO] [OctoBans] fngod sql checked, record: spam by FNGOD to 1514088677
20-01-18 01:54:59 [INFO] [OctoBans] fngod sql checked, record: provocation by FNGOD to 1514086992
20-01-18 01:54:59 [INFO] [OctoBans] fngod sql checked, record: spam by FNGOD to 1514099116
20-01-18 01:54:59 [INFO] [OctoBans] fngod sql checked, record: spammp by FNGOD to -1
20-01-18 01:54:59 [INFO] [OctoBans] fngod sql checked, record: provocation by FNGOD to 1514088227
20-01-18 01:54:59 [INFO] [OctoBans] fngod sql checked, record: provocation by FNGOD to 1514123713
20-01-18 01:54:59 [INFO] [OctoBans] fngod sql checked, record: provocation by FNGOD to 1514142320
20-01-18 01:54:59 [INFO] [OctoBans] fngod sql checked, record: spammp by FNGOD to -1
20-01-18 01:54:59 [INFO] [OctoBans] fngod sql checked, record: insultegrave by FNGOD to 1514316411
20-01-18 01:54:59 [INFO] [OctoBans] fngod sql checked, record: provocation by FNGOD to 1514237209
20-01-18 01:54:59 [INFO] [OctoBans] fngod sql checked, record: provocation by FNGOD to 1514227957
20-01-18 01:54:59 [INFO] [OctoBans] fngod sql checked, record: provocation by FNGOD to 1514228600
20-01-18 01:54:59 [INFO] [OctoBans] fngod sql checked, record: spammp by FNGOD to -1
20-01-18 01:54:59 [INFO] [OctoBans] fngod sql checked, record: spammp by FNGOD to -1
20-01-18 01:54:59 [INFO] [OctoBans] fngod sql checked, record: spammp by FNGOD to -1
20-01-18 01:56:55 [INFO] [OctoBans] x_gamemaster_x sql checked, record: menacehack by D3adOrSnipSurYTB to 1516649558
20-01-18 01:59:26 [INFO] [OctoBans] FiasK0 punished baconstyle for: Spam/flood
20-01-18 02:15:26 [INFO] [OctoBans] xx_after_xx sql checked, record: spammp by FiasK0 to -1
20-01-18 02:15:30 [INFO] [OctoBans] FiasK0 punished gameurs71 for: Fausses informations
20-01-18 02:17:23 [INFO] [OctoBans] sadeksuryoutube sql checked, record: spammp by ToXiCz_TV to -1
20-01-18 02:17:23 [INFO] [OctoBans] sadeksuryoutube sql checked, record: spammp by ToXiCz_TV to -1
20-01-18 02:17:23 [INFO] [OctoBans] sadeksuryoutube sql checked, record: spammp by ToXiCz_TV to -1
20-01-18 02:17:23 [INFO] [OctoBans] sadeksuryoutube sql checked, record: spammp by ToXiCz_TV to -1
20-01-18 02:17:23 [INFO] [OctoBans] sadeksuryoutube sql checked, record: incitationflood by PseudooNull to 1516552568
20-01-18 02:40:03 [INFO] [OctoBans] swichdi sql checked, record: spammp by Gamer09 to -1
20-01-18 02:48:16 [INFO] [OctoBans] oth716 sql checked, record: spammp by EGGSPLOSION to -1
20-01-18 03:06:09 [INFO] [OctoBans] okalorsok sql checked, record: spammp by atsuky to -1
20-01-18 06:01:01 [INFO] [OctoBans] Disabling OctoBans v1.0
