10-08-17 22:31:43 [INFO] [OctoBans] File Handler successfully initialized!
10-08-17 22:31:43 [INFO] [OctoBans] SQL connection successfully etablished
10-08-17 22:31:43 [INFO] [OctoBans] Moderator Tools by Octonia.
10-08-17 22:31:49 [INFO] [OctoBans] progameur sql checked, record: spammp by tinmar to -1
10-08-17 22:31:49 [INFO] [OctoBans] xxrandomxx sql checked, record: spammp by SmooKeur to -1
10-08-17 22:31:49 [INFO] [OctoBans] twyz__ sql checked, record: insultegrave by _Hello_Kitty to 1502442472
10-08-17 22:31:49 [INFO] [OctoBans] twyz__ sql checked, record: insulte by _Hello_Kitty to 1502398837
10-08-17 22:31:49 [INFO] [OctoBans] iuozoi sql checked, record: faussesinfos by EGGSPLOSION to 1502562751
10-08-17 22:31:49 [INFO] [OctoBans] gaming_clash sql checked, record: spammp by SkyKosIV to -1
10-08-17 22:31:49 [INFO] [OctoBans] rayz_burn sql checked, record: spammp by Remil to -1
10-08-17 22:31:49 [INFO] [OctoBans] romain15002 sql checked, record: insultegrave by TheBrioche13 to 1502411956
10-08-17 22:31:52 [INFO] [OctoBans] kyzirie sql checked, record: spammp by PseudoNul to -1
10-08-17 22:31:52 [INFO] [OctoBans] kyzirie sql checked, record: spammp by PseudoNul to -1
10-08-17 22:31:52 [INFO] [OctoBans] kyzirie sql checked, record: spammp by PseudoNul to -1
10-08-17 22:31:52 [INFO] [OctoBans] elene88000 sql checked, record: spammp by Remil to -1
10-08-17 22:31:52 [INFO] [OctoBans] nobodykinghd sql checked, record: spam by TheBrioche13 to 1502401177
10-08-17 22:31:53 [INFO] [OctoBans] flytrack sql checked, record: incitationflood by Xylear to 1502468697
10-08-17 22:31:57 [INFO] [OctoBans] zumbie sql checked, record: spam by Remil to 1502404664
10-08-17 22:31:57 [INFO] [OctoBans] mazeup sql checked, record: insultegrave by JustMySkill to 1502410534
10-08-17 22:31:58 [INFO] [OctoBans] by_kw3e sql checked, record: kickautre by Antoine57565 to -1
10-08-17 22:32:12 [INFO] [OctoBans] jfgo542 sql checked, record: insultegrave by JustMySkill to 1502436597
10-08-17 22:32:22 [INFO] [OctoBans] charifboss sql checked, record: insultegrave by JustMySkill to 1502444686
10-08-17 22:32:22 [INFO] [OctoBans] teomecano sql checked, record: majuscule by Wiindows to 1502397300
10-08-17 22:32:22 [INFO] [OctoBans] baka_le_fou sql checked, record: spammp by ZerKup to -1
10-08-17 22:32:28 [INFO] [OctoBans] isweezix sql checked, record: tpkill by Forway to 1502459672
10-08-17 22:32:37 [INFO] [OctoBans] yoyodu02 sql checked, record: spammp by PseudoNul to -1
10-08-17 22:32:37 [INFO] [OctoBans] yoyodu02 sql checked, record: multicompte by ZerKup to -1
10-08-17 22:32:42 [INFO] [OctoBans] zozodu14 sql checked, record: spammp by Remil to -1
10-08-17 22:32:47 [INFO] [OctoBans] insanity sql checked, record: spammp by SkyKosIV to -1
10-08-17 22:33:05 [INFO] [OctoBans] azertuip sql checked, record: spammp by Remil to -1
10-08-17 22:33:05 [INFO] [OctoBans] azertuip sql checked, record: pubyt by JustMySkill to 1502403262
10-08-17 22:33:13 [INFO] [OctoBans] produpvp sql checked, record: insultegrave by TheBrioche13 to 1502426735
10-08-17 22:33:26 [INFO] [OctoBans] _strykz_ sql checked, record: spammp by Remil to -1
10-08-17 22:33:26 [INFO] [OctoBans] _strykz_ sql checked, record: spammp by Remil to -1
10-08-17 22:33:26 [INFO] [OctoBans] _strykz_ sql checked, record: insultegrave by JustMySkill to 1502504196
10-08-17 22:33:31 [INFO] [OctoBans] ew3l sql checked, record: spammp by tinmar to -1
10-08-17 22:33:37 [INFO] [OctoBans] ly69n sql checked, record: kickautre by NeosiaNexus to -1
10-08-17 22:33:51 [INFO] [OctoBans] deez sql checked, record: insultestaff by ChronoEthernal to 1502431025
10-08-17 22:33:59 [INFO] [OctoBans] zozomar sql checked, record: doubleposte by ChronoEthernal to 1502397695
10-08-17 22:34:05 [INFO] [OctoBans] swodz sql checked, record: spam by FiasK0 to 1502398600
10-08-17 22:34:08 [INFO] [OctoBans] JustMySkill punished iuozoi for: Provocation
10-08-17 22:34:13 [INFO] [OctoBans] sosodidi sql checked, record: spammp by Remil to -1
10-08-17 22:34:13 [INFO] [OctoBans] sosodidi sql checked, record: spam by ChronoEthernal to 1502410227
10-08-17 22:34:15 [INFO] [OctoBans] JustMySkill punished poulemouiller for: Provocation
10-08-17 22:34:25 [INFO] [OctoBans] pouletgriller sql checked, record: insultegrave by ChronoEthernal to 1502408005
10-08-17 22:34:30 [INFO] [OctoBans] gregpvp sql checked, record: langage by ChronoEthernal to 1502398316
10-08-17 22:34:39 [INFO] [OctoBans] ishaadow_ sql checked, record: spammp by SmooKeur to -1
10-08-17 22:34:39 [INFO] [OctoBans] ishaadow_ sql checked, record: spammp by Remil to -1
10-08-17 22:34:39 [INFO] [OctoBans] ishaadow_ sql checked, record: majuscule by JustMySkill to 1502407146
10-08-17 22:34:56 [INFO] [OctoBans] logamer sql checked, record: floodmp by Forway to -1
10-08-17 22:34:56 [INFO] [OctoBans] logamer sql checked, record: spammp by iPurple_ to -1
10-08-17 22:34:56 [INFO] [OctoBans] logamer sql checked, record: spammp by YTB_XxKarnageXx to -1
10-08-17 22:35:05 [INFO] [OctoBans] JustMySkill punished toast38yt for: Double Poste
10-08-17 22:35:38 [INFO] [OctoBans] minecanis sql checked, record: faussesinfos by Shouteur to 1502404026
10-08-17 22:35:38 [INFO] [OctoBans] minecanis sql checked, record: spammp by Remil to -1
10-08-17 22:35:48 [INFO] [OctoBans] gabio sql checked, record: spammp by drbrine to -1
10-08-17 22:35:48 [INFO] [OctoBans] gabio sql checked, record: insultestaff by TheBrioche13 to 1502411766
10-08-17 22:35:48 [INFO] [OctoBans] gabio sql checked, record: insultestaff by JustMySkill to 1502448027
10-08-17 22:36:09 [INFO] [OctoBans] shouteur sql checked, record: spammp by Remil to -1
10-08-17 22:36:16 [INFO] [OctoBans] JustMySkill punished gabio for: Insulte grave
10-08-17 22:36:31 [INFO] [OctoBans] totototo11 sql checked, record: spammp by NeosiaNexus to -1
10-08-17 22:36:31 [INFO] [OctoBans] totototo11 sql checked, record: spammp by PseudoNul to -1
10-08-17 22:36:31 [INFO] [OctoBans] totototo11 sql checked, record: majuscule by ChronoEthernal to 1502401557
10-08-17 22:37:04 [INFO] [OctoBans] ededed91 sql checked, record: spammp by SkyKosIV to -1
10-08-17 22:37:04 [INFO] [OctoBans] ededed91 sql checked, record: spammp by Remil to -1
10-08-17 22:37:31 [INFO] [OctoBans] YTB_XxKarnageXx punished neoxgaming for: Provocation
10-08-17 22:37:40 [INFO] [OctoBans] pepsicoca sql checked, record: spammp by Steph078 to -1
10-08-17 22:38:16 [INFO] [OctoBans] JustMySkill punished misterfrizz for: Fausses informations
10-08-17 22:38:22 [INFO] [OctoBans] neox_ytb sql checked, record: spammp by iPurple_ to -1
10-08-17 22:38:22 [INFO] [OctoBans] neox_ytb sql checked, record: spammp by PseudoNul to -1
10-08-17 22:40:03 [INFO] [OctoBans] JustMySkill punished chonchon for: Double Poste
10-08-17 22:40:20 [INFO] [OctoBans] xboymax sql checked, record: spammp by YTB_XxKarnageXx to -1
10-08-17 22:40:20 [INFO] [OctoBans] xboymax sql checked, record: spammp by tinmar to -1
10-08-17 22:40:20 [INFO] [OctoBans] xboymax sql checked, record: kickautre by CreepyEagle to -1
10-08-17 22:40:20 [INFO] [OctoBans] xboymax sql checked, record: spammp by tinmar to -1
10-08-17 22:40:20 [INFO] [OctoBans] xboymax sql checked, record: spammp by YTB_XxKarnageXx to -1
10-08-17 22:41:54 [INFO] [OctoBans] JustMySkill punished neox_ytb for: Spam/flood
10-08-17 22:42:14 [INFO] [OctoBans] Remil punished neox_ytb for: Insulte grave
10-08-17 22:45:06 [INFO] [OctoBans] instateproofy sql checked, record: spammp by Remil to -1
10-08-17 22:45:06 [INFO] [OctoBans] instateproofy sql checked, record: spammp by Remil to -1
10-08-17 22:45:29 [INFO] [OctoBans] pioupiou2002 sql checked, record: doubleposte by Remil to 1502398904
10-08-17 22:49:53 [INFO] [OctoBans] JustMySkill punished leonard24 for: Spam/flood
10-08-17 22:50:49 [INFO] [OctoBans] _Hello_Kitty punished pablo for: Provocation
10-08-17 22:52:16 [INFO] [OctoBans] woimant punished wolfgang for: Insulte
10-08-17 22:53:13 [INFO] [OctoBans] _topui_ sql checked, record: spammp by ZerKup to -1
10-08-17 22:53:23 [INFO] [OctoBans] raykow_ sql checked, record: spammp by YTB_XxKarnageXx to -1
10-08-17 22:54:21 [INFO] [OctoBans] titi_06 sql checked, record: spammp by Remil to -1
10-08-17 22:58:41 [INFO] [OctoBans] arktizz sql checked, record: insultegrave by TheBrioche13 to 1502435721
10-08-17 23:02:48 [INFO] [OctoBans] kille sql checked, record: spammp by Remil to -1
10-08-17 23:02:48 [INFO] [OctoBans] kille sql checked, record: spammp by SkyKosIV to -1
10-08-17 23:02:48 [INFO] [OctoBans] kille sql checked, record: incitationflood by tinmar to 1502704346
10-08-17 23:03:41 [INFO] [OctoBans] woimant punished jeremgamer for: Provocation
10-08-17 23:04:27 [INFO] [OctoBans] osmanlitorunu sql checked, record: majuscule by TheBrioche13 to 1502405408
10-08-17 23:06:06 [INFO] [OctoBans] _vortex_ sql checked, record: spam by JustMySkill to 1502404548
10-08-17 23:10:41 [INFO] [OctoBans] nicerush sql checked, record: insultegrave by ChronoEthernal to 1502587881
10-08-17 23:12:50 [INFO] [OctoBans] denis018 sql checked, record: spammp by Remil to -1
10-08-17 23:13:30 [INFO] [OctoBans] TheBrioche13 punished shouteur for: Provocation
10-08-17 23:13:42 [INFO] [OctoBans] woimant punished zozodu14 for: Provocation
10-08-17 23:14:19 [INFO] [OctoBans] mindex45 sql checked, record: spammp by SnowEffect to -1
10-08-17 23:14:19 [INFO] [OctoBans] mindex45 sql checked, record: kickautre by NeosiaNexus to -1
10-08-17 23:15:38 [INFO] [OctoBans] woimant punished poseycanapey for: Double Poste
10-08-17 23:20:32 [INFO] [OctoBans] JustMySkill punished toast38yt for: Double Poste
10-08-17 23:20:52 [INFO] [OctoBans] theb0sskill93 sql checked, record: spammp by SkyKosIV to -1
10-08-17 23:30:53 [INFO] [OctoBans] JustMySkill punished dark974one for: Spam/flood
10-08-17 23:34:45 [INFO] [OctoBans] le_clodov2 sql checked, record: insultegrave by JustMySkill to 1502519487
10-08-17 23:36:06 [INFO] [OctoBans] mrkebab sql checked, record: spammp by SuperJojo to -1
10-08-17 23:36:06 [INFO] [OctoBans] mrkebab sql checked, record: spammp by SuperJojo to -1
10-08-17 23:36:06 [INFO] [OctoBans] mrkebab sql checked, record: spammp by Remil to -1
10-08-17 23:37:43 [INFO] [OctoBans] xxheroiikxx sql checked, record: floodmp by Forway to -1
10-08-17 23:39:45 [INFO] [OctoBans] JustMySkill punished kyzirie for: Spam/flood
10-08-17 23:40:38 [INFO] [OctoBans] JustMySkill punished theohand for: Double Poste
10-08-17 23:44:27 [INFO] [OctoBans] lekileurdu54 sql checked, record: cheat by NeosiaNexus to -1
10-08-17 23:51:26 [INFO] [OctoBans] woimant punished mrkebab for: Double Poste
10-08-17 23:51:27 [INFO] [OctoBans] thebbdragz sql checked, record: spammp by Remil to -1
10-08-17 23:52:34 [INFO] [OctoBans] woimant punished jokermyskill for: Double Poste
10-08-17 23:56:52 [INFO] [OctoBans] _Hello_Kitty punished boubou37 for: Langage incorrect
10-08-17 23:59:40 [INFO] [OctoBans] jasoxx sql checked, record: spammp by iPurple_ to -1
10-08-17 23:59:40 [INFO] [OctoBans] jasoxx sql checked, record: spammp by drbrine to -1
10-08-17 23:59:40 [INFO] [OctoBans] jasoxx sql checked, record: spammp by drbrine to -1
10-08-17 23:59:40 [INFO] [OctoBans] jasoxx sql checked, record: spammp by drbrine to -1
11-08-17 00:02:21 [INFO] [OctoBans] lesimulateure sql checked, record: faussesinfos by YTB_XxKarnageXx to 1502497205
11-08-17 00:10:24 [INFO] [OctoBans] JustMySkill punished neyqooo_ for: Double Poste
11-08-17 00:10:52 [INFO] [OctoBans] matryx sql checked, record: insultegrave by JustMySkill to 1502443594
11-08-17 00:17:01 [INFO] [OctoBans] wilson84 sql checked, record: kickautre by YTB_XxKarnageXx to -1
11-08-17 00:17:50 [INFO] [OctoBans] siruse sql checked, record: spammp by YTB_XxKarnageXx to -1
11-08-17 00:18:38 [INFO] [OctoBans] JustMySkill punished by_kw3e for: Double Poste
11-08-17 00:18:59 [INFO] [OctoBans] biguiboss31 sql checked, record: spammp by PseudoNul to -1
11-08-17 00:18:59 [INFO] [OctoBans] biguiboss31 sql checked, record: spammp by Remil to -1
11-08-17 00:23:32 [INFO] [OctoBans] woimant punished supernoah for: Double Poste
11-08-17 00:24:34 [INFO] [OctoBans] JustMySkill punished poliaxbrezz for: Double Poste
11-08-17 00:26:51 [INFO] [OctoBans] JustMySkill punished la_banane for: Double Poste
11-08-17 00:26:55 [INFO] [OctoBans] Shouteur punished thekillervaca for: Spam/flood
11-08-17 00:28:55 [INFO] [OctoBans] Remil punished thekillervaca for: Double Poste
11-08-17 00:29:03 [INFO] [OctoBans] thekillervaca sql checked, record: doubleposte by Remil to 1502407135
11-08-17 00:29:13 [INFO] [OctoBans] _Hello_Kitty punished volganien for: Double Poste
11-08-17 00:29:54 [INFO] [OctoBans] Shouteur punished volcrom for: Double Poste
11-08-17 00:30:27 [INFO] [OctoBans] Wiindows punished wilson84 for: Spam/flood
11-08-17 00:30:28 [INFO] [OctoBans] _Hello_Kitty punished fflorian2004 for: Double Poste
11-08-17 00:31:42 [INFO] [OctoBans] mabilou29 sql checked, record: spammp by SnowEffect to -1
11-08-17 00:31:42 [INFO] [OctoBans] mabilou29 sql checked, record: spammp by SnowEffect to -1
11-08-17 00:34:26 [INFO] [OctoBans] woimant punished protrack_iron for: Double Poste
11-08-17 00:36:46 [INFO] [OctoBans] riyane6122 sql checked, record: spammp by SkyKosIV to -1
11-08-17 00:38:21 [INFO] [OctoBans] woimant punished mabilou29 for: Double Poste
11-08-17 00:38:22 [INFO] [OctoBans] la_banane sql checked, record: doubleposte by JustMySkill to 1502406411
11-08-17 00:38:26 [INFO] [OctoBans] volganien sql checked, record: doubleposte by _Hello_Kitty to 1502405353
11-08-17 00:40:04 [INFO] [OctoBans] mgk_tozzzz sql checked, record: insultestaff by TheBrioche13 to 1502428703
11-08-17 00:41:10 [INFO] [OctoBans] woimant punished emerick35 for: Double Poste
11-08-17 00:41:45 [INFO] [OctoBans] JustMySkill punished oiseau for: Double Poste
11-08-17 00:42:24 [INFO] [OctoBans] Wiindows punished neox_ytb for: Spam/flood
11-08-17 00:49:27 [INFO] [OctoBans] woimant punished swaype for: Double Poste
11-08-17 00:49:45 [INFO] [OctoBans] woimant punished fflorian2004 for: Spam/flood
11-08-17 00:53:37 [INFO] [OctoBans] JustMySkill punished osmanlitorunu for: Spam/flood
11-08-17 00:57:37 [INFO] [OctoBans] JustMySkill punished enzo_18 for: Double Poste
11-08-17 01:01:08 [INFO] [OctoBans] JustMySkill punished tweeyn_ for: Provocation
11-08-17 01:01:24 [INFO] [OctoBans] Wiindows punished poulemouiller for: Langage incorrect
11-08-17 01:04:23 [INFO] [OctoBans] JustMySkill punished zarkrone for: Majuscule
11-08-17 01:05:00 [INFO] [OctoBans] JustMySkill punished somine78 for: Langage incorrect
11-08-17 01:05:05 [INFO] [OctoBans] JustMySkill punished dark_t0x for: Langage incorrect
11-08-17 01:07:35 [INFO] [OctoBans] jojolatereur971 sql checked, record: spammp by TheBrioche13 to -1
11-08-17 01:09:16 [INFO] [OctoBans] elbelladum sql checked, record: spammp by Steph078 to -1
11-08-17 01:09:34 [INFO] [OctoBans] JustMySkill punished xxrandomxx for: Spam/flood
11-08-17 01:11:11 [INFO] [OctoBans] JustMySkill punished mister_foxy66 for: Langage incorrect
11-08-17 01:11:19 [INFO] [OctoBans] JustMySkill punished swaype for: Langage incorrect
11-08-17 01:12:04 [INFO] [OctoBans] The_Frusty punished mister_foxy66 for: Insulte staff
11-08-17 01:16:33 [INFO] [OctoBans] JustMySkill punished twidzei_ for: Provocation
11-08-17 01:25:01 [INFO] [OctoBans] dark_titix sql checked, record: spammp by Remil to -1
11-08-17 01:25:01 [INFO] [OctoBans] dark_titix sql checked, record: spammp by Remil to -1
11-08-17 01:25:01 [INFO] [OctoBans] dark_titix sql checked, record: spammp by Remil to -1
11-08-17 01:25:01 [INFO] [OctoBans] dark_titix sql checked, record: racism by ChronoEthernal to 1502479410
11-08-17 01:39:22 [INFO] [OctoBans] Wiindows punished rumblenight for: Insulte
11-08-17 01:39:42 [INFO] [OctoBans] Wiindows punished teomecano for: Insulte
11-08-17 01:42:07 [INFO] [OctoBans] EGGSPLOSION punished swaype for: Insulte
11-08-17 01:42:50 [INFO] [OctoBans] minecanis sql checked, record: spammp by Remil to -1
11-08-17 01:42:54 [INFO] [OctoBans] mister_foxy66 sql checked, record: insultestaff by The_Frusty to 1502478724
11-08-17 01:43:00 [INFO] [OctoBans] EGGSPLOSION punished mister_foxy66 for: Insulte
11-08-17 01:43:38 [INFO] [OctoBans] swaype sql checked, record: insulte by EGGSPLOSION to 1502411227
11-08-17 01:44:07 [INFO] [OctoBans] le_gameur sql checked, record: spammp by iPurple_ to -1
11-08-17 01:45:35 [INFO] [OctoBans] _Hello_Kitty punished thekillervaca for: Provocation
11-08-17 01:49:38 [INFO] [OctoBans] Wiindows punished le_gameur for: Double Poste
11-08-17 01:55:07 [INFO] [OctoBans] EGGSPLOSION punished la_banane for: Insulte
11-08-17 01:57:12 [INFO] [OctoBans] pandazzz sql checked, record: spammp by Remil to -1
11-08-17 01:59:44 [INFO] [OctoBans] JustMySkill punished pandazzz for: Insulte grave
11-08-17 02:01:54 [INFO] [OctoBans] zlKayzen punished krixx for: Double Poste
11-08-17 02:03:17 [INFO] [OctoBans] booba92i sql checked, record: kickautre by NeosiaNexus to -1
11-08-17 02:03:34 [INFO] [OctoBans] marchandloup sql checked, record: spammp by Remil to -1
11-08-17 02:03:34 [INFO] [OctoBans] marchandloup sql checked, record: spammp by PseudoNul to -1
11-08-17 02:03:34 [INFO] [OctoBans] marchandloup sql checked, record: spammp by NeosiaNexus to -1
11-08-17 02:07:40 [INFO] [OctoBans] EGGSPLOSION punished _theodu13_ for: Fausses informations
11-08-17 02:08:54 [INFO] [OctoBans] JustMySkill punished booba92i for: Double Poste
11-08-17 02:09:44 [INFO] [OctoBans] zlKayzen punished awes0me for: Double Poste
11-08-17 02:11:23 [INFO] [OctoBans] akowi sql checked, record: spammp by SkyKosIV to -1
11-08-17 02:28:16 [INFO] [OctoBans] JustMySkill punished thekillervaca for: Spam/flood
11-08-17 02:35:19 [INFO] [OctoBans] JustMySkill punished ledragonfeu for: Majuscule
11-08-17 02:40:37 [INFO] [OctoBans] JustMySkill punished minecanis for: Provocation
11-08-17 02:55:45 [INFO] [OctoBans] JustMySkill punished dark_t0x for: Spam/flood
11-08-17 02:56:01 [INFO] [OctoBans] JustMySkill punished snoxx_ for: Provocation
11-08-17 02:57:19 [INFO] [OctoBans] JustMySkill punished dark_t0x for: Insulte grave
11-08-17 03:06:10 [INFO] [OctoBans] Wiindows punished killer1 for: Langage incorrect
11-08-17 03:55:07 [INFO] [OctoBans] _Hello_Kitty punished kayzer95 for: Double Poste
11-08-17 04:01:07 [INFO] [OctoBans] _Hello_Kitty punished nikefort for: Double Poste
11-08-17 04:26:06 [INFO] [OctoBans] _Hello_Kitty punished hurycedaniel for: Spam/flood
11-08-17 04:44:11 [INFO] [OctoBans] thekillervaca sql checked, record: spam by JustMySkill to 1502422096
11-08-17 04:44:14 [INFO] [OctoBans] mgk_tozzzz sql checked, record: insultestaff by TheBrioche13 to 1502428703
11-08-17 04:44:14 [INFO] [OctoBans] mgk_tozzzz sql checked, record: provocation by MgK_TozzzZ to 1498386135
11-08-17 04:44:14 [INFO] [OctoBans] mgk_tozzzz sql checked, record: flood by MgK_TozzzZ to 1498389392
11-08-17 04:44:14 [INFO] [OctoBans] mgk_tozzzz sql checked, record: provocation by MgK_TozzzZ to 1498386737
11-08-17 04:44:14 [INFO] [OctoBans] mgk_tozzzz sql checked, record: majuscule by MgK_TozzzZ to 1498394698
11-08-17 04:44:14 [INFO] [OctoBans] mgk_tozzzz sql checked, record: insulte by MgK_TozzzZ to 1498396333
11-08-17 04:44:14 [INFO] [OctoBans] mgk_tozzzz sql checked, record: doubleposte by MgK_TozzzZ to 1498394716
11-08-17 04:44:14 [INFO] [OctoBans] mgk_tozzzz sql checked, record: provocation by MgK_TozzzZ to 1498402570
11-08-17 04:44:14 [INFO] [OctoBans] mgk_tozzzz sql checked, record: provocation by MgK_TozzzZ to 1498435845
11-08-17 04:44:14 [INFO] [OctoBans] mgk_tozzzz sql checked, record: insulte by MgK_TozzzZ to 1498440391
11-08-17 04:44:14 [INFO] [OctoBans] mgk_tozzzz sql checked, record: insultestaff by MgK_TozzzZ to 1498936563
11-08-17 04:44:14 [INFO] [OctoBans] mgk_tozzzz sql checked, record: doubleposte by MgK_TozzzZ to 1498437490
11-08-17 04:44:14 [INFO] [OctoBans] mgk_tozzzz sql checked, record: flood by MgK_TozzzZ to 1498440861
11-08-17 04:44:14 [INFO] [OctoBans] mgk_tozzzz sql checked, record: spam by MgK_TozzzZ to 1498475901
11-08-17 04:44:14 [INFO] [OctoBans] mgk_tozzzz sql checked, record: doubleposte by MgK_TozzzZ to 1498477982
11-08-17 04:44:14 [INFO] [OctoBans] mgk_tozzzz sql checked, record: provocation by MgK_TozzzZ to 1498479001
11-08-17 04:48:53 [INFO] [OctoBans] Remil punished shawngriff for: Double Poste
11-08-17 04:50:05 [INFO] [OctoBans] JustMySkill punished donatello for: Langage incorrect
11-08-17 04:52:43 [INFO] [OctoBans] JustMySkill punished mzeeriv for: Langage incorrect
11-08-17 05:01:03 [INFO] [OctoBans] JustMySkill punished araah_ for: Spam/flood
11-08-17 05:04:09 [INFO] [OctoBans] JustMySkill punished araah_ for: Spam/flood
11-08-17 05:04:31 [INFO] [OctoBans] JustMySkill punished mzeerii for: Insulte grave
11-08-17 05:34:35 [INFO] [OctoBans] xxbossteamxx sql checked, record: spammp by SuperJojo to -1
11-08-17 05:34:35 [INFO] [OctoBans] xxbossteamxx sql checked, record: spammp by SkyKosIV to -1
11-08-17 05:34:35 [INFO] [OctoBans] xxbossteamxx sql checked, record: spammp by SnowEffect to -1
11-08-17 05:34:35 [INFO] [OctoBans] xxbossteamxx sql checked, record: spammp by SnowEffect to -1
11-08-17 05:34:35 [INFO] [OctoBans] xxbossteamxx sql checked, record: spammp by Remil to -1
11-08-17 05:50:02 [INFO] [OctoBans] JustMySkill punished kayzer95 for: Double Poste
11-08-17 05:55:30 [INFO] [OctoBans] Remil punished hurycedaniel for: Menace de hack
11-08-17 05:56:07 [INFO] [OctoBans] Remil punished araah_ for: Menace de hack
11-08-17 06:01:02 [INFO] [OctoBans] Disabling OctoBans v1.0
