14-11-17 22:31:42 [INFO] [OctoBans] File Handler successfully initialized!
14-11-17 22:31:42 [INFO] [OctoBans] SQL connection successfully etablished
14-11-17 22:31:42 [INFO] [OctoBans] Moderator Tools by Octonia.
14-11-17 22:31:47 [INFO] [OctoBans] ayken sql checked, record: spammp by KelianHD to -1
14-11-17 22:31:54 [INFO] [OctoBans] letrolleur sql checked, record: insultegrave by NiceFR to 1510718306
14-11-17 22:31:59 [INFO] [OctoBans] syrox_ytb sql checked, record: spam by NeyTox to 1510696250
14-11-17 22:32:18 [INFO] [OctoBans] aexraptorz sql checked, record: spammp by Remil to -1
14-11-17 22:32:23 [INFO] [OctoBans] oow_ll sql checked, record: homophobie by FiasK0 to 1510756907
14-11-17 22:33:48 [INFO] [OctoBans] kimoli sql checked, record: spammp by NeyTox to -1
14-11-17 22:33:48 [INFO] [OctoBans] kimoli sql checked, record: spammp by NeyTox to -1
14-11-17 22:33:48 [INFO] [OctoBans] kimoli sql checked, record: spammp by NeyTox to -1
14-11-17 22:33:48 [INFO] [OctoBans] kimoli sql checked, record: spammp by NeyTox to -1
14-11-17 22:33:48 [INFO] [OctoBans] kimoli sql checked, record: spammp by NeyTox to -1
14-11-17 22:33:48 [INFO] [OctoBans] kimoli sql checked, record: spammp by NeyTox to -1
14-11-17 22:33:48 [INFO] [OctoBans] kimoli sql checked, record: spammp by NeyTox to -1
14-11-17 22:33:48 [INFO] [OctoBans] kimoli sql checked, record: spammp by NeyTox to -1
14-11-17 22:33:48 [INFO] [OctoBans] kimoli sql checked, record: spammp by NeyTox to -1
14-11-17 22:33:48 [INFO] [OctoBans] kimoli sql checked, record: spammp by Remil to -1
14-11-17 22:34:34 [INFO] [OctoBans] NeyTox punished moumoute234 for: Majuscule
14-11-17 22:34:41 [INFO] [OctoBans] mystrerecoockie sql checked, record: spammp by WeeZix to -1
14-11-17 22:36:03 [INFO] [OctoBans] sangoku sql checked, record: provocation by SkillBOotiiS to 1510695837
14-11-17 22:36:41 [INFO] [OctoBans] gameurdumsk sql checked, record: spammp by SkillBOotiiS to -1
14-11-17 22:36:41 [INFO] [OctoBans] gameurdumsk sql checked, record: spammp by SkillBOotiiS to -1
14-11-17 22:36:41 [INFO] [OctoBans] gameurdumsk sql checked, record: spammp by NeyTox to -1
14-11-17 22:36:56 [INFO] [OctoBans] darryl1 sql checked, record: spammp by FiasK0 to -1
14-11-17 22:40:11 [INFO] [OctoBans] pepsicoca sql checked, record: spammp by infinitim to -1
14-11-17 22:44:47 [INFO] [OctoBans] SkillBOotiiS punished mire for: Insulte grave
14-11-17 22:45:55 [INFO] [OctoBans] cocacola62 sql checked, record: spammp by Kyabe to -1
14-11-17 22:49:04 [INFO] [OctoBans] yeti2001vd sql checked, record: spammp by Frite_Merguez to -1
14-11-17 22:49:47 [INFO] [OctoBans] superjojo sql checked, record: spammp by SkillBOotiiS to -1
14-11-17 22:50:22 [INFO] [OctoBans] leminecraftien80 sql checked, record: spammp by infinitim to -1
14-11-17 22:50:22 [INFO] [OctoBans] leminecraftien80 sql checked, record: spammp by Zoseq to -1
14-11-17 22:50:22 [INFO] [OctoBans] leminecraftien80 sql checked, record: insultegrave by YTB_XxKarnageXx to 1510760090
14-11-17 22:50:22 [INFO] [OctoBans] leminecraftien80 sql checked, record: insultegrave by Zayrox29 to 1510808337
14-11-17 22:51:14 [INFO] [OctoBans] Zayrox29 punished stannou300 for: Double Poste
14-11-17 22:54:34 [INFO] [OctoBans] amzgameuse sql checked, record: spammp by OCIP_Matth to -1
14-11-17 22:55:20 [INFO] [OctoBans] SkillBOotiiS punished the_legends_62 for: Double Poste
14-11-17 22:58:32 [INFO] [OctoBans] SkillBOotiiS punished lotrixx for: Provocation
14-11-17 23:02:29 [INFO] [OctoBans] SkillBOotiiS punished lassaladee for: Spam/flood
14-11-17 23:36:32 [INFO] [OctoBans] virocl sql checked, record: spammp by Antoine57565 to -1
14-11-17 23:36:40 [INFO] [OctoBans] blastninja sql checked, record: spammp by LeRe to -1
14-11-17 23:36:40 [INFO] [OctoBans] blastninja sql checked, record: spammp by Zoseq to -1
14-11-17 23:48:45 [INFO] [OctoBans] NeyTox punished poukijump for: Spam/flood
14-11-17 23:49:30 [INFO] [OctoBans] NeyTox punished alexisdu59 for: Provocation
15-11-17 00:04:27 [INFO] [OctoBans] NeyTox punished syrox_ytb for: Publicité Youtubeur
15-11-17 00:07:32 [INFO] [OctoBans] killerboydu13 sql checked, record: spammp by Evolze to -1
15-11-17 00:07:32 [INFO] [OctoBans] killerboydu13 sql checked, record: spammp by KelianHD to -1
15-11-17 00:07:32 [INFO] [OctoBans] killerboydu13 sql checked, record: spammp by OCIP_Matth to -1
15-11-17 00:13:17 [INFO] [OctoBans] kakakiki sql checked, record: spammp by OCIP_Matth to -1
15-11-17 00:13:17 [INFO] [OctoBans] kakakiki sql checked, record: spammp by NeyTox to -1
15-11-17 00:29:19 [INFO] [OctoBans] azeedarkay sql checked, record: spammp by KelianHD to -1
15-11-17 00:57:44 [INFO] [OctoBans] NeyTox punished virocl for: Insulte grave
15-11-17 00:58:09 [INFO] [OctoBans] NeyTox punished leminecraftien80 for: Insulte grave
15-11-17 01:01:03 [INFO] [OctoBans] NeyTox punished virocl for: Majuscule
15-11-17 01:11:52 [INFO] [OctoBans] virocl sql checked, record: spammp by Antoine57565 to -1
15-11-17 01:11:52 [INFO] [OctoBans] virocl sql checked, record: insultegrave by NeyTox to 1510739864
15-11-17 06:01:01 [INFO] [OctoBans] Disabling OctoBans v1.0
