03-01-18 22:31:43 [INFO] [OctoBans] File Handler successfully initialized!
03-01-18 22:31:43 [INFO] [OctoBans] SQL connection successfully etablished
03-01-18 22:31:43 [INFO] [OctoBans] Moderator Tools by Octonia.
03-01-18 22:31:47 [INFO] [OctoBans] aparia sql checked, record: spammp by pepedjo to -1
03-01-18 22:31:47 [INFO] [OctoBans] aparia sql checked, record: spammp by pepedjo to -1
03-01-18 22:31:47 [INFO] [OctoBans] aparia sql checked, record: spammp by Evolze to -1
03-01-18 22:31:47 [INFO] [OctoBans] aparia sql checked, record: spammp by FiasK0 to -1
03-01-18 22:31:47 [INFO] [OctoBans] aparia sql checked, record: spammp by atsuky to -1
03-01-18 22:31:47 [INFO] [OctoBans] icekiller54000 sql checked, record: spammp by OCIP_Matth to -1
03-01-18 22:31:47 [INFO] [OctoBans] gramatik sql checked, record: spammp by woimant to -1
03-01-18 22:31:47 [INFO] [OctoBans] gramatik sql checked, record: insultegrave by FiasK0 to 1515109678
03-01-18 22:31:47 [INFO] [OctoBans] bardaxx_ sql checked, record: spammp by Zoseq to -1
03-01-18 22:31:47 [INFO] [OctoBans] hayden_frost sql checked, record: spammp by OCIP_Matth to -1
03-01-18 22:31:47 [INFO] [OctoBans] hayden_frost sql checked, record: insultegrave by EGGSPLOSION to 1515073892
03-01-18 22:31:47 [INFO] [OctoBans] selim6671 sql checked, record: spammp by LeRe to -1
03-01-18 22:31:48 [INFO] [OctoBans] darkfr45 sql checked, record: spammp by FiasK0 to -1
03-01-18 22:31:48 [INFO] [OctoBans] darkfr45 sql checked, record: spammp by FiasK0 to -1
03-01-18 22:31:48 [INFO] [OctoBans] chut3000 sql checked, record: spammp by FiasK0 to -1
03-01-18 22:31:48 [INFO] [OctoBans] chut3000 sql checked, record: spammp by Zayrox29 to -1
03-01-18 22:31:48 [INFO] [OctoBans] chut3000 sql checked, record: spammp by NeyTox to -1
03-01-18 22:31:48 [INFO] [OctoBans] brookdu81 sql checked, record: spammp by D3adOrSnipSurYTB to -1
03-01-18 22:31:48 [INFO] [OctoBans] brookdu81 sql checked, record: faussesinfos by D3adOrSnipSurYTB to 1515090002
03-01-18 22:31:48 [INFO] [OctoBans] bluegumsurytb sql checked, record: spammp by PseudooNull to -1
03-01-18 22:31:48 [INFO] [OctoBans] bluegumsurytb sql checked, record: spammp by ToXiCz_TV to -1
03-01-18 22:31:48 [INFO] [OctoBans] reborncreep sql checked, record: spammp by drbrine to -1
03-01-18 22:31:48 [INFO] [OctoBans] maxougaming sql checked, record: spammp by Ceraiste to -1
03-01-18 22:31:48 [INFO] [OctoBans] maxougaming sql checked, record: spammp by EW3L to -1
03-01-18 22:31:48 [INFO] [OctoBans] maxougaming sql checked, record: spammp by FiasK0 to -1
03-01-18 22:31:48 [INFO] [OctoBans] maxougaming sql checked, record: spammp by FNGOD to -1
03-01-18 22:31:48 [INFO] [OctoBans] maxougaming sql checked, record: insultegrave by SkillBOotiiS to 1515105330
03-01-18 22:31:48 [INFO] [OctoBans] aexraptorz sql checked, record: spammp by Remil to -1
03-01-18 22:31:48 [INFO] [OctoBans] aexraptorz sql checked, record: spammp by PseudooNull to -1
03-01-18 22:31:48 [INFO] [OctoBans] keen0x sql checked, record: spammp by FNGOD to -1
03-01-18 22:31:48 [INFO] [OctoBans] faryu_ sql checked, record: spammp by Spovly to -1
03-01-18 22:31:48 [INFO] [OctoBans] faryu_ sql checked, record: spammp by Taygrax07 to -1
03-01-18 22:31:48 [INFO] [OctoBans] karibo127 sql checked, record: spammp by FNGOD to -1
03-01-18 22:31:48 [INFO] [OctoBans] karibo127 sql checked, record: spammp by FNGOD to -1
03-01-18 22:31:48 [INFO] [OctoBans] byzoo sql checked, record: spammp by PseudooNull to -1
03-01-18 22:31:48 [INFO] [OctoBans] byzoo sql checked, record: spammp by PseudooNull to -1
03-01-18 22:31:48 [INFO] [OctoBans] byzoo sql checked, record: spam by D3adOrSnipSurYTB to 1515031918
03-01-18 22:31:48 [INFO] [OctoBans] logankillers sql checked, record: spammp by woimant to -1
03-01-18 22:31:48 [INFO] [OctoBans] friphiano sql checked, record: spammp by atsuky to -1
03-01-18 22:31:48 [INFO] [OctoBans] friphiano sql checked, record: spammp by OCIP_Matth to -1
03-01-18 22:31:49 [INFO] [OctoBans] rubyyy123 sql checked, record: spammp by SmooKeur to -1
03-01-18 22:31:49 [INFO] [OctoBans] rubyyy123 sql checked, record: insultegrave by PseudooNull to 1515080237
03-01-18 22:31:51 [INFO] [OctoBans] mrfire19 sql checked, record: spammp by atsuky to -1
03-01-18 22:31:51 [INFO] [OctoBans] youmakemelol sql checked, record: spammp by EW3L to -1
03-01-18 22:31:54 [INFO] [OctoBans] imjeezk sql checked, record: spammp by Gamer09 to -1
03-01-18 22:31:54 [INFO] [OctoBans] imjeezk sql checked, record: spammp by OCIP_Matth to -1
03-01-18 22:31:54 [INFO] [OctoBans] imjeezk sql checked, record: spammp by NiceFR to -1
03-01-18 22:31:54 [INFO] [OctoBans] titidu46 sql checked, record: insultegrave by EGGSPLOSION to 1515037210
03-01-18 22:31:55 [INFO] [OctoBans] jeremygameur sql checked, record: spammp by EW3L to -1
03-01-18 22:31:55 [INFO] [OctoBans] jeremygameur sql checked, record: spammp by atsuky to -1
03-01-18 22:31:55 [INFO] [OctoBans] jeremygameur sql checked, record: spammp by EW3L to -1
03-01-18 22:31:58 [INFO] [OctoBans] diraypvp sql checked, record: spammp by zlKayzen to -1
03-01-18 22:31:59 [INFO] [OctoBans] lucas94350 sql checked, record: spammp by Kyabe to -1
03-01-18 22:32:01 [INFO] [OctoBans] faruz sql checked, record: spammp by D3adOrSnipSurYTB to -1
03-01-18 22:32:02 [INFO] [OctoBans] kaiyoken sql checked, record: spammp by OCIP_Matth to -1
03-01-18 22:32:09 [INFO] [OctoBans] mimi146 sql checked, record: spammp by FiasK0 to -1
03-01-18 22:32:13 [INFO] [OctoBans] pepedjo sql checked, record: spammp by NiceFR to -1
03-01-18 22:32:13 [INFO] [OctoBans] pepedjo sql checked, record: spammp by ToXiCz_TV to -1
03-01-18 22:32:16 [INFO] [OctoBans] ytbibossyt sql checked, record: spammp by atsuky to -1
03-01-18 22:32:31 [INFO] [OctoBans] noragev12 sql checked, record: spammp by Shainko to -1
03-01-18 22:32:31 [INFO] [OctoBans] noragev12 sql checked, record: insultegrave by WeeZix to 1515024022
03-01-18 22:32:31 [INFO] [OctoBans] x4gaming sql checked, record: spammp by D3adOrSnipSurYTB to -1
03-01-18 22:32:31 [INFO] [OctoBans] x4gaming sql checked, record: spammp by atsuky to -1
03-01-18 22:32:36 [INFO] [OctoBans] crapulekiller sql checked, record: spammp by SkillBOotiiS to -1
03-01-18 22:32:39 [INFO] [OctoBans] tifou_fou sql checked, record: insultegrave by ToXiCz_TV to 1515067355
03-01-18 22:32:39 [INFO] [OctoBans] tifou_fou sql checked, record: insultegrave by ToXiCz_TV to 1515103572
03-01-18 22:32:39 [INFO] [OctoBans] tifou_fou sql checked, record: spammp by ToXiCz_TV to -1
03-01-18 22:33:00 [INFO] [OctoBans] EGGSPLOSION punished x4gaming for: Provocation
03-01-18 22:33:41 [INFO] [OctoBans] leminecraftien80 sql checked, record: spammp by PseudooNull to -1
03-01-18 22:33:41 [INFO] [OctoBans] leminecraftien80 sql checked, record: spammp by skhey to -1
03-01-18 22:33:41 [INFO] [OctoBans] leminecraftien80 sql checked, record: spammp by D3adOrSnipSurYTB to -1
03-01-18 22:33:41 [INFO] [OctoBans] leminecraftien80 sql checked, record: insultegrave by EGGSPLOSION to 1515348292
03-01-18 22:33:41 [INFO] [OctoBans] leminecraftien80 sql checked, record: insultegrave by ToXiCz_TV to 1515494694
03-01-18 22:33:41 [INFO] [OctoBans] leminecraftien80 sql checked, record: spammp by OCIP_Matth to -1
03-01-18 22:33:41 [INFO] [OctoBans] leminecraftien80 sql checked, record: insultegrave by OCIP_Matth to 1515602298
03-01-18 22:33:41 [INFO] [OctoBans] leminecraftien80 sql checked, record: insultegrave by ToXiCz_TV to 1515638893
03-01-18 22:33:41 [INFO] [OctoBans] leminecraftien80 sql checked, record: insultegrave by ToXiCz_TV to 1515676554
03-01-18 22:33:47 [INFO] [OctoBans] xenotium_pvp sql checked, record: spammp by EW3L to -1
03-01-18 22:34:09 [INFO] [OctoBans] sohard_ sql checked, record: spammp by OCIP_Matth to -1
03-01-18 22:35:37 [INFO] [OctoBans] mayeul sql checked, record: spammp by SmooKeur to -1
03-01-18 22:36:24 [INFO] [OctoBans] lucastyle sql checked, record: spammp by LeRe to -1
03-01-18 22:36:27 [INFO] [OctoBans] sosodidi sql checked, record: spammp by Zoseq to -1
03-01-18 22:36:27 [INFO] [OctoBans] sosodidi sql checked, record: spammp by WeeZix to -1
03-01-18 22:36:27 [INFO] [OctoBans] sosodidi sql checked, record: insultegrave by FiasK0 to 1515159391
03-01-18 22:36:27 [INFO] [OctoBans] sosodidi sql checked, record: spammp by EW3L to -1
03-01-18 22:38:22 [INFO] [OctoBans] epedrakesse sql checked, record: spammp by YTB_XxKarnageXx to -1
03-01-18 22:39:04 [INFO] [OctoBans] autoclick_pvp sql checked, record: spammp by FiasK0 to -1
03-01-18 22:39:45 [INFO] [OctoBans] tufi sql checked, record: spammp by LeRe to -1
03-01-18 22:39:54 [INFO] [OctoBans] goodbyeadc sql checked, record: spammp by Gamer09 to -1
03-01-18 22:39:54 [INFO] [OctoBans] goodbyeadc sql checked, record: spammp by OCIP_Matth to -1
03-01-18 22:40:08 [INFO] [OctoBans] xx_volrod_xx sql checked, record: spammp by Spovly to -1
03-01-18 22:40:08 [INFO] [OctoBans] xx_volrod_xx sql checked, record: spammp by Spovly to -1
03-01-18 22:40:08 [INFO] [OctoBans] xx_volrod_xx sql checked, record: spammp by The_Frusty to -1
03-01-18 22:40:08 [INFO] [OctoBans] xx_volrod_xx sql checked, record: spammp by The_Frusty to -1
03-01-18 22:40:08 [INFO] [OctoBans] xx_volrod_xx sql checked, record: spammp by The_Frusty to -1
03-01-18 22:40:08 [INFO] [OctoBans] xx_volrod_xx sql checked, record: spammp by Spovly to -1
03-01-18 22:40:08 [INFO] [OctoBans] xx_volrod_xx sql checked, record: spammp by KelianHD to -1
03-01-18 22:40:08 [INFO] [OctoBans] xx_volrod_xx sql checked, record: spammp by OCIP_Matth to -1
03-01-18 22:40:08 [INFO] [OctoBans] xx_volrod_xx sql checked, record: spammp by OCIP_Matth to -1
03-01-18 22:40:08 [INFO] [OctoBans] xx_volrod_xx sql checked, record: spammp by OCIP_Matth to -1
03-01-18 22:40:08 [INFO] [OctoBans] xx_volrod_xx sql checked, record: spammp by Evolze to -1
03-01-18 22:40:08 [INFO] [OctoBans] xx_volrod_xx sql checked, record: floodmp by NiceFR to -1
03-01-18 22:40:08 [INFO] [OctoBans] xx_volrod_xx sql checked, record: spammp by NiceFR to -1
03-01-18 22:40:08 [INFO] [OctoBans] xx_volrod_xx sql checked, record: spammp by FiasK0 to -1
03-01-18 22:40:08 [INFO] [OctoBans] xx_volrod_xx sql checked, record: spammp by OCIP_Matth to -1
03-01-18 22:40:08 [INFO] [OctoBans] xx_volrod_xx sql checked, record: spammp by MrKebab to -1
03-01-18 22:40:08 [INFO] [OctoBans] xx_volrod_xx sql checked, record: spammp by D3adOrSnipSurYTB to -1
03-01-18 22:40:21 [INFO] [OctoBans] rdvsurlebloc sql checked, record: spammp by D3adOrSnipSurYTB to -1
03-01-18 22:40:21 [INFO] [OctoBans] rdvsurlebloc sql checked, record: insultegrave by OCIP_Matth to 1515162065
03-01-18 22:41:01 [INFO] [OctoBans] zeynox sql checked, record: spammp by Zayrox29 to -1
03-01-18 22:41:01 [INFO] [OctoBans] zeynox sql checked, record: spammp by Zoseq to -1
03-01-18 22:41:01 [INFO] [OctoBans] zeynox sql checked, record: spammp by LaKitaw to -1
03-01-18 22:41:01 [INFO] [OctoBans] zeynox sql checked, record: spammp by LaKitaw to -1
03-01-18 22:41:01 [INFO] [OctoBans] zeynox sql checked, record: spammp by LaKitaw to -1
03-01-18 22:41:01 [INFO] [OctoBans] zeynox sql checked, record: spammp by D3adOrSnipSurYTB to -1
03-01-18 22:41:01 [INFO] [OctoBans] zeynox sql checked, record: insultegrave by OCIP_Matth to 1515069973
03-01-18 22:42:43 [INFO] [OctoBans] momolegardien sql checked, record: spammp by ToXiCz_TV to -1
03-01-18 22:42:46 [INFO] [OctoBans] boblesang sql checked, record: spammp by woimant to -1
03-01-18 22:43:05 [INFO] [OctoBans] sosfight sql checked, record: spammp by PseudooNull to -1
03-01-18 22:43:29 [INFO] [OctoBans] infinity_du59 sql checked, record: spammp by Antoine57565 to -1
03-01-18 22:43:52 [INFO] [OctoBans] zabilotero sql checked, record: spammp by SmooKeur to -1
03-01-18 22:43:52 [INFO] [OctoBans] zabilotero sql checked, record: spammp by PseudooNull to -1
03-01-18 22:43:56 [INFO] [OctoBans] xx_yz_xx sql checked, record: spammp by SkillBOotiiS to -1
03-01-18 22:45:35 [INFO] [OctoBans] lokyin sql checked, record: spammp by ToXiCz_TV to -1
03-01-18 22:45:35 [INFO] [OctoBans] lokyin sql checked, record: spammp by skhey to -1
03-01-18 22:46:21 [INFO] [OctoBans] pepsicoca sql checked, record: spammp by FiasK0 to -1
03-01-18 22:48:53 [INFO] [OctoBans] thomas62200 sql checked, record: spammp by atsuky to -1
03-01-18 22:49:24 [INFO] [OctoBans] d3adorsnipsurytb sql checked, record: spammp by Koeseb97 to -1
03-01-18 22:49:24 [INFO] [OctoBans] d3adorsnipsurytb sql checked, record: spammp by Koeseb97 to -1
03-01-18 22:49:24 [INFO] [OctoBans] d3adorsnipsurytb sql checked, record: spammp by Koeseb97 to -1
03-01-18 22:49:24 [INFO] [OctoBans] d3adorsnipsurytb sql checked, record: spammp by Koeseb97 to -1
03-01-18 22:49:24 [INFO] [OctoBans] d3adorsnipsurytb sql checked, record: spammp by Koeseb97 to -1
03-01-18 22:49:24 [INFO] [OctoBans] d3adorsnipsurytb sql checked, record: spammp by Koeseb97 to -1
03-01-18 22:50:04 [INFO] [OctoBans] deeprodole sql checked, record: spammp by Zayrox29 to -1
03-01-18 22:50:04 [INFO] [OctoBans] deeprodole sql checked, record: spammp by Zayrox29 to -1
03-01-18 22:50:16 [INFO] [OctoBans] dilili sql checked, record: spammp by ToXiCz_TV to -1
03-01-18 22:50:16 [INFO] [OctoBans] dilili sql checked, record: spammp by PseudooNull to -1
03-01-18 22:51:16 [INFO] [OctoBans] progameur sql checked, record: spammp by FiasK0 to -1
03-01-18 22:51:16 [INFO] [OctoBans] progameur sql checked, record: spammp by D3adOrSnipSurYTB to -1
03-01-18 22:51:16 [INFO] [OctoBans] progameur sql checked, record: insultegrave by FiasK0 to 1515167572
03-01-18 22:51:58 [INFO] [OctoBans] azinox12 sql checked, record: spammp by PseudooNull to -1
03-01-18 22:52:00 [INFO] [OctoBans] nakzu_u sql checked, record: spammp by FNGOD to -1
03-01-18 22:52:00 [INFO] [OctoBans] nakzu_u sql checked, record: spammp by ToXiCz_TV to -1
03-01-18 22:52:00 [INFO] [OctoBans] nakzu_u sql checked, record: spammp by OCIP_Matth to -1
03-01-18 22:52:00 [INFO] [OctoBans] nakzu_u sql checked, record: spammp by OCIP_Matth to -1
03-01-18 22:54:41 [INFO] [OctoBans] EW3L punished byzoo for: Spam/flood en MP
03-01-18 22:55:33 [INFO] [OctoBans] D3adOrSnipSurYTB punished xx_volrod_xx for: Spam/flood
03-01-18 22:55:44 [INFO] [OctoBans] D3adOrSnipSurYTB punished ecarlate for: TpKill
03-01-18 22:55:57 [INFO] [OctoBans] D3adOrSnipSurYTB punished xx_volrod_xx for: Spam/flood en MP
03-01-18 22:56:27 [INFO] [OctoBans] D3adOrSnipSurYTB punished mrlecroq for: TpKill
03-01-18 22:57:12 [INFO] [OctoBans] harkz sql checked, record: spammp by EGGSPLOSION to -1
03-01-18 22:57:12 [INFO] [OctoBans] harkz sql checked, record: spammp by atsuky to -1
03-01-18 22:57:44 [INFO] [OctoBans] monstergamex7 sql checked, record: spammp by pepedjo to -1
03-01-18 23:04:27 [INFO] [OctoBans] _rubilax sql checked, record: spammp by OCIP_Matth to -1
03-01-18 23:04:49 [INFO] [OctoBans] xxsubxx sql checked, record: spammp by OCIP_Matth to -1
03-01-18 23:04:49 [INFO] [OctoBans] xxsubxx sql checked, record: spammp by PseudooNull to -1
03-01-18 23:06:22 [INFO] [OctoBans] deniz sql checked, record: spammp by SmooKeur to -1
03-01-18 23:08:12 [INFO] [OctoBans] oth716 sql checked, record: spammp by EGGSPLOSION to -1
03-01-18 23:09:09 [INFO] [OctoBans] D3adOrSnipSurYTB punished dominion for: TpKill
03-01-18 23:09:39 [INFO] [OctoBans] D3adOrSnipSurYTB punished theko for: TpKill
03-01-18 23:09:56 [INFO] [OctoBans] D3adOrSnipSurYTB punished titouan2005 for: TpKill
03-01-18 23:12:58 [INFO] [OctoBans] pepedjo punished _konaking_ for: Double Poste
03-01-18 23:14:20 [INFO] [OctoBans] EW3L punished nicotine for: Double Poste
03-01-18 23:14:22 [INFO] [OctoBans] virocl sql checked, record: spammp by PseudooNull to -1
03-01-18 23:16:23 [INFO] [OctoBans] gotmalive sql checked, record: spammp by PseudooNull to -1
03-01-18 23:18:15 [INFO] [OctoBans] akriiiii_i sql checked, record: spammp by FiasK0 to -1
03-01-18 23:23:49 [INFO] [OctoBans] killyan sql checked, record: spammp by EW3L to -1
03-01-18 23:25:57 [INFO] [OctoBans] PseudooNull punished lorois for: Majuscule
03-01-18 23:27:44 [INFO] [OctoBans] NeyTox punished strongernight for: Provocation
03-01-18 23:33:47 [INFO] [OctoBans] EW3L punished faryu_ for: Spam/flood
03-01-18 23:34:05 [INFO] [OctoBans] PseudooNull punished osakusquad for: Menace de hack
03-01-18 23:34:36 [INFO] [OctoBans] EW3L punished daishi for: Majuscule
03-01-18 23:37:08 [INFO] [OctoBans] arakword sql checked, record: spammp by PseudooNull to -1
03-01-18 23:39:39 [INFO] [OctoBans] idreyzen sql checked, record: insultegrave by EW3L to 1515021260
03-01-18 23:39:39 [INFO] [OctoBans] idreyzen sql checked, record: spammp by zlKayzen to -1
03-01-18 23:39:39 [INFO] [OctoBans] idreyzen sql checked, record: spammp by ToXiCz_TV to -1
03-01-18 23:41:50 [INFO] [OctoBans] EW3L punished nicotine for: Spam/flood en MP
03-01-18 23:42:49 [INFO] [OctoBans] th3ndr4l sql checked, record: spammp by skhey to -1
03-01-18 23:46:57 [INFO] [OctoBans] NeyTox punished arakword for: Insulte
03-01-18 23:47:33 [INFO] [OctoBans] NeyTox punished lassaladee for: Insulte grave
03-01-18 23:51:51 [INFO] [OctoBans] EW3L punished algorskis_yt for: Provocation
03-01-18 23:52:23 [INFO] [OctoBans] val28120 sql checked, record: spammp by PseudooNull to -1
03-01-18 23:52:23 [INFO] [OctoBans] val28120 sql checked, record: spammp by PseudooNull to -1
03-01-18 23:52:23 [INFO] [OctoBans] val28120 sql checked, record: spammp by PseudooNull to -1
03-01-18 23:52:23 [INFO] [OctoBans] val28120 sql checked, record: spammp by PseudooNull to -1
03-01-18 23:52:23 [INFO] [OctoBans] val28120 sql checked, record: spammp by PseudooNull to -1
03-01-18 23:52:23 [INFO] [OctoBans] val28120 sql checked, record: spammp by PseudooNull to -1
03-01-18 23:52:23 [INFO] [OctoBans] val28120 sql checked, record: spammp by PseudooNull to -1
03-01-18 23:52:23 [INFO] [OctoBans] val28120 sql checked, record: spammp by PseudooNull to -1
03-01-18 23:53:29 [INFO] [OctoBans] PseudooNull punished mrkebab for: Langage incorrect
03-01-18 23:54:06 [INFO] [OctoBans] EW3L punished algorskis_yt for: Spam/flood en MP
03-01-18 23:54:59 [INFO] [OctoBans] EW3L punished algorskis_yt for: Insulte grave
04-01-18 00:10:54 [INFO] [OctoBans] bokos sql checked, record: spammp by yeti2001vd to -1
04-01-18 00:10:54 [INFO] [OctoBans] bokos sql checked, record: spammp by yeti2001vd to -1
04-01-18 00:10:54 [INFO] [OctoBans] bokos sql checked, record: spammp by FNGOD to -1
04-01-18 00:10:54 [INFO] [OctoBans] bokos sql checked, record: spammp by EW3L to -1
04-01-18 00:10:54 [INFO] [OctoBans] bokos sql checked, record: spammp by FNGOD to -1
04-01-18 00:25:44 [INFO] [OctoBans] walterwhite sql checked, record: spammp by PseudooNull to -1
04-01-18 00:29:16 [INFO] [OctoBans] EW3L punished easy for: Provocation
04-01-18 00:41:57 [INFO] [OctoBans] EW3L punished easy for: Insulte grave
04-01-18 00:49:52 [INFO] [OctoBans] EW3L punished mrcraps for: Majuscule
04-01-18 00:49:58 [INFO] [OctoBans] EW3L punished benny34 for: Majuscule
04-01-18 00:54:00 [INFO] [OctoBans] mame sql checked, record: spammp by FiasK0 to -1
04-01-18 00:54:00 [INFO] [OctoBans] mame sql checked, record: spammp by Ourox_ to -1
04-01-18 00:54:00 [INFO] [OctoBans] mame sql checked, record: spammp by tinmar to -1
04-01-18 00:57:38 [INFO] [OctoBans] EW3L punished legameur12 for: Majuscule
04-01-18 01:00:11 [INFO] [OctoBans] EW3L punished petitpigeon for: Majuscule
04-01-18 01:03:37 [INFO] [OctoBans] duckawikytb sql checked, record: spammp by OCIP_Matth to -1
04-01-18 01:05:18 [INFO] [OctoBans] ToXiCz_TV punished soso3004 for: Insulte
04-01-18 01:05:27 [INFO] [OctoBans] ToXiCz_TV punished idemontz for: Homophobie
04-01-18 01:05:36 [INFO] [OctoBans] ToXiCz_TV punished mrfire19 for: Insulte
04-01-18 01:10:16 [INFO] [OctoBans] the_slash sql checked, record: spammp by pepedjo to -1
04-01-18 01:10:16 [INFO] [OctoBans] the_slash sql checked, record: spammp by drbrine to -1
04-01-18 01:10:16 [INFO] [OctoBans] the_slash sql checked, record: spammp by NeyTox to -1
04-01-18 01:10:16 [INFO] [OctoBans] the_slash sql checked, record: spammp by EW3L to -1
04-01-18 01:27:28 [INFO] [OctoBans] woimant punished greenadvaaance for: Spam/flood
04-01-18 01:36:24 [INFO] [OctoBans] woimant punished drkiritoz_ for: Spam/flood
04-01-18 01:42:06 [INFO] [OctoBans] by_fly sql checked, record: spammp by Hkz_Skillon to -1
04-01-18 01:42:06 [INFO] [OctoBans] by_fly sql checked, record: spammp by PseudooNull to -1
04-01-18 01:42:06 [INFO] [OctoBans] by_fly sql checked, record: insultegrave by NeyTox to 1515054124
04-01-18 01:43:25 [INFO] [OctoBans] woimant punished furiomaniak for: Provocation
04-01-18 01:44:32 [INFO] [OctoBans] woimant punished mrcraps for: Homophobie
04-01-18 01:48:43 [INFO] [OctoBans] woimant punished benny34 for: Insulte grave
04-01-18 01:58:00 [INFO] [OctoBans] xx_thors_xx sql checked, record: spammp by PoukoaMoa to -1
04-01-18 02:09:10 [INFO] [OctoBans] xx_after_xx sql checked, record: spammp by FiasK0 to -1
04-01-18 02:27:08 [INFO] [OctoBans] dozz_ytb sql checked, record: spammp by WeeZix to -1
04-01-18 02:27:08 [INFO] [OctoBans] dozz_ytb sql checked, record: tpkill by D3adOrSnipSurYTB to 1515089857
04-01-18 02:38:23 [INFO] [OctoBans] woimant punished furiomaniak for: Incitation au flood
04-01-18 02:40:42 [INFO] [OctoBans] tomcase14 sql checked, record: spammp by skhey to -1
04-01-18 02:45:26 [INFO] [OctoBans] samjj68 sql checked, record: spammp by PseudooNull to -1
04-01-18 03:09:37 [INFO] [OctoBans] minethuglife sql checked, record: spammp by EW3L to -1
04-01-18 03:17:47 [INFO] [OctoBans] keezy sql checked, record: spammp by LeRe to -1
04-01-18 03:17:47 [INFO] [OctoBans] keezy sql checked, record: spammp by LeRe to -1
04-01-18 03:17:47 [INFO] [OctoBans] keezy sql checked, record: spammp by ToXiCz_TV to -1
04-01-18 03:17:47 [INFO] [OctoBans] keezy sql checked, record: spammp by FamousxRay to -1
04-01-18 03:17:47 [INFO] [OctoBans] keezy sql checked, record: spammp by FNGOD to -1
04-01-18 03:19:06 [INFO] [OctoBans] shimo_ sql checked, record: spammp by Zayrox29 to -1
04-01-18 03:19:06 [INFO] [OctoBans] shimo_ sql checked, record: spammp by Zayrox29 to -1
04-01-18 03:19:06 [INFO] [OctoBans] shimo_ sql checked, record: spammp by ToXiCz_TV to -1
04-01-18 03:19:06 [INFO] [OctoBans] shimo_ sql checked, record: spammp by ToXiCz_TV to -1
04-01-18 03:19:06 [INFO] [OctoBans] shimo_ sql checked, record: spammp by Zayrox29 to -1
04-01-18 03:19:06 [INFO] [OctoBans] shimo_ sql checked, record: hack by Flowtox to -1
04-01-18 06:01:01 [INFO] [OctoBans] Disabling OctoBans v1.0
