30-05-17 22:31:42 [INFO] [OctoBans] File Handler successfully initialized!
30-05-17 22:31:42 [INFO] [OctoBans] SQL connection successfully etablished
30-05-17 22:31:42 [INFO] [OctoBans] Moderator Tools by Octonia.
30-05-17 22:31:47 [INFO] [OctoBans] acos79 sql checked, record: spammp by YTB_XxKarnageXx to -1
30-05-17 22:31:47 [INFO] [OctoBans] acos79 sql checked, record: spammp by Steph078 to -1
30-05-17 22:31:47 [INFO] [OctoBans] theo_pveur sql checked, record: spammp by Remil to -1
30-05-17 22:31:47 [INFO] [OctoBans] lucas59261 sql checked, record: kickautre by ZerKup to -1
30-05-17 22:31:47 [INFO] [OctoBans] samybg sql checked, record: spammp by Remil to -1
30-05-17 22:31:47 [INFO] [OctoBans] sportek_ sql checked, record: spammp by SkyKosIV to -1
30-05-17 22:31:47 [INFO] [OctoBans] tt1011 sql checked, record: spammp by YTB_XxKarnageXx to -1
30-05-17 22:31:47 [INFO] [OctoBans] tt1011 sql checked, record: spammp by YTB_XxKarnageXx to -1
30-05-17 22:31:47 [INFO] [OctoBans] tt1011 sql checked, record: spammp by SuperJojo to -1
30-05-17 22:31:47 [INFO] [OctoBans] tt1011 sql checked, record: spammp by SuperJojo to -1
30-05-17 22:31:47 [INFO] [OctoBans] superjojo sql checked, record: spammp by SkyKosIV to -1
30-05-17 22:31:47 [INFO] [OctoBans] cocodu621 sql checked, record: spam by Steph078 to 1496181064
30-05-17 22:31:47 [INFO] [OctoBans] fulse50 sql checked, record: spammp by SnowEffect to -1
30-05-17 22:31:50 [INFO] [OctoBans] singe_de_telfort sql checked, record: spammp by SuperJojo to -1
30-05-17 22:31:50 [INFO] [OctoBans] singe_de_telfort sql checked, record: insultestaff by SkyKosIV to 1496207659
30-05-17 22:31:50 [INFO] [OctoBans] _hello_kitty sql checked, record: spammp by Steph078 to -1
30-05-17 22:31:52 [INFO] [OctoBans] icesword sql checked, record: doubleposte by Forway to 1496176725
30-05-17 22:31:54 [INFO] [OctoBans] erinoxlx sql checked, record: kickautre by Steph078 to -1
30-05-17 22:32:03 [INFO] [OctoBans] tipi201 sql checked, record: kickautre by ZerKup to -1
30-05-17 22:32:23 [INFO] [OctoBans] akazede sql checked, record: insultegrave by Forway to 1496194281
30-05-17 22:33:00 [INFO] [OctoBans] _dragibus_ sql checked, record: spammp by Remil to -1
30-05-17 22:33:00 [INFO] [OctoBans] _dragibus_ sql checked, record: spammp by Remil to -1
30-05-17 22:33:49 [INFO] [OctoBans] azlord11 sql checked, record: doubleposte by YTB_XxKarnageXx to 1496176637
30-05-17 22:40:47 [INFO] [OctoBans] walterwhite sql checked, record: faussesinfos by Remil to 1496235515
30-05-17 22:40:47 [INFO] [OctoBans] walterwhite sql checked, record: insultestaff by Remil to 1496243669
30-05-17 22:40:47 [INFO] [OctoBans] walterwhite sql checked, record: insultestaff by Remil to 1496279689
30-05-17 22:42:36 [INFO] [OctoBans] SuperJojo punished frite_merguez for: Langage incorrect
30-05-17 22:43:32 [INFO] [OctoBans] Forway punished streem22 for: Majuscule
30-05-17 22:46:43 [INFO] [OctoBans] Forway punished fanatiik_ for: Majuscule
30-05-17 22:48:55 [INFO] [OctoBans] SuperJojo punished theoklm57 for: Double Poste
30-05-17 22:49:08 [INFO] [OctoBans] SuperJojo punished xelf for: Double Poste
30-05-17 22:52:39 [INFO] [OctoBans] tipi201 punished vavane377 for: Langage incorrect
30-05-17 22:53:35 [INFO] [OctoBans] SkyKosIV punished toun4ss for: Insulte grave
30-05-17 22:55:47 [INFO] [OctoBans] SkyKosIV punished skyizi91 for: Double Poste
30-05-17 22:56:26 [INFO] [OctoBans] tipi201 punished pioupiou2002 for: Double Poste
30-05-17 22:57:46 [INFO] [OctoBans] whiskass sql checked, record: spammp by SuperJojo to -1
30-05-17 22:58:24 [INFO] [OctoBans] tipi201 punished ecapvp for: Double Poste
30-05-17 22:58:56 [INFO] [OctoBans] amg sql checked, record: spammp by SkyKosIV to -1
30-05-17 22:59:10 [INFO] [OctoBans] kanekiiiii sql checked, record: kickautre by Steph078 to -1
30-05-17 22:59:10 [INFO] [OctoBans] kanekiiiii sql checked, record: spammp by Remil to -1
30-05-17 22:59:10 [INFO] [OctoBans] kanekiiiii sql checked, record: spammp by Remil to -1
30-05-17 23:01:44 [INFO] [OctoBans] PseudoNul punished azizlapoite for: Spam/flood
30-05-17 23:02:33 [INFO] [OctoBans] SkyKosIV punished theo_pveur for: Provocation
30-05-17 23:02:35 [INFO] [OctoBans] Forway punished alexiskiller for: Spam/flood
30-05-17 23:15:03 [INFO] [OctoBans] Steph078 punished fafa971 for: Majuscule
30-05-17 23:15:04 [INFO] [OctoBans] Forway punished sasa895 for: Majuscule
30-05-17 23:15:46 [INFO] [OctoBans] Steph078 punished the_dz_men for: Publicité Youtubeur
30-05-17 23:19:04 [INFO] [OctoBans] toly_ sql checked, record: insultestaff by Theo97 to 1496206979
30-05-17 23:19:04 [INFO] [OctoBans] toly_ sql checked, record: spammp by Remil to -1
30-05-17 23:19:04 [INFO] [OctoBans] toly_ sql checked, record: insultestaff by Theo97 to 1496243090
30-05-17 23:19:04 [INFO] [OctoBans] toly_ sql checked, record: insultestaff by Theo97 to 1496364461
30-05-17 23:19:04 [INFO] [OctoBans] toly_ sql checked, record: insultestaff by Theo97 to 1496400508
30-05-17 23:19:04 [INFO] [OctoBans] toly_ sql checked, record: insultestaff by Theo97 to 1496436542
30-05-17 23:19:04 [INFO] [OctoBans] toly_ sql checked, record: insultestaff by Theo97 to 1496472596
30-05-17 23:28:18 [INFO] [OctoBans] ryd3rtvv0x sql checked, record: insultegrave by SuperJojo to 1496209185
30-05-17 23:29:52 [INFO] [OctoBans] Forway punished strikewail for: Spam/flood
30-05-17 23:30:24 [INFO] [OctoBans] Forway punished strikewail for: Insulte grave
30-05-17 23:30:27 [INFO] [OctoBans] SkyKosIV punished guezmann for: Majuscule
30-05-17 23:32:45 [INFO] [OctoBans] Forway punished sasa895 for: Majuscule
30-05-17 23:38:26 [INFO] [OctoBans] shouteur sql checked, record: faussesinfos by Theo97 to 1496200010
30-05-17 23:39:14 [INFO] [OctoBans] SkyKosIV punished _hello_kitty for: Homophobie
30-05-17 23:48:38 [INFO] [OctoBans] Steph078 punished yinox for: Double Poste
30-05-17 23:55:14 [INFO] [OctoBans] Forway punished skyizi91 for: Majuscule
30-05-17 23:56:22 [INFO] [OctoBans] PseudoNul punished skyizi91 for: Insulte staff
30-05-17 23:59:41 [INFO] [OctoBans] creed_2 sql checked, record: spammp by YTB_XxKarnageXx to -1
31-05-17 00:03:00 [INFO] [OctoBans] toly_ sql checked, record: insultestaff by Theo97 to 1496206979
31-05-17 00:03:00 [INFO] [OctoBans] toly_ sql checked, record: spammp by Remil to -1
31-05-17 00:03:00 [INFO] [OctoBans] toly_ sql checked, record: insultestaff by Theo97 to 1496243090
31-05-17 00:03:00 [INFO] [OctoBans] toly_ sql checked, record: insultestaff by Theo97 to 1496364461
31-05-17 00:03:00 [INFO] [OctoBans] toly_ sql checked, record: insultestaff by Theo97 to 1496400508
31-05-17 00:03:00 [INFO] [OctoBans] toly_ sql checked, record: insultestaff by Theo97 to 1496436542
31-05-17 00:03:00 [INFO] [OctoBans] toly_ sql checked, record: insultestaff by Theo97 to 1496472596
31-05-17 00:05:00 [INFO] [OctoBans] xxbossteamxx sql checked, record: spammp by SuperJojo to -1
31-05-17 00:05:24 [INFO] [OctoBans] captainenergy sql checked, record: spammp by Remil to -1
31-05-17 00:06:52 [INFO] [OctoBans] Forway punished dodole1 for: Double Poste
31-05-17 00:34:48 [INFO] [OctoBans] PseudoNul punished zayrozz for: Double Poste
31-05-17 00:34:53 [INFO] [OctoBans] superfilleciel sql checked, record: kickautre by Steph078 to -1
31-05-17 00:39:20 [INFO] [OctoBans] PseudoNul punished elwin for: Langage incorrect
31-05-17 00:40:10 [INFO] [OctoBans] Steph078 punished ededed81 for: Double Poste
31-05-17 00:42:48 [INFO] [OctoBans] PseudoNul punished captainenergy for: Double Poste
31-05-17 00:58:13 [INFO] [OctoBans] Steph078 punished zarshou for: Spam/flood
31-05-17 01:25:33 [INFO] [OctoBans] gamix_yt sql checked, record: spammp by SkyKosIV to -1
31-05-17 01:28:14 [INFO] [OctoBans] Steph078 punished da_fail_troll for: Double Poste
31-05-17 01:57:46 [INFO] [OctoBans] Steph078 punished fafa971 for: Majuscule
31-05-17 02:03:03 [INFO] [OctoBans] Steph078 punished sasa895 for: Majuscule
31-05-17 02:05:47 [INFO] [OctoBans] Steph078 punished tifou_fou for: Insulte grave
31-05-17 04:27:18 [INFO] [OctoBans] Remil punished qckyleqc for: Majuscule
31-05-17 05:02:24 [INFO] [OctoBans] imdylan sql checked, record: spammp by SnowEffect to -1
31-05-17 05:02:24 [INFO] [OctoBans] imdylan sql checked, record: insultegrave by PseudoNul to 1496216035
31-05-17 05:02:24 [INFO] [OctoBans] imdylan sql checked, record: insultegrave by An0m4lly to 1496257020
31-05-17 06:01:02 [INFO] [OctoBans] Disabling OctoBans v1.0
