24-06-17 22:31:42 [INFO] [OctoBans] File Handler successfully initialized!
24-06-17 22:31:42 [INFO] [OctoBans] SQL connection successfully etablished
24-06-17 22:31:42 [INFO] [OctoBans] Moderator Tools by Octonia.
24-06-17 22:31:47 [INFO] [OctoBans] leo2316 sql checked, record: spammp by SuperJojo to -1
24-06-17 22:31:47 [INFO] [OctoBans] leo2316 sql checked, record: spammp by Remil to -1
24-06-17 22:31:47 [INFO] [OctoBans] nerdy sql checked, record: spam by PseudoNul to 1498337421
24-06-17 22:31:47 [INFO] [OctoBans] nerdy sql checked, record: spam by PseudoNul to 1498341068
24-06-17 22:31:47 [INFO] [OctoBans] thekillervaca sql checked, record: spammp by SuperJojo to -1
24-06-17 22:31:47 [INFO] [OctoBans] paquet2bonbon sql checked, record: doubleposte by Remil to 1498338231
24-06-17 22:31:47 [INFO] [OctoBans] julie52100 sql checked, record: spammp by SnowEffect to -1
24-06-17 22:31:47 [INFO] [OctoBans] julie52100 sql checked, record: spam by Remil to 1498341849
24-06-17 22:31:47 [INFO] [OctoBans] lefifoudu3 sql checked, record: spammp by SuperJojo to -1
24-06-17 22:31:47 [INFO] [OctoBans] lefifoudu3 sql checked, record: pubyt by SuperJojo to 1498363172
24-06-17 22:31:47 [INFO] [OctoBans] batte sql checked, record: spammp by SuperJojo to -1
24-06-17 22:31:47 [INFO] [OctoBans] ew3l sql checked, record: provocation by SuperJojo to 1498336661
24-06-17 22:31:47 [INFO] [OctoBans] drkiritoz_ sql checked, record: spammp by YTB_XxKarnageXx to -1
24-06-17 22:31:47 [INFO] [OctoBans] wokui sql checked, record: insultestaff by SuperJojo to 1498358842
24-06-17 22:31:47 [INFO] [OctoBans] kyzirie sql checked, record: spammp by PseudoNul to -1
24-06-17 22:31:47 [INFO] [OctoBans] pppuissance sql checked, record: kickautre by Steph078 to -1
24-06-17 22:31:47 [INFO] [OctoBans] neox_ytb sql checked, record: spammp by SnowEffect to -1
24-06-17 22:31:47 [INFO] [OctoBans] xxheroiikxx sql checked, record: langage by Forway to 1498336619
24-06-17 22:31:47 [INFO] [OctoBans] emma888b sql checked, record: faussesinfos by YTB_XxKarnageXx to 1498411884
24-06-17 22:31:51 [INFO] [OctoBans] yassir321 sql checked, record: spam by ZerKup to 1498347005
24-06-17 22:31:52 [INFO] [OctoBans] aldorbest sql checked, record: kickautre by Steph078 to -1
24-06-17 22:31:52 [INFO] [OctoBans] aldorbest sql checked, record: faussesinfos by SuperJojo to 1498410941
24-06-17 22:31:52 [INFO] [OctoBans] pandazzz sql checked, record: insultegrave by PseudoNul to 1498404649
24-06-17 22:31:52 [INFO] [OctoBans] pandazzz sql checked, record: spammp by Remil to -1
24-06-17 22:31:52 [INFO] [OctoBans] marchandloup sql checked, record: spammp by Remil to -1
24-06-17 22:31:52 [INFO] [OctoBans] marchandloup sql checked, record: spammp by PseudoNul to -1
24-06-17 22:31:52 [INFO] [OctoBans] mr_darkgame sql checked, record: spammp by PseudoNul to -1
24-06-17 22:31:52 [INFO] [OctoBans] anthony972 sql checked, record: insultegrave by Remil to 1498391838
24-06-17 22:31:52 [INFO] [OctoBans] anthony972 sql checked, record: spammp by Remil to -1
24-06-17 22:31:53 [INFO] [OctoBans] maxougaming sql checked, record: spammp by PseudoNul to -1
24-06-17 22:31:53 [INFO] [OctoBans] maxougaming sql checked, record: spammp by PseudoNul to -1
24-06-17 22:31:53 [INFO] [OctoBans] mightymouse_ sql checked, record: spammp by SuperJojo to -1
24-06-17 22:31:53 [INFO] [OctoBans] yassyass123 sql checked, record: incitationflood by Forway to 1498417146
24-06-17 22:31:54 [INFO] [OctoBans] _konaking_ sql checked, record: spammp by YTB_XxKarnageXx to -1
24-06-17 22:31:54 [INFO] [OctoBans] _konaking_ sql checked, record: spammp by SnowEffect to -1
24-06-17 22:31:54 [INFO] [OctoBans] _konaking_ sql checked, record: majuscule by Remil to 1498339013
24-06-17 22:31:54 [INFO] [OctoBans] swiftstay sql checked, record: spammp by Remil to -1
24-06-17 22:31:54 [INFO] [OctoBans] swiftstay sql checked, record: spammp by Remil to -1
24-06-17 22:31:56 [INFO] [OctoBans] athes974 sql checked, record: insultegrave by SuperJojo to 1498367519
24-06-17 22:32:00 [INFO] [OctoBans] superfilleciel sql checked, record: spammp by Theo97 to -1
24-06-17 22:32:00 [INFO] [OctoBans] superfilleciel sql checked, record: spammp by Remil to -1
24-06-17 22:32:00 [INFO] [OctoBans] superfilleciel sql checked, record: spammp by Remil to -1
24-06-17 22:32:00 [INFO] [OctoBans] arthman sql checked, record: insultegrave by SuperJojo to 1498371241
24-06-17 22:32:01 [INFO] [OctoBans] denis018 sql checked, record: spammp by Remil to -1
24-06-17 22:32:01 [INFO] [OctoBans] denis018 sql checked, record: spam by PseudoNul to 1498340622
24-06-17 22:32:04 [INFO] [OctoBans] tipi201 sql checked, record: kickautre by ZerKup to -1
24-06-17 22:32:05 [INFO] [OctoBans] zbeubz sql checked, record: insultestaff by DEEProdole to 1498407146
24-06-17 22:32:06 [INFO] [OctoBans] xelio57 sql checked, record: spammp by SnowEffect to -1
24-06-17 22:32:07 [INFO] [OctoBans] dzarkagaming sql checked, record: spam by SuperJojo to 1498339508
24-06-17 22:32:08 [INFO] [OctoBans] alexislcraft sql checked, record: insultegrave by SuperJojo to 1498357351
24-06-17 22:32:08 [INFO] [OctoBans] _froztizz sql checked, record: doubleposte by Forway to 1498336451
24-06-17 22:32:08 [INFO] [OctoBans] bobola sql checked, record: doubleposte by woimant to 1498336449
24-06-17 22:32:20 [INFO] [OctoBans] oow_ll sql checked, record: spammp by SkyKosIV to -1
24-06-17 22:32:24 [INFO] [OctoBans] frite_merguez sql checked, record: spam by SuperJojo to 1498341090
24-06-17 22:32:25 [INFO] [OctoBans] njims sql checked, record: spammp by Remil to -1
24-06-17 22:32:25 [INFO] [OctoBans] njims sql checked, record: spammp by PseudoNul to -1
24-06-17 22:32:26 [INFO] [OctoBans] Remil punished thenounours62 for: Majuscule
24-06-17 22:32:32 [INFO] [OctoBans] tytan123 sql checked, record: doubleposte by ZerKup to 1498337174
24-06-17 22:32:32 [INFO] [OctoBans] weetiix sql checked, record: doubleposte by Forway to 1498338025
24-06-17 22:32:32 [INFO] [OctoBans] justshaas sql checked, record: incitationflood by PseudoNul to 1498372754
24-06-17 22:32:35 [INFO] [OctoBans] iswiik sql checked, record: spammp by Remil to -1
24-06-17 22:32:38 [INFO] [OctoBans] zoliooxx sql checked, record: spam by SuperJojo to 1498341515
24-06-17 22:32:38 [INFO] [OctoBans] superjojo sql checked, record: spammp by SkyKosIV to -1
24-06-17 22:32:38 [INFO] [OctoBans] superjojo sql checked, record: spammp by Blubfire to -1
24-06-17 22:32:39 [INFO] [OctoBans] azayoz sql checked, record: spammp by SnowEffect to -1
24-06-17 22:32:39 [INFO] [OctoBans] azayoz sql checked, record: spammp by SnowEffect to -1
24-06-17 22:32:45 [INFO] [OctoBans] tifou_fou sql checked, record: spammp by SkyKosIV to -1
24-06-17 22:32:51 [INFO] [OctoBans] youpiize07 sql checked, record: spammp by Remil to -1
24-06-17 22:32:51 [INFO] [OctoBans] youpiize07 sql checked, record: insulte by SuperJojo to 1498337918
24-06-17 22:32:54 [INFO] [OctoBans] lassa18 sql checked, record: spammp by Remil to -1
24-06-17 22:32:54 [INFO] [OctoBans] lassa18 sql checked, record: spammp by Remil to -1
24-06-17 22:32:54 [INFO] [OctoBans] lassa18 sql checked, record: doubleposte by woimant to 1498337921
24-06-17 22:33:03 [INFO] [OctoBans] mathis81 sql checked, record: spammp by Steph078 to -1
24-06-17 22:33:20 [INFO] [OctoBans] stabilomincraft sql checked, record: spammp by PseudoNul to -1
24-06-17 22:33:24 [INFO] [OctoBans] toms2006 sql checked, record: spam by SuperJojo to 1498339842
24-06-17 22:33:31 [INFO] [OctoBans] kitzy sql checked, record: spam by SuperJojo to 1498338803
24-06-17 22:33:38 [INFO] [OctoBans] by_kw3e sql checked, record: kickautre by Antoine57565 to -1
24-06-17 22:33:41 [INFO] [OctoBans] ttot sql checked, record: spammp by Remil to -1
24-06-17 22:34:00 [INFO] [OctoBans] sasuto19 sql checked, record: spammp by SnowEffect to -1
24-06-17 22:34:00 [INFO] [OctoBans] sasuto19 sql checked, record: spammp by SnowEffect to -1
24-06-17 22:34:00 [INFO] [OctoBans] sasuto19 sql checked, record: faussesinfos by SuperJojo to 1498421652
24-06-17 22:34:07 [INFO] [OctoBans] soufian sql checked, record: incitationflood by SuperJojo to 1498409175
24-06-17 22:34:25 [INFO] [OctoBans] titidu06 sql checked, record: spammp by PseudoNul to -1
24-06-17 22:34:29 [INFO] [OctoBans] Forway punished speedlice for: Majuscule
24-06-17 22:34:29 [INFO] [OctoBans] singe_de_telfort sql checked, record: spammp by SuperJojo to -1
24-06-17 22:34:29 [INFO] [OctoBans] singe_de_telfort sql checked, record: kickautre by Steph078 to -1
24-06-17 22:34:29 [INFO] [OctoBans] singe_de_telfort sql checked, record: spammp by SuperJojo to -1
24-06-17 22:34:29 [INFO] [OctoBans] singe_de_telfort sql checked, record: spammp by SkyKosIV to -1
24-06-17 22:34:29 [INFO] [OctoBans] singe_de_telfort sql checked, record: spammp by YTB_XxKarnageXx to -1
24-06-17 22:34:29 [INFO] [OctoBans] singe_de_telfort sql checked, record: spam by Remil to 1498356172
24-06-17 22:34:36 [INFO] [OctoBans] _yoshi_king_ sql checked, record: spammp by SuperJojo to -1
24-06-17 22:34:44 [INFO] [OctoBans] ratorlosc1102 sql checked, record: majuscule by woimant to 1498336625
24-06-17 22:35:57 [INFO] [OctoBans] d3adorsnipsurytb sql checked, record: spammp by SuperJojo to -1
24-06-17 22:36:08 [INFO] [OctoBans] woimant punished dangogo666 for: Majuscule
24-06-17 22:37:53 [INFO] [OctoBans] ryan21 sql checked, record: spammp by PseudoNul to -1
24-06-17 22:38:31 [INFO] [OctoBans] grm25 sql checked, record: spammp by SuperJojo to -1
24-06-17 22:38:31 [INFO] [OctoBans] grm25 sql checked, record: spam by Remil to 1498337841
24-06-17 22:38:49 [INFO] [OctoBans] onlinepgm sql checked, record: spammp by PseudoNul to -1
24-06-17 22:39:01 [INFO] [OctoBans] ocip_matth sql checked, record: spammp by Remil to -1
24-06-17 22:39:01 [INFO] [OctoBans] ocip_matth sql checked, record: doubleposte by SuperJojo to 1498337250
24-06-17 22:39:17 [INFO] [OctoBans] i_dezok sql checked, record: spammp by SuperJojo to -1
24-06-17 22:39:25 [INFO] [OctoBans] SkyKosIV punished mightymouse_ for: Homophobie
24-06-17 22:40:02 [INFO] [OctoBans] sunfall sql checked, record: spammp by aubune to -1
24-06-17 22:40:25 [INFO] [OctoBans] pvp_thibaut_pvp sql checked, record: spammp by SuperJojo to -1
24-06-17 22:40:25 [INFO] [OctoBans] pvp_thibaut_pvp sql checked, record: faussesinfos by YTB_XxKarnageXx to 1498412221
24-06-17 22:43:17 [INFO] [OctoBans] shetters sql checked, record: spammp by PseudoNul to -1
24-06-17 22:43:22 [INFO] [OctoBans] gamerthug sql checked, record: spammp by Remil to -1
24-06-17 22:43:26 [INFO] [OctoBans] winningyt sql checked, record: spam by ZerKup to 1498343089
24-06-17 22:43:29 [INFO] [OctoBans] _dragibus_ sql checked, record: spammp by Remil to -1
24-06-17 22:43:29 [INFO] [OctoBans] _dragibus_ sql checked, record: spammp by Remil to -1
24-06-17 22:43:29 [INFO] [OctoBans] _dragibus_ sql checked, record: spammp by Remil to -1
24-06-17 22:43:29 [INFO] [OctoBans] _dragibus_ sql checked, record: spammp by Remil to -1
24-06-17 22:43:29 [INFO] [OctoBans] _dragibus_ sql checked, record: spammp by Remil to -1
24-06-17 22:43:29 [INFO] [OctoBans] _dragibus_ sql checked, record: spammp by Remil to -1
24-06-17 22:43:29 [INFO] [OctoBans] _dragibus_ sql checked, record: spammp by Remil to -1
24-06-17 22:43:29 [INFO] [OctoBans] _dragibus_ sql checked, record: spammp by Remil to -1
24-06-17 22:43:29 [INFO] [OctoBans] _dragibus_ sql checked, record: spammp by Remil to -1
24-06-17 22:43:29 [INFO] [OctoBans] _dragibus_ sql checked, record: spammp by Remil to -1
24-06-17 22:43:29 [INFO] [OctoBans] _dragibus_ sql checked, record: spammp by Remil to -1
24-06-17 22:45:05 [INFO] [OctoBans] SkyKosIV punished mick_pvp for: Double Poste
24-06-17 22:45:13 [INFO] [OctoBans] SkyKosIV punished just1pomme for: Fausses informations
24-06-17 22:45:28 [INFO] [OctoBans] SkyKosIV punished mick_pvp for: Fausses informations
24-06-17 22:49:22 [INFO] [OctoBans] Forway punished stabilomincraft for: Double Poste
24-06-17 22:51:09 [INFO] [OctoBans] Forway punished farixy for: Double Poste
24-06-17 22:51:46 [INFO] [OctoBans] Remil punished yonnix777 for: Spam/flood
24-06-17 22:52:20 [INFO] [OctoBans] woimant punished kyabe for: Insulte
24-06-17 22:52:24 [INFO] [OctoBans] trollmypvp sql checked, record: spammp by YTB_XxKarnageXx to -1
24-06-17 22:54:02 [INFO] [OctoBans] Forway punished sunfall for: Spam/flood
24-06-17 22:54:25 [INFO] [OctoBans] Forway punished simbadu43 for: Incitation au flood
24-06-17 22:54:27 [INFO] [OctoBans] izi_les_byy sql checked, record: spammp by YTB_XxKarnageXx to -1
24-06-17 22:54:59 [INFO] [OctoBans] badounoux sql checked, record: spammp by ZerKup to -1
24-06-17 22:55:28 [INFO] [OctoBans] Forway punished leo2316 for: Incitation au flood
24-06-17 22:55:59 [INFO] [OctoBans] woimant punished totosam17 for: Double Poste
24-06-17 22:56:22 [INFO] [OctoBans] Forway punished zklntk for: Spam/flood
24-06-17 22:57:38 [INFO] [OctoBans] woimant punished shadow_xtm for: Double Poste
24-06-17 22:57:51 [INFO] [OctoBans] woimant punished byblue for: Double Poste
24-06-17 22:58:07 [INFO] [OctoBans] shouteur sql checked, record: spammp by Remil to -1
24-06-17 22:58:07 [INFO] [OctoBans] shouteur sql checked, record: spammp by Remil to -1
24-06-17 22:58:07 [INFO] [OctoBans] shouteur sql checked, record: spammp by Remil to -1
24-06-17 22:59:39 [INFO] [OctoBans] wallaw sql checked, record: insultesrv by SuperJojo to 1498340482
24-06-17 22:59:39 [INFO] [OctoBans] wallaw sql checked, record: incitationflood by SuperJojo to 1498408905
24-06-17 23:02:03 [INFO] [OctoBans] woimant punished iroxgaming for: Spam/flood
24-06-17 23:03:21 [INFO] [OctoBans] Forway punished p0ussin71 for: Langage incorrect
24-06-17 23:04:17 [INFO] [OctoBans] lafilledemushway sql checked, record: spammp by PseudoNul to -1
24-06-17 23:07:32 [INFO] [OctoBans] creed_2 sql checked, record: spammp by YTB_XxKarnageXx to -1
24-06-17 23:07:32 [INFO] [OctoBans] creed_2 sql checked, record: spammp by SuperJojo to -1
24-06-17 23:07:32 [INFO] [OctoBans] creed_2 sql checked, record: spammp by SuperJojo to -1
24-06-17 23:07:44 [INFO] [OctoBans] Gamer09 punished shadow_xtm for: Double Poste
24-06-17 23:07:58 [INFO] [OctoBans] Gamer09 punished lucas81160 for: Provocation
24-06-17 23:10:08 [INFO] [OctoBans] SuperJojo punished mrkabab for: Double Poste
24-06-17 23:10:19 [INFO] [OctoBans] zkingrage sql checked, record: spammp by PseudoNul to -1
24-06-17 23:10:19 [INFO] [OctoBans] zkingrage sql checked, record: spammp by PseudoNul to -1
24-06-17 23:10:19 [INFO] [OctoBans] zkingrage sql checked, record: spammp by SuperJojo to -1
24-06-17 23:12:45 [INFO] [OctoBans] Gamer09 punished lafilledemushway for: Langage incorrect
24-06-17 23:12:59 [INFO] [OctoBans] Forway punished raphdu60 for: Incitation au flood
24-06-17 23:13:48 [INFO] [OctoBans] Gamer09 punished misternems for: Fausses informations
24-06-17 23:18:21 [INFO] [OctoBans] hobzy sql checked, record: spammp by Remil to -1
24-06-17 23:19:37 [INFO] [OctoBans] osmanlitorunu sql checked, record: faussesinfos by PseudoNul to 1498461681
24-06-17 23:21:16 [INFO] [OctoBans] ZerKup punished azrod59 for: Incitation au flood
24-06-17 23:26:13 [INFO] [OctoBans] ZerKup punished ew3l for: Provocation
24-06-17 23:26:15 [INFO] [OctoBans] ZerKup punished neoxgaming for: Provocation
24-06-17 23:26:46 [INFO] [OctoBans] ZerKup punished ew3l for: Insulte staff
24-06-17 23:28:36 [INFO] [OctoBans] Steph078 punished lolo28300 for: TpKill
24-06-17 23:28:38 [INFO] [OctoBans] DEEProdole punished pvp_thibaut_pvp for: Provocation
24-06-17 23:28:51 [INFO] [OctoBans] Steph078 punished lool for: TpKill
24-06-17 23:29:31 [INFO] [OctoBans] Remil punished ray_skay55 for: Insulte serveur
24-06-17 23:31:16 [INFO] [OctoBans] Gamer09 punished ryty_derz for: Double Poste
24-06-17 23:32:20 [INFO] [OctoBans] Forway punished lefilsdemushway for: Double Poste
24-06-17 23:33:49 [INFO] [OctoBans] Remil punished shadow_xtm for: Provocation
24-06-17 23:34:36 [INFO] [OctoBans] jumasgamermc sql checked, record: insultegrave by Remil to 1498368087
24-06-17 23:35:20 [INFO] [OctoBans] Remil punished ocip_matth for: Insulte
24-06-17 23:39:45 [INFO] [OctoBans] Forway punished thekillervaca for: Spam/flood
24-06-17 23:39:45 [INFO] [OctoBans] master_craft sql checked, record: spammp by YTB_XxKarnageXx to -1
24-06-17 23:41:01 [INFO] [OctoBans] SkyKosIV punished xefgamervevo for: Majuscule
24-06-17 23:41:05 [INFO] [OctoBans] triton_ sql checked, record: spammp by Remil to -1
24-06-17 23:41:05 [INFO] [OctoBans] triton_ sql checked, record: spammp by SkyKosIV to -1
24-06-17 23:41:15 [INFO] [OctoBans] SkyKosIV punished creed_2 for: Spam/flood
24-06-17 23:41:35 [INFO] [OctoBans] Remil punished creed_2 for: Insulte grave
24-06-17 23:42:52 [INFO] [OctoBans] Remil punished modzdegtabo3 for: Spam/flood
24-06-17 23:43:14 [INFO] [OctoBans] xgamingx56 sql checked, record: incitationflood by DEEProdole to 1498387244
24-06-17 23:43:57 [INFO] [OctoBans] kanekiiiii sql checked, record: kickautre by Steph078 to -1
24-06-17 23:43:57 [INFO] [OctoBans] kanekiiiii sql checked, record: spammp by Remil to -1
24-06-17 23:43:57 [INFO] [OctoBans] kanekiiiii sql checked, record: spammp by Remil to -1
24-06-17 23:43:57 [INFO] [OctoBans] kanekiiiii sql checked, record: spammp by PseudoNul to -1
24-06-17 23:47:51 [INFO] [OctoBans] diablotin sql checked, record: spammp by SuperJojo to -1
24-06-17 23:49:24 [INFO] [OctoBans] Remil punished alarmebruine6 for: Majuscule
24-06-17 23:51:10 [INFO] [OctoBans] ew3l sql checked, record: provocation by ZerKup to 1498341073
24-06-17 23:51:10 [INFO] [OctoBans] ew3l sql checked, record: insultestaff by ZerKup to 1498375606
24-06-17 23:51:43 [INFO] [OctoBans] Steph078 punished iswiik for: Majuscule
24-06-17 23:52:14 [INFO] [OctoBans] Steph078 punished wardogz_59 for: Incitation au flood
24-06-17 23:52:46 [INFO] [OctoBans] DEEProdole punished batte for: Racisme
24-06-17 23:53:03 [INFO] [OctoBans] DEEProdole punished ew3l for: Racisme
24-06-17 23:53:26 [INFO] [OctoBans] SuperJojo punished jibuse for: Spam/flood
24-06-17 23:53:32 [INFO] [OctoBans] batte sql checked, record: spammp by SuperJojo to -1
24-06-17 23:53:32 [INFO] [OctoBans] batte sql checked, record: racism by DEEProdole to 1498427566
24-06-17 23:54:53 [INFO] [OctoBans] Steph078 punished poseycanapey for: Insulte
24-06-17 23:55:00 [INFO] [OctoBans] Steph078 punished dark_titix for: Insulte
24-06-17 23:56:53 [INFO] [OctoBans] skhey punished master_craft for: Double Poste
24-06-17 23:57:09 [INFO] [OctoBans] skhey punished batte for: Provocation
24-06-17 23:57:35 [INFO] [OctoBans] skhey punished ew3l for: Provocation
24-06-17 23:58:02 [INFO] [OctoBans] ew3l sql checked, record: insultestaff by ZerKup to 1498375606
24-06-17 23:58:02 [INFO] [OctoBans] ew3l sql checked, record: racism by DEEProdole to 1498427583
24-06-17 23:58:02 [INFO] [OctoBans] ew3l sql checked, record: provocation by skhey to 1498343255
24-06-17 23:58:18 [INFO] [OctoBans] SuperJojo punished azrod59 for: Double Poste
24-06-17 23:58:40 [INFO] [OctoBans] SkyKosIV punished syroxiv for: Spam/flood en MP
24-06-17 23:58:48 [INFO] [OctoBans] batte sql checked, record: spammp by SuperJojo to -1
24-06-17 23:58:48 [INFO] [OctoBans] batte sql checked, record: racism by DEEProdole to 1498427566
24-06-17 23:58:48 [INFO] [OctoBans] batte sql checked, record: provocation by skhey to 1498342929
25-06-17 00:00:19 [INFO] [OctoBans] ZerKup punished titoutv_ for: Double Poste
25-06-17 00:01:14 [INFO] [OctoBans] xx_propvp_xx sql checked, record: spammp by Remil to -1
25-06-17 00:01:14 [INFO] [OctoBans] Gamer09 punished p0ussin71 for: Langage incorrect
25-06-17 00:04:10 [INFO] [OctoBans] Remil punished _dragibus_ for: Spam/flood en MP
25-06-17 00:06:31 [INFO] [OctoBans] SuperJojo punished izi_les_byy for: Double Poste
25-06-17 00:09:52 [INFO] [OctoBans] ocip_matth sql checked, record: spammp by Remil to -1
25-06-17 00:09:52 [INFO] [OctoBans] ocip_matth sql checked, record: insulte by Remil to 1498348220
25-06-17 00:09:53 [INFO] [OctoBans] SkyKosIV punished drkiritoz_ for: Double Poste
25-06-17 00:09:59 [INFO] [OctoBans] Gamer09 punished ocip_matth for: Insulte grave
25-06-17 00:10:22 [INFO] [OctoBans] Gamer09 punished virtl_skymodz for: Insulte grave
25-06-17 00:12:22 [INFO] [OctoBans] ruth_skwiz sql checked, record: spammp by Remil to -1
25-06-17 00:13:51 [INFO] [OctoBans] Remil punished im_spotted_ for: Spam/flood
25-06-17 00:14:07 [INFO] [OctoBans] lolo76200 sql checked, record: spammp by PseudoNul to -1
25-06-17 00:14:07 [INFO] [OctoBans] lolo76200 sql checked, record: spammp by SuperJojo to -1
25-06-17 00:14:17 [INFO] [OctoBans] Steph078 punished remil for: Duplication
25-06-17 00:17:58 [INFO] [OctoBans] SuperJojo punished popcorn62 for: Majuscule
25-06-17 00:18:36 [INFO] [OctoBans] Remil punished meganini for: Homophobie
25-06-17 00:24:26 [INFO] [OctoBans] toledo sql checked, record: spammp by Remil to -1
25-06-17 00:26:02 [INFO] [OctoBans] DEEProdole punished titoutv_ for: Insulte serveur
25-06-17 00:26:22 [INFO] [OctoBans] SuperJojo punished xelf for: Double Poste
25-06-17 00:26:40 [INFO] [OctoBans] SuperJojo punished titoutv_ for: Spam/flood en MP
25-06-17 00:27:13 [INFO] [OctoBans] SuperJojo punished batu for: Double Poste
25-06-17 00:27:34 [INFO] [OctoBans] SuperJojo punished frite_merguez for: Double Poste
25-06-17 00:27:52 [INFO] [OctoBans] by_fly sql checked, record: spammp by Remil to -1
25-06-17 00:31:12 [INFO] [OctoBans] SuperJojo punished pixe3 for: Double Poste
25-06-17 00:34:30 [INFO] [OctoBans] SuperJojo punished izi_les_byy for: Spam/flood en MP
25-06-17 00:40:25 [INFO] [OctoBans] SuperJojo punished laweed for: Spam/flood
25-06-17 00:44:04 [INFO] [OctoBans] SuperJojo punished kikoo53000 for: Majuscule
25-06-17 00:44:50 [INFO] [OctoBans] tay1 sql checked, record: spammp by PseudoNul to -1
25-06-17 00:45:59 [INFO] [OctoBans] SuperJojo punished sullyman76 for: Double Poste
25-06-17 00:48:02 [INFO] [OctoBans] SuperJojo punished _hello_kitty for: Spam/flood en MP
25-06-17 00:48:06 [INFO] [OctoBans] toly_ sql checked, record: spammp by PseudoNul to -1
25-06-17 00:48:06 [INFO] [OctoBans] toly_ sql checked, record: spammp by PseudoNul to -1
25-06-17 00:48:06 [INFO] [OctoBans] toly_ sql checked, record: spammp by Remil to -1
25-06-17 00:53:17 [INFO] [OctoBans] SuperJojo punished bfa69 for: Double Poste
25-06-17 00:57:37 [INFO] [OctoBans] SuperJojo punished toly_ for: Insulte staff
25-06-17 00:57:44 [INFO] [OctoBans] SuperJojo punished vendeur2kebab for: Majuscule
25-06-17 00:59:07 [INFO] [OctoBans] SuperJojo punished ghostcorn for: Spam/flood
25-06-17 01:04:37 [INFO] [OctoBans] karimospvp sql checked, record: spammp by YTB_XxKarnageXx to -1
25-06-17 01:11:00 [INFO] [OctoBans] SkyKosIV punished yalko for: Langage incorrect
25-06-17 01:11:40 [INFO] [OctoBans] virtl_skymodz sql checked, record: insultegrave by Gamer09 to 1498414222
25-06-17 01:11:48 [INFO] [OctoBans] juldestructeur sql checked, record: spammp by PseudoNul to -1
25-06-17 01:11:48 [INFO] [OctoBans] juldestructeur sql checked, record: spammp by PseudoNul to -1
25-06-17 01:12:32 [INFO] [OctoBans] virtl_skymodz sql checked, record: insultegrave by Gamer09 to 1498414222
25-06-17 01:19:09 [INFO] [OctoBans] SkyKosIV punished ponctuationv2 for: Double Poste
25-06-17 01:19:21 [INFO] [OctoBans] SkyKosIV punished thepopspvp for: Langage incorrect
25-06-17 01:21:00 [INFO] [OctoBans] SkyKosIV punished mrneonbox for: Spam/flood
25-06-17 01:30:22 [INFO] [OctoBans] SkyKosIV punished tifou_fou for: Spam/flood
25-06-17 01:58:57 [INFO] [OctoBans] DEEProdole punished julie52100 for: Insulte staff
25-06-17 02:07:50 [INFO] [OctoBans] DEEProdole punished mrkabab for: Spam/flood
25-06-17 02:14:57 [INFO] [OctoBans] DEEProdole punished univerzkerror for: Incitation au flood
25-06-17 02:17:06 [INFO] [OctoBans] DEEProdole punished supercocox for: Majuscule
25-06-17 02:21:49 [INFO] [OctoBans] DEEProdole punished by_fly for: Majuscule
25-06-17 02:22:38 [INFO] [OctoBans] DEEProdole punished gismo2806 for: Langage incorrect
25-06-17 02:23:38 [INFO] [OctoBans] DEEProdole punished noob for: Langage incorrect
25-06-17 02:25:00 [INFO] [OctoBans] DEEProdole punished raphy66 for: Langage incorrect
25-06-17 02:28:54 [INFO] [OctoBans] DEEProdole punished drkiritoz_ for: Spam/flood
25-06-17 02:29:39 [INFO] [OctoBans] DEEProdole punished mamereestbelle for: Langage incorrect
25-06-17 02:32:07 [INFO] [OctoBans] DEEProdole punished emma for: Langage incorrect
25-06-17 02:33:28 [INFO] [OctoBans] DEEProdole punished cameron for: Double Poste
25-06-17 02:38:39 [INFO] [OctoBans] DEEProdole punished respawn for: Langage incorrect
25-06-17 02:42:05 [INFO] [OctoBans] DEEProdole punished didier for: Double Poste
25-06-17 02:47:59 [INFO] [OctoBans] DEEProdole punished mickdu63_ytb for: Insulte staff
25-06-17 02:51:29 [INFO] [OctoBans] ray54 sql checked, record: spammp by SuperJojo to -1
25-06-17 02:57:02 [INFO] [OctoBans] DEEProdole punished mkdarkos for: Double Poste
25-06-17 03:06:20 [INFO] [OctoBans] zbeubz sql checked, record: insultestaff by DEEProdole to 1498407146
25-06-17 03:17:21 [INFO] [OctoBans] Remil punished supercocox for: Double Poste
25-06-17 03:26:07 [INFO] [OctoBans] DEEProdole punished supercocox for: Double Poste
25-06-17 03:37:11 [INFO] [OctoBans] DEEProdole punished akowi for: Double Poste
25-06-17 03:48:06 [INFO] [OctoBans] DEEProdole punished ray54 for: Double Poste
25-06-17 03:53:01 [INFO] [OctoBans] DEEProdole punished dubstep_pvp for: Double Poste
25-06-17 03:54:00 [INFO] [OctoBans] DEEProdole punished xenon987 for: Majuscule
25-06-17 04:00:43 [INFO] [OctoBans] DEEProdole punished enzopvp for: Fausses informations
25-06-17 04:01:39 [INFO] [OctoBans] dubstep_pvp sql checked, record: doubleposte by DEEProdole to 1498356181
25-06-17 04:05:06 [INFO] [OctoBans] DEEProdole punished akowi for: Spam/flood
25-06-17 04:29:46 [INFO] [OctoBans] Remil punished mehdi1 for: Double Poste
25-06-17 05:16:52 [INFO] [OctoBans] fross27 sql checked, record: spammp by Remil to -1
25-06-17 05:30:05 [INFO] [OctoBans] DEEProdole punished mehdi1 for: Provocation
25-06-17 05:31:24 [INFO] [OctoBans] DEEProdole punished produpvp for: Spam/flood
25-06-17 05:37:27 [INFO] [OctoBans] imdylan sql checked, record: spammp by SnowEffect to -1
25-06-17 05:47:29 [INFO] [OctoBans] DEEProdole punished pepsicoca for: Spam/flood
25-06-17 05:52:07 [INFO] [OctoBans] Steph078 punished mgk_tozzzz for: Langage incorrect
25-06-17 06:01:03 [INFO] [OctoBans] Disabling OctoBans v1.0
