09-11-17 22:31:42 [INFO] [OctoBans] File Handler successfully initialized!
09-11-17 22:31:42 [INFO] [OctoBans] SQL connection successfully etablished
09-11-17 22:31:42 [INFO] [OctoBans] Moderator Tools by Octonia.
09-11-17 22:31:46 [INFO] [OctoBans] cocacola62 sql checked, record: spammp by Kyabe to -1
09-11-17 22:31:46 [INFO] [OctoBans] zebieux sql checked, record: spammp by pepedjo to -1
09-11-17 22:31:46 [INFO] [OctoBans] zebieux sql checked, record: spam by SkillBOotiiS to 1510273310
09-11-17 22:31:46 [INFO] [OctoBans] mrkebab sql checked, record: spammp by tinmar to -1
09-11-17 22:31:46 [INFO] [OctoBans] mrkebab sql checked, record: spammp by NeyTox to -1
09-11-17 22:31:46 [INFO] [OctoBans] mrkebab sql checked, record: spammp by LeRe to -1
09-11-17 22:31:46 [INFO] [OctoBans] mrkebab sql checked, record: spammp by FiasK0 to -1
09-11-17 22:31:46 [INFO] [OctoBans] mrkebab sql checked, record: spammp by Remil to -1
09-11-17 22:31:46 [INFO] [OctoBans] mrkebab sql checked, record: spam by drbrine to 1510264894
09-11-17 22:31:46 [INFO] [OctoBans] mrkebab sql checked, record: spammp by drbrine to -1
09-11-17 22:31:46 [INFO] [OctoBans] yeti2001vd sql checked, record: spammp by Frite_Merguez to -1
09-11-17 22:31:46 [INFO] [OctoBans] xx_biom_xx sql checked, record: spammp by Spovly to -1
09-11-17 22:31:49 [INFO] [OctoBans] superroro sql checked, record: spammp by SmooKeur to -1
09-11-17 22:31:49 [INFO] [OctoBans] superroro sql checked, record: spammp by drbrine to -1
09-11-17 22:31:51 [INFO] [OctoBans] dodole1 sql checked, record: spammp by PoukoaMoa to -1
09-11-17 22:31:51 [INFO] [OctoBans] dodole1 sql checked, record: insultegrave by LaKitaw to 1510287137
09-11-17 22:31:51 [INFO] [OctoBans] dodole1 sql checked, record: spammp by OCIP_Matth to -1
09-11-17 22:32:00 [INFO] [OctoBans] ayken sql checked, record: spammp by KelianHD to -1
09-11-17 22:32:30 [INFO] [OctoBans] red_sheep sql checked, record: spammp by Remil to -1
09-11-17 22:32:46 [INFO] [OctoBans] icesword sql checked, record: insultegrave by SkillBOotiiS to 1510330064
09-11-17 22:33:12 [INFO] [OctoBans] multifir42 sql checked, record: spammp by FiasK0 to -1
09-11-17 22:33:12 [INFO] [OctoBans] multifir42 sql checked, record: spammp by NiceFR to -1
09-11-17 22:33:55 [INFO] [OctoBans] LaKitaw punished fusionix_game for: Double Poste
09-11-17 22:34:08 [INFO] [OctoBans] malouf sql checked, record: insultesrv by Zayrox29 to 1510275997
09-11-17 22:35:37 [INFO] [OctoBans] SkillBOotiiS punished tigrediamant for: Insulte
09-11-17 22:37:18 [INFO] [OctoBans] LaKitaw punished random13 for: Spam/flood
09-11-17 22:37:57 [INFO] [OctoBans] LaKitaw punished random13 for: Insulte grave
09-11-17 22:38:41 [INFO] [OctoBans] SkillBOotiiS punished mrkebab for: Insulte grave
09-11-17 22:39:00 [INFO] [OctoBans] superb3b3 sql checked, record: spammp by Evolze to -1
09-11-17 22:39:00 [INFO] [OctoBans] superb3b3 sql checked, record: spammp by Evolze to -1
09-11-17 22:44:33 [INFO] [OctoBans] pepedjo sql checked, record: spammp by NiceFR to -1
09-11-17 22:44:33 [INFO] [OctoBans] pepedjo sql checked, record: spammp by ToXiCz_TV to -1
09-11-17 22:45:40 [INFO] [OctoBans] pepedjo punished enzodu83 for: Insulte
09-11-17 22:52:39 [INFO] [OctoBans] pepedjo punished zozodu14 for: Double Poste
09-11-17 22:55:41 [INFO] [OctoBans] swichdi sql checked, record: spammp by Gamer09 to -1
09-11-17 22:55:52 [INFO] [OctoBans] pepedjo punished the_slash for: Double Poste
09-11-17 22:57:37 [INFO] [OctoBans] pepedjo punished the_slash for: Spam/flood en MP
09-11-17 23:02:51 [INFO] [OctoBans] woimant punished molotof for: Insulte
09-11-17 23:15:36 [INFO] [OctoBans] mocration24 sql checked, record: spammp by LeRe to -1
09-11-17 23:20:56 [INFO] [OctoBans] pepedjo punished cocacola62 for: Double Poste
09-11-17 23:32:45 [INFO] [OctoBans] remie_100 sql checked, record: multicompte by YTB_XxKarnageXx to -1
09-11-17 23:45:44 [INFO] [OctoBans] virocl sql checked, record: spammp by Antoine57565 to -1
09-11-17 23:47:00 [INFO] [OctoBans] mohamedvi sql checked, record: spammp by Gamer09 to -1
10-11-17 00:03:29 [INFO] [OctoBans] aexraptorz sql checked, record: spammp by Remil to -1
10-11-17 00:05:20 [INFO] [OctoBans] icamillei sql checked, record: doubleposte by KelianHD to 1510268733
10-11-17 00:14:57 [INFO] [OctoBans] drbrine punished ourox_ for: Double Poste
10-11-17 00:15:01 [INFO] [OctoBans] drbrine punished kirito08130 for: Double Poste
10-11-17 00:25:16 [INFO] [OctoBans] azizlapoite sql checked, record: spammp by FiasK0 to -1
10-11-17 00:26:30 [INFO] [OctoBans] drbrine punished r4allly for: Insulte
10-11-17 00:34:16 [INFO] [OctoBans] ozmog_yt sql checked, record: spammp by Remil to -1
10-11-17 00:34:16 [INFO] [OctoBans] ozmog_yt sql checked, record: spammp by OCIP_Matth to -1
10-11-17 00:34:16 [INFO] [OctoBans] ozmog_yt sql checked, record: spammp by KelianHD to -1
10-11-17 02:17:27 [INFO] [OctoBans] KelianHD punished manu13 for: Provocation
10-11-17 02:53:35 [INFO] [OctoBans] NeyTox punished blackwhite010 for: Provocation
10-11-17 02:53:45 [INFO] [OctoBans] NeyTox punished manu13 for: Insulte
10-11-17 06:01:01 [INFO] [OctoBans] Disabling OctoBans v1.0
