09-12-17 22:31:42 [INFO] [OctoBans] File Handler successfully initialized!
09-12-17 22:31:42 [INFO] [OctoBans] SQL connection successfully etablished
09-12-17 22:31:42 [INFO] [OctoBans] Moderator Tools by Octonia.
09-12-17 22:31:46 [INFO] [OctoBans] ijonas_ sql checked, record: spammp by tinmar to -1
09-12-17 22:31:46 [INFO] [OctoBans] mistergamingv2 sql checked, record: pubyt by ToXiCz_TV to 1512855752
09-12-17 22:31:46 [INFO] [OctoBans] mistergamingv2 sql checked, record: pubyt by Zayrox29 to 1512862851
09-12-17 22:31:46 [INFO] [OctoBans] pvp_thibaut_pvp sql checked, record: spammp by tinmar to -1
09-12-17 22:31:46 [INFO] [OctoBans] pvp_thibaut_pvp sql checked, record: spammp by SkillBOotiiS to -1
09-12-17 22:31:46 [INFO] [OctoBans] pvp_thibaut_pvp sql checked, record: spammp by pepedjo to -1
09-12-17 22:31:46 [INFO] [OctoBans] pvp_thibaut_pvp sql checked, record: spammp by tinmar to -1
09-12-17 22:31:46 [INFO] [OctoBans] pvp_thibaut_pvp sql checked, record: floodmp by FiasK0 to -1
09-12-17 22:31:46 [INFO] [OctoBans] xxsubxx sql checked, record: spammp by OCIP_Matth to -1
09-12-17 22:31:46 [INFO] [OctoBans] paul3344000 sql checked, record: floodmp by NiceFR to -1
09-12-17 22:31:46 [INFO] [OctoBans] paul3344000 sql checked, record: spammp by FiasK0 to -1
09-12-17 22:31:46 [INFO] [OctoBans] paul3344000 sql checked, record: spammp by drbrine to -1
09-12-17 22:31:46 [INFO] [OctoBans] hkz_skillon sql checked, record: spammp by OCIP_Matth to -1
09-12-17 22:31:46 [INFO] [OctoBans] softspringer sql checked, record: spammp by LaKitaw to -1
09-12-17 22:31:46 [INFO] [OctoBans] lpz_kinder sql checked, record: spammp by ToXiCz_TV to -1
09-12-17 22:31:46 [INFO] [OctoBans] lpz_kinder sql checked, record: spammp by EW3L to -1
09-12-17 22:31:46 [INFO] [OctoBans] lpz_kinder sql checked, record: spammp by EW3L to -1
09-12-17 22:31:46 [INFO] [OctoBans] xxdubeskillsxx sql checked, record: spammp by FamousxRay to -1
09-12-17 22:31:46 [INFO] [OctoBans] rewd sql checked, record: faussesinfos by SmooKeur to 1512932785
09-12-17 22:31:46 [INFO] [OctoBans] bokos sql checked, record: spammp by yeti2001vd to -1
09-12-17 22:31:46 [INFO] [OctoBans] bokos sql checked, record: spammp by yeti2001vd to -1
09-12-17 22:31:46 [INFO] [OctoBans] mayeul sql checked, record: spammp by SmooKeur to -1
09-12-17 22:31:46 [INFO] [OctoBans] brookdu81 sql checked, record: majuscule by Gamer09 to 1512855655
09-12-17 22:31:51 [INFO] [OctoBans] manyl93 sql checked, record: spammp by OCIP_Matth to -1
09-12-17 22:31:53 [INFO] [OctoBans] ayken sql checked, record: spammp by KelianHD to -1
09-12-17 22:31:54 [INFO] [OctoBans] pioupiou94 sql checked, record: doubleposte by SkillBOotiiS to 1512856523
09-12-17 22:31:55 [INFO] [OctoBans] laura123 sql checked, record: spammp by Remil to -1
09-12-17 22:31:56 [INFO] [OctoBans] xx_volrod_xx sql checked, record: spammp by Spovly to -1
09-12-17 22:31:56 [INFO] [OctoBans] xx_volrod_xx sql checked, record: spammp by Spovly to -1
09-12-17 22:31:56 [INFO] [OctoBans] xx_volrod_xx sql checked, record: spammp by The_Frusty to -1
09-12-17 22:31:56 [INFO] [OctoBans] xx_volrod_xx sql checked, record: spammp by The_Frusty to -1
09-12-17 22:31:56 [INFO] [OctoBans] xx_volrod_xx sql checked, record: spammp by The_Frusty to -1
09-12-17 22:31:56 [INFO] [OctoBans] xx_volrod_xx sql checked, record: spammp by Spovly to -1
09-12-17 22:31:56 [INFO] [OctoBans] xx_volrod_xx sql checked, record: spammp by KelianHD to -1
09-12-17 22:31:56 [INFO] [OctoBans] xx_volrod_xx sql checked, record: spammp by OCIP_Matth to -1
09-12-17 22:31:56 [INFO] [OctoBans] xx_volrod_xx sql checked, record: spammp by OCIP_Matth to -1
09-12-17 22:31:56 [INFO] [OctoBans] xx_volrod_xx sql checked, record: spammp by OCIP_Matth to -1
09-12-17 22:31:56 [INFO] [OctoBans] xx_volrod_xx sql checked, record: spammp by Evolze to -1
09-12-17 22:31:56 [INFO] [OctoBans] xx_volrod_xx sql checked, record: floodmp by NiceFR to -1
09-12-17 22:31:56 [INFO] [OctoBans] xx_volrod_xx sql checked, record: spammp by NiceFR to -1
09-12-17 22:31:56 [INFO] [OctoBans] xx_volrod_xx sql checked, record: spammp by FiasK0 to -1
09-12-17 22:31:56 [INFO] [OctoBans] zeynox sql checked, record: spammp by Zayrox29 to -1
09-12-17 22:31:56 [INFO] [OctoBans] zeynox sql checked, record: spammp by Zoseq to -1
09-12-17 22:31:56 [INFO] [OctoBans] zeynox sql checked, record: spammp by LaKitaw to -1
09-12-17 22:31:56 [INFO] [OctoBans] zeynox sql checked, record: spammp by LaKitaw to -1
09-12-17 22:31:56 [INFO] [OctoBans] zeynox sql checked, record: spammp by LaKitaw to -1
09-12-17 22:31:58 [INFO] [OctoBans] harkz sql checked, record: spammp by EGGSPLOSION to -1
09-12-17 22:31:58 [INFO] [OctoBans] harkz sql checked, record: spam by Zayrox29 to 1512886614
09-12-17 22:31:59 [INFO] [OctoBans] maxougaming sql checked, record: spammp by LeRe to -1
09-12-17 22:31:59 [INFO] [OctoBans] maxougaming sql checked, record: spammp by Taygrax07 to -1
09-12-17 22:31:59 [INFO] [OctoBans] maxougaming sql checked, record: spammp by OCIP_Matth to -1
09-12-17 22:31:59 [INFO] [OctoBans] maxougaming sql checked, record: spammp by drbrine to -1
09-12-17 22:31:59 [INFO] [OctoBans] maxougaming sql checked, record: spammp by OCIP_Matth to -1
09-12-17 22:31:59 [INFO] [OctoBans] maxougaming sql checked, record: spammp by SmooKeur to -1
09-12-17 22:31:59 [INFO] [OctoBans] maxougaming sql checked, record: spammp by SmooKeur to -1
09-12-17 22:31:59 [INFO] [OctoBans] maxougaming sql checked, record: spammp by Evolze to -1
09-12-17 22:32:00 [INFO] [OctoBans] reborncreep sql checked, record: spammp by drbrine to -1
09-12-17 22:32:00 [INFO] [OctoBans] reborncreep sql checked, record: insultegrave by yeti2001vd to 1512896999
09-12-17 22:32:02 [INFO] [OctoBans] grospvp sql checked, record: spammp by EGGSPLOSION to -1
09-12-17 22:32:03 [INFO] [OctoBans] pablo sql checked, record: spammp by OCIP_Matth to -1
09-12-17 22:32:08 [INFO] [OctoBans] joueur2nuit sql checked, record: spammp by EW3L to -1
09-12-17 22:32:08 [INFO] [OctoBans] joueur2nuit sql checked, record: spammp by EW3L to -1
09-12-17 22:32:10 [INFO] [OctoBans] zig4d0 sql checked, record: spammp by Remil to -1
09-12-17 22:32:12 [INFO] [OctoBans] gamix_yt sql checked, record: spammp by Zayrox29 to -1
09-12-17 22:32:14 [INFO] [OctoBans] d3adorsnipsurytb sql checked, record: doubleposte by D3adOrSnipSurYTB to 1511535135
09-12-17 22:32:14 [INFO] [OctoBans] d3adorsnipsurytb sql checked, record: doubleposte by D3adOrSnipSurYTB to 1511535250
09-12-17 22:32:14 [INFO] [OctoBans] d3adorsnipsurytb sql checked, record: doubleposte by D3adOrSnipSurYTB to 1511538657
09-12-17 22:32:14 [INFO] [OctoBans] d3adorsnipsurytb sql checked, record: doubleposte by D3adOrSnipSurYTB to 1511537411
09-12-17 22:32:14 [INFO] [OctoBans] d3adorsnipsurytb sql checked, record: insultesrv by D3adOrSnipSurYTB to 1511556054
09-12-17 22:32:14 [INFO] [OctoBans] d3adorsnipsurytb sql checked, record: doubleposte by D3adOrSnipSurYTB to 1511542557
09-12-17 22:32:14 [INFO] [OctoBans] d3adorsnipsurytb sql checked, record: doubleposte by D3adOrSnipSurYTB to 1511538769
09-12-17 22:32:14 [INFO] [OctoBans] d3adorsnipsurytb sql checked, record: provocation by D3adOrSnipSurYTB to 1511542280
09-12-17 22:32:14 [INFO] [OctoBans] d3adorsnipsurytb sql checked, record: spam by D3adOrSnipSurYTB to 1511544762
09-12-17 22:32:14 [INFO] [OctoBans] d3adorsnipsurytb sql checked, record: doubleposte by D3adOrSnipSurYTB to 1511543516
09-12-17 22:32:14 [INFO] [OctoBans] d3adorsnipsurytb sql checked, record: provocation by D3adOrSnipSurYTB to 1511544413
09-12-17 22:32:14 [INFO] [OctoBans] d3adorsnipsurytb sql checked, record: insulte by D3adOrSnipSurYTB to 1511554215
09-12-17 22:32:14 [INFO] [OctoBans] d3adorsnipsurytb sql checked, record: doubleposte by D3adOrSnipSurYTB to 1511543872
09-12-17 22:32:14 [INFO] [OctoBans] d3adorsnipsurytb sql checked, record: doubleposte by D3adOrSnipSurYTB to 1511544245
09-12-17 22:32:14 [INFO] [OctoBans] d3adorsnipsurytb sql checked, record: insulte by D3adOrSnipSurYTB to 1511560271
09-12-17 22:32:14 [INFO] [OctoBans] d3adorsnipsurytb sql checked, record: doubleposte by D3adOrSnipSurYTB to 1511545010
09-12-17 22:32:14 [INFO] [OctoBans] d3adorsnipsurytb sql checked, record: doubleposte by D3adOrSnipSurYTB to 1511545152
09-12-17 22:32:14 [INFO] [OctoBans] d3adorsnipsurytb sql checked, record: spam by D3adOrSnipSurYTB to 1511552345
09-12-17 22:32:14 [INFO] [OctoBans] d3adorsnipsurytb sql checked, record: doubleposte by D3adOrSnipSurYTB to 1511549769
09-12-17 22:32:14 [INFO] [OctoBans] d3adorsnipsurytb sql checked, record: provocation by D3adOrSnipSurYTB to 1511546070
09-12-17 22:32:14 [INFO] [OctoBans] d3adorsnipsurytb sql checked, record: provocation by D3adOrSnipSurYTB to 1511550266
09-12-17 22:32:14 [INFO] [OctoBans] d3adorsnipsurytb sql checked, record: doubleposte by D3adOrSnipSurYTB to 1511546628
09-12-17 22:32:14 [INFO] [OctoBans] d3adorsnipsurytb sql checked, record: doubleposte by D3adOrSnipSurYTB to 1511551254
09-12-17 22:32:14 [INFO] [OctoBans] d3adorsnipsurytb sql checked, record: doubleposte by D3adOrSnipSurYTB to 1511549064
09-12-17 22:32:14 [INFO] [OctoBans] d3adorsnipsurytb sql checked, record: spam by D3adOrSnipSurYTB to 1511557881
09-12-17 22:32:14 [INFO] [OctoBans] d3adorsnipsurytb sql checked, record: insultegrave by D3adOrSnipSurYTB to 1511583314
09-12-17 22:32:14 [INFO] [OctoBans] d3adorsnipsurytb sql checked, record: provocation by D3adOrSnipSurYTB to 1511550061
09-12-17 22:32:14 [INFO] [OctoBans] d3adorsnipsurytb sql checked, record: doubleposte by D3adOrSnipSurYTB to 1511548635
09-12-17 22:32:14 [INFO] [OctoBans] d3adorsnipsurytb sql checked, record: provocation by D3adOrSnipSurYTB to 1511548533
09-12-17 22:32:14 [INFO] [OctoBans] d3adorsnipsurytb sql checked, record: provocation by D3adOrSnipSurYTB to 1511548235
09-12-17 22:32:14 [INFO] [OctoBans] d3adorsnipsurytb sql checked, record: doubleposte by D3adOrSnipSurYTB to 1511550859
09-12-17 22:32:14 [INFO] [OctoBans] d3adorsnipsurytb sql checked, record: doubleposte by D3adOrSnipSurYTB to 1511549390
09-12-17 22:32:14 [INFO] [OctoBans] d3adorsnipsurytb sql checked, record: doubleposte by D3adOrSnipSurYTB to 1511549607
09-12-17 22:32:14 [INFO] [OctoBans] d3adorsnipsurytb sql checked, record: spam by D3adOrSnipSurYTB to 1511552714
09-12-17 22:32:14 [INFO] [OctoBans] d3adorsnipsurytb sql checked, record: provocation by D3adOrSnipSurYTB to 1511550844
09-12-17 22:32:14 [INFO] [OctoBans] d3adorsnipsurytb sql checked, record: doubleposte by D3adOrSnipSurYTB to 1511550592
09-12-17 22:32:14 [INFO] [OctoBans] d3adorsnipsurytb sql checked, record: doubleposte by D3adOrSnipSurYTB to 1511552501
09-12-17 22:32:14 [INFO] [OctoBans] d3adorsnipsurytb sql checked, record: spam by D3adOrSnipSurYTB to 1511558354
09-12-17 22:32:14 [INFO] [OctoBans] d3adorsnipsurytb sql checked, record: doubleposte by D3adOrSnipSurYTB to 1511552260
09-12-17 22:32:14 [INFO] [OctoBans] d3adorsnipsurytb sql checked, record: doubleposte by D3adOrSnipSurYTB to 1511553130
09-12-17 22:32:14 [INFO] [OctoBans] d3adorsnipsurytb sql checked, record: doubleposte by D3adOrSnipSurYTB to 1511553684
09-12-17 22:32:14 [INFO] [OctoBans] d3adorsnipsurytb sql checked, record: provocation by D3adOrSnipSurYTB to 1511554694
09-12-17 22:32:14 [INFO] [OctoBans] d3adorsnipsurytb sql checked, record: doubleposte by D3adOrSnipSurYTB to 1511558456
09-12-17 22:32:14 [INFO] [OctoBans] d3adorsnipsurytb sql checked, record: insultesrv by D3adOrSnipSurYTB to 1511571661
09-12-17 22:32:14 [INFO] [OctoBans] d3adorsnipsurytb sql checked, record: spam by D3adOrSnipSurYTB to 1511561344
09-12-17 22:32:14 [INFO] [OctoBans] d3adorsnipsurytb sql checked, record: homophobie by D3adOrSnipSurYTB to 1511685810
09-12-17 22:32:14 [INFO] [OctoBans] d3adorsnipsurytb sql checked, record: pubyt by D3adOrSnipSurYTB to 1511603088
09-12-17 22:32:14 [INFO] [OctoBans] d3adorsnipsurytb sql checked, record: provocation by D3adOrSnipSurYTB to 1511599952
09-12-17 22:32:14 [INFO] [OctoBans] d3adorsnipsurytb sql checked, record: doubleposte by D3adOrSnipSurYTB to 1511600649
09-12-17 22:32:14 [INFO] [OctoBans] d3adorsnipsurytb sql checked, record: insulte by D3adOrSnipSurYTB to 1511603130
09-12-17 22:32:14 [INFO] [OctoBans] d3adorsnipsurytb sql checked, record: spam by D3adOrSnipSurYTB to 1511604087
09-12-17 22:32:14 [INFO] [OctoBans] d3adorsnipsurytb sql checked, record: doubleposte by D3adOrSnipSurYTB to 1511602620
09-12-17 22:32:14 [INFO] [OctoBans] d3adorsnipsurytb sql checked, record: doubleposte by D3adOrSnipSurYTB to 1511602239
09-12-17 22:32:14 [INFO] [OctoBans] d3adorsnipsurytb sql checked, record: doubleposte by D3adOrSnipSurYTB to 1511601814
09-12-17 22:32:14 [INFO] [OctoBans] d3adorsnipsurytb sql checked, record: spam by D3adOrSnipSurYTB to 1511605134
09-12-17 22:32:14 [INFO] [OctoBans] d3adorsnipsurytb sql checked, record: doubleposte by D3adOrSnipSurYTB to 1511603075
09-12-17 22:32:14 [INFO] [OctoBans] d3adorsnipsurytb sql checked, record: doubleposte by D3adOrSnipSurYTB to 1511601933
09-12-17 22:32:14 [INFO] [OctoBans] d3adorsnipsurytb sql checked, record: provocation by D3adOrSnipSurYTB to 1511602361
09-12-17 22:32:14 [INFO] [OctoBans] d3adorsnipsurytb sql checked, record: doubleposte by D3adOrSnipSurYTB to 1511605069
09-12-17 22:32:14 [INFO] [OctoBans] d3adorsnipsurytb sql checked, record: doubleposte by D3adOrSnipSurYTB to 1511603047
09-12-17 22:32:14 [INFO] [OctoBans] d3adorsnipsurytb sql checked, record: spam by D3adOrSnipSurYTB to 1511605809
09-12-17 22:32:14 [INFO] [OctoBans] d3adorsnipsurytb sql checked, record: spam by D3adOrSnipSurYTB to 1511606148
09-12-17 22:32:14 [INFO] [OctoBans] d3adorsnipsurytb sql checked, record: doubleposte by D3adOrSnipSurYTB to 1511602894
09-12-17 22:32:14 [INFO] [OctoBans] d3adorsnipsurytb sql checked, record: doubleposte by D3adOrSnipSurYTB to 1511603506
09-12-17 22:32:14 [INFO] [OctoBans] d3adorsnipsurytb sql checked, record: doubleposte by D3adOrSnipSurYTB to 1511604375
09-12-17 22:32:14 [INFO] [OctoBans] d3adorsnipsurytb sql checked, record: doubleposte by D3adOrSnipSurYTB to 1511603713
09-12-17 22:32:14 [INFO] [OctoBans] d3adorsnipsurytb sql checked, record: doubleposte by D3adOrSnipSurYTB to 1511604326
09-12-17 22:32:14 [INFO] [OctoBans] d3adorsnipsurytb sql checked, record: doubleposte by D3adOrSnipSurYTB to 1511604288
09-12-17 22:32:14 [INFO] [OctoBans] d3adorsnipsurytb sql checked, record: doubleposte by D3adOrSnipSurYTB to 1511606743
09-12-17 22:32:14 [INFO] [OctoBans] d3adorsnipsurytb sql checked, record: spam by D3adOrSnipSurYTB to 1511614554
09-12-17 22:32:14 [INFO] [OctoBans] d3adorsnipsurytb sql checked, record: doubleposte by D3adOrSnipSurYTB to 1511604181
09-12-17 22:32:14 [INFO] [OctoBans] d3adorsnipsurytb sql checked, record: doubleposte by D3adOrSnipSurYTB to 1511604271
09-12-17 22:32:14 [INFO] [OctoBans] d3adorsnipsurytb sql checked, record: doubleposte by D3adOrSnipSurYTB to 1511604714
09-12-17 22:32:14 [INFO] [OctoBans] d3adorsnipsurytb sql checked, record: spam by D3adOrSnipSurYTB to 1511607765
09-12-17 22:32:14 [INFO] [OctoBans] d3adorsnipsurytb sql checked, record: doubleposte by D3adOrSnipSurYTB to 1511605386
09-12-17 22:32:14 [INFO] [OctoBans] d3adorsnipsurytb sql checked, record: spam by D3adOrSnipSurYTB to 1511611516
09-12-17 22:32:14 [INFO] [OctoBans] d3adorsnipsurytb sql checked, record: doubleposte by D3adOrSnipSurYTB to 1511604656
09-12-17 22:32:14 [INFO] [OctoBans] d3adorsnipsurytb sql checked, record: doubleposte by D3adOrSnipSurYTB to 1511606060
09-12-17 22:32:14 [INFO] [OctoBans] d3adorsnipsurytb sql checked, record: provocation by D3adOrSnipSurYTB to 1511605263
09-12-17 22:32:14 [INFO] [OctoBans] d3adorsnipsurytb sql checked, record: incitationflood by D3adOrSnipSurYTB to 1511691384
09-12-17 22:32:14 [INFO] [OctoBans] d3adorsnipsurytb sql checked, record: spam by D3adOrSnipSurYTB to 1511623413
09-12-17 22:32:14 [INFO] [OctoBans] d3adorsnipsurytb sql checked, record: insultegrave by D3adOrSnipSurYTB to 1511641482
09-12-17 22:32:14 [INFO] [OctoBans] d3adorsnipsurytb sql checked, record: spam by D3adOrSnipSurYTB to 1511609244
09-12-17 22:32:14 [INFO] [OctoBans] d3adorsnipsurytb sql checked, record: doubleposte by D3adOrSnipSurYTB to 1511608986
09-12-17 22:32:14 [INFO] [OctoBans] d3adorsnipsurytb sql checked, record: doubleposte by D3adOrSnipSurYTB to 1511606776
09-12-17 22:32:14 [INFO] [OctoBans] d3adorsnipsurytb sql checked, record: doubleposte by D3adOrSnipSurYTB to 1511606221
09-12-17 22:32:14 [INFO] [OctoBans] d3adorsnipsurytb sql checked, record: doubleposte by D3adOrSnipSurYTB to 1511608940
09-12-17 22:32:14 [INFO] [OctoBans] d3adorsnipsurytb sql checked, record: provocation by D3adOrSnipSurYTB to 1511616742
09-12-17 22:32:14 [INFO] [OctoBans] d3adorsnipsurytb sql checked, record: doubleposte by D3adOrSnipSurYTB to 1511616948
09-12-17 22:32:14 [INFO] [OctoBans] d3adorsnipsurytb sql checked, record: provocation by D3adOrSnipSurYTB to 1511617170
09-12-17 22:32:14 [INFO] [OctoBans] d3adorsnipsurytb sql checked, record: doubleposte by D3adOrSnipSurYTB to 1511619130
09-12-17 22:32:14 [INFO] [OctoBans] d3adorsnipsurytb sql checked, record: doubleposte by D3adOrSnipSurYTB to 1511618739
09-12-17 22:32:14 [INFO] [OctoBans] d3adorsnipsurytb sql checked, record: doubleposte by D3adOrSnipSurYTB to 1511620292
09-12-17 22:32:14 [INFO] [OctoBans] d3adorsnipsurytb sql checked, record: doubleposte by D3adOrSnipSurYTB to 1511618353
09-12-17 22:32:14 [INFO] [OctoBans] d3adorsnipsurytb sql checked, record: doubleposte by D3adOrSnipSurYTB to 1511619559
09-12-17 22:32:14 [INFO] [OctoBans] d3adorsnipsurytb sql checked, record: doubleposte by D3adOrSnipSurYTB to 1511622388
09-12-17 22:32:14 [INFO] [OctoBans] d3adorsnipsurytb sql checked, record: doubleposte by D3adOrSnipSurYTB to 1511618563
09-12-17 22:32:14 [INFO] [OctoBans] d3adorsnipsurytb sql checked, record: spammp by D3adOrSnipSurYTB to -1
09-12-17 22:32:14 [INFO] [OctoBans] d3adorsnipsurytb sql checked, record: provocation by D3adOrSnipSurYTB to 1511619507
09-12-17 22:32:14 [INFO] [OctoBans] d3adorsnipsurytb sql checked, record: spam by D3adOrSnipSurYTB to 1511626575
09-12-17 22:32:14 [INFO] [OctoBans] d3adorsnipsurytb sql checked, record: doubleposte by D3adOrSnipSurYTB to 1511620050
09-12-17 22:32:14 [INFO] [OctoBans] d3adorsnipsurytb sql checked, record: spam by D3adOrSnipSurYTB to 1511623162
09-12-17 22:32:14 [INFO] [OctoBans] d3adorsnipsurytb sql checked, record: pubyt by D3adOrSnipSurYTB to 1511623586
09-12-17 22:32:14 [INFO] [OctoBans] d3adorsnipsurytb sql checked, record: pubyt by D3adOrSnipSurYTB to 1511623594
09-12-17 22:32:14 [INFO] [OctoBans] d3adorsnipsurytb sql checked, record: spam by D3adOrSnipSurYTB to 1511623769
09-12-17 22:32:14 [INFO] [OctoBans] d3adorsnipsurytb sql checked, record: insultegrave by D3adOrSnipSurYTB to 1511692665
09-12-17 22:32:14 [INFO] [OctoBans] d3adorsnipsurytb sql checked, record: provocation by D3adOrSnipSurYTB to 1511620975
09-12-17 22:32:14 [INFO] [OctoBans] d3adorsnipsurytb sql checked, record: provocation by D3adOrSnipSurYTB to 1511623688
09-12-17 22:32:14 [INFO] [OctoBans] d3adorsnipsurytb sql checked, record: doubleposte by D3adOrSnipSurYTB to 1511621469
09-12-17 22:32:14 [INFO] [OctoBans] d3adorsnipsurytb sql checked, record: spam by D3adOrSnipSurYTB to 1511624840
09-12-17 22:32:14 [INFO] [OctoBans] d3adorsnipsurytb sql checked, record: insulte by D3adOrSnipSurYTB to 1511634945
09-12-17 22:32:14 [INFO] [OctoBans] d3adorsnipsurytb sql checked, record: doubleposte by D3adOrSnipSurYTB to 1511622092
09-12-17 22:32:14 [INFO] [OctoBans] d3adorsnipsurytb sql checked, record: spam by D3adOrSnipSurYTB to 1511625280
09-12-17 22:32:14 [INFO] [OctoBans] d3adorsnipsurytb sql checked, record: doubleposte by D3adOrSnipSurYTB to 1511622010
09-12-17 22:32:14 [INFO] [OctoBans] d3adorsnipsurytb sql checked, record: doubleposte by D3adOrSnipSurYTB to 1511624659
09-12-17 22:32:14 [INFO] [OctoBans] d3adorsnipsurytb sql checked, record: spam by D3adOrSnipSurYTB to 1511625616
09-12-17 22:32:14 [INFO] [OctoBans] d3adorsnipsurytb sql checked, record: doubleposte by D3adOrSnipSurYTB to 1511627495
09-12-17 22:32:14 [INFO] [OctoBans] d3adorsnipsurytb sql checked, record: doubleposte by D3adOrSnipSurYTB to 1511624362
09-12-17 22:32:14 [INFO] [OctoBans] d3adorsnipsurytb sql checked, record: spam by D3adOrSnipSurYTB to 1511628965
09-12-17 22:32:14 [INFO] [OctoBans] d3adorsnipsurytb sql checked, record: spam by D3adOrSnipSurYTB to 1511628967
09-12-17 22:32:14 [INFO] [OctoBans] d3adorsnipsurytb sql checked, record: spam by D3adOrSnipSurYTB to 1511628970
09-12-17 22:32:14 [INFO] [OctoBans] d3adorsnipsurytb sql checked, record: doubleposte by D3adOrSnipSurYTB to 1511628592
09-12-17 22:32:14 [INFO] [OctoBans] d3adorsnipsurytb sql checked, record: doubleposte by D3adOrSnipSurYTB to 1511627396
09-12-17 22:32:14 [INFO] [OctoBans] d3adorsnipsurytb sql checked, record: doubleposte by D3adOrSnipSurYTB to 1511627125
09-12-17 22:32:14 [INFO] [OctoBans] d3adorsnipsurytb sql checked, record: doubleposte by D3adOrSnipSurYTB to 1511628363
09-12-17 22:32:14 [INFO] [OctoBans] d3adorsnipsurytb sql checked, record: doubleposte by D3adOrSnipSurYTB to 1511631166
09-12-17 22:32:14 [INFO] [OctoBans] d3adorsnipsurytb sql checked, record: doubleposte by D3adOrSnipSurYTB to 1511630609
09-12-17 22:32:14 [INFO] [OctoBans] d3adorsnipsurytb sql checked, record: doubleposte by D3adOrSnipSurYTB to 1511627728
09-12-17 22:32:14 [INFO] [OctoBans] d3adorsnipsurytb sql checked, record: insultegrave by D3adOrSnipSurYTB to 1511663185
09-12-17 22:32:14 [INFO] [OctoBans] d3adorsnipsurytb sql checked, record: insulte by D3adOrSnipSurYTB to 1511638048
09-12-17 22:32:14 [INFO] [OctoBans] d3adorsnipsurytb sql checked, record: insultegrave by D3adOrSnipSurYTB to 1511699254
09-12-17 22:32:14 [INFO] [OctoBans] d3adorsnipsurytb sql checked, record: spam by D3adOrSnipSurYTB to 1511701106
09-12-17 22:32:14 [INFO] [OctoBans] d3adorsnipsurytb sql checked, record: insultegrave by D3adOrSnipSurYTB to 1511831103
09-12-17 22:32:14 [INFO] [OctoBans] d3adorsnipsurytb sql checked, record: doubleposte by D3adOrSnipSurYTB to 1511690288
09-12-17 22:32:14 [INFO] [OctoBans] d3adorsnipsurytb sql checked, record: pubyt by D3adOrSnipSurYTB to 1511694552
09-12-17 22:32:14 [INFO] [OctoBans] d3adorsnipsurytb sql checked, record: doubleposte by D3adOrSnipSurYTB to 1511687718
09-12-17 22:32:14 [INFO] [OctoBans] d3adorsnipsurytb sql checked, record: doubleposte by D3adOrSnipSurYTB to 1511690183
09-12-17 22:32:14 [INFO] [OctoBans] d3adorsnipsurytb sql checked, record: doubleposte by D3adOrSnipSurYTB to 1511688420
09-12-17 22:32:14 [INFO] [OctoBans] d3adorsnipsurytb sql checked, record: doubleposte by D3adOrSnipSurYTB to 1511688568
09-12-17 22:32:14 [INFO] [OctoBans] d3adorsnipsurytb sql checked, record: doubleposte by D3adOrSnipSurYTB to 1511688901
09-12-17 22:32:14 [INFO] [OctoBans] d3adorsnipsurytb sql checked, record: doubleposte by D3adOrSnipSurYTB to 1511691598
09-12-17 22:32:14 [INFO] [OctoBans] d3adorsnipsurytb sql checked, record: doubleposte by D3adOrSnipSurYTB to 1511691538
09-12-17 22:32:14 [INFO] [OctoBans] d3adorsnipsurytb sql checked, record: doubleposte by D3adOrSnipSurYTB to 1511689571
09-12-17 22:32:14 [INFO] [OctoBans] d3adorsnipsurytb sql checked, record: doubleposte by D3adOrSnipSurYTB to 1511689821
09-12-17 22:32:14 [INFO] [OctoBans] d3adorsnipsurytb sql checked, record: doubleposte by D3adOrSnipSurYTB to 1511689882
09-12-17 22:32:14 [INFO] [OctoBans] d3adorsnipsurytb sql checked, record: doubleposte by D3adOrSnipSurYTB to 1511690354
09-12-17 22:32:14 [INFO] [OctoBans] d3adorsnipsurytb sql checked, record: doubleposte by D3adOrSnipSurYTB to 1511692157
09-12-17 22:32:14 [INFO] [OctoBans] d3adorsnipsurytb sql checked, record: doubleposte by D3adOrSnipSurYTB to 1511697220
09-12-17 22:32:14 [INFO] [OctoBans] d3adorsnipsurytb sql checked, record: insultegrave by D3adOrSnipSurYTB to 1511730239
09-12-17 22:32:14 [INFO] [OctoBans] d3adorsnipsurytb sql checked, record: spammp by D3adOrSnipSurYTB to -1
09-12-17 22:32:14 [INFO] [OctoBans] d3adorsnipsurytb sql checked, record: doubleposte by D3adOrSnipSurYTB to 1511695341
09-12-17 22:32:14 [INFO] [OctoBans] d3adorsnipsurytb sql checked, record: doubleposte by D3adOrSnipSurYTB to 1511694976
09-12-17 22:32:14 [INFO] [OctoBans] d3adorsnipsurytb sql checked, record: doubleposte by D3adOrSnipSurYTB to 1511695462
09-12-17 22:32:14 [INFO] [OctoBans] d3adorsnipsurytb sql checked, record: doubleposte by D3adOrSnipSurYTB to 1511699803
09-12-17 22:32:14 [INFO] [OctoBans] d3adorsnipsurytb sql checked, record: doubleposte by D3adOrSnipSurYTB to 1511701928
09-12-17 22:32:14 [INFO] [OctoBans] d3adorsnipsurytb sql checked, record: doubleposte by D3adOrSnipSurYTB to 1511699998
09-12-17 22:32:14 [INFO] [OctoBans] d3adorsnipsurytb sql checked, record: doubleposte by D3adOrSnipSurYTB to 1511700624
09-12-17 22:32:14 [INFO] [OctoBans] d3adorsnipsurytb sql checked, record: doubleposte by D3adOrSnipSurYTB to 1511700333
09-12-17 22:32:14 [INFO] [OctoBans] d3adorsnipsurytb sql checked, record: doubleposte by D3adOrSnipSurYTB to 1511700438
09-12-17 22:32:14 [INFO] [OctoBans] d3adorsnipsurytb sql checked, record: incitationflood by D3adOrSnipSurYTB to 1511787156
09-12-17 22:32:14 [INFO] [OctoBans] d3adorsnipsurytb sql checked, record: doubleposte by D3adOrSnipSurYTB to 1511706398
09-12-17 22:32:14 [INFO] [OctoBans] d3adorsnipsurytb sql checked, record: doubleposte by D3adOrSnipSurYTB to 1511708595
09-12-17 22:32:14 [INFO] [OctoBans] d3adorsnipsurytb sql checked, record: doubleposte by D3adOrSnipSurYTB to 1511710639
09-12-17 22:32:14 [INFO] [OctoBans] d3adorsnipsurytb sql checked, record: spam by D3adOrSnipSurYTB to 1511724847
09-12-17 22:32:14 [INFO] [OctoBans] d3adorsnipsurytb sql checked, record: insultegrave by D3adOrSnipSurYTB to 1511815370
09-12-17 22:32:14 [INFO] [OctoBans] d3adorsnipsurytb sql checked, record: provocation by D3adOrSnipSurYTB to 1511709492
09-12-17 22:32:14 [INFO] [OctoBans] d3adorsnipsurytb sql checked, record: insultegrave by D3adOrSnipSurYTB to 1511743417
09-12-17 22:32:14 [INFO] [OctoBans] d3adorsnipsurytb sql checked, record: provocation by D3adOrSnipSurYTB to 1511707755
09-12-17 22:32:14 [INFO] [OctoBans] d3adorsnipsurytb sql checked, record: pubyt by D3adOrSnipSurYTB to 1511721887
09-12-17 22:32:14 [INFO] [OctoBans] d3adorsnipsurytb sql checked, record: doubleposte by D3adOrSnipSurYTB to 1511708715
09-12-17 22:32:14 [INFO] [OctoBans] d3adorsnipsurytb sql checked, record: doubleposte by D3adOrSnipSurYTB to 1511708061
09-12-17 22:32:14 [INFO] [OctoBans] d3adorsnipsurytb sql checked, record: doubleposte by D3adOrSnipSurYTB to 1511708499
09-12-17 22:32:14 [INFO] [OctoBans] d3adorsnipsurytb sql checked, record: doubleposte by D3adOrSnipSurYTB to 1511711167
09-12-17 22:32:14 [INFO] [OctoBans] d3adorsnipsurytb sql checked, record: doubleposte by D3adOrSnipSurYTB to 1511709074
09-12-17 22:32:14 [INFO] [OctoBans] d3adorsnipsurytb sql checked, record: pubyt by D3adOrSnipSurYTB to 1511715987
09-12-17 22:32:14 [INFO] [OctoBans] d3adorsnipsurytb sql checked, record: spam by D3adOrSnipSurYTB to 1511712563
09-12-17 22:32:14 [INFO] [OctoBans] d3adorsnipsurytb sql checked, record: doubleposte by D3adOrSnipSurYTB to 1511710630
09-12-17 22:32:14 [INFO] [OctoBans] d3adorsnipsurytb sql checked, record: doubleposte by D3adOrSnipSurYTB to 1511710197
09-12-17 22:32:14 [INFO] [OctoBans] d3adorsnipsurytb sql checked, record: doubleposte by D3adOrSnipSurYTB to 1511711325
09-12-17 22:32:14 [INFO] [OctoBans] d3adorsnipsurytb sql checked, record: insultegrave by D3adOrSnipSurYTB to 1511781549
09-12-17 22:32:14 [INFO] [OctoBans] d3adorsnipsurytb sql checked, record: spam by D3adOrSnipSurYTB to 1511713784
09-12-17 22:32:14 [INFO] [OctoBans] d3adorsnipsurytb sql checked, record: spam by D3adOrSnipSurYTB to 1511713793
09-12-17 22:32:14 [INFO] [OctoBans] d3adorsnipsurytb sql checked, record: spam by D3adOrSnipSurYTB to 1511713796
09-12-17 22:32:14 [INFO] [OctoBans] d3adorsnipsurytb sql checked, record: doubleposte by D3adOrSnipSurYTB to 1511711433
09-12-17 22:32:14 [INFO] [OctoBans] d3adorsnipsurytb sql checked, record: spam by D3adOrSnipSurYTB to 1511713850
09-12-17 22:32:14 [INFO] [OctoBans] d3adorsnipsurytb sql checked, record: doubleposte by D3adOrSnipSurYTB to 1511712176
09-12-17 22:32:14 [INFO] [OctoBans] d3adorsnipsurytb sql checked, record: spam by D3adOrSnipSurYTB to 1511715559
09-12-17 22:32:14 [INFO] [OctoBans] d3adorsnipsurytb sql checked, record: doubleposte by D3adOrSnipSurYTB to 1511712288
09-12-17 22:32:14 [INFO] [OctoBans] d3adorsnipsurytb sql checked, record: doubleposte by D3adOrSnipSurYTB to 1511712910
09-12-17 22:32:14 [INFO] [OctoBans] d3adorsnipsurytb sql checked, record: doubleposte by D3adOrSnipSurYTB to 1511713042
09-12-17 22:32:14 [INFO] [OctoBans] d3adorsnipsurytb sql checked, record: doubleposte by D3adOrSnipSurYTB to 1511717719
09-12-17 22:32:14 [INFO] [OctoBans] d3adorsnipsurytb sql checked, record: doubleposte by D3adOrSnipSurYTB to 1511713823
09-12-17 22:32:14 [INFO] [OctoBans] d3adorsnipsurytb sql checked, record: doubleposte by D3adOrSnipSurYTB to 1511724831
09-12-17 22:32:14 [INFO] [OctoBans] d3adorsnipsurytb sql checked, record: doubleposte by D3adOrSnipSurYTB to 1511726900
09-12-17 22:32:14 [INFO] [OctoBans] d3adorsnipsurytb sql checked, record: doubleposte by D3adOrSnipSurYTB to 1511727890
09-12-17 22:32:14 [INFO] [OctoBans] d3adorsnipsurytb sql checked, record: doubleposte by D3adOrSnipSurYTB to 1511814602
09-12-17 22:32:14 [INFO] [OctoBans] d3adorsnipsurytb sql checked, record: doubleposte by D3adOrSnipSurYTB to 1511816257
09-12-17 22:32:14 [INFO] [OctoBans] d3adorsnipsurytb sql checked, record: insultesrv by D3adOrSnipSurYTB to 1511833692
09-12-17 22:32:14 [INFO] [OctoBans] d3adorsnipsurytb sql checked, record: doubleposte by D3adOrSnipSurYTB to 1511820937
09-12-17 22:32:14 [INFO] [OctoBans] d3adorsnipsurytb sql checked, record: provocation by D3adOrSnipSurYTB to 1511818418
09-12-17 22:32:14 [INFO] [OctoBans] d3adorsnipsurytb sql checked, record: doubleposte by D3adOrSnipSurYTB to 1511817588
09-12-17 22:32:14 [INFO] [OctoBans] d3adorsnipsurytb sql checked, record: provocation by D3adOrSnipSurYTB to 1511817112
09-12-17 22:32:14 [INFO] [OctoBans] d3adorsnipsurytb sql checked, record: doubleposte by D3adOrSnipSurYTB to 1511819840
09-12-17 22:32:14 [INFO] [OctoBans] d3adorsnipsurytb sql checked, record: doubleposte by D3adOrSnipSurYTB to 1511819879
09-12-17 22:32:14 [INFO] [OctoBans] d3adorsnipsurytb sql checked, record: doubleposte by D3adOrSnipSurYTB to 1511820695
09-12-17 22:32:14 [INFO] [OctoBans] d3adorsnipsurytb sql checked, record: doubleposte by D3adOrSnipSurYTB to 1511894102
09-12-17 22:32:14 [INFO] [OctoBans] d3adorsnipsurytb sql checked, record: doubleposte by D3adOrSnipSurYTB to 1511895366
09-12-17 22:32:14 [INFO] [OctoBans] d3adorsnipsurytb sql checked, record: doubleposte by D3adOrSnipSurYTB to 1511895546
09-12-17 22:32:14 [INFO] [OctoBans] d3adorsnipsurytb sql checked, record: doubleposte by D3adOrSnipSurYTB to 1511897463
09-12-17 22:32:14 [INFO] [OctoBans] d3adorsnipsurytb sql checked, record: insulte by D3adOrSnipSurYTB to 1511898162
09-12-17 22:32:14 [INFO] [OctoBans] d3adorsnipsurytb sql checked, record: provocation by D3adOrSnipSurYTB to 1511895922
09-12-17 22:32:14 [INFO] [OctoBans] d3adorsnipsurytb sql checked, record: doubleposte by D3adOrSnipSurYTB to 1511895970
09-12-17 22:32:14 [INFO] [OctoBans] d3adorsnipsurytb sql checked, record: doubleposte by D3adOrSnipSurYTB to 1511898853
09-12-17 22:32:14 [INFO] [OctoBans] d3adorsnipsurytb sql checked, record: doubleposte by D3adOrSnipSurYTB to 1511896876
09-12-17 22:32:14 [INFO] [OctoBans] d3adorsnipsurytb sql checked, record: doubleposte by D3adOrSnipSurYTB to 1511897043
09-12-17 22:32:14 [INFO] [OctoBans] d3adorsnipsurytb sql checked, record: doubleposte by D3adOrSnipSurYTB to 1511900130
09-12-17 22:32:14 [INFO] [OctoBans] d3adorsnipsurytb sql checked, record: doubleposte by D3adOrSnipSurYTB to 1511898141
09-12-17 22:32:14 [INFO] [OctoBans] d3adorsnipsurytb sql checked, record: doubleposte by D3adOrSnipSurYTB to 1511898717
09-12-17 22:32:14 [INFO] [OctoBans] d3adorsnipsurytb sql checked, record: doubleposte by D3adOrSnipSurYTB to 1511901892
09-12-17 22:32:14 [INFO] [OctoBans] d3adorsnipsurytb sql checked, record: doubleposte by D3adOrSnipSurYTB to 1511901143
09-12-17 22:32:14 [INFO] [OctoBans] d3adorsnipsurytb sql checked, record: pubyt by D3adOrSnipSurYTB to 1511903420
09-12-17 22:32:14 [INFO] [OctoBans] d3adorsnipsurytb sql checked, record: doubleposte by D3adOrSnipSurYTB to 1511900158
09-12-17 22:32:14 [INFO] [OctoBans] d3adorsnipsurytb sql checked, record: doubleposte by D3adOrSnipSurYTB to 1511903278
09-12-17 22:32:14 [INFO] [OctoBans] d3adorsnipsurytb sql checked, record: pubyt by D3adOrSnipSurYTB to 1511903675
09-12-17 22:32:14 [INFO] [OctoBans] d3adorsnipsurytb sql checked, record: doubleposte by D3adOrSnipSurYTB to 1511901096
09-12-17 22:32:14 [INFO] [OctoBans] d3adorsnipsurytb sql checked, record: insulte by D3adOrSnipSurYTB to 1511902926
09-12-17 22:32:14 [INFO] [OctoBans] d3adorsnipsurytb sql checked, record: doubleposte by D3adOrSnipSurYTB to 1511900612
09-12-17 22:32:14 [INFO] [OctoBans] d3adorsnipsurytb sql checked, record: spam by D3adOrSnipSurYTB to 1511994337
09-12-17 22:32:14 [INFO] [OctoBans] d3adorsnipsurytb sql checked, record: doubleposte by D3adOrSnipSurYTB to 1511986065
09-12-17 22:32:14 [INFO] [OctoBans] d3adorsnipsurytb sql checked, record: insultegrave by D3adOrSnipSurYTB to 1512105575
09-12-17 22:32:14 [INFO] [OctoBans] d3adorsnipsurytb sql checked, record: spammp by D3adOrSnipSurYTB to -1
09-12-17 22:32:14 [INFO] [OctoBans] d3adorsnipsurytb sql checked, record: doubleposte by D3adOrSnipSurYTB to 1512070237
09-12-17 22:32:14 [INFO] [OctoBans] d3adorsnipsurytb sql checked, record: doubleposte by D3adOrSnipSurYTB to 1512072045
09-12-17 22:32:14 [INFO] [OctoBans] d3adorsnipsurytb sql checked, record: doubleposte by D3adOrSnipSurYTB to 1512073315
09-12-17 22:32:14 [INFO] [OctoBans] d3adorsnipsurytb sql checked, record: spam by D3adOrSnipSurYTB to 1512076984
09-12-17 22:32:14 [INFO] [OctoBans] d3adorsnipsurytb sql checked, record: doubleposte by D3adOrSnipSurYTB to 1512083629
09-12-17 22:32:14 [INFO] [OctoBans] d3adorsnipsurytb sql checked, record: doubleposte by D3adOrSnipSurYTB to 1512076082
09-12-17 22:32:14 [INFO] [OctoBans] d3adorsnipsurytb sql checked, record: doubleposte by D3adOrSnipSurYTB to 1512076682
09-12-17 22:32:14 [INFO] [OctoBans] d3adorsnipsurytb sql checked, record: doubleposte by D3adOrSnipSurYTB to 1512076431
09-12-17 22:32:14 [INFO] [OctoBans] d3adorsnipsurytb sql checked, record: spam by D3adOrSnipSurYTB to 1512080382
09-12-17 22:32:14 [INFO] [OctoBans] d3adorsnipsurytb sql checked, record: doubleposte by D3adOrSnipSurYTB to 1512154298
09-12-17 22:32:14 [INFO] [OctoBans] d3adorsnipsurytb sql checked, record: doubleposte by D3adOrSnipSurYTB to 1512155229
09-12-17 22:32:14 [INFO] [OctoBans] d3adorsnipsurytb sql checked, record: insultegrave by D3adOrSnipSurYTB to 1512189477
09-12-17 22:32:14 [INFO] [OctoBans] d3adorsnipsurytb sql checked, record: doubleposte by D3adOrSnipSurYTB to 1512156294
09-12-17 22:32:14 [INFO] [OctoBans] d3adorsnipsurytb sql checked, record: doubleposte by D3adOrSnipSurYTB to 1512156827
09-12-17 22:32:14 [INFO] [OctoBans] d3adorsnipsurytb sql checked, record: doubleposte by D3adOrSnipSurYTB to 1512159011
09-12-17 22:32:14 [INFO] [OctoBans] d3adorsnipsurytb sql checked, record: doubleposte by D3adOrSnipSurYTB to 1512154977
09-12-17 22:32:14 [INFO] [OctoBans] d3adorsnipsurytb sql checked, record: pubyt by D3adOrSnipSurYTB to 1512157982
09-12-17 22:32:14 [INFO] [OctoBans] d3adorsnipsurytb sql checked, record: doubleposte by D3adOrSnipSurYTB to 1512158606
09-12-17 22:32:14 [INFO] [OctoBans] d3adorsnipsurytb sql checked, record: pubyt by D3adOrSnipSurYTB to 1512158645
09-12-17 22:32:14 [INFO] [OctoBans] d3adorsnipsurytb sql checked, record: doubleposte by D3adOrSnipSurYTB to 1512156702
09-12-17 22:32:14 [INFO] [OctoBans] d3adorsnipsurytb sql checked, record: spam by D3adOrSnipSurYTB to 1512163622
09-12-17 22:32:14 [INFO] [OctoBans] d3adorsnipsurytb sql checked, record: doubleposte by D3adOrSnipSurYTB to 1512158257
09-12-17 22:32:14 [INFO] [OctoBans] d3adorsnipsurytb sql checked, record: provocation by D3adOrSnipSurYTB to 1512157239
09-12-17 22:32:14 [INFO] [OctoBans] d3adorsnipsurytb sql checked, record: spam by D3adOrSnipSurYTB to 1512160560
09-12-17 22:32:14 [INFO] [OctoBans] d3adorsnipsurytb sql checked, record: doubleposte by D3adOrSnipSurYTB to 1512158601
09-12-17 22:32:14 [INFO] [OctoBans] d3adorsnipsurytb sql checked, record: doubleposte by D3adOrSnipSurYTB to 1512204561
09-12-17 22:32:14 [INFO] [OctoBans] d3adorsnipsurytb sql checked, record: doubleposte by D3adOrSnipSurYTB to 1512202872
09-12-17 22:32:14 [INFO] [OctoBans] d3adorsnipsurytb sql checked, record: doubleposte by D3adOrSnipSurYTB to 1512202257
09-12-17 22:32:14 [INFO] [OctoBans] d3adorsnipsurytb sql checked, record: doubleposte by D3adOrSnipSurYTB to 1512204855
09-12-17 22:32:14 [INFO] [OctoBans] d3adorsnipsurytb sql checked, record: spammp by D3adOrSnipSurYTB to -1
09-12-17 22:32:14 [INFO] [OctoBans] d3adorsnipsurytb sql checked, record: provocation by D3adOrSnipSurYTB to 1512204825
09-12-17 22:32:14 [INFO] [OctoBans] d3adorsnipsurytb sql checked, record: doubleposte by D3adOrSnipSurYTB to 1512206201
09-12-17 22:32:14 [INFO] [OctoBans] d3adorsnipsurytb sql checked, record: insultesrv by D3adOrSnipSurYTB to 1512275614
09-12-17 22:32:14 [INFO] [OctoBans] d3adorsnipsurytb sql checked, record: spammp by D3adOrSnipSurYTB to -1
09-12-17 22:32:14 [INFO] [OctoBans] d3adorsnipsurytb sql checked, record: spam by D3adOrSnipSurYTB to 1512207776
09-12-17 22:32:14 [INFO] [OctoBans] d3adorsnipsurytb sql checked, record: doubleposte by D3adOrSnipSurYTB to 1512204545
09-12-17 22:32:14 [INFO] [OctoBans] d3adorsnipsurytb sql checked, record: doubleposte by D3adOrSnipSurYTB to 1512207518
09-12-17 22:32:14 [INFO] [OctoBans] d3adorsnipsurytb sql checked, record: doubleposte by D3adOrSnipSurYTB to 1512218592
09-12-17 22:32:14 [INFO] [OctoBans] d3adorsnipsurytb sql checked, record: doubleposte by D3adOrSnipSurYTB to 1512219828
09-12-17 22:32:15 [INFO] [OctoBans] d3adorsnipsurytb sql checked, record: doubleposte by D3adOrSnipSurYTB to 1512219739
09-12-17 22:32:15 [INFO] [OctoBans] d3adorsnipsurytb sql checked, record: insulte by D3adOrSnipSurYTB to 1512240240
09-12-17 22:32:15 [INFO] [OctoBans] d3adorsnipsurytb sql checked, record: doubleposte by D3adOrSnipSurYTB to 1512220203
09-12-17 22:32:15 [INFO] [OctoBans] d3adorsnipsurytb sql checked, record: insultegrave by D3adOrSnipSurYTB to 1512326849
09-12-17 22:32:15 [INFO] [OctoBans] d3adorsnipsurytb sql checked, record: spammp by D3adOrSnipSurYTB to -1
09-12-17 22:32:15 [INFO] [OctoBans] d3adorsnipsurytb sql checked, record: doubleposte by D3adOrSnipSurYTB to 1512220682
09-12-17 22:32:15 [INFO] [OctoBans] d3adorsnipsurytb sql checked, record: doubleposte by D3adOrSnipSurYTB to 1512222060
09-12-17 22:32:15 [INFO] [OctoBans] d3adorsnipsurytb sql checked, record: insulte by D3adOrSnipSurYTB to 1512224526
09-12-17 22:32:15 [INFO] [OctoBans] d3adorsnipsurytb sql checked, record: insultegrave by D3adOrSnipSurYTB to 1512330279
09-12-17 22:32:15 [INFO] [OctoBans] d3adorsnipsurytb sql checked, record: doubleposte by D3adOrSnipSurYTB to 1512227961
09-12-17 22:32:15 [INFO] [OctoBans] d3adorsnipsurytb sql checked, record: doubleposte by D3adOrSnipSurYTB to 1512229296
09-12-17 22:32:15 [INFO] [OctoBans] d3adorsnipsurytb sql checked, record: doubleposte by D3adOrSnipSurYTB to 1512228712
09-12-17 22:32:15 [INFO] [OctoBans] d3adorsnipsurytb sql checked, record: doubleposte by D3adOrSnipSurYTB to 1512229762
09-12-17 22:32:15 [INFO] [OctoBans] d3adorsnipsurytb sql checked, record: insultesrv by D3adOrSnipSurYTB to 1512264969
09-12-17 22:32:15 [INFO] [OctoBans] d3adorsnipsurytb sql checked, record: doubleposte by D3adOrSnipSurYTB to 1512229587
09-12-17 22:32:15 [INFO] [OctoBans] d3adorsnipsurytb sql checked, record: spam by D3adOrSnipSurYTB to 1512300662
09-12-17 22:32:15 [INFO] [OctoBans] d3adorsnipsurytb sql checked, record: doubleposte by D3adOrSnipSurYTB to 1512298727
09-12-17 22:32:15 [INFO] [OctoBans] d3adorsnipsurytb sql checked, record: doubleposte by D3adOrSnipSurYTB to 1512303690
09-12-17 22:32:15 [INFO] [OctoBans] d3adorsnipsurytb sql checked, record: provocation by D3adOrSnipSurYTB to 1512306724
09-12-17 22:32:15 [INFO] [OctoBans] d3adorsnipsurytb sql checked, record: doubleposte by D3adOrSnipSurYTB to 1512304392
09-12-17 22:32:15 [INFO] [OctoBans] d3adorsnipsurytb sql checked, record: doubleposte by D3adOrSnipSurYTB to 1512304536
09-12-17 22:32:15 [INFO] [OctoBans] d3adorsnipsurytb sql checked, record: pubyt by D3adOrSnipSurYTB to 1512307838
09-12-17 22:32:15 [INFO] [OctoBans] d3adorsnipsurytb sql checked, record: doubleposte by D3adOrSnipSurYTB to 1512304690
09-12-17 22:32:15 [INFO] [OctoBans] d3adorsnipsurytb sql checked, record: doubleposte by D3adOrSnipSurYTB to 1512307285
09-12-17 22:32:15 [INFO] [OctoBans] d3adorsnipsurytb sql checked, record: doubleposte by D3adOrSnipSurYTB to 1512305194
09-12-17 22:32:15 [INFO] [OctoBans] d3adorsnipsurytb sql checked, record: doubleposte by D3adOrSnipSurYTB to 1512305411
09-12-17 22:32:15 [INFO] [OctoBans] d3adorsnipsurytb sql checked, record: doubleposte by D3adOrSnipSurYTB to 1512308013
09-12-17 22:32:15 [INFO] [OctoBans] d3adorsnipsurytb sql checked, record: doubleposte by D3adOrSnipSurYTB to 1512306247
09-12-17 22:32:15 [INFO] [OctoBans] d3adorsnipsurytb sql checked, record: doubleposte by D3adOrSnipSurYTB to 1512306944
09-12-17 22:32:15 [INFO] [OctoBans] d3adorsnipsurytb sql checked, record: provocation by D3adOrSnipSurYTB to 1512318448
09-12-17 22:32:15 [INFO] [OctoBans] d3adorsnipsurytb sql checked, record: doubleposte by D3adOrSnipSurYTB to 1512307205
09-12-17 22:32:15 [INFO] [OctoBans] d3adorsnipsurytb sql checked, record: provocation by D3adOrSnipSurYTB to 1512310832
09-12-17 22:32:15 [INFO] [OctoBans] d3adorsnipsurytb sql checked, record: doubleposte by D3adOrSnipSurYTB to 1512310114
09-12-17 22:32:15 [INFO] [OctoBans] d3adorsnipsurytb sql checked, record: doubleposte by D3adOrSnipSurYTB to 1512313113
09-12-17 22:32:15 [INFO] [OctoBans] d3adorsnipsurytb sql checked, record: doubleposte by D3adOrSnipSurYTB to 1512315901
09-12-17 22:32:15 [INFO] [OctoBans] d3adorsnipsurytb sql checked, record: provocation by D3adOrSnipSurYTB to 1512315160
09-12-17 22:32:15 [INFO] [OctoBans] d3adorsnipsurytb sql checked, record: doubleposte by D3adOrSnipSurYTB to 1512315391
09-12-17 22:32:15 [INFO] [OctoBans] d3adorsnipsurytb sql checked, record: spam by D3adOrSnipSurYTB to 1512329703
09-12-17 22:32:15 [INFO] [OctoBans] d3adorsnipsurytb sql checked, record: doubleposte by D3adOrSnipSurYTB to 1512318048
09-12-17 22:32:15 [INFO] [OctoBans] d3adorsnipsurytb sql checked, record: spam by D3adOrSnipSurYTB to 1512326256
09-12-17 22:32:15 [INFO] [OctoBans] d3adorsnipsurytb sql checked, record: doubleposte by D3adOrSnipSurYTB to 1512316497
09-12-17 22:32:15 [INFO] [OctoBans] d3adorsnipsurytb sql checked, record: doubleposte by D3adOrSnipSurYTB to 1512315960
09-12-17 22:32:15 [INFO] [OctoBans] d3adorsnipsurytb sql checked, record: provocation by D3adOrSnipSurYTB to 1512316024
09-12-17 22:32:15 [INFO] [OctoBans] d3adorsnipsurytb sql checked, record: insulte by D3adOrSnipSurYTB to 1512323868
09-12-17 22:32:15 [INFO] [OctoBans] d3adorsnipsurytb sql checked, record: doubleposte by D3adOrSnipSurYTB to 1512316531
09-12-17 22:32:15 [INFO] [OctoBans] d3adorsnipsurytb sql checked, record: doubleposte by D3adOrSnipSurYTB to 1512317303
09-12-17 22:32:15 [INFO] [OctoBans] d3adorsnipsurytb sql checked, record: doubleposte by D3adOrSnipSurYTB to 1512319623
09-12-17 22:32:15 [INFO] [OctoBans] d3adorsnipsurytb sql checked, record: doubleposte by D3adOrSnipSurYTB to 1512319189
09-12-17 22:32:15 [INFO] [OctoBans] d3adorsnipsurytb sql checked, record: insultegrave by D3adOrSnipSurYTB to 1512355848
09-12-17 22:32:15 [INFO] [OctoBans] d3adorsnipsurytb sql checked, record: provocation by D3adOrSnipSurYTB to 1512321028
09-12-17 22:32:15 [INFO] [OctoBans] d3adorsnipsurytb sql checked, record: doubleposte by D3adOrSnipSurYTB to 1512322544
09-12-17 22:32:15 [INFO] [OctoBans] d3adorsnipsurytb sql checked, record: insulte by D3adOrSnipSurYTB to 1512326046
09-12-17 22:32:15 [INFO] [OctoBans] d3adorsnipsurytb sql checked, record: spam by D3adOrSnipSurYTB to 1512324292
09-12-17 22:32:15 [INFO] [OctoBans] d3adorsnipsurytb sql checked, record: majuscule by D3adOrSnipSurYTB to 1512321328
09-12-17 22:32:15 [INFO] [OctoBans] d3adorsnipsurytb sql checked, record: doubleposte by D3adOrSnipSurYTB to 1512321355
09-12-17 22:32:15 [INFO] [OctoBans] d3adorsnipsurytb sql checked, record: doubleposte by D3adOrSnipSurYTB to 1512323161
09-12-17 22:32:15 [INFO] [OctoBans] d3adorsnipsurytb sql checked, record: provocation by D3adOrSnipSurYTB to 1512323655
09-12-17 22:32:15 [INFO] [OctoBans] d3adorsnipsurytb sql checked, record: doubleposte by D3adOrSnipSurYTB to 1512500954
09-12-17 22:32:15 [INFO] [OctoBans] d3adorsnipsurytb sql checked, record: doubleposte by D3adOrSnipSurYTB to 1512502369
09-12-17 22:32:15 [INFO] [OctoBans] d3adorsnipsurytb sql checked, record: doubleposte by D3adOrSnipSurYTB to 1512501236
09-12-17 22:32:15 [INFO] [OctoBans] d3adorsnipsurytb sql checked, record: doubleposte by D3adOrSnipSurYTB to 1512502425
09-12-17 22:32:15 [INFO] [OctoBans] d3adorsnipsurytb sql checked, record: doubleposte by D3adOrSnipSurYTB to 1512502184
09-12-17 22:32:15 [INFO] [OctoBans] d3adorsnipsurytb sql checked, record: doubleposte by D3adOrSnipSurYTB to 1512505268
09-12-17 22:32:15 [INFO] [OctoBans] d3adorsnipsurytb sql checked, record: majuscule by D3adOrSnipSurYTB to 1512501449
09-12-17 22:32:15 [INFO] [OctoBans] d3adorsnipsurytb sql checked, record: doubleposte by D3adOrSnipSurYTB to 1512503271
09-12-17 22:32:15 [INFO] [OctoBans] d3adorsnipsurytb sql checked, record: doubleposte by D3adOrSnipSurYTB to 1512503559
09-12-17 22:32:15 [INFO] [OctoBans] d3adorsnipsurytb sql checked, record: doubleposte by D3adOrSnipSurYTB to 1512501885
09-12-17 22:32:15 [INFO] [OctoBans] d3adorsnipsurytb sql checked, record: majuscule by D3adOrSnipSurYTB to 1512502369
09-12-17 22:32:15 [INFO] [OctoBans] d3adorsnipsurytb sql checked, record: doubleposte by D3adOrSnipSurYTB to 1512502950
09-12-17 22:32:15 [INFO] [OctoBans] d3adorsnipsurytb sql checked, record: doubleposte by D3adOrSnipSurYTB to 1512502982
09-12-17 22:32:15 [INFO] [OctoBans] d3adorsnipsurytb sql checked, record: majuscule by D3adOrSnipSurYTB to 1512503354
09-12-17 22:32:15 [INFO] [OctoBans] d3adorsnipsurytb sql checked, record: doubleposte by D3adOrSnipSurYTB to 1512502673
09-12-17 22:32:15 [INFO] [OctoBans] d3adorsnipsurytb sql checked, record: spammp by D3adOrSnipSurYTB to -1
09-12-17 22:32:15 [INFO] [OctoBans] d3adorsnipsurytb sql checked, record: doubleposte by D3adOrSnipSurYTB to 1512504105
09-12-17 22:32:15 [INFO] [OctoBans] d3adorsnipsurytb sql checked, record: majuscule by D3adOrSnipSurYTB to 1512504527
09-12-17 22:32:15 [INFO] [OctoBans] d3adorsnipsurytb sql checked, record: doubleposte by D3adOrSnipSurYTB to 1512504197
09-12-17 22:32:15 [INFO] [OctoBans] d3adorsnipsurytb sql checked, record: majuscule by D3adOrSnipSurYTB to 1512504965
09-12-17 22:32:15 [INFO] [OctoBans] d3adorsnipsurytb sql checked, record: spammp by D3adOrSnipSurYTB to -1
09-12-17 22:32:15 [INFO] [OctoBans] d3adorsnipsurytb sql checked, record: majuscule by D3adOrSnipSurYTB to 1512508494
09-12-17 22:32:15 [INFO] [OctoBans] d3adorsnipsurytb sql checked, record: doubleposte by D3adOrSnipSurYTB to 1512505545
09-12-17 22:32:15 [INFO] [OctoBans] d3adorsnipsurytb sql checked, record: insultegrave by D3adOrSnipSurYTB to 1512613178
09-12-17 22:32:15 [INFO] [OctoBans] d3adorsnipsurytb sql checked, record: majuscule by D3adOrSnipSurYTB to 1512509116
09-12-17 22:32:15 [INFO] [OctoBans] d3adorsnipsurytb sql checked, record: insulte by D3adOrSnipSurYTB to 1512508948
09-12-17 22:32:15 [INFO] [OctoBans] d3adorsnipsurytb sql checked, record: spammp by D3adOrSnipSurYTB to -1
09-12-17 22:32:15 [INFO] [OctoBans] d3adorsnipsurytb sql checked, record: spam by D3adOrSnipSurYTB to 1512520845
09-12-17 22:32:15 [INFO] [OctoBans] d3adorsnipsurytb sql checked, record: doubleposte by D3adOrSnipSurYTB to 1512506904
09-12-17 22:32:15 [INFO] [OctoBans] d3adorsnipsurytb sql checked, record: doubleposte by D3adOrSnipSurYTB to 1512507554
09-12-17 22:32:15 [INFO] [OctoBans] d3adorsnipsurytb sql checked, record: majuscule by D3adOrSnipSurYTB to 1512507515
09-12-17 22:32:15 [INFO] [OctoBans] d3adorsnipsurytb sql checked, record: majuscule by D3adOrSnipSurYTB to 1512508213
09-12-17 22:32:15 [INFO] [OctoBans] d3adorsnipsurytb sql checked, record: doubleposte by D3adOrSnipSurYTB to 1512510509
09-12-17 22:32:15 [INFO] [OctoBans] d3adorsnipsurytb sql checked, record: doubleposte by D3adOrSnipSurYTB to 1512509620
09-12-17 22:32:15 [INFO] [OctoBans] d3adorsnipsurytb sql checked, record: doubleposte by D3adOrSnipSurYTB to 1512507640
09-12-17 22:32:15 [INFO] [OctoBans] d3adorsnipsurytb sql checked, record: insultegrave by D3adOrSnipSurYTB to 1512543482
09-12-17 22:32:15 [INFO] [OctoBans] d3adorsnipsurytb sql checked, record: doubleposte by D3adOrSnipSurYTB to 1512508452
09-12-17 22:32:15 [INFO] [OctoBans] d3adorsnipsurytb sql checked, record: provocation by D3adOrSnipSurYTB to 1512509661
09-12-17 22:32:15 [INFO] [OctoBans] d3adorsnipsurytb sql checked, record: incitationflood by D3adOrSnipSurYTB to 1512594009
09-12-17 22:32:15 [INFO] [OctoBans] d3adorsnipsurytb sql checked, record: doubleposte by D3adOrSnipSurYTB to 1512588373
09-12-17 22:32:15 [INFO] [OctoBans] d3adorsnipsurytb sql checked, record: doubleposte by D3adOrSnipSurYTB to 1512588845
09-12-17 22:32:15 [INFO] [OctoBans] d3adorsnipsurytb sql checked, record: majuscule by D3adOrSnipSurYTB to 1512761023
09-12-17 22:32:15 [INFO] [OctoBans] d3adorsnipsurytb sql checked, record: doubleposte by D3adOrSnipSurYTB to 1512762845
09-12-17 22:32:15 [INFO] [OctoBans] d3adorsnipsurytb sql checked, record: spam by D3adOrSnipSurYTB to 1512782163
09-12-17 22:32:15 [INFO] [OctoBans] d3adorsnipsurytb sql checked, record: insultegrave by D3adOrSnipSurYTB to 1512832667
09-12-17 22:32:15 [INFO] [OctoBans] d3adorsnipsurytb sql checked, record: doubleposte by D3adOrSnipSurYTB to 1512761123
09-12-17 22:32:15 [INFO] [OctoBans] d3adorsnipsurytb sql checked, record: doubleposte by D3adOrSnipSurYTB to 1512761416
09-12-17 22:32:15 [INFO] [OctoBans] d3adorsnipsurytb sql checked, record: doubleposte by D3adOrSnipSurYTB to 1512763973
09-12-17 22:32:15 [INFO] [OctoBans] d3adorsnipsurytb sql checked, record: doubleposte by D3adOrSnipSurYTB to 1512763029
09-12-17 22:32:15 [INFO] [OctoBans] d3adorsnipsurytb sql checked, record: doubleposte by D3adOrSnipSurYTB to 1512767629
09-12-17 22:32:15 [INFO] [OctoBans] d3adorsnipsurytb sql checked, record: doubleposte by D3adOrSnipSurYTB to 1512763174
09-12-17 22:32:15 [INFO] [OctoBans] d3adorsnipsurytb sql checked, record: pubyt by D3adOrSnipSurYTB to 1512765513
09-12-17 22:32:15 [INFO] [OctoBans] d3adorsnipsurytb sql checked, record: doubleposte by D3adOrSnipSurYTB to 1512762763
09-12-17 22:32:15 [INFO] [OctoBans] d3adorsnipsurytb sql checked, record: doubleposte by D3adOrSnipSurYTB to 1512765658
09-12-17 22:32:15 [INFO] [OctoBans] d3adorsnipsurytb sql checked, record: doubleposte by D3adOrSnipSurYTB to 1512765972
09-12-17 22:32:15 [INFO] [OctoBans] d3adorsnipsurytb sql checked, record: spam by D3adOrSnipSurYTB to 1512772625
09-12-17 22:32:15 [INFO] [OctoBans] d3adorsnipsurytb sql checked, record: doubleposte by D3adOrSnipSurYTB to 1512769794
09-12-17 22:32:15 [INFO] [OctoBans] d3adorsnipsurytb sql checked, record: majuscule by D3adOrSnipSurYTB to 1512768483
09-12-17 22:32:15 [INFO] [OctoBans] d3adorsnipsurytb sql checked, record: provocation by D3adOrSnipSurYTB to 1512769040
09-12-17 22:32:15 [INFO] [OctoBans] d3adorsnipsurytb sql checked, record: doubleposte by D3adOrSnipSurYTB to 1512811164
09-12-17 22:32:15 [INFO] [OctoBans] wiroox sql checked, record: spammp by WeeZix to -1
09-12-17 22:32:15 [INFO] [OctoBans] wiroox sql checked, record: spammp by FiasK0 to -1
09-12-17 22:32:15 [INFO] [OctoBans] wiroox sql checked, record: spammp by WeeZix to -1
09-12-17 22:32:15 [INFO] [OctoBans] wiroox sql checked, record: spammp by Remil to -1
09-12-17 22:32:15 [INFO] [OctoBans] wiroox sql checked, record: spammp by WeeZix to -1
09-12-17 22:32:20 [INFO] [OctoBans] keezy sql checked, record: spammp by LeRe to -1
09-12-17 22:32:20 [INFO] [OctoBans] keezy sql checked, record: spammp by LeRe to -1
09-12-17 22:32:20 [INFO] [OctoBans] keezy sql checked, record: spammp by ToXiCz_TV to -1
09-12-17 22:32:20 [INFO] [OctoBans] keezy sql checked, record: spammp by FamousxRay to -1
09-12-17 22:32:20 [INFO] [OctoBans] thecrane sql checked, record: spammp by WeeZix to -1
09-12-17 22:32:20 [INFO] [OctoBans] thecrane sql checked, record: doubleposte by ToXiCz_TV to 1512855209
09-12-17 22:32:20 [INFO] [OctoBans] magi_fragz_yt sql checked, record: spammp by LeRe to -1
09-12-17 22:32:33 [INFO] [OctoBans] nakzu_u sql checked, record: spammp by PoukoaMoa to -1
09-12-17 22:32:33 [INFO] [OctoBans] nakzu_u sql checked, record: spammp by PoukoaMoa to -1
09-12-17 22:32:35 [INFO] [OctoBans] minecraft05_yt sql checked, record: spammp by Gamer09 to -1
09-12-17 22:32:42 [INFO] [OctoBans] zumbie sql checked, record: spammp by EGGSPLOSION to -1
09-12-17 22:32:42 [INFO] [OctoBans] zumbie sql checked, record: spammp by EW3L to -1
09-12-17 22:32:46 [INFO] [OctoBans] xx_yz_xx sql checked, record: spammp by SkillBOotiiS to -1
09-12-17 22:33:19 [INFO] [OctoBans] rapha09100 sql checked, record: insultegrave by Zayrox29 to 1512887576
09-12-17 22:33:29 [INFO] [OctoBans] nrgx_sh4d0w sql checked, record: spammp by NeyTox to -1
09-12-17 22:33:29 [INFO] [OctoBans] nrgx_sh4d0w sql checked, record: insultegrave by WeeZix to 1512924830
09-12-17 22:33:34 [INFO] [OctoBans] louis6467 sql checked, record: majuscule by Gamer09 to 1512856374
09-12-17 22:33:40 [INFO] [OctoBans] raptor06520 sql checked, record: spammp by EW3L to -1
09-12-17 22:33:59 [INFO] [OctoBans] catournemal sql checked, record: insultestaff by OCIP_Matth to 1512883730
09-12-17 22:33:59 [INFO] [OctoBans] catournemal sql checked, record: insultestaff by OCIP_Matth to 1512920109
09-12-17 22:36:16 [INFO] [OctoBans] lethugdu46 sql checked, record: spammp by LaKitaw to -1
09-12-17 22:37:07 [INFO] [OctoBans] killyan sql checked, record: spammp by EW3L to -1
09-12-17 22:37:39 [INFO] [OctoBans] vagosts sql checked, record: spammp by yeti2001vd to -1
09-12-17 22:37:39 [INFO] [OctoBans] vagosts sql checked, record: spammp by FamousxRay to -1
09-12-17 22:37:47 [INFO] [OctoBans] amine sql checked, record: spammp by FamousxRay to -1
09-12-17 22:37:47 [INFO] [OctoBans] amine sql checked, record: spammp by FiasK0 to -1
09-12-17 22:37:47 [INFO] [OctoBans] amine sql checked, record: incitationflood by OCIP_Matth to 1512936193
09-12-17 22:38:10 [INFO] [OctoBans] zoseq sql checked, record: spammp by LeRe to -1
09-12-17 22:38:46 [INFO] [OctoBans] amine sql checked, record: spammp by FamousxRay to -1
09-12-17 22:38:46 [INFO] [OctoBans] amine sql checked, record: spammp by FiasK0 to -1
09-12-17 22:38:46 [INFO] [OctoBans] amine sql checked, record: incitationflood by OCIP_Matth to 1512936193
09-12-17 22:38:51 [INFO] [OctoBans] neytox sql checked, record: spammp by NeyTox to -1
09-12-17 22:40:50 [INFO] [OctoBans] Gamer09 punished malik31 for: Double Poste
09-12-17 22:40:57 [INFO] [OctoBans] reqz_ sql checked, record: spammp by FiasK0 to -1
09-12-17 22:41:23 [INFO] [OctoBans] Gamer09 punished lolizi for: Double Poste
09-12-17 22:41:24 [INFO] [OctoBans] the_slash sql checked, record: spammp by pepedjo to -1
09-12-17 22:41:24 [INFO] [OctoBans] the_slash sql checked, record: spammp by drbrine to -1
09-12-17 22:41:24 [INFO] [OctoBans] the_slash sql checked, record: spammp by NeyTox to -1
09-12-17 22:41:24 [INFO] [OctoBans] the_slash sql checked, record: doubleposte by Gamer09 to 1512857974
09-12-17 22:44:26 [INFO] [OctoBans] Gamer09 punished rezeen for: Double Poste
09-12-17 22:44:26 [INFO] [OctoBans] _avirox sql checked, record: spammp by ToXiCz_TV to -1
09-12-17 22:44:26 [INFO] [OctoBans] _avirox sql checked, record: floodmp by NiceFR to -1
09-12-17 22:44:26 [INFO] [OctoBans] _avirox sql checked, record: spammp by EGGSPLOSION to -1
09-12-17 22:44:26 [INFO] [OctoBans] _avirox sql checked, record: spammp by Zoseq to -1
09-12-17 22:45:18 [INFO] [OctoBans] lsvg sql checked, record: spammp by FamousxRay to -1
09-12-17 22:46:55 [INFO] [OctoBans] drbrine punished rezeen for: Double Poste
09-12-17 22:48:13 [INFO] [OctoBans] SmooKeur punished vulreth__ for: TpKill
09-12-17 22:48:22 [INFO] [OctoBans] onflyenrec sql checked, record: spammp by Antoine57565 to -1
09-12-17 22:50:00 [INFO] [OctoBans] kingofman sql checked, record: spammp by Zoseq to -1
09-12-17 22:50:09 [INFO] [OctoBans] _theodu13_ sql checked, record: spammp by FamousxRay to -1
09-12-17 22:50:32 [INFO] [OctoBans] Hkz_Skillon punished draaw for: Majuscule
09-12-17 22:52:04 [INFO] [OctoBans] Zayrox29 punished doomnight91 for: Double Poste
09-12-17 22:52:28 [INFO] [OctoBans] epedrakesse sql checked, record: spammp by YTB_XxKarnageXx to -1
09-12-17 22:52:28 [INFO] [OctoBans] epedrakesse sql checked, record: doubleposte by Gamer09 to 1512858113
09-12-17 22:52:32 [INFO] [OctoBans] fabio sql checked, record: insultegrave by drbrine to 1512875985
09-12-17 22:52:38 [INFO] [OctoBans] racid sql checked, record: insultegrave by FiasK0 to 1512886245
09-12-17 22:53:24 [INFO] [OctoBans] captainenergy sql checked, record: spammp by FamousxRay to -1
09-12-17 22:53:54 [INFO] [OctoBans] kywazy sql checked, record: faussesinfos by SmooKeur to 1512909390
09-12-17 22:57:29 [INFO] [OctoBans] Zayrox29 punished octoway for: Insulte
09-12-17 23:00:16 [INFO] [OctoBans] clem010 sql checked, record: floodmp by NiceFR to -1
09-12-17 23:01:04 [INFO] [OctoBans] xx_biom_xx sql checked, record: spammp by Spovly to -1
09-12-17 23:04:53 [INFO] [OctoBans] Zayrox29 punished molotof for: Provocation
09-12-17 23:07:23 [INFO] [OctoBans] FiasK0 punished sosfight for: Majuscule
09-12-17 23:08:11 [INFO] [OctoBans] tytu01 sql checked, record: spammp by ToXiCz_TV to -1
09-12-17 23:09:17 [INFO] [OctoBans] mgk_tozzzz sql checked, record: spammp by drbrine to -1
09-12-17 23:12:18 [INFO] [OctoBans] le_clodov2 sql checked, record: spammp by ToXiCz_TV to -1
09-12-17 23:12:18 [INFO] [OctoBans] le_clodov2 sql checked, record: spammp by FamousxRay to -1
09-12-17 23:12:38 [INFO] [OctoBans] Zayrox29 punished tytyra for: Double Poste
09-12-17 23:12:48 [INFO] [OctoBans] leminecraftien80 sql checked, record: insultegrave by EW3L to 1513045896
09-12-17 23:12:48 [INFO] [OctoBans] leminecraftien80 sql checked, record: spammp by EW3L to -1
09-12-17 23:12:48 [INFO] [OctoBans] leminecraftien80 sql checked, record: spammp by D3adOrSnipSurYTB to -1
09-12-17 23:13:07 [INFO] [OctoBans] zxbrine_ sql checked, record: spammp by Evolze to -1
09-12-17 23:13:07 [INFO] [OctoBans] zxbrine_ sql checked, record: spammp by drbrine to -1
09-12-17 23:13:07 [INFO] [OctoBans] zxbrine_ sql checked, record: spammp by EGGSPLOSION to -1
09-12-17 23:13:07 [INFO] [OctoBans] zxbrine_ sql checked, record: spammp by drbrine to -1
09-12-17 23:13:44 [INFO] [OctoBans] blackarrowfr sql checked, record: spammp by FiasK0 to -1
09-12-17 23:14:36 [INFO] [OctoBans] Zayrox29 punished kakakiki for: Majuscule
09-12-17 23:15:05 [INFO] [OctoBans] FiasK0 punished thecrane for: Provocation
09-12-17 23:15:32 [INFO] [OctoBans] Zayrox29 punished yoyo94340 for: Double Poste
09-12-17 23:16:42 [INFO] [OctoBans] louis990 sql checked, record: spammp by OCIP_Matth to -1
09-12-17 23:16:50 [INFO] [OctoBans] aparia sql checked, record: spammp by pepedjo to -1
09-12-17 23:16:50 [INFO] [OctoBans] aparia sql checked, record: spammp by pepedjo to -1
09-12-17 23:16:50 [INFO] [OctoBans] aparia sql checked, record: spammp by Evolze to -1
09-12-17 23:16:50 [INFO] [OctoBans] aparia sql checked, record: spammp by FiasK0 to -1
09-12-17 23:16:50 [INFO] [OctoBans] aparia sql checked, record: faussesinfos by Gamer09 to 1512902268
09-12-17 23:17:39 [INFO] [OctoBans] wilson84 sql checked, record: spammp by OCIP_Matth to -1
09-12-17 23:17:39 [INFO] [OctoBans] wilson84 sql checked, record: spammp by ToXiCz_TV to -1
09-12-17 23:17:39 [INFO] [OctoBans] wilson84 sql checked, record: spammp by LaKitaw to -1
09-12-17 23:17:39 [INFO] [OctoBans] wilson84 sql checked, record: insultegrave by EW3L to 1512949731
09-12-17 23:18:39 [INFO] [OctoBans] Zayrox29 punished fusionix_game for: Double Poste
09-12-17 23:18:56 [INFO] [OctoBans] dodole1 sql checked, record: spammp by PoukoaMoa to -1
09-12-17 23:18:56 [INFO] [OctoBans] dodole1 sql checked, record: spammp by OCIP_Matth to -1
09-12-17 23:18:56 [INFO] [OctoBans] dodole1 sql checked, record: spammp by Remil to -1
09-12-17 23:18:56 [INFO] [OctoBans] dodole1 sql checked, record: spammp by LaKitaw to -1
09-12-17 23:19:08 [INFO] [OctoBans] mattys0403 sql checked, record: spammp by pepedjo to -1
09-12-17 23:19:08 [INFO] [OctoBans] mattys0403 sql checked, record: spammp by pepedjo to -1
09-12-17 23:19:08 [INFO] [OctoBans] mattys0403 sql checked, record: spammp by Remil to -1
09-12-17 23:22:15 [INFO] [OctoBans] Zayrox29 punished watiyt for: Double Poste
09-12-17 23:25:54 [INFO] [OctoBans] chromaaa_ sql checked, record: spammp by WeeZix to -1
09-12-17 23:30:19 [INFO] [OctoBans] Zayrox29 punished ijonas_ for: Double Poste
09-12-17 23:37:22 [INFO] [OctoBans] Zayrox29 punished dodole1 for: Double Poste
09-12-17 23:39:29 [INFO] [OctoBans] ishaadow_ sql checked, record: spammp by FamousxRay to -1
09-12-17 23:39:33 [INFO] [OctoBans] Zayrox29 punished doomnight91 for: Double Poste
09-12-17 23:40:42 [INFO] [OctoBans] batte sql checked, record: spammp by yeti2001vd to -1
09-12-17 23:43:28 [INFO] [OctoBans] Zayrox29 punished mms for: Majuscule
09-12-17 23:44:45 [INFO] [OctoBans] Zayrox29 punished the_slash for: Spam/flood
09-12-17 23:48:33 [INFO] [OctoBans] Zayrox29 punished sniperdu30 for: Double Poste
09-12-17 23:49:55 [INFO] [OctoBans] Zayrox29 punished lushen for: Double Poste
09-12-17 23:50:22 [INFO] [OctoBans] amgaming sql checked, record: spammp by woimant to -1
09-12-17 23:51:12 [INFO] [OctoBans] legameur121 sql checked, record: doubleposte by OCIP_Matth to 1512859880
09-12-17 23:51:16 [INFO] [OctoBans] deniz sql checked, record: spammp by SmooKeur to -1
09-12-17 23:53:46 [INFO] [OctoBans] killerboydu13 sql checked, record: spammp by Evolze to -1
09-12-17 23:53:46 [INFO] [OctoBans] killerboydu13 sql checked, record: spammp by KelianHD to -1
09-12-17 23:53:46 [INFO] [OctoBans] killerboydu13 sql checked, record: spammp by OCIP_Matth to -1
09-12-17 23:53:46 [INFO] [OctoBans] killerboydu13 sql checked, record: spammp by EW3L to -1
09-12-17 23:56:35 [INFO] [OctoBans] lassa18 sql checked, record: spammp by KelianHD to -1
09-12-17 23:57:06 [INFO] [OctoBans] FiasK0 punished siphanox for: TpKill
09-12-17 23:57:22 [INFO] [OctoBans] Remil punished romudu269 for: Langage incorrect
09-12-17 23:57:43 [INFO] [OctoBans] Remil punished romudu269 for: Provocation
09-12-17 23:57:58 [INFO] [OctoBans] NeyTox punished tomcase14 for: Insulte
09-12-17 23:58:07 [INFO] [OctoBans] Remil punished romudu269 for: Provocation
09-12-17 23:58:40 [INFO] [OctoBans] Remil punished romudu269 for: Provocation
09-12-17 23:59:26 [INFO] [OctoBans] seyyde_ sql checked, record: spammp by Gamer09 to -1
09-12-17 23:59:29 [INFO] [OctoBans] Remil punished romudu269 for: Spam/flood en MP
09-12-17 23:59:45 [INFO] [OctoBans] NeyTox punished by_fly for: Fausses informations
10-12-17 00:00:31 [INFO] [OctoBans] aparia sql checked, record: spammp by pepedjo to -1
10-12-17 00:00:31 [INFO] [OctoBans] aparia sql checked, record: spammp by pepedjo to -1
10-12-17 00:00:31 [INFO] [OctoBans] aparia sql checked, record: spammp by Evolze to -1
10-12-17 00:00:31 [INFO] [OctoBans] aparia sql checked, record: spammp by FiasK0 to -1
10-12-17 00:00:31 [INFO] [OctoBans] aparia sql checked, record: faussesinfos by Gamer09 to 1512902268
10-12-17 00:00:45 [INFO] [OctoBans] NeyTox punished aparia for: Fausses informations
10-12-17 00:01:02 [INFO] [OctoBans] FiasK0 punished mimi146 for: Spam/flood en MP
10-12-17 00:01:05 [INFO] [OctoBans] FiasK0 punished zozodu14 for: Spam/flood
10-12-17 00:01:40 [INFO] [OctoBans] Remil punished zozodu14 for: Insulte grave
10-12-17 00:02:52 [INFO] [OctoBans] aparia sql checked, record: spammp by pepedjo to -1
10-12-17 00:02:52 [INFO] [OctoBans] aparia sql checked, record: spammp by pepedjo to -1
10-12-17 00:02:52 [INFO] [OctoBans] aparia sql checked, record: spammp by Evolze to -1
10-12-17 00:02:52 [INFO] [OctoBans] aparia sql checked, record: spammp by FiasK0 to -1
10-12-17 00:02:52 [INFO] [OctoBans] aparia sql checked, record: faussesinfos by Gamer09 to 1512902268
10-12-17 00:02:52 [INFO] [OctoBans] aparia sql checked, record: faussesinfos by NeyTox to 1513033245
10-12-17 00:02:53 [INFO] [OctoBans] aparia sql checked, record: spammp by pepedjo to -1
10-12-17 00:02:53 [INFO] [OctoBans] aparia sql checked, record: spammp by pepedjo to -1
10-12-17 00:02:53 [INFO] [OctoBans] aparia sql checked, record: spammp by Evolze to -1
10-12-17 00:02:53 [INFO] [OctoBans] aparia sql checked, record: spammp by FiasK0 to -1
10-12-17 00:02:53 [INFO] [OctoBans] aparia sql checked, record: faussesinfos by Gamer09 to 1512902268
10-12-17 00:02:53 [INFO] [OctoBans] aparia sql checked, record: faussesinfos by NeyTox to 1513033245
10-12-17 00:03:53 [INFO] [OctoBans] drbrine punished zozodu14 for: Spam/flood
10-12-17 00:04:12 [INFO] [OctoBans] noragev12 sql checked, record: spammp by Shainko to -1
10-12-17 00:04:51 [INFO] [OctoBans] zabilotero sql checked, record: spammp by SmooKeur to -1
10-12-17 00:12:38 [INFO] [OctoBans] Zayrox29 punished mms for: Spam/flood
10-12-17 00:15:36 [INFO] [OctoBans] FiasK0 punished death_punish for: Provocation
10-12-17 00:21:18 [INFO] [OctoBans] Zayrox29 punished thomas62200 for: Spam/flood
10-12-17 00:21:19 [INFO] [OctoBans] icesword sql checked, record: spammp by yeti2001vd to -1
10-12-17 00:22:14 [INFO] [OctoBans] azmak sql checked, record: spammp by Bucky57 to -1
10-12-17 00:22:14 [INFO] [OctoBans] azmak sql checked, record: spammp by SkillBOotiiS to -1
10-12-17 00:22:37 [INFO] [OctoBans] firexpower666_ sql checked, record: spammp by tinmar to -1
10-12-17 00:26:48 [INFO] [OctoBans] thefenris32 sql checked, record: spammp by Remil to -1
10-12-17 00:27:08 [INFO] [OctoBans] Zayrox29 punished gameurpcman for: Double Poste
10-12-17 00:27:30 [INFO] [OctoBans] drbrine punished icesword for: Pub serveur
10-12-17 00:29:06 [INFO] [OctoBans] marcus27500 sql checked, record: spammp by Remil to -1
10-12-17 00:29:59 [INFO] [OctoBans] Zayrox29 punished lassa18 for: Double Poste
10-12-17 00:36:24 [INFO] [OctoBans] Zayrox29 punished lushen for: Insulte
10-12-17 00:40:42 [INFO] [OctoBans] FiasK0 punished rubyyy123 for: Spam/flood
10-12-17 00:40:45 [INFO] [OctoBans] grenousse_pvp sql checked, record: spammp by SmooKeur to -1
10-12-17 00:47:39 [INFO] [OctoBans] tigro17 sql checked, record: spammp by ToXiCz_TV to -1
10-12-17 00:47:39 [INFO] [OctoBans] tigro17 sql checked, record: spam by OCIP_Matth to 1512872551
10-12-17 00:59:43 [INFO] [OctoBans] FiasK0 punished _theodu13_ for: Insulte
10-12-17 01:04:22 [INFO] [OctoBans] Zayrox29 punished modzg for: Double Poste
10-12-17 01:04:53 [INFO] [OctoBans] Zayrox29 punished masteurgamatrice for: Double Poste
10-12-17 01:26:26 [INFO] [OctoBans] Zayrox29 punished enzo9722 for: Spam/flood
10-12-17 01:42:08 [INFO] [OctoBans] Zayrox29 punished mimi146 for: Double Poste
10-12-17 01:44:34 [INFO] [OctoBans] aexraptorz sql checked, record: spammp by Remil to -1
10-12-17 01:59:01 [INFO] [OctoBans] NeyTox punished thesexydog for: Majuscule
10-12-17 02:08:33 [INFO] [OctoBans] Remil punished gamix_yt for: Spam/flood en MP
10-12-17 02:12:05 [INFO] [OctoBans] Zayrox29 punished arotak for: Majuscule
10-12-17 02:17:51 [INFO] [OctoBans] FiasK0 punished remil for: Insulte
10-12-17 02:19:44 [INFO] [OctoBans] Remil punished gamix_yt for: Fausses informations
10-12-17 02:19:48 [INFO] [OctoBans] Remil punished anguille for: Fausses informations
10-12-17 02:20:17 [INFO] [OctoBans] _theodu13_ sql checked, record: spammp by FamousxRay to -1
10-12-17 02:20:17 [INFO] [OctoBans] _theodu13_ sql checked, record: insulte by FiasK0 to 1512880183
10-12-17 02:20:24 [INFO] [OctoBans] Remil punished anguille for: Majuscule
10-12-17 02:20:43 [INFO] [OctoBans] NeyTox punished sosfight for: Provocation
10-12-17 02:23:35 [INFO] [OctoBans] Zayrox29 punished bannanitoytb for: Insulte
10-12-17 02:28:55 [INFO] [OctoBans] FiasK0 punished rubyyy123 for: Menace de hack
10-12-17 02:30:53 [INFO] [OctoBans] Remil punished anguille for: Spam/flood en MP
10-12-17 02:32:21 [INFO] [OctoBans] FiasK0 punished zozodu14 for: Insulte grave
10-12-17 02:32:29 [INFO] [OctoBans] FiasK0 punished rezeen for: Double Poste
10-12-17 03:06:47 [INFO] [OctoBans] NeyTox punished mayeul for: Majuscule
10-12-17 05:40:06 [INFO] [OctoBans] azer_nexo sql checked, record: spammp by ToXiCz_TV to -1
10-12-17 05:40:06 [INFO] [OctoBans] azer_nexo sql checked, record: spammp by Evolze to -1
10-12-17 06:01:01 [INFO] [OctoBans] Disabling OctoBans v1.0
