14-07-17 23:57:31 [INFO] [OctoBans] File Handler successfully initialized!
14-07-17 23:57:31 [INFO] [OctoBans] SQL connection successfully etablished
14-07-17 23:57:31 [INFO] [OctoBans] Moderator Tools by Octonia.
14-07-17 23:57:37 [INFO] [OctoBans] cruze2014 sql checked, record: incitationflood by FiasK0 to 1500151183
14-07-17 23:57:37 [INFO] [OctoBans] bykory_ sql checked, record: insultegrave by NeosiaNexus to 1500088854
14-07-17 23:57:37 [INFO] [OctoBans] thomasdu29200 sql checked, record: spammp by iPurple_ to -1
14-07-17 23:57:37 [INFO] [OctoBans] thomasdu29200 sql checked, record: spammp by iPurple_ to -1
14-07-17 23:57:37 [INFO] [OctoBans] thomasdu29200 sql checked, record: spam by DEEProdole to 1500070387
14-07-17 23:57:37 [INFO] [OctoBans] neox_ytb sql checked, record: spammp by iPurple_ to -1
14-07-17 23:57:41 [INFO] [OctoBans] djams sql checked, record: spammp by iPurple_ to -1
14-07-17 23:57:55 [INFO] [OctoBans] zarconia sql checked, record: spammp by SuperJojo to -1
14-07-17 23:57:57 [INFO] [OctoBans] ivluzofficial sql checked, record: spammp by iPurple_ to -1
14-07-17 23:57:58 [INFO] [OctoBans] blc_frr_pvp sql checked, record: spammp by iPurple_ to -1
14-07-17 23:57:58 [INFO] [OctoBans] blc_frr_pvp sql checked, record: insultegrave by drbrine to 1500105922
14-07-17 23:58:06 [INFO] [OctoBans] zozodu14 sql checked, record: spammp by iPurple_ to -1
14-07-17 23:58:08 [INFO] [OctoBans] maxougaming sql checked, record: spammp by PseudoNul to -1
14-07-17 23:58:08 [INFO] [OctoBans] maxougaming sql checked, record: spammp by PseudoNul to -1
14-07-17 23:58:08 [INFO] [OctoBans] maxougaming sql checked, record: spammp by Remil to -1
14-07-17 23:58:08 [INFO] [OctoBans] maxougaming sql checked, record: spammp by Remil to -1
14-07-17 23:58:08 [INFO] [OctoBans] maxougaming sql checked, record: spammp by NeosiaNexus to -1
14-07-17 23:58:09 [INFO] [OctoBans] romudu269 sql checked, record: spammp by SkyKosIV to -1
14-07-17 23:58:20 [INFO] [OctoBans] zayrozz sql checked, record: spammp by Remil to -1
14-07-17 23:58:27 [INFO] [OctoBans] fasko sql checked, record: incitationflood by SnowEffect to 1500114811
14-07-17 23:58:37 [INFO] [OctoBans] tweeyn_ sql checked, record: insultegrave by CreepyEagle to 1500080028
14-07-17 23:58:37 [INFO] [OctoBans] thegost sql checked, record: floodmp by Forway to -1
14-07-17 23:59:15 [INFO] [OctoBans] dylan150905 sql checked, record: incitationflood by CreepyEagle to 1500124436
14-07-17 23:59:19 [INFO] [OctoBans] by_sneak sql checked, record: spammp by SkyKosIV to -1
14-07-17 23:59:19 [INFO] [OctoBans] by_sneak sql checked, record: spammp by YTB_XxKarnageXx to -1
14-07-17 23:59:19 [INFO] [OctoBans] by_sneak sql checked, record: insulte by Anzerti to 1500074775
14-07-17 23:59:23 [INFO] [OctoBans] xxfiier_pvpxx sql checked, record: majuscule by TheBrioche13 to 1500070049
14-07-17 23:59:23 [INFO] [OctoBans] kayzevii_ sql checked, record: majuscule by Anzerti to 1500070036
14-07-17 23:59:24 [INFO] [OctoBans] sunfall sql checked, record: spammp by aubune to -1
14-07-17 23:59:24 [INFO] [OctoBans] sunfall sql checked, record: floodmp by Forway to -1
14-07-17 23:59:24 [INFO] [OctoBans] sunfall sql checked, record: spammp by Steph078 to -1
14-07-17 23:59:24 [INFO] [OctoBans] sunfall sql checked, record: spammp by PseudoNul to -1
14-07-17 23:59:24 [INFO] [OctoBans] sunfall sql checked, record: spammp by iPurple_ to -1
14-07-17 23:59:24 [INFO] [OctoBans] sunfall sql checked, record: spammp by Steph078 to -1
14-07-17 23:59:24 [INFO] [OctoBans] MaacDoo punished staillight for: Majuscule
14-07-17 23:59:25 [INFO] [OctoBans] zarshou sql checked, record: spam by LaKitaw to 1500078380
14-07-17 23:59:30 [INFO] [OctoBans] MaacDoo punished kawaziu for: Langage incorrect
15-07-17 00:00:04 [INFO] [OctoBans] twinx_boy sql checked, record: spammp by SnowEffect to -1
15-07-17 00:00:08 [INFO] [OctoBans] pioupiou2003 sql checked, record: langage by Anzerti to 1500077595
15-07-17 00:00:33 [INFO] [OctoBans] kawaziu_ sql checked, record: langage by Anzerti to 1500070777
15-07-17 00:00:52 [INFO] [OctoBans] lolpigman sql checked, record: spammp by SnowEffect to -1
15-07-17 00:00:52 [INFO] [OctoBans] lolpigman sql checked, record: spammp by skhey to -1
15-07-17 00:03:18 [INFO] [OctoBans] oozema sql checked, record: spammp by YTB_XxKarnageXx to -1
15-07-17 00:04:18 [INFO] [OctoBans] karimospvp sql checked, record: spammp by YTB_XxKarnageXx to -1
15-07-17 00:04:18 [INFO] [OctoBans] karimospvp sql checked, record: spammp by YTB_XxKarnageXx to -1
15-07-17 00:06:24 [INFO] [OctoBans] anzerti sql checked, record: spammp by Steph078 to -1
15-07-17 00:08:25 [INFO] [OctoBans] chrusheurytb sql checked, record: spammp by NeosiaNexus to -1
15-07-17 00:11:44 [INFO] [OctoBans] ly69n sql checked, record: kickautre by NeosiaNexus to -1
15-07-17 00:11:48 [INFO] [OctoBans] lassa18 sql checked, record: spammp by Remil to -1
15-07-17 00:11:48 [INFO] [OctoBans] lassa18 sql checked, record: spammp by Remil to -1
15-07-17 00:11:48 [INFO] [OctoBans] lassa18 sql checked, record: spammp by iPurple_ to -1
15-07-17 00:12:11 [INFO] [OctoBans] penguinblakk sql checked, record: homophobie by tinmar to 1500111352
15-07-17 00:12:31 [INFO] [OctoBans] mire sql checked, record: menacehack by NeosiaNexus to 1500141506
15-07-17 00:12:31 [INFO] [OctoBans] mire sql checked, record: menacehack by NeosiaNexus to 1500400872
15-07-17 00:12:38 [INFO] [OctoBans] titidu06 sql checked, record: spammp by PseudoNul to -1
15-07-17 00:14:52 [INFO] [OctoBans] leikow sql checked, record: kickautre by Steph078 to -1
15-07-17 00:16:53 [INFO] [OctoBans] _ashbrooks_pvp sql checked, record: kickautre by NeosiaNexus to -1
15-07-17 00:18:31 [INFO] [OctoBans] LaKitaw punished boubou37 for: Double Poste
15-07-17 00:18:39 [INFO] [OctoBans] LaKitaw punished xcvbnkilleruiop1 for: Majuscule
15-07-17 00:18:58 [INFO] [OctoBans] zizou03 sql checked, record: insultegrave by iPurple_ to 1500160386
15-07-17 00:18:58 [INFO] [OctoBans] zizou03 sql checked, record: spam by LaKitaw to 1500079528
15-07-17 00:19:53 [INFO] [OctoBans] black3rgix sql checked, record: kickautre by NeosiaNexus to -1
15-07-17 00:21:01 [INFO] [OctoBans] xylear sql checked, record: kickautre by NeosiaNexus to -1
15-07-17 00:23:44 [INFO] [OctoBans] wiirko sql checked, record: spammp by Remil to -1
15-07-17 00:23:56 [INFO] [OctoBans] FiasK0 punished widglitcher_yt for: Langage incorrect
15-07-17 00:24:28 [INFO] [OctoBans] FiasK0 punished light for: Langage incorrect
15-07-17 00:24:57 [INFO] [OctoBans] kyzirie sql checked, record: spammp by PseudoNul to -1
15-07-17 00:24:57 [INFO] [OctoBans] kyzirie sql checked, record: spam by MaacDoo to 1500082544
15-07-17 00:25:08 [INFO] [OctoBans] MaacDoo punished vexchess for: Spam/flood
15-07-17 00:26:18 [INFO] [OctoBans] shouteur sql checked, record: spammp by Remil to -1
15-07-17 00:26:18 [INFO] [OctoBans] shouteur sql checked, record: spammp by Remil to -1
15-07-17 00:26:18 [INFO] [OctoBans] shouteur sql checked, record: spammp by Remil to -1
15-07-17 00:26:18 [INFO] [OctoBans] shouteur sql checked, record: spammp by Remil to -1
15-07-17 00:27:31 [INFO] [OctoBans] charifboss sql checked, record: spammp by Blubfire to -1
15-07-17 00:27:31 [INFO] [OctoBans] charifboss sql checked, record: spammp by SnowEffect to -1
15-07-17 00:28:03 [INFO] [OctoBans] FiasK0 punished war2sunn for: Double Poste
15-07-17 00:28:22 [INFO] [OctoBans] drbrine punished pablo for: Spam/flood
15-07-17 00:29:49 [INFO] [OctoBans] FiasK0 punished tibo for: Spam/flood
15-07-17 00:30:14 [INFO] [OctoBans] propre sql checked, record: spammp by iPurple_ to -1
15-07-17 00:31:51 [INFO] [OctoBans] dysytixx sql checked, record: doubleposte by NeosiaNexus to 1500071861
15-07-17 00:36:36 [INFO] [OctoBans] _NeXon_ punished swiftstay for: Majuscule
15-07-17 00:38:26 [INFO] [OctoBans] drbrine punished titidu06 for: Langage incorrect
15-07-17 00:38:30 [INFO] [OctoBans] zumbie sql checked, record: spam by LaKitaw to 1500074133
15-07-17 00:39:03 [INFO] [OctoBans] deeprodole sql checked, record: spammp by SnowEffect to -1
15-07-17 00:42:04 [INFO] [OctoBans] _NeXon_ punished osmanlitorunu for: Langage incorrect
15-07-17 00:42:53 [INFO] [OctoBans] blackwhite010 sql checked, record: spammp by Remil to -1
15-07-17 00:42:53 [INFO] [OctoBans] blackwhite010 sql checked, record: insultegrave by SnowEffect to 1500174637
15-07-17 00:43:04 [INFO] [OctoBans] TheBrioche13 punished zepek45 for: Majuscule
15-07-17 00:44:27 [INFO] [OctoBans] temamareach sql checked, record: spam by TheBrioche13 to 1500082995
15-07-17 00:46:03 [INFO] [OctoBans] produpvp sql checked, record: spammp by Remil to -1
15-07-17 00:49:24 [INFO] [OctoBans] xxheroiikxx sql checked, record: floodmp by Forway to -1
15-07-17 00:50:28 [INFO] [OctoBans] no_vortez sql checked, record: tpkill by NeosiaNexus to 1500158699
15-07-17 00:50:55 [INFO] [OctoBans] marchandloup sql checked, record: spammp by Remil to -1
15-07-17 00:50:55 [INFO] [OctoBans] marchandloup sql checked, record: spammp by PseudoNul to -1
15-07-17 00:52:02 [INFO] [OctoBans] DEEProdole punished shap_coc_2 for: Langage incorrect
15-07-17 00:52:30 [INFO] [OctoBans] hayden_frost sql checked, record: spammp by PseudoNul to -1
15-07-17 00:55:36 [INFO] [OctoBans] DEEProdole punished brookdu81 for: Double Poste
15-07-17 01:06:43 [INFO] [OctoBans] tomcase14 sql checked, record: kickautre by Antoine57565 to -1
15-07-17 01:06:43 [INFO] [OctoBans] tomcase14 sql checked, record: kickautre by Antoine57565 to -1
15-07-17 01:06:46 [INFO] [OctoBans] thetimandu13 sql checked, record: faussesinfos by FiasK0 to 1500130221
15-07-17 01:10:15 [INFO] [OctoBans] MaacDoo punished nitropvp for: Majuscule
15-07-17 01:11:21 [INFO] [OctoBans] xeloman sql checked, record: spammp by SnowEffect to -1
15-07-17 01:11:21 [INFO] [OctoBans] xeloman sql checked, record: flood by FiasK0 to 1500080996
15-07-17 01:14:27 [INFO] [OctoBans] DEEProdole punished zerth0 for: Double Poste
15-07-17 01:17:16 [INFO] [OctoBans] xwakez sql checked, record: incitationflood by Shainko to 1500075898
15-07-17 01:17:29 [INFO] [OctoBans] MaacDoo punished gostrider for: Majuscule
15-07-17 01:21:12 [INFO] [OctoBans] TheBrioche13 punished johan22600 for: Spam/flood
15-07-17 01:26:47 [INFO] [OctoBans] cocacola62 sql checked, record: spammp by SuperJojo to -1
15-07-17 01:26:47 [INFO] [OctoBans] cocacola62 sql checked, record: spammp by SuperJojo to -1
15-07-17 01:26:47 [INFO] [OctoBans] cocacola62 sql checked, record: spammp by SuperJojo to -1
15-07-17 01:29:41 [INFO] [OctoBans] lolo201 sql checked, record: spammp by Remil to -1
15-07-17 01:29:41 [INFO] [OctoBans] lolo201 sql checked, record: insultestaff by FiasK0 to 1500092690
15-07-17 01:29:41 [INFO] [OctoBans] lolo201 sql checked, record: spammp by NeosiaNexus to -1
15-07-17 01:29:41 [INFO] [OctoBans] lolo201 sql checked, record: spammp by NeosiaNexus to -1
15-07-17 01:33:48 [INFO] [OctoBans] DEEProdole punished 0pots for: Double Poste
15-07-17 01:36:14 [INFO] [OctoBans] DEEProdole punished gabio for: Double Poste
15-07-17 01:36:50 [INFO] [OctoBans] DEEProdole punished ocip_matth for: Langage incorrect
15-07-17 01:37:01 [INFO] [OctoBans] lere sql checked, record: insultestaff by FiasK0 to 1500092850
15-07-17 01:43:38 [INFO] [OctoBans] DEEProdole punished yanyan for: Langage incorrect
15-07-17 01:49:28 [INFO] [OctoBans] DEEProdole punished le_clodov2 for: Majuscule
15-07-17 01:50:55 [INFO] [OctoBans] DEEProdole punished mybitacos for: Double Poste
15-07-17 01:51:23 [INFO] [OctoBans] LaKitaw punished gostrider for: Spam/flood
15-07-17 01:51:41 [INFO] [OctoBans] DEEProdole punished xlynx for: Langage incorrect
15-07-17 01:52:06 [INFO] [OctoBans] MaacDoo punished imdabest for: Double Poste
15-07-17 01:54:06 [INFO] [OctoBans] by_sneak sql checked, record: spammp by SkyKosIV to -1
15-07-17 01:54:06 [INFO] [OctoBans] by_sneak sql checked, record: spammp by YTB_XxKarnageXx to -1
15-07-17 02:04:33 [INFO] [OctoBans] TheBrioche13 punished dylandu94 for: Spam/flood
15-07-17 02:04:55 [INFO] [OctoBans] TheBrioche13 punished dylandu94 for: Insulte serveur
15-07-17 02:05:03 [INFO] [OctoBans] dodole1 sql checked, record: spammp by SuperJojo to -1
15-07-17 02:05:03 [INFO] [OctoBans] mrkabab sql checked, record: spammp by Remil to -1
15-07-17 02:18:50 [INFO] [OctoBans] mrkebab sql checked, record: spammp by SuperJojo to -1
15-07-17 02:18:50 [INFO] [OctoBans] mrkebab sql checked, record: spammp by SuperJojo to -1
15-07-17 02:18:50 [INFO] [OctoBans] mrkebab sql checked, record: spammp by Remil to -1
15-07-17 02:23:05 [INFO] [OctoBans] MaacDoo punished ccm707 for: Double Poste
15-07-17 02:23:14 [INFO] [OctoBans] TheBrioche13 punished dodole1 for: Double Poste
15-07-17 02:23:21 [INFO] [OctoBans] TheBrioche13 punished shetters for: Provocation
15-07-17 02:23:34 [INFO] [OctoBans] TheBrioche13 punished charifboss for: Langage incorrect
15-07-17 02:24:12 [INFO] [OctoBans] MaacDoo punished zozodu14 for: Langage incorrect
15-07-17 02:24:41 [INFO] [OctoBans] aldorbest sql checked, record: kickautre by Steph078 to -1
15-07-17 02:24:41 [INFO] [OctoBans] aldorbest sql checked, record: floodmp by Forway to -1
15-07-17 02:25:41 [INFO] [OctoBans] samybg sql checked, record: spammp by Remil to -1
15-07-17 02:25:41 [INFO] [OctoBans] samybg sql checked, record: spammp by Remil to -1
15-07-17 02:33:31 [INFO] [OctoBans] TheBrioche13 punished aziz_killeur00 for: Double Poste
15-07-17 02:38:41 [INFO] [OctoBans] LaKitaw punished blc_frr_pvp for: Provocation
15-07-17 02:41:52 [INFO] [OctoBans] lepapadesampvp sql checked, record: spammp by PseudoNul to -1
15-07-17 02:41:52 [INFO] [OctoBans] lepapadesampvp sql checked, record: spammp by ZerKup to -1
15-07-17 02:48:43 [INFO] [OctoBans] TheBrioche13 punished romudu269 for: Langage incorrect
15-07-17 02:49:53 [INFO] [OctoBans] TheBrioche13 punished rpc_29 for: Double Poste
15-07-17 03:03:04 [INFO] [OctoBans] LaKitaw punished monkey_royale33 for: Spam/flood
15-07-17 03:46:42 [INFO] [OctoBans] LaKitaw punished taiko55 for: Double Poste
15-07-17 03:47:47 [INFO] [OctoBans] julien1106 sql checked, record: kickautre by NeosiaNexus to -1
15-07-17 03:54:50 [INFO] [OctoBans] LaKitaw punished ocip_matth for: Double Poste
15-07-17 03:55:26 [INFO] [OctoBans] LaKitaw punished matth for: Double Poste
15-07-17 04:02:44 [INFO] [OctoBans] LaKitaw punished darkos for: Double Poste
15-07-17 04:03:12 [INFO] [OctoBans] sportek_ sql checked, record: spammp by SkyKosIV to -1
15-07-17 04:05:32 [INFO] [OctoBans] LaKitaw punished matth for: Double Poste
15-07-17 04:13:33 [INFO] [OctoBans] Kyabe punished zerdozz for: Spam/flood
15-07-17 04:14:22 [INFO] [OctoBans] Kyabe punished dodole1 for: Spam/flood
15-07-17 04:18:00 [INFO] [OctoBans] LaKitaw punished mrkabab for: Spam/flood
15-07-17 04:29:04 [INFO] [OctoBans] imdylan sql checked, record: spammp by SnowEffect to -1
15-07-17 04:32:09 [INFO] [OctoBans] LaKitaw punished gangstardu59 for: Publicité Youtubeur
15-07-17 04:37:45 [INFO] [OctoBans] LaKitaw punished dark_sea for: Provocation
15-07-17 04:38:06 [INFO] [OctoBans] LaKitaw punished staillight for: Langage incorrect
15-07-17 04:41:22 [INFO] [OctoBans] LaKitaw punished laugan502 for: Majuscule
15-07-17 04:42:14 [INFO] [OctoBans] LaKitaw punished lapemterrev3 for: Double Poste
15-07-17 04:51:43 [INFO] [OctoBans] LaKitaw punished staillight for: Insulte grave
15-07-17 04:52:18 [INFO] [OctoBans] LaKitaw punished imdylan for: Langage incorrect
15-07-17 04:57:29 [INFO] [OctoBans] LaKitaw punished zlkayzen for: Langage incorrect
15-07-17 04:58:02 [INFO] [OctoBans] LaKitaw punished by_fly for: Langage incorrect
15-07-17 05:04:26 [INFO] [OctoBans] ormilope sql checked, record: spammp by YTB_XxKarnageXx to -1
15-07-17 05:04:26 [INFO] [OctoBans] ormilope sql checked, record: kickautre by NeosiaNexus to -1
15-07-17 05:17:14 [INFO] [OctoBans] LaKitaw punished mr_lulu for: Spam/flood
15-07-17 05:21:01 [INFO] [OctoBans] LaKitaw punished mrgogo58 for: Insulte
15-07-17 05:21:09 [INFO] [OctoBans] LaKitaw punished taiko55 for: Majuscule
15-07-17 05:24:51 [INFO] [OctoBans] LaKitaw punished artimiroir for: Spam/flood
15-07-17 05:45:09 [INFO] [OctoBans] LaKitaw punished gangstardu59 for: Langage incorrect
15-07-17 06:01:01 [INFO] [OctoBans] Disabling OctoBans v1.0
