09-01-18 22:31:42 [INFO] [OctoBans] File Handler successfully initialized!
09-01-18 22:31:42 [INFO] [OctoBans] SQL connection successfully etablished
09-01-18 22:31:42 [INFO] [OctoBans] Moderator Tools by Octonia.
09-01-18 22:31:47 [INFO] [OctoBans] mayeul sql checked, record: spammp by SmooKeur to -1
09-01-18 22:31:47 [INFO] [OctoBans] progameur sql checked, record: spammp by FiasK0 to -1
09-01-18 22:31:47 [INFO] [OctoBans] progameur sql checked, record: spammp by D3adOrSnipSurYTB to -1
09-01-18 22:31:47 [INFO] [OctoBans] progameur sql checked, record: insultegrave by FiasK0 to 1515551826
09-01-18 22:32:27 [INFO] [OctoBans] darryl1 sql checked, record: spammp by FiasK0 to -1
09-01-18 22:32:28 [INFO] [OctoBans] aexraptorz sql checked, record: spammp by Remil to -1
09-01-18 22:32:28 [INFO] [OctoBans] aexraptorz sql checked, record: spammp by PseudooNull to -1
09-01-18 22:32:28 [INFO] [OctoBans] aexraptorz sql checked, record: insultegrave by NeyTox to 1515553857
09-01-18 22:32:36 [INFO] [OctoBans] the_slash sql checked, record: spammp by pepedjo to -1
09-01-18 22:32:36 [INFO] [OctoBans] the_slash sql checked, record: spammp by drbrine to -1
09-01-18 22:32:36 [INFO] [OctoBans] the_slash sql checked, record: spammp by NeyTox to -1
09-01-18 22:32:36 [INFO] [OctoBans] the_slash sql checked, record: spammp by EW3L to -1
09-01-18 22:35:41 [INFO] [OctoBans] bardaxx_ sql checked, record: spammp by Zoseq to -1
09-01-18 22:36:16 [INFO] [OctoBans] ishaadow_ sql checked, record: spammp by FamousxRay to -1
09-01-18 22:36:16 [INFO] [OctoBans] ishaadow_ sql checked, record: spammp by FNGOD to -1
09-01-18 22:40:21 [INFO] [OctoBans] grospvp sql checked, record: spammp by EGGSPLOSION to -1
09-01-18 22:42:10 [INFO] [OctoBans] diodu sql checked, record: spammp by Gamer09 to -1
09-01-18 22:42:23 [INFO] [OctoBans] xx_yz_xx sql checked, record: spammp by SkillBOotiiS to -1
09-01-18 22:42:58 [INFO] [OctoBans] sadeksuryoutube sql checked, record: spammp by ToXiCz_TV to -1
09-01-18 22:42:58 [INFO] [OctoBans] sadeksuryoutube sql checked, record: spammp by ToXiCz_TV to -1
09-01-18 22:42:58 [INFO] [OctoBans] sadeksuryoutube sql checked, record: spammp by ToXiCz_TV to -1
09-01-18 22:42:58 [INFO] [OctoBans] sadeksuryoutube sql checked, record: spammp by ToXiCz_TV to -1
09-01-18 22:49:13 [INFO] [OctoBans] leminecraftien80 sql checked, record: doubleposte by Zayrox29 to 1515535341
09-01-18 22:49:13 [INFO] [OctoBans] leminecraftien80 sql checked, record: provocation by SkillBOotiiS to 1515540059
09-01-18 22:57:48 [INFO] [OctoBans] agoniel sql checked, record: spammp by Koeseb97 to -1
09-01-18 23:02:19 [INFO] [OctoBans] mame sql checked, record: spammp by FiasK0 to -1
09-01-18 23:02:19 [INFO] [OctoBans] mame sql checked, record: spammp by Ourox_ to -1
09-01-18 23:02:19 [INFO] [OctoBans] mame sql checked, record: spammp by tinmar to -1
09-01-18 23:02:41 [INFO] [OctoBans] easy sql checked, record: faussesinfos by SmooKeur to 1515597092
09-01-18 23:03:16 [INFO] [OctoBans] boblesang sql checked, record: spammp by woimant to -1
09-01-18 23:22:23 [INFO] [OctoBans] rdvsurlebloc sql checked, record: spammp by D3adOrSnipSurYTB to -1
09-01-18 23:22:23 [INFO] [OctoBans] rdvsurlebloc sql checked, record: insultegrave by Zayrox29 to 1515735230
09-01-18 23:25:29 [INFO] [OctoBans] friphiano sql checked, record: spammp by atsuky to -1
09-01-18 23:25:29 [INFO] [OctoBans] friphiano sql checked, record: spammp by OCIP_Matth to -1
09-01-18 23:25:29 [INFO] [OctoBans] friphiano sql checked, record: spammp by PseudooNull to -1
09-01-18 23:27:53 [INFO] [OctoBans] gismo2806 sql checked, record: insultegrave by LaKitaw to 1515547704
09-01-18 23:31:33 [INFO] [OctoBans] thedarck sql checked, record: spammp by ToXiCz_TV to -1
09-01-18 23:31:33 [INFO] [OctoBans] thedarck sql checked, record: spammp by OCIP_Matth to -1
09-01-18 23:35:11 [INFO] [OctoBans] ktm125sx sql checked, record: spammp by PseudooNull to -1
09-01-18 23:54:43 [INFO] [OctoBans] chut3000 sql checked, record: spammp by FiasK0 to -1
09-01-18 23:54:43 [INFO] [OctoBans] chut3000 sql checked, record: spammp by Zayrox29 to -1
09-01-18 23:54:43 [INFO] [OctoBans] chut3000 sql checked, record: spammp by NeyTox to -1
10-01-18 00:03:46 [INFO] [OctoBans] killyan sql checked, record: spammp by EW3L to -1
10-01-18 00:26:06 [INFO] [OctoBans] samjj68 sql checked, record: spammp by PseudooNull to -1
10-01-18 01:32:33 [INFO] [OctoBans] skhey sql checked, record: spammp by Remil to -1
10-01-18 01:32:33 [INFO] [OctoBans] skhey sql checked, record: spammp by woimant to -1
10-01-18 01:32:33 [INFO] [OctoBans] skhey sql checked, record: spammp by WeeZix to -1
10-01-18 01:32:33 [INFO] [OctoBans] skhey sql checked, record: spammp by WeeZix to -1
10-01-18 01:32:33 [INFO] [OctoBans] skhey sql checked, record: spammp by WeeZix to -1
10-01-18 01:32:33 [INFO] [OctoBans] skhey sql checked, record: spammp by WeeZix to -1
10-01-18 01:32:33 [INFO] [OctoBans] skhey sql checked, record: hack by Flowtox to -1
10-01-18 01:32:33 [INFO] [OctoBans] skhey sql checked, record: spammp by tinmar to -1
10-01-18 02:02:05 [INFO] [OctoBans] romudu269 sql checked, record: tpkill by Remil to 1515596223
10-01-18 04:38:10 [INFO] [OctoBans] tytu01 sql checked, record: spammp by ToXiCz_TV to -1
10-01-18 06:01:01 [INFO] [OctoBans] Disabling OctoBans v1.0
