30-12-17 22:31:43 [INFO] [OctoBans] File Handler successfully initialized!
30-12-17 22:31:43 [INFO] [OctoBans] SQL connection successfully etablished
30-12-17 22:31:43 [INFO] [OctoBans] Moderator Tools by Octonia.
30-12-17 22:31:48 [INFO] [OctoBans] mayeul sql checked, record: spammp by SmooKeur to -1
30-12-17 22:31:48 [INFO] [OctoBans] gramatik sql checked, record: spammp by woimant to -1
30-12-17 22:31:52 [INFO] [OctoBans] grospvp sql checked, record: spammp by EGGSPLOSION to -1
30-12-17 22:32:21 [INFO] [OctoBans] bardaxx_ sql checked, record: spammp by Zoseq to -1
30-12-17 22:32:53 [INFO] [OctoBans] vix sql checked, record: spammp by Taygrax07 to -1
30-12-17 22:32:53 [INFO] [OctoBans] vix sql checked, record: spammp by EW3L to -1
30-12-17 22:34:39 [INFO] [OctoBans] algorskis_yt sql checked, record: spammp by SmooKeur to -1
30-12-17 22:34:39 [INFO] [OctoBans] algorskis_yt sql checked, record: spammp by Antoine57565 to -1
30-12-17 22:35:02 [INFO] [OctoBans] bokos sql checked, record: spammp by yeti2001vd to -1
30-12-17 22:35:02 [INFO] [OctoBans] bokos sql checked, record: spammp by yeti2001vd to -1
30-12-17 22:35:02 [INFO] [OctoBans] bokos sql checked, record: spammp by FNGOD to -1
30-12-17 22:35:02 [INFO] [OctoBans] bokos sql checked, record: spammp by EW3L to -1
30-12-17 22:35:02 [INFO] [OctoBans] bokos sql checked, record: spammp by FNGOD to -1
30-12-17 22:35:08 [INFO] [OctoBans] selim6671 sql checked, record: spammp by LeRe to -1
30-12-17 22:35:53 [INFO] [OctoBans] geantfusee sql checked, record: insultegrave by PseudooNull to 1514718559
30-12-17 22:35:59 [INFO] [OctoBans] leminecraftien80 sql checked, record: spammp by PseudooNull to -1
30-12-17 22:35:59 [INFO] [OctoBans] leminecraftien80 sql checked, record: spammp by skhey to -1
30-12-17 22:36:13 [INFO] [OctoBans] samjj68 sql checked, record: spammp by PseudooNull to -1
30-12-17 22:36:16 [INFO] [OctoBans] tigro17 sql checked, record: spammp by ToXiCz_TV to -1
30-12-17 22:36:16 [INFO] [OctoBans] tigro17 sql checked, record: spammp by WeeZix to -1
30-12-17 22:36:16 [INFO] [OctoBans] tigro17 sql checked, record: insultegrave by D3adOrSnipSurYTB to 1514799652
30-12-17 22:36:16 [INFO] [OctoBans] tigro17 sql checked, record: spam by OCIP_Matth to 1514677742
30-12-17 22:36:52 [INFO] [OctoBans] reborncreep sql checked, record: spammp by drbrine to -1
30-12-17 22:36:52 [INFO] [OctoBans] reborncreep sql checked, record: insultegrave by NeyTox to 1514912889
30-12-17 22:37:08 [INFO] [OctoBans] xx_biom_xx sql checked, record: spammp by Spovly to -1
30-12-17 22:37:08 [INFO] [OctoBans] xx_biom_xx sql checked, record: spammp by PseudooNull to -1
30-12-17 22:37:10 [INFO] [OctoBans] snipergaming3 sql checked, record: spammp by PseudooNull to -1
30-12-17 22:37:11 [INFO] [OctoBans] harkz sql checked, record: spammp by EGGSPLOSION to -1
30-12-17 22:37:11 [INFO] [OctoBans] harkz sql checked, record: spammp by atsuky to -1
30-12-17 22:37:11 [INFO] [OctoBans] harkz sql checked, record: insultegrave by D3adOrSnipSurYTB to 1514812771
30-12-17 22:37:20 [INFO] [OctoBans] zynco sql checked, record: spammp by Bucky57 to -1
30-12-17 22:37:35 [INFO] [OctoBans] swokip sql checked, record: spammp by SkillBOotiiS to -1
30-12-17 22:37:47 [INFO] [OctoBans] batte sql checked, record: spammp by yeti2001vd to -1
30-12-17 22:37:50 [INFO] [OctoBans] softspringer sql checked, record: spammp by LaKitaw to -1
30-12-17 22:38:12 [INFO] [OctoBans] _topui_ sql checked, record: spammp by EW3L to -1
30-12-17 22:38:12 [INFO] [OctoBans] _topui_ sql checked, record: spammp by MrKebab to -1
30-12-17 22:38:12 [INFO] [OctoBans] _topui_ sql checked, record: spammp by LsAnGfRoId to -1
30-12-17 22:38:12 [INFO] [OctoBans] _topui_ sql checked, record: insultegrave by WeeZix to 1514837591
30-12-17 22:38:17 [INFO] [OctoBans] prozeur sql checked, record: spammp by LaKitaw to -1
30-12-17 22:38:40 [INFO] [OctoBans] sohard_ sql checked, record: spammp by OCIP_Matth to -1
30-12-17 22:38:40 [INFO] [OctoBans] sohard_ sql checked, record: faussesinfos by skhey to 1514753885
30-12-17 22:38:42 [INFO] [OctoBans] thomas62200 sql checked, record: spammp by atsuky to -1
30-12-17 22:38:56 [INFO] [OctoBans] ertynox83 sql checked, record: spammp by Koeseb97 to -1
30-12-17 22:38:58 [INFO] [OctoBans] byzoo sql checked, record: spammp by PseudooNull to -1
30-12-17 22:38:58 [INFO] [OctoBans] byzoo sql checked, record: spammp by PseudooNull to -1
30-12-17 22:38:58 [INFO] [OctoBans] byzoo sql checked, record: spam by EGGSPLOSION to 1514679458
30-12-17 22:38:59 [INFO] [OctoBans] onflyenrec sql checked, record: spammp by Antoine57565 to -1
30-12-17 22:39:02 [INFO] [OctoBans] goblex sql checked, record: spammp by Bucky57 to -1
30-12-17 22:39:07 [INFO] [OctoBans] ijonas_ sql checked, record: spammp by tinmar to -1
30-12-17 22:39:07 [INFO] [OctoBans] ijonas_ sql checked, record: insultegrave by PseudooNull to 1514735273
30-12-17 22:39:14 [INFO] [OctoBans] lpz_kinder sql checked, record: spammp by ToXiCz_TV to -1
30-12-17 22:39:14 [INFO] [OctoBans] lpz_kinder sql checked, record: spammp by EW3L to -1
30-12-17 22:39:14 [INFO] [OctoBans] lpz_kinder sql checked, record: spammp by EW3L to -1
30-12-17 22:39:23 [INFO] [OctoBans] diodu sql checked, record: spammp by Gamer09 to -1
30-12-17 22:39:33 [INFO] [OctoBans] pepsicoca sql checked, record: spammp by FiasK0 to -1
30-12-17 22:39:44 [INFO] [OctoBans] xxfloxx19 sql checked, record: spammp by Evolze to -1
30-12-17 22:40:28 [INFO] [OctoBans] lethugdu46 sql checked, record: spammp by LaKitaw to -1
30-12-17 22:40:28 [INFO] [OctoBans] lethugdu46 sql checked, record: spammp by Hkz_Skillon to -1
30-12-17 22:40:28 [INFO] [OctoBans] lethugdu46 sql checked, record: insultegrave by NeyTox to 1514692382
30-12-17 22:40:28 [INFO] [OctoBans] lethugdu46 sql checked, record: insultegrave by Bucky57 to 1514783293
30-12-17 22:40:38 [INFO] [OctoBans] _theodu13_ sql checked, record: spammp by atsuky to -1
30-12-17 22:40:38 [INFO] [OctoBans] _theodu13_ sql checked, record: insulte by OCIP_Matth to 1514685402
30-12-17 22:40:40 [INFO] [OctoBans] jeankevindu027 sql checked, record: pubyt by EGGSPLOSION to 1514672051
30-12-17 22:41:07 [INFO] [OctoBans] reborncreep sql checked, record: spammp by drbrine to -1
30-12-17 22:41:07 [INFO] [OctoBans] reborncreep sql checked, record: insultegrave by NeyTox to 1514912889
30-12-17 22:41:08 [INFO] [OctoBans] troollgaming sql checked, record: spammp by Hkz_Skillon to -1
30-12-17 22:41:14 [INFO] [OctoBans] NeyTox punished reborncreep for: Insulte grave
30-12-17 22:41:42 [INFO] [OctoBans] molotof sql checked, record: faussesinfos by D3adOrSnipSurYTB to 1514743075
30-12-17 22:41:42 [INFO] [OctoBans] ytbibossyt sql checked, record: spammp by atsuky to -1
30-12-17 22:42:58 [INFO] [OctoBans] chut3000 sql checked, record: spammp by FiasK0 to -1
30-12-17 22:42:58 [INFO] [OctoBans] chut3000 sql checked, record: insultegrave by FiasK0 to 1514687772
30-12-17 22:44:16 [INFO] [OctoBans] Zayrox29 punished xxlekikouxx for: Spam/flood
30-12-17 22:45:05 [INFO] [OctoBans] NeyTox punished darkknight8910 for: Insulte grave
30-12-17 22:45:49 [INFO] [OctoBans] thecrane sql checked, record: spammp by WeeZix to -1
30-12-17 22:46:02 [INFO] [OctoBans] kqsuke_ sql checked, record: spammp by zlKayzen to -1
30-12-17 22:47:56 [INFO] [OctoBans] woimant punished ktm125sx for: Insulte
30-12-17 22:52:35 [INFO] [OctoBans] boblesang sql checked, record: spammp by woimant to -1
30-12-17 22:54:28 [INFO] [OctoBans] aexraptorz sql checked, record: spammp by Remil to -1
30-12-17 22:54:28 [INFO] [OctoBans] aexraptorz sql checked, record: spammp by PseudooNull to -1
30-12-17 22:55:20 [INFO] [OctoBans] woimant punished ktm125sx for: Homophobie
30-12-17 22:55:49 [INFO] [OctoBans] xxsubxx sql checked, record: spammp by OCIP_Matth to -1
30-12-17 22:58:20 [INFO] [OctoBans] hayden_frost sql checked, record: spammp by OCIP_Matth to -1
30-12-17 23:00:13 [INFO] [OctoBans] mcfleury sql checked, record: spammp by Koeseb97 to -1
30-12-17 23:00:15 [INFO] [OctoBans] logankillers sql checked, record: spammp by woimant to -1
30-12-17 23:00:54 [INFO] [OctoBans] tartinemasquer sql checked, record: tpkill by Antoine57565 to 1514838886
30-12-17 23:02:06 [INFO] [OctoBans] thedarck sql checked, record: spammp by ToXiCz_TV to -1
30-12-17 23:02:06 [INFO] [OctoBans] thedarck sql checked, record: spammp by OCIP_Matth to -1
30-12-17 23:03:34 [INFO] [OctoBans] strickwolf sql checked, record: spam by EGGSPLOSION to 1514672795
30-12-17 23:03:38 [INFO] [OctoBans] marseillekalash sql checked, record: spammp by Gamer09 to -1
30-12-17 23:03:38 [INFO] [OctoBans] marseillekalash sql checked, record: spammp by OCIP_Matth to -1
30-12-17 23:03:38 [INFO] [OctoBans] marseillekalash sql checked, record: spammp by FiasK0 to -1
30-12-17 23:03:38 [INFO] [OctoBans] marseillekalash sql checked, record: spammp by ToXiCz_TV to -1
30-12-17 23:07:54 [INFO] [OctoBans] newars13 sql checked, record: insultegrave by YTB_XxKarnageXx to 1514681971
30-12-17 23:10:12 [INFO] [OctoBans] rewd sql checked, record: spammp by Ceraiste to -1
30-12-17 23:11:19 [INFO] [OctoBans] kamikassss sql checked, record: spammp by Remil to -1
30-12-17 23:11:52 [INFO] [OctoBans] dicob sql checked, record: spammp by Remil to -1
30-12-17 23:14:42 [INFO] [OctoBans] Bucky57 punished brookdu81 for: Double Poste
30-12-17 23:20:19 [INFO] [OctoBans] xx_volrod_xx sql checked, record: spammp by Spovly to -1
30-12-17 23:20:19 [INFO] [OctoBans] xx_volrod_xx sql checked, record: spammp by Spovly to -1
30-12-17 23:20:19 [INFO] [OctoBans] xx_volrod_xx sql checked, record: spammp by The_Frusty to -1
30-12-17 23:20:19 [INFO] [OctoBans] xx_volrod_xx sql checked, record: spammp by The_Frusty to -1
30-12-17 23:20:19 [INFO] [OctoBans] xx_volrod_xx sql checked, record: spammp by The_Frusty to -1
30-12-17 23:20:19 [INFO] [OctoBans] xx_volrod_xx sql checked, record: spammp by Spovly to -1
30-12-17 23:20:19 [INFO] [OctoBans] xx_volrod_xx sql checked, record: spammp by KelianHD to -1
30-12-17 23:20:19 [INFO] [OctoBans] xx_volrod_xx sql checked, record: spammp by OCIP_Matth to -1
30-12-17 23:20:19 [INFO] [OctoBans] xx_volrod_xx sql checked, record: spammp by OCIP_Matth to -1
30-12-17 23:20:19 [INFO] [OctoBans] xx_volrod_xx sql checked, record: spammp by OCIP_Matth to -1
30-12-17 23:20:19 [INFO] [OctoBans] xx_volrod_xx sql checked, record: spammp by Evolze to -1
30-12-17 23:20:19 [INFO] [OctoBans] xx_volrod_xx sql checked, record: floodmp by NiceFR to -1
30-12-17 23:20:19 [INFO] [OctoBans] xx_volrod_xx sql checked, record: spammp by NiceFR to -1
30-12-17 23:20:19 [INFO] [OctoBans] xx_volrod_xx sql checked, record: spammp by FiasK0 to -1
30-12-17 23:20:19 [INFO] [OctoBans] xx_volrod_xx sql checked, record: spammp by OCIP_Matth to -1
30-12-17 23:20:19 [INFO] [OctoBans] xx_volrod_xx sql checked, record: spammp by MrKebab to -1
30-12-17 23:20:19 [INFO] [OctoBans] xx_volrod_xx sql checked, record: spammp by D3adOrSnipSurYTB to -1
30-12-17 23:22:18 [INFO] [OctoBans] tisabe sql checked, record: spammp by Gamer09 to -1
30-12-17 23:24:10 [INFO] [OctoBans] dozz_ytb sql checked, record: spammp by WeeZix to -1
30-12-17 23:29:50 [INFO] [OctoBans] zeynox sql checked, record: spammp by Zayrox29 to -1
30-12-17 23:29:50 [INFO] [OctoBans] zeynox sql checked, record: spammp by Zoseq to -1
30-12-17 23:29:50 [INFO] [OctoBans] zeynox sql checked, record: spammp by LaKitaw to -1
30-12-17 23:29:50 [INFO] [OctoBans] zeynox sql checked, record: spammp by LaKitaw to -1
30-12-17 23:29:50 [INFO] [OctoBans] zeynox sql checked, record: spammp by LaKitaw to -1
30-12-17 23:29:50 [INFO] [OctoBans] zeynox sql checked, record: spammp by D3adOrSnipSurYTB to -1
30-12-17 23:29:50 [INFO] [OctoBans] zeynox sql checked, record: insultegrave by Bucky57 to 1514879069
30-12-17 23:30:04 [INFO] [OctoBans] byskinoz sql checked, record: spammp by OCIP_Matth to -1
30-12-17 23:35:16 [INFO] [OctoBans] fabio sql checked, record: spammp by zlKayzen to -1
30-12-17 23:35:16 [INFO] [OctoBans] fabio sql checked, record: spammp by WeeZix to -1
30-12-17 23:35:16 [INFO] [OctoBans] fabio sql checked, record: spammp by D3adOrSnipSurYTB to -1
30-12-17 23:36:15 [INFO] [OctoBans] noragev12 sql checked, record: spammp by Shainko to -1
30-12-17 23:39:11 [INFO] [OctoBans] friphiano sql checked, record: spammp by atsuky to -1
30-12-17 23:40:45 [INFO] [OctoBans] faryu_ sql checked, record: spammp by Spovly to -1
30-12-17 23:40:45 [INFO] [OctoBans] faryu_ sql checked, record: spammp by Taygrax07 to -1
30-12-17 23:41:22 [INFO] [OctoBans] azenpvp sql checked, record: spammp by D3adOrSnipSurYTB to -1
30-12-17 23:42:50 [INFO] [OctoBans] darkfr45 sql checked, record: spammp by FiasK0 to -1
30-12-17 23:42:50 [INFO] [OctoBans] darkfr45 sql checked, record: spammp by FiasK0 to -1
30-12-17 23:45:06 [INFO] [OctoBans] autoclick_pvp sql checked, record: spammp by FiasK0 to -1
30-12-17 23:45:09 [INFO] [OctoBans] deniz sql checked, record: spammp by SmooKeur to -1
30-12-17 23:46:32 [INFO] [OctoBans] karlwill sql checked, record: spammp by Gamer09 to -1
30-12-17 23:46:32 [INFO] [OctoBans] karlwill sql checked, record: spammp by LeRe to -1
30-12-17 23:47:54 [INFO] [OctoBans] azer_nexo sql checked, record: spammp by ToXiCz_TV to -1
30-12-17 23:47:54 [INFO] [OctoBans] azer_nexo sql checked, record: spammp by Evolze to -1
30-12-17 23:47:54 [INFO] [OctoBans] azer_nexo sql checked, record: spammp by OCIP_Matth to -1
30-12-17 23:48:02 [INFO] [OctoBans] Bucky57 punished danielxd7u7r for: Insulte grave
30-12-17 23:51:08 [INFO] [OctoBans] pzoklm sql checked, record: insultegrave by NeyTox to 1514690768
30-12-17 23:53:18 [INFO] [OctoBans] D3adOrSnipSurYTB punished pepsicoca for: TpKill
30-12-17 23:53:36 [INFO] [OctoBans] D3adOrSnipSurYTB punished minethuglife for: TpKill
30-12-17 23:54:45 [INFO] [OctoBans] Bucky57 punished diodu for: Double Poste
30-12-17 23:57:05 [INFO] [OctoBans] darryl1 sql checked, record: spammp by FiasK0 to -1
30-12-17 23:57:26 [INFO] [OctoBans] chocapik_ sql checked, record: spammp by EW3L to -1
31-12-17 00:00:55 [INFO] [OctoBans] mrfire19 sql checked, record: spammp by atsuky to -1
31-12-17 00:04:04 [INFO] [OctoBans] D3adOrSnipSurYTB punished azer_nexo for: Double Poste
31-12-17 00:05:47 [INFO] [OctoBans] PseudooNull punished leminecraftien80 for: Provocation
31-12-17 00:07:04 [INFO] [OctoBans] D3adOrSnipSurYTB punished leminecraftien80 for: Spam/flood en MP
31-12-17 00:09:54 [INFO] [OctoBans] momolegardien sql checked, record: spammp by ToXiCz_TV to -1
31-12-17 00:16:11 [INFO] [OctoBans] zabilotero sql checked, record: spammp by SmooKeur to -1
31-12-17 00:38:30 [INFO] [OctoBans] progameur sql checked, record: spammp by FiasK0 to -1
31-12-17 00:38:30 [INFO] [OctoBans] progameur sql checked, record: spammp by D3adOrSnipSurYTB to -1
31-12-17 00:38:30 [INFO] [OctoBans] progameur sql checked, record: insultegrave by D3adOrSnipSurYTB to 1514792910
31-12-17 00:40:33 [INFO] [OctoBans] warrox_ sql checked, record: spammp by Bucky57 to -1
31-12-17 00:57:20 [INFO] [OctoBans] firexpower666_ sql checked, record: spammp by tinmar to -1
31-12-17 00:57:21 [INFO] [OctoBans] the_slash sql checked, record: spammp by pepedjo to -1
31-12-17 00:57:21 [INFO] [OctoBans] the_slash sql checked, record: spammp by drbrine to -1
31-12-17 00:57:21 [INFO] [OctoBans] the_slash sql checked, record: spammp by NeyTox to -1
31-12-17 00:57:21 [INFO] [OctoBans] the_slash sql checked, record: spammp by EW3L to -1
31-12-17 00:57:21 [INFO] [OctoBans] the_slash sql checked, record: spam by D3adOrSnipSurYTB to 1514706197
31-12-17 01:06:35 [INFO] [OctoBans] serge58 sql checked, record: spammp by Remil to -1
31-12-17 01:06:35 [INFO] [OctoBans] serge58 sql checked, record: spammp by OCIP_Matth to -1
31-12-17 01:14:02 [INFO] [OctoBans] lucastyle sql checked, record: spammp by LeRe to -1
31-12-17 01:41:02 [INFO] [OctoBans] okine_ sql checked, record: spammp by LaKitaw to -1
31-12-17 01:58:26 [INFO] [OctoBans] nrgx_sh4d0w sql checked, record: spammp by NeyTox to -1
31-12-17 02:07:36 [INFO] [OctoBans] youmakemelol sql checked, record: spammp by EW3L to -1
31-12-17 02:17:52 [INFO] [OctoBans] wilson84 sql checked, record: spammp by OCIP_Matth to -1
31-12-17 02:17:52 [INFO] [OctoBans] wilson84 sql checked, record: spammp by ToXiCz_TV to -1
31-12-17 02:17:52 [INFO] [OctoBans] wilson84 sql checked, record: spammp by LaKitaw to -1
31-12-17 02:17:52 [INFO] [OctoBans] wilson84 sql checked, record: spammp by PseudooNull to -1
31-12-17 02:17:52 [INFO] [OctoBans] wilson84 sql checked, record: spammp by woimant to -1
31-12-17 02:17:52 [INFO] [OctoBans] wilson84 sql checked, record: spammp by Gamer09 to -1
31-12-17 02:22:30 [INFO] [OctoBans] pouletgriller sql checked, record: spammp by Gamer09 to -1
31-12-17 02:22:30 [INFO] [OctoBans] pouletgriller sql checked, record: spammp by ToXiCz_TV to -1
31-12-17 02:22:30 [INFO] [OctoBans] pouletgriller sql checked, record: spammp by OCIP_Matth to -1
31-12-17 02:24:49 [INFO] [OctoBans] th3ndr4l sql checked, record: spammp by skhey to -1
31-12-17 02:56:05 [INFO] [OctoBans] remil sql checked, record: spammp by FiasK0 to -1
31-12-17 03:14:50 [INFO] [OctoBans] imjeezk sql checked, record: spammp by Gamer09 to -1
31-12-17 03:14:50 [INFO] [OctoBans] imjeezk sql checked, record: spammp by OCIP_Matth to -1
31-12-17 03:14:50 [INFO] [OctoBans] imjeezk sql checked, record: spammp by NiceFR to -1
31-12-17 03:57:14 [INFO] [OctoBans] keen0x sql checked, record: spammp by FNGOD to -1
31-12-17 03:58:27 [INFO] [OctoBans] weezy sql checked, record: spammp by LeRe to -1
31-12-17 06:01:02 [INFO] [OctoBans] Disabling OctoBans v1.0
