05-06-17 22:31:42 [INFO] [OctoBans] File Handler successfully initialized!
05-06-17 22:31:42 [INFO] [OctoBans] SQL connection successfully etablished
05-06-17 22:31:42 [INFO] [OctoBans] Moderator Tools by Octonia.
05-06-17 22:31:46 [INFO] [OctoBans] bloodredbulls sql checked, record: faussesinfos by PseudoNul to 1496768213
05-06-17 22:31:46 [INFO] [OctoBans] by_kw3e sql checked, record: kickautre by Antoine57565 to -1
05-06-17 22:31:46 [INFO] [OctoBans] by_kw3e sql checked, record: faussesinfos by Antoine57565 to 1496761285
05-06-17 22:31:46 [INFO] [OctoBans] zrk_warthog sql checked, record: spammp by Remil to -1
05-06-17 22:31:46 [INFO] [OctoBans] zoroto sql checked, record: insultesrv by zozodu14 to 1496711007
05-06-17 22:31:46 [INFO] [OctoBans] xxetienne068xx sql checked, record: flood by zozodu14 to 1496697427
05-06-17 22:31:46 [INFO] [OctoBans] _dragibus_ sql checked, record: spammp by Remil to -1
05-06-17 22:31:46 [INFO] [OctoBans] _dragibus_ sql checked, record: spammp by Remil to -1
05-06-17 22:31:46 [INFO] [OctoBans] _dragibus_ sql checked, record: spammp by Remil to -1
05-06-17 22:31:46 [INFO] [OctoBans] singe_de_telfort sql checked, record: spammp by SuperJojo to -1
05-06-17 22:31:46 [INFO] [OctoBans] singe_de_telfort sql checked, record: kickautre by Steph078 to -1
05-06-17 22:31:46 [INFO] [OctoBans] singe_de_telfort sql checked, record: spammp by SuperJojo to -1
05-06-17 22:31:46 [INFO] [OctoBans] erinoxlx sql checked, record: kickautre by Steph078 to -1
05-06-17 22:31:46 [INFO] [OctoBans] blackstars301 sql checked, record: faussesinfos by 54melih54 to 1496710475
05-06-17 22:31:46 [INFO] [OctoBans] lefifoudu3 sql checked, record: insultestaff by Steph078 to 1496725142
05-06-17 22:31:46 [INFO] [OctoBans] shouteur sql checked, record: spammp by Remil to -1
05-06-17 22:31:49 [INFO] [OctoBans] bomagaming sql checked, record: spam by PseudoNul to 1496698867
05-06-17 22:31:49 [INFO] [OctoBans] 78paulo sql checked, record: spam by 54melih54 to 1496695995
05-06-17 22:31:50 [INFO] [OctoBans] ray54 sql checked, record: spammp by SuperJojo to -1
05-06-17 22:31:54 [INFO] [OctoBans] itz_smokew33d sql checked, record: spammp by Remil to -1
05-06-17 22:31:54 [INFO] [OctoBans] itz_smokew33d sql checked, record: faussesinfos by SuperJojo to 1496764194
05-06-17 22:32:03 [INFO] [OctoBans] zlkayzen sql checked, record: spammp by PseudoNul to -1
05-06-17 22:32:03 [INFO] [OctoBans] zlkayzen sql checked, record: faussesinfos by Steph078 to 1496772284
05-06-17 22:32:10 [INFO] [OctoBans] couilledeloup sql checked, record: kickautre by Steph078 to -1
05-06-17 22:32:14 [INFO] [OctoBans] akazede sql checked, record: insultestaff by Theo97 to 1496716908
05-06-17 22:32:15 [INFO] [OctoBans] mr_darkgame sql checked, record: racism by Elyxir to 1496739127
05-06-17 22:32:19 [INFO] [OctoBans] isoka_sama sql checked, record: faussesinfos by 54melih54 to 1496780593
05-06-17 22:32:31 [INFO] [OctoBans] zozodu14 sql checked, record: majuscule by zozodu14 to 1496605982
05-06-17 22:32:31 [INFO] [OctoBans] zozodu14 sql checked, record: insultesrv by zozodu14 to 1496711007
05-06-17 22:32:31 [INFO] [OctoBans] zozodu14 sql checked, record: flood by zozodu14 to 1496697427
05-06-17 22:32:31 [INFO] [OctoBans] zozodu14 sql checked, record: majuscule by zozodu14 to 1496696920
05-06-17 22:32:31 [INFO] [OctoBans] zozodu14 sql checked, record: majuscule by zozodu14 to 1496695846
05-06-17 22:32:40 [INFO] [OctoBans] soufianmc sql checked, record: incitationflood by SkyKosIV to 1496846968
05-06-17 22:32:40 [INFO] [OctoBans] matgone01 sql checked, record: spammp by SuperJojo to -1
05-06-17 22:33:13 [INFO] [OctoBans] mgk_tozzzz sql checked, record: spammp by SnowEffect to -1
05-06-17 22:33:25 [INFO] [OctoBans] kvinzo sql checked, record: spammp by PseudoNul to -1
05-06-17 22:33:25 [INFO] [OctoBans] theo_pveur sql checked, record: spammp by Remil to -1
05-06-17 22:33:51 [INFO] [OctoBans] harkz sql checked, record: majuscule by zozodu14 to 1496695846
05-06-17 22:34:11 [INFO] [OctoBans] walterwhite sql checked, record: faussesinfos by ZerKup to 1496769607
05-06-17 22:36:27 [INFO] [OctoBans] blackwhite010 sql checked, record: spammp by Remil to -1
05-06-17 22:36:27 [INFO] [OctoBans] blackwhite010 sql checked, record: spammp by SuperJojo to -1
05-06-17 22:38:52 [INFO] [OctoBans] neeskof sql checked, record: spammp by SuperJojo to -1
05-06-17 22:39:17 [INFO] [OctoBans] imdylan sql checked, record: spammp by SnowEffect to -1
05-06-17 22:39:29 [INFO] [OctoBans] grenousse_pvp sql checked, record: spammp by YTB_XxKarnageXx to -1
05-06-17 22:40:35 [INFO] [OctoBans] xxetienne068xx sql checked, record: flood by zozodu14 to 1496697427
05-06-17 22:42:31 [INFO] [OctoBans] grm25 sql checked, record: spammp by SuperJojo to -1
05-06-17 22:51:33 [INFO] [OctoBans] zozodu14 punished mrpepito94 for: Spam/flood
05-06-17 22:52:14 [INFO] [OctoBans] zerkup sql checked, record: spammp by SuperJojo to -1
05-06-17 22:52:59 [INFO] [OctoBans] azizlapoite sql checked, record: spammp by Steph078 to -1
05-06-17 22:52:59 [INFO] [OctoBans] azizlapoite sql checked, record: faussesinfos by Antoine57565 to 1496754196
05-06-17 22:58:24 [INFO] [OctoBans] zozodu14 punished blackzik_ for: Double Poste
05-06-17 22:59:03 [INFO] [OctoBans] zozodu14 sql checked, record: majuscule by zozodu14 to 1496605982
05-06-17 22:59:03 [INFO] [OctoBans] zozodu14 sql checked, record: insultesrv by zozodu14 to 1496711007
05-06-17 22:59:03 [INFO] [OctoBans] zozodu14 sql checked, record: flood by zozodu14 to 1496697427
05-06-17 22:59:03 [INFO] [OctoBans] zozodu14 sql checked, record: majuscule by zozodu14 to 1496696920
05-06-17 22:59:03 [INFO] [OctoBans] zozodu14 sql checked, record: majuscule by zozodu14 to 1496695846
05-06-17 22:59:03 [INFO] [OctoBans] zozodu14 sql checked, record: flood by zozodu14 to 1496699493
05-06-17 22:59:03 [INFO] [OctoBans] zozodu14 sql checked, record: doubleposte by zozodu14 to 1496699004
05-06-17 23:03:37 [INFO] [OctoBans] zozodu14 punished mire for: Double Poste
05-06-17 23:05:12 [INFO] [OctoBans] zlKayzen punished strikewail for: Spam/flood
05-06-17 23:05:53 [INFO] [OctoBans] zozodu14 punished siplyoyt for: Provocation
05-06-17 23:06:40 [INFO] [OctoBans] ZerKup punished mkdarkos for: Double Poste
05-06-17 23:08:12 [INFO] [OctoBans] samybg sql checked, record: spammp by Remil to -1
05-06-17 23:08:17 [INFO] [OctoBans] zozodu14 punished grm25 for: Double Poste
05-06-17 23:08:34 [INFO] [OctoBans] zozodu14 sql checked, record: majuscule by zozodu14 to 1496605982
05-06-17 23:08:34 [INFO] [OctoBans] zozodu14 sql checked, record: insultesrv by zozodu14 to 1496711007
05-06-17 23:08:34 [INFO] [OctoBans] zozodu14 sql checked, record: flood by zozodu14 to 1496697427
05-06-17 23:08:34 [INFO] [OctoBans] zozodu14 sql checked, record: majuscule by zozodu14 to 1496696920
05-06-17 23:08:34 [INFO] [OctoBans] zozodu14 sql checked, record: majuscule by zozodu14 to 1496695846
05-06-17 23:08:34 [INFO] [OctoBans] zozodu14 sql checked, record: flood by zozodu14 to 1496699493
05-06-17 23:08:34 [INFO] [OctoBans] zozodu14 sql checked, record: doubleposte by zozodu14 to 1496699004
05-06-17 23:08:34 [INFO] [OctoBans] zozodu14 sql checked, record: doubleposte by zozodu14 to 1496697217
05-06-17 23:08:34 [INFO] [OctoBans] zozodu14 sql checked, record: provocation by zozodu14 to 1496697953
05-06-17 23:08:34 [INFO] [OctoBans] zozodu14 sql checked, record: doubleposte by zozodu14 to 1496698997
05-06-17 23:11:54 [INFO] [OctoBans] ZerKup punished diablos367 for: Spam/flood en MP
05-06-17 23:16:20 [INFO] [OctoBans] lavache sql checked, record: spammp by SkyKosIV to -1
05-06-17 23:18:37 [INFO] [OctoBans] Steph078 punished siplyoyt for: Menace de hack
05-06-17 23:22:14 [INFO] [OctoBans] ZerKup punished thekiller200 for: Spam/flood
05-06-17 23:33:48 [INFO] [OctoBans] gamix_yt sql checked, record: spammp by SkyKosIV to -1
05-06-17 23:33:48 [INFO] [OctoBans] gamix_yt sql checked, record: spammp by Steph078 to -1
05-06-17 23:36:23 [INFO] [OctoBans] ZerKup punished gamix_yt for: Majuscule
05-06-17 23:46:23 [INFO] [OctoBans] sportek_ sql checked, record: spammp by SkyKosIV to -1
05-06-17 23:46:23 [INFO] [OctoBans] sportek_ sql checked, record: faussesinfos by 54melih54 to 1496701331
05-06-17 23:48:33 [INFO] [OctoBans] zlKayzen punished omar for: Langage incorrect
05-06-17 23:50:24 [INFO] [OctoBans] ncisenzo sql checked, record: kickautre by Steph078 to -1
05-06-17 23:55:42 [INFO] [OctoBans] stonewolf sql checked, record: spammp by SuperJojo to -1
05-06-17 23:59:03 [INFO] [OctoBans] Steph078 punished minethuglife for: Spam/flood
06-06-17 00:19:55 [INFO] [OctoBans] neoxgaming sql checked, record: spammp by SuperJojo to -1
06-06-17 00:19:55 [INFO] [OctoBans] neoxgaming sql checked, record: spammp by SuperJojo to -1
06-06-17 00:21:56 [INFO] [OctoBans] xeloman sql checked, record: spammp by SnowEffect to -1
06-06-17 00:39:03 [INFO] [OctoBans] Remil punished sosofb for: Spam/flood
06-06-17 00:59:51 [INFO] [OctoBans] Remil punished waytek for: Double Poste
06-06-17 00:59:59 [INFO] [OctoBans] Remil punished grenousse_pvp for: Langage incorrect
06-06-17 01:05:48 [INFO] [OctoBans] by_sneak sql checked, record: spammp by SkyKosIV to -1
06-06-17 01:25:42 [INFO] [OctoBans] ramiemeraude sql checked, record: insultegrave by Remil to 1496706853
06-06-17 01:32:55 [INFO] [OctoBans] Remil punished zipo_taze for: Insulte légère
06-06-17 01:33:14 [INFO] [OctoBans] Remil punished mgk_tozzzz for: Langage incorrect
06-06-17 03:01:06 [INFO] [OctoBans] Remil punished imdylan for: Langage incorrect
06-06-17 03:01:40 [INFO] [OctoBans] Remil punished samkingofgame for: Langage incorrect
06-06-17 03:06:30 [INFO] [OctoBans] _hello_kitty sql checked, record: spammp by Steph078 to -1
06-06-17 03:06:30 [INFO] [OctoBans] _hello_kitty sql checked, record: spammp by Remil to -1
06-06-17 03:07:49 [INFO] [OctoBans] Remil punished grenousse_pvp for: Provocation
06-06-17 03:13:50 [INFO] [OctoBans] Remil punished ezpadrille for: Double Poste
06-06-17 03:14:46 [INFO] [OctoBans] superjojo sql checked, record: spammp by SkyKosIV to -1
06-06-17 03:17:56 [INFO] [OctoBans] SuperJojo punished imdylan for: Insulte grave
06-06-17 03:46:52 [INFO] [OctoBans] Remil punished gamix_yt for: Spam/flood
06-06-17 04:08:03 [INFO] [OctoBans] SuperJojo punished nezhzhd for: Provocation
06-06-17 04:16:38 [INFO] [OctoBans] SuperJojo punished nezhzhd for: Provocation
06-06-17 04:30:35 [INFO] [OctoBans] SuperJojo punished tagada for: Insulte grave
06-06-17 04:49:22 [INFO] [OctoBans] SuperJojo punished grenousse_pvp for: Provocation
06-06-17 04:49:52 [INFO] [OctoBans] SuperJojo punished grenousse_pvp for: Provocation
06-06-17 04:55:45 [INFO] [OctoBans] SuperJojo punished nezhzhd for: Insulte grave
06-06-17 04:56:16 [INFO] [OctoBans] SuperJojo punished _hello_kitty for: Provocation
06-06-17 05:02:17 [INFO] [OctoBans] SuperJojo punished emmenal for: Double Poste
06-06-17 06:01:02 [INFO] [OctoBans] Disabling OctoBans v1.0
