17-11-17 22:31:42 [INFO] [OctoBans] File Handler successfully initialized!
17-11-17 22:31:42 [INFO] [OctoBans] SQL connection successfully etablished
17-11-17 22:31:42 [INFO] [OctoBans] Moderator Tools by Octonia.
17-11-17 22:31:47 [INFO] [OctoBans] gamer12 sql checked, record: spammp by EGGSPLOSION to -1
17-11-17 22:31:47 [INFO] [OctoBans] monstergamex7 sql checked, record: spammp by pepedjo to -1
17-11-17 22:31:47 [INFO] [OctoBans] pvp_thibaut_pvp sql checked, record: spammp by tinmar to -1
17-11-17 22:31:47 [INFO] [OctoBans] pvp_thibaut_pvp sql checked, record: spammp by SkillBOotiiS to -1
17-11-17 22:31:47 [INFO] [OctoBans] pvp_thibaut_pvp sql checked, record: spammp by pepedjo to -1
17-11-17 22:31:47 [INFO] [OctoBans] blastninja sql checked, record: spammp by LeRe to -1
17-11-17 22:31:47 [INFO] [OctoBans] blastninja sql checked, record: spammp by Zoseq to -1
17-11-17 22:31:47 [INFO] [OctoBans] selim6671 sql checked, record: spammp by LeRe to -1
17-11-17 22:31:47 [INFO] [OctoBans] elie5626 sql checked, record: flood by FiasK0 to 1510954693
17-11-17 22:31:47 [INFO] [OctoBans] yeti2001vd sql checked, record: spammp by Frite_Merguez to -1
17-11-17 22:31:47 [INFO] [OctoBans] zriman35 sql checked, record: spammp by Zoseq to -1
17-11-17 22:31:47 [INFO] [OctoBans] superroro sql checked, record: spammp by SmooKeur to -1
17-11-17 22:31:47 [INFO] [OctoBans] superroro sql checked, record: spammp by drbrine to -1
17-11-17 22:31:47 [INFO] [OctoBans] hkz_skillon sql checked, record: spammp by YTB_XxKarnageXx to -1
17-11-17 22:31:47 [INFO] [OctoBans] hkz_skillon sql checked, record: provocation by EGGSPLOSION to 1510955255
17-11-17 22:31:47 [INFO] [OctoBans] zlkayzen sql checked, record: spammp by Remil to -1
17-11-17 22:31:47 [INFO] [OctoBans] zlkayzen sql checked, record: insultestaff by Antoine57565 to 1510981699
17-11-17 22:31:47 [INFO] [OctoBans] strikewail sql checked, record: spammp by LaKitaw to -1
17-11-17 22:31:47 [INFO] [OctoBans] strikewail sql checked, record: spammp by LaKitaw to -1
17-11-17 22:31:47 [INFO] [OctoBans] strikewail sql checked, record: spammp by FiasK0 to -1
17-11-17 22:31:47 [INFO] [OctoBans] strikewail sql checked, record: spam by EGGSPLOSION to 1510964266
17-11-17 22:31:47 [INFO] [OctoBans] reborncreep sql checked, record: spammp by drbrine to -1
17-11-17 22:31:47 [INFO] [OctoBans] vix sql checked, record: langage by YTB_XxKarnageXx to 1510954530
17-11-17 22:31:47 [INFO] [OctoBans] gamix_yt sql checked, record: insultegrave by drbrine to 1510975399
17-11-17 22:31:50 [INFO] [OctoBans] molotof sql checked, record: provocation by EGGSPLOSION to 1510956555
17-11-17 22:31:51 [INFO] [OctoBans] nicerush sql checked, record: spam by Remil to 1510960590
17-11-17 22:31:54 [INFO] [OctoBans] keezy sql checked, record: spammp by LeRe to -1
17-11-17 22:31:54 [INFO] [OctoBans] keezy sql checked, record: spammp by LeRe to -1
17-11-17 22:31:57 [INFO] [OctoBans] pouletgriller sql checked, record: spammp by Gamer09 to -1
17-11-17 22:31:57 [INFO] [OctoBans] pouletgriller sql checked, record: spam by OCIP_Matth to 1510959360
17-11-17 22:31:58 [INFO] [OctoBans] kamikassss sql checked, record: spammp by Remil to -1
17-11-17 22:32:00 [INFO] [OctoBans] dodole1 sql checked, record: spammp by PoukoaMoa to -1
17-11-17 22:32:00 [INFO] [OctoBans] dodole1 sql checked, record: spammp by OCIP_Matth to -1
17-11-17 22:32:00 [INFO] [OctoBans] dodole1 sql checked, record: insultestaff by Gamer09 to 1510975530
17-11-17 22:32:00 [INFO] [OctoBans] idreyzen sql checked, record: spammp by SkillBOotiiS to -1
17-11-17 22:32:00 [INFO] [OctoBans] idreyzen sql checked, record: spammp by WeeZix to -1
17-11-17 22:32:00 [INFO] [OctoBans] idreyzen sql checked, record: insultegrave by FiasK0 to 1511023640
17-11-17 22:32:00 [INFO] [OctoBans] idreyzen sql checked, record: spammp by Remil to -1
17-11-17 22:32:05 [INFO] [OctoBans] johan22600 sql checked, record: insultegrave by EGGSPLOSION to 1510988773
17-11-17 22:32:08 [INFO] [OctoBans] kimoli sql checked, record: spammp by NeyTox to -1
17-11-17 22:32:08 [INFO] [OctoBans] kimoli sql checked, record: spammp by NeyTox to -1
17-11-17 22:32:08 [INFO] [OctoBans] kimoli sql checked, record: spammp by NeyTox to -1
17-11-17 22:32:08 [INFO] [OctoBans] kimoli sql checked, record: spammp by NeyTox to -1
17-11-17 22:32:08 [INFO] [OctoBans] kimoli sql checked, record: spammp by NeyTox to -1
17-11-17 22:32:08 [INFO] [OctoBans] kimoli sql checked, record: spammp by NeyTox to -1
17-11-17 22:32:08 [INFO] [OctoBans] kimoli sql checked, record: spammp by NeyTox to -1
17-11-17 22:32:08 [INFO] [OctoBans] kimoli sql checked, record: spammp by NeyTox to -1
17-11-17 22:32:08 [INFO] [OctoBans] kimoli sql checked, record: spammp by NeyTox to -1
17-11-17 22:32:08 [INFO] [OctoBans] kimoli sql checked, record: spammp by Remil to -1
17-11-17 22:32:08 [INFO] [OctoBans] ozmog_yt sql checked, record: spammp by Remil to -1
17-11-17 22:32:08 [INFO] [OctoBans] ozmog_yt sql checked, record: spammp by OCIP_Matth to -1
17-11-17 22:32:08 [INFO] [OctoBans] ozmog_yt sql checked, record: spammp by KelianHD to -1
17-11-17 22:32:10 [INFO] [OctoBans] daymond_ytb sql checked, record: spammp by Antoine57565 to -1
17-11-17 22:32:10 [INFO] [OctoBans] daymond_ytb sql checked, record: spammp by Antoine57565 to -1
17-11-17 22:32:10 [INFO] [OctoBans] daymond_ytb sql checked, record: spammp by FiasK0 to -1
17-11-17 22:32:10 [INFO] [OctoBans] daymond_ytb sql checked, record: spammp by FiasK0 to -1
17-11-17 22:32:10 [INFO] [OctoBans] daymond_ytb sql checked, record: spammp by Zoseq to -1
17-11-17 22:32:10 [INFO] [OctoBans] daymond_ytb sql checked, record: spammp by KelianHD to -1
17-11-17 22:32:10 [INFO] [OctoBans] daymond_ytb sql checked, record: spammp by Zoseq to -1
17-11-17 22:32:10 [INFO] [OctoBans] daymond_ytb sql checked, record: spammp by EGGSPLOSION to -1
17-11-17 22:32:10 [INFO] [OctoBans] fabio sql checked, record: spammp by Remil to -1
17-11-17 22:32:10 [INFO] [OctoBans] fabio sql checked, record: insultegrave by OCIP_Matth to 1510962145
17-11-17 22:32:10 [INFO] [OctoBans] fabio sql checked, record: spammp by Remil to -1
17-11-17 22:32:10 [INFO] [OctoBans] lushen sql checked, record: spam by YTB_XxKarnageXx to 1510955252
17-11-17 22:32:14 [INFO] [OctoBans] virtl_skymodz sql checked, record: spammp by EGGSPLOSION to -1
17-11-17 22:32:18 [INFO] [OctoBans] roxkillerz sql checked, record: spammp by EGGSPLOSION to -1
17-11-17 22:32:18 [INFO] [OctoBans] roxkillerz sql checked, record: spammp by woimant to -1
17-11-17 22:32:18 [INFO] [OctoBans] mystrerecoockie sql checked, record: spammp by WeeZix to -1
17-11-17 22:32:20 [INFO] [OctoBans] bardaxx_ sql checked, record: spammp by Zoseq to -1
17-11-17 22:32:22 [INFO] [OctoBans] mpc_azubal sql checked, record: insulte by EGGSPLOSION to 1510964725
17-11-17 22:32:23 [INFO] [OctoBans] tyzaa sql checked, record: spammp by Zoseq to -1
17-11-17 22:32:23 [INFO] [OctoBans] tyzaa sql checked, record: spammp by FiasK0 to -1
17-11-17 22:32:23 [INFO] [OctoBans] tyzaa sql checked, record: insulte by EGGSPLOSION to 1510963618
17-11-17 22:32:23 [INFO] [OctoBans] blackwhite010 sql checked, record: spammp by drbrine to -1
17-11-17 22:32:23 [INFO] [OctoBans] blackwhite010 sql checked, record: provocation by EGGSPLOSION to 1510955136
17-11-17 22:32:31 [INFO] [OctoBans] prestoweed sql checked, record: insultegrave by drbrine to 1511011444
17-11-17 22:32:39 [INFO] [OctoBans] azeedarkay sql checked, record: spammp by KelianHD to -1
17-11-17 22:32:42 [INFO] [OctoBans] zoseq sql checked, record: spammp by LeRe to -1
17-11-17 22:32:47 [INFO] [OctoBans] wwouauoww sql checked, record: incitationflood by WeeZix to 1511010660
17-11-17 22:33:21 [INFO] [OctoBans] leminecraftien80 sql checked, record: spammp by infinitim to -1
17-11-17 22:33:21 [INFO] [OctoBans] leminecraftien80 sql checked, record: spammp by Zoseq to -1
17-11-17 22:33:21 [INFO] [OctoBans] leminecraftien80 sql checked, record: insultegrave by NeyTox to 1511027889
17-11-17 22:33:21 [INFO] [OctoBans] leminecraftien80 sql checked, record: spammp by FiasK0 to -1
17-11-17 22:33:34 [INFO] [OctoBans] lemarron sql checked, record: spam by EGGSPLOSION to 1510956890
17-11-17 22:33:52 [INFO] [OctoBans] xx_biom_xx sql checked, record: spammp by Spovly to -1
17-11-17 22:33:59 [INFO] [OctoBans] OCIP_Matth punished romudu269 for: Insulte
17-11-17 22:34:04 [INFO] [OctoBans] theorangekiller sql checked, record: spammp by Gamer09 to -1
17-11-17 22:37:15 [INFO] [OctoBans] theohand sql checked, record: spammp by OCIP_Matth to -1
17-11-17 22:39:36 [INFO] [OctoBans] saykain sql checked, record: spammp by Shainko to -1
17-11-17 22:39:46 [INFO] [OctoBans] cotototniadr sql checked, record: spammp by Shainko to -1
17-11-17 22:39:46 [INFO] [OctoBans] cotototniadr sql checked, record: insulte by Remil to 1510956623
17-11-17 22:41:15 [INFO] [OctoBans] keke91270 sql checked, record: spammp by PoukoaMoa to -1
17-11-17 22:44:48 [INFO] [OctoBans] kakakiki sql checked, record: spammp by OCIP_Matth to -1
17-11-17 22:44:48 [INFO] [OctoBans] kakakiki sql checked, record: spammp by NeyTox to -1
17-11-17 22:45:04 [INFO] [OctoBans] maxoupvp sql checked, record: spammp by LeRe to -1
17-11-17 22:47:46 [INFO] [OctoBans] fiask0 sql checked, record: spammp by FiasK0 to -1
17-11-17 22:49:09 [INFO] [OctoBans] fastbrain_ sql checked, record: insultegrave by LaKitaw to 1510974744
17-11-17 22:49:09 [INFO] [OctoBans] fastbrain_ sql checked, record: spammp by LaKitaw to -1
17-11-17 22:49:45 [INFO] [OctoBans] Remil punished daymond_ytb for: Spam/flood en MP
17-11-17 22:49:55 [INFO] [OctoBans] Remil punished dodole1 for: Spam/flood en MP
17-11-17 22:52:54 [INFO] [OctoBans] sosodidi sql checked, record: insultegrave by SkillBOotiiS to 1511053563
17-11-17 22:55:11 [INFO] [OctoBans] Remil punished ethanerd for: Spam/flood en MP
17-11-17 22:56:38 [INFO] [OctoBans] loic15m sql checked, record: spammp by KelianHD to -1
17-11-17 22:56:44 [INFO] [OctoBans] endersteal sql checked, record: doubleposte by Evolze to 1510955908
17-11-17 22:57:29 [INFO] [OctoBans] ourox_ sql checked, record: spammp by OCIP_Matth to -1
17-11-17 22:58:06 [INFO] [OctoBans] wiroox sql checked, record: spammp by WeeZix to -1
17-11-17 22:58:06 [INFO] [OctoBans] wiroox sql checked, record: spammp by FiasK0 to -1
17-11-17 22:58:06 [INFO] [OctoBans] wiroox sql checked, record: spammp by WeeZix to -1
17-11-17 22:58:06 [INFO] [OctoBans] wiroox sql checked, record: spammp by Remil to -1
17-11-17 22:58:06 [INFO] [OctoBans] wiroox sql checked, record: spammp by WeeZix to -1
17-11-17 22:58:28 [INFO] [OctoBans] Remil punished ylan17 for: Spam/flood en MP
17-11-17 23:02:48 [INFO] [OctoBans] mathou_gaming_fr sql checked, record: spammp by FiasK0 to -1
17-11-17 23:04:45 [INFO] [OctoBans] woimant punished zozodu14 for: Provocation
17-11-17 23:05:54 [INFO] [OctoBans] kabcrast sql checked, record: spammp by Gamer09 to -1
17-11-17 23:07:55 [INFO] [OctoBans] lefifoudu3 sql checked, record: spammp by FiasK0 to -1
17-11-17 23:09:17 [INFO] [OctoBans] Remil punished watz for: Double Poste
17-11-17 23:09:47 [INFO] [OctoBans] snoxx_ sql checked, record: spammp by Kyabe to -1
17-11-17 23:09:47 [INFO] [OctoBans] snoxx_ sql checked, record: spammp by Zoseq to -1
17-11-17 23:09:47 [INFO] [OctoBans] snoxx_ sql checked, record: spammp by tinmar to -1
17-11-17 23:09:47 [INFO] [OctoBans] snoxx_ sql checked, record: spammp by tinmar to -1
17-11-17 23:10:19 [INFO] [OctoBans] EGGSPLOSION punished lefifoudu3 for: Publicité Youtubeur
17-11-17 23:14:03 [INFO] [OctoBans] ew3l sql checked, record: spammp by FiasK0 to -1
17-11-17 23:14:03 [INFO] [OctoBans] ew3l sql checked, record: floodmp by Flowtox to -1
17-11-17 23:14:11 [INFO] [OctoBans] FiasK0 punished darkmen25 for: Double Poste
17-11-17 23:15:47 [INFO] [OctoBans] lethugdu46 sql checked, record: spammp by LaKitaw to -1
17-11-17 23:16:59 [INFO] [OctoBans] leminecraftien80 sql checked, record: spammp by infinitim to -1
17-11-17 23:16:59 [INFO] [OctoBans] leminecraftien80 sql checked, record: spammp by Zoseq to -1
17-11-17 23:16:59 [INFO] [OctoBans] leminecraftien80 sql checked, record: insultegrave by NeyTox to 1511027889
17-11-17 23:16:59 [INFO] [OctoBans] leminecraftien80 sql checked, record: spammp by FiasK0 to -1
17-11-17 23:17:16 [INFO] [OctoBans] wilson84 sql checked, record: spammp by OCIP_Matth to -1
17-11-17 23:17:16 [INFO] [OctoBans] wilson84 sql checked, record: spammp by ToXiCz_TV to -1
17-11-17 23:17:40 [INFO] [OctoBans] cocacola62 sql checked, record: spammp by Kyabe to -1
17-11-17 23:19:29 [INFO] [OctoBans] FiasK0 punished blackwhite010 for: Double Poste
17-11-17 23:21:33 [INFO] [OctoBans] woimant punished pl4tiniumtm for: Double Poste
17-11-17 23:23:55 [INFO] [OctoBans] woimant punished _xoris_ for: Double Poste
17-11-17 23:24:48 [INFO] [OctoBans] virocl sql checked, record: spammp by Antoine57565 to -1
17-11-17 23:27:59 [INFO] [OctoBans] autoclick_pvp sql checked, record: spammp by FiasK0 to -1
17-11-17 23:28:02 [INFO] [OctoBans] serge58 sql checked, record: spammp by pepedjo to -1
17-11-17 23:29:17 [INFO] [OctoBans] woimant punished superroro for: Double Poste
17-11-17 23:29:58 [INFO] [OctoBans] woimant punished killer0710 for: Double Poste
17-11-17 23:30:53 [INFO] [OctoBans] FiasK0 punished raaezer for: Majuscule
17-11-17 23:31:51 [INFO] [OctoBans] _theodu13_ sql checked, record: spammp by FiasK0 to -1
17-11-17 23:31:51 [INFO] [OctoBans] _theodu13_ sql checked, record: spammp by SmooKeur to -1
17-11-17 23:31:51 [INFO] [OctoBans] _theodu13_ sql checked, record: spammp by FiasK0 to -1
17-11-17 23:34:37 [INFO] [OctoBans] mynoti sql checked, record: doubleposte by Evolze to 1510959234
17-11-17 23:44:10 [INFO] [OctoBans] pablo sql checked, record: tpkill by Remil to 1511131571
17-11-17 23:47:42 [INFO] [OctoBans] woimant punished agentbeffu2 for: Double Poste
17-11-17 23:52:55 [INFO] [OctoBans] hulz0 sql checked, record: spammp by FiasK0 to -1
18-11-17 00:10:17 [INFO] [OctoBans] woimant punished zlkayzen for: Provocation
18-11-17 00:11:51 [INFO] [OctoBans] unnainportant sql checked, record: spammp by pepedjo to -1
18-11-17 00:15:54 [INFO] [OctoBans] woimant punished vexchess for: Spam/flood
18-11-17 00:16:07 [INFO] [OctoBans] woimant punished fabio for: Double Poste
18-11-17 00:19:45 [INFO] [OctoBans] deeprodole sql checked, record: spammp by Zayrox29 to -1
18-11-17 00:19:45 [INFO] [OctoBans] deeprodole sql checked, record: spammp by Zayrox29 to -1
18-11-17 00:29:43 [INFO] [OctoBans] woimant punished monstergamex7 for: Spam/flood
18-11-17 01:00:00 [INFO] [OctoBans] FiasK0 punished _firefly_ for: Majuscule
18-11-17 01:00:33 [INFO] [OctoBans] pepedjo sql checked, record: spammp by NiceFR to -1
18-11-17 01:00:33 [INFO] [OctoBans] pepedjo sql checked, record: spammp by ToXiCz_TV to -1
18-11-17 01:06:01 [INFO] [OctoBans] FiasK0 punished pepsicoca2 for: TpKill
18-11-17 01:09:38 [INFO] [OctoBans] pepedjo punished mimi146 for: Double Poste
18-11-17 01:11:20 [INFO] [OctoBans] pepedjo punished cooljojonathan for: Spam/flood en MP
18-11-17 01:11:59 [INFO] [OctoBans] pepedjo punished cooljojonathan for: Spam/flood
18-11-17 01:12:00 [INFO] [OctoBans] aexraptorz sql checked, record: spammp by Remil to -1
18-11-17 01:17:39 [INFO] [OctoBans] pepedjo punished neeskof for: Insulte
18-11-17 01:17:53 [INFO] [OctoBans] strikewail sql checked, record: spammp by LaKitaw to -1
18-11-17 01:17:53 [INFO] [OctoBans] strikewail sql checked, record: spammp by LaKitaw to -1
18-11-17 01:17:53 [INFO] [OctoBans] strikewail sql checked, record: spammp by FiasK0 to -1
18-11-17 01:18:00 [INFO] [OctoBans] pepedjo punished strikewail for: Insulte
18-11-17 01:18:16 [INFO] [OctoBans] neeskof sql checked, record: insulte by pepedjo to 1510969659
18-11-17 01:18:25 [INFO] [OctoBans] pepedjo punished neeskof for: Insulte
18-11-17 01:19:00 [INFO] [OctoBans] pepedjo punished neeskof for: Insulte
18-11-17 01:19:23 [INFO] [OctoBans] pepedjo punished neeskof for: Spam/flood en MP
18-11-17 01:25:00 [INFO] [OctoBans] FiasK0 punished neeskof for: Spam/flood en MP
18-11-17 01:27:58 [INFO] [OctoBans] seyyde_ sql checked, record: spammp by Gamer09 to -1
18-11-17 01:29:00 [INFO] [OctoBans] pepedjo punished harst_ for: Double Poste
18-11-17 01:30:29 [INFO] [OctoBans] superb3b3 sql checked, record: spammp by Evolze to -1
18-11-17 01:30:29 [INFO] [OctoBans] superb3b3 sql checked, record: spammp by Evolze to -1
18-11-17 01:39:17 [INFO] [OctoBans] pepedjo punished lefifoudu3 for: Insulte
18-11-17 01:49:39 [INFO] [OctoBans] FiasK0 punished neeskof for: Menace de hack
18-11-17 02:01:13 [INFO] [OctoBans] FiasK0 punished blackwhite010 for: Double Poste
18-11-17 02:08:28 [INFO] [OctoBans] lefifoudu3 sql checked, record: spammp by FiasK0 to -1
18-11-17 02:08:28 [INFO] [OctoBans] lefifoudu3 sql checked, record: pubyt by EGGSPLOSION to 1510971019
18-11-17 02:08:28 [INFO] [OctoBans] lefifoudu3 sql checked, record: insulte by pepedjo to 1510976357
18-11-17 04:11:22 [INFO] [OctoBans] killerboydu13 sql checked, record: spammp by Evolze to -1
18-11-17 04:11:22 [INFO] [OctoBans] killerboydu13 sql checked, record: spammp by KelianHD to -1
18-11-17 04:11:22 [INFO] [OctoBans] killerboydu13 sql checked, record: spammp by OCIP_Matth to -1
18-11-17 04:43:49 [INFO] [OctoBans] winningyt sql checked, record: spammp by LaKitaw to -1
18-11-17 05:12:35 [INFO] [OctoBans] indow_ sql checked, record: spammp by Evolze to -1
18-11-17 05:12:35 [INFO] [OctoBans] indow_ sql checked, record: spammp by WeeZix to -1
18-11-17 05:39:45 [INFO] [OctoBans] mrkebab sql checked, record: spammp by tinmar to -1
18-11-17 05:39:46 [INFO] [OctoBans] mrkebab sql checked, record: spammp by NeyTox to -1
18-11-17 05:39:46 [INFO] [OctoBans] mrkebab sql checked, record: spammp by LeRe to -1
18-11-17 05:39:46 [INFO] [OctoBans] mrkebab sql checked, record: spammp by FiasK0 to -1
18-11-17 05:39:46 [INFO] [OctoBans] mrkebab sql checked, record: spammp by Remil to -1
18-11-17 05:39:46 [INFO] [OctoBans] mrkebab sql checked, record: spammp by drbrine to -1
18-11-17 05:39:46 [INFO] [OctoBans] mrkebab sql checked, record: spammp by FiasK0 to -1
18-11-17 05:39:46 [INFO] [OctoBans] mrkebab sql checked, record: spammp by Remil to -1
18-11-17 05:39:46 [INFO] [OctoBans] mrkebab sql checked, record: spammp by drbrine to -1
18-11-17 06:01:01 [INFO] [OctoBans] Disabling OctoBans v1.0
