11-01-18 22:31:44 [INFO] [OctoBans] File Handler successfully initialized!
11-01-18 22:31:44 [INFO] [OctoBans] SQL connection successfully etablished
11-01-18 22:31:44 [INFO] [OctoBans] Moderator Tools by Octonia.
11-01-18 22:31:49 [INFO] [OctoBans] lucas775 sql checked, record: spammp by FiasK0 to -1
11-01-18 22:31:50 [INFO] [OctoBans] pandaleroux sql checked, record: spammp by D3adOrSnipSurYTB to -1
11-01-18 22:31:50 [INFO] [OctoBans] pandaleroux sql checked, record: faussesinfos by PseudooNull to 1515874088
11-01-18 22:31:50 [INFO] [OctoBans] pandaleroux sql checked, record: insultegrave by Furiomaniak to 1515760172
11-01-18 22:31:50 [INFO] [OctoBans] pandaleroux sql checked, record: homophobie by atsuky to 1515779263
11-01-18 22:31:50 [INFO] [OctoBans] pandaleroux sql checked, record: spammp by AO_Darkness to -1
11-01-18 22:31:50 [INFO] [OctoBans] gismo2806 sql checked, record: insultegrave by Gamer09 to 1515836539
11-01-18 22:31:50 [INFO] [OctoBans] gismo2806 sql checked, record: insultegrave by FiasK0 to 1515872563
11-01-18 22:31:50 [INFO] [OctoBans] progameur sql checked, record: spammp by FiasK0 to -1
11-01-18 22:31:50 [INFO] [OctoBans] progameur sql checked, record: spammp by D3adOrSnipSurYTB to -1
11-01-18 22:31:50 [INFO] [OctoBans] progameur sql checked, record: homophobie by atsuky to 1515861658
11-01-18 22:31:50 [INFO] [OctoBans] zozodu14 sql checked, record: insultegrave by Elfideltia to 1515731192
11-01-18 22:31:50 [INFO] [OctoBans] stan94 sql checked, record: spam by Furiomaniak to 1515709745
11-01-18 22:31:50 [INFO] [OctoBans] the_slash sql checked, record: spammp by pepedjo to -1
11-01-18 22:31:50 [INFO] [OctoBans] the_slash sql checked, record: spammp by drbrine to -1
11-01-18 22:31:50 [INFO] [OctoBans] the_slash sql checked, record: spammp by NeyTox to -1
11-01-18 22:31:50 [INFO] [OctoBans] the_slash sql checked, record: spammp by EW3L to -1
11-01-18 22:31:50 [INFO] [OctoBans] the_slash sql checked, record: insultegrave by PseudooNull to 1515812276
11-01-18 22:31:55 [INFO] [OctoBans] mayeul sql checked, record: spammp by SmooKeur to -1
11-01-18 22:31:55 [INFO] [OctoBans] samjj68 sql checked, record: spammp by PseudooNull to -1
11-01-18 22:32:27 [INFO] [OctoBans] aexraptorz sql checked, record: spammp by Remil to -1
11-01-18 22:32:27 [INFO] [OctoBans] aexraptorz sql checked, record: spammp by PseudooNull to -1
11-01-18 22:32:28 [INFO] [OctoBans] fiask0 sql checked, record: spammp by ToXiCz_TV to -1
11-01-18 22:32:53 [INFO] [OctoBans] px_skillpvpyt sql checked, record: insultegrave by PseudooNull to 1515742117
11-01-18 22:33:09 [INFO] [OctoBans] sipha sql checked, record: spammp by ToXiCz_TV to -1
11-01-18 22:33:09 [INFO] [OctoBans] sipha sql checked, record: insultegrave by PseudooNull to 1515742093
11-01-18 22:34:00 [INFO] [OctoBans] tigro17 sql checked, record: spammp by ToXiCz_TV to -1
11-01-18 22:34:00 [INFO] [OctoBans] tigro17 sql checked, record: spammp by WeeZix to -1
11-01-18 22:34:00 [INFO] [OctoBans] tigro17 sql checked, record: spammp by FiasK0 to -1
11-01-18 22:40:07 [INFO] [OctoBans] chut3000 sql checked, record: spammp by FiasK0 to -1
11-01-18 22:40:07 [INFO] [OctoBans] chut3000 sql checked, record: spammp by Zayrox29 to -1
11-01-18 22:40:07 [INFO] [OctoBans] chut3000 sql checked, record: spammp by NeyTox to -1
11-01-18 22:40:29 [INFO] [OctoBans] ourox_ sql checked, record: insultegrave by Furiomaniak to 1515756075
11-01-18 22:42:22 [INFO] [OctoBans] leminecraftien80 sql checked, record: insultegrave by WeeZix to 1516214112
11-01-18 22:45:25 [INFO] [OctoBans] nicro2000 sql checked, record: spammp by EGGSPLOSION to -1
11-01-18 22:46:40 [INFO] [OctoBans] Gamer09 punished titi951 for: Insulte
11-01-18 22:50:32 [INFO] [OctoBans] pepsicoca sql checked, record: spammp by FiasK0 to -1
11-01-18 22:53:44 [INFO] [OctoBans] lethugdu46 sql checked, record: spammp by FiasK0 to -1
11-01-18 22:53:44 [INFO] [OctoBans] lethugdu46 sql checked, record: faussesinfos by PseudooNull to 1515875641
11-01-18 22:53:44 [INFO] [OctoBans] lethugdu46 sql checked, record: spammp by PseudooNull to -1
11-01-18 22:54:15 [INFO] [OctoBans] keen0x sql checked, record: spammp by FNGOD to -1
11-01-18 22:55:40 [INFO] [OctoBans] mame sql checked, record: spammp by FiasK0 to -1
11-01-18 22:55:40 [INFO] [OctoBans] mame sql checked, record: spammp by Ourox_ to -1
11-01-18 22:55:40 [INFO] [OctoBans] mame sql checked, record: spammp by tinmar to -1
11-01-18 23:03:50 [INFO] [OctoBans] crazy_pvp sql checked, record: spammp by FiasK0 to -1
11-01-18 23:04:05 [INFO] [OctoBans] PseudooNull punished yann826 for: Fausses informations
11-01-18 23:07:15 [INFO] [OctoBans] PseudooNull punished anzerti for: Spam/flood en MP
11-01-18 23:08:48 [INFO] [OctoBans] rdvsurlebloc sql checked, record: spammp by D3adOrSnipSurYTB to -1
11-01-18 23:08:48 [INFO] [OctoBans] rdvsurlebloc sql checked, record: insultegrave by Zayrox29 to 1515735230
11-01-18 23:08:48 [INFO] [OctoBans] rdvsurlebloc sql checked, record: insultegrave by PseudooNull to 1515846484
11-01-18 23:08:48 [INFO] [OctoBans] rdvsurlebloc sql checked, record: insultegrave by Elfideltia to 1515897379
11-01-18 23:21:58 [INFO] [OctoBans] Elfideltia punished wazhrod for: Insulte
11-01-18 23:23:55 [INFO] [OctoBans] Elfideltia punished romudu269 for: Provocation
11-01-18 23:25:46 [INFO] [OctoBans] AO_Darkness punished easytv for: Provocation
11-01-18 23:26:34 [INFO] [OctoBans] Elfideltia punished harox for: Provocation
11-01-18 23:32:24 [INFO] [OctoBans] Elfideltia punished harox for: Provocation
11-01-18 23:33:55 [INFO] [OctoBans] oth716 sql checked, record: spammp by EGGSPLOSION to -1
11-01-18 23:34:47 [INFO] [OctoBans] okalorsok sql checked, record: spammp by atsuky to -1
11-01-18 23:34:47 [INFO] [OctoBans] okalorsok sql checked, record: insultegrave by atsuky to 1515755687
11-01-18 23:34:47 [INFO] [OctoBans] okalorsok sql checked, record: homophobie by atsuky to 1515770258
11-01-18 23:38:09 [INFO] [OctoBans] Elfideltia punished virocl for: Provocation
11-01-18 23:39:59 [INFO] [OctoBans] Elfideltia punished fabubu for: Spam/flood
11-01-18 23:43:13 [INFO] [OctoBans] Elfideltia punished strongernight for: Insulte grave
11-01-18 23:43:20 [INFO] [OctoBans] AO_Darkness punished harox for: Insulte grave
11-01-18 23:44:13 [INFO] [OctoBans] Elfideltia punished strongernight for: Spam/flood en MP
11-01-18 23:48:26 [INFO] [OctoBans] Elfideltia punished onekill62 for: Insulte grave
11-01-18 23:48:52 [INFO] [OctoBans] Elfideltia punished taylow21 for: Insulte grave
12-01-18 00:02:22 [INFO] [OctoBans] AO_Darkness punished easytv for: Provocation
12-01-18 02:38:12 [INFO] [OctoBans] dilili sql checked, record: spammp by ToXiCz_TV to -1
12-01-18 02:38:12 [INFO] [OctoBans] dilili sql checked, record: spammp by PseudooNull to -1
12-01-18 02:38:12 [INFO] [OctoBans] dilili sql checked, record: multicompte by SmooKeur to -1
12-01-18 03:50:58 [INFO] [OctoBans] _rubilax sql checked, record: spammp by OCIP_Matth to -1
12-01-18 06:01:02 [INFO] [OctoBans] Disabling OctoBans v1.0
