23-08-17 22:31:43 [INFO] [OctoBans] File Handler successfully initialized!
23-08-17 22:31:43 [INFO] [OctoBans] SQL connection successfully etablished
23-08-17 22:31:43 [INFO] [OctoBans] Moderator Tools by Octonia.
23-08-17 22:31:49 [INFO] [OctoBans] andsiou sql checked, record: spammp by ZerKup to -1
23-08-17 22:31:49 [INFO] [OctoBans] weetiix sql checked, record: spammp by SmooKeur to -1
23-08-17 22:31:49 [INFO] [OctoBans] weetiix sql checked, record: spammp by SmooKeur to -1
23-08-17 22:31:49 [INFO] [OctoBans] thegost sql checked, record: insultegrave by NeyTox to 1503613839
23-08-17 22:31:50 [INFO] [OctoBans] cubix sql checked, record: flood by woimant to 1503523628
23-08-17 22:31:50 [INFO] [OctoBans] lefifoudu3 sql checked, record: insultegrave by Shouteur to 1503522141
23-08-17 22:31:50 [INFO] [OctoBans] amine sql checked, record: insultestaff by Wiindows to 1503681228
23-08-17 22:31:50 [INFO] [OctoBans] masterfight63 sql checked, record: spammp by Remil to -1
23-08-17 22:31:50 [INFO] [OctoBans] flavtoflav sql checked, record: majuscule by Shainko to 1503523809
23-08-17 22:31:50 [INFO] [OctoBans] bananamat1 sql checked, record: spammp by Remil to -1
23-08-17 22:31:50 [INFO] [OctoBans] nait75 sql checked, record: provocation by EGGSPLOSION to 1503522236
23-08-17 22:31:56 [INFO] [OctoBans] darkcraft203 sql checked, record: spammp by Anzerti to -1
23-08-17 22:31:56 [INFO] [OctoBans] blackwhite010 sql checked, record: spammp by Steph078 to -1
23-08-17 22:31:56 [INFO] [OctoBans] blackwhite010 sql checked, record: langage by woimant to 1503526533
23-08-17 22:32:16 [INFO] [OctoBans] ratcomxp2 sql checked, record: insultegrave by Shainko to 1503555002
23-08-17 22:32:21 [INFO] [OctoBans] ayken sql checked, record: faussesinfos by woimant to 1503602629
23-08-17 22:32:21 [INFO] [OctoBans] pvpfight3384 sql checked, record: faussesinfos by EGGSPLOSION to 1503592695
23-08-17 22:32:25 [INFO] [OctoBans] sklip sql checked, record: spammp by Remil to -1
23-08-17 22:32:25 [INFO] [OctoBans] sklip sql checked, record: spammp by Remil to -1
23-08-17 22:32:33 [INFO] [OctoBans] foxpoxy sql checked, record: spammp by skhey to -1
23-08-17 22:32:33 [INFO] [OctoBans] foxpoxy sql checked, record: spam by NeyTox to 1503523600
23-08-17 22:32:34 [INFO] [OctoBans] mathis400 sql checked, record: flood by Wiindows to 1503522078
23-08-17 22:32:44 [INFO] [OctoBans] wiindows sql checked, record: floodmp by Forway to -1
23-08-17 22:32:44 [INFO] [OctoBans] wiindows sql checked, record: spammp by Remil to -1
23-08-17 22:33:10 [INFO] [OctoBans] goblex sql checked, record: spam by Forway to 1503530289
23-08-17 22:33:12 [INFO] [OctoBans] mindex45 sql checked, record: spammp by SnowEffect to -1
23-08-17 22:33:12 [INFO] [OctoBans] mindex45 sql checked, record: kickautre by NeosiaNexus to -1
23-08-17 22:33:22 [INFO] [OctoBans] biguiboss31 sql checked, record: spammp by PseudoNul to -1
23-08-17 22:33:22 [INFO] [OctoBans] biguiboss31 sql checked, record: spammp by Remil to -1
23-08-17 22:33:22 [INFO] [OctoBans] biguiboss31 sql checked, record: insultegrave by NeyTox to 1503642052
23-08-17 22:33:27 [INFO] [OctoBans] baka_le_fou sql checked, record: spammp by ZerKup to -1
23-08-17 22:33:38 [INFO] [OctoBans] blackzide_ sql checked, record: provocation by EGGSPLOSION to 1503520881
23-08-17 22:33:48 [INFO] [OctoBans] tyzaa sql checked, record: insultegrave by Ceraiste to 1503724192
23-08-17 22:34:05 [INFO] [OctoBans] minecanis sql checked, record: spammp by Remil to -1
23-08-17 22:34:16 [INFO] [OctoBans] hayden_frost sql checked, record: spammp by PseudoNul to -1
23-08-17 22:34:16 [INFO] [OctoBans] hayden_frost sql checked, record: spammp by Remil to -1
23-08-17 22:34:41 [INFO] [OctoBans] ksosduxd sql checked, record: flood by Wiindows to 1503522624
23-08-17 22:34:50 [INFO] [OctoBans] sam_ytb sql checked, record: spammp by iPurple_ to -1
23-08-17 22:34:50 [INFO] [OctoBans] sam_ytb sql checked, record: spammp by drbrine to -1
23-08-17 22:34:50 [INFO] [OctoBans] sam_ytb sql checked, record: spammp by TheBrioche13 to -1
23-08-17 22:34:52 [INFO] [OctoBans] natsu_29 sql checked, record: insultestaff by Wiindows to 1503529244
23-08-17 22:35:12 [INFO] [OctoBans] Wiindows punished happycola for: Double Poste
23-08-17 22:35:51 [INFO] [OctoBans] joulss sql checked, record: flood by Wiindows to 1503522541
23-08-17 22:36:14 [INFO] [OctoBans] suki_ sql checked, record: spam by Shainko to 1503533348
23-08-17 22:36:25 [INFO] [OctoBans] harst sql checked, record: spammp by Remil to -1
23-08-17 22:36:53 [INFO] [OctoBans] pepsicoca sql checked, record: spammp by Steph078 to -1
23-08-17 22:37:11 [INFO] [OctoBans] zakario_59 sql checked, record: insultegrave by EGGSPLOSION to 1503541929
23-08-17 22:37:13 [INFO] [OctoBans] mr_t1kwizz sql checked, record: insultegrave by zlKayzen to 1503538133
23-08-17 22:37:59 [INFO] [OctoBans] nin_ja sql checked, record: incitationflood by Remil to 1503593704
23-08-17 22:38:46 [INFO] [OctoBans] Wiindows punished blackwhite010 for: Langage incorrect
23-08-17 22:38:52 [INFO] [OctoBans] Wiindows punished zacharymisi for: Langage incorrect
23-08-17 22:41:01 [INFO] [OctoBans] pvp_pvp sql checked, record: kickautre by Steph078 to -1
23-08-17 22:41:20 [INFO] [OctoBans] univerzkerror sql checked, record: faussesinfos by Shouteur to 1503587123
23-08-17 22:44:12 [INFO] [OctoBans] wilson84 sql checked, record: kickautre by YTB_XxKarnageXx to -1
23-08-17 22:47:49 [INFO] [OctoBans] Wiindows punished blackwhite010 for: Insulte grave
23-08-17 22:48:21 [INFO] [OctoBans] Wiindows punished mkdarkos for: Langage incorrect
23-08-17 22:50:21 [INFO] [OctoBans] xxrandomxx sql checked, record: spammp by SmooKeur to -1
23-08-17 22:56:36 [INFO] [OctoBans] justmyskill sql checked, record: kickautre by YTB_XxKarnageXx to -1
23-08-17 22:56:36 [INFO] [OctoBans] justmyskill sql checked, record: spammp by Remil to -1
23-08-17 23:01:52 [INFO] [OctoBans] NeyTox punished masterfight63 for: Provocation
23-08-17 23:02:43 [INFO] [OctoBans] marchandloup sql checked, record: spammp by Remil to -1
23-08-17 23:02:43 [INFO] [OctoBans] marchandloup sql checked, record: spammp by PseudoNul to -1
23-08-17 23:02:43 [INFO] [OctoBans] marchandloup sql checked, record: spammp by NeosiaNexus to -1
23-08-17 23:03:03 [INFO] [OctoBans] akowi sql checked, record: spammp by SkyKosIV to -1
23-08-17 23:03:12 [INFO] [OctoBans] wiirko sql checked, record: spammp by Remil to -1
23-08-17 23:04:48 [INFO] [OctoBans] itsintergy sql checked, record: spammp by YTB_XxKarnageXx to -1
23-08-17 23:05:41 [INFO] [OctoBans] twinx_boy sql checked, record: spammp by SnowEffect to -1
23-08-17 23:06:27 [INFO] [OctoBans] skygames974 sql checked, record: faussesinfos by FiasK0 to 1503580713
23-08-17 23:08:03 [INFO] [OctoBans] xxheroiikxx sql checked, record: floodmp by Forway to -1
23-08-17 23:08:03 [INFO] [OctoBans] xxheroiikxx sql checked, record: doubleposte by EGGSPLOSION to 1503524772
23-08-17 23:12:32 [INFO] [OctoBans] jasoxx sql checked, record: spammp by iPurple_ to -1
23-08-17 23:12:32 [INFO] [OctoBans] jasoxx sql checked, record: spammp by drbrine to -1
23-08-17 23:12:32 [INFO] [OctoBans] jasoxx sql checked, record: spammp by drbrine to -1
23-08-17 23:12:32 [INFO] [OctoBans] jasoxx sql checked, record: spammp by drbrine to -1
23-08-17 23:14:51 [INFO] [OctoBans] woimant punished dekuu_u for: Double Poste
23-08-17 23:15:20 [INFO] [OctoBans] woimant punished slenderraphi for: Spam/flood
23-08-17 23:17:34 [INFO] [OctoBans] woimant punished noahpou for: Double Poste
23-08-17 23:18:09 [INFO] [OctoBans] mathou_gaming_fr sql checked, record: spammp by Remil to -1
23-08-17 23:21:10 [INFO] [OctoBans] zouloudance sql checked, record: faussesinfos by Remil to 1503582741
23-08-17 23:24:30 [INFO] [OctoBans] arcpvp sql checked, record: faussesinfos by Forway to 1503583394
23-08-17 23:27:27 [INFO] [OctoBans] Wiindows punished jalil_craft for: Double Poste
23-08-17 23:37:22 [INFO] [OctoBans] mistergamingv2 sql checked, record: spammp by Remil to -1
23-08-17 23:37:22 [INFO] [OctoBans] mistergamingv2 sql checked, record: spammp by YTB_XxKarnageXx to -1
23-08-17 23:38:38 [INFO] [OctoBans] Wiindows punished thedestuctor for: Majuscule
23-08-17 23:51:14 [INFO] [OctoBans] NeyTox punished v7_nexus_yt for: Spam/flood
23-08-17 23:51:34 [INFO] [OctoBans] Wiindows punished v7_nexus_yt for: Insulte grave
23-08-17 23:53:37 [INFO] [OctoBans] Wiindows punished poupounet for: Insulte serveur
23-08-17 23:56:16 [INFO] [OctoBans] sqkaa_ sql checked, record: spammp by Remil to -1
23-08-17 23:56:58 [INFO] [OctoBans] Wiindows punished hugoliam58 for: Majuscule
24-08-17 00:07:22 [INFO] [OctoBans] Wiindows punished andsiou for: Spam/flood
24-08-17 00:08:28 [INFO] [OctoBans] dylims sql checked, record: insultegrave by EGGSPLOSION to 1503644620
24-08-17 00:09:16 [INFO] [OctoBans] Wiindows punished lololaclarinette for: Provocation
24-08-17 00:09:30 [INFO] [OctoBans] karimospvp sql checked, record: spammp by YTB_XxKarnageXx to -1
24-08-17 00:09:30 [INFO] [OctoBans] karimospvp sql checked, record: spammp by YTB_XxKarnageXx to -1
24-08-17 00:09:30 [INFO] [OctoBans] karimospvp sql checked, record: spammp by tinmar to -1
24-08-17 00:10:58 [INFO] [OctoBans] Wiindows punished jterektizi for: Spam/flood
24-08-17 00:11:03 [INFO] [OctoBans] Wiindows punished sam_ytb for: Langage incorrect
24-08-17 00:21:32 [INFO] [OctoBans] crtm sql checked, record: spammp by Remil to -1
24-08-17 00:27:26 [INFO] [OctoBans] Wiindows punished jalil_craft for: Insulte
24-08-17 00:37:28 [INFO] [OctoBans] NeyTox punished harst for: Double Poste
24-08-17 00:43:59 [INFO] [OctoBans] hulz0 sql checked, record: kickautre by YTB_XxKarnageXx to -1
24-08-17 00:45:36 [INFO] [OctoBans] Wiindows punished lepetitfoulol for: Majuscule
24-08-17 00:46:24 [INFO] [OctoBans] Wiindows punished herobrineisreal for: Provocation
24-08-17 00:47:38 [INFO] [OctoBans] herobrineisreal sql checked, record: provocation by Wiindows to 1503529284
24-08-17 00:47:56 [INFO] [OctoBans] NeyTox punished herobrineisreal for: Insulte staff
24-08-17 00:50:54 [INFO] [OctoBans] iPurple_ punished _vortex_ for: Insulte grave
24-08-17 00:55:07 [INFO] [OctoBans] NeyTox punished xhugox for: Spam/flood
24-08-17 00:57:26 [INFO] [OctoBans] by_kw3e sql checked, record: kickautre by Antoine57565 to -1
24-08-17 01:04:14 [INFO] [OctoBans] Wiindows punished hexann67 for: Langage incorrect
24-08-17 01:10:15 [INFO] [OctoBans] Wiindows punished lepetitfoulol for: Langage incorrect
24-08-17 01:11:07 [INFO] [OctoBans] NeyTox punished jasoxx for: Insulte grave
24-08-17 01:12:15 [INFO] [OctoBans] NeyTox punished azertyx_pj for: Double Poste
24-08-17 01:12:18 [INFO] [OctoBans] mini___pika sql checked, record: spammp by YTB_XxKarnageXx to -1
24-08-17 01:17:11 [INFO] [OctoBans] Wiindows punished lepotededarryl for: Double Poste
24-08-17 01:20:14 [INFO] [OctoBans] Wiindows punished flavtoflav for: Majuscule
24-08-17 01:34:40 [INFO] [OctoBans] loveaura sql checked, record: spammp by SuperJojo to -1
24-08-17 01:35:31 [INFO] [OctoBans] sam1 sql checked, record: spammp by Remil to -1
24-08-17 01:35:46 [INFO] [OctoBans] Shainko punished neyko for: Provocation
24-08-17 01:45:34 [INFO] [OctoBans] NeyTox punished alarmebruine6 for: Langage incorrect
24-08-17 01:45:45 [INFO] [OctoBans] hockey25 sql checked, record: spammp by iPurple_ to -1
24-08-17 01:45:45 [INFO] [OctoBans] hockey25 sql checked, record: spammp by iPurple_ to -1
24-08-17 01:45:45 [INFO] [OctoBans] hockey25 sql checked, record: spammp by Anzerti to -1
24-08-17 01:46:54 [INFO] [OctoBans] darryl1 sql checked, record: incitationflood by NeyTox to 1503590208
24-08-17 02:07:20 [INFO] [OctoBans] bboy124 sql checked, record: spammp by Remil to -1
24-08-17 02:21:12 [INFO] [OctoBans] Wiindows punished lepotededarryl for: Double Poste
24-08-17 02:22:48 [INFO] [OctoBans] Wiindows punished zogaleuhbg for: Insulte serveur
24-08-17 02:28:31 [INFO] [OctoBans] dark_titix sql checked, record: spammp by Remil to -1
24-08-17 02:28:31 [INFO] [OctoBans] dark_titix sql checked, record: spammp by Remil to -1
24-08-17 02:28:31 [INFO] [OctoBans] dark_titix sql checked, record: spammp by Remil to -1
24-08-17 02:41:10 [INFO] [OctoBans] NeyTox punished mrkingytb for: Publicité Youtubeur
24-08-17 02:53:14 [INFO] [OctoBans] insanity sql checked, record: spammp by SkyKosIV to -1
24-08-17 03:24:05 [INFO] [OctoBans] Remil punished _vortex_ for: Spam/flood en MP
24-08-17 03:36:14 [INFO] [OctoBans] Wiindows punished kingblood for: Provocation
24-08-17 03:57:48 [INFO] [OctoBans] pandazzz sql checked, record: spammp by Remil to -1
24-08-17 03:58:34 [INFO] [OctoBans] NeyTox punished theohand for: Majuscule
24-08-17 04:14:14 [INFO] [OctoBans] grenousse_pvp sql checked, record: spammp by YTB_XxKarnageXx to -1
24-08-17 04:17:39 [INFO] [OctoBans] Wiindows punished simard2003 for: Double Poste
24-08-17 04:46:18 [INFO] [OctoBans] Wiindows punished axon_ for: Langage incorrect
24-08-17 04:46:26 [INFO] [OctoBans] Wiindows punished baka_le_fou for: Provocation
24-08-17 05:11:08 [INFO] [OctoBans] migie sql checked, record: multicompte by zlFire49 to -1
24-08-17 05:45:05 [INFO] [OctoBans] xboymax sql checked, record: spammp by YTB_XxKarnageXx to -1
24-08-17 05:45:05 [INFO] [OctoBans] xboymax sql checked, record: spammp by tinmar to -1
24-08-17 05:45:05 [INFO] [OctoBans] xboymax sql checked, record: kickautre by CreepyEagle to -1
24-08-17 05:45:05 [INFO] [OctoBans] xboymax sql checked, record: spammp by tinmar to -1
24-08-17 05:45:05 [INFO] [OctoBans] xboymax sql checked, record: spammp by YTB_XxKarnageXx to -1
24-08-17 05:45:05 [INFO] [OctoBans] xboymax sql checked, record: spammp by NeosiaNexus to -1
24-08-17 05:45:05 [INFO] [OctoBans] xboymax sql checked, record: spammp by NeosiaNexus to -1
24-08-17 05:45:05 [INFO] [OctoBans] xboymax sql checked, record: spammp by NeosiaNexus to -1
24-08-17 05:53:30 [INFO] [OctoBans] d3adorsnipsurytb sql checked, record: spammp by Remil to -1
24-08-17 05:53:30 [INFO] [OctoBans] d3adorsnipsurytb sql checked, record: spammp by Remil to -1
24-08-17 05:53:30 [INFO] [OctoBans] d3adorsnipsurytb sql checked, record: spammp by SmooCoeur to -1
24-08-17 06:01:02 [INFO] [OctoBans] Disabling OctoBans v1.0
