18-11-17 22:31:42 [INFO] [OctoBans] File Handler successfully initialized!
18-11-17 22:31:42 [INFO] [OctoBans] SQL connection successfully etablished
18-11-17 22:31:42 [INFO] [OctoBans] Moderator Tools by Octonia.
18-11-17 22:31:47 [INFO] [OctoBans] azmak sql checked, record: incitationflood by LaKitaw to 1511106294
18-11-17 22:31:47 [INFO] [OctoBans] shimo_ sql checked, record: insultegrave by Remil to 1511205893
18-11-17 22:31:47 [INFO] [OctoBans] lehunter_ sql checked, record: spammp by FiasK0 to -1
18-11-17 22:31:47 [INFO] [OctoBans] lehunter_ sql checked, record: spammp by FiasK0 to -1
18-11-17 22:31:47 [INFO] [OctoBans] hkz_skillon sql checked, record: spammp by YTB_XxKarnageXx to -1
18-11-17 22:31:47 [INFO] [OctoBans] hkz_skillon sql checked, record: provocation by Mrzifio98 to 1511042116
18-11-17 22:31:47 [INFO] [OctoBans] zanderman sql checked, record: spam by YTB_XxKarnageXx to 1511043916
18-11-17 22:31:47 [INFO] [OctoBans] kimoli sql checked, record: spammp by NeyTox to -1
18-11-17 22:31:47 [INFO] [OctoBans] kimoli sql checked, record: spammp by NeyTox to -1
18-11-17 22:31:47 [INFO] [OctoBans] kimoli sql checked, record: spammp by NeyTox to -1
18-11-17 22:31:47 [INFO] [OctoBans] kimoli sql checked, record: spammp by NeyTox to -1
18-11-17 22:31:47 [INFO] [OctoBans] kimoli sql checked, record: spammp by NeyTox to -1
18-11-17 22:31:47 [INFO] [OctoBans] kimoli sql checked, record: spammp by NeyTox to -1
18-11-17 22:31:47 [INFO] [OctoBans] kimoli sql checked, record: spammp by NeyTox to -1
18-11-17 22:31:47 [INFO] [OctoBans] kimoli sql checked, record: spammp by NeyTox to -1
18-11-17 22:31:47 [INFO] [OctoBans] kimoli sql checked, record: spammp by NeyTox to -1
18-11-17 22:31:47 [INFO] [OctoBans] kimoli sql checked, record: spammp by Remil to -1
18-11-17 22:31:47 [INFO] [OctoBans] kimoli sql checked, record: incitationflood by woimant to 1511115035
18-11-17 22:31:47 [INFO] [OctoBans] fiask0 sql checked, record: spammp by FiasK0 to -1
18-11-17 22:31:47 [INFO] [OctoBans] zlkayzen sql checked, record: spammp by Remil to -1
18-11-17 22:31:47 [INFO] [OctoBans] zlkayzen sql checked, record: faussesinfos by YTB_XxKarnageXx to 1511112267
18-11-17 22:31:47 [INFO] [OctoBans] zlkayzen sql checked, record: spammp by Remil to -1
18-11-17 22:31:47 [INFO] [OctoBans] sosfight sql checked, record: provocation by FiasK0 to 1511041485
18-11-17 22:31:47 [INFO] [OctoBans] amzgameuse sql checked, record: spammp by OCIP_Matth to -1
18-11-17 22:31:47 [INFO] [OctoBans] sosodidi sql checked, record: insultegrave by SkillBOotiiS to 1511053563
18-11-17 22:31:49 [INFO] [OctoBans] alzarolle sql checked, record: spammp by SmooKeur to -1
18-11-17 22:31:50 [INFO] [OctoBans] whitewarsshadow3 sql checked, record: spam by woimant to 1511044077
18-11-17 22:31:51 [INFO] [OctoBans] gameurdumsk sql checked, record: spammp by SkillBOotiiS to -1
18-11-17 22:31:51 [INFO] [OctoBans] gameurdumsk sql checked, record: spammp by SkillBOotiiS to -1
18-11-17 22:31:51 [INFO] [OctoBans] gameurdumsk sql checked, record: spammp by NeyTox to -1
18-11-17 22:31:53 [INFO] [OctoBans] zlspeyz sql checked, record: spammp by skhey to -1
18-11-17 22:31:53 [INFO] [OctoBans] smaugbr sql checked, record: incitationflood by EGGSPLOSION to 1511126712
18-11-17 22:31:54 [INFO] [OctoBans] warsfi sql checked, record: spam by Remil to 1511042985
18-11-17 22:31:55 [INFO] [OctoBans] biffy sql checked, record: spam by Zayrox29 to 1511050209
18-11-17 22:31:56 [INFO] [OctoBans] acarty sql checked, record: spammp by Remil to -1
18-11-17 22:31:57 [INFO] [OctoBans] skydark_35 sql checked, record: insultesrv by woimant to 1511054839
18-11-17 22:32:00 [INFO] [OctoBans] azurelle sql checked, record: spam by YTB_XxKarnageXx to 1511041409
18-11-17 22:32:00 [INFO] [OctoBans] jesuispaunkikoo sql checked, record: spammp by Remil to -1
18-11-17 22:32:00 [INFO] [OctoBans] jesuispaunkikoo sql checked, record: spammp by Zoseq to -1
18-11-17 22:32:01 [INFO] [OctoBans] aexraptorz sql checked, record: spammp by Remil to -1
18-11-17 22:32:03 [INFO] [OctoBans] whitewarsshadow sql checked, record: spam by EGGSPLOSION to 1511047676
18-11-17 22:32:06 [INFO] [OctoBans] thetombolla sql checked, record: spammp by EGGSPLOSION to -1
18-11-17 22:32:06 [INFO] [OctoBans] nakzu_u sql checked, record: spammp by PoukoaMoa to -1
18-11-17 22:32:06 [INFO] [OctoBans] nakzu_u sql checked, record: spammp by PoukoaMoa to -1
18-11-17 22:32:06 [INFO] [OctoBans] nakzu_u sql checked, record: pubsrv by EGGSPLOSION to 1511040814
18-11-17 22:32:09 [INFO] [OctoBans] keezy sql checked, record: spammp by LeRe to -1
18-11-17 22:32:09 [INFO] [OctoBans] keezy sql checked, record: spammp by LeRe to -1
18-11-17 22:32:13 [INFO] [OctoBans] mattys0403 sql checked, record: spammp by pepedjo to -1
18-11-17 22:32:13 [INFO] [OctoBans] mattys0403 sql checked, record: spammp by pepedjo to -1
18-11-17 22:32:31 [INFO] [OctoBans] azenpvp sql checked, record: insultegrave by SkillBOotiiS to 1511056720
18-11-17 22:32:34 [INFO] [OctoBans] Zayrox29 punished boubou37 for: Spam/flood
18-11-17 22:32:35 [INFO] [OctoBans] romilex sql checked, record: spam by EGGSPLOSION to 1511043848
18-11-17 22:32:36 [INFO] [OctoBans] nicerush sql checked, record: incitationflood by drbrine to 1511089696
18-11-17 22:32:36 [INFO] [OctoBans] nicerush sql checked, record: insultegrave by EGGSPLOSION to 1511099203
18-11-17 22:32:40 [INFO] [OctoBans] unnainportant sql checked, record: spammp by pepedjo to -1
18-11-17 22:32:46 [INFO] [OctoBans] malouf sql checked, record: pubyt by YTB_XxKarnageXx to 1511045328
18-11-17 22:33:03 [INFO] [OctoBans] blackwhite010 sql checked, record: spammp by drbrine to -1
18-11-17 22:33:03 [INFO] [OctoBans] blackwhite010 sql checked, record: spammp by drbrine to -1
18-11-17 22:33:03 [INFO] [OctoBans] blackwhite010 sql checked, record: spammp by drbrine to -1
18-11-17 22:33:03 [INFO] [OctoBans] blackwhite010 sql checked, record: insultegrave by drbrine to 1511114253
18-11-17 22:33:09 [INFO] [OctoBans] maxougaming sql checked, record: spammp by LeRe to -1
18-11-17 22:33:09 [INFO] [OctoBans] maxougaming sql checked, record: spammp by Taygrax07 to -1
18-11-17 22:33:09 [INFO] [OctoBans] maxougaming sql checked, record: spammp by OCIP_Matth to -1
18-11-17 22:33:09 [INFO] [OctoBans] maxougaming sql checked, record: spammp by drbrine to -1
18-11-17 22:33:09 [INFO] [OctoBans] ozmog_yt sql checked, record: spammp by Remil to -1
18-11-17 22:33:09 [INFO] [OctoBans] ozmog_yt sql checked, record: spammp by OCIP_Matth to -1
18-11-17 22:33:09 [INFO] [OctoBans] ozmog_yt sql checked, record: spammp by KelianHD to -1
18-11-17 22:33:50 [INFO] [OctoBans] FiasK0 punished nicerush for: Provocation
18-11-17 22:34:03 [INFO] [OctoBans] winningyt sql checked, record: spammp by LaKitaw to -1
18-11-17 22:35:00 [INFO] [OctoBans] theorangekiller sql checked, record: spammp by Gamer09 to -1
18-11-17 22:35:23 [INFO] [OctoBans] FiasK0 punished manyl93 for: TpKill
18-11-17 22:37:49 [INFO] [OctoBans] YTB_XxKarnageXx punished thedindin2004 for: Langage incorrect
18-11-17 22:38:56 [INFO] [OctoBans] YTB_XxKarnageXx punished xmushway for: TpKill
18-11-17 22:39:03 [INFO] [OctoBans] YTB_XxKarnageXx punished zanderman for: TpKill
18-11-17 22:39:07 [INFO] [OctoBans] cooljojonathan sql checked, record: spammp by pepedjo to -1
18-11-17 22:40:26 [INFO] [OctoBans] fearzk_ sql checked, record: spammp by PoukoaMoa to -1
18-11-17 22:40:26 [INFO] [OctoBans] fearzk_ sql checked, record: faussesinfos by YTB_XxKarnageXx to 1511126691
18-11-17 22:42:33 [INFO] [OctoBans] selim6671 sql checked, record: spammp by LeRe to -1
18-11-17 22:42:50 [INFO] [OctoBans] YTB_XxKarnageXx punished bzhraphy for: Fausses informations
18-11-17 22:43:05 [INFO] [OctoBans] YTB_XxKarnageXx punished usc for: Langage incorrect
18-11-17 22:44:52 [INFO] [OctoBans] seyyde_ sql checked, record: spammp by Gamer09 to -1
18-11-17 22:46:06 [INFO] [OctoBans] the_slash sql checked, record: spammp by pepedjo to -1
18-11-17 22:46:09 [INFO] [OctoBans] ew3l sql checked, record: spammp by FiasK0 to -1
18-11-17 22:46:09 [INFO] [OctoBans] ew3l sql checked, record: floodmp by Flowtox to -1
18-11-17 22:47:42 [INFO] [OctoBans] idreyzen sql checked, record: provocation by FiasK0 to 1511042555
18-11-17 22:47:54 [INFO] [OctoBans] NeyTox punished mpc_azubal for: Spam/flood
18-11-17 22:50:26 [INFO] [OctoBans] YTB_XxKarnageXx punished skiizen for: TpKill
18-11-17 22:51:17 [INFO] [OctoBans] EGGSPLOSION punished azurelle for: Double Poste
18-11-17 22:51:29 [INFO] [OctoBans] mamadou33 sql checked, record: spammp by Remil to -1
18-11-17 22:52:10 [INFO] [OctoBans] EGGSPLOSION punished grospvp for: Insulte serveur
18-11-17 22:52:21 [INFO] [OctoBans] NeyTox punished zertoxsuryt for: Double Poste
18-11-17 22:56:02 [INFO] [OctoBans] atsuky sql checked, record: insultegrave by drbrine to 1511086662
18-11-17 22:58:49 [INFO] [OctoBans] SkillBOotiiS punished alzarolle for: Double Poste
18-11-17 22:59:02 [INFO] [OctoBans] shimo_ sql checked, record: insultegrave by Remil to 1511205893
18-11-17 22:59:08 [INFO] [OctoBans] woimant punished thedindin2004 for: Insulte
18-11-17 22:59:18 [INFO] [OctoBans] shimo_ sql checked, record: insultegrave by Remil to 1511205893
18-11-17 23:00:20 [INFO] [OctoBans] shimo_ sql checked, record: insultegrave by Remil to 1511205893
18-11-17 23:00:31 [INFO] [OctoBans] YTB_XxKarnageXx punished shimo_ for: Insulte grave
18-11-17 23:01:29 [INFO] [OctoBans] shimo_ sql checked, record: insultegrave by Remil to 1511205893
18-11-17 23:01:29 [INFO] [OctoBans] shimo_ sql checked, record: insultegrave by YTB_XxKarnageXx to 1511258431
18-11-17 23:01:42 [INFO] [OctoBans] atsuky sql checked, record: insultegrave by drbrine to 1511086662
18-11-17 23:02:39 [INFO] [OctoBans] SkillBOotiiS punished shimo_ for: Spam/flood
18-11-17 23:03:19 [INFO] [OctoBans] shimo_ sql checked, record: insultegrave by Remil to 1511205893
18-11-17 23:03:19 [INFO] [OctoBans] shimo_ sql checked, record: insultegrave by YTB_XxKarnageXx to 1511258431
18-11-17 23:03:19 [INFO] [OctoBans] shimo_ sql checked, record: spam by SkillBOotiiS to 1511060559
18-11-17 23:03:50 [INFO] [OctoBans] progameur sql checked, record: spammp by FiasK0 to -1
18-11-17 23:03:51 [INFO] [OctoBans] YTB_XxKarnageXx punished shimo_ for: Spam/flood
18-11-17 23:04:20 [INFO] [OctoBans] SkillBOotiiS punished le_millioner_62 for: Double Poste
18-11-17 23:04:24 [INFO] [OctoBans] shimo_ sql checked, record: spam by YTB_XxKarnageXx to 1511060631
18-11-17 23:04:39 [INFO] [OctoBans] skiwiix_ sql checked, record: spammp by FiasK0 to -1
18-11-17 23:04:54 [INFO] [OctoBans] maxoupvp sql checked, record: spammp by LeRe to -1
18-11-17 23:05:29 [INFO] [OctoBans] pepedjo sql checked, record: spammp by NiceFR to -1
18-11-17 23:05:29 [INFO] [OctoBans] pepedjo sql checked, record: spammp by ToXiCz_TV to -1
18-11-17 23:07:29 [INFO] [OctoBans] hulz0 sql checked, record: spammp by FiasK0 to -1
18-11-17 23:12:59 [INFO] [OctoBans] meven789 sql checked, record: spammp by LeRe to -1
18-11-17 23:12:59 [INFO] [OctoBans] meven789 sql checked, record: spammp by FiasK0 to -1
18-11-17 23:12:59 [INFO] [OctoBans] meven789 sql checked, record: spammp by infinitim to -1
18-11-17 23:12:59 [INFO] [OctoBans] meven789 sql checked, record: spammp by infinitim to -1
18-11-17 23:12:59 [INFO] [OctoBans] meven789 sql checked, record: spammp by infinitim to -1
18-11-17 23:12:59 [INFO] [OctoBans] meven789 sql checked, record: spammp by infinitim to -1
18-11-17 23:12:59 [INFO] [OctoBans] meven789 sql checked, record: spammp by FiasK0 to -1
18-11-17 23:12:59 [INFO] [OctoBans] meven789 sql checked, record: insulte by Mrzifio98 to 1511045553
18-11-17 23:13:53 [INFO] [OctoBans] monstergamex7 sql checked, record: spammp by pepedjo to -1
18-11-17 23:17:58 [INFO] [OctoBans] kyfox sql checked, record: spammp by FiasK0 to -1
18-11-17 23:17:58 [INFO] [OctoBans] kyfox sql checked, record: spammp by EGGSPLOSION to -1
18-11-17 23:25:55 [INFO] [OctoBans] leminecraftien80 sql checked, record: spammp by infinitim to -1
18-11-17 23:25:55 [INFO] [OctoBans] leminecraftien80 sql checked, record: spammp by Zoseq to -1
18-11-17 23:25:55 [INFO] [OctoBans] leminecraftien80 sql checked, record: spammp by FiasK0 to -1
18-11-17 23:29:29 [INFO] [OctoBans] FiasK0 punished zabilotero for: Spam/flood
18-11-17 23:32:12 [INFO] [OctoBans] thegost sql checked, record: spammp by OCIP_Matth to -1
18-11-17 23:32:12 [INFO] [OctoBans] thegost sql checked, record: spam by Gamer09 to 1511049486
18-11-17 23:33:17 [INFO] [OctoBans] serge58 sql checked, record: spammp by pepedjo to -1
18-11-17 23:33:17 [INFO] [OctoBans] serge58 sql checked, record: insultegrave by tinmar to 1511104432
18-11-17 23:33:17 [INFO] [OctoBans] serge58 sql checked, record: insultegrave by tinmar to 1511140644
18-11-17 23:33:17 [INFO] [OctoBans] serge58 sql checked, record: spammp by tinmar to -1
18-11-17 23:34:10 [INFO] [OctoBans] inquisiteur1 sql checked, record: spammp by LaKitaw to -1
18-11-17 23:34:10 [INFO] [OctoBans] inquisiteur1 sql checked, record: spammp by Frite_Merguez to -1
18-11-17 23:36:14 [INFO] [OctoBans] OCIP_Matth punished imperator122 for: Menace de hack
18-11-17 23:37:51 [INFO] [OctoBans] Remil punished flotitou33 for: Double Poste
18-11-17 23:38:10 [INFO] [OctoBans] snoxx_ sql checked, record: spammp by Kyabe to -1
18-11-17 23:38:10 [INFO] [OctoBans] snoxx_ sql checked, record: spammp by Zoseq to -1
18-11-17 23:38:10 [INFO] [OctoBans] snoxx_ sql checked, record: spammp by tinmar to -1
18-11-17 23:38:10 [INFO] [OctoBans] snoxx_ sql checked, record: spammp by tinmar to -1
18-11-17 23:38:39 [INFO] [OctoBans] Remil punished monnomest for: Double Poste
18-11-17 23:39:01 [INFO] [OctoBans] FiasK0 punished mamoun for: Double Poste
18-11-17 23:39:56 [INFO] [OctoBans] SkillBOotiiS punished usc for: Provocation
18-11-17 23:40:27 [INFO] [OctoBans] pvp_thibaut_pvp sql checked, record: spammp by tinmar to -1
18-11-17 23:40:27 [INFO] [OctoBans] pvp_thibaut_pvp sql checked, record: spammp by SkillBOotiiS to -1
18-11-17 23:40:27 [INFO] [OctoBans] pvp_thibaut_pvp sql checked, record: spammp by pepedjo to -1
18-11-17 23:40:27 [INFO] [OctoBans] pvp_thibaut_pvp sql checked, record: spammp by tinmar to -1
18-11-17 23:47:42 [INFO] [OctoBans] FiasK0 punished monstergamex7 for: Double Poste
18-11-17 23:50:04 [INFO] [OctoBans] FiasK0 punished nezox_ for: Spam/flood
18-11-17 23:51:20 [INFO] [OctoBans] FiasK0 punished lehunter_ for: Double Poste
18-11-17 23:54:47 [INFO] [OctoBans] oow_ll sql checked, record: spammp by FiasK0 to -1
18-11-17 23:54:47 [INFO] [OctoBans] oow_ll sql checked, record: provocation by FiasK0 to 1511046067
18-11-17 23:55:20 [INFO] [OctoBans] OCIP_Matth punished aexraptorz for: Double Poste
18-11-17 23:57:46 [INFO] [OctoBans] NeyTox punished fngod for: Majuscule
18-11-17 23:58:08 [INFO] [OctoBans] NeyTox punished leminecraftien80 for: Insulte grave
18-11-17 23:58:14 [INFO] [OctoBans] SkillBOotiiS punished flotitou33 for: Provocation
18-11-17 23:59:18 [INFO] [OctoBans] leminecraftien80 sql checked, record: spammp by infinitim to -1
18-11-17 23:59:18 [INFO] [OctoBans] leminecraftien80 sql checked, record: spammp by Zoseq to -1
18-11-17 23:59:18 [INFO] [OctoBans] leminecraftien80 sql checked, record: spammp by FiasK0 to -1
18-11-17 23:59:18 [INFO] [OctoBans] leminecraftien80 sql checked, record: insultegrave by NeyTox to 1511405888
19-11-17 00:00:13 [INFO] [OctoBans] aldorbest sql checked, record: spam by LeRe to 1511066640
19-11-17 00:13:34 [INFO] [OctoBans] NeyTox punished flotitou33 for: Double Poste
19-11-17 00:13:37 [INFO] [OctoBans] FiasK0 punished superkilleur for: Spam/flood
19-11-17 00:13:38 [INFO] [OctoBans] NeyTox punished zoxis for: Double Poste
19-11-17 00:15:37 [INFO] [OctoBans] FiasK0 punished nolan45 for: Spam/flood
19-11-17 00:17:07 [INFO] [OctoBans] NeyTox punished johan22600 for: Spam/flood
19-11-17 00:19:38 [INFO] [OctoBans] SkillBOotiiS punished nicerush for: Double Poste
19-11-17 00:22:06 [INFO] [OctoBans] _theodu13_ sql checked, record: spammp by FiasK0 to -1
19-11-17 00:22:06 [INFO] [OctoBans] _theodu13_ sql checked, record: spammp by SmooKeur to -1
19-11-17 00:22:06 [INFO] [OctoBans] _theodu13_ sql checked, record: spammp by FiasK0 to -1
19-11-17 00:22:06 [INFO] [OctoBans] killerboydu13 sql checked, record: spammp by Evolze to -1
19-11-17 00:22:06 [INFO] [OctoBans] killerboydu13 sql checked, record: spammp by KelianHD to -1
19-11-17 00:22:06 [INFO] [OctoBans] killerboydu13 sql checked, record: spammp by OCIP_Matth to -1
19-11-17 00:23:05 [INFO] [OctoBans] swichdi sql checked, record: spammp by Gamer09 to -1
19-11-17 00:25:46 [INFO] [OctoBans] Remil punished skysester for: Double Poste
19-11-17 00:27:27 [INFO] [OctoBans] NeyTox punished lunatiks72 for: Double Poste
19-11-17 00:30:08 [INFO] [OctoBans] FiasK0 punished killerboydu13 for: Majuscule
19-11-17 00:35:45 [INFO] [OctoBans] NeyTox punished azoxi for: TpKill
19-11-17 00:38:22 [INFO] [OctoBans] kikoo53000 sql checked, record: spammp by ToXiCz_TV to -1
19-11-17 00:39:01 [INFO] [OctoBans] FiasK0 punished winningyt for: Double Poste
19-11-17 00:42:50 [INFO] [OctoBans] FiasK0 punished ayzziix for: Double Poste
19-11-17 00:44:26 [INFO] [OctoBans] FiasK0 punished stormz537 for: Majuscule
19-11-17 00:48:41 [INFO] [OctoBans] jeremylol88 sql checked, record: spammp by ToXiCz_TV to -1
19-11-17 00:51:49 [INFO] [OctoBans] SkillBOotiiS punished seya for: Insulte grave
19-11-17 00:57:45 [INFO] [OctoBans] xxjujuxx sql checked, record: spammp by woimant to -1
19-11-17 00:57:51 [INFO] [OctoBans] virocl sql checked, record: spammp by Antoine57565 to -1
19-11-17 00:58:18 [INFO] [OctoBans] hug065 sql checked, record: tpkill by YTB_XxKarnageXx to 1511106646
19-11-17 00:58:58 [INFO] [OctoBans] OCIP_Matth punished skybow for: Majuscule
19-11-17 00:59:56 [INFO] [OctoBans] dark_t0x sql checked, record: spammp by NiceFR to -1
19-11-17 01:01:38 [INFO] [OctoBans] SkillBOotiiS punished kikoo53000 for: Insulte grave
19-11-17 01:02:52 [INFO] [OctoBans] NeyTox punished kikoo53000 for: TpKill
19-11-17 01:05:21 [INFO] [OctoBans] OCIP_Matth punished _aubergine_ for: Double Poste
19-11-17 01:12:15 [INFO] [OctoBans] OCIP_Matth punished jeremylol88 for: Double Poste
19-11-17 01:17:33 [INFO] [OctoBans] OCIP_Matth punished reiceidro874 for: Incitation au flood
19-11-17 01:20:22 [INFO] [OctoBans] Remil punished star2180 for: Double Poste
19-11-17 01:26:01 [INFO] [OctoBans] FiasK0 punished d4rkg7ost for: Spam/flood
19-11-17 01:32:04 [INFO] [OctoBans] SkillBOotiiS punished trixx for: Double Poste
19-11-17 01:35:59 [INFO] [OctoBans] NeyTox punished camaro for: Double Poste
19-11-17 01:37:35 [INFO] [OctoBans] byxenoz sql checked, record: spam by pepedjo to 1511054697
19-11-17 01:42:21 [INFO] [OctoBans] NeyTox punished kenybedanne for: Double Poste
19-11-17 02:02:32 [INFO] [OctoBans] NeyTox punished sosfight for: Insulte
19-11-17 02:13:03 [INFO] [OctoBans] onflyenrec sql checked, record: spammp by Antoine57565 to -1
19-11-17 02:23:17 [INFO] [OctoBans] superb3b3 sql checked, record: spammp by Evolze to -1
19-11-17 02:23:17 [INFO] [OctoBans] superb3b3 sql checked, record: spammp by Evolze to -1
19-11-17 02:23:17 [INFO] [OctoBans] superb3b3 sql checked, record: spammp by OCIP_Matth to -1
19-11-17 02:59:14 [INFO] [OctoBans] NeyTox punished eryuoi for: Double Poste
19-11-17 03:00:11 [INFO] [OctoBans] OCIP_Matth punished eryuoi for: Spam/flood en MP
19-11-17 03:00:21 [INFO] [OctoBans] OCIP_Matth punished rafael21300500 for: Spam/flood en MP
19-11-17 03:01:38 [INFO] [OctoBans] OCIP_Matth punished rafael21300500 for: TpKill
19-11-17 03:01:52 [INFO] [OctoBans] NeyTox punished eryuoi for: TpKill
19-11-17 03:29:30 [INFO] [OctoBans] NeyTox punished skybow for: Double Poste
19-11-17 03:45:19 [INFO] [OctoBans] pepedjo punished azenpvp for: Double Poste
19-11-17 03:57:10 [INFO] [OctoBans] NeyTox punished aexraptorz for: Double Poste
19-11-17 03:58:20 [INFO] [OctoBans] pepedjo punished mrbosse for: Spam/flood
19-11-17 04:00:53 [INFO] [OctoBans] NeyTox punished zarteck09 for: Double Poste
19-11-17 04:08:47 [INFO] [OctoBans] NeyTox punished zarteck09 for: Spam/flood
19-11-17 04:36:36 [INFO] [OctoBans] pepedjo punished jessy12345 for: Double Poste
19-11-17 04:44:51 [INFO] [OctoBans] NeyTox punished killerboydu13 for: Majuscule
19-11-17 05:11:09 [INFO] [OctoBans] pepedjo punished zozodu14 for: Double Poste
19-11-17 05:17:57 [INFO] [OctoBans] pepedjo punished aexraptorz for: Double Poste
19-11-17 06:01:01 [INFO] [OctoBans] Disabling OctoBans v1.0
