05-01-18 22:31:43 [INFO] [OctoBans] File Handler successfully initialized!
05-01-18 22:31:43 [INFO] [OctoBans] SQL connection successfully etablished
05-01-18 22:31:43 [INFO] [OctoBans] Moderator Tools by Octonia.
05-01-18 22:31:48 [INFO] [OctoBans] fox99 sql checked, record: spammp by D3adOrSnipSurYTB to -1
05-01-18 22:31:48 [INFO] [OctoBans] karlwill sql checked, record: spammp by Gamer09 to -1
05-01-18 22:31:48 [INFO] [OctoBans] karlwill sql checked, record: spammp by LeRe to -1
05-01-18 22:31:48 [INFO] [OctoBans] algorskis_yt sql checked, record: spammp by EW3L to -1
05-01-18 22:31:48 [INFO] [OctoBans] algorskis_yt sql checked, record: insultegrave by EW3L to 1515308099
05-01-18 22:31:49 [INFO] [OctoBans] ocip_matth sql checked, record: spammp by PseudooNull to -1
05-01-18 22:31:49 [INFO] [OctoBans] romudu269 sql checked, record: spammp by Remil to -1
05-01-18 22:31:49 [INFO] [OctoBans] romudu269 sql checked, record: insultegrave by EGGSPLOSION to 1515217859
05-01-18 22:31:49 [INFO] [OctoBans] d3adorsnipsurytb sql checked, record: spammp by Koeseb97 to -1
05-01-18 22:31:49 [INFO] [OctoBans] d3adorsnipsurytb sql checked, record: spammp by Koeseb97 to -1
05-01-18 22:31:49 [INFO] [OctoBans] d3adorsnipsurytb sql checked, record: spammp by Koeseb97 to -1
05-01-18 22:31:49 [INFO] [OctoBans] d3adorsnipsurytb sql checked, record: spammp by Koeseb97 to -1
05-01-18 22:31:49 [INFO] [OctoBans] d3adorsnipsurytb sql checked, record: spammp by Koeseb97 to -1
05-01-18 22:31:49 [INFO] [OctoBans] d3adorsnipsurytb sql checked, record: spammp by Koeseb97 to -1
05-01-18 22:31:49 [INFO] [OctoBans] onekill62 sql checked, record: spammp by tinmar to -1
05-01-18 22:31:49 [INFO] [OctoBans] ytbibossyt sql checked, record: spammp by atsuky to -1
05-01-18 22:31:49 [INFO] [OctoBans] chut3000 sql checked, record: spammp by FiasK0 to -1
05-01-18 22:31:49 [INFO] [OctoBans] chut3000 sql checked, record: spammp by Zayrox29 to -1
05-01-18 22:31:49 [INFO] [OctoBans] chut3000 sql checked, record: spammp by NeyTox to -1
05-01-18 22:31:58 [INFO] [OctoBans] lefifoudu3 sql checked, record: insultegrave by LsAnGfRoId to 1515519047
05-01-18 22:31:58 [INFO] [OctoBans] lefifoudu3 sql checked, record: insultegrave by FiasK0 to 1515627629
05-01-18 22:31:59 [INFO] [OctoBans] brookdu81 sql checked, record: spammp by D3adOrSnipSurYTB to -1
05-01-18 22:32:03 [INFO] [OctoBans] kamikassss sql checked, record: spammp by Remil to -1
05-01-18 22:32:06 [INFO] [OctoBans] kaiyoken sql checked, record: spammp by OCIP_Matth to -1
05-01-18 22:32:07 [INFO] [OctoBans] thomas62200 sql checked, record: spammp by atsuky to -1
05-01-18 22:32:08 [INFO] [OctoBans] jeremygameur sql checked, record: spammp by EW3L to -1
05-01-18 22:32:08 [INFO] [OctoBans] jeremygameur sql checked, record: spammp by atsuky to -1
05-01-18 22:32:08 [INFO] [OctoBans] jeremygameur sql checked, record: spammp by EW3L to -1
05-01-18 22:32:17 [INFO] [OctoBans] skiwiix_ sql checked, record: spammp by FiasK0 to -1
05-01-18 22:32:18 [INFO] [OctoBans] mayeul sql checked, record: spammp by SmooKeur to -1
05-01-18 22:32:23 [INFO] [OctoBans] diodu sql checked, record: spammp by Gamer09 to -1
05-01-18 22:32:27 [INFO] [OctoBans] mhadipoum sql checked, record: insultegrave by FiasK0 to 1515232823
05-01-18 22:32:27 [INFO] [OctoBans] samjj68 sql checked, record: spammp by PseudooNull to -1
05-01-18 22:32:29 [INFO] [OctoBans] progameur sql checked, record: spammp by FiasK0 to -1
05-01-18 22:32:29 [INFO] [OctoBans] progameur sql checked, record: spammp by D3adOrSnipSurYTB to -1
05-01-18 22:32:30 [INFO] [OctoBans] lucas94350 sql checked, record: spammp by Kyabe to -1
05-01-18 22:32:43 [INFO] [OctoBans] icekiller54000 sql checked, record: spammp by OCIP_Matth to -1
05-01-18 22:33:01 [INFO] [OctoBans] sayziiix sql checked, record: insultegrave by FiasK0 to 1515194756
05-01-18 22:33:01 [INFO] [OctoBans] sayziiix sql checked, record: insultegrave by PseudooNull to 1515246149
05-01-18 22:33:09 [INFO] [OctoBans] mame sql checked, record: spammp by FiasK0 to -1
05-01-18 22:33:09 [INFO] [OctoBans] mame sql checked, record: spammp by Ourox_ to -1
05-01-18 22:33:09 [INFO] [OctoBans] mame sql checked, record: spammp by tinmar to -1
05-01-18 22:33:28 [INFO] [OctoBans] onflyenrec sql checked, record: spammp by Antoine57565 to -1
05-01-18 22:33:28 [INFO] [OctoBans] onflyenrec sql checked, record: spammp by PseudooNull to -1
05-01-18 22:33:44 [INFO] [OctoBans] friphiano sql checked, record: spammp by atsuky to -1
05-01-18 22:33:44 [INFO] [OctoBans] friphiano sql checked, record: spammp by OCIP_Matth to -1
05-01-18 22:33:44 [INFO] [OctoBans] friphiano sql checked, record: spammp by PseudooNull to -1
05-01-18 22:33:44 [INFO] [OctoBans] destroyers3 sql checked, record: majuscule by D3adOrSnipSurYTB to 1515190171
05-01-18 22:33:49 [INFO] [OctoBans] EGGSPLOSION punished onflyenrec for: Double Poste
05-01-18 22:34:14 [INFO] [OctoBans] toxicz_tv sql checked, record: spammp by Remil to -1
05-01-18 22:34:14 [INFO] [OctoBans] toxicz_tv sql checked, record: spammp by Remil to -1
05-01-18 22:34:14 [INFO] [OctoBans] toxicz_tv sql checked, record: spammp by ToXiCz_TV to -1
05-01-18 22:34:42 [INFO] [OctoBans] _rubilax sql checked, record: spammp by OCIP_Matth to -1
05-01-18 22:34:43 [INFO] [OctoBans] draklollllsuper sql checked, record: spammp by EW3L to -1
05-01-18 22:34:51 [INFO] [OctoBans] byzoo sql checked, record: spammp by PseudooNull to -1
05-01-18 22:34:51 [INFO] [OctoBans] byzoo sql checked, record: spammp by PseudooNull to -1
05-01-18 22:34:51 [INFO] [OctoBans] byzoo sql checked, record: spammp by EW3L to -1
05-01-18 22:35:05 [INFO] [OctoBans] mayz_ sql checked, record: spammp by PseudooNull to -1
05-01-18 22:36:32 [INFO] [OctoBans] softspringer sql checked, record: spammp by LaKitaw to -1
05-01-18 22:36:32 [INFO] [OctoBans] softspringer sql checked, record: spammp by ToXiCz_TV to -1
05-01-18 22:36:36 [INFO] [OctoBans] arakword sql checked, record: spammp by PseudooNull to -1
05-01-18 22:36:43 [INFO] [OctoBans] gameurdumsk sql checked, record: spammp by SkillBOotiiS to -1
05-01-18 22:36:43 [INFO] [OctoBans] gameurdumsk sql checked, record: spammp by SkillBOotiiS to -1
05-01-18 22:36:43 [INFO] [OctoBans] gameurdumsk sql checked, record: spammp by NeyTox to -1
05-01-18 22:36:43 [INFO] [OctoBans] gameurdumsk sql checked, record: spammp by LeRe to -1
05-01-18 22:37:42 [INFO] [OctoBans] dilili sql checked, record: spammp by ToXiCz_TV to -1
05-01-18 22:37:42 [INFO] [OctoBans] dilili sql checked, record: spammp by PseudooNull to -1
05-01-18 22:37:42 [INFO] [OctoBans] dilili sql checked, record: insultegrave by FiasK0 to 1515209363
05-01-18 22:37:46 [INFO] [OctoBans] pvp_thibaut_pvp sql checked, record: spammp by tinmar to -1
05-01-18 22:37:46 [INFO] [OctoBans] pvp_thibaut_pvp sql checked, record: spammp by SkillBOotiiS to -1
05-01-18 22:37:46 [INFO] [OctoBans] pvp_thibaut_pvp sql checked, record: spammp by pepedjo to -1
05-01-18 22:37:46 [INFO] [OctoBans] pvp_thibaut_pvp sql checked, record: spammp by tinmar to -1
05-01-18 22:37:46 [INFO] [OctoBans] pvp_thibaut_pvp sql checked, record: floodmp by FiasK0 to -1
05-01-18 22:37:54 [INFO] [OctoBans] snipergaming3 sql checked, record: spammp by ToXiCz_TV to -1
05-01-18 22:38:53 [INFO] [OctoBans] lorois sql checked, record: insultegrave by PseudooNull to 1515188598
05-01-18 22:39:02 [INFO] [OctoBans] cooljojonathan sql checked, record: spammp by pepedjo to -1
05-01-18 22:39:02 [INFO] [OctoBans] cooljojonathan sql checked, record: spammp by Evolze to -1
05-01-18 22:39:28 [INFO] [OctoBans] deeprodole sql checked, record: spammp by Zayrox29 to -1
05-01-18 22:39:28 [INFO] [OctoBans] deeprodole sql checked, record: spammp by Zayrox29 to -1
05-01-18 22:42:51 [INFO] [OctoBans] ertynox83 sql checked, record: spammp by Koeseb97 to -1
05-01-18 22:42:51 [INFO] [OctoBans] ertynox83 sql checked, record: spammp by LsAnGfRoId to -1
05-01-18 22:42:51 [INFO] [OctoBans] ertynox83 sql checked, record: spammp by LsAnGfRoId to -1
05-01-18 22:44:41 [INFO] [OctoBans] chasseetpeche71 sql checked, record: spammp by FiasK0 to -1
05-01-18 22:44:41 [INFO] [OctoBans] chasseetpeche71 sql checked, record: spammp by PseudooNull to -1
05-01-18 22:45:57 [INFO] [OctoBans] bluegumsurytb sql checked, record: spammp by PseudooNull to -1
05-01-18 22:45:57 [INFO] [OctoBans] bluegumsurytb sql checked, record: spammp by ToXiCz_TV to -1
05-01-18 22:46:04 [INFO] [OctoBans] the_slash sql checked, record: spammp by pepedjo to -1
05-01-18 22:46:04 [INFO] [OctoBans] the_slash sql checked, record: spammp by drbrine to -1
05-01-18 22:46:04 [INFO] [OctoBans] the_slash sql checked, record: spammp by NeyTox to -1
05-01-18 22:46:04 [INFO] [OctoBans] the_slash sql checked, record: spammp by EW3L to -1
05-01-18 22:48:47 [INFO] [OctoBans] icekiller54000 sql checked, record: spammp by OCIP_Matth to -1
05-01-18 22:49:04 [INFO] [OctoBans] EGGSPLOSION punished icekiller54000 for: Insulte grave
05-01-18 22:50:00 [INFO] [OctoBans] batte sql checked, record: spammp by yeti2001vd to -1
05-01-18 22:50:41 [INFO] [OctoBans] spinay_ sql checked, record: spam by EGGSPLOSION to 1515191026
05-01-18 22:51:40 [INFO] [OctoBans] thedarknight_yt sql checked, record: spammp by LeRe to -1
05-01-18 22:52:30 [INFO] [OctoBans] ToXiCz_TV punished toxicz_tv for: Spam/flood en MP
05-01-18 22:53:52 [INFO] [OctoBans] ToXiCz_TV punished sadeksuryoutube for: Spam/flood en MP
05-01-18 22:54:19 [INFO] [OctoBans] rdvsurlebloc sql checked, record: spammp by D3adOrSnipSurYTB to -1
05-01-18 22:54:25 [INFO] [OctoBans] ToXiCz_TV punished sadeksuryoutube for: Spam/flood en MP
05-01-18 22:55:10 [INFO] [OctoBans] ToXiCz_TV punished sadeksuryoutube for: Spam/flood en MP
05-01-18 22:55:40 [INFO] [OctoBans] silax_ sql checked, record: insultegrave by tinmar to 1515205639
05-01-18 22:55:56 [INFO] [OctoBans] EGGSPLOSION punished volmog_yt for: Insulte grave
05-01-18 22:55:59 [INFO] [OctoBans] harkz sql checked, record: spammp by EGGSPLOSION to -1
05-01-18 22:55:59 [INFO] [OctoBans] harkz sql checked, record: spammp by atsuky to -1
05-01-18 22:56:31 [INFO] [OctoBans] whiteswand sql checked, record: spammp by Remil to -1
05-01-18 22:56:31 [INFO] [OctoBans] whiteswand sql checked, record: spammp by zlKayzen to -1
05-01-18 22:57:14 [INFO] [OctoBans] ToXiCz_TV punished sadeksuryoutube for: Spam/flood en MP
05-01-18 22:58:36 [INFO] [OctoBans] fiask0 sql checked, record: spammp by ToXiCz_TV to -1
05-01-18 23:00:06 [INFO] [OctoBans] EGGSPLOSION punished chucy for: Insulte
05-01-18 23:01:54 [INFO] [OctoBans] oiiiiiiiiiiio sql checked, record: spammp by SmooKeur to -1
05-01-18 23:04:37 [INFO] [OctoBans] maxougaming sql checked, record: spammp by Ceraiste to -1
05-01-18 23:04:37 [INFO] [OctoBans] maxougaming sql checked, record: spammp by EW3L to -1
05-01-18 23:04:37 [INFO] [OctoBans] maxougaming sql checked, record: spammp by FiasK0 to -1
05-01-18 23:04:37 [INFO] [OctoBans] maxougaming sql checked, record: spammp by FNGOD to -1
05-01-18 23:04:46 [INFO] [OctoBans] sadeksuryoutube sql checked, record: spammp by ToXiCz_TV to -1
05-01-18 23:04:46 [INFO] [OctoBans] sadeksuryoutube sql checked, record: spammp by ToXiCz_TV to -1
05-01-18 23:04:46 [INFO] [OctoBans] sadeksuryoutube sql checked, record: spammp by ToXiCz_TV to -1
05-01-18 23:04:46 [INFO] [OctoBans] sadeksuryoutube sql checked, record: spammp by ToXiCz_TV to -1
05-01-18 23:06:40 [INFO] [OctoBans] EGGSPLOSION punished karlwill for: Spam/flood
05-01-18 23:07:54 [INFO] [OctoBans] friphiano sql checked, record: spammp by atsuky to -1
05-01-18 23:07:54 [INFO] [OctoBans] friphiano sql checked, record: spammp by OCIP_Matth to -1
05-01-18 23:07:54 [INFO] [OctoBans] friphiano sql checked, record: spammp by PseudooNull to -1
05-01-18 23:07:55 [INFO] [OctoBans] _zwiiko_ sql checked, record: spammp by Zayrox29 to -1
05-01-18 23:08:21 [INFO] [OctoBans] friphiano sql checked, record: spammp by atsuky to -1
05-01-18 23:08:21 [INFO] [OctoBans] friphiano sql checked, record: spammp by OCIP_Matth to -1
05-01-18 23:08:21 [INFO] [OctoBans] friphiano sql checked, record: spammp by PseudooNull to -1
05-01-18 23:08:22 [INFO] [OctoBans] friphiano sql checked, record: spammp by atsuky to -1
05-01-18 23:08:22 [INFO] [OctoBans] friphiano sql checked, record: spammp by OCIP_Matth to -1
05-01-18 23:08:22 [INFO] [OctoBans] friphiano sql checked, record: spammp by PseudooNull to -1
05-01-18 23:08:25 [INFO] [OctoBans] sadeksuryoutube sql checked, record: spammp by ToXiCz_TV to -1
05-01-18 23:08:25 [INFO] [OctoBans] sadeksuryoutube sql checked, record: spammp by ToXiCz_TV to -1
05-01-18 23:08:25 [INFO] [OctoBans] sadeksuryoutube sql checked, record: spammp by ToXiCz_TV to -1
05-01-18 23:08:25 [INFO] [OctoBans] sadeksuryoutube sql checked, record: spammp by ToXiCz_TV to -1
05-01-18 23:08:36 [INFO] [OctoBans] deeprodole sql checked, record: spammp by Zayrox29 to -1
05-01-18 23:08:36 [INFO] [OctoBans] deeprodole sql checked, record: spammp by Zayrox29 to -1
05-01-18 23:08:53 [INFO] [OctoBans] EGGSPLOSION punished friphiano for: Provocation
05-01-18 23:09:15 [INFO] [OctoBans] oth716 sql checked, record: spammp by EGGSPLOSION to -1
05-01-18 23:09:20 [INFO] [OctoBans] mentos sql checked, record: spammp by FNGOD to -1
05-01-18 23:11:05 [INFO] [OctoBans] walterwhite sql checked, record: spammp by PseudooNull to -1
05-01-18 23:11:30 [INFO] [OctoBans] deniz sql checked, record: spammp by SmooKeur to -1
05-01-18 23:12:40 [INFO] [OctoBans] hayden_frost sql checked, record: spammp by OCIP_Matth to -1
05-01-18 23:14:15 [INFO] [OctoBans] sosodidi sql checked, record: spammp by Zoseq to -1
05-01-18 23:14:15 [INFO] [OctoBans] sosodidi sql checked, record: spammp by WeeZix to -1
05-01-18 23:14:15 [INFO] [OctoBans] sosodidi sql checked, record: spammp by EW3L to -1
05-01-18 23:14:15 [INFO] [OctoBans] sosodidi sql checked, record: spammp by Remil to -1
05-01-18 23:17:12 [INFO] [OctoBans] sosfight sql checked, record: spammp by PseudooNull to -1
05-01-18 23:21:57 [INFO] [OctoBans] bokos sql checked, record: spammp by yeti2001vd to -1
05-01-18 23:21:57 [INFO] [OctoBans] bokos sql checked, record: spammp by yeti2001vd to -1
05-01-18 23:21:57 [INFO] [OctoBans] bokos sql checked, record: spammp by FNGOD to -1
05-01-18 23:21:57 [INFO] [OctoBans] bokos sql checked, record: spammp by EW3L to -1
05-01-18 23:21:57 [INFO] [OctoBans] bokos sql checked, record: spammp by FNGOD to -1
05-01-18 23:27:07 [INFO] [OctoBans] kakakiki sql checked, record: spammp by WeeZix to -1
05-01-18 23:28:49 [INFO] [OctoBans] rewd sql checked, record: spammp by Ceraiste to -1
05-01-18 23:31:18 [INFO] [OctoBans] ToXiCz_TV punished sadeksuryoutube for: Insulte
05-01-18 23:34:38 [INFO] [OctoBans] bonlol sql checked, record: spammp by WeeZix to -1
05-01-18 23:34:38 [INFO] [OctoBans] bonlol sql checked, record: spammp by LsAnGfRoId to -1
05-01-18 23:34:38 [INFO] [OctoBans] bonlol sql checked, record: spammp by WeeZix to -1
05-01-18 23:34:38 [INFO] [OctoBans] bonlol sql checked, record: spammp by ToXiCz_TV to -1
05-01-18 23:34:38 [INFO] [OctoBans] bonlol sql checked, record: spammp by FiasK0 to -1
05-01-18 23:36:35 [INFO] [OctoBans] xxprocjecxx sql checked, record: tpkill by PseudooNull to 1515196046
05-01-18 23:36:56 [INFO] [OctoBans] youmakemelol sql checked, record: spammp by EW3L to -1
05-01-18 23:40:32 [INFO] [OctoBans] aexraptorz sql checked, record: spammp by Remil to -1
05-01-18 23:40:32 [INFO] [OctoBans] aexraptorz sql checked, record: spammp by PseudooNull to -1
05-01-18 23:41:18 [INFO] [OctoBans] mrfire19 sql checked, record: spammp by atsuky to -1
05-01-18 23:46:20 [INFO] [OctoBans] newrdk sql checked, record: spammp by ToXiCz_TV to -1
05-01-18 23:47:01 [INFO] [OctoBans] PseudooNull punished greenadvaaance for: Insulte
05-01-18 23:48:17 [INFO] [OctoBans] PseudooNull punished onekill62 for: Provocation
05-01-18 23:50:36 [INFO] [OctoBans] minethuglife sql checked, record: spammp by EW3L to -1
05-01-18 23:50:36 [INFO] [OctoBans] minethuglife sql checked, record: insultegrave by PseudooNull to 1515235545
05-01-18 23:51:19 [INFO] [OctoBans] yeti2001vd sql checked, record: insultegrave by PseudooNull to 1515346459
05-01-18 23:51:31 [INFO] [OctoBans] manu13 sql checked, record: spammp by FiasK0 to -1
05-01-18 23:51:49 [INFO] [OctoBans] FiasK0 punished brookdu81 for: Provocation
05-01-18 23:52:07 [INFO] [OctoBans] FiasK0 punished ltt_lucky for: Provocation
05-01-18 23:52:35 [INFO] [OctoBans] PseudooNull punished soso3004 for: Double Poste
05-01-18 23:54:00 [INFO] [OctoBans] weetiix sql checked, record: spammp by FiasK0 to -1
05-01-18 23:54:00 [INFO] [OctoBans] weetiix sql checked, record: insultegrave by FiasK0 to 1515282469
05-01-18 23:54:00 [INFO] [OctoBans] weetiix sql checked, record: tpkill by PseudooNull to 1515260925
05-01-18 23:55:17 [INFO] [OctoBans] johan22600 sql checked, record: insultegrave by NeyTox to 1515248378
06-01-18 00:00:56 [INFO] [OctoBans] PseudooNull punished the_slash for: Insulte
06-01-18 00:03:04 [INFO] [OctoBans] bytsuyo_ sql checked, record: spammp by Remil to -1
06-01-18 00:05:39 [INFO] [OctoBans] PseudooNull punished ibqwze_ for: Insulte staff
06-01-18 00:06:00 [INFO] [OctoBans] PseudooNull punished tueurdu27 for: Spam/flood
06-01-18 00:08:05 [INFO] [OctoBans] fireforce sql checked, record: tpkill by Flowtox to 1515277138
06-01-18 00:15:44 [INFO] [OctoBans] PseudooNull punished killeur56 for: Spam/flood en MP
06-01-18 00:16:38 [INFO] [OctoBans] zabilotero sql checked, record: spammp by SmooKeur to -1
06-01-18 00:16:38 [INFO] [OctoBans] zabilotero sql checked, record: spammp by PseudooNull to -1
06-01-18 00:24:47 [INFO] [OctoBans] logankillers sql checked, record: spammp by woimant to -1
06-01-18 00:32:20 [INFO] [OctoBans] warrox_ sql checked, record: spammp by Bucky57 to -1
06-01-18 00:32:20 [INFO] [OctoBans] warrox_ sql checked, record: spamfopen by Remil to 1515247734
06-01-18 00:33:09 [INFO] [OctoBans] faryu_ sql checked, record: spammp by Spovly to -1
06-01-18 00:33:09 [INFO] [OctoBans] faryu_ sql checked, record: spammp by Taygrax07 to -1
06-01-18 00:37:15 [INFO] [OctoBans] ishaadow_ sql checked, record: spammp by FamousxRay to -1
06-01-18 00:37:15 [INFO] [OctoBans] ishaadow_ sql checked, record: spammp by FNGOD to -1
06-01-18 00:51:14 [INFO] [OctoBans] xarode sql checked, record: spammp by PseudooNull to -1
06-01-18 00:51:51 [INFO] [OctoBans] flo_theking sql checked, record: spammp by PseudooNull to -1
06-01-18 00:57:29 [INFO] [OctoBans] azenpvp sql checked, record: spammp by D3adOrSnipSurYTB to -1
06-01-18 00:59:31 [INFO] [OctoBans] virocl sql checked, record: spammp by PseudooNull to -1
06-01-18 01:02:06 [INFO] [OctoBans] zlFire49 punished flo_theking for: Publicité Youtubeur
06-01-18 01:07:16 [INFO] [OctoBans] zlFire49 punished boubou37 for: Spam/flood
06-01-18 01:07:21 [INFO] [OctoBans] gotmalive sql checked, record: spammp by PseudooNull to -1
06-01-18 01:08:21 [INFO] [OctoBans] pouletgriller sql checked, record: spammp by Gamer09 to -1
06-01-18 01:08:21 [INFO] [OctoBans] pouletgriller sql checked, record: spammp by ToXiCz_TV to -1
06-01-18 01:08:21 [INFO] [OctoBans] pouletgriller sql checked, record: spammp by OCIP_Matth to -1
06-01-18 01:09:31 [INFO] [OctoBans] noragev12 sql checked, record: spammp by Shainko to -1
06-01-18 01:12:15 [INFO] [OctoBans] xx_after_xx sql checked, record: spammp by FiasK0 to -1
06-01-18 01:17:45 [INFO] [OctoBans] FiasK0 punished pouletgriller for: Provocation
06-01-18 01:25:49 [INFO] [OctoBans] ToXiCz_TV punished chut3000 for: Insulte grave
06-01-18 01:30:05 [INFO] [OctoBans] zlFire49 punished zozodu14 for: Langage incorrect
06-01-18 01:39:31 [INFO] [OctoBans] reborncreep sql checked, record: spammp by drbrine to -1
06-01-18 01:44:26 [INFO] [OctoBans] zlFire49 punished doli_gaming for: Langage incorrect
06-01-18 01:49:10 [INFO] [OctoBans] keezy sql checked, record: spammp by LeRe to -1
06-01-18 01:49:10 [INFO] [OctoBans] keezy sql checked, record: spammp by LeRe to -1
06-01-18 01:49:10 [INFO] [OctoBans] keezy sql checked, record: spammp by ToXiCz_TV to -1
06-01-18 01:49:10 [INFO] [OctoBans] keezy sql checked, record: spammp by FamousxRay to -1
06-01-18 01:49:10 [INFO] [OctoBans] keezy sql checked, record: spammp by FNGOD to -1
06-01-18 02:04:51 [INFO] [OctoBans] woimant punished romudu269 for: Insulte
06-01-18 02:07:36 [INFO] [OctoBans] wilson84 sql checked, record: spammp by OCIP_Matth to -1
06-01-18 02:07:36 [INFO] [OctoBans] wilson84 sql checked, record: spammp by ToXiCz_TV to -1
06-01-18 02:07:36 [INFO] [OctoBans] wilson84 sql checked, record: spammp by LaKitaw to -1
06-01-18 02:07:36 [INFO] [OctoBans] wilson84 sql checked, record: spammp by PseudooNull to -1
06-01-18 02:07:36 [INFO] [OctoBans] wilson84 sql checked, record: spammp by woimant to -1
06-01-18 02:07:36 [INFO] [OctoBans] wilson84 sql checked, record: spammp by Gamer09 to -1
06-01-18 02:11:22 [INFO] [OctoBans] zlFire49 punished oth716 for: Double Poste
06-01-18 02:18:52 [INFO] [OctoBans] D3adOrSnipSurYTB punished lamya for: Spam/flood
06-01-18 02:34:12 [INFO] [OctoBans] NeyTox punished reborncreep for: Spam/flood
06-01-18 02:41:51 [INFO] [OctoBans] sadeksuryoutube sql checked, record: spammp by ToXiCz_TV to -1
06-01-18 02:41:51 [INFO] [OctoBans] sadeksuryoutube sql checked, record: spammp by ToXiCz_TV to -1
06-01-18 02:41:51 [INFO] [OctoBans] sadeksuryoutube sql checked, record: spammp by ToXiCz_TV to -1
06-01-18 02:41:51 [INFO] [OctoBans] sadeksuryoutube sql checked, record: spammp by ToXiCz_TV to -1
06-01-18 02:42:46 [INFO] [OctoBans] zlFire49 punished lukas117 for: Spam/flood
06-01-18 03:52:12 [INFO] [OctoBans] imjeezk sql checked, record: spammp by Gamer09 to -1
06-01-18 03:52:12 [INFO] [OctoBans] imjeezk sql checked, record: spammp by OCIP_Matth to -1
06-01-18 03:52:12 [INFO] [OctoBans] imjeezk sql checked, record: spammp by NiceFR to -1
06-01-18 04:04:13 [INFO] [OctoBans] YTB_XxKarnageXx punished mick2230 for: Majuscule
06-01-18 04:12:59 [INFO] [OctoBans] YTB_XxKarnageXx punished ao_darkness for: Insulte grave
06-01-18 05:19:31 [INFO] [OctoBans] lokyin sql checked, record: spammp by ToXiCz_TV to -1
06-01-18 05:19:31 [INFO] [OctoBans] lokyin sql checked, record: spammp by skhey to -1
06-01-18 05:25:39 [INFO] [OctoBans] zeynox sql checked, record: spammp by Zayrox29 to -1
06-01-18 05:25:39 [INFO] [OctoBans] zeynox sql checked, record: spammp by Zoseq to -1
06-01-18 05:25:39 [INFO] [OctoBans] zeynox sql checked, record: spammp by LaKitaw to -1
06-01-18 05:25:39 [INFO] [OctoBans] zeynox sql checked, record: spammp by LaKitaw to -1
06-01-18 05:25:39 [INFO] [OctoBans] zeynox sql checked, record: spammp by LaKitaw to -1
06-01-18 05:25:39 [INFO] [OctoBans] zeynox sql checked, record: spammp by D3adOrSnipSurYTB to -1
06-01-18 06:01:01 [INFO] [OctoBans] Disabling OctoBans v1.0
