22-12-17 22:31:42 [INFO] [OctoBans] File Handler successfully initialized!
22-12-17 22:31:42 [INFO] [OctoBans] SQL connection successfully etablished
22-12-17 22:31:42 [INFO] [OctoBans] Moderator Tools by Octonia.
22-12-17 22:31:46 [INFO] [OctoBans] firexpower666_ sql checked, record: spammp by tinmar to -1
22-12-17 22:31:46 [INFO] [OctoBans] maxougaming sql checked, record: spammp by Ceraiste to -1
22-12-17 22:31:46 [INFO] [OctoBans] lamouche4 sql checked, record: spammp by Hkz_Skillon to -1
22-12-17 22:31:46 [INFO] [OctoBans] lamouche4 sql checked, record: incitationflood by EGGSPLOSION to 1514052017
22-12-17 22:31:46 [INFO] [OctoBans] grospvp sql checked, record: spammp by EGGSPLOSION to -1
22-12-17 22:31:46 [INFO] [OctoBans] aexraptorz sql checked, record: spammp by Remil to -1
22-12-17 22:31:46 [INFO] [OctoBans] aexraptorz sql checked, record: spammp by PseudooNull to -1
22-12-17 22:31:46 [INFO] [OctoBans] xxsubxx sql checked, record: spammp by OCIP_Matth to -1
22-12-17 22:31:46 [INFO] [OctoBans] zeynox sql checked, record: spammp by Zayrox29 to -1
22-12-17 22:31:46 [INFO] [OctoBans] zeynox sql checked, record: spammp by Zoseq to -1
22-12-17 22:31:46 [INFO] [OctoBans] zeynox sql checked, record: spammp by LaKitaw to -1
22-12-17 22:31:46 [INFO] [OctoBans] zeynox sql checked, record: spammp by LaKitaw to -1
22-12-17 22:31:46 [INFO] [OctoBans] zeynox sql checked, record: spammp by LaKitaw to -1
22-12-17 22:31:46 [INFO] [OctoBans] zeynox sql checked, record: spammp by D3adOrSnipSurYTB to -1
22-12-17 22:31:46 [INFO] [OctoBans] zeynox sql checked, record: insultegrave by zlKayzen to 1514218892
22-12-17 22:31:46 [INFO] [OctoBans] ertynox83 sql checked, record: spammp by Koeseb97 to -1
22-12-17 22:31:46 [INFO] [OctoBans] karibo127 sql checked, record: spammp by FNGOD to -1
22-12-17 22:31:47 [INFO] [OctoBans] bardaxx_ sql checked, record: spammp by Zoseq to -1
22-12-17 22:31:47 [INFO] [OctoBans] zynco sql checked, record: spammp by Bucky57 to -1
22-12-17 22:31:47 [INFO] [OctoBans] water__sword sql checked, record: spammp by SmooKeur to -1
22-12-17 22:31:47 [INFO] [OctoBans] byzoo sql checked, record: spammp by PseudooNull to -1
22-12-17 22:31:47 [INFO] [OctoBans] byzoo sql checked, record: spammp by PseudooNull to -1
22-12-17 22:31:48 [INFO] [OctoBans] clem010 sql checked, record: floodmp by NiceFR to -1
22-12-17 22:31:48 [INFO] [OctoBans] clem010 sql checked, record: spammp by FiasK0 to -1
22-12-17 22:31:48 [INFO] [OctoBans] clem010 sql checked, record: spammp by Bucky57 to -1
22-12-17 22:31:48 [INFO] [OctoBans] clem010 sql checked, record: spammp by SkillBOotiiS to -1
22-12-17 22:31:48 [INFO] [OctoBans] clem010 sql checked, record: provocation by EW3L to 1513980896
22-12-17 22:31:49 [INFO] [OctoBans] anguille sql checked, record: spammp by Remil to -1
22-12-17 22:31:49 [INFO] [OctoBans] anguille sql checked, record: spammp by FiasK0 to -1
22-12-17 22:31:52 [INFO] [OctoBans] killerstan24 sql checked, record: spammp by Koeseb97 to -1
22-12-17 22:31:52 [INFO] [OctoBans] killerstan24 sql checked, record: spammp by Koeseb97 to -1
22-12-17 22:31:54 [INFO] [OctoBans] virocl sql checked, record: spammp by PseudooNull to -1
22-12-17 22:31:57 [INFO] [OctoBans] darryl1 sql checked, record: spammp by FiasK0 to -1
22-12-17 22:31:57 [INFO] [OctoBans] vix sql checked, record: spammp by Taygrax07 to -1
22-12-17 22:31:57 [INFO] [OctoBans] vix sql checked, record: spammp by EW3L to -1
22-12-17 22:32:01 [INFO] [OctoBans] the_dz_men sql checked, record: spammp by FiasK0 to -1
22-12-17 22:32:02 [INFO] [OctoBans] prozeur sql checked, record: spammp by LaKitaw to -1
22-12-17 22:32:03 [INFO] [OctoBans] lethugdu46 sql checked, record: spammp by LaKitaw to -1
22-12-17 22:32:03 [INFO] [OctoBans] lethugdu46 sql checked, record: spammp by Hkz_Skillon to -1
22-12-17 22:32:05 [INFO] [OctoBans] chasseetpeche71 sql checked, record: spammp by FiasK0 to -1
22-12-17 22:32:09 [INFO] [OctoBans] ozmog_yt sql checked, record: spammp by Remil to -1
22-12-17 22:32:09 [INFO] [OctoBans] ozmog_yt sql checked, record: spammp by OCIP_Matth to -1
22-12-17 22:32:09 [INFO] [OctoBans] ozmog_yt sql checked, record: spammp by KelianHD to -1
22-12-17 22:32:09 [INFO] [OctoBans] ozmog_yt sql checked, record: spammp by SkillBOotiiS to -1
22-12-17 22:32:09 [INFO] [OctoBans] ozmog_yt sql checked, record: spammp by FiasK0 to -1
22-12-17 22:32:14 [INFO] [OctoBans] mkdarkos sql checked, record: spammp by PseudooNull to -1
22-12-17 22:32:15 [INFO] [OctoBans] sosodidi sql checked, record: spammp by Zoseq to -1
22-12-17 22:32:18 [INFO] [OctoBans] fngod sql checked, record: spammp by FamousxRay to -1
22-12-17 22:32:18 [INFO] [OctoBans] fngod sql checked, record: spammp by drbrine to -1
22-12-17 22:32:18 [INFO] [OctoBans] fngod sql checked, record: incitationflood by OCIP_Matth to 1513987320
22-12-17 22:32:27 [INFO] [OctoBans] lpz_kinder sql checked, record: spammp by ToXiCz_TV to -1
22-12-17 22:32:27 [INFO] [OctoBans] lpz_kinder sql checked, record: spammp by EW3L to -1
22-12-17 22:32:27 [INFO] [OctoBans] lpz_kinder sql checked, record: spammp by EW3L to -1
22-12-17 22:32:36 [INFO] [OctoBans] selim6671 sql checked, record: spammp by LeRe to -1
22-12-17 22:32:37 [INFO] [OctoBans] aikill sql checked, record: doubleposte by Evolze to 1513978863
22-12-17 22:32:38 [INFO] [OctoBans] xx_biom_xx sql checked, record: spammp by Spovly to -1
22-12-17 22:32:38 [INFO] [OctoBans] xx_biom_xx sql checked, record: spammp by PseudooNull to -1
22-12-17 22:32:38 [INFO] [OctoBans] nakzu_u sql checked, record: spammp by FNGOD to -1
22-12-17 22:32:38 [INFO] [OctoBans] nakzu_u sql checked, record: provocation by Ceraiste to 1513979439
22-12-17 22:32:45 [INFO] [OctoBans] imjeezk sql checked, record: spammp by Gamer09 to -1
22-12-17 22:32:45 [INFO] [OctoBans] imjeezk sql checked, record: spammp by OCIP_Matth to -1
22-12-17 22:32:47 [INFO] [OctoBans] syrox_ytb sql checked, record: spammp by Koeseb97 to -1
22-12-17 22:32:47 [INFO] [OctoBans] syrox_ytb sql checked, record: spammp by PseudooNull to -1
22-12-17 22:32:47 [INFO] [OctoBans] syrox_ytb sql checked, record: insulte by Ceraiste to 1513978720
22-12-17 22:32:47 [INFO] [OctoBans] epedrakesse sql checked, record: spammp by YTB_XxKarnageXx to -1
22-12-17 22:32:48 [INFO] [OctoBans] ourox_ sql checked, record: spammp by FiasK0 to -1
22-12-17 22:32:48 [INFO] [OctoBans] ourox_ sql checked, record: spammp by FiasK0 to -1
22-12-17 22:32:51 [INFO] [OctoBans] wasakill sql checked, record: spammp by EW3L to -1
22-12-17 22:32:51 [INFO] [OctoBans] youmakemelol sql checked, record: spammp by EW3L to -1
22-12-17 22:32:55 [INFO] [OctoBans] sh0aq sql checked, record: spammp by ToXiCz_TV to -1
22-12-17 22:32:55 [INFO] [OctoBans] sh0aq sql checked, record: spammp by OCIP_Matth to -1
22-12-17 22:32:55 [INFO] [OctoBans] noragev12 sql checked, record: spammp by Shainko to -1
22-12-17 22:32:57 [INFO] [OctoBans] swokip sql checked, record: spammp by SkillBOotiiS to -1
22-12-17 22:33:07 [INFO] [OctoBans] hayden_frost sql checked, record: spammp by OCIP_Matth to -1
22-12-17 22:33:14 [INFO] [OctoBans] xxdubeskillsxx sql checked, record: spammp by FamousxRay to -1
22-12-17 22:33:27 [INFO] [OctoBans] darkfr45 sql checked, record: spammp by FiasK0 to -1
22-12-17 22:33:27 [INFO] [OctoBans] darkfr45 sql checked, record: spammp by FiasK0 to -1
22-12-17 22:33:30 [INFO] [OctoBans] harst_ sql checked, record: spammp by FiasK0 to -1
22-12-17 22:33:58 [INFO] [OctoBans] norgonz sql checked, record: spammp by SkyKosIV to -1
22-12-17 22:34:36 [INFO] [OctoBans] idreyzen sql checked, record: pubyt by LaKitaw to 1513985942
22-12-17 22:34:53 [INFO] [OctoBans] mcfleury sql checked, record: spammp by Koeseb97 to -1
22-12-17 22:35:10 [INFO] [OctoBans] wiroox sql checked, record: spammp by WeeZix to -1
22-12-17 22:35:10 [INFO] [OctoBans] wiroox sql checked, record: spammp by FiasK0 to -1
22-12-17 22:35:10 [INFO] [OctoBans] wiroox sql checked, record: spammp by WeeZix to -1
22-12-17 22:35:10 [INFO] [OctoBans] wiroox sql checked, record: spammp by Remil to -1
22-12-17 22:35:10 [INFO] [OctoBans] wiroox sql checked, record: spammp by WeeZix to -1
22-12-17 22:35:32 [INFO] [OctoBans] reborncreep sql checked, record: spammp by drbrine to -1
22-12-17 22:35:32 [INFO] [OctoBans] reborncreep sql checked, record: insultegrave by EGGSPLOSION to 1514181343
22-12-17 22:35:35 [INFO] [OctoBans] zxbrine_ sql checked, record: spammp by Evolze to -1
22-12-17 22:35:35 [INFO] [OctoBans] zxbrine_ sql checked, record: spammp by drbrine to -1
22-12-17 22:35:35 [INFO] [OctoBans] zxbrine_ sql checked, record: spammp by EGGSPLOSION to -1
22-12-17 22:35:35 [INFO] [OctoBans] zxbrine_ sql checked, record: spammp by drbrine to -1
22-12-17 22:35:35 [INFO] [OctoBans] zxbrine_ sql checked, record: spammp by MrKebab to -1
22-12-17 22:35:41 [INFO] [OctoBans] diodu sql checked, record: spammp by Gamer09 to -1
22-12-17 22:35:52 [INFO] [OctoBans] rubyyy123 sql checked, record: spammp by SmooKeur to -1
22-12-17 22:37:22 [INFO] [OctoBans] bokos sql checked, record: spammp by yeti2001vd to -1
22-12-17 22:37:22 [INFO] [OctoBans] bokos sql checked, record: spammp by yeti2001vd to -1
22-12-17 22:37:22 [INFO] [OctoBans] bokos sql checked, record: spammp by FNGOD to -1
22-12-17 22:38:27 [INFO] [OctoBans] Gamer09 punished gronyi for: Majuscule
22-12-17 22:38:40 [INFO] [OctoBans] hkz_skillon sql checked, record: spammp by OCIP_Matth to -1
22-12-17 22:39:25 [INFO] [OctoBans] kamikassss sql checked, record: spammp by Remil to -1
22-12-17 22:42:31 [INFO] [OctoBans] dicob sql checked, record: spammp by Remil to -1
22-12-17 22:44:10 [INFO] [OctoBans] nezox_ sql checked, record: spammp by LaKitaw to -1
22-12-17 22:44:10 [INFO] [OctoBans] nezox_ sql checked, record: spammp by D3adOrSnipSurYTB to -1
22-12-17 22:44:10 [INFO] [OctoBans] nezox_ sql checked, record: spammp by PseudooNull to -1
22-12-17 22:44:45 [INFO] [OctoBans] bytsuyo_ sql checked, record: spammp by Remil to -1
22-12-17 22:44:56 [INFO] [OctoBans] roi_du_rush sql checked, record: spammp by FiasK0 to -1
22-12-17 22:44:56 [INFO] [OctoBans] roi_du_rush sql checked, record: spammp by Koeseb97 to -1
22-12-17 22:47:16 [INFO] [OctoBans] chromaaa_ sql checked, record: spammp by WeeZix to -1
22-12-17 22:47:49 [INFO] [OctoBans] unnainportant sql checked, record: spammp by Evolze to -1
22-12-17 22:47:49 [INFO] [OctoBans] unnainportant sql checked, record: spammp by LaKitaw to -1
22-12-17 22:48:48 [INFO] [OctoBans] chut3000 sql checked, record: spammp by FiasK0 to -1
22-12-17 22:50:25 [INFO] [OctoBans] acarty sql checked, record: spammp by Remil to -1
22-12-17 22:55:40 [INFO] [OctoBans] thecrane02200 sql checked, record: spammp by Koeseb97 to -1
22-12-17 22:57:43 [INFO] [OctoBans] ishaadow_ sql checked, record: spammp by FamousxRay to -1
22-12-17 22:58:02 [INFO] [OctoBans] tereure sql checked, record: spammp by Zayrox29 to -1
22-12-17 22:59:56 [INFO] [OctoBans] nrgx_sh4d0w sql checked, record: spammp by NeyTox to -1
22-12-17 23:00:59 [INFO] [OctoBans] Koeseb97 punished aikill for: Spam/flood
22-12-17 23:01:19 [INFO] [OctoBans] fabio sql checked, record: spammp by zlKayzen to -1
22-12-17 23:01:19 [INFO] [OctoBans] fabio sql checked, record: spammp by WeeZix to -1
22-12-17 23:01:19 [INFO] [OctoBans] fabio sql checked, record: racism by An0m4lly to 1514033104
22-12-17 23:06:13 [INFO] [OctoBans] azenpvp sql checked, record: spammp by D3adOrSnipSurYTB to -1
22-12-17 23:09:41 [INFO] [OctoBans] easy sql checked, record: spammp by zlKayzen to -1
22-12-17 23:15:27 [INFO] [OctoBans] the_slash sql checked, record: spammp by pepedjo to -1
22-12-17 23:15:27 [INFO] [OctoBans] the_slash sql checked, record: spammp by drbrine to -1
22-12-17 23:15:27 [INFO] [OctoBans] the_slash sql checked, record: spammp by NeyTox to -1
22-12-17 23:22:36 [INFO] [OctoBans] thedarck sql checked, record: spammp by ToXiCz_TV to -1
22-12-17 23:22:36 [INFO] [OctoBans] thedarck sql checked, record: spammp by OCIP_Matth to -1
22-12-17 23:23:34 [INFO] [OctoBans] maxoupvp sql checked, record: spammp by LeRe to -1
22-12-17 23:23:34 [INFO] [OctoBans] maxoupvp sql checked, record: spammp by drbrine to -1
22-12-17 23:23:34 [INFO] [OctoBans] maxoupvp sql checked, record: spammp by PseudooNull to -1
22-12-17 23:30:12 [INFO] [OctoBans] pepsicoca sql checked, record: spammp by FiasK0 to -1
22-12-17 23:37:52 [INFO] [OctoBans] remil sql checked, record: spammp by FiasK0 to -1
22-12-17 23:54:10 [INFO] [OctoBans] athes974 sql checked, record: spammp by FamousxRay to -1
23-12-17 00:02:16 [INFO] [OctoBans] blackarrowfr sql checked, record: spammp by FiasK0 to -1
23-12-17 00:02:41 [INFO] [OctoBans] le_clodov2 sql checked, record: spammp by ToXiCz_TV to -1
23-12-17 00:02:41 [INFO] [OctoBans] le_clodov2 sql checked, record: spammp by FamousxRay to -1
23-12-17 00:04:09 [INFO] [OctoBans] wilson84 sql checked, record: spammp by OCIP_Matth to -1
23-12-17 00:04:09 [INFO] [OctoBans] wilson84 sql checked, record: spammp by ToXiCz_TV to -1
23-12-17 00:04:09 [INFO] [OctoBans] wilson84 sql checked, record: spammp by LaKitaw to -1
23-12-17 00:04:09 [INFO] [OctoBans] wilson84 sql checked, record: spammp by PseudooNull to -1
23-12-17 00:04:09 [INFO] [OctoBans] wilson84 sql checked, record: spammp by woimant to -1
23-12-17 00:04:09 [INFO] [OctoBans] wilson84 sql checked, record: spammp by Gamer09 to -1
23-12-17 00:22:03 [INFO] [OctoBans] zarteck09 sql checked, record: spammp by Hkz_Skillon to -1
23-12-17 00:22:03 [INFO] [OctoBans] zarteck09 sql checked, record: spammp by MrKebab to -1
23-12-17 00:28:27 [INFO] [OctoBans] momolegardien sql checked, record: spammp by ToXiCz_TV to -1
23-12-17 00:41:46 [INFO] [OctoBans] cleotte123 sql checked, record: spammp by drbrine to -1
23-12-17 00:41:46 [INFO] [OctoBans] cleotte123 sql checked, record: spammp by Hkz_Skillon to -1
23-12-17 00:41:46 [INFO] [OctoBans] cleotte123 sql checked, record: spammp by MrKebab to -1
23-12-17 00:41:46 [INFO] [OctoBans] cleotte123 sql checked, record: tpkill by PseudooNull to 1514049648
23-12-17 00:44:31 [INFO] [OctoBans] ishaadow_ sql checked, record: spammp by FamousxRay to -1
23-12-17 00:45:15 [INFO] [OctoBans] wadas sql checked, record: spammp by yeti2001vd to -1
23-12-17 00:47:24 [INFO] [OctoBans] romudu269 sql checked, record: spammp by Remil to -1
23-12-17 00:47:42 [INFO] [OctoBans] rubyyy1234 sql checked, record: spammp by Koeseb97 to -1
23-12-17 00:49:56 [INFO] [OctoBans] PseudooNull punished arnodu57 for: TpKill
23-12-17 00:52:09 [INFO] [OctoBans] tigro17 sql checked, record: spammp by ToXiCz_TV to -1
23-12-17 00:59:15 [INFO] [OctoBans] PseudooNull punished okalorsok for: Insulte
23-12-17 01:02:23 [INFO] [OctoBans] zbeubz sql checked, record: spammp by KelianHD to -1
23-12-17 01:02:23 [INFO] [OctoBans] zbeubz sql checked, record: spammp by pepedjo to -1
23-12-17 01:03:30 [INFO] [OctoBans] sangvip sql checked, record: spammp by EW3L to -1
23-12-17 01:05:13 [INFO] [OctoBans] kitsky sql checked, record: spammp by Gamer09 to -1
23-12-17 01:06:46 [INFO] [OctoBans] skuuurtmzz sql checked, record: spammp by tinmar to -1
23-12-17 01:06:46 [INFO] [OctoBans] skuuurtmzz sql checked, record: spammp by Remil to -1
23-12-17 01:06:46 [INFO] [OctoBans] skuuurtmzz sql checked, record: spammp by Spovly to -1
23-12-17 01:10:47 [INFO] [OctoBans] seyyde_ sql checked, record: spammp by ToXiCz_TV to -1
23-12-17 01:16:26 [INFO] [OctoBans] weezy sql checked, record: spammp by LeRe to -1
23-12-17 01:19:00 [INFO] [OctoBans] hulz0 sql checked, record: spammp by FiasK0 to -1
23-12-17 01:27:25 [INFO] [OctoBans] D3adOrSnipSurYTB punished kitsky for: Insulte
23-12-17 01:39:06 [INFO] [OctoBans] gangstardu59 sql checked, record: insultegrave by OCIP_Matth to 1514022322
23-12-17 01:56:30 [INFO] [OctoBans] lafleurbleue sql checked, record: spammp by Evolze to -1
23-12-17 01:58:02 [INFO] [OctoBans] sqkaa_ sql checked, record: spammp by Remil to -1
23-12-17 01:58:02 [INFO] [OctoBans] sqkaa_ sql checked, record: spammp by Remil to -1
23-12-17 01:58:02 [INFO] [OctoBans] sqkaa_ sql checked, record: spammp by Remil to -1
23-12-17 01:59:08 [INFO] [OctoBans] mysterix4k sql checked, record: spammp by Bucky57 to -1
23-12-17 02:02:01 [INFO] [OctoBans] Gamer09 punished sqkaa_ for: Pub serveur
23-12-17 02:03:12 [INFO] [OctoBans] Gamer09 punished loozer_ for: Double Poste
23-12-17 02:09:57 [INFO] [OctoBans] mgk_tozzzz sql checked, record: spammp by drbrine to -1
23-12-17 02:10:36 [INFO] [OctoBans] by_fly sql checked, record: spammp by Hkz_Skillon to -1
23-12-17 02:14:14 [INFO] [OctoBans] skyfox93 sql checked, record: spammp by ToXiCz_TV to -1
23-12-17 03:04:34 [INFO] [OctoBans] Koeseb97 punished deadkill for: Provocation
23-12-17 04:35:15 [INFO] [OctoBans] indow_ sql checked, record: spammp by Evolze to -1
23-12-17 04:35:15 [INFO] [OctoBans] indow_ sql checked, record: spammp by WeeZix to -1
23-12-17 06:01:01 [INFO] [OctoBans] Disabling OctoBans v1.0
