16-12-17 22:31:42 [INFO] [OctoBans] File Handler successfully initialized!
16-12-17 22:31:42 [INFO] [OctoBans] SQL connection successfully etablished
16-12-17 22:31:42 [INFO] [OctoBans] Moderator Tools by Octonia.
16-12-17 22:31:46 [INFO] [OctoBans] pablo sql checked, record: spammp by OCIP_Matth to -1
16-12-17 22:31:46 [INFO] [OctoBans] blastninja sql checked, record: spammp by LeRe to -1
16-12-17 22:31:46 [INFO] [OctoBans] blastninja sql checked, record: spammp by Zoseq to -1
16-12-17 22:31:46 [INFO] [OctoBans] blastninja sql checked, record: spammp by PseudooNull to -1
16-12-17 22:31:46 [INFO] [OctoBans] blastninja sql checked, record: spammp by PseudooNull to -1
16-12-17 22:31:46 [INFO] [OctoBans] blastninja sql checked, record: insultestaff by Zayrox29 to 1513491495
16-12-17 22:31:46 [INFO] [OctoBans] xx_yz_xx sql checked, record: spammp by SkillBOotiiS to -1
16-12-17 22:31:46 [INFO] [OctoBans] mkdarkos sql checked, record: spammp by PseudooNull to -1
16-12-17 22:31:46 [INFO] [OctoBans] a_n_u_b_i_s sql checked, record: incitationflood by Evolze to 1513504685
16-12-17 22:31:46 [INFO] [OctoBans] mame sql checked, record: spammp by FiasK0 to -1
16-12-17 22:31:46 [INFO] [OctoBans] mame sql checked, record: spammp by Ourox_ to -1
16-12-17 22:31:46 [INFO] [OctoBans] mame sql checked, record: spam by zlKayzen to 1513468855
16-12-17 22:31:46 [INFO] [OctoBans] the_dz_men sql checked, record: spammp by FiasK0 to -1
16-12-17 22:31:46 [INFO] [OctoBans] zeus_monkey sql checked, record: spammp by Zoseq to -1
16-12-17 22:31:46 [INFO] [OctoBans] zeus_monkey sql checked, record: spammp by EGGSPLOSION to -1
16-12-17 22:31:46 [INFO] [OctoBans] zeus_monkey sql checked, record: doubleposte by EGGSPLOSION to 1513461375
16-12-17 22:31:46 [INFO] [OctoBans] maxoupvp sql checked, record: spammp by LeRe to -1
16-12-17 22:31:46 [INFO] [OctoBans] maxoupvp sql checked, record: spammp by drbrine to -1
16-12-17 22:31:46 [INFO] [OctoBans] _theodu13_ sql checked, record: spammp by FamousxRay to -1
16-12-17 22:31:46 [INFO] [OctoBans] meven789 sql checked, record: insultestaff by LaKitaw to 1513479669
16-12-17 22:31:49 [INFO] [OctoBans] mayeul sql checked, record: spammp by SmooKeur to -1
16-12-17 22:31:51 [INFO] [OctoBans] chut3000 sql checked, record: spammp by FiasK0 to -1
16-12-17 22:31:52 [INFO] [OctoBans] destroyer_s_34 sql checked, record: spammp by Zayrox29 to -1
16-12-17 22:31:52 [INFO] [OctoBans] zobelsuryoutube sql checked, record: spammp by Zayrox29 to -1
16-12-17 22:31:52 [INFO] [OctoBans] clem010 sql checked, record: floodmp by NiceFR to -1
16-12-17 22:31:52 [INFO] [OctoBans] clem010 sql checked, record: spammp by FiasK0 to -1
16-12-17 22:31:52 [INFO] [OctoBans] clem010 sql checked, record: spammp by Bucky57 to -1
16-12-17 22:31:52 [INFO] [OctoBans] clem010 sql checked, record: spammp by SkillBOotiiS to -1
16-12-17 22:31:52 [INFO] [OctoBans] clem010 sql checked, record: insultestaff by FiasK0 to 1513507958
16-12-17 22:31:53 [INFO] [OctoBans] easy sql checked, record: insultesrv by FiasK0 to 1513465561
16-12-17 22:31:53 [INFO] [OctoBans] easy sql checked, record: spammp by zlKayzen to -1
16-12-17 22:32:01 [INFO] [OctoBans] paulolalune sql checked, record: spammp by WeeZix to -1
16-12-17 22:32:04 [INFO] [OctoBans] ertynox83 sql checked, record: spammp by Koeseb97 to -1
16-12-17 22:32:10 [INFO] [OctoBans] ccffer sql checked, record: spammp by LaKitaw to -1
16-12-17 22:32:10 [INFO] [OctoBans] ccffer sql checked, record: spammp by NeyTox to -1
16-12-17 22:32:10 [INFO] [OctoBans] ccffer sql checked, record: spammp by Zayrox29 to -1
16-12-17 22:32:10 [INFO] [OctoBans] ccffer sql checked, record: spammp by Hkz_Skillon to -1
16-12-17 22:32:10 [INFO] [OctoBans] ccffer sql checked, record: spammp by EGGSPLOSION to -1
16-12-17 22:32:12 [INFO] [OctoBans] amokon sql checked, record: spammp by PoukoaMoa to -1
16-12-17 22:32:12 [INFO] [OctoBans] amokon sql checked, record: spammp by drbrine to -1
16-12-17 22:32:12 [INFO] [OctoBans] amokon sql checked, record: doubleposte by EGGSPLOSION to 1513465914
16-12-17 22:32:13 [INFO] [OctoBans] zarteck09 sql checked, record: spammp by Hkz_Skillon to -1
16-12-17 22:32:13 [INFO] [OctoBans] zarteck09 sql checked, record: spammp by MrKebab to -1
16-12-17 22:32:18 [INFO] [OctoBans] mimi146 sql checked, record: spammp by FiasK0 to -1
16-12-17 22:32:18 [INFO] [OctoBans] byzoo sql checked, record: spammp by PseudooNull to -1
16-12-17 22:32:23 [INFO] [OctoBans] thecrane sql checked, record: spammp by WeeZix to -1
16-12-17 22:32:24 [INFO] [OctoBans] draklollllsuper sql checked, record: spam by Mzeer to 1513466710
16-12-17 22:32:25 [INFO] [OctoBans] shimo_ sql checked, record: insultestaff by FiasK0 to 1513476262
16-12-17 22:32:26 [INFO] [OctoBans] reborncreep sql checked, record: spammp by drbrine to -1
16-12-17 22:32:30 [INFO] [OctoBans] mynameiszerkos_ sql checked, record: insultegrave by Taygrax07 to 1513530636
16-12-17 22:32:38 [INFO] [OctoBans] mega_oulou sql checked, record: spam by EGGSPLOSION to 1513464473
16-12-17 22:32:38 [INFO] [OctoBans] aexraptorz sql checked, record: spammp by Remil to -1
16-12-17 22:32:49 [INFO] [OctoBans] nakzu_u sql checked, record: insulte by Taygrax07 to 1513477315
16-12-17 22:32:56 [INFO] [OctoBans] aikill sql checked, record: doubleposte by Gamer09 to 1513460984
16-12-17 22:33:00 [INFO] [OctoBans] kikoudu35 sql checked, record: incitationflood by EGGSPLOSION to 1513545870
16-12-17 22:33:07 [INFO] [OctoBans] fngod sql checked, record: spammp by FamousxRay to -1
16-12-17 22:33:23 [INFO] [OctoBans] aykoris sql checked, record: insultegrave by zlKayzen to 1513494154
16-12-17 22:33:30 [INFO] [OctoBans] px_skillpvpyt sql checked, record: majuscule by Evolze to 1513461068
16-12-17 22:33:59 [INFO] [OctoBans] greens_zmeurfs sql checked, record: spam by Gamer09 to 1513470787
16-12-17 22:34:13 [INFO] [OctoBans] ijonas_ sql checked, record: spammp by tinmar to -1
16-12-17 22:34:46 [INFO] [OctoBans] noragev12 sql checked, record: spammp by Shainko to -1
16-12-17 22:35:08 [INFO] [OctoBans] eric125 sql checked, record: insultegrave by Zayrox29 to 1513467018
16-12-17 22:35:16 [INFO] [OctoBans] hkz_skillon sql checked, record: spammp by OCIP_Matth to -1
16-12-17 22:35:31 [INFO] [OctoBans] theohand sql checked, record: spammp by OCIP_Matth to -1
16-12-17 22:37:36 [INFO] [OctoBans] azenpvp sql checked, record: spammp by D3adOrSnipSurYTB to -1
16-12-17 22:37:41 [INFO] [OctoBans] mcfleury sql checked, record: spammp by Koeseb97 to -1
16-12-17 22:39:54 [INFO] [OctoBans] FNGOD punished theohand for: Double Poste
16-12-17 22:41:16 [INFO] [OctoBans] woimant punished mathomike for: Majuscule
16-12-17 22:41:35 [INFO] [OctoBans] Zayrox29 punished ayzziix for: Double Poste
16-12-17 22:42:12 [INFO] [OctoBans] fearzk_ sql checked, record: spammp by PoukoaMoa to -1
16-12-17 22:42:12 [INFO] [OctoBans] fearzk_ sql checked, record: doubleposte by Evolze to 1513463478
16-12-17 22:43:04 [INFO] [OctoBans] YTB_XxKarnageXx punished thecrane for: Double Poste
16-12-17 22:43:06 [INFO] [OctoBans] bzhraphy sql checked, record: doubleposte by Taygrax07 to 1513461919
16-12-17 22:44:29 [INFO] [OctoBans] EGGSPLOSION punished rdvsurlebloc for: Insulte
16-12-17 22:44:43 [INFO] [OctoBans] wilson84 sql checked, record: spammp by OCIP_Matth to -1
16-12-17 22:44:43 [INFO] [OctoBans] wilson84 sql checked, record: spammp by ToXiCz_TV to -1
16-12-17 22:44:43 [INFO] [OctoBans] wilson84 sql checked, record: spammp by LaKitaw to -1
16-12-17 22:44:43 [INFO] [OctoBans] wilson84 sql checked, record: spammp by PseudooNull to -1
16-12-17 22:44:43 [INFO] [OctoBans] wilson84 sql checked, record: spammp by woimant to -1
16-12-17 22:46:02 [INFO] [OctoBans] FiasK0 punished pablo for: Double Poste
16-12-17 22:46:42 [INFO] [OctoBans] pouletgriller sql checked, record: spammp by Gamer09 to -1
16-12-17 22:46:42 [INFO] [OctoBans] pouletgriller sql checked, record: spammp by ToXiCz_TV to -1
16-12-17 22:47:54 [INFO] [OctoBans] xxheroiikxx sql checked, record: spammp by Hkz_Skillon to -1
16-12-17 22:48:12 [INFO] [OctoBans] yongmen sql checked, record: spammp by ToXiCz_TV to -1
16-12-17 22:48:12 [INFO] [OctoBans] yongmen sql checked, record: spammp by ToXiCz_TV to -1
16-12-17 22:48:12 [INFO] [OctoBans] yongmen sql checked, record: spammp by ToXiCz_TV to -1
16-12-17 22:48:12 [INFO] [OctoBans] yongmen sql checked, record: spammp by ToXiCz_TV to -1
16-12-17 22:48:12 [INFO] [OctoBans] yongmen sql checked, record: spammp by ToXiCz_TV to -1
16-12-17 22:48:12 [INFO] [OctoBans] yongmen sql checked, record: spammp by Koeseb97 to -1
16-12-17 22:50:50 [INFO] [OctoBans] joueur2nuit sql checked, record: spammp by EW3L to -1
16-12-17 22:50:50 [INFO] [OctoBans] joueur2nuit sql checked, record: spammp by EW3L to -1
16-12-17 22:52:00 [INFO] [OctoBans] lefifoudu3 sql checked, record: spammp by EW3L to -1
16-12-17 22:52:00 [INFO] [OctoBans] lefifoudu3 sql checked, record: spammp by EW3L to -1
16-12-17 22:52:00 [INFO] [OctoBans] lefifoudu3 sql checked, record: spammp by Koeseb97 to -1
16-12-17 22:52:00 [INFO] [OctoBans] lefifoudu3 sql checked, record: insultegrave by LaKitaw to 1513749711
16-12-17 22:52:00 [INFO] [OctoBans] lefifoudu3 sql checked, record: spammp by LaKitaw to -1
16-12-17 22:52:00 [INFO] [OctoBans] lefifoudu3 sql checked, record: spammp by SkillBOotiiS to -1
16-12-17 22:55:15 [INFO] [OctoBans] zxbrine_ sql checked, record: spammp by Evolze to -1
16-12-17 22:55:15 [INFO] [OctoBans] zxbrine_ sql checked, record: spammp by drbrine to -1
16-12-17 22:55:15 [INFO] [OctoBans] zxbrine_ sql checked, record: spammp by EGGSPLOSION to -1
16-12-17 22:55:15 [INFO] [OctoBans] zxbrine_ sql checked, record: spammp by drbrine to -1
16-12-17 22:55:15 [INFO] [OctoBans] zxbrine_ sql checked, record: spammp by MrKebab to -1
16-12-17 22:55:45 [INFO] [OctoBans] leminecraftien80 sql checked, record: spammp by EW3L to -1
16-12-17 22:55:45 [INFO] [OctoBans] leminecraftien80 sql checked, record: spammp by D3adOrSnipSurYTB to -1
16-12-17 22:55:45 [INFO] [OctoBans] leminecraftien80 sql checked, record: spammp by FiasK0 to -1
16-12-17 22:55:45 [INFO] [OctoBans] leminecraftien80 sql checked, record: homophobie by Zayrox29 to 1513469541
16-12-17 22:55:45 [INFO] [OctoBans] leminecraftien80 sql checked, record: provocation by FiasK0 to 1513461844
16-12-17 22:56:08 [INFO] [OctoBans] kabcrast sql checked, record: spammp by Gamer09 to -1
16-12-17 23:00:56 [INFO] [OctoBans] nezox_ sql checked, record: spammp by LaKitaw to -1
16-12-17 23:00:56 [INFO] [OctoBans] nezox_ sql checked, record: spammp by D3adOrSnipSurYTB to -1
16-12-17 23:00:56 [INFO] [OctoBans] nezox_ sql checked, record: spammp by PseudooNull to -1
16-12-17 23:01:03 [INFO] [OctoBans] skybow sql checked, record: spammp by yeti2001vd to -1
16-12-17 23:02:29 [INFO] [OctoBans] FiasK0 punished brookdu81 for: Majuscule
16-12-17 23:02:57 [INFO] [OctoBans] FiasK0 punished eliottee for: Majuscule
16-12-17 23:03:25 [INFO] [OctoBans] fabio sql checked, record: spammp by Koeseb97 to -1
16-12-17 23:03:25 [INFO] [OctoBans] fabio sql checked, record: spammp by zlKayzen to -1
16-12-17 23:04:52 [INFO] [OctoBans] Zayrox29 punished mayz_ for: Majuscule
16-12-17 23:05:35 [INFO] [OctoBans] keezy sql checked, record: spammp by LeRe to -1
16-12-17 23:05:35 [INFO] [OctoBans] keezy sql checked, record: spammp by LeRe to -1
16-12-17 23:05:35 [INFO] [OctoBans] keezy sql checked, record: spammp by ToXiCz_TV to -1
16-12-17 23:05:35 [INFO] [OctoBans] keezy sql checked, record: spammp by FamousxRay to -1
16-12-17 23:05:35 [INFO] [OctoBans] keezy sql checked, record: insultegrave by PseudooNull to 1513521474
16-12-17 23:05:38 [INFO] [OctoBans] woimant punished maxoupvp for: Majuscule
16-12-17 23:10:28 [INFO] [OctoBans] D3adOrSnipSurYTB punished dilili for: Langage incorrect
16-12-17 23:10:43 [INFO] [OctoBans] tyzaa sql checked, record: spammp by Flowtox to -1
16-12-17 23:10:43 [INFO] [OctoBans] tyzaa sql checked, record: spammp by SkillBOotiiS to -1
16-12-17 23:14:18 [INFO] [OctoBans] D3adOrSnipSurYTB punished exodiusgamer for: Double Poste
16-12-17 23:15:29 [INFO] [OctoBans] hayden_frost sql checked, record: spammp by OCIP_Matth to -1
16-12-17 23:18:33 [INFO] [OctoBans] D3adOrSnipSurYTB punished roxkillerz for: Majuscule
16-12-17 23:18:40 [INFO] [OctoBans] zlKayzen punished _blowpop_ for: Majuscule
16-12-17 23:19:21 [INFO] [OctoBans] D3adOrSnipSurYTB punished azertymat for: Double Poste
16-12-17 23:21:03 [INFO] [OctoBans] Zayrox29 punished aleksei for: Pub serveur
16-12-17 23:21:13 [INFO] [OctoBans] Zayrox29 punished danielxd7u7r for: Insulte grave
16-12-17 23:22:36 [INFO] [OctoBans] FiasK0 punished yoyo94340 for: Double Poste
16-12-17 23:22:48 [INFO] [OctoBans] warrox_ sql checked, record: insulte by Taygrax07 to 1513467334
16-12-17 23:23:13 [INFO] [OctoBans] nolan45 sql checked, record: spammp by MrKebab to -1
16-12-17 23:24:50 [INFO] [OctoBans] xxfloxx19 sql checked, record: spammp by Evolze to -1
16-12-17 23:25:38 [INFO] [OctoBans] FiasK0 punished mimi146 for: Double Poste
16-12-17 23:28:02 [INFO] [OctoBans] Zayrox29 punished lepandayt for: Double Poste
16-12-17 23:28:47 [INFO] [OctoBans] LaKitaw punished ijonas_ for: Publicité Youtubeur
16-12-17 23:28:52 [INFO] [OctoBans] D3adOrSnipSurYTB punished yolopvp for: Publicité Youtubeur
16-12-17 23:32:51 [INFO] [OctoBans] D3adOrSnipSurYTB punished neoss for: Majuscule
16-12-17 23:33:48 [INFO] [OctoBans] xxdubeskillsxx sql checked, record: spammp by FamousxRay to -1
16-12-17 23:34:34 [INFO] [OctoBans] yolopvp sql checked, record: pubyt by D3adOrSnipSurYTB to 1513466932
16-12-17 23:36:22 [INFO] [OctoBans] nrgx_sh4d0w sql checked, record: spammp by NeyTox to -1
16-12-17 23:36:58 [INFO] [OctoBans] D3adOrSnipSurYTB punished ethan0629 for: Spam/flood
16-12-17 23:38:27 [INFO] [OctoBans] woimant punished ouwox_yt for: Double Poste
16-12-17 23:38:55 [INFO] [OctoBans] by_fly sql checked, record: spammp by Hkz_Skillon to -1
16-12-17 23:39:37 [INFO] [OctoBans] the_slash sql checked, record: spammp by pepedjo to -1
16-12-17 23:39:37 [INFO] [OctoBans] the_slash sql checked, record: spammp by drbrine to -1
16-12-17 23:39:37 [INFO] [OctoBans] the_slash sql checked, record: spammp by NeyTox to -1
16-12-17 23:39:37 [INFO] [OctoBans] the_slash sql checked, record: doubleposte by Gamer09 to 1513464006
16-12-17 23:40:26 [INFO] [OctoBans] reqz_ sql checked, record: spammp by FiasK0 to -1
16-12-17 23:40:57 [INFO] [OctoBans] D3adOrSnipSurYTB punished reqz_ for: Double Poste
16-12-17 23:41:40 [INFO] [OctoBans] FiasK0 punished ktm125sx for: Provocation
16-12-17 23:41:57 [INFO] [OctoBans] leminecraftien80 sql checked, record: spammp by EW3L to -1
16-12-17 23:41:57 [INFO] [OctoBans] leminecraftien80 sql checked, record: spammp by D3adOrSnipSurYTB to -1
16-12-17 23:41:57 [INFO] [OctoBans] leminecraftien80 sql checked, record: spammp by FiasK0 to -1
16-12-17 23:41:57 [INFO] [OctoBans] leminecraftien80 sql checked, record: homophobie by Zayrox29 to 1513469541
16-12-17 23:42:30 [INFO] [OctoBans] D3adOrSnipSurYTB punished amine for: Double Poste
16-12-17 23:42:43 [INFO] [OctoBans] mattys0403 sql checked, record: spammp by pepedjo to -1
16-12-17 23:42:43 [INFO] [OctoBans] mattys0403 sql checked, record: spammp by pepedjo to -1
16-12-17 23:42:43 [INFO] [OctoBans] mattys0403 sql checked, record: spammp by Remil to -1
16-12-17 23:43:22 [INFO] [OctoBans] FiasK0 punished leminecraftien80 for: Insulte staff
16-12-17 23:49:53 [INFO] [OctoBans] rayzfire sql checked, record: spammp by ToXiCz_TV to -1
16-12-17 23:49:53 [INFO] [OctoBans] rayzfire sql checked, record: spammp by ToXiCz_TV to -1
16-12-17 23:50:04 [INFO] [OctoBans] zlKayzen punished fabio for: Double Poste
16-12-17 23:52:33 [INFO] [OctoBans] PseudooNull punished mrblaze77 for: Provocation
16-12-17 23:53:33 [INFO] [OctoBans] FNGOD punished azertox_yt for: Pub serveur
17-12-17 00:03:23 [INFO] [OctoBans] Disabling OctoBans v1.0
