26-07-17 22:31:43 [INFO] [OctoBans] File Handler successfully initialized!
26-07-17 22:31:43 [INFO] [OctoBans] SQL connection successfully etablished
26-07-17 22:31:43 [INFO] [OctoBans] Moderator Tools by Octonia.
26-07-17 22:31:48 [INFO] [OctoBans] selim45 sql checked, record: spammp by ZerKup to -1
26-07-17 22:31:48 [INFO] [OctoBans] batte sql checked, record: spammp by SuperJojo to -1
26-07-17 22:31:49 [INFO] [OctoBans] d3adorsnipsurytb sql checked, record: spammp by SuperJojo to -1
26-07-17 22:31:49 [INFO] [OctoBans] ew3l sql checked, record: doubleposte by Shainko to 1501103650
26-07-17 22:31:49 [INFO] [OctoBans] marleyx sql checked, record: spammp by drbrine to -1
26-07-17 22:31:49 [INFO] [OctoBans] shouteur sql checked, record: spammp by Remil to -1
26-07-17 22:31:49 [INFO] [OctoBans] shouteur sql checked, record: spammp by Remil to -1
26-07-17 22:31:49 [INFO] [OctoBans] shouteur sql checked, record: spammp by Remil to -1
26-07-17 22:31:49 [INFO] [OctoBans] shouteur sql checked, record: spammp by Remil to -1
26-07-17 22:31:49 [INFO] [OctoBans] shouteur sql checked, record: spammp by Remil to -1
26-07-17 22:31:49 [INFO] [OctoBans] shouteur sql checked, record: spammp by Remil to -1
26-07-17 22:31:49 [INFO] [OctoBans] shouteur sql checked, record: spammp by Remil to -1
26-07-17 22:31:49 [INFO] [OctoBans] shouteur sql checked, record: spammp by Remil to -1
26-07-17 22:31:49 [INFO] [OctoBans] shouteur sql checked, record: spammp by Remil to -1
26-07-17 22:31:49 [INFO] [OctoBans] anthony972 sql checked, record: spammp by Remil to -1
26-07-17 22:31:49 [INFO] [OctoBans] anthony972 sql checked, record: spammp by Remil to -1
26-07-17 22:31:49 [INFO] [OctoBans] biguiboss31 sql checked, record: spammp by PseudoNul to -1
26-07-17 22:31:49 [INFO] [OctoBans] biguiboss31 sql checked, record: spammp by Remil to -1
26-07-17 22:31:49 [INFO] [OctoBans] yassir321 sql checked, record: spammp by PseudoNul to -1
26-07-17 22:31:49 [INFO] [OctoBans] instateproofy sql checked, record: spammp by Remil to -1
26-07-17 22:31:49 [INFO] [OctoBans] instateproofy sql checked, record: spammp by Remil to -1
26-07-17 22:31:49 [INFO] [OctoBans] modattozz sql checked, record: spammp by tinmar to -1
26-07-17 22:31:49 [INFO] [OctoBans] kekegameur sql checked, record: langage by D3adOrSnipSurYTB to 1501101589
26-07-17 22:31:49 [INFO] [OctoBans] biffy sql checked, record: kickautre by Antoine57565 to -1
26-07-17 22:31:49 [INFO] [OctoBans] biffy sql checked, record: incitationflood by YTB_XxKarnageXx to 1501343472
26-07-17 22:31:49 [INFO] [OctoBans] vendeur2tacos sql checked, record: spammp by PseudoNul to -1
26-07-17 22:31:52 [INFO] [OctoBans] blc_frr_pvp sql checked, record: spammp by iPurple_ to -1
26-07-17 22:31:52 [INFO] [OctoBans] blc_frr_pvp sql checked, record: spammp by PseudoNul to -1
26-07-17 22:31:52 [INFO] [OctoBans] blc_frr_pvp sql checked, record: insultegrave by ZerKup to 1501264597
26-07-17 22:31:53 [INFO] [OctoBans] pomme2pins sql checked, record: insultegrave by tinmar to 1501144849
26-07-17 22:31:53 [INFO] [OctoBans] pomme2pins sql checked, record: spammp by tinmar to -1
26-07-17 22:31:53 [INFO] [OctoBans] pomme2pins sql checked, record: insultestaff by crapule to 1501109297
26-07-17 22:31:55 [INFO] [OctoBans] energy_panda sql checked, record: incitationflood by YTB_XxKarnageXx to 1501181822
26-07-17 22:32:03 [INFO] [OctoBans] mathou_gaming_fr sql checked, record: spammp by Remil to -1
26-07-17 22:32:05 [INFO] [OctoBans] icrowz_ sql checked, record: spammp by iPurple_ to -1
26-07-17 22:32:05 [INFO] [OctoBans] samybg sql checked, record: spammp by Remil to -1
26-07-17 22:32:05 [INFO] [OctoBans] samybg sql checked, record: spammp by Remil to -1
26-07-17 22:32:05 [INFO] [OctoBans] samybg sql checked, record: spammp by Remil to -1
26-07-17 22:32:05 [INFO] [OctoBans] samybg sql checked, record: spammp by drbrine to -1
26-07-17 22:32:06 [INFO] [OctoBans] dylan150905 sql checked, record: insultestaff by YTB_XxKarnageXx to 1501132157
26-07-17 22:32:11 [INFO] [OctoBans] jungthug_yt sql checked, record: spammp by tinmar to -1
26-07-17 22:32:12 [INFO] [OctoBans] mini_gr4nola sql checked, record: spammp by SuperJojo to -1
26-07-17 22:32:13 [INFO] [OctoBans] trenitycrash sql checked, record: spammp by Anzerti to -1
26-07-17 22:32:16 [INFO] [OctoBans] mrkebab sql checked, record: spammp by SuperJojo to -1
26-07-17 22:32:16 [INFO] [OctoBans] mrkebab sql checked, record: spammp by SuperJojo to -1
26-07-17 22:32:16 [INFO] [OctoBans] mrkebab sql checked, record: spammp by Remil to -1
26-07-17 22:32:17 [INFO] [OctoBans] arrowgaming sql checked, record: spammp by SkyKosIV to -1
26-07-17 22:32:17 [INFO] [OctoBans] arrowgaming sql checked, record: spammp by iPurple_ to -1
26-07-17 22:32:21 [INFO] [OctoBans] neox_ytb sql checked, record: spammp by iPurple_ to -1
26-07-17 22:32:21 [INFO] [OctoBans] neox_ytb sql checked, record: spammp by PseudoNul to -1
26-07-17 22:32:23 [INFO] [OctoBans] lololefou sql checked, record: spammp by PseudoNul to -1
26-07-17 22:32:23 [INFO] [OctoBans] lololefou sql checked, record: spam by YTB_XxKarnageXx to 1501111422
26-07-17 22:32:28 [INFO] [OctoBans] osmanlitorunu sql checked, record: spam by Forway to 1501121662
26-07-17 22:32:31 [INFO] [OctoBans] hayden_frost sql checked, record: spammp by PseudoNul to -1
26-07-17 22:32:32 [INFO] [OctoBans] lolo201 sql checked, record: spam by TheBrioche13 to 1501102626
26-07-17 22:32:48 [INFO] [OctoBans] waytek sql checked, record: spammp by PseudoNul to -1
26-07-17 22:32:48 [INFO] [OctoBans] waytek sql checked, record: spammp by Remil to -1
26-07-17 22:32:48 [INFO] [OctoBans] waytek sql checked, record: spammp by Remil to -1
26-07-17 22:32:51 [INFO] [OctoBans] gamix_yt sql checked, record: spammp by SkyKosIV to -1
26-07-17 22:32:51 [INFO] [OctoBans] gamix_yt sql checked, record: spammp by Steph078 to -1
26-07-17 22:32:51 [INFO] [OctoBans] gamix_yt sql checked, record: insultegrave by K0STiK_ to 1501336385
26-07-17 22:32:56 [INFO] [OctoBans] artinikz sql checked, record: incitationflood by Forway to 1501264998
26-07-17 22:33:19 [INFO] [OctoBans] scorpmanskill sql checked, record: spammp by Remil to -1
26-07-17 22:33:19 [INFO] [OctoBans] scorpmanskill sql checked, record: faussesinfos by ZerKup to 1501171636
26-07-17 22:33:33 [INFO] [OctoBans] nicerush sql checked, record: spammp by YTB_XxKarnageXx to -1
26-07-17 22:33:33 [INFO] [OctoBans] nicerush sql checked, record: spammp by PseudoNul to -1
26-07-17 22:33:33 [INFO] [OctoBans] val28120 sql checked, record: floodmp by Forway to -1
26-07-17 22:33:33 [INFO] [OctoBans] val28120 sql checked, record: spammp by PseudoNul to -1
26-07-17 22:33:33 [INFO] [OctoBans] val28120 sql checked, record: floodmp by Forway to -1
26-07-17 22:33:33 [INFO] [OctoBans] val28120 sql checked, record: spammp by drbrine to -1
26-07-17 22:33:35 [INFO] [OctoBans] wize_ sql checked, record: spammp by NeosiaNexus to -1
26-07-17 22:33:40 [INFO] [OctoBans] olivier28130 sql checked, record: spammp by iPurple_ to -1
26-07-17 22:34:00 [INFO] [OctoBans] shadows_ sql checked, record: majuscule by zlSkill49 to 1501102410
26-07-17 22:34:05 [INFO] [OctoBans] twinx_boy sql checked, record: spammp by SnowEffect to -1
26-07-17 22:34:27 [INFO] [OctoBans] zarshou sql checked, record: incitationflood by YTB_XxKarnageXx to 1501257431
26-07-17 22:34:52 [INFO] [OctoBans] vendeur2kebab sql checked, record: doubleposte by Forway to 1501103193
26-07-17 22:35:10 [INFO] [OctoBans] logamer sql checked, record: floodmp by Forway to -1
26-07-17 22:35:10 [INFO] [OctoBans] logamer sql checked, record: spammp by iPurple_ to -1
26-07-17 22:35:10 [INFO] [OctoBans] logamer sql checked, record: spammp by YTB_XxKarnageXx to -1
26-07-17 22:35:25 [INFO] [OctoBans] YTB_XxKarnageXx punished mrkais93t for: Spam/flood
26-07-17 22:35:56 [INFO] [OctoBans] univerzkerror sql checked, record: spammp by TheBrioche13 to -1
26-07-17 22:35:56 [INFO] [OctoBans] univerzkerror sql checked, record: spammp by TheBrioche13 to -1
26-07-17 22:36:03 [INFO] [OctoBans] _dragibus_ sql checked, record: doubleposte by woimant to 1501103497
26-07-17 22:37:31 [INFO] [OctoBans] rayden sql checked, record: spammp by SmooKeur to -1
26-07-17 22:38:26 [INFO] [OctoBans] stonewolf sql checked, record: spammp by SuperJojo to -1
26-07-17 22:38:26 [INFO] [OctoBans] stonewolf sql checked, record: spammp by drbrine to -1
26-07-17 22:38:50 [INFO] [OctoBans] keke91270 sql checked, record: incitationflood by FiasK0 to 1501184446
26-07-17 22:40:20 [INFO] [OctoBans] fasko sql checked, record: insultegrave by YTB_XxKarnageXx to 1501214035
26-07-17 22:40:20 [INFO] [OctoBans] fasko sql checked, record: insultegrave by YTB_XxKarnageXx to 1501250275
26-07-17 22:40:32 [INFO] [OctoBans] dz_legammer sql checked, record: incitationflood by NeosiaNexus to 1501195875
26-07-17 22:44:21 [INFO] [OctoBans] Shainko punished _axe_ for: Double Poste
26-07-17 22:44:57 [INFO] [OctoBans] xenario sql checked, record: kickautre by CreepyEagle to -1
26-07-17 22:44:57 [INFO] [OctoBans] xenario sql checked, record: kickautre by CreepyEagle to -1
26-07-17 22:46:03 [INFO] [OctoBans] D3adOrSnipSurYTB punished modattozz for: Majuscule
26-07-17 22:48:43 [INFO] [OctoBans] _strykz_ sql checked, record: spammp by Remil to -1
26-07-17 22:48:52 [INFO] [OctoBans] zizou03 sql checked, record: spammp by drbrine to -1
26-07-17 22:48:52 [INFO] [OctoBans] zizou03 sql checked, record: spammp by drbrine to -1
26-07-17 22:48:52 [INFO] [OctoBans] zizou03 sql checked, record: spammp by drbrine to -1
26-07-17 22:50:18 [INFO] [OctoBans] jeteezavecmamami sql checked, record: spam by YTB_XxKarnageXx to 1501107148
26-07-17 22:51:57 [INFO] [OctoBans] FiasK0 punished olivier28130 for: Double Poste
26-07-17 22:53:11 [INFO] [OctoBans] FiasK0 punished _sunfresh_ for: Double Poste
26-07-17 22:53:46 [INFO] [OctoBans] FiasK0 punished gomette05 for: Insulte grave
26-07-17 22:56:11 [INFO] [OctoBans] D3adOrSnipSurYTB punished dynotytto for: Double Poste
26-07-17 22:56:39 [INFO] [OctoBans] FiasK0 punished jungthug_yt for: Spam/flood
26-07-17 23:02:32 [INFO] [OctoBans] hero_show sql checked, record: spammp by PseudoNul to -1
26-07-17 23:05:41 [INFO] [OctoBans] easy sql checked, record: spammp by ZerKup to -1
26-07-17 23:11:15 [INFO] [OctoBans] ext4zzy sql checked, record: spammp by Remil to -1
26-07-17 23:11:15 [INFO] [OctoBans] ext4zzy sql checked, record: spammp by Remil to -1
26-07-17 23:11:15 [INFO] [OctoBans] ext4zzy sql checked, record: spammp by Remil to -1
26-07-17 23:11:15 [INFO] [OctoBans] ext4zzy sql checked, record: spammp by SuperJojo to -1
26-07-17 23:11:15 [INFO] [OctoBans] ext4zzy sql checked, record: kickautre by Steph078 to -1
26-07-17 23:11:15 [INFO] [OctoBans] ext4zzy sql checked, record: spammp by SuperJojo to -1
26-07-17 23:11:15 [INFO] [OctoBans] ext4zzy sql checked, record: spammp by Remil to -1
26-07-17 23:11:15 [INFO] [OctoBans] ext4zzy sql checked, record: spammp by Remil to -1
26-07-17 23:14:32 [INFO] [OctoBans] marchandloup sql checked, record: spammp by Remil to -1
26-07-17 23:14:32 [INFO] [OctoBans] marchandloup sql checked, record: spammp by PseudoNul to -1
26-07-17 23:14:32 [INFO] [OctoBans] marchandloup sql checked, record: spammp by NeosiaNexus to -1
26-07-17 23:16:29 [INFO] [OctoBans] Shainko punished johan22600 for: Spam/flood
26-07-17 23:20:06 [INFO] [OctoBans] TheBrioche13 punished boubou37 for: Fausses informations
26-07-17 23:20:31 [INFO] [OctoBans] dylandu94 sql checked, record: spammp by iPurple_ to -1
26-07-17 23:20:31 [INFO] [OctoBans] dylandu94 sql checked, record: spammp by iPurple_ to -1
26-07-17 23:20:31 [INFO] [OctoBans] dylandu94 sql checked, record: spammp by Anzerti to -1
26-07-17 23:21:51 [INFO] [OctoBans] Forway punished wiindows for: Fausses informations
26-07-17 23:22:07 [INFO] [OctoBans] demon99 punished neyqooo_ for: Double Poste
26-07-17 23:24:05 [INFO] [OctoBans] YTB_XxKarnageXx punished rectozzyt for: Insulte grave
26-07-17 23:27:23 [INFO] [OctoBans] darkinggaming sql checked, record: floodmp by Forway to -1
26-07-17 23:27:48 [INFO] [OctoBans] demon99 punished luxus_ for: Majuscule
26-07-17 23:28:10 [INFO] [OctoBans] demon99 punished luxus_ for: Majuscule
26-07-17 23:29:00 [INFO] [OctoBans] YTB_XxKarnageXx punished mrkebab for: Langage incorrect
26-07-17 23:30:24 [INFO] [OctoBans] dark_titix sql checked, record: spammp by Remil to -1
26-07-17 23:31:40 [INFO] [OctoBans] fifou1165 sql checked, record: spammp by iPurple_ to -1
26-07-17 23:32:11 [INFO] [OctoBans] remil sql checked, record: kickautre by CreepyEagle to -1
26-07-17 23:42:58 [INFO] [OctoBans] YTB_XxKarnageXx punished xxnolanxx for: Spam/flood
26-07-17 23:44:39 [INFO] [OctoBans] sportek_ sql checked, record: spammp by SkyKosIV to -1
26-07-17 23:44:46 [INFO] [OctoBans] TheBrioche13 punished mattgaz97 for: Majuscule
26-07-17 23:45:02 [INFO] [OctoBans] TheBrioche13 punished widx_ytb for: Incitation au flood
26-07-17 23:48:01 [INFO] [OctoBans] NeyTox punished dark_titix for: Insulte grave
26-07-17 23:48:23 [INFO] [OctoBans] NeyTox punished derpik for: Majuscule
26-07-17 23:50:57 [INFO] [OctoBans] TheBrioche13 punished darkinggaming for: Incitation au flood
26-07-17 23:51:15 [INFO] [OctoBans] TheBrioche13 punished friphiano for: Spam/flood
26-07-17 23:51:34 [INFO] [OctoBans] TheBrioche13 punished micheal for: Spam/flood
26-07-17 23:51:47 [INFO] [OctoBans] demon99 punished friphiano for: Spam/flood
26-07-17 23:51:55 [INFO] [OctoBans] TheBrioche13 punished luxus_ for: Incitation au flood
26-07-17 23:52:25 [INFO] [OctoBans] demon99 punished wiltergas for: Double Poste
26-07-17 23:53:17 [INFO] [OctoBans] TheBrioche13 punished ishaadow_ for: Langage incorrect
26-07-17 23:57:48 [INFO] [OctoBans] Remil punished agentgaming for: Double Poste
26-07-17 23:57:52 [INFO] [OctoBans] lololaclarinette sql checked, record: spammp by tinmar to -1
26-07-17 23:58:00 [INFO] [OctoBans] NeyTox punished exwin_2155 for: Double Poste
26-07-17 23:58:50 [INFO] [OctoBans] NeyTox punished toxiik for: Double Poste
26-07-17 23:59:25 [INFO] [OctoBans] TheBrioche13 punished kelod514 for: Majuscule
27-07-17 00:01:22 [INFO] [OctoBans] jasoxx sql checked, record: spammp by iPurple_ to -1
27-07-17 00:01:22 [INFO] [OctoBans] jasoxx sql checked, record: spammp by drbrine to -1
27-07-17 00:01:22 [INFO] [OctoBans] jasoxx sql checked, record: spammp by drbrine to -1
27-07-17 00:01:22 [INFO] [OctoBans] jasoxx sql checked, record: spammp by drbrine to -1
27-07-17 00:01:34 [INFO] [OctoBans] Remil punished juju123 for: Provocation
27-07-17 00:03:08 [INFO] [OctoBans] Wiindows punished azertuip for: Publicité Youtubeur
27-07-17 00:06:12 [INFO] [OctoBans] widglitcher_yt sql checked, record: spammp by Remil to -1
27-07-17 00:08:13 [INFO] [OctoBans] NeyTox punished univerzkerror for: Langage incorrect
27-07-17 00:10:41 [INFO] [OctoBans] ly69n sql checked, record: kickautre by NeosiaNexus to -1
27-07-17 00:13:23 [INFO] [OctoBans] D3adOrSnipSurYTB punished bisounours_bleu for: Langage incorrect
27-07-17 00:14:28 [INFO] [OctoBans] by_fly sql checked, record: spammp by NeosiaNexus to -1
27-07-17 00:16:54 [INFO] [OctoBans] D3adOrSnipSurYTB punished marchandloup for: Double Poste
27-07-17 00:18:57 [INFO] [OctoBans] Wiindows punished easy for: Insulte grave
27-07-17 00:26:54 [INFO] [OctoBans] D3adOrSnipSurYTB punished bisounours_bleu for: Racisme
27-07-17 00:29:19 [INFO] [OctoBans] D3adOrSnipSurYTB punished dxpascosnz_ for: Majuscule
27-07-17 00:29:56 [INFO] [OctoBans] NeyTox punished liskoh for: Double Poste
27-07-17 00:32:15 [INFO] [OctoBans] D3adOrSnipSurYTB punished luluobo14 for: Double Poste
27-07-17 00:39:08 [INFO] [OctoBans] illumino900 sql checked, record: floodmp by Forway to -1
27-07-17 00:39:49 [INFO] [OctoBans] D3adOrSnipSurYTB punished dxpascosnz_ for: Double Poste
27-07-17 00:43:31 [INFO] [OctoBans] Remil punished ix2snik for: Double Poste
27-07-17 00:44:35 [INFO] [OctoBans] Remil punished hayden_frost for: Insulte
27-07-17 00:45:25 [INFO] [OctoBans] Remil punished hayden_frost for: Spam/flood en MP
27-07-17 00:48:40 [INFO] [OctoBans] ktm125sx sql checked, record: spammp by Remil to -1
27-07-17 01:02:49 [INFO] [OctoBans] Remil punished rayz_burn for: Insulte grave
27-07-17 01:12:04 [INFO] [OctoBans] _nytrospeed_jj sql checked, record: kickautre by CreepyEagle to -1
27-07-17 01:24:04 [INFO] [OctoBans] xenotium_pvp sql checked, record: spammp by iPurple_ to -1
27-07-17 01:24:04 [INFO] [OctoBans] xenotium_pvp sql checked, record: spammp by SnowEffect to -1
27-07-17 01:26:57 [INFO] [OctoBans] Remil punished maximehockey for: Double Poste
27-07-17 01:30:33 [INFO] [OctoBans] energy_panda sql checked, record: incitationflood by YTB_XxKarnageXx to 1501181822
27-07-17 01:34:05 [INFO] [OctoBans] Remil punished rayz_burn for: Spam/flood en MP
27-07-17 01:47:19 [INFO] [OctoBans] 54melih54 punished samybg for: Spam/flood
27-07-17 01:50:09 [INFO] [OctoBans] Remil punished ivluzofficial for: Majuscule
27-07-17 01:52:44 [INFO] [OctoBans] Wiindows punished ix2snik for: Double Poste
27-07-17 01:53:20 [INFO] [OctoBans] zlSkill49 punished _strykz_ for: Provocation
27-07-17 01:57:08 [INFO] [OctoBans] Steph078 punished ponyta_ for: Double Poste
27-07-17 01:57:54 [INFO] [OctoBans] Steph078 punished snoxx_ for: Double Poste
27-07-17 01:58:56 [INFO] [OctoBans] xylear sql checked, record: kickautre by NeosiaNexus to -1
27-07-17 02:00:17 [INFO] [OctoBans] drbrine sql checked, record: spammp by PseudoNul to -1
27-07-17 02:00:17 [INFO] [OctoBans] drbrine sql checked, record: spammp by PseudoNul to -1
27-07-17 02:01:34 [INFO] [OctoBans] zlSkill49 punished michel_g0d for: Langage incorrect
27-07-17 02:02:46 [INFO] [OctoBans] Xylear punished cfm_arthur for: Double Poste
27-07-17 02:04:34 [INFO] [OctoBans] Steph078 punished merlini for: Double Poste
27-07-17 02:08:30 [INFO] [OctoBans] Steph078 punished xenario for: Double Poste
27-07-17 02:08:52 [INFO] [OctoBans] deeprodole sql checked, record: spammp by SnowEffect to -1
27-07-17 02:30:15 [INFO] [OctoBans] Xylear punished twidzei_ for: Double Poste
27-07-17 02:30:28 [INFO] [OctoBans] maacdoo sql checked, record: kickautre by CreepyEagle to -1
27-07-17 02:30:52 [INFO] [OctoBans] DEEProdole punished droqui for: Double Poste
27-07-17 02:39:03 [INFO] [OctoBans] Xylear punished zepek45 for: Insulte staff
27-07-17 02:42:29 [INFO] [OctoBans] Xylear punished krais7681 for: Spam/flood
27-07-17 02:44:32 [INFO] [OctoBans] Xylear punished thedarkorb45 for: Spam/flood
27-07-17 02:48:42 [INFO] [OctoBans] Xylear punished kawaziu for: Publicité Youtubeur
27-07-17 03:07:08 [INFO] [OctoBans] DEEProdole punished cfm_arthur for: Spam/flood
27-07-17 03:08:18 [INFO] [OctoBans] DEEProdole punished gameur827 for: Incitation au flood
27-07-17 03:18:00 [INFO] [OctoBans] Wiindows punished ax_loganledozo for: Spam/flood
27-07-17 03:19:30 [INFO] [OctoBans] drbrine punished jtemonteenz for: Double Poste
27-07-17 04:12:31 [INFO] [OctoBans] zlSkill49 punished _strykz_ for: Provocation
27-07-17 05:12:09 [INFO] [OctoBans] dark_sea sql checked, record: spammp by drbrine to -1
27-07-17 06:01:02 [INFO] [OctoBans] Disabling OctoBans v1.0
