26-11-17 22:31:42 [INFO] [OctoBans] File Handler successfully initialized!
26-11-17 22:31:42 [INFO] [OctoBans] SQL connection successfully etablished
26-11-17 22:31:42 [INFO] [OctoBans] Moderator Tools by Octonia.
26-11-17 22:31:47 [INFO] [OctoBans] ayken sql checked, record: spammp by KelianHD to -1
26-11-17 22:31:47 [INFO] [OctoBans] icesword sql checked, record: spammp by OCIP_Matth to -1
26-11-17 22:31:47 [INFO] [OctoBans] aexraptorz sql checked, record: spammp by Remil to -1
26-11-17 22:31:47 [INFO] [OctoBans] aexraptorz sql checked, record: insultegrave by D3adOrSnipSurYTB to 1511743417
26-11-17 22:31:47 [INFO] [OctoBans] sawidead sql checked, record: spammp by Fall0w_ to -1
26-11-17 22:31:47 [INFO] [OctoBans] sawidead sql checked, record: doubleposte by LaKitaw to 1511731922
26-11-17 22:31:47 [INFO] [OctoBans] algorskis_yt sql checked, record: spammp by SmooKeur to -1
26-11-17 22:31:47 [INFO] [OctoBans] kakakiki sql checked, record: spammp by ToXiCz_TV to -1
26-11-17 22:31:47 [INFO] [OctoBans] the_slash sql checked, record: spammp by pepedjo to -1
26-11-17 22:31:47 [INFO] [OctoBans] the_slash sql checked, record: spammp by drbrine to -1
26-11-17 22:31:47 [INFO] [OctoBans] the_slash sql checked, record: homophobie by FiasK0 to 1511825105
26-11-17 22:32:02 [INFO] [OctoBans] noirafricain sql checked, record: spammp by Zoseq to -1
26-11-17 22:32:12 [INFO] [OctoBans] jesuislepepsi sql checked, record: spammp by infinitim to -1
26-11-17 22:32:12 [INFO] [OctoBans] jesuislepepsi sql checked, record: spammp by infinitim to -1
26-11-17 22:32:17 [INFO] [OctoBans] aparia sql checked, record: spammp by pepedjo to -1
26-11-17 22:32:17 [INFO] [OctoBans] aparia sql checked, record: spammp by pepedjo to -1
26-11-17 22:32:17 [INFO] [OctoBans] aparia sql checked, record: spammp by Evolze to -1
26-11-17 22:32:17 [INFO] [OctoBans] aparia sql checked, record: spammp by FiasK0 to -1
26-11-17 22:33:38 [INFO] [OctoBans] superb3b3 sql checked, record: spammp by Evolze to -1
26-11-17 22:33:38 [INFO] [OctoBans] superb3b3 sql checked, record: spammp by Evolze to -1
26-11-17 22:33:38 [INFO] [OctoBans] superb3b3 sql checked, record: spammp by OCIP_Matth to -1
26-11-17 22:35:30 [INFO] [OctoBans] LaKitaw punished thepopspvp for: Double Poste
26-11-17 22:36:13 [INFO] [OctoBans] LaKitaw punished jesuislepepsi for: Double Poste
26-11-17 22:38:40 [INFO] [OctoBans] diodu sql checked, record: spammp by Gamer09 to -1
26-11-17 22:40:56 [INFO] [OctoBans] thebigcon sql checked, record: spam by Evolze to 1511734558
26-11-17 22:41:09 [INFO] [OctoBans] virocl sql checked, record: spammp by drbrine to -1
26-11-17 22:44:01 [INFO] [OctoBans] hayden_frost sql checked, record: spammp by OCIP_Matth to -1
26-11-17 22:49:34 [INFO] [OctoBans] LaKitaw punished prestoweed for: Insulte
26-11-17 22:49:52 [INFO] [OctoBans] LaKitaw punished fabio for: Insulte
26-11-17 22:55:31 [INFO] [OctoBans] OCIP_Matth punished sawidead for: Majuscule
26-11-17 22:58:06 [INFO] [OctoBans] oow_ll sql checked, record: spammp by FiasK0 to -1
26-11-17 23:00:07 [INFO] [OctoBans] amokon sql checked, record: spammp by PoukoaMoa to -1
26-11-17 23:02:41 [INFO] [OctoBans] yeti2001vd sql checked, record: spammp by Frite_Merguez to -1
26-11-17 23:02:41 [INFO] [OctoBans] yeti2001vd sql checked, record: spammp by FiasK0 to -1
26-11-17 23:14:07 [INFO] [OctoBans] pioupiou2003 sql checked, record: spammp by FiasK0 to -1
26-11-17 23:14:07 [INFO] [OctoBans] pioupiou2003 sql checked, record: spammp by OCIP_Matth to -1
26-11-17 23:14:07 [INFO] [OctoBans] pioupiou2003 sql checked, record: insultegrave by FiasK0 to 1511741183
26-11-17 23:17:45 [INFO] [OctoBans] teddy44 sql checked, record: flood by LaKitaw to 1511734788
26-11-17 23:17:48 [INFO] [OctoBans] kimoli sql checked, record: spammp by NeyTox to -1
26-11-17 23:17:48 [INFO] [OctoBans] kimoli sql checked, record: spammp by NeyTox to -1
26-11-17 23:17:48 [INFO] [OctoBans] kimoli sql checked, record: spammp by NeyTox to -1
26-11-17 23:17:48 [INFO] [OctoBans] kimoli sql checked, record: spammp by NeyTox to -1
26-11-17 23:17:48 [INFO] [OctoBans] kimoli sql checked, record: spammp by NeyTox to -1
26-11-17 23:17:48 [INFO] [OctoBans] kimoli sql checked, record: spammp by NeyTox to -1
26-11-17 23:17:48 [INFO] [OctoBans] kimoli sql checked, record: spammp by NeyTox to -1
26-11-17 23:17:48 [INFO] [OctoBans] kimoli sql checked, record: spammp by NeyTox to -1
26-11-17 23:17:48 [INFO] [OctoBans] kimoli sql checked, record: spammp by NeyTox to -1
26-11-17 23:17:48 [INFO] [OctoBans] kimoli sql checked, record: spammp by Remil to -1
26-11-17 23:17:48 [INFO] [OctoBans] kimoli sql checked, record: spammp by OCIP_Matth to -1
26-11-17 23:17:48 [INFO] [OctoBans] kimoli sql checked, record: spammp by YTB_XxKarnageXx to -1
26-11-17 23:17:48 [INFO] [OctoBans] kimoli sql checked, record: spammp by YTB_XxKarnageXx to -1
26-11-17 23:17:48 [INFO] [OctoBans] kimoli sql checked, record: spammp by YTB_XxKarnageXx to -1
26-11-17 23:23:32 [INFO] [OctoBans] drbrine punished porto72 for: Insulte grave
26-11-17 23:26:50 [INFO] [OctoBans] drbrine punished famousxray for: Insulte grave
26-11-17 23:28:53 [INFO] [OctoBans] drbrine punished famousxray for: Provocation
26-11-17 23:29:00 [INFO] [OctoBans] famousxray sql checked, record: insultegrave by drbrine to 1511807210
26-11-17 23:29:00 [INFO] [OctoBans] famousxray sql checked, record: provocation by drbrine to 1511736233
26-11-17 23:30:36 [INFO] [OctoBans] drbrine punished fabio for: Insulte grave
26-11-17 23:30:43 [INFO] [OctoBans] drbrine punished crax_ for: Provocation
26-11-17 23:31:32 [INFO] [OctoBans] drbrine punished fabio for: Homophobie
26-11-17 23:33:02 [INFO] [OctoBans] drbrine punished fabio for: Spam/flood en MP
26-11-17 23:34:31 [INFO] [OctoBans] strongernight sql checked, record: insultegrave by Antoine57565 to 1511735789
26-11-17 23:40:43 [INFO] [OctoBans] OCIP_Matth punished gamix_yt for: Double Poste
26-11-17 23:44:23 [INFO] [OctoBans] drbrine punished thepopspvp for: Provocation
26-11-17 23:44:32 [INFO] [OctoBans] drbrine punished sawidead for: Insulte
26-11-17 23:56:39 [INFO] [OctoBans] drbrine punished fabubu for: Spam/flood
27-11-17 00:05:01 [INFO] [OctoBans] creeper2666 sql checked, record: tpkill by LaKitaw to 1511774875
27-11-17 00:18:11 [INFO] [OctoBans] firexpower666_ sql checked, record: spammp by tinmar to -1
27-11-17 00:19:24 [INFO] [OctoBans] darryl1 sql checked, record: spammp by FiasK0 to -1
27-11-17 00:23:01 [INFO] [OctoBans] marseillekalash sql checked, record: spammp by Gamer09 to -1
27-11-17 00:23:01 [INFO] [OctoBans] marseillekalash sql checked, record: spammp by OCIP_Matth to -1
27-11-17 00:23:01 [INFO] [OctoBans] marseillekalash sql checked, record: spammp by FiasK0 to -1
27-11-17 00:23:01 [INFO] [OctoBans] marseillekalash sql checked, record: spammp by ToXiCz_TV to -1
27-11-17 00:25:18 [INFO] [OctoBans] drbrine punished marseillekalash for: Double Poste
27-11-17 00:29:31 [INFO] [OctoBans] drbrine punished darryl1 for: Spam/flood
27-11-17 00:30:53 [INFO] [OctoBans] killerboydu13 sql checked, record: spammp by Evolze to -1
27-11-17 00:30:53 [INFO] [OctoBans] killerboydu13 sql checked, record: spammp by KelianHD to -1
27-11-17 00:30:53 [INFO] [OctoBans] killerboydu13 sql checked, record: spammp by OCIP_Matth to -1
27-11-17 00:35:40 [INFO] [OctoBans] drbrine punished camaro for: Double Poste
27-11-17 01:01:06 [INFO] [OctoBans] drbrine punished nrgx_sh4d0w for: Spam/flood
27-11-17 01:01:15 [INFO] [OctoBans] drbrine punished zitro_pvp for: Double Poste
27-11-17 01:28:30 [INFO] [OctoBans] amama50 sql checked, record: faussesinfos by YTB_XxKarnageXx to 1511805310
27-11-17 03:10:07 [INFO] [OctoBans] trixx sql checked, record: tpkill by LaKitaw to 1511774882
27-11-17 05:35:43 [INFO] [OctoBans] kikoo53000 sql checked, record: spammp by ToXiCz_TV to -1
27-11-17 06:01:02 [INFO] [OctoBans] Disabling OctoBans v1.0
