11-08-17 22:31:42 [INFO] [OctoBans] File Handler successfully initialized!
11-08-17 22:31:42 [INFO] [OctoBans] SQL connection successfully etablished
11-08-17 22:31:42 [INFO] [OctoBans] Moderator Tools by Octonia.
11-08-17 22:31:46 [INFO] [OctoBans] fabio sql checked, record: spammp by Remil to -1
11-08-17 22:31:46 [INFO] [OctoBans] fabio sql checked, record: spammp by CreepyEagle to -1
11-08-17 22:31:46 [INFO] [OctoBans] fabio sql checked, record: spammp by tinmar to -1
11-08-17 22:31:46 [INFO] [OctoBans] abdousuryt sql checked, record: incitationflood by ZerKup to 1502555600
11-08-17 22:31:46 [INFO] [OctoBans] mistergamingv2 sql checked, record: spammp by Remil to -1
11-08-17 22:31:46 [INFO] [OctoBans] mistergamingv2 sql checked, record: spammp by YTB_XxKarnageXx to -1
11-08-17 22:31:46 [INFO] [OctoBans] taygrax07 sql checked, record: spammp by SnowEffect to -1
11-08-17 22:31:46 [INFO] [OctoBans] xxheroiikxx sql checked, record: floodmp by Forway to -1
11-08-17 22:31:49 [INFO] [OctoBans] riyane6122 sql checked, record: spammp by SkyKosIV to -1
11-08-17 22:31:55 [INFO] [OctoBans] wize_ sql checked, record: spammp by TheBrioche13 to -1
11-08-17 22:32:09 [INFO] [OctoBans] alex1320 sql checked, record: incitationflood by YTB_XxKarnageXx to 1502566041
11-08-17 22:32:12 [INFO] [OctoBans] chasseetpeche71 sql checked, record: spam by YTB_XxKarnageXx to 1502488627
11-08-17 22:32:12 [INFO] [OctoBans] misterfrizz sql checked, record: faussesinfos by JustMySkill to 1502483896
11-08-17 22:32:30 [INFO] [OctoBans] fasko sql checked, record: insultegrave by Steph078 to 1502692132
11-08-17 22:32:31 [INFO] [OctoBans] ly69n sql checked, record: kickautre by NeosiaNexus to -1
11-08-17 22:32:34 [INFO] [OctoBans] xxrandomxx sql checked, record: spammp by SmooKeur to -1
11-08-17 22:32:38 [INFO] [OctoBans] totototo11 sql checked, record: spammp by NeosiaNexus to -1
11-08-17 22:32:38 [INFO] [OctoBans] totototo11 sql checked, record: spammp by PseudoNul to -1
11-08-17 22:32:42 [INFO] [OctoBans] logamer sql checked, record: floodmp by Forway to -1
11-08-17 22:32:42 [INFO] [OctoBans] logamer sql checked, record: spammp by iPurple_ to -1
11-08-17 22:32:42 [INFO] [OctoBans] logamer sql checked, record: spammp by YTB_XxKarnageXx to -1
11-08-17 22:32:44 [INFO] [OctoBans] darkinggaming sql checked, record: floodmp by Forway to -1
11-08-17 22:32:53 [INFO] [OctoBans] yolodu13 sql checked, record: insultegrave by YTB_XxKarnageXx to 1502685649
11-08-17 22:32:54 [INFO] [OctoBans] shayloup sql checked, record: faussesinfos by FiasK0 to 1502569544
11-08-17 22:33:17 [INFO] [OctoBans] mrkebab sql checked, record: spammp by SuperJojo to -1
11-08-17 22:33:17 [INFO] [OctoBans] mrkebab sql checked, record: spammp by SuperJojo to -1
11-08-17 22:33:17 [INFO] [OctoBans] mrkebab sql checked, record: spammp by Remil to -1
11-08-17 22:33:19 [INFO] [OctoBans] matofgame27 sql checked, record: spam by YTB_XxKarnageXx to 1502486074
11-08-17 22:33:51 [INFO] [OctoBans] yanniscoc sql checked, record: doubleposte by ChronoEthernal to 1502484596
11-08-17 22:33:55 [INFO] [OctoBans] slug_life sql checked, record: incitationflood by zlKayzen to 1502560713
11-08-17 22:34:19 [INFO] [OctoBans] azertuip sql checked, record: spammp by Remil to -1
11-08-17 22:34:47 [INFO] [OctoBans] h3games sql checked, record: doubleposte by ChronoEthernal to 1502488007
11-08-17 22:36:25 [INFO] [OctoBans] _supreme_gamer_ sql checked, record: spammp by SnowEffect to -1
11-08-17 22:36:29 [INFO] [OctoBans] lechatdeshazen sql checked, record: spammp by Remil to -1
11-08-17 22:36:49 [INFO] [OctoBans] awes0me sql checked, record: spam by ChronoEthernal to 1502483956
11-08-17 22:36:57 [INFO] [OctoBans] jasoxx sql checked, record: spammp by iPurple_ to -1
11-08-17 22:36:57 [INFO] [OctoBans] jasoxx sql checked, record: spammp by drbrine to -1
11-08-17 22:36:57 [INFO] [OctoBans] jasoxx sql checked, record: spammp by drbrine to -1
11-08-17 22:36:57 [INFO] [OctoBans] jasoxx sql checked, record: spammp by drbrine to -1
11-08-17 22:37:31 [INFO] [OctoBans] octoniasaga sql checked, record: spam by YTB_XxKarnageXx to 1502484494
11-08-17 22:37:51 [INFO] [OctoBans] YTB_XxKarnageXx punished barre2cereal for: Majuscule
11-08-17 22:38:04 [INFO] [OctoBans] ktm125sx sql checked, record: spammp by Remil to -1
11-08-17 22:38:32 [INFO] [OctoBans] _topui_ sql checked, record: spammp by ZerKup to -1
11-08-17 22:39:00 [INFO] [OctoBans] titidu46 sql checked, record: spammp by drbrine to -1
11-08-17 22:39:00 [INFO] [OctoBans] titidu46 sql checked, record: spammp by Remil to -1
11-08-17 22:39:00 [INFO] [OctoBans] titidu46 sql checked, record: spammp by tinmar to -1
11-08-17 22:39:24 [INFO] [OctoBans] slayer082 sql checked, record: spammp by tinmar to -1
11-08-17 22:39:51 [INFO] [OctoBans] boubou37 sql checked, record: insultegrave by EGGSPLOSION to 1502514484
11-08-17 22:39:51 [INFO] [OctoBans] boubou37 sql checked, record: insultegrave by EGGSPLOSION to 1502550618
11-08-17 22:39:51 [INFO] [OctoBans] boubou37 sql checked, record: insultestaff by woimant to 1502522097
11-08-17 22:40:34 [INFO] [OctoBans] sqkaa_ sql checked, record: spammp by Remil to -1
11-08-17 22:42:25 [INFO] [OctoBans] sosodidi sql checked, record: spammp by Remil to -1
11-08-17 22:42:25 [INFO] [OctoBans] sosodidi sql checked, record: spam by The_Frusty to 1502500854
11-08-17 22:42:29 [INFO] [OctoBans] ZerKup punished xxheroiikxx for: Insulte
11-08-17 22:43:04 [INFO] [OctoBans] ZerKup punished xxheroiikxx for: Insulte staff
11-08-17 22:43:43 [INFO] [OctoBans] The_Frusty punished yan96 for: Double Poste
11-08-17 22:44:08 [INFO] [OctoBans] YTB_XxKarnageXx punished lechatdeshazen for: Raison inconnue
11-08-17 22:46:38 [INFO] [OctoBans] kille sql checked, record: spammp by Remil to -1
11-08-17 22:46:38 [INFO] [OctoBans] kille sql checked, record: spammp by SkyKosIV to -1
11-08-17 22:46:38 [INFO] [OctoBans] kille sql checked, record: incitationflood by tinmar to 1502704346
11-08-17 22:46:38 [INFO] [OctoBans] kille sql checked, record: pubyt by The_Frusty to 1502485732
11-08-17 22:47:43 [INFO] [OctoBans] ZerKup punished neversayno for: Double Poste
11-08-17 22:50:28 [INFO] [OctoBans] ishaadow_ sql checked, record: spammp by SmooKeur to -1
11-08-17 22:50:28 [INFO] [OctoBans] ishaadow_ sql checked, record: spammp by Remil to -1
11-08-17 22:54:34 [INFO] [OctoBans] ChronoEthernal punished yanniscoc for: Double Poste
11-08-17 22:55:29 [INFO] [OctoBans] ededed91 sql checked, record: spammp by SkyKosIV to -1
11-08-17 22:55:29 [INFO] [OctoBans] ededed91 sql checked, record: spammp by Remil to -1
11-08-17 22:57:03 [INFO] [OctoBans] jojolatereur971 sql checked, record: spammp by TheBrioche13 to -1
11-08-17 22:58:56 [INFO] [OctoBans] andsiou sql checked, record: spammp by ZerKup to -1
11-08-17 22:58:56 [INFO] [OctoBans] andsiou sql checked, record: spam by Xylear to 1502492491
11-08-17 22:59:30 [INFO] [OctoBans] biguiboss31 sql checked, record: spammp by PseudoNul to -1
11-08-17 22:59:30 [INFO] [OctoBans] biguiboss31 sql checked, record: spammp by Remil to -1
11-08-17 23:00:33 [INFO] [OctoBans] ZerKup punished kettur_ for: Spam/flood en MP
11-08-17 23:01:41 [INFO] [OctoBans] ChronoEthernal punished kettur_ for: Double Poste
11-08-17 23:02:08 [INFO] [OctoBans] marchandloup sql checked, record: spammp by Remil to -1
11-08-17 23:02:08 [INFO] [OctoBans] marchandloup sql checked, record: spammp by PseudoNul to -1
11-08-17 23:02:08 [INFO] [OctoBans] marchandloup sql checked, record: spammp by NeosiaNexus to -1
11-08-17 23:02:18 [INFO] [OctoBans] YTB_XxKarnageXx punished jalil_craft for: Langage incorrect
11-08-17 23:03:03 [INFO] [OctoBans] ZerKup punished kitito for: Publicité Youtubeur
11-08-17 23:08:13 [INFO] [OctoBans] minecanis sql checked, record: spammp by Remil to -1
11-08-17 23:10:22 [INFO] [OctoBans] couilledeloup sql checked, record: kickautre by Steph078 to -1
11-08-17 23:17:58 [INFO] [OctoBans] nicerush sql checked, record: insultegrave by ChronoEthernal to 1502587881
11-08-17 23:19:28 [INFO] [OctoBans] pepsicoca sql checked, record: spammp by Steph078 to -1
11-08-17 23:19:28 [INFO] [OctoBans] pepsicoca sql checked, record: spam by ChronoEthernal to 1502504067
11-08-17 23:25:38 [INFO] [OctoBans] shouteur sql checked, record: spammp by Remil to -1
11-08-17 23:27:52 [INFO] [OctoBans] instateproofy sql checked, record: spammp by Remil to -1
11-08-17 23:27:52 [INFO] [OctoBans] instateproofy sql checked, record: spammp by Remil to -1
11-08-17 23:28:12 [INFO] [OctoBans] Wiindows punished thegost for: Spam/flood
11-08-17 23:28:20 [INFO] [OctoBans] fxenzofx sql checked, record: insultegrave by ZerKup to 1502504545
11-08-17 23:29:56 [INFO] [OctoBans] TheBrioche13 punished arktizz for: Spam/flood
11-08-17 23:30:16 [INFO] [OctoBans] TheBrioche13 punished arktizz for: Insulte grave
11-08-17 23:30:22 [INFO] [OctoBans] TheBrioche13 punished mrkebab for: Majuscule
11-08-17 23:30:40 [INFO] [OctoBans] Wiindows punished titidu46 for: Double Poste
11-08-17 23:33:11 [INFO] [OctoBans] YTB_XxKarnageXx punished tigrediamant for: Langage incorrect
11-08-17 23:39:28 [INFO] [OctoBans] YTB_XxKarnageXx punished vendeur2kebab for: Provocation
11-08-17 23:42:40 [INFO] [OctoBans] zozodu14 sql checked, record: spammp by Remil to -1
11-08-17 23:47:07 [INFO] [OctoBans] dark_titix sql checked, record: spammp by Remil to -1
11-08-17 23:47:07 [INFO] [OctoBans] dark_titix sql checked, record: spammp by Remil to -1
11-08-17 23:47:07 [INFO] [OctoBans] dark_titix sql checked, record: spammp by Remil to -1
12-08-17 00:03:38 [INFO] [OctoBans] ew3l sql checked, record: spammp by tinmar to -1
12-08-17 00:04:56 [INFO] [OctoBans] reiiko_pvp sql checked, record: spammp by Remil to -1
12-08-17 00:04:56 [INFO] [OctoBans] reiiko_pvp sql checked, record: spammp by PseudoNul to -1
12-08-17 00:04:56 [INFO] [OctoBans] reiiko_pvp sql checked, record: spammp by Remil to -1
12-08-17 00:04:56 [INFO] [OctoBans] reiiko_pvp sql checked, record: spammp by Remil to -1
12-08-17 00:08:26 [INFO] [OctoBans] denis018 sql checked, record: spammp by Remil to -1
12-08-17 00:15:09 [INFO] [OctoBans] gamix_yt sql checked, record: incitationflood by woimant to 1502536761
12-08-17 00:15:09 [INFO] [OctoBans] gamix_yt sql checked, record: incitationflood by tinmar to 1502642720
12-08-17 00:15:09 [INFO] [OctoBans] gamix_yt sql checked, record: spammp by tinmar to -1
12-08-17 00:15:23 [INFO] [OctoBans] SkyKosIV punished beatsaudio for: Langage incorrect
12-08-17 00:16:38 [INFO] [OctoBans] SkyKosIV punished tp_arway for: Majuscule
12-08-17 00:22:22 [INFO] [OctoBans] weezy sql checked, record: kickautre by Steph078 to -1
12-08-17 00:24:58 [INFO] [OctoBans] SkyKosIV punished misterbolo for: Double Poste
12-08-17 00:27:03 [INFO] [OctoBans] wilson84 sql checked, record: kickautre by YTB_XxKarnageXx to -1
12-08-17 00:28:46 [INFO] [OctoBans] siruse sql checked, record: spammp by YTB_XxKarnageXx to -1
12-08-17 00:40:28 [INFO] [OctoBans] neoxgaming sql checked, record: insultegrave by zlKayzen to 1502500229
12-08-17 00:40:28 [INFO] [OctoBans] Shouteur punished zayconlejuif for: Spam/flood
12-08-17 00:43:13 [INFO] [OctoBans] liltossman41 sql checked, record: spammp by Remil to -1
12-08-17 00:43:21 [INFO] [OctoBans] baka_le_fou sql checked, record: spammp by ZerKup to -1
12-08-17 00:45:30 [INFO] [OctoBans] Shouteur punished pedaledezaycon for: Spam/flood
12-08-17 00:50:08 [INFO] [OctoBans] Shouteur punished dark_titix for: Langage incorrect
12-08-17 00:52:48 [INFO] [OctoBans] Shouteur punished volganien for: Double Poste
12-08-17 00:57:22 [INFO] [OctoBans] Remil punished zaycontv for: Spam/flood en MP
12-08-17 01:05:51 [INFO] [OctoBans] Shouteur punished enzo_18 for: Double Poste
12-08-17 01:15:39 [INFO] [OctoBans] Remil punished noragejustez for: Double Poste
12-08-17 01:17:53 [INFO] [OctoBans] Remil punished neyqooo_ for: Double Poste
12-08-17 01:18:31 [INFO] [OctoBans] _theodu13_ sql checked, record: faussesinfos by EGGSPLOSION to 1502496460
12-08-17 01:19:56 [INFO] [OctoBans] teomecano sql checked, record: faussesinfos by Remil to 1502514842
12-08-17 01:27:17 [INFO] [OctoBans] tokyo sql checked, record: spammp by SnowEffect to -1
12-08-17 01:34:14 [INFO] [OctoBans] Wiindows punished relix_25 for: Insulte grave
12-08-17 01:36:17 [INFO] [OctoBans] Wiindows punished jojolatereur972 for: Double Poste
12-08-17 01:36:26 [INFO] [OctoBans] tigro17 sql checked, record: insultegrave by TheBrioche13 to 1502533172
12-08-17 01:37:59 [INFO] [OctoBans] theboss sql checked, record: spammp by NeosiaNexus to -1
12-08-17 01:38:22 [INFO] [OctoBans] Remil punished golem88 for: Spam /f open
12-08-17 01:57:21 [INFO] [OctoBans] Shouteur punished c4mp3urx9 for: Langage incorrect
12-08-17 02:05:12 [INFO] [OctoBans] Shouteur punished neversayno for: Double Poste
12-08-17 02:07:49 [INFO] [OctoBans] Shouteur punished tigrediamant for: Double Poste
12-08-17 02:10:36 [INFO] [OctoBans] Remil punished virocl for: Langage incorrect
12-08-17 02:11:25 [INFO] [OctoBans] lesimulateure sql checked, record: faussesinfos by YTB_XxKarnageXx to 1502497205
12-08-17 02:13:13 [INFO] [OctoBans] Remil punished tp_arway for: Double Poste
12-08-17 02:22:10 [INFO] [OctoBans] Remil punished zarkrone for: Majuscule
12-08-17 02:33:55 [INFO] [OctoBans] blackwhite010 sql checked, record: spammp by Steph078 to -1
12-08-17 02:44:22 [INFO] [OctoBans] Wiindows punished ipurplemonhlel for: Incitation au flood
12-08-17 02:58:23 [INFO] [OctoBans] Shouteur punished ipurplemonhlelv2 for: Langage incorrect
12-08-17 03:02:10 [INFO] [OctoBans] Remil punished wimprynoth for: Langage incorrect
12-08-17 03:03:37 [INFO] [OctoBans] araah_ sql checked, record: menacehack by Remil to 1502682967
12-08-17 03:06:11 [INFO] [OctoBans] Remil punished reiiko_pvp for: Majuscule
12-08-17 03:17:33 [INFO] [OctoBans] Remil punished reiiko_pvp for: Insulte
12-08-17 03:18:16 [INFO] [OctoBans] Wiindows punished hurycedaniel for: Spam/flood
12-08-17 03:21:00 [INFO] [OctoBans] Remil punished enzo_18 for: Spam/flood en MP
12-08-17 03:27:42 [INFO] [OctoBans] Remil punished gismo2806 for: Provocation
12-08-17 03:30:53 [INFO] [OctoBans] Wiindows punished octoway for: Double Poste
12-08-17 03:33:08 [INFO] [OctoBans] Shouteur punished misterbolo for: Provocation
12-08-17 03:34:27 [INFO] [OctoBans] Remil punished titidu46 for: Provocation
12-08-17 03:35:45 [INFO] [OctoBans] Shouteur punished enzo_18 for: Publicité Youtubeur
12-08-17 03:47:27 [INFO] [OctoBans] Remil punished supernoah for: Spam/flood
12-08-17 04:06:14 [INFO] [OctoBans] Shouteur punished bboy124 for: Homophobie
12-08-17 04:06:16 [INFO] [OctoBans] Remil punished noragejustez for: Spam/flood en MP
12-08-17 04:18:44 [INFO] [OctoBans] Remil punished titidu46 for: Spam/flood
12-08-17 04:38:01 [INFO] [OctoBans] Remil punished titidu46 for: Double Poste
12-08-17 06:01:01 [INFO] [OctoBans] Disabling OctoBans v1.0
