29-01-18 22:31:43 [INFO] [OctoBans] File Handler successfully initialized!
29-01-18 22:31:43 [INFO] [OctoBans] SQL connection successfully etablished
29-01-18 22:31:43 [INFO] [OctoBans] Moderator Tools by Octonia.
29-01-18 22:31:48 [INFO] [OctoBans] keen0x sql checked, record: spammp by FNGOD to -1
29-01-18 22:31:48 [INFO] [OctoBans] gameur2007 sql checked, record: insultegrave by SmooKeur to 1517310508
29-01-18 22:31:48 [INFO] [OctoBans] darryl1 sql checked, record: spammp by FiasK0 to -1
29-01-18 22:31:48 [INFO] [OctoBans] maxhit57 sql checked, record: spammp by Angel55 to -1
29-01-18 22:31:48 [INFO] [OctoBans] ytbibossyt sql checked, record: spammp by atsuky to -1
29-01-18 22:31:48 [INFO] [OctoBans] ytbibossyt sql checked, record: faussesinfos by atsuky to 1517326009
29-01-18 22:31:48 [INFO] [OctoBans] progameur sql checked, record: spammp by FiasK0 to -1
29-01-18 22:31:48 [INFO] [OctoBans] progameur sql checked, record: spammp by D3adOrSnipSurYTB to -1
29-01-18 22:31:48 [INFO] [OctoBans] progameur sql checked, record: insultegrave by NeyTox to 1517262413
29-01-18 22:31:48 [INFO] [OctoBans] progameur sql checked, record: insultegrave by FiasK0 to 1517342816
29-01-18 22:31:48 [INFO] [OctoBans] progameur sql checked, record: spammp by atsuky to -1
29-01-18 22:31:57 [INFO] [OctoBans] rdvsurlebloc sql checked, record: spammp by D3adOrSnipSurYTB to -1
29-01-18 22:32:20 [INFO] [OctoBans] drkiritoz_ sql checked, record: spammp by Awesomeboy to -1
29-01-18 22:32:33 [INFO] [OctoBans] mr_lebarbu sql checked, record: faussesinfos by Remil to 1517262460
29-01-18 22:32:36 [INFO] [OctoBans] lethugdu46 sql checked, record: spammp by PseudooNull to -1
29-01-18 22:32:36 [INFO] [OctoBans] lethugdu46 sql checked, record: spammp by PseudooNull to -1
29-01-18 22:33:41 [INFO] [OctoBans] bloodgamer25 sql checked, record: spammp by FiasK0 to -1
29-01-18 22:33:41 [INFO] [OctoBans] bloodgamer25 sql checked, record: insulte by Zayrox29 to 1517265271
29-01-18 22:34:26 [INFO] [OctoBans] agentbeffu2 sql checked, record: spammp by EW3L to -1
29-01-18 22:35:06 [INFO] [OctoBans] sangoku sql checked, record: spammp by atsuky to -1
29-01-18 22:35:06 [INFO] [OctoBans] sangoku sql checked, record: spammp by Awesomeboy to -1
29-01-18 22:35:06 [INFO] [OctoBans] sangoku sql checked, record: spammp by Awesomeboy to -1
29-01-18 22:35:25 [INFO] [OctoBans] tonary49 sql checked, record: spammp by ToXiCz_TV to -1
29-01-18 22:35:25 [INFO] [OctoBans] tonary49 sql checked, record: spammp by Hkz_Skillon to -1
29-01-18 22:35:43 [INFO] [OctoBans] idecow_ sql checked, record: spammp by OCIP_Matth to -1
29-01-18 22:36:31 [INFO] [OctoBans] reyzzerpvp sql checked, record: spammp by Elfideltia to -1
29-01-18 22:38:26 [INFO] [OctoBans] killyan sql checked, record: spammp by EW3L to -1
29-01-18 22:41:58 [INFO] [OctoBans] onflyenrec sql checked, record: spammp by Antoine57565 to -1
29-01-18 22:41:58 [INFO] [OctoBans] onflyenrec sql checked, record: spammp by PseudooNull to -1
29-01-18 22:41:58 [INFO] [OctoBans] onflyenrec sql checked, record: spammp by Elfideltia to -1
29-01-18 22:41:58 [INFO] [OctoBans] onflyenrec sql checked, record: insulte by Zayrox29 to 1517273174
29-01-18 22:42:26 [INFO] [OctoBans] macarena sql checked, record: spammp by PseudooNull to -1
29-01-18 22:42:26 [INFO] [OctoBans] macarena sql checked, record: spammp by PseudooNull to -1
29-01-18 22:42:26 [INFO] [OctoBans] macarena sql checked, record: spammp by woimant to -1
29-01-18 22:42:26 [INFO] [OctoBans] macarena sql checked, record: spammp by woimant to -1
29-01-18 22:42:26 [INFO] [OctoBans] macarena sql checked, record: spammp by MrKebab to -1
29-01-18 22:58:24 [INFO] [OctoBans] deeprodole sql checked, record: spammp by Zayrox29 to -1
29-01-18 22:58:24 [INFO] [OctoBans] deeprodole sql checked, record: spammp by Zayrox29 to -1
29-01-18 23:05:01 [INFO] [OctoBans] chut3000 sql checked, record: spammp by FiasK0 to -1
29-01-18 23:05:01 [INFO] [OctoBans] chut3000 sql checked, record: spammp by Zayrox29 to -1
29-01-18 23:05:01 [INFO] [OctoBans] chut3000 sql checked, record: spammp by NeyTox to -1
29-01-18 23:07:22 [INFO] [OctoBans] DEEProdole punished macarena for: Spam/flood
29-01-18 23:32:41 [INFO] [OctoBans] elfideltia sql checked, record: spammp by D3adOrSnipSurYTB to -1
29-01-18 23:32:51 [INFO] [OctoBans] Elfideltia punished macarena for: Insulte
29-01-18 23:33:25 [INFO] [OctoBans] Elfideltia punished macarena for: Insulte grave
29-01-18 23:33:50 [INFO] [OctoBans] Elfideltia punished macarena for: Insulte grave
29-01-18 23:34:24 [INFO] [OctoBans] Elfideltia punished macarena for: Insulte grave
29-01-18 23:34:44 [INFO] [OctoBans] Elfideltia punished macarena for: Insulte grave
29-01-18 23:35:05 [INFO] [OctoBans] Elfideltia punished macarena for: Spam/flood en MP
29-01-18 23:36:01 [INFO] [OctoBans] Elfideltia punished macarena for: Insulte grave
29-01-18 23:37:31 [INFO] [OctoBans] Elfideltia punished macarena for: Insulte grave
29-01-18 23:38:25 [INFO] [OctoBans] Elfideltia punished macarena for: Spam/flood en MP
29-01-18 23:39:25 [INFO] [OctoBans] wazhrod sql checked, record: menacehack by atsuky to 1517362491
29-01-18 23:46:03 [INFO] [OctoBans] Koeseb97 punished macarena for: Menace de hack
29-01-18 23:50:14 [INFO] [OctoBans] imdylan sql checked, record: insultegrave by SkillBOotiiS to 1517301659
29-01-18 23:50:21 [INFO] [OctoBans] sangoku sql checked, record: spammp by atsuky to -1
29-01-18 23:50:21 [INFO] [OctoBans] sangoku sql checked, record: spammp by Awesomeboy to -1
29-01-18 23:50:21 [INFO] [OctoBans] sangoku sql checked, record: spammp by Awesomeboy to -1
29-01-18 23:50:29 [INFO] [OctoBans] keen0x sql checked, record: spammp by FNGOD to -1
29-01-18 23:50:34 [INFO] [OctoBans] Koeseb97 punished keen0x for: Provocation
29-01-18 23:54:25 [INFO] [OctoBans] Koeseb97 punished sangoku for: Provocation
30-01-18 00:14:15 [INFO] [OctoBans] pepsicoca sql checked, record: spammp by FiasK0 to -1
30-01-18 00:14:15 [INFO] [OctoBans] pepsicoca sql checked, record: spammp by Elfideltia to -1
30-01-18 00:14:15 [INFO] [OctoBans] pepsicoca sql checked, record: spammp by Elfideltia to -1
30-01-18 01:12:19 [INFO] [OctoBans] blackwhite010 sql checked, record: spammp by atsuky to -1
30-01-18 01:42:18 [INFO] [OctoBans] DEEProdole punished forceblack for: Insulte grave
30-01-18 01:51:32 [INFO] [OctoBans] aexraptorz sql checked, record: spammp by Remil to -1
30-01-18 01:51:32 [INFO] [OctoBans] aexraptorz sql checked, record: spammp by PseudooNull to -1
30-01-18 01:51:32 [INFO] [OctoBans] aexraptorz sql checked, record: tpkill by atsuky to 1517279435
30-01-18 03:12:02 [INFO] [OctoBans] shqpeztamere sql checked, record: insultegrave by Furiomaniak to 1517316126
30-01-18 03:14:33 [INFO] [OctoBans] mayeul sql checked, record: spammp by AO_Darkness to -1
30-01-18 06:01:02 [INFO] [OctoBans] Disabling OctoBans v1.0
