29-06-17 22:31:43 [INFO] [OctoBans] File Handler successfully initialized!
29-06-17 22:31:43 [INFO] [OctoBans] SQL connection successfully etablished
29-06-17 22:31:43 [INFO] [OctoBans] Moderator Tools by Octonia.
29-06-17 22:31:48 [INFO] [OctoBans] yaya13warrior sql checked, record: spammp by PseudoNul to -1
29-06-17 22:31:48 [INFO] [OctoBans] matgone01 sql checked, record: spammp by ZerKup to -1
29-06-17 22:31:48 [INFO] [OctoBans] matgone01 sql checked, record: spammp by ZerKup to -1
29-06-17 22:31:48 [INFO] [OctoBans] craziix_eu sql checked, record: spammp by Remil to -1
29-06-17 22:31:48 [INFO] [OctoBans] craziix_eu sql checked, record: spammp by Remil to -1
29-06-17 22:31:48 [INFO] [OctoBans] craziix_eu sql checked, record: spammp by Remil to -1
29-06-17 22:31:48 [INFO] [OctoBans] craziix_eu sql checked, record: spammp by Remil to -1
29-06-17 22:31:48 [INFO] [OctoBans] justmyskill sql checked, record: spammp by PseudoNul to -1
29-06-17 22:31:48 [INFO] [OctoBans] lefifoudu3 sql checked, record: spammp by SuperJojo to -1
29-06-17 22:31:48 [INFO] [OctoBans] lefifoudu3 sql checked, record: insultegrave by SproFids to 1498794889
29-06-17 22:31:49 [INFO] [OctoBans] sipha sql checked, record: langage by Forway to 1498770534
29-06-17 22:31:51 [INFO] [OctoBans] goto_camus sql checked, record: spammp by SuperJojo to -1
29-06-17 22:31:53 [INFO] [OctoBans] dawkh sql checked, record: insulte by Anzerti to 1498770570
29-06-17 22:31:55 [INFO] [OctoBans] xx_volrod_xx sql checked, record: spam by SnowEffect to 1498789499
29-06-17 22:31:59 [INFO] [OctoBans] whiskass sql checked, record: spammp by SuperJojo to -1
29-06-17 22:31:59 [INFO] [OctoBans] celticevan95 sql checked, record: spammp by SnowEffect to -1
29-06-17 22:32:01 [INFO] [OctoBans] shouteur sql checked, record: spammp by Remil to -1
29-06-17 22:32:01 [INFO] [OctoBans] shouteur sql checked, record: spammp by Remil to -1
29-06-17 22:32:01 [INFO] [OctoBans] shouteur sql checked, record: spammp by Remil to -1
29-06-17 22:32:01 [INFO] [OctoBans] shouteur sql checked, record: spammp by Remil to -1
29-06-17 22:32:02 [INFO] [OctoBans] papigabi sql checked, record: spammp by SnowEffect to -1
29-06-17 22:32:02 [INFO] [OctoBans] papigabi sql checked, record: spammp by SnowEffect to -1
29-06-17 22:32:07 [INFO] [OctoBans] _dragibus_ sql checked, record: spammp by Remil to -1
29-06-17 22:32:07 [INFO] [OctoBans] _dragibus_ sql checked, record: spammp by Remil to -1
29-06-17 22:32:07 [INFO] [OctoBans] _dragibus_ sql checked, record: spammp by Remil to -1
29-06-17 22:32:07 [INFO] [OctoBans] _dragibus_ sql checked, record: spammp by Remil to -1
29-06-17 22:32:07 [INFO] [OctoBans] _dragibus_ sql checked, record: spammp by Remil to -1
29-06-17 22:32:07 [INFO] [OctoBans] _dragibus_ sql checked, record: spammp by Remil to -1
29-06-17 22:32:07 [INFO] [OctoBans] _dragibus_ sql checked, record: spammp by Remil to -1
29-06-17 22:32:07 [INFO] [OctoBans] _dragibus_ sql checked, record: spammp by Remil to -1
29-06-17 22:32:07 [INFO] [OctoBans] _dragibus_ sql checked, record: spammp by Remil to -1
29-06-17 22:32:07 [INFO] [OctoBans] _dragibus_ sql checked, record: spammp by Remil to -1
29-06-17 22:32:07 [INFO] [OctoBans] _dragibus_ sql checked, record: spammp by Remil to -1
29-06-17 22:32:07 [INFO] [OctoBans] _dragibus_ sql checked, record: spammp by Remil to -1
29-06-17 22:32:07 [INFO] [OctoBans] _dragibus_ sql checked, record: spammp by PseudoNul to -1
29-06-17 22:32:07 [INFO] [OctoBans] _dragibus_ sql checked, record: langage by Forway to 1498772131
29-06-17 22:32:23 [INFO] [OctoBans] titidu06 sql checked, record: spammp by PseudoNul to -1
29-06-17 22:32:24 [INFO] [OctoBans] jojolatereur971 sql checked, record: flood by Anzerti to 1498770927
29-06-17 22:32:25 [INFO] [OctoBans] waytek sql checked, record: spammp by PseudoNul to -1
29-06-17 22:32:29 [INFO] [OctoBans] molotof sql checked, record: incitationflood by JustMySkill to 1498843940
29-06-17 22:32:45 [INFO] [OctoBans] mokax sql checked, record: pubyt by Forway to 1498769782
29-06-17 22:32:47 [INFO] [OctoBans] naunau123 sql checked, record: tpkill by YTB_XxKarnageXx to 1498847536
29-06-17 22:32:57 [INFO] [OctoBans] wortexgaming sql checked, record: spammp by PseudoNul to -1
29-06-17 22:32:57 [INFO] [OctoBans] wortexgaming sql checked, record: spammp by Steph078 to -1
29-06-17 22:32:57 [INFO] [OctoBans] leo2316 sql checked, record: spammp by SuperJojo to -1
29-06-17 22:32:57 [INFO] [OctoBans] leo2316 sql checked, record: spammp by Remil to -1
29-06-17 22:33:12 [INFO] [OctoBans] erinoxlx sql checked, record: kickautre by Steph078 to -1
29-06-17 22:33:12 [INFO] [OctoBans] erinoxlx sql checked, record: incitationflood by Anzerti to 1498782110
29-06-17 22:33:12 [INFO] [OctoBans] batte sql checked, record: spammp by SuperJojo to -1
29-06-17 22:33:18 [INFO] [OctoBans] thebrioche13 sql checked, record: spammp by Remil to -1
29-06-17 22:33:18 [INFO] [OctoBans] thebrioche13 sql checked, record: spammp by SkyKosIV to -1
29-06-17 22:33:31 [INFO] [OctoBans] nicerush sql checked, record: spammp by YTB_XxKarnageXx to -1
29-06-17 22:33:31 [INFO] [OctoBans] nicerush sql checked, record: spammp by PseudoNul to -1
29-06-17 22:33:37 [INFO] [OctoBans] clem010 sql checked, record: doubleposte by JustMySkill to 1498769914
29-06-17 22:34:06 [INFO] [OctoBans] zk_lntk sql checked, record: spam by Forway to 1498771780
29-06-17 22:34:06 [INFO] [OctoBans] zk_lntk sql checked, record: spam by JustMySkill to 1498775403
29-06-17 22:34:34 [INFO] [OctoBans] crocforce sql checked, record: flood by JustMySkill to 1498771290
29-06-17 22:35:33 [INFO] [OctoBans] darkinggaming sql checked, record: floodmp by Forway to -1
29-06-17 22:35:38 [INFO] [OctoBans] JustMySkill punished silverfight for: Spam/flood
29-06-17 22:35:46 [INFO] [OctoBans] julie52100 sql checked, record: spammp by SnowEffect to -1
29-06-17 22:35:46 [INFO] [OctoBans] julie52100 sql checked, record: spammp by PseudoNul to -1
29-06-17 22:36:30 [INFO] [OctoBans] _hello_kitty sql checked, record: spammp by SuperJojo to -1
29-06-17 22:36:30 [INFO] [OctoBans] _hello_kitty sql checked, record: provocation by JustMySkill to 1498770319
29-06-17 22:37:00 [INFO] [OctoBans] badounoux sql checked, record: spammp by ZerKup to -1
29-06-17 22:37:19 [INFO] [OctoBans] maxougaming sql checked, record: spammp by PseudoNul to -1
29-06-17 22:37:19 [INFO] [OctoBans] maxougaming sql checked, record: spammp by PseudoNul to -1
29-06-17 22:37:19 [INFO] [OctoBans] maxougaming sql checked, record: spammp by Remil to -1
29-06-17 22:37:19 [INFO] [OctoBans] maxougaming sql checked, record: spammp by Remil to -1
29-06-17 22:37:24 [INFO] [OctoBans] JustMySkill punished justninjaaa_ for: Double Poste
29-06-17 22:37:56 [INFO] [OctoBans] JustMySkill punished bardaxx_ for: Double Poste
29-06-17 22:39:05 [INFO] [OctoBans] razgard59 sql checked, record: spammp by SuperJojo to -1
29-06-17 22:39:21 [INFO] [OctoBans] izi_les_byy sql checked, record: spammp by YTB_XxKarnageXx to -1
29-06-17 22:39:21 [INFO] [OctoBans] izi_les_byy sql checked, record: spammp by SuperJojo to -1
29-06-17 22:39:21 [INFO] [OctoBans] izi_les_byy sql checked, record: spammp by Remil to -1
29-06-17 22:39:57 [INFO] [OctoBans] zebosse sql checked, record: doubleposte by Forway to 1498768902
29-06-17 22:40:19 [INFO] [OctoBans] zayrozz sql checked, record: spammp by Remil to -1
29-06-17 22:40:56 [INFO] [OctoBans] wardogz_59 sql checked, record: spammp by PseudoNul to -1
29-06-17 22:42:02 [INFO] [OctoBans] molotof sql checked, record: incitationflood by JustMySkill to 1498843940
29-06-17 22:42:49 [INFO] [OctoBans] JustMySkill punished argonik34110 for: Double Poste
29-06-17 22:42:51 [INFO] [OctoBans] ZerKup punished cochonhalal for: Incitation au flood
29-06-17 22:44:34 [INFO] [OctoBans] JustMySkill punished _propvp_ for: Double Poste
29-06-17 22:45:13 [INFO] [OctoBans] by_sneak sql checked, record: spammp by SkyKosIV to -1
29-06-17 22:46:15 [INFO] [OctoBans] mr_darkgame sql checked, record: spammp by PseudoNul to -1
29-06-17 22:48:36 [INFO] [OctoBans] MaacDoo punished by_sneak for: Langage incorrect
29-06-17 22:51:25 [INFO] [OctoBans] JustMySkill punished izi_gamer for: Spam/flood
29-06-17 22:52:16 [INFO] [OctoBans] ray54 sql checked, record: spammp by SuperJojo to -1
29-06-17 22:52:20 [INFO] [OctoBans] mathis81 sql checked, record: spammp by Steph078 to -1
29-06-17 22:52:37 [INFO] [OctoBans] weesley sql checked, record: spammp by YTB_XxKarnageXx to -1
29-06-17 22:52:37 [INFO] [OctoBans] weesley sql checked, record: spammp by ZerKup to -1
29-06-17 22:52:37 [INFO] [OctoBans] weesley sql checked, record: spammp by Remil to -1
29-06-17 22:53:37 [INFO] [OctoBans] bykory_ sql checked, record: spammp by Steph078 to -1
29-06-17 22:56:07 [INFO] [OctoBans] njims sql checked, record: spammp by Remil to -1
29-06-17 22:56:07 [INFO] [OctoBans] njims sql checked, record: spammp by PseudoNul to -1
29-06-17 22:56:19 [INFO] [OctoBans] TheBrioche13 punished waroxyyt for: Majuscule
29-06-17 22:56:42 [INFO] [OctoBans] kyzirie sql checked, record: spammp by PseudoNul to -1
29-06-17 22:58:03 [INFO] [OctoBans] thekillervaca sql checked, record: spammp by SuperJojo to -1
29-06-17 22:58:03 [INFO] [OctoBans] thekillervaca sql checked, record: faussesinfos by Anzerti to 1498778541
29-06-17 22:59:11 [INFO] [OctoBans] ruth_skwiz sql checked, record: spammp by Remil to -1
29-06-17 23:00:52 [INFO] [OctoBans] lolpigman sql checked, record: spammp by SnowEffect to -1
29-06-17 23:00:52 [INFO] [OctoBans] lolpigman sql checked, record: spammp by skhey to -1
29-06-17 23:01:45 [INFO] [OctoBans] denis018 sql checked, record: spammp by Remil to -1
29-06-17 23:02:16 [INFO] [OctoBans] ryd3rtvv0x sql checked, record: spammp by SkyKosIV to -1
29-06-17 23:02:16 [INFO] [OctoBans] ryd3rtvv0x sql checked, record: menacehack by SuperJojo to 1498939078
29-06-17 23:03:02 [INFO] [OctoBans] Shainko punished matgone01 for: Majuscule
29-06-17 23:04:20 [INFO] [OctoBans] reborncreep sql checked, record: spammp by Remil to -1
29-06-17 23:04:51 [INFO] [OctoBans] woimant punished argonikv2 for: Double Poste
29-06-17 23:04:53 [INFO] [OctoBans] JustMySkill punished matgone01 for: Provocation
29-06-17 23:05:14 [INFO] [OctoBans] JustMySkill punished matgone01 for: Insulte staff
29-06-17 23:07:01 [INFO] [OctoBans] JustMySkill punished dawkh for: Insulte staff
29-06-17 23:07:19 [INFO] [OctoBans] juldestructeur sql checked, record: spammp by PseudoNul to -1
29-06-17 23:07:19 [INFO] [OctoBans] juldestructeur sql checked, record: spammp by PseudoNul to -1
29-06-17 23:07:45 [INFO] [OctoBans] TheBrioche13 punished weesley for: Majuscule
29-06-17 23:08:46 [INFO] [OctoBans] ronweasley sql checked, record: spammp by SkyKosIV to -1
29-06-17 23:10:16 [INFO] [OctoBans] JustMySkill punished ardtoic for: Double Poste
29-06-17 23:10:47 [INFO] [OctoBans] TheBrioche13 punished gordswinn for: Double Poste
29-06-17 23:13:04 [INFO] [OctoBans] arrowgaming sql checked, record: spammp by SkyKosIV to -1
29-06-17 23:14:10 [INFO] [OctoBans] woimant punished ghalinoussi for: Majuscule
29-06-17 23:14:26 [INFO] [OctoBans] ZerKup punished waroxyyt for: Majuscule
29-06-17 23:14:42 [INFO] [OctoBans] MaacDoo punished vagosts for: Double Poste
29-06-17 23:14:56 [INFO] [OctoBans] woimant punished waroxyyt for: Majuscule
29-06-17 23:16:00 [INFO] [OctoBans] TheBrioche13 punished samkingofgame for: Majuscule
29-06-17 23:18:35 [INFO] [OctoBans] woimant punished goto_camus for: Double Poste
29-06-17 23:18:41 [INFO] [OctoBans] JustMySkill punished mohame for: Double Poste
29-06-17 23:19:10 [INFO] [OctoBans] JustMySkill punished maxougaming for: Spam/flood
29-06-17 23:19:20 [INFO] [OctoBans] ZerKup punished full_drago for: Double Poste
29-06-17 23:21:26 [INFO] [OctoBans] blackwhite010 sql checked, record: spammp by PseudoNul to -1
29-06-17 23:22:17 [INFO] [OctoBans] JustMySkill punished waytek for: Majuscule
29-06-17 23:23:06 [INFO] [OctoBans] MaacDoo punished totototo11 for: Double Poste
29-06-17 23:24:39 [INFO] [OctoBans] woimant punished blacknigth for: Double Poste
29-06-17 23:25:03 [INFO] [OctoBans] JustMySkill punished ehayden_frost for: Double Poste
29-06-17 23:25:46 [INFO] [OctoBans] zarconia sql checked, record: spammp by SuperJojo to -1
29-06-17 23:25:58 [INFO] [OctoBans] ZerKup punished squart_n for: Spam/flood
29-06-17 23:26:25 [INFO] [OctoBans] epicxshox sql checked, record: spammp by SuperJojo to -1
29-06-17 23:28:24 [INFO] [OctoBans] JustMySkill punished antinio69 for: Majuscule
29-06-17 23:29:59 [INFO] [OctoBans] JustMySkill punished ghalinoussi for: Spam/flood
29-06-17 23:30:05 [INFO] [OctoBans] JustMySkill punished shetters for: Provocation
29-06-17 23:30:48 [INFO] [OctoBans] TheBrioche13 punished kirito08130 for: Spam/flood
29-06-17 23:32:14 [INFO] [OctoBans] JustMySkill punished ix2snik for: Langage incorrect
29-06-17 23:32:26 [INFO] [OctoBans] TheBrioche13 punished bardaxx_ for: Double Poste
29-06-17 23:32:26 [INFO] [OctoBans] JustMySkill punished joting for: Double Poste
29-06-17 23:33:01 [INFO] [OctoBans] Shainko punished cerealekilleur for: Spam/flood
29-06-17 23:35:18 [INFO] [OctoBans] Anzerti punished louiska_ for: Majuscule
29-06-17 23:36:53 [INFO] [OctoBans] Anzerti punished zumbie for: Fausses informations
29-06-17 23:37:11 [INFO] [OctoBans] ZerKup punished _dragibus_ for: Double Poste
29-06-17 23:39:17 [INFO] [OctoBans] Remil punished leekspin for: Double Poste
29-06-17 23:40:40 [INFO] [OctoBans] Shainko punished liviofb for: Spam/flood
29-06-17 23:42:00 [INFO] [OctoBans] JustMySkill punished gordswinn for: Spam/flood
29-06-17 23:42:21 [INFO] [OctoBans] TheBrioche13 punished ehayden_frost for: Spam/flood
29-06-17 23:44:08 [INFO] [OctoBans] Remil punished xxshoot02 for: Double Poste
29-06-17 23:44:09 [INFO] [OctoBans] Anzerti punished lefifoudu3 for: Insulte staff
29-06-17 23:46:11 [INFO] [OctoBans] Anzerti punished mrkabab for: Langage incorrect
29-06-17 23:46:35 [INFO] [OctoBans] Anzerti punished fallohio for: Insulte
29-06-17 23:48:35 [INFO] [OctoBans] darktw sql checked, record: floodmp by Forway to -1
29-06-17 23:50:09 [INFO] [OctoBans] JustMySkill punished poulemouiller for: Insulte staff
29-06-17 23:50:15 [INFO] [OctoBans] drkiritoz_ sql checked, record: spammp by YTB_XxKarnageXx to -1
29-06-17 23:50:15 [INFO] [OctoBans] drkiritoz_ sql checked, record: spammp by SuperJojo to -1
29-06-17 23:54:30 [INFO] [OctoBans] JustMySkill punished samkingofgame for: Majuscule
29-06-17 23:55:48 [INFO] [OctoBans] sunfall sql checked, record: spammp by aubune to -1
29-06-17 23:55:48 [INFO] [OctoBans] sunfall sql checked, record: floodmp by Forway to -1
29-06-17 23:55:48 [INFO] [OctoBans] sunfall sql checked, record: spammp by Steph078 to -1
29-06-17 23:55:58 [INFO] [OctoBans] Remil punished gizmomo for: Double Poste
29-06-17 23:56:47 [INFO] [OctoBans] Shainko punished proxy_killeur for: Fausses informations
29-06-17 23:57:49 [INFO] [OctoBans] Shainko punished frite_merguez for: Double Poste
29-06-17 23:58:02 [INFO] [OctoBans] JustMySkill punished cleotte123 for: Double Poste
29-06-17 23:58:37 [INFO] [OctoBans] singe_de_telfort sql checked, record: spammp by SuperJojo to -1
29-06-17 23:58:37 [INFO] [OctoBans] singe_de_telfort sql checked, record: kickautre by Steph078 to -1
29-06-17 23:58:37 [INFO] [OctoBans] singe_de_telfort sql checked, record: spammp by SuperJojo to -1
29-06-17 23:58:37 [INFO] [OctoBans] singe_de_telfort sql checked, record: spammp by SkyKosIV to -1
29-06-17 23:58:37 [INFO] [OctoBans] singe_de_telfort sql checked, record: spammp by YTB_XxKarnageXx to -1
29-06-17 23:58:37 [INFO] [OctoBans] singe_de_telfort sql checked, record: insultestaff by JustMySkill to 1498850230
29-06-17 23:59:47 [INFO] [OctoBans] JustMySkill punished sunfall for: Provocation
30-06-17 00:00:00 [INFO] [OctoBans] Shainko punished frite_merguez for: Insulte staff
30-06-17 00:00:15 [INFO] [OctoBans] JustMySkill punished rld_wavex for: Provocation
30-06-17 00:01:31 [INFO] [OctoBans] marchandloup sql checked, record: spammp by Remil to -1
30-06-17 00:01:31 [INFO] [OctoBans] marchandloup sql checked, record: spammp by PseudoNul to -1
30-06-17 00:02:50 [INFO] [OctoBans] oow_ll sql checked, record: spammp by SkyKosIV to -1
30-06-17 00:04:08 [INFO] [OctoBans] zaikiin sql checked, record: spammp by Remil to -1
30-06-17 00:04:33 [INFO] [OctoBans] MaacDoo punished lords_captain for: Double Poste
30-06-17 00:04:46 [INFO] [OctoBans] pandazzz sql checked, record: spammp by Remil to -1
30-06-17 00:05:59 [INFO] [OctoBans] JustMySkill punished pilpoilbellucci_ for: Provocation
30-06-17 00:11:00 [INFO] [OctoBans] Disabling OctoBans v1.0
