26-10-17 22:31:42 [INFO] [OctoBans] File Handler successfully initialized!
26-10-17 22:31:42 [INFO] [OctoBans] SQL connection successfully etablished
26-10-17 22:31:42 [INFO] [OctoBans] Moderator Tools by Octonia.
26-10-17 22:31:46 [INFO] [OctoBans] mrkebab sql checked, record: spammp by tinmar to -1
26-10-17 22:31:46 [INFO] [OctoBans] mrkebab sql checked, record: insultegrave by Antoine57565 to 1509135133
26-10-17 22:31:46 [INFO] [OctoBans] biffy sql checked, record: spam by Antoine57565 to 1509050516
26-10-17 22:31:47 [INFO] [OctoBans] yayan sql checked, record: spammp by Zoseq to -1
26-10-17 22:31:47 [INFO] [OctoBans] yayan sql checked, record: doubleposte by Antoine57565 to 1509050622
26-10-17 22:31:47 [INFO] [OctoBans] hugoboss44 sql checked, record: spammp by Remil to -1
26-10-17 22:31:47 [INFO] [OctoBans] hugoboss44 sql checked, record: spammp by LeRe to -1
26-10-17 22:31:47 [INFO] [OctoBans] hugoboss44 sql checked, record: spammp by LeRe to -1
26-10-17 22:31:47 [INFO] [OctoBans] minethuglife sql checked, record: spammp by ToXiCz_TV to -1
26-10-17 22:31:47 [INFO] [OctoBans] xxsubxx sql checked, record: spammp by Remil to -1
26-10-17 22:31:47 [INFO] [OctoBans] xxsubxx sql checked, record: majuscule by Antoine57565 to 1509050583
26-10-17 22:31:47 [INFO] [OctoBans] xxsubxx sql checked, record: spam by Remil to 1509052447
26-10-17 22:31:47 [INFO] [OctoBans] _guigui_ sql checked, record: spammp by Remil to -1
26-10-17 22:31:48 [INFO] [OctoBans] onflyenrec sql checked, record: spammp by Antoine57565 to -1
26-10-17 22:31:51 [INFO] [OctoBans] fire_craft sql checked, record: spammp by Gamer09 to -1
26-10-17 22:31:54 [INFO] [OctoBans] norgonz sql checked, record: spammp by SkyKosIV to -1
26-10-17 22:31:56 [INFO] [OctoBans] lembont sql checked, record: majuscule by Antoine57565 to 1509051043
26-10-17 22:32:05 [INFO] [OctoBans] maxoupvp sql checked, record: spammp by LeRe to -1
26-10-17 22:32:08 [INFO] [OctoBans] _theodu13_ sql checked, record: spammp by FiasK0 to -1
26-10-17 22:32:14 [INFO] [OctoBans] zlkayzen sql checked, record: spammp by tinmar to -1
26-10-17 22:32:14 [INFO] [OctoBans] zlkayzen sql checked, record: spammp by Remil to -1
26-10-17 22:32:19 [INFO] [OctoBans] iharibozz sql checked, record: insulte by Antoine57565 to 1509051786
26-10-17 22:32:19 [INFO] [OctoBans] creepyskiil sql checked, record: insulte by Zayrox29 to 1509052247
26-10-17 22:32:22 [INFO] [OctoBans] Remil punished casseur2block for: Majuscule
26-10-17 22:32:29 [INFO] [OctoBans] Remil punished _neyko_ for: Langage incorrect
26-10-17 22:32:36 [INFO] [OctoBans] fighter62 sql checked, record: spammp by SmooKeur to -1
26-10-17 22:32:36 [INFO] [OctoBans] ludo63 sql checked, record: spammp by YTB_XxKarnageXx to -1
26-10-17 22:32:36 [INFO] [OctoBans] mrcapers sql checked, record: spammp by FiasK0 to -1
26-10-17 22:32:47 [INFO] [OctoBans] azizlapoite sql checked, record: spammp by FiasK0 to -1
26-10-17 22:32:48 [INFO] [OctoBans] lolodu02 sql checked, record: spammp by Remil to -1
26-10-17 22:32:48 [INFO] [OctoBans] lolodu02 sql checked, record: insultegrave by tinmar to 1509085107
26-10-17 22:32:48 [INFO] [OctoBans] lolodu02 sql checked, record: spammp by EGGSPLOSION to -1
26-10-17 22:32:51 [INFO] [OctoBans] reqz_ sql checked, record: spammp by FiasK0 to -1
26-10-17 22:32:58 [INFO] [OctoBans] noragev12 sql checked, record: spammp by Shainko to -1
26-10-17 22:33:10 [INFO] [OctoBans] lefifoudu3 sql checked, record: spammp by Zoseq to -1
26-10-17 22:33:37 [INFO] [OctoBans] Zoseq punished yaragaminglesang for: Double Poste
26-10-17 22:33:39 [INFO] [OctoBans] garzan59 sql checked, record: spammp by MisterBlazing to -1
26-10-17 22:33:47 [INFO] [OctoBans] fabio sql checked, record: spammp by Remil to -1
26-10-17 22:33:47 [INFO] [OctoBans] fabio sql checked, record: spammp by Remil to -1
26-10-17 22:33:47 [INFO] [OctoBans] fabio sql checked, record: spammp by Remil to -1
26-10-17 22:33:53 [INFO] [OctoBans] mortroi sql checked, record: spammp by Antoine57565 to -1
26-10-17 22:33:53 [INFO] [OctoBans] elcookie2 sql checked, record: insultegrave by tinmar to 1509098161
26-10-17 22:34:15 [INFO] [OctoBans] nastu2727 sql checked, record: spammp by Remil to -1
26-10-17 22:34:47 [INFO] [OctoBans] elumix sql checked, record: spammp by Remil to -1
26-10-17 22:34:47 [INFO] [OctoBans] elumix sql checked, record: insultegrave by NeyTox to 1509083632
26-10-17 22:35:20 [INFO] [OctoBans] pogba692006 sql checked, record: insultegrave by FiasK0 to 1509057307
26-10-17 22:35:54 [INFO] [OctoBans] Zoseq punished fire_craft for: Pub serveur
26-10-17 22:35:56 [INFO] [OctoBans] swichdi sql checked, record: spammp by Gamer09 to -1
26-10-17 22:36:21 [INFO] [OctoBans] davenherobrine sql checked, record: spammp by Zayrox29 to -1
26-10-17 22:36:35 [INFO] [OctoBans] roi_du_rush sql checked, record: spammp by FiasK0 to -1
26-10-17 22:36:42 [INFO] [OctoBans] vengega72 sql checked, record: spam by PoukoaMoa to 1509056427
26-10-17 22:37:44 [INFO] [OctoBans] juju123 sql checked, record: spammp by EGGSPLOSION to -1
26-10-17 22:38:15 [INFO] [OctoBans] Zoseq punished keke91270 for: Provocation
26-10-17 22:46:53 [INFO] [OctoBans] flowtox sql checked, record: provocation by Flowtox to 1508799267
26-10-17 22:46:53 [INFO] [OctoBans] flowtox sql checked, record: majuscule by Flowtox to 1508854496
26-10-17 22:46:53 [INFO] [OctoBans] flowtox sql checked, record: spam by Flowtox to 1508859812
26-10-17 22:46:53 [INFO] [OctoBans] flowtox sql checked, record: insulte by Flowtox to 1508883736
26-10-17 22:46:53 [INFO] [OctoBans] flowtox sql checked, record: insulte by Flowtox to 1508878555
26-10-17 22:46:53 [INFO] [OctoBans] flowtox sql checked, record: provocation by Flowtox to 1508879467
26-10-17 22:46:53 [INFO] [OctoBans] flowtox sql checked, record: doubleposte by Flowtox to 1508878701
26-10-17 22:46:53 [INFO] [OctoBans] flowtox sql checked, record: spam by Flowtox to 1508948307
26-10-17 22:46:53 [INFO] [OctoBans] flowtox sql checked, record: insultestaff by Flowtox to 1509053883
26-10-17 22:46:53 [INFO] [OctoBans] flowtox sql checked, record: insulte by Flowtox to 1509023773
26-10-17 22:46:53 [INFO] [OctoBans] flowtox sql checked, record: insulte by Flowtox to 1509022473
26-10-17 22:46:53 [INFO] [OctoBans] flowtox sql checked, record: insultestaff by Flowtox to 1509062433
26-10-17 22:47:11 [INFO] [OctoBans] neox_warior sql checked, record: spammp by SmooKeur to -1
26-10-17 22:47:15 [INFO] [OctoBans] Zayrox29 punished karibo127 for: Provocation
26-10-17 22:49:33 [INFO] [OctoBans] algorskis_yt sql checked, record: insultegrave by Zayrox29 to 1509147557
26-10-17 22:50:19 [INFO] [OctoBans] mrsyouyou sql checked, record: insultegrave by Antoine57565 to 1509056293
26-10-17 22:52:46 [INFO] [OctoBans] progameur sql checked, record: homophobie by Antoine57565 to 1509103510
26-10-17 22:53:49 [INFO] [OctoBans] Flowtox punished progameur for: Provocation
26-10-17 22:56:47 [INFO] [OctoBans] woimant punished nobodykinghd for: Double Poste
26-10-17 22:57:11 [INFO] [OctoBans] derpik sql checked, record: spammp by SmooKeur to -1
26-10-17 22:57:16 [INFO] [OctoBans] Zayrox29 punished casseur2block for: Spam/flood
26-10-17 22:57:17 [INFO] [OctoBans] LeRe punished yayan for: Spam/flood
26-10-17 22:58:58 [INFO] [OctoBans] kitito sql checked, record: insultegrave by Zayrox29 to 1509083369
26-10-17 22:58:58 [INFO] [OctoBans] kitito sql checked, record: spamftag by Remil to 1509220442
26-10-17 22:59:09 [INFO] [OctoBans] Zoseq punished hkz_skillon for: Spam/flood
26-10-17 22:59:15 [INFO] [OctoBans] azer_nexo sql checked, record: spammp by ToXiCz_TV to -1
26-10-17 22:59:26 [INFO] [OctoBans] Remil punished daymond_ytb for: Spam/flood
26-10-17 23:01:45 [INFO] [OctoBans] meven789 sql checked, record: spammp by LeRe to -1
26-10-17 23:02:28 [INFO] [OctoBans] snoxx_ sql checked, record: spammp by Kyabe to -1
26-10-17 23:02:28 [INFO] [OctoBans] snoxx_ sql checked, record: spammp by Zoseq to -1
26-10-17 23:02:28 [INFO] [OctoBans] snoxx_ sql checked, record: spammp by tinmar to -1
26-10-17 23:02:28 [INFO] [OctoBans] snoxx_ sql checked, record: spammp by tinmar to -1
26-10-17 23:05:00 [INFO] [OctoBans] Remil punished fabio for: Majuscule
26-10-17 23:06:09 [INFO26-10-17 23:06:09 [INFO] [OctoBans] thegameurytb sql checked, record: spammp by NiceFR to -1
26-10-17 23:06:09 [INFO] [OctoBans] thegameurytb sql checked, record: spammp by MisterBlazing to -1
26-10-17 23:08:40 [INFO] [OctoBans] Zoseq punished hyperia_swag for: Provocation
26-10-17 23:11:38 [INFO] [OctoBans] alpha_cronospvp sql checked, record: spammp by Gamer09 to -1
26-10-17 23:12:01 [INFO] [OctoBans] remil sql checked, record: spammp by Remil to -1
26-10-17 23:12:01 [INFO] [OctoBans] remil sql checked, record: spammp by Remil to -1
26-10-17 23:12:01 [INFO] [OctoBans] remil sql checked, record: spammp by Remil to -1
26-10-17 23:12:01 [INFO] [OctoBans] remil sql checked, record: spammp by Remil to -1
26-10-17 23:12:01 [INFO] [OctoBans] remil sql checked, record: spammp by Remil to -1
26-10-17 23:12:01 [INFO] [OctoBans] remil sql checked, record: spammp by Remil to -1
26-10-17 23:12:01 [INFO] [OctoBans] remil sql checked, record: spammp by Remil to -1
26-10-17 23:12:01 [INFO] [OctoBans] remil sql checked, record: doubleposte by Remil to 1508684140
26-10-17 23:12:01 [INFO] [OctoBans] remil sql checked, record: provocation by Remil to 1508684334
26-10-17 23:12:01 [INFO] [OctoBans] remil sql checked, record: spammp by Remil to -1
26-10-17 23:12:01 [INFO] [OctoBans] remil sql checked, record: majuscule by Remil to 1508685893
26-10-17 23:12:01 [INFO] [OctoBans] remil sql checked, record: doubleposte by Remil to 1508685632
26-10-17 23:12:01 [INFO] [OctoBans] remil sql checked, record: doubleposte by Remil to 1508685698
26-10-17 23:12:01 [INFO] [OctoBans] remil sql checked, record: doubleposte by Remil to 1508685848
26-10-17 23:12:01 [INFO] [OctoBans] remil sql checked, record: spammp by Remil to -1
26-10-17 23:12:01 [INFO] [OctoBans] remil sql checked, record: spammp by Remil to -1
26-10-17 23:12:01 [INFO] [OctoBans] remil sql checked, record: doubleposte by Remil to 1508687217
26-10-17 23:12:01 [INFO] [OctoBans] remil sql checked, record: majuscule by Remil to 1508688511
26-10-17 23:12:01 [INFO] [OctoBans] remil sql checked, record: spam by Remil to 1508691527
26-10-17 23:12:01 [INFO] [OctoBans] remil sql checked, record: majuscule by Remil to 1508688575
26-10-17 23:12:01 [INFO] [OctoBans] remil sql checked, record: spammp by Remil to -1
26-10-17 23:12:01 [INFO] [OctoBans] remil sql checked, record: spammp by Remil to -1
26-10-17 23:12:01 [INFO] [OctoBans] remil sql checked, record: majuscule by Remil to 1508689005
26-10-17 23:12:01 [INFO] [OctoBans] remil sql checked, record: majuscule by Remil to 1508689018
26-10-17 23:12:01 [INFO] [OctoBans] remil sql checked, record: faussesinfos by Remil to 1508775004
26-10-17 23:12:01 [INFO] [OctoBans] remil sql checked, record: spam by Remil to 1508692377
26-10-17 23:12:01 [INFO] [OctoBans] remil sql checked, record: doubleposte by Remil to 1508689650
26-10-17 23:12:01 [INFO] [OctoBans] remil sql checked, record: spam by Remil to 1508692931
26-10-17 23:12:01 [INFO] [OctoBans] remil sql checked, record: majuscule by Remil to 1508690284
26-10-17 23:12:01 [INFO] [OctoBans] remil sql checked, record: majuscule by Remil to 1508691018
26-10-17 23:12:01 [INFO] [OctoBans] remil sql checked, record: provocation by Remil to 1508691027
26-10-17 23:12:01 [INFO] [OctoBans] remil sql checked, record: langage by Remil to 1508691623
26-10-17 23:12:01 [INFO] [OctoBans] remil sql checked, record: spam by Remil to 1508694897
26-10-17 23:12:01 [INFO] [OctoBans] remil sql checked, record: pubyt by Remil to 1508695777
26-10-17 23:12:01 [INFO] [OctoBans] remil sql checked, record: majuscule by Remil to 1508693810
26-10-17 23:12:01 [INFO] [OctoBans] remil sql checked, record: insultegrave by Remil to 1508729285
26-10-17 23:12:01 [INFO] [OctoBans] remil sql checked, record: doubleposte by Remil to 1508693604
26-10-17 23:12:01 [INFO] [OctoBans] remil sql checked, record: majuscule by Remil to 1508695774
26-10-17 23:12:01 [INFO] [OctoBans] remil sql checked, record: majuscule by Remil to 1508695845
26-10-17 23:12:01 [INFO] [OctoBans] remil sql checked, record: homophobie by Remil to 1508781741
26-10-17 23:12:01 [INFO] [OctoBans] remil sql checked, record: doubleposte by Remil to 1508696889
26-10-17 23:12:01 [INFO] [OctoBans] remil sql checked, record: majuscule by Remil to 1508696835
26-10-17 23:12:01 [INFO] [OctoBans] remil sql checked, record: majuscule by Remil to 1508696878
26-10-17 23:12:01 [INFO] [OctoBans] remil sql checked, record: majuscule by Remil to 1508696883
26-10-17 23:12:01 [INFO] [OctoBans] remil sql checked, record: insulte by Remil to 1508698990
26-10-17 23:12:01 [INFO] [OctoBans] remil sql checked, record: spam by Remil to 1508699902
26-10-17 23:12:01 [INFO] [OctoBans] remil sql checked, record: majuscule by Remil to 1508696963
26-10-17 23:12:01 [INFO] [OctoBans] remil sql checked, record: majuscule by Remil to 1508698036
26-10-17 23:12:01 [INFO] [OctoBans] remil sql checked, record: majuscule by Remil to 1508698366
26-10-17 23:12:01 [INFO] [OctoBans] remil sql checked, record: insulte by Remil to 1508700797
26-10-17 23:12:01 [INFO] [OctoBans] remil sql checked, record: majuscule by Remil to 1508698865
26-10-17 23:12:01 [INFO] [OctoBans] remil sql checked, record: insulte by Remil to 1508701040
26-10-17 23:12:01 [INFO] [OctoBans] remil sql checked, record: spam by Remil to 1508702107
26-10-17 23:12:01 [INFO] [OctoBans] remil sql checked, record: insulte by Remil to 1508701246
26-10-17 23:12:01 [INFO] [OctoBans] remil sql checked, record: majuscule by Remil to 1508699308
26-10-17 23:12:01 [INFO] [OctoBans] remil sql checked, record: doubleposte by Remil to 1508699181
26-10-17 23:12:01 [INFO] [OctoBans] remil sql checked, record: doubleposte by Remil to 1508699336
26-10-17 23:12:01 [INFO] [OctoBans] remil sql checked, record: spam by Remil to 1508702699
26-10-17 23:12:01 [INFO] [OctoBans] remil sql checked, record: tpkill by Remil to 1508785506
26-10-17 23:12:01 [INFO] [OctoBans] remil sql checked, record: doubleposte by Remil to 1508699446
26-10-17 23:12:01 [INFO] [OctoBans] remil sql checked, record: majuscule by Remil to 1508700490
26-10-17 23:12:01 [INFO] [OctoBans] remil sql checked, record: majuscule by Remil to 1508700254
26-10-17 23:12:01 [INFO] [OctoBans] remil sql checked, record: doubleposte by Remil to 1508699961
26-10-17 23:12:01 [INFO] [OctoBans] remil sql checked, record: doubleposte by Remil to 1508700040
26-10-17 23:12:01 [INFO] [OctoBans] remil sql checked, record: majuscule by Remil to 1508700469
26-10-17 23:12:01 [INFO] [OctoBans] remil sql checked, record: majuscule by Remil to 1508700587
26-10-17 23:12:01 [INFO] [OctoBans] remil sql checked, record: spam by Remil to 1508703590
26-10-17 23:12:01 [INFO] [OctoBans] remil sql checked, record: doubleposte by Remil to 1508700304
26-10-17 23:12:01 [INFO] [OctoBans] remil sql checked, record: doubleposte by Remil to 1508701360
26-10-17 23:12:01 [INFO] [OctoBans] remil sql checked, record: doubleposte by Remil to 1508701744
26-10-17 23:12:01 [INFO] [OctoBans] remil sql checked, record: langage by Remil to 1508702196
26-10-17 23:12:01 [INFO] [OctoBans] remil sql checked, record: majuscule by Remil to 1508702275
26-10-17 23:12:01 [INFO] [OctoBans] remil sql checked, record: majuscule by Remil to 1508702446
26-10-17 23:12:01 [INFO] [OctoBans] remil sql checked, record: majuscule by Remil to 1508702534
26-10-17 23:12:01 [INFO] [OctoBans] remil sql checked, record: spamfopen by Remil to 1508875719
26-10-17 23:12:01 [INFO] [OctoBans] remil sql checked, record: majuscule by Remil to 1508704939
26-10-17 23:12:01 [INFO] [OctoBans] remil sql checked, record: majuscule by Remil to 1508705335
26-10-17 23:12:01 [INFO] [OctoBans] remil sql checked, record: langage by Remil to 1508705436
26-10-17 23:12:01 [INFO] [OctoBans] remil sql checked, record: provocation by Remil to 1508705149
26-10-17 23:12:01 [INFO] [OctoBans] remil sql checked, record: majuscule by Remil to 1508705460
26-10-17 23:12:01 [INFO] [OctoBans] remil sql checked, record: doubleposte by Remil to 1508705221
26-10-17 23:12:01 [INFO] [OctoBans] remil sql checked, record: tpkill by Remil to 1508791369
26-10-17 23:12:01 [INFO] [OctoBans] remil sql checked, record: doubleposte by Remil to 1508706107
26-10-17 23:32:31 [INFO] [OctoBans] Zayrox29 punished idreyzen for: Double Poste
26-10-17 23:34:54 [INFO] [OctoBans] Zayrox29 punished xxenferpleyeurxx for: Double Poste
26-10-17 23:35:50 [INFO] [OctoBans] Zayrox29 punished totogames83 for: Double Poste
26-10-17 23:36:31 [INFO] [OctoBans] Zayrox29 punished darkward64 for: Double Poste
26-10-17 23:38:40 [INFO] [OctoBans] Zayrox29 punished _dragibus_ for: Provocation
26-10-17 23:43:44 [INFO] [OctoBans] Remil punished frador for: Spam/flood
26-10-17 23:45:12 [INFO] [OctoBans] NeyTox punished twixy for: Double Poste
26-10-17 23:45:21 [INFO] [OctoBans] oeuf32 sql checked, record: spamftag by Antoine57565 to 1509155156
26-10-17 23:47:07 [INFO] [OctoBans] fritano34 sql checked, record: tpkill by FiasK0 to 1509109986
26-10-17 23:47:09 [INFO] [OctoBans] NeyTox punished mrkebab for: Spam/flood en MP
26-10-17 23:48:09 [INFO] [OctoBans] NeyTox punished twitzz_ for: Provocation
26-10-17 23:48:29 [INFO] [OctoBans] twixy sql checked, record: doubleposte by NeyTox to 1509055512
26-10-17 23:49:11 [INFO] [OctoBans] NeyTox punished clem9410 for: Double Poste
26-10-17 23:49:16 [INFO] [OctoBans] twixy sql checked, record: doubleposte by NeyTox to 1509055512
26-10-17 23:50:10 [INFO] [OctoBans] NeyTox punished fabio for: Insulte
26-10-17 23:52:50 [INFO] [OctoBans] Remil punished xxfantaxx for: Double Poste
26-10-17 23:52:53 [INFO] [OctoBans] ytb_xxkarnagexx sql checked, record: spamfopen by YTB_XxKarnageXx to 1508857091
26-10-17 23:52:53 [INFO] [OctoBans] ytb_xxkarnagexx sql checked, record: spamfopen by YTB_XxKarnageXx to 1508857114
26-10-17 23:52:53 [INFO] [OctoBans] ytb_xxkarnagexx sql checked, record: spamfopen by YTB_XxKarnageXx to 1508857552
26-10-17 23:52:53 [INFO] [OctoBans] ytb_xxkarnagexx sql checked, record: spamfopen by YTB_XxKarnageXx to 1508857877
26-10-17 23:52:53 [INFO] [OctoBans] ytb_xxkarnagexx sql checked, record: spammp by YTB_XxKarnageXx to -1
26-10-17 23:52:53 [INFO] [OctoBans] ytb_xxkarnagexx sql checked, record: doubleposte by YTB_XxKarnageXx to 1508689162
26-10-17 23:52:53 [INFO] [OctoBans] ytb_xxkarnagexx sql checked, record: spam by YTB_XxKarnageXx to 1508692465
26-10-17 23:52:53 [INFO] [OctoBans] ytb_xxkarnagexx sql checked, record: spam by YTB_XxKarnageXx to 1508692470
26-10-17 23:52:53 [INFO] [OctoBans] ytb_xxkarnagexx sql checked, record: doubleposte by YTB_XxKarnageXx to 1508689243
26-10-17 23:52:53 [INFO] [OctoBans] ytb_xxkarnagexx sql checked, record: majuscule by YTB_XxKarnageXx to 1508689570
26-10-17 23:52:53 [INFO] [OctoBans] ytb_xxkarnagexx sql checked, record: majuscule by YTB_XxKarnageXx to 1508689627
26-10-17 23:52:53 [INFO] [OctoBans] ytb_xxkarnagexx sql checked, record: doubleposte by YTB_XxKarnageXx to 1508689471
26-10-17 23:52:53 [INFO] [OctoBans] ytb_xxkarnagexx sql checked, record: doubleposte by YTB_XxKarnageXx to 1508689562
26-10-17 23:52:53 [INFO] [OctoBans] ytb_xxkarnagexx sql checked, record: tpkill by YTB_XxKarnageXx to 1508776228
26-10-17 23:52:53 [INFO] [OctoBans] ytb_xxkarnagexx sql checked, record: tpkill by YTB_XxKarnageXx to 1508776313
26-10-17 23:52:53 [INFO] [OctoBans] ytb_xxkarnagexx sql checked, record: tpkill by YTB_XxKarnageXx to 1508776324
26-10-17 23:52:53 [INFO] [OctoBans] ytb_xxkarnagexx sql checked, record: doubleposte by YTB_XxKarnageXx to 1508690577
26-10-17 23:52:53 [INFO] [OctoBans] ytb_xxkarnagexx sql checked, record: pseudograve by YTB_XxKarnageXx to -1
26-10-17 23:52:53 [INFO] [OctoBans] ytb_xxkarnagexx sql checked, record: pubyt by YTB_XxKarnageXx to 1508694989
26-10-17 23:52:53 [INFO] [OctoBans] ytb_xxkarnagexx sql checked, record: spam by YTB_XxKarnageXx to 1508695260
26-10-17 23:52:53 [INFO] [OctoBans] ytb_xxkarnagexx sql checked, record: spam by YTB_XxKarnageXx to 1508695309
26-10-17 23:52:53 [INFO] [OctoBans] ytb_xxkarnagexx sql checked, record: spam by YTB_XxKarnageXx to 1508695685
26-10-17 23:52:53 [INFO] [OctoBans] ytb_xxkarnagexx sql checked, record: insultesrv by YTB_XxKarnageXx to 1508710120
26-10-17 23:52:53 [INFO] [OctoBans] ytb_xxkarnagexx sql checked, record: tpkill by YTB_XxKarnageXx to 1508778769
26-10-17 23:52:53 [INFO] [OctoBans] ytb_xxkarnagexx sql checked, record: pubsrv by YTB_XxKarnageXx to 1508696249
26-10-17 23:52:53 [INFO] [OctoBans] ytb_xxkarnagexx sql checked, record: doubleposte by YTB_XxKarnageXx to 1508693077
26-10-17 23:52:53 [INFO] [OctoBans] ytb_xxkarnagexx sql checked, record: doubleposte by YTB_XxKarnageXx to 1508693234
26-10-17 23:52:53 [INFO] [OctoBans] ytb_xxkarnagexx sql checked, record: pubyt by YTB_XxKarnageXx to 1508698286
26-10-17 23:52:53 [INFO] [OctoBans] ytb_xxkarnagexx sql checked, record: majuscule by YTB_XxKarnageXx to 1508695292
26-10-17 23:52:53 [INFO] [OctoBans] ytb_xxkarnagexx sql checked, record: insultegrave by YTB_XxKarnageXx to 1508730714
26-10-17 23:52:53 [INFO] [OctoBans] ytb_xxkarnagexx sql checked, record: langage by YTB_XxKarnageXx to 1508695672
26-10-17 23:52:53 [INFO] [OctoBans] ytb_xxkarnagexx sql checked, record: provocation by YTB_XxKarnageXx to 1508695688
26-10-17 23:52:53 [INFO] [OctoBans] ytb_xxkarnagexx sql checked, record: langage by YTB_XxKarnageXx to 1508696005
26-10-17 23:52:53 [INFO] [OctoBans] ytb_xxkarnagexx sql checked, record: doubleposte by YTB_XxKarnageXx to 1508695708
26-10-17 23:52:53 [INFO] [OctoBans] ytb_xxkarnagexx sql checked, record: majuscule by YTB_XxKarnageXx to 1508696027
26-10-17 23:52:53 [INFO] [OctoBans] ytb_xxkarnagexx sql checked, record: majuscule by YTB_XxKarnageXx to 1508696072
26-10-17 23:52:53 [INFO] [OctoBans] ytb_xxkarnagexx sql checked, record: tpkill by YTB_XxKarnageXx to 1508781891
26-10-17 23:52:53 [INFO] [OctoBans] ytb_xxkarnagexx sql checked, record: majuscule by YTB_XxKarnageXx to 1508696096
26-10-17 23:52:53 [INFO] [OctoBans] ytb_xxkarnagexx sql checked, record: doubleposte by YTB_XxKarnageXx to 1508695831
26-10-17 23:52:53 [INFO] [OctoBans] ytb_xxkarnagexx sql checked, record: pubsrv by YTB_XxKarnageXx to 1508699752
26-10-17 23:52:53 [INFO] [OctoBans] ytb_xxkarnagexx sql checked, record: pubsrv by YTB_XxKarnageXx to 1508699769
26-10-17 23:52:53 [INFO] [OctoBans] ytb_xxkarnagexx sql checked, record: doubleposte by YTB_XxKarnageXx to 1508696502
26-10-17 23:52:53 [INFO] [OctoBans] ytb_xxkarnagexx sql checked, record: spam by YTB_XxKarnageXx to 1508699815
26-10-17 23:52:53 [INFO] [OctoBans] ytb_xxkarnagexx sql checked, record: doubleposte by YTB_XxKarnageXx to 1508696627
26-10-17 23:52:53 [INFO] [OctoBans] ytb_xxkarnagexx sql checked, record: pubsrv by YTB_XxKarnageXx to 1508700278
26-10-17 23:52:53 [INFO] [OctoBans] ytb_xxkarnagexx sql checked, record: doubleposte by YTB_XxKarnageXx to 1508697074
26-10-17 23:52:53 [INFO] [OctoBans] ytb_xxkarnagexx sql checked, record: doubleposte by YTB_XxKarnageXx to 1508697175
26-10-17 23:52:53 [INFO] [OctoBans] ytb_xxkarnagexx sql checked, record: doubleposte by YTB_XxKarnageXx to 1508697398
26-10-17 23:52:53 [INFO] [OctoBans] ytb_xxkarnagexx sql checked, record: tpkill by YTB_XxKarnageXx to 1508783834
26-10-17 23:52:53 [INFO] [OctoBans] ytb_xxkarnagexx sql checked, record: majuscule by YTB_XxKarnageXx to 1508699322
26-10-17 23:52:53 [INFO] [OctoBans] ytb_xxkarnagexx sql checked, record: doubleposte by YTB_XxKarnageXx to 1508699064
26-10-17 23:52:53 [INFO] [OctoBans] ytb_xxkarnagexx sql checked, record: doubleposte by YTB_XxKarnageXx to 1508699784
26-10-17 23:52:53 [INFO] [OctoBans] ytb_xxkarnagexx sql checked, record: majuscule by YTB_XxKarnageXx to 1508700572
26-10-17 23:52:53 [INFO] [OctoBans] ytb_xxkarnagexx sql checked, record: tpkill by YTB_XxKarnageXx to 1508787064
26-10-17 23:52:53 [INFO] [OctoBans] ytb_xxkarnagexx sql checked, record: spam by YTB_XxKarnageXx to 1508704828
26-10-17 23:52:53 [INFO] [OctoBans] ytb_xxkarnagexx sql checked, record: spam by YTB_XxKarnageXx to 1508704835
26-10-17 23:52:53 [INFO] [OctoBans] ytb_xxkarnagexx sql checked, record: spam by YTB_XxKarnageXx to 1508704842
26-10-17 23:52:53 [INFO] [OctoBans] ytb_xxkarnagexx sql checked, record: spam by YTB_XxKarnageXx to 1508704847
26-10-17 23:52:53 [INFO] [OctoBans] ytb_xxkarnagexx sql checked, record: spam by YTB_XxKarnageXx to 1508704854
26-10-17 23:52:53 [INFO] [OctoBans] ytb_xxkarnagexx sql checked, record: spam by YTB_XxKarnageXx to 1508704863
26-10-17 23:52:53 [INFO] [OctoBans] ytb_xxkarnagexx sql checked, record: spam by YTB_XxKarnageXx to 1508704876
26-10-17 23:52:53 [INFO] [OctoBans] ytb_xxkarnagexx sql checked, record: spam by YTB_XxKarnageXx to 1508704882
26-10-17 23:52:53 [INFO] [OctoBans] ytb_xxkarnagexx sql checked, record: spam by YTB_XxKarnageXx to 1508704900
26-10-17 23:52:53 [INFO] [OctoBans] ytb_xxkarnagexx sql checked, record: provocation by YTB_XxKarnageXx to 1508701636
26-10-17 23:52:53 [INFO] [OctoBans] ytb_xxkarnagexx sql checked, record: doubleposte by YTB_XxKarnageXx to 1508701663
26-10-17 23:52:53 [INFO] [OctoBans] ytb_xxkarnagexx sql checked, record: spam by YTB_XxKarnageXx to 1508705140
26-10-17 23:52:53 [INFO] [OctoBans] ytb_xxkarnagexx sql checked, record: doubleposte by YTB_XxKarnageXx to 1508701848
26-10-17 23:52:53 [INFO] [OctoBans] ytb_xxkarnagexx sql checked, record: insulte by YTB_XxKarnageXx to 1508704399
26-10-17 23:52:53 [INFO] [OctoBans] ytb_xxkarnagexx sql checked, record: doubleposte by YTB_XxKarnageXx to 1508703187
26-10-17 23:52:53 [INFO] [OctoBans] ytb_xxkarnagexx sql checked, record: doubleposte by YTB_XxKarnageXx to 1508703581
26-10-17 23:52:53 [INFO] [OctoBans] ytb_xxkarnagexx sql checked, record: doubleposte by YTB_XxKarnageXx to 1508703753
26-10-17 23:52:53 [INFO] [OctoBans] ytb_xxkarnagexx sql checked, record: spam by YTB_XxKarnageXx to 1508709005
26-10-17 23:52:53 [INFO] [OctoBans] ytb_xxkarnagexx sql checked, record: langage by YTB_XxKarnageXx to 1508706010
26-10-17 23:52:53 [INFO] [OctoBans] ytb_xxkarnagexx sql checked, record: langage by YTB_XxKarnageXx to 1508706781
26-10-17 23:52:53 [INFO] [OctoBans] ytb_xxkarnagexx sql checked, record: majuscule by YTB_XxKarnageXx to 1508707524
26-10-17 23:52:53 [INFO] [OctoBans] ytb_xxkarnagexx sql checked, record: langage by YTB_XxKarnageXx to 1508707599
26-10-17 23:52:53 [INFO] [OctoBans] ytb_xxkarnagexx sql checked, record: doubleposte by YTB_XxKarnageXx to 1508709184
26-10-17 23:52:53 [INFO] [OctoBans] ytb_xxkarnagexx sql checked, record: tpkill by YTB_XxKarnageXx to 1508796104
26-10-17 23:52:53 [INFO] [OctoBans] ytb_xxkarnagexx sql checked, record: usurpationgrave by YTB_XxKarnageXx to -1
26-10-17 23:52:53 [INFO] [OctoBans] ytb_xxkarnagexx sql checked, record: doubleposte by YTB_XxKarnageXx to 1508711752
26-10-17 23:52:53 [INFO] [OctoBans] ytb_xxkarnagexx sql checked, record: insultestaff by YTB_XxKarnageXx to 1508747458
26-10-17 23:52:53 [INFO] [OctoBans] ytb_xxkarnagexx sql checked, record: doubleposte by YTB_XxKarnageXx to 1508712321
26-10-17 23:52:53 [INFO] [OctoBans] ytb_xxkarnagexx sql checked, record: spam by YTB_XxKarnageXx to 1508716423
26-10-17 23:52:53 [INFO] [OctoBans] ytb_xxkarnagexx sql checked, record: langage by YTB_XxKarnageXx to 1508713675
26-10-17 23:52:53 [INFO] [OctoBans] ytb_xxkarnagexx sql checked, record: majuscule by YTB_XxKarnageXx to 1508752349
26-10-17 23:52:53 [INFO] [OctoBans] ytb_xxkarnagexx sql checked, record: spam by YTB_XxKarnageXx to 1508758991
26-10-17 23:52:53 [INFO] [OctoBans] ytb_xxkarnagexx sql checked, record: spam by YTB_XxKarnageXx to 1508755394
26-10-17 23:52:53 [INFO] [OctoBans] ytb_xxkarnagexx sql checked, record: spam by YTB_XxKarnageXx to 1508755399
26-10-17 23:52:53 [INFO] [OctoBans] ytb_xxkarnagexx sql checked, record: spam by YTB_XxKarnageXx to 1508759002
26-10-17 23:52:53 [INFO] [OctoBans] ytb_xxkarnagexx sql checked, record: pubyt by YTB_XxKarnageXx to 1508755411
26-10-17 23:52:53 [INFO] [OctoBans] ytb_xxkarnagexx sql checked, record: langage by YTB_XxKarnageXx to 1508752438
26-10-17 23:52:53 [INFO] [OctoBans] ytb_xxkarnagexx sql checked, record: pubyt by YTB_XxKarnageXx to 1508755583
26-10-17 23:52:53 [INFO] [OctoBans] ytb_xxkarnagexx sql checked, record: pubyt by YTB_XxKarnageXx to 1508755618
26-10-17 23:52:53 [INFO] [OctoBans] ytb_xxkarnagexx sql checked, record: tpkill by YTB_XxKarnageXx to 1508925099
26-10-17 23:52:53 [INFO] [OctoBans] ytb_xxkarnagexx sql checked, record: majuscule by YTB_XxKarnageXx to 1508752942
26-10-17 23:52:53 [INFO] [OctoBans] ytb_xxkarnagexx sql checked, record: spam by YTB_XxKarnageXx to 1508756206
26-10-17 23:52:53 [INFO] [OctoBans] ytb_xxkarnagexx sql checked, record: majuscule by YTB_XxKarnageXx to 1508753246
26-10-17 23:52:53 [INFO] [OctoBans] ytb_xxkarnagexx sql checked, record: majuscule by YTB_XxKarnageXx to 1508753532
26-10-17 23:52:53 [INFO] [OctoBans] ytb_xxkarnagexx sql checked, record: majuscule by YTB_XxKarnageXx to 1508753831
26-10-17 23:52:53 [INFO] [OctoBans] ytb_xxkarnagexx sql checked, record: doubleposte by YTB_XxKarnageXx to 1508753581
26-10-17 23:52:53 [INFO] [OctoBans] ytb_xxkarnagexx sql checked, record: tpkill by YTB_XxKarnageXx to 1508839711
26-10-17 23:52:53 [INFO] [OctoBans] ytb_xxkarnagexx sql checked, record: tpkill by YTB_XxKarnageXx to 1508839856
26-10-17 23:52:53 [INFO] [OctoBans] ytb_xxkarnagexx sql checked, record: doubleposte by YTB_XxKarnageXx to 1508753923
26-10-17 23:52:53 [INFO] [OctoBans] ytb_xxkarnagexx sql checked, record: tpkill by YTB_XxKarnageXx to 1508840032
26-10-17 23:52:53 [INFO] [OctoBans] ytb_xxkarnagexx sql checked, record: tpkill by YTB_XxKarnageXx to 1508840039
26-10-17 23:52:53 [INFO] [OctoBans] ytb_xxkarnagexx sql checked, record: doubleposte by YTB_XxKarnageXx to 1508753942
26-10-17 23:52:53 [INFO] [OctoBans] ytb_xxkarnagexx sql checked, record: insultestaff by YTB_XxKarnageXx to 1508789704
26-10-17 23:52:53 [INFO] [OctoBans] ytb_xxkarnagexx sql checked, record: incitationflood by YTB_XxKarnageXx to 1508840110
26-10-17 23:52:53 [INFO] [OctoBans] ytb_xxkarnagexx sql checked, record: spam by YTB_XxKarnageXx to 1508757319
26-10-17 23:52:53 [INFO] [OctoBans] ytb_xxkarnagexx sql checked, record: doubleposte by YTB_XxKarnageXx to 1508754655
26-10-17 23:52:53 [INFO] [OctoBans] ytb_xxkarnagexx sql checked, record: spam by YTB_XxKarnageXx to 1508757969
26-10-17 23:52:53 [INFO] [OctoBans] ytb_xxkarnagexx sql checked, record: majuscule by YTB_XxKarnageXx to 1508755789
26-10-17 23:52:53 [INFO] [OctoBans] ytb_xxkarnagexx sql checked, record: majuscule by YTB_XxKarnageXx to 1508755238
26-10-17 23:52:53 [INFO] [OctoBans] ytb_xxkarnagexx sql checked, record: majuscule by YTB_XxKarnageXx to 1508755265
26-10-17 23:52:53 [INFO] [OctoBans] ytb_xxkarnagexx sql checked, record: provocation by YTB_XxKarnageXx to 1508755009
26-10-17 23:52:53 [INFO] [OctoBans] ytb_xxkarnagexx sql checked, record: majuscule by YTB_XxKarnageXx to 1508755702
26-10-17 23:52:53 [INFO] [OctoBans] ytb_xxkarnagexx sql checked, record: doubleposte by YTB_XxKarnageXx to 1508755450
26-10-17 23:52:53 [INFO] [OctoBans] ytb_xxkarnagexx sql checked, record: doubleposte by YTB_XxKarnageXx to 1508756307
26-10-17 23:52:53 [INFO] [OctoBans] ytb_xxkarnagexx sql checked, record: langage by YTB_XxKarnageXx to 1508756626
26-10-17 23:52:53 [INFO] [OctoBans] ytb_xxkarnagexx sql checked, record: langage by YTB_XxKarnageXx to 1508764472
26-10-17 23:52:53 [INFO] [OctoBans] ytb_xxkarnagexx sql checked, record: doubleposte by YTB_XxKarnageXx to 1508765250
26-10-17 23:52:53 [INFO] [OctoBans] ytb_xxkarnagexx sql checked, record: insultesrv by YTB_XxKarnageXx to 1508783065
26-10-17 23:52:53 [INFO] [OctoBans] ytb_xxkarnagexx sql checked, record: tpkill by YTB_XxKarnageXx to 1508851589
26-10-17 23:52:53 [INFO] [OctoBans] ytb_xxkarnagexx sql checked, record: tpkill by YTB_XxKarnageXx to 1508852724
26-10-17 23:52:53 [INFO] [OctoBans] ytb_xxkarnagexx sql checked, record: doubleposte by YTB_XxKarnageXx to 1508767628
26-10-17 23:52:53 [INFO] [OctoBans] ytb_xxkarnagexx sql checked, record: majuscule by YTB_XxKarnageXx to 1508769644
26-10-17 23:52:53 [INFO] [OctoBans] ytb_xxkarnagexx sql checked, record: spam by YTB_XxKarnageXx to 1508774741
26-10-17 23:52:53 [INFO] [OctoBans] ytb_xxkarnagexx sql checked, record: majuscule by YTB_XxKarnageXx to 1508772251
26-10-17 23:52:53 [INFO] [OctoBans] ytb_xxkarnagexx sql checked, record: majuscule by YTB_XxKarnageXx to 1508773376
26-10-17 23:52:53 [INFO] [OctoBans] ytb_xxkarnagexx sql checked, record: doubleposte by YTB_XxKarnageXx to 1508772915
26-10-17 23:52:53 [INFO] [OctoBans] ytb_xxkarnagexx sql checked, record: tpkill by YTB_XxKarnageXx to 1508859073
26-10-17 23:52:53 [INFO] [OctoBans] ytb_xxkarnagexx sql checked, record: pseudograve by YTB_XxKarnageXx to -1
26-10-17 23:52:53 [INFO] [OctoBans] ytb_xxkarnagexx sql checked, record: majuscule by YTB_XxKarnageXx to 1508774111
26-10-17 23:52:53 [INFO] [OctoBans] ytb_xxkarnagexx sql checked, record: insultegrave by YTB_XxKarnageXx to 1508810328
26-10-17 23:52:53 [INFO] [OctoBans] ytb_xxkarnagexx sql checked, record: insultegrave by YTB_XxKarnageXx to 1508810335
26-10-17 23:52:53 [INFO] [OctoBans] ytb_xxkarnagexx sql checked, record: doubleposte by YTB_XxKarnageXx to 1508774642
26-10-17 23:52:53 [INFO] [OctoBans] ytb_xxkarnagexx sql checked, record: tpkill by YTB_XxKarnageXx to 1508861004
26-10-17 23:52:53 [INFO] [OctoBans] ytb_xxkarnagexx sql checked, record: doubleposte by YTB_XxKarnageXx to 1508775030
26-10-17 23:52:53 [INFO] [OctoBans] ytb_xxkarnagexx sql checked, record: insultegrave by YTB_XxKarnageXx to 1508810938
26-10-17 23:52:53 [INFO] [OctoBans] ytb_xxkarnagexx sql checked, record: langage by YTB_XxKarnageXx to 1508775608
26-10-17 23:52:53 [INFO] [OctoBans] ytb_xxkarnagexx sql checked, record: majuscule by YTB_XxKarnageXx to 1508783880
26-10-17 23:52:53 [INFO] [OctoBans] ytb_xxkarnagexx sql checked, record: doubleposte by YTB_XxKarnageXx to 1508783795
26-10-17 23:52:53 [INFO] [OctoBans] ytb_xxkarnagexx sql checked, record: tpkill by YTB_XxKarnageXx to 1508870306
26-10-17 23:52:53 [INFO] [OctoBans] ytb_xxkarnagexx sql checked, record: doubleposte by YTB_XxKarnageXx to 1508784528
26-10-17 23:52:53 [INFO] [OctoBans] ytb_xxkarnagexx sql checked, record: majuscule by YTB_XxKarnageXx to 1508785434
26-10-17 23:52:53 [INFO] [OctoBans] ytb_xxkarnagexx sql checked, record: langage by YTB_XxKarnageXx to 1508784841
26-10-17 23:52:53 [INFO] [OctoBans] ytb_xxkarnagexx sql checked, record: majuscule by YTB_XxKarnageXx to 1508784883
26-10-17 23:52:53 [INFO] [OctoBans] ytb_xxkarnagexx sql checked, record: pubsrv by YTB_XxKarnageXx to 1508788057
26-10-17 23:52:53 [INFO] [OctoBans] ytb_xxkarnagexx sql checked, record: doubleposte by YTB_XxKarnageXx to 1508784764
26-10-17 23:52:53 [INFO] [OctoBans] ytb_xxkarnagexx sql checked, record: doubleposte by YTB_XxKarnageXx to 1508785975
26-10-17 23:52:53 [INFO] [OctoBans] ytb_xxkarnagexx sql checked, record: majuscule by YTB_XxKarnageXx to 1508786845
26-10-17 23:52:53 [INFO] [OctoBans] ytb_xxkarnagexx sql checked, record: doubleposte by YTB_XxKarnageXx to 1508786575
26-10-17 23:52:53 [INFO] [OctoBans] ytb_xxkarnagexx sql checked, record: pubyt by YTB_XxKarnageXx to 1508790382
26-10-17 23:52:53 [INFO] [OctoBans] ytb_xxkarnagexx sql checked, record: doubleposte by YTB_XxKarnageXx to 1508864791
26-10-17 23:52:53 [INFO] [OctoBans] ytb_xxkarnagexx sql checked, record: majuscule by YTB_XxKarnageXx to 1508863915
26-10-17 23:52:53 [INFO] [OctoBans] ytb_xxkarnagexx sql checked, record: tpkill by YTB_XxKarnageXx to 1508949815
26-10-17 23:52:53 [INFO] [OctoBans] ytb_xxkarnagexx sql checked, record: majuscule by YTB_XxKarnageXx to 1508864958
26-10-17 23:52:53 [INFO] [OctoBans] ytb_xxkarnagexx sql checked, record: langage by YTB_XxKarnageXx to 1508865206
26-10-17 23:52:53 [INFO] [OctoBans] ytb_xxkarnagexx sql checked, record: spam by YTB_XxKarnageXx to 1508869113
26-10-17 23:52:53 [INFO] [OctoBans] ytb_xxkarnagexx sql checked, record: majuscule by YTB_XxKarnageXx to 1508866689
26-10-17 23:52:53 [INFO] [OctoBans] ytb_xxkarnagexx sql checked, record: langage by YTB_XxKarnageXx to 1508878523
26-10-17 23:52:53 [INFO] [OctoBans] ytb_xxkarnagexx sql checked, record: spam by YTB_XxKarnageXx to 1508881662
26-10-17 23:52:53 [INFO] [OctoBans] ytb_xxkarnagexx sql checked, record: spam by YTB_XxKarnageXx to 1508881880
26-10-17 23:52:53 [INFO] [OctoBans] ytb_xxkarnagexx sql checked, record: doubleposte by YTB_XxKarnageXx to 1508879126
26-10-17 23:52:53 [INFO] [OctoBans] ytb_xxkarnagexx sql checked, record: langage by YTB_XxKarnageXx to 1508881701
26-10-17 23:52:53 [INFO] [OctoBans] ytb_xxkarnagexx sql checked, record: spammp by YTB_XxKarnageXx to -1
26-10-17 23:52:53 [INFO] [OctoBans] ytb_xxkarnagexx sql checked, record: tpkill by YTB_XxKarnageXx to 1508972126
26-10-17 23:52:53 [INFO] [OctoBans] ytb_xxkarnagexx sql checked, record: insultegrave by YTB_XxKarnageXx to 1508922958
26-10-17 23:52:53 [INFO] [OctoBans] ytb_xxkarnagexx sql checked, record: provocation by YTB_XxKarnageXx to 1508888317
26-10-17 23:52:53 [INFO] [OctoBans] ytb_xxkarnagexx sql checked, record: spam by YTB_XxKarnageXx to 1508891510
26-10-17 23:52:53 [INFO] [OctoBans] ytb_xxkarnagexx sql checked, record: majuscule by YTB_XxKarnageXx to 1508889282
26-10-17 23:52:53 [INFO] [OctoBans] ytb_xxkarnagexx sql checked, record: doubleposte by YTB_XxKarnageXx to 1508890315
26-10-17 23:52:53 [INFO] [OctoBans] ytb_xxkarnagexx sql checked, record: tpkill by YTB_XxKarnageXx to 1508976437
26-10-17 23:52:53 [INFO] [OctoBans] ytb_xxkarnagexx sql checked, record: doubleposte by YTB_XxKarnageXx to 1508890980
26-10-17 23:52:53 [INFO] [OctoBans] ytb_xxkarnagexx sql checked, record: tpkill by YTB_XxKarnageXx to 1509010774
26-10-17 23:52:53 [INFO] [OctoBans] ytb_xxkarnagexx sql checked, record: majuscule by YTB_XxKarnageXx to 1508926349
26-10-17 23:52:53 [INFO] [OctoBans] ytb_xxkarnagexx sql checked, record: langage by YTB_XxKarnageXx to 1508925460
26-10-17 23:52:53 [INFO] [OctoBans] ytb_xxkarnagexx sql checked, record: insultestaff by YTB_XxKarnageXx to 1508960926
26-10-17 23:52:53 [INFO] [OctoBans] ytb_xxkarnagexx sql checked, record: insultegrave by YTB_XxKarnageXx to 1508970598
26-10-17 23:52:53 [INFO] [OctoBans] ytb_xxkarnagexx sql checked, record: langage by YTB_XxKarnageXx to 1508935542
26-10-17 23:52:53 [INFO] [OctoBans] ytb_xxkarnagexx sql checked, record: majuscule by YTB_XxKarnageXx to 1508936169
26-10-17 23:52:53 [INFO] [OctoBans] ytb_xxkarnagexx sql checked, record: tpkill by YTB_XxKarnageXx to 1509022815
26-10-17 23:52:53 [INFO] [OctoBans] ytb_xxkarnagexx sql checked, record: spam by YTB_XxKarnageXx to 1508940125
26-10-17 23:52:53 [INFO] [OctoBans] ytb_xxkarnagexx sql checked, record: provocation by YTB_XxKarnageXx to 1508937572
26-10-17 23:52:53 [INFO] [OctoBans] ytb_xxkarnagexx sql checked, record: langage by YTB_XxKarnageXx to 1508937685
26-10-17 23:52:53 [INFO] [OctoBans] ytb_xxkarnagexx sql checked, record: majuscule by YTB_XxKarnageXx to 1508942300
26-10-17 23:52:53 [INFO] [OctoBans] ytb_xxkarnagexx sql checked, record: majuscule by YTB_XxKarnageXx to 1508942645
26-10-17 23:52:53 [INFO] [OctoBans] ytb_xxkarnagexx sql checked, record: majuscule by YTB_XxKarnageXx to 1508943949
26-10-17 23:52:53 [INFO] [OctoBans] ytb_xxkarnagexx sql checked, record: majuscule by YTB_XxKarnageXx to 1508943317
26-10-17 23:52:53 [INFO] [OctoBans] ytb_xxkarnagexx sql checked, record: majuscule by YTB_XxKarnageXx to 1508943915
26-10-17 23:52:53 [INFO] [OctoBans] ytb_xxkarnagexx sql checked, record: multicompte by YTB_XxKarnageXx to -1
26-10-17 23:52:53 [INFO] [OctoBans] ytb_xxkarnagexx sql checked, record: spam by YTB_XxKarnageXx to 1508948317
26-10-17 23:52:53 [INFO] [OctoBans] ytb_xxkarnagexx sql checked, record: majuscule by YTB_XxKarnageXx to 1508945364
26-10-17 23:52:53 [INFO] [OctoBans] ytb_xxkarnagexx sql checked, record: spam by YTB_XxKarnageXx to 1508963204
26-10-17 23:52:53 [INFO] [OctoBans] ytb_xxkarnagexx sql checked, record: doubleposte by YTB_XxKarnageXx to 1508962510
26-10-17 23:52:53 [INFO] [OctoBans] ytb_xxkarnagexx sql checked, record: doubleposte by YTB_XxKarnageXx to 1508966489
26-10-17 23:52:53 [INFO] [OctoBans] ytb_xxkarnagexx sql checked, record: majuscule by YTB_XxKarnageXx to 1508966712
26-10-17 23:52:53 [INFO] [OctoBans] ytb_xxkarnagexx sql checked, record: doubleposte by YTB_XxKarnageXx to 1508966439
26-10-17 23:52:53 [INFO] [OctoBans] ytb_xxkarnagexx sql checked, record: langage by YTB_XxKarnageXx to 1508966752
26-10-17 23:52:53 [INFO] [OctoBans] ytb_xxkarnagexx sql checked, record: majuscule by YTB_XxKarnageXx to 1508968651
26-10-17 23:52:53 [INFO] [OctoBans] ytb_xxkarnagexx sql checked, record: majuscule by YTB_XxKarnageXx to 1508967899
26-10-17 23:52:53 [INFO] [OctoBans] ytb_xxkarnagexx sql checked, record: majuscule by YTB_XxKarnageXx to 1508968135
26-10-17 23:52:53 [INFO] [OctoBans] ytb_xxkarnagexx sql checked, record: majuscule by YTB_XxKarnageXx to 1509015719
26-10-17 23:52:53 [INFO] [OctoBans] ytb_xxkarnagexx sql checked, record: majuscule by YTB_XxKarnageXx to 1509015730
26-10-17 23:52:53 [INFO] [OctoBans] ytb_xxkarnagexx sql checked, record: langage by YTB_XxKarnageXx to 1509016707
26-10-17 23:52:53 [INFO] [OctoBans] ytb_xxkarnagexx sql checked, record: langage by YTB_XxKarnageXx to 1509016923
26-10-17 23:52:53 [INFO] [OctoBans] ytb_xxkarnagexx sql checked, record: provocation by YTB_XxKarnageXx to 1509039611
26-10-17 23:52:53 [INFO] [OctoBans] ytb_xxkarnagexx sql checked, record: doubleposte by YTB_XxKarnageXx to 1509039165
26-10-17 23:52:53 [INFO] [OctoBans] ytb_xxkarnagexx sql checked, record: tpkill by YTB_XxKarnageXx to 1509125317
26-10-17 23:52:53 [INFO] [OctoBans] ytb_xxkarnagexx sql checked, record: doubleposte by YTB_XxKarnageXx to 1509046974
26-10-17 23:52:53 [INFO] [OctoBans] ytb_xxkarnagexx sql checked, record: spam by YTB_XxKarnageXx to 1509050329
26-10-17 23:52:53 [INFO] [OctoBans] ytb_xxkarnagexx sql checked, record: majuscule by YTB_XxKarnageXx to 1509048003
26-10-17 23:52:53 [INFO] [OctoBans] ytb_xxkarnagexx sql checked, record: majuscule by YTB_XxKarnageXx to 1509047469
26-10-17 23:53:02 [INFO] [OctoBans] remil sql checked, record: spammp by Remil to -1
26-10-17 23:53:02 [INFO] [OctoBans] remil sql checked, record: spammp by Remil to -1
26-10-17 23:53:02 [INFO] [OctoBans] remil sql checked, record: spammp by Remil to -1
26-10-17 23:53:02 [INFO] [OctoBans] remil sql checked, record: spammp by Remil to -1
26-10-17 23:53:02 [INFO] [OctoBans] remil sql checked, record: spammp by Remil to -1
26-10-17 23:53:02 [INFO] [OctoBans] remil sql checked, record: spammp by Remil to -1
26-10-17 23:53:02 [INFO] [OctoBans] remil sql checked, record: spammp by Remil to -1
26-10-17 23:53:02 [INFO] [OctoBans] remil sql checked, record: doubleposte by Remil to 1508684140
26-10-17 23:53:02 [INFO] [OctoBans] remil sql checked, record: provocation by Remil to 1508684334
26-10-17 23:53:02 [INFO] [OctoBans] remil sql checked, record: spammp by Remil to -1
26-10-17 23:53:02 [INFO] [OctoBans] remil sql checked, record: majuscule by Remil to 1508685893
26-10-17 23:53:02 [INFO] [OctoBans] remil sql checked, record: doubleposte by Remil to 1508685632
26-10-17 23:53:02 [INFO] [OctoBans] remil sql checked, record: doubleposte by Remil to 1508685698
26-10-17 23:53:02 [INFO] [OctoBans] remil sql checked, record: doubleposte by Remil to 1508685848
26-10-17 23:53:02 [INFO] [OctoBans] remil sql checked, record: spammp by Remil to -1
26-10-17 23:53:02 [INFO] [OctoBans] remil sql checked, record: spammp by Remil to -1
26-10-17 23:53:02 [INFO] [OctoBans] remil sql checked, record: doubleposte by Remil to 1508687217
26-10-17 23:53:02 [INFO] [OctoBans] remil sql checked, record: majuscule by Remil to 1508688511
26-10-17 23:53:02 [INFO] [OctoBans] remil sql checked, record: spam by Remil to 1508691527
26-10-17 23:53:02 [INFO] [OctoBans] remil sql checked, record: majuscule by Remil to 1508688575
26-10-17 23:53:02 [INFO] [OctoBans] remil sql checked, record: spammp by Remil to -1
26-10-17 23:53:02 [INFO] [OctoBans] remil sql checked, record: spammp by Remil to -1
26-10-17 23:53:02 [INFO] [OctoBans] remil sql checked, record: majuscule by Remil to 1508689005
26-10-17 23:53:02 [INFO] [OctoBans] remil sql checked, record: majuscule by Remil to 1508689018
26-10-17 23:53:02 [INFO] [OctoBans] remil sql checked, record: faussesinfos by Remil to 1508775004
26-10-17 23:53:02 [INFO] [OctoBans] remil sql checked, record: spam by Remil to 1508692377
26-10-17 23:53:02 [INFO] [OctoBans] remil sql checked, record: doubleposte by Remil to 1508689650
26-10-17 23:53:02 [INFO] [OctoBans] remil sql checked, record: spam by Remil to 1508692931
26-10-17 23:53:02 [INFO] [OctoBans] remil sql checked, record: majuscule by Remil to 1508690284
26-10-17 23:53:02 [INFO] [OctoBans] remil sql checked, record: majuscule by Remil to 1508691018
26-10-17 23:53:02 [INFO] [OctoBans] remil sql checked, record: provocation by Remil to 1508691027
26-10-17 23:53:02 [INFO] [OctoBans] remil sql checked, record: langage by Remil to 1508691623
26-10-17 23:53:02 [INFO] [OctoBans] remil sql checked, record: spam by Remil to 1508694897
26-10-17 23:53:02 [INFO] [OctoBans] remil sql checked, record: pubyt by Remil to 1508695777
26-10-17 23:53:02 [INFO] [OctoBans] remil sql checked, record: majuscule by Remil to 1508693810
26-10-17 23:53:02 [INFO] [OctoBans] remil sql checked, record: insultegrave by Remil to 1508729285
26-10-17 23:53:02 [INFO] [OctoBans] remil sql checked, record: doubleposte by Remil to 1508693604
26-10-17 23:53:02 [INFO] [OctoBans] remil sql checked, record: majuscule by Remil to 1508695774
26-10-17 23:53:02 [INFO] [OctoBans] remil sql checked, record: majuscule by Remil to 1508695845
26-10-17 23:53:02 [INFO] [OctoBans] remil sql checked, record: homophobie by Remil to 1508781741
26-10-17 23:53:02 [INFO] [OctoBans] remil sql checked, record: doubleposte by Remil to 1508696889
26-10-17 23:53:02 [INFO] [OctoBans] remil sql checked, record: majuscule by Remil to 1508696835
26-10-17 23:53:02 [INFO] [OctoBans] remil sql checked, record: majuscule by Remil to 1508696878
26-10-17 23:53:02 [INFO] [OctoBans] remil sql checked, record: majuscule by Remil to 1508696883
26-10-17 23:53:02 [INFO] [OctoBans] remil sql checked, record: insulte by Remil to 1508698990
26-10-17 23:53:02 [INFO] [OctoBans] remil sql checked, record: spam by Remil to 1508699902
26-10-17 23:53:02 [INFO] [OctoBans] remil sql checked, record: majuscule by Remil to 1508696963
26-10-17 23:53:02 [INFO] [OctoBans] remil sql checked, record: majuscule by Remil to 1508698036
26-10-17 23:53:02 [INFO] [OctoBans] remil sql checked, record: majuscule by Remil to 1508698366
26-10-17 23:53:02 [INFO] [OctoBans] remil sql checked, record: insulte by Remil to 1508700797
26-10-17 23:53:02 [INFO] [OctoBans] remil sql checked, record: majuscule by Remil to 1508698865
26-10-17 23:53:02 [INFO] [OctoBans] remil sql checked, record: insulte by Remil to 1508701040
26-10-17 23:53:02 [INFO] [OctoBans] remil sql checked, record: spam by Remil to 1508702107
26-10-17 23:53:02 [INFO] [OctoBans] remil sql checked, record: insulte by Remil to 1508701246
26-10-17 23:53:02 [INFO] [OctoBans] remil sql checked, record: majuscule by Remil to 1508699308
26-10-17 23:53:02 [INFO] [OctoBans] remil sql checked, record: doubleposte by Remil to 1508699181
26-10-17 23:53:02 [INFO] [OctoBans] remil sql checked, record: doubleposte by Remil to 1508699336
26-10-17 23:53:02 [INFO] [OctoBans] remil sql checked, record: spam by Remil to 1508702699
26-10-17 23:53:02 [INFO] [OctoBans] remil sql checked, record: tpkill by Remil to 1508785506
26-10-17 23:53:02 [INFO] [OctoBans] remil sql checked, record: doubleposte by Remil to 1508699446
26-10-17 23:53:02 [INFO] [OctoBans] remil sql checked, record: majuscule by Remil to 1508700490
26-10-17 23:53:02 [INFO] [OctoBans] remil sql checked, record: majuscule by Remil to 1508700254
26-10-17 23:53:02 [INFO] [OctoBans] remil sql checked, record: doubleposte by Remil to 1508699961
26-10-17 23:53:02 [INFO] [OctoBans] remil sql checked, record: doubleposte by Remil to 1508700040
26-10-17 23:53:02 [INFO] [OctoBans] remil sql checked, record: majuscule by Remil to 1508700469
26-10-17 23:53:02 [INFO] [OctoBans] remil sql checked, record: majuscule by Remil to 1508700587
26-10-17 23:53:02 [INFO] [OctoBans] remil sql checked, record: spam by Remil to 1508703590
26-10-17 23:53:02 [INFO] [OctoBans] remil sql checked, record: doubleposte by Remil to 1508700304
26-10-17 23:53:02 [INFO] [OctoBans] remil sql checked, record: doubleposte by Remil to 1508701360
26-10-17 23:53:02 [INFO] [OctoBans] remil sql checked, record: doubleposte by Remil to 1508701744
26-10-17 23:53:02 [INFO] [OctoBans] remil sql checked, record: langage by Remil to 1508702196
26-10-17 23:53:02 [INFO] [OctoBans] remil sql checked, record: majuscule by Remil to 1508702275
26-10-17 23:53:02 [INFO] [OctoBans] remil sql checked, record: majuscule by Remil to 1508702446
26-10-17 23:53:02 [INFO] [OctoBans] remil sql checked, record: majuscule by Remil to 1508702534
26-10-17 23:53:02 [INFO] [OctoBans] remil sql checked, record: spamfopen by Remil to 1508875719
26-10-17 23:53:02 [INFO] [OctoBans] remil sql checked, record: majuscule by Remil to 1508704939
26-10-17 23:53:02 [INFO] [OctoBans] remil sql checked, record: majuscule by Remil to 1508705335
26-10-17 23:53:02 [INFO] [OctoBans] remil sql checked, record: langage by Remil to 1508705436
26-10-17 23:53:02 [INFO] [OctoBans] remil sql checked, record: provocation by Remil to 1508705149
26-10-17 23:53:02 [INFO] [OctoBans] remil sql checked, record: majuscule by Remil to 1508705460
26-10-17 23:53:02 [INFO] [OctoBans] remil sql checked, record: doubleposte by Remil to 1508705221
26-10-17 23:53:02 [INFO] [OctoBans] remil sql checked, record: tpkill by Remil to 1508791369
26-10-17 23:53:02 [INFO] [OctoBans] remil sql checked, record: insultegrave by Remil to 1508741443
26-10-17 23:53:02 [INFO] [OctoBans] remil sql checked, record: doubleposte by Remil to 1508706107
26-10-17 23:53:02 [INFO] [OctoBans] remil sql checked, record: doubleposte by Remil to 1508706645
26-10-17 23:53:02 [INFO] [OctoBans] remil sql checked, record: doubleposte by Remil to 1508707266
26-10-17 23:53:02 [INFO] [OctoBans] remil sql checked, record: insultegrave by Remil to 1508743412
26-10-17 23:53:02 [INFO] [OctoBans] remil sql checked, record: majuscule by Remil to 1508708041
26-10-17 23:53:02 [INFO] [OctoBans] remil sql checked, record: doubleposte by Remil to 1508708035
26-10-17 23:53:02 [INFO] [OctoBans] remil sql checked, record: langage by Remil to 1508708346
26-10-17 23:53:02 [INFO] [OctoBans] remil sql checked, record: doubleposte by Remil to 1508711490
26-10-17 23:53:02 [INFO] [OctoBans] remil sql checked, record: doubleposte by Remil to 1508713135
26-10-17 23:53:02 [INFO] [OctoBans] remil sql checked, record: spammp by Remil to -1
26-10-17 23:53:02 [INFO] [OctoBans] remil sql checked, record: doubleposte by Remil to 1508713655
26-10-17 23:53:02 [INFO] [OctoBans] remil sql checked, record: faussesinfos by Remil to 1508800581
26-10-17 23:53:02 [INFO] [OctoBans] remil sql checked, record: langage by Remil to 1508714790
26-10-17 23:53:02 [INFO] [OctoBans] remil sql checked, record: langage by Remil to 1508714800
26-10-17 23:53:02 [INFO] [OctoBans] remil sql checked, record: doubleposte by Remil to 1508715223
26-10-17 23:53:02 [INFO] [OctoBans] remil sql checked, record: majuscule by Remil to 1508715658
26-10-17 23:53:02 [INFO] [OctoBans] remil sql checked, record: majuscule by Remil to 1508715782
26-10-17 23:53:02 [INFO] [OctoBans] remil sql checked, record: doubleposte by Remil to 1508721377
26-10-17 23:53:02 [INFO] [OctoBans] remil sql checked, record: provocation by Remil to 1508722958
26-10-17 23:53:02 [INFO] [OctoBans] remil sql checked, record: spam by Remil to 1508779428
26-10-17 23:53:02 [INFO] [OctoBans] remil sql checked, record: doubleposte by Remil to 1508777192
26-10-17 23:53:02 [INFO] [OctoBans] remil sql checked, record: doubleposte by Remil to 1508777238
26-10-17 23:53:02 [INFO] [OctoBans] remil sql checked, record: doubleposte by Remil to 1508777739
26-10-17 23:53:02 [INFO] [OctoBans] remil sql checked, record: majuscule by Remil to 1508778092
26-10-17 23:53:02 [INFO] [OctoBans] remil sql checked, record: incitationflood by Remil to 1508865357
26-10-17 23:53:02 [INFO] [OctoBans] remil sql checked, record: menacehack by Remil to 1509038183
26-10-17 23:53:02 [INFO] [OctoBans] remil sql checked, record: spam by Remil to 1508782939
26-10-17 23:53:02 [INFO] [OctoBans] remil sql checked, record: insulte by Remil to 1508782481
26-10-17 23:53:02 [INFO] [OctoBans] remil sql checked, record: majuscule by Remil to 1508780571
26-10-17 23:53:02 [INFO] [OctoBans] remil sql checked, record: majuscule by Remil to 1508780626
26-10-17 23:53:02 [INFO] [OctoBans] remil sql checked, record: majuscule by Remil to 1508780711
26-10-17 23:53:02 [INFO] [OctoBans] remil sql checked, record: doubleposte by Remil to 1508780690
26-10-17 23:53:02 [INFO] [OctoBans] remil sql checked, record: doubleposte by Remil to 1508780881
26-10-17 23:53:02 [INFO] [OctoBans] remil sql checked, record: doubleposte by Remil to 1508780897
26-10-17 23:53:02 [INFO] [OctoBans] remil sql checked, record: langage by Remil to 1508781256
26-10-17 23:53:02 [INFO] [OctoBans] remil sql checked, record: spam by Remil to 1508784269
26-10-17 23:53:02 [INFO] [OctoBans] remil sql checked, record: spam by Remil to 1508784603
26-10-17 23:53:02 [INFO] [OctoBans] remil sql checked, record: spam by Remil to 1508785326
26-10-17 23:53:02 [INFO] [OctoBans] remil sql checked, record: spam by Remil to 1508785330
26-10-17 23:53:02 [INFO] [OctoBans] remil sql checked, record: spam by Remil to 1508785424
26-10-17 23:53:02 [INFO] [OctoBans] remil sql checked, record: spam by Remil to 1508785426
26-10-17 23:53:02 [INFO] [OctoBans] remil sql checked, record: spam by Remil to 1508785430
26-10-17 23:53:02 [INFO] [OctoBans] remil sql checked, record: spam by Remil to 1508785433
26-10-17 23:53:02 [INFO] [OctoBans] remil sql checked, record: doubleposte by Remil to 1508782477
26-10-17 23:53:02 [INFO] [OctoBans] remil sql checked, record: majuscule by Remil to 1508786069
26-10-17 23:53:02 [INFO] [OctoBans] remil sql checked, record: doubleposte by Remil to 1508785926
26-10-17 23:53:02 [INFO] [OctoBans] remil sql checked, record: doubleposte by Remil to 1508786040
26-10-17 23:53:02 [INFO] [OctoBans] remil sql checked, record: doubleposte by Remil to 1508786547
26-10-17 23:53:02 [INFO] [OctoBans] remil sql checked, record: doubleposte by Remil to 1508786896
26-10-17 23:53:02 [INFO] [OctoBans] remil sql checked, record: doubleposte by Remil to 1508786299
26-10-17 23:53:02 [INFO] [OctoBans] remil sql checked, record: insultegrave by Remil to 1508822155
26-10-17 23:53:02 [INFO] [OctoBans] remil sql checked, record: doubleposte by Remil to 1508786460
26-10-17 23:53:02 [INFO] [OctoBans] remil sql checked, record: insultegrave by Remil to 1508858177
26-10-17 23:53:02 [INFO] [OctoBans] remil sql checked, record: doubleposte by Remil to 1508787081
26-10-17 23:53:02 [INFO] [OctoBans] remil sql checked, record: doubleposte by Remil to 1508787132
26-10-17 23:53:02 [INFO] [OctoBans] remil sql checked, record: provocation by Remil to 1508788800
26-10-17 23:53:02 [INFO] [OctoBans] remil sql checked, record: spammp by Remil to -1
26-10-17 23:53:02 [INFO] [OctoBans] remil sql checked, record: tpkill by Remil to 1508875719
26-10-17 23:53:02 [INFO] [OctoBans] remil sql checked, record: spam by Remil to 1508792950
26-10-17 23:53:02 [INFO] [OctoBans] remil sql checked, record: majuscule by Remil to 1508792531
26-10-17 23:53:02 [INFO] [OctoBans] remil sql checked, record: homophobie by Remil to 1508878279
26-10-17 23:53:02 [INFO] [OctoBans] remil sql checked, record: majuscule by Remil to 1508792487
26-10-17 23:53:02 [INFO] [OctoBans] remil sql checked, record: doubleposte by Remil to 1508793792
26-10-17 23:53:02 [INFO] [OctoBans] remil sql checked, record: doubleposte by Remil to 1508793172
26-10-17 23:53:02 [INFO] [OctoBans] remil sql checked, record: doubleposte by Remil to 1508793367
26-10-17 23:53:02 [INFO] [OctoBans] remil sql checked, record: spammp by Remil to -1
26-10-17 23:53:02 [INFO] [OctoBans] remil sql checked, record: doubleposte by Remil to 1508793934
26-10-17 23:53:02 [INFO] [OctoBans] remil sql checked, record: doubleposte by Remil to 1508794264
26-10-17 23:53:02 [INFO] [OctoBans] remil sql checked, record: doubleposte by Remil to 1508794592
26-10-17 23:53:02 [INFO] [OctoBans] remil sql checked, record: majuscule by Remil to 1508795960
26-10-17 23:53:02 [INFO] [OctoBans] remil sql checked, record: spam by Remil to 1508798374
26-10-17 23:53:02 [INFO] [OctoBans] remil sql checked, record: majuscule by Remil to 1508796854
26-10-17 23:53:02 [INFO] [OctoBans] remil sql checked, record: provocation by Remil to 1508796783
26-10-17 23:53:02 [INFO] [OctoBans] remil sql checked, record: doubleposte by Remil to 1508797097
26-10-17 23:53:02 [INFO] [OctoBans] remil sql checked, record: majuscule by Remil to 1508799148
26-10-17 23:53:02 [INFO] [OctoBans] remil sql checked, record: faussesinfos by Remil to 1508884960
26-10-17 23:53:02 [INFO] [OctoBans] remil sql checked, record: spam by Remil to 1508802178
26-10-17 23:53:02 [INFO] [OctoBans] remil sql checked, record: majuscule by Remil to 1508799266
26-10-17 23:53:02 [INFO] [OctoBans] remil sql checked, record: majuscule by Remil to 1508799448
26-10-17 23:53:02 [INFO] [OctoBans] remil sql checked, record: doubleposte by Remil to 1508805725
26-10-17 23:53:02 [INFO] [OctoBans] remil sql checked, record: provocation by Remil to 1508805205
26-10-17 23:53:02 [INFO] [OctoBans] remil sql checked, record: spammp by Remil to -1
26-10-17 23:53:02 [INFO] [OctoBans] remil sql checked, record: spam by Remil to 1508808261
26-10-17 23:53:02 [INFO] [OctoBans] remil sql checked, record: insulte by Remil to 1508807395
26-10-17 23:53:02 [INFO] [OctoBans] remil sql checked, record: spam by Remil to 1508809537
26-10-17 23:53:02 [INFO] [OctoBans] remil sql checked, record: doubleposte by Remil to 1508806281
26-10-17 23:53:02 [INFO] [OctoBans] remil sql checked, record: majuscule by Remil to 1508842387
26-10-17 23:53:02 [INFO] [OctoBans] remil sql checked, record: majuscule by Remil to 1508842408
26-10-17 23:53:02 [INFO] [OctoBans] remil sql checked, record: spammp by Remil to -1
26-10-17 23:53:02 [INFO] [OctoBans] remil sql checked, record: majuscule by Remil to 1508842829
26-10-17 23:53:02 [INFO] [OctoBans] remil sql checked, record: doubleposte by Remil to 1508843003
26-10-17 23:53:02 [INFO] [OctoBans] remil sql checked, record: spam by Remil to 1508846361
26-10-17 23:53:02 [INFO] [OctoBans] remil sql checked, record: spam by Remil to 1508846365
26-10-17 23:53:02 [INFO] [OctoBans] remil sql checked, record: spam by Remil to 1508846368
26-10-17 23:53:02 [INFO] [OctoBans] remil sql checked, record: spam by Remil to 1508846374
26-10-17 23:53:02 [INFO] [OctoBans] remil sql checked, record: spam by Remil to 1508846377
26-10-17 23:53:02 [INFO] [OctoBans] remil sql checked, record: spam by Remil to 1508846381
26-10-17 23:53:02 [INFO] [OctoBans] remil sql checked, record: spam by Remil to 1508849991
26-10-17 23:53:02 [INFO] [OctoBans] remil sql checked, record: insultegrave by Remil to 1508879253
26-10-17 23:53:02 [INFO] [OctoBans] remil sql checked, record: tpkill by Remil to 1508930234
26-10-17 23:53:02 [INFO] [OctoBans] remil sql checked, record: spam by Remil to 1508851065
26-10-17 23:53:02 [INFO] [OctoBans] remil sql checked, record: doubleposte by Remil to 1508844432
26-10-17 23:53:02 [INFO] [OctoBans] remil sql checked, record: majuscule by Remil to 1508845136
26-10-17 23:53:02 [INFO] [OctoBans] remil sql checked, record: doubleposte by Remil to 1508845161
26-10-17 23:53:02 [INFO] [OctoBans] remil sql checked, record: majuscule by Remil to 1508845621
26-10-17 23:53:02 [INFO] [OctoBans] remil sql checked, record: spam by Remil to 1508849982
26-10-17 23:53:02 [INFO] [OctoBans] remil sql checked, record: doubleposte by Remil to 1508846787
26-10-17 23:53:02 [INFO] [OctoBans] remil sql checked, record: majuscule by Remil to 1508847173
26-10-17 23:53:02 [INFO] [OctoBans] remil sql checked, record: doubleposte by Remil to 1508847325
26-10-17 23:53:02 [INFO] [OctoBans] remil sql checked, record: majuscule by Remil to 1508847843
26-10-17 23:53:02 [INFO] [OctoBans] remil sql checked, record: insultegrave by Remil to 1508885334
26-10-17 23:53:02 [INFO] [OctoBans] remil sql checked, record: majuscule by Remil to 1508850171
26-10-17 23:53:02 [INFO] [OctoBans] remil sql checked, record: majuscule by Remil to 1508852810
26-10-17 23:53:02 [INFO] [OctoBans] remil sql checked, record: spam by Remil to 1508856061
26-10-17 23:53:02 [INFO] [OctoBans] remil sql checked, record: majuscule by Remil to 1508853237
26-10-17 23:53:02 [INFO] [OctoBans] remil sql checked, record: majuscule by Remil to 1508853344
26-10-17 23:53:02 [INFO] [OctoBans] remil sql checked, record: langage by Remil to 1508853706
26-10-17 23:53:02 [INFO] [OctoBans] remil sql checked, record: insultegrave by Remil to 1508889284
26-10-17 23:53:02 [INFO] [OctoBans] remil sql checked, record: insultelegere by Remil to 1508854199
26-10-17 23:53:02 [INFO] [OctoBans] remil sql checked, record: doubleposte by Remil to 1508853637
26-10-17 23:53:02 [INFO] [OctoBans] remil sql checked, record: majuscule by Remil to 1508854256
26-10-17 23:53:02 [INFO] [OctoBans] remil sql checked, record: faussesinfos by Remil to 1508941074
26-10-17 23:53:02 [INFO] [OctoBans] remil sql checked, record: spammp by Remil to -1
26-10-17 23:53:02 [INFO] [OctoBans] remil sql checked, record: spamfopen by Remil to 1509028982
26-10-17 23:53:02 [INFO] [OctoBans] remil sql checked, record: majuscule by Remil to 1508856986
26-10-17 23:53:02 [INFO] [OctoBans] remil sql checked, record: langage by Remil to 1508858059
26-10-17 23:53:02 [INFO] [OctoBans] remil sql checked, record: spamfopen by Remil to 1509030336
26-10-17 23:53:02 [INFO] [OctoBans] remil sql checked, record: spammp by Remil to -1
26-10-17 23:53:02 [INFO] [OctoBans] remil sql checked, record: doubleposte by Remil to 1508857890
26-10-17 23:53:02 [INFO] [OctoBans] remil sql checked, record: spammp by Remil to -1
26-10-17 23:53:02 [INFO] [OctoBans] remil sql checked, record: langage by Remil to 1508858436
26-10-17 23:53:02 [INFO] [OctoBans] remil sql checked, record: spam by Remil to 1508861450
26-10-17 23:53:02 [INFO] [OctoBans] remil sql checked, record: faussesinfos by Remil to 1508944872
26-10-17 23:53:02 [INFO] [OctoBans] remil sql checked, record: faussesinfos by Remil to 1508944876
26-10-17 23:53:02 [INFO] [OctoBans] remil sql checked, record: faussesinfos by Remil to 1508944880
26-10-17 23:53:02 [INFO] [OctoBans] remil sql checked, record: faussesinfos by Remil to 1508944888
26-10-17 23:53:02 [INFO] [OctoBans] remil sql checked, record: langage by Remil to 1508859810
26-10-17 23:53:02 [INFO] [OctoBans] remil sql checked, record: spammp by Remil to -1
26-10-17 23:53:02 [INFO] [OctoBans] remil sql checked, record: doubleposte by Remil to 1508860010
26-10-17 23:53:02 [INFO] [OctoBans] remil sql checked, record: spam by Remil to 1508863624
26-10-17 23:53:02 [INFO] [OctoBans] remil sql checked, record: doubleposte by Remil to 1508860496
26-10-17 23:53:02 [INFO] [OctoBans] remil sql checked, record: majuscule by Remil to 1508860803
26-10-17 23:53:02 [INFO] [OctoBans] remil sql checked, record: doubleposte by Remil to 1508861149
26-10-17 23:53:02 [INFO] [OctoBans] remil sql checked, record: langage by Remil to 1508861811
26-10-17 23:53:02 [INFO] [OctoBans] remil sql checked, record: doubleposte by Remil to 1508861890
26-10-17 23:53:02 [INFO] [OctoBans] remil sql checked, record: doubleposte by Remil to 1508863844
26-10-17 23:53:02 [INFO] [OctoBans] remil sql checked, record: doubleposte by Remil to 1508864549
26-10-17 23:53:02 [INFO] [OctoBans] remil sql checked, record: doubleposte by Remil to 1508866645
26-10-17 23:53:02 [INFO] [OctoBans] remil sql checked, record: doubleposte by Remil to 1508866911
26-10-17 23:53:02 [INFO] [OctoBans] remil sql checked, record: doubleposte by Remil to 1508867278
26-10-17 23:53:02 [INFO] [OctoBans] remil sql checked, record: doubleposte by Remil to 1508867494
26-10-17 23:53:02 [INFO] [OctoBans] remil sql checked, record: spam by Remil to 1508870696
26-10-17 23:53:02 [INFO] [OctoBans] remil sql checked, record: tpkill by Remil to 1508953763
26-10-17 23:53:02 [INFO] [OctoBans] remil sql checked, record: doubleposte by Remil to 1508867821
26-10-17 23:53:02 [INFO] [OctoBans] remil sql checked, record: langage by Remil to 1508868163
26-10-17 23:53:02 [INFO] [OctoBans] remil sql checked, record: doubleposte by Remil to 1508867900
26-10-17 23:53:02 [INFO] [OctoBans] remil sql checked, record: doubleposte by Remil to 1508868904
26-10-17 23:53:02 [INFO] [OctoBans] remil sql checked, record: doubleposte by Remil to 1508868339
26-10-17 23:53:02 [INFO] [OctoBans] remil sql checked, record: doubleposte by Remil to 1508868425
26-10-17 23:53:02 [INFO] [OctoBans] remil sql checked, record: insultegrave by Remil to 1508905105
26-10-17 23:53:02 [INFO] [OctoBans] remil sql checked, record: majuscule by Remil to 1508890310
26-10-17 23:53:02 [INFO] [OctoBans] remil sql checked, record: doubleposte by Remil to 1508893152
26-10-17 23:53:02 [INFO] [OctoBans] remil sql checked, record: spamfopen by Remil to 1509071721
26-10-17 23:53:02 [INFO] [OctoBans] remil sql checked, record: doubleposte by Remil to 1508909879
26-10-17 23:53:02 [INFO] [OctoBans] remil sql checked, record: doubleposte by Remil to 1508910413
26-10-17 23:53:02 [INFO] [OctoBans] remil sql checked, record: doubleposte by Remil to 1508913448
26-10-17 23:53:02 [INFO] [OctoBans] remil sql checked, record: majuscule by Remil to 1508938177
26-10-17 23:53:02 [INFO] [OctoBans] remil sql checked, record: doubleposte by Remil to 1508937933
26-10-17 23:53:02 [INFO] [OctoBans] remil sql checked, record: faussesinfos by Remil to 1509024497
26-10-17 23:53:02 [INFO] [OctoBans] remil sql checked, record: majuscule by Remil to 1508942265
26-10-17 23:53:02 [INFO] [OctoBans] remil sql checked, record: langage by Remil to 1508942351
26-10-17 23:53:02 [INFO] [OctoBans] remil sql checked, record: majuscule by Remil to 1508948557
26-10-17 23:53:02 [INFO] [OctoBans] remil sql checked, record: majuscule by Remil to 1508948763
26-10-17 23:53:02 [INFO] [OctoBans] remil sql checked, record: spam by Remil to 1508952021
26-10-17 23:53:02 [INFO] [OctoBans] remil sql checked, record: langage by Remil to 1508949034
26-10-17 23:53:02 [INFO] [OctoBans] remil sql checked, record: spam by Remil to 1508959313
26-10-17 23:53:02 [INFO] [OctoBans] remil sql checked, record: spam by Remil to 1508953707
26-10-17 23:53:02 [INFO] [OctoBans] remil sql checked, record: majuscule by Remil to 1508950728
26-10-17 23:53:02 [INFO] [OctoBans] remil sql checked, record: langage by Remil to 1508951637
26-10-17 23:53:02 [INFO] [OctoBans] remil sql checked, record: doubleposte by Remil to 1508951644
26-10-17 23:53:02 [INFO] [OctoBans] remil sql checked, record: doubleposte by Remil to 1508952359
26-10-17 23:53:02 [INFO] [OctoBans] remil sql checked, record: majuscule by Remil to 1508952954
26-10-17 23:53:02 [INFO] [OctoBans] remil sql checked, record: doubleposte by Remil to 1508954701
26-10-17 23:53:02 [INFO] [OctoBans] remil sql checked, record: majuscule by Remil to 1508955161
26-10-17 23:53:02 [INFO] [OctoBans] remil sql checked, record: insultegrave by Remil to 1508990565
26-10-17 23:53:02 [INFO] [OctoBans] remil sql checked, record: doubleposte by Remil to 1508955080
26-10-17 23:53:02 [INFO] [OctoBans] remil sql checked, record: majuscule by Remil to 1508958674
26-10-17 23:53:02 [INFO] [OctoBans] remil sql checked, record: insultegrave by Remil to 1508993543
26-10-17 23:53:02 [INFO] [OctoBans] remil sql checked, record: majuscule by Remil to 1508958231
26-10-17 23:53:02 [INFO] [OctoBans] remil sql checked, record: provocation by Remil to 1508959175
26-10-17 23:53:02 [INFO] [OctoBans] remil sql checked, record: majuscule by Remil to 1508958807
26-10-17 23:53:02 [INFO] [OctoBans] remil sql checked, record: tpkill by Remil to 1509044769
26-10-17 23:53:02 [INFO] [OctoBans] remil sql checked, record: doubleposte by Remil to 1508960632
26-10-17 23:53:02 [INFO] [OctoBans] remil sql checked, record: insultegrave by Remil to 1508995882
26-10-17 23:53:02 [INFO] [OctoBans] remil sql checked, record: doubleposte by Remil to 1508960218
26-10-17 23:53:02 [INFO] [OctoBans] remil sql checked, record: doubleposte by Remil to 1508960624
26-10-17 23:53:02 [INFO] [OctoBans] remil sql checked, record: doubleposte by Remil to 1508960728
26-10-17 23:53:02 [INFO] [OctoBans] remil sql checked, record: langage by Remil to 1508961140
26-10-17 23:53:02 [INFO] [OctoBans] remil sql checked, record: majuscule by Remil to 1508961159
26-10-17 23:53:02 [INFO] [OctoBans] remil sql checked, record: doubleposte by Remil to 1508962570
26-10-17 23:53:02 [INFO] [OctoBans] remil sql checked, record: spammp by Remil to -1
26-10-17 23:53:02 [INFO] [OctoBans] remil sql checked, record: langage by Remil to 1508968715
26-10-17 23:53:02 [INFO] [OctoBans] remil sql checked, record: majuscule by Remil to 1508969329
26-10-17 23:53:02 [INFO] [OctoBans] remil sql checked, record: langage by Remil to 1508968845
26-10-17 23:53:02 [INFO] [OctoBans] remil sql checked, record: langage by Remil to 1508968889
26-10-17 23:53:02 [INFO] [OctoBans] remil sql checked, record: majuscule by Remil to 1508968907
26-10-17 23:53:02 [INFO] [OctoBans] remil sql checked, record: doubleposte by Remil to 1508969835
26-10-17 23:53:02 [INFO] [OctoBans] remil sql checked, record: doubleposte by Remil to 1509011208
26-10-17 23:53:02 [INFO] [OctoBans] remil sql checked, record: insultestaff by Remil to 1509047536
26-10-17 23:53:02 [INFO] [OctoBans] remil sql checked, record: doubleposte by Remil to 1509012443
26-10-17 23:53:02 [INFO] [OctoBans] remil sql checked, record: incitationflood by Remil to 1509098332
26-10-17 23:53:02 [INFO] [OctoBans] remil sql checked, record: spammp by Remil to -1
26-10-17 23:53:02 [INFO] [OctoBans] remil sql checked, record: menacehack by Remil to 1509271588
26-10-17 23:53:02 [INFO] [OctoBans] remil sql checked, record: spam by Remil to 1509016225
26-10-17 23:53:02 [INFO] [OctoBans] remil sql checked, record: spammp by Remil to -1
26-10-17 23:53:02 [INFO] [OctoBans] remil sql checked, record: doubleposte by Remil to 1509016308
26-10-17 23:53:02 [INFO] [OctoBans] remil sql checked, record: langage by Remil to 1509017395
26-10-17 23:53:02 [INFO] [OctoBans] remil sql checked, record: doubleposte by Remil to 1509018948
26-10-17 23:53:02 [INFO] [OctoBans] remil sql checked, record: spammp by Remil to -1
26-10-17 23:53:02 [INFO] [OctoBans] remil sql checked, record: faussesinfos by Remil to 1509108780
26-10-17 23:53:02 [INFO] [OctoBans] remil sql checked, record: faussesinfos by Remil to 1509109164
26-10-17 23:53:02 [INFO] [OctoBans] remil sql checked, record: spammp by Remil to -1
26-10-17 23:53:02 [INFO] [OctoBans] remil sql checked, record: doubleposte by Remil to 1509028450
26-10-17 23:53:02 [INFO] [OctoBans] remil sql checked, record: majuscule by Remil to 1509028469
26-10-17 23:53:02 [INFO] [OctoBans] remil sql checked, record: majuscule by Remil to 1509028505
26-10-17 23:53:02 [INFO] [OctoBans] remil sql checked, record: doubleposte by Remil to 1509029121
26-10-17 23:53:02 [INFO] [OctoBans] remil sql checked, record: doubleposte by Remil to 1509029774
26-10-17 23:53:02 [INFO] [OctoBans] remil sql checked, record: provocation by Remil to 1509030447
26-10-17 23:53:02 [INFO] [OctoBans] remil sql checked, record: spam by Remil to 1509033260
26-10-17 23:53:02 [INFO] [OctoBans] remil sql checked, record: spam by Remil to 1509033945
26-10-17 23:53:02 [INFO] [OctoBans] remil sql checked, record: spam by Remil to 1509037560
26-10-17 23:53:02 [INFO] [OctoBans] remil sql checked, record: majuscule by Remil to 1509031009
26-10-17 23:53:02 [INFO] [OctoBans] remil sql checked, record: spammp by Remil to -1
26-10-17 23:53:02 [INFO] [OctoBans] remil sql checked, record: majuscule by Remil to 1509034206
26-10-17 23:53:02 [INFO] [OctoBans] remil sql checked, record: spam by Remil to 1509052138
26-10-17 23:53:02 [INFO] [OctoBans] remil sql checked, record: provocation by Remil to 1509042888
26-10-17 23:53:02 [INFO] [OctoBans] remil sql checked, record: provocation by Remil to 1509044559
26-10-17 23:53:02 [INFO] [OctoBans] remil sql checked, record: menacehack by Remil to 1509303493
26-10-17 23:53:02 [INFO] [OctoBans] remil sql checked, record: menacehack by Remil to 1509303537
26-10-17 23:53:02 [INFO] [OctoBans] remil sql checked, record: majuscule by Remil to 1509046370
26-10-17 23:53:02 [INFO] [OctoBans] remil sql checked, record: spam by Remil to 1509049444
26-10-17 23:53:02 [INFO] [OctoBans] remil sql checked, record: doubleposte by Remil to 1509047427
26-10-17 23:53:02 [INFO] [OctoBans] remil sql checked, record: spam by Remil to 1509050711
26-10-17 23:53:02 [INFO] [OctoBans] remil sql checked, record: majuscule by Remil to 1509047921
26-10-17 23:53:02 [INFO] [OctoBans] remil sql checked, record: majuscule by Remil to 1509047940
26-10-17 23:53:02 [INFO] [OctoBans] remil sql checked, record: insulte by Remil to 1509050047
26-10-17 23:53:02 [INFO] [OctoBans] remil sql checked, record: majuscule by Remil to 1509048077
26-10-17 23:53:02 [INFO] [OctoBans] remil sql checked, record: spamftag by Remil to 1509220442
26-10-17 23:53:02 [INFO] [OctoBans] remil sql checked, record: doubleposte by Remil to 1509049397
26-10-17 23:53:02 [INFO] [OctoBans] remil sql checked, record: spam by Remil to 1509052447
26-10-17 23:53:02 [INFO] [OctoBans] remil sql checked, record: majuscule by Remil to 1509050147
26-10-17 23:53:02 [INFO] [OctoBans] remil sql checked, record: majuscule by Remil to 1509050542
26-10-17 23:53:02 [INFO] [OctoBans] remil sql checked, record: langage by Remil to 1509050549
26-10-17 23:53:02 [INFO] [OctoBans] remil sql checked, record: spam by Remil to 1509055166
26-10-17 23:53:02 [INFO] [OctoBans] remil sql checked, record: majuscule by Remil to 1509052500
26-10-17 23:53:02 [INFO] [OctoBans] remil sql checked, record: majuscule by Remil to 1509053299
26-10-17 23:53:02 [INFO] [OctoBans] remil sql checked, record: spamfopen by Remil to 1509226098
26-10-17 23:53:02 [INFO] [OctoBans] remil sql checked, record: spamfopen by Remil to 1509226107
26-10-17 23:53:02 [INFO] [OctoBans] remil sql checked, record: spam by Remil to 1509057824
26-10-17 23:53:02 [INFO] [OctoBans] remil sql checked, record: doubleposte by Remil to 1509055070
26-10-17 23:53:24 [INFO] [OctoBans] NeyTox punished eli33 for: Double Poste
26-10-17 23:54:40 [INFO] [OctoBans] NeyTox punished bfa69 for: Double Poste
26-10-17 23:54:55 [INFO] [OctoBans] NeyTox punished romoter_ytb for: Double Poste
26-10-17 23:55:13 [INFO] [OctoBans] NeyTox punished imdunk for: Double Poste
26-10-17 23:56:53 [INFO] [OctoBans] NeyTox punished tagrandmere for: Double Poste
27-10-17 00:00:17 [INFO] [OctoBans] XxVoltirxX punished chrisbowl76 for: Double Poste
27-10-17 00:06:20 [INFO] [OctoBans] NeyTox punished anticop for: Insulte
27-10-17 00:07:22 [INFO] [OctoBans] mrkebab sql checked, record: spammp by tinmar to -1
27-10-17 00:07:22 [INFO] [OctoBans] mrkebab sql checked, record: insultegrave by Antoine57565 to 1509135133
27-10-17 00:07:22 [INFO] [OctoBans] mrkebab sql checked, record: spammp by NeyTox to -1
27-10-17 00:11:04 [INFO] [OctoBans] noragev12 sql checked, record: spammp by Shainko to -1
27-10-17 00:11:10 [INFO] [OctoBans] Zayrox29 punished matheodu189 for: Double Poste
27-10-17 00:11:23 [INFO] [OctoBans] Zayrox29 punished thecriptoplay for: Provocation
27-10-17 00:14:33 [INFO] [OctoBans] Zayrox29 punished molotof for: Provocation
27-10-17 00:16:05 [INFO] [OctoBans] Zayrox29 punished the_king02 for: Double Poste
27-10-17 00:17:54 [INFO] [OctoBans] YTB_XxKarnageXx punished mocration24 for: TpKill
27-10-17 00:17:58 [INFO] [OctoBans] YTB_XxKarnageXx punished kouromc for: TpKill
27-10-17 00:20:11 [INFO] [OctoBans] tigerprime07 sql checked, record: insultestaff by tinmar to 1509069431
27-10-17 00:24:13 [INFO] [OctoBans] Zayrox29 punished floflo for: Double Poste
27-10-17 00:31:30 [INFO] [OctoBans] Zayrox29 punished evermillio for: Double Poste
27-10-17 00:33:51 [INFO] [OctoBans] Zayrox29 punished shimo_ for: Insulte
27-10-17 00:34:16 [INFO] [OctoBans] YTB_XxKarnageXx punished dark_titix for: Insulte
27-10-17 00:42:47 [INFO] [OctoBans] YTB_XxKarnageXx punished ankillers13 for: Double Poste
27-10-17 00:43:53 [INFO] [OctoBans] Antoine57565 punished octoman for: Spam/flood
27-10-17 00:50:23 [INFO] [OctoBans] Zayrox29 punished dark_titix for: Provocation
27-10-17 00:51:50 [INFO] [OctoBans] YTB_XxKarnageXx punished lolollo for: Double Poste
27-10-17 00:53:50 [INFO] [OctoBans] YTB_XxKarnageXx punished lucastyle for: Langage incorrect
27-10-17 00:58:53 [INFO] [OctoBans] Antoine57565 punished drayxx for: Double Poste
27-10-17 01:04:53 [INFO] [OctoBans] YTB_XxKarnageXx punished blacorino for: Double Poste
27-10-17 01:06:11 [INFO] [OctoBans] YTB_XxKarnageXx punished trixx for: Spam/flood
27-10-17 01:06:28 [INFO] [OctoBans] zotix_math sql checked, record: spammp by Kyabe to -1
27-10-17 01:06:46 [INFO] [OctoBans] Antoine57565 punished fit5hu for: Double Poste
27-10-17 01:11:27 [INFO] [OctoBans] YTB_XxKarnageXx punished black_fighteur for: TpKill
27-10-17 01:16:47 [INFO] [OctoBans] Zoseq punished drayxx for: Double Poste
27-10-17 01:23:12 [INFO] [OctoBans] YTB_XxKarnageXx punished lolololl for: TpKill
27-10-17 01:23:50 [INFO] [OctoBans] YTB_XxKarnageXx punished lolollo for: TpKill
27-10-17 01:23:58 [INFO] [OctoBans] aexraptorz sql checked, record: spammp by Remil to -1
27-10-17 01:26:47 [INFO] [OctoBans] pezzogiuliano sql checked, record: insultegrave by MisterBlazing to 1509094356
27-10-17 01:48:50 [INFO] [OctoBans] Antoine57565 punished bananas007 for: Spam/flood
27-10-17 01:50:17 [INFO] [OctoBans] Antoine57565 punished imperator122 for: Majuscule
27-10-17 01:51:08 [INFO] [OctoBans] Antoine57565 punished ishaadow_ for: Provocation
27-10-17 01:58:14 [INFO] [OctoBans] Antoine57565 punished azoxfr_yt for: Provocation
27-10-17 01:59:50 [INFO] [OctoBans] Antoine57565 punished by_sneak for: Majuscule
27-10-17 02:01:49 [INFO] [OctoBans] Antoine57565 punished dyfrox for: Spam/flood
27-10-17 02:02:41 [INFO] [OctoBans] Antoine57565 punished dark_titix for: Majuscule
27-10-17 02:02:56 [INFO] [OctoBans] ryda4 sql checked, record: spammp by Remil to -1
27-10-17 02:04:58 [INFO] [OctoBans] Antoine57565 punished leyop for: Double Poste
27-10-17 03:05:28 [INFO] [OctoBans] skuuurtmzz sql checked, record: spammp by tinmar to -1
27-10-17 06:01:01 [INFO] [OctoBans] Disabling OctoBans v1.0
