19-12-17 22:31:42 [INFO] [OctoBans] File Handler successfully initialized!
19-12-17 22:31:42 [INFO] [OctoBans] SQL connection successfully etablished
19-12-17 22:31:42 [INFO] [OctoBans] Moderator Tools by Octonia.
19-12-17 22:31:48 [INFO] [OctoBans] teddy44 sql checked, record: spammp by PseudooNull to -1
19-12-17 22:31:48 [INFO] [OctoBans] teddy44 sql checked, record: spammp by PseudooNull to -1
19-12-17 22:31:48 [INFO] [OctoBans] teddy44 sql checked, record: spammp by PseudooNull to -1
19-12-17 22:31:48 [INFO] [OctoBans] noirafricain sql checked, record: spammp by Zoseq to -1
19-12-17 22:31:48 [INFO] [OctoBans] noirafricain sql checked, record: spammp by EW3L to -1
19-12-17 22:31:48 [INFO] [OctoBans] noirafricain sql checked, record: spammp by EW3L to -1
19-12-17 22:31:52 [INFO] [OctoBans] hayden_frost sql checked, record: spammp by OCIP_Matth to -1
19-12-17 22:31:56 [INFO] [OctoBans] romudu269 sql checked, record: spammp by Remil to -1
19-12-17 22:31:56 [INFO] [OctoBans] romudu269 sql checked, record: insultegrave by FNGOD to 1513824700
19-12-17 22:31:56 [INFO] [OctoBans] romudu269 sql checked, record: insultegrave by FNGOD to 1513898543
19-12-17 22:31:56 [INFO] [OctoBans] the_slash sql checked, record: spammp by pepedjo to -1
19-12-17 22:31:56 [INFO] [OctoBans] the_slash sql checked, record: spammp by drbrine to -1
19-12-17 22:31:56 [INFO] [OctoBans] the_slash sql checked, record: spammp by NeyTox to -1
19-12-17 22:31:59 [INFO] [OctoBans] elumix sql checked, record: spammp by Remil to -1
19-12-17 22:31:59 [INFO] [OctoBans] elumix sql checked, record: spammp by SmooKeur to -1
19-12-17 22:31:59 [INFO] [OctoBans] elumix sql checked, record: provocation by D3adOrSnipSurYTB to 1513720842
19-12-17 22:32:02 [INFO] [OctoBans] minecraft05_yt sql checked, record: spammp by Gamer09 to -1
19-12-17 22:32:31 [INFO] [OctoBans] bardaxx_ sql checked, record: spammp by Zoseq to -1
19-12-17 22:32:38 [INFO] [OctoBans] aexraptorz sql checked, record: spammp by Remil to -1
19-12-17 22:32:38 [INFO] [OctoBans] aexraptorz sql checked, record: spammp by PseudooNull to -1
19-12-17 22:32:38 [INFO] [OctoBans] aexraptorz sql checked, record: insultegrave by PseudooNull to 1513759077
19-12-17 22:32:43 [INFO] [OctoBans] xxdubeskillsxx sql checked, record: spammp by FamousxRay to -1
19-12-17 22:33:32 [INFO] [OctoBans] mkdarkos sql checked, record: spammp by PseudooNull to -1
19-12-17 22:35:26 [INFO] [OctoBans] batte sql checked, record: spammp by yeti2001vd to -1
19-12-17 22:36:57 [INFO] [OctoBans] tereure sql checked, record: spammp by Zayrox29 to -1
19-12-17 22:37:17 [INFO] [OctoBans] ayken sql checked, record: spammp by KelianHD to -1
19-12-17 22:42:24 [INFO] [OctoBans] hkz_skillon sql checked, record: spammp by OCIP_Matth to -1
19-12-17 22:43:29 [INFO] [OctoBans] leminecraftien80 sql checked, record: insulte by Koeseb97 to 1513727913
19-12-17 22:43:29 [INFO] [OctoBans] leminecraftien80 sql checked, record: insultegrave by FNGOD to 1514287782
19-12-17 22:44:45 [INFO] [OctoBans] pablo sql checked, record: spam by D3adOrSnipSurYTB to 1513725033
19-12-17 22:47:31 [INFO] [OctoBans] fngod sql checked, record: spammp by FamousxRay to -1
19-12-17 22:47:31 [INFO] [OctoBans] fngod sql checked, record: spammp by drbrine to -1
19-12-17 22:47:41 [INFO] [OctoBans] chut3000 sql checked, record: spammp by FiasK0 to -1
19-12-17 22:47:59 [INFO] [OctoBans] mcfleury sql checked, record: spammp by Koeseb97 to -1
19-12-17 22:48:52 [INFO] [OctoBans] darryl1 sql checked, record: spammp by FiasK0 to -1
19-12-17 22:50:30 [INFO] [OctoBans] Zayrox29 punished d4rk_d3mon for: Double Poste
19-12-17 22:55:00 [INFO] [OctoBans] MrBlaze77 punished watiyt for: Publicité Youtubeur
19-12-17 23:08:18 [INFO] [OctoBans] shazekhq_q sql checked, record: spammp by Gamer09 to -1
19-12-17 23:11:17 [INFO] [OctoBans] Zayrox29 punished antoine02 for: Double Poste
19-12-17 23:14:46 [INFO] [OctoBans] Zayrox29 punished xxgamingbossxx for: Double Poste
19-12-17 23:17:28 [INFO] [OctoBans] Zayrox29 punished teddy44 for: Double Poste
19-12-17 23:17:37 [INFO] [OctoBans] xxheroiikxx sql checked, record: insultegrave by D3adOrSnipSurYTB to 1513789814
19-12-17 23:23:05 [INFO] [OctoBans] Zayrox29 punished gameur827 for: Insulte
19-12-17 23:39:11 [INFO] [OctoBans] gamix_yt sql checked, record: insultegrave by drbrine to 1513755185
19-12-17 23:41:44 [INFO] [OctoBans] ishaadow_ sql checked, record: spammp by FamousxRay to -1
19-12-17 23:48:37 [INFO] [OctoBans] syrox_ytb sql checked, record: spammp by Koeseb97 to -1
19-12-17 23:48:37 [INFO] [OctoBans] syrox_ytb sql checked, record: spammp by PseudooNull to -1
19-12-17 23:48:37 [INFO] [OctoBans] syrox_ytb sql checked, record: insultegrave by PseudooNull to 1513836669
19-12-17 23:58:22 [INFO] [OctoBans] Zayrox29 punished kimo_202 for: Spam/flood
20-12-17 00:03:25 [INFO] [OctoBans] romudu269 sql checked, record: spammp by Remil to -1
20-12-17 00:03:25 [INFO] [OctoBans] romudu269 sql checked, record: insultegrave by FNGOD to 1513824700
20-12-17 00:03:25 [INFO] [OctoBans] romudu269 sql checked, record: insultegrave by FNGOD to 1513898543
20-12-17 00:12:47 [INFO] [OctoBans] Zayrox29 punished antoine02 for: Spam/flood
20-12-17 00:22:16 [INFO] [OctoBans] virocl sql checked, record: spammp by PseudooNull to -1
20-12-17 00:31:40 [INFO] [OctoBans] mgk_tozzzz sql checked, record: spammp by drbrine to -1
20-12-17 01:04:11 [INFO] [OctoBans] mayeul sql checked, record: spammp by SmooKeur to -1
20-12-17 01:43:52 [INFO] [OctoBans] firexpower666_ sql checked, record: spammp by tinmar to -1
20-12-17 02:43:57 [INFO] [OctoBans] karlwill sql checked, record: spammp by Gamer09 to -1
20-12-17 02:43:57 [INFO] [OctoBans] karlwill sql checked, record: spammp by LeRe to -1
20-12-17 03:30:05 [INFO] [OctoBans] zbeubz sql checked, record: spammp by KelianHD to -1
20-12-17 03:30:05 [INFO] [OctoBans] zbeubz sql checked, record: spammp by pepedjo to -1
20-12-17 06:01:02 [INFO] [OctoBans] Disabling OctoBans v1.0
