06-01-18 22:31:43 [INFO] [OctoBans] File Handler successfully initialized!
06-01-18 22:31:43 [INFO] [OctoBans] SQL connection successfully etablished
06-01-18 22:31:43 [INFO] [OctoBans] Moderator Tools by Octonia.
06-01-18 22:31:49 [INFO] [OctoBans] yolloswagg564 sql checked, record: spammp by pepedjo to -1
06-01-18 22:31:49 [INFO] [OctoBans] yolloswagg564 sql checked, record: doubleposte by EGGSPLOSION to 1515276850
06-01-18 22:31:49 [INFO] [OctoBans] xhugox sql checked, record: spam by Gamer09 to 1515283115
06-01-18 22:31:49 [INFO] [OctoBans] ishaadow_ sql checked, record: spammp by FamousxRay to -1
06-01-18 22:31:49 [INFO] [OctoBans] ishaadow_ sql checked, record: spammp by FNGOD to -1
06-01-18 22:31:49 [INFO] [OctoBans] deniz sql checked, record: spammp by SmooKeur to -1
06-01-18 22:31:49 [INFO] [OctoBans] fiask0 sql checked, record: spammp by ToXiCz_TV to -1
06-01-18 22:31:49 [INFO] [OctoBans] pvp_thibaut_pvp sql checked, record: spammp by tinmar to -1
06-01-18 22:31:49 [INFO] [OctoBans] pvp_thibaut_pvp sql checked, record: spammp by SkillBOotiiS to -1
06-01-18 22:31:49 [INFO] [OctoBans] pvp_thibaut_pvp sql checked, record: spammp by pepedjo to -1
06-01-18 22:31:49 [INFO] [OctoBans] pvp_thibaut_pvp sql checked, record: spammp by tinmar to -1
06-01-18 22:31:49 [INFO] [OctoBans] pvp_thibaut_pvp sql checked, record: floodmp by FiasK0 to -1
06-01-18 22:31:49 [INFO] [OctoBans] vexchess sql checked, record: spam by Gamer09 to 1515279541
06-01-18 22:31:49 [INFO] [OctoBans] infinity_du59 sql checked, record: spammp by Antoine57565 to -1
06-01-18 22:31:49 [INFO] [OctoBans] mame sql checked, record: spammp by FiasK0 to -1
06-01-18 22:31:49 [INFO] [OctoBans] mame sql checked, record: spammp by Ourox_ to -1
06-01-18 22:31:49 [INFO] [OctoBans] mame sql checked, record: spammp by tinmar to -1
06-01-18 22:31:49 [INFO] [OctoBans] gameurs71 sql checked, record: spammp by WeeZix to -1
06-01-18 22:31:49 [INFO] [OctoBans] gameurs71 sql checked, record: menacehack by D3adOrSnipSurYTB to 1515438001
06-01-18 22:31:49 [INFO] [OctoBans] lsangfroid sql checked, record: spammp by zlKayzen to -1
06-01-18 22:31:49 [INFO] [OctoBans] lsangfroid sql checked, record: spammp by zlKayzen to -1
06-01-18 22:31:49 [INFO] [OctoBans] lsangfroid sql checked, record: spammp by zlKayzen to -1
06-01-18 22:31:49 [INFO] [OctoBans] lsangfroid sql checked, record: spammp by zlKayzen to -1
06-01-18 22:31:49 [INFO] [OctoBans] agoniel sql checked, record: spammp by Koeseb97 to -1
06-01-18 22:31:49 [INFO] [OctoBans] progameur sql checked, record: spammp by FiasK0 to -1
06-01-18 22:31:49 [INFO] [OctoBans] progameur sql checked, record: spammp by D3adOrSnipSurYTB to -1
06-01-18 22:31:49 [INFO] [OctoBans] the_slash sql checked, record: spammp by pepedjo to -1
06-01-18 22:31:49 [INFO] [OctoBans] the_slash sql checked, record: spammp by drbrine to -1
06-01-18 22:31:49 [INFO] [OctoBans] the_slash sql checked, record: spammp by NeyTox to -1
06-01-18 22:31:49 [INFO] [OctoBans] the_slash sql checked, record: spammp by EW3L to -1
06-01-18 22:31:49 [INFO] [OctoBans] ertynox83 sql checked, record: spammp by Koeseb97 to -1
06-01-18 22:31:49 [INFO] [OctoBans] ertynox83 sql checked, record: spammp by LsAnGfRoId to -1
06-01-18 22:31:49 [INFO] [OctoBans] ertynox83 sql checked, record: spammp by LsAnGfRoId to -1
06-01-18 22:31:49 [INFO] [OctoBans] ertynox83 sql checked, record: spam by D3adOrSnipSurYTB to 1515278060
06-01-18 22:31:51 [INFO] [OctoBans] mattys0403 sql checked, record: spammp by pepedjo to -1
06-01-18 22:31:51 [INFO] [OctoBans] mattys0403 sql checked, record: spammp by pepedjo to -1
06-01-18 22:31:51 [INFO] [OctoBans] mattys0403 sql checked, record: spammp by Remil to -1
06-01-18 22:31:51 [INFO] [OctoBans] mattys0403 sql checked, record: spammp by PseudooNull to -1
06-01-18 22:31:52 [INFO] [OctoBans] jeremygameur sql checked, record: spammp by EW3L to -1
06-01-18 22:31:52 [INFO] [OctoBans] jeremygameur sql checked, record: spammp by atsuky to -1
06-01-18 22:31:52 [INFO] [OctoBans] jeremygameur sql checked, record: spammp by EW3L to -1
06-01-18 22:31:52 [INFO] [OctoBans] x4gaming sql checked, record: spammp by D3adOrSnipSurYTB to -1
06-01-18 22:31:52 [INFO] [OctoBans] x4gaming sql checked, record: spammp by atsuky to -1
06-01-18 22:31:53 [INFO] [OctoBans] batte sql checked, record: spammp by yeti2001vd to -1
06-01-18 22:31:54 [INFO] [OctoBans] roi_du_rush sql checked, record: spammp by FiasK0 to -1
06-01-18 22:31:54 [INFO] [OctoBans] roi_du_rush sql checked, record: spammp by Koeseb97 to -1
06-01-18 22:31:55 [INFO] [OctoBans] killyan sql checked, record: spammp by EW3L to -1
06-01-18 22:31:57 [INFO] [OctoBans] idecow_ sql checked, record: spammp by OCIP_Matth to -1
06-01-18 22:31:58 [INFO] [OctoBans] friphiano sql checked, record: spammp by atsuky to -1
06-01-18 22:31:58 [INFO] [OctoBans] friphiano sql checked, record: spammp by OCIP_Matth to -1
06-01-18 22:31:58 [INFO] [OctoBans] friphiano sql checked, record: spammp by PseudooNull to -1
06-01-18 22:32:00 [INFO] [OctoBans] lefifoudu3 sql checked, record: insultegrave by LsAnGfRoId to 1515519047
06-01-18 22:32:00 [INFO] [OctoBans] lefifoudu3 sql checked, record: insultegrave by FiasK0 to 1515627629
06-01-18 22:32:00 [INFO] [OctoBans] lefifoudu3 sql checked, record: spam by Gamer09 to 1515275394
06-01-18 22:32:04 [INFO] [OctoBans] kuro37 sql checked, record: spammp by ToXiCz_TV to -1
06-01-18 22:32:04 [INFO] [OctoBans] kuro37 sql checked, record: spammp by ToXiCz_TV to -1
06-01-18 22:32:05 [INFO] [OctoBans] faruz sql checked, record: spammp by D3adOrSnipSurYTB to -1
06-01-18 22:32:08 [INFO] [OctoBans] crapulekiller sql checked, record: spammp by SkillBOotiiS to -1
06-01-18 22:32:11 [INFO] [OctoBans] imjeezk sql checked, record: spammp by Gamer09 to -1
06-01-18 22:32:11 [INFO] [OctoBans] imjeezk sql checked, record: spammp by OCIP_Matth to -1
06-01-18 22:32:11 [INFO] [OctoBans] imjeezk sql checked, record: spammp by NiceFR to -1
06-01-18 22:32:11 [INFO] [OctoBans] diodu sql checked, record: spammp by Gamer09 to -1
06-01-18 22:32:29 [INFO] [OctoBans] sipha sql checked, record: spammp by ToXiCz_TV to -1
06-01-18 22:32:31 [INFO] [OctoBans] swokip sql checked, record: spammp by WeeZix to -1
06-01-18 22:32:37 [INFO] [OctoBans] lethugdu46 sql checked, record: spammp by FiasK0 to -1
06-01-18 22:32:37 [INFO] [OctoBans] lethugdu46 sql checked, record: spam by LsAnGfRoId to 1515292993
06-01-18 22:32:43 [INFO] [OctoBans] lpz_kinder sql checked, record: spammp by ToXiCz_TV to -1
06-01-18 22:32:43 [INFO] [OctoBans] lpz_kinder sql checked, record: spammp by EW3L to -1
06-01-18 22:32:43 [INFO] [OctoBans] lpz_kinder sql checked, record: spammp by EW3L to -1
06-01-18 22:32:43 [INFO] [OctoBans] lpz_kinder sql checked, record: spammp by PseudooNull to -1
06-01-18 22:32:49 [INFO] [OctoBans] onekill62 sql checked, record: spammp by tinmar to -1
06-01-18 22:33:11 [INFO] [OctoBans] xx_volrod_xx sql checked, record: insultegrave by EGGSPLOSION to 1515654305
06-01-18 22:33:28 [INFO] [OctoBans] oth716 sql checked, record: spammp by EGGSPLOSION to -1
06-01-18 22:33:33 [INFO] [OctoBans] dilili sql checked, record: spammp by ToXiCz_TV to -1
06-01-18 22:33:33 [INFO] [OctoBans] dilili sql checked, record: spammp by PseudooNull to -1
06-01-18 22:33:46 [INFO] [OctoBans] warrox_ sql checked, record: spammp by Bucky57 to -1
06-01-18 22:34:04 [INFO] [OctoBans] bardaxx_ sql checked, record: spammp by Zoseq to -1
06-01-18 22:34:15 [INFO] [OctoBans] kaiyoken sql checked, record: spammp by OCIP_Matth to -1
06-01-18 22:34:34 [INFO] [OctoBans] ocip_matth sql checked, record: spammp by PseudooNull to -1
06-01-18 22:35:16 [INFO] [OctoBans] OCIP_Matth punished warrox_ for: Spam/flood en MP
06-01-18 22:35:33 [INFO] [OctoBans] deeprodole sql checked, record: spammp by Zayrox29 to -1
06-01-18 22:35:33 [INFO] [OctoBans] deeprodole sql checked, record: spammp by Zayrox29 to -1
06-01-18 22:35:42 [INFO] [OctoBans] ytbibossyt sql checked, record: spammp by atsuky to -1
06-01-18 22:35:42 [INFO] [OctoBans] virocl sql checked, record: spammp by PseudooNull to -1
06-01-18 22:35:57 [INFO] [OctoBans] drakfunereur sql checked, record: insultegrave by EGGSPLOSION to 1515294658
06-01-18 22:36:07 [INFO] [OctoBans] sword_ sql checked, record: insultestaff by PseudooNull to 1515283553
06-01-18 22:36:35 [INFO] [OctoBans] idreyzen sql checked, record: spammp by zlKayzen to -1
06-01-18 22:36:35 [INFO] [OctoBans] idreyzen sql checked, record: spammp by ToXiCz_TV to -1
06-01-18 22:36:35 [INFO] [OctoBans] idreyzen sql checked, record: spam by Zayrox29 to 1515282877
06-01-18 22:36:54 [INFO] [OctoBans] toxicz_tv sql checked, record: spammp by Remil to -1
06-01-18 22:36:54 [INFO] [OctoBans] toxicz_tv sql checked, record: spammp by Remil to -1
06-01-18 22:36:54 [INFO] [OctoBans] toxicz_tv sql checked, record: spammp by ToXiCz_TV to -1
06-01-18 22:36:54 [INFO] [OctoBans] toxicz_tv sql checked, record: spammp by ToXiCz_TV to -1
06-01-18 22:37:09 [INFO] [OctoBans] bluegumsurytb sql checked, record: spammp by PseudooNull to -1
06-01-18 22:37:09 [INFO] [OctoBans] bluegumsurytb sql checked, record: spammp by ToXiCz_TV to -1
06-01-18 22:37:09 [INFO] [OctoBans] bluegumsurytb sql checked, record: tpkill by PseudooNull to 1515410520
06-01-18 22:37:45 [INFO] [OctoBans] kakakiki sql checked, record: spammp by WeeZix to -1
06-01-18 22:37:45 [INFO] [OctoBans] kakakiki sql checked, record: insultegrave by NeyTox to 1515552951
06-01-18 22:37:59 [INFO] [OctoBans] _topui_ sql checked, record: spammp by EW3L to -1
06-01-18 22:37:59 [INFO] [OctoBans] _topui_ sql checked, record: spammp by MrKebab to -1
06-01-18 22:37:59 [INFO] [OctoBans] _topui_ sql checked, record: spammp by LsAnGfRoId to -1
06-01-18 22:37:59 [INFO] [OctoBans] mayeul sql checked, record: spammp by SmooKeur to -1
06-01-18 22:38:26 [INFO] [OctoBans] virocl sql checked, record: spammp by PseudooNull to -1
06-01-18 22:40:09 [INFO] [OctoBans] ijonas_ sql checked, record: insultegrave by FiasK0 to 1515439250
06-01-18 22:40:30 [INFO] [OctoBans] xxsubxx sql checked, record: spammp by OCIP_Matth to -1
06-01-18 22:40:30 [INFO] [OctoBans] xxsubxx sql checked, record: spammp by PseudooNull to -1
06-01-18 22:44:09 [INFO] [OctoBans] boblesang sql checked, record: spammp by woimant to -1
06-01-18 22:44:15 [INFO] [OctoBans] bytsuyo_ sql checked, record: spammp by Remil to -1
06-01-18 22:44:30 [INFO] [OctoBans] rdvsurlebloc sql checked, record: spammp by D3adOrSnipSurYTB to -1
06-01-18 22:44:53 [INFO] [OctoBans] hayden_frost sql checked, record: spammp by OCIP_Matth to -1
06-01-18 22:46:02 [INFO] [OctoBans] kakakiki sql checked, record: spammp by WeeZix to -1
06-01-18 22:46:02 [INFO] [OctoBans] kakakiki sql checked, record: insultegrave by NeyTox to 1515552951
06-01-18 22:46:06 [INFO] [OctoBans] kakakiki sql checked, record: spammp by WeeZix to -1
06-01-18 22:46:06 [INFO] [OctoBans] kakakiki sql checked, record: insultegrave by NeyTox to 1515552951
06-01-18 22:47:57 [INFO] [OctoBans] easy sql checked, record: menacehack by Gamer09 to 1515786300
06-01-18 22:47:57 [INFO] [OctoBans] easy sql checked, record: menacehack by Gamer09 to 1516045611
06-01-18 22:48:13 [INFO] [OctoBans] sosodidi sql checked, record: spammp by Zoseq to -1
06-01-18 22:48:13 [INFO] [OctoBans] sosodidi sql checked, record: spammp by WeeZix to -1
06-01-18 22:48:13 [INFO] [OctoBans] sosodidi sql checked, record: spammp by EW3L to -1
06-01-18 22:48:13 [INFO] [OctoBans] sosodidi sql checked, record: spammp by Remil to -1
06-01-18 22:48:16 [INFO] [OctoBans] xxfloxx19 sql checked, record: spammp by Evolze to -1
06-01-18 22:48:59 [INFO] [OctoBans] destroyer_s_34 sql checked, record: spammp by Zayrox29 to -1
06-01-18 22:49:06 [INFO] [OctoBans] FiasK0 punished zozodu14 for: Double Poste
06-01-18 22:49:56 [INFO] [OctoBans] thomas62200 sql checked, record: spammp by atsuky to -1
06-01-18 22:49:56 [INFO] [OctoBans] thomas62200 sql checked, record: spam by EGGSPLOSION to 1515294465
06-01-18 22:51:20 [INFO] [OctoBans] lorois sql checked, record: spam by Gamer09 to 1515293928
06-01-18 22:51:55 [INFO] [OctoBans] maxougaming sql checked, record: spammp by Ceraiste to -1
06-01-18 22:51:55 [INFO] [OctoBans] maxougaming sql checked, record: spammp by EW3L to -1
06-01-18 22:51:55 [INFO] [OctoBans] maxougaming sql checked, record: spammp by FiasK0 to -1
06-01-18 22:51:55 [INFO] [OctoBans] maxougaming sql checked, record: spammp by FNGOD to -1
06-01-18 22:52:54 [INFO] [OctoBans] arakword sql checked, record: spammp by PseudooNull to -1
06-01-18 22:57:06 [INFO] [OctoBans] LsAnGfRoId punished bananna_yt for: Insulte
06-01-18 22:57:25 [INFO] [OctoBans] FiasK0 punished killyan for: Majuscule
06-01-18 22:57:41 [INFO] [OctoBans] LsAnGfRoId punished lepaysandu14 for: Insulte grave
06-01-18 23:00:29 [INFO] [OctoBans] troollgaming sql checked, record: spammp by Hkz_Skillon to -1
06-01-18 23:00:51 [INFO] [OctoBans] reborncreep sql checked, record: spammp by drbrine to -1
06-01-18 23:00:51 [INFO] [OctoBans] reborncreep sql checked, record: spam by LsAnGfRoId to 1515279283
06-01-18 23:03:36 [INFO] [OctoBans] chut3000 sql checked, record: spammp by FiasK0 to -1
06-01-18 23:03:36 [INFO] [OctoBans] chut3000 sql checked, record: spammp by Zayrox29 to -1
06-01-18 23:03:36 [INFO] [OctoBans] chut3000 sql checked, record: spammp by NeyTox to -1
06-01-18 23:06:09 [INFO] [OctoBans] epedrakesse sql checked, record: spammp by YTB_XxKarnageXx to -1
06-01-18 23:09:30 [INFO] [OctoBans] FiasK0 punished djpampes for: Spam/flood
06-01-18 23:14:46 [INFO] [OctoBans] fireforce sql checked, record: tpkill by Flowtox to 1515277138
06-01-18 23:15:41 [INFO] [OctoBans] akriiiii_i sql checked, record: spammp by FiasK0 to -1
06-01-18 23:15:41 [INFO] [OctoBans] akriiiii_i sql checked, record: spammp by FiasK0 to -1
06-01-18 23:20:01 [INFO] [OctoBans] _zwiiko_ sql checked, record: spammp by Zayrox29 to -1
06-01-18 23:22:00 [INFO] [OctoBans] thedarck sql checked, record: spammp by ToXiCz_TV to -1
06-01-18 23:22:00 [INFO] [OctoBans] thedarck sql checked, record: spammp by OCIP_Matth to -1
06-01-18 23:27:37 [INFO] [OctoBans] brookdu81 sql checked, record: spammp by D3adOrSnipSurYTB to -1
06-01-18 23:29:22 [INFO] [OctoBans] EW3L punished batte for: Insulte
06-01-18 23:29:43 [INFO] [OctoBans] easy sql checked, record: menacehack by Gamer09 to 1515786300
06-01-18 23:29:43 [INFO] [OctoBans] easy sql checked, record: menacehack by Gamer09 to 1516045611
06-01-18 23:30:25 [INFO] [OctoBans] youmakemelol sql checked, record: spammp by EW3L to -1
06-01-18 23:31:05 [INFO] [OctoBans] neyron sql checked, record: spammp by LsAnGfRoId to -1
06-01-18 23:31:05 [INFO] [OctoBans] neyron sql checked, record: spammp by PseudooNull to -1
06-01-18 23:36:46 [INFO] [OctoBans] FiasK0 punished monckie for: Spam/flood
06-01-18 23:37:38 [INFO] [OctoBans] FiasK0 punished babu for: Insulte
06-01-18 23:38:48 [INFO] [OctoBans] EW3L punished emir70 for: Incitation au flood
06-01-18 23:42:35 [INFO] [OctoBans] PseudooNull punished crapulekiller for: TpKill
06-01-18 23:43:45 [INFO] [OctoBans] lucas81160 sql checked, record: spammp by PoukoaMoa to -1
06-01-18 23:43:45 [INFO] [OctoBans] lucas81160 sql checked, record: spammp by OCIP_Matth to -1
06-01-18 23:44:46 [INFO] [OctoBans] anguille sql checked, record: spammp by Remil to -1
06-01-18 23:44:46 [INFO] [OctoBans] anguille sql checked, record: spammp by FiasK0 to -1
06-01-18 23:44:46 [INFO] [OctoBans] anguille sql checked, record: spammp by tinmar to -1
06-01-18 23:44:46 [INFO] [OctoBans] anguille sql checked, record: spammp by woimant to -1
06-01-18 23:45:18 [INFO] [OctoBans] PseudooNull punished ishaadow_ for: TpKill
06-01-18 23:47:36 [INFO] [OctoBans] PseudooNull punished ktm125sx for: Spam/flood en MP
06-01-18 23:49:33 [INFO] [OctoBans] bluegumsurytb sql checked, record: spammp by PseudooNull to -1
06-01-18 23:49:33 [INFO] [OctoBans] bluegumsurytb sql checked, record: spammp by ToXiCz_TV to -1
06-01-18 23:49:33 [INFO] [OctoBans] bluegumsurytb sql checked, record: tpkill by PseudooNull to 1515410520
06-01-18 23:50:21 [INFO] [OctoBans] je_rush_en_z sql checked, record: spammp by LaKitaw to -1
06-01-18 23:52:10 [INFO] [OctoBans] PseudooNull punished uu_cancer_uu for: Menace de hack
06-01-18 23:54:12 [INFO] [OctoBans] ToXiCz_TV punished lorie54 for: Insulte grave
06-01-18 23:54:31 [INFO] [OctoBans] YTB_XxKarnageXx punished _firefly_ for: Insulte grave
06-01-18 23:55:10 [INFO] [OctoBans] xenotium_pvp sql checked, record: spammp by EW3L to -1
06-01-18 23:55:48 [INFO] [OctoBans] easy sql checked, record: menacehack by Gamer09 to 1515786300
06-01-18 23:55:48 [INFO] [OctoBans] easy sql checked, record: menacehack by Gamer09 to 1516045611
06-01-18 23:55:58 [INFO] [OctoBans] YTB_XxKarnageXx punished easy for: Menace de hack
06-01-18 23:56:01 [INFO] [OctoBans] easy sql checked, record: menacehack by YTB_XxKarnageXx to 1515797758
06-01-18 23:56:11 [INFO] [OctoBans] easy sql checked, record: menacehack by YTB_XxKarnageXx to 1515797758
06-01-18 23:56:12 [INFO] [OctoBans] easy sql checked, record: menacehack by YTB_XxKarnageXx to 1515797758
06-01-18 23:56:16 [INFO] [OctoBans] easy sql checked, record: menacehack by YTB_XxKarnageXx to 1515797758
06-01-18 23:56:30 [INFO] [OctoBans] easy sql checked, record: menacehack by YTB_XxKarnageXx to 1515797758
06-01-18 23:56:30 [INFO] [OctoBans] easy sql checked, record: menacehack by YTB_XxKarnageXx to 1515797758
06-01-18 23:56:31 [INFO] [OctoBans] easy sql checked, record: menacehack by YTB_XxKarnageXx to 1515797758
06-01-18 23:56:31 [INFO] [OctoBans] easy sql checked, record: menacehack by YTB_XxKarnageXx to 1515797758
06-01-18 23:56:32 [INFO] [OctoBans] easy sql checked, record: menacehack by YTB_XxKarnageXx to 1515797758
06-01-18 23:56:33 [INFO] [OctoBans] easy sql checked, record: menacehack by YTB_XxKarnageXx to 1515797758
06-01-18 23:56:33 [INFO] [OctoBans] easy sql checked, record: menacehack by YTB_XxKarnageXx to 1515797758
06-01-18 23:56:33 [INFO] [OctoBans] easy sql checked, record: menacehack by YTB_XxKarnageXx to 1515797758
06-01-18 23:56:36 [INFO] [OctoBans] sosfight sql checked, record: spammp by PseudooNull to -1
06-01-18 23:56:47 [INFO] [OctoBans] algorskis_yt sql checked, record: spammp by EW3L to -1
06-01-18 23:56:47 [INFO] [OctoBans] algorskis_yt sql checked, record: insultegrave by EW3L to 1515308099
06-01-18 23:57:16 [INFO] [OctoBans] _firefly_ sql checked, record: insultegrave by YTB_XxKarnageXx to 1515315271
06-01-18 23:57:36 [INFO] [OctoBans] _firefly_ sql checked, record: insultegrave by YTB_XxKarnageXx to 1515315271
06-01-18 23:57:41 [INFO] [OctoBans] YTB_XxKarnageXx punished _firefly_ for: Insulte grave
06-01-18 23:59:59 [INFO] [OctoBans] azmak sql checked, record: spammp by EGGSPLOSION to -1
07-01-18 00:05:13 [INFO] [OctoBans] karlwill sql checked, record: spammp by Gamer09 to -1
07-01-18 00:05:13 [INFO] [OctoBans] karlwill sql checked, record: spammp by LeRe to -1
07-01-18 00:07:27 [INFO] [OctoBans] PseudooNull punished ky0_qzlaracaille for: Menace de hack
07-01-18 00:12:47 [INFO] [OctoBans] d3adorsnipsurytb sql checked, record: spammp by Koeseb97 to -1
07-01-18 00:12:47 [INFO] [OctoBans] d3adorsnipsurytb sql checked, record: spammp by Koeseb97 to -1
07-01-18 00:12:47 [INFO] [OctoBans] d3adorsnipsurytb sql checked, record: spammp by Koeseb97 to -1
07-01-18 00:12:47 [INFO] [OctoBans] d3adorsnipsurytb sql checked, record: spammp by Koeseb97 to -1
07-01-18 00:12:47 [INFO] [OctoBans] d3adorsnipsurytb sql checked, record: spammp by Koeseb97 to -1
07-01-18 00:12:47 [INFO] [OctoBans] d3adorsnipsurytb sql checked, record: spammp by Koeseb97 to -1
07-01-18 00:12:47 [INFO] [OctoBans] d3adorsnipsurytb sql checked, record: spammp by WeeZix to -1
07-01-18 00:12:47 [INFO] [OctoBans] d3adorsnipsurytb sql checked, record: spammp by WeeZix to -1
07-01-18 00:13:08 [INFO] [OctoBans] D3adOrSnipSurYTB punished sucematrompe for: Insulte grave
07-01-18 00:13:38 [INFO] [OctoBans] youmakemelol sql checked, record: spammp by EW3L to -1
07-01-18 00:13:44 [INFO] [OctoBans] PseudooNull punished youmakemelol for: Insulte grave
07-01-18 00:17:17 [INFO] [OctoBans] PseudooNull punished snaiky for: Double Poste
07-01-18 00:27:24 [INFO] [OctoBans] zeynox sql checked, record: spammp by Zayrox29 to -1
07-01-18 00:27:24 [INFO] [OctoBans] zeynox sql checked, record: spammp by Zoseq to -1
07-01-18 00:27:24 [INFO] [OctoBans] zeynox sql checked, record: spammp by LaKitaw to -1
07-01-18 00:27:24 [INFO] [OctoBans] zeynox sql checked, record: spammp by LaKitaw to -1
07-01-18 00:27:24 [INFO] [OctoBans] zeynox sql checked, record: spammp by LaKitaw to -1
07-01-18 00:27:24 [INFO] [OctoBans] zeynox sql checked, record: spammp by D3adOrSnipSurYTB to -1
07-01-18 00:27:27 [INFO] [OctoBans] PseudooNull punished folwixx for: Double Poste
07-01-18 00:38:11 [INFO] [OctoBans] darkoyt sql checked, record: spammp by NiceFR to -1
07-01-18 00:38:11 [INFO] [OctoBans] darkoyt sql checked, record: spammp by OCIP_Matth to -1
07-01-18 00:38:11 [INFO] [OctoBans] darkoyt sql checked, record: spammp by WeeZix to -1
07-01-18 00:38:11 [INFO] [OctoBans] darkoyt sql checked, record: menacehack by PseudooNull to 1515540921
07-01-18 00:41:48 [INFO] [OctoBans] killeur56 sql checked, record: spammp by PseudooNull to -1
07-01-18 00:42:19 [INFO] [OctoBans] PseudooNull punished idreyzen for: Incitation au flood
07-01-18 00:42:57 [INFO] [OctoBans] PseudooNull punished idreyzen_ for: Incitation au flood
07-01-18 00:46:47 [INFO] [OctoBans] byskinoz sql checked, record: spammp by OCIP_Matth to -1
07-01-18 00:48:03 [INFO] [OctoBans] FiasK0 punished lolster for: Majuscule
07-01-18 00:49:01 [INFO] [OctoBans] PseudooNull punished sayziiix for: Double Poste
07-01-18 00:58:03 [INFO] [OctoBans] youxs sql checked, record: insultegrave by D3adOrSnipSurYTB to 1515295497
07-01-18 01:00:26 [INFO] [OctoBans] FiasK0 punished xenotium_pvp for: Double Poste
07-01-18 01:04:21 [INFO] [OctoBans] dozz_ytb sql checked, record: spammp by WeeZix to -1
07-01-18 01:04:50 [INFO] [OctoBans] tigro17 sql checked, record: spammp by ToXiCz_TV to -1
07-01-18 01:04:50 [INFO] [OctoBans] tigro17 sql checked, record: spammp by WeeZix to -1
07-01-18 01:05:04 [INFO] [OctoBans] bfa69 sql checked, record: spammp by millardm to -1
07-01-18 01:06:26 [INFO] [OctoBans] flo_theking sql checked, record: spammp by PseudooNull to -1
07-01-18 01:09:34 [INFO] [OctoBans] keen0x sql checked, record: spammp by FNGOD to -1
07-01-18 01:14:24 [INFO] [OctoBans] autoclick_pvp sql checked, record: spammp by FiasK0 to -1
07-01-18 01:22:37 [INFO] [OctoBans] NeyTox punished comon_hd for: Insulte grave
07-01-18 01:27:59 [INFO] [OctoBans] FiasK0 punished lolster for: Spam/flood
07-01-18 01:30:26 [INFO] [OctoBans] FiasK0 punished ltt_lucky for: Insulte
07-01-18 01:43:07 [INFO] [OctoBans] weezy sql checked, record: spammp by LeRe to -1
07-01-18 01:45:57 [INFO] [OctoBans] FiasK0 punished diamoux for: Insulte serveur
07-01-18 01:48:07 [INFO] [OctoBans] woimant punished zozodu14 for: Homophobie
07-01-18 01:52:25 [INFO] [OctoBans] FiasK0 punished draaw for: Incitation au flood
07-01-18 01:58:52 [INFO] [OctoBans] NeyTox punished darkmoond for: Double Poste
07-01-18 02:16:08 [INFO] [OctoBans] FiasK0 punished bfa69 for: Insulte grave
07-01-18 02:16:51 [INFO] [OctoBans] FiasK0 punished darkmoond for: Double Poste
07-01-18 02:20:25 [INFO] [OctoBans] FiasK0 punished brookdu81 for: Provocation
07-01-18 02:20:48 [INFO] [OctoBans] FiasK0 punished bouboull for: Provocation
07-01-18 02:21:22 [INFO] [OctoBans] aparia sql checked, record: spammp by pepedjo to -1
07-01-18 02:21:22 [INFO] [OctoBans] aparia sql checked, record: spammp by pepedjo to -1
07-01-18 02:21:22 [INFO] [OctoBans] aparia sql checked, record: spammp by Evolze to -1
07-01-18 02:21:22 [INFO] [OctoBans] aparia sql checked, record: spammp by FiasK0 to -1
07-01-18 02:21:22 [INFO] [OctoBans] aparia sql checked, record: spammp by atsuky to -1
07-01-18 02:27:28 [INFO] [OctoBans] FiasK0 punished tigro17 for: Insulte grave
07-01-18 02:27:55 [INFO] [OctoBans] FiasK0 punished tigro17 for: Spam/flood en MP
07-01-18 02:37:20 [INFO] [OctoBans] FiasK0 punished mame for: Spam/flood
07-01-18 02:41:00 [INFO] [OctoBans] gramatik sql checked, record: spammp by woimant to -1
07-01-18 02:53:25 [INFO] [OctoBans] krisjul sql checked, record: spammp by drbrine to -1
07-01-18 03:19:48 [INFO] [OctoBans] FiasK0 punished x4gaming for: Insulte
07-01-18 03:20:57 [INFO] [OctoBans] FiasK0 punished aparia for: Insulte grave
07-01-18 04:18:33 [INFO] [OctoBans] YTB_XxKarnageXx punished bouboull for: Langage incorrect
07-01-18 04:19:30 [INFO] [OctoBans] remil sql checked, record: spammp by FiasK0 to -1
07-01-18 04:30:46 [INFO] [OctoBans] YTB_XxKarnageXx punished bouboull for: Langage incorrect
07-01-18 04:37:25 [INFO] [OctoBans] YTB_XxKarnageXx punished bouboull for: Langage incorrect
07-01-18 04:38:08 [INFO] [OctoBans] aexraptorz sql checked, record: spammp by Remil to -1
07-01-18 04:38:08 [INFO] [OctoBans] aexraptorz sql checked, record: spammp by PseudooNull to -1
07-01-18 06:01:02 [INFO] [OctoBans] Disabling OctoBans v1.0
