05-11-17 22:31:43 [INFO] [OctoBans] File Handler successfully initialized!
05-11-17 22:31:43 [INFO] [OctoBans] SQL connection successfully etablished
05-11-17 22:31:43 [INFO] [OctoBans] Moderator Tools by Octonia.
05-11-17 22:31:48 [INFO] [OctoBans] killerboydu13 sql checked, record: spammp by Evolze to -1
05-11-17 22:31:48 [INFO] [OctoBans] aexraptorz sql checked, record: spammp by Remil to -1
05-11-17 22:31:48 [INFO] [OctoBans] mathis81 sql checked, record: spammp by Gamer09 to -1
05-11-17 22:31:48 [INFO] [OctoBans] mathis81 sql checked, record: spammp by tinmar to -1
05-11-17 22:31:48 [INFO] [OctoBans] yeti2001vd sql checked, record: spammp by Frite_Merguez to -1
05-11-17 22:31:53 [INFO] [OctoBans] sosfight sql checked, record: doubleposte by EGGSPLOSION to 1509919001
05-11-17 22:31:53 [INFO] [OctoBans] zix_gamme sql checked, record: spam by drbrine to 1509918625
05-11-17 22:32:00 [INFO] [OctoBans] magi_fragz_yt sql checked, record: spammp by LeRe to -1
05-11-17 22:32:44 [INFO] [OctoBans] tigerprime07 sql checked, record: incitationflood by EGGSPLOSION to 1510003542
05-11-17 22:32:46 [INFO] [OctoBans] the_slash sql checked, record: spam by OCIP_Matth to 1509933348
05-11-17 22:33:30 [INFO] [OctoBans] virocl sql checked, record: spammp by Antoine57565 to -1
05-11-17 22:33:58 [INFO] [OctoBans] swichdi sql checked, record: spammp by Gamer09 to -1
05-11-17 22:33:58 [INFO] [OctoBans] swichdi sql checked, record: incitationflood by OCIP_Matth to 1510002453
05-11-17 22:34:51 [INFO] [OctoBans] gamix_yt sql checked, record: provocation by OCIP_Matth to 1509918076
05-11-17 22:39:44 [INFO] [OctoBans] OCIP_Matth punished mathis81 for: Double Poste
05-11-17 22:40:07 [INFO] [OctoBans] OCIP_Matth punished mathis81 for: Spam/flood en MP
05-11-17 22:40:59 [INFO] [OctoBans] ayken sql checked, record: spammp by KelianHD to -1
05-11-17 22:42:22 [INFO] [OctoBans] superb3b3 sql checked, record: spammp by Evolze to -1
05-11-17 22:42:22 [INFO] [OctoBans] superb3b3 sql checked, record: spammp by Evolze to -1
05-11-17 22:49:16 [INFO] [OctoBans] Frite_Merguez punished sangoku for: Provocation
05-11-17 22:49:56 [INFO] [OctoBans] Frite_Merguez punished oturan03 for: Double Poste
05-11-17 22:56:29 [INFO] [OctoBans] maxoupvp sql checked, record: spammp by LeRe to -1
05-11-17 22:59:34 [INFO] [OctoBans] pepedjo sql checked, record: spammp by NiceFR to -1
05-11-17 22:59:34 [INFO] [OctoBans] pepedjo sql checked, record: spammp by ToXiCz_TV to -1
05-11-17 23:01:44 [INFO] [OctoBans] drbrine punished wolfcroft for: Double Poste
05-11-17 23:03:55 [INFO] [OctoBans] drbrine punished maxoupvp for: Double Poste
05-11-17 23:08:19 [INFO] [OctoBans] zbeubz sql checked, record: spammp by KelianHD to -1
05-11-17 23:08:19 [INFO] [OctoBans] zbeubz sql checked, record: spammp by pepedjo to -1
05-11-17 23:12:15 [INFO] [OctoBans] drbrine punished blackwhite010 for: Insulte
05-11-17 23:28:13 [INFO] [OctoBans] neo_linkytb sql checked, record: spammp by OCIP_Matth to -1
05-11-17 23:32:49 [INFO] [OctoBans] uu_uu sql checked, record: spammp by Remil to -1
05-11-17 23:56:43 [INFO] [OctoBans] serge58 sql checked, record: spammp by pepedjo to -1
06-11-17 00:17:53 [INFO] [OctoBans] NeyTox punished draknir72 for: Majuscule
06-11-17 00:19:04 [INFO] [OctoBans] NeyTox punished booba92i for: Majuscule
06-11-17 00:19:49 [INFO] [OctoBans] NeyTox punished guessreyder for: Double Poste
06-11-17 00:30:55 [INFO] [OctoBans] NeyTox punished booba92i for: Spam/flood
06-11-17 00:35:19 [INFO] [OctoBans] NeyTox punished guessreyder for: Double Poste
06-11-17 00:35:56 [INFO] [OctoBans] azizlapoite sql checked, record: spammp by FiasK0 to -1
06-11-17 00:48:02 [INFO] [OctoBans] NeyTox punished guessreyder for: Insulte staff
06-11-17 00:52:35 [INFO] [OctoBans] kakakiki sql checked, record: spammp by OCIP_Matth to -1
06-11-17 00:52:35 [INFO] [OctoBans] kakakiki sql checked, record: insultegrave by drbrine to 1509990250
06-11-17 01:19:20 [INFO] [OctoBans] NeyTox punished armakiller for: Insulte staff
06-11-17 01:37:17 [INFO] [OctoBans] NeyTox punished satan for: Double Poste
06-11-17 01:48:56 [INFO] [OctoBans] NeyTox punished camaro for: Spam/flood
06-11-17 01:52:33 [INFO] [OctoBans] NeyTox punished xxjrp02xx for: Insulte
06-11-17 02:03:22 [INFO] [OctoBans] kakakiki sql checked, record: spammp by OCIP_Matth to -1
06-11-17 02:03:22 [INFO] [OctoBans] kakakiki sql checked, record: insultegrave by drbrine to 1509990250
06-11-17 02:03:29 [INFO] [OctoBans] NeyTox punished kakakiki for: Insulte grave
06-11-17 02:25:53 [INFO] [OctoBans] NeyTox punished uranium for: Spam/flood
06-11-17 04:00:15 [INFO] [OctoBans] deniz sql checked, record: spammp by SmooKeur to -1
06-11-17 05:18:19 [INFO] [OctoBans] elumix sql checked, record: spammp by Remil to -1
06-11-17 05:18:19 [INFO] [OctoBans] elumix sql checked, record: spammp by SmooKeur to -1
06-11-17 06:01:01 [INFO] [OctoBans] Disabling OctoBans v1.0
