22-01-18 22:31:41 [INFO] [OctoBans] File Handler successfully initialized!
22-01-18 22:31:41 [INFO] [OctoBans] SQL connection successfully etablished
22-01-18 22:31:42 [INFO] [OctoBans] Moderator Tools by Octonia.
22-01-18 22:31:46 [INFO] [OctoBans] sangoku sql checked, record: spammp by atsuky to -1
22-01-18 22:31:46 [INFO] [OctoBans] sangoku sql checked, record: spammp by Awesomeboy to -1
22-01-18 22:31:46 [INFO] [OctoBans] sangoku sql checked, record: spammp by Awesomeboy to -1
22-01-18 22:31:46 [INFO] [OctoBans] darryl1 sql checked, record: spammp by FiasK0 to -1
22-01-18 22:31:49 [INFO] [OctoBans] gameur2007 sql checked, record: spammp by EGGSPLOSION to -1
22-01-18 22:31:49 [INFO] [OctoBans] gameur2007 sql checked, record: spammp by EGGSPLOSION to -1
22-01-18 22:31:49 [INFO] [OctoBans] aexraptorz sql checked, record: spammp by Remil to -1
22-01-18 22:31:49 [INFO] [OctoBans] aexraptorz sql checked, record: spammp by PseudooNull to -1
22-01-18 22:31:54 [INFO] [OctoBans] silax_ sql checked, record: spammp by atsuky to -1
22-01-18 22:32:04 [INFO] [OctoBans] idecow_ sql checked, record: spammp by OCIP_Matth to -1
22-01-18 22:32:23 [INFO] [OctoBans] mame sql checked, record: spammp by FiasK0 to -1
22-01-18 22:32:23 [INFO] [OctoBans] mame sql checked, record: spammp by Ourox_ to -1
22-01-18 22:32:23 [INFO] [OctoBans] mame sql checked, record: spammp by tinmar to -1
22-01-18 22:32:23 [INFO] [OctoBans] mame sql checked, record: spammp by atsuky to -1
22-01-18 22:33:35 [INFO] [OctoBans] ytbibossyt sql checked, record: spammp by atsuky to -1
22-01-18 22:34:41 [INFO] [OctoBans] epedrakesse sql checked, record: spammp by YTB_XxKarnageXx to -1
22-01-18 22:35:34 [INFO] [OctoBans] flowtox sql checked, record: spammp by ToXiCz_TV to -1
22-01-18 22:35:34 [INFO] [OctoBans] flowtox sql checked, record: spammp by ToXiCz_TV to -1
22-01-18 22:35:55 [INFO] [OctoBans] lexbott18 sql checked, record: spammp by atsuky to -1
22-01-18 22:35:55 [INFO] [OctoBans] lexbott18 sql checked, record: spammp by iDecow_ to -1
22-01-18 22:36:50 [INFO] [OctoBans] x4gaming sql checked, record: spammp by D3adOrSnipSurYTB to -1
22-01-18 22:36:50 [INFO] [OctoBans] x4gaming sql checked, record: spammp by atsuky to -1
22-01-18 22:36:50 [INFO] [OctoBans] x4gaming sql checked, record: incitationflood by EW3L to 1516742103
22-01-18 22:39:02 [INFO] [OctoBans] onflyenrec sql checked, record: spammp by Antoine57565 to -1
22-01-18 22:39:02 [INFO] [OctoBans] onflyenrec sql checked, record: spammp by PseudooNull to -1
22-01-18 22:39:02 [INFO] [OctoBans] onflyenrec sql checked, record: spammp by Elfideltia to -1
22-01-18 22:39:23 [INFO] [OctoBans] bcz sql checked, record: spammp by Elfideltia to -1
22-01-18 22:47:10 [INFO] [OctoBans] diodu sql checked, record: spammp by Gamer09 to -1
22-01-18 23:37:16 [INFO] [OctoBans] atsuky punished harox for: Double Poste
22-01-18 23:40:41 [INFO] [OctoBans] atsuky punished easytv for: Provocation
22-01-18 23:42:36 [INFO] [OctoBans] atsuky punished harox for: Provocation
22-01-18 23:45:42 [INFO] [OctoBans] atsuky punished stan94 for: Provocation
22-01-18 23:53:58 [INFO] [OctoBans] atsuky punished arkanox_ for: Provocation
22-01-18 23:54:40 [INFO] [OctoBans] mrfire19 sql checked, record: spammp by atsuky to -1
22-01-18 23:55:58 [INFO] [OctoBans] maitre4 sql checked, record: spammp by FiasK0 to -1
23-01-18 00:03:07 [INFO] [OctoBans] atsuky punished harox for: Insulte grave
23-01-18 00:04:22 [INFO] [OctoBans] atsuky punished eragon951 for: Provocation
23-01-18 00:08:39 [INFO] [OctoBans] easytv sql checked, record: provocation by atsuky to 1516662941
23-01-18 00:10:56 [INFO] [OctoBans] atsuky punished eragon951 for: Insulte grave
23-01-18 00:31:18 [INFO] [OctoBans] eragon951 sql checked, record: insultegrave by atsuky to 1516734656
23-01-18 00:47:00 [INFO] [OctoBans] racaille76 sql checked, record: spammp by AO_Darkness to -1
23-01-18 01:01:57 [INFO] [OctoBans] swichdi sql checked, record: spammp by Gamer09 to -1
23-01-18 03:22:49 [INFO] [OctoBans] dark_t0x sql checked, record: spammp by NiceFR to -1
23-01-18 03:22:49 [INFO] [OctoBans] dark_t0x sql checked, record: spammp by D3adOrSnipSurYTB to -1
23-01-18 06:01:01 [INFO] [OctoBans] Disabling OctoBans v1.0
