25-07-17 22:31:42 [INFO] [OctoBans] File Handler successfully initialized!
25-07-17 22:31:42 [INFO] [OctoBans] SQL connection successfully etablished
25-07-17 22:31:42 [INFO] [OctoBans] Moderator Tools by Octonia.
25-07-17 22:31:48 [INFO] [OctoBans] leo2316 sql checked, record: spammp by SuperJojo to -1
25-07-17 22:31:48 [INFO] [OctoBans] leo2316 sql checked, record: spammp by Remil to -1
25-07-17 22:31:48 [INFO] [OctoBans] keen0x sql checked, record: spammp by iPurple_ to -1
25-07-17 22:31:48 [INFO] [OctoBans] keen0x sql checked, record: spammp by drbrine to -1
25-07-17 22:31:48 [INFO] [OctoBans] keen0x sql checked, record: spammp by drbrine to -1
25-07-17 22:31:48 [INFO] [OctoBans] keen0x sql checked, record: spammp by drbrine to -1
25-07-17 22:31:48 [INFO] [OctoBans] drix_nexus sql checked, record: insultegrave by Kyabe to 1501036449
25-07-17 22:31:48 [INFO] [OctoBans] remil sql checked, record: kickautre by CreepyEagle to -1
25-07-17 22:31:48 [INFO] [OctoBans] batte sql checked, record: spammp by SuperJojo to -1
25-07-17 22:31:49 [INFO] [OctoBans] ew3l sql checked, record: floodmp by Forway to -1
25-07-17 22:31:49 [INFO] [OctoBans] ew3l sql checked, record: incitationflood by DEEProdole to 1501091264
25-07-17 22:31:49 [INFO] [OctoBans] xx_volrod_xx sql checked, record: spam by tinmar to 1501073178
25-07-17 22:31:49 [INFO] [OctoBans] rayden sql checked, record: spammp by SmooKeur to -1
25-07-17 22:31:49 [INFO] [OctoBans] mrtutux sql checked, record: insultegrave by Xylear to 1501043200
25-07-17 22:31:49 [INFO] [OctoBans] jasoxx sql checked, record: spammp by iPurple_ to -1
25-07-17 22:31:49 [INFO] [OctoBans] jasoxx sql checked, record: spammp by drbrine to -1
25-07-17 22:31:49 [INFO] [OctoBans] jasoxx sql checked, record: spammp by drbrine to -1
25-07-17 22:31:49 [INFO] [OctoBans] jasoxx sql checked, record: spammp by drbrine to -1
25-07-17 22:31:49 [INFO] [OctoBans] marchandloup sql checked, record: spammp by Remil to -1
25-07-17 22:31:49 [INFO] [OctoBans] marchandloup sql checked, record: spammp by PseudoNul to -1
25-07-17 22:31:49 [INFO] [OctoBans] marchandloup sql checked, record: spam by Kyabe to 1501025286
25-07-17 22:31:49 [INFO] [OctoBans] widglitcher_yt sql checked, record: spammp by Remil to -1
25-07-17 22:31:49 [INFO] [OctoBans] pvp_thibaut_pvp sql checked, record: spammp by SuperJojo to -1
25-07-17 22:31:49 [INFO] [OctoBans] pika_ sql checked, record: incitationflood by woimant to 1501155308
25-07-17 22:31:49 [INFO] [OctoBans] unixs sql checked, record: spam by Shainko to 1501016735
25-07-17 22:31:49 [INFO] [OctoBans] wsn99 sql checked, record: incitationflood by DEEProdole to 1501099552
25-07-17 22:31:49 [INFO] [OctoBans] vendeur2kebab sql checked, record: spammp by ZerKup to -1
25-07-17 22:31:49 [INFO] [OctoBans] vendeur2kebab sql checked, record: spammp by YTB_XxKarnageXx to -1
25-07-17 22:31:49 [INFO] [OctoBans] vendeur2kebab sql checked, record: spammp by PseudoNul to -1
25-07-17 22:31:50 [INFO] [OctoBans] blc_frr_pvp sql checked, record: spammp by iPurple_ to -1
25-07-17 22:31:50 [INFO] [OctoBans] blc_frr_pvp sql checked, record: spammp by PseudoNul to -1
25-07-17 22:31:53 [INFO] [OctoBans] icrowz_ sql checked, record: spammp by iPurple_ to -1
25-07-17 22:31:56 [INFO] [OctoBans] charifboss sql checked, record: spammp by Blubfire to -1
25-07-17 22:31:56 [INFO] [OctoBans] charifboss sql checked, record: spammp by SnowEffect to -1
25-07-17 22:32:06 [INFO] [OctoBans] drbrine sql checked, record: spammp by PseudoNul to -1
25-07-17 22:32:06 [INFO] [OctoBans] drbrine sql checked, record: spammp by PseudoNul to -1
25-07-17 22:32:08 [INFO] [OctoBans] wize_ sql checked, record: spammp by NeosiaNexus to -1
25-07-17 22:32:10 [INFO] [OctoBans] dark_titix sql checked, record: spammp by Remil to -1
25-07-17 22:32:12 [INFO] [OctoBans] univerzkerror sql checked, record: spammp by TheBrioche13 to -1
25-07-17 22:32:12 [INFO] [OctoBans] univerzkerror sql checked, record: spammp by TheBrioche13 to -1
25-07-17 22:32:24 [INFO] [OctoBans] wistifi sql checked, record: incitationflood by DEEProdole to 1501079924
25-07-17 22:32:30 [INFO] [OctoBans] shouteur sql checked, record: spammp by Remil to -1
25-07-17 22:32:30 [INFO] [OctoBans] shouteur sql checked, record: spammp by Remil to -1
25-07-17 22:32:30 [INFO] [OctoBans] shouteur sql checked, record: spammp by Remil to -1
25-07-17 22:32:30 [INFO] [OctoBans] shouteur sql checked, record: spammp by Remil to -1
25-07-17 22:32:30 [INFO] [OctoBans] shouteur sql checked, record: spammp by Remil to -1
25-07-17 22:32:30 [INFO] [OctoBans] shouteur sql checked, record: spammp by Remil to -1
25-07-17 22:32:30 [INFO] [OctoBans] shouteur sql checked, record: spammp by Remil to -1
25-07-17 22:32:30 [INFO] [OctoBans] shouteur sql checked, record: spammp by Remil to -1
25-07-17 22:32:30 [INFO] [OctoBans] shouteur sql checked, record: spammp by Remil to -1
25-07-17 22:32:37 [INFO] [OctoBans] zizou03 sql checked, record: spammp by drbrine to -1
25-07-17 22:32:37 [INFO] [OctoBans] zizou03 sql checked, record: spammp by drbrine to -1
25-07-17 22:32:37 [INFO] [OctoBans] zizou03 sql checked, record: spammp by drbrine to -1
25-07-17 22:32:45 [INFO] [OctoBans] xxproplayerxxytb sql checked, record: spammp by Remil to -1
25-07-17 22:32:59 [INFO] [OctoBans] ocip_matth sql checked, record: spammp by tinmar to -1
25-07-17 22:32:59 [INFO] [OctoBans] ocip_matth sql checked, record: spammp by CreepyEagle to -1
25-07-17 22:33:00 [INFO] [OctoBans] doboul sql checked, record: spam by DEEProdole to 1501016766
25-07-17 22:33:17 [INFO] [OctoBans] fasko sql checked, record: majuscule by K0STiK_ to 1501016351
25-07-17 22:33:32 [INFO] [OctoBans] olivier28130 sql checked, record: spammp by iPurple_ to -1
25-07-17 22:33:37 [INFO] [OctoBans] titidu46 sql checked, record: spammp by drbrine to -1
25-07-17 22:33:45 [INFO] [OctoBans] athedos sql checked, record: faussesinfos by tinmar to 1501092304
25-07-17 22:33:50 [INFO] [OctoBans] zarshou sql checked, record: spam by Kyabe to 1501022662
25-07-17 22:34:14 [INFO] [OctoBans] _hello_kitty sql checked, record: spammp by Remil to -1
25-07-17 22:34:46 [INFO] [OctoBans] nicerush sql checked, record: spammp by YTB_XxKarnageXx to -1
25-07-17 22:34:46 [INFO] [OctoBans] nicerush sql checked, record: spammp by PseudoNul to -1
25-07-17 22:35:15 [INFO] [OctoBans] raylouis sql checked, record: incitationflood by FiasK0 to 1501084159
25-07-17 22:35:55 [INFO] [OctoBans] lassa18 sql checked, record: spammp by Remil to -1
25-07-17 22:35:55 [INFO] [OctoBans] lassa18 sql checked, record: spammp by Remil to -1
25-07-17 22:35:55 [INFO] [OctoBans] lassa18 sql checked, record: spammp by iPurple_ to -1
25-07-17 22:36:10 [INFO] [OctoBans] zozodu14 sql checked, record: spammp by iPurple_ to -1
25-07-17 22:36:10 [INFO] [OctoBans] zozodu14 sql checked, record: spammp by skhey to -1
25-07-17 22:36:10 [INFO] [OctoBans] zozodu14 sql checked, record: spammp by skhey to -1
25-07-17 22:36:10 [INFO] [OctoBans] zozodu14 sql checked, record: spammp by skhey to -1
25-07-17 22:36:10 [INFO] [OctoBans] zozodu14 sql checked, record: spammp by skhey to -1
25-07-17 22:36:14 [INFO] [OctoBans] osmanlitorunu sql checked, record: doubleposte by DEEProdole to 1501015172
25-07-17 22:38:22 [INFO] [OctoBans] Remil punished sam1 for: Spam/flood
25-07-17 22:42:34 [INFO] [OctoBans] hayden_frost sql checked, record: spammp by PseudoNul to -1
25-07-17 22:42:50 [INFO] [OctoBans] ktm125sx sql checked, record: spammp by Remil to -1
25-07-17 22:44:19 [INFO] [OctoBans] hug012 sql checked, record: spam by ZerKup to 1501017426
25-07-17 22:44:19 [INFO] [OctoBans] hug012 sql checked, record: insultegrave by ZerKup to 1501049856
25-07-17 22:44:31 [INFO] [OctoBans] selim45 sql checked, record: spammp by ZerKup to -1
25-07-17 22:44:59 [INFO] [OctoBans] woimant punished chidomi for: Spam/flood
25-07-17 22:45:05 [INFO] [OctoBans] zayrozz sql checked, record: spammp by Remil to -1
25-07-17 22:45:41 [INFO] [OctoBans] cctoi sql checked, record: spammp by tinmar to -1
25-07-17 22:45:43 [INFO] [OctoBans] ivluzofficial sql checked, record: insultesrv by tinmar to 1501015991
25-07-17 22:45:43 [INFO] [OctoBans] ivluzofficial sql checked, record: insultestaff by tinmar to 1501052025
25-07-17 22:46:27 [INFO] [OctoBans] woimant punished pomme2pins for: Langage incorrect
25-07-17 22:46:44 [INFO] [OctoBans] _strykz_ sql checked, record: spammp by Remil to -1
25-07-17 22:46:44 [INFO] [OctoBans] _strykz_ sql checked, record: homophobie by CreepyEagle to 1501031473
25-07-17 22:46:44 [INFO] [OctoBans] _strykz_ sql checked, record: insultestaff by Xylear to 1501061104
25-07-17 22:47:22 [INFO] [OctoBans] woimant punished alarmebruine6 for: Insulte serveur
25-07-17 22:47:38 [INFO] [OctoBans] woimant punished lordspudd for: Double Poste
25-07-17 22:48:09 [INFO] [OctoBans] woimant punished ninqx for: Majuscule
25-07-17 22:52:25 [INFO] [OctoBans] woimant punished floops for: Double Poste
25-07-17 22:52:37 [INFO] [OctoBans] woimant punished darkmen25 for: Fausses informations
25-07-17 22:54:15 [INFO] [OctoBans] woimant punished andsiou for: Langage incorrect
25-07-17 22:55:05 [INFO] [OctoBans] biguiboss31 sql checked, record: spammp by PseudoNul to -1
25-07-17 22:55:05 [INFO] [OctoBans] biguiboss31 sql checked, record: spammp by Remil to -1
25-07-17 22:55:06 [INFO] [OctoBans] woimant punished thebigburger for: Langage incorrect
25-07-17 22:55:52 [INFO] [OctoBans] woimant punished soldat2luxe for: Insulte grave
25-07-17 22:59:04 [INFO] [OctoBans] vivellaviie sql checked, record: insultegrave by FiasK0 to 1501048774
25-07-17 22:59:04 [INFO] [OctoBans] vivellaviie sql checked, record: insultegrave by FiasK0 to 1501084823
25-07-17 23:00:29 [INFO] [OctoBans] instateproofy sql checked, record: spammp by Remil to -1
25-07-17 23:00:29 [INFO] [OctoBans] instateproofy sql checked, record: spammp by Remil to -1
25-07-17 23:00:37 [INFO] [OctoBans] ponyta_ sql checked, record: tpkill by drbrine to 1501017284
25-07-17 23:01:03 [INFO] [OctoBans] nolaninomc sql checked, record: incitationflood by Forway to 1501088685
25-07-17 23:01:17 [INFO] [OctoBans] max362500 sql checked, record: spam by DEEProdole to 1501016771
25-07-17 23:02:44 [INFO] [OctoBans] woimant punished crafteam4 for: Langage incorrect
25-07-17 23:04:31 [INFO] [OctoBans] xylear sql checked, record: kickautre by NeosiaNexus to -1
25-07-17 23:07:07 [INFO] [OctoBans] woimant punished raptonoir for: Majuscule
25-07-17 23:07:59 [INFO] [OctoBans] woimant punished realitycarnage for: Double Poste
25-07-17 23:08:34 [INFO] [OctoBans] cfm_arthur sql checked, record: insultegrave by K0STiK_ to 1501037238
25-07-17 23:08:50 [INFO] [OctoBans] zighapvp sql checked, record: doubleposte by DEEProdole to 1501019674
25-07-17 23:09:16 [INFO] [OctoBans] woimant punished fan_koka for: Spam/flood
25-07-17 23:09:24 [INFO] [OctoBans] matthubbellucci_ sql checked, record: racism by NeyTox to 1501109921
25-07-17 23:10:06 [INFO] [OctoBans] Remil punished thegameryt_ for: Double Poste
25-07-17 23:12:40 [INFO] [OctoBans] Xylear punished darkapala for: Double Poste
25-07-17 23:14:03 [INFO] [OctoBans] Xylear punished marchandloup for: Spam/flood
25-07-17 23:14:41 [INFO] [OctoBans] Xylear punished marchandloup for: Spam/flood
25-07-17 23:15:52 [INFO] [OctoBans] etlimas sql checked, record: spammp by SkyKosIV to -1
25-07-17 23:17:31 [INFO] [OctoBans] woimant punished keen0x for: Langage incorrect
25-07-17 23:17:48 [INFO] [OctoBans] dark_sea sql checked, record: spammp by drbrine to -1
25-07-17 23:18:38 [INFO] [OctoBans] lololaclarinette sql checked, record: spammp by tinmar to -1
25-07-17 23:19:00 [INFO] [OctoBans] woimant punished ishaadow_ for: Double Poste
25-07-17 23:19:16 [INFO] [OctoBans] woimant punished mr_schtroumf for: Double Poste
25-07-17 23:19:26 [INFO] [OctoBans] furrix_ sql checked, record: incitationflood by drbrine to 1501148985
25-07-17 23:20:27 [INFO] [OctoBans] the_frusty sql checked, record: spammp by iPurple_ to -1
25-07-17 23:20:50 [INFO] [OctoBans] helol462 sql checked, record: spammp by drbrine to -1
25-07-17 23:21:57 [INFO] [OctoBans] modattozz sql checked, record: spammp by tinmar to -1
25-07-17 23:22:28 [INFO] [OctoBans] Remil punished icleanpvp_ for: Double Poste
25-07-17 23:23:22 [INFO] [OctoBans] Remil punished wyzek for: Double Poste
25-07-17 23:24:50 [INFO] [OctoBans] modzdegtabo3 sql checked, record: incitationflood by Theo97 to 1501061947
25-07-17 23:25:50 [INFO] [OctoBans] kyabe sql checked, record: kickautre by CreepyEagle to -1
25-07-17 23:29:31 [INFO] [OctoBans] Kyabe punished patatedouce78 for: Double Poste
25-07-17 23:29:42 [INFO] [OctoBans] Remil punished mr_schtroumf for: Spam /f open
25-07-17 23:30:04 [INFO] [OctoBans] Kyabe punished theskyble for: Spam/flood
25-07-17 23:30:28 [INFO] [OctoBans] karimospvp sql checked, record: spammp by YTB_XxKarnageXx to -1
25-07-17 23:30:28 [INFO] [OctoBans] karimospvp sql checked, record: spammp by YTB_XxKarnageXx to -1
25-07-17 23:30:28 [INFO] [OctoBans] karimospvp sql checked, record: spammp by tinmar to -1
25-07-17 23:30:29 [INFO] [OctoBans] Kyabe punished miquelpvp for: Double Poste
25-07-17 23:30:49 [INFO] [OctoBans] Kyabe punished miquelpvp for: Insulte staff
25-07-17 23:31:10 [INFO] [OctoBans] Kyabe punished miquelpvp for: Insulte serveur
25-07-17 23:31:20 [INFO] [OctoBans] miquelpvp sql checked, record: doubleposte by Kyabe to 1501020029
25-07-17 23:31:20 [INFO] [OctoBans] miquelpvp sql checked, record: insultestaff by Kyabe to 1501054249
25-07-17 23:31:20 [INFO] [OctoBans] miquelpvp sql checked, record: insultesrv by Kyabe to 1501036270
25-07-17 23:31:56 [INFO] [OctoBans] shimo_ sql checked, record: spammp by Remil to -1
25-07-17 23:31:56 [INFO] [OctoBans] shimo_ sql checked, record: spammp by Remil to -1
25-07-17 23:32:45 [INFO] [OctoBans] woimant punished _dragibus_ for: Provocation
25-07-17 23:34:03 [INFO] [OctoBans] Kyabe punished osmanlitorunu for: Double Poste
25-07-17 23:36:05 [INFO] [OctoBans] Wiindows punished florian455 for: Majuscule
25-07-17 23:36:20 [INFO] [OctoBans] Kyabe punished timoko for: Majuscule
25-07-17 23:39:08 [INFO] [OctoBans] mete_okyay sql checked, record: spammp by Remil to -1
25-07-17 23:39:44 [INFO] [OctoBans] xx_toto_xx sql checked, record: spammp by iPurple_ to -1
25-07-17 23:39:44 [INFO] [OctoBans] xx_toto_xx sql checked, record: spammp by iPurple_ to -1
25-07-17 23:39:44 [INFO] [OctoBans] xx_toto_xx sql checked, record: spammp by iPurple_ to -1
25-07-17 23:40:30 [INFO] [OctoBans] skyizi91 sql checked, record: spammp by PseudoNul to -1
25-07-17 23:40:30 [INFO] [OctoBans] skyizi91 sql checked, record: spammp by Remil to -1
25-07-17 23:40:30 [INFO] [OctoBans] skyizi91 sql checked, record: spammp by PseudoNul to -1
25-07-17 23:40:30 [INFO] [OctoBans] skyizi91 sql checked, record: spammp by SnowEffect to -1
25-07-17 23:40:30 [INFO] [OctoBans] skyizi91 sql checked, record: spammp by Remil to -1
25-07-17 23:44:02 [INFO] [OctoBans] Xylear punished ocip_matth for: Langage incorrect
25-07-17 23:45:20 [INFO] [OctoBans] woimant punished keen0x for: Insulte
25-07-17 23:47:03 [INFO] [OctoBans] papa sql checked, record: incitationflood by woimant to 1501095940
25-07-17 23:48:34 [INFO] [OctoBans] Wiindows punished pouletgriller for: Spam/flood
25-07-17 23:50:19 [INFO] [OctoBans] woimant punished mazeup for: Langage incorrect
25-07-17 23:51:22 [INFO] [OctoBans] Xylear punished xxmurd3rxx for: Double Poste
25-07-17 23:52:09 [INFO] [OctoBans] Xylear punished amgaming for: Double Poste
25-07-17 23:52:41 [INFO] [OctoBans] Xylear punished skyizi91 for: Insulte staff
25-07-17 23:53:34 [INFO] [OctoBans] demon99 punished gazwl for: Double Poste
25-07-17 23:54:01 [INFO] [OctoBans] Xylear punished kawaziu_ for: Double Poste
25-07-17 23:55:27 [INFO] [OctoBans] woimant punished darktompouce for: Double Poste
25-07-17 23:59:05 [INFO] [OctoBans] xboymax sql checked, record: spammp by YTB_XxKarnageXx to -1
25-07-17 23:59:05 [INFO] [OctoBans] xboymax sql checked, record: spammp by tinmar to -1
25-07-17 23:59:05 [INFO] [OctoBans] xboymax sql checked, record: kickautre by CreepyEagle to -1
25-07-17 23:59:20 [INFO] [OctoBans] trenitycrash sql checked, record: spammp by Anzerti to -1
25-07-17 23:59:54 [INFO] [OctoBans] kawaziu_ sql checked, record: doubleposte by Xylear to 1501021741
26-07-17 00:02:20 [INFO] [OctoBans] Kyabe punished crafteam4 for: Spam/flood
26-07-17 00:03:43 [INFO] [OctoBans] Kyabe punished hayden_frost for: Double Poste
26-07-17 00:06:30 [INFO] [OctoBans] xenario sql checked, record: kickautre by CreepyEagle to -1
26-07-17 00:06:30 [INFO] [OctoBans] xenario sql checked, record: kickautre by CreepyEagle to -1
26-07-17 00:09:23 [INFO] [OctoBans] Kyabe punished theyukigame for: Double Poste
26-07-17 00:09:26 [INFO] [OctoBans] waldeck22 sql checked, record: spammp by iPurple_ to -1
26-07-17 00:12:18 [INFO] [OctoBans] Xylear punished tr4shq for: Double Poste
26-07-17 00:15:57 [INFO] [OctoBans] thedarkorb45 sql checked, record: spam by Remil to 1501028740
26-07-17 00:17:24 [INFO] [OctoBans] Xylear punished rektenclaquette for: Spam/flood
26-07-17 00:17:43 [INFO] [OctoBans] twinx_boy sql checked, record: spammp by SnowEffect to -1
26-07-17 00:20:27 [INFO] [OctoBans] Wiindows punished by_fly for: Langage incorrect
26-07-17 00:21:21 [INFO] [OctoBans] mrstormax sql checked, record: spammp by tinmar to -1
26-07-17 00:24:35 [INFO] [OctoBans] Wiindows punished lololaclarinette for: Provocation
26-07-17 00:27:34 [INFO] [OctoBans] NeosiaNexus punished misterbg99 for: Spam/flood
26-07-17 00:28:18 [INFO] [OctoBans] Xylear punished lololaclarinette for: Spam/flood
26-07-17 00:28:33 [INFO] [OctoBans] Xylear punished liskoh for: Langage incorrect
26-07-17 00:29:52 [INFO] [OctoBans] Xylear punished liskoh for: Insulte staff
26-07-17 00:33:10 [INFO] [OctoBans] samybg sql checked, record: spammp by Remil to -1
26-07-17 00:33:10 [INFO] [OctoBans] samybg sql checked, record: spammp by Remil to -1
26-07-17 00:33:10 [INFO] [OctoBans] samybg sql checked, record: spammp by Remil to -1
26-07-17 00:33:10 [INFO] [OctoBans] samybg sql checked, record: spammp by drbrine to -1
26-07-17 00:36:34 [INFO] [OctoBans] Wiindows punished _kheyz_ for: Provocation
26-07-17 00:37:36 [INFO] [OctoBans] Kyabe punished dark_titix for: Insulte
26-07-17 00:38:27 [INFO] [OctoBans] Kyabe punished amama50 for: Provocation
26-07-17 00:38:32 [INFO] [OctoBans] Kyabe punished i_ilegit_ for: Majuscule
26-07-17 00:38:36 [INFO] [OctoBans] Xylear punished univerzkerror for: Langage incorrect
26-07-17 00:39:29 [INFO] [OctoBans] Wiindows punished gazwl for: Insulte grave
26-07-17 00:41:03 [INFO] [OctoBans] _kheyz_ sql checked, record: provocation by Wiindows to 1501022494
26-07-17 00:41:07 [INFO] [OctoBans] _kheyz_ sql checked, record: provocation by Wiindows to 1501022494
26-07-17 00:41:08 [INFO] [OctoBans] Kyabe punished matthew14 for: Double Poste
26-07-17 00:41:08 [INFO] [OctoBans] _kheyz_ sql checked, record: provocation by Wiindows to 1501022494
26-07-17 00:41:10 [INFO] [OctoBans] _kheyz_ sql checked, record: provocation by Wiindows to 1501022494
26-07-17 00:41:16 [INFO] [OctoBans] _kheyz_ sql checked, record: provocation by Wiindows to 1501022494
26-07-17 00:42:32 [INFO] [OctoBans] Xylear punished neyqooo_ for: Double Poste
26-07-17 00:44:13 [INFO] [OctoBans] NeosiaNexus punished marchandloup for: Spam/flood en MP
26-07-17 00:45:25 [INFO] [OctoBans] Kyabe punished mrcreeper456 for: Spam/flood
26-07-17 00:46:07 [INFO] [OctoBans] Wiindows punished misterbg95 for: Langage incorrect
26-07-17 00:46:27 [INFO] [OctoBans] Kyabe punished kyabe for: Double Poste
26-07-17 00:46:45 [INFO] [OctoBans] Kyabe punished mazeup for: Spam/flood
26-07-17 00:46:56 [INFO] [OctoBans] Kyabe punished alpha_jumpyi for: Majuscule
26-07-17 00:47:06 [INFO] [OctoBans] TheBrioche13 punished mazeup for: Majuscule
26-07-17 00:47:50 [INFO] [OctoBans] NeosiaNexus punished mazeup for: Insulte staff
26-07-17 00:49:42 [INFO] [OctoBans] NeosiaNexus punished blc_frr_pvp for: Langage incorrect
26-07-17 00:51:11 [INFO] [OctoBans] Kyabe punished vendeur2kebab for: Majuscule
26-07-17 00:51:15 [INFO] [OctoBans] NeosiaNexus punished dz_legammer for: Incitation au flood
26-07-17 00:55:23 [INFO] [OctoBans] carglass sql checked, record: spammp by Remil to -1
26-07-17 00:57:03 [INFO] [OctoBans] Kyabe punished alpha_jumpyi for: Insulte serveur
26-07-17 01:00:45 [INFO] [OctoBans] NeosiaNexus punished leodu999 for: Double Poste
26-07-17 01:14:10 [INFO] [OctoBans] dylandu94 sql checked, record: spammp by iPurple_ to -1
26-07-17 01:14:10 [INFO] [OctoBans] dylandu94 sql checked, record: spammp by iPurple_ to -1
26-07-17 01:14:10 [INFO] [OctoBans] dylandu94 sql checked, record: spammp by Anzerti to -1
26-07-17 01:17:43 [INFO] [OctoBans] Kyabe punished evilfelix for: Double Poste
26-07-17 01:20:48 [INFO] [OctoBans] NeosiaNexus punished by_fly for: Spam/flood en MP
26-07-17 01:23:22 [INFO] [OctoBans] NeosiaNexus punished theo40600 for: Spam/flood
26-07-17 01:32:11 [INFO] [OctoBans] Kyabe punished brookdu81 for: Double Poste
26-07-17 01:33:30 [INFO] [OctoBans] Xylear punished rayz_burn for: Double Poste
26-07-17 01:40:15 [INFO] [OctoBans] FiasK0 punished olivier28130 for: Spam/flood
26-07-17 01:44:35 [INFO] [OctoBans] FiasK0 punished florian76540 for: Insulte grave
26-07-17 01:44:54 [INFO] [OctoBans] Xylear punished dingo15 for: Insulte
26-07-17 02:11:23 [INFO] [OctoBans] stonewolf sql checked, record: spammp by SuperJojo to -1
26-07-17 02:11:23 [INFO] [OctoBans] stonewolf sql checked, record: spammp by drbrine to -1
26-07-17 02:11:23 [INFO] [OctoBans] stonewolf sql checked, record: insultegrave by drbrine to 1501042902
26-07-17 02:16:18 [INFO] [OctoBans] lavatar93 sql checked, record: flood by Wiindows to 1501033402
26-07-17 02:18:17 [INFO] [OctoBans] ext4zzy sql checked, record: spammp by Remil to -1
26-07-17 02:18:17 [INFO] [OctoBans] ext4zzy sql checked, record: spammp by Remil to -1
26-07-17 02:18:17 [INFO] [OctoBans] ext4zzy sql checked, record: spammp by Remil to -1
26-07-17 02:18:17 [INFO] [OctoBans] ext4zzy sql checked, record: spammp by SuperJojo to -1
26-07-17 02:18:17 [INFO] [OctoBans] ext4zzy sql checked, record: kickautre by Steph078 to -1
26-07-17 02:18:17 [INFO] [OctoBans] ext4zzy sql checked, record: spammp by SuperJojo to -1
26-07-17 02:18:17 [INFO] [OctoBans] ext4zzy sql checked, record: spammp by Remil to -1
26-07-17 02:18:17 [INFO] [OctoBans] ext4zzy sql checked, record: spammp by Remil to -1
26-07-17 02:24:37 [INFO] [OctoBans] Remil punished kawaziu_ for: Spam/flood
26-07-17 02:26:09 [INFO] [OctoBans] Remil punished leodu999 for: Double Poste
26-07-17 02:26:36 [INFO] [OctoBans] siplyoyt sql checked, record: spammp by PseudoNul to -1
26-07-17 02:26:36 [INFO] [OctoBans] siplyoyt sql checked, record: insultegrave by zlFire49 to 1501030974
26-07-17 02:32:53 [INFO] [OctoBans] Wiindows punished davenherobrine for: Spam/flood
26-07-17 02:33:23 [INFO] [OctoBans] Wiindows punished banano6768 for: Double Poste
26-07-17 02:46:00 [INFO] [OctoBans] _nytrospeed_jj sql checked, record: kickautre by CreepyEagle to -1
26-07-17 02:50:46 [INFO] [OctoBans] Wiindows punished chaser for: Langage incorrect
26-07-17 02:51:15 [INFO] [OctoBans] ocip_matth sql checked, record: spammp by tinmar to -1
26-07-17 02:51:15 [INFO] [OctoBans] ocip_matth sql checked, record: spammp by CreepyEagle to -1
26-07-17 03:01:29 [INFO] [OctoBans] Wiindows punished enzo9722 for: Double Poste
26-07-17 03:07:24 [INFO] [OctoBans] Wiindows punished mp973 for: Majuscule
26-07-17 03:25:42 [INFO] [OctoBans] maacdoo sql checked, record: kickautre by CreepyEagle to -1
26-07-17 03:33:26 [INFO] [OctoBans] Wiindows punished fly_beatch for: Double Poste
26-07-17 03:38:12 [INFO] [OctoBans] Wiindows punished siplyoyt for: Insulte
26-07-17 03:48:15 [INFO] [OctoBans] anthony972 sql checked, record: spammp by Remil to -1
26-07-17 03:48:15 [INFO] [OctoBans] anthony972 sql checked, record: spammp by Remil to -1
26-07-17 04:05:53 [INFO] [OctoBans] Wiindows punished _nytrospeed_jj for: Double Poste
26-07-17 04:14:14 [INFO] [OctoBans] Wiindows punished mrcreeper456 for: Double Poste
26-07-17 04:54:58 [INFO] [OctoBans] xeloman sql checked, record: spammp by SnowEffect to -1
26-07-17 05:06:00 [INFO] [OctoBans] Remil punished _mdr for: Langage incorrect
26-07-17 05:06:02 [INFO] [OctoBans] booba92i sql checked, record: kickautre by NeosiaNexus to -1
26-07-17 05:06:06 [INFO] [OctoBans] Remil punished _nytrospeed_jj for: Provocation
26-07-17 05:06:11 [INFO] [OctoBans] Remil punished dragondefeu for: Provocation
26-07-17 05:19:29 [INFO] [OctoBans] d3adorsnipsurytb sql checked, record: spammp by SuperJojo to -1
26-07-17 05:40:30 [INFO] [OctoBans] Xylear punished cobaltgameur for: Double Poste
26-07-17 05:44:22 [INFO] [OctoBans] Xylear punished misterbg99 for: Spam/flood
26-07-17 06:01:02 [INFO] [OctoBans] Disabling OctoBans v1.0
