02-12-17 22:31:42 [INFO] [OctoBans] File Handler successfully initialized!
02-12-17 22:31:42 [INFO] [OctoBans] SQL connection successfully etablished
02-12-17 22:31:42 [INFO] [OctoBans] Moderator Tools by Octonia.
02-12-17 22:31:47 [INFO] [OctoBans] maxougaming sql checked, record: spammp by LeRe to -1
02-12-17 22:31:47 [INFO] [OctoBans] maxougaming sql checked, record: spammp by Taygrax07 to -1
02-12-17 22:31:47 [INFO] [OctoBans] maxougaming sql checked, record: spammp by OCIP_Matth to -1
02-12-17 22:31:47 [INFO] [OctoBans] maxougaming sql checked, record: spammp by drbrine to -1
02-12-17 22:31:47 [INFO] [OctoBans] maxougaming sql checked, record: spammp by OCIP_Matth to -1
02-12-17 22:31:47 [INFO] [OctoBans] maxoupvp sql checked, record: spammp by LeRe to -1
02-12-17 22:31:47 [INFO] [OctoBans] maxoupvp sql checked, record: spammp by drbrine to -1
02-12-17 22:31:47 [INFO] [OctoBans] idreyzen sql checked, record: spammp by WeeZix to -1
02-12-17 22:31:47 [INFO] [OctoBans] clem010 sql checked, record: floodmp by NiceFR to -1
02-12-17 22:31:47 [INFO] [OctoBans] lamya sql checked, record: provocation by EGGSPLOSION to 1512250520
02-12-17 22:31:47 [INFO] [OctoBans] kyfox sql checked, record: spammp by FiasK0 to -1
02-12-17 22:31:47 [INFO] [OctoBans] kyfox sql checked, record: spammp by EGGSPLOSION to -1
02-12-17 22:31:47 [INFO] [OctoBans] prozeur sql checked, record: spammp by LaKitaw to -1
02-12-17 22:31:47 [INFO] [OctoBans] wadas sql checked, record: spammp by yeti2001vd to -1
02-12-17 22:31:47 [INFO] [OctoBans] supergameurdu13 sql checked, record: doubleposte by EW3L to 1512251102
02-12-17 22:31:47 [INFO] [OctoBans] massacreur315 sql checked, record: spam by EW3L to 1512252246
02-12-17 22:31:47 [INFO] [OctoBans] bardaxx_ sql checked, record: spammp by Zoseq to -1
02-12-17 22:31:47 [INFO] [OctoBans] bardaxx_ sql checked, record: pubyt by OCIP_Matth to 1512252338
02-12-17 22:31:47 [INFO] [OctoBans] bluegumsurytb sql checked, record: insultegrave by EW3L to 1512256163
02-12-17 22:31:48 [INFO] [OctoBans] ayken sql checked, record: spammp by KelianHD to -1
02-12-17 22:31:51 [INFO] [OctoBans] amokon sql checked, record: spammp by PoukoaMoa to -1
02-12-17 22:31:52 [INFO] [OctoBans] peredo78 sql checked, record: spammp by D3adOrSnipSurYTB to -1
02-12-17 22:31:56 [INFO] [OctoBans] helol sql checked, record: spammp by Evolze to -1
02-12-17 22:31:56 [INFO] [OctoBans] zlkayzen sql checked, record: spammp by Remil to -1
02-12-17 22:31:57 [INFO] [OctoBans] lilimomopopo sql checked, record: spammp by EW3L to -1
02-12-17 22:32:03 [INFO] [OctoBans] mame sql checked, record: spammp by FiasK0 to -1
02-12-17 22:32:07 [INFO] [OctoBans] sebasti_1 sql checked, record: spammp by OCIP_Matth to -1
02-12-17 22:32:10 [INFO] [OctoBans] meven789 sql checked, record: insultegrave by pepedjo to 1512525039
02-12-17 22:32:11 [INFO] [OctoBans] baba4890 sql checked, record: spammp by drbrine to -1
02-12-17 22:32:11 [INFO] [OctoBans] boubou37 sql checked, record: spammp by D3adOrSnipSurYTB to -1
02-12-17 22:32:12 [INFO] [OctoBans] lpz_kinder sql checked, record: spammp by ToXiCz_TV to -1
02-12-17 22:32:12 [INFO] [OctoBans] lpz_kinder sql checked, record: spammp by EW3L to -1
02-12-17 22:32:14 [INFO] [OctoBans] yongmen sql checked, record: spam by Zayrox29 to 1512256825
02-12-17 22:32:15 [INFO] [OctoBans] fngod sql checked, record: spammp by FamousxRay to -1
02-12-17 22:32:15 [INFO] [OctoBans] fngod sql checked, record: insultestaff by NeyTox to 1512257423
02-12-17 22:32:22 [INFO] [OctoBans] inchala122 sql checked, record: incitationflood by YTB_XxKarnageXx to 1512323595
02-12-17 22:32:24 [INFO] [OctoBans] oow_ll sql checked, record: spammp by EW3L to -1
02-12-17 22:32:33 [INFO] [OctoBans] winningyt sql checked, record: faussesinfos by YTB_XxKarnageXx to 1512307361
02-12-17 22:32:35 [INFO] [OctoBans] nakzu_u sql checked, record: spammp by PoukoaMoa to -1
02-12-17 22:32:35 [INFO] [OctoBans] nakzu_u sql checked, record: spammp by PoukoaMoa to -1
02-12-17 22:32:35 [INFO] [OctoBans] leminecraftien80 sql checked, record: spammp by infinitim to -1
02-12-17 22:32:35 [INFO] [OctoBans] leminecraftien80 sql checked, record: spammp by Zoseq to -1
02-12-17 22:32:35 [INFO] [OctoBans] leminecraftien80 sql checked, record: spammp by FiasK0 to -1
02-12-17 22:32:35 [INFO] [OctoBans] leminecraftien80 sql checked, record: spammp by SkillBOotiiS to -1
02-12-17 22:32:35 [INFO] [OctoBans] leminecraftien80 sql checked, record: spammp by OCIP_Matth to -1
02-12-17 22:32:35 [INFO] [OctoBans] leminecraftien80 sql checked, record: insultegrave by EGGSPLOSION to 1512312424
02-12-17 22:32:35 [INFO] [OctoBans] leminecraftien80 sql checked, record: spammp by drbrine to -1
02-12-17 22:32:35 [INFO] [OctoBans] leminecraftien80 sql checked, record: insultegrave by D3adOrSnipSurYTB to 1512696354
02-12-17 22:32:35 [INFO] [OctoBans] leminecraftien80 sql checked, record: insultegrave by D3adOrSnipSurYTB to 1512732377
02-12-17 22:32:35 [INFO] [OctoBans] jesuislepepsi sql checked, record: spammp by Remil to -1
02-12-17 22:32:38 [INFO] [OctoBans] turkishmr sql checked, record: incitationflood by NeyTox to 1512422788
02-12-17 22:32:40 [INFO] [OctoBans] serge58 sql checked, record: spammp by Remil to -1
02-12-17 22:32:41 [INFO] [OctoBans] _aubergine_ sql checked, record: spammp by SkillBOotiiS to -1
02-12-17 22:32:41 [INFO] [OctoBans] _aubergine_ sql checked, record: doubleposte by EW3L to 1512251119
02-12-17 22:32:50 [INFO] [OctoBans] pvp_thibaut_pvp sql checked, record: spammp by tinmar to -1
02-12-17 22:32:50 [INFO] [OctoBans] pvp_thibaut_pvp sql checked, record: spammp by SkillBOotiiS to -1
02-12-17 22:32:50 [INFO] [OctoBans] pvp_thibaut_pvp sql checked, record: spammp by pepedjo to -1
02-12-17 22:32:50 [INFO] [OctoBans] pvp_thibaut_pvp sql checked, record: spammp by tinmar to -1
02-12-17 22:32:53 [INFO] [OctoBans] le_clodov2 sql checked, record: insulte by WeeZix to 1512254846
02-12-17 22:33:05 [INFO] [OctoBans] shimo_ sql checked, record: spammp by Remil to -1
02-12-17 22:33:05 [INFO] [OctoBans] shimo_ sql checked, record: insultestaff by OCIP_Matth to 1512345537
02-12-17 22:33:05 [INFO] [OctoBans] shimo_ sql checked, record: spammp by Remil to -1
02-12-17 22:33:11 [INFO] [OctoBans] zxbrine_ sql checked, record: spammp by Evolze to -1
02-12-17 22:33:18 [INFO] [OctoBans] nrgx_sh4d0w sql checked, record: spammp by NeyTox to -1
02-12-17 22:33:25 [INFO] [OctoBans] zoseq sql checked, record: spammp by LeRe to -1
02-12-17 22:33:28 [INFO] [OctoBans] darryl1 sql checked, record: spammp by FiasK0 to -1
02-12-17 22:33:32 [INFO] [OctoBans] nezox_ sql checked, record: spammp by LaKitaw to -1
02-12-17 22:33:32 [INFO] [OctoBans] nezox_ sql checked, record: spammp by D3adOrSnipSurYTB to -1
02-12-17 22:33:32 [INFO] [OctoBans] nezox_ sql checked, record: spam by OCIP_Matth to 1512255612
02-12-17 22:34:35 [INFO] [OctoBans] superroro sql checked, record: spammp by SmooKeur to -1
02-12-17 22:34:35 [INFO] [OctoBans] superroro sql checked, record: spammp by drbrine to -1
02-12-17 22:34:47 [INFO] [OctoBans] xx_after_xx sql checked, record: spammp by FiasK0 to -1
02-12-17 22:34:52 [INFO] [OctoBans] manyl93 sql checked, record: spammp by OCIP_Matth to -1
02-12-17 22:35:28 [INFO] [OctoBans] superp1_ytb sql checked, record: spam by ToXiCz_TV to 1512251930
02-12-17 22:36:30 [INFO] [OctoBans] sniperdu30 sql checked, record: faussesinfos by YTB_XxKarnageXx to 1512332058
02-12-17 22:37:40 [INFO] [OctoBans] NeyTox punished alexbitek for: Majuscule
02-12-17 22:38:25 [INFO] [OctoBans] keezy sql checked, record: spammp by LeRe to -1
02-12-17 22:38:25 [INFO] [OctoBans] keezy sql checked, record: spammp by LeRe to -1
02-12-17 22:38:31 [INFO] [OctoBans] assassindu44 sql checked, record: spammp by Evolze to -1
02-12-17 22:40:45 [INFO] [OctoBans] atsuky sql checked, record: insultegrave by LaKitaw to 1512252328
02-12-17 22:41:02 [INFO] [OctoBans] NeyTox punished koch for: Majuscule
02-12-17 22:41:07 [INFO] [OctoBans] zix_gamme sql checked, record: spammp by drbrine to -1
02-12-17 22:42:17 [INFO] [OctoBans] aweee_ sql checked, record: doubleposte by EGGSPLOSION to 1512251895
02-12-17 22:43:05 [INFO] [OctoBans] bytsuyo_ sql checked, record: spammp by Remil to -1
02-12-17 22:43:44 [INFO] [OctoBans] yeti2001vd punished itsnovaz___ for: Insulte grave
02-12-17 22:44:23 [INFO] [OctoBans] yeti2001vd punished bokos for: Spam/flood
02-12-17 22:45:08 [INFO] [OctoBans] ccffer sql checked, record: spammp by LaKitaw to -1
02-12-17 22:45:29 [INFO] [OctoBans] yeti2001vd punished bokos for: Spam/flood en MP
02-12-17 22:46:11 [INFO] [OctoBans] Zayrox29 punished themort78 for: Insulte grave
02-12-17 22:46:33 [INFO] [OctoBans] FamousxRay punished themort78 for: Spam/flood en MP
02-12-17 22:46:39 [INFO] [OctoBans] EW3L punished beight for: Double Poste
02-12-17 22:47:04 [INFO] [OctoBans] LaKitaw punished themort78 for: Menace de hack
02-12-17 22:47:11 [INFO] [OctoBans] mattys0403 sql checked, record: spammp by pepedjo to -1
02-12-17 22:47:11 [INFO] [OctoBans] mattys0403 sql checked, record: spammp by pepedjo to -1
02-12-17 22:47:28 [INFO] [OctoBans] eggsplosion sql checked, record: spammp by EGGSPLOSION to -1
02-12-17 22:47:37 [INFO] [OctoBans] FamousxRay punished themort78 for: Spam/flood en MP
02-12-17 22:48:24 [INFO] [OctoBans] FiasK0 punished draaw for: Majuscule
02-12-17 22:48:35 [INFO] [OctoBans] EW3L punished _aubergine_ for: Double Poste
02-12-17 22:49:00 [INFO] [OctoBans] azenpvp sql checked, record: spammp by D3adOrSnipSurYTB to -1
02-12-17 22:51:15 [INFO] [OctoBans] FiasK0 punished lyam974 for: Spam/flood
02-12-17 22:51:23 [INFO] [OctoBans] YTB_XxKarnageXx punished minethuglife for: Provocation
02-12-17 22:52:40 [INFO] [OctoBans] aparia sql checked, record: spammp by pepedjo to -1
02-12-17 22:52:40 [INFO] [OctoBans] aparia sql checked, record: spammp by pepedjo to -1
02-12-17 22:52:40 [INFO] [OctoBans] aparia sql checked, record: spammp by Evolze to -1
02-12-17 22:52:40 [INFO] [OctoBans] aparia sql checked, record: spammp by FiasK0 to -1
02-12-17 22:53:33 [INFO] [OctoBans] NeyTox punished mayeul for: Double Poste
02-12-17 22:54:30 [INFO] [OctoBans] amgaming sql checked, record: spammp by woimant to -1
02-12-17 22:55:28 [INFO] [OctoBans] yeti2001vd punished wadas for: Insulte
02-12-17 22:55:29 [INFO] [OctoBans] NeyTox punished ccffer for: Publicité Youtubeur
02-12-17 22:55:43 [INFO] [OctoBans] harst_ sql checked, record: spammp by FiasK0 to -1
02-12-17 22:55:43 [INFO] [OctoBans] harst_ sql checked, record: spam by ToXiCz_TV to 1512256510
02-12-17 22:56:03 [INFO] [OctoBans] NeyTox punished ccffer for: Spam/flood en MP
02-12-17 22:57:35 [INFO] [OctoBans] NeyTox punished ccffer for: Insulte staff
02-12-17 22:58:28 [INFO] [OctoBans] NeyTox punished neyron for: Provocation
02-12-17 22:58:57 [INFO] [OctoBans] EW3L punished lpz_kinder for: Spam/flood en MP
02-12-17 22:59:06 [INFO] [OctoBans] YTB_XxKarnageXx punished zeroghoster for: Incitation au flood
02-12-17 23:00:31 [INFO] [OctoBans] EW3L punished beight for: Double Poste
02-12-17 23:01:20 [INFO] [OctoBans] batte sql checked, record: faussesinfos by YTB_XxKarnageXx to 1512330658
02-12-17 23:02:23 [INFO] [OctoBans] shiiq271 sql checked, record: spammp by yeti2001vd to -1
02-12-17 23:03:30 [INFO] [OctoBans] EGGSPLOSION punished _xanders_ for: Provocation
02-12-17 23:03:41 [INFO] [OctoBans] EW3L punished meven789 for: Provocation
02-12-17 23:06:06 [INFO] [OctoBans] Zayrox29 punished clem010 for: Insulte serveur
02-12-17 23:07:41 [INFO] [OctoBans] Zayrox29 punished redbow59 for: Double Poste
02-12-17 23:08:33 [INFO] [OctoBans] NeyTox punished idreyzen for: TpKill
02-12-17 23:08:43 [INFO] [OctoBans] NeyTox punished xxheroiikxx for: TpKill
02-12-17 23:09:24 [INFO] [OctoBans] LaKitaw punished lpz_kinder for: Langage incorrect
02-12-17 23:10:00 [INFO] [OctoBans] sniperdu30 sql checked, record: faussesinfos by YTB_XxKarnageXx to 1512332058
02-12-17 23:13:45 [INFO] [OctoBans] shazekhq_q sql checked, record: spammp by Gamer09 to -1
02-12-17 23:14:41 [INFO] [OctoBans] EW3L punished swokip for: Spam/flood
02-12-17 23:14:48 [INFO] [OctoBans] EW3L punished darkgast03 for: Provocation
02-12-17 23:15:48 [INFO] [OctoBans] darknuckcher sql checked, record: spammp by FiasK0 to -1
02-12-17 23:16:39 [INFO] [OctoBans] EW3L punished darkgast03 for: Spam/flood en MP
02-12-17 23:17:04 [INFO] [OctoBans] LaKitaw punished phet0m_ for: Langage incorrect
02-12-17 23:21:07 [INFO] [OctoBans] LaKitaw punished pvp_thibaut_pvp for: Insulte
02-12-17 23:21:23 [INFO] [OctoBans] sniperdu30 sql checked, record: faussesinfos by YTB_XxKarnageXx to 1512332058
02-12-17 23:21:38 [INFO] [OctoBans] sniperdu30 sql checked, record: faussesinfos by YTB_XxKarnageXx to 1512332058
02-12-17 23:23:09 [INFO] [OctoBans] daymond_ytb sql checked, record: spammp by Antoine57565 to -1
02-12-17 23:23:09 [INFO] [OctoBans] daymond_ytb sql checked, record: spammp by Antoine57565 to -1
02-12-17 23:23:09 [INFO] [OctoBans] daymond_ytb sql checked, record: spammp by FiasK0 to -1
02-12-17 23:23:09 [INFO] [OctoBans] daymond_ytb sql checked, record: spammp by FiasK0 to -1
02-12-17 23:23:09 [INFO] [OctoBans] daymond_ytb sql checked, record: spammp by Zoseq to -1
02-12-17 23:23:09 [INFO] [OctoBans] daymond_ytb sql checked, record: spammp by KelianHD to -1
02-12-17 23:23:09 [INFO] [OctoBans] daymond_ytb sql checked, record: spammp by Zoseq to -1
02-12-17 23:23:09 [INFO] [OctoBans] daymond_ytb sql checked, record: spammp by EGGSPLOSION to -1
02-12-17 23:23:09 [INFO] [OctoBans] daymond_ytb sql checked, record: spammp by Remil to -1
02-12-17 23:23:09 [INFO] [OctoBans] daymond_ytb sql checked, record: spammp by FiasK0 to -1
02-12-17 23:23:09 [INFO] [OctoBans] daymond_ytb sql checked, record: spammp by FiasK0 to -1
02-12-17 23:23:09 [INFO] [OctoBans] daymond_ytb sql checked, record: spammp by Zayrox29 to -1
02-12-17 23:23:09 [INFO] [OctoBans] daymond_ytb sql checked, record: spammp by EW3L to -1
02-12-17 23:23:09 [INFO] [OctoBans] daymond_ytb sql checked, record: spammp by Remil to -1
02-12-17 23:23:09 [INFO] [OctoBans] daymond_ytb sql checked, record: spam by Remil to 1512282860
02-12-17 23:24:05 [INFO] [OctoBans] famousxray sql checked, record: provocation by FamousxRay to 1512182546
02-12-17 23:24:05 [INFO] [OctoBans] famousxray sql checked, record: doubleposte by FamousxRay to 1512182591
02-12-17 23:24:05 [INFO] [OctoBans] famousxray sql checked, record: insultegrave by FamousxRay to 1512218769
02-12-17 23:24:05 [INFO] [OctoBans] famousxray sql checked, record: spam by FamousxRay to 1512186608
02-12-17 23:24:05 [INFO] [OctoBans] famousxray sql checked, record: doubleposte by FamousxRay to 1512208258
02-12-17 23:24:05 [INFO] [OctoBans] famousxray sql checked, record: spammp by FamousxRay to -1
02-12-17 23:24:05 [INFO] [OctoBans] famousxray sql checked, record: spam by FamousxRay to 1512215601
02-12-17 23:24:05 [INFO] [OctoBans] famousxray sql checked, record: spam by FamousxRay to 1512226777
02-12-17 23:24:05 [INFO] [OctoBans] famousxray sql checked, record: provocation by FamousxRay to 1512216482
02-12-17 23:24:05 [INFO] [OctoBans] famousxray sql checked, record: spammp by FamousxRay to -1
02-12-17 23:24:05 [INFO] [OctoBans] famousxray sql checked, record: spammp by FamousxRay to -1
02-12-17 23:24:05 [INFO] [OctoBans] famousxray sql checked, record: insultegrave by FamousxRay to 1512290319
02-12-17 23:24:05 [INFO] [OctoBans] famousxray sql checked, record: spammp by FamousxRay to -1
02-12-17 23:24:05 [INFO] [OctoBans] famousxray sql checked, record: doubleposte by FamousxRay to 1512229867
02-12-17 23:24:05 [INFO] [OctoBans] famousxray sql checked, record: doubleposte by FamousxRay to 1512227396
02-12-17 23:24:05 [INFO] [OctoBans] famousxray sql checked, record: spammp by FamousxRay to -1
02-12-17 23:24:05 [INFO] [OctoBans] famousxray sql checked, record: doubleposte by FamousxRay to 1512230266
02-12-17 23:24:05 [INFO] [OctoBans] famousxray sql checked, record: spam by FamousxRay to 1512238181
02-12-17 23:24:05 [INFO] [OctoBans] famousxray sql checked, record: provocation by FamousxRay to 1512235143
02-12-17 23:24:05 [INFO] [OctoBans] famousxray sql checked, record: provocation by FamousxRay to 1512239147
02-12-17 23:24:05 [INFO] [OctoBans] famousxray sql checked, record: provocation by FamousxRay to 1512243861
02-12-17 23:24:05 [INFO] [OctoBans] famousxray sql checked, record: spammp by FamousxRay to -1
02-12-17 23:24:05 [INFO] [OctoBans] famousxray sql checked, record: spammp by FamousxRay to -1
02-12-17 23:24:05 [INFO] [OctoBans] famousxray sql checked, record: spammp by FamousxRay to -1
02-12-17 23:24:34 [INFO] [OctoBans] YTB_XxKarnageXx punished oow_ll for: Provocation
02-12-17 23:24:58 [INFO] [OctoBans] Koeseb97 punished fayaman35_ for: Insulte
02-12-17 23:25:12 [INFO] [OctoBans] FamousxRay punished lsvg for: Spam/flood en MP
02-12-17 23:26:25 [INFO] [OctoBans] FiasK0 punished pvp_thibaut_pvp for: Spam/flood en MP
02-12-17 23:26:40 [INFO] [OctoBans] FamousxRay punished captainenergy for: Spam/flood en MP
02-12-17 23:29:55 [INFO] [OctoBans] yeti2001vd punished camaro for: Double Poste
02-12-17 23:30:49 [INFO] [OctoBans] pvp_thibaut_pvp sql checked, record: spammp by tinmar to -1
02-12-17 23:30:49 [INFO] [OctoBans] pvp_thibaut_pvp sql checked, record: spammp by SkillBOotiiS to -1
02-12-17 23:30:49 [INFO] [OctoBans] pvp_thibaut_pvp sql checked, record: spammp by pepedjo to -1
02-12-17 23:30:49 [INFO] [OctoBans] pvp_thibaut_pvp sql checked, record: spammp by tinmar to -1
02-12-17 23:30:49 [INFO] [OctoBans] pvp_thibaut_pvp sql checked, record: insulte by LaKitaw to 1512261367
02-12-17 23:30:49 [INFO] [OctoBans] pvp_thibaut_pvp sql checked, record: floodmp by FiasK0 to -1
02-12-17 23:32:14 [INFO] [OctoBans] EW3L punished mayeul for: Spam/flood
02-12-17 23:34:34 [INFO] [OctoBans] inskillz sql checked, record: incitationflood by Gamer09 to 1512323218
02-12-17 23:35:12 [INFO] [OctoBans] lefifoudu3 sql checked, record: spammp by Remil to -1
02-12-17 23:35:12 [INFO] [OctoBans] lefifoudu3 sql checked, record: spammp by FiasK0 to -1
02-12-17 23:35:12 [INFO] [OctoBans] lefifoudu3 sql checked, record: spammp by Remil to -1
02-12-17 23:35:28 [INFO] [OctoBans] EW3L punished darkgast03 for: Double Poste
02-12-17 23:35:47 [INFO] [OctoBans] zoroto sql checked, record: spammp by Ceraiste to -1
02-12-17 23:36:18 [INFO] [OctoBans] batte sql checked, record: faussesinfos by YTB_XxKarnageXx to 1512330658
02-12-17 23:36:45 [INFO] [OctoBans] batte sql checked, record: faussesinfos by YTB_XxKarnageXx to 1512330658
02-12-17 23:37:09 [INFO] [OctoBans] LaKitaw punished pvp_thibault_pvp for: Insulte
02-12-17 23:37:14 [INFO] [OctoBans] NeyTox punished lefifoudu3 for: Double Poste
02-12-17 23:38:12 [INFO] [OctoBans] blackwhite010 sql checked, record: spammp by drbrine to -1
02-12-17 23:38:12 [INFO] [OctoBans] blackwhite010 sql checked, record: spammp by drbrine to -1
02-12-17 23:38:12 [INFO] [OctoBans] blackwhite010 sql checked, record: spammp by drbrine to -1
02-12-17 23:38:12 [INFO] [OctoBans] blackwhite010 sql checked, record: spammp by woimant to -1
02-12-17 23:38:22 [INFO] [OctoBans] FamousxRay punished _theodu13_ for: Insulte grave
02-12-17 23:39:02 [INFO] [OctoBans] EW3L punished peredo78 for: Double Poste
02-12-17 23:39:23 [INFO] [OctoBans] EW3L punished zlkayzen for: Insulte grave
02-12-17 23:40:45 [INFO] [OctoBans] hulz0 sql checked, record: spammp by FiasK0 to -1
02-12-17 23:41:43 [INFO] [OctoBans] virocl sql checked, record: spammp by drbrine to -1
02-12-17 23:44:50 [INFO] [OctoBans] batte sql checked, record: faussesinfos by YTB_XxKarnageXx to 1512330658
02-12-17 23:44:52 [INFO] [OctoBans] batte sql checked, record: faussesinfos by YTB_XxKarnageXx to 1512330658
02-12-17 23:45:14 [INFO] [OctoBans] batte sql checked, record: faussesinfos by YTB_XxKarnageXx to 1512330658
02-12-17 23:45:20 [INFO] [OctoBans] batte sql checked, record: faussesinfos by YTB_XxKarnageXx to 1512330658
02-12-17 23:45:22 [INFO] [OctoBans] batte sql checked, record: faussesinfos by YTB_XxKarnageXx to 1512330658
02-12-17 23:45:23 [INFO] [OctoBans] batte sql checked, record: faussesinfos by YTB_XxKarnageXx to 1512330658
02-12-17 23:45:23 [INFO] [OctoBans] batte sql checked, record: faussesinfos by YTB_XxKarnageXx to 1512330658
02-12-17 23:45:24 [INFO] [OctoBans] batte sql checked, record: faussesinfos by YTB_XxKarnageXx to 1512330658
02-12-17 23:45:25 [INFO] [OctoBans] batte sql checked, record: faussesinfos by YTB_XxKarnageXx to 1512330658
02-12-17 23:45:36 [INFO] [OctoBans] batte sql checked, record: faussesinfos by YTB_XxKarnageXx to 1512330658
02-12-17 23:46:02 [INFO] [OctoBans] Zoseq punished kokomagie for: Spam/flood en MP
02-12-17 23:46:26 [INFO] [OctoBans] icesword sql checked, record: insultegrave by LaKitaw to 1512331223
02-12-17 23:46:26 [INFO] [OctoBans] icesword sql checked, record: spammp by yeti2001vd to -1
02-12-17 23:47:02 [INFO] [OctoBans] gamix_yt sql checked, record: spammp by Zayrox29 to -1
02-12-17 23:48:17 [INFO] [OctoBans] FamousxRay punished _theodu13_ for: Insulte grave
02-12-17 23:50:38 [INFO] [OctoBans] FamousxRay punished _theodu13_ for: Spam/flood en MP
02-12-17 23:50:49 [INFO] [OctoBans] LaKitaw punished snowte_tv for: Double Poste
02-12-17 23:51:24 [INFO] [OctoBans] _avirox sql checked, record: spammp by ToXiCz_TV to -1
02-12-17 23:51:24 [INFO] [OctoBans] _avirox sql checked, record: floodmp by NiceFR to -1
02-12-17 23:51:24 [INFO] [OctoBans] _avirox sql checked, record: spammp by EGGSPLOSION to -1
02-12-17 23:51:24 [INFO] [OctoBans] _avirox sql checked, record: spammp by Zoseq to -1
02-12-17 23:56:30 [INFO] [OctoBans] batte sql checked, record: faussesinfos by YTB_XxKarnageXx to 1512330658
02-12-17 23:56:34 [INFO] [OctoBans] vagosts sql checked, record: spammp by yeti2001vd to -1
02-12-17 23:56:34 [INFO] [OctoBans] vagosts sql checked, record: spammp by FamousxRay to -1
02-12-17 23:56:50 [INFO] [OctoBans] camaro sql checked, record: doubleposte by yeti2001vd to 1512256195
02-12-17 23:57:11 [INFO] [OctoBans] yeti2001vd sql checked, record: doubleposte by yeti2001vd to 1512153681
02-12-17 23:57:11 [INFO] [OctoBans] yeti2001vd sql checked, record: spam by yeti2001vd to 1512164401
02-12-17 23:57:11 [INFO] [OctoBans] yeti2001vd sql checked, record: doubleposte by yeti2001vd to 1512154368
02-12-17 23:57:11 [INFO] [OctoBans] yeti2001vd sql checked, record: doubleposte by yeti2001vd to 1512161492
02-12-17 23:57:11 [INFO] [OctoBans] yeti2001vd sql checked, record: doubleposte by yeti2001vd to 1512164371
02-12-17 23:57:11 [INFO] [OctoBans] yeti2001vd sql checked, record: pubyt by yeti2001vd to 1512164755
02-12-17 23:57:11 [INFO] [OctoBans] yeti2001vd sql checked, record: pubyt by yeti2001vd to 1512168381
02-12-17 23:57:11 [INFO] [OctoBans] yeti2001vd sql checked, record: doubleposte by yeti2001vd to 1512166300
02-12-17 23:57:11 [INFO] [OctoBans] yeti2001vd sql checked, record: incitationflood by yeti2001vd to 1512248454
02-12-17 23:57:11 [INFO] [OctoBans] yeti2001vd sql checked, record: insultesrv by yeti2001vd to 1512180137
02-12-17 23:57:11 [INFO] [OctoBans] yeti2001vd sql checked, record: doubleposte by yeti2001vd to 1512163980
02-12-17 23:57:11 [INFO] [OctoBans] yeti2001vd sql checked, record: doubleposte by yeti2001vd to 1512163110
02-12-17 23:57:11 [INFO] [OctoBans] yeti2001vd sql checked, record: doubleposte by yeti2001vd to 1512165475
02-12-17 23:57:11 [INFO] [OctoBans] yeti2001vd sql checked, record: spammp by yeti2001vd to -1
02-12-17 23:57:11 [INFO] [OctoBans] yeti2001vd sql checked, record: doubleposte by yeti2001vd to 1512169632
02-12-17 23:57:11 [INFO] [OctoBans] yeti2001vd sql checked, record: insulte by yeti2001vd to 1512176081
02-12-17 23:57:11 [INFO] [OctoBans] yeti2001vd sql checked, record: doubleposte by yeti2001vd to 1512169619
02-12-17 23:57:11 [INFO] [OctoBans] yeti2001vd sql checked, record: doubleposte by yeti2001vd to 1512172058
02-12-17 23:57:11 [INFO] [OctoBans] yeti2001vd sql checked, record: incitationflood by yeti2001vd to 1512257518
02-12-17 23:57:11 [INFO] [OctoBans] yeti2001vd sql checked, record: provocation by yeti2001vd to 1512176870
02-12-17 23:57:11 [INFO] [OctoBans] yeti2001vd sql checked, record: doubleposte by yeti2001vd to 1512174385
02-12-17 23:57:11 [INFO] [OctoBans] yeti2001vd sql checked, record: provocation by yeti2001vd to 1512174416
02-12-17 23:57:11 [INFO] [OctoBans] yeti2001vd sql checked, record: provocation by yeti2001vd to 1512208700
02-12-17 23:57:11 [INFO] [OctoBans] yeti2001vd sql checked, record: insulte by yeti2001vd to 1512214588
02-12-17 23:57:11 [INFO] [OctoBans] yeti2001vd sql checked, record: doubleposte by yeti2001vd to 1512210881
02-12-17 23:57:11 [INFO] [OctoBans] yeti2001vd sql checked, record: provocation by yeti2001vd to 1512215128
02-12-17 23:57:11 [INFO] [OctoBans] yeti2001vd sql checked, record: provocation by yeti2001vd to 1512216933
02-12-17 23:57:11 [INFO] [OctoBans] yeti2001vd sql checked, record: spam by yeti2001vd to 1512257611
02-12-17 23:57:11 [INFO] [OctoBans] yeti2001vd sql checked, record: doubleposte by yeti2001vd to 1512217641
02-12-17 23:57:11 [INFO] [OctoBans] yeti2001vd sql checked, record: doubleposte by yeti2001vd to 1512219804
02-12-17 23:57:11 [INFO] [OctoBans] yeti2001vd sql checked, record: provocation by yeti2001vd to 1512218683
02-12-17 23:57:11 [INFO] [OctoBans] yeti2001vd sql checked, record: doubleposte by yeti2001vd to 1512219427
02-12-17 23:57:11 [INFO] [OctoBans] yeti2001vd sql checked, record: spammp by yeti2001vd to -1
02-12-17 23:57:11 [INFO] [OctoBans] yeti2001vd sql checked, record: spam by yeti2001vd to 1512224918
02-12-17 23:57:11 [INFO] [OctoBans] yeti2001vd sql checked, record: doubleposte by yeti2001vd to 1512222930
02-12-17 23:57:11 [INFO] [OctoBans] yeti2001vd sql checked, record: doubleposte by yeti2001vd to 1512223550
02-12-17 23:57:11 [INFO] [OctoBans] yeti2001vd sql checked, record: doubleposte by yeti2001vd to 1512229130
02-12-17 23:57:11 [INFO] [OctoBans] yeti2001vd sql checked, record: doubleposte by yeti2001vd to 1512228201
02-12-17 23:57:11 [INFO] [OctoBans] yeti2001vd sql checked, record: insulte by yeti2001vd to 1512232908
02-12-17 23:57:11 [INFO] [OctoBans] yeti2001vd sql checked, record: doubleposte by yeti2001vd to 1512238558
02-12-17 23:57:11 [INFO] [OctoBans] yeti2001vd sql checked, record: doubleposte by yeti2001vd to 1512232383
02-12-17 23:57:11 [INFO] [OctoBans] yeti2001vd sql checked, record: doubleposte by yeti2001vd to 1512234218
02-12-17 23:57:11 [INFO] [OctoBans] yeti2001vd sql checked, record: insulte by yeti2001vd to 1512236203
02-12-17 23:57:11 [INFO] [OctoBans] yeti2001vd sql checked, record: spammp by yeti2001vd to -1
02-12-17 23:57:11 [INFO] [OctoBans] yeti2001vd sql checked, record: doubleposte by yeti2001vd to 1512237706
02-12-17 23:57:11 [INFO] [OctoBans] yeti2001vd sql checked, record: insultesrv by yeti2001vd to 1512254715
02-12-17 23:57:11 [INFO] [OctoBans] yeti2001vd sql checked, record: insulte by yeti2001vd to 1512239557
02-12-17 23:57:11 [INFO] [OctoBans] yeti2001vd sql checked, record: doubleposte by yeti2001vd to 1512238159
02-12-17 23:57:11 [INFO] [OctoBans] yeti2001vd sql checked, record: doubleposte by yeti2001vd to 1512238499
02-12-17 23:57:11 [INFO] [OctoBans] yeti2001vd sql checked, record: doubleposte by yeti2001vd to 1512239942
02-12-17 23:57:11 [INFO] [OctoBans] yeti2001vd sql checked, record: spammp by yeti2001vd to -1
02-12-17 23:57:11 [INFO] [OctoBans] yeti2001vd sql checked, record: insultesrv by yeti2001vd to 1512257703
02-12-17 23:57:11 [INFO] [OctoBans] yeti2001vd sql checked, record: spammp by yeti2001vd to -1
02-12-17 23:57:11 [INFO] [OctoBans] yeti2001vd sql checked, record: doubleposte by yeti2001vd to 1512247898
02-12-17 23:57:11 [INFO] [OctoBans] yeti2001vd sql checked, record: insultegrave by yeti2001vd to 1512287024
02-12-17 23:57:11 [INFO] [OctoBans] yeti2001vd sql checked, record: spam by yeti2001vd to 1512261863
02-12-17 23:57:11 [INFO] [OctoBans] yeti2001vd sql checked, record: spammp by yeti2001vd to -1
02-12-17 23:57:11 [INFO] [OctoBans] yeti2001vd sql checked, record: insulte by yeti2001vd to 1512254428
02-12-17 23:57:11 [INFO] [OctoBans] yeti2001vd sql checked, record: doubleposte by yeti2001vd to 1512256195
03-12-17 00:00:03 [INFO] [OctoBans] FamousxRay punished shadd_ for: Insulte
03-12-17 00:02:48 [INFO] [OctoBans] seyyde_ sql checked, record: spammp by Gamer09 to -1
03-12-17 00:05:46 [INFO] [OctoBans] FiasK0 punished zedirox for: TpKill
03-12-17 00:05:54 [INFO] [OctoBans] darkmen25 sql checked, record: spammp by LaKitaw to -1
03-12-17 00:08:31 [INFO] [OctoBans] athes974 sql checked, record: spammp by FamousxRay to -1
03-12-17 00:17:50 [INFO] [OctoBans] drbrine punished leminecraftien80 for: Insulte grave
03-12-17 00:19:23 [INFO] [OctoBans] thetombolla sql checked, record: spammp by EGGSPLOSION to -1
03-12-17 00:19:23 [INFO] [OctoBans] thetombolla sql checked, record: insultegrave by OCIP_Matth to 1512272544
03-12-17 00:21:22 [INFO] [OctoBans] azmak sql checked, record: spammp by Bucky57 to -1
03-12-17 00:23:10 [INFO] [OctoBans] lassa18 sql checked, record: spammp by KelianHD to -1
03-12-17 00:25:39 [INFO] [OctoBans] yeti2001vd punished virocl for: Provocation
03-12-17 00:26:11 [INFO] [OctoBans] FamousxRay punished shadd_ for: Double Poste
03-12-17 00:26:46 [INFO] [OctoBans] FamousxRay punished lorden3555 for: Double Poste
03-12-17 00:30:08 [INFO] [OctoBans] vix sql checked, record: spammp by Taygrax07 to -1
03-12-17 00:30:52 [INFO] [OctoBans] theohand sql checked, record: spammp by OCIP_Matth to -1
03-12-17 00:31:23 [INFO] [OctoBans] FiasK0 punished shimo_ for: Provocation
03-12-17 00:31:36 [INFO] [OctoBans] FiasK0 punished darkmen25 for: Double Poste
03-12-17 00:34:45 [INFO] [OctoBans] Koeseb97 punished thomas62200 for: Provocation
03-12-17 00:39:00 [INFO] [OctoBans] cocacola62 sql checked, record: spammp by Kyabe to -1
03-12-17 00:40:16 [INFO] [OctoBans] whitstar sql checked, record: doubleposte by yeti2001vd to 1512258555
03-12-17 00:40:21 [INFO] [OctoBans] psikojo sql checked, record: doubleposte by yeti2001vd to 1512258297
03-12-17 00:41:17 [INFO] [OctoBans] drbrine punished pepsicoca for: Double Poste
03-12-17 00:42:55 [INFO] [OctoBans] warrox_ sql checked, record: insultegrave by OCIP_Matth to 1512308911
03-12-17 00:42:55 [INFO] [OctoBans] warrox_ sql checked, record: insultestaff by OCIP_Matth to 1512344951
03-12-17 00:44:16 [INFO] [OctoBans] yeti2001vd punished darkgast03 for: Double Poste
03-12-17 00:44:25 [INFO] [OctoBans] yeti2001vd punished ktm125sx for: Double Poste
03-12-17 00:50:21 [INFO] [OctoBans] virtl_skymodz sql checked, record: spammp by EGGSPLOSION to -1
03-12-17 00:51:37 [INFO] [OctoBans] tigro17 sql checked, record: spammp by ToXiCz_TV to -1
03-12-17 00:52:49 [INFO] [OctoBans] yeti2001vd punished yolopvp for: Incitation au flood
03-12-17 00:53:49 [INFO] [OctoBans] strikewail sql checked, record: spammp by LaKitaw to -1
03-12-17 00:53:49 [INFO] [OctoBans] strikewail sql checked, record: spammp by LaKitaw to -1
03-12-17 00:53:49 [INFO] [OctoBans] strikewail sql checked, record: spammp by FiasK0 to -1
03-12-17 00:53:49 [INFO] [OctoBans] strikewail sql checked, record: spammp by LeRe to -1
03-12-17 00:53:49 [INFO] [OctoBans] strikewail sql checked, record: floodmp by NiceFR to -1
03-12-17 00:53:49 [INFO] [OctoBans] strikewail sql checked, record: spammp by Zoseq to -1
03-12-17 00:53:49 [INFO] [OctoBans] strikewail sql checked, record: spammp by LaKitaw to -1
03-12-17 00:53:49 [INFO] [OctoBans] strikewail sql checked, record: spammp by PoukoaMoa to -1
03-12-17 00:53:49 [INFO] [OctoBans] strikewail sql checked, record: spam by tinmar to 1512265813
03-12-17 00:53:49 [INFO] [OctoBans] strikewail sql checked, record: spammp by tinmar to -1
03-12-17 00:55:17 [INFO] [OctoBans] FamousxRay punished psikojo for: Spam/flood en MP
03-12-17 00:55:38 [INFO] [OctoBans] FamousxRay punished whitstar for: Spam/flood en MP
03-12-17 00:56:00 [INFO] [OctoBans] FamousxRay punished yolopvp for: Insulte serveur
03-12-17 00:56:07 [INFO] [OctoBans] FamousxRay punished psikojo for: Spam/flood en MP
03-12-17 00:56:32 [INFO] [OctoBans] FamousxRay punished strikewail for: Insulte grave
03-12-17 00:57:10 [INFO] [OctoBans] FamousxRay punished strikewail for: Insulte grave
03-12-17 01:00:35 [INFO] [OctoBans] yolopvp sql checked, record: incitationflood by yeti2001vd to 1512345169
03-12-17 01:00:35 [INFO] [OctoBans] yolopvp sql checked, record: insultesrv by FamousxRay to 1512276960
03-12-17 01:01:38 [INFO] [OctoBans] FamousxRay punished darkmen25 for: Insulte
03-12-17 01:02:37 [INFO] [OctoBans] aexraptorz sql checked, record: spammp by Remil to -1
03-12-17 01:03:32 [INFO] [OctoBans] FamousxRay punished unkuteytb_ for: Insulte grave
03-12-17 01:08:17 [INFO] [OctoBans] siphano228 sql checked, record: spammp by SkillBOotiiS to -1
03-12-17 01:10:36 [INFO] [OctoBans] noragev12 sql checked, record: spammp by Shainko to -1
03-12-17 01:11:26 [INFO] [OctoBans] FamousxRay punished shimo_ for: Spam/flood en MP
03-12-17 01:19:03 [INFO] [OctoBans] FiasK0 punished nezox_ for: Spam/flood
03-12-17 01:20:35 [INFO] [OctoBans] FiasK0 punished lefifoudu3 for: Double Poste
03-12-17 01:24:27 [INFO] [OctoBans] FamousxRay punished gamix_yt for: Provocation
03-12-17 01:27:37 [INFO] [OctoBans] woimant punished tifou_fou for: Insulte grave
03-12-17 01:28:17 [INFO] [OctoBans] FamousxRay punished tigrediamant for: Provocation
03-12-17 01:31:13 [INFO] [OctoBans] FiasK0 punished 1cubequipvp for: Insulte
03-12-17 01:36:01 [INFO] [OctoBans] woimant punished keezy for: Incitation au flood
03-12-17 01:36:51 [INFO] [OctoBans] FamousxRay punished keezy for: Double Poste
03-12-17 01:39:53 [INFO] [OctoBans] woimant punished messasoyt for: Double Poste
03-12-17 01:44:59 [INFO] [OctoBans] woimant punished supergameurdu13 for: Double Poste
03-12-17 02:03:28 [INFO] [OctoBans] onflyenrec sql checked, record: spammp by Antoine57565 to -1
03-12-17 02:18:45 [INFO] [OctoBans] drbrine punished youmakemelol for: Insulte grave
03-12-17 02:19:03 [INFO] [OctoBans] drbrine punished mrblaze77 for: Provocation
03-12-17 02:20:08 [INFO] [OctoBans] deniz sql checked, record: spammp by SmooKeur to -1
03-12-17 02:38:14 [INFO] [OctoBans] FamousxRay punished shayloup for: Pub serveur
03-12-17 02:39:52 [INFO] [OctoBans] FamousxRay punished otheriii for: Pub serveur
03-12-17 02:40:21 [INFO] [OctoBans] thecrane sql checked, record: spammp by WeeZix to -1
03-12-17 02:42:03 [INFO] [OctoBans] FamousxRay punished fngod for: Double Poste
03-12-17 02:48:23 [INFO] [OctoBans] paul3344000 sql checked, record: floodmp by NiceFR to -1
03-12-17 02:48:23 [INFO] [OctoBans] paul3344000 sql checked, record: spammp by FiasK0 to -1
03-12-17 02:48:23 [INFO] [OctoBans] paul3344000 sql checked, record: spammp by drbrine to -1
03-12-17 03:06:48 [INFO] [OctoBans] snoxx_ sql checked, record: spammp by Kyabe to -1
03-12-17 03:06:48 [INFO] [OctoBans] snoxx_ sql checked, record: spammp by Zoseq to -1
03-12-17 03:06:48 [INFO] [OctoBans] snoxx_ sql checked, record: spammp by tinmar to -1
03-12-17 03:06:48 [INFO] [OctoBans] snoxx_ sql checked, record: spammp by tinmar to -1
03-12-17 03:11:06 [INFO] [OctoBans] FamousxRay punished maxoupvp for: Provocation
03-12-17 03:15:00 [INFO] [OctoBans] FamousxRay punished snoxx_ for: Insulte
03-12-17 03:15:04 [INFO] [OctoBans] FamousxRay punished michaelsavaria for: Double Poste
03-12-17 03:32:43 [INFO] [OctoBans] FamousxRay punished xxdubeskillsxx for: Spam/flood en MP
03-12-17 03:32:52 [INFO] [OctoBans] FamousxRay punished martialtube4643 for: Spam/flood en MP
03-12-17 03:34:19 [INFO] [OctoBans] FamousxRay punished xxdubeskillsxx for: Double Poste
03-12-17 03:41:43 [INFO] [OctoBans] FamousxRay punished deniz for: Double Poste
03-12-17 03:44:02 [INFO] [OctoBans] FamousxRay punished la_masqotte_ytb for: Double Poste
03-12-17 03:49:52 [INFO] [OctoBans] FamousxRay punished xxdubeskillsxx for: Insulte
03-12-17 03:51:11 [INFO] [OctoBans] FamousxRay punished zarteck09 for: Double Poste
03-12-17 04:21:02 [INFO] [OctoBans] FamousxRay punished thekillerfox for: Double Poste
03-12-17 04:26:44 [INFO] [OctoBans] FamousxRay punished anthony77 for: Double Poste
03-12-17 04:28:11 [INFO] [OctoBans] firexpower666_ sql checked, record: spammp by tinmar to -1
03-12-17 04:34:50 [INFO] [OctoBans] FamousxRay punished thepopspvp for: Spam/flood
03-12-17 04:52:13 [INFO] [OctoBans] FamousxRay punished sapendouille for: Insulte grave
03-12-17 05:00:32 [INFO] [OctoBans] FamousxRay punished anthony77 for: Spam/flood
03-12-17 05:05:54 [INFO] [OctoBans] FamousxRay punished aexraptorz for: Double Poste
03-12-17 06:01:02 [INFO] [OctoBans] Disabling OctoBans v1.0
