22-06-17 22:31:42 [INFO] [OctoBans] File Handler successfully initialized!
22-06-17 22:31:42 [INFO] [OctoBans] SQL connection successfully etablished
22-06-17 22:31:42 [INFO] [OctoBans] Moderator Tools by Octonia.
22-06-17 22:31:46 [INFO] [OctoBans] superjojo sql checked, record: spammp by SkyKosIV to -1
22-06-17 22:31:46 [INFO] [OctoBans] superjojo sql checked, record: spammp by Blubfire to -1
22-06-17 22:31:46 [INFO] [OctoBans] thekillervaca sql checked, record: spammp by SuperJojo to -1
22-06-17 22:31:46 [INFO] [OctoBans] thekillervaca sql checked, record: racism by SuperJojo to 1498165360
22-06-17 22:31:46 [INFO] [OctoBans] matth70 sql checked, record: spam by Remil to 1498165505
22-06-17 22:31:46 [INFO] [OctoBans] azizlapoite sql checked, record: insultestaff by PseudoNul to 1498345416
22-06-17 22:31:46 [INFO] [OctoBans] by_fly sql checked, record: spammp by Remil to -1
22-06-17 22:31:46 [INFO] [OctoBans] whitstar sql checked, record: spammp by Remil to -1
22-06-17 22:31:46 [INFO] [OctoBans] zrk_warthog sql checked, record: insultegrave by PseudoNul to 1498166713
22-06-17 22:31:46 [INFO] [OctoBans] blackwhite010 sql checked, record: spammp by PseudoNul to -1
22-06-17 22:31:46 [INFO] [OctoBans] shetters sql checked, record: spammp by PseudoNul to -1
22-06-17 22:31:46 [INFO] [OctoBans] azr530 sql checked, record: faussesinfos by SuperJojo to 1498164820
22-06-17 22:31:46 [INFO] [OctoBans] azr530 sql checked, record: insultestaff by SuperJojo to 1498187417
22-06-17 22:31:46 [INFO] [OctoBans] azr530 sql checked, record: insultestaff by Forway to 1498291094
22-06-17 22:31:46 [INFO] [OctoBans] azr530 sql checked, record: spammp by PseudoNul to -1
22-06-17 22:31:46 [INFO] [OctoBans] adeems sql checked, record: spam by YTB_XxKarnageXx to 1498167365
22-06-17 22:31:46 [INFO] [OctoBans] weetiix sql checked, record: doubleposte by Gamer09 to 1498164758
22-06-17 22:31:46 [INFO] [OctoBans] itz_smokew33d sql checked, record: spammp by Remil to -1
22-06-17 22:31:46 [INFO] [OctoBans] itz_smokew33d sql checked, record: spam by ZerKup to 1498171808
22-06-17 22:31:46 [INFO] [OctoBans] marchandloup sql checked, record: spammp by Remil to -1
22-06-17 22:31:46 [INFO] [OctoBans] maxougaming sql checked, record: spammp by PseudoNul to -1
22-06-17 22:31:46 [INFO] [OctoBans] maxougaming sql checked, record: spammp by PseudoNul to -1
22-06-17 22:31:46 [INFO] [OctoBans] nerdy sql checked, record: insulte by Remil to 1498164636
22-06-17 22:31:46 [INFO] [OctoBans] sunfall sql checked, record: spammp by Remil to -1
22-06-17 22:31:46 [INFO] [OctoBans] sunfall sql checked, record: spammp by Remil to -1
22-06-17 22:31:49 [INFO] [OctoBans] diodu sql checked, record: doubleposte by SuperJojo to 1498163732
22-06-17 22:31:50 [INFO] [OctoBans] _bycocoytb sql checked, record: doubleposte by SuperJojo to 1498164357
22-06-17 22:31:50 [INFO] [OctoBans] lefifoudu3 sql checked, record: spammp by SuperJojo to -1
22-06-17 22:31:52 [INFO] [OctoBans] mrkebab sql checked, record: spammp by SuperJojo to -1
22-06-17 22:31:52 [INFO] [OctoBans] mrkebab sql checked, record: spammp by SuperJojo to -1
22-06-17 22:31:52 [INFO] [OctoBans] mrkebab sql checked, record: spammp by Remil to -1
22-06-17 22:31:52 [INFO] [OctoBans] mrkebab sql checked, record: majuscule by Remil to 1498163544
22-06-17 22:31:53 [INFO] [OctoBans] tipi201 sql checked, record: kickautre by ZerKup to -1
22-06-17 22:31:55 [INFO] [OctoBans] azayoz sql checked, record: spammp by SnowEffect to -1
22-06-17 22:31:55 [INFO] [OctoBans] azayoz sql checked, record: spammp by SnowEffect to -1
22-06-17 22:31:55 [INFO] [OctoBans] biguiboss31 sql checked, record: spammp by PseudoNul to -1
22-06-17 22:31:55 [INFO] [OctoBans] biguiboss31 sql checked, record: spammp by Remil to -1
22-06-17 22:32:04 [INFO] [OctoBans] walterwhite sql checked, record: spammp by SuperJojo to -1
22-06-17 22:32:04 [INFO] [OctoBans] walterwhite sql checked, record: insultegrave by SuperJojo to 1498187329
22-06-17 22:32:04 [INFO] [OctoBans] walterwhite sql checked, record: insultestaff by Forway to 1498435055
22-06-17 22:32:04 [INFO] [OctoBans] walterwhite sql checked, record: insultestaff by Forway to 1498471138
22-06-17 22:32:04 [INFO] [OctoBans] walterwhite sql checked, record: spammp by PseudoNul to -1
22-06-17 22:32:05 [INFO] [OctoBans] by_fly sql checked, record: spammp by Remil to -1
22-06-17 22:32:05 [INFO] [OctoBans] gismo2806 sql checked, record: insultegrave by Shampoooz to 1498252534
22-06-17 22:32:07 [INFO] [OctoBans] SuperJojo punished _nexon_ for: Double Poste
22-06-17 22:32:10 [INFO] [OctoBans] arcz058 sql checked, record: spammp by Remil to -1
22-06-17 22:32:16 [INFO] [OctoBans] yaya13warrior sql checked, record: spammp by PseudoNul to -1
22-06-17 22:32:17 [INFO] [OctoBans] erinoxlx sql checked, record: kickautre by Steph078 to -1
22-06-17 22:32:51 [INFO] [OctoBans] neox_ytb sql checked, record: spammp by SnowEffect to -1
22-06-17 22:33:09 [INFO] [OctoBans] iswiik sql checked, record: spammp by Remil to -1
22-06-17 22:33:42 [INFO] [OctoBans] pioupiou2002 sql checked, record: spam by ZerKup to 1498171819
22-06-17 22:34:52 [INFO] [OctoBans] dylan5621 sql checked, record: spammp by PseudoNul to -1
22-06-17 22:35:08 [INFO] [OctoBans] toscana2 sql checked, record: spammp by PseudoNul to -1
22-06-17 22:36:32 [INFO] [OctoBans] selim45 sql checked, record: spammp by ZerKup to -1
22-06-17 22:37:15 [INFO] [OctoBans] PseudoNul punished nukezzz for: Langage incorrect
22-06-17 22:41:49 [INFO] [OctoBans] PseudoNul punished thegamer38 for: Majuscule
22-06-17 22:42:06 [INFO] [OctoBans] SuperJojo punished dragonvirus for: Langage incorrect
22-06-17 22:44:06 [INFO] [OctoBans] SuperJojo punished azr530 for: Insulte staff
22-06-17 22:44:20 [INFO] [OctoBans] azr530 sql checked, record: faussesinfos by SuperJojo to 1498164820
22-06-17 22:44:20 [INFO] [OctoBans] azr530 sql checked, record: insultestaff by SuperJojo to 1498187417
22-06-17 22:44:20 [INFO] [OctoBans] azr530 sql checked, record: insultestaff by Forway to 1498291094
22-06-17 22:44:20 [INFO] [OctoBans] azr530 sql checked, record: spammp by PseudoNul to -1
22-06-17 22:44:20 [INFO] [OctoBans] azr530 sql checked, record: insultestaff by SuperJojo to 1498344246
22-06-17 22:46:09 [INFO] [OctoBans] badounoux sql checked, record: spammp by ZerKup to -1
22-06-17 22:46:16 [INFO] [OctoBans] Remil punished iswiik for: Double Poste
22-06-17 22:47:07 [INFO] [OctoBans] SuperJojo punished simard2003 for: Double Poste
22-06-17 22:47:42 [INFO] [OctoBans] SuperJojo punished zacharymisi for: Double Poste
22-06-17 22:49:05 [INFO] [OctoBans] fross27 sql checked, record: spammp by Remil to -1
22-06-17 22:50:38 [INFO] [OctoBans] juldestructeur sql checked, record: spammp by PseudoNul to -1
22-06-17 22:50:38 [INFO] [OctoBans] juldestructeur sql checked, record: spammp by PseudoNul to -1
22-06-17 22:54:02 [INFO] [OctoBans] goto_camus sql checked, record: spammp by SuperJojo to -1
22-06-17 22:56:29 [INFO] [OctoBans] waytek sql checked, record: spammp by PseudoNul to -1
22-06-17 22:59:20 [INFO] [OctoBans] grm25 sql checked, record: spammp by SuperJojo to -1
22-06-17 23:00:12 [INFO] [OctoBans] Remil punished toustibat13 for: Insulte grave
22-06-17 23:00:18 [INFO] [OctoBans] Remil punished sunfall for: Insulte grave
22-06-17 23:01:37 [INFO] [OctoBans] idecow_ sql checked, record: spammp by PseudoNul to -1
22-06-17 23:01:37 [INFO] [OctoBans] idecow_ sql checked, record: spammp by SuperJojo to -1
22-06-17 23:01:37 [INFO] [OctoBans] idecow_ sql checked, record: spammp by PseudoNul to -1
22-06-17 23:01:37 [INFO] [OctoBans] idecow_ sql checked, record: spammp by Remil to -1
22-06-17 23:02:22 [INFO] [OctoBans] xersu sql checked, record: insultestaff by Forway to 1498194024
22-06-17 23:02:36 [INFO] [OctoBans] Remil punished dowzer for: Double Poste
22-06-17 23:03:06 [INFO] [OctoBans] ruth_skwiz sql checked, record: spammp by Remil to -1
22-06-17 23:04:53 [INFO] [OctoBans] SuperJojo punished fireprod for: Double Poste
22-06-17 23:06:21 [INFO] [OctoBans] neostar sql checked, record: faussesinfos by ZerKup to 1498243699
22-06-17 23:08:27 [INFO] [OctoBans] SuperJojo punished lool for: Spam/flood
22-06-17 23:08:29 [INFO] [OctoBans] onlinepgm sql checked, record: spammp by PseudoNul to -1
22-06-17 23:14:59 [INFO] [OctoBans] SuperJojo punished wael for: Majuscule
22-06-17 23:16:40 [INFO] [OctoBans] tigrediamants sql checked, record: insultegrave by Remil to 1498198032
22-06-17 23:22:09 [INFO] [OctoBans] lolpigman sql checked, record: spammp by SnowEffect to -1
22-06-17 23:23:19 [INFO] [OctoBans] jaeger sql checked, record: spammp by Remil to -1
22-06-17 23:24:50 [INFO] [OctoBans] shouteur sql checked, record: spammp by Remil to -1
22-06-17 23:24:50 [INFO] [OctoBans] shouteur sql checked, record: spammp by Remil to -1
22-06-17 23:24:50 [INFO] [OctoBans] shouteur sql checked, record: spammp by Remil to -1
22-06-17 23:25:36 [INFO] [OctoBans] izi_les_byy sql checked, record: spammp by YTB_XxKarnageXx to -1
22-06-17 23:26:52 [INFO] [OctoBans] SuperJojo punished mysthictvv for: Majuscule
22-06-17 23:29:37 [INFO] [OctoBans] SuperJojo punished ray_skay55 for: Double Poste
22-06-17 23:32:34 [INFO] [OctoBans] SuperJojo punished azayoz for: Double Poste
22-06-17 23:32:56 [INFO] [OctoBans] Remil punished lefifoudu3 for: Double Poste
22-06-17 23:33:34 [INFO] [OctoBans] SuperJojo punished mrkebab for: Provocation
22-06-17 23:36:38 [INFO] [OctoBans] Remil punished smokedu059 for: Double Poste
22-06-17 23:37:37 [INFO] [OctoBans] zoroto sql checked, record: spammp by Remil to -1
22-06-17 23:38:31 [INFO] [OctoBans] Remil punished deeprodole for: Double Poste
22-06-17 23:40:51 [INFO] [OctoBans] itz_smokew33d sql checked, record: spammp by Remil to -1
22-06-17 23:40:51 [INFO] [OctoBans] itz_smokew33d sql checked, record: spam by ZerKup to 1498171808
22-06-17 23:41:05 [INFO] [OctoBans] SuperJojo punished lololaclarinette for: Majuscule
22-06-17 23:42:41 [INFO] [OctoBans] Remil punished yoshicrafpls for: Majuscule
22-06-17 23:43:19 [INFO] [OctoBans] Remil punished yoshistarry_ for: Majuscule
22-06-17 23:43:43 [INFO] [OctoBans] Remil punished mysthictvv for: Double Poste
22-06-17 23:43:58 [INFO] [OctoBans] SuperJojo punished samir93 for: Spam/flood
22-06-17 23:46:06 [INFO] [OctoBans] _dragibus_ sql checked, record: spammp by Remil to -1
22-06-17 23:46:06 [INFO] [OctoBans] _dragibus_ sql checked, record: spammp by Remil to -1
22-06-17 23:46:06 [INFO] [OctoBans] _dragibus_ sql checked, record: spammp by Remil to -1
22-06-17 23:46:06 [INFO] [OctoBans] _dragibus_ sql checked, record: spammp by Remil to -1
22-06-17 23:46:06 [INFO] [OctoBans] _dragibus_ sql checked, record: spammp by Remil to -1
22-06-17 23:46:06 [INFO] [OctoBans] _dragibus_ sql checked, record: spammp by Remil to -1
22-06-17 23:46:06 [INFO] [OctoBans] _dragibus_ sql checked, record: spammp by Remil to -1
22-06-17 23:46:06 [INFO] [OctoBans] _dragibus_ sql checked, record: spammp by Remil to -1
22-06-17 23:46:06 [INFO] [OctoBans] _dragibus_ sql checked, record: spammp by Remil to -1
22-06-17 23:46:06 [INFO] [OctoBans] _dragibus_ sql checked, record: spammp by Remil to -1
22-06-17 23:46:06 [INFO] [OctoBans] _dragibus_ sql checked, record: spammp by Remil to -1
22-06-17 23:48:20 [INFO] [OctoBans] Remil punished youpiize07 for: Spam/flood en MP
22-06-17 23:55:15 [INFO] [OctoBans] superfilleciel sql checked, record: spammp by Theo97 to -1
22-06-17 23:55:15 [INFO] [OctoBans] superfilleciel sql checked, record: spammp by Remil to -1
22-06-17 23:55:15 [INFO] [OctoBans] superfilleciel sql checked, record: spammp by Remil to -1
22-06-17 23:55:56 [INFO] [OctoBans] toledo sql checked, record: spammp by Remil to -1
22-06-17 23:58:03 [INFO] [OctoBans] titidu06 sql checked, record: spammp by PseudoNul to -1
22-06-17 23:58:49 [INFO] [OctoBans] lepaysandu14 sql checked, record: insultestaff by SoTy_ to 1498196009
22-06-17 23:58:49 [INFO] [OctoBans] lepaysandu14 sql checked, record: insultestaff by SoTy_ to 1498232224
23-06-17 00:10:38 [INFO] [OctoBans] vavane sql checked, record: tpkill by YTB_XxKarnageXx to 1498244442
23-06-17 00:12:45 [INFO] [OctoBans] azizlapoite sql checked, record: insultestaff by PseudoNul to 1498345416
23-06-17 00:16:46 [INFO] [OctoBans] charifboss sql checked, record: spammp by Blubfire to -1
23-06-17 00:16:46 [INFO] [OctoBans] drkiritoz_ sql checked, record: spammp by YTB_XxKarnageXx to -1
23-06-17 01:08:37 [INFO] [OctoBans] skhey punished slimeshaidy for: Majuscule
23-06-17 01:11:03 [INFO] [OctoBans] skhey punished gaming_showw for: Incitation au flood
23-06-17 01:39:40 [INFO] [OctoBans] skhey punished lolpigman for: Insulte
23-06-17 01:42:41 [INFO] [OctoBans] skhey punished madelenechoco for: Spam/flood
23-06-17 01:43:10 [INFO] [OctoBans] skhey punished ghostcorn for: Double Poste
23-06-17 01:44:36 [INFO] [OctoBans] skhey punished madelenechoco2 for: Spam/flood
23-06-17 01:45:28 [INFO] [OctoBans] skhey punished izi_les_byy for: Provocation
23-06-17 01:47:02 [INFO] [OctoBans] skhey punished blackoung06 for: Spam/flood
23-06-17 01:47:53 [INFO] [OctoBans] skhey punished torkyal_ for: Langage incorrect
23-06-17 01:51:46 [INFO] [OctoBans] skhey punished zoroto for: Provocation
23-06-17 02:10:15 [INFO] [OctoBans] skhey punished lolpigman for: Spam/flood en MP
23-06-17 02:18:28 [INFO] [OctoBans] skhey punished jojo84 for: Spam/flood
23-06-17 02:47:24 [INFO] [OctoBans] skhey punished hakimos66 for: Insulte serveur
23-06-17 02:47:45 [INFO] [OctoBans] skhey punished hakimos66 for: Insulte
23-06-17 03:00:40 [INFO] [OctoBans] skhey punished hakimos66 for: TpKill
23-06-17 03:08:13 [INFO] [OctoBans] skhey punished xnero for: Double Poste
23-06-17 04:51:48 [INFO] [OctoBans] jeremylol88 sql checked, record: spammp by Remil to -1
23-06-17 05:52:34 [INFO] [OctoBans] Remil punished xenon987 for: Double Poste
23-06-17 06:01:02 [INFO] [OctoBans] Disabling OctoBans v1.0
