04-10-17 22:31:42 [INFO] [OctoBans] File Handler successfully initialized!
04-10-17 22:31:42 [INFO] [OctoBans] SQL connection successfully etablished
04-10-17 22:31:42 [INFO] [OctoBans] Moderator Tools by Octonia.
04-10-17 22:31:49 [INFO] [OctoBans] hkz_skillon sql checked, record: spammp by Remil to -1
04-10-17 22:31:49 [INFO] [OctoBans] hkz_skillon sql checked, record: doubleposte by ViRoCl to 1507155241
04-10-17 22:31:49 [INFO] [OctoBans] karlwill sql checked, record: spammp by Remil to -1
04-10-17 22:31:49 [INFO] [OctoBans] karlwill sql checked, record: spammp by YTB_XxKarnageXx to -1
04-10-17 22:31:49 [INFO] [OctoBans] karlwill sql checked, record: doubleposte by ViRoCl to 1507149816
04-10-17 22:31:50 [INFO] [OctoBans] lethugdu46 sql checked, record: spammp by Remil to -1
04-10-17 22:32:05 [INFO] [OctoBans] nolaninomc sql checked, record: spammp by SmooKeur to -1
04-10-17 22:32:11 [INFO] [OctoBans] zobelsuryoutube sql checked, record: spammp by Remil to -1
04-10-17 22:32:36 [INFO] [OctoBans] moudir sql checked, record: provocation by EGGSPLOSION to 1507149760
04-10-17 22:34:31 [INFO] [OctoBans] superb3b3 sql checked, record: spammp by Remil to -1
04-10-17 22:34:31 [INFO] [OctoBans] superb3b3 sql checked, record: spammp by Remil to -1
04-10-17 22:38:32 [INFO] [OctoBans] NeyTox punished thedarkytdb for: Double Poste
04-10-17 22:41:09 [INFO] [OctoBans] ViRoCl punished twiztypvp for: Langage incorrect
04-10-17 22:42:01 [INFO] [OctoBans] ViRoCl punished yurik for: Double Poste
04-10-17 22:51:26 [INFO] [OctoBans] ViRoCl punished eli33 for: Double Poste
04-10-17 22:51:44 [INFO] [OctoBans] ViRoCl punished yurik for: Double Poste
04-10-17 22:53:06 [INFO] [OctoBans] ViRoCl punished lolo76200 for: Insulte grave
04-10-17 22:56:10 [INFO] [OctoBans] ViRoCl punished superb3b3 for: Double Poste
04-10-17 22:56:24 [INFO] [OctoBans] ViRoCl punished igoryt for: Double Poste
04-10-17 22:57:00 [INFO] [OctoBans] whitstar sql checked, record: spammp by Remil to -1
04-10-17 23:13:47 [INFO] [OctoBans] ViRoCl punished yurik for: Double Poste
04-10-17 23:14:02 [INFO] [OctoBans] ViRoCl punished zobelsuryoutube for: Double Poste
04-10-17 23:27:28 [INFO] [OctoBans] NeyTox punished whitstar for: Double Poste
04-10-17 23:33:26 [INFO] [OctoBans] ViRoCl punished princeclient_pvp for: Langage incorrect
04-10-17 23:46:21 [INFO] [OctoBans] ededed91 sql checked, record: spammp by SkyKosIV to -1
04-10-17 23:46:21 [INFO] [OctoBans] ededed91 sql checked, record: spammp by Remil to -1
04-10-17 23:49:10 [INFO] [OctoBans] ViRoCl punished ededed91 for: Langage incorrect
05-10-17 01:07:43 [INFO] [OctoBans] ViRoCl punished enzo9722 for: Double Poste
05-10-17 01:07:53 [INFO] [OctoBans] ViRoCl punished ededed91 for: Provocation
05-10-17 01:30:48 [INFO] [OctoBans] ViRoCl punished la_masqotte_ytb for: Spam/flood
05-10-17 02:24:44 [INFO] [OctoBans] TrustJnr punished red_sheep for: Insulte légère
05-10-17 02:29:41 [INFO] [OctoBans] TrustJnr punished clembgm for: Majuscule
05-10-17 03:02:58 [INFO] [OctoBans] TrustJnr punished kainoa for: Double Poste
05-10-17 06:01:02 [INFO] [OctoBans] Disabling OctoBans v1.0
