28-06-17 22:31:57 [INFO] [OctoBans] File Handler successfully initialized!
28-06-17 22:31:57 [INFO] [OctoBans] SQL connection successfully etablished
28-06-17 22:31:57 [INFO] [OctoBans] Moderator Tools by Octonia.
28-06-17 22:32:03 [INFO] [OctoBans] swiftstay sql checked, record: spammp by Remil to -1
28-06-17 22:32:03 [INFO] [OctoBans] swiftstay sql checked, record: spammp by Remil to -1
28-06-17 22:32:03 [INFO] [OctoBans] mrkabab sql checked, record: spam by JustMySkill to 1498687255
28-06-17 22:32:03 [INFO] [OctoBans] pandazzz sql checked, record: spammp by Remil to -1
28-06-17 22:32:03 [INFO] [OctoBans] drkiritoz_ sql checked, record: spammp by YTB_XxKarnageXx to -1
28-06-17 22:32:03 [INFO] [OctoBans] drkiritoz_ sql checked, record: spammp by SuperJojo to -1
28-06-17 22:32:03 [INFO] [OctoBans] drkiritoz_ sql checked, record: provocation by Anzerti to 1498683093
28-06-17 22:32:03 [INFO] [OctoBans] kyzirie sql checked, record: spammp by PseudoNul to -1
28-06-17 22:32:03 [INFO] [OctoBans] d3adorsnipsurytb sql checked, record: spammp by SuperJojo to -1
28-06-17 22:32:03 [INFO] [OctoBans] yaya13warrior sql checked, record: spammp by PseudoNul to -1
28-06-17 22:32:03 [INFO] [OctoBans] wardogz_59 sql checked, record: spammp by PseudoNul to -1
28-06-17 22:32:03 [INFO] [OctoBans] papigabi sql checked, record: spammp by SnowEffect to -1
28-06-17 22:32:03 [INFO] [OctoBans] papigabi sql checked, record: spammp by SnowEffect to -1
28-06-17 22:32:03 [INFO] [OctoBans] lafilledemushway sql checked, record: spammp by PseudoNul to -1
28-06-17 22:32:03 [INFO] [OctoBans] matgone01 sql checked, record: spammp by ZerKup to -1
28-06-17 22:32:03 [INFO] [OctoBans] matgone01 sql checked, record: spammp by ZerKup to -1
28-06-17 22:32:03 [INFO] [OctoBans] darkgames5962 sql checked, record: doubleposte by woimant to 1498682445
28-06-17 22:32:03 [INFO] [OctoBans] darkgames5962 sql checked, record: insultestaff by woimant to 1498752265
28-06-17 22:32:03 [INFO] [OctoBans] mathis81 sql checked, record: spammp by Steph078 to -1
28-06-17 22:32:03 [INFO] [OctoBans] sunfall sql checked, record: spammp by aubune to -1
28-06-17 22:32:03 [INFO] [OctoBans] sunfall sql checked, record: floodmp by Forway to -1
28-06-17 22:32:03 [INFO] [OctoBans] sunfall sql checked, record: spammp by Steph078 to -1
28-06-17 22:32:03 [INFO] [OctoBans] sunfall sql checked, record: insultestaff by PseudoNul to 1498702023
28-06-17 22:32:03 [INFO] [OctoBans] ew3l sql checked, record: floodmp by Forway to -1
28-06-17 22:32:03 [INFO] [OctoBans] waltz312 sql checked, record: incitationflood by Anzerti to 1498701618
28-06-17 22:32:03 [INFO] [OctoBans] singe_de_telfort sql checked, record: spammp by SuperJojo to -1
28-06-17 22:32:03 [INFO] [OctoBans] singe_de_telfort sql checked, record: kickautre by Steph078 to -1
28-06-17 22:32:03 [INFO] [OctoBans] singe_de_telfort sql checked, record: spammp by SuperJojo to -1
28-06-17 22:32:03 [INFO] [OctoBans] singe_de_telfort sql checked, record: spammp by SkyKosIV to -1
28-06-17 22:32:03 [INFO] [OctoBans] singe_de_telfort sql checked, record: spammp by YTB_XxKarnageXx to -1
28-06-17 22:32:03 [INFO] [OctoBans] singe_de_telfort sql checked, record: insultestaff by JustMySkill to 1498850230
28-06-17 22:32:03 [INFO] [OctoBans] julie52100 sql checked, record: spammp by SnowEffect to -1
28-06-17 22:32:03 [INFO] [OctoBans] julie52100 sql checked, record: spammp by PseudoNul to -1
28-06-17 22:32:03 [INFO] [OctoBans] biffy sql checked, record: kickautre by Antoine57565 to -1
28-06-17 22:32:03 [INFO] [OctoBans] lolo76200 sql checked, record: spammp by PseudoNul to -1
28-06-17 22:32:03 [INFO] [OctoBans] lolo76200 sql checked, record: spammp by SuperJojo to -1
28-06-17 22:32:03 [INFO] [OctoBans] oow_ll sql checked, record: spammp by SkyKosIV to -1
28-06-17 22:32:03 [INFO] [OctoBans] justmyskill sql checked, record: spammp by PseudoNul to -1
28-06-17 22:32:03 [INFO] [OctoBans] batte sql checked, record: spammp by SuperJojo to -1
28-06-17 22:32:03 [INFO] [OctoBans] shayloup sql checked, record: incitationflood by SnowEffect to 1498762374
28-06-17 22:32:03 [INFO] [OctoBans] mr_darkgame sql checked, record: spammp by PseudoNul to -1
28-06-17 22:32:03 [INFO] [OctoBans] neoxgaming sql checked, record: spammp by ZerKup to -1
28-06-17 22:32:03 [INFO] [OctoBans] neoxgaming sql checked, record: spammp by Remil to -1
28-06-17 22:32:03 [INFO] [OctoBans] juldestructeur sql checked, record: spammp by PseudoNul to -1
28-06-17 22:32:03 [INFO] [OctoBans] juldestructeur sql checked, record: spammp by PseudoNul to -1
28-06-17 22:32:03 [INFO] [OctoBans] juldestructeur sql checked, record: faussesinfos by Remil to 1498757823
28-06-17 22:32:03 [INFO] [OctoBans] karimospvp sql checked, record: spammp by YTB_XxKarnageXx to -1
28-06-17 22:32:12 [INFO] [OctoBans] shetters sql checked, record: homophobie by SuperJojo to 1498763366
28-06-17 22:32:20 [INFO] [OctoBans] pablo sql checked, record: doubleposte by Anzerti to 1498682862
28-06-17 22:32:20 [INFO] [OctoBans] killer64 sql checked, record: spam by SproFids to 1498688666
28-06-17 22:32:20 [INFO] [OctoBans] clem010 sql checked, record: insultegrave by SproFids to 1498722985
28-06-17 22:32:20 [INFO] [OctoBans] maxougaming sql checked, record: spammp by PseudoNul to -1
28-06-17 22:32:20 [INFO] [OctoBans] maxougaming sql checked, record: spammp by PseudoNul to -1
28-06-17 22:32:20 [INFO] [OctoBans] maxougaming sql checked, record: spammp by Remil to -1
28-06-17 22:32:20 [INFO] [OctoBans] maxougaming sql checked, record: spammp by Remil to -1
28-06-17 22:32:20 [INFO] [OctoBans] tifou_fou sql checked, record: spammp by SkyKosIV to -1
28-06-17 22:32:20 [INFO] [OctoBans] darkinggaming sql checked, record: floodmp by Forway to -1
28-06-17 22:32:20 [INFO] [OctoBans] weesley sql checked, record: spammp by YTB_XxKarnageXx to -1
28-06-17 22:32:20 [INFO] [OctoBans] weesley sql checked, record: spammp by ZerKup to -1
28-06-17 22:32:20 [INFO] [OctoBans] weesley sql checked, record: spammp by Remil to -1
28-06-17 22:32:20 [INFO] [OctoBans] darktw sql checked, record: floodmp by Forway to -1
28-06-17 22:32:23 [INFO] [OctoBans] lefifoudu3 sql checked, record: spammp by SuperJojo to -1
28-06-17 22:32:23 [INFO] [OctoBans] lefifoudu3 sql checked, record: insultegrave by SproFids to 1498794889
28-06-17 22:32:23 [INFO] [OctoBans] wortexgaming sql checked, record: spammp by PseudoNul to -1
28-06-17 22:32:23 [INFO] [OctoBans] wortexgaming sql checked, record: spammp by Steph078 to -1
28-06-17 22:32:23 [INFO] [OctoBans] goto_camus sql checked, record: spammp by SuperJojo to -1
28-06-17 22:32:23 [INFO] [OctoBans] gamerthug sql checked, record: spammp by Remil to -1
28-06-17 22:32:29 [INFO] [OctoBans] levapedetamere sql checked, record: floodmp by Forway to -1
28-06-17 22:32:35 [INFO] [OctoBans] enjoymycombo sql checked, record: spammp by SnowEffect to -1
28-06-17 22:32:40 [INFO] [OctoBans] anthonatsu sql checked, record: incitationflood by Shainko to 1498757632
28-06-17 22:32:54 [INFO] [OctoBans] xv_hoooba sql checked, record: provocation by 54melih54 to 1498682529
28-06-17 22:32:58 [INFO] [OctoBans] leo2316 sql checked, record: spammp by SuperJojo to -1
28-06-17 22:32:58 [INFO] [OctoBans] leo2316 sql checked, record: spammp by Remil to -1
28-06-17 22:32:58 [INFO] [OctoBans] erinoxlx sql checked, record: kickautre by Steph078 to -1
28-06-17 22:33:05 [INFO] [OctoBans] voleur2velo sql checked, record: spam by YTB_XxKarnageXx to 1498684308
28-06-17 22:33:17 [INFO] [OctoBans] lololaclarinette sql checked, record: incitationflood by MaacDoo to 1498756626
28-06-17 22:33:31 [INFO] [OctoBans] MaacDoo punished leminecraftien80 for: Double Poste
28-06-17 22:33:37 [INFO] [OctoBans] MaacDoo punished dark_gaming80 for: Double Poste
28-06-17 22:34:22 [INFO] [OctoBans] arcz058 sql checked, record: spammp by Remil to -1
28-06-17 22:34:34 [INFO] [OctoBans] Anzerti punished lolo76200 for: Double Poste
28-06-17 22:36:29 [INFO] [OctoBans] SproFids punished theblackmask92 for: Publicité Youtubeur
28-06-17 22:37:31 [INFO] [OctoBans] SproFids punished kaguyu_sama for: Langage incorrect
28-06-17 22:37:33 [INFO] [OctoBans] JustMySkill punished neoxgaming for: Spam/flood
28-06-17 22:37:54 [INFO] [OctoBans] tokyo sql checked, record: faussesinfos by Anzerti to 1498787330
28-06-17 22:38:21 [INFO] [OctoBans] waytek sql checked, record: spammp by PseudoNul to -1
28-06-17 22:38:21 [INFO] [OctoBans] waytek sql checked, record: doubleposte by woimant to 1498682614
28-06-17 22:38:46 [INFO] [OctoBans] SproFids punished craxtv for: Langage incorrect
28-06-17 22:39:44 [INFO] [OctoBans] skypemod sql checked, record: spammp by YTB_XxKarnageXx to -1
28-06-17 22:39:44 [INFO] [OctoBans] skypemod sql checked, record: spammp by PseudoNul to -1
28-06-17 22:40:14 [INFO] [OctoBans] denis018 sql checked, record: spammp by Remil to -1
28-06-17 22:40:20 [INFO] [OctoBans] molotof sql checked, record: incitationflood by JustMySkill to 1498843940
28-06-17 22:40:25 [INFO] [OctoBans] bykory_ sql checked, record: spammp by Steph078 to -1
28-06-17 22:42:32 [INFO] [OctoBans] D3adOrSnipSurYTB punished gfrxtim for: Langage incorrect
28-06-17 22:43:38 [INFO] [OctoBans] blackzik_ sql checked, record: spammp by PseudoNul to -1
28-06-17 22:45:23 [INFO] [OctoBans] lassa18 sql checked, record: spammp by Remil to -1
28-06-17 22:45:23 [INFO] [OctoBans] lassa18 sql checked, record: spammp by Remil to -1
28-06-17 22:46:40 [INFO] [OctoBans] bgxf_warior sql checked, record: faussesinfos by Anzerti to 1498686812
28-06-17 22:47:20 [INFO] [OctoBans] SproFids punished mr_darkgame for: Spam/flood
28-06-17 22:48:11 [INFO] [OctoBans] nicerush sql checked, record: spammp by YTB_XxKarnageXx to -1
28-06-17 22:48:11 [INFO] [OctoBans] nicerush sql checked, record: spammp by PseudoNul to -1
28-06-17 22:50:45 [INFO] [OctoBans] _dragibus_ sql checked, record: spammp by Remil to -1
28-06-17 22:50:45 [INFO] [OctoBans] _dragibus_ sql checked, record: spammp by Remil to -1
28-06-17 22:50:45 [INFO] [OctoBans] _dragibus_ sql checked, record: spammp by Remil to -1
28-06-17 22:50:45 [INFO] [OctoBans] _dragibus_ sql checked, record: spammp by Remil to -1
28-06-17 22:50:45 [INFO] [OctoBans] _dragibus_ sql checked, record: spammp by Remil to -1
28-06-17 22:50:45 [INFO] [OctoBans] _dragibus_ sql checked, record: spammp by Remil to -1
28-06-17 22:50:45 [INFO] [OctoBans] _dragibus_ sql checked, record: spammp by Remil to -1
28-06-17 22:50:45 [INFO] [OctoBans] _dragibus_ sql checked, record: spammp by Remil to -1
28-06-17 22:50:45 [INFO] [OctoBans] _dragibus_ sql checked, record: spammp by Remil to -1
28-06-17 22:50:45 [INFO] [OctoBans] _dragibus_ sql checked, record: spammp by Remil to -1
28-06-17 22:50:45 [INFO] [OctoBans] _dragibus_ sql checked, record: spammp by Remil to -1
28-06-17 22:50:45 [INFO] [OctoBans] _dragibus_ sql checked, record: spammp by Remil to -1
28-06-17 22:50:45 [INFO] [OctoBans] _dragibus_ sql checked, record: spammp by PseudoNul to -1
28-06-17 22:55:58 [INFO] [OctoBans] JustMySkill punished kaguyu_sama for: Spam/flood
28-06-17 22:56:25 [INFO] [OctoBans] SproFids punished shetters for: Spam/flood
28-06-17 22:56:31 [INFO] [OctoBans] D3adOrSnipSurYTB punished gfrxtim for: Double Poste
28-06-17 22:58:51 [INFO] [OctoBans] onlinepgm sql checked, record: spammp by PseudoNul to -1
28-06-17 23:00:06 [INFO] [OctoBans] whitstar sql checked, record: spammp by Remil to -1
28-06-17 23:01:42 [INFO] [OctoBans] titidu06 sql checked, record: spammp by PseudoNul to -1
28-06-17 23:01:44 [INFO] [OctoBans] thekillervaca sql checked, record: spammp by SuperJojo to -1
28-06-17 23:03:22 [INFO] [OctoBans] Remil punished nicerush for: Double Poste
28-06-17 23:07:13 [INFO] [OctoBans] reborncreep sql checked, record: spammp by Remil to -1
28-06-17 23:07:27 [INFO] [OctoBans] JustMySkill punished matgone01 for: Double Poste
28-06-17 23:11:25 [INFO] [OctoBans] SproFids punished sifriflo for: Provocation
28-06-17 23:11:40 [INFO] [OctoBans] Anzerti punished rengar59 for: Double Poste
28-06-17 23:12:31 [INFO] [OctoBans] SproFids punished adrytekk for: Langage incorrect
28-06-17 23:13:22 [INFO] [OctoBans] Anzerti punished thedarkorb45 for: Spam/flood
28-06-17 23:14:58 [INFO] [OctoBans] SproFids punished dzarkagaming for: Insulte grave
28-06-17 23:15:06 [INFO] [OctoBans] Anzerti punished ziskos_gaming for: Provocation
28-06-17 23:15:51 [INFO] [OctoBans] njims sql checked, record: spammp by Remil to -1
28-06-17 23:15:51 [INFO] [OctoBans] njims sql checked, record: spammp by PseudoNul to -1
28-06-17 23:15:51 [INFO] [OctoBans] njims sql checked, record: insultegrave by Remil to 1498760474
28-06-17 23:16:59 [INFO] [OctoBans] SproFids punished molotof for: Majuscule
28-06-17 23:17:23 [INFO] [OctoBans] biguiboss31 sql checked, record: spammp by PseudoNul to -1
28-06-17 23:17:23 [INFO] [OctoBans] biguiboss31 sql checked, record: spammp by Remil to -1
28-06-17 23:17:23 [INFO] [OctoBans] zaikiin sql checked, record: spammp by Remil to -1
28-06-17 23:21:05 [INFO] [OctoBans] JustMySkill punished pablo for: Double Poste
28-06-17 23:21:15 [INFO] [OctoBans] JustMySkill punished miniskille for: Double Poste
28-06-17 23:22:07 [INFO] [OctoBans] JustMySkill punished gamerthug for: Insulte grave
28-06-17 23:23:10 [INFO] [OctoBans] ZerKup punished nyrozzhd for: Double Poste
28-06-17 23:23:27 [INFO] [OctoBans] JustMySkill punished zaikiin for: Spam/flood
28-06-17 23:24:08 [INFO] [OctoBans] xxbossteamxx sql checked, record: spammp by SuperJojo to -1
28-06-17 23:24:08 [INFO] [OctoBans] xxbossteamxx sql checked, record: spammp by SkyKosIV to -1
28-06-17 23:24:08 [INFO] [OctoBans] xxbossteamxx sql checked, record: spammp by SnowEffect to -1
28-06-17 23:24:08 [INFO] [OctoBans] xxbossteamxx sql checked, record: spammp by SnowEffect to -1
28-06-17 23:24:08 [INFO] [OctoBans] xxbossteamxx sql checked, record: spammp by Remil to -1
28-06-17 23:24:59 [INFO] [OctoBans] JustMySkill punished biguiboss31 for: Double Poste
28-06-17 23:25:23 [INFO] [OctoBans] Shainko punished octoway for: Incitation au flood
28-06-17 23:27:31 [INFO] [OctoBans] JustMySkill punished toto2003 for: Double Poste
28-06-17 23:28:00 [INFO] [OctoBans] tommy_boy_yt sql checked, record: incitationflood by JustMySkill to 1498743239
28-06-17 23:28:11 [INFO] [OctoBans] SproFids punished diamondmc for: Majuscule
28-06-17 23:29:43 [INFO] [OctoBans] Anzerti punished samtiboss for: Langage incorrect
28-06-17 23:30:56 [INFO] [OctoBans] JustMySkill punished general_tueur for: Double Poste
28-06-17 23:32:16 [INFO] [OctoBans] Anzerti punished wortexgaming for: Double Poste
28-06-17 23:32:56 [INFO] [OctoBans] Shainko punished alae_59 for: Spam/flood
28-06-17 23:34:46 [INFO] [OctoBans] Remil punished squart_n for: Langage incorrect
28-06-17 23:35:17 [INFO] [OctoBans] JustMySkill punished mohame for: Spam/flood
28-06-17 23:35:39 [INFO] [OctoBans] Anzerti punished mohame for: Double Poste
28-06-17 23:36:47 [INFO] [OctoBans] JustMySkill punished argonik34110 for: Double Poste
28-06-17 23:38:32 [INFO] [OctoBans] by_kw3e sql checked, record: kickautre by Antoine57565 to -1
28-06-17 23:38:32 [INFO] [OctoBans] by_kw3e sql checked, record: insultegrave by SproFids to 1498787662
28-06-17 23:39:30 [INFO] [OctoBans] JustMySkill punished yanyan for: Spam/flood
28-06-17 23:45:53 [INFO] [OctoBans] Anzerti punished orzpropax3 for: Spam/flood
28-06-17 23:47:03 [INFO] [OctoBans] Anzerti punished mgk_tozzzz for: Double Poste
28-06-17 23:50:08 [INFO] [OctoBans] Anzerti punished by_fly for: Double Poste
28-06-17 23:54:03 [INFO] [OctoBans] ZerKup punished xersu for: Spam/flood
28-06-17 23:54:09 [INFO] [OctoBans] JustMySkill punished doudou70 for: Spam/flood
28-06-17 23:58:13 [INFO] [OctoBans] Shainko punished girlpink38 for: Spam/flood
28-06-17 23:58:13 [INFO] [OctoBans] SproFids punished mryacine59 for: Spam/flood
28-06-17 23:58:54 [INFO] [OctoBans] Anzerti punished titidu06 for: Provocation
28-06-17 23:59:02 [INFO] [OctoBans] Anzerti punished shetters for: Provocation
29-06-17 00:08:20 [INFO] [OctoBans] Anzerti punished _dragibus_ for: Langage incorrect
29-06-17 00:10:05 [INFO] [OctoBans] Anzerti punished titidu06 for: Insulte
29-06-17 00:12:03 [INFO] [OctoBans] Shainko punished isneaky_ for: Double Poste
29-06-17 00:12:45 [INFO] [OctoBans] JustMySkill punished bgxf_warior for: Spam/flood
29-06-17 00:13:25 [INFO] [OctoBans] Anzerti punished itz_smokew33d for: Provocation
29-06-17 00:14:12 [INFO] [OctoBans] JustMySkill punished seigneur_yator for: Spam/flood
29-06-17 00:19:19 [INFO] [OctoBans] Anzerti punished julie52100 for: Double Poste
29-06-17 00:19:40 [INFO] [OctoBans] JustMySkill punished julie52100 for: Spam/flood
29-06-17 00:20:22 [INFO] [OctoBans] Anzerti punished misterbrawix for: Langage incorrect
29-06-17 00:26:52 [INFO] [OctoBans] Anzerti punished erinoxlx for: Double Poste
29-06-17 00:27:11 [INFO] [OctoBans] JustMySkill punished rainbow44 for: Insulte grave
29-06-17 00:28:05 [INFO] [OctoBans] Anzerti punished erinoxlx for: Provocation
29-06-17 00:29:35 [INFO] [OctoBans] celticevan95 sql checked, record: spammp by SnowEffect to -1
29-06-17 00:32:49 [INFO] [OctoBans] Anzerti punished rld_wavex for: Double Poste
29-06-17 00:33:48 [INFO] [OctoBans] JustMySkill punished narutogamingytb for: Spam/flood
29-06-17 00:36:30 [INFO] [OctoBans] JustMySkill punished tagada for: Majuscule
29-06-17 00:40:04 [INFO] [OctoBans] Anzerti punished froz533 for: Double Poste
29-06-17 00:42:14 [INFO] [OctoBans] Anzerti punished alexiskiller for: Fausses informations
29-06-17 00:42:15 [INFO] [OctoBans] JustMySkill punished kalou85 for: Spam/flood
29-06-17 00:43:33 [INFO] [OctoBans] JustMySkill punished loleur07 for: Double Poste
29-06-17 00:46:59 [INFO] [OctoBans] JustMySkill punished venumoff for: Double Poste
29-06-17 00:48:37 [INFO] [OctoBans] D3adOrSnipSurYTB punished matth70 for: Langage incorrect
29-06-17 00:50:33 [INFO] [OctoBans] shouteur sql checked, record: spammp by Remil to -1
29-06-17 00:50:33 [INFO] [OctoBans] shouteur sql checked, record: spammp by Remil to -1
29-06-17 00:50:33 [INFO] [OctoBans] shouteur sql checked, record: spammp by Remil to -1
29-06-17 00:50:33 [INFO] [OctoBans] shouteur sql checked, record: spammp by Remil to -1
29-06-17 00:52:07 [INFO] [OctoBans] JustMySkill punished zox93 for: Double Poste
29-06-17 00:52:36 [INFO] [OctoBans] narutogamingytb sql checked, record: spam by JustMySkill to 1498692828
29-06-17 00:55:03 [INFO] [OctoBans] JustMySkill punished mire for: Spam/flood
29-06-17 00:57:27 [INFO] [OctoBans] Anzerti punished wadas for: Double Poste
29-06-17 00:58:26 [INFO] [OctoBans] MaacDoo punished mrkabab for: Double Poste
29-06-17 01:00:00 [INFO] [OctoBans] Anzerti punished mire for: Provocation
29-06-17 01:00:05 [INFO] [OctoBans] mire sql checked, record: spam by JustMySkill to 1498701303
29-06-17 01:00:05 [INFO] [OctoBans] mire sql checked, record: provocation by Anzerti to 1498691400
29-06-17 01:00:05 [INFO] [OctoBans] mire sql checked, record: majuscule by Mire to 1498390590
29-06-17 01:00:05 [INFO] [OctoBans] mire sql checked, record: majuscule by Mire to 1498388932
29-06-17 01:00:05 [INFO] [OctoBans] mire sql checked, record: doubleposte by Mire to 1498390916
29-06-17 01:00:05 [INFO] [OctoBans] mire sql checked, record: flood by Mire to 1498392504
29-06-17 01:00:05 [INFO] [OctoBans] mire sql checked, record: insultegrave by Mire to 1498460996
29-06-17 01:00:05 [INFO] [OctoBans] mire sql checked, record: pubyt by Mire to 1498393644
29-06-17 01:00:05 [INFO] [OctoBans] mire sql checked, record: insultelegere by Mire to 1498394135
29-06-17 01:00:05 [INFO] [OctoBans] mire sql checked, record: spam by Mire to 1498403461
29-06-17 01:00:05 [INFO] [OctoBans] mire sql checked, record: spam by Mire to 1498396398
29-06-17 01:00:05 [INFO] [OctoBans] mire sql checked, record: spam by Mire to 1498400025
29-06-17 01:00:05 [INFO] [OctoBans] mire sql checked, record: spam by Mire to 1498407277
29-06-17 01:00:05 [INFO] [OctoBans] mire sql checked, record: spam by Mire to 1498397118
29-06-17 01:00:05 [INFO] [OctoBans] mire sql checked, record: majuscule by Mire to 1498394143
29-06-17 01:00:05 [INFO] [OctoBans] mire sql checked, record: doubleposte by Mire to 1498395675
29-06-17 01:00:05 [INFO] [OctoBans] mire sql checked, record: faussesinfos by Mire to 1498482642
29-06-17 01:00:05 [INFO] [OctoBans] mire sql checked, record: majuscule by Mire to 1498405233
29-06-17 01:00:35 [INFO] [OctoBans] marchandloup sql checked, record: spammp by Remil to -1
29-06-17 01:00:35 [INFO] [OctoBans] marchandloup sql checked, record: spammp by PseudoNul to -1
29-06-17 01:02:12 [INFO] [OctoBans] badounoux sql checked, record: spammp by ZerKup to -1
29-06-17 01:02:55 [INFO] [OctoBans] hero_show sql checked, record: spammp by PseudoNul to -1
29-06-17 01:04:15 [INFO] [OctoBans] MaacDoo punished froz533 for: Double Poste
29-06-17 01:04:34 [INFO] [OctoBans] MaacDoo punished loleur07 for: Double Poste
29-06-17 01:06:08 [INFO] [OctoBans] Anzerti punished lololaclarinette for: Provocation
29-06-17 01:22:21 [INFO] [OctoBans] Anzerti punished thekillervaca for: Fausses informations
29-06-17 01:23:00 [INFO] [OctoBans] Anzerti punished ryd3r29 for: Fausses informations
29-06-17 01:24:06 [INFO] [OctoBans] toledo sql checked, record: spammp by Remil to -1
29-06-17 01:26:04 [INFO] [OctoBans] diablotin sql checked, record: spammp by SuperJojo to -1
29-06-17 01:27:52 [INFO] [OctoBans] Anzerti punished toxiik for: Majuscule
29-06-17 01:35:32 [INFO] [OctoBans] MaacDoo punished samtiboss for: Majuscule
29-06-17 01:40:49 [INFO] [OctoBans] thebbdragz sql checked, record: insultestaff by JustMySkill to 1498706891
29-06-17 01:41:52 [INFO] [OctoBans] Anzerti punished gismo2806 for: Double Poste
29-06-17 01:42:19 [INFO] [OctoBans] Anzerti punished gismo2806 for: Spam/flood
29-06-17 01:45:02 [INFO] [OctoBans] Anzerti punished theweedner for: Double Poste
29-06-17 01:46:53 [INFO] [OctoBans] ext4zzy sql checked, record: spammp by Remil to -1
29-06-17 01:46:53 [INFO] [OctoBans] ext4zzy sql checked, record: spammp by Remil to -1
29-06-17 01:46:53 [INFO] [OctoBans] ext4zzy sql checked, record: spammp by Remil to -1
29-06-17 01:46:53 [INFO] [OctoBans] ext4zzy sql checked, record: spammp by SuperJojo to -1
29-06-17 01:46:53 [INFO] [OctoBans] ext4zzy sql checked, record: kickautre by Steph078 to -1
29-06-17 01:46:53 [INFO] [OctoBans] ext4zzy sql checked, record: spammp by SuperJojo to -1
29-06-17 01:46:53 [INFO] [OctoBans] ext4zzy sql checked, record: spammp by Remil to -1
29-06-17 01:46:53 [INFO] [OctoBans] ext4zzy sql checked, record: spammp by Remil to -1
29-06-17 01:54:52 [INFO] [OctoBans] Anzerti punished zarteck09 for: Double Poste
29-06-17 01:57:42 [INFO] [OctoBans] samybg sql checked, record: spammp by Remil to -1
29-06-17 01:57:42 [INFO] [OctoBans] samybg sql checked, record: spammp by Remil to -1
29-06-17 02:00:31 [INFO] [OctoBans] samybg sql checked, record: spammp by Remil to -1
29-06-17 02:00:31 [INFO] [OctoBans] samybg sql checked, record: spammp by Remil to -1
29-06-17 02:04:28 [INFO] [OctoBans] Anzerti punished zarteck09 for: Langage incorrect
29-06-17 02:21:50 [INFO] [OctoBans] Anzerti punished erinoxlx for: Incitation au flood
29-06-17 02:24:35 [INFO] [OctoBans] Anzerti punished firz for: Double Poste
29-06-17 02:24:56 [INFO] [OctoBans] MaacDoo punished samybg for: Spam/flood
29-06-17 02:29:06 [INFO] [OctoBans] Anzerti punished lejouflue for: Double Poste
29-06-17 02:43:48 [INFO] [OctoBans] Anzerti punished lejouflue for: Fausses informations
29-06-17 02:52:49 [INFO] [OctoBans] Anzerti punished zombi1000 for: Double Poste
29-06-17 03:00:08 [INFO] [OctoBans] Anzerti punished darkmister for: Double Poste
29-06-17 03:21:04 [INFO] [OctoBans] Anzerti punished tokyo for: Fausses informations
29-06-17 03:21:07 [INFO] [OctoBans] Anzerti punished mabilou29 for: Fausses informations
29-06-17 03:21:36 [INFO] [OctoBans] Anzerti punished nansdx for: Fausses informations
29-06-17 03:26:16 [INFO] [OctoBans] Anzerti punished itskill3rxt for: Double Poste
29-06-17 03:37:16 [INFO] [OctoBans] korgnar sql checked, record: spammp by SuperJojo to -1
29-06-17 03:39:27 [INFO] [OctoBans] MaacDoo punished swichdi for: Provocation
29-06-17 03:41:22 [INFO] [OctoBans] MaacDoo punished maacdoo for: Majuscule
29-06-17 03:47:20 [INFO] [OctoBans] ray54 sql checked, record: spammp by SuperJojo to -1
29-06-17 04:25:01 [INFO] [OctoBans] Anzerti punished zombi1000 for: Double Poste
29-06-17 04:25:03 [INFO] [OctoBans] toly_ sql checked, record: spammp by PseudoNul to -1
29-06-17 04:25:03 [INFO] [OctoBans] toly_ sql checked, record: spammp by PseudoNul to -1
29-06-17 04:25:03 [INFO] [OctoBans] toly_ sql checked, record: spammp by Remil to -1
29-06-17 04:25:03 [INFO] [OctoBans] toly_ sql checked, record: insultestaff by SuperJojo to 1498777057
29-06-17 04:25:03 [INFO] [OctoBans] toly_ sql checked, record: insultestaff by _NeXon_ to 1498900213
29-06-17 04:25:03 [INFO] [OctoBans] toly_ sql checked, record: insultestaff by MgK_TozzzZ to 1498936563
29-06-17 04:35:15 [INFO] [OctoBans] Anzerti punished toly_ for: Provocation
29-06-17 04:38:16 [INFO] [OctoBans] Anzerti punished trd_kawiz for: Spam/flood
29-06-17 04:43:44 [INFO] [OctoBans] Anzerti punished modzg for: Double Poste
29-06-17 04:59:16 [INFO] [OctoBans] Anzerti punished alae_59 for: Double Poste
29-06-17 05:17:43 [INFO] [OctoBans] Anzerti punished ladarklaster for: Majuscule
29-06-17 05:25:23 [INFO] [OctoBans] Anzerti punished toly_ for: Provocation
29-06-17 05:26:24 [INFO] [OctoBans] Anzerti punished toly_ for: Insulte staff
29-06-17 05:31:28 [INFO] [OctoBans] Anzerti punished toly_ for: Insulte staff
29-06-17 05:39:38 [INFO] [OctoBans] Anzerti punished lololaclarinette for: Publicité Youtubeur
29-06-17 06:01:04 [INFO] [OctoBans] Disabling OctoBans v1.0
