16-01-18 22:31:43 [INFO] [OctoBans] File Handler successfully initialized!
16-01-18 22:31:43 [INFO] [OctoBans] SQL connection successfully etablished
16-01-18 22:31:43 [INFO] [OctoBans] Moderator Tools by Octonia.
16-01-18 22:31:47 [INFO] [OctoBans] racaille76 sql checked, record: spammp by AO_Darkness to -1
16-01-18 22:31:47 [INFO] [OctoBans] neytox sql checked, record: spammp by PseudooNull to -1
16-01-18 22:32:00 [INFO] [OctoBans] ibqwze_ sql checked, record: spammp by LsAnGfRoId to -1
16-01-18 22:32:00 [INFO] [OctoBans] ibqwze_ sql checked, record: insultesrv by Furiomaniak to 1516155268
16-01-18 22:32:04 [INFO] [OctoBans] progameur sql checked, record: spammp by FiasK0 to -1
16-01-18 22:32:04 [INFO] [OctoBans] progameur sql checked, record: spammp by D3adOrSnipSurYTB to -1
16-01-18 22:32:08 [INFO] [OctoBans] idecow_ sql checked, record: spammp by OCIP_Matth to -1
16-01-18 22:32:38 [INFO] [OctoBans] killeur56 sql checked, record: spammp by PseudooNull to -1
16-01-18 22:33:06 [INFO] [OctoBans] pablo sql checked, record: insulte by Elfideltia to 1516141762
16-01-18 22:33:54 [INFO] [OctoBans] keen0x sql checked, record: spammp by FNGOD to -1
16-01-18 22:35:20 [INFO] [OctoBans] mame sql checked, record: spammp by FiasK0 to -1
16-01-18 22:35:20 [INFO] [OctoBans] mame sql checked, record: spammp by Ourox_ to -1
16-01-18 22:35:20 [INFO] [OctoBans] mame sql checked, record: spammp by tinmar to -1
16-01-18 22:38:22 [INFO] [OctoBans] kaiyoken sql checked, record: spammp by OCIP_Matth to -1
16-01-18 22:40:58 [INFO] [OctoBans] skillbootiis sql checked, record: doubleposte by SkillBOotiiS to 1508793799
16-01-18 22:40:58 [INFO] [OctoBans] skillbootiis sql checked, record: insulte by SkillBOotiiS to 1508847003
16-01-18 22:40:58 [INFO] [OctoBans] skillbootiis sql checked, record: doubleposte by SkillBOotiiS to 1508851878
16-01-18 22:40:58 [INFO] [OctoBans] skillbootiis sql checked, record: doubleposte by SkillBOotiiS to 1508854085
16-01-18 22:40:58 [INFO] [OctoBans] skillbootiis sql checked, record: doubleposte by SkillBOotiiS to 1508854129
16-01-18 22:40:58 [INFO] [OctoBans] skillbootiis sql checked, record: spam by SkillBOotiiS to 1508863834
16-01-18 22:40:58 [INFO] [OctoBans] skillbootiis sql checked, record: provocation by SkillBOotiiS to 1508882416
16-01-18 22:40:58 [INFO] [OctoBans] skillbootiis sql checked, record: provocation by SkillBOotiiS to 1508883018
16-01-18 22:40:58 [INFO] [OctoBans] skillbootiis sql checked, record: provocation by SkillBOotiiS to 1508884410
16-01-18 22:40:58 [INFO] [OctoBans] skillbootiis sql checked, record: doubleposte by SkillBOotiiS to 1508887164
16-01-18 22:40:58 [INFO] [OctoBans] skillbootiis sql checked, record: doubleposte by SkillBOotiiS to 1508888048
16-01-18 22:40:58 [INFO] [OctoBans] skillbootiis sql checked, record: spammp by SkillBOotiiS to -1
16-01-18 22:40:58 [INFO] [OctoBans] skillbootiis sql checked, record: insultegrave by SkillBOotiiS to 1508992520
16-01-18 22:40:58 [INFO] [OctoBans] skillbootiis sql checked, record: insultegrave by SkillBOotiiS to 1508993067
16-01-18 22:40:58 [INFO] [OctoBans] skillbootiis sql checked, record: provocation by SkillBOotiiS to 1508958598
16-01-18 22:40:58 [INFO] [OctoBans] skillbootiis sql checked, record: doubleposte by SkillBOotiiS to 1508961398
16-01-18 22:40:58 [INFO] [OctoBans] skillbootiis sql checked, record: provocation by SkillBOotiiS to 1508961803
16-01-18 22:40:58 [INFO] [OctoBans] skillbootiis sql checked, record: spam by SkillBOotiiS to 1508964724
16-01-18 22:40:58 [INFO] [OctoBans] skillbootiis sql checked, record: homophobie by SkillBOotiiS to 1509048982
16-01-18 22:40:58 [INFO] [OctoBans] skillbootiis sql checked, record: doubleposte by SkillBOotiiS to 1508965073
16-01-18 22:40:58 [INFO] [OctoBans] skillbootiis sql checked, record: doubleposte by SkillBOotiiS to 1508964369
16-01-18 22:40:58 [INFO] [OctoBans] skillbootiis sql checked, record: doubleposte by SkillBOotiiS to 1508965704
16-01-18 22:40:58 [INFO] [OctoBans] skillbootiis sql checked, record: spam by SkillBOotiiS to 1508972618
16-01-18 22:40:58 [INFO] [OctoBans] skillbootiis sql checked, record: insulte by SkillBOotiiS to 1508968174
16-01-18 22:40:58 [INFO] [OctoBans] skillbootiis sql checked, record: doubleposte by SkillBOotiiS to 1508966457
16-01-18 22:40:58 [INFO] [OctoBans] skillbootiis sql checked, record: provocation by SkillBOotiiS to 1508966381
16-01-18 22:40:58 [INFO] [OctoBans] skillbootiis sql checked, record: provocation by SkillBOotiiS to 1508966833
16-01-18 22:40:58 [INFO] [OctoBans] skillbootiis sql checked, record: doubleposte by SkillBOotiiS to 1508967132
16-01-18 22:40:58 [INFO] [OctoBans] skillbootiis sql checked, record: doubleposte by SkillBOotiiS to 1508967197
16-01-18 22:40:58 [INFO] [OctoBans] skillbootiis sql checked, record: doubleposte by SkillBOotiiS to 1508967437
16-01-18 22:40:58 [INFO] [OctoBans] skillbootiis sql checked, record: doubleposte by SkillBOotiiS to 1508967492
16-01-18 22:40:58 [INFO] [OctoBans] skillbootiis sql checked, record: provocation by SkillBOotiiS to 1508967668
16-01-18 22:40:58 [INFO] [OctoBans] skillbootiis sql checked, record: insultegrave by SkillBOotiiS to 1509003477
16-01-18 22:40:58 [INFO] [OctoBans] skillbootiis sql checked, record: insulte by SkillBOotiiS to 1508970240
16-01-18 22:40:58 [INFO] [OctoBans] skillbootiis sql checked, record: doubleposte by SkillBOotiiS to 1508968304
16-01-18 22:40:58 [INFO] [OctoBans] skillbootiis sql checked, record: doubleposte by SkillBOotiiS to 1508968116
16-01-18 22:40:58 [INFO] [OctoBans] skillbootiis sql checked, record: spam by SkillBOotiiS to 1508971543
16-01-18 22:40:58 [INFO] [OctoBans] skillbootiis sql checked, record: provocation by SkillBOotiiS to 1508968322
16-01-18 22:40:58 [INFO] [OctoBans] skillbootiis sql checked, record: spam by SkillBOotiiS to 1508972859
16-01-18 22:40:58 [INFO] [OctoBans] skillbootiis sql checked, record: spam by SkillBOotiiS to 1508972888
16-01-18 22:40:58 [INFO] [OctoBans] skillbootiis sql checked, record: doubleposte by SkillBOotiiS to 1508970738
16-01-18 22:40:58 [INFO] [OctoBans] skillbootiis sql checked, record: doubleposte by SkillBOotiiS to 1508971096
16-01-18 22:40:58 [INFO] [OctoBans] skillbootiis sql checked, record: doubleposte by SkillBOotiiS to 1508973319
16-01-18 22:40:58 [INFO] [OctoBans] skillbootiis sql checked, record: spam by SkillBOotiiS to 1508976794
16-01-18 22:40:58 [INFO] [OctoBans] skillbootiis sql checked, record: doubleposte by SkillBOotiiS to 1509017170
16-01-18 22:40:58 [INFO] [OctoBans] skillbootiis sql checked, record: doubleposte by SkillBOotiiS to 1509018403
16-01-18 22:40:58 [INFO] [OctoBans] skillbootiis sql checked, record: doubleposte by SkillBOotiiS to 1509019106
16-01-18 22:40:58 [INFO] [OctoBans] skillbootiis sql checked, record: doubleposte by SkillBOotiiS to 1509024518
16-01-18 22:40:58 [INFO] [OctoBans] skillbootiis sql checked, record: provocation by SkillBOotiiS to 1509027645
16-01-18 22:40:58 [INFO] [OctoBans] skillbootiis sql checked, record: doubleposte by SkillBOotiiS to 1509034203
16-01-18 22:40:58 [INFO] [OctoBans] skillbootiis sql checked, record: provocation by SkillBOotiiS to 1509034246
16-01-18 22:40:58 [INFO] [OctoBans] skillbootiis sql checked, record: doubleposte by SkillBOotiiS to 1509034880
16-01-18 22:40:58 [INFO] [OctoBans] skillbootiis sql checked, record: doubleposte by SkillBOotiiS to 1509037561
16-01-18 22:40:58 [INFO] [OctoBans] skillbootiis sql checked, record: insultegrave by SkillBOotiiS to 1509108752
16-01-18 22:40:58 [INFO] [OctoBans] skillbootiis sql checked, record: pubsrv by SkillBOotiiS to 1509040674
16-01-18 22:40:58 [INFO] [OctoBans] skillbootiis sql checked, record: doubleposte by SkillBOotiiS to 1509046538
16-01-18 22:40:58 [INFO] [OctoBans] skillbootiis sql checked, record: doubleposte by SkillBOotiiS to 1509046756
16-01-18 22:40:58 [INFO] [OctoBans] skillbootiis sql checked, record: spam by SkillBOotiiS to 1509112624
16-01-18 22:40:58 [INFO] [OctoBans] skillbootiis sql checked, record: provocation by SkillBOotiiS to 1509111667
16-01-18 22:40:58 [INFO] [OctoBans] skillbootiis sql checked, record: doubleposte by SkillBOotiiS to 1509113743
16-01-18 22:40:58 [INFO] [OctoBans] skillbootiis sql checked, record: spammp by SkillBOotiiS to -1
16-01-18 22:40:58 [INFO] [OctoBans] skillbootiis sql checked, record: doubleposte by SkillBOotiiS to 1509116583
16-01-18 22:40:58 [INFO] [OctoBans] skillbootiis sql checked, record: doubleposte by SkillBOotiiS to 1509116473
16-01-18 22:40:58 [INFO] [OctoBans] skillbootiis sql checked, record: doubleposte by SkillBOotiiS to 1509118703
16-01-18 22:40:58 [INFO] [OctoBans] skillbootiis sql checked, record: doubleposte by SkillBOotiiS to 1509118678
16-01-18 22:40:58 [INFO] [OctoBans] skillbootiis sql checked, record: doubleposte by SkillBOotiiS to 1509118614
16-01-18 22:40:58 [INFO] [OctoBans] skillbootiis sql checked, record: doubleposte by SkillBOotiiS to 1509120571
16-01-18 22:40:58 [INFO] [OctoBans] skillbootiis sql checked, record: provocation by SkillBOotiiS to 1509132509
16-01-18 22:40:58 [INFO] [OctoBans] skillbootiis sql checked, record: doubleposte by SkillBOotiiS to 1509130316
16-01-18 22:40:58 [INFO] [OctoBans] skillbootiis sql checked, record: spam by SkillBOotiiS to 1509134585
16-01-18 22:40:58 [INFO] [OctoBans] skillbootiis sql checked, record: insulte by SkillBOotiiS to 1509133740
16-01-18 22:40:58 [INFO] [OctoBans] skillbootiis sql checked, record: spam by SkillBOotiiS to 1509156465
16-01-18 22:40:58 [INFO] [OctoBans] skillbootiis sql checked, record: insultegrave by SkillBOotiiS to 1509213411
16-01-18 22:40:58 [INFO] [OctoBans] skillbootiis sql checked, record: doubleposte by SkillBOotiiS to 1509218736
16-01-18 22:40:58 [INFO] [OctoBans] skillbootiis sql checked, record: doubleposte by SkillBOotiiS to 1509219244
16-01-18 22:40:58 [INFO] [OctoBans] skillbootiis sql checked, record: doubleposte by SkillBOotiiS to 1509219917
16-01-18 22:40:58 [INFO] [OctoBans] skillbootiis sql checked, record: doubleposte by SkillBOotiiS to 1509220021
16-01-18 22:40:58 [INFO] [OctoBans] skillbootiis sql checked, record: provocation by SkillBOotiiS to 1509221053
16-01-18 22:40:58 [INFO] [OctoBans] skillbootiis sql checked, record: spam by SkillBOotiiS to 1509230871
16-01-18 22:40:58 [INFO] [OctoBans] skillbootiis sql checked, record: provocation by SkillBOotiiS to 1509221120
16-01-18 22:40:58 [INFO] [OctoBans] skillbootiis sql checked, record: spam by SkillBOotiiS to 1509224817
16-01-18 22:40:58 [INFO] [OctoBans] skillbootiis sql checked, record: incitationflood by SkillBOotiiS to 1509394368
16-01-18 22:40:58 [INFO] [OctoBans] skillbootiis sql checked, record: provocation by SkillBOotiiS to 1509222886
16-01-18 22:40:58 [INFO] [OctoBans] skillbootiis sql checked, record: doubleposte by SkillBOotiiS to 1509223299
16-01-18 22:40:58 [INFO] [OctoBans] skillbootiis sql checked, record: spammp by SkillBOotiiS to -1
16-01-18 22:40:58 [INFO] [OctoBans] skillbootiis sql checked, record: spam by SkillBOotiiS to 1509227317
16-01-18 22:40:58 [INFO] [OctoBans] skillbootiis sql checked, record: spammp by SkillBOotiiS to -1
16-01-18 22:40:58 [INFO] [OctoBans] skillbootiis sql checked, record: doubleposte by SkillBOotiiS to 1509224995
16-01-18 22:40:58 [INFO] [OctoBans] skillbootiis sql checked, record: doubleposte by SkillBOotiiS to 1509224184
16-01-18 22:40:58 [INFO] [OctoBans] skillbootiis sql checked, record: provocation by SkillBOotiiS to 1509225117
16-01-18 22:40:58 [INFO] [OctoBans] skillbootiis sql checked, record: spam by SkillBOotiiS to 1509227588
16-01-18 22:40:58 [INFO] [OctoBans] skillbootiis sql checked, record: doubleposte by SkillBOotiiS to 1509225566
16-01-18 22:40:58 [INFO] [OctoBans] skillbootiis sql checked, record: insulte by SkillBOotiiS to 1509228860
16-01-18 22:40:58 [INFO] [OctoBans] skillbootiis sql checked, record: doubleposte by SkillBOotiiS to 1509228815
16-01-18 22:40:58 [INFO] [OctoBans] skillbootiis sql checked, record: provocation by SkillBOotiiS to 1509230049
16-01-18 22:40:58 [INFO] [OctoBans] skillbootiis sql checked, record: provocation by SkillBOotiiS to 1509228977
16-01-18 22:40:58 [INFO] [OctoBans] skillbootiis sql checked, record: doubleposte by SkillBOotiiS to 1509229474
16-01-18 22:40:58 [INFO] [OctoBans] skillbootiis sql checked, record: provocation by SkillBOotiiS to 1509229626
16-01-18 22:40:58 [INFO] [OctoBans] skillbootiis sql checked, record: doubleposte by SkillBOotiiS to 1509232185
16-01-18 22:40:58 [INFO] [OctoBans] skillbootiis sql checked, record: provocation by SkillBOotiiS to 1509232615
16-01-18 22:40:58 [INFO] [OctoBans] skillbootiis sql checked, record: provocation by SkillBOotiiS to 1509283072
16-01-18 22:40:58 [INFO] [OctoBans] skillbootiis sql checked, record: spam by SkillBOotiiS to 1509286571
16-01-18 22:40:58 [INFO] [OctoBans] skillbootiis sql checked, record: provocation by SkillBOotiiS to 1509283282
16-01-18 22:40:58 [INFO] [OctoBans] skillbootiis sql checked, record: doubleposte by SkillBOotiiS to 1509315759
16-01-18 22:40:58 [INFO] [OctoBans] skillbootiis sql checked, record: doubleposte by SkillBOotiiS to 1509316548
16-01-18 22:40:58 [INFO] [OctoBans] skillbootiis sql checked, record: doubleposte by SkillBOotiiS to 1509319342
16-01-18 22:40:58 [INFO] [OctoBans] skillbootiis sql checked, record: spammp by SkillBOotiiS to -1
16-01-18 22:40:58 [INFO] [OctoBans] skillbootiis sql checked, record: provocation by SkillBOotiiS to 1509318248
16-01-18 22:40:58 [INFO] [OctoBans] skillbootiis sql checked, record: provocation by SkillBOotiiS to 1509318000
16-01-18 22:40:58 [INFO] [OctoBans] skillbootiis sql checked, record: doubleposte by SkillBOotiiS to 1509318665
16-01-18 22:40:58 [INFO] [OctoBans] skillbootiis sql checked, record: doubleposte by SkillBOotiiS to 1509318815
16-01-18 22:40:58 [INFO] [OctoBans] skillbootiis sql checked, record: provocation by SkillBOotiiS to 1509321040
16-01-18 22:40:58 [INFO] [OctoBans] skillbootiis sql checked, record: insulte by SkillBOotiiS to 1509321741
16-01-18 22:40:58 [INFO] [OctoBans] skillbootiis sql checked, record: spam by SkillBOotiiS to 1509324194
16-01-18 22:40:58 [INFO] [OctoBans] skillbootiis sql checked, record: provocation by SkillBOotiiS to 1509322347
16-01-18 22:40:58 [INFO] [OctoBans] skillbootiis sql checked, record: doubleposte by SkillBOotiiS to 1509322154
16-01-18 22:40:58 [INFO] [OctoBans] skillbootiis sql checked, record: doubleposte by SkillBOotiiS to 1509322285
16-01-18 22:40:58 [INFO] [OctoBans] skillbootiis sql checked, record: doubleposte by SkillBOotiiS to 1509323570
16-01-18 22:40:58 [INFO] [OctoBans] skillbootiis sql checked, record: doubleposte by SkillBOotiiS to 1509323685
16-01-18 22:40:58 [INFO] [OctoBans] skillbootiis sql checked, record: doubleposte by SkillBOotiiS to 1509359958
16-01-18 22:40:58 [INFO] [OctoBans] skillbootiis sql checked, record: doubleposte by SkillBOotiiS to 1509361017
16-01-18 22:40:58 [INFO] [OctoBans] skillbootiis sql checked, record: insulte by SkillBOotiiS to 1509365152
16-01-18 22:40:58 [INFO] [OctoBans] skillbootiis sql checked, record: doubleposte by SkillBOotiiS to 1509363775
16-01-18 22:40:58 [INFO] [OctoBans] skillbootiis sql checked, record: provocation by SkillBOotiiS to 1509367379
16-01-18 22:40:58 [INFO] [OctoBans] skillbootiis sql checked, record: provocation by SkillBOotiiS to 1509367751
16-01-18 22:40:58 [INFO] [OctoBans] skillbootiis sql checked, record: doubleposte by SkillBOotiiS to 1509367069
16-01-18 22:40:58 [INFO] [OctoBans] skillbootiis sql checked, record: spam by SkillBOotiiS to 1509398345
16-01-18 22:40:58 [INFO] [OctoBans] skillbootiis sql checked, record: doubleposte by SkillBOotiiS to 1509395305
16-01-18 22:40:58 [INFO] [OctoBans] skillbootiis sql checked, record: doubleposte by SkillBOotiiS to 1509395470
16-01-18 22:40:58 [INFO] [OctoBans] skillbootiis sql checked, record: doubleposte by SkillBOotiiS to 1509399667
16-01-18 22:40:58 [INFO] [OctoBans] skillbootiis sql checked, record: insulte by SkillBOotiiS to 1509406150
16-01-18 22:40:58 [INFO] [OctoBans] skillbootiis sql checked, record: doubleposte by SkillBOotiiS to 1509399000
16-01-18 22:40:58 [INFO] [OctoBans] skillbootiis sql checked, record: doubleposte by SkillBOotiiS to 1509399745
16-01-18 22:40:58 [INFO] [OctoBans] skillbootiis sql checked, record: insultegrave by SkillBOotiiS to 1509435510
16-01-18 22:40:58 [INFO] [OctoBans] skillbootiis sql checked, record: doubleposte by SkillBOotiiS to 1509401822
16-01-18 22:40:58 [INFO] [OctoBans] skillbootiis sql checked, record: doubleposte by SkillBOotiiS to 1509459760
16-01-18 22:40:58 [INFO] [OctoBans] skillbootiis sql checked, record: doubleposte by SkillBOotiiS to 1509460780
16-01-18 22:40:58 [INFO] [OctoBans] skillbootiis sql checked, record: doubleposte by SkillBOotiiS to 1509460812
16-01-18 22:40:58 [INFO] [OctoBans] skillbootiis sql checked, record: provocation by SkillBOotiiS to 1509462129
16-01-18 22:40:58 [INFO] [OctoBans] skillbootiis sql checked, record: insultegrave by SkillBOotiiS to 1509534234
16-01-18 22:40:58 [INFO] [OctoBans] skillbootiis sql checked, record: doubleposte by SkillBOotiiS to 1509471595
16-01-18 22:40:58 [INFO] [OctoBans] skillbootiis sql checked, record: insultegrave by SkillBOotiiS to 1509509088
16-01-18 22:40:58 [INFO] [OctoBans] skillbootiis sql checked, record: doubleposte by SkillBOotiiS to 1509474800
16-01-18 22:40:58 [INFO] [OctoBans] skillbootiis sql checked, record: spammp by SkillBOotiiS to -1
16-01-18 22:40:58 [INFO] [OctoBans] skillbootiis sql checked, record: doubleposte by SkillBOotiiS to 1509477642
16-01-18 22:40:58 [INFO] [OctoBans] skillbootiis sql checked, record: doubleposte by SkillBOotiiS to 1509478353
16-01-18 22:40:58 [INFO] [OctoBans] skillbootiis sql checked, record: doubleposte by SkillBOotiiS to 1509478670
16-01-18 22:40:58 [INFO] [OctoBans] skillbootiis sql checked, record: doubleposte by SkillBOotiiS to 1509544910
16-01-18 22:40:58 [INFO] [OctoBans] skillbootiis sql checked, record: provocation by SkillBOotiiS to 1509553125
16-01-18 22:40:58 [INFO] [OctoBans] skillbootiis sql checked, record: insulte by SkillBOotiiS to 1509555982
16-01-18 22:40:58 [INFO] [OctoBans] skillbootiis sql checked, record: provocation by SkillBOotiiS to 1509554373
16-01-18 22:40:58 [INFO] [OctoBans] skillbootiis sql checked, record: provocation by SkillBOotiiS to 1509557020
16-01-18 22:40:58 [INFO] [OctoBans] skillbootiis sql checked, record: doubleposte by SkillBOotiiS to 1509567234
16-01-18 22:40:58 [INFO] [OctoBans] skillbootiis sql checked, record: doubleposte by SkillBOotiiS to 1509566912
16-01-18 22:40:58 [INFO] [OctoBans] skillbootiis sql checked, record: doubleposte by SkillBOotiiS to 1509568348
16-01-18 22:40:58 [INFO] [OctoBans] skillbootiis sql checked, record: doubleposte by SkillBOotiiS to 1509805648
16-01-18 22:40:58 [INFO] [OctoBans] skillbootiis sql checked, record: spam by SkillBOotiiS to 1509808959
16-01-18 22:40:58 [INFO] [OctoBans] skillbootiis sql checked, record: spam by SkillBOotiiS to 1509809309
16-01-18 22:40:58 [INFO] [OctoBans] skillbootiis sql checked, record: doubleposte by SkillBOotiiS to 1509809230
16-01-18 22:40:58 [INFO] [OctoBans] skillbootiis sql checked, record: insulte by SkillBOotiiS to 1509814656
16-01-18 22:40:58 [INFO] [OctoBans] skillbootiis sql checked, record: provocation by SkillBOotiiS to 1509807436
16-01-18 22:40:58 [INFO] [OctoBans] skillbootiis sql checked, record: provocation by SkillBOotiiS to 1509807557
16-01-18 22:40:58 [INFO] [OctoBans] skillbootiis sql checked, record: provocation by SkillBOotiiS to 1509811204
16-01-18 22:40:58 [INFO] [OctoBans] skillbootiis sql checked, record: spam by SkillBOotiiS to 1509829279
16-01-18 22:40:58 [INFO] [OctoBans] skillbootiis sql checked, record: doubleposte by SkillBOotiiS to 1509808347
16-01-18 22:40:58 [INFO] [OctoBans] skillbootiis sql checked, record: doubleposte by SkillBOotiiS to 1509815053
16-01-18 22:40:58 [INFO] [OctoBans] skillbootiis sql checked, record: doubleposte by SkillBOotiiS to 1509814781
16-01-18 22:40:58 [INFO] [OctoBans] skillbootiis sql checked, record: provocation by SkillBOotiiS to 1509815865
16-01-18 22:40:58 [INFO] [OctoBans] skillbootiis sql checked, record: doubleposte by SkillBOotiiS to 1509816125
16-01-18 22:40:58 [INFO] [OctoBans] skillbootiis sql checked, record: doubleposte by SkillBOotiiS to 1509817159
16-01-18 22:40:58 [INFO] [OctoBans] skillbootiis sql checked, record: doubleposte by SkillBOotiiS to 1509822653
16-01-18 22:40:58 [INFO] [OctoBans] skillbootiis sql checked, record: doubleposte by SkillBOotiiS to 1509823329
16-01-18 22:40:58 [INFO] [OctoBans] skillbootiis sql checked, record: insulte by SkillBOotiiS to 1509826730
16-01-18 22:40:58 [INFO] [OctoBans] skillbootiis sql checked, record: provocation by SkillBOotiiS to 1509825079
16-01-18 22:40:58 [INFO] [OctoBans] skillbootiis sql checked, record: spam by SkillBOotiiS to 1509835003
16-01-18 22:40:58 [INFO] [OctoBans] skillbootiis sql checked, record: insulte by SkillBOotiiS to 1509831585
16-01-18 22:40:58 [INFO] [OctoBans] skillbootiis sql checked, record: doubleposte by SkillBOotiiS to 1509832479
16-01-18 22:40:58 [INFO] [OctoBans] skillbootiis sql checked, record: provocation by SkillBOotiiS to 1509830631
16-01-18 22:40:58 [INFO] [OctoBans] skillbootiis sql checked, record: provocation by SkillBOotiiS to 1509830716
16-01-18 22:40:58 [INFO] [OctoBans] skillbootiis sql checked, record: provocation by SkillBOotiiS to 1509831714
16-01-18 22:40:58 [INFO] [OctoBans] skillbootiis sql checked, record: doubleposte by SkillBOotiiS to 1509831260
16-01-18 22:40:58 [INFO] [OctoBans] skillbootiis sql checked, record: spam by SkillBOotiiS to 1509834266
16-01-18 22:40:58 [INFO] [OctoBans] skillbootiis sql checked, record: insulte by SkillBOotiiS to 1509833440
16-01-18 22:40:58 [INFO] [OctoBans] skillbootiis sql checked, record: provocation by SkillBOotiiS to 1509833926
16-01-18 22:40:58 [INFO] [OctoBans] skillbootiis sql checked, record: doubleposte by SkillBOotiiS to 1509833169
16-01-18 22:40:58 [INFO] [OctoBans] skillbootiis sql checked, record: provocation by SkillBOotiiS to 1509832586
16-01-18 22:40:58 [INFO] [OctoBans] skillbootiis sql checked, record: provocation by SkillBOotiiS to 1509836645
16-01-18 22:40:58 [INFO] [OctoBans] skillbootiis sql checked, record: provocation by SkillBOotiiS to 1509834357
16-01-18 22:40:58 [INFO] [OctoBans] skillbootiis sql checked, record: doubleposte by SkillBOotiiS to 1509833244
16-01-18 22:40:58 [INFO] [OctoBans] skillbootiis sql checked, record: spam by SkillBOotiiS to 1509839849
16-01-18 22:40:58 [INFO] [OctoBans] skillbootiis sql checked, record: spam by SkillBOotiiS to 1509839864
16-01-18 22:40:58 [INFO] [OctoBans] skillbootiis sql checked, record: provocation by SkillBOotiiS to 1509832989
16-01-18 22:40:58 [INFO] [OctoBans] skillbootiis sql checked, record: spam by SkillBOotiiS to 1509836298
16-01-18 22:40:58 [INFO] [OctoBans] skillbootiis sql checked, record: insulte by SkillBOotiiS to 1509835421
16-01-18 22:40:58 [INFO] [OctoBans] skillbootiis sql checked, record: provocation by SkillBOotiiS to 1509834166
16-01-18 22:40:58 [INFO] [OctoBans] skillbootiis sql checked, record: spam by SkillBOotiiS to 1509836710
16-01-18 22:40:58 [INFO] [OctoBans] skillbootiis sql checked, record: provocation by SkillBOotiiS to 1509834507
16-01-18 22:40:58 [INFO] [OctoBans] skillbootiis sql checked, record: insultegrave by SkillBOotiiS to 1509942271
16-01-18 22:40:58 [INFO] [OctoBans] skillbootiis sql checked, record: doubleposte by SkillBOotiiS to 1509836794
16-01-18 22:40:58 [INFO] [OctoBans] skillbootiis sql checked, record: doubleposte by SkillBOotiiS to 1509834992
16-01-18 22:40:58 [INFO] [OctoBans] skillbootiis sql checked, record: spam by SkillBOotiiS to 1509838493
16-01-18 22:40:58 [INFO] [OctoBans] skillbootiis sql checked, record: spammp by SkillBOotiiS to -1
16-01-18 22:40:58 [INFO] [OctoBans] skillbootiis sql checked, record: doubleposte by SkillBOotiiS to 1509896472
16-01-18 22:40:58 [INFO] [OctoBans] skillbootiis sql checked, record: spam by SkillBOotiiS to 1509914188
16-01-18 22:40:58 [INFO] [OctoBans] skillbootiis sql checked, record: provocation by SkillBOotiiS to 1509898334
16-01-18 22:40:58 [INFO] [OctoBans] skillbootiis sql checked, record: spam by SkillBOotiiS to 1509905533
16-01-18 22:40:58 [INFO] [OctoBans] skillbootiis sql checked, record: spam by SkillBOotiiS to 1509905700
16-01-18 22:40:58 [INFO] [OctoBans] skillbootiis sql checked, record: doubleposte by SkillBOotiiS to 1509915001
16-01-18 22:40:58 [INFO] [OctoBans] skillbootiis sql checked, record: doubleposte by SkillBOotiiS to 1509993468
16-01-18 22:40:58 [INFO] [OctoBans] skillbootiis sql checked, record: doubleposte by SkillBOotiiS to 1509993709
16-01-18 22:40:58 [INFO] [OctoBans] skillbootiis sql checked, record: doubleposte by SkillBOotiiS to 1510000992
16-01-18 22:40:58 [INFO] [OctoBans] skillbootiis sql checked, record: provocation by SkillBOotiiS to 1510002266
16-01-18 22:40:58 [INFO] [OctoBans] skillbootiis sql checked, record: doubleposte by SkillBOotiiS to 1510002148
16-01-18 22:40:58 [INFO] [OctoBans] skillbootiis sql checked, record: doubleposte by SkillBOotiiS to 1510002757
16-01-18 22:40:58 [INFO] [OctoBans] skillbootiis sql checked, record: spam by SkillBOotiiS to 1510006712
16-01-18 22:40:58 [INFO] [OctoBans] skillbootiis sql checked, record: provocation by SkillBOotiiS to 1510003455
16-01-18 22:40:58 [INFO] [OctoBans] skillbootiis sql checked, record: spam by SkillBOotiiS to 1510011459
16-01-18 22:40:58 [INFO] [OctoBans] skillbootiis sql checked, record: doubleposte by SkillBOotiiS to 1510077611
16-01-18 22:40:58 [INFO] [OctoBans] skillbootiis sql checked, record: doubleposte by SkillBOotiiS to 1510078051
16-01-18 22:40:58 [INFO] [OctoBans] skillbootiis sql checked, record: doubleposte by SkillBOotiiS to 1510077797
16-01-18 22:40:58 [INFO] [OctoBans] skillbootiis sql checked, record: spam by SkillBOotiiS to 1510089920
16-01-18 22:40:58 [INFO] [OctoBans] skillbootiis sql checked, record: insultegrave by SkillBOotiiS to 1510117193
16-01-18 22:40:58 [INFO] [OctoBans] skillbootiis sql checked, record: provocation by SkillBOotiiS to 1510087925
16-01-18 22:40:58 [INFO] [OctoBans] skillbootiis sql checked, record: doubleposte by SkillBOotiiS to 1510089988
16-01-18 22:40:58 [INFO] [OctoBans] skillbootiis sql checked, record: doubleposte by SkillBOotiiS to 1510091814
16-01-18 22:40:58 [INFO] [OctoBans] skillbootiis sql checked, record: spam by SkillBOotiiS to 1510115958
16-01-18 22:40:58 [INFO] [OctoBans] skillbootiis sql checked, record: provocation by SkillBOotiiS to 1510092758
16-01-18 22:40:58 [INFO] [OctoBans] skillbootiis sql checked, record: doubleposte by SkillBOotiiS to 1510092486
16-01-18 22:40:58 [INFO] [OctoBans] skillbootiis sql checked, record: spam by SkillBOotiiS to 1510095183
16-01-18 22:40:58 [INFO] [OctoBans] skillbootiis sql checked, record: spam by SkillBOotiiS to 1510151137
16-01-18 22:40:58 [INFO] [OctoBans] skillbootiis sql checked, record: spam by SkillBOotiiS to 1510162831
16-01-18 22:40:58 [INFO] [OctoBans] skillbootiis sql checked, record: insultesrv by SkillBOotiiS to 1510170773
16-01-18 22:40:58 [INFO] [OctoBans] skillbootiis sql checked, record: spammp by SkillBOotiiS to -1
16-01-18 22:40:58 [INFO] [OctoBans] skillbootiis sql checked, record: doubleposte by SkillBOotiiS to 1510155484
16-01-18 22:40:58 [INFO] [OctoBans] skillbootiis sql checked, record: doubleposte by SkillBOotiiS to 1510156447
16-01-18 22:40:58 [INFO] [OctoBans] skillbootiis sql checked, record: spam by SkillBOotiiS to 1510159070
16-01-18 22:40:58 [INFO] [OctoBans] skillbootiis sql checked, record: spam by SkillBOotiiS to 1510166236
16-01-18 22:40:58 [INFO] [OctoBans] skillbootiis sql checked, record: doubleposte by SkillBOotiiS to 1510160269
16-01-18 22:40:58 [INFO] [OctoBans] skillbootiis sql checked, record: spam by SkillBOotiiS to 1510264916
16-01-18 22:40:58 [INFO] [OctoBans] skillbootiis sql checked, record: insultegrave by SkillBOotiiS to 1510330064
16-01-18 22:40:58 [INFO] [OctoBans] skillbootiis sql checked, record: doubleposte by SkillBOotiiS to 1510259033
16-01-18 22:40:58 [INFO] [OctoBans] skillbootiis sql checked, record: spam by SkillBOotiiS to 1510263918
16-01-18 22:40:58 [INFO] [OctoBans] skillbootiis sql checked, record: spam by SkillBOotiiS to 1510273310
16-01-18 22:40:58 [INFO] [OctoBans] skillbootiis sql checked, record: insulte by SkillBOotiiS to 1510266037
16-01-18 22:40:58 [INFO] [OctoBans] skillbootiis sql checked, record: insultegrave by SkillBOotiiS to 1510443521
16-01-18 22:40:58 [INFO] [OctoBans] skillbootiis sql checked, record: provocation by SkillBOotiiS to 1510337988
16-01-18 22:40:58 [INFO] [OctoBans] skillbootiis sql checked, record: doubleposte by SkillBOotiiS to 1510340051
16-01-18 22:40:58 [INFO] [OctoBans] skillbootiis sql checked, record: doubleposte by SkillBOotiiS to 1510338904
16-01-18 22:40:58 [INFO] [OctoBans] skillbootiis sql checked, record: spam by SkillBOotiiS to 1510341783
16-01-18 22:40:58 [INFO] [OctoBans] skillbootiis sql checked, record: provocation by SkillBOotiiS to 1510338938
16-01-18 22:40:58 [INFO] [OctoBans] skillbootiis sql checked, record: doubleposte by SkillBOotiiS to 1510338742
16-01-18 22:40:58 [INFO] [OctoBans] skillbootiis sql checked, record: provocation by SkillBOotiiS to 1510344539
16-01-18 22:40:58 [INFO] [OctoBans] skillbootiis sql checked, record: provocation by SkillBOotiiS to 1510343949
16-01-18 22:40:58 [INFO] [OctoBans] skillbootiis sql checked, record: provocation by SkillBOotiiS to 1510346236
16-01-18 22:40:58 [INFO] [OctoBans] skillbootiis sql checked, record: doubleposte by SkillBOotiiS to 1510345686
16-01-18 22:40:58 [INFO] [OctoBans] skillbootiis sql checked, record: doubleposte by SkillBOotiiS to 1510347007
16-01-18 22:40:58 [INFO] [OctoBans] skillbootiis sql checked, record: spam by SkillBOotiiS to 1510349272
16-01-18 22:40:58 [INFO] [OctoBans] skillbootiis sql checked, record: doubleposte by SkillBOotiiS to 1510348940
16-01-18 22:40:58 [INFO] [OctoBans] skillbootiis sql checked, record: spam by SkillBOotiiS to 1510363594
16-01-18 22:40:58 [INFO] [OctoBans] skillbootiis sql checked, record: spam by SkillBOotiiS to 1510360770
16-01-18 22:40:58 [INFO] [OctoBans] skillbootiis sql checked, record: insultegrave by SkillBOotiiS to 1510393200
16-01-18 22:40:58 [INFO] [OctoBans] skillbootiis sql checked, record: insulte by SkillBOotiiS to 1510364872
16-01-18 22:40:58 [INFO] [OctoBans] skillbootiis sql checked, record: doubleposte by SkillBOotiiS to 1510363212
16-01-18 22:40:58 [INFO] [OctoBans] skillbootiis sql checked, record: doubleposte by SkillBOotiiS to 1510415855
16-01-18 22:40:58 [INFO] [OctoBans] skillbootiis sql checked, record: doubleposte by SkillBOotiiS to 1510416899
16-01-18 22:40:58 [INFO] [OctoBans] skillbootiis sql checked, record: spam by SkillBOotiiS to 1510424107
16-01-18 22:40:58 [INFO] [OctoBans] skillbootiis sql checked, record: doubleposte by SkillBOotiiS to 1510420000
16-01-18 22:40:58 [INFO] [OctoBans] skillbootiis sql checked, record: doubleposte by SkillBOotiiS to 1510424925
16-01-18 22:40:58 [INFO] [OctoBans] skillbootiis sql checked, record: provocation by SkillBOotiiS to 1510426388
16-01-18 22:40:58 [INFO] [OctoBans] skillbootiis sql checked, record: insulte by SkillBOotiiS to 1510428365
16-01-18 22:40:58 [INFO] [OctoBans] skillbootiis sql checked, record: doubleposte by SkillBOotiiS to 1510426801
16-01-18 22:40:58 [INFO] [OctoBans] skillbootiis sql checked, record: doubleposte by SkillBOotiiS to 1510597794
16-01-18 22:40:58 [INFO] [OctoBans] skillbootiis sql checked, record: provocation by SkillBOotiiS to 1510597622
16-01-18 22:40:58 [INFO] [OctoBans] skillbootiis sql checked, record: doubleposte by SkillBOotiiS to 1510600216
16-01-18 22:40:58 [INFO] [OctoBans] skillbootiis sql checked, record: doubleposte by SkillBOotiiS to 1510600160
16-01-18 22:40:58 [INFO] [OctoBans] skillbootiis sql checked, record: doubleposte by SkillBOotiiS to 1510600297
16-01-18 22:40:58 [INFO] [OctoBans] skillbootiis sql checked, record: doubleposte by SkillBOotiiS to 1510602533
16-01-18 22:40:58 [INFO] [OctoBans] skillbootiis sql checked, record: spam by SkillBOotiiS to 1510605648
16-01-18 22:40:58 [INFO] [OctoBans] skillbootiis sql checked, record: provocation by SkillBOotiiS to 1510603058
16-01-18 22:40:58 [INFO] [OctoBans] skillbootiis sql checked, record: spam by SkillBOotiiS to 1510605823
16-01-18 22:40:58 [INFO] [OctoBans] skillbootiis sql checked, record: provocation by SkillBOotiiS to 1510608510
16-01-18 22:40:58 [INFO] [OctoBans] skillbootiis sql checked, record: doubleposte by SkillBOotiiS to 1510689037
16-01-18 22:40:58 [INFO] [OctoBans] skillbootiis sql checked, record: provocation by SkillBOotiiS to 1510688874
16-01-18 22:40:58 [INFO] [OctoBans] skillbootiis sql checked, record: provocation by SkillBOotiiS to 1510695837
16-01-18 22:40:58 [INFO] [OctoBans] skillbootiis sql checked, record: provocation by SkillBOotiiS to 1510692903
16-01-18 22:40:58 [INFO] [OctoBans] skillbootiis sql checked, record: provocation by SkillBOotiiS to 1510693794
16-01-18 22:40:58 [INFO] [OctoBans] skillbootiis sql checked, record: insultegrave by SkillBOotiiS to 1510767887
16-01-18 22:40:58 [INFO] [OctoBans] skillbootiis sql checked, record: doubleposte by SkillBOotiiS to 1510698620
16-01-18 22:40:58 [INFO] [OctoBans] skillbootiis sql checked, record: provocation by SkillBOotiiS to 1510697612
16-01-18 22:40:58 [INFO] [OctoBans] skillbootiis sql checked, record: spam by SkillBOotiiS to 1510707749
16-01-18 22:40:58 [INFO] [OctoBans] skillbootiis sql checked, record: provocation by SkillBOotiiS to 1510750951
16-01-18 22:40:58 [INFO] [OctoBans] skillbootiis sql checked, record: provocation by SkillBOotiiS to 1510749523
16-01-18 22:40:58 [INFO] [OctoBans] skillbootiis sql checked, record: provocation by SkillBOotiiS to 1510749787
16-01-18 22:40:58 [INFO] [OctoBans] skillbootiis sql checked, record: insultegrave by SkillBOotiiS to 1510785692
16-01-18 22:40:58 [INFO] [OctoBans] skillbootiis sql checked, record: doubleposte by SkillBOotiiS to 1510750180
16-01-18 22:40:58 [INFO] [OctoBans] skillbootiis sql checked, record: spam by SkillBOotiiS to 1510753635
16-01-18 22:40:58 [INFO] [OctoBans] skillbootiis sql checked, record: spam by SkillBOotiiS to 1510761085
16-01-18 22:40:58 [INFO] [OctoBans] skillbootiis sql checked, record: provocation by SkillBOotiiS to 1510751223
16-01-18 22:40:58 [INFO] [OctoBans] skillbootiis sql checked, record: provocation by SkillBOotiiS to 1510751252
16-01-18 22:40:58 [INFO] [OctoBans] skillbootiis sql checked, record: insultegrave by SkillBOotiiS to 1510788644
16-01-18 22:40:58 [INFO] [OctoBans] skillbootiis sql checked, record: doubleposte by SkillBOotiiS to 1510753553
16-01-18 22:40:58 [INFO] [OctoBans] skillbootiis sql checked, record: spam by SkillBOotiiS to 1510764432
16-01-18 22:40:58 [INFO] [OctoBans] skillbootiis sql checked, record: spam by SkillBOotiiS to 1510764534
16-01-18 22:40:58 [INFO] [OctoBans] skillbootiis sql checked, record: doubleposte by SkillBOotiiS to 1510758956
16-01-18 22:40:58 [INFO] [OctoBans] skillbootiis sql checked, record: spam by SkillBOotiiS to 1510761371
16-01-18 22:40:58 [INFO] [OctoBans] skillbootiis sql checked, record: doubleposte by SkillBOotiiS to 1510765987
16-01-18 22:40:58 [INFO] [OctoBans] skillbootiis sql checked, record: doubleposte by SkillBOotiiS to 1510767631
16-01-18 22:40:58 [INFO] [OctoBans] skillbootiis sql checked, record: doubleposte by SkillBOotiiS to 1510775150
16-01-18 22:40:58 [INFO] [OctoBans] skillbootiis sql checked, record: doubleposte by SkillBOotiiS to 1510774464
16-01-18 22:40:58 [INFO] [OctoBans] skillbootiis sql checked, record: doubleposte by SkillBOotiiS to 1510775931
16-01-18 22:40:58 [INFO] [OctoBans] skillbootiis sql checked, record: spam by SkillBOotiiS to 1510778120
16-01-18 22:40:58 [INFO] [OctoBans] skillbootiis sql checked, record: insultegrave by SkillBOotiiS to 1510810700
16-01-18 22:40:58 [INFO] [OctoBans] skillbootiis sql checked, record: spam by SkillBOotiiS to 1510789866
16-01-18 22:40:58 [INFO] [OctoBans] skillbootiis sql checked, record: provocation by SkillBOotiiS to 1510780838
16-01-18 22:40:58 [INFO] [OctoBans] skillbootiis sql checked, record: doubleposte by SkillBOotiiS to 1510781492
16-01-18 22:40:58 [INFO] [OctoBans] skillbootiis sql checked, record: provocation by SkillBOotiiS to 1510863642
16-01-18 22:40:58 [INFO] [OctoBans] skillbootiis sql checked, record: doubleposte by SkillBOotiiS to 1510864093
16-01-18 22:40:58 [INFO] [OctoBans] skillbootiis sql checked, record: doubleposte by SkillBOotiiS to 1510864698
16-01-18 22:40:58 [INFO] [OctoBans] skillbootiis sql checked, record: doubleposte by SkillBOotiiS to 1510865351
16-01-18 22:40:58 [INFO] [OctoBans] skillbootiis sql checked, record: spam by SkillBOotiiS to 1510866790
16-01-18 22:40:58 [INFO] [OctoBans] skillbootiis sql checked, record: spam by SkillBOotiiS to 1510944351
16-01-18 22:40:58 [INFO] [OctoBans] skillbootiis sql checked, record: spam by SkillBOotiiS to 1510948042
16-01-18 22:40:58 [INFO] [OctoBans] skillbootiis sql checked, record: doubleposte by SkillBOotiiS to 1510944759
16-01-18 22:40:58 [INFO] [OctoBans] skillbootiis sql checked, record: insultegrave by SkillBOotiiS to 1510981521
16-01-18 22:40:58 [INFO] [OctoBans] skillbootiis sql checked, record: insultegrave by SkillBOotiiS to 1510981541
16-01-18 22:40:58 [INFO] [OctoBans] skillbootiis sql checked, record: doubleposte by SkillBOotiiS to 1510946145
16-01-18 22:40:58 [INFO] [OctoBans] skillbootiis sql checked, record: insultegrave by SkillBOotiiS to 1511053563
16-01-18 22:40:58 [INFO] [OctoBans] skillbootiis sql checked, record: doubleposte by SkillBOotiiS to 1510948427
16-01-18 22:40:58 [INFO] [OctoBans] skillbootiis sql checked, record: doubleposte by SkillBOotiiS to 1510948380
16-01-18 22:40:58 [INFO] [OctoBans] skillbootiis sql checked, record: spam by SkillBOotiiS to 1510957182
16-01-18 22:40:58 [INFO] [OctoBans] skillbootiis sql checked, record: doubleposte by SkillBOotiiS to 1510950410
16-01-18 22:40:58 [INFO] [OctoBans] skillbootiis sql checked, record: spam by SkillBOotiiS to 1510954025
16-01-18 22:40:58 [INFO] [OctoBans] skillbootiis sql checked, record: doubleposte by SkillBOotiiS to 1511019228
16-01-18 22:40:58 [INFO] [OctoBans] skillbootiis sql checked, record: insulte by SkillBOotiiS to 1511021745
16-01-18 22:40:58 [INFO] [OctoBans] skillbootiis sql checked, record: doubleposte by SkillBOotiiS to 1511019973
16-01-18 22:40:58 [INFO] [OctoBans] skillbootiis sql checked, record: doubleposte by SkillBOotiiS to 1511020647
16-01-18 22:40:58 [INFO] [OctoBans] skillbootiis sql checked, record: insultegrave by SkillBOotiiS to 1511056720
16-01-18 22:40:58 [INFO] [OctoBans] skillbootiis sql checked, record: doubleposte by SkillBOotiiS to 1511023594
16-01-18 22:40:58 [INFO] [OctoBans] skillbootiis sql checked, record: doubleposte by SkillBOotiiS to 1511023265
16-01-18 22:40:58 [INFO] [OctoBans] skillbootiis sql checked, record: doubleposte by SkillBOotiiS to 1511028698
16-01-18 22:40:58 [INFO] [OctoBans] skillbootiis sql checked, record: doubleposte by SkillBOotiiS to 1511026943
16-01-18 22:40:58 [INFO] [OctoBans] skillbootiis sql checked, record: spam by SkillBOotiiS to 1511036292
16-01-18 22:40:58 [INFO] [OctoBans] skillbootiis sql checked, record: doubleposte by SkillBOotiiS to 1511033395
16-01-18 22:40:58 [INFO] [OctoBans] skillbootiis sql checked, record: doubleposte by SkillBOotiiS to 1511036193
16-01-18 22:40:58 [INFO] [OctoBans] skillbootiis sql checked, record: doubleposte by SkillBOotiiS to 1511036217
16-01-18 22:40:58 [INFO] [OctoBans] skillbootiis sql checked, record: spam by SkillBOotiiS to 1511038685
16-01-18 22:40:58 [INFO] [OctoBans] skillbootiis sql checked, record: doubleposte by SkillBOotiiS to 1511043829
16-01-18 22:40:58 [INFO] [OctoBans] skillbootiis sql checked, record: doubleposte by SkillBOotiiS to 1511042960
16-01-18 22:40:58 [INFO] [OctoBans] skillbootiis sql checked, record: provocation by SkillBOotiiS to 1511045096
16-01-18 22:40:58 [INFO] [OctoBans] skillbootiis sql checked, record: provocation by SkillBOotiiS to 1511046194
16-01-18 22:40:58 [INFO] [OctoBans] skillbootiis sql checked, record: doubleposte by SkillBOotiiS to 1511047778
16-01-18 22:40:58 [INFO] [OctoBans] skillbootiis sql checked, record: insultegrave by SkillBOotiiS to 1511085109
16-01-18 22:40:58 [INFO] [OctoBans] skillbootiis sql checked, record: insultegrave by SkillBOotiiS to 1511121698
16-01-18 22:40:58 [INFO] [OctoBans] skillbootiis sql checked, record: doubleposte by SkillBOotiiS to 1511052424
16-01-18 22:40:58 [INFO] [OctoBans] skillbootiis sql checked, record: spam by SkillBOotiiS to 1511126967
16-01-18 22:40:58 [INFO] [OctoBans] skillbootiis sql checked, record: doubleposte by SkillBOotiiS to 1511107694
16-01-18 22:40:58 [INFO] [OctoBans] skillbootiis sql checked, record: doubleposte by SkillBOotiiS to 1511109150
16-01-18 22:40:58 [INFO] [OctoBans] skillbootiis sql checked, record: spammp by SkillBOotiiS to -1
16-01-18 22:40:58 [INFO] [OctoBans] skillbootiis sql checked, record: doubleposte by SkillBOotiiS to 1511108989
16-01-18 22:40:58 [INFO] [OctoBans] skillbootiis sql checked, record: spam by SkillBOotiiS to 1511111485
16-01-18 22:40:58 [INFO] [OctoBans] skillbootiis sql checked, record: doubleposte by SkillBOotiiS to 1511109392
16-01-18 22:40:58 [INFO] [OctoBans] skillbootiis sql checked, record: doubleposte by SkillBOotiiS to 1511109690
16-01-18 22:40:58 [INFO] [OctoBans] skillbootiis sql checked, record: spam by SkillBOotiiS to 1511113152
16-01-18 22:40:58 [INFO] [OctoBans] skillbootiis sql checked, record: insultegrave by SkillBOotiiS to 1511411062
16-01-18 22:40:58 [INFO] [OctoBans] skillbootiis sql checked, record: insultegrave by SkillBOotiiS to 1511267389
16-01-18 22:40:58 [INFO] [OctoBans] skillbootiis sql checked, record: provocation by SkillBOotiiS to 1511199177
16-01-18 22:40:58 [INFO] [OctoBans] skillbootiis sql checked, record: provocation by SkillBOotiiS to 1511200256
16-01-18 22:40:58 [INFO] [OctoBans] skillbootiis sql checked, record: doubleposte by SkillBOotiiS to 1511198468
16-01-18 22:40:58 [INFO] [OctoBans] skillbootiis sql checked, record: doubleposte by SkillBOotiiS to 1511198272
16-01-18 22:40:58 [INFO] [OctoBans] skillbootiis sql checked, record: insultegrave by SkillBOotiiS to 1511270107
16-01-18 22:40:58 [INFO] [OctoBans] skillbootiis sql checked, record: doubleposte by SkillBOotiiS to 1511199083
16-01-18 22:40:58 [INFO] [OctoBans] skillbootiis sql checked, record: doubleposte by SkillBOotiiS to 1511200446
16-01-18 22:40:58 [INFO] [OctoBans] skillbootiis sql checked, record: doubleposte by SkillBOotiiS to 1511200465
16-01-18 22:40:58 [INFO] [OctoBans] skillbootiis sql checked, record: insulte by SkillBOotiiS to 1511213325
16-01-18 22:40:58 [INFO] [OctoBans] skillbootiis sql checked, record: doubleposte by SkillBOotiiS to 1511208658
16-01-18 22:40:58 [INFO] [OctoBans] skillbootiis sql checked, record: doubleposte by SkillBOotiiS to 1511208826
16-01-18 22:40:58 [INFO] [OctoBans] skillbootiis sql checked, record: provocation by SkillBOotiiS to 1511207404
16-01-18 22:40:58 [INFO] [OctoBans] skillbootiis sql checked, record: doubleposte by SkillBOotiiS to 1511208097
16-01-18 22:40:58 [INFO] [OctoBans] skillbootiis sql checked, record: doubleposte by SkillBOotiiS to 1511209009
16-01-18 22:40:58 [INFO] [OctoBans] skillbootiis sql checked, record: doubleposte by SkillBOotiiS to 1511211539
16-01-18 22:40:58 [INFO] [OctoBans] skillbootiis sql checked, record: spam by SkillBOotiiS to 1511212195
16-01-18 22:40:58 [INFO] [OctoBans] skillbootiis sql checked, record: provocation by SkillBOotiiS to 1511213848
16-01-18 22:40:58 [INFO] [OctoBans] skillbootiis sql checked, record: doubleposte by SkillBOotiiS to 1511360874
16-01-18 22:40:58 [INFO] [OctoBans] skillbootiis sql checked, record: spam by SkillBOotiiS to 1511375178
16-01-18 22:40:58 [INFO] [OctoBans] skillbootiis sql checked, record: spam by SkillBOotiiS to 1511365944
16-01-18 22:40:58 [INFO] [OctoBans] skillbootiis sql checked, record: doubleposte by SkillBOotiiS to 1511363194
16-01-18 22:40:58 [INFO] [OctoBans] skillbootiis sql checked, record: pubyt by SkillBOotiiS to 1511367898
16-01-18 22:40:58 [INFO] [OctoBans] skillbootiis sql checked, record: doubleposte by SkillBOotiiS to 1511367268
16-01-18 22:40:58 [INFO] [OctoBans] skillbootiis sql checked, record: doubleposte by SkillBOotiiS to 1511365941
16-01-18 22:40:58 [INFO] [OctoBans] skillbootiis sql checked, record: doubleposte by SkillBOotiiS to 1511375178
16-01-18 22:40:58 [INFO] [OctoBans] skillbootiis sql checked, record: doubleposte by SkillBOotiiS to 1511375719
16-01-18 22:40:58 [INFO] [OctoBans] skillbootiis sql checked, record: spam by SkillBOotiiS to 1511376851
16-01-18 22:40:58 [INFO] [OctoBans] skillbootiis sql checked, record: doubleposte by SkillBOotiiS to 1511374311
16-01-18 22:40:58 [INFO] [OctoBans] skillbootiis sql checked, record: doubleposte by SkillBOotiiS to 1511375920
16-01-18 22:40:58 [INFO] [OctoBans] skillbootiis sql checked, record: doubleposte by SkillBOotiiS to 1511378899
16-01-18 22:40:58 [INFO] [OctoBans] skillbootiis sql checked, record: provocation by SkillBOotiiS to 1511464001
16-01-18 22:40:58 [INFO] [OctoBans] skillbootiis sql checked, record: provocation by SkillBOotiiS to 1511472109
16-01-18 22:40:58 [INFO] [OctoBans] skillbootiis sql checked, record: doubleposte by SkillBOotiiS to 1511549573
16-01-18 22:40:58 [INFO] [OctoBans] skillbootiis sql checked, record: doubleposte by SkillBOotiiS to 1511548486
16-01-18 22:40:58 [INFO] [OctoBans] skillbootiis sql checked, record: spam by SkillBOotiiS to 1511551715
16-01-18 22:40:58 [INFO] [OctoBans] skillbootiis sql checked, record: doubleposte by SkillBOotiiS to 1511555870
16-01-18 22:40:58 [INFO] [OctoBans] skillbootiis sql checked, record: spam by SkillBOotiiS to 1511653276
16-01-18 22:40:58 [INFO] [OctoBans] skillbootiis sql checked, record: spam by SkillBOotiiS to 1511642654
16-01-18 22:40:58 [INFO] [OctoBans] skillbootiis sql checked, record: spam by SkillBOotiiS to 1511643195
16-01-18 22:40:58 [INFO] [OctoBans] skillbootiis sql checked, record: insulte by SkillBOotiiS to 1511642452
16-01-18 22:40:58 [INFO] [OctoBans] skillbootiis sql checked, record: doubleposte by SkillBOotiiS to 1511642771
16-01-18 22:40:58 [INFO] [OctoBans] skillbootiis sql checked, record: spam by SkillBOotiiS to 1511652575
16-01-18 22:40:58 [INFO] [OctoBans] skillbootiis sql checked, record: doubleposte by SkillBOotiiS to 1511643805
16-01-18 22:40:58 [INFO] [OctoBans] skillbootiis sql checked, record: insulte by SkillBOotiiS to 1511645110
16-01-18 22:40:58 [INFO] [OctoBans] skillbootiis sql checked, record: spam by SkillBOotiiS to 1511646026
16-01-18 22:40:58 [INFO] [OctoBans] skillbootiis sql checked, record: spam by SkillBOotiiS to 1511706402
16-01-18 22:40:58 [INFO] [OctoBans] skillbootiis sql checked, record: provocation by SkillBOotiiS to 1511710405
16-01-18 22:40:58 [INFO] [OctoBans] skillbootiis sql checked, record: doubleposte by SkillBOotiiS to 1511707857
16-01-18 22:40:58 [INFO] [OctoBans] skillbootiis sql checked, record: spam by SkillBOotiiS to 1511713506
16-01-18 22:40:58 [INFO] [OctoBans] skillbootiis sql checked, record: spam by SkillBOotiiS to 1511714869
16-01-18 22:40:58 [INFO] [OctoBans] skillbootiis sql checked, record: insulte by SkillBOotiiS to 1511718847
16-01-18 22:40:58 [INFO] [OctoBans] skillbootiis sql checked, record: spam by SkillBOotiiS to 1511733540
16-01-18 22:40:58 [INFO] [OctoBans] skillbootiis sql checked, record: spammp by SkillBOotiiS to -1
16-01-18 22:40:58 [INFO] [OctoBans] skillbootiis sql checked, record: doubleposte by SkillBOotiiS to 1511805059
16-01-18 22:40:58 [INFO] [OctoBans] skillbootiis sql checked, record: spam by SkillBOotiiS to 1511808677
16-01-18 22:40:58 [INFO] [OctoBans] skillbootiis sql checked, record: spammp by SkillBOotiiS to -1
16-01-18 22:40:58 [INFO] [OctoBans] skillbootiis sql checked, record: provocation by SkillBOotiiS to 1511812884
16-01-18 22:40:58 [INFO] [OctoBans] skillbootiis sql checked, record: insulte by SkillBOotiiS to 1511827613
16-01-18 22:40:58 [INFO] [OctoBans] skillbootiis sql checked, record: spam by SkillBOotiiS to 1511893271
16-01-18 22:40:58 [INFO] [OctoBans] skillbootiis sql checked, record: doubleposte by SkillBOotiiS to 1511896679
16-01-18 22:40:58 [INFO] [OctoBans] skillbootiis sql checked, record: doubleposte by SkillBOotiiS to 1511893921
16-01-18 22:40:58 [INFO] [OctoBans] skillbootiis sql checked, record: doubleposte by SkillBOotiiS to 1511897974
16-01-18 22:40:58 [INFO] [OctoBans] skillbootiis sql checked, record: doubleposte by SkillBOotiiS to 1511897502
16-01-18 22:40:58 [INFO] [OctoBans] skillbootiis sql checked, record: insultegrave by SkillBOotiiS to 1511933304
16-01-18 22:40:58 [INFO] [OctoBans] skillbootiis sql checked, record: insultegrave by SkillBOotiiS to 1511933662
16-01-18 22:40:58 [INFO] [OctoBans] skillbootiis sql checked, record: doubleposte by SkillBOotiiS to 1511898790
16-01-18 22:40:58 [INFO] [OctoBans] skillbootiis sql checked, record: provocation by SkillBOotiiS to 1511903090
16-01-18 22:40:58 [INFO] [OctoBans] skillbootiis sql checked, record: doubleposte by SkillBOotiiS to 1511900316
16-01-18 22:40:58 [INFO] [OctoBans] skillbootiis sql checked, record: doubleposte by SkillBOotiiS to 1512063423
16-01-18 22:40:58 [INFO] [OctoBans] skillbootiis sql checked, record: doubleposte by SkillBOotiiS to 1512064038
16-01-18 22:40:58 [INFO] [OctoBans] skillbootiis sql checked, record: doubleposte by SkillBOotiiS to 1512069033
16-01-18 22:40:58 [INFO] [OctoBans] skillbootiis sql checked, record: provocation by SkillBOotiiS to 1512064098
16-01-18 22:40:58 [INFO] [OctoBans] skillbootiis sql checked, record: doubleposte by SkillBOotiiS to 1512064557
16-01-18 22:40:58 [INFO] [OctoBans] skillbootiis sql checked, record: doubleposte by SkillBOotiiS to 1512069295
16-01-18 22:40:58 [INFO] [OctoBans] skillbootiis sql checked, record: doubleposte by SkillBOotiiS to 1512070138
16-01-18 22:40:58 [INFO] [OctoBans] skillbootiis sql checked, record: doubleposte by SkillBOotiiS to 1512070881
16-01-18 22:40:58 [INFO] [OctoBans] skillbootiis sql checked, record: doubleposte by SkillBOotiiS to 1512073814
16-01-18 22:40:58 [INFO] [OctoBans] skillbootiis sql checked, record: provocation by SkillBOotiiS to 1512074029
16-01-18 22:40:58 [INFO] [OctoBans] skillbootiis sql checked, record: provocation by SkillBOotiiS to 1512153377
16-01-18 22:40:58 [INFO] [OctoBans] skillbootiis sql checked, record: doubleposte by SkillBOotiiS to 1512325815
16-01-18 22:40:58 [INFO] [OctoBans] skillbootiis sql checked, record: doubleposte by SkillBOotiiS to 1512331144
16-01-18 22:40:58 [INFO] [OctoBans] skillbootiis sql checked, record: doubleposte by SkillBOotiiS to 1512507223
16-01-18 22:40:58 [INFO] [OctoBans] skillbootiis sql checked, record: provocation by SkillBOotiiS to 1512588336
16-01-18 22:40:58 [INFO] [OctoBans] skillbootiis sql checked, record: provocation by SkillBOotiiS to 1512593190
16-01-18 22:40:58 [INFO] [OctoBans] skillbootiis sql checked, record: provocation by SkillBOotiiS to 1512586927
16-01-18 22:40:58 [INFO] [OctoBans] skillbootiis sql checked, record: provocation by SkillBOotiiS to 1512672419
16-01-18 22:40:58 [INFO] [OctoBans] skillbootiis sql checked, record: spam by SkillBOotiiS to 1512683192
16-01-18 22:40:58 [INFO] [OctoBans] skillbootiis sql checked, record: insulte by SkillBOotiiS to 1512682953
16-01-18 22:40:58 [INFO] [OctoBans] skillbootiis sql checked, record: insultegrave by SkillBOotiiS to 1512749768
16-01-18 22:40:58 [INFO] [OctoBans] skillbootiis sql checked, record: provocation by SkillBOotiiS to 1512684055
16-01-18 22:40:58 [INFO] [OctoBans] skillbootiis sql checked, record: insultegrave by SkillBOotiiS to 1512720422
16-01-18 22:40:58 [INFO] [OctoBans] skillbootiis sql checked, record: provocation by SkillBOotiiS to 1512684743
16-01-18 22:40:58 [INFO] [OctoBans] skillbootiis sql checked, record: doubleposte by SkillBOotiiS to 1512816613
16-01-18 22:40:58 [INFO] [OctoBans] skillbootiis sql checked, record: provocation by SkillBOotiiS to 1512815875
16-01-18 22:40:58 [INFO] [OctoBans] skillbootiis sql checked, record: provocation by SkillBOotiiS to 1512815016
16-01-18 22:40:58 [INFO] [OctoBans] skillbootiis sql checked, record: spammp by SkillBOotiiS to -1
16-01-18 22:40:58 [INFO] [OctoBans] skillbootiis sql checked, record: provocation by SkillBOotiiS to 1512839102
16-01-18 22:40:58 [INFO] [OctoBans] skillbootiis sql checked, record: doubleposte by SkillBOotiiS to 1512834267
16-01-18 22:40:58 [INFO] [OctoBans] skillbootiis sql checked, record: doubleposte by SkillBOotiiS to 1512838513
16-01-18 22:40:58 [INFO] [OctoBans] skillbootiis sql checked, record: doubleposte by SkillBOotiiS to 1512839818
16-01-18 22:40:58 [INFO] [OctoBans] skillbootiis sql checked, record: doubleposte by SkillBOotiiS to 1512840943
16-01-18 22:40:58 [INFO] [OctoBans] skillbootiis sql checked, record: doubleposte by SkillBOotiiS to 1512842215
16-01-18 22:40:58 [INFO] [OctoBans] skillbootiis sql checked, record: provocation by SkillBOotiiS to 1512846834
16-01-18 22:40:58 [INFO] [OctoBans] skillbootiis sql checked, record: doubleposte by SkillBOotiiS to 1512847125
16-01-18 22:40:58 [INFO] [OctoBans] skillbootiis sql checked, record: doubleposte by SkillBOotiiS to 1512849141
16-01-18 22:40:58 [INFO] [OctoBans] skillbootiis sql checked, record: doubleposte by SkillBOotiiS to 1512847754
16-01-18 22:40:58 [INFO] [OctoBans] skillbootiis sql checked, record: doubleposte by SkillBOotiiS to 1512847808
16-01-18 22:40:58 [INFO] [OctoBans] skillbootiis sql checked, record: provocation by SkillBOotiiS to 1512849661
16-01-18 22:40:58 [INFO] [OctoBans] skillbootiis sql checked, record: insultegrave by SkillBOotiiS to 1512993406
16-01-18 22:40:58 [INFO] [OctoBans] skillbootiis sql checked, record: spammp by SkillBOotiiS to -1
16-01-18 22:40:58 [INFO] [OctoBans] skillbootiis sql checked, record: doubleposte by SkillBOotiiS to 1512854009
16-01-18 22:40:58 [INFO] [OctoBans] skillbootiis sql checked, record: doubleposte by SkillBOotiiS to 1512854526
16-01-18 22:40:58 [INFO] [OctoBans] skillbootiis sql checked, record: doubleposte by SkillBOotiiS to 1512856523
16-01-18 22:40:58 [INFO] [OctoBans] skillbootiis sql checked, record: doubleposte by SkillBOotiiS to 1512854573
16-01-18 22:40:58 [INFO] [OctoBans] skillbootiis sql checked, record: insulte by SkillBOotiiS to 1512919325
16-01-18 22:40:58 [INFO] [OctoBans] skillbootiis sql checked, record: provocation by SkillBOotiiS to 1512904649
16-01-18 22:40:58 [INFO] [OctoBans] skillbootiis sql checked, record: doubleposte by SkillBOotiiS to 1512904087
16-01-18 22:40:58 [INFO] [OctoBans] skillbootiis sql checked, record: spam by SkillBOotiiS to 1512918008
16-01-18 22:40:58 [INFO] [OctoBans] skillbootiis sql checked, record: doubleposte by SkillBOotiiS to 1512904110
16-01-18 22:40:58 [INFO] [OctoBans] skillbootiis sql checked, record: doubleposte by SkillBOotiiS to 1512905961
16-01-18 22:40:58 [INFO] [OctoBans] skillbootiis sql checked, record: doubleposte by SkillBOotiiS to 1512906970
16-01-18 22:40:58 [INFO] [OctoBans] skillbootiis sql checked, record: doubleposte by SkillBOotiiS to 1512905348
16-01-18 22:40:58 [INFO] [OctoBans] skillbootiis sql checked, record: spam by SkillBOotiiS to 1512908084
16-01-18 22:40:58 [INFO] [OctoBans] skillbootiis sql checked, record: doubleposte by SkillBOotiiS to 1512906137
16-01-18 22:40:58 [INFO] [OctoBans] skillbootiis sql checked, record: doubleposte by SkillBOotiiS to 1512909118
16-01-18 22:40:58 [INFO] [OctoBans] skillbootiis sql checked, record: spam by SkillBOotiiS to 1512910478
16-01-18 22:40:58 [INFO] [OctoBans] skillbootiis sql checked, record: doubleposte by SkillBOotiiS to 1512907944
16-01-18 22:40:58 [INFO] [OctoBans] skillbootiis sql checked, record: doubleposte by SkillBOotiiS to 1512918375
16-01-18 22:40:58 [INFO] [OctoBans] skillbootiis sql checked, record: doubleposte by SkillBOotiiS to 1512916020
16-01-18 22:40:58 [INFO] [OctoBans] skillbootiis sql checked, record: spam by SkillBOotiiS to 1512923365
16-01-18 22:40:58 [INFO] [OctoBans] skillbootiis sql checked, record: provocation by SkillBOotiiS to 1512920607
16-01-18 22:40:58 [INFO] [OctoBans] skillbootiis sql checked, record: majuscule by SkillBOotiiS to 1512924430
16-01-18 22:40:58 [INFO] [OctoBans] skillbootiis sql checked, record: insultegrave by SkillBOotiiS to 1513033228
16-01-18 22:40:58 [INFO] [OctoBans] skillbootiis sql checked, record: doubleposte by SkillBOotiiS to 1512928687
16-01-18 22:40:58 [INFO] [OctoBans] skillbootiis sql checked, record: provocation by SkillBOotiiS to 1512926597
16-01-18 22:40:58 [INFO] [OctoBans] skillbootiis sql checked, record: majuscule by SkillBOotiiS to 1512928058
16-01-18 22:40:58 [INFO] [OctoBans] skillbootiis sql checked, record: majuscule by SkillBOotiiS to 1512934453
16-01-18 22:40:58 [INFO] [OctoBans] skillbootiis sql checked, record: doubleposte by SkillBOotiiS to 1513103612
16-01-18 22:40:58 [INFO] [OctoBans] skillbootiis sql checked, record: majuscule by SkillBOotiiS to 1513107265
16-01-18 22:40:58 [INFO] [OctoBans] skillbootiis sql checked, record: doubleposte by SkillBOotiiS to 1513107584
16-01-18 22:40:58 [INFO] [OctoBans] skillbootiis sql checked, record: doubleposte by SkillBOotiiS to 1513106181
16-01-18 22:40:58 [INFO] [OctoBans] skillbootiis sql checked, record: majuscule by SkillBOotiiS to 1513117126
16-01-18 22:40:58 [INFO] [OctoBans] skillbootiis sql checked, record: doubleposte by SkillBOotiiS to 1513108609
16-01-18 22:40:58 [INFO] [OctoBans] skillbootiis sql checked, record: provocation by SkillBOotiiS to 1513190282
16-01-18 22:40:58 [INFO] [OctoBans] skillbootiis sql checked, record: insulte by SkillBOotiiS to 1513191786
16-01-18 22:40:58 [INFO] [OctoBans] skillbootiis sql checked, record: doubleposte by SkillBOotiiS to 1513280494
16-01-18 22:40:58 [INFO] [OctoBans] skillbootiis sql checked, record: doubleposte by SkillBOotiiS to 1513278659
16-01-18 22:40:58 [INFO] [OctoBans] skillbootiis sql checked, record: spammp by SkillBOotiiS to -1
16-01-18 22:40:58 [INFO] [OctoBans] skillbootiis sql checked, record: doubleposte by SkillBOotiiS to 1513282059
16-01-18 22:40:58 [INFO] [OctoBans] skillbootiis sql checked, record: doubleposte by SkillBOotiiS to 1513289444
16-01-18 22:40:58 [INFO] [OctoBans] skillbootiis sql checked, record: provocation by SkillBOotiiS to 1513287614
16-01-18 22:40:58 [INFO] [OctoBans] skillbootiis sql checked, record: provocation by SkillBOotiiS to 1513365094
16-01-18 22:40:58 [INFO] [OctoBans] skillbootiis sql checked, record: insultegrave by SkillBOotiiS to 1513398579
16-01-18 22:40:58 [INFO] [OctoBans] skillbootiis sql checked, record: doubleposte by SkillBOotiiS to 1513373094
16-01-18 22:40:58 [INFO] [OctoBans] skillbootiis sql checked, record: majuscule by SkillBOotiiS to 1513370128
16-01-18 22:40:58 [INFO] [OctoBans] skillbootiis sql checked, record: provocation by SkillBOotiiS to 1513372412
16-01-18 22:40:58 [INFO] [OctoBans] skillbootiis sql checked, record: doubleposte by SkillBOotiiS to 1513371827
16-01-18 22:40:58 [INFO] [OctoBans] skillbootiis sql checked, record: doubleposte by SkillBOotiiS to 1513419574
16-01-18 22:40:58 [INFO] [OctoBans] skillbootiis sql checked, record: majuscule by SkillBOotiiS to 1513422874
16-01-18 22:40:58 [INFO] [OctoBans] skillbootiis sql checked, record: provocation by SkillBOotiiS to 1513425660
16-01-18 22:40:58 [INFO] [OctoBans] skillbootiis sql checked, record: provocation by SkillBOotiiS to 1513425089
16-01-18 22:40:58 [INFO] [OctoBans] skillbootiis sql checked, record: provocation by SkillBOotiiS to 1513427843
16-01-18 22:40:58 [INFO] [OctoBans] skillbootiis sql checked, record: provocation by SkillBOotiiS to 1513548554
16-01-18 22:40:58 [INFO] [OctoBans] skillbootiis sql checked, record: provocation by SkillBOotiiS to 1513542732
16-01-18 22:40:58 [INFO] [OctoBans] skillbootiis sql checked, record: insulte by SkillBOotiiS to 1513545219
16-01-18 22:40:58 [INFO] [OctoBans] skillbootiis sql checked, record: provocation by SkillBOotiiS to 1513619124
16-01-18 22:40:58 [INFO] [OctoBans] skillbootiis sql checked, record: doubleposte by SkillBOotiiS to 1513624964
16-01-18 22:40:58 [INFO] [OctoBans] skillbootiis sql checked, record: spam by SkillBOotiiS to 1513642134
16-01-18 22:40:58 [INFO] [OctoBans] skillbootiis sql checked, record: majuscule by SkillBOotiiS to 1513625838
16-01-18 22:40:58 [INFO] [OctoBans] skillbootiis sql checked, record: insultegrave by SkillBOotiiS to 1513701262
16-01-18 22:40:58 [INFO] [OctoBans] skillbootiis sql checked, record: doubleposte by SkillBOotiiS to 1513709453
16-01-18 22:40:58 [INFO] [OctoBans] skillbootiis sql checked, record: doubleposte by SkillBOotiiS to 1513805404
16-01-18 22:40:58 [INFO] [OctoBans] skillbootiis sql checked, record: provocation by SkillBOotiiS to 1514129682
16-01-18 22:40:58 [INFO] [OctoBans] skillbootiis sql checked, record: spam by SkillBOotiiS to 1514138354
16-01-18 22:40:58 [INFO] [OctoBans] skillbootiis sql checked, record: provocation by SkillBOotiiS to 1514399400
16-01-18 22:40:58 [INFO] [OctoBans] skillbootiis sql checked, record: incitationflood by SkillBOotiiS to 1514644793
16-01-18 22:40:58 [INFO] [OctoBans] skillbootiis sql checked, record: spam by SkillBOotiiS to 1514564418
16-01-18 22:40:58 [INFO] [OctoBans] skillbootiis sql checked, record: spam by SkillBOotiiS to 1514572242
16-01-18 22:40:58 [INFO] [OctoBans] skillbootiis sql checked, record: spam by SkillBOotiiS to 1514592896
16-01-18 22:40:58 [INFO] [OctoBans] skillbootiis sql checked, record: spam by SkillBOotiiS to 1514585436
16-01-18 22:40:58 [INFO] [OctoBans] skillbootiis sql checked, record: provocation by SkillBOotiiS to 1514584976
16-01-18 22:40:58 [INFO] [OctoBans] skillbootiis sql checked, record: insultegrave by SkillBOotiiS to 1514616447
16-01-18 22:40:58 [INFO] [OctoBans] skillbootiis sql checked, record: spam by SkillBOotiiS to 1514606302
16-01-18 22:40:58 [INFO] [OctoBans] skillbootiis sql checked, record: spam by SkillBOotiiS to 1514599113
16-01-18 22:40:58 [INFO] [OctoBans] skillbootiis sql checked, record: spam by SkillBOotiiS to 1514620718
16-01-18 22:40:58 [INFO] [OctoBans] skillbootiis sql checked, record: spam by SkillBOotiiS to 1514584944
16-01-18 22:40:58 [INFO] [OctoBans] skillbootiis sql checked, record: insultegrave by SkillBOotiiS to 1514909564
16-01-18 22:40:58 [INFO] [OctoBans] skillbootiis sql checked, record: insultegrave by SkillBOotiiS to 1514803327
16-01-18 22:40:58 [INFO] [OctoBans] skillbootiis sql checked, record: spammp by SkillBOotiiS to -1
16-01-18 22:40:58 [INFO] [OctoBans] skillbootiis sql checked, record: spam by SkillBOotiiS to 1514738204
16-01-18 22:40:58 [INFO] [OctoBans] skillbootiis sql checked, record: spam by SkillBOotiiS to 1514807380
16-01-18 22:40:58 [INFO] [OctoBans] skillbootiis sql checked, record: spam by SkillBOotiiS to 1514743224
16-01-18 22:40:58 [INFO] [OctoBans] skillbootiis sql checked, record: spam by SkillBOotiiS to 1514836269
16-01-18 22:40:58 [INFO] [OctoBans] skillbootiis sql checked, record: spam by SkillBOotiiS to 1514837018
16-01-18 22:40:58 [INFO] [OctoBans] skillbootiis sql checked, record: insultegrave by SkillBOotiiS to 1514979002
16-01-18 22:40:58 [INFO] [OctoBans] skillbootiis sql checked, record: spam by SkillBOotiiS to 1514838894
16-01-18 22:40:58 [INFO] [OctoBans] skillbootiis sql checked, record: insulte by SkillBOotiiS to 1514840195
16-01-18 22:40:58 [INFO] [OctoBans] skillbootiis sql checked, record: spam by SkillBOotiiS to 1514904570
16-01-18 22:40:58 [INFO] [OctoBans] skillbootiis sql checked, record: insultegrave by SkillBOotiiS to 1514969651
16-01-18 22:40:58 [INFO] [OctoBans] skillbootiis sql checked, record: spammp by SkillBOotiiS to -1
16-01-18 22:40:58 [INFO] [OctoBans] skillbootiis sql checked, record: insulte by SkillBOotiiS to 1514900552
16-01-18 22:40:58 [INFO] [OctoBans] skillbootiis sql checked, record: spam by SkillBOotiiS to 1514935200
16-01-18 22:40:58 [INFO] [OctoBans] skillbootiis sql checked, record: doubleposte by SkillBOotiiS to 1514900200
16-01-18 22:40:58 [INFO] [OctoBans] skillbootiis sql checked, record: insultegrave by SkillBOotiiS to 1514935445
16-01-18 22:40:58 [INFO] [OctoBans] skillbootiis sql checked, record: insultegrave by SkillBOotiiS to 1515105330
16-01-18 22:40:58 [INFO] [OctoBans] skillbootiis sql checked, record: spam by SkillBOotiiS to 1515542083
16-01-18 22:40:58 [INFO] [OctoBans] skillbootiis sql checked, record: insultegrave by SkillBOotiiS to 1515562432
16-01-18 22:40:58 [INFO] [OctoBans] skillbootiis sql checked, record: provocation by SkillBOotiiS to 1515540059
16-01-18 22:40:58 [INFO] [OctoBans] skillbootiis sql checked, record: spam by SkillBOotiiS to 1515602592
16-01-18 22:40:58 [INFO] [OctoBans] skillbootiis sql checked, record: insultegrave by SkillBOotiiS to 1516211973
16-01-18 22:40:58 [INFO] [OctoBans] skillbootiis sql checked, record: provocation by SkillBOotiiS to 1515782756
16-01-18 22:40:58 [INFO] [OctoBans] skillbootiis sql checked, record: insultegrave by SkillBOotiiS to 1515823746
16-01-18 22:40:58 [INFO] [OctoBans] skillbootiis sql checked, record: insultegrave by SkillBOotiiS to 1516076026
16-01-18 22:40:58 [INFO] [OctoBans] skillbootiis sql checked, record: spam by SkillBOotiiS to 1515794767
16-01-18 22:40:58 [INFO] [OctoBans] skillbootiis sql checked, record: provocation by SkillBOotiiS to 1515794358
16-01-18 22:40:58 [INFO] [OctoBans] skillbootiis sql checked, record: spam by SkillBOotiiS to 1515851792
16-01-18 22:40:58 [INFO] [OctoBans] skillbootiis sql checked, record: provocation by SkillBOotiiS to 1515850184
16-01-18 22:40:58 [INFO] [OctoBans] skillbootiis sql checked, record: spam by SkillBOotiiS to 1515861399
16-01-18 22:40:58 [INFO] [OctoBans] skillbootiis sql checked, record: insultegrave by SkillBOotiiS to 1515998692
16-01-18 22:40:58 [INFO] [OctoBans] skillbootiis sql checked, record: spam by SkillBOotiiS to 1515863414
16-01-18 22:40:58 [INFO] [OctoBans] skillbootiis sql checked, record: provocation by SkillBOotiiS to 1515858100
16-01-18 22:40:58 [INFO] [OctoBans] skillbootiis sql checked, record: spam by SkillBOotiiS to 1515876428
16-01-18 22:40:58 [INFO] [OctoBans] skillbootiis sql checked, record: spam by SkillBOotiiS to 1515876889
16-01-18 22:40:58 [INFO] [OctoBans] skillbootiis sql checked, record: provocation by SkillBOotiiS to 1515886394
16-01-18 22:40:58 [INFO] [OctoBans] skillbootiis sql checked, record: spam by SkillBOotiiS to 1515893442
16-01-18 22:40:58 [INFO] [OctoBans] skillbootiis sql checked, record: spammp by SkillBOotiiS to -1
16-01-18 22:40:58 [INFO] [OctoBans] skillbootiis sql checked, record: spammp by SkillBOotiiS to -1
16-01-18 22:40:58 [INFO] [OctoBans] skillbootiis sql checked, record: spammp by SkillBOotiiS to -1
16-01-18 22:40:58 [INFO] [OctoBans] skillbootiis sql checked, record: insultegrave by SkillBOotiiS to 1516018207
16-01-18 22:40:58 [INFO] [OctoBans] skillbootiis sql checked, record: doubleposte by SkillBOotiiS to 1515948790
16-01-18 22:40:58 [INFO] [OctoBans] skillbootiis sql checked, record: insultegrave by SkillBOotiiS to 1515988986
16-01-18 22:40:58 [INFO] [OctoBans] skillbootiis sql checked, record: spam by SkillBOotiiS to 1515963836
16-01-18 22:40:58 [INFO] [OctoBans] skillbootiis sql checked, record: spam by SkillBOotiiS to 1516047303
16-01-18 22:40:58 [INFO] [OctoBans] skillbootiis sql checked, record: spammp by SkillBOotiiS to -1
16-01-18 22:40:58 [INFO] [OctoBans] skillbootiis sql checked, record: insultegrave by SkillBOotiiS to 1516373144
16-01-18 22:40:58 [INFO] [OctoBans] skillbootiis sql checked, record: majuscule by SkillBOotiiS to 1516050033
16-01-18 22:40:58 [INFO] [OctoBans] skillbootiis sql checked, record: doubleposte by SkillBOotiiS to 1516051292
16-01-18 22:40:58 [INFO] [OctoBans] skillbootiis sql checked, record: doubleposte by SkillBOotiiS to 1516129253
16-01-18 22:40:58 [INFO] [OctoBans] skillbootiis sql checked, record: provocation by SkillBOotiiS to 1516135386
16-01-18 22:40:58 [INFO] [OctoBans] skillbootiis sql checked, record: spammp by SkillBOotiiS to -1
16-01-18 22:40:58 [INFO] [OctoBans] skillbootiis sql checked, record: majuscule by SkillBOotiiS to 1516136238
16-01-18 22:41:22 [INFO] [OctoBans] maitre4 sql checked, record: spammp by FiasK0 to -1
16-01-18 22:48:23 [INFO] [OctoBans] Elfideltia punished zertox17 for: Insulte
16-01-18 22:54:40 [INFO] [OctoBans] tifou_fou sql checked, record: spammp by ToXiCz_TV to -1
16-01-18 22:54:40 [INFO] [OctoBans] tifou_fou sql checked, record: insultegrave by FiasK0 to 1516349552
16-01-18 22:59:32 [INFO] [OctoBans] zlFire49 punished soprix for: Majuscule
16-01-18 22:59:40 [INFO] [OctoBans] leminecraftien80 sql checked, record: insultegrave by WeeZix to 1516214112
16-01-18 23:11:34 [INFO] [OctoBans] zrk_warthog sql checked, record: spammp by AO_Darkness to -1
16-01-18 23:28:26 [INFO] [OctoBans] rdvsurlebloc sql checked, record: spammp by D3adOrSnipSurYTB to -1
16-01-18 23:30:06 [INFO] [OctoBans] Elfideltia punished mame for: Insulte
16-01-18 23:30:13 [INFO] [OctoBans] Elfideltia punished osakusquad for: Provocation
16-01-18 23:33:08 [INFO] [OctoBans] hayden_frost sql checked, record: spammp by OCIP_Matth to -1
16-01-18 23:37:05 [INFO] [OctoBans] aexraptorz sql checked, record: spammp by Remil to -1
16-01-18 23:37:05 [INFO] [OctoBans] aexraptorz sql checked, record: spammp by PseudooNull to -1
16-01-18 23:42:50 [INFO] [OctoBans] mkdarkos sql checked, record: spammp by PseudooNull to -1
16-01-18 23:43:25 [INFO] [OctoBans] vagosts sql checked, record: spammp by yeti2001vd to -1
16-01-18 23:43:25 [INFO] [OctoBans] vagosts sql checked, record: spammp by FamousxRay to -1
17-01-18 00:50:19 [INFO] [OctoBans] _rubilax sql checked, record: spammp by OCIP_Matth to -1
17-01-18 00:58:18 [INFO] [OctoBans] xx_after_xx sql checked, record: spammp by FiasK0 to -1
17-01-18 06:01:01 [INFO] [OctoBans] Disabling OctoBans v1.0
