07-09-17 22:31:42 [INFO] [OctoBans] File Handler successfully initialized!
07-09-17 22:31:42 [INFO] [OctoBans] SQL connection successfully etablished
07-09-17 22:31:42 [INFO] [OctoBans] Moderator Tools by Octonia.
07-09-17 22:31:48 [INFO] [OctoBans] _topui_ sql checked, record: spammp by ZerKup to -1
07-09-17 22:31:50 [INFO] [OctoBans] thekillervaca sql checked, record: provocation by EGGSPLOSION to 1504819474
07-09-17 22:32:06 [INFO] [OctoBans] weezy sql checked, record: spammp by Remil to -1
07-09-17 22:32:06 [INFO] [OctoBans] weezy sql checked, record: spammp by Remil to -1
07-09-17 22:32:06 [INFO] [OctoBans] weezy sql checked, record: provocation by YTB_XxKarnageXx to 1504818855
07-09-17 22:32:32 [INFO] [OctoBans] nolaninomc sql checked, record: insulte by EGGSPLOSION to 1504823414
07-09-17 22:32:54 [INFO] [OctoBans] blastninja sql checked, record: spam by EGGSPLOSION to 1504829511
07-09-17 22:38:58 [INFO] [OctoBans] MrFafax_ punished thetombolla for: Spam/flood
07-09-17 22:39:22 [INFO] [OctoBans] SmooKeur punished kanoox for: TpKill
07-09-17 22:39:34 [INFO] [OctoBans] SmooKeur punished hokegamer_pvp for: TpKill
07-09-17 22:45:21 [INFO] [OctoBans] SmooKeur punished 59190jojo for: Majuscule
07-09-17 22:45:25 [INFO] [OctoBans] smookeur sql checked, record: doubleposte by SmooKeur to 1500322753
07-09-17 22:45:25 [INFO] [OctoBans] smookeur sql checked, record: doubleposte by SmooKeur to 1500322962
07-09-17 22:45:25 [INFO] [OctoBans] smookeur sql checked, record: doubleposte by SmooKeur to 1500325520
07-09-17 22:45:25 [INFO] [OctoBans] smookeur sql checked, record: doubleposte by SmooKeur to 1500326258
07-09-17 22:45:25 [INFO] [OctoBans] smookeur sql checked, record: doubleposte by SmooKeur to 1500376459
07-09-17 22:45:25 [INFO] [OctoBans] smookeur sql checked, record: provocation by SmooKeur to 1500376647
07-09-17 22:45:25 [INFO] [OctoBans] smookeur sql checked, record: doubleposte by SmooKeur to 1500377121
07-09-17 22:45:25 [INFO] [OctoBans] smookeur sql checked, record: doubleposte by SmooKeur to 1500378251
07-09-17 22:45:25 [INFO] [OctoBans] smookeur sql checked, record: doubleposte by SmooKeur to 1500379068
07-09-17 22:45:25 [INFO] [OctoBans] smookeur sql checked, record: spam by SmooKeur to 1500388691
07-09-17 22:45:25 [INFO] [OctoBans] smookeur sql checked, record: doubleposte by SmooKeur to 1500379768
07-09-17 22:45:25 [INFO] [OctoBans] smookeur sql checked, record: doubleposte by SmooKeur to 1500552668
07-09-17 22:45:25 [INFO] [OctoBans] smookeur sql checked, record: spam by SmooKeur to 1500556067
07-09-17 22:45:25 [INFO] [OctoBans] smookeur sql checked, record: incitationflood by SmooKeur to 1500725306
07-09-17 22:45:25 [INFO] [OctoBans] smookeur sql checked, record: doubleposte by SmooKeur to 1500554379
07-09-17 22:45:25 [INFO] [OctoBans] smookeur sql checked, record: doubleposte by SmooKeur to 1500554431
07-09-17 22:45:25 [INFO] [OctoBans] smookeur sql checked, record: doubleposte by SmooKeur to 1500554752
07-09-17 22:45:25 [INFO] [OctoBans] smookeur sql checked, record: majuscule by SmooKeur to 1500554852
07-09-17 22:45:25 [INFO] [OctoBans] smookeur sql checked, record: pubyt by SmooKeur to 1500557895
07-09-17 22:45:25 [INFO] [OctoBans] smookeur sql checked, record: doubleposte by SmooKeur to 1500555832
07-09-17 22:45:25 [INFO] [OctoBans] smookeur sql checked, record: doubleposte by SmooKeur to 1500559135
07-09-17 22:45:25 [INFO] [OctoBans] smookeur sql checked, record: doubleposte by SmooKeur to 1500563047
07-09-17 22:45:25 [INFO] [OctoBans] smookeur sql checked, record: doubleposte by SmooKeur to 1500558135
07-09-17 22:45:25 [INFO] [OctoBans] smookeur sql checked, record: langage by SmooKeur to 1500561245
07-09-17 22:45:25 [INFO] [OctoBans] smookeur sql checked, record: doubleposte by SmooKeur to 1500563828
07-09-17 22:45:25 [INFO] [OctoBans] smookeur sql checked, record: faussesinfos by SmooKeur to 1500652136
07-09-17 22:45:25 [INFO] [OctoBans] smookeur sql checked, record: doubleposte by SmooKeur to 1500575018
07-09-17 22:45:25 [INFO] [OctoBans] smookeur sql checked, record: faussesinfos by SmooKeur to 1500660651
07-09-17 22:45:25 [INFO] [OctoBans] smookeur sql checked, record: doubleposte by SmooKeur to 1500726332
07-09-17 22:45:25 [INFO] [OctoBans] smookeur sql checked, record: faussesinfos by SmooKeur to 1500811000
07-09-17 22:45:25 [INFO] [OctoBans] smookeur sql checked, record: doubleposte by SmooKeur to 1500729610
07-09-17 22:45:25 [INFO] [OctoBans] smookeur sql checked, record: insulte by SmooKeur to 1500730611
07-09-17 22:45:25 [INFO] [OctoBans] smookeur sql checked, record: doubleposte by SmooKeur to 1500727177
07-09-17 22:45:25 [INFO] [OctoBans] smookeur sql checked, record: faussesinfos by SmooKeur to 1500812198
07-09-17 22:45:25 [INFO] [OctoBans] smookeur sql checked, record: doubleposte by SmooKeur to 1500728164
07-09-17 22:45:25 [INFO] [OctoBans] smookeur sql checked, record: spammp by SmooKeur to -1
07-09-17 22:45:25 [INFO] [OctoBans] smookeur sql checked, record: doubleposte by SmooKeur to 1500727535
07-09-17 22:45:25 [INFO] [OctoBans] smookeur sql checked, record: doubleposte by SmooKeur to 1500729624
07-09-17 22:45:25 [INFO] [OctoBans] smookeur sql checked, record: doubleposte by SmooKeur to 1500729030
07-09-17 22:45:25 [INFO] [OctoBans] smookeur sql checked, record: langage by SmooKeur to 1500728653
07-09-17 22:45:25 [INFO] [OctoBans] smookeur sql checked, record: doubleposte by SmooKeur to 1500728637
07-09-17 22:45:25 [INFO] [OctoBans] smookeur sql checked, record: spam by SmooKeur to 1500743785
07-09-17 22:45:25 [INFO] [OctoBans] smookeur sql checked, record: doubleposte by SmooKeur to 1500743747
07-09-17 22:45:25 [INFO] [OctoBans] smookeur sql checked, record: doubleposte by SmooKeur to 1500745544
07-09-17 22:45:25 [INFO] [OctoBans] smookeur sql checked, record: spam by SmooKeur to 1500761971
07-09-17 22:45:25 [INFO] [OctoBans] smookeur sql checked, record: pubyt by SmooKeur to 1500747727
07-09-17 22:45:25 [INFO] [OctoBans] smookeur sql checked, record: insulte by SmooKeur to 1500747988
07-09-17 22:45:25 [INFO] [OctoBans] smookeur sql checked, record: doubleposte by SmooKeur to 1500905841
07-09-17 22:45:25 [INFO] [OctoBans] smookeur sql checked, record: majuscule by SmooKeur to 1500914862
07-09-17 22:45:25 [INFO] [OctoBans] smookeur sql checked, record: spam by SmooKeur to 1500921550
07-09-17 22:45:25 [INFO] [OctoBans] smookeur sql checked, record: doubleposte by SmooKeur to 1500914988
07-09-17 22:45:25 [INFO] [OctoBans] smookeur sql checked, record: doubleposte by SmooKeur to 1500915325
07-09-17 22:45:25 [INFO] [OctoBans] smookeur sql checked, record: majuscule by SmooKeur to 1500915996
07-09-17 22:45:25 [INFO] [OctoBans] smookeur sql checked, record: doubleposte by SmooKeur to 1500916390
07-09-17 22:45:25 [INFO] [OctoBans] smookeur sql checked, record: insulte by SmooKeur to 1500917941
07-09-17 22:45:25 [INFO] [OctoBans] smookeur sql checked, record: doubleposte by SmooKeur to 1500917744
07-09-17 22:45:25 [INFO] [OctoBans] smookeur sql checked, record: insultegrave by SmooKeur to 1500987428
07-09-17 22:45:25 [INFO] [OctoBans] smookeur sql checked, record: insultegrave by SmooKeur to 1500987484
07-09-17 22:45:25 [INFO] [OctoBans] smookeur sql checked, record: doubleposte by SmooKeur to 1500916442
07-09-17 22:45:25 [INFO] [OctoBans] smookeur sql checked, record: doubleposte by SmooKeur to 1500918904
07-09-17 22:45:25 [INFO] [OctoBans] smookeur sql checked, record: langage by SmooKeur to 1500918616
07-09-17 22:45:25 [INFO] [OctoBans] smookeur sql checked, record: doubleposte by SmooKeur to 1500916822
07-09-17 22:45:25 [INFO] [OctoBans] smookeur sql checked, record: spamfopen by SmooKeur to 1501088972
07-09-17 22:45:25 [INFO] [OctoBans] smookeur sql checked, record: spam by SmooKeur to 1500919784
07-09-17 22:45:25 [INFO] [OctoBans] smookeur sql checked, record: doubleposte by SmooKeur to 1500916501
07-09-17 22:45:25 [INFO] [OctoBans] smookeur sql checked, record: provocation by SmooKeur to 1500919872
07-09-17 22:45:25 [INFO] [OctoBans] smookeur sql checked, record: doubleposte by SmooKeur to 1500917893
07-09-17 22:45:25 [INFO] [OctoBans] smookeur sql checked, record: insultesrv by SmooKeur to 1500952475
07-09-17 22:45:25 [INFO] [OctoBans] smookeur sql checked, record: doubleposte by SmooKeur to 1500919251
07-09-17 22:45:25 [INFO] [OctoBans] smookeur sql checked, record: majuscule by SmooKeur to 1500988654
07-09-17 22:45:25 [INFO] [OctoBans] smookeur sql checked, record: doubleposte by SmooKeur to 1500988358
07-09-17 22:45:25 [INFO] [OctoBans] smookeur sql checked, record: majuscule by SmooKeur to 1500990516
07-09-17 22:45:25 [INFO] [OctoBans] smookeur sql checked, record: doubleposte by SmooKeur to 1500988836
07-09-17 22:45:25 [INFO] [OctoBans] smookeur sql checked, record: provocation by SmooKeur to 1500989900
07-09-17 22:45:25 [INFO] [OctoBans] smookeur sql checked, record: majuscule by SmooKeur to 1500989362
07-09-17 22:45:25 [INFO] [OctoBans] smookeur sql checked, record: doubleposte by SmooKeur to 1500990006
07-09-17 22:45:25 [INFO] [OctoBans] smookeur sql checked, record: doubleposte by SmooKeur to 1500991111
07-09-17 22:45:25 [INFO] [OctoBans] smookeur sql checked, record: majuscule by SmooKeur to 1500991737
07-09-17 22:45:25 [INFO] [OctoBans] smookeur sql checked, record: provocation by SmooKeur to 1500990444
07-09-17 22:45:25 [INFO] [OctoBans] smookeur sql checked, record: majuscule by SmooKeur to 1501003137
07-09-17 22:45:25 [INFO] [OctoBans] smookeur sql checked, record: doubleposte by SmooKeur to 1500995092
07-09-17 22:45:25 [INFO] [OctoBans] smookeur sql checked, record: insultestaff by SmooKeur to 1501030846
07-09-17 22:45:25 [INFO] [OctoBans] smookeur sql checked, record: provocation by SmooKeur to 1500995501
07-09-17 22:45:25 [INFO] [OctoBans] smookeur sql checked, record: insultestaff by SmooKeur to 1501030951
07-09-17 22:45:25 [INFO] [OctoBans] smookeur sql checked, record: faussesinfos by SmooKeur to 1501081565
07-09-17 22:45:25 [INFO] [OctoBans] smookeur sql checked, record: faussesinfos by SmooKeur to 1501081811
07-09-17 22:45:25 [INFO] [OctoBans] smookeur sql checked, record: doubleposte by SmooKeur to 1500995772
07-09-17 22:45:25 [INFO] [OctoBans] smookeur sql checked, record: doubleposte by SmooKeur to 1500997380
07-09-17 22:45:25 [INFO] [OctoBans] smookeur sql checked, record: doubleposte by SmooKeur to 1500996608
07-09-17 22:45:25 [INFO] [OctoBans] smookeur sql checked, record: insultestaff by SmooKeur to 1501032094
07-09-17 22:45:25 [INFO] [OctoBans] smookeur sql checked, record: doubleposte by SmooKeur to 1500996513
07-09-17 22:45:25 [INFO] [OctoBans] smookeur sql checked, record: majuscule by SmooKeur to 1500998180
07-09-17 22:45:25 [INFO] [OctoBans] smookeur sql checked, record: faussesinfos by SmooKeur to 1501169735
07-09-17 22:45:25 [INFO] [OctoBans] smookeur sql checked, record: provocation by SmooKeur to 1500997241
07-09-17 22:45:25 [INFO] [OctoBans] smookeur sql checked, record: spam by SmooKeur to 1501011410
07-09-17 22:45:25 [INFO] [OctoBans] smookeur sql checked, record: majuscule by SmooKeur to 1500998543
07-09-17 22:45:25 [INFO] [OctoBans] smookeur sql checked, record: majuscule by SmooKeur to 1501003485
07-09-17 22:45:25 [INFO] [OctoBans] smookeur sql checked, record: multicompte by SmooKeur to -1
07-09-17 22:45:25 [INFO] [OctoBans] smookeur sql checked, record: doubleposte by SmooKeur to 1500997937
07-09-17 22:45:25 [INFO] [OctoBans] smookeur sql checked, record: provocation by SmooKeur to 1501162993
07-09-17 22:45:25 [INFO] [OctoBans] smookeur sql checked, record: insulte by SmooKeur to 1501163843
07-09-17 22:45:25 [INFO] [OctoBans] smookeur sql checked, record: majuscule by SmooKeur to 1501168167
07-09-17 22:45:25 [INFO] [OctoBans] smookeur sql checked, record: faussesinfos by SmooKeur to 1501248015
07-09-17 22:45:25 [INFO] [OctoBans] smookeur sql checked, record: insulte by SmooKeur to 1501164634
07-09-17 22:45:25 [INFO] [OctoBans] smookeur sql checked, record: majuscule by SmooKeur to 1501164493
07-09-17 22:45:25 [INFO] [OctoBans] smookeur sql checked, record: spam by SmooKeur to 1501165882
07-09-17 22:45:25 [INFO] [OctoBans] smookeur sql checked, record: majuscule by SmooKeur to 1501164205
07-09-17 22:45:25 [INFO] [OctoBans] smookeur sql checked, record: majuscule by SmooKeur to 1501165086
07-09-17 22:45:25 [INFO] [OctoBans] smookeur sql checked, record: majuscule by SmooKeur to 1501165535
07-09-17 22:45:25 [INFO] [OctoBans] smookeur sql checked, record: spammp by SmooKeur to -1
07-09-17 22:45:25 [INFO] [OctoBans] smookeur sql checked, record: majuscule by SmooKeur to 1501168487
07-09-17 22:45:25 [INFO] [OctoBans] smookeur sql checked, record: doubleposte by SmooKeur to 1501169003
07-09-17 22:45:25 [INFO] [OctoBans] smookeur sql checked, record: majuscule by SmooKeur to 1501170752
07-09-17 22:45:25 [INFO] [OctoBans] smookeur sql checked, record: incitationflood by SmooKeur to 1501256044
07-09-17 22:45:25 [INFO] [OctoBans] smookeur sql checked, record: langage by SmooKeur to 1501170651
07-09-17 22:45:25 [INFO] [OctoBans] smookeur sql checked, record: majuscule by SmooKeur to 1501170672
07-09-17 22:45:25 [INFO] [OctoBans] smookeur sql checked, record: doubleposte by SmooKeur to 1501170808
07-09-17 22:45:25 [INFO] [OctoBans] smookeur sql checked, record: tpkill by SmooKeur to 1501257251
07-09-17 22:45:25 [INFO] [OctoBans] smookeur sql checked, record: doubleposte by SmooKeur to 1501177593
07-09-17 22:45:25 [INFO] [OctoBans] smookeur sql checked, record: tpkill by SmooKeur to 1501261953
07-09-17 22:45:25 [INFO] [OctoBans] smookeur sql checked, record: tpkill by SmooKeur to 1501348365
07-09-17 22:45:25 [INFO] [OctoBans] smookeur sql checked, record: tpkill by SmooKeur to 1501348668
07-09-17 22:45:25 [INFO] [OctoBans] smookeur sql checked, record: langage by SmooKeur to 1501176504
07-09-17 22:45:25 [INFO] [OctoBans] smookeur sql checked, record: doubleposte by SmooKeur to 1501176801
07-09-17 22:45:25 [INFO] [OctoBans] smookeur sql checked, record: doubleposte by SmooKeur to 1501178686
07-09-17 22:45:25 [INFO] [OctoBans] smookeur sql checked, record: doubleposte by SmooKeur to 1501179652
07-09-17 22:45:25 [INFO] [OctoBans] smookeur sql checked, record: tpkill by SmooKeur to 1501263625
07-09-17 22:45:25 [INFO] [OctoBans] smookeur sql checked, record: tpkill by SmooKeur to 1501263646
07-09-17 22:45:25 [INFO] [OctoBans] smookeur sql checked, record: doubleposte by SmooKeur to 1501177603
07-09-17 22:45:25 [INFO] [OctoBans] smookeur sql checked, record: faussesinfos by SmooKeur to 1501264327
07-09-17 22:45:25 [INFO] [OctoBans] smookeur sql checked, record: doubleposte by SmooKeur to 1501178241
07-09-17 22:45:25 [INFO] [OctoBans] smookeur sql checked, record: doubleposte by SmooKeur to 1501178829
07-09-17 22:45:25 [INFO] [OctoBans] smookeur sql checked, record: spam by SmooKeur to 1501182982
07-09-17 22:45:25 [INFO] [OctoBans] smookeur sql checked, record: majuscule by SmooKeur to 1501181088
07-09-17 22:45:25 [INFO] [OctoBans] smookeur sql checked, record: langage by SmooKeur to 1501180502
07-09-17 22:45:25 [INFO] [OctoBans] smookeur sql checked, record: incitationflood by SmooKeur to 1501266337
07-09-17 22:45:25 [INFO] [OctoBans] smookeur sql checked, record: majuscule by SmooKeur to 1501180581
07-09-17 22:45:25 [INFO] [OctoBans] smookeur sql checked, record: majuscule by SmooKeur to 1501180714
07-09-17 22:45:25 [INFO] [OctoBans] smookeur sql checked, record: tpkill by SmooKeur to 1501266531
07-09-17 22:45:25 [INFO] [OctoBans] smookeur sql checked, record: tpkill by SmooKeur to 1501266538
07-09-17 22:45:25 [INFO] [OctoBans] smookeur sql checked, record: spam by SmooKeur to 1501183776
07-09-17 22:45:25 [INFO] [OctoBans] smookeur sql checked, record: majuscule by SmooKeur to 1501181397
07-09-17 22:45:25 [INFO] [OctoBans] smookeur sql checked, record: pubyt by SmooKeur to 1501183878
07-09-17 22:45:25 [INFO] [OctoBans] smookeur sql checked, record: doubleposte by SmooKeur to 1501181859
07-09-17 22:45:25 [INFO] [OctoBans] smookeur sql checked, record: doubleposte by SmooKeur to 1501181592
07-09-17 22:45:25 [INFO] [OctoBans] smookeur sql checked, record: doubleposte by SmooKeur to 1501181635
07-09-17 22:45:25 [INFO] [OctoBans] smookeur sql checked, record: majuscule by SmooKeur to 1501320755
07-09-17 22:45:25 [INFO] [OctoBans] smookeur sql checked, record: majuscule by SmooKeur to 1501317907
07-09-17 22:45:25 [INFO] [OctoBans] smookeur sql checked, record: doubleposte by SmooKeur to 1501317132
07-09-17 22:45:25 [INFO] [OctoBans] smookeur sql checked, record: spam by SmooKeur to 1501335179
07-09-17 22:45:25 [INFO] [OctoBans] smookeur sql checked, record: doubleposte by SmooKeur to 1501317638
07-09-17 22:45:25 [INFO] [OctoBans] smookeur sql checked, record: provocation by SmooKeur to 1501318339
07-09-17 22:45:25 [INFO] [OctoBans] smookeur sql checked, record: pubsrv by SmooKeur to 1501321743
07-09-17 22:45:25 [INFO] [OctoBans] smookeur sql checked, record: multicompte by SmooKeur to -1
07-09-17 22:45:25 [INFO] [OctoBans] smookeur sql checked, record: multicompte by SmooKeur to -1
07-09-17 22:45:25 [INFO] [OctoBans] smookeur sql checked, record: doubleposte by SmooKeur to 1501318904
07-09-17 22:45:25 [INFO] [OctoBans] smookeur sql checked, record: doubleposte by SmooKeur to 1501318915
07-09-17 22:45:25 [INFO] [OctoBans] smookeur sql checked, record: majuscule by SmooKeur to 1501324698
07-09-17 22:45:25 [INFO] [OctoBans] smookeur sql checked, record: multicompte by SmooKeur to -1
07-09-17 22:45:25 [INFO] [OctoBans] smookeur sql checked, record: multicompte by SmooKeur to -1
07-09-17 22:45:25 [INFO] [OctoBans] smookeur sql checked, record: doubleposte by SmooKeur to 1501324081
07-09-17 22:45:25 [INFO] [OctoBans] smookeur sql checked, record: majuscule by SmooKeur to 1501323659
07-09-17 22:45:25 [INFO] [OctoBans] smookeur sql checked, record: insulte by SmooKeur to 1501326626
07-09-17 22:45:25 [INFO] [OctoBans] smookeur sql checked, record: doubleposte by SmooKeur to 1501324833
07-09-17 22:45:25 [INFO] [OctoBans] smookeur sql checked, record: spam by SmooKeur to 1501328668
07-09-17 22:45:25 [INFO] [OctoBans] smookeur sql checked, record: doubleposte by SmooKeur to 1501326944
07-09-17 22:45:25 [INFO] [OctoBans] smookeur sql checked, record: doubleposte by SmooKeur to 1501325756
07-09-17 22:45:25 [INFO] [OctoBans] smookeur sql checked, record: majuscule by SmooKeur to 1501505088
07-09-17 22:45:25 [INFO] [OctoBans] smookeur sql checked, record: doubleposte by SmooKeur to 1501506485
07-09-17 22:45:25 [INFO] [OctoBans] smookeur sql checked, record: langage by SmooKeur to 1501503904
07-09-17 22:45:25 [INFO] [OctoBans] smookeur sql checked, record: tpkill by SmooKeur to 1501589855
07-09-17 22:45:25 [INFO] [OctoBans] smookeur sql checked, record: pubyt by SmooKeur to 1501518130
07-09-17 22:45:25 [INFO] [OctoBans] smookeur sql checked, record: spam by SmooKeur to 1501514535
07-09-17 22:45:25 [INFO] [OctoBans] smookeur sql checked, record: spam by SmooKeur to 1501528939
07-09-17 22:45:25 [INFO] [OctoBans] smookeur sql checked, record: spam by SmooKeur to 1501518238
07-09-17 22:45:25 [INFO] [OctoBans] smookeur sql checked, record: langage by SmooKeur to 1501512579
07-09-17 22:45:25 [INFO] [OctoBans] smookeur sql checked, record: doubleposte by SmooKeur to 1501512331
07-09-17 22:45:25 [INFO] [OctoBans] smookeur sql checked, record: insulte by SmooKeur to 1501516858
07-09-17 22:45:25 [INFO] [OctoBans] smookeur sql checked, record: spammp by SmooKeur to -1
07-09-17 22:45:25 [INFO] [OctoBans] smookeur sql checked, record: insulte by SmooKeur to 1501514942
07-09-17 22:45:25 [INFO] [OctoBans] smookeur sql checked, record: spammp by SmooKeur to -1
07-09-17 22:45:25 [INFO] [OctoBans] smookeur sql checked, record: doubleposte by SmooKeur to 1501678510
07-09-17 22:45:25 [INFO] [OctoBans] smookeur sql checked, record: doubleposte by SmooKeur to 1501677714
07-09-17 22:45:25 [INFO] [OctoBans] smookeur sql checked, record: langage by SmooKeur to 1501679114
07-09-17 22:45:25 [INFO] [OctoBans] smookeur sql checked, record: doubleposte by SmooKeur to 1501678874
07-09-17 22:45:25 [INFO] [OctoBans] smookeur sql checked, record: doubleposte by SmooKeur to 1501678864
07-09-17 22:45:25 [INFO] [OctoBans] smookeur sql checked, record: doubleposte by SmooKeur to 1501680643
07-09-17 22:45:25 [INFO] [OctoBans] smookeur sql checked, record: faussesinfos by SmooKeur to 1501852138
07-09-17 22:45:25 [INFO] [OctoBans] smookeur sql checked, record: doubleposte by SmooKeur to 1501680202
07-09-17 22:45:25 [INFO] [OctoBans] smookeur sql checked, record: pubyt by SmooKeur to 1501698340
07-09-17 22:45:25 [INFO] [OctoBans] smookeur sql checked, record: doubleposte by SmooKeur to 1501682162
07-09-17 22:45:25 [INFO] [OctoBans] smookeur sql checked, record: faussesinfos by SmooKeur to 1501770635
07-09-17 22:45:25 [INFO] [OctoBans] smookeur sql checked, record: trahisonforum by SmooKeur to -1
07-09-17 22:45:25 [INFO] [OctoBans] smookeur sql checked, record: spam by SmooKeur to 1501691989
07-09-17 22:45:25 [INFO] [OctoBans] smookeur sql checked, record: insultestaff by SmooKeur to 1501793097
07-09-17 22:45:25 [INFO] [OctoBans] smookeur sql checked, record: spammp by SmooKeur to -1
07-09-17 22:45:25 [INFO] [OctoBans] smookeur sql checked, record: faussesinfos by SmooKeur to 1501771727
07-09-17 22:45:25 [INFO] [OctoBans] smookeur sql checked, record: faussesinfos by SmooKeur to 1501772887
07-09-17 22:45:25 [INFO] [OctoBans] smookeur sql checked, record: faussesinfos by SmooKeur to 1501861994
07-09-17 22:45:25 [INFO] [OctoBans] smookeur sql checked, record: tpkill by SmooKeur to 1502121268
07-09-17 22:45:25 [INFO] [OctoBans] smookeur sql checked, record: doubleposte by SmooKeur to 1501689638
07-09-17 22:45:25 [INFO] [OctoBans] smookeur sql checked, record: majuscule by SmooKeur to 1501689982
07-09-17 22:45:25 [INFO] [OctoBans] smookeur sql checked, record: langage by SmooKeur to 1501695390
07-09-17 22:45:25 [INFO] [OctoBans] smookeur sql checked, record: majuscule by SmooKeur to 1501690276
07-09-17 22:45:25 [INFO] [OctoBans] smookeur sql checked, record: faussesinfos by SmooKeur to 1501863923
07-09-17 22:45:25 [INFO] [OctoBans] smookeur sql checked, record: tpkill by SmooKeur to 1501950343
07-09-17 22:45:25 [INFO] [OctoBans] smookeur sql checked, record: faussesinfos by SmooKeur to 1501864240
07-09-17 22:45:25 [INFO] [OctoBans] smookeur sql checked, record: tpkill by SmooKeur to 1501777863
07-09-17 22:45:25 [INFO] [OctoBans] smookeur sql checked, record: multicompte by SmooKeur to -1
07-09-17 22:45:25 [INFO] [OctoBans] smookeur sql checked, record: doubleposte by SmooKeur to 1501691921
07-09-17 22:45:25 [INFO] [OctoBans] smookeur sql checked, record: spam by SmooKeur to 1501695431
07-09-17 22:45:25 [INFO] [OctoBans] smookeur sql checked, record: doubleposte by SmooKeur to 1501698368
07-09-17 22:45:25 [INFO] [OctoBans] smookeur sql checked, record: faussesinfos by SmooKeur to 1501784695
07-09-17 22:45:25 [INFO] [OctoBans] smookeur sql checked, record: faussesinfos by SmooKeur to 1501784982
07-09-17 22:45:25 [INFO] [OctoBans] smookeur sql checked, record: faussesinfos by SmooKeur to 1501785166
07-09-17 22:45:25 [INFO] [OctoBans] smookeur sql checked, record: majuscule by SmooKeur to 1501700076
07-09-17 22:45:25 [INFO] [OctoBans] smookeur sql checked, record: faussesinfos by SmooKeur to 1501872538
07-09-17 22:45:25 [INFO] [OctoBans] smookeur sql checked, record: tpkill by SmooKeur to 1501786164
07-09-17 22:45:25 [INFO] [OctoBans] smookeur sql checked, record: majuscule by SmooKeur to 1501707181
07-09-17 22:45:25 [INFO] [OctoBans] smookeur sql checked, record: faussesinfos by SmooKeur to 1501791830
07-09-17 22:45:25 [INFO] [OctoBans] smookeur sql checked, record: majuscule by SmooKeur to 1501707208
07-09-17 22:45:25 [INFO] [OctoBans] smookeur sql checked, record: majuscule by SmooKeur to 1501708488
07-09-17 22:45:25 [INFO] [OctoBans] smookeur sql checked, record: majuscule by SmooKeur to 1501708597
07-09-17 22:45:25 [INFO] [OctoBans] smookeur sql checked, record: incitationflood by SmooKeur to 1501794685
07-09-17 22:45:25 [INFO] [OctoBans] smookeur sql checked, record: doubleposte by SmooKeur to 1501709253
07-09-17 22:45:25 [INFO] [OctoBans] smookeur sql checked, record: doubleposte by SmooKeur to 1501714418
07-09-17 22:45:25 [INFO] [OctoBans] smookeur sql checked, record: doubleposte by SmooKeur to 1501709626
07-09-17 22:45:25 [INFO] [OctoBans] smookeur sql checked, record: spam by SmooKeur to 1501712085
07-09-17 22:45:25 [INFO] [OctoBans] smookeur sql checked, record: langage by SmooKeur to 1501710506
07-09-17 22:45:25 [INFO] [OctoBans] smookeur sql checked, record: provocation by SmooKeur to 1501709618
07-09-17 22:45:25 [INFO] [OctoBans] smookeur sql checked, record: pubyt by SmooKeur to 1501712984
07-09-17 22:45:25 [INFO] [OctoBans] smookeur sql checked, record: doubleposte by SmooKeur to 1501709787
07-09-17 22:45:25 [INFO] [OctoBans] smookeur sql checked, record: insulte by SmooKeur to 1501712249
07-09-17 22:45:25 [INFO] [OctoBans] smookeur sql checked, record: majuscule by SmooKeur to 1501711270
07-09-17 22:45:25 [INFO] [OctoBans] smookeur sql checked, record: pubyt by SmooKeur to 1501713910
07-09-17 22:45:25 [INFO] [OctoBans] smookeur sql checked, record: provocation by SmooKeur to 1501711246
07-09-17 22:45:25 [INFO] [OctoBans] smookeur sql checked, record: multicompte by SmooKeur to -1
07-09-17 22:45:25 [INFO] [OctoBans] smookeur sql checked, record: doubleposte by SmooKeur to 1501759687
07-09-17 22:45:25 [INFO] [OctoBans] smookeur sql checked, record: provocation by SmooKeur to 1501761075
07-09-17 22:45:25 [INFO] [OctoBans] smookeur sql checked, record: doubleposte by SmooKeur to 1501761788
07-09-17 22:45:25 [INFO] [OctoBans] smookeur sql checked, record: doubleposte by SmooKeur to 1501759187
07-09-17 22:45:25 [INFO] [OctoBans] smookeur sql checked, record: doubleposte by SmooKeur to 1501759646
07-09-17 22:45:25 [INFO] [OctoBans] smookeur sql checked, record: doubleposte by SmooKeur to 1501759384
07-09-17 22:45:25 [INFO] [OctoBans] smookeur sql checked, record: doubleposte by SmooKeur to 1501760642
07-09-17 22:45:25 [INFO] [OctoBans] smookeur sql checked, record: doubleposte by SmooKeur to 1501760049
07-09-17 22:45:25 [INFO] [OctoBans] smookeur sql checked, record: pubyt by SmooKeur to 1501770104
07-09-17 22:45:25 [INFO] [OctoBans] smookeur sql checked, record: langage by SmooKeur to 1501759930
07-09-17 22:45:25 [INFO] [OctoBans] smookeur sql checked, record: insulte by SmooKeur to 1501762281
07-09-17 22:45:25 [INFO] [OctoBans] smookeur sql checked, record: spam by SmooKeur to 1501771050
07-09-17 22:45:25 [INFO] [OctoBans] smookeur sql checked, record: insulte by SmooKeur to 1501762957
07-09-17 22:45:25 [INFO] [OctoBans] smookeur sql checked, record: doubleposte by SmooKeur to 1501763033
07-09-17 22:45:25 [INFO] [OctoBans] smookeur sql checked, record: doubleposte by SmooKeur to 1501766063
07-09-17 22:45:25 [INFO] [OctoBans] smookeur sql checked, record: doubleposte by SmooKeur to 1501764694
07-09-17 22:45:25 [INFO] [OctoBans] smookeur sql checked, record: majuscule by SmooKeur to 1501762981
07-09-17 22:45:25 [INFO] [OctoBans] smookeur sql checked, record: doubleposte by SmooKeur to 1501766286
07-09-17 22:45:25 [INFO] [OctoBans] smookeur sql checked, record: faussesinfos by SmooKeur to 1501848928
07-09-17 22:45:25 [INFO] [OctoBans] smookeur sql checked, record: tpkill by SmooKeur to 1501849103
07-09-17 22:45:25 [INFO] [OctoBans] smookeur sql checked, record: tpkill by SmooKeur to 1501853605
07-09-17 22:45:25 [INFO] [OctoBans] smookeur sql checked, record: tpkill by SmooKeur to 1501853611
07-09-17 22:45:25 [INFO] [OctoBans] smookeur sql checked, record: doubleposte by SmooKeur to 1501768475
07-09-17 22:45:25 [INFO] [OctoBans] smookeur sql checked, record: majuscule by SmooKeur to 1501769167
07-09-17 22:45:25 [INFO] [OctoBans] smookeur sql checked, record: multicompte by SmooKeur to -1
07-09-17 22:45:25 [INFO] [OctoBans] smookeur sql checked, record: tpkill by SmooKeur to 1501854467
07-09-17 22:45:25 [INFO] [OctoBans] smookeur sql checked, record: tpkill by SmooKeur to 1501854487
07-09-17 22:45:25 [INFO] [OctoBans] smookeur sql checked, record: doubleposte by SmooKeur to 1501771668
07-09-17 22:45:25 [INFO] [OctoBans] smookeur sql checked, record: faussesinfos by SmooKeur to 1502021158
07-09-17 22:45:25 [INFO] [OctoBans] smookeur sql checked, record: majuscule by SmooKeur to 1502111356
07-09-17 22:45:25 [INFO] [OctoBans] smookeur sql checked, record: incitationflood by SmooKeur to 1502196717
07-09-17 22:45:25 [INFO] [OctoBans] smookeur sql checked, record: doubleposte by SmooKeur to 1502111943
07-09-17 22:45:25 [INFO] [OctoBans] smookeur sql checked, record: doubleposte by SmooKeur to 1502118148
07-09-17 22:45:25 [INFO] [OctoBans] smookeur sql checked, record: doubleposte by SmooKeur to 1502122379
07-09-17 22:45:25 [INFO] [OctoBans] smookeur sql checked, record: doubleposte by SmooKeur to 1502120586
07-09-17 22:45:25 [INFO] [OctoBans] smookeur sql checked, record: insultestaff by SmooKeur to 1502155735
07-09-17 22:45:25 [INFO] [OctoBans] smookeur sql checked, record: spam by SmooKeur to 1502123349
07-09-17 22:45:25 [INFO] [OctoBans] smookeur sql checked, record: spam by SmooKeur to 1502126964
07-09-17 22:45:25 [INFO] [OctoBans] smookeur sql checked, record: spam by SmooKeur to 1502130673
07-09-17 22:45:25 [INFO] [OctoBans] smookeur sql checked, record: spammp by SmooKeur to -1
07-09-17 22:45:25 [INFO] [OctoBans] smookeur sql checked, record: spammp by SmooKeur to -1
07-09-17 22:45:25 [INFO] [OctoBans] smookeur sql checked, record: majuscule by SmooKeur to 1502120620
07-09-17 22:45:25 [INFO] [OctoBans] smookeur sql checked, record: spammp by SmooKeur to -1
07-09-17 22:45:25 [INFO] [OctoBans] smookeur sql checked, record: provocation by SmooKeur to 1502126997
07-09-17 22:45:25 [INFO] [OctoBans] smookeur sql checked, record: spam by SmooKeur to 1502148955
07-09-17 22:45:25 [INFO] [OctoBans] smookeur sql checked, record: spam by SmooKeur to 1502123770
07-09-17 22:45:25 [INFO] [OctoBans] smookeur sql checked, record: spam by SmooKeur to 1502127377
07-09-17 22:45:25 [INFO] [OctoBans] smookeur sql checked, record: doubleposte by SmooKeur to 1502121204
07-09-17 22:45:25 [INFO] [OctoBans] smookeur sql checked, record: doubleposte by SmooKeur to 1502121156
07-09-17 22:45:25 [INFO] [OctoBans] smookeur sql checked, record: doubleposte by SmooKeur to 1502137114
07-09-17 22:45:25 [INFO] [OctoBans] smookeur sql checked, record: spam by SmooKeur to 1502150724
07-09-17 22:45:25 [INFO] [OctoBans] smookeur sql checked, record: provocation by SmooKeur to 1502137054
07-09-17 22:45:25 [INFO] [OctoBans] smookeur sql checked, record: majuscule by SmooKeur to 1502137162
07-09-17 22:45:25 [INFO] [OctoBans] smookeur sql checked, record: faussesinfos by SmooKeur to 1502224044
07-09-17 22:45:25 [INFO] [OctoBans] smookeur sql checked, record: faussesinfos by SmooKeur to 1502310865
07-09-17 22:45:25 [INFO] [OctoBans] smookeur sql checked, record: tpkill by SmooKeur to 1502310909
07-09-17 22:45:25 [INFO] [OctoBans] smookeur sql checked, record: provocation by SmooKeur to 1502138422
07-09-17 22:45:25 [INFO] [OctoBans] smookeur sql checked, record: incitationflood by SmooKeur to 1502225136
07-09-17 22:45:25 [INFO] [OctoBans] smookeur sql checked, record: faussesinfos by SmooKeur to 1502225986
07-09-17 22:45:25 [INFO] [OctoBans] smookeur sql checked, record: tpkill by SmooKeur to 1502312407
07-09-17 22:45:25 [INFO] [OctoBans] smookeur sql checked, record: provocation by SmooKeur to 1502543916
07-09-17 22:45:25 [INFO] [OctoBans] smookeur sql checked, record: doubleposte by SmooKeur to 1502541893
07-09-17 22:45:25 [INFO] [OctoBans] smookeur sql checked, record: pubyt by SmooKeur to 1502544492
07-09-17 22:45:25 [INFO] [OctoBans] smookeur sql checked, record: multicompte by SmooKeur to -1
07-09-17 22:45:25 [INFO] [OctoBans] smookeur sql checked, record: langage by SmooKeur to 1502548136
07-09-17 22:45:25 [INFO] [OctoBans] smookeur sql checked, record: faussesinfos by SmooKeur to 1502637028
07-09-17 22:45:25 [INFO] [OctoBans] smookeur sql checked, record: tpkill by SmooKeur to 1502637062
07-09-17 22:45:25 [INFO] [OctoBans] smookeur sql checked, record: langage by SmooKeur to 1502552584
07-09-17 22:45:25 [INFO] [OctoBans] smookeur sql checked, record: doubleposte by SmooKeur to 1502553668
07-09-17 22:45:25 [INFO] [OctoBans] smookeur sql checked, record: provocation by SmooKeur to 1502552339
07-09-17 22:45:25 [INFO] [OctoBans] smookeur sql checked, record: provocation by SmooKeur to 1502556208
07-09-17 22:45:25 [INFO] [OctoBans] smookeur sql checked, record: insulte by SmooKeur to 1502557436
07-09-17 22:45:25 [INFO] [OctoBans] smookeur sql checked, record: multicompte by SmooKeur to -1
07-09-17 22:45:25 [INFO] [OctoBans] smookeur sql checked, record: multicompte by SmooKeur to -1
07-09-17 22:45:25 [INFO] [OctoBans] smookeur sql checked, record: doubleposte by SmooKeur to 1502554794
07-09-17 22:45:25 [INFO] [OctoBans] smookeur sql checked, record: multicompte by SmooKeur to -1
07-09-17 22:45:25 [INFO] [OctoBans] smookeur sql checked, record: doubleposte by SmooKeur to 1502559606
07-09-17 22:45:25 [INFO] [OctoBans] smookeur sql checked, record: doubleposte by SmooKeur to 1502568407
07-09-17 22:45:25 [INFO] [OctoBans] smookeur sql checked, record: majuscule by SmooKeur to 1502568366
07-09-17 22:45:25 [INFO] [OctoBans] smookeur sql checked, record: doubleposte by SmooKeur to 1502566729
07-09-17 22:45:25 [INFO] [OctoBans] smookeur sql checked, record: doubleposte by SmooKeur to 1502567751
07-09-17 22:45:25 [INFO] [OctoBans] smookeur sql checked, record: majuscule by SmooKeur to 1502567221
07-09-17 22:45:25 [INFO] [OctoBans] smookeur sql checked, record: majuscule by SmooKeur to 1502568439
07-09-17 22:45:25 [INFO] [OctoBans] smookeur sql checked, record: provocation by SmooKeur to 1502576822
07-09-17 22:45:25 [INFO] [OctoBans] smookeur sql checked, record: multicompte by SmooKeur to -1
07-09-17 22:45:25 [INFO] [OctoBans] smookeur sql checked, record: multicompte by SmooKeur to -1
07-09-17 22:45:25 [INFO] [OctoBans] smookeur sql checked, record: multicompte by SmooKeur to -1
07-09-17 22:45:25 [INFO] [OctoBans] smookeur sql checked, record: provocation by SmooKeur to 1502729621
07-09-17 22:45:25 [INFO] [OctoBans] smookeur sql checked, record: hack by SmooKeur to -1
07-09-17 22:45:25 [INFO] [OctoBans] smookeur sql checked, record: doubleposte by SmooKeur to 1502732771
07-09-17 22:45:25 [INFO] [OctoBans] smookeur sql checked, record: tpkill by SmooKeur to 1502817752
07-09-17 22:45:25 [INFO] [OctoBans] smookeur sql checked, record: doubleposte by SmooKeur to 1502734110
07-09-17 22:45:25 [INFO] [OctoBans] smookeur sql checked, record: doubleposte by SmooKeur to 1502735730
07-09-17 22:45:25 [INFO] [OctoBans] smookeur sql checked, record: doubleposte by SmooKeur to 1502737796
07-09-17 22:45:25 [INFO] [OctoBans] smookeur sql checked, record: incitationflood by SmooKeur to 1502909138
07-09-17 22:45:25 [INFO] [OctoBans] smookeur sql checked, record: incitationflood by SmooKeur to 1502822767
07-09-17 22:45:25 [INFO] [OctoBans] smookeur sql checked, record: doubleposte by SmooKeur to 1502742955
07-09-17 22:45:25 [INFO] [OctoBans] smookeur sql checked, record: doubleposte by SmooKeur to 1502745968
07-09-17 22:45:25 [INFO] [OctoBans] smookeur sql checked, record: doubleposte by SmooKeur to 1502747296
07-09-17 22:45:25 [INFO] [OctoBans] smookeur sql checked, record: doubleposte by SmooKeur to 1502746191
07-09-17 22:45:25 [INFO] [OctoBans] smookeur sql checked, record: insultesrv by SmooKeur to 1502762566
07-09-17 22:45:25 [INFO] [OctoBans] smookeur sql checked, record: spam by SmooKeur to 1502748192
07-09-17 22:45:25 [INFO] [OctoBans] smookeur sql checked, record: provocation by SmooKeur to 1502744907
07-09-17 22:45:25 [INFO] [OctoBans] smookeur sql checked, record: majuscule by SmooKeur to 1502745315
07-09-17 22:45:25 [INFO] [OctoBans] smookeur sql checked, record: insulte by SmooKeur to 1502747606
07-09-17 22:45:25 [INFO] [OctoBans] smookeur sql checked, record: doubleposte by SmooKeur to 1502749316
07-09-17 22:45:25 [INFO] [OctoBans] smookeur sql checked, record: spamftag by SmooKeur to 1502921656
07-09-17 22:45:25 [INFO] [OctoBans] smookeur sql checked, record: doubleposte by SmooKeur to 1502752481
07-09-17 22:45:25 [INFO] [OctoBans] smookeur sql checked, record: faussesinfos by SmooKeur to 1502975041
07-09-17 22:45:25 [INFO] [OctoBans] smookeur sql checked, record: tpkill by SmooKeur to 1503147867
07-09-17 22:45:25 [INFO] [OctoBans] smookeur sql checked, record: provocation by SmooKeur to 1502892415
07-09-17 22:45:25 [INFO] [OctoBans] smookeur sql checked, record: majuscule by SmooKeur to 1502895887
07-09-17 22:45:25 [INFO] [OctoBans] smookeur sql checked, record: tpkill by SmooKeur to 1502977148
07-09-17 22:45:25 [INFO] [OctoBans] smookeur sql checked, record: tpkill by SmooKeur to 1502977157
07-09-17 22:45:25 [INFO] [OctoBans] smookeur sql checked, record: doubleposte by SmooKeur to 1502893236
07-09-17 22:45:25 [INFO] [OctoBans] smookeur sql checked, record: multicompte by SmooKeur to -1
07-09-17 22:45:25 [INFO] [OctoBans] smookeur sql checked, record: spammp by SmooKeur to -1
07-09-17 22:45:25 [INFO] [OctoBans] smookeur sql checked, record: spamftag by SmooKeur to 1503064278
07-09-17 22:45:25 [INFO] [OctoBans] smookeur sql checked, record: tpkill by SmooKeur to 1503064867
07-09-17 22:45:25 [INFO] [OctoBans] smookeur sql checked, record: insulte by SmooKeur to 1502894939
07-09-17 22:45:25 [INFO] [OctoBans] smookeur sql checked, record: faussesinfos by SmooKeur to 1502978821
07-09-17 22:45:25 [INFO] [OctoBans] smookeur sql checked, record: doubleposte by SmooKeur to 1502893198
07-09-17 22:45:25 [INFO] [OctoBans] smookeur sql checked, record: majuscule by SmooKeur to 1502894472
07-09-17 22:45:25 [INFO] [OctoBans] smookeur sql checked, record: insultestaff by SmooKeur to 1502928979
07-09-17 22:45:25 [INFO] [OctoBans] smookeur sql checked, record: langage by SmooKeur to 1502894618
07-09-17 22:45:25 [INFO] [OctoBans] smookeur sql checked, record: spam by SmooKeur to 1502909799
07-09-17 22:45:25 [INFO] [OctoBans] smookeur sql checked, record: langage by SmooKeur to 1502901097
07-09-17 22:45:25 [INFO] [OctoBans] smookeur sql checked, record: doubleposte by SmooKeur to 1502902901
07-09-17 22:45:25 [INFO] [OctoBans] smookeur sql checked, record: doubleposte by SmooKeur to 1502903279
07-09-17 22:45:25 [INFO] [OctoBans] smookeur sql checked, record: doubleposte by SmooKeur to 1502903297
07-09-17 22:45:25 [INFO] [OctoBans] smookeur sql checked, record: insulte by SmooKeur to 1502904837
07-09-17 22:45:25 [INFO] [OctoBans] smookeur sql checked, record: pubsrv by SmooKeur to 1502905866
07-09-17 22:45:25 [INFO] [OctoBans] smookeur sql checked, record: pubyt by SmooKeur to 1502907003
07-09-17 22:45:25 [INFO] [OctoBans] smookeur sql checked, record: doubleposte by SmooKeur to 1502904282
07-09-17 22:45:25 [INFO] [OctoBans] smookeur sql checked, record: majuscule by SmooKeur to 1502905593
07-09-17 22:45:25 [INFO] [OctoBans] smookeur sql checked, record: pubyt by SmooKeur to 1502907402
07-09-17 22:45:25 [INFO] [OctoBans] smookeur sql checked, record: provocation by SmooKeur to 1502913755
07-09-17 22:45:25 [INFO] [OctoBans] smookeur sql checked, record: langage by SmooKeur to 1502914063
07-09-17 22:45:25 [INFO] [OctoBans] smookeur sql checked, record: tpkill by SmooKeur to 1502990923
07-09-17 22:45:25 [INFO] [OctoBans] smookeur sql checked, record: provocation by SmooKeur to 1502904874
07-09-17 22:45:25 [INFO] [OctoBans] smookeur sql checked, record: doubleposte by SmooKeur to 1502910736
07-09-17 22:45:25 [INFO] [OctoBans] smookeur sql checked, record: tpkill by SmooKeur to 1502991256
07-09-17 22:45:25 [INFO] [OctoBans] smookeur sql checked, record: majuscule by SmooKeur to 1502908223
07-09-17 22:45:25 [INFO] [OctoBans] smookeur sql checked, record: faussesinfos by SmooKeur to 1502991946
07-09-17 22:45:25 [INFO] [OctoBans] smookeur sql checked, record: tpkill by SmooKeur to 1502991957
07-09-17 22:45:25 [INFO] [OctoBans] smookeur sql checked, record: spam by SmooKeur to 1502909311
07-09-17 22:45:25 [INFO] [OctoBans] smookeur sql checked, record: spam by SmooKeur to 1502909316
07-09-17 22:45:25 [INFO] [OctoBans] smookeur sql checked, record: pubsrv by SmooKeur to 1502909691
07-09-17 22:45:25 [INFO] [OctoBans] smookeur sql checked, record: pubyt by SmooKeur to 1502909751
07-09-17 22:45:25 [INFO] [OctoBans] smookeur sql checked, record: pubsrv by SmooKeur to 1502909895
07-09-17 22:45:25 [INFO] [OctoBans] smookeur sql checked, record: majuscule by SmooKeur to 1502908791
07-09-17 22:45:25 [INFO] [OctoBans] smookeur sql checked, record: pubyt by SmooKeur to 1502910157
07-09-17 22:45:25 [INFO] [OctoBans] smookeur sql checked, record: faussesinfos by SmooKeur to 1502993134
07-09-17 22:45:25 [INFO] [OctoBans] smookeur sql checked, record: faussesinfos by SmooKeur to 1502993283
07-09-17 22:45:25 [INFO] [OctoBans] smookeur sql checked, record: doubleposte by SmooKeur to 1502907553
07-09-17 22:45:25 [INFO] [OctoBans] smookeur sql checked, record: majuscule by SmooKeur to 1502907738
07-09-17 22:45:25 [INFO] [OctoBans] smookeur sql checked, record: doubleposte by SmooKeur to 1502907474
07-09-17 22:45:25 [INFO] [OctoBans] smookeur sql checked, record: doubleposte by SmooKeur to 1502907771
07-09-17 22:45:25 [INFO] [OctoBans] smookeur sql checked, record: incitationflood by SmooKeur to 1502994675
07-09-17 22:45:25 [INFO] [OctoBans] smookeur sql checked, record: pubyt by SmooKeur to 1502915698
07-09-17 22:45:25 [INFO] [OctoBans] smookeur sql checked, record: doubleposte by SmooKeur to 1502913894
07-09-17 22:45:25 [INFO] [OctoBans] smookeur sql checked, record: spam by SmooKeur to 1502918650
07-09-17 22:45:25 [INFO] [OctoBans] smookeur sql checked, record: doubleposte by SmooKeur to 1502913364
07-09-17 22:45:25 [INFO] [OctoBans] smookeur sql checked, record: langage by SmooKeur to 1502917279
07-09-17 22:45:25 [INFO] [OctoBans] smookeur sql checked, record: majuscule by SmooKeur to 1502918571
07-09-17 22:45:25 [INFO] [OctoBans] smookeur sql checked, record: insultegrave by SmooKeur to 1502954918
07-09-17 22:45:25 [INFO] [OctoBans] smookeur sql checked, record: doubleposte by SmooKeur to 1502961192
07-09-17 22:45:25 [INFO] [OctoBans] smookeur sql checked, record: doubleposte by SmooKeur to 1502965108
07-09-17 22:45:25 [INFO] [OctoBans] smookeur sql checked, record: doubleposte by SmooKeur to 1502961251
07-09-17 22:45:25 [INFO] [OctoBans] smookeur sql checked, record: doubleposte by SmooKeur to 1502963386
07-09-17 22:45:25 [INFO] [OctoBans] smookeur sql checked, record: doubleposte by SmooKeur to 1502961293
07-09-17 22:45:25 [INFO] [OctoBans] smookeur sql checked, record: provocation by SmooKeur to 1502962238
07-09-17 22:45:25 [INFO] [OctoBans] smookeur sql checked, record: tpkill by SmooKeur to 1503134237
07-09-17 22:45:25 [INFO] [OctoBans] smookeur sql checked, record: doubleposte by SmooKeur to 1502968523
07-09-17 22:45:25 [INFO] [OctoBans] smookeur sql checked, record: doubleposte by SmooKeur to 1503332823
07-09-17 22:45:25 [INFO] [OctoBans] smookeur sql checked, record: doubleposte by SmooKeur to 1503337853
07-09-17 22:45:25 [INFO] [OctoBans] smookeur sql checked, record: majuscule by SmooKeur to 1503332542
07-09-17 22:45:25 [INFO] [OctoBans] smookeur sql checked, record: langage by SmooKeur to 1503333198
07-09-17 22:45:25 [INFO] [OctoBans] smookeur sql checked, record: majuscule by SmooKeur to 1503333178
07-09-17 22:45:25 [INFO] [OctoBans] smookeur sql checked, record: majuscule by SmooKeur to 1503332585
07-09-17 22:45:25 [INFO] [OctoBans] smookeur sql checked, record: doubleposte by SmooKeur to 1503338881
07-09-17 22:45:25 [INFO] [OctoBans] smookeur sql checked, record: provocation by SmooKeur to 1503336428
07-09-17 22:45:25 [INFO] [OctoBans] smookeur sql checked, record: majuscule by SmooKeur to 1503337120
07-09-17 22:45:25 [INFO] [OctoBans] smookeur sql checked, record: spam by SmooKeur to 1503337180
07-09-17 22:45:25 [INFO] [OctoBans] smookeur sql checked, record: langage by SmooKeur to 1503337087
07-09-17 22:45:25 [INFO] [OctoBans] smookeur sql checked, record: langage by SmooKeur to 1503349098
07-09-17 22:45:25 [INFO] [OctoBans] smookeur sql checked, record: majuscule by SmooKeur to 1503346049
07-09-17 22:45:25 [INFO] [OctoBans] smookeur sql checked, record: doubleposte by SmooKeur to 1503345613
07-09-17 22:45:25 [INFO] [OctoBans] smookeur sql checked, record: doubleposte by SmooKeur to 1503347194
07-09-17 22:45:25 [INFO] [OctoBans] smookeur sql checked, record: spam by SmooKeur to 1503349203
07-09-17 22:45:25 [INFO] [OctoBans] smookeur sql checked, record: spammp by SmooKeur to -1
07-09-17 22:45:25 [INFO] [OctoBans] smookeur sql checked, record: insulte by SmooKeur to 1503348900
07-09-17 22:45:25 [INFO] [OctoBans] smookeur sql checked, record: doubleposte by SmooKeur to 1503352023
07-09-17 22:45:25 [INFO] [OctoBans] smookeur sql checked, record: doubleposte by SmooKeur to 1503349725
07-09-17 22:45:25 [INFO] [OctoBans] smookeur sql checked, record: doubleposte by SmooKeur to 1503350866
07-09-17 22:45:25 [INFO] [OctoBans] smookeur sql checked, record: insulte by SmooKeur to 1503352834
07-09-17 22:45:25 [INFO] [OctoBans] smookeur sql checked, record: provocation by SmooKeur to 1503350798
07-09-17 22:45:25 [INFO] [OctoBans] smookeur sql checked, record: spammp by SmooKeur to -1
07-09-17 22:45:25 [INFO] [OctoBans] smookeur sql checked, record: tpkill by SmooKeur to 1503436712
07-09-17 22:45:25 [INFO] [OctoBans] smookeur sql checked, record: spammp by SmooKeur to -1
07-09-17 22:45:25 [INFO] [OctoBans] smookeur sql checked, record: tpkill by SmooKeur to 1503437358
07-09-17 22:45:25 [INFO] [OctoBans] smookeur sql checked, record: doubleposte by SmooKeur to 1503353804
07-09-17 22:45:25 [INFO] [OctoBans] smookeur sql checked, record: doubleposte by SmooKeur to 1503686817
07-09-17 22:45:25 [INFO] [OctoBans] smookeur sql checked, record: tpkill by SmooKeur to 1503770603
07-09-17 22:45:25 [INFO] [OctoBans] smookeur sql checked, record: doubleposte by SmooKeur to 1503685865
07-09-17 22:45:25 [INFO] [OctoBans] smookeur sql checked, record: doubleposte by SmooKeur to 1503685243
07-09-17 22:45:25 [INFO] [OctoBans] smookeur sql checked, record: spamftag by SmooKeur to 1503865060
07-09-17 22:45:25 [INFO] [OctoBans] smookeur sql checked, record: tpkill by SmooKeur to 1503865234
07-09-17 22:45:25 [INFO] [OctoBans] smookeur sql checked, record: tpkill by SmooKeur to 1503779110
07-09-17 22:45:25 [INFO] [OctoBans] smookeur sql checked, record: doubleposte by SmooKeur to 1503705197
07-09-17 22:45:25 [INFO] [OctoBans] smookeur sql checked, record: faussesinfos by SmooKeur to 1503909489
07-09-17 22:45:25 [INFO] [OctoBans] smookeur sql checked, record: doubleposte by SmooKeur to 1503742383
07-09-17 22:45:25 [INFO] [OctoBans] smookeur sql checked, record: provocation by SmooKeur to 1503740170
07-09-17 22:45:25 [INFO] [OctoBans] smookeur sql checked, record: majuscule by SmooKeur to 1503739371
07-09-17 22:45:25 [INFO] [OctoBans] smookeur sql checked, record: provocation by SmooKeur to 1503737980
07-09-17 22:45:25 [INFO] [OctoBans] smookeur sql checked, record: provocation by SmooKeur to 1503746904
07-09-17 22:45:25 [INFO] [OctoBans] smookeur sql checked, record: langage by SmooKeur to 1503746948
07-09-17 22:45:25 [INFO] [OctoBans] smookeur sql checked, record: insultegrave by SmooKeur to 1503816042
07-09-17 22:45:25 [INFO] [OctoBans] smookeur sql checked, record: majuscule by SmooKeur to 1503750736
07-09-17 22:45:25 [INFO] [OctoBans] smookeur sql checked, record: doubleposte by SmooKeur to 1503746268
07-09-17 22:45:25 [INFO] [OctoBans] smookeur sql checked, record: doubleposte by SmooKeur to 1503745777
07-09-17 22:45:25 [INFO] [OctoBans] smookeur sql checked, record: langage by SmooKeur to 1503746247
07-09-17 22:45:25 [INFO] [OctoBans] smookeur sql checked, record: doubleposte by SmooKeur to 1503746597
07-09-17 22:45:25 [INFO] [OctoBans] smookeur sql checked, record: doubleposte by SmooKeur to 1503746328
07-09-17 22:45:25 [INFO] [OctoBans] smookeur sql checked, record: majuscule by SmooKeur to 1503748597
07-09-17 22:45:25 [INFO] [OctoBans] smookeur sql checked, record: majuscule by SmooKeur to 1503746801
07-09-17 22:45:25 [INFO] [OctoBans] smookeur sql checked, record: provocation by SmooKeur to 1503747705
07-09-17 22:45:25 [INFO] [OctoBans] smookeur sql checked, record: majuscule by SmooKeur to 1503749819
07-09-17 22:45:25 [INFO] [OctoBans] smookeur sql checked, record: majuscule by SmooKeur to 1503757051
07-09-17 22:45:25 [INFO] [OctoBans] smookeur sql checked, record: tpkill by SmooKeur to 1503839634
07-09-17 22:45:25 [INFO] [OctoBans] smookeur sql checked, record: doubleposte by SmooKeur to 1503757069
07-09-17 22:45:25 [INFO] [OctoBans] smookeur sql checked, record: tpkill by SmooKeur to 1503839956
07-09-17 22:45:25 [INFO] [OctoBans] smookeur sql checked, record: tpkill by SmooKeur to 1503926529
07-09-17 22:45:25 [INFO] [OctoBans] smookeur sql checked, record: tpkill by SmooKeur to 1503840389
07-09-17 22:45:25 [INFO] [OctoBans] smookeur sql checked, record: langage by SmooKeur to 1503757039
07-09-17 22:45:25 [INFO] [OctoBans] smookeur sql checked, record: majuscule by SmooKeur to 1503755125
07-09-17 22:45:25 [INFO] [OctoBans] smookeur sql checked, record: spam by SmooKeur to 1503759487
07-09-17 22:45:25 [INFO] [OctoBans] smookeur sql checked, record: doubleposte by SmooKeur to 1503760822
07-09-17 22:45:25 [INFO] [OctoBans] smookeur sql checked, record: tpkill by SmooKeur to 1503846636
07-09-17 22:45:25 [INFO] [OctoBans] smookeur sql checked, record: tpkill by SmooKeur to 1503846644
07-09-17 22:45:25 [INFO] [OctoBans] smookeur sql checked, record: doubleposte by SmooKeur to 1503763057
07-09-17 22:45:25 [INFO] [OctoBans] smookeur sql checked, record: majuscule by SmooKeur to 1503764235
07-09-17 22:45:25 [INFO] [OctoBans] smookeur sql checked, record: tpkill by SmooKeur to 1503848955
07-09-17 22:45:25 [INFO] [OctoBans] smookeur sql checked, record: tpkill by SmooKeur to 1504021924
07-09-17 22:45:25 [INFO] [OctoBans] smookeur sql checked, record: tpkill by SmooKeur to 1503849167
07-09-17 22:45:25 [INFO] [OctoBans] smookeur sql checked, record: faussesinfos by SmooKeur to 1503849433
07-09-17 22:45:25 [INFO] [OctoBans] smookeur sql checked, record: tpkill by SmooKeur to 1504367971
07-09-17 22:45:25 [INFO] [OctoBans] smookeur sql checked, record: tpkill by SmooKeur to 1503849623
07-09-17 22:45:25 [INFO] [OctoBans] smookeur sql checked, record: doubleposte by SmooKeur to 1503763934
07-09-17 22:45:25 [INFO] [OctoBans] smookeur sql checked, record: doubleposte by SmooKeur to 1503767466
07-09-17 22:45:25 [INFO] [OctoBans] smookeur sql checked, record: doubleposte by SmooKeur to 1503765306
07-09-17 22:45:25 [INFO] [OctoBans] smookeur sql checked, record: pubsrv by SmooKeur to 1503767714
07-09-17 22:45:25 [INFO] [OctoBans] smookeur sql checked, record: faussesinfos by SmooKeur to 1503850818
07-09-17 22:45:25 [INFO] [OctoBans] smookeur sql checked, record: doubleposte by SmooKeur to 1503765354
07-09-17 22:45:25 [INFO] [OctoBans] smookeur sql checked, record: langage by SmooKeur to 1503765060
07-09-17 22:45:25 [INFO] [OctoBans] smookeur sql checked, record: multicompte by SmooKeur to -1
07-09-17 22:45:25 [INFO] [OctoBans] smookeur sql checked, record: doubleposte by SmooKeur to 1503765548
07-09-17 22:45:25 [INFO] [OctoBans] smookeur sql checked, record: spam by SmooKeur to 1503772180
07-09-17 22:45:25 [INFO] [OctoBans] smookeur sql checked, record: doubleposte by SmooKeur to 1503767180
07-09-17 22:45:25 [INFO] [OctoBans] smookeur sql checked, record: doubleposte by SmooKeur to 1503772115
07-09-17 22:45:25 [INFO] [OctoBans] smookeur sql checked, record: doubleposte by SmooKeur to 1503770351
07-09-17 22:45:25 [INFO] [OctoBans] smookeur sql checked, record: doubleposte by SmooKeur to 1503774881
07-09-17 22:45:25 [INFO] [OctoBans] smookeur sql checked, record: spam by SmooKeur to 1503778214
07-09-17 22:45:25 [INFO] [OctoBans] smookeur sql checked, record: doubleposte by SmooKeur to 1503774732
07-09-17 22:45:25 [INFO] [OctoBans] smookeur sql checked, record: provocation by SmooKeur to 1503772175
07-09-17 22:45:25 [INFO] [OctoBans] smookeur sql checked, record: provocation by SmooKeur to 1503771589
07-09-17 22:45:25 [INFO] [OctoBans] smookeur sql checked, record: doubleposte by SmooKeur to 1503772795
07-09-17 22:45:25 [INFO] [OctoBans] smookeur sql checked, record: majuscule by SmooKeur to 1503771971
07-09-17 22:45:25 [INFO] [OctoBans] smookeur sql checked, record: majuscule by SmooKeur to 1503772277
07-09-17 22:45:25 [INFO] [OctoBans] smookeur sql checked, record: doubleposte by SmooKeur to 1503772422
07-09-17 22:45:25 [INFO] [OctoBans] smookeur sql checked, record: langage by SmooKeur to 1503773011
07-09-17 22:45:25 [INFO] [OctoBans] smookeur sql checked, record: majuscule by SmooKeur to 1503773111
07-09-17 22:45:25 [INFO] [OctoBans] smookeur sql checked, record: majuscule by SmooKeur to 1503773488
07-09-17 22:45:25 [INFO] [OctoBans] smookeur sql checked, record: spam by SmooKeur to 1503776531
07-09-17 22:45:25 [INFO] [OctoBans] smookeur sql checked, record: doubleposte by SmooKeur to 1503781124
07-09-17 22:45:25 [INFO] [OctoBans] smookeur sql checked, record: doubleposte by SmooKeur to 1503775454
07-09-17 22:45:25 [INFO] [OctoBans] smookeur sql checked, record: doubleposte by SmooKeur to 1503776288
07-09-17 22:45:25 [INFO] [OctoBans] smookeur sql checked, record: spam by SmooKeur to 1503776981
07-09-17 22:45:25 [INFO] [OctoBans] smookeur sql checked, record: incitationflood by SmooKeur to 1503859931
07-09-17 22:45:25 [INFO] [OctoBans] smookeur sql checked, record: doubleposte by SmooKeur to 1503777439
07-09-17 22:45:25 [INFO] [OctoBans] smookeur sql checked, record: tpkill by SmooKeur to 1504018494
07-09-17 22:45:25 [INFO] [OctoBans] smookeur sql checked, record: doubleposte by SmooKeur to 1503933247
07-09-17 22:45:25 [INFO] [OctoBans] smookeur sql checked, record: doubleposte by SmooKeur to 1503934172
07-09-17 22:45:25 [INFO] [OctoBans] smookeur sql checked, record: majuscule by SmooKeur to 1503933011
07-09-17 22:45:25 [INFO] [OctoBans] smookeur sql checked, record: doubleposte by SmooKeur to 1503934523
07-09-17 22:45:25 [INFO] [OctoBans] smookeur sql checked, record: multicompte by SmooKeur to -1
07-09-17 22:45:25 [INFO] [OctoBans] smookeur sql checked, record: faussesinfos by SmooKeur to 1504278158
07-09-17 22:45:25 [INFO] [OctoBans] smookeur sql checked, record: doubleposte by SmooKeur to 1503933971
07-09-17 22:45:25 [INFO] [OctoBans] smookeur sql checked, record: doubleposte by SmooKeur to 1503934879
07-09-17 22:45:25 [INFO] [OctoBans] smookeur sql checked, record: doubleposte by SmooKeur to 1503938573
07-09-17 22:45:25 [INFO] [OctoBans] smookeur sql checked, record: doubleposte by SmooKeur to 1503933183
07-09-17 22:45:25 [INFO] [OctoBans] smookeur sql checked, record: doubleposte by SmooKeur to 1503933286
07-09-17 22:45:25 [INFO] [OctoBans] smookeur sql checked, record: doubleposte by SmooKeur to 1503933372
07-09-17 22:45:25 [INFO] [OctoBans] smookeur sql checked, record: tpkill by SmooKeur to 1504019693
07-09-17 22:45:25 [INFO] [OctoBans] smookeur sql checked, record: majuscule by SmooKeur to 1503938168
07-09-17 22:45:25 [INFO] [OctoBans] smookeur sql checked, record: doubleposte by SmooKeur to 1503935462
07-09-17 22:45:25 [INFO] [OctoBans] smookeur sql checked, record: doubleposte by SmooKeur to 1503936049
07-09-17 22:45:25 [INFO] [OctoBans] smookeur sql checked, record: doubleposte by SmooKeur to 1503947770
07-09-17 22:45:25 [INFO] [OctoBans] smookeur sql checked, record: tpkill by SmooKeur to 1504021891
07-09-17 22:45:25 [INFO] [OctoBans] smookeur sql checked, record: tpkill by SmooKeur to 1504021896
07-09-17 22:45:25 [INFO] [OctoBans] smookeur sql checked, record: doubleposte by SmooKeur to 1503936706
07-09-17 22:45:25 [INFO] [OctoBans] smookeur sql checked, record: doubleposte by SmooKeur to 1503942533
07-09-17 22:45:25 [INFO] [OctoBans] smookeur sql checked, record: doubleposte by SmooKeur to 1503937138
07-09-17 22:45:25 [INFO] [OctoBans] smookeur sql checked, record: tpkill by SmooKeur to 1504022060
07-09-17 22:45:25 [INFO] [OctoBans] smookeur sql checked, record: provocation by SmooKeur to 1503938072
07-09-17 22:45:25 [INFO] [OctoBans] smookeur sql checked, record: provocation by SmooKeur to 1503938980
07-09-17 22:45:25 [INFO] [OctoBans] smookeur sql checked, record: provocation by SmooKeur to 1503938721
07-09-17 22:45:25 [INFO] [OctoBans] smookeur sql checked, record: doubleposte by SmooKeur to 1503942334
07-09-17 22:45:25 [INFO] [OctoBans] smookeur sql checked, record: langage by SmooKeur to 1503943876
07-09-17 22:45:25 [INFO] [OctoBans] smookeur sql checked, record: doubleposte by SmooKeur to 1503944297
07-09-17 22:45:25 [INFO] [OctoBans] smookeur sql checked, record: incitationflood by SmooKeur to 1504028945
07-09-17 22:45:25 [INFO] [OctoBans] smookeur sql checked, record: spam by SmooKeur to 1503946152
07-09-17 22:45:25 [INFO] [OctoBans] smookeur sql checked, record: tpkill by SmooKeur to 1504029052
07-09-17 22:45:25 [INFO] [OctoBans] smookeur sql checked, record: tpkill by SmooKeur to 1504201915
07-09-17 22:45:25 [INFO] [OctoBans] smookeur sql checked, record: spam by SmooKeur to 1503950638
07-09-17 22:45:25 [INFO] [OctoBans] smookeur sql checked, record: doubleposte by SmooKeur to 1503944301
07-09-17 22:45:25 [INFO] [OctoBans] smookeur sql checked, record: doubleposte by SmooKeur to 1503944612
07-09-17 22:45:25 [INFO] [OctoBans] smookeur sql checked, record: tpkill by SmooKeur to 1504375729
07-09-17 22:45:25 [INFO] [OctoBans] smookeur sql checked, record: doubleposte by SmooKeur to 1503944952
07-09-17 22:45:25 [INFO] [OctoBans] smookeur sql checked, record: doubleposte by SmooKeur to 1503948308
07-09-17 22:45:25 [INFO] [OctoBans] smookeur sql checked, record: doubleposte by SmooKeur to 1503946511
07-09-17 22:45:25 [INFO] [OctoBans] smookeur sql checked, record: doubleposte by SmooKeur to 1503945765
07-09-17 22:45:25 [INFO] [OctoBans] smookeur sql checked, record: doubleposte by SmooKeur to 1503945588
07-09-17 22:45:25 [INFO] [OctoBans] smookeur sql checked, record: spam by SmooKeur to 1503947993
07-09-17 22:45:25 [INFO] [OctoBans] smookeur sql checked, record: doubleposte by SmooKeur to 1503951602
07-09-17 22:45:25 [INFO] [OctoBans] smookeur sql checked, record: doubleposte by SmooKeur to 1503948537
07-09-17 22:45:25 [INFO] [OctoBans] smookeur sql checked, record: majuscule by SmooKeur to 1503948560
07-09-17 22:45:25 [INFO] [OctoBans] smookeur sql checked, record: doubleposte by SmooKeur to 1503952772
07-09-17 22:45:25 [INFO] [OctoBans] smookeur sql checked, record: doubleposte by SmooKeur to 1503951285
07-09-17 22:45:25 [INFO] [OctoBans] smookeur sql checked, record: doubleposte by SmooKeur to 1503950725
07-09-17 22:45:25 [INFO] [OctoBans] smookeur sql checked, record: doubleposte by SmooKeur to 1503955523
07-09-17 22:45:25 [INFO] [OctoBans] smookeur sql checked, record: doubleposte by SmooKeur to 1503950820
07-09-17 22:45:25 [INFO] [OctoBans] smookeur sql checked, record: tpkill by SmooKeur to 1504037011
07-09-17 22:45:25 [INFO] [OctoBans] smookeur sql checked, record: tpkill by SmooKeur to 1504209819
07-09-17 22:45:25 [INFO] [OctoBans] smookeur sql checked, record: provocation by SmooKeur to 1503959986
07-09-17 22:45:25 [INFO] [OctoBans] smookeur sql checked, record: insulte by SmooKeur to 1503961749
07-09-17 22:45:25 [INFO] [OctoBans] smookeur sql checked, record: doubleposte by SmooKeur to 1503998121
07-09-17 22:45:25 [INFO] [OctoBans] smookeur sql checked, record: doubleposte by SmooKeur to 1504001173
07-09-17 22:45:25 [INFO] [OctoBans] smookeur sql checked, record: doubleposte by SmooKeur to 1504003328
07-09-17 22:45:25 [INFO] [OctoBans] smookeur sql checked, record: faussesinfos by SmooKeur to 1504085714
07-09-17 22:45:25 [INFO] [OctoBans] smookeur sql checked, record: pubsrv by SmooKeur to 1504003677
07-09-17 22:45:25 [INFO] [OctoBans] smookeur sql checked, record: doubleposte by SmooKeur to 1504000855
07-09-17 22:45:25 [INFO] [OctoBans] smookeur sql checked, record: majuscule by SmooKeur to 1504002599
07-09-17 22:45:25 [INFO] [OctoBans] smookeur sql checked, record: doubleposte by SmooKeur to 1504005718
07-09-17 22:45:25 [INFO] [OctoBans] smookeur sql checked, record: tpkill by SmooKeur to 1504088213
07-09-17 22:45:25 [INFO] [OctoBans] smookeur sql checked, record: tpkill by SmooKeur to 1504088231
07-09-17 22:45:25 [INFO] [OctoBans] smookeur sql checked, record: tpkill by SmooKeur to 1504174766
07-09-17 22:45:25 [INFO] [OctoBans] smookeur sql checked, record: tpkill by SmooKeur to 1504174789
07-09-17 22:45:25 [INFO] [OctoBans] smookeur sql checked, record: spam by SmooKeur to 1504009348
07-09-17 22:45:25 [INFO] [OctoBans] smookeur sql checked, record: tpkill by SmooKeur to 1504088580
07-09-17 22:45:25 [INFO] [OctoBans] smookeur sql checked, record: tpkill by SmooKeur to 1504088592
07-09-17 22:45:25 [INFO] [OctoBans] smookeur sql checked, record: provocation by SmooKeur to 1504003226
07-09-17 22:45:25 [INFO] [OctoBans] smookeur sql checked, record: tpkill by SmooKeur to 1504089953
07-09-17 22:45:25 [INFO] [OctoBans] smookeur sql checked, record: provocation by SmooKeur to 1504010348
07-09-17 22:45:25 [INFO] [OctoBans] smookeur sql checked, record: majuscule by SmooKeur to 1504012933
07-09-17 22:45:25 [INFO] [OctoBans] smookeur sql checked, record: tpkill by SmooKeur to 1504099548
07-09-17 22:45:25 [INFO] [OctoBans] smookeur sql checked, record: tpkill by SmooKeur to 1504099873
07-09-17 22:45:25 [INFO] [OctoBans] smookeur sql checked, record: faussesinfos by SmooKeur to 1504100449
07-09-17 22:45:25 [INFO] [OctoBans] smookeur sql checked, record: doubleposte by SmooKeur to 1504015279
07-09-17 22:45:25 [INFO] [OctoBans] smookeur sql checked, record: majuscule by SmooKeur to 1504015313
07-09-17 22:45:25 [INFO] [OctoBans] smookeur sql checked, record: doubleposte by SmooKeur to 1504022399
07-09-17 22:45:25 [INFO] [OctoBans] smookeur sql checked, record: faussesinfos by SmooKeur to 1504111136
07-09-17 22:45:25 [INFO] [OctoBans] smookeur sql checked, record: provocation by SmooKeur to 1504026812
07-09-17 22:45:25 [INFO] [OctoBans] smookeur sql checked, record: doubleposte by SmooKeur to 1504028231
07-09-17 22:45:25 [INFO] [OctoBans] smookeur sql checked, record: doubleposte by SmooKeur to 1504025706
07-09-17 22:45:25 [INFO] [OctoBans] smookeur sql checked, record: doubleposte by SmooKeur to 1504030211
07-09-17 22:45:25 [INFO] [OctoBans] smookeur sql checked, record: doubleposte by SmooKeur to 1504025768
07-09-17 22:45:25 [INFO] [OctoBans] smookeur sql checked, record: doubleposte by SmooKeur to 1504026672
07-09-17 22:45:25 [INFO] [OctoBans] smookeur sql checked, record: faussesinfos by SmooKeur to 1504112301
07-09-17 22:45:25 [INFO] [OctoBans] smookeur sql checked, record: provocation by SmooKeur to 1504027064
07-09-17 22:45:25 [INFO] [OctoBans] smookeur sql checked, record: faussesinfos by SmooKeur to 1504113240
07-09-17 22:45:25 [INFO] [OctoBans] smookeur sql checked, record: tpkill by SmooKeur to 1504200261
07-09-17 22:45:25 [INFO] [OctoBans] smookeur sql checked, record: tpkill by SmooKeur to 1504202614
07-09-17 22:45:25 [INFO] [OctoBans] smookeur sql checked, record: majuscule by SmooKeur to 1504032931
07-09-17 22:45:25 [INFO] [OctoBans] smookeur sql checked, record: doubleposte by SmooKeur to 1504032913
07-09-17 22:45:25 [INFO] [OctoBans] smookeur sql checked, record: faussesinfos by SmooKeur to 1504121948
07-09-17 22:45:25 [INFO] [OctoBans] smookeur sql checked, record: faussesinfos by SmooKeur to 1504122155
07-09-17 22:45:25 [INFO] [OctoBans] smookeur sql checked, record: majuscule by SmooKeur to 1504039207
07-09-17 22:45:25 [INFO] [OctoBans] smookeur sql checked, record: doubleposte by SmooKeur to 1504041665
07-09-17 22:45:25 [INFO] [OctoBans] smookeur sql checked, record: tpkill by SmooKeur to 1504123615
07-09-17 22:45:25 [INFO] [OctoBans] smookeur sql checked, record: langage by SmooKeur to 1504040258
07-09-17 22:45:25 [INFO] [OctoBans] smookeur sql checked, record: incitationflood by SmooKeur to 1504124048
07-09-17 22:45:25 [INFO] [OctoBans] smookeur sql checked, record: tpkill by SmooKeur to 1504126599
07-09-17 22:45:25 [INFO] [OctoBans] smookeur sql checked, record: langage by SmooKeur to 1504044965
07-09-17 22:45:25 [INFO] [OctoBans] smookeur sql checked, record: faussesinfos by SmooKeur to 1504128025
07-09-17 22:45:25 [INFO] [OctoBans] smookeur sql checked, record: doubleposte by SmooKeur to 1504042104
07-09-17 22:45:25 [INFO] [OctoBans] smookeur sql checked, record: doubleposte by SmooKeur to 1504042402
07-09-17 22:45:25 [INFO] [OctoBans] smookeur sql checked, record: doubleposte by SmooKeur to 1504042831
07-09-17 22:45:25 [INFO] [OctoBans] smookeur sql checked, record: doubleposte by SmooKeur to 1504088420
07-09-17 22:45:25 [INFO] [OctoBans] smookeur sql checked, record: menacehack by SmooKeur to 1504350116
07-09-17 22:45:25 [INFO] [OctoBans] smookeur sql checked, record: majuscule by SmooKeur to 1504112682
07-09-17 22:45:25 [INFO] [OctoBans] smookeur sql checked, record: tpkill by SmooKeur to 1504195342
07-09-17 22:45:25 [INFO] [OctoBans] smookeur sql checked, record: tpkill by SmooKeur to 1504195361
07-09-17 22:45:25 [INFO] [OctoBans] smookeur sql checked, record: majuscule by SmooKeur to 1504112161
07-09-17 22:45:25 [INFO] [OctoBans] smookeur sql checked, record: langage by SmooKeur to 1504119252
07-09-17 22:45:25 [INFO] [OctoBans] smookeur sql checked, record: doubleposte by SmooKeur to 1504112614
07-09-17 22:45:25 [INFO] [OctoBans] smookeur sql checked, record: doubleposte by SmooKeur to 1504111261
07-09-17 22:45:25 [INFO] [OctoBans] smookeur sql checked, record: tpkill by SmooKeur to 1504198657
07-09-17 22:45:25 [INFO] [OctoBans] smookeur sql checked, record: incitationflood by SmooKeur to 1504206372
07-09-17 22:45:25 [INFO] [OctoBans] smookeur sql checked, record: faussesinfos by SmooKeur to 1504206975
07-09-17 22:45:25 [INFO] [OctoBans] smookeur sql checked, record: doubleposte by SmooKeur to 1504124290
07-09-17 22:45:25 [INFO] [OctoBans] smookeur sql checked, record: doubleposte by SmooKeur to 1504124064
07-09-17 22:45:25 [INFO] [OctoBans] smookeur sql checked, record: tpkill by SmooKeur to 1504211149
07-09-17 22:45:25 [INFO] [OctoBans] smookeur sql checked, record: doubleposte by SmooKeur to 1504126356
07-09-17 22:45:25 [INFO] [OctoBans] smookeur sql checked, record: tpkill by SmooKeur to 1504214017
07-09-17 22:45:25 [INFO] [OctoBans] smookeur sql checked, record: langage by SmooKeur to 1504132811
07-09-17 22:45:25 [INFO] [OctoBans] smookeur sql checked, record: faussesinfos by SmooKeur to 1504541071
07-09-17 22:45:25 [INFO] [OctoBans] smookeur sql checked, record: doubleposte by SmooKeur to 1504455901
07-09-17 22:45:25 [INFO] [OctoBans] smookeur sql checked, record: tpkill by SmooKeur to 1504629525
07-09-17 22:45:25 [INFO] [OctoBans] smookeur sql checked, record: provocation by SmooKeur to 1504467980
07-09-17 22:45:25 [INFO] [OctoBans] smookeur sql checked, record: faussesinfos by SmooKeur to 1504648370
07-09-17 22:45:25 [INFO] [OctoBans] smookeur sql checked, record: langage by SmooKeur to 1504476192
07-09-17 22:45:25 [INFO] [OctoBans] smookeur sql checked, record: langage by SmooKeur to 1504479820
07-09-17 22:45:25 [INFO] [OctoBans] smookeur sql checked, record: provocation by SmooKeur to 1504485250
07-09-17 22:45:25 [INFO] [OctoBans] smookeur sql checked, record: tpkill by SmooKeur to 1504562366
07-09-17 22:45:25 [INFO] [OctoBans] smookeur sql checked, record: tpkill by SmooKeur to 1504735173
07-09-17 22:45:25 [INFO] [OctoBans] smookeur sql checked, record: langage by SmooKeur to 1504476794
07-09-17 22:45:25 [INFO] [OctoBans] smookeur sql checked, record: provocation by SmooKeur to 1504512414
07-09-17 22:45:25 [INFO] [OctoBans] smookeur sql checked, record: doubleposte by SmooKeur to 1504512929
07-09-17 22:45:25 [INFO] [OctoBans] smookeur sql checked, record: doubleposte by SmooKeur to 1504514447
07-09-17 22:45:25 [INFO] [OctoBans] smookeur sql checked, record: faussesinfos by SmooKeur to 1504598164
07-09-17 22:45:25 [INFO] [OctoBans] smookeur sql checked, record: pubyt by SmooKeur to 1504515823
07-09-17 22:45:25 [INFO] [OctoBans] smookeur sql checked, record: majuscule by SmooKeur to 1504513969
07-09-17 22:45:25 [INFO] [OctoBans] smookeur sql checked, record: provocation by SmooKeur to 1504513676
07-09-17 22:45:25 [INFO] [OctoBans] smookeur sql checked, record: spam by SmooKeur to 1504520804
07-09-17 22:45:25 [INFO] [OctoBans] smookeur sql checked, record: provocation by SmooKeur to 1504522059
07-09-17 22:45:25 [INFO] [OctoBans] smookeur sql checked, record: insulte by SmooKeur to 1504520123
07-09-17 22:45:25 [INFO] [OctoBans] smookeur sql checked, record: tpkill by SmooKeur to 1504776720
07-09-17 22:45:25 [INFO] [OctoBans] smookeur sql checked, record: tpkill by SmooKeur to 1504690328
07-09-17 22:45:25 [INFO] [OctoBans] smookeur sql checked, record: majuscule by SmooKeur to 1504527576
07-09-17 22:45:25 [INFO] [OctoBans] smookeur sql checked, record: doubleposte by SmooKeur to 1504533649
07-09-17 22:45:25 [INFO] [OctoBans] smookeur sql checked, record: tpkill by SmooKeur to 1504706711
07-09-17 22:45:25 [INFO] [OctoBans] smookeur sql checked, record: tpkill by SmooKeur to 1504620316
07-09-17 22:45:25 [INFO] [OctoBans] smookeur sql checked, record: tpkill by SmooKeur to 1504620321
07-09-17 22:45:25 [INFO] [OctoBans] smookeur sql checked, record: doubleposte by SmooKeur to 1504536332
07-09-17 22:45:25 [INFO] [OctoBans] smookeur sql checked, record: majuscule by SmooKeur to 1504535744
07-09-17 22:45:25 [INFO] [OctoBans] smookeur sql checked, record: insultegrave by SmooKeur to 1504606585
07-09-17 22:45:25 [INFO] [OctoBans] smookeur sql checked, record: majuscule by SmooKeur to 1504543613
07-09-17 22:45:25 [INFO] [OctoBans] smookeur sql checked, record: doubleposte by SmooKeur to 1504537128
07-09-17 22:45:25 [INFO] [OctoBans] smookeur sql checked, record: provocation by SmooKeur to 1504537523
07-09-17 22:45:25 [INFO] [OctoBans] smookeur sql checked, record: provocation by SmooKeur to 1504537830
07-09-17 22:45:25 [INFO] [OctoBans] smookeur sql checked, record: doubleposte by SmooKeur to 1504536890
07-09-17 22:45:25 [INFO] [OctoBans] smookeur sql checked, record: doubleposte by SmooKeur to 1504543635
07-09-17 22:45:25 [INFO] [OctoBans] smookeur sql checked, record: tpkill by SmooKeur to 1504630452
07-09-17 22:45:25 [INFO] [OctoBans] smookeur sql checked, record: tpkill by SmooKeur to 1504716875
07-09-17 22:45:25 [INFO] [OctoBans] smookeur sql checked, record: faussesinfos by SmooKeur to 1504630947
07-09-17 22:45:25 [INFO] [OctoBans] smookeur sql checked, record: doubleposte by SmooKeur to 1504546059
07-09-17 22:45:25 [INFO] [OctoBans] smookeur sql checked, record: doubleposte by SmooKeur to 1504546792
07-09-17 22:45:25 [INFO] [OctoBans] smookeur sql checked, record: doubleposte by SmooKeur to 1504545918
07-09-17 22:45:25 [INFO] [OctoBans] smookeur sql checked, record: tpkill by SmooKeur to 1504631780
07-09-17 22:45:25 [INFO] [OctoBans] smookeur sql checked, record: tpkill by SmooKeur to 1504632134
07-09-17 22:45:25 [INFO] [OctoBans] smookeur sql checked, record: tpkill by SmooKeur to 1504632138
07-09-17 22:45:25 [INFO] [OctoBans] smookeur sql checked, record: pubyt by SmooKeur to 1504550000
07-09-17 22:45:25 [INFO] [OctoBans] smookeur sql checked, record: faussesinfos by SmooKeur to 1504633159
07-09-17 22:45:25 [INFO] [OctoBans] smookeur sql checked, record: majuscule by SmooKeur to 1504547823
07-09-17 22:45:25 [INFO] [OctoBans] smookeur sql checked, record: majuscule by SmooKeur to 1504547851
07-09-17 22:45:25 [INFO] [OctoBans] smookeur sql checked, record: tpkill by SmooKeur to 1504638438
07-09-17 22:45:25 [INFO] [OctoBans] smookeur sql checked, record: insultestaff by SmooKeur to 1504588181
07-09-17 22:45:25 [INFO] [OctoBans] smookeur sql checked, record: spammp by SmooKeur to -1
07-09-17 22:45:25 [INFO] [OctoBans] smookeur sql checked, record: provocation by SmooKeur to 1504552715
07-09-17 22:45:25 [INFO] [OctoBans] smookeur sql checked, record: doubleposte by SmooKeur to 1504552741
07-09-17 22:45:25 [INFO] [OctoBans] smookeur sql checked, record: doubleposte by SmooKeur to 1504553946
07-09-17 22:45:25 [INFO] [OctoBans] smookeur sql checked, record: doubleposte by SmooKeur to 1504556067
07-09-17 22:45:25 [INFO] [OctoBans] smookeur sql checked, record: langage by SmooKeur to 1504556390
07-09-17 22:45:25 [INFO] [OctoBans] smookeur sql checked, record: doubleposte by SmooKeur to 1504609320
07-09-17 22:45:25 [INFO] [OctoBans] smookeur sql checked, record: faussesinfos by SmooKeur to 1504777868
07-09-17 22:45:25 [INFO] [OctoBans] smookeur sql checked, record: doubleposte by SmooKeur to 1504613944
07-09-17 22:45:25 [INFO] [OctoBans] smookeur sql checked, record: doubleposte by SmooKeur to 1504809930
07-09-17 22:45:25 [INFO] [OctoBans] smookeur sql checked, record: doubleposte by SmooKeur to 1504810940
07-09-17 22:45:25 [INFO] [OctoBans] smookeur sql checked, record: doubleposte by SmooKeur to 1504809349
07-09-17 22:45:25 [INFO] [OctoBans] smookeur sql checked, record: tpkill by SmooKeur to 1504903162
07-09-17 22:45:25 [INFO] [OctoBans] smookeur sql checked, record: tpkill by SmooKeur to 1504903174
07-09-17 22:45:25 [INFO] [OctoBans] smookeur sql checked, record: majuscule by SmooKeur to 1504817721
07-09-17 22:49:55 [INFO] [OctoBans] superb3b3 sql checked, record: spammp by Remil to -1
07-09-17 22:49:55 [INFO] [OctoBans] superb3b3 sql checked, record: spammp by Remil to -1
07-09-17 23:01:30 [INFO] [OctoBans] johan22600 sql checked, record: insultegrave by TheBrioche13 to 1504914897
07-09-17 23:09:53 [INFO] [OctoBans] SmooKeur punished raptonoir for: Double Poste
07-09-17 23:10:56 [INFO] [OctoBans] lepotededarryl sql checked, record: spammp by Remil to -1
07-09-17 23:10:56 [INFO] [OctoBans] lepotededarryl sql checked, record: spammp by Remil to -1
07-09-17 23:29:04 [INFO] [OctoBans] MrFafax_ punished stoff3r for: Majuscule
07-09-17 23:34:47 [INFO] [OctoBans] gamix_yt sql checked, record: spammp by tinmar to -1
07-09-17 23:40:46 [INFO] [OctoBans] MrFafax_ punished thekillervaca for: Insulte grave
07-09-17 23:43:17 [INFO] [OctoBans] hayden_frost sql checked, record: spammp by PseudoNul to -1
07-09-17 23:43:17 [INFO] [OctoBans] hayden_frost sql checked, record: spammp by Remil to -1
07-09-17 23:47:35 [INFO] [OctoBans] MrFafax_ punished weezy for: Provocation
08-09-17 00:46:43 [INFO] [OctoBans] SmooKeur punished aymericklebg for: Double Poste
08-09-17 01:32:49 [INFO] [OctoBans] shouteur sql checked, record: faussesinfos by YTB_XxKarnageXx to 1505072777
08-09-17 02:25:09 [INFO] [OctoBans] insanity sql checked, record: spammp by SkyKosIV to -1
08-09-17 03:53:34 [INFO] [OctoBans] _vortex_ sql checked, record: spammp by Remil to -1
08-09-17 05:02:08 [INFO] [OctoBans] axelpas sql checked, record: spammp by SmooKeur to -1
08-09-17 06:01:02 [INFO] [OctoBans] Disabling OctoBans v1.0
