07-01-18 22:31:42 [INFO] [OctoBans] File Handler successfully initialized!
07-01-18 22:31:42 [INFO] [OctoBans] SQL connection successfully etablished
07-01-18 22:31:42 [INFO] [OctoBans] Moderator Tools by Octonia.
07-01-18 22:31:47 [INFO] [OctoBans] _topui_ sql checked, record: spammp by EW3L to -1
07-01-18 22:31:47 [INFO] [OctoBans] _topui_ sql checked, record: spammp by MrKebab to -1
07-01-18 22:31:47 [INFO] [OctoBans] _topui_ sql checked, record: spammp by LsAnGfRoId to -1
07-01-18 22:31:47 [INFO] [OctoBans] tereure sql checked, record: spammp by Zayrox29 to -1
07-01-18 22:31:47 [INFO] [OctoBans] tereure sql checked, record: spammp by PseudooNull to -1
07-01-18 22:31:47 [INFO] [OctoBans] aexraptorz sql checked, record: spammp by Remil to -1
07-01-18 22:31:47 [INFO] [OctoBans] aexraptorz sql checked, record: spammp by PseudooNull to -1
07-01-18 22:31:47 [INFO] [OctoBans] azenpvp sql checked, record: spammp by D3adOrSnipSurYTB to -1
07-01-18 22:32:04 [INFO] [OctoBans] keen0x sql checked, record: spammp by FNGOD to -1
07-01-18 22:32:35 [INFO] [OctoBans] the_slash sql checked, record: spammp by pepedjo to -1
07-01-18 22:32:35 [INFO] [OctoBans] the_slash sql checked, record: spammp by drbrine to -1
07-01-18 22:32:35 [INFO] [OctoBans] the_slash sql checked, record: spammp by NeyTox to -1
07-01-18 22:32:35 [INFO] [OctoBans] the_slash sql checked, record: spammp by EW3L to -1
07-01-18 22:32:56 [INFO] [OctoBans] x4gaming sql checked, record: spammp by D3adOrSnipSurYTB to -1
07-01-18 22:32:56 [INFO] [OctoBans] x4gaming sql checked, record: spammp by atsuky to -1
07-01-18 22:33:01 [INFO] [OctoBans] idreyzen sql checked, record: spammp by zlKayzen to -1
07-01-18 22:33:01 [INFO] [OctoBans] idreyzen sql checked, record: spammp by ToXiCz_TV to -1
07-01-18 22:33:01 [INFO] [OctoBans] idreyzen sql checked, record: incitationflood by PseudooNull to 1515454939
07-01-18 22:33:15 [INFO] [OctoBans] NeyTox punished volmog_yt for: Publicité Youtubeur
07-01-18 22:33:18 [INFO] [OctoBans] sipha sql checked, record: spammp by ToXiCz_TV to -1
07-01-18 22:34:09 [INFO] [OctoBans] gotmalive sql checked, record: spammp by PseudooNull to -1
07-01-18 22:35:23 [INFO] [OctoBans] monstergamex7 sql checked, record: spammp by pepedjo to -1
07-01-18 22:36:00 [INFO] [OctoBans] fabio sql checked, record: spammp by zlKayzen to -1
07-01-18 22:36:00 [INFO] [OctoBans] fabio sql checked, record: spammp by WeeZix to -1
07-01-18 22:36:00 [INFO] [OctoBans] fabio sql checked, record: spammp by D3adOrSnipSurYTB to -1
07-01-18 22:36:00 [INFO] [OctoBans] fabio sql checked, record: spammp by Bucky57 to -1
07-01-18 22:36:30 [INFO] [OctoBans] agoniel sql checked, record: spammp by Koeseb97 to -1
07-01-18 22:46:33 [INFO] [OctoBans] lucas775 sql checked, record: spammp by FiasK0 to -1
07-01-18 22:53:30 [INFO] [OctoBans] virocl sql checked, record: spammp by PseudooNull to -1
07-01-18 22:58:32 [INFO] [OctoBans] hayden_frost sql checked, record: spammp by OCIP_Matth to -1
07-01-18 22:59:07 [INFO] [OctoBans] oth716 sql checked, record: spammp by EGGSPLOSION to -1
07-01-18 22:59:25 [INFO] [OctoBans] ktm125sx sql checked, record: spammp by PseudooNull to -1
07-01-18 23:21:51 [INFO] [OctoBans] modzg sql checked, record: spammp by FiasK0 to -1
07-01-18 23:21:51 [INFO] [OctoBans] modzg sql checked, record: spamfopen by zlFire49 to 1515524085
07-01-18 23:21:56 [INFO] [OctoBans] zlFire49 punished lefiloudu91 for: Spam/flood
07-01-18 23:27:07 [INFO] [OctoBans] chut3000 sql checked, record: spammp by FiasK0 to -1
07-01-18 23:27:07 [INFO] [OctoBans] chut3000 sql checked, record: spammp by Zayrox29 to -1
07-01-18 23:27:07 [INFO] [OctoBans] chut3000 sql checked, record: spammp by NeyTox to -1
07-01-18 23:28:10 [INFO] [OctoBans] NeyTox punished oth716 for: Spam/flood
07-01-18 23:29:04 [INFO] [OctoBans] rdvsurlebloc sql checked, record: spammp by D3adOrSnipSurYTB to -1
07-01-18 23:29:07 [INFO] [OctoBans] zeynox sql checked, record: spammp by Zayrox29 to -1
07-01-18 23:29:07 [INFO] [OctoBans] zeynox sql checked, record: spammp by Zoseq to -1
07-01-18 23:29:07 [INFO] [OctoBans] zeynox sql checked, record: spammp by LaKitaw to -1
07-01-18 23:29:07 [INFO] [OctoBans] zeynox sql checked, record: spammp by LaKitaw to -1
07-01-18 23:29:07 [INFO] [OctoBans] zeynox sql checked, record: spammp by LaKitaw to -1
07-01-18 23:29:07 [INFO] [OctoBans] zeynox sql checked, record: spammp by D3adOrSnipSurYTB to -1
07-01-18 23:42:41 [INFO] [OctoBans] karibo127 sql checked, record: spammp by FNGOD to -1
07-01-18 23:42:41 [INFO] [OctoBans] karibo127 sql checked, record: spammp by FNGOD to -1
07-01-18 23:42:41 [INFO] [OctoBans] karibo127 sql checked, record: spammp by EGGSPLOSION to -1
07-01-18 23:56:15 [INFO] [OctoBans] duckawikytb sql checked, record: spammp by OCIP_Matth to -1
08-01-18 00:10:32 [INFO] [OctoBans] zobelsuryoutube sql checked, record: spammp by Zayrox29 to -1
08-01-18 00:10:32 [INFO] [OctoBans] zobelsuryoutube sql checked, record: spammp by PseudooNull to -1
08-01-18 00:16:36 [INFO] [OctoBans] deeprodole sql checked, record: spammp by Zayrox29 to -1
08-01-18 00:16:36 [INFO] [OctoBans] deeprodole sql checked, record: spammp by Zayrox29 to -1
08-01-18 00:21:29 [INFO] [OctoBans] zozodu14 sql checked, record: homophobie by woimant to 1515372487
08-01-18 00:22:16 [INFO] [OctoBans] NeyTox punished petitpigeon for: Publicité Youtubeur
08-01-18 00:24:43 [INFO] [OctoBans] karlwill sql checked, record: spammp by Gamer09 to -1
08-01-18 00:24:43 [INFO] [OctoBans] karlwill sql checked, record: spammp by LeRe to -1
08-01-18 00:40:39 [INFO] [OctoBans] flo_theking sql checked, record: spammp by PseudooNull to -1
08-01-18 00:54:29 [INFO] [OctoBans] mame sql checked, record: spammp by FiasK0 to -1
08-01-18 00:54:29 [INFO] [OctoBans] mame sql checked, record: spammp by Ourox_ to -1
08-01-18 00:54:29 [INFO] [OctoBans] mame sql checked, record: spammp by tinmar to -1
08-01-18 01:34:34 [INFO] [OctoBans] NeyTox punished stoff3r for: Provocation
08-01-18 01:40:04 [INFO] [OctoBans] NeyTox punished stoff3r for: Provocation
08-01-18 02:10:57 [INFO] [OctoBans] NeyTox punished aexraptorz for: Insulte grave
08-01-18 02:30:46 [INFO] [OctoBans] walterwhite sql checked, record: spammp by PseudooNull to -1
08-01-18 06:01:01 [INFO] [OctoBans] Disabling OctoBans v1.0
