22-11-17 22:31:42 [INFO] [OctoBans] File Handler successfully initialized!
22-11-17 22:31:42 [INFO] [OctoBans] SQL connection successfully etablished
22-11-17 22:31:42 [INFO] [OctoBans] Moderator Tools by Octonia.
22-11-17 22:31:47 [INFO] [OctoBans] gamix_yt sql checked, record: spam by LeRe to 1511398382
22-11-17 22:31:47 [INFO] [OctoBans] skydark_35 sql checked, record: doubleposte by SmooKeur to 1511386676
22-11-17 22:31:47 [INFO] [OctoBans] bluegumsurytb sql checked, record: spam by Zayrox29 to 1511394427
22-11-17 22:31:55 [INFO] [OctoBans] fiask0 sql checked, record: spammp by FiasK0 to -1
22-11-17 22:31:56 [INFO] [OctoBans] zlkayzen sql checked, record: spammp by SmooKeur to -1
22-11-17 22:31:56 [INFO] [OctoBans] zlkayzen sql checked, record: provocation by Evolze to 1511389841
22-11-17 22:31:56 [INFO] [OctoBans] zlkayzen sql checked, record: spammp by Evolze to -1
22-11-17 22:31:56 [INFO] [OctoBans] zlkayzen sql checked, record: insultegrave by Evolze to 1511490403
22-11-17 22:31:56 [INFO] [OctoBans] zlkayzen sql checked, record: provocation by OCIP_Matth to 1511390779
22-11-17 22:31:58 [INFO] [OctoBans] tifou_fou sql checked, record: doubleposte by SmooKeur to 1511386782
22-11-17 22:31:58 [INFO] [OctoBans] aexraptorz sql checked, record: spammp by Remil to -1
22-11-17 22:32:03 [INFO] [OctoBans] eglantinette sql checked, record: flood by NiceFR to 1511387134
22-11-17 22:32:10 [INFO] [OctoBans] pepsicoca sql checked, record: spammp by infinitim to -1
22-11-17 22:32:20 [INFO] [OctoBans] sangoku sql checked, record: provocation by LeRe to 1511390978
22-11-17 22:32:35 [INFO] [OctoBans] darryl1 sql checked, record: spammp by FiasK0 to -1
22-11-17 22:32:40 [INFO] [OctoBans] vprince80 sql checked, record: incitationflood by WeeZix to 1511457843
22-11-17 22:32:48 [INFO] [OctoBans] lukas117 sql checked, record: spam by Remil to 1511388826
22-11-17 22:33:08 [INFO] [OctoBans] virocl sql checked, record: spammp by drbrine to -1
22-11-17 22:33:19 [INFO] [OctoBans] FiasK0 punished _theodu13_ for: Spam/flood
22-11-17 22:33:41 [INFO] [OctoBans] FiasK0 punished tigro17 for: Spam/flood
22-11-17 22:33:45 [INFO] [OctoBans] the_slash sql checked, record: spammp by pepedjo to -1
22-11-17 22:33:45 [INFO] [OctoBans] the_slash sql checked, record: spammp by drbrine to -1
22-11-17 22:33:45 [INFO] [OctoBans] the_slash sql checked, record: homophobie by tinmar to 1511526030
22-11-17 22:34:14 [INFO] [OctoBans] seyyde_ sql checked, record: spammp by Gamer09 to -1
22-11-17 22:40:11 [INFO] [OctoBans] mpc_azubal sql checked, record: insultegrave by FiasK0 to 1511400420
22-11-17 22:42:54 [INFO] [OctoBans] yeti2001vd sql checked, record: spammp by Frite_Merguez to -1
22-11-17 22:42:54 [INFO] [OctoBans] yeti2001vd sql checked, record: spammp by FiasK0 to -1
22-11-17 22:42:54 [INFO] [OctoBans] yeti2001vd sql checked, record: insultegrave by FiasK0 to 1511389869
22-11-17 22:43:04 [INFO] [OctoBans] superb3b3 sql checked, record: spammp by Evolze to -1
22-11-17 22:43:04 [INFO] [OctoBans] superb3b3 sql checked, record: spammp by Evolze to -1
22-11-17 22:43:04 [INFO] [OctoBans] superb3b3 sql checked, record: spammp by OCIP_Matth to -1
22-11-17 22:43:07 [INFO] [OctoBans] drbrine punished mgk_tozzzz for: Spam/flood en MP
22-11-17 22:45:05 [INFO] [OctoBans] xx_yz_xx sql checked, record: spammp by SkillBOotiiS to -1
22-11-17 22:45:07 [INFO] [OctoBans] FiasK0 punished tifou_fou for: Spam/flood
22-11-17 22:45:36 [INFO] [OctoBans] FiasK0 punished aexraptorz for: Spam/flood
22-11-17 22:47:52 [INFO] [OctoBans] FiasK0 punished octoway for: Spam/flood
22-11-17 22:51:43 [INFO] [OctoBans] blackwhite010 sql checked, record: spammp by drbrine to -1
22-11-17 22:51:43 [INFO] [OctoBans] blackwhite010 sql checked, record: spammp by drbrine to -1
22-11-17 22:51:43 [INFO] [OctoBans] blackwhite010 sql checked, record: spammp by drbrine to -1
22-11-17 22:51:43 [INFO] [OctoBans] blackwhite010 sql checked, record: insultegrave by woimant to 1511418210
22-11-17 22:51:43 [INFO] [OctoBans] blackwhite010 sql checked, record: spammp by woimant to -1
22-11-17 22:58:41 [INFO] [OctoBans] swichdi sql checked, record: spammp by Gamer09 to -1
22-11-17 23:00:03 [INFO] [OctoBans] fabubu sql checked, record: spam by NeyTox to 1511393882
22-11-17 23:11:17 [INFO] [OctoBans] drbrine punished _theodu13_ for: Provocation
22-11-17 23:39:40 [INFO] [OctoBans] drbrine punished thomas62200 for: Provocation
22-11-17 23:54:35 [INFO] [OctoBans] millardm punished sangoku for: Double Poste
23-11-17 00:05:34 [INFO] [OctoBans] killerboydu13 sql checked, record: spammp by Evolze to -1
23-11-17 00:05:34 [INFO] [OctoBans] killerboydu13 sql checked, record: spammp by KelianHD to -1
23-11-17 00:05:34 [INFO] [OctoBans] killerboydu13 sql checked, record: spammp by OCIP_Matth to -1
23-11-17 00:06:36 [INFO] [OctoBans] romudu269 sql checked, record: provocation by OCIP_Matth to 1511399426
23-11-17 00:08:15 [INFO] [OctoBans] drbrine punished killerboydu13 for: Double Poste
23-11-17 00:16:54 [INFO] [OctoBans] dark_t0x sql checked, record: spammp by NiceFR to -1
23-11-17 00:20:27 [INFO] [OctoBans] drbrine punished zarteck09 for: Double Poste
23-11-17 00:20:43 [INFO] [OctoBans] drbrine punished clashdu45 for: Spam/flood
23-11-17 00:24:22 [INFO] [OctoBans] drbrine punished hyperia_swag for: Provocation
23-11-17 00:34:21 [INFO] [OctoBans] drbrine punished camaro for: Double Poste
23-11-17 00:53:52 [INFO] [OctoBans] drbrine punished asunayuki for: Insulte
23-11-17 00:54:39 [INFO] [OctoBans] drbrine punished virocl for: Provocation
23-11-17 01:05:35 [INFO] [OctoBans] drbrine punished zarteck09 for: Spam/flood
23-11-17 01:13:52 [INFO] [OctoBans] drbrine punished insanity for: Spam/flood
23-11-17 01:18:03 [INFO] [OctoBans] drbrine punished sangoku for: Spam/flood
23-11-17 01:18:27 [INFO] [OctoBans] drbrine punished tigrediamant for: Provocation
23-11-17 02:29:07 [INFO] [OctoBans] SoTy_ punished aexraptorz for: Spam/flood
23-11-17 05:28:14 [INFO] [OctoBans] kikoo53000 sql checked, record: spammp by ToXiCz_TV to -1
23-11-17 05:28:14 [INFO] [OctoBans] kikoo53000 sql checked, record: insultegrave by pepedjo to 1511432686
23-11-17 06:01:01 [INFO] [OctoBans] Disabling OctoBans v1.0
