12-06-17 22:31:42 [INFO] [OctoBans] File Handler successfully initialized!
12-06-17 22:31:42 [INFO] [OctoBans] SQL connection successfully etablished
12-06-17 22:31:42 [INFO] [OctoBans] Moderator Tools by Octonia.
12-06-17 22:31:47 [INFO] [OctoBans] ruth_skwiz sql checked, record: spammp by Remil to -1
12-06-17 22:31:47 [INFO] [OctoBans] itz_smokew33d sql checked, record: spammp by Remil to -1
12-06-17 22:31:47 [INFO] [OctoBans] shouteur sql checked, record: spammp by Remil to -1
12-06-17 22:31:47 [INFO] [OctoBans] shouteur sql checked, record: spammp by SuperJojo to -1
12-06-17 22:31:47 [INFO] [OctoBans] xelio57 sql checked, record: spammp by SnowEffect to -1
12-06-17 22:31:47 [INFO] [OctoBans] zoxis sql checked, record: spammp by Theo97 to -1
12-06-17 22:31:47 [INFO] [OctoBans] scorpmanskill sql checked, record: insultestaff by Remil to 1497329978
12-06-17 22:31:47 [INFO] [OctoBans] scorpmanskill sql checked, record: insultestaff by Remil to 1497366040
12-06-17 22:31:47 [INFO] [OctoBans] mrbspino517 sql checked, record: faussesinfos by Theo97 to 1497357881
12-06-17 22:31:47 [INFO] [OctoBans] mrpepito94 sql checked, record: spam by SuperJojo to 1497313093
12-06-17 22:31:47 [INFO] [OctoBans] northfirez sql checked, record: spam by Remil to 1497302293
12-06-17 22:31:47 [INFO] [OctoBans] kvinzo sql checked, record: spammp by PseudoNul to -1
12-06-17 22:31:47 [INFO] [OctoBans] marchandloup sql checked, record: spammp by Remil to -1
12-06-17 22:31:47 [INFO] [OctoBans] marchandloup sql checked, record: spam by Remil to 1497300660
12-06-17 22:31:47 [INFO] [OctoBans] karozi_ sql checked, record: incitationflood by Tybou to 1497309101
12-06-17 22:31:47 [INFO] [OctoBans] _kheyzz_ sql checked, record: spammp by SuperJojo to -1
12-06-17 22:31:47 [INFO] [OctoBans] gaspeur sql checked, record: spam by Remil to 1497302304
12-06-17 22:31:47 [INFO] [OctoBans] sportek_ sql checked, record: spammp by SkyKosIV to -1
12-06-17 22:31:47 [INFO] [OctoBans] blackstars301 sql checked, record: faussesinfos by Remil to 1497472109
12-06-17 22:31:50 [INFO] [OctoBans] by_kw3e sql checked, record: kickautre by Antoine57565 to -1
12-06-17 22:31:50 [INFO] [OctoBans] by_kw3e sql checked, record: insultegrave by Tybou to 1497323033
12-06-17 22:31:50 [INFO] [OctoBans] singe_de_telfort sql checked, record: spammp by SuperJojo to -1
12-06-17 22:31:50 [INFO] [OctoBans] singe_de_telfort sql checked, record: kickautre by Steph078 to -1
12-06-17 22:31:50 [INFO] [OctoBans] singe_de_telfort sql checked, record: spammp by SuperJojo to -1
12-06-17 22:31:50 [INFO] [OctoBans] singe_de_telfort sql checked, record: spammp by SkyKosIV to -1
12-06-17 22:31:50 [INFO] [OctoBans] singe_de_telfort sql checked, record: spammp by YTB_XxKarnageXx to -1
12-06-17 22:31:50 [INFO] [OctoBans] singe_de_telfort sql checked, record: insultestaff by Romlcm89 to 1497356817
12-06-17 22:31:53 [INFO] [OctoBans] 120403jean sql checked, record: spammp by Remil to -1
12-06-17 22:31:57 [INFO] [OctoBans] superfilleciel sql checked, record: spammp by Theo97 to -1
12-06-17 22:31:57 [INFO] [OctoBans] superjojo sql checked, record: spammp by SkyKosIV to -1
12-06-17 22:31:57 [INFO] [OctoBans] superjojo sql checked, record: spammp by Blubfire to -1
12-06-17 22:31:58 [INFO] [OctoBans] idecow_ sql checked, record: spammp by PseudoNul to -1
12-06-17 22:31:58 [INFO] [OctoBans] idecow_ sql checked, record: spammp by SuperJojo to -1
12-06-17 22:31:58 [INFO] [OctoBans] idecow_ sql checked, record: spammp by PseudoNul to -1
12-06-17 22:31:59 [INFO] [OctoBans] tipi201 sql checked, record: kickautre by ZerKup to -1
12-06-17 22:31:59 [INFO] [OctoBans] agent_mn sql checked, record: doubleposte by YTB_XxKarnageXx to 1497299818
12-06-17 22:32:04 [INFO] [OctoBans] toledo sql checked, record: spammp by Remil to -1
12-06-17 22:32:04 [INFO] [OctoBans] acos79 sql checked, record: spammp by YTB_XxKarnageXx to -1
12-06-17 22:32:04 [INFO] [OctoBans] acos79 sql checked, record: spammp by Steph078 to -1
12-06-17 22:32:04 [INFO] [OctoBans] fantik099 sql checked, record: incitationflood by ZerKup to 1497372230
12-06-17 22:32:06 [INFO] [OctoBans] siplyoyt sql checked, record: spammp by PseudoNul to -1
12-06-17 22:32:33 [INFO] [OctoBans] steph078 sql checked, record: spammp by Blubfire to -1
12-06-17 22:32:33 [INFO] [OctoBans] steph078 sql checked, record: spammp by Blubfire to -1
12-06-17 22:33:16 [INFO] [OctoBans] dylan5621 sql checked, record: spammp by PseudoNul to -1
12-06-17 22:33:48 [INFO] [OctoBans] mrbspino517 sql checked, record: faussesinfos by Theo97 to 1497357881
12-06-17 22:33:59 [INFO] [OctoBans] oriano sql checked, record: spam by SuperJojo to 1497302264
12-06-17 22:34:08 [INFO] [OctoBans] erinoxlx sql checked, record: kickautre by Steph078 to -1
12-06-17 22:34:22 [INFO] [OctoBans] julie52100 sql checked, record: spammp by SnowEffect to -1
12-06-17 22:34:22 [INFO] [OctoBans] julie52100 sql checked, record: insultestaff by Chirak_sama to 1497349909
12-06-17 22:34:24 [INFO] [OctoBans] swiftstay sql checked, record: spammp by Remil to -1
12-06-17 22:34:58 [INFO] [OctoBans] SuperJojo punished closte124 for: Double Poste
12-06-17 22:35:08 [INFO] [OctoBans] hayden_frost sql checked, record: spammp by PseudoNul to -1
12-06-17 22:38:05 [INFO] [OctoBans] SuperJojo punished kayzer95 for: Double Poste
12-06-17 22:40:22 [INFO] [OctoBans] SuperJojo punished lakayser for: Double Poste
12-06-17 22:41:35 [INFO] [OctoBans] lucas59261 sql checked, record: kickautre by ZerKup to -1
12-06-17 22:41:35 [INFO] [OctoBans] lucas59261 sql checked, record: spammp by PseudoNul to -1
12-06-17 22:41:35 [INFO] [OctoBans] lucas59261 sql checked, record: spammp by YTB_XxKarnageXx to -1
12-06-17 22:41:35 [INFO] [OctoBans] lucas59261 sql checked, record: spammp by Remil to -1
12-06-17 22:43:34 [INFO] [OctoBans] SuperJojo punished soufian for: Provocation
12-06-17 22:45:44 [INFO] [OctoBans] SuperJojo punished ghostdidier for: Spam/flood
12-06-17 22:47:49 [INFO] [OctoBans] demonz sql checked, record: tpkill by PseudoNul to 1497301301
12-06-17 22:49:48 [INFO] [OctoBans] zrk_warthog sql checked, record: spammp by Remil to -1
12-06-17 22:50:47 [INFO] [OctoBans] samybg sql checked, record: spammp by Remil to -1
12-06-17 22:50:47 [INFO] [OctoBans] samybg sql checked, record: doubleposte by SuperJojo to 1497301407
12-06-17 22:54:38 [INFO] [OctoBans] Tybou punished lolollo for: Double Poste
12-06-17 22:54:39 [INFO] [OctoBans] fabio sql checked, record: spammp by Remil to -1
12-06-17 22:56:12 [INFO] [OctoBans] SuperJojo punished zrk_warthog for: Insulte staff
12-06-17 22:57:56 [INFO] [OctoBans] 54melih54 punished mrbspino517 for: Provocation
12-06-17 22:58:35 [INFO] [OctoBans] walterwhite sql checked, record: spammp by SuperJojo to -1
12-06-17 22:58:35 [INFO] [OctoBans] walterwhite sql checked, record: insultestaff by Elyxir to 1497323495
12-06-17 22:59:40 [INFO] [OctoBans] SuperJojo punished winningyt for: Double Poste
12-06-17 23:01:58 [INFO] [OctoBans] SuperJojo punished play4games for: Majuscule
12-06-17 23:03:37 [INFO] [OctoBans] razgard59 sql checked, record: spammp by SuperJojo to -1
12-06-17 23:08:20 [INFO] [OctoBans] SuperJojo punished sn00p for: Double Poste
12-06-17 23:11:13 [INFO] [OctoBans] SuperJojo punished samybg for: Double Poste
12-06-17 23:12:33 [INFO] [OctoBans] lavache sql checked, record: spammp by SkyKosIV to -1
12-06-17 23:17:09 [INFO] [OctoBans] Steph078 punished misterblazing for: Langage incorrect
12-06-17 23:24:30 [INFO] [OctoBans] gamix_yt sql checked, record: spammp by SkyKosIV to -1
12-06-17 23:24:30 [INFO] [OctoBans] gamix_yt sql checked, record: spammp by Steph078 to -1
12-06-17 23:24:30 [INFO] [OctoBans] gamix_yt sql checked, record: insultegrave by Remil to 1497329731
12-06-17 23:24:30 [INFO] [OctoBans] gamix_yt sql checked, record: insultegrave by Remil to 1497365752
12-06-17 23:24:30 [INFO] [OctoBans] gamix_yt sql checked, record: insultegrave by Remil to 1497401772
12-06-17 23:24:30 [INFO] [OctoBans] gamix_yt sql checked, record: insultegrave by Remil to 1497437793
12-06-17 23:25:51 [INFO] [OctoBans] Tybou punished gamix_yt for: Provocation
12-06-17 23:26:15 [INFO] [OctoBans] Steph078 punished stitchougamer for: Double Poste
12-06-17 23:31:04 [INFO] [OctoBans] Steph078 punished argonik34110 for: Double Poste
12-06-17 23:34:44 [INFO] [OctoBans] 54melih54 punished diodu for: Majuscule
12-06-17 23:40:43 [INFO] [OctoBans] 54melih54 punished poseycanapey for: Spam/flood
12-06-17 23:44:32 [INFO] [OctoBans] blackwhite010 sql checked, record: spammp by PseudoNul to -1
12-06-17 23:44:37 [INFO] [OctoBans] Tybou punished dragonne_master for: Double Poste
12-06-17 23:45:29 [INFO] [OctoBans] 54melih54 punished akazede for: Insulte grave
12-06-17 23:45:36 [INFO] [OctoBans] 54melih54 punished toledo for: Insulte
12-06-17 23:45:47 [INFO] [OctoBans] 54melih54 punished oriano for: Majuscule
12-06-17 23:46:40 [INFO] [OctoBans] Tybou punished demonz_pvp for: Insulte staff
12-06-17 23:47:08 [INFO] [OctoBans] Tybou punished demonz for: Insulte grave
12-06-17 23:48:07 [INFO] [OctoBans] demonz_pvp sql checked, record: insultestaff by Tybou to 1497340000
12-06-17 23:48:17 [INFO] [OctoBans] demonz_pvp sql checked, record: insultestaff by Tybou to 1497340000
12-06-17 23:48:39 [INFO] [OctoBans] 54melih54 punished demonz_pvp for: Insulte serveur
12-06-17 23:48:59 [INFO] [OctoBans] 54melih54 punished demonz_pvp for: Insulte staff
12-06-17 23:49:07 [INFO] [OctoBans] demonz_pvp sql checked, record: insultestaff by Tybou to 1497340000
12-06-17 23:49:07 [INFO] [OctoBans] demonz_pvp sql checked, record: insultesrv by 54melih54 to 1497322119
12-06-17 23:49:07 [INFO] [OctoBans] demonz_pvp sql checked, record: insultestaff by 54melih54 to 1497376139
12-06-17 23:54:17 [INFO] [OctoBans] stonewolf sql checked, record: spammp by SuperJojo to -1
12-06-17 23:55:19 [INFO] [OctoBans] Tybou punished neeskofnoob for: Spam/flood
12-06-17 23:58:42 [INFO] [OctoBans] Tybou punished neeskofnoob for: Insulte staff
12-06-17 23:59:03 [INFO] [OctoBans] luluplaying sql checked, record: spamfopen by SnowEffect to 1497337766
13-06-17 00:16:51 [INFO] [OctoBans] oeufdepoule62 sql checked, record: spammp by Remil to -1
13-06-17 00:16:51 [INFO] [OctoBans] oeufdepoule62 sql checked, record: spammp by SkyKosIV to -1
13-06-17 00:16:51 [INFO] [OctoBans] oeufdepoule62 sql checked, record: insultegrave by Romlcm89 to 1497335853
13-06-17 03:23:47 [INFO] [OctoBans] grenousse_pvp sql checked, record: spammp by YTB_XxKarnageXx to -1
13-06-17 04:35:55 [INFO] [OctoBans] imdylan sql checked, record: spammp by SnowEffect to -1
13-06-17 04:45:05 [INFO] [OctoBans] skyizi91 sql checked, record: spammp by PseudoNul to -1
13-06-17 04:45:05 [INFO] [OctoBans] skyizi91 sql checked, record: spammp by Remil to -1
13-06-17 04:45:05 [INFO] [OctoBans] skyizi91 sql checked, record: spammp by PseudoNul to -1
13-06-17 04:58:15 [INFO] [OctoBans] mire sql checked, record: spammp by YTB_XxKarnageXx to -1
13-06-17 04:58:15 [INFO] [OctoBans] mire sql checked, record: spammp by SuperJojo to -1
13-06-17 05:13:13 [INFO] [OctoBans] Theo97 punished _newworker_ for: Fausses informations
13-06-17 05:13:37 [INFO] [OctoBans] Theo97 punished _newworker_ for: Double Poste
13-06-17 06:01:02 [INFO] [OctoBans] Disabling OctoBans v1.0
