31-12-17 22:31:43 [INFO] [OctoBans] File Handler successfully initialized!
31-12-17 22:31:43 [INFO] [OctoBans] SQL connection successfully etablished
31-12-17 22:31:43 [INFO] [OctoBans] Moderator Tools by Octonia.
31-12-17 22:31:48 [INFO] [OctoBans] softspringer sql checked, record: spammp by LaKitaw to -1
31-12-17 22:31:48 [INFO] [OctoBans] lololefou sql checked, record: spammp by PseudooNull to -1
31-12-17 22:31:48 [INFO] [OctoBans] ijonas_ sql checked, record: spammp by tinmar to -1
31-12-17 22:31:48 [INFO] [OctoBans] grospvp sql checked, record: spammp by EGGSPLOSION to -1
31-12-17 22:31:48 [INFO] [OctoBans] octonono sql checked, record: insultegrave by PseudooNull to 1514772099
31-12-17 22:31:48 [INFO] [OctoBans] xx_volrod_xx sql checked, record: spammp by Spovly to -1
31-12-17 22:31:48 [INFO] [OctoBans] xx_volrod_xx sql checked, record: spammp by Spovly to -1
31-12-17 22:31:48 [INFO] [OctoBans] xx_volrod_xx sql checked, record: spammp by The_Frusty to -1
31-12-17 22:31:48 [INFO] [OctoBans] xx_volrod_xx sql checked, record: spammp by The_Frusty to -1
31-12-17 22:31:48 [INFO] [OctoBans] xx_volrod_xx sql checked, record: spammp by The_Frusty to -1
31-12-17 22:31:48 [INFO] [OctoBans] xx_volrod_xx sql checked, record: spammp by Spovly to -1
31-12-17 22:31:48 [INFO] [OctoBans] xx_volrod_xx sql checked, record: spammp by KelianHD to -1
31-12-17 22:31:48 [INFO] [OctoBans] xx_volrod_xx sql checked, record: spammp by OCIP_Matth to -1
31-12-17 22:31:48 [INFO] [OctoBans] xx_volrod_xx sql checked, record: spammp by OCIP_Matth to -1
31-12-17 22:31:48 [INFO] [OctoBans] xx_volrod_xx sql checked, record: spammp by OCIP_Matth to -1
31-12-17 22:31:48 [INFO] [OctoBans] xx_volrod_xx sql checked, record: spammp by Evolze to -1
31-12-17 22:31:48 [INFO] [OctoBans] xx_volrod_xx sql checked, record: floodmp by NiceFR to -1
31-12-17 22:31:48 [INFO] [OctoBans] xx_volrod_xx sql checked, record: spammp by NiceFR to -1
31-12-17 22:31:48 [INFO] [OctoBans] xx_volrod_xx sql checked, record: spammp by FiasK0 to -1
31-12-17 22:31:48 [INFO] [OctoBans] xx_volrod_xx sql checked, record: spammp by OCIP_Matth to -1
31-12-17 22:31:48 [INFO] [OctoBans] xx_volrod_xx sql checked, record: spammp by MrKebab to -1
31-12-17 22:31:48 [INFO] [OctoBans] xx_volrod_xx sql checked, record: spammp by D3adOrSnipSurYTB to -1
31-12-17 22:31:48 [INFO] [OctoBans] infinity_du59 sql checked, record: spammp by Antoine57565 to -1
31-12-17 22:31:49 [INFO] [OctoBans] lucassb sql checked, record: spammp by Remil to -1
31-12-17 22:31:49 [INFO] [OctoBans] usc sql checked, record: spammp by SmooKeur to -1
31-12-17 22:31:49 [INFO] [OctoBans] usc sql checked, record: spammp by drbrine to -1
31-12-17 22:31:51 [INFO] [OctoBans] unnainportant sql checked, record: spammp by Evolze to -1
31-12-17 22:31:51 [INFO] [OctoBans] unnainportant sql checked, record: spammp by LaKitaw to -1
31-12-17 22:31:52 [INFO] [OctoBans] the_dz_men sql checked, record: spammp by FiasK0 to -1
31-12-17 22:31:58 [INFO] [OctoBans] _theodu13_ sql checked, record: spammp by atsuky to -1
31-12-17 22:31:58 [INFO] [OctoBans] fabio sql checked, record: spammp by zlKayzen to -1
31-12-17 22:31:58 [INFO] [OctoBans] fabio sql checked, record: spammp by WeeZix to -1
31-12-17 22:31:58 [INFO] [OctoBans] fabio sql checked, record: spammp by D3adOrSnipSurYTB to -1
31-12-17 22:31:58 [INFO] [OctoBans] fabio sql checked, record: spammp by Bucky57 to -1
31-12-17 22:32:07 [INFO] [OctoBans] rdvsurlebloc sql checked, record: spammp by D3adOrSnipSurYTB to -1
31-12-17 22:32:07 [INFO] [OctoBans] rdvsurlebloc sql checked, record: insultegrave by EGGSPLOSION to 1514885593
31-12-17 22:32:07 [INFO] [OctoBans] lpz_kinder sql checked, record: spammp by ToXiCz_TV to -1
31-12-17 22:32:07 [INFO] [OctoBans] lpz_kinder sql checked, record: spammp by EW3L to -1
31-12-17 22:32:07 [INFO] [OctoBans] lpz_kinder sql checked, record: spammp by EW3L to -1
31-12-17 22:32:12 [INFO] [OctoBans] mrkebab sql checked, record: insultegrave by Zayrox29 to 1514818583
31-12-17 22:32:17 [INFO] [OctoBans] onflyenrec sql checked, record: spammp by Antoine57565 to -1
31-12-17 22:32:29 [INFO] [OctoBans] noragev12 sql checked, record: spammp by Shainko to -1
31-12-17 22:32:31 [INFO] [OctoBans] reborncreep sql checked, record: spammp by drbrine to -1
31-12-17 22:32:31 [INFO] [OctoBans] reborncreep sql checked, record: insultegrave by NeyTox to 1514912889
31-12-17 22:32:31 [INFO] [OctoBans] reborncreep sql checked, record: insultegrave by NeyTox to 1514958074
31-12-17 22:32:33 [INFO] [OctoBans] iswizzi sql checked, record: spammp by ToXiCz_TV to -1
31-12-17 22:32:33 [INFO] [OctoBans] iswizzi sql checked, record: spammp by EW3L to -1
31-12-17 22:32:33 [INFO] [OctoBans] iswizzi sql checked, record: spammp by OCIP_Matth to -1
31-12-17 22:32:39 [INFO] [OctoBans] gotmalive sql checked, record: spammp by PseudooNull to -1
31-12-17 22:32:39 [INFO] [OctoBans] gotmalive sql checked, record: provocation by MisterBlazing to 1514756485
31-12-17 22:32:47 [INFO] [OctoBans] thecrane sql checked, record: spammp by WeeZix to -1
31-12-17 22:33:09 [INFO] [OctoBans] matkiller_ sql checked, record: spammp by MisterBlazing to -1
31-12-17 22:33:11 [INFO] [OctoBans] swokip sql checked, record: spammp by SkillBOotiiS to -1
31-12-17 22:33:24 [INFO] [OctoBans] max63 sql checked, record: spammp by Ceraiste to -1
31-12-17 22:33:24 [INFO] [OctoBans] max63 sql checked, record: spammp by PseudooNull to -1
31-12-17 22:33:24 [INFO] [OctoBans] max63 sql checked, record: spammp by WeeZix to -1
31-12-17 22:33:39 [INFO] [OctoBans] le_clodov2 sql checked, record: spammp by ToXiCz_TV to -1
31-12-17 22:33:39 [INFO] [OctoBans] le_clodov2 sql checked, record: spammp by FamousxRay to -1
31-12-17 22:34:11 [INFO] [OctoBans] lethugdu46 sql checked, record: spammp by LaKitaw to -1
31-12-17 22:34:11 [INFO] [OctoBans] lethugdu46 sql checked, record: spammp by Hkz_Skillon to -1
31-12-17 22:34:11 [INFO] [OctoBans] lethugdu46 sql checked, record: insultegrave by Bucky57 to 1514783293
31-12-17 22:34:13 [INFO] [OctoBans] azer_nexo sql checked, record: spammp by ToXiCz_TV to -1
31-12-17 22:34:13 [INFO] [OctoBans] azer_nexo sql checked, record: spammp by Evolze to -1
31-12-17 22:34:13 [INFO] [OctoBans] azer_nexo sql checked, record: spammp by OCIP_Matth to -1
31-12-17 22:34:18 [INFO] [OctoBans] moslemgamer sql checked, record: spammp by Zoseq to -1
31-12-17 22:34:45 [INFO] [OctoBans] snipergaming3 sql checked, record: spammp by PseudooNull to -1
31-12-17 22:35:41 [INFO] [OctoBans] lafleurbleue sql checked, record: spammp by Evolze to -1
31-12-17 22:35:41 [INFO] [OctoBans] lafleurbleue sql checked, record: spammp by OCIP_Matth to -1
31-12-17 22:35:41 [INFO] [OctoBans] lafleurbleue sql checked, record: spammp by Zayrox29 to -1
31-12-17 22:36:10 [INFO] [OctoBans] kamikassss sql checked, record: spammp by Remil to -1
31-12-17 22:38:24 [INFO] [OctoBans] chut3000 sql checked, record: spammp by FiasK0 to -1
31-12-17 22:40:01 [INFO] [OctoBans] virocl sql checked, record: spammp by PseudooNull to -1
31-12-17 22:40:40 [INFO] [OctoBans] bluegumsurytb sql checked, record: spammp by PseudooNull to -1
31-12-17 22:41:20 [INFO] [OctoBans] tigro17 sql checked, record: spammp by ToXiCz_TV to -1
31-12-17 22:41:20 [INFO] [OctoBans] tigro17 sql checked, record: spammp by WeeZix to -1
31-12-17 22:41:20 [INFO] [OctoBans] tigro17 sql checked, record: insultegrave by D3adOrSnipSurYTB to 1514799652
31-12-17 22:46:09 [INFO] [OctoBans] lucastyle sql checked, record: spammp by LeRe to -1
31-12-17 22:47:21 [INFO] [OctoBans] th3ndr4l sql checked, record: spammp by skhey to -1
31-12-17 22:47:52 [INFO] [OctoBans] swixyz sql checked, record: spammp by WeeZix to -1
31-12-17 22:49:21 [INFO] [OctoBans] xx_biom_xx sql checked, record: spammp by Spovly to -1
31-12-17 22:49:21 [INFO] [OctoBans] xx_biom_xx sql checked, record: spammp by PseudooNull to -1
31-12-17 22:49:51 [INFO] [OctoBans] troollgaming sql checked, record: spammp by Hkz_Skillon to -1
31-12-17 22:50:40 [INFO] [OctoBans] ertynox83 sql checked, record: spammp by Koeseb97 to -1
31-12-17 22:52:34 [INFO] [OctoBans] byzoo sql checked, record: spammp by PseudooNull to -1
31-12-17 22:52:34 [INFO] [OctoBans] byzoo sql checked, record: spammp by PseudooNull to -1
31-12-17 22:52:34 [INFO] [OctoBans] byzoo sql checked, record: spam by EGGSPLOSION to 1514770954
31-12-17 22:56:59 [INFO] [OctoBans] zlKayzen punished unnainportant for: Spam/flood en MP
31-12-17 22:58:58 [INFO] [OctoBans] mcfleury sql checked, record: spammp by Koeseb97 to -1
31-12-17 23:00:35 [INFO] [OctoBans] deeprodole sql checked, record: spammp by Zayrox29 to -1
31-12-17 23:00:35 [INFO] [OctoBans] deeprodole sql checked, record: spammp by Zayrox29 to -1
31-12-17 23:00:54 [INFO] [OctoBans] EGGSPLOSION punished iswizzi for: Spam/flood
31-12-17 23:01:10 [INFO] [OctoBans] EGGSPLOSION punished chut3000 for: Insulte
31-12-17 23:05:05 [INFO] [OctoBans] _zwiiko_ sql checked, record: spammp by Zayrox29 to -1
31-12-17 23:08:18 [INFO] [OctoBans] rewd sql checked, record: spammp by Ceraiste to -1
31-12-17 23:09:20 [INFO] [OctoBans] leminecraftien80 sql checked, record: spammp by PseudooNull to -1
31-12-17 23:09:20 [INFO] [OctoBans] leminecraftien80 sql checked, record: spammp by skhey to -1
31-12-17 23:09:20 [INFO] [OctoBans] leminecraftien80 sql checked, record: spammp by D3adOrSnipSurYTB to -1
31-12-17 23:09:20 [INFO] [OctoBans] leminecraftien80 sql checked, record: insultegrave by EGGSPLOSION to 1515348292
31-12-17 23:12:54 [INFO] [OctoBans] darryl1 sql checked, record: spammp by FiasK0 to -1
31-12-17 23:18:03 [INFO] [OctoBans] Zayrox29 punished w0kui for: Insulte grave
31-12-17 23:25:54 [INFO] [OctoBans] gameurdumsk sql checked, record: spammp by SkillBOotiiS to -1
31-12-17 23:25:54 [INFO] [OctoBans] gameurdumsk sql checked, record: spammp by SkillBOotiiS to -1
31-12-17 23:25:54 [INFO] [OctoBans] gameurdumsk sql checked, record: spammp by NeyTox to -1
31-12-17 23:25:54 [INFO] [OctoBans] gameurdumsk sql checked, record: spammp by LeRe to -1
31-12-17 23:33:58 [INFO] [OctoBans] thomas62200 sql checked, record: spammp by atsuky to -1
31-12-17 23:35:38 [INFO] [OctoBans] Zayrox29 punished _konaking_ for: Spam/flood
31-12-17 23:38:28 [INFO] [OctoBans] artimiroir64 sql checked, record: spammp by D3adOrSnipSurYTB to -1
31-12-17 23:38:28 [INFO] [OctoBans] artimiroir64 sql checked, record: spammp by EGGSPLOSION to -1
31-12-17 23:40:05 [INFO] [OctoBans] Zayrox29 punished stan94 for: Spam/flood
31-12-17 23:41:57 [INFO] [OctoBans] Zayrox29 punished xx_volrod_xx for: Spam/flood
31-12-17 23:46:51 [INFO] [OctoBans] moto33 sql checked, record: spammp by FiasK0 to -1
31-12-17 23:48:55 [INFO] [OctoBans] juljul62 sql checked, record: insultegrave by EGGSPLOSION to 1514776156
31-12-17 23:50:11 [INFO] [OctoBans] aleksei sql checked, record: spammp by Bucky57 to -1
31-12-17 23:51:19 [INFO] [OctoBans] Zayrox29 punished adricool for: Spam/flood
31-12-17 23:52:13 [INFO] [OctoBans] Zayrox29 punished monckie for: Spam/flood
31-12-17 23:53:09 [INFO] [OctoBans] _topui_ sql checked, record: spammp by EW3L to -1
31-12-17 23:53:09 [INFO] [OctoBans] _topui_ sql checked, record: spammp by MrKebab to -1
31-12-17 23:53:09 [INFO] [OctoBans] _topui_ sql checked, record: spammp by LsAnGfRoId to -1
31-12-17 23:53:09 [INFO] [OctoBans] _topui_ sql checked, record: insultegrave by WeeZix to 1514837591
31-12-17 23:55:44 [INFO] [OctoBans] Zayrox29 punished lololefou for: Spam/flood
31-12-17 23:57:56 [INFO] [OctoBans] zeynox sql checked, record: spammp by Zayrox29 to -1
31-12-17 23:57:56 [INFO] [OctoBans] zeynox sql checked, record: spammp by Zoseq to -1
31-12-17 23:57:56 [INFO] [OctoBans] zeynox sql checked, record: spammp by LaKitaw to -1
31-12-17 23:57:56 [INFO] [OctoBans] zeynox sql checked, record: spammp by LaKitaw to -1
31-12-17 23:57:56 [INFO] [OctoBans] zeynox sql checked, record: spammp by LaKitaw to -1
31-12-17 23:57:56 [INFO] [OctoBans] zeynox sql checked, record: spammp by D3adOrSnipSurYTB to -1
31-12-17 23:57:56 [INFO] [OctoBans] zeynox sql checked, record: insultegrave by Bucky57 to 1514879069
31-12-17 23:57:56 [INFO] [OctoBans] zeynox sql checked, record: insultegrave by OCIP_Matth to 1515069973
31-12-17 23:57:57 [INFO] [OctoBans] bardaxx_ sql checked, record: spammp by Zoseq to -1
01-01-18 00:02:52 [INFO] [OctoBans] Zayrox29 punished natnatdu28 for: Spam/flood
01-01-18 00:03:02 [INFO] [OctoBans] Zayrox29 punished hugiix for: Spam/flood
01-01-18 00:03:41 [INFO] [OctoBans] Zayrox29 punished etienne1985 for: Spam/flood
01-01-18 00:04:18 [INFO] [OctoBans] Zayrox29 punished wheass for: Spam/flood
01-01-18 00:05:05 [INFO] [OctoBans] Zayrox29 punished aleksei for: Spam/flood
01-01-18 00:05:40 [INFO] [OctoBans] Zayrox29 punished okalorsok for: Insulte grave
01-01-18 00:08:37 [INFO] [OctoBans] Zayrox29 punished theohand for: Spam/flood
01-01-18 00:08:39 [INFO] [OctoBans] eryuoi sql checked, record: spammp by OCIP_Matth to -1
01-01-18 00:08:39 [INFO] [OctoBans] eryuoi sql checked, record: tpkill by D3adOrSnipSurYTB to 1514821704
01-01-18 00:10:35 [INFO] [OctoBans] Zayrox29 punished moto33 for: Publicité Youtubeur
01-01-18 00:15:50 [INFO] [OctoBans] chromaaa_ sql checked, record: spammp by WeeZix to -1
01-01-18 00:15:50 [INFO] [OctoBans] chromaaa_ sql checked, record: tpkill by D3adOrSnipSurYTB to 1514813941
01-01-18 00:18:10 [INFO] [OctoBans] maxougaming sql checked, record: spammp by Ceraiste to -1
01-01-18 00:18:10 [INFO] [OctoBans] maxougaming sql checked, record: spammp by EW3L to -1
01-01-18 00:18:10 [INFO] [OctoBans] maxougaming sql checked, record: spammp by FiasK0 to -1
01-01-18 00:18:10 [INFO] [OctoBans] maxougaming sql checked, record: spammp by FNGOD to -1
01-01-18 00:18:32 [INFO] [OctoBans] ytbibossyt sql checked, record: spammp by atsuky to -1
01-01-18 00:20:34 [INFO] [OctoBans] troll666 sql checked, record: insultegrave by Zayrox29 to 1514861064
01-01-18 00:21:34 [INFO] [OctoBans] dicob sql checked, record: spammp by Remil to -1
01-01-18 00:25:35 [INFO] [OctoBans] goblex sql checked, record: spammp by Bucky57 to -1
01-01-18 00:30:09 [INFO] [OctoBans] Zayrox29 punished idreyzen for: Spam/flood
01-01-18 00:42:42 [INFO] [OctoBans] geantfusee sql checked, record: insultegrave by D3adOrSnipSurYTB to 1514832725
01-01-18 00:43:13 [INFO] [OctoBans] diodu sql checked, record: spammp by Gamer09 to -1
01-01-18 00:44:38 [INFO] [OctoBans] mrfire19 sql checked, record: spammp by atsuky to -1
01-01-18 00:47:24 [INFO] [OctoBans] hayden_frost sql checked, record: spammp by OCIP_Matth to -1
01-01-18 00:48:50 [INFO] [OctoBans] whiteswand sql checked, record: spammp by Remil to -1
01-01-18 00:51:39 [INFO] [OctoBans] xxfloxx19 sql checked, record: spammp by Evolze to -1
01-01-18 00:57:26 [INFO] [OctoBans] Zayrox29 punished lucas59261 for: Insulte
01-01-18 00:59:19 [INFO] [OctoBans] Zayrox29 punished kaiyoken for: Spam/flood
01-01-18 01:07:06 [INFO] [OctoBans] idreyzen sql checked, record: spam by Zayrox29 to 1514791809
01-01-18 01:09:54 [INFO] [OctoBans] harkz sql checked, record: spammp by EGGSPLOSION to -1
01-01-18 01:09:54 [INFO] [OctoBans] harkz sql checked, record: spammp by atsuky to -1
01-01-18 01:09:54 [INFO] [OctoBans] harkz sql checked, record: insultegrave by D3adOrSnipSurYTB to 1514812771
01-01-18 01:10:41 [INFO] [OctoBans] ozmog_yt sql checked, record: spammp by Remil to -1
01-01-18 01:10:41 [INFO] [OctoBans] ozmog_yt sql checked, record: spammp by OCIP_Matth to -1
01-01-18 01:10:41 [INFO] [OctoBans] ozmog_yt sql checked, record: spammp by KelianHD to -1
01-01-18 01:10:41 [INFO] [OctoBans] ozmog_yt sql checked, record: spammp by SkillBOotiiS to -1
01-01-18 01:10:41 [INFO] [OctoBans] ozmog_yt sql checked, record: spammp by FiasK0 to -1
01-01-18 01:11:27 [INFO] [OctoBans] thetompvp sql checked, record: spammp by Remil to -1
01-01-18 01:11:27 [INFO] [OctoBans] thetompvp sql checked, record: spammp by Bucky57 to -1
01-01-18 01:11:27 [INFO] [OctoBans] thetompvp sql checked, record: spammp by PseudooNull to -1
01-01-18 01:11:27 [INFO] [OctoBans] thetompvp sql checked, record: incitationflood by woimant to 1514816774
01-01-18 01:17:02 [INFO] [OctoBans] algorskis_yt sql checked, record: spammp by SmooKeur to -1
01-01-18 01:17:02 [INFO] [OctoBans] algorskis_yt sql checked, record: spammp by Antoine57565 to -1
01-01-18 01:20:30 [INFO] [OctoBans] dozz_ytb sql checked, record: spammp by WeeZix to -1
01-01-18 01:21:24 [INFO] [OctoBans] skhey sql checked, record: spammp by Remil to -1
01-01-18 01:33:50 [INFO] [OctoBans] karibo127 sql checked, record: spammp by FNGOD to -1
01-01-18 01:33:50 [INFO] [OctoBans] karibo127 sql checked, record: spammp by FNGOD to -1
01-01-18 01:34:06 [INFO] [OctoBans] tereure sql checked, record: spammp by Zayrox29 to -1
01-01-18 01:34:06 [INFO] [OctoBans] tereure sql checked, record: spammp by PseudooNull to -1
01-01-18 01:38:30 [INFO] [OctoBans] samjj68 sql checked, record: spammp by PseudooNull to -1
01-01-18 01:41:27 [INFO] [OctoBans] tisabe sql checked, record: spammp by Gamer09 to -1
01-01-18 01:42:56 [INFO] [OctoBans] mkdarkos sql checked, record: spammp by PseudooNull to -1
01-01-18 01:48:35 [INFO] [OctoBans] xx_yz_xx sql checked, record: spammp by SkillBOotiiS to -1
01-01-18 01:55:20 [INFO] [OctoBans] OCIP_Matth punished onflyenrec for: Spam/flood
01-01-18 01:55:54 [INFO] [OctoBans] remil sql checked, record: spammp by FiasK0 to -1
01-01-18 01:56:16 [INFO] [OctoBans] OCIP_Matth punished mkdarkos for: Spam/flood
01-01-18 01:58:41 [INFO] [OctoBans] bokos sql checked, record: spammp by yeti2001vd to -1
01-01-18 01:58:41 [INFO] [OctoBans] bokos sql checked, record: spammp by yeti2001vd to -1
01-01-18 01:58:41 [INFO] [OctoBans] bokos sql checked, record: spammp by FNGOD to -1
01-01-18 01:58:41 [INFO] [OctoBans] bokos sql checked, record: spammp by EW3L to -1
01-01-18 01:58:41 [INFO] [OctoBans] bokos sql checked, record: spammp by FNGOD to -1
01-01-18 02:02:34 [INFO] [OctoBans] faryu_ sql checked, record: spammp by Spovly to -1
01-01-18 02:02:34 [INFO] [OctoBans] faryu_ sql checked, record: spammp by Taygrax07 to -1
01-01-18 02:06:38 [INFO] [OctoBans] the_slash sql checked, record: spammp by pepedjo to -1
01-01-18 02:06:38 [INFO] [OctoBans] the_slash sql checked, record: spammp by drbrine to -1
01-01-18 02:06:38 [INFO] [OctoBans] the_slash sql checked, record: spammp by NeyTox to -1
01-01-18 02:06:38 [INFO] [OctoBans] the_slash sql checked, record: spammp by EW3L to -1
01-01-18 02:06:38 [INFO] [OctoBans] the_slash sql checked, record: spam by SkillBOotiiS to 1514807380
01-01-18 02:10:13 [INFO] [OctoBans] flo_theking sql checked, record: spammp by PseudooNull to -1
01-01-18 02:15:14 [INFO] [OctoBans] killyan sql checked, record: spammp by EW3L to -1
01-01-18 02:24:46 [INFO] [OctoBans] by_fly sql checked, record: spammp by Hkz_Skillon to -1
01-01-18 02:24:46 [INFO] [OctoBans] by_fly sql checked, record: spammp by PseudooNull to -1
01-01-18 02:33:54 [INFO] [OctoBans] lokyin sql checked, record: spammp by ToXiCz_TV to -1
01-01-18 02:39:42 [INFO] [OctoBans] energy_panda sql checked, record: spammp by ToXiCz_TV to -1
01-01-18 02:39:42 [INFO] [OctoBans] energy_panda sql checked, record: spammp by FiasK0 to -1
01-01-18 02:45:24 [INFO] [OctoBans] OCIP_Matth punished lukas117 for: Incitation au flood
01-01-18 02:50:01 [INFO] [OctoBans] nolan45 sql checked, record: spammp by MrKebab to -1
01-01-18 02:58:23 [INFO] [OctoBans] skhey punished lokyin for: Insulte grave
01-01-18 02:58:28 [INFO] [OctoBans] skhey punished brookdu81 for: Provocation
01-01-18 02:59:05 [INFO] [OctoBans] skhey punished titidu46 for: Spam /f open
01-01-18 02:59:51 [INFO] [OctoBans] skhey punished lokyin for: Spam/flood en MP
01-01-18 03:00:19 [INFO] [OctoBans] skhey punished minethuglife for: Provocation
01-01-18 03:02:40 [INFO] [OctoBans] skhey punished niquetadarrone for: Spam /f open
01-01-18 03:03:58 [INFO] [OctoBans] skhey punished lethugdu46 for: Fausses informations
01-01-18 03:07:08 [INFO] [OctoBans] bloodgamer25 sql checked, record: spammp by FiasK0 to -1
01-01-18 03:33:06 [INFO] [OctoBans] skhey punished fenchis_snip for: Spam /f open
01-01-18 03:33:14 [INFO] [OctoBans] skhey punished shawngriff for: Double Poste
01-01-18 03:33:25 [INFO] [OctoBans] skhey punished death_punish for: Double Poste
01-01-18 03:33:32 [INFO] [OctoBans] skhey punished ytbibossyt for: Double Poste
01-01-18 03:33:38 [INFO] [OctoBans] skhey punished chasseur2lion for: Double Poste
01-01-18 03:42:49 [INFO] [OctoBans] Zayrox29 punished fuzeiiisda for: Spam/flood
01-01-18 03:43:05 [INFO] [OctoBans] skhey punished werox for: Incitation au flood
01-01-18 03:46:22 [INFO] [OctoBans] Zayrox29 punished bot345 for: Spam/flood
01-01-18 04:00:20 [INFO] [OctoBans] momolegardien sql checked, record: spammp by ToXiCz_TV to -1
01-01-18 04:08:35 [INFO] [OctoBans] aexraptorz sql checked, record: spammp by Remil to -1
01-01-18 04:08:35 [INFO] [OctoBans] aexraptorz sql checked, record: spammp by PseudooNull to -1
01-01-18 04:08:35 [INFO] [OctoBans] aexraptorz sql checked, record: insultegrave by EGGSPLOSION to 1514897532
01-01-18 04:10:34 [INFO] [OctoBans] thefenris32 sql checked, record: spammp by Remil to -1
01-01-18 04:59:29 [INFO] [OctoBans] x4gaming sql checked, record: spammp by D3adOrSnipSurYTB to -1
01-01-18 04:59:29 [INFO] [OctoBans] x4gaming sql checked, record: spammp by atsuky to -1
01-01-18 06:01:01 [INFO] [OctoBans] Disabling OctoBans v1.0
