18-01-18 22:31:44 [INFO] [OctoBans] File Handler successfully initialized!
18-01-18 22:31:44 [INFO] [OctoBans] SQL connection successfully etablished
18-01-18 22:31:44 [INFO] [OctoBans] Moderator Tools by Octonia.
18-01-18 22:31:51 [INFO] [OctoBans] grospvp sql checked, record: spammp by EGGSPLOSION to -1
18-01-18 22:31:51 [INFO] [OctoBans] diodu sql checked, record: spammp by Gamer09 to -1
18-01-18 22:31:51 [INFO] [OctoBans] diodu sql checked, record: insultegrave by PseudooNull to 1516374487
18-01-18 22:31:51 [INFO] [OctoBans] aexraptorz sql checked, record: spammp by Remil to -1
18-01-18 22:31:51 [INFO] [OctoBans] aexraptorz sql checked, record: spammp by PseudooNull to -1
18-01-18 22:31:51 [INFO] [OctoBans] zeynox sql checked, record: spammp by Zayrox29 to -1
18-01-18 22:31:51 [INFO] [OctoBans] zeynox sql checked, record: spammp by Zoseq to -1
18-01-18 22:31:51 [INFO] [OctoBans] zeynox sql checked, record: spammp by LaKitaw to -1
18-01-18 22:31:51 [INFO] [OctoBans] zeynox sql checked, record: spammp by LaKitaw to -1
18-01-18 22:31:51 [INFO] [OctoBans] zeynox sql checked, record: spammp by LaKitaw to -1
18-01-18 22:31:51 [INFO] [OctoBans] zeynox sql checked, record: spammp by D3adOrSnipSurYTB to -1
18-01-18 22:31:51 [INFO] [OctoBans] zeynox sql checked, record: insultegrave by PseudooNull to 1516665738
18-01-18 22:31:51 [INFO] [OctoBans] ao_darkness sql checked, record: spammp by Gamer09 to -1
18-01-18 22:31:51 [INFO] [OctoBans] ytbibossyt sql checked, record: spammp by atsuky to -1
18-01-18 22:31:51 [INFO] [OctoBans] softspringer sql checked, record: spammp by LaKitaw to -1
18-01-18 22:31:51 [INFO] [OctoBans] softspringer sql checked, record: spammp by ToXiCz_TV to -1
18-01-18 22:31:51 [INFO] [OctoBans] stan94 sql checked, record: provocation by atsuky to 1516311278
18-01-18 22:31:51 [INFO] [OctoBans] x4gaming sql checked, record: spammp by D3adOrSnipSurYTB to -1
18-01-18 22:31:51 [INFO] [OctoBans] x4gaming sql checked, record: spammp by atsuky to -1
18-01-18 22:31:51 [INFO] [OctoBans] neytox sql checked, record: spammp by PseudooNull to -1
18-01-18 22:31:53 [INFO] [OctoBans] idecow_ sql checked, record: spammp by OCIP_Matth to -1
18-01-18 22:31:54 [INFO] [OctoBans] awesomeboy sql checked, record: spammp by FNGOD to -1
18-01-18 22:31:54 [INFO] [OctoBans] awesomeboy sql checked, record: spammp by SkillBOotiiS to -1
18-01-18 22:32:00 [INFO] [OctoBans] xx_yz_xx sql checked, record: spammp by SkillBOotiiS to -1
18-01-18 22:32:03 [INFO] [OctoBans] racaille76 sql checked, record: spammp by AO_Darkness to -1
18-01-18 22:32:06 [INFO] [OctoBans] gismo2806 sql checked, record: insultegrave by NeyTox to 1516339926
18-01-18 22:32:08 [INFO] [OctoBans] pepsicoca sql checked, record: spammp by FiasK0 to -1
18-01-18 22:32:27 [INFO] [OctoBans] ibqwze_ sql checked, record: spammp by LsAnGfRoId to -1
18-01-18 22:34:12 [INFO] [OctoBans] fiask0 sql checked, record: spammp by ToXiCz_TV to -1
18-01-18 22:34:12 [INFO] [OctoBans] fiask0 sql checked, record: spammp by PseudooNull to -1
18-01-18 22:34:13 [INFO] [OctoBans] progameur sql checked, record: spammp by FiasK0 to -1
18-01-18 22:34:13 [INFO] [OctoBans] progameur sql checked, record: spammp by D3adOrSnipSurYTB to -1
18-01-18 22:34:20 [INFO] [OctoBans] PseudooNull punished memo68 for: TpKill
18-01-18 22:34:34 [INFO] [OctoBans] ktm125sx sql checked, record: spammp by PseudooNull to -1
18-01-18 22:34:44 [INFO] [OctoBans] soprix sql checked, record: spam by FiasK0 to 1516317185
18-01-18 22:35:40 [INFO] [OctoBans] onflyenrec sql checked, record: spammp by Antoine57565 to -1
18-01-18 22:35:40 [INFO] [OctoBans] onflyenrec sql checked, record: spammp by PseudooNull to -1
18-01-18 22:35:40 [INFO] [OctoBans] onflyenrec sql checked, record: spammp by Elfideltia to -1
18-01-18 22:35:40 [INFO] [OctoBans] onflyenrec sql checked, record: faussesinfos by FiasK0 to 1516396804
18-01-18 22:35:55 [INFO] [OctoBans] oth716 sql checked, record: spammp by EGGSPLOSION to -1
18-01-18 22:37:25 [INFO] [OctoBans] PseudooNull punished x4gaming for: Provocation
18-01-18 22:39:26 [INFO] [OctoBans] _topui_ sql checked, record: spammp by EW3L to -1
18-01-18 22:39:26 [INFO] [OctoBans] _topui_ sql checked, record: spammp by MrKebab to -1
18-01-18 22:39:26 [INFO] [OctoBans] _topui_ sql checked, record: spammp by LsAnGfRoId to -1
18-01-18 22:40:12 [INFO] [OctoBans] PseudooNull punished lethugdu46 for: Spam/flood en MP
18-01-18 22:40:46 [INFO] [OctoBans] gameur2007 sql checked, record: spammp by EGGSPLOSION to -1
18-01-18 22:40:46 [INFO] [OctoBans] gameur2007 sql checked, record: spammp by EGGSPLOSION to -1
18-01-18 22:41:51 [INFO] [OctoBans] mkdarkos sql checked, record: spammp by PseudooNull to -1
18-01-18 22:42:21 [INFO] [OctoBans] PseudooNull punished lethugdu46 for: Spam/flood en MP
18-01-18 22:46:46 [INFO] [OctoBans] diodu sql checked, record: spammp by Gamer09 to -1
18-01-18 22:46:46 [INFO] [OctoBans] diodu sql checked, record: insultegrave by PseudooNull to 1516374487
18-01-18 22:47:08 [INFO] [OctoBans] pandaleroux sql checked, record: spammp by D3adOrSnipSurYTB to -1
18-01-18 22:47:08 [INFO] [OctoBans] pandaleroux sql checked, record: spammp by AO_Darkness to -1
18-01-18 22:56:18 [INFO] [OctoBans] louiska_ sql checked, record: spammp by OCIP_Matth to -1
18-01-18 22:56:34 [INFO] [OctoBans] keen0x sql checked, record: spammp by FNGOD to -1
18-01-18 23:01:04 [INFO] [OctoBans] Elfideltia punished louiska_ for: Provocation
18-01-18 23:01:27 [INFO] [OctoBans] Angel55 punished stan94 for: Double Poste
18-01-18 23:02:18 [INFO] [OctoBans] Elfideltia punished louiska_ for: Spam/flood en MP
18-01-18 23:14:24 [INFO] [OctoBans] Gamer09 punished ibqwze_ for: Provocation
18-01-18 23:38:33 [INFO] [OctoBans] samjj68 sql checked, record: spammp by PseudooNull to -1
18-01-18 23:54:16 [INFO] [OctoBans] afwazy sql checked, record: tpkill by PseudooNull to 1516480309
18-01-18 23:56:04 [INFO] [OctoBans] FiasK0 punished eliasserpe for: Majuscule
19-01-18 00:30:20 [INFO] [OctoBans] xxdubeskillsxx sql checked, record: spammp by FamousxRay to -1
19-01-18 00:30:20 [INFO] [OctoBans] xxdubeskillsxx sql checked, record: spammp by atsuky to -1
19-01-18 01:22:53 [INFO] [OctoBans] sadeksuryoutube sql checked, record: spammp by ToXiCz_TV to -1
19-01-18 01:22:53 [INFO] [OctoBans] sadeksuryoutube sql checked, record: spammp by ToXiCz_TV to -1
19-01-18 01:22:53 [INFO] [OctoBans] sadeksuryoutube sql checked, record: spammp by ToXiCz_TV to -1
19-01-18 01:22:53 [INFO] [OctoBans] sadeksuryoutube sql checked, record: spammp by ToXiCz_TV to -1
19-01-18 01:57:13 [INFO] [OctoBans] ayzziix sql checked, record: spammp by atsuky to -1
19-01-18 02:27:08 [INFO] [OctoBans] _rubilax sql checked, record: spammp by OCIP_Matth to -1
19-01-18 03:29:00 [INFO] [OctoBans] duckawikytb sql checked, record: spammp by OCIP_Matth to -1
19-01-18 06:01:01 [INFO] [OctoBans] Disabling OctoBans v1.0
