26-12-17 22:31:43 [INFO] [OctoBans] File Handler successfully initialized!
26-12-17 22:31:43 [INFO] [OctoBans] SQL connection successfully etablished
26-12-17 22:31:43 [INFO] [OctoBans] Moderator Tools by Octonia.
26-12-17 22:31:48 [INFO] [OctoBans] nezox_ sql checked, record: spammp by LaKitaw to -1
26-12-17 22:31:48 [INFO] [OctoBans] gramatik sql checked, record: provocation by atsuky to 1514327050
26-12-17 22:31:48 [INFO] [OctoBans] nezox_ sql checked, record: spammp by D3adOrSnipSurYTB to -1
26-12-17 22:31:48 [INFO] [OctoBans] nezox_ sql checked, record: spammp by PseudooNull to -1
26-12-17 22:31:48 [INFO] [OctoBans] zxbrine_ sql checked, record: spammp by Evolze to -1
26-12-17 22:31:48 [INFO] [OctoBans] zxbrine_ sql checked, record: spammp by drbrine to -1
26-12-17 22:31:48 [INFO] [OctoBans] zxbrine_ sql checked, record: spammp by EGGSPLOSION to -1
26-12-17 22:31:48 [INFO] [OctoBans] zxbrine_ sql checked, record: spammp by drbrine to -1
26-12-17 22:31:48 [INFO] [OctoBans] zxbrine_ sql checked, record: spammp by MrKebab to -1
26-12-17 22:31:48 [INFO] [OctoBans] zxbrine_ sql checked, record: spammp by PseudooNull to -1
26-12-17 22:31:48 [INFO] [OctoBans] zxbrine_ sql checked, record: spammp by atsuky to -1
26-12-17 22:31:48 [INFO] [OctoBans] zxbrine_ sql checked, record: spammp by EW3L to -1
26-12-17 22:31:48 [INFO] [OctoBans] _topui_ sql checked, record: spammp by EW3L to -1
26-12-17 22:31:48 [INFO] [OctoBans] _topui_ sql checked, record: spammp by MrKebab to -1
26-12-17 22:31:48 [INFO] [OctoBans] kamikassss sql checked, record: spammp by Remil to -1
26-12-17 22:31:48 [INFO] [OctoBans] hkz_skillon sql checked, record: spammp by OCIP_Matth to -1
26-12-17 22:31:48 [INFO] [OctoBans] _theodu13_ sql checked, record: spammp by atsuky to -1
26-12-17 22:31:48 [INFO] [OctoBans] _theodu13_ sql checked, record: insultegrave by tinmar to 1514525548
26-12-17 22:31:48 [INFO] [OctoBans] maxougaming sql checked, record: spammp by Ceraiste to -1
26-12-17 22:31:48 [INFO] [OctoBans] maxougaming sql checked, record: spammp by EW3L to -1
26-12-17 22:31:48 [INFO] [OctoBans] maxougaming sql checked, record: spammp by FiasK0 to -1
26-12-17 22:31:48 [INFO] [OctoBans] maxougaming sql checked, record: spammp by FNGOD to -1
26-12-17 22:31:48 [INFO] [OctoBans] tisabe sql checked, record: spammp by Gamer09 to -1
26-12-17 22:31:48 [INFO] [OctoBans] kqsuke_ sql checked, record: spammp by zlKayzen to -1
26-12-17 22:31:48 [INFO] [OctoBans] kqsuke_ sql checked, record: provocation by Hkz_Skillon to 1514324646
26-12-17 22:31:48 [INFO] [OctoBans] algorskis_yt sql checked, record: spammp by SmooKeur to -1
26-12-17 22:31:48 [INFO] [OctoBans] algorskis_yt sql checked, record: spammp by Antoine57565 to -1
26-12-17 22:31:48 [INFO] [OctoBans] aparia sql checked, record: spammp by pepedjo to -1
26-12-17 22:31:48 [INFO] [OctoBans] aparia sql checked, record: spammp by pepedjo to -1
26-12-17 22:31:48 [INFO] [OctoBans] aparia sql checked, record: spammp by Evolze to -1
26-12-17 22:31:48 [INFO] [OctoBans] aparia sql checked, record: spammp by FiasK0 to -1
26-12-17 22:31:48 [INFO] [OctoBans] aparia sql checked, record: spammp by atsuky to -1
26-12-17 22:31:48 [INFO] [OctoBans] lefifoudu3 sql checked, record: spammp by EW3L to -1
26-12-17 22:31:48 [INFO] [OctoBans] lefifoudu3 sql checked, record: spammp by EW3L to -1
26-12-17 22:31:48 [INFO] [OctoBans] lefifoudu3 sql checked, record: spammp by Koeseb97 to -1
26-12-17 22:31:48 [INFO] [OctoBans] lefifoudu3 sql checked, record: spammp by LaKitaw to -1
26-12-17 22:31:48 [INFO] [OctoBans] lefifoudu3 sql checked, record: spammp by SkillBOotiiS to -1
26-12-17 22:31:48 [INFO] [OctoBans] lefifoudu3 sql checked, record: spammp by zlKayzen to -1
26-12-17 22:31:48 [INFO] [OctoBans] lefifoudu3 sql checked, record: spammp by MrBlaze77 to -1
26-12-17 22:31:48 [INFO] [OctoBans] lefifoudu3 sql checked, record: spammp by atsuky to -1
26-12-17 22:31:48 [INFO] [OctoBans] lefifoudu3 sql checked, record: spammp by atsuky to -1
26-12-17 22:31:48 [INFO] [OctoBans] lefifoudu3 sql checked, record: spammp by drbrine to -1
26-12-17 22:31:48 [INFO] [OctoBans] lefifoudu3 sql checked, record: spammp by drbrine to -1
26-12-17 22:31:48 [INFO] [OctoBans] lefifoudu3 sql checked, record: insultegrave by drbrine to 1514646973
26-12-17 22:31:48 [INFO] [OctoBans] anguille sql checked, record: spammp by Remil to -1
26-12-17 22:31:48 [INFO] [OctoBans] anguille sql checked, record: spammp by FiasK0 to -1
26-12-17 22:31:49 [INFO] [OctoBans] bloodgamer25 sql checked, record: spammp by FiasK0 to -1
26-12-17 22:31:49 [INFO] [OctoBans] x4gaming sql checked, record: spammp by D3adOrSnipSurYTB to -1
26-12-17 22:31:49 [INFO] [OctoBans] x4gaming sql checked, record: spammp by atsuky to -1
26-12-17 22:31:49 [INFO] [OctoBans] tisabe sql checked, record: spammp by Gamer09 to -1
26-12-17 22:31:50 [INFO] [OctoBans] xxsubxx sql checked, record: spammp by OCIP_Matth to -1
26-12-17 22:31:50 [INFO] [OctoBans] the_dz_men sql checked, record: spammp by FiasK0 to -1
26-12-17 22:31:50 [INFO] [OctoBans] dilili sql checked, record: spammp by ToXiCz_TV to -1
26-12-17 22:31:50 [INFO] [OctoBans] reborncreep sql checked, record: spammp by drbrine to -1
26-12-17 22:31:53 [INFO] [OctoBans] molotof sql checked, record: insultestaff by D3adOrSnipSurYTB to 1514328425
26-12-17 22:31:55 [INFO] [OctoBans] maxoupvp sql checked, record: spammp by LeRe to -1
26-12-17 22:31:55 [INFO] [OctoBans] maxoupvp sql checked, record: spammp by drbrine to -1
26-12-17 22:31:55 [INFO] [OctoBans] maxoupvp sql checked, record: spammp by PseudooNull to -1
26-12-17 22:31:56 [INFO] [OctoBans] rubyyy123 sql checked, record: spammp by SmooKeur to -1
26-12-17 22:31:57 [INFO] [OctoBans] dicob sql checked, record: spammp by Remil to -1
26-12-17 22:32:00 [INFO] [OctoBans] harst_ sql checked, record: spammp by FiasK0 to -1
26-12-17 22:32:03 [INFO] [OctoBans] xx_yz_xx sql checked, record: spammp by SkillBOotiiS to -1
26-12-17 22:32:05 [INFO] [OctoBans] firexpower666_ sql checked, record: spammp by tinmar to -1
26-12-17 22:32:10 [INFO] [OctoBans] zeynox sql checked, record: spammp by Zayrox29 to -1
26-12-17 22:32:10 [INFO] [OctoBans] zeynox sql checked, record: spammp by Zoseq to -1
26-12-17 22:32:10 [INFO] [OctoBans] zeynox sql checked, record: spammp by LaKitaw to -1
26-12-17 22:32:10 [INFO] [OctoBans] zeynox sql checked, record: spammp by LaKitaw to -1
26-12-17 22:32:10 [INFO] [OctoBans] zeynox sql checked, record: spammp by LaKitaw to -1
26-12-17 22:32:10 [INFO] [OctoBans] zeynox sql checked, record: spammp by D3adOrSnipSurYTB to -1
26-12-17 22:32:16 [INFO] [OctoBans] ozmog_yt sql checked, record: spammp by Remil to -1
26-12-17 22:32:16 [INFO] [OctoBans] ozmog_yt sql checked, record: spammp by OCIP_Matth to -1
26-12-17 22:32:16 [INFO] [OctoBans] ozmog_yt sql checked, record: spammp by KelianHD to -1
26-12-17 22:32:16 [INFO] [OctoBans] ozmog_yt sql checked, record: spammp by SkillBOotiiS to -1
26-12-17 22:32:16 [INFO] [OctoBans] ozmog_yt sql checked, record: spammp by FiasK0 to -1
26-12-17 22:32:16 [INFO] [OctoBans] ozmog_yt sql checked, record: insultegrave by EW3L to 1514422475
26-12-17 22:32:20 [INFO] [OctoBans] fabio sql checked, record: spammp by zlKayzen to -1
26-12-17 22:32:20 [INFO] [OctoBans] fabio sql checked, record: spammp by WeeZix to -1
26-12-17 22:32:21 [INFO] [OctoBans] byzoo sql checked, record: spammp by PseudooNull to -1
26-12-17 22:32:21 [INFO] [OctoBans] byzoo sql checked, record: spammp by PseudooNull to -1
26-12-17 22:32:31 [INFO] [OctoBans] youmakemelol sql checked, record: spammp by EW3L to -1
26-12-17 22:32:32 [INFO] [OctoBans] nakzu_u sql checked, record: spammp by FNGOD to -1
26-12-17 22:32:32 [INFO] [OctoBans] nakzu_u sql checked, record: spammp by ToXiCz_TV to -1
26-12-17 22:32:33 [INFO] [OctoBans] dingo15 sql checked, record: insultestaff by D3adOrSnipSurYTB to 1514327261
26-12-17 22:32:34 [INFO] [OctoBans] the_slash sql checked, record: spammp by pepedjo to -1
26-12-17 22:32:34 [INFO] [OctoBans] the_slash sql checked, record: spammp by drbrine to -1
26-12-17 22:32:34 [INFO] [OctoBans] the_slash sql checked, record: spammp by NeyTox to -1
26-12-17 22:32:34 [INFO] [OctoBans] the_slash sql checked, record: spammp by EW3L to -1
26-12-17 22:32:34 [INFO] [OctoBans] the_slash sql checked, record: spam by PseudooNull to 1514347620
26-12-17 22:32:37 [INFO] [OctoBans] swokip sql checked, record: spammp by SkillBOotiiS to -1
26-12-17 22:32:39 [INFO] [OctoBans] pouletgriller sql checked, record: spammp by Gamer09 to -1
26-12-17 22:32:39 [INFO] [OctoBans] pouletgriller sql checked, record: spammp by ToXiCz_TV to -1
26-12-17 22:32:41 [INFO] [OctoBans] syrox_ytb sql checked, record: spammp by Koeseb97 to -1
26-12-17 22:32:41 [INFO] [OctoBans] syrox_ytb sql checked, record: spammp by PseudooNull to -1
26-12-17 22:32:42 [INFO] [OctoBans] blackarrowfr sql checked, record: spammp by FiasK0 to -1
26-12-17 22:32:42 [INFO] [OctoBans] ijonas_ sql checked, record: spammp by tinmar to -1
26-12-17 22:32:44 [INFO] [OctoBans] atsuky sql checked, record: spammp by EGGSPLOSION to -1
26-12-17 22:32:46 [INFO] [OctoBans] xx_biom_xx sql checked, record: spammp by Spovly to -1
26-12-17 22:32:46 [INFO] [OctoBans] xx_biom_xx sql checked, record: spammp by PseudooNull to -1
26-12-17 22:32:48 [INFO] [OctoBans] mrkebab sql checked, record: spammp by SmooKeur to -1
26-12-17 22:32:48 [INFO] [OctoBans] mrkebab sql checked, record: spammp by PseudooNull to -1
26-12-17 22:32:48 [INFO] [OctoBans] mrkebab sql checked, record: spammp by zlKayzen to -1
26-12-17 22:32:48 [INFO] [OctoBans] mrkebab sql checked, record: spammp by OCIP_Matth to -1
26-12-17 22:32:48 [INFO] [OctoBans] mrkebab sql checked, record: spammp by atsuky to -1
26-12-17 22:32:51 [INFO] [OctoBans] darkfr45 sql checked, record: spammp by FiasK0 to -1
26-12-17 22:32:51 [INFO] [OctoBans] darkfr45 sql checked, record: spammp by FiasK0 to -1
26-12-17 22:32:51 [INFO] [OctoBans] mayeul sql checked, record: spammp by SmooKeur to -1
26-12-17 22:32:53 [INFO] [OctoBans] unnainportant sql checked, record: spammp by Evolze to -1
26-12-17 22:32:53 [INFO] [OctoBans] unnainportant sql checked, record: spammp by LaKitaw to -1
26-12-17 22:32:58 [INFO] [OctoBans] karibo127 sql checked, record: spammp by FNGOD to -1
26-12-17 22:32:58 [INFO] [OctoBans] karibo127 sql checked, record: insultegrave by YTB_XxKarnageXx to 1514334001
26-12-17 22:32:58 [INFO] [OctoBans] karibo127 sql checked, record: spammp by FNGOD to -1
26-12-17 22:32:59 [INFO] [OctoBans] chut3000 sql checked, record: spammp by FiasK0 to -1
26-12-17 22:33:00 [INFO] [OctoBans] manydelrayoss sql checked, record: spammp by FiasK0 to -1
26-12-17 22:33:05 [INFO] [OctoBans] batte sql checked, record: spammp by yeti2001vd to -1
26-12-17 22:33:07 [INFO] [OctoBans] le_clodov2 sql checked, record: spammp by ToXiCz_TV to -1
26-12-17 22:33:07 [INFO] [OctoBans] le_clodov2 sql checked, record: spammp by FamousxRay to -1
26-12-17 22:33:07 [INFO] [OctoBans] le_clodov2 sql checked, record: insultegrave by OCIP_Matth to 1514378562
26-12-17 22:33:07 [INFO] [OctoBans] le_clodov2 sql checked, record: spam by tinmar to 1514335538
26-12-17 22:33:15 [INFO] [OctoBans] xxdubeskillsxx sql checked, record: spammp by FamousxRay to -1
26-12-17 22:33:15 [INFO] [OctoBans] xxdubeskillsxx sql checked, record: spammp by atsuky to -1
26-12-17 22:33:28 [INFO] [OctoBans] Gamer09 punished sayziiix for: Menace de hack
26-12-17 22:33:36 [INFO] [OctoBans] thecrane sql checked, record: spammp by WeeZix to -1
26-12-17 22:33:38 [INFO] [OctoBans] arakword sql checked, record: spammp by PseudooNull to -1
26-12-17 22:33:53 [INFO] [OctoBans] skiwiix_ sql checked, record: spammp by FiasK0 to -1
26-12-17 22:34:16 [INFO] [OctoBans] emminecraft06 sql checked, record: spammp by NiceFR to -1
26-12-17 22:34:20 [INFO] [OctoBans] vix sql checked, record: spammp by Taygrax07 to -1
26-12-17 22:34:20 [INFO] [OctoBans] vix sql checked, record: spammp by EW3L to -1
26-12-17 22:35:36 [INFO] [OctoBans] gotmalive sql checked, record: spammp by PseudooNull to -1
26-12-17 22:35:38 [INFO] [OctoBans] noragev12 sql checked, record: spammp by Shainko to -1
26-12-17 22:35:39 [INFO] [OctoBans] mentos sql checked, record: spammp by FNGOD to -1
26-12-17 22:36:46 [INFO] [OctoBans] bokos sql checked, record: spammp by yeti2001vd to -1
26-12-17 22:36:46 [INFO] [OctoBans] bokos sql checked, record: spammp by yeti2001vd to -1
26-12-17 22:36:46 [INFO] [OctoBans] bokos sql checked, record: spammp by FNGOD to -1
26-12-17 22:36:46 [INFO] [OctoBans] bokos sql checked, record: spammp by EW3L to -1
26-12-17 22:36:46 [INFO] [OctoBans] bokos sql checked, record: spammp by FNGOD to -1
26-12-17 22:37:44 [INFO] [OctoBans] atsuky punished darkfr45 for: Insulte
26-12-17 22:37:58 [INFO] [OctoBans] jenmidukilleur sql checked, record: spamftag by Gamer09 to 1514483101
26-12-17 22:38:28 [INFO] [OctoBans] zebieux sql checked, record: spammp by pepedjo to -1
26-12-17 22:38:28 [INFO] [OctoBans] zebieux sql checked, record: spammp by Remil to -1
26-12-17 22:38:57 [INFO] [OctoBans] chasseetpeche71 sql checked, record: spammp by FiasK0 to -1
26-12-17 22:39:16 [INFO] [OctoBans] virocl sql checked, record: spammp by PseudooNull to -1
26-12-17 22:39:33 [INFO] [OctoBans] progameur sql checked, record: spammp by FiasK0 to -1
26-12-17 22:40:37 [INFO] [OctoBans] thomas62200 sql checked, record: insultegrave by drbrine to 1514403405
26-12-17 22:40:37 [INFO] [OctoBans] thomas62200 sql checked, record: spammp by atsuky to -1
26-12-17 22:40:37 [INFO] [OctoBans] thomas62200 sql checked, record: insultegrave by EGGSPLOSION to 1514518644
26-12-17 22:48:23 [INFO] [OctoBans] Hkz_Skillon punished anguille for: Insulte grave
26-12-17 22:49:55 [INFO] [OctoBans] keen0x sql checked, record: spammp by FNGOD to -1
26-12-17 22:50:02 [INFO] [OctoBans] pepsicoca sql checked, record: spammp by FiasK0 to -1
26-12-17 22:50:04 [INFO] [OctoBans] woimant punished xxsubxx for: Incitation au flood
26-12-17 22:51:49 [INFO] [OctoBans] diodu sql checked, record: spammp by Gamer09 to -1
26-12-17 22:54:40 [INFO] [OctoBans] mrfire19 sql checked, record: spammp by atsuky to -1
26-12-17 22:55:28 [INFO] [OctoBans] bardaxx_ sql checked, record: spammp by Zoseq to -1
26-12-17 22:56:06 [INFO] [OctoBans] woimant punished easy for: Incitation au flood
26-12-17 22:56:22 [INFO] [OctoBans] PseudooNull punished maxoupvp for: TpKill
26-12-17 22:58:01 [INFO] [OctoBans] PseudooNull punished byzoo for: Provocation
26-12-17 22:58:33 [INFO] [OctoBans] xxsubxx sql checked, record: spammp by OCIP_Matth to -1
26-12-17 22:58:33 [INFO] [OctoBans] xxsubxx sql checked, record: incitationflood by woimant to 1514411404
26-12-17 22:59:17 [INFO] [OctoBans] momolegardien sql checked, record: spammp by ToXiCz_TV to -1
26-12-17 23:01:01 [INFO] [OctoBans] kuro37 sql checked, record: spammp by ToXiCz_TV to -1
26-12-17 23:01:01 [INFO] [OctoBans] kuro37 sql checked, record: spammp by ToXiCz_TV to -1
26-12-17 23:01:35 [INFO] [OctoBans] infinity_du59 sql checked, record: spammp by Antoine57565 to -1
26-12-17 23:01:45 [INFO] [OctoBans] PseudooNull punished yolloswagg564 for: Majuscule
26-12-17 23:04:58 [INFO] [OctoBans] laura123 sql checked, record: spammp by Remil to -1
26-12-17 23:04:58 [INFO] [OctoBans] PseudooNull punished byzoo for: Spam/flood
26-12-17 23:06:16 [INFO] [OctoBans] norgonz sql checked, record: spammp by SkyKosIV to -1
26-12-17 23:10:51 [INFO] [OctoBans] nrgx_sh4d0w sql checked, record: spammp by NeyTox to -1
26-12-17 23:10:51 [INFO] [OctoBans] nrgx_sh4d0w sql checked, record: insultegrave by drbrine to 1514388629
26-12-17 23:15:05 [INFO] [OctoBans] selim6671 sql checked, record: spammp by LeRe to -1
26-12-17 23:17:15 [INFO] [OctoBans] PseudooNull punished _zwiiko_ for: Spam/flood
26-12-17 23:20:43 [INFO] [OctoBans] woimant punished fabio for: Provocation
26-12-17 23:23:34 [INFO] [OctoBans] hayden_frost sql checked, record: spammp by OCIP_Matth to -1
26-12-17 23:23:36 [INFO] [OctoBans] fabio sql checked, record: spammp by zlKayzen to -1
26-12-17 23:23:36 [INFO] [OctoBans] fabio sql checked, record: spammp by WeeZix to -1
26-12-17 23:23:36 [INFO] [OctoBans] fabio sql checked, record: provocation by woimant to 1514332243
26-12-17 23:26:26 [INFO] [OctoBans] tereure sql checked, record: spammp by Zayrox29 to -1
26-12-17 23:26:26 [INFO] [OctoBans] tereure sql checked, record: spammp by PseudooNull to -1
26-12-17 23:28:47 [INFO] [OctoBans] harkz sql checked, record: spammp by EGGSPLOSION to -1
26-12-17 23:28:47 [INFO] [OctoBans] harkz sql checked, record: spammp by atsuky to -1
26-12-17 23:30:07 [INFO] [OctoBans] PseudooNull punished boblepoisonrouge for: Spam/flood
26-12-17 23:30:41 [INFO] [OctoBans] Gamer09 punished chqt for: Insulte staff
26-12-17 23:33:44 [INFO] [OctoBans] PseudooNull punished flo_theking for: Spam/flood en MP
26-12-17 23:37:22 [INFO] [OctoBans] ytbibossyt sql checked, record: spammp by atsuky to -1
26-12-17 23:37:54 [INFO] [OctoBans] PseudooNull punished maozedong for: Spam/flood
26-12-17 23:38:20 [INFO] [OctoBans] lethugdu46 sql checked, record: spammp by LaKitaw to -1
26-12-17 23:38:20 [INFO] [OctoBans] lethugdu46 sql checked, record: spammp by Hkz_Skillon to -1
26-12-17 23:38:20 [INFO] [OctoBans] lethugdu46 sql checked, record: spam by PseudooNull to 1514340582
26-12-17 23:42:54 [INFO] [OctoBans] PseudooNull punished maozedong for: Spam /f tag
26-12-17 23:44:33 [INFO] [OctoBans] PseudooNull punished mrkebab for: Provocation
26-12-17 23:49:32 [INFO] [OctoBans] dozz_ytb sql checked, record: spammp by WeeZix to -1
26-12-17 23:50:51 [INFO] [OctoBans] PseudooNull punished lorois for: Double Poste
26-12-17 23:57:16 [INFO] [OctoBans] touti sql checked, record: spammp by FNGOD to -1
27-12-17 00:09:28 [INFO] [OctoBans] zeusaupvp sql checked, record: spammp by OCIP_Matth to -1
27-12-17 00:22:57 [INFO] [OctoBans] ishaadow_ sql checked, record: spammp by FamousxRay to -1
27-12-17 00:22:57 [INFO] [OctoBans] ishaadow_ sql checked, record: spammp by FNGOD to -1
27-12-17 00:28:14 [INFO] [OctoBans] PseudooNull punished gradux for: TpKill
27-12-17 00:37:52 [INFO] [OctoBans] aexraptorz sql checked, record: spammp by Remil to -1
27-12-17 00:37:52 [INFO] [OctoBans] aexraptorz sql checked, record: spammp by PseudooNull to -1
27-12-17 00:38:07 [INFO] [OctoBans] PseudooNull punished xxsubxx for: TpKill
27-12-17 00:38:10 [INFO] [OctoBans] by_fly sql checked, record: spammp by Hkz_Skillon to -1
27-12-17 00:38:43 [INFO] [OctoBans] PseudooNull punished voltzz for: Majuscule
27-12-17 00:39:10 [INFO] [OctoBans] PseudooNull punished chouchou007 for: Majuscule
27-12-17 00:48:04 [INFO] [OctoBans] PseudooNull punished sablolo00 for: TpKill
27-12-17 00:49:18 [INFO] [OctoBans] zumbie sql checked, record: spammp by EGGSPLOSION to -1
27-12-17 00:49:18 [INFO] [OctoBans] zumbie sql checked, record: spammp by EW3L to -1
27-12-17 00:59:39 [INFO] [OctoBans] rayoutop74 sql checked, record: spammp by atsuky to -1
27-12-17 00:59:39 [INFO] [OctoBans] rayoutop74 sql checked, record: spammp by EW3L to -1
27-12-17 00:59:39 [INFO] [OctoBans] rayoutop74 sql checked, record: insultegrave by EW3L to 1514336419
27-12-17 00:59:39 [INFO] [OctoBans] rayoutop74 sql checked, record: spammp by EW3L to -1
27-12-17 00:59:39 [INFO] [OctoBans] rayoutop74 sql checked, record: spammp by Gamer09 to -1
27-12-17 00:59:39 [INFO] [OctoBans] rayoutop74 sql checked, record: spammp by EGGSPLOSION to -1
27-12-17 01:01:16 [INFO] [OctoBans] PseudooNull punished brookdu81 for: Double Poste
27-12-17 01:21:50 [INFO] [OctoBans] warrox_ sql checked, record: insultegrave by OCIP_Matth to 1514505214
27-12-17 01:23:24 [INFO] [OctoBans] karlwill sql checked, record: spammp by Gamer09 to -1
27-12-17 01:23:24 [INFO] [OctoBans] karlwill sql checked, record: spammp by LeRe to -1
27-12-17 01:23:24 [INFO] [OctoBans] karlwill sql checked, record: incitationflood by EW3L to 1514381602
27-12-17 01:32:49 [INFO] [OctoBans] azenpvp sql checked, record: spammp by D3adOrSnipSurYTB to -1
27-12-17 01:34:51 [INFO] [OctoBans] darryl1 sql checked, record: spammp by FiasK0 to -1
27-12-17 02:06:47 [INFO] [OctoBans] romudu269 sql checked, record: spammp by Remil to -1
27-12-17 02:06:47 [INFO] [OctoBans] romudu269 sql checked, record: provocation by Gamer09 to 1514340794
27-12-17 02:45:17 [INFO] [OctoBans] ourox_ sql checked, record: spammp by FiasK0 to -1
27-12-17 02:45:17 [INFO] [OctoBans] ourox_ sql checked, record: spammp by FiasK0 to -1
27-12-17 03:12:11 [INFO] [OctoBans] roxkillerez sql checked, record: multicompte by YTB_XxKarnageXx to -1
27-12-17 03:14:55 [INFO] [OctoBans] autoclick_pvp sql checked, record: spammp by FiasK0 to -1
27-12-17 06:01:01 [INFO] [OctoBans] Disabling OctoBans v1.0
