23-07-17 22:31:42 [INFO] [OctoBans] File Handler successfully initialized!
23-07-17 22:31:42 [INFO] [OctoBans] SQL connection successfully etablished
23-07-17 22:31:42 [INFO] [OctoBans] Moderator Tools by Octonia.
23-07-17 22:31:48 [INFO] [OctoBans] kyzirie sql checked, record: spammp by PseudoNul to -1
23-07-17 22:31:48 [INFO] [OctoBans] kyzirie sql checked, record: spammp by PseudoNul to -1
23-07-17 22:31:48 [INFO] [OctoBans] kyzirie sql checked, record: spammp by PseudoNul to -1
23-07-17 22:31:48 [INFO] [OctoBans] kyzirie sql checked, record: spam by tinmar to 1500846524
23-07-17 22:31:48 [INFO] [OctoBans] yassir321 sql checked, record: spammp by PseudoNul to -1
23-07-17 22:31:48 [INFO] [OctoBans] goldenboy5959 sql checked, record: spam by Forway to 1500849011
23-07-17 22:31:48 [INFO] [OctoBans] sam_ytb sql checked, record: spammp by iPurple_ to -1
23-07-17 22:31:48 [INFO] [OctoBans] sam_ytb sql checked, record: spammp by drbrine to -1
23-07-17 22:31:48 [INFO] [OctoBans] sam_ytb sql checked, record: incitationflood by NeyTox to 1500845220
23-07-17 22:31:48 [INFO] [OctoBans] asfyrun sql checked, record: spammp by drbrine to -1
23-07-17 22:31:48 [INFO] [OctoBans] asfyrun sql checked, record: doubleposte by drbrine to 1500843347
23-07-17 22:31:48 [INFO] [OctoBans] by_sneak sql checked, record: spammp by SkyKosIV to -1
23-07-17 22:31:48 [INFO] [OctoBans] by_sneak sql checked, record: spammp by YTB_XxKarnageXx to -1
23-07-17 22:31:48 [INFO] [OctoBans] by_sneak sql checked, record: spammp by Remil to -1
23-07-17 22:31:48 [INFO] [OctoBans] by_sneak sql checked, record: spam by ZerKup to 1500861640
23-07-17 22:31:48 [INFO] [OctoBans] mete_okyay sql checked, record: spammp by Remil to -1
23-07-17 22:31:48 [INFO] [OctoBans] twinx_boy sql checked, record: spammp by SnowEffect to -1
23-07-17 22:31:48 [INFO] [OctoBans] batte sql checked, record: spammp by SuperJojo to -1
23-07-17 22:31:48 [INFO] [OctoBans] krais7681 sql checked, record: doubleposte by ZerKup to 1500844169
23-07-17 22:31:48 [INFO] [OctoBans] alarmebruine6 sql checked, record: majuscule by ZerKup to 1500843652
23-07-17 22:31:48 [INFO] [OctoBans] automan sql checked, record: insultegrave by zlFire49 to 1500970954
23-07-17 22:31:48 [INFO] [OctoBans] artinikz sql checked, record: insultestaff by Remil to 1500858104
23-07-17 22:31:48 [INFO] [OctoBans] artinikz sql checked, record: insultestaff by drbrine to 1500906139
23-07-17 22:31:48 [INFO] [OctoBans] gamix_yt sql checked, record: spammp by SkyKosIV to -1
23-07-17 22:31:48 [INFO] [OctoBans] gamix_yt sql checked, record: spammp by Steph078 to -1
23-07-17 22:31:49 [INFO] [OctoBans] totototo11 sql checked, record: spammp by NeosiaNexus to -1
23-07-17 22:31:49 [INFO] [OctoBans] totototo11 sql checked, record: spammp by PseudoNul to -1
23-07-17 22:31:49 [INFO] [OctoBans] totototo11 sql checked, record: doubleposte by Wiindows to 1500843755
23-07-17 22:31:52 [INFO] [OctoBans] elkwell sql checked, record: insultestaff by Remil to 1500901884
23-07-17 22:31:53 [INFO] [OctoBans] blc_frr_pvp sql checked, record: spammp by iPurple_ to -1
23-07-17 22:31:53 [INFO] [OctoBans] blc_frr_pvp sql checked, record: spammp by PseudoNul to -1
23-07-17 22:31:53 [INFO] [OctoBans] blc_frr_pvp sql checked, record: insultegrave by skhey to 1500976503
23-07-17 22:31:54 [INFO] [OctoBans] anthony972 sql checked, record: spammp by Remil to -1
23-07-17 22:31:54 [INFO] [OctoBans] anthony972 sql checked, record: spammp by Remil to -1
23-07-17 22:31:54 [INFO] [OctoBans] anthony972 sql checked, record: insultestaff by drbrine to 1500866624
23-07-17 22:31:55 [INFO] [OctoBans] mrstormax sql checked, record: spammp by tinmar to -1
23-07-17 22:31:55 [INFO] [OctoBans] mrstormax sql checked, record: doubleposte by FiasK0 to 1500843742
23-07-17 22:31:57 [INFO] [OctoBans] scorpmanskill sql checked, record: spammp by Remil to -1
23-07-17 22:32:01 [INFO] [OctoBans] leo2316 sql checked, record: spammp by SuperJojo to -1
23-07-17 22:32:01 [INFO] [OctoBans] leo2316 sql checked, record: spammp by Remil to -1
23-07-17 22:32:02 [INFO] [OctoBans] samy13310 sql checked, record: spammp by iPurple_ to -1
23-07-17 22:32:04 [INFO] [OctoBans] _kheyzz_ sql checked, record: spammp by drbrine to -1
23-07-17 22:32:04 [INFO] [OctoBans] neox_ytb sql checked, record: spammp by iPurple_ to -1
23-07-17 22:32:04 [INFO] [OctoBans] neox_ytb sql checked, record: spammp by PseudoNul to -1
23-07-17 22:32:07 [INFO] [OctoBans] _konaking_ sql checked, record: spammp by YTB_XxKarnageXx to -1
23-07-17 22:32:07 [INFO] [OctoBans] _konaking_ sql checked, record: spammp by SnowEffect to -1
23-07-17 22:32:07 [INFO] [OctoBans] _konaking_ sql checked, record: faussesinfos by Theo97 to 1500920490
23-07-17 22:32:08 [INFO] [OctoBans] reborncreep sql checked, record: insultestaff by NeyTox to 1500861801
23-07-17 22:32:08 [INFO] [OctoBans] ocip_matth sql checked, record: spammp by tinmar to -1
23-07-17 22:32:09 [INFO] [OctoBans] instateproofy sql checked, record: spammp by Remil to -1
23-07-17 22:32:12 [INFO] [OctoBans] olivier28130 sql checked, record: spammp by iPurple_ to -1
23-07-17 22:32:12 [INFO] [OctoBans] olivier28130 sql checked, record: insultegrave by FiasK0 to 1500849917
23-07-17 22:32:16 [INFO] [OctoBans] modattozz sql checked, record: spammp by tinmar to -1
23-07-17 22:32:23 [INFO] [OctoBans] lololaclarinette sql checked, record: spammp by tinmar to -1
23-07-17 22:32:23 [INFO] [OctoBans] lololaclarinette sql checked, record: homophobie by Forway to 1500923155
23-07-17 22:32:26 [INFO] [OctoBans] samybg sql checked, record: spammp by Remil to -1
23-07-17 22:32:26 [INFO] [OctoBans] samybg sql checked, record: spammp by Remil to -1
23-07-17 22:32:26 [INFO] [OctoBans] samybg sql checked, record: spammp by Remil to -1
23-07-17 22:32:26 [INFO] [OctoBans] samybg sql checked, record: spammp by drbrine to -1
23-07-17 22:32:28 [INFO] [OctoBans] selim45 sql checked, record: spammp by ZerKup to -1
23-07-17 22:32:33 [INFO] [OctoBans] gabio sql checked, record: spammp by drbrine to -1
23-07-17 22:32:39 [INFO] [OctoBans] charifboss sql checked, record: spammp by Blubfire to -1
23-07-17 22:32:39 [INFO] [OctoBans] charifboss sql checked, record: spammp by SnowEffect to -1
23-07-17 22:32:46 [INFO] [OctoBans] hayden_frost sql checked, record: spammp by PseudoNul to -1
23-07-17 22:32:53 [INFO] [OctoBans] mathieu28130 sql checked, record: spam by drbrine to 1500853040
23-07-17 22:32:53 [INFO] [OctoBans] mathieu28130 sql checked, record: spam by FiasK0 to 1500856905
23-07-17 22:32:58 [INFO] [OctoBans] ktm125sx sql checked, record: spammp by Remil to -1
23-07-17 22:32:59 [INFO] [OctoBans] ivluzofficial sql checked, record: spammp by iPurple_ to -1
23-07-17 22:32:59 [INFO] [OctoBans] ivluzofficial sql checked, record: spammp by PseudoNul to -1
23-07-17 22:32:59 [INFO] [OctoBans] ivluzofficial sql checked, record: spammp by PseudoNul to -1
23-07-17 22:33:08 [INFO] [OctoBans] wize_ sql checked, record: spammp by NeosiaNexus to -1
23-07-17 22:33:14 [INFO] [OctoBans] univerzkerror sql checked, record: spammp by TheBrioche13 to -1
23-07-17 22:33:14 [INFO] [OctoBans] univerzkerror sql checked, record: spammp by TheBrioche13 to -1
23-07-17 22:33:31 [INFO] [OctoBans] ew3l sql checked, record: floodmp by Forway to -1
23-07-17 22:33:33 [INFO] [OctoBans] nicerush sql checked, record: spammp by YTB_XxKarnageXx to -1
23-07-17 22:33:33 [INFO] [OctoBans] nicerush sql checked, record: spammp by PseudoNul to -1
23-07-17 22:33:33 [INFO] [OctoBans] nicerush sql checked, record: insultegrave by Wiindows to 1500937759
23-07-17 22:33:50 [INFO] [OctoBans] ishaadow_ sql checked, record: spammp by drbrine to -1
23-07-17 22:33:50 [INFO] [OctoBans] ishaadow_ sql checked, record: langage by drbrine to 1500847056
23-07-17 22:33:50 [INFO] [OctoBans] ishaadow_ sql checked, record: tpkill by drbrine to 1500926719
23-07-17 22:33:50 [INFO] [OctoBans] ishaadow_ sql checked, record: majuscule by drbrine to 1500847240
23-07-17 22:33:50 [INFO] [OctoBans] ishaadow_ sql checked, record: provocation by FiasK0 to 1500844417
23-07-17 22:34:00 [INFO] [OctoBans] biguiboss31 sql checked, record: spammp by PseudoNul to -1
23-07-17 22:34:00 [INFO] [OctoBans] biguiboss31 sql checked, record: spammp by Remil to -1
23-07-17 22:34:03 [INFO] [OctoBans] lololefou sql checked, record: spammp by PseudoNul to -1
23-07-17 22:34:37 [INFO] [OctoBans] zarconia sql checked, record: spammp by SuperJojo to -1
23-07-17 22:35:43 [INFO] [OctoBans] _strykz_ sql checked, record: langage by ZerKup to 1500842558
23-07-17 22:35:43 [INFO] [OctoBans] _strykz_ sql checked, record: langage by ZerKup to 1500843217
23-07-17 22:35:51 [INFO] [OctoBans] logamer sql checked, record: floodmp by Forway to -1
23-07-17 22:35:51 [INFO] [OctoBans] logamer sql checked, record: spammp by iPurple_ to -1
23-07-17 22:36:03 [INFO] [OctoBans] FiasK0 punished modattozz for: Provocation
23-07-17 22:36:53 [INFO] [OctoBans] shouteur sql checked, record: spammp by Remil to -1
23-07-17 22:36:53 [INFO] [OctoBans] shouteur sql checked, record: spammp by Remil to -1
23-07-17 22:36:53 [INFO] [OctoBans] shouteur sql checked, record: spammp by Remil to -1
23-07-17 22:36:53 [INFO] [OctoBans] shouteur sql checked, record: spammp by Remil to -1
23-07-17 22:36:53 [INFO] [OctoBans] shouteur sql checked, record: spammp by Remil to -1
23-07-17 22:36:53 [INFO] [OctoBans] shouteur sql checked, record: spammp by Remil to -1
23-07-17 22:36:53 [INFO] [OctoBans] shouteur sql checked, record: spammp by Remil to -1
23-07-17 22:36:53 [INFO] [OctoBans] shouteur sql checked, record: spammp by Remil to -1
23-07-17 22:37:32 [INFO] [OctoBans] vendeur2kebab sql checked, record: spammp by ZerKup to -1
23-07-17 22:37:32 [INFO] [OctoBans] vendeur2kebab sql checked, record: spammp by YTB_XxKarnageXx to -1
23-07-17 22:37:32 [INFO] [OctoBans] vendeur2kebab sql checked, record: spammp by PseudoNul to -1
23-07-17 22:37:32 [INFO] [OctoBans] vendeur2kebab sql checked, record: faussesinfos by Theo97 to 1500881290
23-07-17 22:37:32 [INFO] [OctoBans] vendeur2kebab sql checked, record: doubleposte by K0STiK_ to 1500850083
23-07-17 22:38:00 [INFO] [OctoBans] farlu sql checked, record: flood by Wiindows to 1500845098
23-07-17 22:38:26 [INFO] [OctoBans] Forway punished ninqx for: Spam/flood
23-07-17 22:38:27 [INFO] [OctoBans] Remil punished osmanlitorunu for: Double Poste
23-07-17 22:38:37 [INFO] [OctoBans] crowkets sql checked, record: tpkill by Remil to 1500997477
23-07-17 22:38:44 [INFO] [OctoBans] fabio sql checked, record: spammp by Remil to -1
23-07-17 22:38:44 [INFO] [OctoBans] fabio sql checked, record: spammp by CreepyEagle to -1
23-07-17 22:39:50 [INFO] [OctoBans] serge58000 sql checked, record: tpkill by drbrine to 1500863041
23-07-17 22:39:54 [INFO] [OctoBans] rorost sql checked, record: spammp by SnowEffect to -1
23-07-17 22:39:56 [INFO] [OctoBans] Remil punished adelolo for: Spam/flood
23-07-17 22:40:35 [INFO] [OctoBans] Remil punished darksahdow for: Double Poste
23-07-17 22:41:53 [INFO] [OctoBans] arrowgaming sql checked, record: spammp by SkyKosIV to -1
23-07-17 22:41:53 [INFO] [OctoBans] arrowgaming sql checked, record: spammp by iPurple_ to -1
23-07-17 22:42:43 [INFO] [OctoBans] titidu46 sql checked, record: spammp by drbrine to -1
23-07-17 22:42:47 [INFO] [OctoBans] jasoxx sql checked, record: spammp by iPurple_ to -1
23-07-17 22:42:47 [INFO] [OctoBans] jasoxx sql checked, record: spammp by drbrine to -1
23-07-17 22:42:47 [INFO] [OctoBans] jasoxx sql checked, record: spammp by drbrine to -1
23-07-17 22:42:47 [INFO] [OctoBans] jasoxx sql checked, record: spammp by drbrine to -1
23-07-17 22:42:59 [INFO] [OctoBans] dragonfou21 sql checked, record: spammp by PseudoNul to -1
23-07-17 22:43:39 [INFO] [OctoBans] ishaadow_ sql checked, record: spammp by drbrine to -1
23-07-17 22:43:39 [INFO] [OctoBans] ishaadow_ sql checked, record: langage by drbrine to 1500847056
23-07-17 22:43:39 [INFO] [OctoBans] ishaadow_ sql checked, record: tpkill by drbrine to 1500926719
23-07-17 22:43:39 [INFO] [OctoBans] ishaadow_ sql checked, record: majuscule by drbrine to 1500847240
23-07-17 22:43:39 [INFO] [OctoBans] ishaadow_ sql checked, record: provocation by FiasK0 to 1500844417
23-07-17 22:44:35 [INFO] [OctoBans] thomasdu29200 sql checked, record: spammp by iPurple_ to -1
23-07-17 22:44:35 [INFO] [OctoBans] thomasdu29200 sql checked, record: spammp by iPurple_ to -1
23-07-17 22:45:32 [INFO] [OctoBans] Remil punished thedarklink125 for: Majuscule
23-07-17 22:45:45 [INFO] [OctoBans] mathou_gaming_fr sql checked, record: spammp by Remil to -1
23-07-17 22:46:39 [INFO] [OctoBans] Remil punished zoobie03 for: Anti-AFK
23-07-17 22:47:08 [INFO] [OctoBans] Remil punished charifboss for: Majuscule
23-07-17 22:47:25 [INFO] [OctoBans] ninqx sql checked, record: spam by Forway to 1500849506
23-07-17 22:48:07 [INFO] [OctoBans] ninqx sql checked, record: spam by Forway to 1500849506
23-07-17 22:48:36 [INFO] [OctoBans] val28120 sql checked, record: floodmp by Forway to -1
23-07-17 22:48:36 [INFO] [OctoBans] val28120 sql checked, record: spammp by PseudoNul to -1
23-07-17 22:48:36 [INFO] [OctoBans] val28120 sql checked, record: floodmp by Forway to -1
23-07-17 22:48:36 [INFO] [OctoBans] val28120 sql checked, record: spammp by drbrine to -1
23-07-17 22:48:36 [INFO] [OctoBans] val28120 sql checked, record: spam by Remil to 1500860205
23-07-17 22:48:47 [INFO] [OctoBans] Remil punished ktm125sx for: Majuscule
23-07-17 22:49:05 [INFO] [OctoBans] darkcraft203 sql checked, record: spammp by Anzerti to -1
23-07-17 22:50:14 [INFO] [OctoBans] ninqx sql checked, record: spam by Forway to 1500849506
23-07-17 22:50:30 [INFO] [OctoBans] Wiindows punished fabio for: Spam/flood
23-07-17 22:50:51 [INFO] [OctoBans] demonzero22 sql checked, record: spammp by tinmar to -1
23-07-17 22:50:51 [INFO] [OctoBans] demonzero22 sql checked, record: insultesrv by Xylear to 1500845683
23-07-17 22:51:08 [INFO] [OctoBans] Remil punished darkop for: Double Poste
23-07-17 22:53:25 [INFO] [OctoBans] plitoufmc sql checked, record: homophobie by Forway to 1500925167
23-07-17 22:53:33 [INFO] [OctoBans] progameur sql checked, record: spammp by tinmar to -1
23-07-17 22:55:04 [INFO] [OctoBans] zayrozz sql checked, record: spammp by Remil to -1
23-07-17 22:56:40 [INFO] [OctoBans] marleyx sql checked, record: spammp by drbrine to -1
23-07-17 23:01:33 [INFO] [OctoBans] iPurple_ punished kawaziu_ for: Langage incorrect
23-07-17 23:02:25 [INFO] [OctoBans] iPurple_ punished ponyta_ for: Double Poste
23-07-17 23:04:22 [INFO] [OctoBans] odakim sql checked, record: insultegrave by Wiindows to 1500872993
23-07-17 23:07:18 [INFO] [OctoBans] Remil punished killer89 for: Incitation au flood
23-07-17 23:11:52 [INFO] [OctoBans] fasko sql checked, record: insultegrave by tinmar to 1500917739
23-07-17 23:11:52 [INFO] [OctoBans] fasko sql checked, record: insultestaff by drbrine to 1500902553
23-07-17 23:12:01 [INFO] [OctoBans] NeyTox punished scorpmanskill for: Langage incorrect
23-07-17 23:12:22 [INFO] [OctoBans] NeyTox punished theboss511 for: Insulte grave
23-07-17 23:14:06 [INFO] [OctoBans] NeyTox punished lere for: Insulte grave
23-07-17 23:17:27 [INFO] [OctoBans] zizou03 sql checked, record: spammp by drbrine to -1
23-07-17 23:17:27 [INFO] [OctoBans] zizou03 sql checked, record: spammp by drbrine to -1
23-07-17 23:17:27 [INFO] [OctoBans] zizou03 sql checked, record: spammp by drbrine to -1
23-07-17 23:17:27 [INFO] [OctoBans] zizou03 sql checked, record: insultestaff by NeyTox to 1500853640
23-07-17 23:18:04 [INFO] [OctoBans] demon99 punished fasko for: Provocation
23-07-17 23:19:01 [INFO] [OctoBans] Wiindows punished dragonfou21 for: Majuscule
23-07-17 23:20:30 [INFO] [OctoBans] NeyTox punished emirpvp for: Majuscule
23-07-17 23:21:29 [INFO] [OctoBans] Wiindows punished dragonfou21 for: Insulte staff
23-07-17 23:21:49 [INFO] [OctoBans] Remil punished dragonfou21 for: Anti-AFK
23-07-17 23:22:43 [INFO] [OctoBans] rorost sql checked, record: spammp by SnowEffect to -1
23-07-17 23:25:17 [INFO] [OctoBans] marchandloup sql checked, record: spammp by Remil to -1
23-07-17 23:25:17 [INFO] [OctoBans] marchandloup sql checked, record: spammp by PseudoNul to -1
23-07-17 23:26:08 [INFO] [OctoBans] lucas59261 sql checked, record: kickautre by ZerKup to -1
23-07-17 23:26:08 [INFO] [OctoBans] lucas59261 sql checked, record: spammp by PseudoNul to -1
23-07-17 23:26:08 [INFO] [OctoBans] lucas59261 sql checked, record: spammp by YTB_XxKarnageXx to -1
23-07-17 23:26:08 [INFO] [OctoBans] lucas59261 sql checked, record: spammp by Remil to -1
23-07-17 23:26:08 [INFO] [OctoBans] lucas59261 sql checked, record: spammp by PseudoNul to -1
23-07-17 23:26:08 [INFO] [OctoBans] lucas59261 sql checked, record: spammp by PseudoNul to -1
23-07-17 23:26:08 [INFO] [OctoBans] lucas59261 sql checked, record: spammp by Anzerti to -1
23-07-17 23:29:13 [INFO] [OctoBans] lucas59261 sql checked, record: kickautre by ZerKup to -1
23-07-17 23:29:13 [INFO] [OctoBans] lucas59261 sql checked, record: spammp by PseudoNul to -1
23-07-17 23:29:13 [INFO] [OctoBans] lucas59261 sql checked, record: spammp by YTB_XxKarnageXx to -1
23-07-17 23:29:13 [INFO] [OctoBans] lucas59261 sql checked, record: spammp by Remil to -1
23-07-17 23:29:13 [INFO] [OctoBans] lucas59261 sql checked, record: spammp by PseudoNul to -1
23-07-17 23:29:13 [INFO] [OctoBans] lucas59261 sql checked, record: spammp by PseudoNul to -1
23-07-17 23:29:13 [INFO] [OctoBans] lucas59261 sql checked, record: spammp by Anzerti to -1
23-07-17 23:29:17 [INFO] [OctoBans] helol462 sql checked, record: spammp by drbrine to -1
23-07-17 23:29:23 [INFO] [OctoBans] lucas59261 sql checked, record: kickautre by ZerKup to -1
23-07-17 23:29:23 [INFO] [OctoBans] lucas59261 sql checked, record: spammp by PseudoNul to -1
23-07-17 23:29:23 [INFO] [OctoBans] lucas59261 sql checked, record: spammp by YTB_XxKarnageXx to -1
23-07-17 23:29:23 [INFO] [OctoBans] lucas59261 sql checked, record: spammp by Remil to -1
23-07-17 23:29:23 [INFO] [OctoBans] lucas59261 sql checked, record: spammp by PseudoNul to -1
23-07-17 23:29:23 [INFO] [OctoBans] lucas59261 sql checked, record: spammp by PseudoNul to -1
23-07-17 23:29:23 [INFO] [OctoBans] lucas59261 sql checked, record: spammp by Anzerti to -1
23-07-17 23:31:00 [INFO] [OctoBans] eliottee sql checked, record: langage by drbrine to 1500845874
23-07-17 23:36:45 [INFO] [OctoBans] FiasK0 punished momo54 for: Spam/flood
23-07-17 23:36:54 [INFO] [OctoBans] FiasK0 punished mete_okyay for: Spam/flood
23-07-17 23:37:35 [INFO] [OctoBans] dylandu94 sql checked, record: spammp by iPurple_ to -1
23-07-17 23:37:35 [INFO] [OctoBans] dylandu94 sql checked, record: spammp by iPurple_ to -1
23-07-17 23:37:35 [INFO] [OctoBans] dylandu94 sql checked, record: spammp by Anzerti to -1
23-07-17 23:38:10 [INFO] [OctoBans] FiasK0 punished sara_pvp for: Spam/flood
23-07-17 23:38:36 [INFO] [OctoBans] arrowgaming sql checked, record: spammp by SkyKosIV to -1
23-07-17 23:38:36 [INFO] [OctoBans] arrowgaming sql checked, record: spammp by iPurple_ to -1
23-07-17 23:41:41 [INFO] [OctoBans] waldeck22 sql checked, record: spammp by iPurple_ to -1
23-07-17 23:43:57 [INFO] [OctoBans] NeyTox punished xenario for: Langage incorrect
23-07-17 23:44:42 [INFO] [OctoBans] NeyTox punished ishaadow_ for: Langage incorrect
23-07-17 23:45:14 [INFO] [OctoBans] NeyTox punished helol462 for: Langage incorrect
23-07-17 23:46:01 [INFO] [OctoBans] NeyTox punished seiyox for: Insulte grave
23-07-17 23:48:23 [INFO] [OctoBans] siplyoyt sql checked, record: spammp by PseudoNul to -1
23-07-17 23:48:55 [INFO] [OctoBans] Wiindows punished nolaninomc for: Spam/flood
23-07-17 23:53:21 [INFO] [OctoBans] Remil punished epeeceleste for: Double Poste
23-07-17 23:54:30 [INFO] [OctoBans] Wiindows punished amine for: Majuscule
23-07-17 23:56:09 [INFO] [OctoBans] FiasK0 punished virocl for: Double Poste
23-07-17 23:56:28 [INFO] [OctoBans] NeyTox punished cruze2014 for: Langage incorrect
23-07-17 23:57:11 [INFO] [OctoBans] NeyTox punished nindjini for: Majuscule
23-07-17 23:58:08 [INFO] [OctoBans] millardm sql checked, record: spammp by PseudoNul to -1
23-07-17 23:59:37 [INFO] [OctoBans] millardm punished _strykz_ for: Insulte
24-07-17 00:03:36 [INFO] [OctoBans] dorianswagx sql checked, record: insultegrave by NeosiaNexus to 1500867454
24-07-17 00:06:49 [INFO] [OctoBans] Wiindows punished xenario for: Langage incorrect
24-07-17 00:17:16 [INFO] [OctoBans] deeprodole sql checked, record: spammp by SnowEffect to -1
24-07-17 00:20:08 [INFO] [OctoBans] Wiindows punished totototo11 for: Majuscule
24-07-17 00:21:24 [INFO] [OctoBans] waytek sql checked, record: spammp by PseudoNul to -1
24-07-17 00:21:24 [INFO] [OctoBans] waytek sql checked, record: spammp by Remil to -1
24-07-17 00:21:24 [INFO] [OctoBans] waytek sql checked, record: spammp by Remil to -1
24-07-17 00:25:13 [INFO] [OctoBans] DEEProdole punished crafteam4 for: Double Poste
24-07-17 00:32:31 [INFO] [OctoBans] DEEProdole punished mlle_oriane for: Publicité Youtubeur
24-07-17 00:35:40 [INFO] [OctoBans] DEEProdole punished xenario for: Langage incorrect
24-07-17 00:38:12 [INFO] [OctoBans] DEEProdole punished mrcreeper456 for: Provocation
24-07-17 00:39:10 [INFO] [OctoBans] sqkuu_ sql checked, record: menacehack by drbrine to 1501094928
24-07-17 00:39:10 [INFO] [OctoBans] sqkuu_ sql checked, record: menacehack by drbrine to 1501354199
24-07-17 00:43:21 [INFO] [OctoBans] DEEProdole punished sam1 for: Spam/flood
24-07-17 00:45:08 [INFO] [OctoBans] DEEProdole punished _dragibus_ for: Majuscule
24-07-17 00:46:41 [INFO] [OctoBans] CreepyEagle punished ocip_matth for: Double Poste
24-07-17 00:55:51 [INFO] [OctoBans] zlSkill49 punished nightry for: Provocation
24-07-17 01:01:37 [INFO] [OctoBans] NeyTox punished goto_camus2 for: Spam/flood
24-07-17 01:05:42 [INFO] [OctoBans] CreepyEagle punished deniz for: Provocation
24-07-17 01:08:23 [INFO] [OctoBans] kawaziu sql checked, record: incitationflood by drbrine to 1500895213
24-07-17 01:08:51 [INFO] [OctoBans] CreepyEagle punished wosparta for: Spam/flood
24-07-17 01:09:11 [INFO] [OctoBans] CreepyEagle punished thedarkorb45 for: Provocation
24-07-17 01:12:37 [INFO] [OctoBans] Remil punished instateproofy for: Spam/flood en MP
24-07-17 01:19:03 [INFO] [OctoBans] NeyTox punished anshow for: Majuscule
24-07-17 01:28:31 [INFO] [OctoBans] DEEProdole punished jeveux1tacos for: Double Poste
24-07-17 01:29:44 [INFO] [OctoBans] NeyTox punished charifboss for: Majuscule
24-07-17 01:33:58 [INFO] [OctoBans] neskuiik sql checked, record: spammp by iPurple_ to -1
24-07-17 01:33:58 [INFO] [OctoBans] neskuiik sql checked, record: spammp by iPurple_ to -1
24-07-17 01:33:58 [INFO] [OctoBans] neskuiik sql checked, record: spammp by Remil to -1
24-07-17 01:35:21 [INFO] [OctoBans] NeyTox punished anshow for: Majuscule
24-07-17 01:38:46 [INFO] [OctoBans] drbrine sql checked, record: spammp by PseudoNul to -1
24-07-17 01:38:46 [INFO] [OctoBans] drbrine sql checked, record: spammp by PseudoNul to -1
24-07-17 01:43:03 [INFO] [OctoBans] Remil punished virocl for: Double Poste
24-07-17 01:46:56 [INFO] [OctoBans] DEEProdole punished mete_okyay for: Spam/flood
24-07-17 01:47:10 [INFO] [OctoBans] NeyTox punished akazede for: Insulte
24-07-17 01:47:30 [INFO] [OctoBans] NeyTox punished ishaadow_ for: Provocation
24-07-17 01:48:05 [INFO] [OctoBans] DEEProdole punished dr_tisma for: Spam/flood
24-07-17 01:48:14 [INFO] [OctoBans] DEEProdole punished xenario for: Spam/flood
24-07-17 01:48:16 [INFO] [OctoBans] zlSkill49 punished twinx_boy for: Spam/flood
24-07-17 01:48:31 [INFO] [OctoBans] zlSkill49 punished dr_tisma for: Spam/flood
24-07-17 01:48:43 [INFO] [OctoBans] zlSkill49 punished brookdu81 for: Spam/flood
24-07-17 01:55:44 [INFO] [OctoBans] NeyTox punished anshow for: Majuscule
24-07-17 02:01:04 [INFO] [OctoBans] zlSkill49 punished skiller_electro for: Double Poste
24-07-17 02:06:25 [INFO] [OctoBans] Remil punished thedarkorb45 for: Provocation
24-07-17 02:16:32 [INFO] [OctoBans] tomcase14 sql checked, record: kickautre by Antoine57565 to -1
24-07-17 02:16:32 [INFO] [OctoBans] tomcase14 sql checked, record: kickautre by Antoine57565 to -1
24-07-17 02:17:18 [INFO] [OctoBans] Shainko punished by_4566 for: Spam/flood
24-07-17 02:17:45 [INFO] [OctoBans] Shainko punished by_4566 for: Insulte grave
24-07-17 02:24:24 [INFO] [OctoBans] Shainko punished tomcase14 for: Spam/flood
24-07-17 02:26:41 [INFO] [OctoBans] Shainko punished neskuiik for: Insulte grave
24-07-17 02:47:20 [INFO] [OctoBans] Remil punished _nytrospeed_jj for: Double Poste
24-07-17 02:53:03 [INFO] [OctoBans] Wiindows punished thegameurytb for: Majuscule
24-07-17 03:01:25 [INFO] [OctoBans] iPurple_ punished dorianswag for: Double Poste
24-07-17 03:02:54 [INFO] [OctoBans] iPurple_ punished dark_pigeon33 for: Double Poste
24-07-17 03:08:24 [INFO] [OctoBans] keen0x sql checked, record: spammp by iPurple_ to -1
24-07-17 03:08:24 [INFO] [OctoBans] keen0x sql checked, record: spammp by drbrine to -1
24-07-17 03:08:24 [INFO] [OctoBans] keen0x sql checked, record: spammp by drbrine to -1
24-07-17 03:08:24 [INFO] [OctoBans] keen0x sql checked, record: spammp by drbrine to -1
24-07-17 03:50:56 [INFO] [OctoBans] demon99 punished _dragibus_ for: Langage incorrect
24-07-17 03:51:35 [INFO] [OctoBans] demon99 punished _strykz_ for: Insulte serveur
24-07-17 04:32:22 [INFO] [OctoBans] winningyt sql checked, record: spammp by SuperJojo to -1
24-07-17 04:38:29 [INFO] [OctoBans] drbrine punished eternelfire for: Double Poste
24-07-17 04:41:51 [INFO] [OctoBans] weezy sql checked, record: kickautre by Steph078 to -1
24-07-17 04:49:49 [INFO] [OctoBans] Remil punished _strykz_ for: Spam/flood en MP
24-07-17 04:51:08 [INFO] [OctoBans] Theo97 punished kitito for: Spam/flood
24-07-17 04:53:06 [INFO] [OctoBans] Remil punished charifboss for: Langage incorrect
24-07-17 04:53:46 [INFO] [OctoBans] Remil punished shouteur for: Provocation
24-07-17 04:57:31 [INFO] [OctoBans] Remil punished raptonoir for: Spam/flood
24-07-17 05:00:48 [INFO] [OctoBans] Theo97 punished weezy for: Double Poste
24-07-17 05:06:06 [INFO] [OctoBans] Remil punished lolo76200 for: Majuscule
24-07-17 05:14:57 [INFO] [OctoBans] trystanausaure sql checked, record: tpkill by Forway to 1500922973
24-07-17 05:17:55 [INFO] [OctoBans] NeyTox punished jasoxx for: Double Poste
24-07-17 05:37:03 [INFO] [OctoBans] Remil punished shouteur for: Spam/flood en MP
24-07-17 05:39:06 [INFO] [OctoBans] Remil punished farmerdu08 for: Provocation
24-07-17 05:41:29 [INFO] [OctoBans] NeyTox punished sam_ytb for: Double Poste
24-07-17 05:41:41 [INFO] [OctoBans] NeyTox punished mrcreeper456 for: Double Poste
24-07-17 05:57:41 [INFO] [OctoBans] Remil punished alex_1707 for: Double Poste
24-07-17 06:01:02 [INFO] [OctoBans] Disabling OctoBans v1.0
