20-08-17 22:31:43 [INFO] [OctoBans] File Handler successfully initialized!
20-08-17 22:31:43 [INFO] [OctoBans] SQL connection successfully etablished
20-08-17 22:31:43 [INFO] [OctoBans] Moderator Tools by Octonia.
20-08-17 22:31:49 [INFO] [OctoBans] ishaadow_ sql checked, record: spammp by SmooKeur to -1
20-08-17 22:31:49 [INFO] [OctoBans] ishaadow_ sql checked, record: spammp by Remil to -1
20-08-17 22:31:49 [INFO] [OctoBans] ishaadow_ sql checked, record: insultegrave by NeyTox to 1503301263
20-08-17 22:31:49 [INFO] [OctoBans] xxheroiikxx sql checked, record: floodmp by Forway to -1
20-08-17 22:31:49 [INFO] [OctoBans] minecanis sql checked, record: spammp by Remil to -1
20-08-17 22:31:49 [INFO] [OctoBans] wiindows sql checked, record: floodmp by Forway to -1
20-08-17 22:31:49 [INFO] [OctoBans] wiindows sql checked, record: spammp by Remil to -1
20-08-17 22:31:49 [INFO] [OctoBans] blc_frr_pvp sql checked, record: insultegrave by woimant to 1503437675
20-08-17 22:31:49 [INFO] [OctoBans] diraypvp sql checked, record: spammp by iPurple_ to -1
20-08-17 22:31:49 [INFO] [OctoBans] jenmidukilleur sql checked, record: faussesinfos by zlKayzen to 1503318006
20-08-17 22:31:49 [INFO] [OctoBans] arnsmel sql checked, record: spam by Forway to 1503271201
20-08-17 22:31:49 [INFO] [OctoBans] kyzirie sql checked, record: spammp by PseudoNul to -1
20-08-17 22:31:49 [INFO] [OctoBans] kyzirie sql checked, record: spammp by PseudoNul to -1
20-08-17 22:31:49 [INFO] [OctoBans] kyzirie sql checked, record: spammp by PseudoNul to -1
20-08-17 22:31:49 [INFO] [OctoBans] gameplayze_ sql checked, record: spammp by Remil to -1
20-08-17 22:31:49 [INFO] [OctoBans] _strykz_ sql checked, record: spammp by Remil to -1
20-08-17 22:31:49 [INFO] [OctoBans] _strykz_ sql checked, record: spammp by Remil to -1
20-08-17 22:31:49 [INFO] [OctoBans] sacha33340 sql checked, record: spammp by ZerKup to -1
20-08-17 22:31:49 [INFO] [OctoBans] sacha33340 sql checked, record: spammp by Remil to -1
20-08-17 22:31:49 [INFO] [OctoBans] sacha33340 sql checked, record: spammp by Remil to -1
20-08-17 22:31:49 [INFO] [OctoBans] sacha33340 sql checked, record: floodmp by Forway to -1
20-08-17 22:31:49 [INFO] [OctoBans] sacha33340 sql checked, record: insultegrave by Wize_ to 1503338256
20-08-17 22:31:49 [INFO] [OctoBans] nicerush sql checked, record: homophobie by woimant to 1503272065
20-08-17 22:31:49 [INFO] [OctoBans] nicerush sql checked, record: racism by woimant to 1503272087
20-08-17 22:31:49 [INFO] [OctoBans] naunau123 sql checked, record: doubleposte by Xylear to 1503263469
20-08-17 22:31:50 [INFO] [OctoBans] crayzinox sql checked, record: spam by Remil to 1503264194
20-08-17 22:31:50 [INFO] [OctoBans] kokojo sql checked, record: spammp by Remil to -1
20-08-17 22:31:50 [INFO] [OctoBans] wiirko sql checked, record: spammp by Remil to -1
20-08-17 22:31:50 [INFO] [OctoBans] by_kw3e sql checked, record: kickautre by Antoine57565 to -1
20-08-17 22:31:52 [INFO] [OctoBans] gigikiller123 sql checked, record: majuscule by Forway to 1503261190
20-08-17 22:31:54 [INFO] [OctoBans] lolodu02 sql checked, record: spammp by iPurple_ to -1
20-08-17 22:31:54 [INFO] [OctoBans] lolodu02 sql checked, record: spam by YTB_XxKarnageXx to 1503272438
20-08-17 22:32:09 [INFO] [OctoBans] sam_ytb sql checked, record: spammp by iPurple_ to -1
20-08-17 22:32:09 [INFO] [OctoBans] sam_ytb sql checked, record: spammp by drbrine to -1
20-08-17 22:32:09 [INFO] [OctoBans] sam_ytb sql checked, record: spammp by TheBrioche13 to -1
20-08-17 22:32:14 [INFO] [OctoBans] alarmebruine6 sql checked, record: insultestaff by The_Frusty to 1503273003
20-08-17 22:32:40 [INFO] [OctoBans] d3adorsnipsurytb sql checked, record: spammp by Remil to -1
20-08-17 22:32:40 [INFO] [OctoBans] d3adorsnipsurytb sql checked, record: spammp by Remil to -1
20-08-17 22:32:42 [INFO] [OctoBans] gab1192 sql checked, record: spammp by PseudoNul to -1
20-08-17 22:33:17 [INFO] [OctoBans] bboy124 sql checked, record: spammp by Remil to -1
20-08-17 22:33:34 [INFO] [OctoBans] Forway punished gts for: Double Poste
20-08-17 22:33:41 [INFO] [OctoBans] wize_ sql checked, record: spammp by TheBrioche13 to -1
20-08-17 22:33:41 [INFO] [OctoBans] wize_ sql checked, record: spammp by Remil to -1
20-08-17 22:33:51 [INFO] [OctoBans] lololefou sql checked, record: spammp by PseudoNul to -1
20-08-17 22:33:53 [INFO] [OctoBans] samy13310 sql checked, record: spammp by iPurple_ to -1
20-08-17 22:34:24 [INFO] [OctoBans] Shainko punished lesweque for: Double Poste
20-08-17 22:34:31 [INFO] [OctoBans] by_fly sql checked, record: spammp by NeosiaNexus to -1
20-08-17 22:34:36 [INFO] [OctoBans] nymerialafrite sql checked, record: incitationflood by TheBrioche13 to 1503338700
20-08-17 22:35:22 [INFO] [OctoBans] yolodu13 sql checked, record: spammp by Remil to -1
20-08-17 22:35:22 [INFO] [OctoBans] yolodu13 sql checked, record: homophobie by ChronoEthernal to 1503301041
20-08-17 22:35:47 [INFO] [OctoBans] instateproofy sql checked, record: spammp by Remil to -1
20-08-17 22:35:47 [INFO] [OctoBans] instateproofy sql checked, record: spammp by Remil to -1
20-08-17 22:35:47 [INFO] [OctoBans] instateproofy sql checked, record: spammp by Remil to -1
20-08-17 22:36:02 [INFO] [OctoBans] gangstardu59 sql checked, record: insultegrave by LaKitaw to 1503313678
20-08-17 22:36:23 [INFO] [OctoBans] harst sql checked, record: spammp by Remil to -1
20-08-17 22:36:38 [INFO] [OctoBans] joulss sql checked, record: spammp by SmooKeur to -1
20-08-17 22:40:37 [INFO] [OctoBans] NeyTox punished gts for: Double Poste
20-08-17 22:40:45 [INFO] [OctoBans] roi_du_rush sql checked, record: spammp by YTB_XxKarnageXx to -1
20-08-17 22:44:21 [INFO] [OctoBans] Forway punished themonkie21 for: Majuscule
20-08-17 22:47:58 [INFO] [OctoBans] matgone01 sql checked, record: spammp by ZerKup to -1
20-08-17 22:47:58 [INFO] [OctoBans] matgone01 sql checked, record: spammp by ZerKup to -1
20-08-17 22:47:58 [INFO] [OctoBans] matgone01 sql checked, record: spammp by Remil to -1
20-08-17 22:47:58 [INFO] [OctoBans] matgone01 sql checked, record: floodmp by Forway to -1
20-08-17 22:47:58 [INFO] [OctoBans] matgone01 sql checked, record: spammp by PseudoNul to -1
20-08-17 22:49:08 [INFO] [OctoBans] kettur_ sql checked, record: spammp by ZerKup to -1
20-08-17 22:49:08 [INFO] [OctoBans] kettur_ sql checked, record: spammp by Remil to -1
20-08-17 22:49:08 [INFO] [OctoBans] kettur_ sql checked, record: spammp by Remil to -1
20-08-17 22:49:08 [INFO] [OctoBans] kettur_ sql checked, record: spammp by Remil to -1
20-08-17 22:49:08 [INFO] [OctoBans] kettur_ sql checked, record: spammp by YTB_XxKarnageXx to -1
20-08-17 22:49:08 [INFO] [OctoBans] kettur_ sql checked, record: spammp by tinmar to -1
20-08-17 22:51:24 [INFO] [OctoBans] jasoxx sql checked, record: spammp by iPurple_ to -1
20-08-17 22:51:24 [INFO] [OctoBans] jasoxx sql checked, record: spammp by drbrine to -1
20-08-17 22:51:24 [INFO] [OctoBans] jasoxx sql checked, record: spammp by drbrine to -1
20-08-17 22:51:24 [INFO] [OctoBans] jasoxx sql checked, record: spammp by drbrine to -1
20-08-17 22:54:43 [INFO] [OctoBans] xxrandomxx sql checked, record: spammp by SmooKeur to -1
20-08-17 23:07:18 [INFO] [OctoBans] mindex45 sql checked, record: spammp by SnowEffect to -1
20-08-17 23:07:18 [INFO] [OctoBans] mindex45 sql checked, record: kickautre by NeosiaNexus to -1
20-08-17 23:12:08 [INFO] [OctoBans] pepsicoca sql checked, record: spammp by Steph078 to -1
20-08-17 23:17:36 [INFO] [OctoBans] nicerush sql checked, record: homophobie by woimant to 1503272065
20-08-17 23:17:36 [INFO] [OctoBans] nicerush sql checked, record: racism by woimant to 1503272087
20-08-17 23:17:38 [INFO] [OctoBans] sasuto19 sql checked, record: spammp by SnowEffect to -1
20-08-17 23:17:38 [INFO] [OctoBans] sasuto19 sql checked, record: spammp by SnowEffect to -1
20-08-17 23:17:38 [INFO] [OctoBans] sasuto19 sql checked, record: spammp by iPurple_ to -1
20-08-17 23:17:38 [INFO] [OctoBans] sasuto19 sql checked, record: insulte by Xylear to 1503266104
20-08-17 23:28:21 [INFO] [OctoBans] wilson84 sql checked, record: kickautre by YTB_XxKarnageXx to -1
20-08-17 23:28:37 [INFO] [OctoBans] thanou2004 sql checked, record: incitationflood by TheBrioche13 to 1503323046
20-08-17 23:28:47 [INFO] [OctoBans] idreyzen sql checked, record: spammp by Remil to -1
20-08-17 23:29:48 [INFO] [OctoBans] riyane6122 sql checked, record: spammp by SkyKosIV to -1
20-08-17 23:30:28 [INFO] [OctoBans] Shainko punished dk_skyze for: Double Poste
20-08-17 23:30:54 [INFO] [OctoBans] The_Frusty punished mortroi for: Double Poste
20-08-17 23:31:25 [INFO] [OctoBans] derpik sql checked, record: spammp by Remil to -1
20-08-17 23:32:29 [INFO] [OctoBans] denis018 sql checked, record: spammp by Remil to -1
20-08-17 23:37:15 [INFO] [OctoBans] walterwhite sql checked, record: spammp by SuperJojo to -1
20-08-17 23:37:15 [INFO] [OctoBans] walterwhite sql checked, record: spammp by PseudoNul to -1
20-08-17 23:42:39 [INFO] [OctoBans] Shainko punished mgk_tozzzz for: Majuscule
20-08-17 23:49:33 [INFO] [OctoBans] twinx_boy sql checked, record: spammp by SnowEffect to -1
20-08-17 23:55:41 [INFO] [OctoBans] Shainko punished _strykz_ for: Spam/flood
20-08-17 23:56:07 [INFO] [OctoBans] The_Frusty punished boumboum for: Double Poste
20-08-17 23:58:42 [INFO] [OctoBans] progameur sql checked, record: spammp by tinmar to -1
21-08-17 00:00:14 [INFO] [OctoBans] zlKayzen punished ishaadow_ for: Insulte
21-08-17 00:00:47 [INFO] [OctoBans] The_Frusty punished captainebiwaijr for: Double Poste
21-08-17 00:04:37 [INFO] [OctoBans] zlKayzen punished itsrecktom for: Double Poste
21-08-17 00:17:03 [INFO] [OctoBans] zlKayzen punished blc_frr_pvp for: Langage incorrect
21-08-17 00:17:58 [INFO] [OctoBans] zarkos93 sql checked, record: spammp by tinmar to -1
21-08-17 00:18:33 [INFO] [OctoBans] zoroto sql checked, record: spammp by Remil to -1
21-08-17 00:35:26 [INFO] [OctoBans] andsiou sql checked, record: spammp by ZerKup to -1
21-08-17 00:35:43 [INFO] [OctoBans] justmyskill sql checked, record: kickautre by YTB_XxKarnageXx to -1
21-08-17 00:35:43 [INFO] [OctoBans] justmyskill sql checked, record: spammp by Remil to -1
21-08-17 00:48:56 [INFO] [OctoBans] siruse sql checked, record: spammp by YTB_XxKarnageXx to -1
21-08-17 00:50:20 [INFO] [OctoBans] hockey25 sql checked, record: spammp by iPurple_ to -1
21-08-17 00:50:20 [INFO] [OctoBans] hockey25 sql checked, record: spammp by iPurple_ to -1
21-08-17 00:50:20 [INFO] [OctoBans] hockey25 sql checked, record: spammp by Anzerti to -1
21-08-17 01:02:21 [INFO] [OctoBans] Shouteur punished lefifoudu3 for: Insulte grave
21-08-17 01:05:30 [INFO] [OctoBans] Shouteur punished its_xiom3 for: Double Poste
21-08-17 01:16:15 [INFO] [OctoBans] Wiindows punished kwayl for: Spam/flood
21-08-17 01:18:55 [INFO] [OctoBans] Wiindows punished kwayl for: Fausses informations
21-08-17 01:28:03 [INFO] [OctoBans] Shouteur punished gameur827 for: Double Poste
21-08-17 01:48:51 [INFO] [OctoBans] Wiindows punished zogaleuhbg for: Majuscule
21-08-17 01:55:51 [INFO] [OctoBans] Shouteur punished tigerfight for: Double Poste
21-08-17 01:56:49 [INFO] [OctoBans] Shouteur punished platoon_ for: Majuscule
21-08-17 02:01:33 [INFO] [OctoBans] Shouteur punished alarmebruine6 for: Spam/flood
21-08-17 02:14:10 [INFO] [OctoBans] Wiindows punished pokemoonsurytb for: Double Poste
21-08-17 02:27:22 [INFO] [OctoBans] ededed91 sql checked, record: spammp by SkyKosIV to -1
21-08-17 02:27:22 [INFO] [OctoBans] ededed91 sql checked, record: spammp by Remil to -1
21-08-17 03:07:39 [INFO] [OctoBans] weezy sql checked, record: kickautre by Steph078 to -1
21-08-17 03:32:17 [INFO] [OctoBans] Wiindows punished ededed81 for: Spam/flood
21-08-17 03:33:09 [INFO] [OctoBans] Wiindows punished ededed91 for: Spam/flood
21-08-17 03:46:47 [INFO] [OctoBans] Wiindows punished capitainecochon for: Insulte grave
21-08-17 03:49:00 [INFO] [OctoBans] jojolatereur971 sql checked, record: spammp by TheBrioche13 to -1
21-08-17 04:12:12 [INFO] [OctoBans] sows punished weezy for: Langage incorrect
21-08-17 04:13:56 [INFO] [OctoBans] _topui_ sql checked, record: spammp by ZerKup to -1
21-08-17 04:15:47 [INFO] [OctoBans] comics974 sql checked, record: spammp by tinmar to -1
21-08-17 04:21:11 [INFO] [OctoBans] Shouteur punished kenn for: Double Poste
21-08-17 04:31:00 [INFO] [OctoBans] Shouteur punished thekiller200 for: Double Poste
21-08-17 04:47:33 [INFO] [OctoBans] Shouteur punished sasuto19 for: Double Poste
21-08-17 05:45:39 [INFO] [OctoBans] Shouteur punished nikefort for: Insulte grave
21-08-17 05:54:26 [INFO] [OctoBans] dodole1e sql checked, record: spammp by drbrine to -1
21-08-17 05:54:26 [INFO] [OctoBans] dodole1e sql checked, record: spammp by PseudoNul to -1
21-08-17 06:01:02 [INFO] [OctoBans] Disabling OctoBans v1.0
