01-11-17 22:31:43 [INFO] [OctoBans] File Handler successfully initialized!
01-11-17 22:31:43 [INFO] [OctoBans] SQL connection successfully etablished
01-11-17 22:31:43 [INFO] [OctoBans] Moderator Tools by Octonia.
01-11-17 22:31:47 [INFO] [OctoBans] theorangekiller sql checked, record: spammp by Gamer09 to -1
01-11-17 22:31:47 [INFO] [OctoBans] zlkayzen sql checked, record: spammp by Zayrox29 to -1
01-11-17 22:31:47 [INFO] [OctoBans] zrk_warthog sql checked, record: spammp by MisterBlazing to -1
01-11-17 22:31:47 [INFO] [OctoBans] _guigui_ sql checked, record: spammp by Remil to -1
01-11-17 22:31:47 [INFO] [OctoBans] harkz sql checked, record: insultegrave by skhey to 1509625679
01-11-17 22:31:47 [INFO] [OctoBans] zoseq sql checked, record: spammp by LeRe to -1
01-11-17 22:31:47 [INFO] [OctoBans] nastu2727 sql checked, record: spammp by Remil to -1
01-11-17 22:31:47 [INFO] [OctoBans] weezy sql checked, record: spammp by LeRe to -1
01-11-17 22:31:47 [INFO] [OctoBans] deeprodole sql checked, record: spammp by Zayrox29 to -1
01-11-17 22:31:47 [INFO] [OctoBans] deeprodole sql checked, record: spammp by Zayrox29 to -1
01-11-17 22:31:47 [INFO] [OctoBans] reborncreep sql checked, record: spammp by drbrine to -1
01-11-17 22:31:47 [INFO] [OctoBans] reborncreep sql checked, record: insultegrave by LaKitaw to 1509634406
01-11-17 22:31:47 [INFO] [OctoBans] mortroi sql checked, record: spammp by Antoine57565 to -1
01-11-17 22:31:47 [INFO] [OctoBans] whiskass sql checked, record: spammp by FiasK0 to -1
01-11-17 22:31:47 [INFO] [OctoBans] lefifoudu3 sql checked, record: spammp by Zoseq to -1
01-11-17 22:31:47 [INFO] [OctoBans] lefifoudu3 sql checked, record: majuscule by YTB_XxKarnageXx to 1509572020
01-11-17 22:31:48 [INFO] [OctoBans] idreyzen sql checked, record: spammp by SkillBOotiiS to -1
01-11-17 22:31:50 [INFO] [OctoBans] ew3l sql checked, record: spam by Remil to 1509573727
01-11-17 22:31:51 [INFO] [OctoBans] red_sheep sql checked, record: spam by Remil to 1509573062
01-11-17 22:31:51 [INFO] [OctoBans] red_sheep sql checked, record: spammp by Remil to -1
01-11-17 22:31:59 [INFO] [OctoBans] aexraptorz sql checked, record: spammp by Remil to -1
01-11-17 22:32:05 [INFO] [OctoBans] snoxx_ sql checked, record: spammp by Kyabe to -1
01-11-17 22:32:05 [INFO] [OctoBans] snoxx_ sql checked, record: spammp by Zoseq to -1
01-11-17 22:32:05 [INFO] [OctoBans] snoxx_ sql checked, record: spammp by tinmar to -1
01-11-17 22:32:05 [INFO] [OctoBans] snoxx_ sql checked, record: spammp by tinmar to -1
01-11-17 22:32:05 [INFO] [OctoBans] snoxx_ sql checked, record: spam by Remil to 1509580923
01-11-17 22:32:07 [INFO] [OctoBans] sacha33340 sql checked, record: spammp by drbrine to -1
01-11-17 22:32:07 [INFO] [OctoBans] sacha33340 sql checked, record: majuscule by YTB_XxKarnageXx to 1509571990
01-11-17 22:32:07 [INFO] [OctoBans] jokermyskill sql checked, record: spam by Remil to 1509573720
01-11-17 22:32:13 [INFO] [OctoBans] _theodu13_ sql checked, record: spammp by FiasK0 to -1
01-11-17 22:32:13 [INFO] [OctoBans] _theodu13_ sql checked, record: spammp by SmooKeur to -1
01-11-17 22:32:14 [INFO] [OctoBans] inquisiteur1 sql checked, record: spammp by LaKitaw to -1
01-11-17 22:32:25 [INFO] [OctoBans] ludo63 sql checked, record: spammp by YTB_XxKarnageXx to -1
01-11-17 22:32:34 [INFO] [OctoBans] maxoupvp sql checked, record: spammp by LeRe to -1
01-11-17 22:32:39 [INFO] [OctoBans] jibuse sql checked, record: spammp by ToXiCz_TV to -1
01-11-17 22:32:39 [INFO] [OctoBans] jibuse sql checked, record: doubleposte by LaKitaw to 1509573557
01-11-17 22:32:44 [INFO] [OctoBans] terrafia sql checked, record: spammp by tinmar to -1
01-11-17 22:32:50 [INFO] [OctoBans] mrkebab sql checked, record: spammp by tinmar to -1
01-11-17 22:32:50 [INFO] [OctoBans] mrkebab sql checked, record: spammp by NeyTox to -1
01-11-17 22:32:50 [INFO] [OctoBans] mrkebab sql checked, record: insultegrave by drbrine to 1509581443
01-11-17 22:32:50 [INFO] [OctoBans] mrkebab sql checked, record: spammp by LeRe to -1
01-11-17 22:32:50 [INFO] [OctoBans] mrkebab sql checked, record: spammp by FiasK0 to -1
01-11-17 22:32:50 [INFO] [OctoBans] mrkebab sql checked, record: spam by Zayrox29 to 1509579955
01-11-17 22:32:58 [INFO] [OctoBans] totototo11 sql checked, record: spammp by LaKitaw to -1
01-11-17 22:33:17 [INFO] [OctoBans] xx_biom_xx sql checked, record: spammp by Spovly to -1
01-11-17 22:33:17 [INFO] [OctoBans] skyizi91 sql checked, record: spammp by MisterBlazing to -1
01-11-17 22:33:17 [INFO] [OctoBans] skyizi91 sql checked, record: spammp by Zoseq to -1
01-11-17 22:33:43 [INFO] [OctoBans] azoxfr_yt sql checked, record: spammp by NeyTox to -1
01-11-17 22:33:43 [INFO] [OctoBans] azoxfr_yt sql checked, record: spammp by Antoine57565 to -1
01-11-17 22:33:43 [INFO] [OctoBans] azoxfr_yt sql checked, record: insultegrave by Antoine57565 to 1509627399
01-11-17 22:34:10 [INFO] [OctoBans] mafiafr sql checked, record: spam by Remil to 1509574971
01-11-17 22:34:32 [INFO] [OctoBans] bykorysurunkebab sql checked, record: spammp by XxVoltirxX to -1
01-11-17 22:34:36 [INFO] [OctoBans] LaKitaw punished crafteam4 for: Spam/flood
01-11-17 22:34:41 [INFO] [OctoBans] Zoseq punished crafteam4s for: Spam/flood
01-11-17 22:34:46 [INFO] [OctoBans] leminecraftien80 sql checked, record: insultegrave by NeyTox to 1509585144
01-11-17 22:34:52 [INFO] [OctoBans] capitainecochon sql checked, record: spammp by Remil to -1
01-11-17 22:37:17 [INFO] [OctoBans] algorskis_yt sql checked, record: incitationflood by LaKitaw to 1509732565
01-11-17 22:37:27 [INFO] [OctoBans] winningytg sql checked, record: insultegrave by LaKitaw to 1509599535
01-11-17 22:38:12 [INFO] [OctoBans] Zoseq punished kqsuke_ for: Provocation
01-11-17 22:38:47 [INFO] [OctoBans] Zoseq punished idreyzen for: Provocation
01-11-17 22:39:04 [INFO] [OctoBans] amokon sql checked, record: spamfopen by Antoine57565 to 1509725947
01-11-17 22:39:23 [INFO] [OctoBans] YTB_XxKarnageXx punished bykorysurunkebab for: Majuscule
01-11-17 22:39:32 [INFO] [OctoBans] Zoseq punished agentgaming for: Double Poste
01-11-17 22:42:14 [INFO] [OctoBans] pandaworld sql checked, record: spammp by Remil to -1
01-11-17 22:43:06 [INFO] [OctoBans] oow_ll sql checked, record: insultegrave by Antoine57565 to 1509587232
01-11-17 22:44:37 [INFO] [OctoBans] kqsuke_ sql checked, record: provocation by Zoseq to 1509573792
01-11-17 22:44:58 [INFO] [OctoBans] YTB_XxKarnageXx punished fayerx for: TpKill
01-11-17 22:45:04 [INFO] [OctoBans] LaKitaw punished kqsuke_ for: Provocation
01-11-17 22:45:46 [INFO] [OctoBans] LaKitaw punished kqsuke_ for: Spam/flood en MP
01-11-17 22:45:58 [INFO] [OctoBans] shimo_ sql checked, record: spammp by LaKitaw to -1
01-11-17 22:48:54 [INFO] [OctoBans] yayan sql checked, record: spammp by Zoseq to -1
01-11-17 22:52:37 [INFO] [OctoBans] misterbolo sql checked, record: insultegrave by Remil to 1509606831
01-11-17 22:53:27 [INFO] [OctoBans] theohand sql checked, record: homophobie by Shainko to 1509630542
01-11-17 23:00:55 [INFO] [OctoBans] skhey punished flmio for: Majuscule
01-11-17 23:03:16 [INFO] [OctoBans] LaKitaw punished karlwill for: Double Poste
01-11-17 23:04:08 [INFO] [OctoBans] skuuurtmzz sql checked, record: spammp by tinmar to -1
01-11-17 23:04:08 [INFO] [OctoBans] skuuurtmzz sql checked, record: spammp by Remil to -1
01-11-17 23:04:08 [INFO] [OctoBans] skuuurtmzz sql checked, record: spammp by Spovly to -1
01-11-17 23:05:51 [INFO] [OctoBans] kawayx_ sql checked, record: incitationflood by woimant to 1509627374
01-11-17 23:10:18 [INFO] [OctoBans] drbrine punished darkaz for: Insulte grave
01-11-17 23:12:08 [INFO] [OctoBans] drbrine punished bibirobot for: Double Poste
01-11-17 23:16:04 [INFO] [OctoBans] _dragibus_ sql checked, record: spammp by FiasK0 to -1
01-11-17 23:18:29 [INFO] [OctoBans] drbrine punished yolodu13 for: Provocation
01-11-17 23:18:45 [INFO] [OctoBans] phoenix_o sql checked, record: spammp by ToXiCz_TV to -1
01-11-17 23:18:45 [INFO] [OctoBans] phoenix_o sql checked, record: spammp by ToXiCz_TV to -1
01-11-17 23:21:26 [INFO] [OctoBans] the_slash sql checked, record: insulte by NeyTox to 1509581986
01-11-17 23:22:48 [INFO] [OctoBans] NeyTox punished ew3l for: Double Poste
01-11-17 23:30:43 [INFO] [OctoBans] LaKitaw punished winningytg for: Provocation
01-11-17 23:31:27 [INFO] [OctoBans] LaKitaw punished thomasdu2524 for: Insulte grave
01-11-17 23:33:14 [INFO] [OctoBans] FiasK0 punished _dragibus_ for: Homophobie
01-11-17 23:34:05 [INFO] [OctoBans] drbrine punished lassa18 for: Double Poste
01-11-17 23:34:33 [INFO] [OctoBans] drbrine punished sangoku for: Provocation
01-11-17 23:34:47 [INFO] [OctoBans] LaKitaw punished thefenris32 for: Provocation
01-11-17 23:37:12 [INFO] [OctoBans] FiasK0 punished winningyt for: Double Poste
01-11-17 23:37:29 [INFO] [OctoBans] LaKitaw punished idreyzen for: Incitation au flood
01-11-17 23:39:43 [INFO] [OctoBans] LaKitaw punished zabilotero for: Spam/flood
01-11-17 23:45:15 [INFO] [OctoBans] lethugdu46 sql checked, record: spammp by LaKitaw to -1
01-11-17 23:47:47 [INFO] [OctoBans] Remil punished ew3l for: Menace de hack
01-11-17 23:48:22 [INFO] [OctoBans] _dragibus_ sql checked, record: spammp by FiasK0 to -1
01-11-17 23:48:22 [INFO] [OctoBans] _dragibus_ sql checked, record: homophobie by FiasK0 to 1509661994
01-11-17 23:52:58 [INFO] [OctoBans] NeyTox punished craziix_eu for: Double Poste
01-11-17 23:56:51 [INFO] [OctoBans] Remil punished karlwill for: Double Poste
01-11-17 23:57:08 [INFO] [OctoBans] LaKitaw punished zlkayzen for: Double Poste
01-11-17 23:58:33 [INFO] [OctoBans] Remil punished tigerprime07 for: Fausses informations
02-11-17 00:00:12 [INFO] [OctoBans] FiasK0 punished thefenris32 for: Majuscule
02-11-17 00:12:34 [INFO] [OctoBans] FiasK0 punished icesword for: Spam/flood
02-11-17 00:14:04 [INFO] [OctoBans] LaKitaw punished karlwill for: Double Poste
02-11-17 00:16:32 [INFO] [OctoBans] FiasK0 punished swartek for: Spam/flood
02-11-17 00:16:42 [INFO] [OctoBans] FiasK0 punished fabio for: Homophobie
02-11-17 00:21:00 [INFO] [OctoBans] FiasK0 punished knightofone for: Double Poste
02-11-17 00:21:35 [INFO] [OctoBans] fabio sql checked, record: homophobie by FiasK0 to 1509751002
02-11-17 00:22:19 [INFO] [OctoBans] Remil punished fabio for: Insulte grave
02-11-17 00:23:05 [INFO] [OctoBans] Remil punished fabio for: Spam/flood en MP
02-11-17 00:25:08 [INFO] [OctoBans] LaKitaw punished neksco for: Insulte
02-11-17 00:29:21 [INFO] [OctoBans] pouletgriller sql checked, record: spammp by Gamer09 to -1
02-11-17 00:31:26 [INFO] [OctoBans] kelianhd sql checked, record: pubyt by NewRDK to 1509584968
02-11-17 00:35:57 [INFO] [OctoBans] superb3b3 sql checked, record: spammp by Evolze to -1
02-11-17 00:35:57 [INFO] [OctoBans] superb3b3 sql checked, record: spammp by Evolze to -1
02-11-17 00:37:47 [INFO] [OctoBans] zeynox sql checked, record: spammp by Zayrox29 to -1
02-11-17 00:37:47 [INFO] [OctoBans] zeynox sql checked, record: spammp by Zoseq to -1
02-11-17 00:41:52 [INFO] [OctoBans] NeyTox punished rayoutop74 for: Spam/flood
02-11-17 00:45:20 [INFO] [OctoBans] NeyTox punished imperator122 for: Double Poste
02-11-17 00:55:47 [INFO] [OctoBans] LaKitaw punished julien09 for: Double Poste
02-11-17 00:57:11 [INFO] [OctoBans] NeyTox punished winningyt for: Double Poste
02-11-17 01:03:54 [INFO] [OctoBans] mocration24 sql checked, record: spammp by LeRe to -1
02-11-17 01:18:36 [INFO] [OctoBans] NeyTox punished lassa18 for: Spam/flood
02-11-17 01:30:59 [INFO] [OctoBans] NeyTox punished aexraptorz for: Double Poste
02-11-17 01:35:10 [INFO] [OctoBans] Antoine57565 punished weezy for: Provocation
02-11-17 01:35:57 [INFO] [OctoBans] NeyTox punished athes974 for: Double Poste
02-11-17 01:38:59 [INFO] [OctoBans] Antoine57565 punished sunsteal_ for: Provocation
02-11-17 01:44:15 [INFO] [OctoBans] Antoine57565 punished scorpion19500 for: Majuscule
02-11-17 01:49:12 [INFO] [OctoBans] Antoine57565 punished ishaadow_ for: Provocation
02-11-17 01:53:53 [INFO] [OctoBans] garzan59 sql checked, record: spammp by MisterBlazing to -1
02-11-17 01:54:35 [INFO] [OctoBans] Antoine57565 punished totototo11 for: Double Poste
02-11-17 01:58:20 [INFO] [OctoBans] firexpower666_ sql checked, record: spammp by tinmar to -1
02-11-17 02:01:57 [INFO] [OctoBans] Remil punished boycat_ytb for: TpKill
02-11-17 02:08:40 [INFO] [OctoBans] NeyTox punished sangoku for: Provocation
02-11-17 02:08:51 [INFO] [OctoBans] NeyTox punished walterwhite for: Double Poste
02-11-17 02:11:53 [INFO] [OctoBans] NeyTox punished virtl_skymodz for: Double Poste
02-11-17 02:16:49 [INFO] [OctoBans] NeyTox punished jordane67800 for: Double Poste
02-11-17 02:18:05 [INFO] [OctoBans] NeyTox punished leminecraftien80 for: Insulte grave
02-11-17 02:21:44 [INFO] [OctoBans] blackwhite010 sql checked, record: spammp by NeyTox to -1
02-11-17 02:21:44 [INFO] [OctoBans] blackwhite010 sql checked, record: spammp by LeRe to -1
02-11-17 02:21:44 [INFO] [OctoBans] blackwhite010 sql checked, record: insultegrave by Zayrox29 to 1509593991
02-11-17 02:38:13 [INFO] [OctoBans] NeyTox punished _rubilax for: Insulte grave
02-11-17 02:41:33 [INFO] [OctoBans] NeyTox punished zeynox for: Insulte
02-11-17 02:41:48 [INFO] [OctoBans] NeyTox punished scorpion19500 for: Insulte grave
02-11-17 03:08:33 [INFO] [OctoBans] Remil punished lefifoudu3 for: Insulte
02-11-17 03:08:40 [INFO] [OctoBans] Remil punished loveaura for: Fausses informations
02-11-17 03:08:44 [INFO] [OctoBans] Remil punished guezmann for: Majuscule
02-11-17 03:10:05 [INFO] [OctoBans] fabio sql checked, record: insultegrave by Remil to 1509650539
02-11-17 03:10:05 [INFO] [OctoBans] fabio sql checked, record: spammp by Remil to -1
02-11-17 04:10:34 [INFO] [OctoBans] skhey punished guezmann for: Provocation
02-11-17 04:13:57 [INFO] [OctoBans] skhey punished glitter_breeze for: TpKill
02-11-17 04:50:22 [INFO] [OctoBans] deniz sql checked, record: spammp by SmooKeur to -1
02-11-17 06:01:02 [INFO] [OctoBans] Disabling OctoBans v1.0
