20-01-18 22:31:42 [INFO] [OctoBans] File Handler successfully initialized!
20-01-18 22:31:42 [INFO] [OctoBans] SQL connection successfully etablished
20-01-18 22:31:42 [INFO] [OctoBans] Moderator Tools by Octonia.
20-01-18 22:31:47 [INFO] [OctoBans] jinz_498 sql checked, record: faussesinfos by PseudooNull to 1516551506
20-01-18 22:31:47 [INFO] [OctoBans] progameur sql checked, record: spammp by FiasK0 to -1
20-01-18 22:31:47 [INFO] [OctoBans] progameur sql checked, record: spammp by D3adOrSnipSurYTB to -1
20-01-18 22:31:47 [INFO] [OctoBans] octonono sql checked, record: spammp by Bucky57 to -1
20-01-18 22:31:47 [INFO] [OctoBans] octonono sql checked, record: spammp by AO_Darkness to -1
20-01-18 22:31:47 [INFO] [OctoBans] maxougaming sql checked, record: spammp by Ceraiste to -1
20-01-18 22:31:47 [INFO] [OctoBans] maxougaming sql checked, record: spammp by EW3L to -1
20-01-18 22:31:47 [INFO] [OctoBans] maxougaming sql checked, record: spammp by FiasK0 to -1
20-01-18 22:31:47 [INFO] [OctoBans] maxougaming sql checked, record: spammp by FNGOD to -1
20-01-18 22:31:47 [INFO] [OctoBans] maxougaming sql checked, record: spammp by atsuky to -1
20-01-18 22:31:47 [INFO] [OctoBans] maxougaming sql checked, record: spammp by atsuky to -1
20-01-18 22:31:47 [INFO] [OctoBans] maxougaming sql checked, record: spammp by Awesomeboy to -1
20-01-18 22:31:47 [INFO] [OctoBans] bluegumsurytb sql checked, record: insultegrave by AO_Darkness to 1516519297
20-01-18 22:31:47 [INFO] [OctoBans] bluegumsurytb sql checked, record: spammp by AO_Darkness to -1
20-01-18 22:31:47 [INFO] [OctoBans] _konaking_ sql checked, record: spammp by D3adOrSnipSurYTB to -1
20-01-18 22:31:47 [INFO] [OctoBans] gameurs71 sql checked, record: spammp by WeeZix to -1
20-01-18 22:31:47 [INFO] [OctoBans] gameurs71 sql checked, record: faussesinfos by FiasK0 to 1516497330
20-01-18 22:31:47 [INFO] [OctoBans] nathan1511 sql checked, record: faussesinfos by PseudooNull to 1516523505
20-01-18 22:31:47 [INFO] [OctoBans] nathan1511 sql checked, record: spammp by PseudooNull to -1
20-01-18 22:31:52 [INFO] [OctoBans] lefifoudu3 sql checked, record: spammp by FiasK0 to -1
20-01-18 22:31:52 [INFO] [OctoBans] onekill62 sql checked, record: spammp by tinmar to -1
20-01-18 22:31:55 [INFO] [OctoBans] louka797 sql checked, record: faussesinfos by PseudooNull to 1516550351
20-01-18 22:31:56 [INFO] [OctoBans] killyan sql checked, record: spammp by EW3L to -1
20-01-18 22:32:01 [INFO] [OctoBans] wadas sql checked, record: spammp by yeti2001vd to -1
20-01-18 22:32:08 [INFO] [OctoBans] tartinemasquer sql checked, record: faussesinfos by PseudooNull to 1516525890
20-01-18 22:32:09 [INFO] [OctoBans] mayeul sql checked, record: spammp by AO_Darkness to -1
20-01-18 22:32:09 [INFO] [OctoBans] mayeul sql checked, record: menacehack by FiasK0 to 1516615189
20-01-18 22:32:38 [INFO] [OctoBans] x4gaming sql checked, record: spammp by D3adOrSnipSurYTB to -1
20-01-18 22:32:38 [INFO] [OctoBans] x4gaming sql checked, record: spammp by atsuky to -1
20-01-18 22:32:55 [INFO] [OctoBans] troollgaming sql checked, record: spammp by Hkz_Skillon to -1
20-01-18 22:32:55 [INFO] [OctoBans] troollgaming sql checked, record: faussesinfos by PseudooNull to 1516525852
20-01-18 22:32:57 [INFO] [OctoBans] epedrakesse sql checked, record: spammp by YTB_XxKarnageXx to -1
20-01-18 22:33:44 [INFO] [OctoBans] xx_yz_xx sql checked, record: spammp by SkillBOotiiS to -1
20-01-18 22:33:46 [INFO] [OctoBans] mkdarkos sql checked, record: spammp by PseudooNull to -1
20-01-18 22:33:46 [INFO] [OctoBans] mkdarkos sql checked, record: insultegrave by WeeZix to 1516489006
20-01-18 22:34:08 [INFO] [OctoBans] aexraptorz sql checked, record: spammp by Remil to -1
20-01-18 22:34:08 [INFO] [OctoBans] aexraptorz sql checked, record: spammp by PseudooNull to -1
20-01-18 22:34:54 [INFO] [OctoBans] mayeul sql checked, record: spammp by AO_Darkness to -1
20-01-18 22:34:54 [INFO] [OctoBans] mayeul sql checked, record: menacehack by FiasK0 to 1516615189
20-01-18 22:35:01 [INFO] [OctoBans] lionduciel sql checked, record: spammp by Zoseq to -1
20-01-18 22:35:01 [INFO] [OctoBans] lionduciel sql checked, record: spammp by Zoseq to -1
20-01-18 22:35:01 [INFO] [OctoBans] lionduciel sql checked, record: spammp by Zoseq to -1
20-01-18 22:35:15 [INFO] [OctoBans] zenlouis sql checked, record: spam by Elfideltia to 1516485676
20-01-18 22:36:16 [INFO] [OctoBans] theohand sql checked, record: spammp by OCIP_Matth to -1
20-01-18 22:36:20 [INFO] [OctoBans] mcfleury sql checked, record: spammp by Koeseb97 to -1
20-01-18 22:37:15 [INFO] [OctoBans] lemarron sql checked, record: spammp by NeyTox to -1
20-01-18 22:37:26 [INFO] [OctoBans] atsuky punished lexbott18 for: Spam/flood en MP
20-01-18 22:37:58 [INFO] [OctoBans] unnainportant sql checked, record: spammp by atsuky to -1
20-01-18 22:40:50 [INFO] [OctoBans] mayeul sql checked, record: spammp by AO_Darkness to -1
20-01-18 22:40:50 [INFO] [OctoBans] mayeul sql checked, record: menacehack by FiasK0 to 1516615189
20-01-18 22:41:23 [INFO] [OctoBans] neytox sql checked, record: spammp by PseudooNull to -1
20-01-18 22:43:55 [INFO] [OctoBans] gameur2007 sql checked, record: spammp by EGGSPLOSION to -1
20-01-18 22:43:55 [INFO] [OctoBans] gameur2007 sql checked, record: spammp by EGGSPLOSION to -1
20-01-18 22:44:29 [INFO] [OctoBans] killeur56 sql checked, record: spammp by PseudooNull to -1
20-01-18 22:46:13 [INFO] [OctoBans] tifou_fou sql checked, record: spammp by ToXiCz_TV to -1
20-01-18 22:46:22 [INFO] [OctoBans] noragev12 sql checked, record: spammp by Shainko to -1
20-01-18 22:46:22 [INFO] [OctoBans] cfm_arthur sql checked, record: insultegrave by EGGSPLOSION to 1516518776
20-01-18 22:46:24 [INFO] [OctoBans] chasseetpeche71 sql checked, record: spammp by FiasK0 to -1
20-01-18 22:46:24 [INFO] [OctoBans] chasseetpeche71 sql checked, record: spammp by PseudooNull to -1
20-01-18 22:46:24 [INFO] [OctoBans] chasseetpeche71 sql checked, record: spammp by FiasK0 to -1
20-01-18 22:46:35 [INFO] [OctoBans] wilson84 sql checked, record: spammp by OCIP_Matth to -1
20-01-18 22:46:35 [INFO] [OctoBans] wilson84 sql checked, record: spammp by ToXiCz_TV to -1
20-01-18 22:46:35 [INFO] [OctoBans] wilson84 sql checked, record: spammp by LaKitaw to -1
20-01-18 22:46:35 [INFO] [OctoBans] wilson84 sql checked, record: spammp by PseudooNull to -1
20-01-18 22:46:35 [INFO] [OctoBans] wilson84 sql checked, record: spammp by woimant to -1
20-01-18 22:46:35 [INFO] [OctoBans] wilson84 sql checked, record: spammp by Gamer09 to -1
20-01-18 22:46:58 [INFO] [OctoBans] mayeul sql checked, record: spammp by AO_Darkness to -1
20-01-18 22:46:58 [INFO] [OctoBans] mayeul sql checked, record: menacehack by FiasK0 to 1516615189
20-01-18 22:47:06 [INFO] [OctoBans] infinity_du59 sql checked, record: spammp by Antoine57565 to -1
20-01-18 22:48:26 [INFO] [OctoBans] keen0x sql checked, record: spammp by FNGOD to -1
20-01-18 22:48:40 [INFO] [OctoBans] xarode sql checked, record: spammp by PseudooNull to -1
20-01-18 22:49:27 [INFO] [OctoBans] tufi sql checked, record: spammp by LeRe to -1
20-01-18 22:51:47 [INFO] [OctoBans] aparia sql checked, record: spammp by pepedjo to -1
20-01-18 22:51:47 [INFO] [OctoBans] aparia sql checked, record: spammp by pepedjo to -1
20-01-18 22:51:47 [INFO] [OctoBans] aparia sql checked, record: spammp by Evolze to -1
20-01-18 22:51:47 [INFO] [OctoBans] aparia sql checked, record: spammp by FiasK0 to -1
20-01-18 22:51:47 [INFO] [OctoBans] aparia sql checked, record: spammp by atsuky to -1
20-01-18 22:53:01 [INFO] [OctoBans] okalorsok sql checked, record: spammp by atsuky to -1
20-01-18 22:53:24 [INFO] [OctoBans] brookdu81 sql checked, record: spammp by D3adOrSnipSurYTB to -1
20-01-18 22:53:51 [INFO] [OctoBans] bytsuyo_ sql checked, record: spammp by Remil to -1
20-01-18 22:54:52 [INFO] [OctoBans] thomas62200 sql checked, record: faussesinfos by FiasK0 to 1516569598
20-01-18 22:55:51 [INFO] [OctoBans] chut3000 sql checked, record: spammp by FiasK0 to -1
20-01-18 22:55:51 [INFO] [OctoBans] chut3000 sql checked, record: spammp by Zayrox29 to -1
20-01-18 22:55:51 [INFO] [OctoBans] chut3000 sql checked, record: spammp by NeyTox to -1
20-01-18 22:57:13 [INFO] [OctoBans] leminecraftien80 sql checked, record: insultegrave by AO_Darkness to 1516848743
20-01-18 22:57:13 [INFO] [OctoBans] leminecraftien80 sql checked, record: spammp by PseudooNull to -1
20-01-18 22:57:13 [INFO] [OctoBans] leminecraftien80 sql checked, record: insultestaff by FiasK0 to 1516647988
20-01-18 22:57:13 [INFO] [OctoBans] dicob sql checked, record: spammp by Remil to -1
20-01-18 22:58:04 [INFO] [OctoBans] taylow21 sql checked, record: spammp by woimant to -1
20-01-18 22:58:57 [INFO] [OctoBans] Gamer09 punished lepro94 for: Multi Comptes
20-01-18 22:59:45 [INFO] [OctoBans] Gamer09 punished sangoten94 for: Multi Comptes
20-01-18 23:00:12 [INFO] [OctoBans] oth716 sql checked, record: spammp by EGGSPLOSION to -1
20-01-18 23:00:12 [INFO] [OctoBans] oth716 sql checked, record: insultegrave by RaYzFire to 1516495465
20-01-18 23:00:53 [INFO] [OctoBans] deeprodole sql checked, record: spammp by Zayrox29 to -1
20-01-18 23:00:53 [INFO] [OctoBans] deeprodole sql checked, record: spammp by Zayrox29 to -1
20-01-18 23:02:38 [INFO] [OctoBans] sadeksuryoutube sql checked, record: insultegrave by Elfideltia to 1516499766
20-01-18 23:04:39 [INFO] [OctoBans] swokip sql checked, record: spammp by WeeZix to -1
20-01-18 23:05:13 [INFO] [OctoBans] lethugdu46 sql checked, record: spammp by PseudooNull to -1
20-01-18 23:05:13 [INFO] [OctoBans] lethugdu46 sql checked, record: spammp by PseudooNull to -1
20-01-18 23:05:13 [INFO] [OctoBans] lethugdu46 sql checked, record: insultegrave by NeyTox to 1516540305
20-01-18 23:05:35 [INFO] [OctoBans] diodu sql checked, record: spammp by Gamer09 to -1
20-01-18 23:08:08 [INFO] [OctoBans] azenpvp sql checked, record: spammp by D3adOrSnipSurYTB to -1
20-01-18 23:08:08 [INFO] [OctoBans] azenpvp sql checked, record: faussesinfos by NeyTox to 1516561489
20-01-18 23:09:08 [INFO] [OctoBans] ytbibossyt sql checked, record: spammp by atsuky to -1
20-01-18 23:09:48 [INFO] [OctoBans] sbye sql checked, record: spammp by AO_Darkness to -1
20-01-18 23:09:48 [INFO] [OctoBans] sbye sql checked, record: spammp by AO_Darkness to -1
20-01-18 23:10:37 [INFO] [OctoBans] fiask0 sql checked, record: spammp by ToXiCz_TV to -1
20-01-18 23:10:37 [INFO] [OctoBans] fiask0 sql checked, record: spammp by PseudooNull to -1
20-01-18 23:13:20 [INFO] [OctoBans] mayeul sql checked, record: spammp by AO_Darkness to -1
20-01-18 23:13:20 [INFO] [OctoBans] mayeul sql checked, record: menacehack by FiasK0 to 1516615189
20-01-18 23:13:42 [INFO] [OctoBans] mayeul sql checked, record: spammp by AO_Darkness to -1
20-01-18 23:13:42 [INFO] [OctoBans] mayeul sql checked, record: menacehack by FiasK0 to 1516615189
20-01-18 23:13:44 [INFO] [OctoBans] mayeul sql checked, record: spammp by AO_Darkness to -1
20-01-18 23:13:44 [INFO] [OctoBans] mayeul sql checked, record: menacehack by FiasK0 to 1516615189
20-01-18 23:13:45 [INFO] [OctoBans] mayeul sql checked, record: spammp by AO_Darkness to -1
20-01-18 23:13:45 [INFO] [OctoBans] mayeul sql checked, record: menacehack by FiasK0 to 1516615189
20-01-18 23:15:14 [INFO] [OctoBans] mayeul sql checked, record: spammp by AO_Darkness to -1
20-01-18 23:15:14 [INFO] [OctoBans] mayeul sql checked, record: menacehack by FiasK0 to 1516615189
20-01-18 23:16:21 [INFO] [OctoBans] ibqwze_ sql checked, record: spammp by LsAnGfRoId to -1
20-01-18 23:16:33 [INFO] [OctoBans] water__sword sql checked, record: spammp by SmooKeur to -1
20-01-18 23:16:50 [INFO] [OctoBans] atsuky punished fertus for: Double Poste
20-01-18 23:24:34 [INFO] [OctoBans] atsuky punished swokip for: Double Poste
20-01-18 23:24:39 [INFO] [OctoBans] onflyenrec sql checked, record: spammp by Antoine57565 to -1
20-01-18 23:24:39 [INFO] [OctoBans] onflyenrec sql checked, record: spammp by PseudooNull to -1
20-01-18 23:24:39 [INFO] [OctoBans] onflyenrec sql checked, record: spammp by Elfideltia to -1
20-01-18 23:27:57 [INFO] [OctoBans] atsuky punished zenlouis for: Double Poste
20-01-18 23:28:27 [INFO] [OctoBans] atsuky punished theohand for: Incitation au flood
20-01-18 23:29:27 [INFO] [OctoBans] atsuky punished afwazy for: Majuscule
20-01-18 23:34:27 [INFO] [OctoBans] atsuky punished labriquedelait for: Double Poste
20-01-18 23:38:59 [INFO] [OctoBans] EW3L punished azeur for: Double Poste
20-01-18 23:42:23 [INFO] [OctoBans] EW3L punished baconstyle for: Double Poste
20-01-18 23:45:58 [INFO] [OctoBans] EW3L punished _konaking_ for: Spam/flood
20-01-18 23:51:44 [INFO] [OctoBans] EW3L punished turpindasol for: Double Poste
20-01-18 23:52:49 [INFO] [OctoBans] cocacola62 sql checked, record: spammp by Kyabe to -1
20-01-18 23:52:49 [INFO] [OctoBans] cocacola62 sql checked, record: spammp by PseudooNull to -1
20-01-18 23:57:53 [INFO] [OctoBans] pepsicoca sql checked, record: spammp by FiasK0 to -1
20-01-18 23:57:53 [INFO] [OctoBans] pepsicoca sql checked, record: spammp by Elfideltia to -1
20-01-18 23:57:53 [INFO] [OctoBans] pepsicoca sql checked, record: spammp by Elfideltia to -1
21-01-18 00:01:55 [INFO] [OctoBans] Zayrox29 punished lefifoudu3 for: Publicité Youtubeur
21-01-18 00:03:56 [INFO] [OctoBans] lefifoudu3 sql checked, record: spammp by FiasK0 to -1
21-01-18 00:03:56 [INFO] [OctoBans] lefifoudu3 sql checked, record: pubyt by Zayrox29 to 1516543315
21-01-18 00:07:30 [INFO] [OctoBans] lastsim4 sql checked, record: spammp by atsuky to -1
21-01-18 00:07:38 [INFO] [OctoBans] _topui_ sql checked, record: spammp by EW3L to -1
21-01-18 00:07:38 [INFO] [OctoBans] _topui_ sql checked, record: spammp by MrKebab to -1
21-01-18 00:07:38 [INFO] [OctoBans] _topui_ sql checked, record: spammp by LsAnGfRoId to -1
21-01-18 00:08:29 [INFO] [OctoBans] Zayrox29 punished unnainportant for: Double Poste
21-01-18 00:14:40 [INFO] [OctoBans] Furiomaniak punished lavachequiput for: Insulte grave
21-01-18 00:15:53 [INFO] [OctoBans] Furiomaniak punished lavachequiput for: Spam/flood en MP
21-01-18 00:16:07 [INFO] [OctoBans] azizlapoite sql checked, record: spammp by FiasK0 to -1
21-01-18 00:18:32 [INFO] [OctoBans] FiasK0 punished alijafaisdupvp for: TpKill
21-01-18 00:24:44 [INFO] [OctoBans] Furiomaniak punished neoxgaming for: Publicité Youtubeur
21-01-18 00:25:01 [INFO] [OctoBans] PseudooNull punished skilzz_ for: Spam/flood
21-01-18 00:32:24 [INFO] [OctoBans] racaille76 sql checked, record: spammp by AO_Darkness to -1
21-01-18 00:36:45 [INFO] [OctoBans] zlFire49 punished misterbolo for: Provocation
21-01-18 00:39:10 [INFO] [OctoBans] Zayrox29 punished enzo9722 for: TpKill
21-01-18 00:42:01 [INFO] [OctoBans] ktm125sx sql checked, record: spammp by PseudooNull to -1
21-01-18 00:42:33 [INFO] [OctoBans] FiasK0 punished firerubislk for: Provocation
21-01-18 00:49:39 [INFO] [OctoBans] Elfideltia punished djouliane151 for: Spam/flood
21-01-18 00:54:32 [INFO] [OctoBans] Furiomaniak punished baconstyle for: Spam/flood
21-01-18 00:58:13 [INFO] [OctoBans] Furiomaniak punished adoiserire for: Provocation
21-01-18 01:17:24 [INFO] [OctoBans] FiasK0 punished _topui_ for: Insulte grave
21-01-18 01:17:30 [INFO] [OctoBans] FiasK0 punished adoiserire for: Provocation
21-01-18 01:20:53 [INFO] [OctoBans] woimant punished clash1406 for: Insulte grave
21-01-18 01:23:59 [INFO] [OctoBans] woimant punished ibqwze_ for: Double Poste
21-01-18 01:42:08 [INFO] [OctoBans] flowtox sql checked, record: spammp by ToXiCz_TV to -1
21-01-18 01:42:08 [INFO] [OctoBans] flowtox sql checked, record: spammp by ToXiCz_TV to -1
21-01-18 01:50:59 [INFO] [OctoBans] youmakemelol sql checked, record: spammp by EW3L to -1
21-01-18 01:58:22 [INFO] [OctoBans] thomas62200 sql checked, record: faussesinfos by FiasK0 to 1516569598
21-01-18 02:03:41 [INFO] [OctoBans] SkillBOotiiS punished adoiserire for: Spam/flood en MP
21-01-18 02:34:16 [INFO] [OctoBans] FiasK0 punished eliasserpe for: Majuscule
21-01-18 03:42:55 [INFO] [OctoBans] Elfideltia punished x4gaming for: Provocation
21-01-18 03:43:16 [INFO] [OctoBans] Elfideltia punished ibqwze_ for: Provocation
21-01-18 03:51:51 [INFO] [OctoBans] kamikassss sql checked, record: spammp by Remil to -1
21-01-18 04:21:14 [INFO] [OctoBans] Elfideltia punished pepsicoca for: Publicité Youtubeur
21-01-18 04:38:01 [INFO] [OctoBans] _rubilax sql checked, record: spammp by OCIP_Matth to -1
21-01-18 05:01:52 [INFO] [OctoBans] superjojo sql checked, record: spammp by SkillBOotiiS to -1
21-01-18 06:01:02 [INFO] [OctoBans] Disabling OctoBans v1.0
