10-06-17 22:31:43 [INFO] [OctoBans] File Handler successfully initialized!
10-06-17 22:31:43 [INFO] [OctoBans] SQL connection successfully etablished
10-06-17 22:31:43 [INFO] [OctoBans] Moderator Tools by Octonia.
10-06-17 22:31:47 [INFO] [OctoBans] skyizi91 sql checked, record: spammp by PseudoNul to -1
10-06-17 22:31:47 [INFO] [OctoBans] phoenix_o sql checked, record: spammp by Remil to -1
10-06-17 22:31:47 [INFO] [OctoBans] skyizi91 sql checked, record: spammp by Remil to -1
10-06-17 22:31:47 [INFO] [OctoBans] blacknigth sql checked, record: doubleposte by SuperJojo to 1497126793
10-06-17 22:31:47 [INFO] [OctoBans] drkiritoz_ sql checked, record: insultegrave by SuperJojo to 1497184335
10-06-17 22:31:47 [INFO] [OctoBans] drkiritoz_ sql checked, record: spammp by YTB_XxKarnageXx to -1
10-06-17 22:31:47 [INFO] [OctoBans] drkiritoz_ sql checked, record: insultegrave by Chirak_sama to 1497223716
10-06-17 22:31:47 [INFO] [OctoBans] lefifoudu3 sql checked, record: doubleposte by SuperJojo to 1497128029
10-06-17 22:31:47 [INFO] [OctoBans] 120403jean sql checked, record: spammp by Remil to -1
10-06-17 22:31:47 [INFO] [OctoBans] sirusex sql checked, record: spammp by Steph078 to -1
10-06-17 22:31:47 [INFO] [OctoBans] sirusex sql checked, record: spammp by Steph078 to -1
10-06-17 22:31:47 [INFO] [OctoBans] sirusex sql checked, record: spammp by SkyKosIV to -1
10-06-17 22:31:47 [INFO] [OctoBans] sirusex sql checked, record: spammp by SkyKosIV to -1
10-06-17 22:31:47 [INFO] [OctoBans] zkingrage sql checked, record: spammp by PseudoNul to -1
10-06-17 22:31:47 [INFO] [OctoBans] zkingrage sql checked, record: spammp by PseudoNul to -1
10-06-17 22:31:47 [INFO] [OctoBans] zkingrage sql checked, record: insultegrave by SuperJojo to 1497191775
10-06-17 22:31:47 [INFO] [OctoBans] zkingrage sql checked, record: spammp by SuperJojo to -1
10-06-17 22:31:47 [INFO] [OctoBans] couilledeloup sql checked, record: kickautre by Steph078 to -1
10-06-17 22:31:47 [INFO] [OctoBans] blackwhite010 sql checked, record: spammp by PseudoNul to -1
10-06-17 22:31:47 [INFO] [OctoBans] blackwhite010 sql checked, record: majuscule by Forway to 1497129650
10-06-17 22:31:47 [INFO] [OctoBans] darktw sql checked, record: insultegrave by Forway to 1497195361
10-06-17 22:31:47 [INFO] [OctoBans] darktw sql checked, record: insultegrave by Forway to 1497231388
10-06-17 22:31:47 [INFO] [OctoBans] dragonfou21 sql checked, record: spam by Antoine57565 to 1497126927
10-06-17 22:31:47 [INFO] [OctoBans] wokui sql checked, record: incitationflood by Chirak_sama to 1497288397
10-06-17 22:31:47 [INFO] [OctoBans] jteezenclaquet sql checked, record: kickautre by Steph078 to -1
10-06-17 22:31:47 [INFO] [OctoBans] mathissuryoutube sql checked, record: racism by Chirak_sama to 1497127473
10-06-17 22:31:47 [INFO] [OctoBans] evann95 sql checked, record: spammp by Theo97 to -1
10-06-17 22:31:47 [INFO] [OctoBans] whiskass sql checked, record: spammp by SuperJojo to -1
10-06-17 22:31:47 [INFO] [OctoBans] mgk_tozzzz sql checked, record: majuscule by Antoine57565 to 1497132074
10-06-17 22:31:48 [INFO] [OctoBans] mini_cookies sql checked, record: insultestaff by Chirak_sama to 1497150856
10-06-17 22:31:48 [INFO] [OctoBans] aldorbest sql checked, record: kickautre by Steph078 to -1
10-06-17 22:31:48 [INFO] [OctoBans] aldorbest sql checked, record: insultegrave by SnowEffect to 1497164667
10-06-17 22:31:48 [INFO] [OctoBans] helder sql checked, record: spammp by SkyKosIV to -1
10-06-17 22:31:48 [INFO] [OctoBans] by_fayth sql checked, record: spammp by SuperJojo to -1
10-06-17 22:31:48 [INFO] [OctoBans] by_fayth sql checked, record: spammp by YTB_XxKarnageXx to -1
10-06-17 22:31:48 [INFO] [OctoBans] itz_smokew33d sql checked, record: spammp by Remil to -1
10-06-17 22:31:48 [INFO] [OctoBans] romudu269 sql checked, record: spammp by SkyKosIV to -1
10-06-17 22:31:52 [INFO] [OctoBans] nathan35136 sql checked, record: faussesinfos by Bananna_YT to 1497169012
10-06-17 22:31:52 [INFO] [OctoBans] raz51100 sql checked, record: insultegrave by Theoklm57 to 1497174704
10-06-17 22:31:52 [INFO] [OctoBans] superjojo sql checked, record: spammp by SkyKosIV to -1
10-06-17 22:31:52 [INFO] [OctoBans] biffy sql checked, record: kickautre by Antoine57565 to -1
10-06-17 22:31:52 [INFO] [OctoBans] universcraft sql checked, record: incitationflood by Kevdacosta to 1497182492
10-06-17 22:31:52 [INFO] [OctoBans] mzeer sql checked, record: faussesinfos by An0m4lly to 1497202140
10-06-17 22:31:52 [INFO] [OctoBans] holympe sql checked, record: spammp by PseudoNul to -1
10-06-17 22:31:52 [INFO] [OctoBans] ocip_matth sql checked, record: spammp by ZerKup to -1
10-06-17 22:31:52 [INFO] [OctoBans] ocip_matth sql checked, record: spammp by SuperJojo to -1
10-06-17 22:31:52 [INFO] [OctoBans] ocip_matth sql checked, record: kickautre by Steph078 to -1
10-06-17 22:31:52 [INFO] [OctoBans] ocip_matth sql checked, record: spam by Antoine57565 to 1497133665
10-06-17 22:31:53 [INFO] [OctoBans] thekiller200 sql checked, record: spam by Forway to 1497130689
10-06-17 22:31:54 [INFO] [OctoBans] platon sql checked, record: faussesinfos by An0m4lly to 1497202182
10-06-17 22:31:55 [INFO] [OctoBans] shouteur sql checked, record: spammp by Remil to -1
10-06-17 22:31:55 [INFO] [OctoBans] johan22600 sql checked, record: faussesinfos by PseudoNul to 1497162354
10-06-17 22:32:02 [INFO] [OctoBans] winningyt sql checked, record: insultegrave by SnowEffect to 1497219038
10-06-17 22:32:02 [INFO] [OctoBans] Forway punished by_fayth for: Provocation
10-06-17 22:32:08 [INFO] [OctoBans] neoxgaming sql checked, record: spammp by SuperJojo to -1
10-06-17 22:32:08 [INFO] [OctoBans] neoxgaming sql checked, record: spammp by SuperJojo to -1
10-06-17 22:32:12 [INFO] [OctoBans] grm25 sql checked, record: spammp by SuperJojo to -1
10-06-17 22:32:12 [INFO] [OctoBans] ncisenzo sql checked, record: kickautre by Steph078 to -1
10-06-17 22:32:17 [INFO] [OctoBans] shampoooz sql checked, record: incitationflood by Forway to 1497196895
10-06-17 22:32:20 [INFO] [OctoBans] vagosts sql checked, record: incitationflood by SuperJojo to 1497171658
10-06-17 22:32:24 [INFO] [OctoBans] _supreme_gamer_ sql checked, record: spammp by SnowEffect to -1
10-06-17 22:32:29 [INFO] [OctoBans] sullivan6ss sql checked, record: insultegrave by Steph078 to 1497136422
10-06-17 22:32:31 [INFO] [OctoBans] njims sql checked, record: spammp by Remil to -1
10-06-17 22:32:31 [INFO] [OctoBans] njims sql checked, record: spammp by PseudoNul to -1
10-06-17 22:32:37 [INFO] [OctoBans] by_fly sql checked, record: spammp by Remil to -1
10-06-17 22:32:41 [INFO] [OctoBans] fabio sql checked, record: spammp by Remil to -1
10-06-17 22:32:41 [INFO] [OctoBans] fabio sql checked, record: insultegrave by SnowEffect to 1497147714
10-06-17 22:32:55 [INFO] [OctoBans] mire sql checked, record: spammp by YTB_XxKarnageXx to -1
10-06-17 22:32:55 [INFO] [OctoBans] mire sql checked, record: spammp by SuperJojo to -1
10-06-17 22:34:43 [INFO] [OctoBans] Forway punished oeufdepoule62 for: Majuscule
10-06-17 22:35:03 [INFO] [OctoBans] zeroghoster sql checked, record: spammp by YTB_XxKarnageXx to -1
10-06-17 22:36:34 [INFO] [OctoBans] pvp_pro sql checked, record: spammp by SkyKosIV to -1
10-06-17 22:36:39 [INFO] [OctoBans] lassa18 sql checked, record: spammp by Remil to -1
10-06-17 22:36:50 [INFO] [OctoBans] aldorbest sql checked, record: kickautre by Steph078 to -1
10-06-17 22:36:50 [INFO] [OctoBans] aldorbest sql checked, record: insultegrave by SnowEffect to 1497164667
10-06-17 22:38:50 [INFO] [OctoBans] lavache sql checked, record: spammp by SkyKosIV to -1
10-06-17 22:39:07 [INFO] [OctoBans] ext4zzy sql checked, record: spammp by Remil to -1
10-06-17 22:39:07 [INFO] [OctoBans] ext4zzy sql checked, record: spammp by Remil to -1
10-06-17 22:39:07 [INFO] [OctoBans] ext4zzy sql checked, record: spammp by Remil to -1
10-06-17 22:39:07 [INFO] [OctoBans] ext4zzy sql checked, record: spammp by SuperJojo to -1
10-06-17 22:39:07 [INFO] [OctoBans] ext4zzy sql checked, record: kickautre by Steph078 to -1
10-06-17 22:39:07 [INFO] [OctoBans] ext4zzy sql checked, record: spammp by SuperJojo to -1
10-06-17 22:39:07 [INFO] [OctoBans] ext4zzy sql checked, record: spammp by Remil to -1
10-06-17 22:39:07 [INFO] [OctoBans] ext4zzy sql checked, record: provocation by Antoine57565 to 1497128316
10-06-17 22:40:28 [INFO] [OctoBans] hayden_frost sql checked, record: spammp by PseudoNul to -1
10-06-17 22:41:14 [INFO] [OctoBans] darkai76 sql checked, record: kickautre by Steph078 to -1
10-06-17 22:41:14 [INFO] [OctoBans] darkai76 sql checked, record: kickautre by Antoine57565 to -1
10-06-17 22:41:42 [INFO] [OctoBans] SuperJojo punished trolliii for: Publicité Youtubeur
10-06-17 22:42:28 [INFO] [OctoBans] diablos367 sql checked, record: spammp by ZerKup to -1
10-06-17 22:43:00 [INFO] [OctoBans] SuperJojo punished lanween for: Double Poste
10-06-17 22:43:41 [INFO] [OctoBans] walterwhite sql checked, record: spammp by SuperJojo to -1
10-06-17 22:43:41 [INFO] [OctoBans] walterwhite sql checked, record: insultestaff by Forway to 1497128064
10-06-17 22:43:41 [INFO] [OctoBans] walterwhite sql checked, record: insultestaff by Elyxir to 1497323495
10-06-17 22:45:44 [INFO] [OctoBans] samybg sql checked, record: spammp by Remil to -1
10-06-17 22:45:50 [INFO] [OctoBans] superfilleciel sql checked, record: spammp by Theo97 to -1
10-06-17 22:47:46 [INFO] [OctoBans] SuperJojo punished kayzer95 for: Majuscule
10-06-17 22:48:14 [INFO] [OctoBans] stickfly sql checked, record: spammp by SnowEffect to -1
10-06-17 22:49:26 [INFO] [OctoBans] Theoklm57 punished foax801 for: Double Poste
10-06-17 22:50:46 [INFO] [OctoBans] SkyKosIV punished hugosuryoutube for: Spam/flood
10-06-17 22:51:30 [INFO] [OctoBans] drakzz sql checked, record: insultegrave by Forway to 1497151684
10-06-17 22:51:38 [INFO] [OctoBans] SuperJojo punished sirusex for: Double Poste
10-06-17 22:51:57 [INFO] [OctoBans] jojofaitdugaming sql checked, record: spammp by SuperJojo to -1
10-06-17 22:53:54 [INFO] [OctoBans] misterblazing sql checked, record: insulte by Romlcm89 to 1497128948
10-06-17 22:54:15 [INFO] [OctoBans] SuperJojo punished supertootoo for: Double Poste
10-06-17 22:55:10 [INFO] [OctoBans] xdiablox sql checked, record: menacehack by Remil to 1497562587
10-06-17 22:55:10 [INFO] [OctoBans] xdiablox sql checked, record: menacehack by Remil to 1497821814
10-06-17 22:55:10 [INFO] [OctoBans] xdiablox sql checked, record: menacehack by Remil to 1498081071
10-06-17 22:55:10 [INFO] [OctoBans] xdiablox sql checked, record: menacehack by Remil to 1498340320
10-06-17 22:55:10 [INFO] [OctoBans] xdiablox sql checked, record: menacehack by Remil to 1498599583
10-06-17 22:55:36 [INFO] [OctoBans] SkyKosIV punished clump for: Double Poste
10-06-17 22:57:18 [INFO] [OctoBans] SkyKosIV punished zefano for: TpKill
10-06-17 22:57:24 [INFO] [OctoBans] SkyKosIV punished albin59620 for: TpKill
10-06-17 22:58:14 [INFO] [OctoBans] selim45 sql checked, record: tpkill by Antoine57565 to 1497180596
10-06-17 22:58:31 [INFO] [OctoBans] PseudoNul punished demonz for: TpKill
10-06-17 22:58:33 [INFO] [OctoBans] Romlcm89 punished jojofaitdugaming for: Double Poste
10-06-17 22:58:55 [INFO] [OctoBans] toly_ sql checked, record: spammp by PseudoNul to -1
10-06-17 22:58:55 [INFO] [OctoBans] toly_ sql checked, record: spammp by PseudoNul to -1
10-06-17 22:59:12 [INFO] [OctoBans] Romlcm89 punished jojofaitdugaming for: Double Poste
10-06-17 22:59:12 [INFO] [OctoBans] swiftstay sql checked, record: spammp by Remil to -1
10-06-17 23:00:56 [INFO] [OctoBans] zoxis sql checked, record: spammp by Theo97 to -1
10-06-17 23:01:00 [INFO] [OctoBans] SuperJojo punished yaya13warrior for: Double Poste
10-06-17 23:01:41 [INFO] [OctoBans] PseudoNul punished demonz for: TpKill
10-06-17 23:02:25 [INFO] [OctoBans] SkyKosIV punished asusyo for: Majuscule
10-06-17 23:02:40 [INFO] [OctoBans] cocacola62 sql checked, record: spammp by SuperJojo to -1
10-06-17 23:02:40 [INFO] [OctoBans] cocacola62 sql checked, record: spammp by SuperJojo to -1
10-06-17 23:02:40 [INFO] [OctoBans] cocacola62 sql checked, record: spammp by SuperJojo to -1
10-06-17 23:04:06 [INFO] [OctoBans] Chirak_sama punished tom1203 for: Double Poste
10-06-17 23:04:47 [INFO] [OctoBans] SkyKosIV punished neoxgaming for: Double Poste
10-06-17 23:05:44 [INFO] [OctoBans] Chirak_sama punished toly_ for: Provocation
10-06-17 23:07:13 [INFO] [OctoBans] Chirak_sama punished sancturyfx for: Publicité Youtubeur
10-06-17 23:07:40 [INFO] [OctoBans] grenousse_pvp sql checked, record: spammp by YTB_XxKarnageXx to -1
10-06-17 23:07:40 [INFO] [OctoBans] grenousse_pvp sql checked, record: racism by Platon to 1497201359
10-06-17 23:08:59 [INFO] [OctoBans] Theoklm57 punished lame_diablo for: Majuscule
10-06-17 23:09:09 [INFO] [OctoBans] SkyKosIV punished thechatteman for: Majuscule
10-06-17 23:09:34 [INFO] [OctoBans] SkyKosIV punished wmanonomaly for: Spam/flood
10-06-17 23:09:54 [INFO] [OctoBans] winningyt sql checked, record: insultegrave by SnowEffect to 1497219038
10-06-17 23:11:02 [INFO] [OctoBans] Chirak_sama punished yourdead for: Double Poste
10-06-17 23:11:40 [INFO] [OctoBans] SuperJojo punished marops for: Insulte grave
10-06-17 23:11:45 [INFO] [OctoBans] Forway punished grm25 for: Provocation
10-06-17 23:12:10 [INFO] [OctoBans] SuperJojo punished marops for: Insulte staff
10-06-17 23:12:44 [INFO] [OctoBans] SuperJojo punished marops for: Anti-AFK
10-06-17 23:13:16 [INFO] [OctoBans] jibuse sql checked, record: faussesinfos by Mzeer to 1497197966
10-06-17 23:13:53 [INFO] [OctoBans] idecow_ sql checked, record: spammp by PseudoNul to -1
10-06-17 23:13:53 [INFO] [OctoBans] idecow_ sql checked, record: spammp by SuperJojo to -1
10-06-17 23:13:53 [INFO] [OctoBans] idecow_ sql checked, record: spammp by PseudoNul to -1
10-06-17 23:14:03 [INFO] [OctoBans] SuperJojo punished darkinggaming for: Majuscule
10-06-17 23:14:11 [INFO] [OctoBans] xelio57 sql checked, record: spammp by SnowEffect to -1
10-06-17 23:14:37 [INFO] [OctoBans] ramiemeraude sql checked, record: spammp by SkyKosIV to -1
10-06-17 23:14:47 [INFO] [OctoBans] dylan11000 sql checked, record: incitationflood by ZerKup to 1497185473
10-06-17 23:15:08 [INFO] [OctoBans] marops sql checked, record: insultegrave by SuperJojo to 1497201100
10-06-17 23:15:08 [INFO] [OctoBans] marops sql checked, record: insultestaff by SuperJojo to 1497201130
10-06-17 23:15:08 [INFO] [OctoBans] marops sql checked, record: antiafk by SuperJojo to 1497132764
10-06-17 23:16:19 [INFO] [OctoBans] PseudoNul punished neoxgaming for: Spam/flood en MP
10-06-17 23:17:26 [INFO] [OctoBans] SuperJojo punished neoxgaming for: Double Poste
10-06-17 23:17:46 [INFO] [OctoBans] Forway punished justshaas for: Langage incorrect
10-06-17 23:18:08 [INFO] [OctoBans] steph078 sql checked, record: spammp by Blubfire to -1
10-06-17 23:19:14 [INFO] [OctoBans] alberic sql checked, record: spammp by Remil to -1
10-06-17 23:20:21 [INFO] [OctoBans] Romlcm89 punished neoxgaming for: Spam/flood
10-06-17 23:20:50 [INFO] [OctoBans] theo_pveur sql checked, record: spammp by Remil to -1
10-06-17 23:21:07 [INFO] [OctoBans] Theoklm57 punished licorneduturfu for: Spam/flood
10-06-17 23:21:24 [INFO] [OctoBans] neoxgaming sql checked, record: spammp by SuperJojo to -1
10-06-17 23:21:24 [INFO] [OctoBans] neoxgaming sql checked, record: spammp by SuperJojo to -1
10-06-17 23:21:24 [INFO] [OctoBans] neoxgaming sql checked, record: spammp by PseudoNul to -1
10-06-17 23:21:24 [INFO] [OctoBans] neoxgaming sql checked, record: doubleposte by SuperJojo to 1497130346
10-06-17 23:21:24 [INFO] [OctoBans] neoxgaming sql checked, record: spam by Romlcm89 to 1497136821
10-06-17 23:21:24 [INFO] [OctoBans] neoxgaming sql checked, record: doubleposte by NeoXGaminG to 1496852801
10-06-17 23:21:24 [INFO] [OctoBans] neoxgaming sql checked, record: doubleposte by NeoXGaminG to 1496858632
10-06-17 23:21:24 [INFO] [OctoBans] neoxgaming sql checked, record: doubleposte by NeoXGaminG to 1496852639
10-06-17 23:21:24 [INFO] [OctoBans] neoxgaming sql checked, record: doubleposte by NeoXGaminG to 1496853041
10-06-17 23:21:24 [INFO] [OctoBans] neoxgaming sql checked, record: doubleposte by NeoXGaminG to 1496853155
10-06-17 23:21:24 [INFO] [OctoBans] neoxgaming sql checked, record: doubleposte by NeoXGaminG to 1496853022
10-06-17 23:21:24 [INFO] [OctoBans] neoxgaming sql checked, record: doubleposte by NeoXGaminG to 1496853526
10-06-17 23:21:24 [INFO] [OctoBans] neoxgaming sql checked, record: doubleposte by NeoXGaminG to 1496853505
10-06-17 23:21:24 [INFO] [OctoBans] neoxgaming sql checked, record: doubleposte by NeoXGaminG to 1496853577
10-06-17 23:21:24 [INFO] [OctoBans] neoxgaming sql checked, record: doubleposte by NeoXGaminG to 1496855407
10-06-17 23:21:24 [INFO] [OctoBans] neoxgaming sql checked, record: doubleposte by NeoXGaminG to 1496855505
10-06-17 23:21:24 [INFO] [OctoBans] neoxgaming sql checked, record: doubleposte by NeoXGaminG to 1496855243
10-06-17 23:21:24 [INFO] [OctoBans] neoxgaming sql checked, record: doubleposte by NeoXGaminG to 1496855469
10-06-17 23:21:24 [INFO] [OctoBans] neoxgaming sql checked, record: insultestaff by NeoXGaminG to 1496927352
10-06-17 23:21:24 [INFO] [OctoBans] neoxgaming sql checked, record: doubleposte by NeoXGaminG to 1496856518
10-06-17 23:21:24 [INFO] [OctoBans] neoxgaming sql checked, record: doubleposte by NeoXGaminG to 1496856439
10-06-17 23:21:24 [INFO] [OctoBans] neoxgaming sql checked, record: faussesinfos by NeoXGaminG to 1496942568
10-06-17 23:21:24 [INFO] [OctoBans] neoxgaming sql checked, record: provocation by NeoXGaminG to 1496856998
10-06-17 23:21:24 [INFO] [OctoBans] neoxgaming sql checked, record: doubleposte by NeoXGaminG to 1496859786
10-06-17 23:21:24 [INFO] [OctoBans] neoxgaming sql checked, record: langage by NeoXGaminG to 1496860748
10-06-17 23:21:24 [INFO] [OctoBans] neoxgaming sql checked, record: doubleposte by NeoXGaminG to 1496860093
10-06-17 23:21:24 [INFO] [OctoBans] neoxgaming sql checked, record: doubleposte by NeoXGaminG to 1496860089
10-06-17 23:21:24 [INFO] [OctoBans] neoxgaming sql checked, record: doubleposte by NeoXGaminG to 1496860204
10-06-17 23:21:24 [INFO] [OctoBans] neoxgaming sql checked, record: doubleposte by NeoXGaminG to 1496860608
10-06-17 23:21:24 [INFO] [OctoBans] neoxgaming sql checked, record: doubleposte by NeoXGaminG to 1496860824
10-06-17 23:21:24 [INFO] [OctoBans] neoxgaming sql checked, record: doubleposte by NeoXGaminG to 1496860869
10-06-17 23:21:24 [INFO] [OctoBans] neoxgaming sql checked, record: insultegrave by NeoXGaminG to 1496968469
10-06-17 23:21:24 [INFO] [OctoBans] neoxgaming sql checked, record: doubleposte by NeoXGaminG to 1496861733
10-06-17 23:21:24 [INFO] [OctoBans] neoxgaming sql checked, record: doubleposte by NeoXGaminG to 1496860944
10-06-17 23:21:24 [INFO] [OctoBans] neoxgaming sql checked, record: doubleposte by NeoXGaminG to 1496861351
10-06-17 23:21:24 [INFO] [OctoBans] neoxgaming sql checked, record: doubleposte by NeoXGaminG to 1496861959
10-06-17 23:21:24 [INFO] [OctoBans] neoxgaming sql checked, record: doubleposte by NeoXGaminG to 1496861416
10-06-17 23:21:24 [INFO] [OctoBans] neoxgaming sql checked, record: doubleposte by NeoXGaminG to 1496864954
10-06-17 23:21:24 [INFO] [OctoBans] neoxgaming sql checked, record: doubleposte by NeoXGaminG to 1496861371
10-06-17 23:21:24 [INFO] [OctoBans] neoxgaming sql checked, record: doubleposte by NeoXGaminG to 1496861982
10-06-17 23:21:24 [INFO] [OctoBans] neoxgaming sql checked, record: doubleposte by NeoXGaminG to 1496861896
10-06-17 23:21:24 [INFO] [OctoBans] neoxgaming sql checked, record: doubleposte by NeoXGaminG to 1496862398
10-06-17 23:21:24 [INFO] [OctoBans] neoxgaming sql checked, record: spam by NeoXGaminG to 1496868938
10-06-17 23:21:24 [INFO] [OctoBans] neoxgaming sql checked, record: doubleposte by NeoXGaminG to 1496862453
10-06-17 23:21:24 [INFO] [OctoBans] neoxgaming sql checked, record: doubleposte by NeoXGaminG to 1496862194
10-06-17 23:21:24 [INFO] [OctoBans] neoxgaming sql checked, record: doubleposte by NeoXGaminG to 1496863200
10-06-17 23:21:24 [INFO] [OctoBans] neoxgaming sql checked, record: doubleposte by NeoXGaminG to 1496862955
10-06-17 23:21:24 [INFO] [OctoBans] neoxgaming sql checked, record: doubleposte by NeoXGaminG to 1496864368
10-06-17 23:21:24 [INFO] [OctoBans] neoxgaming sql checked, record: doubleposte by NeoXGaminG to 1496865175
10-06-17 23:21:24 [INFO] [OctoBans] neoxgaming sql checked, record: majuscule by NeoXGaminG to 1496865430
10-06-17 23:21:24 [INFO] [OctoBans] neoxgaming sql checked, record: doubleposte by NeoXGaminG to 1496866694
10-06-17 23:21:24 [INFO] [OctoBans] neoxgaming sql checked, record: doubleposte by NeoXGaminG to 1496866423
10-06-17 23:21:24 [INFO] [OctoBans] neoxgaming sql checked, record: langage by NeoXGaminG to 1496866777
10-06-17 23:21:24 [INFO] [OctoBans] neoxgaming sql checked, record: insultestaff by NeoXGaminG to 1496901566
10-06-17 23:21:24 [INFO] [OctoBans] neoxgaming sql checked, record: faussesinfos by NeoXGaminG to 1497038755
10-06-17 23:21:24 [INFO] [OctoBans] neoxgaming sql checked, record: provocation by NeoXGaminG to 1496866726
10-06-17 23:21:24 [INFO] [OctoBans] neoxgaming sql checked, record: doubleposte by NeoXGaminG to 1496867968
10-06-17 23:21:24 [INFO] [OctoBans] neoxgaming sql checked, record: doubleposte by NeoXGaminG to 1496867752
10-06-17 23:21:24 [INFO] [OctoBans] neoxgaming sql checked, record: doubleposte by NeoXGaminG to 1496867599
10-06-17 23:21:24 [INFO] [OctoBans] neoxgaming sql checked, record: doubleposte by NeoXGaminG to 1496867910
10-06-17 23:21:24 [INFO] [OctoBans] neoxgaming sql checked, record: provocation by NeoXGaminG to 1496867464
10-06-17 23:21:24 [INFO] [OctoBans] neoxgaming sql checked, record: doubleposte by NeoXGaminG to 1496868373
10-06-17 23:21:24 [INFO] [OctoBans] neoxgaming sql checked, record: insultestaff by NeoXGaminG to 1496903244
10-06-17 23:21:24 [INFO] [OctoBans] neoxgaming sql checked, record: doubleposte by NeoXGaminG to 1496867841
10-06-17 23:21:24 [INFO] [OctoBans] neoxgaming sql checked, record: doubleposte by NeoXGaminG to 1496869128
10-06-17 23:21:24 [INFO] [OctoBans] neoxgaming sql checked, record: insultestaff by NeoXGaminG to 1496904202
10-06-17 23:21:24 [INFO] [OctoBans] neoxgaming sql checked, record: doubleposte by NeoXGaminG to 1496869937
10-06-17 23:21:24 [INFO] [OctoBans] neoxgaming sql checked, record: doubleposte by NeoXGaminG to 1496872960
10-06-17 23:21:46 [INFO] [OctoBans] Theoklm57 punished licorneduturfu for: Spam/flood
10-06-17 23:21:46 [INFO] [OctoBans] solidrobot sql checked, record: incitationflood by YTB_XxKarnageXx to 1497173062
10-06-17 23:22:29 [INFO] [OctoBans] neoxgaming sql checked, record: spammp by SuperJojo to -1
10-06-17 23:22:29 [INFO] [OctoBans] neoxgaming sql checked, record: spammp by SuperJojo to -1
10-06-17 23:22:29 [INFO] [OctoBans] neoxgaming sql checked, record: spammp by PseudoNul to -1
10-06-17 23:22:29 [INFO] [OctoBans] neoxgaming sql checked, record: doubleposte by SuperJojo to 1497130346
10-06-17 23:22:29 [INFO] [OctoBans] neoxgaming sql checked, record: spam by Romlcm89 to 1497136821
10-06-17 23:22:29 [INFO] [OctoBans] neoxgaming sql checked, record: doubleposte by NeoXGaminG to 1496852801
10-06-17 23:22:29 [INFO] [OctoBans] neoxgaming sql checked, record: doubleposte by NeoXGaminG to 1496858632
10-06-17 23:22:29 [INFO] [OctoBans] neoxgaming sql checked, record: doubleposte by NeoXGaminG to 1496852639
10-06-17 23:22:29 [INFO] [OctoBans] neoxgaming sql checked, record: doubleposte by NeoXGaminG to 1496853041
10-06-17 23:22:29 [INFO] [OctoBans] neoxgaming sql checked, record: doubleposte by NeoXGaminG to 1496853155
10-06-17 23:22:29 [INFO] [OctoBans] neoxgaming sql checked, record: doubleposte by NeoXGaminG to 1496853022
10-06-17 23:22:29 [INFO] [OctoBans] neoxgaming sql checked, record: doubleposte by NeoXGaminG to 1496853526
10-06-17 23:22:29 [INFO] [OctoBans] neoxgaming sql checked, record: doubleposte by NeoXGaminG to 1496853505
10-06-17 23:22:29 [INFO] [OctoBans] neoxgaming sql checked, record: doubleposte by NeoXGaminG to 1496853577
10-06-17 23:22:29 [INFO] [OctoBans] neoxgaming sql checked, record: doubleposte by NeoXGaminG to 1496855407
10-06-17 23:22:29 [INFO] [OctoBans] neoxgaming sql checked, record: doubleposte by NeoXGaminG to 1496855505
10-06-17 23:22:29 [INFO] [OctoBans] neoxgaming sql checked, record: doubleposte by NeoXGaminG to 1496855243
10-06-17 23:22:29 [INFO] [OctoBans] neoxgaming sql checked, record: doubleposte by NeoXGaminG to 1496855469
10-06-17 23:22:29 [INFO] [OctoBans] neoxgaming sql checked, record: insultestaff by NeoXGaminG to 1496927352
10-06-17 23:22:29 [INFO] [OctoBans] neoxgaming sql checked, record: doubleposte by NeoXGaminG to 1496856518
10-06-17 23:22:29 [INFO] [OctoBans] neoxgaming sql checked, record: doubleposte by NeoXGaminG to 1496856439
10-06-17 23:22:29 [INFO] [OctoBans] neoxgaming sql checked, record: faussesinfos by NeoXGaminG to 1496942568
10-06-17 23:22:29 [INFO] [OctoBans] neoxgaming sql checked, record: provocation by NeoXGaminG to 1496856998
10-06-17 23:22:29 [INFO] [OctoBans] neoxgaming sql checked, record: doubleposte by NeoXGaminG to 1496859786
10-06-17 23:22:29 [INFO] [OctoBans] neoxgaming sql checked, record: langage by NeoXGaminG to 1496860748
10-06-17 23:22:29 [INFO] [OctoBans] neoxgaming sql checked, record: doubleposte by NeoXGaminG to 1496860093
10-06-17 23:22:29 [INFO] [OctoBans] neoxgaming sql checked, record: doubleposte by NeoXGaminG to 1496860089
10-06-17 23:22:29 [INFO] [OctoBans] neoxgaming sql checked, record: doubleposte by NeoXGaminG to 1496860204
10-06-17 23:22:29 [INFO] [OctoBans] neoxgaming sql checked, record: doubleposte by NeoXGaminG to 1496860608
10-06-17 23:22:29 [INFO] [OctoBans] neoxgaming sql checked, record: doubleposte by NeoXGaminG to 1496860824
10-06-17 23:22:29 [INFO] [OctoBans] neoxgaming sql checked, record: doubleposte by NeoXGaminG to 1496860869
10-06-17 23:22:29 [INFO] [OctoBans] neoxgaming sql checked, record: insultegrave by NeoXGaminG to 1496968469
10-06-17 23:22:29 [INFO] [OctoBans] neoxgaming sql checked, record: doubleposte by NeoXGaminG to 1496861733
10-06-17 23:22:29 [INFO] [OctoBans] neoxgaming sql checked, record: doubleposte by NeoXGaminG to 1496860944
10-06-17 23:22:29 [INFO] [OctoBans] neoxgaming sql checked, record: doubleposte by NeoXGaminG to 1496861351
10-06-17 23:22:29 [INFO] [OctoBans] neoxgaming sql checked, record: doubleposte by NeoXGaminG to 1496861959
10-06-17 23:22:29 [INFO] [OctoBans] neoxgaming sql checked, record: doubleposte by NeoXGaminG to 1496861416
10-06-17 23:22:29 [INFO] [OctoBans] neoxgaming sql checked, record: doubleposte by NeoXGaminG to 1496864954
10-06-17 23:22:29 [INFO] [OctoBans] neoxgaming sql checked, record: doubleposte by NeoXGaminG to 1496861371
10-06-17 23:22:29 [INFO] [OctoBans] neoxgaming sql checked, record: doubleposte by NeoXGaminG to 1496861982
10-06-17 23:22:29 [INFO] [OctoBans] neoxgaming sql checked, record: doubleposte by NeoXGaminG to 1496861896
10-06-17 23:22:29 [INFO] [OctoBans] neoxgaming sql checked, record: doubleposte by NeoXGaminG to 1496862398
10-06-17 23:22:29 [INFO] [OctoBans] neoxgaming sql checked, record: spam by NeoXGaminG to 1496868938
10-06-17 23:22:29 [INFO] [OctoBans] neoxgaming sql checked, record: doubleposte by NeoXGaminG to 1496862453
10-06-17 23:22:29 [INFO] [OctoBans] neoxgaming sql checked, record: doubleposte by NeoXGaminG to 1496862194
10-06-17 23:22:29 [INFO] [OctoBans] neoxgaming sql checked, record: doubleposte by NeoXGaminG to 1496863200
10-06-17 23:22:29 [INFO] [OctoBans] neoxgaming sql checked, record: doubleposte by NeoXGaminG to 1496862955
10-06-17 23:22:29 [INFO] [OctoBans] neoxgaming sql checked, record: doubleposte by NeoXGaminG to 1496864368
10-06-17 23:22:29 [INFO] [OctoBans] neoxgaming sql checked, record: doubleposte by NeoXGaminG to 1496865175
10-06-17 23:22:29 [INFO] [OctoBans] neoxgaming sql checked, record: majuscule by NeoXGaminG to 1496865430
10-06-17 23:22:29 [INFO] [OctoBans] neoxgaming sql checked, record: doubleposte by NeoXGaminG to 1496866694
10-06-17 23:22:29 [INFO] [OctoBans] neoxgaming sql checked, record: doubleposte by NeoXGaminG to 1496866423
10-06-17 23:22:29 [INFO] [OctoBans] neoxgaming sql checked, record: langage by NeoXGaminG to 1496866777
10-06-17 23:22:29 [INFO] [OctoBans] neoxgaming sql checked, record: insultestaff by NeoXGaminG to 1496901566
10-06-17 23:22:29 [INFO] [OctoBans] neoxgaming sql checked, record: faussesinfos by NeoXGaminG to 1497038755
10-06-17 23:22:29 [INFO] [OctoBans] neoxgaming sql checked, record: provocation by NeoXGaminG to 1496866726
10-06-17 23:22:29 [INFO] [OctoBans] neoxgaming sql checked, record: doubleposte by NeoXGaminG to 1496867968
10-06-17 23:22:29 [INFO] [OctoBans] neoxgaming sql checked, record: doubleposte by NeoXGaminG to 1496867752
10-06-17 23:22:29 [INFO] [OctoBans] neoxgaming sql checked, record: doubleposte by NeoXGaminG to 1496867599
10-06-17 23:22:29 [INFO] [OctoBans] neoxgaming sql checked, record: doubleposte by NeoXGaminG to 1496867910
10-06-17 23:22:29 [INFO] [OctoBans] neoxgaming sql checked, record: provocation by NeoXGaminG to 1496867464
10-06-17 23:22:29 [INFO] [OctoBans] neoxgaming sql checked, record: doubleposte by NeoXGaminG to 1496868373
10-06-17 23:22:29 [INFO] [OctoBans] neoxgaming sql checked, record: insultestaff by NeoXGaminG to 1496903244
10-06-17 23:22:29 [INFO] [OctoBans] neoxgaming sql checked, record: doubleposte by NeoXGaminG to 1496867841
10-06-17 23:22:29 [INFO] [OctoBans] neoxgaming sql checked, record: doubleposte by NeoXGaminG to 1496869128
10-06-17 23:22:29 [INFO] [OctoBans] neoxgaming sql checked, record: insultestaff by NeoXGaminG to 1496904202
10-06-17 23:22:29 [INFO] [OctoBans] neoxgaming sql checked, record: doubleposte by NeoXGaminG to 1496869937
10-06-17 23:22:29 [INFO] [OctoBans] neoxgaming sql checked, record: doubleposte by NeoXGaminG to 1496872960
10-06-17 23:23:57 [INFO] [OctoBans] neoxgaming sql checked, record: spammp by SuperJojo to -1
10-06-17 23:23:57 [INFO] [OctoBans] neoxgaming sql checked, record: spammp by SuperJojo to -1
10-06-17 23:23:57 [INFO] [OctoBans] neoxgaming sql checked, record: spammp by PseudoNul to -1
10-06-17 23:23:57 [INFO] [OctoBans] neoxgaming sql checked, record: doubleposte by SuperJojo to 1497130346
10-06-17 23:23:57 [INFO] [OctoBans] neoxgaming sql checked, record: spam by Romlcm89 to 1497136821
10-06-17 23:23:57 [INFO] [OctoBans] neoxgaming sql checked, record: doubleposte by NeoXGaminG to 1496852801
10-06-17 23:23:57 [INFO] [OctoBans] neoxgaming sql checked, record: doubleposte by NeoXGaminG to 1496858632
10-06-17 23:23:57 [INFO] [OctoBans] neoxgaming sql checked, record: doubleposte by NeoXGaminG to 1496852639
10-06-17 23:23:57 [INFO] [OctoBans] neoxgaming sql checked, record: doubleposte by NeoXGaminG to 1496853041
10-06-17 23:23:57 [INFO] [OctoBans] neoxgaming sql checked, record: doubleposte by NeoXGaminG to 1496853155
10-06-17 23:23:57 [INFO] [OctoBans] neoxgaming sql checked, record: doubleposte by NeoXGaminG to 1496853022
10-06-17 23:23:57 [INFO] [OctoBans] neoxgaming sql checked, record: doubleposte by NeoXGaminG to 1496853526
10-06-17 23:23:57 [INFO] [OctoBans] neoxgaming sql checked, record: doubleposte by NeoXGaminG to 1496853505
10-06-17 23:23:57 [INFO] [OctoBans] neoxgaming sql checked, record: doubleposte by NeoXGaminG to 1496853577
10-06-17 23:23:57 [INFO] [OctoBans] neoxgaming sql checked, record: doubleposte by NeoXGaminG to 1496855407
10-06-17 23:23:57 [INFO] [OctoBans] neoxgaming sql checked, record: doubleposte by NeoXGaminG to 1496855505
10-06-17 23:23:57 [INFO] [OctoBans] neoxgaming sql checked, record: doubleposte by NeoXGaminG to 1496855243
10-06-17 23:23:57 [INFO] [OctoBans] neoxgaming sql checked, record: doubleposte by NeoXGaminG to 1496855469
10-06-17 23:23:57 [INFO] [OctoBans] neoxgaming sql checked, record: insultestaff by NeoXGaminG to 1496927352
10-06-17 23:23:57 [INFO] [OctoBans] neoxgaming sql checked, record: doubleposte by NeoXGaminG to 1496856518
10-06-17 23:23:57 [INFO] [OctoBans] neoxgaming sql checked, record: doubleposte by NeoXGaminG to 1496856439
10-06-17 23:23:57 [INFO] [OctoBans] neoxgaming sql checked, record: faussesinfos by NeoXGaminG to 1496942568
10-06-17 23:23:57 [INFO] [OctoBans] neoxgaming sql checked, record: provocation by NeoXGaminG to 1496856998
10-06-17 23:23:57 [INFO] [OctoBans] neoxgaming sql checked, record: doubleposte by NeoXGaminG to 1496859786
10-06-17 23:23:57 [INFO] [OctoBans] neoxgaming sql checked, record: langage by NeoXGaminG to 1496860748
10-06-17 23:23:57 [INFO] [OctoBans] neoxgaming sql checked, record: doubleposte by NeoXGaminG to 1496860093
10-06-17 23:23:57 [INFO] [OctoBans] neoxgaming sql checked, record: doubleposte by NeoXGaminG to 1496860089
10-06-17 23:23:57 [INFO] [OctoBans] neoxgaming sql checked, record: doubleposte by NeoXGaminG to 1496860204
10-06-17 23:23:57 [INFO] [OctoBans] neoxgaming sql checked, record: doubleposte by NeoXGaminG to 1496860608
10-06-17 23:23:57 [INFO] [OctoBans] neoxgaming sql checked, record: doubleposte by NeoXGaminG to 1496860824
10-06-17 23:23:57 [INFO] [OctoBans] neoxgaming sql checked, record: doubleposte by NeoXGaminG to 1496860869
10-06-17 23:23:57 [INFO] [OctoBans] neoxgaming sql checked, record: insultegrave by NeoXGaminG to 1496968469
10-06-17 23:23:57 [INFO] [OctoBans] neoxgaming sql checked, record: doubleposte by NeoXGaminG to 1496861733
10-06-17 23:23:57 [INFO] [OctoBans] neoxgaming sql checked, record: doubleposte by NeoXGaminG to 1496860944
10-06-17 23:23:57 [INFO] [OctoBans] neoxgaming sql checked, record: doubleposte by NeoXGaminG to 1496861351
10-06-17 23:23:57 [INFO] [OctoBans] neoxgaming sql checked, record: doubleposte by NeoXGaminG to 1496861959
10-06-17 23:23:57 [INFO] [OctoBans] neoxgaming sql checked, record: doubleposte by NeoXGaminG to 1496861416
10-06-17 23:23:57 [INFO] [OctoBans] neoxgaming sql checked, record: doubleposte by NeoXGaminG to 1496864954
10-06-17 23:23:57 [INFO] [OctoBans] neoxgaming sql checked, record: doubleposte by NeoXGaminG to 1496861371
10-06-17 23:23:57 [INFO] [OctoBans] neoxgaming sql checked, record: doubleposte by NeoXGaminG to 1496861982
10-06-17 23:23:57 [INFO] [OctoBans] neoxgaming sql checked, record: doubleposte by NeoXGaminG to 1496861896
10-06-17 23:23:57 [INFO] [OctoBans] neoxgaming sql checked, record: doubleposte by NeoXGaminG to 1496862398
10-06-17 23:23:57 [INFO] [OctoBans] neoxgaming sql checked, record: spam by NeoXGaminG to 1496868938
10-06-17 23:23:57 [INFO] [OctoBans] neoxgaming sql checked, record: doubleposte by NeoXGaminG to 1496862453
10-06-17 23:23:57 [INFO] [OctoBans] neoxgaming sql checked, record: doubleposte by NeoXGaminG to 1496862194
10-06-17 23:23:57 [INFO] [OctoBans] neoxgaming sql checked, record: doubleposte by NeoXGaminG to 1496863200
10-06-17 23:23:57 [INFO] [OctoBans] neoxgaming sql checked, record: doubleposte by NeoXGaminG to 1496862955
10-06-17 23:23:57 [INFO] [OctoBans] neoxgaming sql checked, record: doubleposte by NeoXGaminG to 1496864368
10-06-17 23:23:57 [INFO] [OctoBans] neoxgaming sql checked, record: doubleposte by NeoXGaminG to 1496865175
10-06-17 23:23:57 [INFO] [OctoBans] neoxgaming sql checked, record: majuscule by NeoXGaminG to 1496865430
10-06-17 23:23:57 [INFO] [OctoBans] neoxgaming sql checked, record: doubleposte by NeoXGaminG to 1496866694
10-06-17 23:23:57 [INFO] [OctoBans] neoxgaming sql checked, record: doubleposte by NeoXGaminG to 1496866423
10-06-17 23:23:57 [INFO] [OctoBans] neoxgaming sql checked, record: langage by NeoXGaminG to 1496866777
10-06-17 23:23:57 [INFO] [OctoBans] neoxgaming sql checked, record: insultestaff by NeoXGaminG to 1496901566
10-06-17 23:23:57 [INFO] [OctoBans] neoxgaming sql checked, record: faussesinfos by NeoXGaminG to 1497038755
10-06-17 23:23:57 [INFO] [OctoBans] neoxgaming sql checked, record: provocation by NeoXGaminG to 1496866726
10-06-17 23:23:57 [INFO] [OctoBans] neoxgaming sql checked, record: doubleposte by NeoXGaminG to 1496867968
10-06-17 23:23:57 [INFO] [OctoBans] neoxgaming sql checked, record: doubleposte by NeoXGaminG to 1496867752
10-06-17 23:23:57 [INFO] [OctoBans] neoxgaming sql checked, record: doubleposte by NeoXGaminG to 1496867599
10-06-17 23:23:57 [INFO] [OctoBans] neoxgaming sql checked, record: doubleposte by NeoXGaminG to 1496867910
10-06-17 23:23:57 [INFO] [OctoBans] neoxgaming sql checked, record: provocation by NeoXGaminG to 1496867464
10-06-17 23:23:57 [INFO] [OctoBans] neoxgaming sql checked, record: doubleposte by NeoXGaminG to 1496868373
10-06-17 23:23:57 [INFO] [OctoBans] neoxgaming sql checked, record: insultestaff by NeoXGaminG to 1496903244
10-06-17 23:23:57 [INFO] [OctoBans] neoxgaming sql checked, record: doubleposte by NeoXGaminG to 1496867841
10-06-17 23:23:57 [INFO] [OctoBans] neoxgaming sql checked, record: doubleposte by NeoXGaminG to 1496869128
10-06-17 23:23:57 [INFO] [OctoBans] neoxgaming sql checked, record: insultestaff by NeoXGaminG to 1496904202
10-06-17 23:23:57 [INFO] [OctoBans] neoxgaming sql checked, record: doubleposte by NeoXGaminG to 1496869937
10-06-17 23:23:57 [INFO] [OctoBans] neoxgaming sql checked, record: doubleposte by NeoXGaminG to 1496872960
10-06-17 23:24:14 [INFO] [OctoBans] Steph078 punished neoxgaming for: Insulte staff
10-06-17 23:24:17 [INFO] [OctoBans] neoxgaming sql checked, record: spammp by SuperJojo to -1
10-06-17 23:24:17 [INFO] [OctoBans] neoxgaming sql checked, record: spammp by SuperJojo to -1
10-06-17 23:24:17 [INFO] [OctoBans] neoxgaming sql checked, record: spammp by PseudoNul to -1
10-06-17 23:24:17 [INFO] [OctoBans] neoxgaming sql checked, record: doubleposte by SuperJojo to 1497130346
10-06-17 23:24:17 [INFO] [OctoBans] neoxgaming sql checked, record: spam by Romlcm89 to 1497136821
10-06-17 23:24:17 [INFO] [OctoBans] neoxgaming sql checked, record: insultestaff by Steph078 to 1497165854
10-06-17 23:24:17 [INFO] [OctoBans] neoxgaming sql checked, record: doubleposte by NeoXGaminG to 1496852801
10-06-17 23:24:17 [INFO] [OctoBans] neoxgaming sql checked, record: doubleposte by NeoXGaminG to 1496858632
10-06-17 23:24:17 [INFO] [OctoBans] neoxgaming sql checked, record: doubleposte by NeoXGaminG to 1496852639
10-06-17 23:24:17 [INFO] [OctoBans] neoxgaming sql checked, record: doubleposte by NeoXGaminG to 1496853041
10-06-17 23:24:17 [INFO] [OctoBans] neoxgaming sql checked, record: doubleposte by NeoXGaminG to 1496853155
10-06-17 23:24:17 [INFO] [OctoBans] neoxgaming sql checked, record: doubleposte by NeoXGaminG to 1496853022
10-06-17 23:24:17 [INFO] [OctoBans] neoxgaming sql checked, record: doubleposte by NeoXGaminG to 1496853526
10-06-17 23:24:17 [INFO] [OctoBans] neoxgaming sql checked, record: doubleposte by NeoXGaminG to 1496853505
10-06-17 23:24:17 [INFO] [OctoBans] neoxgaming sql checked, record: doubleposte by NeoXGaminG to 1496853577
10-06-17 23:24:17 [INFO] [OctoBans] neoxgaming sql checked, record: doubleposte by NeoXGaminG to 1496855407
10-06-17 23:24:17 [INFO] [OctoBans] neoxgaming sql checked, record: doubleposte by NeoXGaminG to 1496855505
10-06-17 23:24:17 [INFO] [OctoBans] neoxgaming sql checked, record: doubleposte by NeoXGaminG to 1496855243
10-06-17 23:24:17 [INFO] [OctoBans] neoxgaming sql checked, record: doubleposte by NeoXGaminG to 1496855469
10-06-17 23:24:17 [INFO] [OctoBans] neoxgaming sql checked, record: insultestaff by NeoXGaminG to 1496927352
10-06-17 23:24:17 [INFO] [OctoBans] neoxgaming sql checked, record: doubleposte by NeoXGaminG to 1496856518
10-06-17 23:24:17 [INFO] [OctoBans] neoxgaming sql checked, record: doubleposte by NeoXGaminG to 1496856439
10-06-17 23:24:17 [INFO] [OctoBans] neoxgaming sql checked, record: faussesinfos by NeoXGaminG to 1496942568
10-06-17 23:24:17 [INFO] [OctoBans] neoxgaming sql checked, record: provocation by NeoXGaminG to 1496856998
10-06-17 23:24:17 [INFO] [OctoBans] neoxgaming sql checked, record: doubleposte by NeoXGaminG to 1496859786
10-06-17 23:24:17 [INFO] [OctoBans] neoxgaming sql checked, record: langage by NeoXGaminG to 1496860748
10-06-17 23:24:17 [INFO] [OctoBans] neoxgaming sql checked, record: doubleposte by NeoXGaminG to 1496860093
10-06-17 23:24:17 [INFO] [OctoBans] neoxgaming sql checked, record: doubleposte by NeoXGaminG to 1496860089
10-06-17 23:24:17 [INFO] [OctoBans] neoxgaming sql checked, record: doubleposte by NeoXGaminG to 1496860204
10-06-17 23:24:17 [INFO] [OctoBans] neoxgaming sql checked, record: doubleposte by NeoXGaminG to 1496860608
10-06-17 23:24:17 [INFO] [OctoBans] neoxgaming sql checked, record: doubleposte by NeoXGaminG to 1496860824
10-06-17 23:24:17 [INFO] [OctoBans] neoxgaming sql checked, record: doubleposte by NeoXGaminG to 1496860869
10-06-17 23:24:17 [INFO] [OctoBans] neoxgaming sql checked, record: insultegrave by NeoXGaminG to 1496968469
10-06-17 23:24:17 [INFO] [OctoBans] neoxgaming sql checked, record: doubleposte by NeoXGaminG to 1496861733
10-06-17 23:24:17 [INFO] [OctoBans] neoxgaming sql checked, record: doubleposte by NeoXGaminG to 1496860944
10-06-17 23:24:17 [INFO] [OctoBans] neoxgaming sql checked, record: doubleposte by NeoXGaminG to 1496861351
10-06-17 23:24:17 [INFO] [OctoBans] neoxgaming sql checked, record: doubleposte by NeoXGaminG to 1496861959
10-06-17 23:24:17 [INFO] [OctoBans] neoxgaming sql checked, record: doubleposte by NeoXGaminG to 1496861416
10-06-17 23:24:17 [INFO] [OctoBans] neoxgaming sql checked, record: doubleposte by NeoXGaminG to 1496864954
10-06-17 23:24:17 [INFO] [OctoBans] neoxgaming sql checked, record: doubleposte by NeoXGaminG to 1496861371
10-06-17 23:24:17 [INFO] [OctoBans] neoxgaming sql checked, record: doubleposte by NeoXGaminG to 1496861982
10-06-17 23:24:17 [INFO] [OctoBans] neoxgaming sql checked, record: doubleposte by NeoXGaminG to 1496861896
10-06-17 23:24:17 [INFO] [OctoBans] neoxgaming sql checked, record: doubleposte by NeoXGaminG to 1496862398
10-06-17 23:24:17 [INFO] [OctoBans] neoxgaming sql checked, record: spam by NeoXGaminG to 1496868938
10-06-17 23:24:17 [INFO] [OctoBans] neoxgaming sql checked, record: doubleposte by NeoXGaminG to 1496862453
10-06-17 23:24:17 [INFO] [OctoBans] neoxgaming sql checked, record: doubleposte by NeoXGaminG to 1496862194
10-06-17 23:24:17 [INFO] [OctoBans] neoxgaming sql checked, record: doubleposte by NeoXGaminG to 1496863200
10-06-17 23:24:17 [INFO] [OctoBans] neoxgaming sql checked, record: doubleposte by NeoXGaminG to 1496862955
10-06-17 23:24:17 [INFO] [OctoBans] neoxgaming sql checked, record: doubleposte by NeoXGaminG to 1496864368
10-06-17 23:24:17 [INFO] [OctoBans] neoxgaming sql checked, record: doubleposte by NeoXGaminG to 1496865175
10-06-17 23:24:17 [INFO] [OctoBans] neoxgaming sql checked, record: majuscule by NeoXGaminG to 1496865430
10-06-17 23:24:17 [INFO] [OctoBans] neoxgaming sql checked, record: doubleposte by NeoXGaminG to 1496866694
10-06-17 23:24:17 [INFO] [OctoBans] neoxgaming sql checked, record: doubleposte by NeoXGaminG to 1496866423
10-06-17 23:24:17 [INFO] [OctoBans] neoxgaming sql checked, record: langage by NeoXGaminG to 1496866777
10-06-17 23:24:17 [INFO] [OctoBans] neoxgaming sql checked, record: insultestaff by NeoXGaminG to 1496901566
10-06-17 23:24:17 [INFO] [OctoBans] neoxgaming sql checked, record: faussesinfos by NeoXGaminG to 1497038755
10-06-17 23:24:17 [INFO] [OctoBans] neoxgaming sql checked, record: provocation by NeoXGaminG to 1496866726
10-06-17 23:24:17 [INFO] [OctoBans] neoxgaming sql checked, record: doubleposte by NeoXGaminG to 1496867968
10-06-17 23:24:17 [INFO] [OctoBans] neoxgaming sql checked, record: doubleposte by NeoXGaminG to 1496867752
10-06-17 23:24:17 [INFO] [OctoBans] neoxgaming sql checked, record: doubleposte by NeoXGaminG to 1496867599
10-06-17 23:24:17 [INFO] [OctoBans] neoxgaming sql checked, record: doubleposte by NeoXGaminG to 1496867910
10-06-17 23:24:17 [INFO] [OctoBans] neoxgaming sql checked, record: provocation by NeoXGaminG to 1496867464
10-06-17 23:24:17 [INFO] [OctoBans] neoxgaming sql checked, record: doubleposte by NeoXGaminG to 1496868373
10-06-17 23:24:17 [INFO] [OctoBans] neoxgaming sql checked, record: insultestaff by NeoXGaminG to 1496903244
10-06-17 23:24:17 [INFO] [OctoBans] neoxgaming sql checked, record: doubleposte by NeoXGaminG to 1496867841
10-06-17 23:24:17 [INFO] [OctoBans] neoxgaming sql checked, record: doubleposte by NeoXGaminG to 1496869128
10-06-17 23:24:17 [INFO] [OctoBans] neoxgaming sql checked, record: insultestaff by NeoXGaminG to 1496904202
10-06-17 23:24:17 [INFO] [OctoBans] neoxgaming sql checked, record: doubleposte by NeoXGaminG to 1496869937
10-06-17 23:24:17 [INFO] [OctoBans] neoxgaming sql checked, record: doubleposte by NeoXGaminG to 1496872960
10-06-17 23:27:30 [INFO] [OctoBans] imdylan sql checked, record: spammp by SnowEffect to -1
10-06-17 23:29:10 [INFO] [OctoBans] julie52100 sql checked, record: spammp by SnowEffect to -1
10-06-17 23:30:19 [INFO] [OctoBans] erinoxlx sql checked, record: kickautre by Steph078 to -1
10-06-17 23:31:34 [INFO] [OctoBans] foxpoxy sql checked, record: faussesinfos by 54melih54 to 1497136438
10-06-17 23:33:20 [INFO] [OctoBans] Steph078 punished akazede for: Double Poste
10-06-17 23:33:32 [INFO] [OctoBans] sportek_ sql checked, record: spammp by SkyKosIV to -1
10-06-17 23:33:32 [INFO] [OctoBans] Steph078 punished akatsukie for: Double Poste
10-06-17 23:33:45 [INFO] [OctoBans] sosodidi sql checked, record: spammp by Remil to -1
10-06-17 23:34:14 [INFO] [OctoBans] Mzeer punished julie52100 for: Langage incorrect
10-06-17 23:35:25 [INFO] [OctoBans] Chirak_sama punished creeper21 for: Double Poste
10-06-17 23:36:37 [INFO] [OctoBans] D3adOrSnipSurYTB punished couilledeloup for: Insulte grave
10-06-17 23:37:14 [INFO] [OctoBans] Chirak_sama punished bobilis for: Insulte serveur
10-06-17 23:37:34 [INFO] [OctoBans] Chirak_sama punished bobilis for: Double Poste
10-06-17 23:38:02 [INFO] [OctoBans] Steph078 punished mzeer for: Spam/flood en MP
10-06-17 23:38:18 [INFO] [OctoBans] mzeer sql checked, record: faussesinfos by An0m4lly to 1497202140
10-06-17 23:38:18 [INFO] [OctoBans] mzeer sql checked, record: spammp by Steph078 to -1
10-06-17 23:38:18 [INFO] [OctoBans] mzeer sql checked, record: insulte by Mzeer to 1497010940
10-06-17 23:38:18 [INFO] [OctoBans] mzeer sql checked, record: spam by Mzeer to 1497013426
10-06-17 23:38:18 [INFO] [OctoBans] mzeer sql checked, record: spam by Mzeer to 1497034895
10-06-17 23:38:18 [INFO] [OctoBans] mzeer sql checked, record: insultegrave by Mzeer to 1497122423
10-06-17 23:38:18 [INFO] [OctoBans] mzeer sql checked, record: insulte by Mzeer to 1497053137
10-06-17 23:38:18 [INFO] [OctoBans] mzeer sql checked, record: spam by Mzeer to 1497058996
10-06-17 23:38:18 [INFO] [OctoBans] mzeer sql checked, record: langage by Mzeer to 1497091091
10-06-17 23:38:18 [INFO] [OctoBans] mzeer sql checked, record: faussesinfos by Mzeer to 1497192847
10-06-17 23:38:18 [INFO] [OctoBans] mzeer sql checked, record: spam by Mzeer to 1497116849
10-06-17 23:38:18 [INFO] [OctoBans] mzeer sql checked, record: faussesinfos by Mzeer to 1497197966
10-06-17 23:38:18 [INFO] [OctoBans] mzeer sql checked, record: insultegrave by Mzeer to 1497150546
10-06-17 23:38:18 [INFO] [OctoBans] mzeer sql checked, record: spam by Mzeer to 1497118160
10-06-17 23:38:18 [INFO] [OctoBans] mzeer sql checked, record: langage by Mzeer to 1497134054
10-06-17 23:38:24 [INFO] [OctoBans] Remil punished pioupiou2003 for: Insulte
10-06-17 23:40:46 [INFO] [OctoBans] killerstan2424 sql checked, record: spammp by Remil to -1
10-06-17 23:43:37 [INFO] [OctoBans] D3adOrSnipSurYTB punished hayden_frost for: Double Poste
10-06-17 23:44:02 [INFO] [OctoBans] D3adOrSnipSurYTB punished byy_maz for: Majuscule
10-06-17 23:44:59 [INFO] [OctoBans] SkyKosIV punished modzg for: Spam/flood
10-06-17 23:45:56 [INFO] [OctoBans] Forway punished missefleur for: Double Poste
10-06-17 23:46:19 [INFO] [OctoBans] SkyKosIV punished keen0x for: Langage incorrect
10-06-17 23:48:34 [INFO] [OctoBans] raz51100 sql checked, record: insultegrave by Theoklm57 to 1497174704
10-06-17 23:51:14 [INFO] [OctoBans] SkyKosIV punished biffy for: Spam/flood
10-06-17 23:52:25 [INFO] [OctoBans] The_Frusty punished biffy for: Fausses informations
10-06-17 23:52:46 [INFO] [OctoBans] 54melih54 punished raz51100 for: Insulte
10-06-17 23:53:00 [INFO] [OctoBans] 54melih54 punished lemineur for: Double Poste
10-06-17 23:53:43 [INFO] [OctoBans] raz51100 sql checked, record: insultegrave by Theoklm57 to 1497174704
10-06-17 23:53:43 [INFO] [OctoBans] raz51100 sql checked, record: insulte by 54melih54 to 1497134266
10-06-17 23:53:48 [INFO] [OctoBans] Romlcm89 punished nathan2585 for: Fausses informations
10-06-17 23:54:32 [INFO] [OctoBans] spooky sql checked, record: insultestaff by Antoine57565 to 1497161432
10-06-17 23:54:42 [INFO] [OctoBans] raz51100 sql checked, record: insultegrave by Theoklm57 to 1497174704
10-06-17 23:54:42 [INFO] [OctoBans] raz51100 sql checked, record: insulte by 54melih54 to 1497134266
10-06-17 23:56:38 [INFO] [OctoBans] Mzeer punished octofight for: Publicité Youtubeur
10-06-17 23:58:06 [INFO] [OctoBans] Forway punished mc_aurel for: Double Poste
10-06-17 23:58:22 [INFO] [OctoBans] Remil punished mehdi1 for: Double Poste
10-06-17 23:58:24 [INFO] [OctoBans] Chirak_sama punished universcraft for: Provocation
10-06-17 23:59:17 [INFO] [OctoBans] imp_mouloud sql checked, record: insultestaff by Forway to 1497160118
10-06-17 23:59:17 [INFO] [OctoBans] imp_mouloud sql checked, record: insultestaff by Forway to 1497196278
10-06-17 23:59:17 [INFO] [OctoBans] imp_mouloud sql checked, record: insultestaff by Forway to 1497232302
10-06-17 23:59:17 [INFO] [OctoBans] imp_mouloud sql checked, record: insultestaff by Forway to 1497268341
10-06-17 23:59:17 [INFO] [OctoBans] imp_mouloud sql checked, record: spammp by Theo97 to -1
11-06-17 00:04:55 [INFO] [OctoBans] 54melih54 punished darktw for: Spam/flood
11-06-17 00:06:05 [INFO] [OctoBans] darktw sql checked, record: insultegrave by Forway to 1497195361
11-06-17 00:06:05 [INFO] [OctoBans] darktw sql checked, record: insultegrave by Forway to 1497231388
11-06-17 00:06:05 [INFO] [OctoBans] darktw sql checked, record: spam by 54melih54 to 1497139495
11-06-17 00:06:11 [INFO] [OctoBans] Chirak_sama punished enzo_18 for: Double Poste
11-06-17 00:10:56 [INFO] [OctoBans] Romlcm89 punished skillpvpdu6969 for: Spam/flood
11-06-17 00:13:24 [INFO] [OctoBans] Remil punished aikzu_noideman for: Double Poste
11-06-17 00:16:34 [INFO] [OctoBans] Chirak_sama punished poseycanapey for: Langage incorrect
11-06-17 00:19:28 [INFO] [OctoBans] Romlcm89 punished jibuse for: Insulte
11-06-17 00:20:57 [INFO] [OctoBans] singe_de_telfort sql checked, record: spammp by SuperJojo to -1
11-06-17 00:20:57 [INFO] [OctoBans] singe_de_telfort sql checked, record: kickautre by Steph078 to -1
11-06-17 00:20:57 [INFO] [OctoBans] singe_de_telfort sql checked, record: spammp by SuperJojo to -1
11-06-17 00:20:57 [INFO] [OctoBans] singe_de_telfort sql checked, record: spammp by SkyKosIV to -1
11-06-17 00:20:57 [INFO] [OctoBans] singe_de_telfort sql checked, record: spammp by YTB_XxKarnageXx to -1
11-06-17 00:27:18 [INFO] [OctoBans] dodole1 sql checked, record: spammp by SuperJojo to -1
11-06-17 00:28:18 [INFO] [OctoBans] Chirak_sama punished ededed81 for: Majuscule
11-06-17 00:28:56 [INFO] [OctoBans] Kevdacosta punished ezpadrille for: Double Poste
11-06-17 00:31:00 [INFO] [OctoBans] Elyxir punished tarok56 for: Insulte grave
11-06-17 00:31:17 [INFO] [OctoBans] Theoklm57 punished by_fly for: Insulte grave
11-06-17 00:32:40 [INFO] [OctoBans] ededed81 sql checked, record: majuscule by Chirak_sama to 1497134898
11-06-17 00:33:40 [INFO] [OctoBans] ededed81 sql checked, record: majuscule by Chirak_sama to 1497134898
11-06-17 00:34:28 [INFO] [OctoBans] razgard59 sql checked, record: spammp by SuperJojo to -1
11-06-17 00:34:28 [INFO] [OctoBans] razgard59 sql checked, record: spamfopen by SuperJojo to 1497214221
11-06-17 00:36:24 [INFO] [OctoBans] Theoklm57 punished dodole1 for: Spam/flood
11-06-17 00:50:53 [INFO] [OctoBans] SkyKosIV punished singe_de_telfort for: Spam/flood
11-06-17 00:51:48 [INFO] [OctoBans] Romlcm89 punished thejaquer for: Double Poste
11-06-17 00:52:37 [INFO] [OctoBans] Romlcm89 punished sullyman76 for: Double Poste
11-06-17 00:53:13 [INFO] [OctoBans] Romlcm89 punished mabilou29 for: Double Poste
11-06-17 00:53:46 [INFO] [OctoBans] Romlcm89 punished distincz for: Insulte
11-06-17 00:54:55 [INFO] [OctoBans] Romlcm89 punished didier for: Insulte
11-06-17 00:57:01 [INFO] [OctoBans] tipi201 sql checked, record: kickautre by ZerKup to -1
11-06-17 00:57:14 [INFO] [OctoBans] Chirak_sama punished wildtriton for: Provocation
11-06-17 00:59:00 [INFO] [OctoBans] Elyxir punished romudu269 for: Insulte
11-06-17 00:59:46 [INFO] [OctoBans] Elyxir punished floflodughetto for: Provocation
11-06-17 01:01:46 [INFO] [OctoBans] Elyxir punished lololaclarinette for: Provocation
11-06-17 01:03:11 [INFO] [OctoBans] Elyxir punished goto_camus for: Provocation
11-06-17 01:03:20 [INFO] [OctoBans] Elyxir punished oeufdepoule62 for: Provocation
11-06-17 01:04:17 [INFO] [OctoBans] Elyxir punished raz51100 for: Provocation
11-06-17 01:04:36 [INFO] [OctoBans] lucas59261 sql checked, record: kickautre by ZerKup to -1
11-06-17 01:04:36 [INFO] [OctoBans] lucas59261 sql checked, record: spammp by PseudoNul to -1
11-06-17 01:04:36 [INFO] [OctoBans] lucas59261 sql checked, record: spammp by YTB_XxKarnageXx to -1
11-06-17 01:04:36 [INFO] [OctoBans] lucas59261 sql checked, record: spammp by Remil to -1
11-06-17 01:04:42 [INFO] [OctoBans] Elyxir punished raz51100 for: Spam/flood
11-06-17 01:05:12 [INFO] [OctoBans] Elyxir punished raz51100 for: Insulte staff
11-06-17 01:07:25 [INFO] [OctoBans] stonewolf sql checked, record: spammp by SuperJojo to -1
11-06-17 01:16:27 [INFO] [OctoBans] _dragibus_ sql checked, record: spammp by Remil to -1
11-06-17 01:16:27 [INFO] [OctoBans] _dragibus_ sql checked, record: spammp by Remil to -1
11-06-17 01:16:27 [INFO] [OctoBans] _dragibus_ sql checked, record: spammp by Remil to -1
11-06-17 01:18:00 [INFO] [OctoBans] Elyxir punished oeufdepoule62 for: Spam/flood
11-06-17 01:18:26 [INFO] [OctoBans] Elyxir punished oeufdepoule62 for: Insulte staff
11-06-17 01:18:31 [INFO] [OctoBans] oeufdepoule62 sql checked, record: flood by Elyxir to 1497140280
11-06-17 01:18:31 [INFO] [OctoBans] oeufdepoule62 sql checked, record: insultestaff by Elyxir to 1497208706
11-06-17 01:18:55 [INFO] [OctoBans] Elyxir punished oeufdepoule62 for: Spam/flood
11-06-17 01:19:38 [INFO] [OctoBans] Remil punished oeufdepoule62 for: Spam/flood en MP
11-06-17 01:24:05 [INFO] [OctoBans] SkyKosIV punished oeufdepoule62 for: Spam/flood en MP
11-06-17 01:28:21 [INFO] [OctoBans] ytb_xxkarnagexx sql checked, record: kickautre by Steph078 to -1
11-06-17 01:29:13 [INFO] [OctoBans] YTB_XxKarnageXx punished imdylan for: Provocation
11-06-17 01:29:20 [INFO] [OctoBans] YTB_XxKarnageXx punished sportek_ for: Langage incorrect
11-06-17 01:39:16 [INFO] [OctoBans] gamix_yt sql checked, record: spammp by SkyKosIV to -1
11-06-17 01:39:16 [INFO] [OctoBans] gamix_yt sql checked, record: spammp by Steph078 to -1
11-06-17 01:42:02 [INFO] [OctoBans] YTB_XxKarnageXx punished mrbspino517 for: Double Poste
11-06-17 01:44:08 [INFO] [OctoBans] YTB_XxKarnageXx punished gamix_yt for: Langage incorrect
11-06-17 01:59:34 [INFO] [OctoBans] Ysar punished ededed91 for: Spam/flood
11-06-17 02:00:03 [INFO] [OctoBans] Ysar punished mzeer for: Insulte
11-06-17 02:03:43 [INFO] [OctoBans] mzeer sql checked, record: insulte by Ysar to 1497141903
11-06-17 02:03:43 [INFO] [OctoBans] mzeer sql checked, record: insulte by Mzeer to 1497010940
11-06-17 02:03:43 [INFO] [OctoBans] mzeer sql checked, record: spam by Mzeer to 1497013426
11-06-17 02:03:43 [INFO] [OctoBans] mzeer sql checked, record: spam by Mzeer to 1497034895
11-06-17 02:03:43 [INFO] [OctoBans] mzeer sql checked, record: insultegrave by Mzeer to 1497122423
11-06-17 02:03:43 [INFO] [OctoBans] mzeer sql checked, record: insulte by Mzeer to 1497053137
11-06-17 02:03:43 [INFO] [OctoBans] mzeer sql checked, record: spam by Mzeer to 1497058996
11-06-17 02:03:43 [INFO] [OctoBans] mzeer sql checked, record: langage by Mzeer to 1497091091
11-06-17 02:03:43 [INFO] [OctoBans] mzeer sql checked, record: faussesinfos by Mzeer to 1497192847
11-06-17 02:03:43 [INFO] [OctoBans] mzeer sql checked, record: spam by Mzeer to 1497116849
11-06-17 02:03:43 [INFO] [OctoBans] mzeer sql checked, record: faussesinfos by Mzeer to 1497197966
11-06-17 02:03:43 [INFO] [OctoBans] mzeer sql checked, record: insultegrave by Mzeer to 1497150546
11-06-17 02:03:43 [INFO] [OctoBans] mzeer sql checked, record: spam by Mzeer to 1497118160
11-06-17 02:03:43 [INFO] [OctoBans] mzeer sql checked, record: langage by Mzeer to 1497134054
11-06-17 02:03:43 [INFO] [OctoBans] mzeer sql checked, record: pubyt by Mzeer to 1497135398
11-06-17 02:08:18 [INFO] [OctoBans] Ysar punished diablotin for: Insulte
11-06-17 02:08:43 [INFO] [OctoBans] mzeer sql checked, record: insulte by Ysar to 1497141903
11-06-17 02:08:43 [INFO] [OctoBans] mzeer sql checked, record: insulte by Mzeer to 1497010940
11-06-17 02:08:43 [INFO] [OctoBans] mzeer sql checked, record: spam by Mzeer to 1497013426
11-06-17 02:08:43 [INFO] [OctoBans] mzeer sql checked, record: spam by Mzeer to 1497034895
11-06-17 02:08:43 [INFO] [OctoBans] mzeer sql checked, record: insultegrave by Mzeer to 1497122423
11-06-17 02:08:43 [INFO] [OctoBans] mzeer sql checked, record: insulte by Mzeer to 1497053137
11-06-17 02:08:43 [INFO] [OctoBans] mzeer sql checked, record: spam by Mzeer to 1497058996
11-06-17 02:08:43 [INFO] [OctoBans] mzeer sql checked, record: langage by Mzeer to 1497091091
11-06-17 02:08:43 [INFO] [OctoBans] mzeer sql checked, record: faussesinfos by Mzeer to 1497192847
11-06-17 02:08:43 [INFO] [OctoBans] mzeer sql checked, record: spam by Mzeer to 1497116849
11-06-17 02:08:43 [INFO] [OctoBans] mzeer sql checked, record: faussesinfos by Mzeer to 1497197966
11-06-17 02:08:43 [INFO] [OctoBans] mzeer sql checked, record: insultegrave by Mzeer to 1497150546
11-06-17 02:08:43 [INFO] [OctoBans] mzeer sql checked, record: spam by Mzeer to 1497118160
11-06-17 02:08:43 [INFO] [OctoBans] mzeer sql checked, record: langage by Mzeer to 1497134054
11-06-17 02:08:43 [INFO] [OctoBans] mzeer sql checked, record: pubyt by Mzeer to 1497135398
11-06-17 02:08:48 [INFO] [OctoBans] mzeer sql checked, record: insulte by Ysar to 1497141903
11-06-17 02:08:48 [INFO] [OctoBans] mzeer sql checked, record: insulte by Mzeer to 1497010940
11-06-17 02:08:48 [INFO] [OctoBans] mzeer sql checked, record: spam by Mzeer to 1497013426
11-06-17 02:08:48 [INFO] [OctoBans] mzeer sql checked, record: spam by Mzeer to 1497034895
11-06-17 02:08:48 [INFO] [OctoBans] mzeer sql checked, record: insultegrave by Mzeer to 1497122423
11-06-17 02:08:48 [INFO] [OctoBans] mzeer sql checked, record: insulte by Mzeer to 1497053137
11-06-17 02:08:48 [INFO] [OctoBans] mzeer sql checked, record: spam by Mzeer to 1497058996
11-06-17 02:08:48 [INFO] [OctoBans] mzeer sql checked, record: langage by Mzeer to 1497091091
11-06-17 02:08:48 [INFO] [OctoBans] mzeer sql checked, record: faussesinfos by Mzeer to 1497192847
11-06-17 02:08:48 [INFO] [OctoBans] mzeer sql checked, record: spam by Mzeer to 1497116849
11-06-17 02:08:48 [INFO] [OctoBans] mzeer sql checked, record: faussesinfos by Mzeer to 1497197966
11-06-17 02:08:48 [INFO] [OctoBans] mzeer sql checked, record: insultegrave by Mzeer to 1497150546
11-06-17 02:08:48 [INFO] [OctoBans] mzeer sql checked, record: spam by Mzeer to 1497118160
11-06-17 02:08:48 [INFO] [OctoBans] mzeer sql checked, record: langage by Mzeer to 1497134054
11-06-17 02:08:48 [INFO] [OctoBans] mzeer sql checked, record: pubyt by Mzeer to 1497135398
11-06-17 02:11:45 [INFO] [OctoBans] SkyKosIV punished azway_yt for: Provocation
11-06-17 02:14:48 [INFO] [OctoBans] Diablotin punished finalylaw for: Fausses informations
11-06-17 02:26:57 [INFO] [OctoBans] Romlcm89 punished singe_de_telfort for: Insulte staff
11-06-17 02:28:36 [INFO] [OctoBans] SkyKosIV punished tipi201 for: Langage incorrect
11-06-17 02:30:32 [INFO] [OctoBans] Romlcm89 punished closte124 for: Provocation
11-06-17 02:31:12 [INFO] [OctoBans] Romlcm89 punished theo_pveur for: Spam/flood
11-06-17 02:32:52 [INFO] [OctoBans] Romlcm89 punished marchandloup for: Spam/flood
11-06-17 02:33:39 [INFO] [OctoBans] Romlcm89 punished theo_pveur for: Provocation
11-06-17 02:34:03 [INFO] [OctoBans] Remil punished theo_pveur for: Spam/flood en MP
11-06-17 02:34:38 [INFO] [OctoBans] Remil punished marchandloup for: Spam/flood en MP
11-06-17 02:34:43 [INFO] [OctoBans] Steph078 punished skykosiv for: Usurpation staff
11-06-17 02:35:09 [INFO] [OctoBans] Steph078 punished sam_pvp1996 for: Spam/flood
11-06-17 02:35:13 [INFO] [OctoBans] Remil punished _bycocoytb for: Publicité Youtubeur
11-06-17 02:38:01 [INFO] [OctoBans] SkyKosIV punished skyfan_ytb for: Double Poste
11-06-17 02:38:11 [INFO] [OctoBans] Remil punished anthony972 for: Spam/flood
11-06-17 02:40:43 [INFO] [OctoBans] SkyKosIV punished zbeubz for: Insulte
11-06-17 02:48:09 [INFO] [OctoBans] Remil punished bellepatate for: Spam/flood
11-06-17 02:49:20 [INFO] [OctoBans] Remil punished thejaquer for: Double Poste
11-06-17 02:50:40 [INFO] [OctoBans] SkyKosIV punished zlkayzen for: Spam/flood
11-06-17 02:51:02 [INFO] [OctoBans] SkyKosIV punished zlkayzen for: Fausses informations
11-06-17 02:52:22 [INFO] [OctoBans] Romlcm89 punished toly_ for: Insulte
11-06-17 02:53:12 [INFO] [OctoBans] SkyKosIV punished zlkayzen for: Menace de hack
11-06-17 02:53:43 [INFO] [OctoBans] Romlcm89 punished samybg for: Double Poste
11-06-17 02:54:02 [INFO] [OctoBans] Steph078 punished trd_kawiz for: Menace de hack
11-06-17 02:56:01 [INFO] [OctoBans] Remil punished skyizi91 for: Provocation
11-06-17 02:57:39 [INFO] [OctoBans] SkyKosIV punished imkoozen for: Double Poste
11-06-17 03:00:08 [INFO] [OctoBans] zlkayzen sql checked, record: flood by SkyKosIV to 1497145840
11-06-17 03:00:08 [INFO] [OctoBans] zlkayzen sql checked, record: faussesinfos by SkyKosIV to 1497315062
11-06-17 03:00:08 [INFO] [OctoBans] zlkayzen sql checked, record: menacehack by SkyKosIV to 1497401592
11-06-17 03:00:08 [INFO] [OctoBans] zlkayzen sql checked, record: majuscule by zlKayzen to 1495753574
11-06-17 03:00:08 [INFO] [OctoBans] zlkayzen sql checked, record: provocation by zlKayzen to 1495753658
11-06-17 03:00:08 [INFO] [OctoBans] zlkayzen sql checked, record: provocation by zlKayzen to 1495753989
11-06-17 03:00:08 [INFO] [OctoBans] zlkayzen sql checked, record: langage by zlKayzen to 1495754239
11-06-17 03:00:08 [INFO] [OctoBans] zlkayzen sql checked, record: doubleposte by zlKayzen to 1495755355
11-06-17 03:00:08 [INFO] [OctoBans] zlkayzen sql checked, record: majuscule by zlKayzen to 1495785731
11-06-17 03:00:08 [INFO] [OctoBans] zlkayzen sql checked, record: langage by zlKayzen to 1495786297
11-06-17 03:00:08 [INFO] [OctoBans] zlkayzen sql checked, record: flood by zlKayzen to 1495790249
11-06-17 03:00:08 [INFO] [OctoBans] zlkayzen sql checked, record: doubleposte by zlKayzen to 1495787914
11-06-17 03:00:08 [INFO] [OctoBans] zlkayzen sql checked, record: majuscule by zlKayzen to 1495789852
11-06-17 03:00:08 [INFO] [OctoBans] zlkayzen sql checked, record: majuscule by zlKayzen to 1495790241
11-06-17 03:00:08 [INFO] [OctoBans] zlkayzen sql checked, record: doubleposte by zlKayzen to 1495789983
11-06-17 03:00:08 [INFO] [OctoBans] zlkayzen sql checked, record: flood by zlKayzen to 1495793303
11-06-17 03:00:08 [INFO] [OctoBans] zlkayzen sql checked, record: doubleposte by zlKayzen to 1495790212
11-06-17 03:00:08 [INFO] [OctoBans] zlkayzen sql checked, record: doubleposte by zlKayzen to 1495790773
11-06-17 03:00:08 [INFO] [OctoBans] zlkayzen sql checked, record: provocation by zlKayzen to 1495790832
11-06-17 03:00:08 [INFO] [OctoBans] zlkayzen sql checked, record: majuscule by zlKayzen to 1495792510
11-06-17 03:00:08 [INFO] [OctoBans] zlkayzen sql checked, record: doubleposte by zlKayzen to 1495805728
11-06-17 03:00:08 [INFO] [OctoBans] zlkayzen sql checked, record: majuscule by zlKayzen to 1495806545
11-06-17 03:00:08 [INFO] [OctoBans] zlkayzen sql checked, record: insultesrv by zlKayzen to 1495824087
11-06-17 03:00:08 [INFO] [OctoBans] zlkayzen sql checked, record: doubleposte by zlKayzen to 1495806929
11-06-17 03:00:08 [INFO] [OctoBans] zlkayzen sql checked, record: provocation by zlKayzen to 1495807549
11-06-17 03:00:08 [INFO] [OctoBans] zlkayzen sql checked, record: doubleposte by zlKayzen to 1495806666
11-06-17 03:00:08 [INFO] [OctoBans] zlkayzen sql checked, record: insultegrave by zlKayzen to 1495842599
11-06-17 03:00:08 [INFO] [OctoBans] zlkayzen sql checked, record: insultegrave by zlKayzen to 1495843015
11-06-17 03:00:08 [INFO] [OctoBans] zlkayzen sql checked, record: majuscule by zlKayzen to 1495807639
11-06-17 03:00:08 [INFO] [OctoBans] zlkayzen sql checked, record: majuscule by zlKayzen to 1495807663
11-06-17 03:00:08 [INFO] [OctoBans] zlkayzen sql checked, record: majuscule by zlKayzen to 1495815453
11-06-17 03:00:08 [INFO] [OctoBans] zlkayzen sql checked, record: doubleposte by zlKayzen to 1495815670
11-06-17 03:00:08 [INFO] [OctoBans] zlkayzen sql checked, record: doubleposte by zlKayzen to 1495823422
11-06-17 03:00:08 [INFO] [OctoBans] zlkayzen sql checked, record: insultestaff by zlKayzen to 1495862698
11-06-17 03:00:08 [INFO] [OctoBans] zlkayzen sql checked, record: doubleposte by zlKayzen to 1495827103
11-06-17 03:00:08 [INFO] [OctoBans] zlkayzen sql checked, record: provocation by zlKayzen to 1495827132
11-06-17 03:00:08 [INFO] [OctoBans] zlkayzen sql checked, record: insulte by zlKayzen to 1495829550
11-06-17 03:00:08 [INFO] [OctoBans] zlkayzen sql checked, record: majuscule by zlKayzen to 1495829811
11-06-17 03:00:08 [INFO] [OctoBans] zlkayzen sql checked, record: majuscule by zlKayzen to 1495830269
11-06-17 03:00:08 [INFO] [OctoBans] zlkayzen sql checked, record: flood by zlKayzen to 1495841026
11-06-17 03:00:08 [INFO] [OctoBans] zlkayzen sql checked, record: doubleposte by zlKayzen to 1495839852
11-06-17 03:00:08 [INFO] [OctoBans] zlkayzen sql checked, record: majuscule by zlKayzen to 1495845476
11-06-17 03:00:08 [INFO] [OctoBans] zlkayzen sql checked, record: langage by zlKayzen to 1495846579
11-06-17 03:00:08 [INFO] [OctoBans] zlkayzen sql checked, record: langage by zlKayzen to 1495883529
11-06-17 03:00:08 [INFO] [OctoBans] zlkayzen sql checked, record: doubleposte by zlKayzen to 1495892502
11-06-17 03:00:08 [INFO] [OctoBans] zlkayzen sql checked, record: insultegrave by zlKayzen to 1495939716
11-06-17 03:00:08 [INFO] [OctoBans] zlkayzen sql checked, record: majuscule by zlKayzen to 1495904369
11-06-17 03:00:08 [INFO] [OctoBans] zlkayzen sql checked, record: insultestaff by zlKayzen to 1495975911
11-06-17 03:00:08 [INFO] [OctoBans] zlkayzen sql checked, record: insulte by zlKayzen to 1495907305
11-06-17 03:00:08 [INFO] [OctoBans] zlkayzen sql checked, record: insulte by zlKayzen to 1495909109
11-06-17 03:00:08 [INFO] [OctoBans] zlkayzen sql checked, record: insulte by zlKayzen to 1495912392
11-06-17 03:00:08 [INFO] [OctoBans] zlkayzen sql checked, record: majuscule by zlKayzen to 1495910378
11-06-17 03:00:08 [INFO] [OctoBans] zlkayzen sql checked, record: insulte by zlKayzen to 1495912508
11-06-17 03:00:08 [INFO] [OctoBans] zlkayzen sql checked, record: doubleposte by zlKayzen to 1495910792
11-06-17 03:00:08 [INFO] [OctoBans] zlkayzen sql checked, record: faussesinfos by zlKayzen to 1495996350
11-06-17 03:00:08 [INFO] [OctoBans] zlkayzen sql checked, record: langage by zlKayzen to 1495910903
11-06-17 03:00:08 [INFO] [OctoBans] zlkayzen sql checked, record: langage by zlKayzen to 1495912726
11-06-17 03:00:08 [INFO] [OctoBans] zlkayzen sql checked, record: langage by zlKayzen to 1495915296
11-06-17 03:00:08 [INFO] [OctoBans] zlkayzen sql checked, record: doubleposte by zlKayzen to 1495915038
11-06-17 03:00:08 [INFO] [OctoBans] zlkayzen sql checked, record: doubleposte by zlKayzen to 1495915043
11-06-17 03:00:08 [INFO] [OctoBans] zlkayzen sql checked, record: majuscule by zlKayzen to 1496445521
11-06-17 03:00:08 [INFO] [OctoBans] zlkayzen sql checked, record: insulte by zlKayzen to 1496447694
11-06-17 03:00:08 [INFO] [OctoBans] zlkayzen sql checked, record: insulte by zlKayzen to 1496450402
11-06-17 03:00:08 [INFO] [OctoBans] zlkayzen sql checked, record: doubleposte by zlKayzen to 1496447025
11-06-17 03:00:08 [INFO] [OctoBans] zlkayzen sql checked, record: doubleposte by zlKayzen to 1496448594
11-06-17 03:00:08 [INFO] [OctoBans] zlkayzen sql checked, record: provocation by zlKayzen to 1496480782
11-06-17 03:00:08 [INFO] [OctoBans] zlkayzen sql checked, record: flood by zlKayzen to 1496484234
11-06-17 03:00:08 [INFO] [OctoBans] zlkayzen sql checked, record: flood by zlKayzen to 1496489670
11-06-17 03:00:08 [INFO] [OctoBans] zlkayzen sql checked, record: doubleposte by zlKayzen to 1496482930
11-06-17 03:00:08 [INFO] [OctoBans] zlkayzen sql checked, record: provocation by zlKayzen to 1496484437
11-06-17 03:00:08 [INFO] [OctoBans] zlkayzen sql checked, record: flood by zlKayzen to 1496486578
11-06-17 03:00:08 [INFO] [OctoBans] zlkayzen sql checked, record: majuscule by zlKayzen to 1496483843
11-06-17 03:00:08 [INFO] [OctoBans] zlkayzen sql checked, record: flood by zlKayzen to 1496486950
11-06-17 03:00:08 [INFO] [OctoBans] zlkayzen sql checked, record: insultegrave by zlKayzen to 1496519394
11-06-17 03:00:08 [INFO] [OctoBans] zlkayzen sql checked, record: flood by zlKayzen to 1496487003
11-06-17 03:00:08 [INFO] [OctoBans] zlkayzen sql checked, record: flood by zlKayzen to 1496491191
11-06-17 03:00:08 [INFO] [OctoBans] zlkayzen sql checked, record: flood by zlKayzen to 1496487602
11-06-17 03:00:08 [INFO] [OctoBans] zlkayzen sql checked, record: majuscule by zlKayzen to 1496485219
11-06-17 03:00:08 [INFO] [OctoBans] zlkayzen sql checked, record: insultesrv by zlKayzen to 1496502025
11-06-17 03:00:08 [INFO] [OctoBans] zlkayzen sql checked, record: majuscule by zlKayzen to 1496485167
11-06-17 03:00:08 [INFO] [OctoBans] zlkayzen sql checked, record: flood by zlKayzen to 1496489193
11-06-17 03:00:08 [INFO] [OctoBans] zlkayzen sql checked, record: insultegrave by zlKayzen to 1496522748
11-06-17 03:00:08 [INFO] [OctoBans] zlkayzen sql checked, record: langage by zlKayzen to 1496488105
11-06-17 03:00:08 [INFO] [OctoBans] zlkayzen sql checked, record: majuscule by zlKayzen to 1496487733
11-06-17 03:00:08 [INFO] [OctoBans] zlkayzen sql checked, record: doubleposte by zlKayzen to 1496492535
11-06-17 03:00:08 [INFO] [OctoBans] zlkayzen sql checked, record: doubleposte by zlKayzen to 1496492240
11-06-17 03:00:08 [INFO] [OctoBans] zlkayzen sql checked, record: doubleposte by zlKayzen to 1496492254
11-06-17 03:00:08 [INFO] [OctoBans] zlkayzen sql checked, record: provocation by zlKayzen to 1496493099
11-06-17 03:00:08 [INFO] [OctoBans] zlkayzen sql checked, record: insultegrave by zlKayzen to 1496564629
11-06-17 03:00:08 [INFO] [OctoBans] zlkayzen sql checked, record: majuscule by zlKayzen to 1496493413
11-06-17 03:00:08 [INFO] [OctoBans] zlkayzen sql checked, record: majuscule by zlKayzen to 1496495241
11-06-17 03:00:08 [INFO] [OctoBans] zlkayzen sql checked, record: provocation by zlKayzen to 1496495093
11-06-17 03:00:08 [INFO] [OctoBans] zlkayzen sql checked, record: doubleposte by zlKayzen to 1496496598
11-06-17 03:00:08 [INFO] [OctoBans] zlkayzen sql checked, record: provocation by zlKayzen to 1496497460
11-06-17 03:00:08 [INFO] [OctoBans] zlkayzen sql checked, record: provocation by zlKayzen to 1496503204
11-06-17 03:00:08 [INFO] [OctoBans] zlkayzen sql checked, record: insulte by zlKayzen to 1496507506
11-06-17 03:00:08 [INFO] [OctoBans] zlkayzen sql checked, record: majuscule by zlKayzen to 1496502855
11-06-17 03:00:08 [INFO] [OctoBans] zlkayzen sql checked, record: provocation by zlKayzen to 1496509300
11-06-17 03:00:08 [INFO] [OctoBans] zlkayzen sql checked, record: doubleposte by zlKayzen to 1496509903
11-06-17 03:00:08 [INFO] [OctoBans] zlkayzen sql checked, record: doubleposte by zlKayzen to 1496512041
11-06-17 03:00:08 [INFO] [OctoBans] zlkayzen sql checked, record: flood by zlKayzen to 1496516891
11-06-17 03:00:08 [INFO] [OctoBans] zlkayzen sql checked, record: langage by zlKayzen to 1496519400
11-06-17 03:00:08 [INFO] [OctoBans] zlkayzen sql checked, record: majuscule by zlKayzen to 1496519983
11-06-17 03:00:08 [INFO] [OctoBans] zlkayzen sql checked, record: pubyt by zlKayzen to 1496523006
11-06-17 03:00:08 [INFO] [OctoBans] zlkayzen sql checked, record: flood by zlKayzen to 1496523870
11-06-17 03:00:08 [INFO] [OctoBans] zlkayzen sql checked, record: majuscule by zlKayzen to 1496525938
11-06-17 03:00:08 [INFO] [OctoBans] zlkayzen sql checked, record: flood by zlKayzen to 1496526658
11-06-17 03:00:08 [INFO] [OctoBans] zlkayzen sql checked, record: langage by zlKayzen to 1496528262
11-06-17 03:00:08 [INFO] [OctoBans] zlkayzen sql checked, record: flood by zlKayzen to 1496566788
11-06-17 03:00:08 [INFO] [OctoBans] zlkayzen sql checked, record: doubleposte by zlKayzen to 1496564094
11-06-17 03:00:08 [INFO] [OctoBans] zlkayzen sql checked, record: doubleposte by zlKayzen to 1496563750
11-06-17 03:00:08 [INFO] [OctoBans] zlkayzen sql checked, record: majuscule by zlKayzen to 1496565491
11-06-17 03:00:08 [INFO] [OctoBans] zlkayzen sql checked, record: doubleposte by zlKayzen to 1496565261
11-06-17 03:00:08 [INFO] [OctoBans] zlkayzen sql checked, record: langage by zlKayzen to 1496566167
11-06-17 03:00:08 [INFO] [OctoBans] zlkayzen sql checked, record: insulte by zlKayzen to 1496569655
11-06-17 03:00:08 [INFO] [OctoBans] zlkayzen sql checked, record: flood by zlKayzen to 1496576657
11-06-17 03:00:08 [INFO] [OctoBans] zlkayzen sql checked, record: provocation by zlKayzen to 1496574376
11-06-17 03:00:08 [INFO] [OctoBans] zlkayzen sql checked, record: flood by zlKayzen to 1496581123
11-06-17 03:00:08 [INFO] [OctoBans] zlkayzen sql checked, record: doubleposte by zlKayzen to 1496579079
11-06-17 03:00:08 [INFO] [OctoBans] zlkayzen sql checked, record: majuscule by zlKayzen to 1496582397
11-06-17 03:00:08 [INFO] [OctoBans] zlkayzen sql checked, record: majuscule by zlKayzen to 1496582570
11-06-17 03:00:08 [INFO] [OctoBans] zlkayzen sql checked, record: flood by zlKayzen to 1496586332
11-06-17 03:00:08 [INFO] [OctoBans] zlkayzen sql checked, record: insulte by zlKayzen to 1496594706
11-06-17 03:00:08 [INFO] [OctoBans] zlkayzen sql checked, record: doubleposte by zlKayzen to 1496604473
11-06-17 03:00:08 [INFO] [OctoBans] zlkayzen sql checked, record: incitationflood by zlKayzen to 1496690612
11-06-17 03:00:08 [INFO] [OctoBans] zlkayzen sql checked, record: doubleposte by zlKayzen to 1496607537
11-06-17 03:00:08 [INFO] [OctoBans] zlkayzen sql checked, record: majuscule by zlKayzen to 1496607018
11-06-17 03:00:08 [INFO] [OctoBans] zlkayzen sql checked, record: insulte by zlKayzen to 1496609312
11-06-17 03:00:08 [INFO] [OctoBans] zlkayzen sql checked, record: insulte by zlKayzen to 1496609549
11-06-17 03:00:08 [INFO] [OctoBans] zlkayzen sql checked, record: doubleposte by zlKayzen to 1496607181
11-06-17 03:00:08 [INFO] [OctoBans] zlkayzen sql checked, record: insulte by zlKayzen to 1496611711
11-06-17 03:00:08 [INFO] [OctoBans] zlkayzen sql checked, record: doubleposte by zlKayzen to 1496610774
11-06-17 03:00:08 [INFO] [OctoBans] zlkayzen sql checked, record: doubleposte by zlKayzen to 1496622087
11-06-17 03:00:08 [INFO] [OctoBans] zlkayzen sql checked, record: flood by zlKayzen to 1496624925
11-06-17 03:00:08 [INFO] [OctoBans] zlkayzen sql checked, record: flood by zlKayzen to 1496662883
11-06-17 03:00:08 [INFO] [OctoBans] zlkayzen sql checked, record: flood by zlKayzen to 1496664874
11-06-17 03:00:08 [INFO] [OctoBans] zlkayzen sql checked, record: doubleposte by zlKayzen to 1496661956
11-06-17 03:00:08 [INFO] [OctoBans] zlkayzen sql checked, record: majuscule by zlKayzen to 1496662067
11-06-17 03:00:08 [INFO] [OctoBans] zlkayzen sql checked, record: doubleposte by zlKayzen to 1496662886
11-06-17 03:00:08 [INFO] [OctoBans] zlkayzen sql checked, record: provocation by zlKayzen to 1496676613
11-06-17 03:00:08 [INFO] [OctoBans] zlkayzen sql checked, record: langage by zlKayzen to 1496676528
11-06-17 03:00:08 [INFO] [OctoBans] zlkayzen sql checked, record: flood by zlKayzen to 1496700312
11-06-17 03:00:08 [INFO] [OctoBans] zlkayzen sql checked, record: langage by zlKayzen to 1496699913
11-06-17 03:00:08 [INFO] [OctoBans] zlkayzen sql checked, record: insulte by zlKayzen to 1496779470
11-06-17 03:00:08 [INFO] [OctoBans] zlkayzen sql checked, record: flood by zlKayzen to 1496783910
11-06-17 03:00:08 [INFO] [OctoBans] zlkayzen sql checked, record: flood by zlKayzen to 1496783977
11-06-17 03:00:08 [INFO] [OctoBans] zlkayzen sql checked, record: pubyt by zlKayzen to 1496868781
11-06-17 03:00:08 [INFO] [OctoBans] zlkayzen sql checked, record: insulte by zlKayzen to 1496870963
11-06-17 03:00:08 [INFO] [OctoBans] zlkayzen sql checked, record: insulte by zlKayzen to 1496874222
11-06-17 03:00:08 [INFO] [OctoBans] zlkayzen sql checked, record: insultegrave by zlKayzen to 1497015684
11-06-17 03:00:08 [INFO] [OctoBans] zlkayzen sql checked, record: majuscule by zlKayzen to 1496930113
11-06-17 03:00:08 [INFO] [OctoBans] zlkayzen sql checked, record: doubleposte by zlKayzen to 1496930496
11-06-17 03:00:08 [INFO] [OctoBans] zlkayzen sql checked, record: doubleposte by zlKayzen to 1496930073
11-06-17 03:00:08 [INFO] [OctoBans] zlkayzen sql checked, record: flood by zlKayzen to 1496933628
11-06-17 03:00:08 [INFO] [OctoBans] zlkayzen sql checked, record: insulte by zlKayzen to 1496935485
11-06-17 03:00:08 [INFO] [OctoBans] zlkayzen sql checked, record: provocation by zlKayzen to 1496933060
11-06-17 03:00:08 [INFO] [OctoBans] zlkayzen sql checked, record: insulte by zlKayzen to 1496933982
11-06-17 03:00:08 [INFO] [OctoBans] zlkayzen sql checked, record: doubleposte by zlKayzen to 1496931773
11-06-17 03:00:08 [INFO] [OctoBans] zlkayzen sql checked, record: insultegrave by zlKayzen to 1496967925
11-06-17 03:00:08 [INFO] [OctoBans] zlkayzen sql checked, record: flood by zlKayzen to 1496936177
11-06-17 03:00:08 [INFO] [OctoBans] zlkayzen sql checked, record: pubyt by zlKayzen to 1496936247
11-06-17 03:00:08 [INFO] [OctoBans] zlkayzen sql checked, record: insulte by zlKayzen to 1496936181
11-06-17 03:00:08 [INFO] [OctoBans] zlkayzen sql checked, record: insulte by zlKayzen to 1496936355
11-06-17 03:00:08 [INFO] [OctoBans] zlkayzen sql checked, record: flood by zlKayzen to 1496937555
11-06-17 03:00:08 [INFO] [OctoBans] zlkayzen sql checked, record: insulte by zlKayzen to 1496936749
11-06-17 03:00:08 [INFO] [OctoBans] zlkayzen sql checked, record: doubleposte by zlKayzen to 1496937459
11-06-17 03:00:08 [INFO] [OctoBans] zlkayzen sql checked, record: flood by zlKayzen to 1496944218
11-06-17 03:00:08 [INFO] [OctoBans] zlkayzen sql checked, record: majuscule by zlKayzen to 1496944657
11-06-17 03:00:08 [INFO] [OctoBans] zlkayzen sql checked, record: provocation by zlKayzen to 1496940358
11-06-17 03:00:08 [INFO] [OctoBans] zlkayzen sql checked, record: insultegrave by zlKayzen to 1496977501
11-06-17 03:00:08 [INFO] [OctoBans] zlkayzen sql checked, record: insultegrave by zlKayzen to 1496977595
11-06-17 03:00:08 [INFO] [OctoBans] zlkayzen sql checked, record: doubleposte by zlKayzen to 1496947033
11-06-17 03:00:08 [INFO] [OctoBans] zlkayzen sql checked, record: faussesinfos by zlKayzen to 1497125079
11-06-17 03:00:08 [INFO] [OctoBans] zlkayzen sql checked, record: doubleposte by zlKayzen to 1497039626
11-06-17 03:00:08 [INFO] [OctoBans] zlkayzen sql checked, record: flood by zlKayzen to 1497042401
11-06-17 03:00:08 [INFO] [OctoBans] zlkayzen sql checked, record: flood by zlKayzen to 1497046482
11-06-17 03:00:08 [INFO] [OctoBans] zlkayzen sql checked, record: doubleposte by zlKayzen to 1497049127
11-06-17 03:00:08 [INFO] [OctoBans] zlkayzen sql checked, record: pubyt by zlKayzen to 1497052619
11-06-17 03:00:08 [INFO] [OctoBans] zlkayzen sql checked, record: insulte by zlKayzen to 1497057462
11-06-17 03:00:08 [INFO] [OctoBans] zlkayzen sql checked, record: doubleposte by zlKayzen to 1497091506
11-06-17 03:00:08 [INFO] [OctoBans] zlkayzen sql checked, record: flood by zlKayzen to 1497105792
11-06-17 03:00:08 [INFO] [OctoBans] zlkayzen sql checked, record: provocation by zlKayzen to 1497107417
11-06-17 03:00:08 [INFO] [OctoBans] zlkayzen sql checked, record: doubleposte by zlKayzen to 1497116355
11-06-17 03:00:08 [INFO] [OctoBans] zlkayzen sql checked, record: faussesinfos by zlKayzen to 1497204782
11-06-17 03:00:44 [INFO] [OctoBans] romlcm89 sql checked, record: doubleposte by Romlcm89 to 1497122291
11-06-17 03:00:44 [INFO] [OctoBans] romlcm89 sql checked, record: insulte by Romlcm89 to 1497125406
11-06-17 03:00:44 [INFO] [OctoBans] romlcm89 sql checked, record: provocation by Romlcm89 to 1497123453
11-06-17 03:00:44 [INFO] [OctoBans] romlcm89 sql checked, record: insulte by Romlcm89 to 1497125768
11-06-17 03:00:44 [INFO] [OctoBans] romlcm89 sql checked, record: doubleposte by Romlcm89 to 1497124186
11-06-17 03:00:44 [INFO] [OctoBans] romlcm89 sql checked, record: insulte by Romlcm89 to 1497128948
11-06-17 03:00:44 [INFO] [OctoBans] romlcm89 sql checked, record: doubleposte by Romlcm89 to 1497130113
11-06-17 03:00:44 [INFO] [OctoBans] romlcm89 sql checked, record: doubleposte by Romlcm89 to 1497130452
11-06-17 03:00:44 [INFO] [OctoBans] romlcm89 sql checked, record: spam by Romlcm89 to 1497136821
11-06-17 03:00:44 [INFO] [OctoBans] romlcm89 sql checked, record: faussesinfos by Romlcm89 to 1497304428
11-06-17 03:00:44 [INFO] [OctoBans] romlcm89 sql checked, record: flood by Romlcm89 to 1497136256
11-06-17 03:00:44 [INFO] [OctoBans] romlcm89 sql checked, record: insulte by Romlcm89 to 1497135868
11-06-17 03:00:44 [INFO] [OctoBans] romlcm89 sql checked, record: doubleposte by Romlcm89 to 1497135408
11-06-17 03:00:44 [INFO] [OctoBans] romlcm89 sql checked, record: doubleposte by Romlcm89 to 1497135757
11-06-17 03:00:44 [INFO] [OctoBans] romlcm89 sql checked, record: doubleposte by Romlcm89 to 1497135493
11-06-17 03:00:44 [INFO] [OctoBans] romlcm89 sql checked, record: insulte by Romlcm89 to 1497137926
11-06-17 03:00:44 [INFO] [OctoBans] romlcm89 sql checked, record: insulte by Romlcm89 to 1497137995
11-06-17 03:00:44 [INFO] [OctoBans] romlcm89 sql checked, record: insultestaff by Romlcm89 to 1497356817
11-06-17 03:00:44 [INFO] [OctoBans] romlcm89 sql checked, record: provocation by Romlcm89 to 1497141932
11-06-17 03:00:44 [INFO] [OctoBans] romlcm89 sql checked, record: spam by Romlcm89 to 1497144672
11-06-17 03:00:44 [INFO] [OctoBans] romlcm89 sql checked, record: spam by Romlcm89 to 1497144772
11-06-17 03:00:44 [INFO] [OctoBans] romlcm89 sql checked, record: provocation by Romlcm89 to 1497143019
11-06-17 03:00:44 [INFO] [OctoBans] romlcm89 sql checked, record: insulte by Romlcm89 to 1497147742
11-06-17 03:00:44 [INFO] [OctoBans] romlcm89 sql checked, record: doubleposte by Romlcm89 to 1497144823
11-06-17 03:01:57 [INFO] [OctoBans] Romlcm89 punished akazede for: Double Poste
11-06-17 03:06:58 [INFO] [OctoBans] Remil punished simyasuoplayer for: Double Poste
11-06-17 03:07:42 [INFO] [OctoBans] Romlcm89 punished ededed91 for: Double Poste
11-06-17 03:09:44 [INFO] [OctoBans] Romlcm89 punished ededed81 for: Double Poste
11-06-17 03:11:39 [INFO] [OctoBans] Romlcm89 punished ededed81 for: Spam/flood
11-06-17 03:19:59 [INFO] [OctoBans] Romlcm89 punished mabilou29 for: Double Poste
11-06-17 03:28:27 [INFO] [OctoBans] Mzeer punished mrbspino517 for: Racisme
11-06-17 03:29:50 [INFO] [OctoBans] SkyKosIV punished bellepatate for: Spam/flood en MP
11-06-17 03:31:00 [INFO] [OctoBans] Mzeer punished zoroto for: Insulte grave
11-06-17 03:31:21 [INFO] [OctoBans] SkyKosIV punished zoroto for: Anti-AFK
11-06-17 03:32:10 [INFO] [OctoBans] SkyKosIV punished imkoozen for: Spam/flood
11-06-17 03:37:45 [INFO] [OctoBans] SkyKosIV punished skhey for: Insulte
11-06-17 03:39:05 [INFO] [OctoBans] SkyKosIV punished angenoir02 for: Insulte staff
11-06-17 03:39:35 [INFO] [OctoBans] SkyKosIV punished trqqp3clqsse for: Spam/flood
11-06-17 03:39:36 [INFO] [OctoBans] xeloman sql checked, record: spammp by SnowEffect to -1
11-06-17 03:39:44 [INFO] [OctoBans] Remil punished skyfan_ytb for: Majuscule
11-06-17 03:42:47 [INFO] [OctoBans] SkyKosIV punished ededed91 for: Spam/flood
11-06-17 03:43:09 [INFO] [OctoBans] SkyKosIV punished ededed91 for: Spam/flood en MP
11-06-17 03:58:22 [INFO] [OctoBans] Romlcm89 punished lolpigman for: Insulte
11-06-17 03:58:45 [INFO] [OctoBans] Romlcm89 punished theo_pveur for: Insulte grave
11-06-17 04:00:16 [INFO] [OctoBans] Romlcm89 punished lolpigman for: Insulte grave
11-06-17 04:05:14 [INFO] [OctoBans] Mzeer punished mehdi1 for: Spam/flood
11-06-17 04:27:12 [INFO] [OctoBans] Remil punished tigro17 for: Insulte grave
11-06-17 04:37:13 [INFO] [OctoBans] ray54 sql checked, record: spammp by SuperJojo to -1
11-06-17 04:43:45 [INFO] [OctoBans] Remil punished tifou_fou for: Langage incorrect
11-06-17 04:46:30 [INFO] [OctoBans] Remil punished itz_smokew33d for: Insulte grave
11-06-17 04:52:29 [INFO] [OctoBans] Remil punished skyizi91 for: Double Poste
11-06-17 04:55:07 [INFO] [OctoBans] Remil punished gamix_yt for: Insulte grave
11-06-17 04:55:22 [INFO] [OctoBans] Remil punished _hello_kitty for: Provocation
11-06-17 04:55:31 [INFO] [OctoBans] Remil punished gamix_yt for: Insulte grave
11-06-17 04:55:52 [INFO] [OctoBans] Remil punished gamix_yt for: Insulte grave
11-06-17 04:56:12 [INFO] [OctoBans] Remil punished gamix_yt for: Insulte grave
11-06-17 04:56:33 [INFO] [OctoBans] Remil punished gamix_yt for: Insulte grave
11-06-17 04:56:53 [INFO] [OctoBans] Remil punished gamix_yt for: Anti-AFK
11-06-17 04:57:39 [INFO] [OctoBans] Remil punished scorpmanskill for: Insulte staff
11-06-17 04:58:14 [INFO] [OctoBans] Remil punished scorpmanskill for: Insulte staff
11-06-17 04:58:35 [INFO] [OctoBans] Remil punished scorpmanskill for: Insulte staff
11-06-17 04:59:03 [INFO] [OctoBans] Remil punished scorpmanskill for: Insulte staff
11-06-17 04:59:32 [INFO] [OctoBans] Remil punished slug for: Insulte grave
11-06-17 04:59:36 [INFO] [OctoBans] sly_panz3r sql checked, record: spammp by SnowEffect to -1
11-06-17 04:59:38 [INFO] [OctoBans] Remil punished scorpmanskill for: Insulte staff
11-06-17 04:59:55 [INFO] [OctoBans] Remil punished slug for: Insulte grave
11-06-17 05:00:26 [INFO] [OctoBans] Mzeer punished slug for: Insulte staff
11-06-17 05:00:40 [INFO] [OctoBans] Remil punished scorpmanskill for: Insulte staff
11-06-17 05:00:58 [INFO] [OctoBans] Remil punished slug for: Anti-AFK
11-06-17 05:01:23 [INFO] [OctoBans] Remil punished scorpmanskill for: TpKill
11-06-17 05:02:22 [INFO] [OctoBans] Remil punished bellepatate for: Spam/flood en MP
11-06-17 06:01:03 [INFO] [OctoBans] Disabling OctoBans v1.0
