25-01-18 22:31:42 [INFO] [OctoBans] File Handler successfully initialized!
25-01-18 22:31:42 [INFO] [OctoBans] SQL connection successfully etablished
25-01-18 22:31:42 [INFO] [OctoBans] Moderator Tools by Octonia.
25-01-18 22:31:47 [INFO] [OctoBans] sangoku sql checked, record: spammp by atsuky to -1
25-01-18 22:31:47 [INFO] [OctoBans] sangoku sql checked, record: spammp by Awesomeboy to -1
25-01-18 22:31:47 [INFO] [OctoBans] sangoku sql checked, record: spammp by Awesomeboy to -1
25-01-18 22:31:47 [INFO] [OctoBans] keezy sql checked, record: spammp by LeRe to -1
25-01-18 22:31:47 [INFO] [OctoBans] keezy sql checked, record: spammp by LeRe to -1
25-01-18 22:31:47 [INFO] [OctoBans] keezy sql checked, record: spammp by ToXiCz_TV to -1
25-01-18 22:31:47 [INFO] [OctoBans] keezy sql checked, record: spammp by FamousxRay to -1
25-01-18 22:31:47 [INFO] [OctoBans] keezy sql checked, record: spammp by FNGOD to -1
25-01-18 22:31:47 [INFO] [OctoBans] ytbibossyt sql checked, record: spammp by atsuky to -1
25-01-18 22:31:47 [INFO] [OctoBans] aparia sql checked, record: spammp by pepedjo to -1
25-01-18 22:31:47 [INFO] [OctoBans] aparia sql checked, record: spammp by pepedjo to -1
25-01-18 22:31:47 [INFO] [OctoBans] aparia sql checked, record: spammp by Evolze to -1
25-01-18 22:31:47 [INFO] [OctoBans] aparia sql checked, record: spammp by FiasK0 to -1
25-01-18 22:31:47 [INFO] [OctoBans] aparia sql checked, record: spammp by atsuky to -1
25-01-18 22:31:47 [INFO] [OctoBans] algorskis_yt sql checked, record: spammp by EW3L to -1
25-01-18 22:31:47 [INFO] [OctoBans] atsuky sql checked, record: spammp by Furiomaniak to -1
25-01-18 22:31:47 [INFO] [OctoBans] atsuky sql checked, record: spammp by Elfideltia to -1
25-01-18 22:32:05 [INFO] [OctoBans] newrdk sql checked, record: spammp by ToXiCz_TV to -1
25-01-18 22:32:06 [INFO] [OctoBans] sipha sql checked, record: spammp by ToXiCz_TV to -1
25-01-18 22:32:07 [INFO] [OctoBans] onflyenrec sql checked, record: spammp by Antoine57565 to -1
25-01-18 22:32:07 [INFO] [OctoBans] onflyenrec sql checked, record: spammp by PseudooNull to -1
25-01-18 22:32:07 [INFO] [OctoBans] onflyenrec sql checked, record: spammp by Elfideltia to -1
25-01-18 22:32:13 [INFO] [OctoBans] deeprodole sql checked, record: spammp by Zayrox29 to -1
25-01-18 22:32:13 [INFO] [OctoBans] deeprodole sql checked, record: spammp by Zayrox29 to -1
25-01-18 22:32:14 [INFO] [OctoBans] progameur sql checked, record: spammp by FiasK0 to -1
25-01-18 22:32:14 [INFO] [OctoBans] progameur sql checked, record: spammp by D3adOrSnipSurYTB to -1
25-01-18 22:32:26 [INFO] [OctoBans] aexraptorz sql checked, record: spammp by Remil to -1
25-01-18 22:32:26 [INFO] [OctoBans] aexraptorz sql checked, record: spammp by PseudooNull to -1
25-01-18 22:32:26 [INFO] [OctoBans] aexraptorz sql checked, record: doubleposte by Elfideltia to 1516919849
25-01-18 22:32:29 [INFO] [OctoBans] darryl1 sql checked, record: spammp by FiasK0 to -1
25-01-18 22:32:29 [INFO] [OctoBans] darryl1 sql checked, record: faussesinfos by atsuky to 1516926308
25-01-18 22:32:36 [INFO] [OctoBans] mcfleury sql checked, record: spammp by Koeseb97 to -1
25-01-18 22:32:57 [INFO] [OctoBans] keen0x sql checked, record: spammp by FNGOD to -1
25-01-18 22:33:04 [INFO] [OctoBans] atsuky punished aparia for: Fausses informations
25-01-18 22:33:56 [INFO] [OctoBans] DEEProdole punished molotof for: Provocation
25-01-18 22:34:36 [INFO] [OctoBans] rdvsurlebloc sql checked, record: spammp by D3adOrSnipSurYTB to -1
25-01-18 22:35:01 [INFO] [OctoBans] chut3000 sql checked, record: spammp by FiasK0 to -1
25-01-18 22:35:01 [INFO] [OctoBans] chut3000 sql checked, record: spammp by Zayrox29 to -1
25-01-18 22:35:01 [INFO] [OctoBans] chut3000 sql checked, record: spammp by NeyTox to -1
25-01-18 22:35:12 [INFO] [OctoBans] freizen64 sql checked, record: insulte by iDecow_ to 1516919871
25-01-18 22:36:58 [INFO] [OctoBans] neytox sql checked, record: spammp by PseudooNull to -1
25-01-18 22:38:51 [INFO] [OctoBans] sadeksuryoutube sql checked, record: insultegrave by Awesomeboy to 1516938289
25-01-18 22:38:51 [INFO] [OctoBans] sadeksuryoutube sql checked, record: insultegrave by SkillBOotiiS to 1517000508
25-01-18 22:41:01 [INFO] [OctoBans] Furiomaniak punished sosfight for: Provocation
25-01-18 22:42:41 [INFO] [OctoBans] weezy sql checked, record: spammp by LeRe to -1
25-01-18 22:43:37 [INFO] [OctoBans] Furiomaniak punished molotof for: Provocation
25-01-18 22:44:55 [INFO] [OctoBans] imperator122 sql checked, record: insultegrave by NeyTox to 1517076923
25-01-18 22:46:55 [INFO] [OctoBans] byskinoz sql checked, record: spammp by OCIP_Matth to -1
25-01-18 22:47:35 [INFO] [OctoBans] fngod sql checked, record: spammp by PseudooNull to -1
25-01-18 22:48:41 [INFO] [OctoBans] azenpvp sql checked, record: spammp by D3adOrSnipSurYTB to -1
25-01-18 22:52:43 [INFO] [OctoBans] atsuky punished ourox_ for: Spam/flood
25-01-18 22:56:21 [INFO] [OctoBans] yeezydu78 sql checked, record: spammp by atsuky to -1
25-01-18 22:57:17 [INFO] [OctoBans] ayzziix sql checked, record: spammp by atsuky to -1
25-01-18 22:57:17 [INFO] [OctoBans] ayzziix sql checked, record: spammp by atsuky to -1
25-01-18 23:02:24 [INFO] [OctoBans] tereure sql checked, record: spammp by Zayrox29 to -1
25-01-18 23:02:24 [INFO] [OctoBans] tereure sql checked, record: spammp by PseudooNull to -1
25-01-18 23:04:22 [INFO] [OctoBans] strongernight sql checked, record: spammp by Elfideltia to -1
25-01-18 23:14:22 [INFO] [OctoBans] racaille76 sql checked, record: spammp by AO_Darkness to -1
25-01-18 23:39:36 [INFO] [OctoBans] dark_t0x sql checked, record: spammp by NiceFR to -1
25-01-18 23:39:36 [INFO] [OctoBans] dark_t0x sql checked, record: spammp by D3adOrSnipSurYTB to -1
25-01-18 23:41:32 [INFO] [OctoBans] pepsicoca sql checked, record: spammp by FiasK0 to -1
25-01-18 23:41:32 [INFO] [OctoBans] pepsicoca sql checked, record: spammp by Elfideltia to -1
25-01-18 23:41:32 [INFO] [OctoBans] pepsicoca sql checked, record: spammp by Elfideltia to -1
25-01-18 23:48:28 [INFO] [OctoBans] DEEProdole punished pepsicoca for: Pub serveur
25-01-18 23:54:14 [INFO] [OctoBans] DEEProdole punished lucyfer1998 for: Spam/flood
26-01-18 00:19:30 [INFO] [OctoBans] tifou_fou sql checked, record: spammp by ToXiCz_TV to -1
26-01-18 01:03:01 [INFO] [OctoBans] agentbeffu2 sql checked, record: spammp by EW3L to -1
26-01-18 06:01:01 [INFO] [OctoBans] Disabling OctoBans v1.0
