07-12-17 22:31:42 [INFO] [OctoBans] File Handler successfully initialized!
07-12-17 22:31:42 [INFO] [OctoBans] SQL connection successfully etablished
07-12-17 22:31:42 [INFO] [OctoBans] Moderator Tools by Octonia.
07-12-17 22:31:46 [INFO] [OctoBans] weezy sql checked, record: spammp by LeRe to -1
07-12-17 22:31:46 [INFO] [OctoBans] weezy sql checked, record: insultegrave by PoukoaMoa to 1512709780
07-12-17 22:31:46 [INFO] [OctoBans] torpail sql checked, record: provocation by SkillBOotiiS to 1512684055
07-12-17 22:31:46 [INFO] [OctoBans] mayeul sql checked, record: spammp by SmooKeur to -1
07-12-17 22:31:47 [INFO] [OctoBans] ayken sql checked, record: spammp by KelianHD to -1
07-12-17 22:32:07 [INFO] [OctoBans] xxdubeskillsxx sql checked, record: spammp by FamousxRay to -1
07-12-17 22:32:12 [INFO] [OctoBans] the_slash sql checked, record: spammp by pepedjo to -1
07-12-17 22:32:12 [INFO] [OctoBans] the_slash sql checked, record: spammp by drbrine to -1
07-12-17 22:32:12 [INFO] [OctoBans] the_slash sql checked, record: spammp by NeyTox to -1
07-12-17 22:32:12 [INFO] [OctoBans] the_slash sql checked, record: doubleposte by EW3L to 1512685900
07-12-17 22:32:30 [INFO] [OctoBans] leminecraftien80 sql checked, record: insultegrave by EW3L to 1513045896
07-12-17 22:32:30 [INFO] [OctoBans] leminecraftien80 sql checked, record: spammp by EW3L to -1
07-12-17 22:32:30 [INFO] [OctoBans] leminecraftien80 sql checked, record: spammp by D3adOrSnipSurYTB to -1
07-12-17 22:32:47 [INFO] [OctoBans] keezy sql checked, record: spammp by LeRe to -1
07-12-17 22:32:47 [INFO] [OctoBans] keezy sql checked, record: spammp by LeRe to -1
07-12-17 22:32:47 [INFO] [OctoBans] keezy sql checked, record: spammp by ToXiCz_TV to -1
07-12-17 22:32:47 [INFO] [OctoBans] keezy sql checked, record: spammp by FamousxRay to -1
07-12-17 22:32:55 [INFO] [OctoBans] virocl sql checked, record: provocation by yeti2001vd to 1512686004
07-12-17 22:33:05 [INFO] [OctoBans] mega_fuzion sql checked, record: spammp by LeRe to -1
07-12-17 22:33:05 [INFO] [OctoBans] mega_fuzion sql checked, record: spam by EW3L to 1512685184
07-12-17 22:33:57 [INFO] [OctoBans] grenousse_pvp sql checked, record: spammp by SmooKeur to -1
07-12-17 22:34:41 [INFO] [OctoBans] snoxx_ sql checked, record: spammp by Kyabe to -1
07-12-17 22:34:41 [INFO] [OctoBans] snoxx_ sql checked, record: spammp by Zoseq to -1
07-12-17 22:34:41 [INFO] [OctoBans] snoxx_ sql checked, record: spammp by tinmar to -1
07-12-17 22:34:41 [INFO] [OctoBans] snoxx_ sql checked, record: spammp by tinmar to -1
07-12-17 22:36:32 [INFO] [OctoBans] minecraft05_yt sql checked, record: spammp by Gamer09 to -1
07-12-17 22:36:32 [INFO] [OctoBans] minecraft05_yt sql checked, record: doubleposte by YTB_XxKarnageXx to 1512683966
07-12-17 22:36:37 [INFO] [OctoBans] fabio sql checked, record: insultegrave by drbrine to 1512875985
07-12-17 22:40:10 [INFO] [OctoBans] zabilotero sql checked, record: spammp by SmooKeur to -1
07-12-17 22:41:01 [INFO] [OctoBans] lsvg sql checked, record: spammp by FamousxRay to -1
07-12-17 22:41:43 [INFO] [OctoBans] romudu269 sql checked, record: provocation by Hkz_Skillon to 1512693491
07-12-17 22:44:37 [INFO] [OctoBans] blacorino sql checked, record: spam by EW3L to 1512683230
07-12-17 22:44:43 [INFO] [OctoBans] blastninja sql checked, record: spammp by LeRe to -1
07-12-17 22:44:43 [INFO] [OctoBans] blastninja sql checked, record: spammp by Zoseq to -1
07-12-17 22:45:54 [INFO] [OctoBans] starman54 sql checked, record: incitationflood by SmooKeur to 1512820915
07-12-17 22:51:06 [INFO] [OctoBans] SmooKeur punished iiwikzz_ for: Fausses informations
07-12-17 22:58:05 [INFO] [OctoBans] batte sql checked, record: spammp by yeti2001vd to -1
07-12-17 22:59:25 [INFO] [OctoBans] blastninja sql checked, record: spammp by LeRe to -1
07-12-17 22:59:25 [INFO] [OctoBans] blastninja sql checked, record: spammp by Zoseq to -1
07-12-17 22:59:30 [INFO] [OctoBans] FiasK0 punished blastninja for: Insulte grave
07-12-17 23:03:48 [INFO] [OctoBans] yeti2001vd punished weed4life for: Double Poste
07-12-17 23:05:44 [INFO] [OctoBans] sadeksuryoutube sql checked, record: spammp by Ourox_ to -1
07-12-17 23:07:02 [INFO] [OctoBans] SkillBOotiiS punished grenousse_pvp for: Insulte grave
07-12-17 23:07:23 [INFO] [OctoBans] SkillBOotiiS punished wsexdr00 for: Provocation
07-12-17 23:07:56 [INFO] [OctoBans] Remil punished zlkayzen for: Provocation
07-12-17 23:13:36 [INFO] [OctoBans] drbrine punished bloodgamer25 for: Provocation
07-12-17 23:16:55 [INFO] [OctoBans] drbrine punished xelopelo for: Double Poste
07-12-17 23:27:43 [INFO] [OctoBans] mgk_tozzzz sql checked, record: spammp by drbrine to -1
08-12-17 00:02:29 [INFO] [OctoBans] FiasK0 punished karlwill for: Insulte serveur
08-12-17 00:10:12 [INFO] [OctoBans] fabio sql checked, record: insultegrave by drbrine to 1512875985
08-12-17 00:15:33 [INFO] [OctoBans] FiasK0 punished damdam51 for: Double Poste
08-12-17 00:21:55 [INFO] [OctoBans] vagosts sql checked, record: spammp by yeti2001vd to -1
08-12-17 00:21:55 [INFO] [OctoBans] vagosts sql checked, record: spammp by FamousxRay to -1
08-12-17 00:22:14 [INFO] [OctoBans] gamix_yt sql checked, record: spammp by Zayrox29 to -1
08-12-17 00:23:22 [INFO] [OctoBans] sangoku sql checked, record: spammp by yeti2001vd to -1
08-12-17 00:38:38 [INFO] [OctoBans] nrgx_sh4d0w sql checked, record: spammp by NeyTox to -1
08-12-17 00:45:53 [INFO] [OctoBans] killerboydu13 sql checked, record: spammp by Evolze to -1
08-12-17 00:45:53 [INFO] [OctoBans] killerboydu13 sql checked, record: spammp by KelianHD to -1
08-12-17 00:45:53 [INFO] [OctoBans] killerboydu13 sql checked, record: spammp by OCIP_Matth to -1
08-12-17 00:45:53 [INFO] [OctoBans] killerboydu13 sql checked, record: spammp by EW3L to -1
08-12-17 01:04:42 [INFO] [OctoBans] zarteck09 sql checked, record: spammp by Hkz_Skillon to -1
08-12-17 02:28:18 [INFO] [OctoBans] xx_after_xx sql checked, record: spammp by FiasK0 to -1
08-12-17 03:02:48 [INFO] [OctoBans] aexraptorz sql checked, record: spammp by Remil to -1
08-12-17 06:01:01 [INFO] [OctoBans] Disabling OctoBans v1.0
