23-01-18 22:31:41 [INFO] [OctoBans] File Handler successfully initialized!
23-01-18 22:31:41 [INFO] [OctoBans] SQL connection successfully etablished
23-01-18 22:31:41 [INFO] [OctoBans] Moderator Tools by Octonia.
23-01-18 22:31:46 [INFO] [OctoBans] sangoku sql checked, record: spammp by atsuky to -1
23-01-18 22:31:46 [INFO] [OctoBans] sangoku sql checked, record: spammp by Awesomeboy to -1
23-01-18 22:31:46 [INFO] [OctoBans] sangoku sql checked, record: spammp by Awesomeboy to -1
23-01-18 22:31:46 [INFO] [OctoBans] lethugdu46 sql checked, record: spammp by PseudooNull to -1
23-01-18 22:31:46 [INFO] [OctoBans] lethugdu46 sql checked, record: spammp by PseudooNull to -1
23-01-18 22:31:46 [INFO] [OctoBans] aparia sql checked, record: spammp by pepedjo to -1
23-01-18 22:31:46 [INFO] [OctoBans] aparia sql checked, record: spammp by pepedjo to -1
23-01-18 22:31:46 [INFO] [OctoBans] aparia sql checked, record: spammp by Evolze to -1
23-01-18 22:31:46 [INFO] [OctoBans] aparia sql checked, record: spammp by FiasK0 to -1
23-01-18 22:31:46 [INFO] [OctoBans] aparia sql checked, record: spammp by atsuky to -1
23-01-18 22:31:46 [INFO] [OctoBans] gameur2007 sql checked, record: insultegrave by SkillBOotiiS to 1516776249
23-01-18 22:32:06 [INFO] [OctoBans] lexbott18 sql checked, record: spammp by atsuky to -1
23-01-18 22:32:06 [INFO] [OctoBans] lexbott18 sql checked, record: spammp by iDecow_ to -1
23-01-18 22:32:11 [INFO] [OctoBans] racaille76 sql checked, record: spammp by AO_Darkness to -1
23-01-18 22:32:28 [INFO] [OctoBans] zeynox sql checked, record: spammp by Zayrox29 to -1
23-01-18 22:32:28 [INFO] [OctoBans] zeynox sql checked, record: spammp by Zoseq to -1
23-01-18 22:32:28 [INFO] [OctoBans] zeynox sql checked, record: spammp by LaKitaw to -1
23-01-18 22:32:28 [INFO] [OctoBans] zeynox sql checked, record: spammp by LaKitaw to -1
23-01-18 22:32:28 [INFO] [OctoBans] zeynox sql checked, record: spammp by LaKitaw to -1
23-01-18 22:32:28 [INFO] [OctoBans] zeynox sql checked, record: spammp by D3adOrSnipSurYTB to -1
23-01-18 22:32:28 [INFO] [OctoBans] zeynox sql checked, record: spammp by Awesomeboy to -1
23-01-18 22:33:02 [INFO] [OctoBans] skybow sql checked, record: spammp by yeti2001vd to -1
23-01-18 22:33:02 [INFO] [OctoBans] skybow sql checked, record: spammp by drbrine to -1
23-01-18 22:33:27 [INFO] [OctoBans] ytbibossyt sql checked, record: spammp by atsuky to -1
23-01-18 22:34:03 [INFO] [OctoBans] silax_ sql checked, record: spammp by atsuky to -1
23-01-18 22:34:15 [INFO] [OctoBans] progameur sql checked, record: spammp by FiasK0 to -1
23-01-18 22:34:15 [INFO] [OctoBans] progameur sql checked, record: spammp by D3adOrSnipSurYTB to -1
23-01-18 22:35:30 [INFO] [OctoBans] pepsicoca sql checked, record: spammp by FiasK0 to -1
23-01-18 22:35:30 [INFO] [OctoBans] pepsicoca sql checked, record: spammp by Elfideltia to -1
23-01-18 22:35:30 [INFO] [OctoBans] pepsicoca sql checked, record: spammp by Elfideltia to -1
23-01-18 22:36:14 [INFO] [OctoBans] agentbeffu2 sql checked, record: spammp by EW3L to -1
23-01-18 22:39:06 [INFO] [OctoBans] bloodgamer25 sql checked, record: spammp by FiasK0 to -1
23-01-18 22:39:49 [INFO] [OctoBans] theohand sql checked, record: spammp by OCIP_Matth to -1
23-01-18 22:42:46 [INFO] [OctoBans] atsuky punished silax_ for: Provocation
23-01-18 22:48:57 [INFO] [OctoBans] neytox sql checked, record: spammp by PseudooNull to -1
23-01-18 22:54:07 [INFO] [OctoBans] silax_ sql checked, record: spammp by atsuky to -1
23-01-18 22:54:07 [INFO] [OctoBans] silax_ sql checked, record: provocation by atsuky to 1516744666
23-01-18 22:57:50 [INFO] [OctoBans] leminecraftien80 sql checked, record: insultegrave by AO_Darkness to 1516848743
23-01-18 22:57:50 [INFO] [OctoBans] leminecraftien80 sql checked, record: spammp by PseudooNull to -1
23-01-18 22:57:50 [INFO] [OctoBans] leminecraftien80 sql checked, record: spammp by Elfideltia to -1
23-01-18 22:57:50 [INFO] [OctoBans] leminecraftien80 sql checked, record: insulte by Elfideltia to 1516754821
23-01-18 22:58:43 [INFO] [OctoBans] atsuky punished comics974 for: Insulte grave
23-01-18 23:00:04 [INFO] [OctoBans] Zayrox29 punished jozzs for: Spam/flood
23-01-18 23:02:33 [INFO] [OctoBans] atsuky punished lasquale for: Double Poste
23-01-18 23:04:10 [INFO] [OctoBans] onflyenrec sql checked, record: spammp by Antoine57565 to -1
23-01-18 23:04:10 [INFO] [OctoBans] onflyenrec sql checked, record: spammp by PseudooNull to -1
23-01-18 23:04:10 [INFO] [OctoBans] onflyenrec sql checked, record: spammp by Elfideltia to -1
23-01-18 23:04:36 [INFO] [OctoBans] keen0x sql checked, record: spammp by FNGOD to -1
23-01-18 23:07:45 [INFO] [OctoBans] Zayrox29 punished keen0x for: Publicité Youtubeur
23-01-18 23:18:38 [INFO] [OctoBans] atsuky punished powka for: Double Poste
23-01-18 23:19:41 [INFO] [OctoBans] atsuky punished lasquale for: Double Poste
23-01-18 23:39:44 [INFO] [OctoBans] aexraptorz sql checked, record: spammp by Remil to -1
23-01-18 23:39:44 [INFO] [OctoBans] aexraptorz sql checked, record: spammp by PseudooNull to -1
23-01-18 23:39:44 [INFO] [OctoBans] aexraptorz sql checked, record: insulte by atsuky to 1516750179
23-01-18 23:40:37 [INFO] [OctoBans] tereure sql checked, record: spammp by Zayrox29 to -1
23-01-18 23:40:37 [INFO] [OctoBans] tereure sql checked, record: spammp by PseudooNull to -1
23-01-18 23:42:45 [INFO] [OctoBans] anatrox sql checked, record: multicompte by PseudooNull to -1
23-01-18 23:54:03 [INFO] [OctoBans] darryl1 sql checked, record: spammp by FiasK0 to -1
23-01-18 23:54:06 [INFO] [OctoBans] Elfideltia punished wazhrod for: Spam/flood
23-01-18 23:55:49 [INFO] [OctoBans] atsuky punished aklyz for: TpKill
23-01-18 23:59:23 [INFO] [OctoBans] gameurs71 sql checked, record: spammp by WeeZix to -1
24-01-18 00:22:20 [INFO] [OctoBans] doli_gaming sql checked, record: spammp by D3adOrSnipSurYTB to -1
24-01-18 01:33:49 [INFO] [OctoBans] modzg sql checked, record: spammp by FiasK0 to -1
24-01-18 02:08:56 [INFO] [OctoBans] _rubilax sql checked, record: spammp by OCIP_Matth to -1
24-01-18 02:35:08 [INFO] [OctoBans] zbeubz sql checked, record: spammp by KelianHD to -1
24-01-18 02:35:08 [INFO] [OctoBans] zbeubz sql checked, record: spammp by pepedjo to -1
24-01-18 02:37:17 [INFO] [OctoBans] xx_after_xx sql checked, record: spammp by FiasK0 to -1
24-01-18 03:07:20 [INFO] [OctoBans] insanity sql checked, record: spammp by PseudooNull to -1
24-01-18 04:35:16 [INFO] [OctoBans] trystanausaure sql checked, record: spammp by Furiomaniak to -1
24-01-18 06:01:02 [INFO] [OctoBans] Disabling OctoBans v1.0
