12-01-18 22:31:42 [INFO] [OctoBans] File Handler successfully initialized!
12-01-18 22:31:42 [INFO] [OctoBans] SQL connection successfully etablished
12-01-18 22:31:42 [INFO] [OctoBans] Moderator Tools by Octonia.
12-01-18 22:31:47 [INFO] [OctoBans] onekill62 sql checked, record: spammp by tinmar to -1
12-01-18 22:31:47 [INFO] [OctoBans] onflyenrec sql checked, record: spammp by Antoine57565 to -1
12-01-18 22:31:47 [INFO] [OctoBans] onflyenrec sql checked, record: spammp by PseudooNull to -1
12-01-18 22:31:47 [INFO] [OctoBans] bytsuyo_ sql checked, record: spammp by Remil to -1
12-01-18 22:31:47 [INFO] [OctoBans] friphiano sql checked, record: spammp by atsuky to -1
12-01-18 22:31:47 [INFO] [OctoBans] friphiano sql checked, record: spammp by OCIP_Matth to -1
12-01-18 22:31:47 [INFO] [OctoBans] friphiano sql checked, record: spammp by PseudooNull to -1
12-01-18 22:31:47 [INFO] [OctoBans] chasseetpeche71 sql checked, record: spammp by FiasK0 to -1
12-01-18 22:31:47 [INFO] [OctoBans] chasseetpeche71 sql checked, record: spammp by PseudooNull to -1
12-01-18 22:31:47 [INFO] [OctoBans] chasseetpeche71 sql checked, record: spammp by FiasK0 to -1
12-01-18 22:31:47 [INFO] [OctoBans] octonono sql checked, record: spammp by Bucky57 to -1
12-01-18 22:31:47 [INFO] [OctoBans] progameur sql checked, record: spammp by FiasK0 to -1
12-01-18 22:31:47 [INFO] [OctoBans] progameur sql checked, record: spammp by D3adOrSnipSurYTB to -1
12-01-18 22:31:47 [INFO] [OctoBans] progameur sql checked, record: homophobie by atsuky to 1515861658
12-01-18 22:31:47 [INFO] [OctoBans] zadoux sql checked, record: spammp by LsAnGfRoId to -1
12-01-18 22:31:48 [INFO] [OctoBans] xx_yz_xx sql checked, record: spammp by SkillBOotiiS to -1
12-01-18 22:31:50 [INFO] [OctoBans] arox02 sql checked, record: spammp by EW3L to -1
12-01-18 22:31:51 [INFO] [OctoBans] theohand sql checked, record: spammp by OCIP_Matth to -1
12-01-18 22:31:52 [INFO] [OctoBans] killeur56 sql checked, record: spammp by PseudooNull to -1
12-01-18 22:31:53 [INFO] [OctoBans] yolloswagg564 sql checked, record: spammp by pepedjo to -1
12-01-18 22:31:55 [INFO] [OctoBans] sipha sql checked, record: spammp by ToXiCz_TV to -1
12-01-18 22:31:55 [INFO] [OctoBans] pandaleroux sql checked, record: spammp by D3adOrSnipSurYTB to -1
12-01-18 22:31:55 [INFO] [OctoBans] pandaleroux sql checked, record: faussesinfos by PseudooNull to 1515874088
12-01-18 22:31:55 [INFO] [OctoBans] pandaleroux sql checked, record: spammp by AO_Darkness to -1
12-01-18 22:31:56 [INFO] [OctoBans] je_rush_en_z sql checked, record: spammp by LaKitaw to -1
12-01-18 22:31:57 [INFO] [OctoBans] zabilotero sql checked, record: spammp by SmooKeur to -1
12-01-18 22:31:57 [INFO] [OctoBans] zabilotero sql checked, record: spammp by PseudooNull to -1
12-01-18 22:32:06 [INFO] [OctoBans] sosfight sql checked, record: spammp by PseudooNull to -1
12-01-18 22:32:27 [INFO] [OctoBans] laura123 sql checked, record: spammp by Remil to -1
12-01-18 22:32:29 [INFO] [OctoBans] _rubilax sql checked, record: spammp by OCIP_Matth to -1
12-01-18 22:32:40 [INFO] [OctoBans] bysadow sql checked, record: insultegrave by PseudooNull to 1515826763
12-01-18 22:32:41 [INFO] [OctoBans] xx_volrod_xx sql checked, record: spammp by EGGSPLOSION to -1
12-01-18 22:32:41 [INFO] [OctoBans] xx_volrod_xx sql checked, record: spammp by PseudooNull to -1
12-01-18 22:32:41 [INFO] [OctoBans] xx_volrod_xx sql checked, record: faussesinfos by PseudooNull to 1515862072
12-01-18 22:32:41 [INFO] [OctoBans] xx_volrod_xx sql checked, record: insultegrave by SkillBOotiiS to 1516211973
12-01-18 22:32:44 [INFO] [OctoBans] cfm_arthur sql checked, record: spammp by Furiomaniak to -1
12-01-18 22:32:48 [INFO] [OctoBans] karibo127 sql checked, record: spammp by FNGOD to -1
12-01-18 22:32:48 [INFO] [OctoBans] karibo127 sql checked, record: spammp by FNGOD to -1
12-01-18 22:32:48 [INFO] [OctoBans] karibo127 sql checked, record: spammp by EGGSPLOSION to -1
12-01-18 22:32:48 [INFO] [OctoBans] karibo127 sql checked, record: spammp by atsuky to -1
12-01-18 22:33:02 [INFO] [OctoBans] lethugdu46 sql checked, record: spammp by FiasK0 to -1
12-01-18 22:33:02 [INFO] [OctoBans] lethugdu46 sql checked, record: faussesinfos by PseudooNull to 1515875641
12-01-18 22:33:02 [INFO] [OctoBans] lethugdu46 sql checked, record: spammp by PseudooNull to -1
12-01-18 22:33:02 [INFO] [OctoBans] lethugdu46 sql checked, record: insulte by Elfideltia to 1515794577
12-01-18 22:33:24 [INFO] [OctoBans] crazy_pvp sql checked, record: spammp by FiasK0 to -1
12-01-18 22:33:24 [INFO] [OctoBans] crazy_pvp sql checked, record: spammp by Remil to -1
12-01-18 22:33:41 [INFO] [OctoBans] lamouche4 sql checked, record: spammp by Hkz_Skillon to -1
12-01-18 22:33:41 [INFO] [OctoBans] lamouche4 sql checked, record: spammp by FiasK0 to -1
12-01-18 22:33:47 [INFO] [OctoBans] fiask0 sql checked, record: spammp by ToXiCz_TV to -1
12-01-18 22:35:08 [INFO] [OctoBans] boblesang sql checked, record: spammp by woimant to -1
12-01-18 22:35:49 [INFO] [OctoBans] romudu269 sql checked, record: insulte by FiasK0 to 1515811835
12-01-18 22:35:59 [INFO] [OctoBans] kitsky sql checked, record: spammp by Gamer09 to -1
12-01-18 22:35:59 [INFO] [OctoBans] kitsky sql checked, record: spammp by OCIP_Matth to -1
12-01-18 22:37:07 [INFO] [OctoBans] leminecraftien80 sql checked, record: insultegrave by WeeZix to 1516214112
12-01-18 22:37:11 [INFO] [OctoBans] batte sql checked, record: spammp by yeti2001vd to -1
12-01-18 22:37:11 [INFO] [OctoBans] batte sql checked, record: spammp by ToXiCz_TV to -1
12-01-18 22:40:48 [INFO] [OctoBans] ibqwze_ sql checked, record: spammp by LsAnGfRoId to -1
12-01-18 22:41:37 [INFO] [OctoBans] bonlol sql checked, record: spammp by WeeZix to -1
12-01-18 22:41:37 [INFO] [OctoBans] bonlol sql checked, record: spammp by LsAnGfRoId to -1
12-01-18 22:41:37 [INFO] [OctoBans] bonlol sql checked, record: spammp by WeeZix to -1
12-01-18 22:41:37 [INFO] [OctoBans] bonlol sql checked, record: spammp by ToXiCz_TV to -1
12-01-18 22:41:37 [INFO] [OctoBans] bonlol sql checked, record: spammp by FiasK0 to -1
12-01-18 22:41:49 [INFO] [OctoBans] black_shadow sql checked, record: spammp by LsAnGfRoId to -1
12-01-18 22:41:49 [INFO] [OctoBans] black_shadow sql checked, record: spammp by Furiomaniak to -1
12-01-18 22:44:42 [INFO] [OctoBans] ktm125sx sql checked, record: spammp by PseudooNull to -1
12-01-18 22:45:06 [INFO] [OctoBans] zeirix_gameur sql checked, record: insultegrave by SkillBOotiiS to 1515823746
12-01-18 22:46:16 [INFO] [OctoBans] yann826 sql checked, record: faussesinfos by PseudooNull to 1515794645
12-01-18 22:46:27 [INFO] [OctoBans] swokip sql checked, record: spammp by WeeZix to -1
12-01-18 22:46:27 [INFO] [OctoBans] swokip sql checked, record: spam by FiasK0 to 1515794601
12-01-18 22:46:56 [INFO] [OctoBans] chut3000 sql checked, record: spammp by FiasK0 to -1
12-01-18 22:46:56 [INFO] [OctoBans] chut3000 sql checked, record: spammp by Zayrox29 to -1
12-01-18 22:46:56 [INFO] [OctoBans] chut3000 sql checked, record: spammp by NeyTox to -1
12-01-18 22:49:18 [INFO] [OctoBans] SkillBOotiiS punished yolod66ici for: Provocation
12-01-18 22:51:15 [INFO] [OctoBans] gramatik sql checked, record: spammp by woimant to -1
12-01-18 22:55:13 [INFO] [OctoBans] hayden_frost sql checked, record: spammp by OCIP_Matth to -1
12-01-18 22:58:03 [INFO] [OctoBans] NeyTox punished gamix_yt for: Insulte grave
12-01-18 22:58:50 [INFO] [OctoBans] keezy sql checked, record: spammp by LeRe to -1
12-01-18 22:58:50 [INFO] [OctoBans] keezy sql checked, record: spammp by LeRe to -1
12-01-18 22:58:50 [INFO] [OctoBans] keezy sql checked, record: spammp by ToXiCz_TV to -1
12-01-18 22:58:50 [INFO] [OctoBans] keezy sql checked, record: spammp by FamousxRay to -1
12-01-18 22:58:50 [INFO] [OctoBans] keezy sql checked, record: spammp by FNGOD to -1
12-01-18 23:09:46 [INFO] [OctoBans] nicro2000 sql checked, record: spammp by EGGSPLOSION to -1
12-01-18 23:12:52 [INFO] [OctoBans] zrk_warthog sql checked, record: spammp by MisterBlazing to -1
12-01-18 23:18:25 [INFO] [OctoBans] mame sql checked, record: spammp by FiasK0 to -1
12-01-18 23:18:25 [INFO] [OctoBans] mame sql checked, record: spammp by Ourox_ to -1
12-01-18 23:18:25 [INFO] [OctoBans] mame sql checked, record: spammp by tinmar to -1
12-01-18 23:19:33 [INFO] [OctoBans] mattys0403 sql checked, record: spammp by pepedjo to -1
12-01-18 23:19:33 [INFO] [OctoBans] mattys0403 sql checked, record: spammp by pepedjo to -1
12-01-18 23:19:33 [INFO] [OctoBans] mattys0403 sql checked, record: spammp by Remil to -1
12-01-18 23:19:33 [INFO] [OctoBans] mattys0403 sql checked, record: spammp by PseudooNull to -1
12-01-18 23:20:13 [INFO] [OctoBans] thecrane sql checked, record: spammp by WeeZix to -1
12-01-18 23:20:13 [INFO] [OctoBans] thecrane sql checked, record: spammp by WeeZix to -1
12-01-18 23:20:13 [INFO] [OctoBans] thecrane sql checked, record: spammp by WeeZix to -1
12-01-18 23:23:42 [INFO] [OctoBans] oth716 sql checked, record: spammp by EGGSPLOSION to -1
12-01-18 23:37:21 [INFO] [OctoBans] dodole1 sql checked, record: spammp by PoukoaMoa to -1
12-01-18 23:37:21 [INFO] [OctoBans] dodole1 sql checked, record: spammp by OCIP_Matth to -1
12-01-18 23:37:21 [INFO] [OctoBans] dodole1 sql checked, record: spammp by Remil to -1
12-01-18 23:37:21 [INFO] [OctoBans] dodole1 sql checked, record: spammp by LaKitaw to -1
12-01-18 23:48:01 [INFO] [OctoBans] PseudooNull punished zertox17 for: TpKill
12-01-18 23:49:31 [INFO] [OctoBans] byskinoz sql checked, record: spammp by OCIP_Matth to -1
12-01-18 23:53:45 [INFO] [OctoBans] newrdk sql checked, record: spammp by ToXiCz_TV to -1
12-01-18 23:55:49 [INFO] [OctoBans] bardaxx_ sql checked, record: spammp by Zoseq to -1
12-01-18 23:58:36 [INFO] [OctoBans] rewd sql checked, record: spammp by Ceraiste to -1
12-01-18 23:58:48 [INFO] [OctoBans] PseudooNull punished yveltal48 for: Spam/flood
13-01-18 00:00:07 [INFO] [OctoBans] PseudooNull punished ustro_puypuy for: Provocation
13-01-18 00:03:06 [INFO] [OctoBans] b4nned_ sql checked, record: menacehack by PseudooNull to 1515934459
13-01-18 00:05:23 [INFO] [OctoBans] NeyTox punished xenotium_pvp for: Spam/flood
13-01-18 00:06:05 [INFO] [OctoBans] bokos sql checked, record: spammp by yeti2001vd to -1
13-01-18 00:06:05 [INFO] [OctoBans] bokos sql checked, record: spammp by yeti2001vd to -1
13-01-18 00:06:05 [INFO] [OctoBans] bokos sql checked, record: spammp by FNGOD to -1
13-01-18 00:06:05 [INFO] [OctoBans] bokos sql checked, record: spammp by EW3L to -1
13-01-18 00:06:05 [INFO] [OctoBans] bokos sql checked, record: spammp by FNGOD to -1
13-01-18 00:07:25 [INFO] [OctoBans] PseudooNull punished fusionix_game for: Double Poste
13-01-18 00:09:37 [INFO] [OctoBans] PseudooNull punished thomas62200 for: Fausses informations
13-01-18 00:11:01 [INFO] [OctoBans] blackwhite010 sql checked, record: spammp by PseudooNull to -1
13-01-18 00:14:07 [INFO] [OctoBans] PseudooNull punished luffy_pvp for: Publicité Youtubeur
13-01-18 00:17:18 [INFO] [OctoBans] PseudooNull punished onflyenrec for: Provocation
13-01-18 00:18:13 [INFO] [OctoBans] PseudooNull punished jtenopot for: Provocation
13-01-18 00:18:51 [INFO] [OctoBans] flowtox sql checked, record: spammp by ToXiCz_TV to -1
13-01-18 00:18:51 [INFO] [OctoBans] flowtox sql checked, record: spammp by ToXiCz_TV to -1
13-01-18 00:21:41 [INFO] [OctoBans] FiasK0 punished clem010 for: Insulte grave
13-01-18 00:22:17 [INFO] [OctoBans] bokos sql checked, record: spammp by yeti2001vd to -1
13-01-18 00:22:17 [INFO] [OctoBans] bokos sql checked, record: spammp by yeti2001vd to -1
13-01-18 00:22:17 [INFO] [OctoBans] bokos sql checked, record: spammp by FNGOD to -1
13-01-18 00:22:17 [INFO] [OctoBans] bokos sql checked, record: spammp by EW3L to -1
13-01-18 00:22:17 [INFO] [OctoBans] bokos sql checked, record: spammp by FNGOD to -1
13-01-18 00:22:29 [INFO] [OctoBans] FiasK0 punished bokos for: Insulte grave
13-01-18 00:23:32 [INFO] [OctoBans] onflyenrec sql checked, record: spammp by Antoine57565 to -1
13-01-18 00:23:32 [INFO] [OctoBans] onflyenrec sql checked, record: spammp by PseudooNull to -1
13-01-18 00:23:32 [INFO] [OctoBans] onflyenrec sql checked, record: provocation by PseudooNull to 1515801738
13-01-18 00:30:39 [INFO] [OctoBans] PseudooNull punished freenoz for: TpKill
13-01-18 00:30:59 [INFO] [OctoBans] PseudooNull punished fusionix_game for: TpKill
13-01-18 00:32:17 [INFO] [OctoBans] samjj68 sql checked, record: spammp by PseudooNull to -1
13-01-18 00:34:04 [INFO] [OctoBans] PseudooNull punished poupounet for: TpKill
13-01-18 00:36:10 [INFO] [OctoBans] keen0x sql checked, record: spammp by FNGOD to -1
13-01-18 00:36:21 [INFO] [OctoBans] FiasK0 punished d4rkg7ost for: Pub serveur
13-01-18 00:38:18 [INFO] [OctoBans] tigro17 sql checked, record: spammp by ToXiCz_TV to -1
13-01-18 00:38:18 [INFO] [OctoBans] tigro17 sql checked, record: spammp by WeeZix to -1
13-01-18 00:38:18 [INFO] [OctoBans] tigro17 sql checked, record: spammp by FiasK0 to -1
13-01-18 00:39:34 [INFO] [OctoBans] PseudooNull punished zeze18 for: TpKill
13-01-18 00:39:51 [INFO] [OctoBans] Elfideltia punished comics974 for: Publicité Youtubeur
13-01-18 00:44:47 [INFO] [OctoBans] atsuky sql checked, record: spammp by EGGSPLOSION to -1
13-01-18 00:46:05 [INFO] [OctoBans] Elfideltia punished neytox for: Majuscule
13-01-18 00:46:11 [INFO] [OctoBans] newrdk sql checked, record: spammp by ToXiCz_TV to -1
13-01-18 00:46:11 [INFO] [OctoBans] newrdk sql checked, record: insulte by NewRDK to 1508942329
13-01-18 00:46:11 [INFO] [OctoBans] newrdk sql checked, record: insultegrave by NewRDK to 1508975904
13-01-18 00:46:11 [INFO] [OctoBans] newrdk sql checked, record: doubleposte by NewRDK to 1508945421
13-01-18 00:46:11 [INFO] [OctoBans] newrdk sql checked, record: doubleposte by NewRDK to 1509098881
13-01-18 00:46:11 [INFO] [OctoBans] newrdk sql checked, record: doubleposte by NewRDK to 1509099817
13-01-18 00:46:11 [INFO] [OctoBans] newrdk sql checked, record: doubleposte by NewRDK to 1509099825
13-01-18 00:46:11 [INFO] [OctoBans] newrdk sql checked, record: provocation by NewRDK to 1509106047
13-01-18 00:46:11 [INFO] [OctoBans] newrdk sql checked, record: spam by NewRDK to 1509110728
13-01-18 00:46:11 [INFO] [OctoBans] newrdk sql checked, record: doubleposte by NewRDK to 1509294107
13-01-18 00:46:11 [INFO] [OctoBans] newrdk sql checked, record: doubleposte by NewRDK to 1509295049
13-01-18 00:46:11 [INFO] [OctoBans] newrdk sql checked, record: doubleposte by NewRDK to 1509294913
13-01-18 00:46:11 [INFO] [OctoBans] newrdk sql checked, record: doubleposte by NewRDK to 1509295290
13-01-18 00:46:11 [INFO] [OctoBans] newrdk sql checked, record: insultegrave by NewRDK to 1509331401
13-01-18 00:46:11 [INFO] [OctoBans] newrdk sql checked, record: spam by NewRDK to 1509300053
13-01-18 00:46:11 [INFO] [OctoBans] newrdk sql checked, record: spam by NewRDK to 1509300061
13-01-18 00:46:11 [INFO] [OctoBans] newrdk sql checked, record: provocation by NewRDK to 1509299976
13-01-18 00:46:11 [INFO] [OctoBans] newrdk sql checked, record: spam by NewRDK to 1509308475
13-01-18 00:46:11 [INFO] [OctoBans] newrdk sql checked, record: insultegrave by NewRDK to 1509373292
13-01-18 00:46:11 [INFO] [OctoBans] newrdk sql checked, record: insultegrave by NewRDK to 1509337298
13-01-18 00:46:11 [INFO] [OctoBans] newrdk sql checked, record: insultesrv by NewRDK to 1509319392
13-01-18 00:46:11 [INFO] [OctoBans] newrdk sql checked, record: insultesrv by NewRDK to 1509319417
13-01-18 00:46:11 [INFO] [OctoBans] newrdk sql checked, record: provocation by NewRDK to 1509302024
13-01-18 00:46:11 [INFO] [OctoBans] newrdk sql checked, record: insultesrv by NewRDK to 1509337440
13-01-18 00:46:11 [INFO] [OctoBans] newrdk sql checked, record: doubleposte by NewRDK to 1509301993
13-01-18 00:46:11 [INFO] [OctoBans] newrdk sql checked, record: pubsrv by NewRDK to 1509363355
13-01-18 00:46:11 [INFO] [OctoBans] newrdk sql checked, record: pubyt by NewRDK to 1509363582
13-01-18 00:46:11 [INFO] [OctoBans] newrdk sql checked, record: doubleposte by NewRDK to 1509361196
13-01-18 00:46:11 [INFO] [OctoBans] newrdk sql checked, record: insulte by NewRDK to 1509362805
13-01-18 00:46:11 [INFO] [OctoBans] newrdk sql checked, record: doubleposte by NewRDK to 1509360708
13-01-18 00:46:11 [INFO] [OctoBans] newrdk sql checked, record: insulte by NewRDK to 1509363290
13-01-18 00:46:11 [INFO] [OctoBans] newrdk sql checked, record: doubleposte by NewRDK to 1509361061
13-01-18 00:46:11 [INFO] [OctoBans] newrdk sql checked, record: spam by NewRDK to 1509364775
13-01-18 00:46:11 [INFO] [OctoBans] newrdk sql checked, record: insulte by NewRDK to 1509363885
13-01-18 00:46:11 [INFO] [OctoBans] newrdk sql checked, record: spam by NewRDK to 1509365594
13-01-18 00:46:11 [INFO] [OctoBans] newrdk sql checked, record: insulte by NewRDK to 1509377078
13-01-18 00:46:11 [INFO] [OctoBans] newrdk sql checked, record: insulte by NewRDK to 1509377651
13-01-18 00:46:11 [INFO] [OctoBans] newrdk sql checked, record: insultegrave by NewRDK to 1509412119
13-01-18 00:46:11 [INFO] [OctoBans] newrdk sql checked, record: insultegrave by NewRDK to 1509413280
13-01-18 00:46:11 [INFO] [OctoBans] newrdk sql checked, record: insultesrv by NewRDK to 1509395726
13-01-18 00:46:11 [INFO] [OctoBans] newrdk sql checked, record: insultegrave by NewRDK to 1509413759
13-01-18 00:46:11 [INFO] [OctoBans] newrdk sql checked, record: insultegrave by NewRDK to 1509449786
13-01-18 00:46:11 [INFO] [OctoBans] newrdk sql checked, record: incitationflood by NewRDK to 1509464276
13-01-18 00:46:11 [INFO] [OctoBans] newrdk sql checked, record: spam by NewRDK to 1509383661
13-01-18 00:46:11 [INFO] [OctoBans] newrdk sql checked, record: doubleposte by NewRDK to 1509403695
13-01-18 00:46:11 [INFO] [OctoBans] newrdk sql checked, record: insultegrave by NewRDK to 1509475623
13-01-18 00:46:11 [INFO] [OctoBans] newrdk sql checked, record: insultegrave by NewRDK to 1509483184
13-01-18 00:46:11 [INFO] [OctoBans] newrdk sql checked, record: doubleposte by NewRDK to 1509455737
13-01-18 00:46:11 [INFO] [OctoBans] newrdk sql checked, record: spam by NewRDK to 1509468497
13-01-18 00:46:11 [INFO] [OctoBans] newrdk sql checked, record: insultegrave by NewRDK to 1509527645
13-01-18 00:46:11 [INFO] [OctoBans] newrdk sql checked, record: doubleposte by NewRDK to 1509456398
13-01-18 00:46:11 [INFO] [OctoBans] newrdk sql checked, record: doubleposte by NewRDK to 1509457481
13-01-18 00:46:11 [INFO] [OctoBans] newrdk sql checked, record: doubleposte by NewRDK to 1509457486
13-01-18 00:46:11 [INFO] [OctoBans] newrdk sql checked, record: doubleposte by NewRDK to 1509574862
13-01-18 00:46:11 [INFO] [OctoBans] newrdk sql checked, record: doubleposte by NewRDK to 1509576613
13-01-18 00:46:11 [INFO] [OctoBans] newrdk sql checked, record: spam by NewRDK to 1509579746
13-01-18 00:46:11 [INFO] [OctoBans] newrdk sql checked, record: insultegrave by NewRDK to 1509613277
13-01-18 00:46:11 [INFO] [OctoBans] newrdk sql checked, record: doubleposte by NewRDK to 1509578925
13-01-18 00:46:11 [INFO] [OctoBans] newrdk sql checked, record: pubyt by NewRDK to 1509584968
13-01-18 00:46:11 [INFO] [OctoBans] newrdk sql checked, record: doubleposte by NewRDK to 1509578743
13-01-18 00:46:11 [INFO] [OctoBans] newrdk sql checked, record: pubyt by NewRDK to 1509619776
13-01-18 00:46:11 [INFO] [OctoBans] newrdk sql checked, record: insulte by NewRDK to 1509619023
13-01-18 00:46:11 [INFO] [OctoBans] newrdk sql checked, record: incitationflood by NewRDK to 1509703178
13-01-18 00:46:11 [INFO] [OctoBans] newrdk sql checked, record: spam by NewRDK to 1509620856
13-01-18 00:46:11 [INFO] [OctoBans] newrdk sql checked, record: spam by NewRDK to 1509620926
13-01-18 00:46:11 [INFO] [OctoBans] newrdk sql checked, record: insulte by NewRDK to 1509662395
13-01-18 00:46:11 [INFO] [OctoBans] newrdk sql checked, record: insultegrave by NewRDK to 1509696012
13-01-18 00:46:11 [INFO] [OctoBans] newrdk sql checked, record: doubleposte by NewRDK to 1509661789
13-01-18 00:46:11 [INFO] [OctoBans] newrdk sql checked, record: spam by NewRDK to 1509665349
13-01-18 00:46:12 [INFO] [OctoBans] FiasK0 punished newrdk for: Spam/flood
13-01-18 01:13:01 [INFO] [OctoBans] atsuky punished onekill62 for: Double Poste
13-01-18 01:14:59 [INFO] [OctoBans] atsuky punished lefifoudu3 for: Incitation au flood
13-01-18 01:15:50 [INFO] [OctoBans] Elfideltia punished tigro17 for: Insulte
13-01-18 01:21:10 [INFO] [OctoBans] atsuky punished chasseur2lion for: Double Poste
13-01-18 01:25:42 [INFO] [OctoBans] PseudooNull punished lethugdu46 for: Provocation
13-01-18 01:30:33 [INFO] [OctoBans] weetiix sql checked, record: spammp by FiasK0 to -1
13-01-18 01:30:33 [INFO] [OctoBans] weetiix sql checked, record: insultegrave by FiasK0 to 1515831226
13-01-18 01:31:55 [INFO] [OctoBans] atsuky punished tigrediamant for: Double Poste
13-01-18 01:32:10 [INFO] [OctoBans] atsuky sql checked, record: spammp by EGGSPLOSION to -1
13-01-18 01:32:10 [INFO] [OctoBans] atsuky sql checked, record: provocation by atsuky to 1514063666
13-01-18 01:32:10 [INFO] [OctoBans] atsuky sql checked, record: pubsrv by atsuky to 1514073784
13-01-18 01:32:10 [INFO] [OctoBans] atsuky sql checked, record: provocation by atsuky to 1514068539
13-01-18 01:32:10 [INFO] [OctoBans] atsuky sql checked, record: provocation by atsuky to 1514068822
13-01-18 01:32:10 [INFO] [OctoBans] atsuky sql checked, record: insulte by atsuky to 1514071425
13-01-18 01:32:10 [INFO] [OctoBans] atsuky sql checked, record: provocation by atsuky to 1514069172
13-01-18 01:32:10 [INFO] [OctoBans] atsuky sql checked, record: provocation by atsuky to 1514086144
13-01-18 01:32:10 [INFO] [OctoBans] atsuky sql checked, record: doubleposte by atsuky to 1514086617
13-01-18 01:32:10 [INFO] [OctoBans] atsuky sql checked, record: spammp by atsuky to -1
13-01-18 01:32:10 [INFO] [OctoBans] atsuky sql checked, record: spammp by atsuky to -1
13-01-18 01:32:10 [INFO] [OctoBans] atsuky sql checked, record: spammp by atsuky to -1
13-01-18 01:32:10 [INFO] [OctoBans] atsuky sql checked, record: doubleposte by atsuky to 1514124394
13-01-18 01:32:10 [INFO] [OctoBans] atsuky sql checked, record: insultegrave by atsuky to 1514162509
13-01-18 01:32:10 [INFO] [OctoBans] atsuky sql checked, record: provocation by atsuky to 1514128199
13-01-18 01:32:10 [INFO] [OctoBans] atsuky sql checked, record: insulte by atsuky to 1514133079
13-01-18 01:32:10 [INFO] [OctoBans] atsuky sql checked, record: insulte by atsuky to 1514136323
13-01-18 01:32:10 [INFO] [OctoBans] atsuky sql checked, record: doubleposte by atsuky to 1514138010
13-01-18 01:32:10 [INFO] [OctoBans] atsuky sql checked, record: spam by atsuky to 1514157260
13-01-18 01:32:10 [INFO] [OctoBans] atsuky sql checked, record: doubleposte by atsuky to 1514145639
13-01-18 01:32:10 [INFO] [OctoBans] atsuky sql checked, record: doubleposte by atsuky to 1514148476
13-01-18 01:32:10 [INFO] [OctoBans] atsuky sql checked, record: doubleposte by atsuky to 1514155694
13-01-18 01:32:10 [INFO] [OctoBans] atsuky sql checked, record: spammp by atsuky to -1
13-01-18 01:32:10 [INFO] [OctoBans] atsuky sql checked, record: provocation by atsuky to 1514157710
13-01-18 01:32:10 [INFO] [OctoBans] atsuky sql checked, record: spam by atsuky to 1514167250
13-01-18 01:32:10 [INFO] [OctoBans] atsuky sql checked, record: spam by atsuky to 1514167290
13-01-18 01:32:10 [INFO] [OctoBans] atsuky sql checked, record: spam by atsuky to 1514167596
13-01-18 01:32:10 [INFO] [OctoBans] atsuky sql checked, record: spammp by atsuky to -1
13-01-18 01:32:10 [INFO] [OctoBans] atsuky sql checked, record: spam by atsuky to 1514235217
13-01-18 01:32:10 [INFO] [OctoBans] atsuky sql checked, record: pubyt by atsuky to 1514224454
13-01-18 01:32:10 [INFO] [OctoBans] atsuky sql checked, record: insulte by atsuky to 1514235549
13-01-18 01:32:10 [INFO] [OctoBans] atsuky sql checked, record: provocation by atsuky to 1514223887
13-01-18 01:32:10 [INFO] [OctoBans] atsuky sql checked, record: spammp by atsuky to -1
13-01-18 01:32:10 [INFO] [OctoBans] atsuky sql checked, record: insultegrave by atsuky to 1514304717
13-01-18 01:32:10 [INFO] [OctoBans] atsuky sql checked, record: spam by atsuky to 1514237274
13-01-18 01:32:10 [INFO] [OctoBans] atsuky sql checked, record: provocation by atsuky to 1514234705
13-01-18 01:32:10 [INFO] [OctoBans] atsuky sql checked, record: spammp by atsuky to -1
13-01-18 01:32:10 [INFO] [OctoBans] atsuky sql checked, record: spammp by atsuky to -1
13-01-18 01:32:10 [INFO] [OctoBans] atsuky sql checked, record: provocation by atsuky to 1514237947
13-01-18 01:32:10 [INFO] [OctoBans] atsuky sql checked, record: spam by atsuky to 1514248853
13-01-18 01:32:10 [INFO] [OctoBans] atsuky sql checked, record: insultesrv by atsuky to 1514263023
13-01-18 01:32:10 [INFO] [OctoBans] atsuky sql checked, record: spammp by atsuky to -1
13-01-18 01:32:10 [INFO] [OctoBans] atsuky sql checked, record: provocation by atsuky to 1514250603
13-01-18 01:32:10 [INFO] [OctoBans] atsuky sql checked, record: spam by atsuky to 1514250815
13-01-18 01:32:10 [INFO] [OctoBans] atsuky sql checked, record: spam by atsuky to 1514253684
13-01-18 01:32:10 [INFO] [OctoBans] atsuky sql checked, record: doubleposte by atsuky to 1514299869
13-01-18 01:32:10 [INFO] [OctoBans] atsuky sql checked, record: spammp by atsuky to -1
13-01-18 01:32:10 [INFO] [OctoBans] atsuky sql checked, record: doubleposte by atsuky to 1514299331
13-01-18 01:32:10 [INFO] [OctoBans] atsuky sql checked, record: provocation by atsuky to 1514299067
13-01-18 01:32:10 [INFO] [OctoBans] atsuky sql checked, record: insultegrave by atsuky to 1514387399
13-01-18 01:32:10 [INFO] [OctoBans] atsuky sql checked, record: doubleposte by atsuky to 1514318687
13-01-18 01:32:10 [INFO] [OctoBans] atsuky sql checked, record: provocation by atsuky to 1514327050
13-01-18 01:32:10 [INFO] [OctoBans] atsuky sql checked, record: insulte by atsuky to 1514335064
13-01-18 01:32:10 [INFO] [OctoBans] atsuky sql checked, record: provocation by atsuky to 1515076164
13-01-18 01:32:10 [INFO] [OctoBans] atsuky sql checked, record: doubleposte by atsuky to 1515594149
13-01-18 01:32:10 [INFO] [OctoBans] atsuky sql checked, record: provocation by atsuky to 1515596915
13-01-18 01:32:10 [INFO] [OctoBans] atsuky sql checked, record: spam by atsuky to 1515649077
13-01-18 01:32:10 [INFO] [OctoBans] atsuky sql checked, record: doubleposte by atsuky to 1515679727
13-01-18 01:32:10 [INFO] [OctoBans] atsuky sql checked, record: spammp by atsuky to -1
13-01-18 01:32:10 [INFO] [OctoBans] atsuky sql checked, record: spammp by atsuky to -1
13-01-18 01:32:10 [INFO] [OctoBans] atsuky sql checked, record: insultegrave by atsuky to 1515755687
13-01-18 01:32:10 [INFO] [OctoBans] atsuky sql checked, record: homophobie by atsuky to 1515770258
13-01-18 01:32:10 [INFO] [OctoBans] atsuky sql checked, record: insultegrave by atsuky to 1515719886
13-01-18 01:32:10 [INFO] [OctoBans] atsuky sql checked, record: spam by atsuky to 1515691327
13-01-18 01:32:10 [INFO] [OctoBans] atsuky sql checked, record: homophobie by atsuky to 1515861658
13-01-18 01:32:10 [INFO] [OctoBans] atsuky sql checked, record: homophobie by atsuky to 1515779263
13-01-18 01:32:10 [INFO] [OctoBans] atsuky sql checked, record: pubsrv by atsuky to 1515780064
13-01-18 01:32:10 [INFO] [OctoBans] atsuky sql checked, record: spammp by atsuky to -1
13-01-18 01:32:10 [INFO] [OctoBans] atsuky sql checked, record: spammp by atsuky to -1
13-01-18 01:32:10 [INFO] [OctoBans] atsuky sql checked, record: provocation by atsuky to 1515777576
13-01-18 01:32:10 [INFO] [OctoBans] atsuky sql checked, record: majuscule by atsuky to 1515783237
13-01-18 01:32:10 [INFO] [OctoBans] atsuky sql checked, record: provocation by atsuky to 1515787723
13-01-18 01:32:10 [INFO] [OctoBans] atsuky sql checked, record: doubleposte by atsuky to 1515803581
13-01-18 01:32:10 [INFO] [OctoBans] atsuky sql checked, record: doubleposte by atsuky to 1515803470
13-01-18 01:32:10 [INFO] [OctoBans] atsuky sql checked, record: doubleposte by atsuky to 1515805615
13-01-18 01:40:50 [INFO] [OctoBans] tereure sql checked, record: spammp by Zayrox29 to -1
13-01-18 01:40:50 [INFO] [OctoBans] tereure sql checked, record: spammp by PseudooNull to -1
13-01-18 01:40:53 [INFO] [OctoBans] atsuky punished maxipepse88 for: Double Poste
13-01-18 01:44:31 [INFO] [OctoBans] atsuky punished _theodu13_ for: Spam/flood en MP
13-01-18 01:44:51 [INFO] [OctoBans] PseudooNull punished aldorbest for: TpKill
13-01-18 01:49:32 [INFO] [OctoBans] atsuky punished _theodu13_ for: Insulte grave
13-01-18 01:51:21 [INFO] [OctoBans] PseudooNull punished cantaloupe_kun for: Spam/flood en MP
13-01-18 01:52:01 [INFO] [OctoBans] PseudooNull punished cantaloupe_kun for: Spam/flood en MP
13-01-18 02:16:27 [INFO] [OctoBans] tomcase14 sql checked, record: spammp by skhey to -1
13-01-18 02:26:02 [INFO] [OctoBans] FiasK0 punished wazhrod for: Insulte grave
13-01-18 02:35:01 [INFO] [OctoBans] FiasK0 punished lethugdu46 for: Spam/flood
13-01-18 04:38:04 [INFO] [OctoBans] ahmed9 sql checked, record: spammp by ToXiCz_TV to -1
13-01-18 05:41:38 [INFO] [OctoBans] mgk_tozzzz sql checked, record: spammp by drbrine to -1
13-01-18 06:01:01 [INFO] [OctoBans] Disabling OctoBans v1.0
