17-06-17 22:31:43 [INFO] [OctoBans] File Handler successfully initialized!
17-06-17 22:31:43 [INFO] [OctoBans] SQL connection successfully etablished
17-06-17 22:31:43 [INFO] [OctoBans] Moderator Tools by Octonia.
17-06-17 22:31:48 [INFO] [OctoBans] lucas59261 sql checked, record: kickautre by ZerKup to -1
17-06-17 22:31:48 [INFO] [OctoBans] lucas59261 sql checked, record: spammp by PseudoNul to -1
17-06-17 22:31:48 [INFO] [OctoBans] lucas59261 sql checked, record: spammp by YTB_XxKarnageXx to -1
17-06-17 22:31:48 [INFO] [OctoBans] lucas59261 sql checked, record: spammp by Remil to -1
17-06-17 22:31:48 [INFO] [OctoBans] vendeur2kebab sql checked, record: langage by SnowEffect to 1497732540
17-06-17 22:31:48 [INFO] [OctoBans] superfilleciel sql checked, record: spammp by Theo97 to -1
17-06-17 22:31:48 [INFO] [OctoBans] superfilleciel sql checked, record: spammp by Remil to -1
17-06-17 22:31:48 [INFO] [OctoBans] superfilleciel sql checked, record: spammp by Remil to -1
17-06-17 22:31:48 [INFO] [OctoBans] maxougaming sql checked, record: spammp by PseudoNul to -1
17-06-17 22:31:48 [INFO] [OctoBans] maxougaming sql checked, record: spammp by PseudoNul to -1
17-06-17 22:31:48 [INFO] [OctoBans] lefifoudu3 sql checked, record: doubleposte by Forway to 1497733450
17-06-17 22:31:48 [INFO] [OctoBans] superjojo sql checked, record: spammp by SkyKosIV to -1
17-06-17 22:31:48 [INFO] [OctoBans] superjojo sql checked, record: spammp by Blubfire to -1
17-06-17 22:31:48 [INFO] [OctoBans] _dragibus_ sql checked, record: spammp by Remil to -1
17-06-17 22:31:48 [INFO] [OctoBans] _dragibus_ sql checked, record: spammp by Remil to -1
17-06-17 22:31:48 [INFO] [OctoBans] _dragibus_ sql checked, record: spammp by Remil to -1
17-06-17 22:31:48 [INFO] [OctoBans] _dragibus_ sql checked, record: spammp by Remil to -1
17-06-17 22:31:48 [INFO] [OctoBans] _dragibus_ sql checked, record: spammp by Remil to -1
17-06-17 22:31:48 [INFO] [OctoBans] _dragibus_ sql checked, record: spammp by Remil to -1
17-06-17 22:31:48 [INFO] [OctoBans] _dragibus_ sql checked, record: spammp by Remil to -1
17-06-17 22:31:48 [INFO] [OctoBans] _dragibus_ sql checked, record: spammp by Remil to -1
17-06-17 22:31:48 [INFO] [OctoBans] _dragibus_ sql checked, record: spammp by Remil to -1
17-06-17 22:31:48 [INFO] [OctoBans] _dragibus_ sql checked, record: spammp by Remil to -1
17-06-17 22:31:48 [INFO] [OctoBans] quickwolf sql checked, record: incitationflood by SuperJojo to 1497806027
17-06-17 22:31:48 [INFO] [OctoBans] _hello_kitty sql checked, record: spammp by Remil to -1
17-06-17 22:31:48 [INFO] [OctoBans] yaya13warrior sql checked, record: insultegrave by SnowEffect to 1497762925
17-06-17 22:31:48 [INFO] [OctoBans] toledo sql checked, record: spammp by Remil to -1
17-06-17 22:31:48 [INFO] [OctoBans] vendeur2tacos sql checked, record: doubleposte by woimant to 1497732537
17-06-17 22:31:48 [INFO] [OctoBans] stickfly sql checked, record: spammp by SnowEffect to -1
17-06-17 22:31:48 [INFO] [OctoBans] hero_show sql checked, record: spam by SuperJojo to 1497734794
17-06-17 22:31:48 [INFO] [OctoBans] ponctuationv2 sql checked, record: insultegrave by Shampoooz to 1497760258
17-06-17 22:31:48 [INFO] [OctoBans] darkgames5962 sql checked, record: spammp by PseudoNul to -1
17-06-17 22:31:52 [INFO] [OctoBans] skyizi91 sql checked, record: spammp by PseudoNul to -1
17-06-17 22:31:52 [INFO] [OctoBans] skyizi91 sql checked, record: spammp by Remil to -1
17-06-17 22:31:52 [INFO] [OctoBans] skyizi91 sql checked, record: spammp by PseudoNul to -1
17-06-17 22:31:52 [INFO] [OctoBans] skyizi91 sql checked, record: insultestaff by SkyKosIV to 1497748512
17-06-17 22:31:52 [INFO] [OctoBans] skyizi91 sql checked, record: spammp by SnowEffect to -1
17-06-17 22:31:53 [INFO] [OctoBans] thedingue sql checked, record: doubleposte by Remil to 1497731651
17-06-17 22:31:55 [INFO] [OctoBans] by_fly sql checked, record: spammp by Remil to -1
17-06-17 22:31:55 [INFO] [OctoBans] toast38yt sql checked, record: spam by Remil to 1497735652
17-06-17 22:31:55 [INFO] [OctoBans] toast38yt sql checked, record: spam by Remil to 1497740529
17-06-17 22:31:56 [INFO] [OctoBans] xavierboussy sql checked, record: doubleposte by woimant to 1497731525
17-06-17 22:31:58 [INFO] [OctoBans] aldorbest sql checked, record: kickautre by Steph078 to -1
17-06-17 22:31:58 [INFO] [OctoBans] aldorbest sql checked, record: doubleposte by Remil to 1497734212
17-06-17 22:31:59 [INFO] [OctoBans] romlcm89 sql checked, record: spammp by YTB_XxKarnageXx to -1
17-06-17 22:31:59 [INFO] [OctoBans] romlcm89 sql checked, record: spammp by PseudoNul to -1
17-06-17 22:31:59 [INFO] [OctoBans] romlcm89 sql checked, record: spammp by PseudoNul to -1
17-06-17 22:31:59 [INFO] [OctoBans] mr_darkgame sql checked, record: spammp by PseudoNul to -1
17-06-17 22:32:00 [INFO] [OctoBans] snoweffect sql checked, record: spammp by SuperJojo to -1
17-06-17 22:32:00 [INFO] [OctoBans] fr0wzen sql checked, record: majuscule by SnowEffect to 1497733720
17-06-17 22:32:01 [INFO] [OctoBans] samybg sql checked, record: spammp by Remil to -1
17-06-17 22:32:13 [INFO] [OctoBans] ruth_skwiz sql checked, record: spammp by Remil to -1
17-06-17 22:32:21 [INFO] [OctoBans] darkai76 sql checked, record: kickautre by Steph078 to -1
17-06-17 22:32:21 [INFO] [OctoBans] darkai76 sql checked, record: kickautre by Antoine57565 to -1
17-06-17 22:32:22 [INFO] [OctoBans] bazoukateur sql checked, record: insultegrave by PseudoNul to 1497801955
17-06-17 22:32:26 [INFO] [OctoBans] kiragon sql checked, record: spammp by SnowEffect to -1
17-06-17 22:32:27 [INFO] [OctoBans] ocip_matth sql checked, record: doubleposte by SkyKosIV to 1497734453
17-06-17 22:32:30 [INFO] [OctoBans] ewensurminecraft sql checked, record: spam by Forway to 1497733621
17-06-17 22:32:33 [INFO] [OctoBans] shouteur sql checked, record: spammp by Remil to -1
17-06-17 22:32:37 [INFO] [OctoBans] isweatazy_ sql checked, record: spammp by Remil to -1
17-06-17 22:32:37 [INFO] [OctoBans] isweatazy_ sql checked, record: spammp by Remil to -1
17-06-17 22:32:37 [INFO] [OctoBans] fragstone sql checked, record: doubleposte by Remil to 1497731839
17-06-17 22:33:15 [INFO] [OctoBans] pppuissance sql checked, record: kickautre by Steph078 to -1
17-06-17 22:33:17 [INFO] [OctoBans] whiskass sql checked, record: spammp by SuperJojo to -1
17-06-17 22:33:43 [INFO] [OctoBans] eglantinette sql checked, record: majuscule by SuperJojo to 1497731850
17-06-17 22:34:00 [INFO] [OctoBans] Remil punished kazas for: Spam/flood
17-06-17 22:34:57 [INFO] [OctoBans] denis018 sql checked, record: spammp by Remil to -1
17-06-17 22:34:57 [INFO] [OctoBans] jaeger sql checked, record: insultegrave by PseudoNul to 1497734886
17-06-17 22:35:07 [INFO] [OctoBans] nico200481 sql checked, record: incitationflood by SuperJojo to 1497806018
17-06-17 22:35:15 [INFO] [OctoBans] fulse50 sql checked, record: spammp by SnowEffect to -1
17-06-17 22:36:04 [INFO] [OctoBans] SnowEffect punished yourri for: Langage incorrect
17-06-17 22:36:25 [INFO] [OctoBans] xbiche13 sql checked, record: faussesinfos by Forway to 1497902562
17-06-17 22:37:26 [INFO] [OctoBans] by_kw3e sql checked, record: kickautre by Antoine57565 to -1
17-06-17 22:38:23 [INFO] [OctoBans] xx_propvp_xx sql checked, record: incitationflood by YTB_XxKarnageXx to 1497801677
17-06-17 22:39:15 [INFO] [OctoBans] samet51 sql checked, record: tpkill by SkyKosIV to 1497732146
17-06-17 22:39:16 [INFO] [OctoBans] v99 sql checked, record: incitationflood by YTB_XxKarnageXx to 1497806005
17-06-17 22:39:49 [INFO] [OctoBans] SnowEffect punished tyzaa for: Provocation
17-06-17 22:40:13 [INFO] [OctoBans] by_fayth sql checked, record: spammp by Remil to -1
17-06-17 22:44:34 [INFO] [OctoBans] Remil punished skyizi91 for: Spam/flood en MP
17-06-17 22:45:50 [INFO] [OctoBans] grm25 sql checked, record: spammp by SuperJojo to -1
17-06-17 22:47:10 [INFO] [OctoBans] Forway punished reweil for: Double Poste
17-06-17 22:47:38 [INFO] [OctoBans] SnowEffect punished gamer09 for: Double Poste
17-06-17 22:48:29 [INFO] [OctoBans] woimant punished xxthekillerhdxx for: Double Poste
17-06-17 22:50:45 [INFO] [OctoBans] SnowEffect punished mr_darkgame for: Double Poste
17-06-17 22:50:54 [INFO] [OctoBans] papigabi sql checked, record: spammp by SnowEffect to -1
17-06-17 22:50:54 [INFO] [OctoBans] papigabi sql checked, record: spammp by SnowEffect to -1
17-06-17 22:51:02 [INFO] [OctoBans] celticevan95 sql checked, record: spammp by SnowEffect to -1
17-06-17 22:52:01 [INFO] [OctoBans] Forway punished zapi for: Double Poste
17-06-17 22:52:28 [INFO] [OctoBans] Remil punished _dragibus_ for: Spam/flood en MP
17-06-17 22:53:04 [INFO] [OctoBans] lassa18 sql checked, record: spammp by Remil to -1
17-06-17 22:53:04 [INFO] [OctoBans] lassa18 sql checked, record: spammp by Remil to -1
17-06-17 22:54:27 [INFO] [OctoBans] Remil punished tyzaa for: Double Poste
17-06-17 22:54:47 [INFO] [OctoBans] Forway punished suki_ for: Langage incorrect
17-06-17 22:55:17 [INFO] [OctoBans] SuperJojo punished wsn99 for: Spam/flood
17-06-17 22:55:35 [INFO] [OctoBans] zkingrage sql checked, record: spammp by PseudoNul to -1
17-06-17 22:55:35 [INFO] [OctoBans] zkingrage sql checked, record: spammp by PseudoNul to -1
17-06-17 22:55:35 [INFO] [OctoBans] zkingrage sql checked, record: spammp by SuperJojo to -1
17-06-17 22:55:57 [INFO] [OctoBans] tipi201 sql checked, record: kickautre by ZerKup to -1
17-06-17 22:57:30 [INFO] [OctoBans] Remil punished denis0181 for: Double Poste
17-06-17 22:58:10 [INFO] [OctoBans] SuperJojo punished vennos93 for: Majuscule
17-06-17 22:58:27 [INFO] [OctoBans] SnowEffect punished helytra for: Insulte grave
17-06-17 22:58:34 [INFO] [OctoBans] Remil punished hobzyii for: Langage incorrect
17-06-17 22:59:19 [INFO] [OctoBans] Remil punished xelf for: Insulte grave
17-06-17 22:59:37 [INFO] [OctoBans] Forway punished whiskass for: Double Poste
17-06-17 22:59:54 [INFO] [OctoBans] SuperJojo punished louis252 for: Double Poste
17-06-17 23:00:00 [INFO] [OctoBans] SuperJojo punished deadkilleur59540 for: Double Poste
17-06-17 23:00:27 [INFO] [OctoBans] matgone01 sql checked, record: spammp by ZerKup to -1
17-06-17 23:00:27 [INFO] [OctoBans] matgone01 sql checked, record: spammp by ZerKup to -1
17-06-17 23:00:27 [INFO] [OctoBans] matgone01 sql checked, record: incitationflood by SuperJojo to 1497801622
17-06-17 23:00:46 [INFO] [OctoBans] skorte2 sql checked, record: incitationflood by SuperJojo to 1497816585
17-06-17 23:01:35 [INFO] [OctoBans] SuperJojo punished xxfloxx19 for: Insulte grave
17-06-17 23:01:40 [INFO] [OctoBans] sosofb sql checked, record: spammp by Theo97 to -1
17-06-17 23:01:40 [INFO] [OctoBans] sosofb sql checked, record: spammp by SkyKosIV to -1
17-06-17 23:03:43 [INFO] [OctoBans] SuperJojo punished sky_jasper for: Double Poste
17-06-17 23:05:36 [INFO] [OctoBans] norman999 sql checked, record: faussesinfos by SnowEffect to 1497809695
17-06-17 23:05:36 [INFO] [OctoBans] norman999 sql checked, record: spammp by Remil to -1
17-06-17 23:05:36 [INFO] [OctoBans] norman999 sql checked, record: spammp by Remil to -1
17-06-17 23:07:32 [INFO] [OctoBans] kanekiiiii sql checked, record: kickautre by Steph078 to -1
17-06-17 23:07:32 [INFO] [OctoBans] kanekiiiii sql checked, record: spammp by Remil to -1
17-06-17 23:07:32 [INFO] [OctoBans] kanekiiiii sql checked, record: spammp by Remil to -1
17-06-17 23:07:32 [INFO] [OctoBans] kanekiiiii sql checked, record: insultestaff by PseudoNul to 1497740549
17-06-17 23:07:32 [INFO] [OctoBans] kanekiiiii sql checked, record: insultestaff by PseudoNul to 1497776589
17-06-17 23:07:32 [INFO] [OctoBans] kanekiiiii sql checked, record: spammp by PseudoNul to -1
17-06-17 23:08:24 [INFO] [OctoBans] o_maledictus sql checked, record: insultegrave by YTB_XxKarnageXx to 1497739392
17-06-17 23:09:22 [INFO] [OctoBans] Blubfire punished karimospvp for: TpKill
17-06-17 23:13:30 [INFO] [OctoBans] itz_smokew33d sql checked, record: spammp by Remil to -1
17-06-17 23:15:24 [INFO] [OctoBans] SnowEffect punished xxbarbarxx for: Double Poste
17-06-17 23:16:09 [INFO] [OctoBans] SnowEffect punished laskmaster for: Double Poste
17-06-17 23:16:27 [INFO] [OctoBans] zrk_warthog sql checked, record: spammp by Remil to -1
17-06-17 23:17:44 [INFO] [OctoBans] Forway punished kiragon for: Double Poste
17-06-17 23:18:30 [INFO] [OctoBans] Forway punished darkgames5962 for: Spam/flood
17-06-17 23:20:46 [INFO] [OctoBans] PseudoNul punished venumoff for: Double Poste
17-06-17 23:21:00 [INFO] [OctoBans] PseudoNul punished yaya13warrior for: Spam/flood en MP
17-06-17 23:21:33 [INFO] [OctoBans] SnowEffect punished by_kw3e for: Double Poste
17-06-17 23:24:22 [INFO] [OctoBans] walterwhite sql checked, record: spammp by SuperJojo to -1
17-06-17 23:24:22 [INFO] [OctoBans] walterwhite sql checked, record: incitationflood by SuperJojo to 1497888203
17-06-17 23:28:08 [INFO] [OctoBans] SnowEffect punished razoniack for: Majuscule
17-06-17 23:28:32 [INFO] [OctoBans] dodole1 sql checked, record: spammp by SuperJojo to -1
17-06-17 23:29:06 [INFO] [OctoBans] SnowEffect punished hey_darkness for: Provocation
17-06-17 23:29:30 [INFO] [OctoBans] SkyKosIV punished d4rk_g4m1ng for: Double Poste
17-06-17 23:30:43 [INFO] [OctoBans] SnowEffect punished laskmaster for: Spam/flood en MP
17-06-17 23:34:04 [INFO] [OctoBans] Remil punished pixe3 for: Double Poste
17-06-17 23:34:08 [INFO] [OctoBans] PseudoNul punished thenounours62 for: Double Poste
17-06-17 23:34:59 [INFO] [OctoBans] swiftstay sql checked, record: spammp by Remil to -1
17-06-17 23:34:59 [INFO] [OctoBans] swiftstay sql checked, record: spammp by Remil to -1
17-06-17 23:35:10 [INFO] [OctoBans] Forway punished enzo_18 for: Double Poste
17-06-17 23:38:14 [INFO] [OctoBans] charifboss sql checked, record: spammp by Blubfire to -1
17-06-17 23:40:48 [INFO] [OctoBans] prixox sql checked, record: incitationflood by SuperJojo to 1497806032
17-06-17 23:42:04 [INFO] [OctoBans] Forway punished theoklm57 for: Langage incorrect
17-06-17 23:43:09 [INFO] [OctoBans] Forway punished xxfortmort for: Double Poste
17-06-17 23:44:29 [INFO] [OctoBans] korgnar sql checked, record: spammp by SuperJojo to -1
17-06-17 23:46:32 [INFO] [OctoBans] PseudoNul punished x_capelicorn for: TpKill
17-06-17 23:47:26 [INFO] [OctoBans] SkyKosIV punished oissime for: Double Poste
17-06-17 23:49:22 [INFO] [OctoBans] PseudoNul punished theblackmask92 for: Double Poste
17-06-17 23:51:28 [INFO] [OctoBans] Blubfire punished remil for: Anti-AFK
17-06-17 23:51:44 [INFO] [OctoBans] PseudoNul punished leminecraftien80 for: Provocation
17-06-17 23:51:47 [INFO] [OctoBans] steph078 sql checked, record: spammp by Blubfire to -1
17-06-17 23:51:47 [INFO] [OctoBans] steph078 sql checked, record: spammp by Blubfire to -1
17-06-17 23:53:28 [INFO] [OctoBans] Remil punished samir93 for: Provocation
17-06-17 23:53:54 [INFO] [OctoBans] Remil punished korgnar for: Double Poste
17-06-17 23:54:12 [INFO] [OctoBans] Remil punished automan for: Double Poste
17-06-17 23:59:15 [INFO] [OctoBans] Remil punished luluplaying for: Double Poste
18-06-17 00:03:26 [INFO] [OctoBans] Forway punished fayc59yt for: Insulte serveur
18-06-17 00:03:57 [INFO] [OctoBans] zozodu14 punished theoklm57 for: Double Poste
18-06-17 00:04:20 [INFO] [OctoBans] zozodu14 punished snowboy18 for: Double Poste
18-06-17 00:04:49 [INFO] [OctoBans] Remil punished luluplaying for: Spam/flood en MP
18-06-17 00:05:43 [INFO] [OctoBans] Forway punished korgnar for: Langage incorrect
18-06-17 00:10:29 [INFO] [OctoBans] PseudoNul punished vava for: TpKill
18-06-17 00:13:46 [INFO] [OctoBans] vavane sql checked, record: incitationflood by SkyKosIV to 1497814309
18-06-17 00:25:36 [INFO] [OctoBans] Remil punished tewrealzhcf for: Spam/flood
18-06-17 00:25:49 [INFO] [OctoBans] Remil punished yazhrod__ for: Insulte staff
18-06-17 00:25:53 [INFO] [OctoBans] Remil punished osilol for: Insulte staff
18-06-17 00:26:05 [INFO] [OctoBans] Remil punished xfireman for: Insulte staff
18-06-17 00:26:58 [INFO] [OctoBans] Remil punished tewrealzhcf for: Spam/flood en MP
18-06-17 00:27:48 [INFO] [OctoBans] Remil punished ayyildiztr for: Double Poste
18-06-17 00:27:53 [INFO] [OctoBans] Remil punished tewrealzhcf for: Anti-AFK
18-06-17 00:32:51 [INFO] [OctoBans] ytb_xxkarnagexx sql checked, record: kickautre by Steph078 to -1
18-06-17 00:33:18 [INFO] [OctoBans] YTB_XxKarnageXx punished samtiboss for: Double Poste
18-06-17 00:36:47 [INFO] [OctoBans] SkyKosIV punished tifou_fou for: Provocation
18-06-17 00:37:24 [INFO] [OctoBans] ilos94 sql checked, record: spammp by SuperJojo to -1
18-06-17 00:38:26 [INFO] [OctoBans] SkyKosIV punished samtiboss for: Publicité Youtubeur
18-06-17 00:38:49 [INFO] [OctoBans] Remil punished theblackmask92 for: Double Poste
18-06-17 00:53:12 [INFO] [OctoBans] YTB_XxKarnageXx punished laila for: Double Poste
18-06-17 00:58:38 [INFO] [OctoBans] ext4zzy sql checked, record: spammp by Remil to -1
18-06-17 00:58:38 [INFO] [OctoBans] ext4zzy sql checked, record: spammp by Remil to -1
18-06-17 00:58:38 [INFO] [OctoBans] ext4zzy sql checked, record: spammp by Remil to -1
18-06-17 00:58:38 [INFO] [OctoBans] ext4zzy sql checked, record: spammp by SuperJojo to -1
18-06-17 00:58:38 [INFO] [OctoBans] ext4zzy sql checked, record: kickautre by Steph078 to -1
18-06-17 00:58:38 [INFO] [OctoBans] ext4zzy sql checked, record: spammp by SuperJojo to -1
18-06-17 00:58:38 [INFO] [OctoBans] ext4zzy sql checked, record: spammp by Remil to -1
18-06-17 00:58:38 [INFO] [OctoBans] ext4zzy sql checked, record: spammp by Remil to -1
18-06-17 01:01:18 [INFO] [OctoBans] marchandloup sql checked, record: spammp by Remil to -1
18-06-17 01:06:29 [INFO] [OctoBans] SkyKosIV punished isnickz for: Insulte
18-06-17 01:06:31 [INFO] [OctoBans] YTB_XxKarnageXx punished cmbnatural for: Trahison
18-06-17 01:08:37 [INFO] [OctoBans] cmbnatural sql checked, record: trahisonforum by YTB_XxKarnageXx to -1
18-06-17 01:09:29 [INFO] [OctoBans] YTB_XxKarnageXx punished pvp_thibaut_pvp for: Provocation
18-06-17 01:10:23 [INFO] [OctoBans] stonewolf sql checked, record: spammp by SuperJojo to -1
18-06-17 01:10:39 [INFO] [OctoBans] YTB_XxKarnageXx punished kayisleroilebg for: Majuscule
18-06-17 01:11:49 [INFO] [OctoBans] mrbspino517 sql checked, record: spammp by SnowEffect to -1
18-06-17 01:12:09 [INFO] [OctoBans] SkyKosIV punished toxicz_tv for: Langage incorrect
18-06-17 01:15:06 [INFO] [OctoBans] sunfall sql checked, record: spammp by Remil to -1
18-06-17 01:16:49 [INFO] [OctoBans] sunfall sql checked, record: spammp by Remil to -1
18-06-17 01:16:59 [INFO] [OctoBans] YTB_XxKarnageXx punished sunfall for: TpKill
18-06-17 01:21:57 [INFO] [OctoBans] YTB_XxKarnageXx punished ilos94 for: Majuscule
18-06-17 01:23:02 [INFO] [OctoBans] SkyKosIV punished dodole1 for: Spam/flood
18-06-17 01:29:57 [INFO] [OctoBans] cmbnatural sql checked, record: trahisonforum by YTB_XxKarnageXx to -1
18-06-17 01:32:35 [INFO] [OctoBans] YTB_XxKarnageXx punished claudelemineur for: Fausses informations
18-06-17 01:33:23 [INFO] [OctoBans] YTB_XxKarnageXx punished yassir321 for: Double Poste
18-06-17 01:33:54 [INFO] [OctoBans] Remil punished unpandaquitebute for: Majuscule
18-06-17 01:39:47 [INFO] [OctoBans] diablotin sql checked, record: spammp by SuperJojo to -1
18-06-17 01:42:40 [INFO] [OctoBans] YTB_XxKarnageXx punished sullyman76 for: Double Poste
18-06-17 01:43:51 [INFO] [OctoBans] Remil punished bfa69 for: Double Poste
18-06-17 01:43:51 [INFO] [OctoBans] ray54 sql checked, record: spammp by SuperJojo to -1
18-06-17 01:45:39 [INFO] [OctoBans] ayzen sql checked, record: spammp by Blubfire to -1
18-06-17 01:45:39 [INFO] [OctoBans] ayzen sql checked, record: spammp by SkyKosIV to -1
18-06-17 01:45:41 [INFO] [OctoBans] Remil punished skeiblue100 for: Majuscule
18-06-17 01:46:44 [INFO] [OctoBans] SkyKosIV punished ayzen for: Majuscule
18-06-17 01:52:55 [INFO] [OctoBans] SkyKosIV punished tryityx for: Publicité Youtubeur
18-06-17 01:59:22 [INFO] [OctoBans] mrkebab sql checked, record: spammp by SuperJojo to -1
18-06-17 02:30:35 [INFO] [OctoBans] SkyKosIV punished snyperelite for: Spam/flood
18-06-17 02:35:23 [INFO] [OctoBans] SkyKosIV punished pandazzz for: Insulte grave
18-06-17 02:44:08 [INFO] [OctoBans] alae_59 sql checked, record: incitationflood by SuperJojo to 1497801703
18-06-17 03:05:30 [INFO] [OctoBans] safoufoucraft00 sql checked, record: spammp by YTB_XxKarnageXx to -1
18-06-17 03:14:32 [INFO] [OctoBans] SkyKosIV punished unpandaquitebute for: Spam/flood
18-06-17 03:16:35 [INFO] [OctoBans] blackwhite010 sql checked, record: spammp by PseudoNul to -1
18-06-17 03:19:47 [INFO] [OctoBans] siplyoyt sql checked, record: spammp by PseudoNul to -1
18-06-17 03:29:20 [INFO] [OctoBans] SkyKosIV punished swichdi for: Insulte serveur
18-06-17 03:32:45 [INFO] [OctoBans] grenousse_pvp sql checked, record: spammp by YTB_XxKarnageXx to -1
18-06-17 03:43:37 [INFO] [OctoBans] SkyKosIV punished zvzisneak for: Double Poste
18-06-17 04:16:44 [INFO] [OctoBans] eliees sql checked, record: spammp by SkyKosIV to -1
18-06-17 04:24:55 [INFO] [OctoBans] bellepatate sql checked, record: spammp by SkyKosIV to -1
18-06-17 04:24:55 [INFO] [OctoBans] bellepatate sql checked, record: spammp by Remil to -1
18-06-17 05:05:51 [INFO] [OctoBans] Steph078 punished bellepatate for: Double Poste
18-06-17 05:06:28 [INFO] [OctoBans] Steph078 punished isnickz for: Langage incorrect
18-06-17 05:07:15 [INFO] [OctoBans] Steph078 punished enzo_18 for: Spam/flood
18-06-17 05:08:58 [INFO] [OctoBans] Steph078 punished mgk_tozzzz for: Double Poste
18-06-17 05:12:37 [INFO] [OctoBans] Steph078 punished frishi05 for: Spam/flood
18-06-17 05:30:23 [INFO] [OctoBans] Steph078 punished bellepatate for: Spam/flood en MP
18-06-17 05:56:17 [INFO] [OctoBans] Steph078 punished da_fail_troll for: Double Poste
18-06-17 06:01:02 [INFO] [OctoBans] Disabling OctoBans v1.0
