08-08-17 22:31:42 [INFO] [OctoBans] File Handler successfully initialized!
08-08-17 22:31:42 [INFO] [OctoBans] SQL connection successfully etablished
08-08-17 22:31:42 [INFO] [OctoBans] Moderator Tools by Octonia.
08-08-17 22:31:48 [INFO] [OctoBans] _personne_ sql checked, record: spam by Remil to 1502227299
08-08-17 22:31:48 [INFO] [OctoBans] papigabi sql checked, record: spammp by SmooKeur to -1
08-08-17 22:31:48 [INFO] [OctoBans] papigabi sql checked, record: insultestaff by The_Frusty to 1502274356
08-08-17 22:31:48 [INFO] [OctoBans] instateproofy sql checked, record: spammp by Remil to -1
08-08-17 22:31:48 [INFO] [OctoBans] instateproofy sql checked, record: spammp by Remil to -1
08-08-17 22:31:48 [INFO] [OctoBans] dark_titix sql checked, record: spammp by Remil to -1
08-08-17 22:31:48 [INFO] [OctoBans] dark_titix sql checked, record: spammp by Remil to -1
08-08-17 22:31:48 [INFO] [OctoBans] dark_titix sql checked, record: langage by _Hello_Kitty to 1502225731
08-08-17 22:31:48 [INFO] [OctoBans] janluck sql checked, record: spam by The_Frusty to 1502228401
08-08-17 22:31:48 [INFO] [OctoBans] mathis81 sql checked, record: spammp by Steph078 to -1
08-08-17 22:31:48 [INFO] [OctoBans] mathis81 sql checked, record: spammp by Steph078 to -1
08-08-17 22:31:48 [INFO] [OctoBans] mathis81 sql checked, record: doubleposte by YTB_XxKarnageXx to 1502224738
08-08-17 22:31:48 [INFO] [OctoBans] xboymax sql checked, record: spammp by YTB_XxKarnageXx to -1
08-08-17 22:31:48 [INFO] [OctoBans] xboymax sql checked, record: spammp by tinmar to -1
08-08-17 22:31:48 [INFO] [OctoBans] xboymax sql checked, record: kickautre by CreepyEagle to -1
08-08-17 22:31:48 [INFO] [OctoBans] xboymax sql checked, record: spammp by tinmar to -1
08-08-17 22:31:48 [INFO] [OctoBans] xboymax sql checked, record: spammp by YTB_XxKarnageXx to -1
08-08-17 22:31:48 [INFO] [OctoBans] azertuip sql checked, record: spammp by Remil to -1
08-08-17 22:31:48 [INFO] [OctoBans] tyzaa sql checked, record: spammp by PseudoNul to -1
08-08-17 22:31:48 [INFO] [OctoBans] tyzaa sql checked, record: spammp by drbrine to -1
08-08-17 22:31:48 [INFO] [OctoBans] tyzaa sql checked, record: faussesinfos by LaKitaw to 1502401164
08-08-17 22:31:48 [INFO] [OctoBans] gaming_clash sql checked, record: spammp by SkyKosIV to -1
08-08-17 22:31:48 [INFO] [OctoBans] darkinggaming sql checked, record: floodmp by Forway to -1
08-08-17 22:31:55 [INFO] [OctoBans] nobodykinghd sql checked, record: doubleposte by Remil to 1502224595
08-08-17 22:31:56 [INFO] [OctoBans] xxrandomxx sql checked, record: spammp by SmooKeur to -1
08-08-17 22:32:03 [INFO] [OctoBans] c4mp3urx9 sql checked, record: langage by Shouteur to 1502225591
08-08-17 22:32:05 [INFO] [OctoBans] _supreme_gamer_ sql checked, record: spammp by SnowEffect to -1
08-08-17 22:32:05 [INFO] [OctoBans] _supreme_gamer_ sql checked, record: insultegrave by Remil to 1502259786
08-08-17 22:32:12 [INFO] [OctoBans] _dragibus_ sql checked, record: spammp by Remil to -1
08-08-17 22:32:12 [INFO] [OctoBans] _dragibus_ sql checked, record: faussesinfos by Shouteur to 1502476600
08-08-17 22:32:18 [INFO] [OctoBans] zizou03 sql checked, record: spammp by drbrine to -1
08-08-17 22:32:25 [INFO] [OctoBans] deeprodole sql checked, record: spammp by SnowEffect to -1
08-08-17 22:32:25 [INFO] [OctoBans] deeprodole sql checked, record: spammp by Steph078 to -1
08-08-17 22:32:29 [INFO] [OctoBans] Remil punished 0verd00se_ for: Double Poste
08-08-17 22:32:40 [INFO] [OctoBans] sylvain12 sql checked, record: incitationflood by SmooKeur to 1502225136
08-08-17 22:32:47 [INFO] [OctoBans] elumix sql checked, record: insultegrave by Wiindows to 1502352298
08-08-17 22:32:57 [INFO] [OctoBans] JustMySkill punished mr_cookies012 for: Spam/flood
08-08-17 22:33:03 [INFO] [OctoBans] mistergamingv2 sql checked, record: spammp by Remil to -1
08-08-17 22:33:03 [INFO] [OctoBans] mistergamingv2 sql checked, record: spammp by YTB_XxKarnageXx to -1
08-08-17 22:33:11 [INFO] [OctoBans] produpvp sql checked, record: spam by The_Frusty to 1502230743
08-08-17 22:33:18 [INFO] [OctoBans] Remil punished mr_cookies012 for: Double Poste
08-08-17 22:33:53 [INFO] [OctoBans] mrkebab sql checked, record: spammp by SuperJojo to -1
08-08-17 22:33:53 [INFO] [OctoBans] mrkebab sql checked, record: spammp by SuperJojo to -1
08-08-17 22:33:53 [INFO] [OctoBans] mrkebab sql checked, record: spammp by Remil to -1
08-08-17 22:33:58 [INFO] [OctoBans] lefoufou sql checked, record: spammp by Remil to -1
08-08-17 22:33:59 [INFO] [OctoBans] pegasoni121 sql checked, record: spam by hurycedaniel to 1502227963
08-08-17 22:34:03 [INFO] [OctoBans] jasoxx sql checked, record: spammp by iPurple_ to -1
08-08-17 22:34:03 [INFO] [OctoBans] jasoxx sql checked, record: spammp by drbrine to -1
08-08-17 22:34:03 [INFO] [OctoBans] jasoxx sql checked, record: spammp by drbrine to -1
08-08-17 22:34:03 [INFO] [OctoBans] jasoxx sql checked, record: spammp by drbrine to -1
08-08-17 22:34:11 [INFO] [OctoBans] batte sql checked, record: spammp by SuperJojo to -1
08-08-17 22:34:13 [INFO] [OctoBans] Remil punished titi_06 for: Spam/flood en MP
08-08-17 22:34:16 [INFO] [OctoBans] riyane6122 sql checked, record: spammp by SkyKosIV to -1
08-08-17 22:34:22 [INFO] [OctoBans] flytrack sql checked, record: incitationflood by Xylear to 1502468697
08-08-17 22:34:28 [INFO] [OctoBans] pepsicoca sql checked, record: spammp by Steph078 to -1
08-08-17 22:34:35 [INFO] [OctoBans] xxblueskyxx sql checked, record: insultegrave by _Hello_Kitty to 1502254282
08-08-17 22:34:38 [INFO] [OctoBans] keke91270 sql checked, record: insultegrave by SkyKosIV to 1502239168
08-08-17 22:34:42 [INFO] [OctoBans] neox_ytb sql checked, record: spammp by iPurple_ to -1
08-08-17 22:34:42 [INFO] [OctoBans] neox_ytb sql checked, record: spammp by PseudoNul to -1
08-08-17 22:34:51 [INFO] [OctoBans] YTB_XxKarnageXx punished le_clodov2 for: Langage incorrect
08-08-17 22:35:16 [INFO] [OctoBans] plmon sql checked, record: doubleposte by Remil to 1502225499
08-08-17 22:36:13 [INFO] [OctoBans] arsenic_ytb sql checked, record: spammp by Remil to -1
08-08-17 22:36:13 [INFO] [OctoBans] arsenic_ytb sql checked, record: spammp by iPurple_ to -1
08-08-17 22:37:22 [INFO] [OctoBans] sacha33340 sql checked, record: spammp by ZerKup to -1
08-08-17 22:37:22 [INFO] [OctoBans] sacha33340 sql checked, record: incitationflood by SkyKosIV to 1502276035
08-08-17 22:37:22 [INFO] [OctoBans] sacha33340 sql checked, record: faussesinfos by SkyKosIV to 1502376735
08-08-17 22:37:26 [INFO] [OctoBans] YTB_XxKarnageXx punished jtekenbtrd for: Insulte grave
08-08-17 22:37:31 [INFO] [OctoBans] leplusfortdu56 sql checked, record: spammp by SkyKosIV to -1
08-08-17 22:38:51 [INFO] [OctoBans] mrkabab sql checked, record: spammp by Remil to -1
08-08-17 22:38:51 [INFO] [OctoBans] mrkabab sql checked, record: majuscule by Remil to 1502225363
08-08-17 22:39:04 [INFO] [OctoBans] Remil punished thegost for: Provocation
08-08-17 22:39:06 [INFO] [OctoBans] YTB_XxKarnageXx punished gabinxxx for: Insulte
08-08-17 22:39:19 [INFO] [OctoBans] Remil punished shudoxx for: Double Poste
08-08-17 22:39:49 [INFO] [OctoBans] twyz__ sql checked, record: insultegrave by YTB_XxKarnageXx to 1502225066
08-08-17 22:42:00 [INFO] [OctoBans] thedingue sql checked, record: langage by TheBrioche13 to 1502225182
08-08-17 22:42:45 [INFO] [OctoBans] JustMySkill punished le_clodov2 for: Langage incorrect
08-08-17 22:42:46 [INFO] [OctoBans] Remil punished swikey_ for: Spam/flood en MP
08-08-17 22:42:53 [INFO] [OctoBans] xelio57 sql checked, record: spammp by SnowEffect to -1
08-08-17 22:43:00 [INFO] [OctoBans] YTB_XxKarnageXx punished goldenboy5959 for: Provocation
08-08-17 22:43:26 [INFO] [OctoBans] JustMySkill punished le_clodov2 for: Provocation
08-08-17 22:44:23 [INFO] [OctoBans] sosodidi sql checked, record: spammp by Remil to -1
08-08-17 22:46:25 [INFO] [OctoBans] charifboss sql checked, record: spammp by Blubfire to -1
08-08-17 22:46:25 [INFO] [OctoBans] charifboss sql checked, record: spammp by SnowEffect to -1
08-08-17 22:46:25 [INFO] [OctoBans] charifboss sql checked, record: spammp by Remil to -1
08-08-17 22:46:25 [INFO] [OctoBans] charifboss sql checked, record: spammp by YTB_XxKarnageXx to -1
08-08-17 22:46:44 [INFO] [OctoBans] JustMySkill punished thedindin2004 for: Langage incorrect
08-08-17 22:52:05 [INFO] [OctoBans] YTB_XxKarnageXx punished zamasu for: Double Poste
08-08-17 22:52:43 [INFO] [OctoBans] Remil punished _theodu13_ for: Langage incorrect
08-08-17 22:53:01 [INFO] [OctoBans] forway sql checked, record: floodmp by Forway to -1
08-08-17 22:54:25 [INFO] [OctoBans] Remil punished mrkebab for: Insulte
08-08-17 22:54:30 [INFO] [OctoBans] Remil punished la_banane for: Insulte
08-08-17 22:54:46 [INFO] [OctoBans] Remil punished vendeur2kebab for: Provocation
08-08-17 22:55:58 [INFO] [OctoBans] kingblood sql checked, record: insultestaff by JustMySkill to 1502233994
08-08-17 22:56:19 [INFO] [OctoBans] wilson84 sql checked, record: kickautre by YTB_XxKarnageXx to -1
08-08-17 22:56:53 [INFO] [OctoBans] YTB_XxKarnageXx punished softspringer for: Majuscule
08-08-17 22:59:02 [INFO] [OctoBans] andsiou sql checked, record: spammp by ZerKup to -1
08-08-17 23:01:55 [INFO] [OctoBans] Remil punished exozgames for: Double Poste
08-08-17 23:03:44 [INFO] [OctoBans] simyasuoplayer sql checked, record: spammp by SmooKeur to -1
08-08-17 23:03:57 [INFO] [OctoBans] _topui_ sql checked, record: spammp by ZerKup to -1
08-08-17 23:05:42 [INFO] [OctoBans] lololaclarinette sql checked, record: spammp by tinmar to -1
08-08-17 23:07:15 [INFO] [OctoBans] Remil punished _topui_ for: Double Poste
08-08-17 23:09:12 [INFO] [OctoBans] moist sql checked, record: doubleposte by hurycedaniel to 1502226940
08-08-17 23:09:41 [INFO] [OctoBans] diablotin sql checked, record: spammp by SuperJojo to -1
08-08-17 23:09:52 [INFO] [OctoBans] Remil punished thegost for: Double Poste
08-08-17 23:11:07 [INFO] [OctoBans] ocip_matth sql checked, record: spammp by tinmar to -1
08-08-17 23:11:07 [INFO] [OctoBans] ocip_matth sql checked, record: spammp by CreepyEagle to -1
08-08-17 23:11:32 [INFO] [OctoBans] biguiboss31 sql checked, record: spammp by PseudoNul to -1
08-08-17 23:11:32 [INFO] [OctoBans] biguiboss31 sql checked, record: spammp by Remil to -1
08-08-17 23:14:25 [INFO] [OctoBans] weetiix sql checked, record: spammp by SmooKeur to -1
08-08-17 23:14:25 [INFO] [OctoBans] weetiix sql checked, record: spammp by SmooKeur to -1
08-08-17 23:15:39 [INFO] [OctoBans] Remil punished ocip_matth for: Insulte serveur
08-08-17 23:16:12 [INFO] [OctoBans] Remil punished ocip_matth for: Spam/flood en MP
08-08-17 23:17:08 [INFO] [OctoBans] Remil punished iderot for: Spam/flood
08-08-17 23:18:08 [INFO] [OctoBans] Forway punished richesse for: Majuscule
08-08-17 23:20:53 [INFO] [OctoBans] YTB_XxKarnageXx punished riyane6122 for: Double Poste
08-08-17 23:21:37 [INFO] [OctoBans] insanity sql checked, record: spammp by SkyKosIV to -1
08-08-17 23:22:29 [INFO] [OctoBans] Remil punished thebbdragz for: Double Poste
08-08-17 23:23:58 [INFO] [OctoBans] Remil punished alex1320 for: Double Poste
08-08-17 23:25:46 [INFO] [OctoBans] illumino900 sql checked, record: floodmp by Forway to -1
08-08-17 23:27:44 [INFO] [OctoBans] Remil punished mrgaminggaming for: Double Poste
08-08-17 23:28:45 [INFO] [OctoBans] JustMySkill punished lepro59 for: Double Poste
08-08-17 23:29:53 [INFO] [OctoBans] Remil punished alex1320 for: Double Poste
08-08-17 23:30:00 [INFO] [OctoBans] Remil punished boubou37 for: Double Poste
08-08-17 23:30:31 [INFO] [OctoBans] Remil punished octoway for: Double Poste
08-08-17 23:30:52 [INFO] [OctoBans] Remil punished octoway for: Spam/flood
08-08-17 23:32:27 [INFO] [OctoBans] JustMySkill punished darkinggaming for: Spam/flood
08-08-17 23:33:52 [INFO] [OctoBans] Remil punished gaugame for: Fausses informations
08-08-17 23:34:00 [INFO] [OctoBans] ly69n sql checked, record: kickautre by NeosiaNexus to -1
08-08-17 23:34:32 [INFO] [OctoBans] ishaadow_ sql checked, record: spammp by SmooKeur to -1
08-08-17 23:35:21 [INFO] [OctoBans] YTB_XxKarnageXx punished xpredators34 for: Spam/flood
08-08-17 23:35:44 [INFO] [OctoBans] Remil punished xpredators34 for: Double Poste
08-08-17 23:38:24 [INFO] [OctoBans] octoman sql checked, record: faussesinfos by Xylear to 1502233505
08-08-17 23:39:15 [INFO] [OctoBans] xxheroiikxx sql checked, record: floodmp by Forway to -1
08-08-17 23:42:27 [INFO] [OctoBans] Remil punished mimiclamy69 for: Majuscule
08-08-17 23:42:41 [INFO] [OctoBans] Remil punished doudydooo for: Spam/flood
08-08-17 23:43:01 [INFO] [OctoBans] ZerKup punished dark_t0x for: Insulte staff
08-08-17 23:46:04 [INFO] [OctoBans] YTB_XxKarnageXx punished istatichd for: Majuscule
08-08-17 23:46:29 [INFO] [OctoBans] Remil punished kinoxyt for: Double Poste
08-08-17 23:47:03 [INFO] [OctoBans] Remil punished thebbdragz for: Spam/flood en MP
08-08-17 23:49:01 [INFO] [OctoBans] Remil punished syoco45 for: Double Poste
08-08-17 23:50:27 [INFO] [OctoBans] couilledeloup sql checked, record: kickautre by Steph078 to -1
08-08-17 23:51:46 [INFO] [OctoBans] mrtutux sql checked, record: floodmp by Forway to -1
08-08-17 23:53:40 [INFO] [OctoBans] JustMySkill punished xxrandomxx for: Incitation au flood
08-08-17 23:53:56 [INFO] [OctoBans] Remil punished swikey_ for: Double Poste
08-08-17 23:54:28 [INFO] [OctoBans] JustMySkill punished alex1320 for: Langage incorrect
08-08-17 23:54:51 [INFO] [OctoBans] kromzyt95 sql checked, record: spamftag by SkyKosIV to 1502370839
08-08-17 23:55:24 [INFO] [OctoBans] YTB_XxKarnageXx punished maxou02290 for: Langage incorrect
08-08-17 23:55:54 [INFO] [OctoBans] mabilou29 sql checked, record: spammp by SnowEffect to -1
08-08-17 23:55:54 [INFO] [OctoBans] mabilou29 sql checked, record: spammp by SnowEffect to -1
08-08-17 23:56:40 [INFO] [OctoBans] Remil punished negre for: Pseudo choquant
08-08-17 23:56:52 [INFO] [OctoBans] JustMySkill punished xpredators34 for: Double Poste
08-08-17 23:56:59 [INFO] [OctoBans] woimant punished zumbie for: Double Poste
09-08-17 00:00:20 [INFO] [OctoBans] YTB_XxKarnageXx punished kalipso81 for: Double Poste
09-08-17 00:01:54 [INFO] [OctoBans] JustMySkill punished poulemouiller for: Insulte grave
09-08-17 00:02:55 [INFO] [OctoBans] poulemouiller sql checked, record: insultegrave by JustMySkill to 1502337714
09-08-17 00:03:03 [INFO] [OctoBans] poulemouiller sql checked, record: insultegrave by JustMySkill to 1502337714
09-08-17 00:03:06 [INFO] [OctoBans] ronweasley sql checked, record: spammp by SkyKosIV to -1
09-08-17 00:06:43 [INFO] [OctoBans] JustMySkill punished ishaadow_ for: Majuscule
09-08-17 00:08:18 [INFO] [OctoBans] vendeur2tacos sql checked, record: spammp by PseudoNul to -1
09-08-17 00:09:10 [INFO] [OctoBans] hurycedaniel punished simyasuoplayer for: Double Poste
09-08-17 00:10:00 [INFO] [OctoBans] Remil punished elkwell for: Double Poste
09-08-17 00:10:18 [INFO] [OctoBans] YTB_XxKarnageXx punished deeprodole for: Majuscule
09-08-17 00:11:32 [INFO] [OctoBans] JustMySkill punished nikefort for: Double Poste
09-08-17 00:12:55 [INFO] [OctoBans] Remil punished simyasuoplayer for: Spam/flood en MP
09-08-17 00:13:48 [INFO] [OctoBans] YTB_XxKarnageXx punished _theodu13_ for: Provocation
09-08-17 00:15:34 [INFO] [OctoBans] JustMySkill punished mazeup for: Insulte grave
09-08-17 00:15:44 [INFO] [OctoBans] JustMySkill punished simyasuoplayer for: Insulte staff
09-08-17 00:16:51 [INFO] [OctoBans] YTB_XxKarnageXx punished iuozoi for: Langage incorrect
09-08-17 00:17:06 [INFO] [OctoBans] hurycedaniel punished charifboss for: Double Poste
09-08-17 00:19:30 [INFO] [OctoBans] JustMySkill punished charifboss for: Provocation
09-08-17 00:25:19 [INFO] [OctoBans] Remil punished misorasan for: Double Poste
09-08-17 00:29:31 [INFO] [OctoBans] nitrom_yt sql checked, record: spammp by SnowEffect to -1
09-08-17 00:29:31 [INFO] [OctoBans] nitrom_yt sql checked, record: spammp by SnowEffect to -1
09-08-17 00:29:31 [INFO] [OctoBans] nitrom_yt sql checked, record: spammp by drbrine to -1
09-08-17 00:29:31 [INFO] [OctoBans] nitrom_yt sql checked, record: spammp by tinmar to -1
09-08-17 00:34:40 [INFO] [OctoBans] Remil punished zlkayzen for: Langage incorrect
09-08-17 00:34:46 [INFO] [OctoBans] JustMySkill punished zamasu for: Insulte grave
09-08-17 00:36:12 [INFO] [OctoBans] Remil punished verqozz for: Provocation
09-08-17 00:47:26 [INFO] [OctoBans] jojolatereur971 sql checked, record: spammp by TheBrioche13 to -1
09-08-17 00:50:05 [INFO] [OctoBans] Remil punished lefoufou for: Double Poste
09-08-17 00:50:55 [INFO] [OctoBans] wize_ sql checked, record: spammp by TheBrioche13 to -1
09-08-17 00:51:35 [INFO] [OctoBans] Remil punished lesimulateure for: Incitation au flood
09-08-17 00:57:29 [INFO] [OctoBans] denis018 sql checked, record: spammp by Remil to -1
09-08-17 01:00:39 [INFO] [OctoBans] JustMySkill punished pouletgriller for: Double Poste
09-08-17 01:01:15 [INFO] [OctoBans] Remil punished theohand for: Double Poste
09-08-17 01:01:18 [INFO] [OctoBans] Remil punished thekiller73yt for: Majuscule
09-08-17 01:14:56 [INFO] [OctoBans] JustMySkill punished neyqooo_ for: Double Poste
09-08-17 01:18:03 [INFO] [OctoBans] Remil punished dark_titix for: Langage incorrect
09-08-17 01:36:44 [INFO] [OctoBans] hurycedaniel punished hurycedaniel for: Double Poste
09-08-17 01:37:26 [INFO] [OctoBans] Remil punished reyzzerpvp for: Double Poste
09-08-17 01:37:59 [INFO] [OctoBans] hurycedaniel sql checked, record: doubleposte by hurycedaniel to 1502236004
09-08-17 01:37:59 [INFO] [OctoBans] hurycedaniel sql checked, record: doubleposte by hurycedaniel to 1502224009
09-08-17 01:37:59 [INFO] [OctoBans] hurycedaniel sql checked, record: langage by hurycedaniel to 1502224328
09-08-17 01:37:59 [INFO] [OctoBans] hurycedaniel sql checked, record: provocation by hurycedaniel to 1502224225
09-08-17 01:37:59 [INFO] [OctoBans] hurycedaniel sql checked, record: spam by hurycedaniel to 1502227963
09-08-17 01:37:59 [INFO] [OctoBans] hurycedaniel sql checked, record: majuscule by hurycedaniel to 1502225541
09-08-17 01:37:59 [INFO] [OctoBans] hurycedaniel sql checked, record: doubleposte by hurycedaniel to 1502228265
09-08-17 01:37:59 [INFO] [OctoBans] hurycedaniel sql checked, record: doubleposte by hurycedaniel to 1502225361
09-08-17 01:37:59 [INFO] [OctoBans] hurycedaniel sql checked, record: majuscule by hurycedaniel to 1502226308
09-08-17 01:37:59 [INFO] [OctoBans] hurycedaniel sql checked, record: langage by hurycedaniel to 1502226586
09-08-17 01:37:59 [INFO] [OctoBans] hurycedaniel sql checked, record: doubleposte by hurycedaniel to 1502226940
09-08-17 01:37:59 [INFO] [OctoBans] hurycedaniel sql checked, record: provocation by hurycedaniel to 1502226659
09-08-17 01:37:59 [INFO] [OctoBans] hurycedaniel sql checked, record: doubleposte by hurycedaniel to 1502227959
09-08-17 01:37:59 [INFO] [OctoBans] hurycedaniel sql checked, record: langage by hurycedaniel to 1502228539
09-08-17 01:37:59 [INFO] [OctoBans] hurycedaniel sql checked, record: doubleposte by hurycedaniel to 1502228266
09-08-17 01:37:59 [INFO] [OctoBans] hurycedaniel sql checked, record: doubleposte by hurycedaniel to 1502229427
09-08-17 01:37:59 [INFO] [OctoBans] hurycedaniel sql checked, record: doubleposte by hurycedaniel to 1502228972
09-08-17 01:37:59 [INFO] [OctoBans] hurycedaniel sql checked, record: provocation by hurycedaniel to 1502229246
09-08-17 01:37:59 [INFO] [OctoBans] hurycedaniel sql checked, record: insulte by hurycedaniel to 1502231773
09-08-17 01:37:59 [INFO] [OctoBans] hurycedaniel sql checked, record: doubleposte by hurycedaniel to 1502229792
09-08-17 01:37:59 [INFO] [OctoBans] hurycedaniel sql checked, record: doubleposte by hurycedaniel to 1502230153
09-08-17 01:37:59 [INFO] [OctoBans] hurycedaniel sql checked, record: spam by hurycedaniel to 1502251077
09-08-17 01:37:59 [INFO] [OctoBans] hurycedaniel sql checked, record: doubleposte by hurycedaniel to 1502236004
09-08-17 01:38:17 [INFO] [OctoBans] hurycedaniel sql checked, record: doubleposte by hurycedaniel to 1502236004
09-08-17 01:38:17 [INFO] [OctoBans] hurycedaniel sql checked, record: doubleposte by hurycedaniel to 1502224009
09-08-17 01:38:17 [INFO] [OctoBans] hurycedaniel sql checked, record: langage by hurycedaniel to 1502224328
09-08-17 01:38:17 [INFO] [OctoBans] hurycedaniel sql checked, record: provocation by hurycedaniel to 1502224225
09-08-17 01:38:17 [INFO] [OctoBans] hurycedaniel sql checked, record: spam by hurycedaniel to 1502227963
09-08-17 01:38:17 [INFO] [OctoBans] hurycedaniel sql checked, record: majuscule by hurycedaniel to 1502225541
09-08-17 01:38:17 [INFO] [OctoBans] hurycedaniel sql checked, record: doubleposte by hurycedaniel to 1502228265
09-08-17 01:38:17 [INFO] [OctoBans] hurycedaniel sql checked, record: doubleposte by hurycedaniel to 1502225361
09-08-17 01:38:17 [INFO] [OctoBans] hurycedaniel sql checked, record: majuscule by hurycedaniel to 1502226308
09-08-17 01:38:17 [INFO] [OctoBans] hurycedaniel sql checked, record: langage by hurycedaniel to 1502226586
09-08-17 01:38:17 [INFO] [OctoBans] hurycedaniel sql checked, record: doubleposte by hurycedaniel to 1502226940
09-08-17 01:38:17 [INFO] [OctoBans] hurycedaniel sql checked, record: provocation by hurycedaniel to 1502226659
09-08-17 01:38:17 [INFO] [OctoBans] hurycedaniel sql checked, record: doubleposte by hurycedaniel to 1502227959
09-08-17 01:38:17 [INFO] [OctoBans] hurycedaniel sql checked, record: langage by hurycedaniel to 1502228539
09-08-17 01:38:17 [INFO] [OctoBans] hurycedaniel sql checked, record: doubleposte by hurycedaniel to 1502228266
09-08-17 01:38:17 [INFO] [OctoBans] hurycedaniel sql checked, record: doubleposte by hurycedaniel to 1502229427
09-08-17 01:38:17 [INFO] [OctoBans] hurycedaniel sql checked, record: doubleposte by hurycedaniel to 1502228972
09-08-17 01:38:17 [INFO] [OctoBans] hurycedaniel sql checked, record: provocation by hurycedaniel to 1502229246
09-08-17 01:38:17 [INFO] [OctoBans] hurycedaniel sql checked, record: insulte by hurycedaniel to 1502231773
09-08-17 01:38:17 [INFO] [OctoBans] hurycedaniel sql checked, record: doubleposte by hurycedaniel to 1502229792
09-08-17 01:38:17 [INFO] [OctoBans] hurycedaniel sql checked, record: doubleposte by hurycedaniel to 1502230153
09-08-17 01:38:17 [INFO] [OctoBans] hurycedaniel sql checked, record: spam by hurycedaniel to 1502251077
09-08-17 01:38:17 [INFO] [OctoBans] hurycedaniel sql checked, record: doubleposte by hurycedaniel to 1502236004
09-08-17 01:38:27 [INFO] [OctoBans] JustMySkill punished redx0798 for: Double Poste
09-08-17 01:44:08 [INFO] [OctoBans] hurycedaniel sql checked, record: doubleposte by hurycedaniel to 1502236004
09-08-17 01:44:08 [INFO] [OctoBans] hurycedaniel sql checked, record: doubleposte by hurycedaniel to 1502224009
09-08-17 01:44:08 [INFO] [OctoBans] hurycedaniel sql checked, record: langage by hurycedaniel to 1502224328
09-08-17 01:44:08 [INFO] [OctoBans] hurycedaniel sql checked, record: provocation by hurycedaniel to 1502224225
09-08-17 01:44:08 [INFO] [OctoBans] hurycedaniel sql checked, record: spam by hurycedaniel to 1502227963
09-08-17 01:44:08 [INFO] [OctoBans] hurycedaniel sql checked, record: majuscule by hurycedaniel to 1502225541
09-08-17 01:44:08 [INFO] [OctoBans] hurycedaniel sql checked, record: doubleposte by hurycedaniel to 1502228265
09-08-17 01:44:08 [INFO] [OctoBans] hurycedaniel sql checked, record: doubleposte by hurycedaniel to 1502225361
09-08-17 01:44:08 [INFO] [OctoBans] hurycedaniel sql checked, record: majuscule by hurycedaniel to 1502226308
09-08-17 01:44:08 [INFO] [OctoBans] hurycedaniel sql checked, record: langage by hurycedaniel to 1502226586
09-08-17 01:44:08 [INFO] [OctoBans] hurycedaniel sql checked, record: doubleposte by hurycedaniel to 1502226940
09-08-17 01:44:08 [INFO] [OctoBans] hurycedaniel sql checked, record: provocation by hurycedaniel to 1502226659
09-08-17 01:44:08 [INFO] [OctoBans] hurycedaniel sql checked, record: doubleposte by hurycedaniel to 1502227959
09-08-17 01:44:08 [INFO] [OctoBans] hurycedaniel sql checked, record: langage by hurycedaniel to 1502228539
09-08-17 01:44:08 [INFO] [OctoBans] hurycedaniel sql checked, record: doubleposte by hurycedaniel to 1502228266
09-08-17 01:44:08 [INFO] [OctoBans] hurycedaniel sql checked, record: doubleposte by hurycedaniel to 1502229427
09-08-17 01:44:08 [INFO] [OctoBans] hurycedaniel sql checked, record: doubleposte by hurycedaniel to 1502228972
09-08-17 01:44:08 [INFO] [OctoBans] hurycedaniel sql checked, record: provocation by hurycedaniel to 1502229246
09-08-17 01:44:08 [INFO] [OctoBans] hurycedaniel sql checked, record: insulte by hurycedaniel to 1502231773
09-08-17 01:44:08 [INFO] [OctoBans] hurycedaniel sql checked, record: doubleposte by hurycedaniel to 1502229792
09-08-17 01:44:08 [INFO] [OctoBans] hurycedaniel sql checked, record: doubleposte by hurycedaniel to 1502230153
09-08-17 01:44:08 [INFO] [OctoBans] hurycedaniel sql checked, record: spam by hurycedaniel to 1502251077
09-08-17 01:44:08 [INFO] [OctoBans] hurycedaniel sql checked, record: doubleposte by hurycedaniel to 1502236004
09-08-17 01:49:21 [INFO] [OctoBans] JustMySkill punished reborn_creep45 for: Langage incorrect
09-08-17 01:49:34 [INFO] [OctoBans] JustMySkill punished thekiller73yt for: Double Poste
09-08-17 01:49:45 [INFO] [OctoBans] JustMySkill punished xx_appoleon for: Double Poste
09-08-17 01:51:16 [INFO] [OctoBans] JustMySkill punished vicxigirl for: Double Poste
09-08-17 01:51:23 [INFO] [OctoBans] JustMySkill punished zumbie for: Double Poste
09-08-17 01:55:25 [INFO] [OctoBans] by_kw3e sql checked, record: kickautre by Antoine57565 to -1
09-08-17 01:56:52 [INFO] [OctoBans] JustMySkill punished guylian1707 for: Majuscule
09-08-17 01:58:59 [INFO] [OctoBans] JustMySkill punished andsiou for: Double Poste
09-08-17 02:00:10 [INFO] [OctoBans] zumbie sql checked, record: doubleposte by JustMySkill to 1502241383
09-08-17 02:00:27 [INFO] [OctoBans] JustMySkill punished zumbie for: Insulte
09-08-17 02:00:38 [INFO] [OctoBans] zumbie sql checked, record: doubleposte by JustMySkill to 1502241383
09-08-17 02:00:38 [INFO] [OctoBans] zumbie sql checked, record: insulte by JustMySkill to 1502239527
09-08-17 02:05:25 [INFO] [OctoBans] JustMySkill punished mrgaminggaming for: Double Poste
09-08-17 02:06:35 [INFO] [OctoBans] Wiindows punished krixx for: Langage incorrect
09-08-17 02:09:03 [INFO] [OctoBans] JustMySkill punished kassi for: Double Poste
09-08-17 02:09:05 [INFO] [OctoBans] hurycedaniel punished karma62138 for: Double Poste
09-08-17 02:10:28 [INFO] [OctoBans] hurycedaniel punished minecanis for: Spam/flood
09-08-17 02:11:08 [INFO] [OctoBans] minecanis sql checked, record: spam by hurycedaniel to 1502251828
09-08-17 02:17:06 [INFO] [OctoBans] Shouteur punished produpvp for: Provocation
09-08-17 02:19:51 [INFO] [OctoBans] ededed91 sql checked, record: spammp by SkyKosIV to -1
09-08-17 02:27:09 [INFO] [OctoBans] zlKayzen punished okes for: Provocation
09-08-17 02:27:29 [INFO] [OctoBans] Remil punished swaksuuu_ for: Insulte grave
09-08-17 02:29:11 [INFO] [OctoBans] Remil punished vendeur2kebab for: Majuscule
09-08-17 02:35:09 [INFO] [OctoBans] elumix sql checked, record: insultegrave by Wiindows to 1502352298
09-08-17 02:40:15 [INFO] [OctoBans] Remil punished theslime38 for: Majuscule
09-08-17 02:58:58 [INFO] [OctoBans] zlkayzen sql checked, record: majuscule by zlKayzen to 1495753574
09-08-17 02:58:58 [INFO] [OctoBans] zlkayzen sql checked, record: provocation by zlKayzen to 1495753658
09-08-17 02:58:58 [INFO] [OctoBans] zlkayzen sql checked, record: provocation by zlKayzen to 1495753989
09-08-17 02:58:58 [INFO] [OctoBans] zlkayzen sql checked, record: langage by zlKayzen to 1495754239
09-08-17 02:58:58 [INFO] [OctoBans] zlkayzen sql checked, record: doubleposte by zlKayzen to 1495755355
09-08-17 02:58:58 [INFO] [OctoBans] zlkayzen sql checked, record: majuscule by zlKayzen to 1495785731
09-08-17 02:58:58 [INFO] [OctoBans] zlkayzen sql checked, record: langage by zlKayzen to 1495786297
09-08-17 02:58:58 [INFO] [OctoBans] zlkayzen sql checked, record: flood by zlKayzen to 1495790249
09-08-17 02:58:58 [INFO] [OctoBans] zlkayzen sql checked, record: doubleposte by zlKayzen to 1495787914
09-08-17 02:58:58 [INFO] [OctoBans] zlkayzen sql checked, record: majuscule by zlKayzen to 1495789852
09-08-17 02:58:58 [INFO] [OctoBans] zlkayzen sql checked, record: majuscule by zlKayzen to 1495790241
09-08-17 02:58:58 [INFO] [OctoBans] zlkayzen sql checked, record: doubleposte by zlKayzen to 1495789983
09-08-17 02:58:58 [INFO] [OctoBans] zlkayzen sql checked, record: flood by zlKayzen to 1495793303
09-08-17 02:58:58 [INFO] [OctoBans] zlkayzen sql checked, record: doubleposte by zlKayzen to 1495790212
09-08-17 02:58:58 [INFO] [OctoBans] zlkayzen sql checked, record: doubleposte by zlKayzen to 1495790773
09-08-17 02:58:58 [INFO] [OctoBans] zlkayzen sql checked, record: provocation by zlKayzen to 1495790832
09-08-17 02:58:58 [INFO] [OctoBans] zlkayzen sql checked, record: majuscule by zlKayzen to 1495792510
09-08-17 02:58:58 [INFO] [OctoBans] zlkayzen sql checked, record: doubleposte by zlKayzen to 1495805728
09-08-17 02:58:58 [INFO] [OctoBans] zlkayzen sql checked, record: majuscule by zlKayzen to 1495806545
09-08-17 02:58:58 [INFO] [OctoBans] zlkayzen sql checked, record: insultesrv by zlKayzen to 1495824087
09-08-17 02:58:58 [INFO] [OctoBans] zlkayzen sql checked, record: doubleposte by zlKayzen to 1495806929
09-08-17 02:58:58 [INFO] [OctoBans] zlkayzen sql checked, record: provocation by zlKayzen to 1495807549
09-08-17 02:58:58 [INFO] [OctoBans] zlkayzen sql checked, record: doubleposte by zlKayzen to 1495806666
09-08-17 02:58:58 [INFO] [OctoBans] zlkayzen sql checked, record: insultegrave by zlKayzen to 1495842599
09-08-17 02:58:58 [INFO] [OctoBans] zlkayzen sql checked, record: insultegrave by zlKayzen to 1495843015
09-08-17 02:58:58 [INFO] [OctoBans] zlkayzen sql checked, record: majuscule by zlKayzen to 1495807639
09-08-17 02:58:58 [INFO] [OctoBans] zlkayzen sql checked, record: majuscule by zlKayzen to 1495807663
09-08-17 02:58:58 [INFO] [OctoBans] zlkayzen sql checked, record: majuscule by zlKayzen to 1495815453
09-08-17 02:58:58 [INFO] [OctoBans] zlkayzen sql checked, record: doubleposte by zlKayzen to 1495815670
09-08-17 02:58:58 [INFO] [OctoBans] zlkayzen sql checked, record: doubleposte by zlKayzen to 1495823422
09-08-17 02:58:58 [INFO] [OctoBans] zlkayzen sql checked, record: insultestaff by zlKayzen to 1495862698
09-08-17 02:58:58 [INFO] [OctoBans] zlkayzen sql checked, record: doubleposte by zlKayzen to 1495827103
09-08-17 02:58:58 [INFO] [OctoBans] zlkayzen sql checked, record: provocation by zlKayzen to 1495827132
09-08-17 02:58:58 [INFO] [OctoBans] zlkayzen sql checked, record: insulte by zlKayzen to 1495829550
09-08-17 02:58:58 [INFO] [OctoBans] zlkayzen sql checked, record: majuscule by zlKayzen to 1495829811
09-08-17 02:58:58 [INFO] [OctoBans] zlkayzen sql checked, record: majuscule by zlKayzen to 1495830269
09-08-17 02:58:58 [INFO] [OctoBans] zlkayzen sql checked, record: flood by zlKayzen to 1495841026
09-08-17 02:58:58 [INFO] [OctoBans] zlkayzen sql checked, record: doubleposte by zlKayzen to 1495839852
09-08-17 02:58:58 [INFO] [OctoBans] zlkayzen sql checked, record: majuscule by zlKayzen to 1495845476
09-08-17 02:58:58 [INFO] [OctoBans] zlkayzen sql checked, record: langage by zlKayzen to 1495846579
09-08-17 02:58:58 [INFO] [OctoBans] zlkayzen sql checked, record: langage by zlKayzen to 1495883529
09-08-17 02:58:58 [INFO] [OctoBans] zlkayzen sql checked, record: doubleposte by zlKayzen to 1495892502
09-08-17 02:58:58 [INFO] [OctoBans] zlkayzen sql checked, record: insultegrave by zlKayzen to 1495939716
09-08-17 02:58:58 [INFO] [OctoBans] zlkayzen sql checked, record: majuscule by zlKayzen to 1495904369
09-08-17 02:58:58 [INFO] [OctoBans] zlkayzen sql checked, record: insultestaff by zlKayzen to 1495975911
09-08-17 02:58:58 [INFO] [OctoBans] zlkayzen sql checked, record: insulte by zlKayzen to 1495907305
09-08-17 02:58:58 [INFO] [OctoBans] zlkayzen sql checked, record: insulte by zlKayzen to 1495909109
09-08-17 02:58:58 [INFO] [OctoBans] zlkayzen sql checked, record: insulte by zlKayzen to 1495912392
09-08-17 02:58:58 [INFO] [OctoBans] zlkayzen sql checked, record: majuscule by zlKayzen to 1495910378
09-08-17 02:58:58 [INFO] [OctoBans] zlkayzen sql checked, record: insulte by zlKayzen to 1495912508
09-08-17 02:58:58 [INFO] [OctoBans] zlkayzen sql checked, record: doubleposte by zlKayzen to 1495910792
09-08-17 02:58:58 [INFO] [OctoBans] zlkayzen sql checked, record: faussesinfos by zlKayzen to 1495996350
09-08-17 02:58:58 [INFO] [OctoBans] zlkayzen sql checked, record: langage by zlKayzen to 1495910903
09-08-17 02:58:58 [INFO] [OctoBans] zlkayzen sql checked, record: langage by zlKayzen to 1495912726
09-08-17 02:58:58 [INFO] [OctoBans] zlkayzen sql checked, record: langage by zlKayzen to 1495915296
09-08-17 02:58:58 [INFO] [OctoBans] zlkayzen sql checked, record: doubleposte by zlKayzen to 1495915038
09-08-17 02:58:58 [INFO] [OctoBans] zlkayzen sql checked, record: doubleposte by zlKayzen to 1495915043
09-08-17 02:58:58 [INFO] [OctoBans] zlkayzen sql checked, record: majuscule by zlKayzen to 1496445521
09-08-17 02:58:58 [INFO] [OctoBans] zlkayzen sql checked, record: insulte by zlKayzen to 1496447694
09-08-17 02:58:58 [INFO] [OctoBans] zlkayzen sql checked, record: insulte by zlKayzen to 1496450402
09-08-17 02:58:58 [INFO] [OctoBans] zlkayzen sql checked, record: doubleposte by zlKayzen to 1496447025
09-08-17 02:58:58 [INFO] [OctoBans] zlkayzen sql checked, record: doubleposte by zlKayzen to 1496448594
09-08-17 02:58:58 [INFO] [OctoBans] zlkayzen sql checked, record: provocation by zlKayzen to 1496480782
09-08-17 02:58:58 [INFO] [OctoBans] zlkayzen sql checked, record: flood by zlKayzen to 1496484234
09-08-17 02:58:58 [INFO] [OctoBans] zlkayzen sql checked, record: flood by zlKayzen to 1496489670
09-08-17 02:58:58 [INFO] [OctoBans] zlkayzen sql checked, record: doubleposte by zlKayzen to 1496482930
09-08-17 02:58:58 [INFO] [OctoBans] zlkayzen sql checked, record: provocation by zlKayzen to 1496484437
09-08-17 02:58:58 [INFO] [OctoBans] zlkayzen sql checked, record: flood by zlKayzen to 1496486578
09-08-17 02:58:58 [INFO] [OctoBans] zlkayzen sql checked, record: majuscule by zlKayzen to 1496483843
09-08-17 02:58:58 [INFO] [OctoBans] zlkayzen sql checked, record: flood by zlKayzen to 1496486950
09-08-17 02:58:58 [INFO] [OctoBans] zlkayzen sql checked, record: insultegrave by zlKayzen to 1496519394
09-08-17 02:58:58 [INFO] [OctoBans] zlkayzen sql checked, record: flood by zlKayzen to 1496487003
09-08-17 02:58:58 [INFO] [OctoBans] zlkayzen sql checked, record: flood by zlKayzen to 1496491191
09-08-17 02:58:58 [INFO] [OctoBans] zlkayzen sql checked, record: flood by zlKayzen to 1496487602
09-08-17 02:58:58 [INFO] [OctoBans] zlkayzen sql checked, record: majuscule by zlKayzen to 1496485219
09-08-17 02:58:58 [INFO] [OctoBans] zlkayzen sql checked, record: insultesrv by zlKayzen to 1496502025
09-08-17 02:58:58 [INFO] [OctoBans] zlkayzen sql checked, record: majuscule by zlKayzen to 1496485167
09-08-17 02:58:58 [INFO] [OctoBans] zlkayzen sql checked, record: flood by zlKayzen to 1496489193
09-08-17 02:58:58 [INFO] [OctoBans] zlkayzen sql checked, record: insultegrave by zlKayzen to 1496522748
09-08-17 02:58:58 [INFO] [OctoBans] zlkayzen sql checked, record: langage by zlKayzen to 1496488105
09-08-17 02:58:58 [INFO] [OctoBans] zlkayzen sql checked, record: majuscule by zlKayzen to 1496487733
09-08-17 02:58:58 [INFO] [OctoBans] zlkayzen sql checked, record: doubleposte by zlKayzen to 1496492535
09-08-17 02:58:58 [INFO] [OctoBans] zlkayzen sql checked, record: doubleposte by zlKayzen to 1496492240
09-08-17 02:58:58 [INFO] [OctoBans] zlkayzen sql checked, record: doubleposte by zlKayzen to 1496492254
09-08-17 02:58:58 [INFO] [OctoBans] zlkayzen sql checked, record: provocation by zlKayzen to 1496493099
09-08-17 02:58:58 [INFO] [OctoBans] zlkayzen sql checked, record: insultegrave by zlKayzen to 1496564629
09-08-17 02:58:58 [INFO] [OctoBans] zlkayzen sql checked, record: majuscule by zlKayzen to 1496493413
09-08-17 02:58:58 [INFO] [OctoBans] zlkayzen sql checked, record: majuscule by zlKayzen to 1496495241
09-08-17 02:58:58 [INFO] [OctoBans] zlkayzen sql checked, record: provocation by zlKayzen to 1496495093
09-08-17 02:58:58 [INFO] [OctoBans] zlkayzen sql checked, record: doubleposte by zlKayzen to 1496496598
09-08-17 02:58:58 [INFO] [OctoBans] zlkayzen sql checked, record: provocation by zlKayzen to 1496497460
09-08-17 02:58:58 [INFO] [OctoBans] zlkayzen sql checked, record: provocation by zlKayzen to 1496503204
09-08-17 02:58:58 [INFO] [OctoBans] zlkayzen sql checked, record: insulte by zlKayzen to 1496507506
09-08-17 02:58:58 [INFO] [OctoBans] zlkayzen sql checked, record: majuscule by zlKayzen to 1496502855
09-08-17 02:58:58 [INFO] [OctoBans] zlkayzen sql checked, record: provocation by zlKayzen to 1496509300
09-08-17 02:58:58 [INFO] [OctoBans] zlkayzen sql checked, record: doubleposte by zlKayzen to 1496509903
09-08-17 02:58:58 [INFO] [OctoBans] zlkayzen sql checked, record: doubleposte by zlKayzen to 1496512041
09-08-17 02:58:58 [INFO] [OctoBans] zlkayzen sql checked, record: flood by zlKayzen to 1496516891
09-08-17 02:58:58 [INFO] [OctoBans] zlkayzen sql checked, record: langage by zlKayzen to 1496519400
09-08-17 02:58:58 [INFO] [OctoBans] zlkayzen sql checked, record: majuscule by zlKayzen to 1496519983
09-08-17 02:58:58 [INFO] [OctoBans] zlkayzen sql checked, record: pubyt by zlKayzen to 1496523006
09-08-17 02:58:58 [INFO] [OctoBans] zlkayzen sql checked, record: flood by zlKayzen to 1496523870
09-08-17 02:58:58 [INFO] [OctoBans] zlkayzen sql checked, record: majuscule by zlKayzen to 1496525938
09-08-17 02:58:58 [INFO] [OctoBans] zlkayzen sql checked, record: flood by zlKayzen to 1496526658
09-08-17 02:58:58 [INFO] [OctoBans] zlkayzen sql checked, record: langage by zlKayzen to 1496528262
09-08-17 02:58:58 [INFO] [OctoBans] zlkayzen sql checked, record: flood by zlKayzen to 1496566788
09-08-17 02:58:58 [INFO] [OctoBans] zlkayzen sql checked, record: doubleposte by zlKayzen to 1496564094
09-08-17 02:58:58 [INFO] [OctoBans] zlkayzen sql checked, record: doubleposte by zlKayzen to 1496563750
09-08-17 02:58:58 [INFO] [OctoBans] zlkayzen sql checked, record: majuscule by zlKayzen to 1496565491
09-08-17 02:58:58 [INFO] [OctoBans] zlkayzen sql checked, record: doubleposte by zlKayzen to 1496565261
09-08-17 02:58:58 [INFO] [OctoBans] zlkayzen sql checked, record: langage by zlKayzen to 1496566167
09-08-17 02:58:58 [INFO] [OctoBans] zlkayzen sql checked, record: insulte by zlKayzen to 1496569655
09-08-17 02:58:58 [INFO] [OctoBans] zlkayzen sql checked, record: flood by zlKayzen to 1496576657
09-08-17 02:58:58 [INFO] [OctoBans] zlkayzen sql checked, record: provocation by zlKayzen to 1496574376
09-08-17 02:58:58 [INFO] [OctoBans] zlkayzen sql checked, record: flood by zlKayzen to 1496581123
09-08-17 02:58:58 [INFO] [OctoBans] zlkayzen sql checked, record: doubleposte by zlKayzen to 1496579079
09-08-17 02:58:58 [INFO] [OctoBans] zlkayzen sql checked, record: majuscule by zlKayzen to 1496582397
09-08-17 02:58:58 [INFO] [OctoBans] zlkayzen sql checked, record: majuscule by zlKayzen to 1496582570
09-08-17 02:58:58 [INFO] [OctoBans] zlkayzen sql checked, record: flood by zlKayzen to 1496586332
09-08-17 02:58:58 [INFO] [OctoBans] zlkayzen sql checked, record: insulte by zlKayzen to 1496594706
09-08-17 02:58:58 [INFO] [OctoBans] zlkayzen sql checked, record: doubleposte by zlKayzen to 1496604473
09-08-17 02:58:58 [INFO] [OctoBans] zlkayzen sql checked, record: incitationflood by zlKayzen to 1496690612
09-08-17 02:58:58 [INFO] [OctoBans] zlkayzen sql checked, record: doubleposte by zlKayzen to 1496607537
09-08-17 02:58:58 [INFO] [OctoBans] zlkayzen sql checked, record: majuscule by zlKayzen to 1496607018
09-08-17 02:58:58 [INFO] [OctoBans] zlkayzen sql checked, record: insulte by zlKayzen to 1496609312
09-08-17 02:58:58 [INFO] [OctoBans] zlkayzen sql checked, record: insulte by zlKayzen to 1496609549
09-08-17 02:58:58 [INFO] [OctoBans] zlkayzen sql checked, record: doubleposte by zlKayzen to 1496607181
09-08-17 02:58:58 [INFO] [OctoBans] zlkayzen sql checked, record: insulte by zlKayzen to 1496611711
09-08-17 02:58:58 [INFO] [OctoBans] zlkayzen sql checked, record: doubleposte by zlKayzen to 1496610774
09-08-17 02:58:58 [INFO] [OctoBans] zlkayzen sql checked, record: doubleposte by zlKayzen to 1496622087
09-08-17 02:58:58 [INFO] [OctoBans] zlkayzen sql checked, record: flood by zlKayzen to 1496624925
09-08-17 02:58:58 [INFO] [OctoBans] zlkayzen sql checked, record: flood by zlKayzen to 1496662883
09-08-17 02:58:58 [INFO] [OctoBans] zlkayzen sql checked, record: flood by zlKayzen to 1496664874
09-08-17 02:58:58 [INFO] [OctoBans] zlkayzen sql checked, record: doubleposte by zlKayzen to 1496661956
09-08-17 02:58:58 [INFO] [OctoBans] zlkayzen sql checked, record: majuscule by zlKayzen to 1496662067
09-08-17 02:58:58 [INFO] [OctoBans] zlkayzen sql checked, record: doubleposte by zlKayzen to 1496662886
09-08-17 02:58:58 [INFO] [OctoBans] zlkayzen sql checked, record: provocation by zlKayzen to 1496676613
09-08-17 02:58:58 [INFO] [OctoBans] zlkayzen sql checked, record: langage by zlKayzen to 1496676528
09-08-17 02:58:58 [INFO] [OctoBans] zlkayzen sql checked, record: flood by zlKayzen to 1496700312
09-08-17 02:58:58 [INFO] [OctoBans] zlkayzen sql checked, record: langage by zlKayzen to 1496699913
09-08-17 02:58:58 [INFO] [OctoBans] zlkayzen sql checked, record: insulte by zlKayzen to 1496779470
09-08-17 02:58:58 [INFO] [OctoBans] zlkayzen sql checked, record: flood by zlKayzen to 1496783910
09-08-17 02:58:58 [INFO] [OctoBans] zlkayzen sql checked, record: flood by zlKayzen to 1496783977
09-08-17 02:58:58 [INFO] [OctoBans] zlkayzen sql checked, record: pubyt by zlKayzen to 1496868781
09-08-17 02:58:58 [INFO] [OctoBans] zlkayzen sql checked, record: insulte by zlKayzen to 1496870963
09-08-17 02:58:58 [INFO] [OctoBans] zlkayzen sql checked, record: insulte by zlKayzen to 1496874222
09-08-17 02:58:58 [INFO] [OctoBans] zlkayzen sql checked, record: insultegrave by zlKayzen to 1497015684
09-08-17 02:58:58 [INFO] [OctoBans] zlkayzen sql checked, record: majuscule by zlKayzen to 1496930113
09-08-17 02:58:58 [INFO] [OctoBans] zlkayzen sql checked, record: doubleposte by zlKayzen to 1496930496
09-08-17 02:58:58 [INFO] [OctoBans] zlkayzen sql checked, record: doubleposte by zlKayzen to 1496930073
09-08-17 02:58:58 [INFO] [OctoBans] zlkayzen sql checked, record: flood by zlKayzen to 1496933628
09-08-17 02:58:58 [INFO] [OctoBans] zlkayzen sql checked, record: insulte by zlKayzen to 1496935485
09-08-17 02:58:58 [INFO] [OctoBans] zlkayzen sql checked, record: provocation by zlKayzen to 1496933060
09-08-17 02:58:58 [INFO] [OctoBans] zlkayzen sql checked, record: insulte by zlKayzen to 1496933982
09-08-17 02:58:58 [INFO] [OctoBans] zlkayzen sql checked, record: doubleposte by zlKayzen to 1496931773
09-08-17 02:58:58 [INFO] [OctoBans] zlkayzen sql checked, record: insultegrave by zlKayzen to 1496967925
09-08-17 02:58:58 [INFO] [OctoBans] zlkayzen sql checked, record: flood by zlKayzen to 1496936177
09-08-17 02:58:58 [INFO] [OctoBans] zlkayzen sql checked, record: pubyt by zlKayzen to 1496936247
09-08-17 02:58:58 [INFO] [OctoBans] zlkayzen sql checked, record: insulte by zlKayzen to 1496936181
09-08-17 02:58:58 [INFO] [OctoBans] zlkayzen sql checked, record: insulte by zlKayzen to 1496936355
09-08-17 02:58:58 [INFO] [OctoBans] zlkayzen sql checked, record: flood by zlKayzen to 1496937555
09-08-17 02:58:58 [INFO] [OctoBans] zlkayzen sql checked, record: insulte by zlKayzen to 1496936749
09-08-17 02:58:58 [INFO] [OctoBans] zlkayzen sql checked, record: doubleposte by zlKayzen to 1496937459
09-08-17 02:58:58 [INFO] [OctoBans] zlkayzen sql checked, record: flood by zlKayzen to 1496944218
09-08-17 02:58:58 [INFO] [OctoBans] zlkayzen sql checked, record: majuscule by zlKayzen to 1496944657
09-08-17 02:58:58 [INFO] [OctoBans] zlkayzen sql checked, record: provocation by zlKayzen to 1496940358
09-08-17 02:58:58 [INFO] [OctoBans] zlkayzen sql checked, record: insultegrave by zlKayzen to 1496977501
09-08-17 02:58:58 [INFO] [OctoBans] zlkayzen sql checked, record: insultegrave by zlKayzen to 1496977595
09-08-17 02:58:58 [INFO] [OctoBans] zlkayzen sql checked, record: doubleposte by zlKayzen to 1496947033
09-08-17 02:58:58 [INFO] [OctoBans] zlkayzen sql checked, record: faussesinfos by zlKayzen to 1497125079
09-08-17 02:58:58 [INFO] [OctoBans] zlkayzen sql checked, record: doubleposte by zlKayzen to 1497039626
09-08-17 02:58:58 [INFO] [OctoBans] zlkayzen sql checked, record: flood by zlKayzen to 1497042401
09-08-17 02:58:58 [INFO] [OctoBans] zlkayzen sql checked, record: flood by zlKayzen to 1497046482
09-08-17 02:58:58 [INFO] [OctoBans] zlkayzen sql checked, record: doubleposte by zlKayzen to 1497049127
09-08-17 02:58:58 [INFO] [OctoBans] zlkayzen sql checked, record: pubyt by zlKayzen to 1497052619
09-08-17 02:58:58 [INFO] [OctoBans] zlkayzen sql checked, record: insulte by zlKayzen to 1497057462
09-08-17 02:58:58 [INFO] [OctoBans] zlkayzen sql checked, record: doubleposte by zlKayzen to 1497091506
09-08-17 02:58:58 [INFO] [OctoBans] zlkayzen sql checked, record: flood by zlKayzen to 1497105792
09-08-17 02:58:58 [INFO] [OctoBans] zlkayzen sql checked, record: provocation by zlKayzen to 1497107417
09-08-17 02:58:58 [INFO] [OctoBans] zlkayzen sql checked, record: doubleposte by zlKayzen to 1497116355
09-08-17 02:58:58 [INFO] [OctoBans] zlkayzen sql checked, record: faussesinfos by zlKayzen to 1497204782
09-08-17 02:58:58 [INFO] [OctoBans] zlkayzen sql checked, record: provocation by zlKayzen to 1501894122
09-08-17 02:58:58 [INFO] [OctoBans] zlkayzen sql checked, record: langage by zlKayzen to 1501895661
09-08-17 02:58:58 [INFO] [OctoBans] zlkayzen sql checked, record: langage by zlKayzen to 1501901043
09-08-17 02:58:58 [INFO] [OctoBans] zlkayzen sql checked, record: insultegrave by zlKayzen to 1502023412
09-08-17 02:58:58 [INFO] [OctoBans] zlkayzen sql checked, record: doubleposte by zlKayzen to 1501918600
09-08-17 02:58:58 [INFO] [OctoBans] zlkayzen sql checked, record: flood by zlKayzen to 1501919303
09-08-17 02:58:58 [INFO] [OctoBans] zlkayzen sql checked, record: flood by zlKayzen to 1501919367
09-08-17 02:58:58 [INFO] [OctoBans] zlkayzen sql checked, record: doubleposte by zlKayzen to 1501918993
09-08-17 02:58:58 [INFO] [OctoBans] zlkayzen sql checked, record: insulte by zlKayzen to 1501918855
09-08-17 02:58:58 [INFO] [OctoBans] zlkayzen sql checked, record: langage by zlKayzen to 1501919534
09-08-17 02:58:58 [INFO] [OctoBans] zlkayzen sql checked, record: doubleposte by zlKayzen to 1501919265
09-08-17 02:58:58 [INFO] [OctoBans] zlkayzen sql checked, record: doubleposte by zlKayzen to 1501919618
09-08-17 02:58:58 [INFO] [OctoBans] zlkayzen sql checked, record: provocation by zlKayzen to 1501919034
09-08-17 02:58:58 [INFO] [OctoBans] zlkayzen sql checked, record: majuscule by zlKayzen to 1501926041
09-08-17 02:58:58 [INFO] [OctoBans] zlkayzen sql checked, record: langage by zlKayzen to 1501923332
09-08-17 02:58:58 [INFO] [OctoBans] zlkayzen sql checked, record: flood by zlKayzen to 1501926463
09-08-17 02:58:58 [INFO] [OctoBans] zlkayzen sql checked, record: insultegrave by zlKayzen to 1501959276
09-08-17 02:58:58 [INFO] [OctoBans] zlkayzen sql checked, record: doubleposte by zlKayzen to 1501924686
09-08-17 02:58:58 [INFO] [OctoBans] zlkayzen sql checked, record: doubleposte by zlKayzen to 1501926353
09-08-17 02:58:58 [INFO] [OctoBans] zlkayzen sql checked, record: majuscule by zlKayzen to 1501925677
09-08-17 02:58:58 [INFO] [OctoBans] zlkayzen sql checked, record: provocation by zlKayzen to 1501926771
09-08-17 02:58:58 [INFO] [OctoBans] zlkayzen sql checked, record: provocation by zlKayzen to 1501939409
09-08-17 02:58:58 [INFO] [OctoBans] zlkayzen sql checked, record: provocation by zlKayzen to 1501938772
09-08-17 02:58:58 [INFO] [OctoBans] zlkayzen sql checked, record: langage by zlKayzen to 1501942295
09-08-17 02:58:58 [INFO] [OctoBans] zlkayzen sql checked, record: langage by zlKayzen to 1501941704
09-08-17 02:58:58 [INFO] [OctoBans] zlkayzen sql checked, record: flood by zlKayzen to 1501948205
09-08-17 02:58:58 [INFO] [OctoBans] zlkayzen sql checked, record: flood by zlKayzen to 1501948635
09-08-17 02:58:58 [INFO] [OctoBans] zlkayzen sql checked, record: doubleposte by zlKayzen to 1501944366
09-08-17 02:58:58 [INFO] [OctoBans] zlkayzen sql checked, record: flood by zlKayzen to 1501950648
09-08-17 02:58:58 [INFO] [OctoBans] zlkayzen sql checked, record: flood by zlKayzen to 1501961466
09-08-17 02:58:58 [INFO] [OctoBans] zlkayzen sql checked, record: doubleposte by zlKayzen to 1501950990
09-08-17 02:58:58 [INFO] [OctoBans] zlkayzen sql checked, record: flood by zlKayzen to 1501950732
09-08-17 02:58:58 [INFO] [OctoBans] zlkayzen sql checked, record: doubleposte by zlKayzen to 1502016767
09-08-17 02:58:58 [INFO] [OctoBans] zlkayzen sql checked, record: insultegrave by zlKayzen to 1502126615
09-08-17 02:58:58 [INFO] [OctoBans] zlkayzen sql checked, record: insulte by zlKayzen to 1502050025
09-08-17 02:58:58 [INFO] [OctoBans] zlkayzen sql checked, record: doubleposte by zlKayzen to 1502101166
09-08-17 02:58:58 [INFO] [OctoBans] zlkayzen sql checked, record: provocation by zlKayzen to 1502104921
09-08-17 02:58:58 [INFO] [OctoBans] zlkayzen sql checked, record: flood by zlKayzen to 1502108432
09-08-17 02:58:58 [INFO] [OctoBans] zlkayzen sql checked, record: langage by zlKayzen to 1502105461
09-08-17 02:58:58 [INFO] [OctoBans] zlkayzen sql checked, record: provocation by zlKayzen to 1502115083
09-08-17 02:58:58 [INFO] [OctoBans] zlkayzen sql checked, record: insultegrave by zlKayzen to 1502184254
09-08-17 02:58:58 [INFO] [OctoBans] zlkayzen sql checked, record: langage by zlKayzen to 1502152531
09-08-17 02:58:58 [INFO] [OctoBans] zlkayzen sql checked, record: doubleposte by zlKayzen to 1502152882
09-08-17 02:58:58 [INFO] [OctoBans] zlkayzen sql checked, record: doubleposte by zlKayzen to 1502152715
09-08-17 02:58:58 [INFO] [OctoBans] zlkayzen sql checked, record: doubleposte by zlKayzen to 1502154420
09-08-17 02:58:58 [INFO] [OctoBans] zlkayzen sql checked, record: doubleposte by zlKayzen to 1502155138
09-08-17 02:58:58 [INFO] [OctoBans] zlkayzen sql checked, record: flood by zlKayzen to 1502161966
09-08-17 02:58:58 [INFO] [OctoBans] zlkayzen sql checked, record: insultestaff by zlKayzen to 1502228860
09-08-17 02:58:58 [INFO] [OctoBans] zlkayzen sql checked, record: flood by zlKayzen to 1502161555
09-08-17 02:58:58 [INFO] [OctoBans] zlkayzen sql checked, record: insultegrave by zlKayzen to 1502193981
09-08-17 02:58:58 [INFO] [OctoBans] zlkayzen sql checked, record: insulte by zlKayzen to 1502164759
09-08-17 02:58:58 [INFO] [OctoBans] zlkayzen sql checked, record: flood by zlKayzen to 1502169569
09-08-17 02:58:58 [INFO] [OctoBans] zlkayzen sql checked, record: langage by zlKayzen to 1502174840
09-08-17 02:58:58 [INFO] [OctoBans] zlkayzen sql checked, record: majuscule by zlKayzen to 1502184585
09-08-17 02:58:58 [INFO] [OctoBans] zlkayzen sql checked, record: flood by zlKayzen to 1502198064
09-08-17 02:58:58 [INFO] [OctoBans] zlkayzen sql checked, record: flood by zlKayzen to 1502199274
09-08-17 02:58:58 [INFO] [OctoBans] zlkayzen sql checked, record: provocation by zlKayzen to 1502199774
09-08-17 02:58:58 [INFO] [OctoBans] zlkayzen sql checked, record: insulte by zlKayzen to 1502200917
09-08-17 02:58:58 [INFO] [OctoBans] zlkayzen sql checked, record: doubleposte by zlKayzen to 1502200124
09-08-17 02:58:58 [INFO] [OctoBans] zlkayzen sql checked, record: doubleposte by zlKayzen to 1502201164
09-08-17 02:58:58 [INFO] [OctoBans] zlkayzen sql checked, record: insultegrave by zlKayzen to 1502235826
09-08-17 02:58:58 [INFO] [OctoBans] zlkayzen sql checked, record: doubleposte by zlKayzen to 1502201720
09-08-17 02:58:58 [INFO] [OctoBans] zlkayzen sql checked, record: flood by zlKayzen to 1502211009
09-08-17 02:58:58 [INFO] [OctoBans] zlkayzen sql checked, record: provocation by zlKayzen to 1502238729
09-08-17 03:04:23 [INFO] [OctoBans] JustMySkill punished ededed81 for: Double Poste
09-08-17 03:04:44 [INFO] [OctoBans] JustMySkill punished ishaadow_ for: Double Poste
09-08-17 03:10:50 [INFO] [OctoBans] Remil punished dublonpuma2004 for: Majuscule
09-08-17 03:16:23 [INFO] [OctoBans] JustMySkill punished kryzz_unity for: Double Poste
09-08-17 03:23:27 [INFO] [OctoBans] Remil punished kryzz_unity for: Double Poste
09-08-17 03:32:42 [INFO] [OctoBans] rayz_burn sql checked, record: spammp by Remil to -1
09-08-17 03:34:57 [INFO] [OctoBans] Wiindows punished ededed91 for: Spam/flood
09-08-17 03:36:08 [INFO] [OctoBans] JustMySkill punished ededed81 for: Majuscule
09-08-17 03:38:46 [INFO] [OctoBans] zarkos93 sql checked, record: spammp by tinmar to -1
09-08-17 03:46:03 [INFO] [OctoBans] JustMySkill punished _vortex_ for: Langage incorrect
09-08-17 03:46:47 [INFO] [OctoBans] zlKayzen punished jojolatereur972 for: Majuscule
09-08-17 04:08:52 [INFO] [OctoBans] JustMySkill punished rayz_burn for: Double Poste
09-08-17 04:26:54 [INFO] [OctoBans] JustMySkill punished guylian1707 for: Double Poste
09-08-17 04:58:19 [INFO] [OctoBans] zlKayzen punished mangeamoi for: Majuscule
09-08-17 05:04:34 [INFO] [OctoBans] zlKayzen punished krixx for: Provocation
09-08-17 05:17:38 [INFO] [OctoBans] Shouteur punished dark_titix for: Langage incorrect
09-08-17 05:23:07 [INFO] [OctoBans] JustMySkill punished zerthox for: Majuscule
09-08-17 05:52:58 [INFO] [OctoBans] Wiindows punished dst_krnage for: Majuscule
09-08-17 06:01:02 [INFO] [OctoBans] Disabling OctoBans v1.0
