19-07-17 22:31:43 [INFO] [OctoBans] File Handler successfully initialized!
19-07-17 22:31:43 [INFO] [OctoBans] SQL connection successfully etablished
19-07-17 22:31:43 [INFO] [OctoBans] Moderator Tools by Octonia.
19-07-17 22:31:48 [INFO] [OctoBans] wiirko sql checked, record: spammp by Remil to -1
19-07-17 22:31:48 [INFO] [OctoBans] wiirko sql checked, record: insultestaff by Gamer09 to 1500525935
19-07-17 22:31:48 [INFO] [OctoBans] kyzirie sql checked, record: spammp by PseudoNul to -1
19-07-17 22:31:48 [INFO] [OctoBans] kyzirie sql checked, record: spammp by PseudoNul to -1
19-07-17 22:31:48 [INFO] [OctoBans] kyzirie sql checked, record: spammp by PseudoNul to -1
19-07-17 22:31:48 [INFO] [OctoBans] darkoulol sql checked, record: faussesinfos by SnowEffect to 1500557829
19-07-17 22:31:48 [INFO] [OctoBans] xxheroiikxx sql checked, record: floodmp by Forway to -1
19-07-17 22:31:49 [INFO] [OctoBans] thedindin2004 sql checked, record: doubleposte by NeyTox to 1500497372
19-07-17 22:31:49 [INFO] [OctoBans] juju123 sql checked, record: faussesinfos by Wiindows to 1500564467
19-07-17 22:31:49 [INFO] [OctoBans] dylan59300 sql checked, record: doubleposte by Wiindows to 1500497625
19-07-17 22:31:49 [INFO] [OctoBans] keen0x sql checked, record: spammp by iPurple_ to -1
19-07-17 22:31:49 [INFO] [OctoBans] keen0x sql checked, record: spammp by drbrine to -1
19-07-17 22:31:49 [INFO] [OctoBans] keen0x sql checked, record: langage by Wiindows to 1500497610
19-07-17 22:31:49 [INFO] [OctoBans] charifboss sql checked, record: spammp by Blubfire to -1
19-07-17 22:31:49 [INFO] [OctoBans] charifboss sql checked, record: spammp by SnowEffect to -1
19-07-17 22:31:49 [INFO] [OctoBans] maxougaming sql checked, record: spammp by PseudoNul to -1
19-07-17 22:31:49 [INFO] [OctoBans] maxougaming sql checked, record: spammp by PseudoNul to -1
19-07-17 22:31:49 [INFO] [OctoBans] maxougaming sql checked, record: spammp by Remil to -1
19-07-17 22:31:49 [INFO] [OctoBans] maxougaming sql checked, record: spammp by Remil to -1
19-07-17 22:31:49 [INFO] [OctoBans] maxougaming sql checked, record: spammp by NeosiaNexus to -1
19-07-17 22:31:49 [INFO] [OctoBans] maxougaming sql checked, record: spammp by iPurple_ to -1
19-07-17 22:31:49 [INFO] [OctoBans] zayrozz sql checked, record: spammp by Remil to -1
19-07-17 22:31:49 [INFO] [OctoBans] skyqosiii sql checked, record: incitationflood by SnowEffect to 1500545486
19-07-17 22:31:49 [INFO] [OctoBans] enjoymycombo sql checked, record: spammp by SnowEffect to -1
19-07-17 22:31:49 [INFO] [OctoBans] instateproofy sql checked, record: incitationflood by Forway to 1500569209
19-07-17 22:31:49 [INFO] [OctoBans] vivellaviie sql checked, record: spam by tinmar to 1500502071
19-07-17 22:31:50 [INFO] [OctoBans] shouteur sql checked, record: spammp by Remil to -1
19-07-17 22:31:50 [INFO] [OctoBans] shouteur sql checked, record: spammp by Remil to -1
19-07-17 22:31:50 [INFO] [OctoBans] shouteur sql checked, record: spammp by Remil to -1
19-07-17 22:31:50 [INFO] [OctoBans] shouteur sql checked, record: spammp by Remil to -1
19-07-17 22:31:54 [INFO] [OctoBans] thegost sql checked, record: floodmp by Forway to -1
19-07-17 22:31:54 [INFO] [OctoBans] thegost sql checked, record: spammp by iPurple_ to -1
19-07-17 22:31:54 [INFO] [OctoBans] thegost sql checked, record: spammp by Anzerti to -1
19-07-17 22:31:54 [INFO] [OctoBans] thegost sql checked, record: doubleposte by Anzerti to 1500502581
19-07-17 22:31:54 [INFO] [OctoBans] thegost sql checked, record: spammp by Anzerti to -1
19-07-17 22:31:54 [INFO] [OctoBans] masterthief sql checked, record: spam by MaacDoo to 1500501287
19-07-17 22:32:03 [INFO] [OctoBans] dodole1e sql checked, record: spammp by drbrine to -1
19-07-17 22:32:03 [INFO] [OctoBans] dodole1e sql checked, record: spammp by PseudoNul to -1
19-07-17 22:32:03 [INFO] [OctoBans] dodole1e sql checked, record: spam by Anzerti to 1500515412
19-07-17 22:32:10 [INFO] [OctoBans] illumino900 sql checked, record: floodmp by Forway to -1
19-07-17 22:32:12 [INFO] [OctoBans] lebouseuxxxxx sql checked, record: spam by FiasK0 to 1500498034
19-07-17 22:32:12 [INFO] [OctoBans] lebouseuxxxxx sql checked, record: spam by Anzerti to 1500501927
19-07-17 22:32:12 [INFO] [OctoBans] iPurple_ punished xx_volrod_xx for: Double Poste
19-07-17 22:32:16 [INFO] [OctoBans] CreepyEagle punished thegost for: Insulte grave
19-07-17 22:32:18 [INFO] [OctoBans] millardm sql checked, record: spammp by PseudoNul to -1
19-07-17 22:32:20 [INFO] [OctoBans] waytek sql checked, record: spammp by PseudoNul to -1
19-07-17 22:32:20 [INFO] [OctoBans] waytek sql checked, record: spammp by Remil to -1
19-07-17 22:32:20 [INFO] [OctoBans] waytek sql checked, record: spammp by Remil to -1
19-07-17 22:32:26 [INFO] [OctoBans] samybg sql checked, record: spammp by Remil to -1
19-07-17 22:32:26 [INFO] [OctoBans] samybg sql checked, record: spammp by Remil to -1
19-07-17 22:32:39 [INFO] [OctoBans] _dragibus_ sql checked, record: provocation by MaacDoo to 1500499872
19-07-17 22:33:11 [INFO] [OctoBans] brookdu81 sql checked, record: doubleposte by FiasK0 to 1500501082
19-07-17 22:33:31 [INFO] [OctoBans] ew3l sql checked, record: floodmp by Forway to -1
19-07-17 22:33:43 [INFO] [OctoBans] wheass sql checked, record: spammp by SkyKosIV to -1
19-07-17 22:33:43 [INFO] [OctoBans] wheass sql checked, record: spammp by iPurple_ to -1
19-07-17 22:33:51 [INFO] [OctoBans] jtebrainenps4 sql checked, record: insulte by Wiindows to 1500496894
19-07-17 22:33:51 [INFO] [OctoBans] gamix_yt sql checked, record: spammp by SkyKosIV to -1
19-07-17 22:33:51 [INFO] [OctoBans] gamix_yt sql checked, record: spammp by Steph078 to -1
19-07-17 22:33:51 [INFO] [OctoBans] gamix_yt sql checked, record: langage by MaacDoo to 1500498011
19-07-17 22:33:53 [INFO] [OctoBans] olivier28130 sql checked, record: spammp by iPurple_ to -1
19-07-17 22:33:53 [INFO] [OctoBans] azenpvp sql checked, record: insultesrv by Anzerti to 1500511780
19-07-17 22:34:02 [INFO] [OctoBans] witer sql checked, record: spammp by Remil to -1
19-07-17 22:34:02 [INFO] [OctoBans] witer sql checked, record: incitationflood by drbrine to 1500648118
19-07-17 22:34:04 [INFO] [OctoBans] gameplayze_ sql checked, record: spammp by Remil to -1
19-07-17 22:34:38 [INFO] [OctoBans] neskuiik sql checked, record: spammp by iPurple_ to -1
19-07-17 22:34:38 [INFO] [OctoBans] neskuiik sql checked, record: spammp by iPurple_ to -1
19-07-17 22:34:56 [INFO] [OctoBans] CreepyEagle punished 2311220518 for: Pseudo choquant
19-07-17 22:34:59 [INFO] [OctoBans] val28120 sql checked, record: floodmp by Forway to -1
19-07-17 22:34:59 [INFO] [OctoBans] val28120 sql checked, record: spammp by PseudoNul to -1
19-07-17 22:34:59 [INFO] [OctoBans] val28120 sql checked, record: floodmp by Forway to -1
19-07-17 22:34:59 [INFO] [OctoBans] val28120 sql checked, record: flood by iPurple_ to 1500503921
19-07-17 22:35:09 [INFO] [OctoBans] leikow sql checked, record: kickautre by Steph078 to -1
19-07-17 22:35:09 [INFO] [OctoBans] leikow sql checked, record: spam by Anzerti to 1500506497
19-07-17 22:35:10 [INFO] [OctoBans] ezpadrille sql checked, record: majuscule by Kyabe to 1500496763
19-07-17 22:35:21 [INFO] [OctoBans] CreepyEagle punished kyabe for: Raison inconnue
19-07-17 22:36:09 [INFO] [OctoBans] ryan21 sql checked, record: spammp by PseudoNul to -1
19-07-17 22:36:41 [INFO] [OctoBans] CreepyEagle punished byweazz_ for: TpKill
19-07-17 22:36:42 [INFO] [OctoBans] ineow sql checked, record: insultesrv by Anzerti to 1500511765
19-07-17 22:36:46 [INFO] [OctoBans] CreepyEagle punished dragov45 for: TpKill
19-07-17 22:37:06 [INFO] [OctoBans] dylan433 sql checked, record: spammp by PseudoNul to -1
19-07-17 22:37:06 [INFO] [OctoBans] dylan433 sql checked, record: spammp by Remil to -1
19-07-17 22:40:38 [INFO] [OctoBans] Anzerti punished 2311220518 for: Double Poste
19-07-17 22:41:03 [INFO] [OctoBans] Anzerti punished 2311220518 for: Insulte staff
19-07-17 22:41:15 [INFO] [OctoBans] drbrine sql checked, record: spammp by PseudoNul to -1
19-07-17 22:41:21 [INFO] [OctoBans] zizou03 sql checked, record: spammp by drbrine to -1
19-07-17 22:41:40 [INFO] [OctoBans] mrstormax sql checked, record: spammp by tinmar to -1
19-07-17 22:42:52 [INFO] [OctoBans] CreepyEagle punished kyzirie for: Majuscule
19-07-17 22:43:08 [INFO] [OctoBans] pixe3 sql checked, record: floodmp by Forway to -1
19-07-17 22:43:15 [INFO] [OctoBans] CreepyEagle punished enjoymycombo for: Provocation
19-07-17 22:43:38 [INFO] [OctoBans] ktm125sx sql checked, record: spammp by Remil to -1
19-07-17 22:43:42 [INFO] [OctoBans] CreepyEagle punished cfm_arthur for: Double Poste
19-07-17 22:43:49 [INFO] [OctoBans] zadox_ sql checked, record: majuscule by Wiindows to 1500497188
19-07-17 22:44:33 [INFO] [OctoBans] sam_ytb sql checked, record: spammp by iPurple_ to -1
19-07-17 22:45:25 [INFO] [OctoBans] Anzerti punished dz_legammer for: Double Poste
19-07-17 22:45:38 [INFO] [OctoBans] shainko sql checked, record: spammp by PseudoNul to -1
19-07-17 22:45:38 [INFO] [OctoBans] shainko sql checked, record: floodmp by Forway to -1
19-07-17 22:45:38 [INFO] [OctoBans] shainko sql checked, record: floodmp by Forway to -1
19-07-17 22:46:04 [INFO] [OctoBans] lolodu02 sql checked, record: incitationflood by tinmar to 1500549880
19-07-17 22:46:04 [INFO] [OctoBans] lolodu02 sql checked, record: spammp by iPurple_ to -1
19-07-17 22:46:04 [INFO] [OctoBans] lolodu02 sql checked, record: tpkill by PseudoNul to 1500833878
19-07-17 22:46:20 [INFO] [OctoBans] zighapvp sql checked, record: spammp by SuperJojo to -1
19-07-17 22:46:20 [INFO] [OctoBans] zighapvp sql checked, record: spammp by PseudoNul to -1
19-07-17 22:46:20 [INFO] [OctoBans] zighapvp sql checked, record: spammp by PseudoNul to -1
19-07-17 22:46:20 [INFO] [OctoBans] zighapvp sql checked, record: spammp by Remil to -1
19-07-17 22:46:20 [INFO] [OctoBans] zighapvp sql checked, record: incitationflood by PseudoNul to 1500722391
19-07-17 22:46:20 [INFO] [OctoBans] zighapvp sql checked, record: spammp by PseudoNul to -1
19-07-17 22:46:35 [INFO] [OctoBans] goldenboy5959 sql checked, record: spam by FiasK0 to 1500497706
19-07-17 22:47:20 [INFO] [OctoBans] iPurple_ punished thekillerofnoob for: Double Poste
19-07-17 22:47:29 [INFO] [OctoBans] garzan59 sql checked, record: racism by Wiindows to 1500580287
19-07-17 22:48:12 [INFO] [OctoBans] sportek_ sql checked, record: spammp by SkyKosIV to -1
19-07-17 22:48:49 [INFO] [OctoBans] CreepyEagle punished strayzvomie for: Majuscule
19-07-17 22:48:54 [INFO] [OctoBans] justsx sql checked, record: spammp by iPurple_ to -1
19-07-17 22:48:54 [INFO] [OctoBans] justsx sql checked, record: spammp by iPurple_ to -1
19-07-17 22:49:00 [INFO] [OctoBans] Anzerti punished thedarkorb45 for: Insulte
19-07-17 22:50:32 [INFO] [OctoBans] maacdoo sql checked, record: kickautre by CreepyEagle to -1
19-07-17 22:50:45 [INFO] [OctoBans] Anzerti punished zakario_59 for: Double Poste
19-07-17 22:50:49 [INFO] [OctoBans] hobzy sql checked, record: spammp by Remil to -1
19-07-17 22:51:01 [INFO] [OctoBans] iPurple_ punished kawzenhd for: Double Poste
19-07-17 22:51:45 [INFO] [OctoBans] jeteezragepas sql checked, record: spam by CreepyEagle to 1500499621
19-07-17 22:52:02 [INFO] [OctoBans] Anzerti punished hydrasnow for: Spam/flood
19-07-17 22:52:45 [INFO] [OctoBans] dqmntigrax sql checked, record: incitationflood by Anzerti to 1500580586
19-07-17 22:52:49 [INFO] [OctoBans] drbrine punished nogame for: Majuscule
19-07-17 22:52:55 [INFO] [OctoBans] Anzerti punished ninja300 for: Spam/flood
19-07-17 22:53:00 [INFO] [OctoBans] iPurple_ punished progaming_yt for: Langage incorrect
19-07-17 22:53:06 [INFO] [OctoBans] iPurple_ punished lightyugo for: Majuscule
19-07-17 22:53:10 [INFO] [OctoBans] iPurple_ punished goto_camus2 for: Majuscule
19-07-17 22:53:14 [INFO] [OctoBans] iPurple_ punished oneilspace for: Double Poste
19-07-17 22:53:16 [INFO] [OctoBans] MaacDoo punished vokken for: Majuscule
19-07-17 22:54:52 [INFO] [OctoBans] Anzerti punished charifboss for: Majuscule
19-07-17 22:54:58 [INFO] [OctoBans] iPurple_ punished domyos for: Insulte serveur
19-07-17 22:55:18 [INFO] [OctoBans] iPurple_ punished domyos for: Insulte staff
19-07-17 22:55:21 [INFO] [OctoBans] drbrine punished chasa for: Majuscule
19-07-17 22:55:51 [INFO] [OctoBans] drbrine punished shasa for: Majuscule
19-07-17 22:57:38 [INFO] [OctoBans] Anzerti punished derpreciii for: Spam/flood en MP
19-07-17 22:59:15 [INFO] [OctoBans] bellepatate sql checked, record: spammp by SkyKosIV to -1
19-07-17 22:59:15 [INFO] [OctoBans] bellepatate sql checked, record: spammp by Remil to -1
19-07-17 22:59:15 [INFO] [OctoBans] bellepatate sql checked, record: spammp by Steph078 to -1
19-07-17 22:59:40 [INFO] [OctoBans] helol462 sql checked, record: spammp by drbrine to -1
19-07-17 23:00:13 [INFO] [OctoBans] dylandu94 sql checked, record: spammp by iPurple_ to -1
19-07-17 23:00:13 [INFO] [OctoBans] dylandu94 sql checked, record: spammp by iPurple_ to -1
19-07-17 23:00:13 [INFO] [OctoBans] dylandu94 sql checked, record: spam by FiasK0 to 1500504915
19-07-17 23:00:13 [INFO] [OctoBans] dylandu94 sql checked, record: spammp by Anzerti to -1
19-07-17 23:01:55 [INFO] [OctoBans] darkinggaming sql checked, record: floodmp by Forway to -1
19-07-17 23:02:10 [INFO] [OctoBans] ly69n sql checked, record: kickautre by NeosiaNexus to -1
19-07-17 23:03:12 [INFO] [OctoBans] cogez2 sql checked, record: tpkill by Anzerti to 1500499958
19-07-17 23:08:58 [INFO] [OctoBans] forway sql checked, record: spammp by PseudoNul to -1
19-07-17 23:08:58 [INFO] [OctoBans] forway sql checked, record: floodmp by Forway to -1
19-07-17 23:08:58 [INFO] [OctoBans] forway sql checked, record: spammp by PseudoNul to -1
19-07-17 23:08:58 [INFO] [OctoBans] forway sql checked, record: spammp by PseudoNul to -1
19-07-17 23:08:58 [INFO] [OctoBans] forway sql checked, record: floodmp by Forway to -1
19-07-17 23:08:58 [INFO] [OctoBans] forway sql checked, record: floodmp by Forway to -1
19-07-17 23:08:58 [INFO] [OctoBans] forway sql checked, record: floodmp by Forway to -1
19-07-17 23:08:58 [INFO] [OctoBans] forway sql checked, record: spammp by PseudoNul to -1
19-07-17 23:08:58 [INFO] [OctoBans] forway sql checked, record: spammp by PseudoNul to -1
19-07-17 23:09:13 [INFO] [OctoBans] drbrine punished nathan1511 for: Incitation au flood
19-07-17 23:09:21 [INFO] [OctoBans] drbrine punished luca20 for: Double Poste
19-07-17 23:10:27 [INFO] [OctoBans] xxfloxx19 sql checked, record: insultegrave by iPurple_ to 1500544814
19-07-17 23:11:38 [INFO] [OctoBans] Forway punished strayzvomie for: Majuscule
19-07-17 23:12:50 [INFO] [OctoBans] samy13310 sql checked, record: spammp by iPurple_ to -1
19-07-17 23:13:23 [INFO] [OctoBans] Forway punished enjoymycombo for: Spam/flood
19-07-17 23:13:27 [INFO] [OctoBans] Forway punished docteurwho99 for: Spam/flood
19-07-17 23:13:27 [INFO] [OctoBans] Anzerti punished eglantinette for: Spam/flood
19-07-17 23:13:37 [INFO] [OctoBans] guillaume02823 sql checked, record: spammp by aubune to -1
19-07-17 23:13:37 [INFO] [OctoBans] guillaume02823 sql checked, record: spammp by Remil to -1
19-07-17 23:13:52 [INFO] [OctoBans] nicerush sql checked, record: spammp by YTB_XxKarnageXx to -1
19-07-17 23:13:52 [INFO] [OctoBans] nicerush sql checked, record: spammp by PseudoNul to -1
19-07-17 23:13:52 [INFO] [OctoBans] nicerush sql checked, record: insultegrave by iPurple_ to 1500610874
19-07-17 23:14:03 [INFO] [OctoBans] zozodu14 sql checked, record: spammp by iPurple_ to -1
19-07-17 23:14:03 [INFO] [OctoBans] zozodu14 sql checked, record: spammp by skhey to -1
19-07-17 23:14:03 [INFO] [OctoBans] zozodu14 sql checked, record: spammp by skhey to -1
19-07-17 23:14:03 [INFO] [OctoBans] zozodu14 sql checked, record: spammp by skhey to -1
19-07-17 23:14:03 [INFO] [OctoBans] zozodu14 sql checked, record: spammp by skhey to -1
19-07-17 23:14:12 [INFO] [OctoBans] drbrine sql checked, record: spammp by PseudoNul to -1
19-07-17 23:14:12 [INFO] [OctoBans] drbrine sql checked, record: langage by drbrine to 1499626676
19-07-17 23:14:12 [INFO] [OctoBans] drbrine sql checked, record: doubleposte by drbrine to 1499626341
19-07-17 23:14:12 [INFO] [OctoBans] drbrine sql checked, record: doubleposte by drbrine to 1499631714
19-07-17 23:14:12 [INFO] [OctoBans] drbrine sql checked, record: insultegrave by drbrine to 1499734360
19-07-17 23:14:12 [INFO] [OctoBans] drbrine sql checked, record: doubleposte by drbrine to 1499628785
19-07-17 23:14:12 [INFO] [OctoBans] drbrine sql checked, record: doubleposte by drbrine to 1499628136
19-07-17 23:14:12 [INFO] [OctoBans] drbrine sql checked, record: doubleposte by drbrine to 1499630297
19-07-17 23:14:12 [INFO] [OctoBans] drbrine sql checked, record: doubleposte by drbrine to 1499630539
19-07-17 23:14:12 [INFO] [OctoBans] drbrine sql checked, record: insultesrv by drbrine to 1499650806
19-07-17 23:14:12 [INFO] [OctoBans] drbrine sql checked, record: langage by drbrine to 1499636696
19-07-17 23:14:12 [INFO] [OctoBans] drbrine sql checked, record: doubleposte by drbrine to 1499639542
19-07-17 23:14:12 [INFO] [OctoBans] drbrine sql checked, record: langage by drbrine to 1499637495
19-07-17 23:14:12 [INFO] [OctoBans] drbrine sql checked, record: doubleposte by drbrine to 1499637065
19-07-17 23:14:12 [INFO] [OctoBans] drbrine sql checked, record: provocation by drbrine to 1499637438
19-07-17 23:14:12 [INFO] [OctoBans] drbrine sql checked, record: doubleposte by drbrine to 1499636856
19-07-17 23:14:12 [INFO] [OctoBans] drbrine sql checked, record: langage by drbrine to 1499644351
19-07-17 23:14:12 [INFO] [OctoBans] drbrine sql checked, record: doubleposte by drbrine to 1499642495
19-07-17 23:14:12 [INFO] [OctoBans] drbrine sql checked, record: majuscule by drbrine to 1499643067
19-07-17 23:14:12 [INFO] [OctoBans] drbrine sql checked, record: doubleposte by drbrine to 1499649528
19-07-17 23:14:12 [INFO] [OctoBans] drbrine sql checked, record: majuscule by drbrine to 1499647367
19-07-17 23:14:12 [INFO] [OctoBans] drbrine sql checked, record: insultestaff by drbrine to 1499686532
19-07-17 23:14:12 [INFO] [OctoBans] drbrine sql checked, record: provocation by drbrine to 1499651312
19-07-17 23:14:12 [INFO] [OctoBans] drbrine sql checked, record: provocation by drbrine to 1499652298
19-07-17 23:14:12 [INFO] [OctoBans] drbrine sql checked, record: langage by drbrine to 1499653124
19-07-17 23:14:12 [INFO] [OctoBans] drbrine sql checked, record: doubleposte by drbrine to 1499656734
19-07-17 23:14:12 [INFO] [OctoBans] drbrine sql checked, record: provocation by drbrine to 1499654303
19-07-17 23:14:12 [INFO] [OctoBans] drbrine sql checked, record: majuscule by drbrine to 1499659215
19-07-17 23:14:12 [INFO] [OctoBans] drbrine sql checked, record: spam by drbrine to 1499657738
19-07-17 23:14:12 [INFO] [OctoBans] drbrine sql checked, record: doubleposte by drbrine to 1499655218
19-07-17 23:14:12 [INFO] [OctoBans] drbrine sql checked, record: doubleposte by drbrine to 1499658708
19-07-17 23:14:12 [INFO] [OctoBans] drbrine sql checked, record: insultesrv by drbrine to 1499691824
19-07-17 23:14:12 [INFO] [OctoBans] drbrine sql checked, record: doubleposte by drbrine to 1499674678
19-07-17 23:14:12 [INFO] [OctoBans] drbrine sql checked, record: incitationflood by drbrine to 1499848097
19-07-17 23:14:12 [INFO] [OctoBans] drbrine sql checked, record: insultestaff by drbrine to 1499711362
19-07-17 23:14:12 [INFO] [OctoBans] drbrine sql checked, record: doubleposte by drbrine to 1499676596
19-07-17 23:14:12 [INFO] [OctoBans] drbrine sql checked, record: doubleposte by drbrine to 1499679189
19-07-17 23:14:12 [INFO] [OctoBans] drbrine sql checked, record: majuscule by drbrine to 1499678641
19-07-17 23:14:12 [INFO] [OctoBans] drbrine sql checked, record: insulte by drbrine to 1499680182
19-07-17 23:14:12 [INFO] [OctoBans] drbrine sql checked, record: spam by drbrine to 1499688310
19-07-17 23:14:12 [INFO] [OctoBans] drbrine sql checked, record: spam by drbrine to 1499681142
19-07-17 23:14:12 [INFO] [OctoBans] drbrine sql checked, record: insultelegere by drbrine to 1499678464
19-07-17 23:14:12 [INFO] [OctoBans] drbrine sql checked, record: majuscule by drbrine to 1499681787
19-07-17 23:14:12 [INFO] [OctoBans] drbrine sql checked, record: doubleposte by drbrine to 1499679400
19-07-17 23:14:12 [INFO] [OctoBans] drbrine sql checked, record: doubleposte by drbrine to 1499677919
19-07-17 23:14:12 [INFO] [OctoBans] drbrine sql checked, record: spam by drbrine to 1499692029
19-07-17 23:14:12 [INFO] [OctoBans] drbrine sql checked, record: provocation by drbrine to 1499677945
19-07-17 23:14:12 [INFO] [OctoBans] drbrine sql checked, record: doubleposte by drbrine to 1499678257
19-07-17 23:14:12 [INFO] [OctoBans] drbrine sql checked, record: doubleposte by drbrine to 1499678056
19-07-17 23:14:12 [INFO] [OctoBans] drbrine sql checked, record: doubleposte by drbrine to 1499678142
19-07-17 23:14:12 [INFO] [OctoBans] drbrine sql checked, record: doubleposte by drbrine to 1499678361
19-07-17 23:14:12 [INFO] [OctoBans] drbrine sql checked, record: doubleposte by drbrine to 1499680843
19-07-17 23:14:12 [INFO] [OctoBans] drbrine sql checked, record: doubleposte by drbrine to 1499682136
19-07-17 23:14:12 [INFO] [OctoBans] drbrine sql checked, record: faussesinfos by drbrine to 1499767116
19-07-17 23:14:12 [INFO] [OctoBans] drbrine sql checked, record: doubleposte by drbrine to 1499682950
19-07-17 23:14:12 [INFO] [OctoBans] drbrine sql checked, record: spam by drbrine to 1499726066
19-07-17 23:14:12 [INFO] [OctoBans] drbrine sql checked, record: doubleposte by drbrine to 1499683197
19-07-17 23:14:12 [INFO] [OctoBans] drbrine sql checked, record: spam by drbrine to 1499688097
19-07-17 23:14:12 [INFO] [OctoBans] drbrine sql checked, record: insultestaff by drbrine to 1499720565
19-07-17 23:14:12 [INFO] [OctoBans] drbrine sql checked, record: spam by drbrine to 1499693363
19-07-17 23:14:12 [INFO] [OctoBans] drbrine sql checked, record: provocation by drbrine to 1499687608
19-07-17 23:14:12 [INFO] [OctoBans] drbrine sql checked, record: insultegrave by drbrine to 1499722492
19-07-17 23:14:12 [INFO] [OctoBans] drbrine sql checked, record: doubleposte by drbrine to 1499688031
19-07-17 23:14:12 [INFO] [OctoBans] drbrine sql checked, record: doubleposte by drbrine to 1499687463
19-07-17 23:14:12 [INFO] [OctoBans] drbrine sql checked, record: doubleposte by drbrine to 1499687531
19-07-17 23:14:12 [INFO] [OctoBans] drbrine sql checked, record: majuscule by drbrine to 1499688034
19-07-17 23:14:12 [INFO] [OctoBans] drbrine sql checked, record: doubleposte by drbrine to 1499688532
19-07-17 23:14:12 [INFO] [OctoBans] drbrine sql checked, record: doubleposte by drbrine to 1499688562
19-07-17 23:14:12 [INFO] [OctoBans] drbrine sql checked, record: majuscule by drbrine to 1499691085
19-07-17 23:14:12 [INFO] [OctoBans] drbrine sql checked, record: insultegrave by drbrine to 1499726038
19-07-17 23:14:12 [INFO] [OctoBans] drbrine sql checked, record: insultestaff by drbrine to 1499726067
19-07-17 23:14:12 [INFO] [OctoBans] drbrine sql checked, record: doubleposte by drbrine to 1499704320
19-07-17 23:14:12 [INFO] [OctoBans] drbrine sql checked, record: doubleposte by drbrine to 1499704920
19-07-17 23:14:12 [INFO] [OctoBans] drbrine sql checked, record: majuscule by drbrine to 1499707012
19-07-17 23:14:12 [INFO] [OctoBans] drbrine sql checked, record: provocation by drbrine to 1499709458
19-07-17 23:14:12 [INFO] [OctoBans] drbrine sql checked, record: doubleposte by drbrine to 1499710973
19-07-17 23:14:12 [INFO] [OctoBans] drbrine sql checked, record: langage by drbrine to 1499713917
19-07-17 23:14:12 [INFO] [OctoBans] drbrine sql checked, record: spam by drbrine to 1499716714
19-07-17 23:14:12 [INFO] [OctoBans] drbrine sql checked, record: spam by drbrine to 1499717024
19-07-17 23:14:12 [INFO] [OctoBans] drbrine sql checked, record: doubleposte by drbrine to 1499714553
19-07-17 23:14:12 [INFO] [OctoBans] drbrine sql checked, record: spam by drbrine to 1499719405
19-07-17 23:14:12 [INFO] [OctoBans] drbrine sql checked, record: spam by drbrine to 1499721038
19-07-17 23:14:12 [INFO] [OctoBans] drbrine sql checked, record: pubyt by drbrine to 1499726679
19-07-17 23:14:12 [INFO] [OctoBans] drbrine sql checked, record: majuscule by drbrine to 1499726636
19-07-17 23:14:12 [INFO] [OctoBans] drbrine sql checked, record: doubleposte by drbrine to 1499726621
19-07-17 23:14:12 [INFO] [OctoBans] drbrine sql checked, record: homophobie by drbrine to 1499899444
19-07-17 23:14:12 [INFO] [OctoBans] drbrine sql checked, record: provocation by drbrine to 1499730059
19-07-17 23:14:12 [INFO] [OctoBans] drbrine sql checked, record: flood by drbrine to 1499731842
19-07-17 23:14:12 [INFO] [OctoBans] drbrine sql checked, record: flood by drbrine to 1499732431
19-07-17 23:14:12 [INFO] [OctoBans] drbrine sql checked, record: doubleposte by drbrine to 1499762606
19-07-17 23:14:12 [INFO] [OctoBans] drbrine sql checked, record: majuscule by drbrine to 1499762317
19-07-17 23:14:12 [INFO] [OctoBans] drbrine sql checked, record: faussesinfos by drbrine to 1499848234
19-07-17 23:14:12 [INFO] [OctoBans] drbrine sql checked, record: doubleposte by drbrine to 1499763261
19-07-17 23:14:12 [INFO] [OctoBans] drbrine sql checked, record: doubleposte by drbrine to 1499763223
19-07-17 23:14:12 [INFO] [OctoBans] drbrine sql checked, record: majuscule by drbrine to 1499764254
19-07-17 23:14:12 [INFO] [OctoBans] drbrine sql checked, record: majuscule by drbrine to 1499764482
19-07-17 23:14:12 [INFO] [OctoBans] drbrine sql checked, record: doubleposte by drbrine to 1499763645
19-07-17 23:14:12 [INFO] [OctoBans] drbrine sql checked, record: doubleposte by drbrine to 1499764981
19-07-17 23:14:12 [INFO] [OctoBans] drbrine sql checked, record: doubleposte by drbrine to 1499764226
19-07-17 23:14:12 [INFO] [OctoBans] drbrine sql checked, record: spam by drbrine to 1499771275
19-07-17 23:14:12 [INFO] [OctoBans] drbrine sql checked, record: spam by drbrine to 1499767709
19-07-17 23:14:12 [INFO] [OctoBans] drbrine sql checked, record: majuscule by drbrine to 1499767748
19-07-17 23:14:12 [INFO] [OctoBans] drbrine sql checked, record: spam by drbrine to 1499771361
19-07-17 23:14:12 [INFO] [OctoBans] drbrine sql checked, record: doubleposte by drbrine to 1499765158
19-07-17 23:14:12 [INFO] [OctoBans] drbrine sql checked, record: majuscule by drbrine to 1499765098
19-07-17 23:14:12 [INFO] [OctoBans] drbrine sql checked, record: doubleposte by drbrine to 1499768925
19-07-17 23:14:12 [INFO] [OctoBans] drbrine sql checked, record: majuscule by drbrine to 1499766294
19-07-17 23:14:12 [INFO] [OctoBans] drbrine sql checked, record: spam by drbrine to 1499775912
19-07-17 23:14:12 [INFO] [OctoBans] drbrine sql checked, record: doubleposte by drbrine to 1499765430
19-07-17 23:14:12 [INFO] [OctoBans] drbrine sql checked, record: insultegrave by drbrine to 1499801181
19-07-17 23:14:12 [INFO] [OctoBans] drbrine sql checked, record: langage by drbrine to 1499765816
19-07-17 23:14:12 [INFO] [OctoBans] drbrine sql checked, record: spam by drbrine to 1499769364
19-07-17 23:14:12 [INFO] [OctoBans] drbrine sql checked, record: spam by drbrine to 1499772989
19-07-17 23:14:12 [INFO] [OctoBans] drbrine sql checked, record: majuscule by drbrine to 1499767913
19-07-17 23:14:12 [INFO] [OctoBans] drbrine sql checked, record: doubleposte by drbrine to 1499768704
19-07-17 23:14:12 [INFO] [OctoBans] drbrine sql checked, record: doubleposte by drbrine to 1499769412
19-07-17 23:14:12 [INFO] [OctoBans] drbrine sql checked, record: insultegrave by drbrine to 1499843551
19-07-17 23:14:12 [INFO] [OctoBans] drbrine sql checked, record: spam by drbrine to 1499775721
19-07-17 23:14:12 [INFO] [OctoBans] drbrine sql checked, record: provocation by drbrine to 1499774508
19-07-17 23:14:12 [INFO] [OctoBans] drbrine sql checked, record: spam by drbrine to 1499783786
19-07-17 23:14:12 [INFO] [OctoBans] drbrine sql checked, record: doubleposte by drbrine to 1499774358
19-07-17 23:14:12 [INFO] [OctoBans] drbrine sql checked, record: doubleposte by drbrine to 1499782126
19-07-17 23:14:12 [INFO] [OctoBans] drbrine sql checked, record: spam by drbrine to 1499782454
19-07-17 23:14:12 [INFO] [OctoBans] drbrine sql checked, record: flood by drbrine to 1499779035
19-07-17 23:14:12 [INFO] [OctoBans] drbrine sql checked, record: doubleposte by drbrine to 1499775789
19-07-17 23:14:12 [INFO] [OctoBans] drbrine sql checked, record: majuscule by drbrine to 1499777298
19-07-17 23:14:12 [INFO] [OctoBans] drbrine sql checked, record: langage by drbrine to 1499776217
19-07-17 23:14:12 [INFO] [OctoBans] drbrine sql checked, record: doubleposte by drbrine to 1499778924
19-07-17 23:14:12 [INFO] [OctoBans] drbrine sql checked, record: doubleposte by drbrine to 1499779272
19-07-17 23:14:12 [INFO] [OctoBans] drbrine sql checked, record: doubleposte by drbrine to 1499784111
19-07-17 23:14:12 [INFO] [OctoBans] drbrine sql checked, record: doubleposte by drbrine to 1499784753
19-07-17 23:14:12 [INFO] [OctoBans] drbrine sql checked, record: doubleposte by drbrine to 1499788266
19-07-17 23:14:12 [INFO] [OctoBans] drbrine sql checked, record: doubleposte by drbrine to 1499795381
19-07-17 23:14:12 [INFO] [OctoBans] drbrine sql checked, record: spam by drbrine to 1499796665
19-07-17 23:14:12 [INFO] [OctoBans] drbrine sql checked, record: doubleposte by drbrine to 1499797222
19-07-17 23:14:12 [INFO] [OctoBans] drbrine sql checked, record: doubleposte by drbrine to 1499800103
19-07-17 23:14:12 [INFO] [OctoBans] drbrine sql checked, record: doubleposte by drbrine to 1499800148
19-07-17 23:14:12 [INFO] [OctoBans] drbrine sql checked, record: doubleposte by drbrine to 1499803055
19-07-17 23:14:12 [INFO] [OctoBans] drbrine sql checked, record: spam by drbrine to 1499809009
19-07-17 23:14:12 [INFO] [OctoBans] drbrine sql checked, record: doubleposte by drbrine to 1499805581
19-07-17 23:14:12 [INFO] [OctoBans] drbrine sql checked, record: doubleposte by drbrine to 1499804951
19-07-17 23:14:12 [INFO] [OctoBans] drbrine sql checked, record: insultegrave by drbrine to 1499875268
19-07-17 23:14:12 [INFO] [OctoBans] drbrine sql checked, record: spam by drbrine to 1499817552
19-07-17 23:14:12 [INFO] [OctoBans] drbrine sql checked, record: spam by drbrine to 1499813705
19-07-17 23:14:12 [INFO] [OctoBans] drbrine sql checked, record: doubleposte by drbrine to 1499812514
19-07-17 23:14:12 [INFO] [OctoBans] drbrine sql checked, record: doubleposte by drbrine to 1499813585
19-07-17 23:14:12 [INFO] [OctoBans] drbrine sql checked, record: doubleposte by drbrine to 1499813991
19-07-17 23:14:12 [INFO] [OctoBans] drbrine sql checked, record: langage by drbrine to 1499820384
19-07-17 23:14:12 [INFO] [OctoBans] drbrine sql checked, record: majuscule by drbrine to 1499821935
19-07-17 23:14:12 [INFO] [OctoBans] drbrine sql checked, record: langage by drbrine to 1499822733
19-07-17 23:14:12 [INFO] [OctoBans] drbrine sql checked, record: doubleposte by drbrine to 1499823683
19-07-17 23:14:12 [INFO] [OctoBans] drbrine sql checked, record: langage by drbrine to 1499825814
19-07-17 23:14:12 [INFO] [OctoBans] drbrine sql checked, record: majuscule by drbrine to 1499825930
19-07-17 23:14:12 [INFO] [OctoBans] drbrine sql checked, record: doubleposte by drbrine to 1499828376
19-07-17 23:14:12 [INFO] [OctoBans] drbrine sql checked, record: doubleposte by drbrine to 1499834559
19-07-17 23:14:12 [INFO] [OctoBans] drbrine sql checked, record: spam by drbrine to 1499836729
19-07-17 23:14:12 [INFO] [OctoBans] drbrine sql checked, record: insultegrave by drbrine to 1499869210
19-07-17 23:14:12 [INFO] [OctoBans] drbrine sql checked, record: insultegrave by drbrine to 1499905232
19-07-17 23:14:12 [INFO] [OctoBans] drbrine sql checked, record: doubleposte by drbrine to 1499839684
19-07-17 23:14:12 [INFO] [OctoBans] drbrine sql checked, record: insultestaff by drbrine to 1499888088
19-07-17 23:14:12 [INFO] [OctoBans] drbrine sql checked, record: insultegrave by drbrine to 1499890274
19-07-17 23:14:12 [INFO] [OctoBans] drbrine sql checked, record: doubleposte by drbrine to 1499856878
19-07-17 23:14:12 [INFO] [OctoBans] drbrine sql checked, record: langage by drbrine to 1499859764
19-07-17 23:14:12 [INFO] [OctoBans] drbrine sql checked, record: spam by drbrine to 1499878294
19-07-17 23:14:12 [INFO] [OctoBans] drbrine sql checked, record: doubleposte by drbrine to 1499865552
19-07-17 23:14:12 [INFO] [OctoBans] drbrine sql checked, record: spam by drbrine to 1499867685
19-07-17 23:14:12 [INFO] [OctoBans] drbrine sql checked, record: majuscule by drbrine to 1499866244
19-07-17 23:14:12 [INFO] [OctoBans] drbrine sql checked, record: langage by drbrine to 1499867604
19-07-17 23:14:12 [INFO] [OctoBans] drbrine sql checked, record: langage by drbrine to 1499865933
19-07-17 23:14:12 [INFO] [OctoBans] drbrine sql checked, record: doubleposte by drbrine to 1499865346
19-07-17 23:14:12 [INFO] [OctoBans] drbrine sql checked, record: doubleposte by drbrine to 1499865308
19-07-17 23:14:12 [INFO] [OctoBans] drbrine sql checked, record: majuscule by drbrine to 1499866969
19-07-17 23:14:12 [INFO] [OctoBans] drbrine sql checked, record: doubleposte by drbrine to 1499866159
19-07-17 23:14:12 [INFO] [OctoBans] drbrine sql checked, record: doubleposte by drbrine to 1499866433
19-07-17 23:14:12 [INFO] [OctoBans] drbrine sql checked, record: doubleposte by drbrine to 1499870137
19-07-17 23:14:12 [INFO] [OctoBans] drbrine sql checked, record: majuscule by drbrine to 1499869602
19-07-17 23:14:12 [INFO] [OctoBans] drbrine sql checked, record: doubleposte by drbrine to 1499866942
19-07-17 23:14:12 [INFO] [OctoBans] drbrine sql checked, record: majuscule by drbrine to 1499868401
19-07-17 23:14:12 [INFO] [OctoBans] drbrine sql checked, record: spam by drbrine to 1499870842
19-07-17 23:14:12 [INFO] [OctoBans] drbrine sql checked, record: spam by drbrine to 1499874465
19-07-17 23:14:12 [INFO] [OctoBans] drbrine sql checked, record: doubleposte by drbrine to 1499869428
19-07-17 23:14:12 [INFO] [OctoBans] drbrine sql checked, record: provocation by drbrine to 1499867736
19-07-17 23:14:12 [INFO] [OctoBans] drbrine sql checked, record: spam by drbrine to 1499871112
19-07-17 23:14:12 [INFO] [OctoBans] drbrine sql checked, record: doubleposte by drbrine to 1499869702
19-07-17 23:14:12 [INFO] [OctoBans] drbrine sql checked, record: racism by drbrine to 1500127186
19-07-17 23:14:12 [INFO] [OctoBans] drbrine sql checked, record: insultestaff by drbrine to 1499976046
19-07-17 23:14:12 [INFO] [OctoBans] drbrine sql checked, record: racism by drbrine to 1500213678
19-07-17 23:14:12 [INFO] [OctoBans] drbrine sql checked, record: doubleposte by drbrine to 1499868635
19-07-17 23:14:12 [INFO] [OctoBans] drbrine sql checked, record: spam by drbrine to 1499879560
19-07-17 23:14:12 [INFO] [OctoBans] drbrine sql checked, record: spam by drbrine to 1499873182
19-07-17 23:14:12 [INFO] [OctoBans] drbrine sql checked, record: majuscule by drbrine to 1499871453
19-07-17 23:14:12 [INFO] [OctoBans] drbrine sql checked, record: doubleposte by drbrine to 1499870126
19-07-17 23:14:12 [INFO] [OctoBans] drbrine sql checked, record: doubleposte by drbrine to 1499870569
19-07-17 23:14:12 [INFO] [OctoBans] drbrine sql checked, record: provocation by drbrine to 1499870321
19-07-17 23:14:12 [INFO] [OctoBans] drbrine sql checked, record: doubleposte by drbrine to 1499872150
19-07-17 23:14:12 [INFO] [OctoBans] drbrine sql checked, record: spam by drbrine to 1499883430
19-07-17 23:14:12 [INFO] [OctoBans] drbrine sql checked, record: spam by drbrine to 1499877221
19-07-17 23:14:12 [INFO] [OctoBans] drbrine sql checked, record: provocation by drbrine to 1499874503
19-07-17 23:14:12 [INFO] [OctoBans] drbrine sql checked, record: doubleposte by drbrine to 1499874562
19-07-17 23:14:12 [INFO] [OctoBans] drbrine sql checked, record: doubleposte by drbrine to 1499875468
19-07-17 23:14:12 [INFO] [OctoBans] drbrine sql checked, record: doubleposte by drbrine to 1499877363
19-07-17 23:14:12 [INFO] [OctoBans] drbrine sql checked, record: doubleposte by drbrine to 1499884027
19-07-17 23:14:12 [INFO] [OctoBans] drbrine sql checked, record: doubleposte by drbrine to 1499884241
19-07-17 23:14:12 [INFO] [OctoBans] drbrine sql checked, record: doubleposte by drbrine to 1499888469
19-07-17 23:14:12 [INFO] [OctoBans] drbrine sql checked, record: langage by drbrine to 1499888877
19-07-17 23:14:12 [INFO] [OctoBans] drbrine sql checked, record: spam by drbrine to 1499898951
19-07-17 23:14:12 [INFO] [OctoBans] drbrine sql checked, record: spam by drbrine to 1499898962
19-07-17 23:14:12 [INFO] [OctoBans] drbrine sql checked, record: spam by drbrine to 1499895376
19-07-17 23:14:12 [INFO] [OctoBans] drbrine sql checked, record: spam by drbrine to 1499895389
19-07-17 23:14:12 [INFO] [OctoBans] drbrine sql checked, record: spam by drbrine to 1499938613
19-07-17 23:14:12 [INFO] [OctoBans] drbrine sql checked, record: spam by drbrine to 1499899020
19-07-17 23:14:12 [INFO] [OctoBans] drbrine sql checked, record: spam by drbrine to 1499908486
19-07-17 23:14:12 [INFO] [OctoBans] drbrine sql checked, record: doubleposte by drbrine to 1499938925
19-07-17 23:14:12 [INFO] [OctoBans] drbrine sql checked, record: doubleposte by drbrine to 1499939969
19-07-17 23:14:12 [INFO] [OctoBans] drbrine sql checked, record: doubleposte by drbrine to 1499938844
19-07-17 23:14:12 [INFO] [OctoBans] drbrine sql checked, record: doubleposte by drbrine to 1499939007
19-07-17 23:14:12 [INFO] [OctoBans] drbrine sql checked, record: doubleposte by drbrine to 1499939827
19-07-17 23:14:12 [INFO] [OctoBans] drbrine sql checked, record: doubleposte by drbrine to 1499939703
19-07-17 23:14:12 [INFO] [OctoBans] drbrine sql checked, record: doubleposte by drbrine to 1499941216
19-07-17 23:14:12 [INFO] [OctoBans] drbrine sql checked, record: spam by drbrine to 1499943324
19-07-17 23:14:12 [INFO] [OctoBans] drbrine sql checked, record: doubleposte by drbrine to 1499941788
19-07-17 23:14:12 [INFO] [OctoBans] drbrine sql checked, record: doubleposte by drbrine to 1499942922
19-07-17 23:14:12 [INFO] [OctoBans] drbrine sql checked, record: doubleposte by drbrine to 1499943539
19-07-17 23:14:12 [INFO] [OctoBans] drbrine sql checked, record: doubleposte by drbrine to 1499944056
19-07-17 23:14:12 [INFO] [OctoBans] drbrine sql checked, record: doubleposte by drbrine to 1499945718
19-07-17 23:14:12 [INFO] [OctoBans] drbrine sql checked, record: doubleposte by drbrine to 1499945303
19-07-17 23:14:12 [INFO] [OctoBans] drbrine sql checked, record: majuscule by drbrine to 1499947420
19-07-17 23:14:12 [INFO] [OctoBans] drbrine sql checked, record: doubleposte by drbrine to 1499946236
19-07-17 23:14:12 [INFO] [OctoBans] drbrine sql checked, record: doubleposte by drbrine to 1499946287
19-07-17 23:14:12 [INFO] [OctoBans] drbrine sql checked, record: doubleposte by drbrine to 1499947395
19-07-17 23:14:12 [INFO] [OctoBans] drbrine sql checked, record: spam by drbrine to 1499950324
19-07-17 23:14:12 [INFO] [OctoBans] drbrine sql checked, record: spam by drbrine to 1499950349
19-07-17 23:14:12 [INFO] [OctoBans] drbrine sql checked, record: faussesinfos by drbrine to 1500034359
19-07-17 23:14:12 [INFO] [OctoBans] drbrine sql checked, record: spam by drbrine to 1499955660
19-07-17 23:14:12 [INFO] [OctoBans] drbrine sql checked, record: flood by drbrine to 1499952169
19-07-17 23:14:12 [INFO] [OctoBans] drbrine sql checked, record: doubleposte by drbrine to 1499949287
19-07-17 23:14:12 [INFO] [OctoBans] drbrine sql checked, record: spam by drbrine to 1499971228
19-07-17 23:14:12 [INFO] [OctoBans] drbrine sql checked, record: spam by drbrine to 1499956382
19-07-17 23:14:12 [INFO] [OctoBans] drbrine sql checked, record: majuscule by drbrine to 1499954551
19-07-17 23:14:12 [INFO] [OctoBans] drbrine sql checked, record: spam by drbrine to 1499957177
19-07-17 23:14:12 [INFO] [OctoBans] drbrine sql checked, record: langage by drbrine to 1499955638
19-07-17 23:14:12 [INFO] [OctoBans] drbrine sql checked, record: majuscule by drbrine to 1499955148
19-07-17 23:14:12 [INFO] [OctoBans] drbrine sql checked, record: doubleposte by drbrine to 1499957375
19-07-17 23:14:12 [INFO] [OctoBans] drbrine sql checked, record: doubleposte by drbrine to 1499957158
19-07-17 23:14:12 [INFO] [OctoBans] drbrine sql checked, record: doubleposte by drbrine to 1499956986
19-07-17 23:14:12 [INFO] [OctoBans] drbrine sql checked, record: majuscule by drbrine to 1499958187
19-07-17 23:14:12 [INFO] [OctoBans] drbrine sql checked, record: doubleposte by drbrine to 1499967153
19-07-17 23:14:12 [INFO] [OctoBans] drbrine sql checked, record: doubleposte by drbrine to 1499967976
19-07-17 23:14:12 [INFO] [OctoBans] drbrine sql checked, record: spam by drbrine to 1499970788
19-07-17 23:14:12 [INFO] [OctoBans] drbrine sql checked, record: spam by drbrine to 1499971075
19-07-17 23:14:12 [INFO] [OctoBans] drbrine sql checked, record: insultegrave by drbrine to 1500003969
19-07-17 23:14:12 [INFO] [OctoBans] drbrine sql checked, record: spam by drbrine to 1499977357
19-07-17 23:14:12 [INFO] [OctoBans] drbrine sql checked, record: spam by drbrine to 1499982165
19-07-17 23:14:12 [INFO] [OctoBans] drbrine sql checked, record: insulte by drbrine to 1499981276
19-07-17 23:14:12 [INFO] [OctoBans] drbrine sql checked, record: langage by drbrine to 1499992647
19-07-17 23:14:12 [INFO] [OctoBans] drbrine sql checked, record: doubleposte by drbrine to 1499993461
19-07-17 23:14:12 [INFO] [OctoBans] drbrine sql checked, record: doubleposte by drbrine to 1499996391
19-07-17 23:14:12 [INFO] [OctoBans] drbrine sql checked, record: langage by drbrine to 1499998433
19-07-17 23:14:12 [INFO] [OctoBans] drbrine sql checked, record: insultegrave by drbrine to 1500105922
19-07-17 23:14:12 [INFO] [OctoBans] drbrine sql checked, record: spam by drbrine to 1500005324
19-07-17 23:14:12 [INFO] [OctoBans] drbrine sql checked, record: spam by drbrine to 1500029516
19-07-17 23:14:12 [INFO] [OctoBans] drbrine sql checked, record: doubleposte by drbrine to 1500027289
19-07-17 23:14:12 [INFO] [OctoBans] drbrine sql checked, record: insultegrave by drbrine to 1500064212
19-07-17 23:14:12 [INFO] [OctoBans] drbrine sql checked, record: spam by drbrine to 1500039662
19-07-17 23:14:12 [INFO] [OctoBans] drbrine sql checked, record: spam by drbrine to 1500034222
19-07-17 23:14:12 [INFO] [OctoBans] drbrine sql checked, record: doubleposte by drbrine to 1500033026
19-07-17 23:14:12 [INFO] [OctoBans] drbrine sql checked, record: spam by drbrine to 1500044309
19-07-17 23:14:12 [INFO] [OctoBans] drbrine sql checked, record: doubleposte by drbrine to 1500042688
19-07-17 23:14:12 [INFO] [OctoBans] drbrine sql checked, record: spam by drbrine to 1500044980
19-07-17 23:14:12 [INFO] [OctoBans] drbrine sql checked, record: doubleposte by drbrine to 1500070341
19-07-17 23:14:12 [INFO] [OctoBans] drbrine sql checked, record: doubleposte by drbrine to 1500074219
19-07-17 23:14:12 [INFO] [OctoBans] drbrine sql checked, record: spam by drbrine to 1500082102
19-07-17 23:14:12 [INFO] [OctoBans] drbrine sql checked, record: langage by drbrine to 1500072506
19-07-17 23:14:12 [INFO] [OctoBans] drbrine sql checked, record: spam by drbrine to 1500118564
19-07-17 23:14:12 [INFO] [OctoBans] drbrine sql checked, record: langage by drbrine to 1500112572
19-07-17 23:14:12 [INFO] [OctoBans] drbrine sql checked, record: insultestaff by drbrine to 1500147458
19-07-17 23:14:12 [INFO] [OctoBans] drbrine sql checked, record: insultegrave by drbrine to 1500147752
19-07-17 23:14:12 [INFO] [OctoBans] drbrine sql checked, record: langage by drbrine to 1500112368
19-07-17 23:14:12 [INFO] [OctoBans] drbrine sql checked, record: insultestaff by drbrine to 1500148069
19-07-17 23:14:12 [INFO] [OctoBans] drbrine sql checked, record: faussesinfos by drbrine to 1500199307
19-07-17 23:14:12 [INFO] [OctoBans] drbrine sql checked, record: incitationflood by drbrine to 1500286102
19-07-17 23:14:12 [INFO] [OctoBans] drbrine sql checked, record: spam by drbrine to 1500139049
19-07-17 23:14:12 [INFO] [OctoBans] drbrine sql checked, record: langage by drbrine to 1500118674
19-07-17 23:14:12 [INFO] [OctoBans] drbrine sql checked, record: insultestaff by drbrine to 1500149902
19-07-17 23:14:12 [INFO] [OctoBans] drbrine sql checked, record: doubleposte by drbrine to 1500114683
19-07-17 23:14:12 [INFO] [OctoBans] drbrine sql checked, record: doubleposte by drbrine to 1500115645
19-07-17 23:14:12 [INFO] [OctoBans] drbrine sql checked, record: doubleposte by drbrine to 1500116933
19-07-17 23:14:12 [INFO] [OctoBans] drbrine sql checked, record: doubleposte by drbrine to 1500119318
19-07-17 23:14:12 [INFO] [OctoBans] drbrine sql checked, record: majuscule by drbrine to 1500120953
19-07-17 23:14:12 [INFO] [OctoBans] drbrine sql checked, record: spam by drbrine to 1500124571
19-07-17 23:14:12 [INFO] [OctoBans] drbrine sql checked, record: doubleposte by drbrine to 1500123652
19-07-17 23:14:12 [INFO] [OctoBans] drbrine sql checked, record: spam by drbrine to 1500130751
19-07-17 23:14:12 [INFO] [OctoBans] drbrine sql checked, record: spam by drbrine to 1500131555
19-07-17 23:14:12 [INFO] [OctoBans] drbrine sql checked, record: spam by drbrine to 1500131592
19-07-17 23:14:12 [INFO] [OctoBans] drbrine sql checked, record: doubleposte by drbrine to 1500128718
19-07-17 23:14:12 [INFO] [OctoBans] drbrine sql checked, record: spam by drbrine to 1500134073
19-07-17 23:14:12 [INFO] [OctoBans] drbrine sql checked, record: insultegrave by drbrine to 1500315363
19-07-17 23:14:12 [INFO] [OctoBans] drbrine sql checked, record: spam by drbrine to 1500142622
19-07-17 23:14:12 [INFO] [OctoBans] drbrine sql checked, record: doubleposte by drbrine to 1500137442
19-07-17 23:14:12 [INFO] [OctoBans] drbrine sql checked, record: spam by drbrine to 1500145902
19-07-17 23:14:12 [INFO] [OctoBans] drbrine sql checked, record: doubleposte by drbrine to 1500139921
19-07-17 23:14:12 [INFO] [OctoBans] drbrine sql checked, record: doubleposte by drbrine to 1500143994
19-07-17 23:14:12 [INFO] [OctoBans] drbrine sql checked, record: spam by drbrine to 1500161769
19-07-17 23:14:12 [INFO] [OctoBans] drbrine sql checked, record: insultestaff by drbrine to 1500180681
19-07-17 23:14:12 [INFO] [OctoBans] drbrine sql checked, record: provocation by drbrine to 1500145355
19-07-17 23:14:12 [INFO] [OctoBans] drbrine sql checked, record: doubleposte by drbrine to 1500152569
19-07-17 23:14:12 [INFO] [OctoBans] drbrine sql checked, record: flood by drbrine to 1500163433
19-07-17 23:14:12 [INFO] [OctoBans] drbrine sql checked, record: provocation by drbrine to 1500165935
19-07-17 23:14:12 [INFO] [OctoBans] drbrine sql checked, record: langage by drbrine to 1500168237
19-07-17 23:14:12 [INFO] [OctoBans] drbrine sql checked, record: langage by drbrine to 1500174167
19-07-17 23:14:12 [INFO] [OctoBans] drbrine sql checked, record: insultegrave by drbrine to 1500386715
19-07-17 23:14:12 [INFO] [OctoBans] drbrine sql checked, record: insultegrave by drbrine to 1500422735
19-07-17 23:14:12 [INFO] [OctoBans] drbrine sql checked, record: insultegrave by drbrine to 1500494780
19-07-17 23:14:12 [INFO] [OctoBans] drbrine sql checked, record: insultegrave by drbrine to 1500530801
19-07-17 23:14:12 [INFO] [OctoBans] drbrine sql checked, record: insultegrave by drbrine to 1500602846
19-07-17 23:14:12 [INFO] [OctoBans] drbrine sql checked, record: insultegrave by drbrine to 1500638877
19-07-17 23:14:12 [INFO] [OctoBans] drbrine sql checked, record: doubleposte by drbrine to 1500172472
19-07-17 23:14:12 [INFO] [OctoBans] drbrine sql checked, record: majuscule by drbrine to 1500176593
19-07-17 23:14:12 [INFO] [OctoBans] drbrine sql checked, record: langage by drbrine to 1500180040
19-07-17 23:14:12 [INFO] [OctoBans] drbrine sql checked, record: incitationflood by drbrine to 1500265622
19-07-17 23:14:12 [INFO] [OctoBans] drbrine sql checked, record: spam by drbrine to 1500211602
19-07-17 23:14:12 [INFO] [OctoBans] drbrine sql checked, record: langage by drbrine to 1500212857
19-07-17 23:14:12 [INFO] [OctoBans] drbrine sql checked, record: spam by drbrine to 1500225580
19-07-17 23:14:12 [INFO] [OctoBans] drbrine sql checked, record: doubleposte by drbrine to 1500211514
19-07-17 23:14:12 [INFO] [OctoBans] drbrine sql checked, record: doubleposte by drbrine to 1500216448
19-07-17 23:14:12 [INFO] [OctoBans] drbrine sql checked, record: doubleposte by drbrine to 1500218332
19-07-17 23:14:12 [INFO] [OctoBans] drbrine sql checked, record: doubleposte by drbrine to 1500220434
19-07-17 23:14:12 [INFO] [OctoBans] drbrine sql checked, record: doubleposte by drbrine to 1500219793
19-07-17 23:14:12 [INFO] [OctoBans] drbrine sql checked, record: insulte by drbrine to 1500224843
19-07-17 23:14:12 [INFO] [OctoBans] drbrine sql checked, record: doubleposte by drbrine to 1500223310
19-07-17 23:14:12 [INFO] [OctoBans] drbrine sql checked, record: doubleposte by drbrine to 1500223646
19-07-17 23:14:12 [INFO] [OctoBans] drbrine sql checked, record: doubleposte by drbrine to 1500224362
19-07-17 23:14:12 [INFO] [OctoBans] drbrine sql checked, record: majuscule by drbrine to 1500235881
19-07-17 23:14:12 [INFO] [OctoBans] drbrine sql checked, record: doubleposte by drbrine to 1500236352
19-07-17 23:14:12 [INFO] [OctoBans] drbrine sql checked, record: insultestaff by drbrine to 1500273882
19-07-17 23:14:12 [INFO] [OctoBans] drbrine sql checked, record: langage by drbrine to 1500240219
19-07-17 23:14:12 [INFO] [OctoBans] drbrine sql checked, record: spam by drbrine to 1500244633
19-07-17 23:14:12 [INFO] [OctoBans] drbrine sql checked, record: spam by drbrine to 1500244750
19-07-17 23:14:12 [INFO] [OctoBans] drbrine sql checked, record: doubleposte by drbrine to 1500241819
19-07-17 23:14:12 [INFO] [OctoBans] drbrine sql checked, record: doubleposte by drbrine to 1500241769
19-07-17 23:14:12 [INFO] [OctoBans] drbrine sql checked, record: spam by drbrine to 1500253540
19-07-17 23:14:12 [INFO] [OctoBans] drbrine sql checked, record: doubleposte by drbrine to 1500252571
19-07-17 23:14:12 [INFO] [OctoBans] drbrine sql checked, record: insultestaff by drbrine to 1500293375
19-07-17 23:14:12 [INFO] [OctoBans] drbrine sql checked, record: langage by drbrine to 1500260965
19-07-17 23:14:12 [INFO] [OctoBans] drbrine sql checked, record: spammp by drbrine to -1
19-07-17 23:14:12 [INFO] [OctoBans] drbrine sql checked, record: provocation by drbrine to 1500260079
19-07-17 23:14:12 [INFO] [OctoBans] drbrine sql checked, record: langage by drbrine to 1500261452
19-07-17 23:14:12 [INFO] [OctoBans] drbrine sql checked, record: insultegrave by drbrine to 1500296873
19-07-17 23:14:12 [INFO] [OctoBans] drbrine sql checked, record: langage by drbrine to 1500263893
19-07-17 23:14:12 [INFO] [OctoBans] drbrine sql checked, record: doubleposte by drbrine to 1500290817
19-07-17 23:14:12 [INFO] [OctoBans] drbrine sql checked, record: doubleposte by drbrine to 1500286500
19-07-17 23:14:12 [INFO] [OctoBans] drbrine sql checked, record: doubleposte by drbrine to 1500287420
19-07-17 23:14:12 [INFO] [OctoBans] drbrine sql checked, record: spam by drbrine to 1500295039
19-07-17 23:14:12 [INFO] [OctoBans] drbrine sql checked, record: langage by drbrine to 1500292806
19-07-17 23:14:12 [INFO] [OctoBans] drbrine sql checked, record: spammp by drbrine to -1
19-07-17 23:14:12 [INFO] [OctoBans] drbrine sql checked, record: majuscule by drbrine to 1500295861
19-07-17 23:14:12 [INFO] [OctoBans] drbrine sql checked, record: doubleposte by drbrine to 1500295835
19-07-17 23:14:12 [INFO] [OctoBans] drbrine sql checked, record: majuscule by drbrine to 1500297399
19-07-17 23:14:12 [INFO] [OctoBans] drbrine sql checked, record: provocation by drbrine to 1500298356
19-07-17 23:14:12 [INFO] [OctoBans] drbrine sql checked, record: pubyt by drbrine to 1500304115
19-07-17 23:14:12 [INFO] [OctoBans] drbrine sql checked, record: doubleposte by drbrine to 1500297294
19-07-17 23:14:12 [INFO] [OctoBans] drbrine sql checked, record: doubleposte by drbrine to 1500297437
19-07-17 23:14:12 [INFO] [OctoBans] drbrine sql checked, record: doubleposte by drbrine to 1500297756
19-07-17 23:14:12 [INFO] [OctoBans] drbrine sql checked, record: spam by drbrine to 1500308760
19-07-17 23:14:12 [INFO] [OctoBans] drbrine sql checked, record: insultestaff by drbrine to 1500369980
19-07-17 23:14:12 [INFO] [OctoBans] drbrine sql checked, record: spammp by drbrine to -1
19-07-17 23:14:12 [INFO] [OctoBans] drbrine sql checked, record: insultegrave by drbrine to 1500334247
19-07-17 23:14:12 [INFO] [OctoBans] drbrine sql checked, record: spammp by drbrine to -1
19-07-17 23:14:12 [INFO] [OctoBans] drbrine sql checked, record: majuscule by drbrine to 1500321958
19-07-17 23:14:12 [INFO] [OctoBans] drbrine sql checked, record: spam by drbrine to 1500326849
19-07-17 23:14:12 [INFO] [OctoBans] drbrine sql checked, record: spamftag by drbrine to 1500492682
19-07-17 23:14:12 [INFO] [OctoBans] drbrine sql checked, record: doubleposte by drbrine to 1500321269
19-07-17 23:14:12 [INFO] [OctoBans] drbrine sql checked, record: majuscule by drbrine to 1500323994
19-07-17 23:14:12 [INFO] [OctoBans] drbrine sql checked, record: doubleposte by drbrine to 1500323459
19-07-17 23:14:12 [INFO] [OctoBans] drbrine sql checked, record: insultestaff by drbrine to 1500431616
19-07-17 23:14:12 [INFO] [OctoBans] drbrine sql checked, record: spammp by drbrine to -1
19-07-17 23:14:12 [INFO] [OctoBans] drbrine sql checked, record: provocation by drbrine to 1500331179
19-07-17 23:14:12 [INFO] [OctoBans] drbrine sql checked, record: insultegrave by drbrine to 1500367104
19-07-17 23:14:12 [INFO] [OctoBans] drbrine sql checked, record: insultestaff by drbrine to 1500367143
19-07-17 23:14:12 [INFO] [OctoBans] drbrine sql checked, record: doubleposte by drbrine to 1500373162
19-07-17 23:14:12 [INFO] [OctoBans] drbrine sql checked, record: doubleposte by drbrine to 1500380387
19-07-17 23:14:12 [INFO] [OctoBans] drbrine sql checked, record: doubleposte by drbrine to 1500382499
19-07-17 23:14:12 [INFO] [OctoBans] drbrine sql checked, record: langage by drbrine to 1500381668
19-07-17 23:14:12 [INFO] [OctoBans] drbrine sql checked, record: majuscule by drbrine to 1500381833
19-07-17 23:14:12 [INFO] [OctoBans] drbrine sql checked, record: doubleposte by drbrine to 1500381314
19-07-17 23:14:12 [INFO] [OctoBans] drbrine sql checked, record: spammp by drbrine to -1
19-07-17 23:14:12 [INFO] [OctoBans] drbrine sql checked, record: langage by drbrine to 1500389776
19-07-17 23:14:12 [INFO] [OctoBans] drbrine sql checked, record: majuscule by drbrine to 1500390053
19-07-17 23:14:12 [INFO] [OctoBans] drbrine sql checked, record: insultestaff by drbrine to 1500431975
19-07-17 23:14:12 [INFO] [OctoBans] drbrine sql checked, record: doubleposte by drbrine to 1500397397
19-07-17 23:14:12 [INFO] [OctoBans] drbrine sql checked, record: doubleposte by drbrine to 1500397904
19-07-17 23:14:12 [INFO] [OctoBans] drbrine sql checked, record: spamftag by drbrine to 1500570263
19-07-17 23:14:12 [INFO] [OctoBans] drbrine sql checked, record: majuscule by drbrine to 1500401096
19-07-17 23:14:12 [INFO] [OctoBans] drbrine sql checked, record: spam by drbrine to 1500404952
19-07-17 23:14:12 [INFO] [OctoBans] drbrine sql checked, record: majuscule by drbrine to 1500399558
19-07-17 23:14:12 [INFO] [OctoBans] drbrine sql checked, record: incitationflood by drbrine to 1500571133
19-07-17 23:14:12 [INFO] [OctoBans] drbrine sql checked, record: spam by drbrine to 1500405547
19-07-17 23:14:12 [INFO] [OctoBans] drbrine sql checked, record: spam by drbrine to 1500409198
19-07-17 23:14:12 [INFO] [OctoBans] drbrine sql checked, record: spam by drbrine to 1500402017
19-07-17 23:14:12 [INFO] [OctoBans] drbrine sql checked, record: spam by drbrine to 1500402027
19-07-17 23:14:12 [INFO] [OctoBans] drbrine sql checked, record: spam by drbrine to 1500402059
19-07-17 23:14:12 [INFO] [OctoBans] drbrine sql checked, record: spam by drbrine to 1500405671
19-07-17 23:14:12 [INFO] [OctoBans] drbrine sql checked, record: spam by drbrine to 1500402085
19-07-17 23:14:12 [INFO] [OctoBans] drbrine sql checked, record: spam by drbrine to 1500402149
19-07-17 23:14:12 [INFO] [OctoBans] drbrine sql checked, record: spam by drbrine to 1500402159
19-07-17 23:14:12 [INFO] [OctoBans] drbrine sql checked, record: spam by drbrine to 1500413041
19-07-17 23:14:12 [INFO] [OctoBans] drbrine sql checked, record: spam by drbrine to 1500402257
19-07-17 23:14:12 [INFO] [OctoBans] drbrine sql checked, record: doubleposte by drbrine to 1500399109
19-07-17 23:14:12 [INFO] [OctoBans] drbrine sql checked, record: majuscule by drbrine to 1500400881
19-07-17 23:14:12 [INFO] [OctoBans] drbrine sql checked, record: majuscule by drbrine to 1500400825
19-07-17 23:14:12 [INFO] [OctoBans] drbrine sql checked, record: spamftag by drbrine to 1500573083
19-07-17 23:14:12 [INFO] [OctoBans] drbrine sql checked, record: doubleposte by drbrine to 1500401846
19-07-17 23:14:12 [INFO] [OctoBans] drbrine sql checked, record: doubleposte by drbrine to 1500401905
19-07-17 23:14:12 [INFO] [OctoBans] drbrine sql checked, record: doubleposte by drbrine to 1500402664
19-07-17 23:14:12 [INFO] [OctoBans] drbrine sql checked, record: doubleposte by drbrine to 1500402077
19-07-17 23:14:12 [INFO] [OctoBans] drbrine sql checked, record: doubleposte by drbrine to 1500403896
19-07-17 23:14:12 [INFO] [OctoBans] drbrine sql checked, record: doubleposte by drbrine to 1500403940
19-07-17 23:14:12 [INFO] [OctoBans] drbrine sql checked, record: doubleposte by drbrine to 1500405734
19-07-17 23:14:12 [INFO] [OctoBans] drbrine sql checked, record: doubleposte by drbrine to 1500404626
19-07-17 23:14:12 [INFO] [OctoBans] drbrine sql checked, record: pubyt by drbrine to 1500408101
19-07-17 23:14:12 [INFO] [OctoBans] drbrine sql checked, record: menacehack by drbrine to 1500665319
19-07-17 23:14:12 [INFO] [OctoBans] drbrine sql checked, record: spam by drbrine to 1500445769
19-07-17 23:14:12 [INFO] [OctoBans] drbrine sql checked, record: majuscule by drbrine to 1500406948
19-07-17 23:14:12 [INFO] [OctoBans] drbrine sql checked, record: spammp by drbrine to -1
19-07-17 23:14:12 [INFO] [OctoBans] drbrine sql checked, record: doubleposte by drbrine to 1500407941
19-07-17 23:14:12 [INFO] [OctoBans] drbrine sql checked, record: tpkill by drbrine to 1500497855
19-07-17 23:14:12 [INFO] [OctoBans] drbrine sql checked, record: langage by drbrine to 1500415711
19-07-17 23:14:12 [INFO] [OctoBans] drbrine sql checked, record: tpkill by drbrine to 1500760889
19-07-17 23:14:12 [INFO] [OctoBans] drbrine sql checked, record: tpkill by drbrine to 1500588144
19-07-17 23:14:12 [INFO] [OctoBans] drbrine sql checked, record: tpkill by drbrine to 1500501750
19-07-17 23:14:12 [INFO] [OctoBans] drbrine sql checked, record: doubleposte by drbrine to 1500416992
19-07-17 23:14:12 [INFO] [OctoBans] drbrine sql checked, record: spam by drbrine to 1500419446
19-07-17 23:14:12 [INFO] [OctoBans] drbrine sql checked, record: spam by drbrine to 1500426895
19-07-17 23:14:12 [INFO] [OctoBans] drbrine sql checked, record: provocation by drbrine to 1500416744
19-07-17 23:14:12 [INFO] [OctoBans] drbrine sql checked, record: insultegrave by drbrine to 1500452247
19-07-17 23:14:12 [INFO] [OctoBans] drbrine sql checked, record: doubleposte by drbrine to 1500418848
19-07-17 23:14:12 [INFO] [OctoBans] drbrine sql checked, record: majuscule by drbrine to 1500418048
19-07-17 23:14:12 [INFO] [OctoBans] drbrine sql checked, record: provocation by drbrine to 1500419878
19-07-17 23:14:12 [INFO] [OctoBans] drbrine sql checked, record: homophobie by drbrine to 1500504629
19-07-17 23:14:12 [INFO] [OctoBans] drbrine sql checked, record: insultegrave by drbrine to 1500454880
19-07-17 23:14:12 [INFO] [OctoBans] drbrine sql checked, record: spam by drbrine to 1500422761
19-07-17 23:14:12 [INFO] [OctoBans] drbrine sql checked, record: tpkill by drbrine to 1500592577
19-07-17 23:14:12 [INFO] [OctoBans] drbrine sql checked, record: spam by drbrine to 1500423745
19-07-17 23:14:12 [INFO] [OctoBans] drbrine sql checked, record: doubleposte by drbrine to 1500458170
19-07-17 23:14:12 [INFO] [OctoBans] drbrine sql checked, record: insultegrave by drbrine to 1500529603
19-07-17 23:14:12 [INFO] [OctoBans] drbrine sql checked, record: spam by drbrine to 1500476440
19-07-17 23:14:12 [INFO] [OctoBans] drbrine sql checked, record: majuscule by drbrine to 1500459775
19-07-17 23:14:12 [INFO] [OctoBans] drbrine sql checked, record: langage by drbrine to 1500459236
19-07-17 23:14:12 [INFO] [OctoBans] drbrine sql checked, record: doubleposte by drbrine to 1500459025
19-07-17 23:14:12 [INFO] [OctoBans] drbrine sql checked, record: doubleposte by drbrine to 1500460306
19-07-17 23:14:12 [INFO] [OctoBans] drbrine sql checked, record: doubleposte by drbrine to 1500460917
19-07-17 23:14:12 [INFO] [OctoBans] drbrine sql checked, record: doubleposte by drbrine to 1500461924
19-07-17 23:14:12 [INFO] [OctoBans] drbrine sql checked, record: doubleposte by drbrine to 1500462144
19-07-17 23:14:12 [INFO] [OctoBans] drbrine sql checked, record: doubleposte by drbrine to 1500463799
19-07-17 23:14:12 [INFO] [OctoBans] drbrine sql checked, record: doubleposte by drbrine to 1500464996
19-07-17 23:14:12 [INFO] [OctoBans] drbrine sql checked, record: doubleposte by drbrine to 1500464788
19-07-17 23:14:12 [INFO] [OctoBans] drbrine sql checked, record: langage by drbrine to 1500465951
19-07-17 23:14:12 [INFO] [OctoBans] drbrine sql checked, record: langage by drbrine to 1500471888
19-07-17 23:14:12 [INFO] [OctoBans] drbrine sql checked, record: doubleposte by drbrine to 1500472912
19-07-17 23:14:12 [INFO] [OctoBans] drbrine sql checked, record: langage by drbrine to 1500472324
19-07-17 23:14:12 [INFO] [OctoBans] drbrine sql checked, record: majuscule by drbrine to 1500473828
19-07-17 23:14:12 [INFO] [OctoBans] drbrine sql checked, record: incitationflood by drbrine to 1500648118
19-07-17 23:14:12 [INFO] [OctoBans] drbrine sql checked, record: doubleposte by drbrine to 1500475742
19-07-17 23:14:12 [INFO] [OctoBans] drbrine sql checked, record: doubleposte by drbrine to 1500480020
19-07-17 23:14:12 [INFO] [OctoBans] drbrine sql checked, record: doubleposte by drbrine to 1500476917
19-07-17 23:14:12 [INFO] [OctoBans] drbrine sql checked, record: doubleposte by drbrine to 1500476341
19-07-17 23:14:12 [INFO] [OctoBans] drbrine sql checked, record: langage by drbrine to 1500476906
19-07-17 23:14:12 [INFO] [OctoBans] drbrine sql checked, record: tpkill by drbrine to 1500562787
19-07-17 23:14:12 [INFO] [OctoBans] drbrine sql checked, record: tpkill by drbrine to 1500649298
19-07-17 23:14:12 [INFO] [OctoBans] drbrine sql checked, record: tpkill by drbrine to 1500649313
19-07-17 23:14:12 [INFO] [OctoBans] drbrine sql checked, record: spammp by drbrine to -1
19-07-17 23:14:12 [INFO] [OctoBans] drbrine sql checked, record: langage by drbrine to 1500481207
19-07-17 23:14:12 [INFO] [OctoBans] drbrine sql checked, record: tpkill by drbrine to 1500822787
19-07-17 23:14:12 [INFO] [OctoBans] drbrine sql checked, record: doubleposte by drbrine to 1500491547
19-07-17 23:14:12 [INFO] [OctoBans] drbrine sql checked, record: langage by drbrine to 1500495852
19-07-17 23:14:12 [INFO] [OctoBans] drbrine sql checked, record: majuscule by drbrine to 1500498169
19-07-17 23:14:12 [INFO] [OctoBans] drbrine sql checked, record: majuscule by drbrine to 1500498321
19-07-17 23:14:12 [INFO] [OctoBans] drbrine sql checked, record: majuscule by drbrine to 1500498951
19-07-17 23:14:12 [INFO] [OctoBans] drbrine sql checked, record: incitationflood by drbrine to 1500584953
19-07-17 23:14:12 [INFO] [OctoBans] drbrine sql checked, record: doubleposte by drbrine to 1500499461
19-07-17 23:14:21 [INFO] [OctoBans] Forway punished lolo201 for: Spam/flood
19-07-17 23:14:34 [INFO] [OctoBans] Forway punished zeress for: Spam/flood
19-07-17 23:14:36 [INFO] [OctoBans] Forway punished erwan2012 for: Spam/flood
19-07-17 23:14:54 [INFO] [OctoBans] drbrine punished zizou03 for: Spam/flood en MP
19-07-17 23:14:59 [INFO] [OctoBans] Forway punished jtebrainenps4 for: Majuscule
19-07-17 23:15:26 [INFO] [OctoBans] ivluzofficial sql checked, record: spammp by iPurple_ to -1
19-07-17 23:15:26 [INFO] [OctoBans] ivluzofficial sql checked, record: spammp by PseudoNul to -1
19-07-17 23:15:26 [INFO] [OctoBans] ivluzofficial sql checked, record: spammp by PseudoNul to -1
19-07-17 23:15:26 [INFO] [OctoBans] ivluzofficial sql checked, record: insultestaff by MaacDoo to 1500511855
19-07-17 23:16:17 [INFO] [OctoBans] Forway punished clashercraft for: Majuscule
19-07-17 23:16:32 [INFO] [OctoBans] Shainko punished u_uxreally for: Majuscule
19-07-17 23:18:47 [INFO] [OctoBans] Shainko punished diogo12345 for: Langage incorrect
19-07-17 23:22:19 [INFO] [OctoBans] benjkilomp sql checked, record: incitationflood by PseudoNul to 1500574594
19-07-17 23:23:09 [INFO] [OctoBans] Forway punished fifou1165 for: Double Poste
19-07-17 23:24:24 [INFO] [OctoBans] Forway punished mrstormax for: Incitation au flood
19-07-17 23:26:43 [INFO] [OctoBans] keldaxx sql checked, record: spammp by NeosiaNexus to -1
19-07-17 23:26:54 [INFO] [OctoBans] Shainko punished luluobo14 for: Majuscule
19-07-17 23:29:06 [INFO] [OctoBans] NeyTox punished zizou03 for: Double Poste
19-07-17 23:30:49 [INFO] [OctoBans] Forway punished titidu46 for: Spam/flood
19-07-17 23:31:22 [INFO] [OctoBans] Forway punished bymaropvp for: Langage incorrect
19-07-17 23:31:49 [INFO] [OctoBans] zizou03 sql checked, record: spammp by drbrine to -1
19-07-17 23:31:49 [INFO] [OctoBans] zizou03 sql checked, record: spammp by drbrine to -1
19-07-17 23:31:49 [INFO] [OctoBans] zizou03 sql checked, record: doubleposte by NeyTox to 1500500346
19-07-17 23:32:48 [INFO] [OctoBans] zizou03 sql checked, record: spammp by drbrine to -1
19-07-17 23:32:48 [INFO] [OctoBans] zizou03 sql checked, record: spammp by drbrine to -1
19-07-17 23:32:48 [INFO] [OctoBans] zizou03 sql checked, record: doubleposte by NeyTox to 1500500346
19-07-17 23:33:51 [INFO] [OctoBans] 081182 sql checked, record: spammp by SnowEffect to -1
19-07-17 23:33:51 [INFO] [OctoBans] 081182 sql checked, record: tpkill by CreepyEagle to 1500507652
19-07-17 23:33:53 [INFO] [OctoBans] Anzerti punished darkcraft203 for: Spam/flood en MP
19-07-17 23:34:40 [INFO] [OctoBans] drbrine punished xxfiier_pvpxx for: Provocation
19-07-17 23:36:30 [INFO] [OctoBans] marchandloup sql checked, record: spammp by Remil to -1
19-07-17 23:36:30 [INFO] [OctoBans] marchandloup sql checked, record: spammp by PseudoNul to -1
19-07-17 23:36:43 [INFO] [OctoBans] washroxx sql checked, record: tpkill by Anzerti to 1500580647
19-07-17 23:38:14 [INFO] [OctoBans] Wiindows punished darillemineur for: Double Poste
19-07-17 23:38:42 [INFO] [OctoBans] NeyTox punished guillaume02823 for: Spam/flood
19-07-17 23:38:45 [INFO] [OctoBans] Forway punished plitoufmc for: Spam/flood
19-07-17 23:39:14 [INFO] [OctoBans] Forway punished darillemineur for: Spam/flood
19-07-17 23:39:40 [INFO] [OctoBans] Kyabe punished sadroxx for: Double Poste
19-07-17 23:39:57 [INFO] [OctoBans] Forway punished _zwiiko_ for: Double Poste
19-07-17 23:40:46 [INFO] [OctoBans] deeprodole sql checked, record: spammp by SnowEffect to -1
19-07-17 23:41:27 [INFO] [OctoBans] blc_frr_pvp sql checked, record: spammp by iPurple_ to -1
19-07-17 23:41:27 [INFO] [OctoBans] blc_frr_pvp sql checked, record: spammp by PseudoNul to -1
19-07-17 23:44:51 [INFO] [OctoBans] Anzerti punished boubou37 for: Langage incorrect
19-07-17 23:45:50 [INFO] [OctoBans] tagfly_gaming sql checked, record: racism by Wiindows to 1500580310
19-07-17 23:46:25 [INFO] [OctoBans] Wiindows punished by_fly for: Provocation
19-07-17 23:46:43 [INFO] [OctoBans] mindex45 sql checked, record: spammp by SnowEffect to -1
19-07-17 23:46:43 [INFO] [OctoBans] mindex45 sql checked, record: kickautre by NeosiaNexus to -1
19-07-17 23:48:06 [INFO] [OctoBans] drbrine punished progaming_yt for: Double Poste
19-07-17 23:49:53 [INFO] [OctoBans] DEEProdole punished zadox_ for: Double Poste
19-07-17 23:55:18 [INFO] [OctoBans] Wiindows punished by_fly for: Insulte
19-07-17 23:55:52 [INFO] [OctoBans] Anzerti punished progaming_yt for: Double Poste
19-07-17 23:57:05 [INFO] [OctoBans] Wiindows punished sadroxx for: Langage incorrect
19-07-17 23:58:26 [INFO] [OctoBans] Anzerti punished magicledyl08 for: Provocation
19-07-17 23:58:28 [INFO] [OctoBans] drbrine punished neziix_fiire for: Publicit Youtubeur
19-07-17 23:59:39 [INFO] [OctoBans] Anzerti punished magicledyl08 for: TpKill
20-07-17 00:00:30 [INFO] [OctoBans] Anzerti punished waytek for: Langage incorrect
20-07-17 00:01:22 [INFO] [OctoBans] Anzerti punished blackpvp978655 for: Majuscule
20-07-17 00:01:36 [INFO] [OctoBans] Anzerti punished xxheroiikxx for: Langage incorrect
20-07-17 00:02:44 [INFO] [OctoBans] Kyabe punished brookdu81 for: Double Poste
20-07-17 00:03:07 [INFO] [OctoBans] zackdh sql checked, record: floodmp by Forway to -1
20-07-17 00:04:12 [INFO] [OctoBans] iPurple_ punished patoxyt for: Langage incorrect
20-07-17 00:04:35 [INFO] [OctoBans] iPurple_ punished patoxyt for: Insulte
20-07-17 00:05:03 [INFO] [OctoBans] drbrine punished catcho for: TpKill
20-07-17 00:05:31 [INFO] [OctoBans] drbrine punished plitoufmc for: TpKill
20-07-17 00:05:56 [INFO] [OctoBans] DEEProdole punished octoway for: Incitation au flood
20-07-17 00:06:07 [INFO] [OctoBans] DEEProdole punished jojolasticot for: Insulte grave
20-07-17 00:07:21 [INFO] [OctoBans] Kyabe punished dutche for: Spam/flood
20-07-17 00:07:53 [INFO] [OctoBans] Kyabe punished sasukix for: Double Poste
20-07-17 00:10:34 [INFO] [OctoBans] drbrine punished lebgdu54260 for: Insulte grave
20-07-17 00:14:50 [INFO] [OctoBans] biguiboss31 sql checked, record: spammp by PseudoNul to -1
20-07-17 00:14:50 [INFO] [OctoBans] biguiboss31 sql checked, record: spammp by Remil to -1
20-07-17 00:15:46 [INFO] [OctoBans] drbrine punished octoway for: Spam /f tag
20-07-17 00:16:09 [INFO] [OctoBans] Anzerti punished nath1507 for: Insulte
20-07-17 00:16:32 [INFO] [OctoBans] Anzerti punished deniz for: Incitation au flood
20-07-17 00:18:08 [INFO] [OctoBans] Wiindows punished pandamasquer for: Langage incorrect
20-07-17 00:19:02 [INFO] [OctoBans] Anzerti punished snickiz for: Majuscule
20-07-17 00:23:42 [INFO] [OctoBans] Wiindows punished alarmebruine6 for: Majuscule
20-07-17 00:23:58 [INFO] [OctoBans] Wiindows punished sucematrompe for: Langage incorrect
20-07-17 00:24:34 [INFO] [OctoBans] Wiindows punished masterthief for: Spam/flood
20-07-17 00:24:46 [INFO] [OctoBans] Wiindows punished _nytrospeed_jj for: Double Poste
20-07-17 00:34:42 [INFO] [OctoBans] erwani7 sql checked, record: insultestaff by tinmar to 1500521397
20-07-17 00:38:20 [INFO] [OctoBans] Anzerti punished johan22600 for: Double Poste
20-07-17 00:38:35 [INFO] [OctoBans] NeyTox punished lolo201 for: Fausses informations
20-07-17 00:39:59 [INFO] [OctoBans] Anzerti punished xmode_game for: Double Poste
20-07-17 00:40:28 [INFO] [OctoBans] iPurple_ punished dingo15 for: Insulte grave
20-07-17 00:41:06 [INFO] [OctoBans] iPurple_ punished maacdoo for: Insulte
20-07-17 00:43:17 [INFO] [OctoBans] _hello_kitty sql checked, record: spammp by SuperJojo to -1
20-07-17 00:43:17 [INFO] [OctoBans] _hello_kitty sql checked, record: spammp by PseudoNul to -1
20-07-17 00:43:17 [INFO] [OctoBans] _hello_kitty sql checked, record: spammp by PseudoNul to -1
20-07-17 00:43:21 [INFO] [OctoBans] iPurple_ punished neytox for: Spam/flood en MP
20-07-17 00:48:48 [INFO] [OctoBans] Anzerti punished yorazmo for: Langage incorrect
20-07-17 00:48:57 [INFO] [OctoBans] Anzerti punished ishaadow_ for: Langage incorrect
20-07-17 00:51:31 [INFO] [OctoBans] iPurple_ punished the_frusty for: Spam/flood en MP
20-07-17 00:51:45 [INFO] [OctoBans] superb3b3 sql checked, record: incitationflood by PseudoNul to 1500573106
20-07-17 01:02:32 [INFO] [OctoBans] Wiindows punished ns_zetrox for: Langage incorrect
20-07-17 01:04:13 [INFO] [OctoBans] drbrine punished mister88 for: TpKill
20-07-17 01:05:11 [INFO] [OctoBans] drbrine punished sucematrompe for: Provocation
20-07-17 01:07:23 [INFO] [OctoBans] Wiindows punished kebycrafting for: Langage incorrect
20-07-17 01:09:03 [INFO] [OctoBans] Anzerti punished melissa5857 for: Spam/flood en MP
20-07-17 01:09:29 [INFO] [OctoBans] drbrine punished dracks0ul for: Double Poste
20-07-17 01:12:58 [INFO] [OctoBans] Wiindows punished kuiioledozo for: Double Poste
20-07-17 01:13:29 [INFO] [OctoBans] Wiindows punished _bycocoytb for: Spam/flood
20-07-17 01:15:01 [INFO] [OctoBans] The_Frusty punished i_waze for: Provocation
20-07-17 01:15:43 [INFO] [OctoBans] Wiindows punished davenherobrine for: Spam/flood
20-07-17 01:16:50 [INFO] [OctoBans] Wiindows punished kawaziu for: Spam/flood
20-07-17 01:18:27 [INFO] [OctoBans] drbrine punished kawaziu for: Double Poste
20-07-17 01:23:19 [INFO] [OctoBans] Wiindows punished neskuiik for: Spam/flood
20-07-17 01:25:26 [INFO] [OctoBans] zizou03 sql checked, record: spammp by drbrine to -1
20-07-17 01:25:26 [INFO] [OctoBans] zizou03 sql checked, record: spammp by drbrine to -1
20-07-17 01:25:28 [INFO] [OctoBans] zizou03 sql checked, record: spammp by drbrine to -1
20-07-17 01:25:28 [INFO] [OctoBans] zizou03 sql checked, record: spammp by drbrine to -1
20-07-17 01:25:54 [INFO] [OctoBans] neskuiik sql checked, record: spammp by iPurple_ to -1
20-07-17 01:25:54 [INFO] [OctoBans] neskuiik sql checked, record: spammp by iPurple_ to -1
20-07-17 01:25:54 [INFO] [OctoBans] neskuiik sql checked, record: flood by Wiindows to 1500510199
20-07-17 01:26:17 [INFO] [OctoBans] Anzerti punished neskuiik for: Insulte staff
20-07-17 01:27:23 [INFO] [OctoBans] Anzerti punished ezzzzzz for: Double Poste
20-07-17 01:30:08 [INFO] [OctoBans] Wiindows punished aztoxs for: Insulte serveur
20-07-17 01:30:26 [INFO] [OctoBans] Anzerti punished neskuiik for: Insulte staff
20-07-17 01:30:28 [INFO] [OctoBans] Wiindows punished aztoxs for: Insulte lgre
20-07-17 01:31:14 [INFO] [OctoBans] Wiindows punished _hello_kitty for: Provocation
20-07-17 01:32:48 [INFO] [OctoBans] Anzerti punished _hello_kitty for: Menace de hack
20-07-17 01:35:23 [INFO] [OctoBans] Wiindows punished fifou1165 for: Spam/flood
20-07-17 01:37:50 [INFO] [OctoBans] Wiindows punished kawaziu for: Spam/flood
20-07-17 01:40:46 [INFO] [OctoBans] kawaziu sql checked, record: flood by Wiindows to 1500509810
20-07-17 01:40:46 [INFO] [OctoBans] kawaziu sql checked, record: spam by Wiindows to 1500514670
20-07-17 01:42:06 [INFO] [OctoBans] neskuiik sql checked, record: spammp by iPurple_ to -1
20-07-17 01:42:06 [INFO] [OctoBans] neskuiik sql checked, record: spammp by iPurple_ to -1
20-07-17 01:42:06 [INFO] [OctoBans] neskuiik sql checked, record: flood by Wiindows to 1500510199
20-07-17 01:42:06 [INFO] [OctoBans] neskuiik sql checked, record: insultestaff by Anzerti to 1500542777
20-07-17 01:42:06 [INFO] [OctoBans] neskuiik sql checked, record: insultestaff by Anzerti to 1500579026
20-07-17 01:43:12 [INFO] [OctoBans] Wiindows punished shark_75 for: Majuscule
20-07-17 01:43:12 [INFO] [OctoBans] neskuiik sql checked, record: spammp by iPurple_ to -1
20-07-17 01:43:12 [INFO] [OctoBans] neskuiik sql checked, record: spammp by iPurple_ to -1
20-07-17 01:43:12 [INFO] [OctoBans] neskuiik sql checked, record: flood by Wiindows to 1500510199
20-07-17 01:43:12 [INFO] [OctoBans] neskuiik sql checked, record: insultestaff by Anzerti to 1500542777
20-07-17 01:43:12 [INFO] [OctoBans] neskuiik sql checked, record: insultestaff by Anzerti to 1500579026
20-07-17 01:43:28 [INFO] [OctoBans] drbrine punished neskuiik for: Double Poste
20-07-17 01:44:33 [INFO] [OctoBans] Wiindows punished momo54 for: Double Poste
20-07-17 01:46:03 [INFO] [OctoBans] neskuiik sql checked, record: spammp by iPurple_ to -1
20-07-17 01:46:03 [INFO] [OctoBans] neskuiik sql checked, record: spammp by iPurple_ to -1
20-07-17 01:46:03 [INFO] [OctoBans] neskuiik sql checked, record: flood by Wiindows to 1500510199
20-07-17 01:46:03 [INFO] [OctoBans] neskuiik sql checked, record: insultestaff by Anzerti to 1500542777
20-07-17 01:46:03 [INFO] [OctoBans] neskuiik sql checked, record: insultestaff by Anzerti to 1500579026
20-07-17 01:46:03 [INFO] [OctoBans] neskuiik sql checked, record: doubleposte by drbrine to 1500508408
20-07-17 01:46:36 [INFO] [OctoBans] Wiindows punished kawaziu_ for: Provocation
20-07-17 01:48:57 [INFO] [OctoBans] Wiindows punished xxheroiikxx for: Insulte
20-07-17 01:49:25 [INFO] [OctoBans] Wiindows punished lea_la_gameuse for: Fausses informations
20-07-17 01:50:09 [INFO] [OctoBans] jasoxx sql checked, record: spammp by iPurple_ to -1
20-07-17 01:50:15 [INFO] [OctoBans] Wiindows punished dragondefeu for: Double Poste
20-07-17 01:56:40 [INFO] [OctoBans] garzan59 sql checked, record: racism by Wiindows to 1500580287
20-07-17 02:02:20 [INFO] [OctoBans] NeyTox punished skydrozz for: Double Poste
20-07-17 02:02:39 [INFO] [OctoBans] frozen_20 sql checked, record: spammp by skhey to -1
20-07-17 02:02:39 [INFO] [OctoBans] frozen_20 sql checked, record: spammp by iPurple_ to -1
20-07-17 02:02:39 [INFO] [OctoBans] frozen_20 sql checked, record: insultegrave by drbrine to 1500529603
20-07-17 02:03:42 [INFO] [OctoBans] drbrine punished cratereble16 for: Insulte grave
20-07-17 02:10:51 [INFO] [OctoBans] CreepyEagle punished trystanausaure for: Majuscule
20-07-17 02:17:17 [INFO] [OctoBans] DEEProdole punished plidz for: Langage incorrect
20-07-17 02:17:24 [INFO] [OctoBans] DEEProdole punished loleur07 for: Insulte
20-07-17 02:22:23 [INFO] [OctoBans] Wiindows punished pyxel for: Provocation
20-07-17 02:30:38 [INFO] [OctoBans] CreepyEagle punished zlwater for: Spam/flood
20-07-17 02:30:58 [INFO] [OctoBans] CreepyEagle punished zlfire for: Spam/flood
20-07-17 02:31:10 [INFO] [OctoBans] CreepyEagle punished neytox for: Spam/flood
20-07-17 02:37:00 [INFO] [OctoBans] CreepyEagle punished modattozz for: Double Poste
20-07-17 02:39:05 [INFO] [OctoBans] CreepyEagle punished zlwater for: Provocation
20-07-17 02:41:22 [INFO] [OctoBans] DEEProdole punished superteemo for: Majuscule
20-07-17 02:41:36 [INFO] [OctoBans] zlwater sql checked, record: provocation by CreepyEagle to 1500511445
20-07-17 02:44:34 [INFO] [OctoBans] soufian sql checked, record: faussesinfos by TheBrioche13 to 1500542946
20-07-17 02:44:34 [INFO] [OctoBans] soufian sql checked, record: faussesinfos by CreepyEagle to 1500654233
20-07-17 02:44:48 [INFO] [OctoBans] DEEProdole punished zlwater for: Insulte
20-07-17 02:45:18 [INFO] [OctoBans] CreepyEagle punished sha1zer7 for: Spam/flood
20-07-17 02:46:21 [INFO] [OctoBans] DEEProdole punished plidz for: Provocation
20-07-17 02:51:48 [INFO] [OctoBans] neskuiik sql checked, record: spammp by iPurple_ to -1
20-07-17 02:51:48 [INFO] [OctoBans] neskuiik sql checked, record: spammp by iPurple_ to -1
20-07-17 02:51:48 [INFO] [OctoBans] neskuiik sql checked, record: insultestaff by Anzerti to 1500542777
20-07-17 02:51:48 [INFO] [OctoBans] neskuiik sql checked, record: insultestaff by Anzerti to 1500579026
20-07-17 02:56:23 [INFO] [OctoBans] by_sneak sql checked, record: spammp by SkyKosIV to -1
20-07-17 02:56:23 [INFO] [OctoBans] by_sneak sql checked, record: spammp by YTB_XxKarnageXx to -1
20-07-17 02:56:23 [INFO] [OctoBans] by_sneak sql checked, record: menacehack by SkyKosIV to 1500667652
20-07-17 03:01:34 [INFO] [OctoBans] DEEProdole punished ishaadow_ for: Provocation
20-07-17 03:07:52 [INFO] [OctoBans] drbrine punished dylandu94 for: Langage incorrect
20-07-17 03:08:02 [INFO] [OctoBans] drbrine punished prox3lit3 for: Langage incorrect
20-07-17 03:10:15 [INFO] [OctoBans] drbrine punished blackstars301 for: Provocation
20-07-17 03:11:31 [INFO] [OctoBans] chaser sql checked, record: menacehack by SkyKosIV to 1500668237
20-07-17 03:11:31 [INFO] [OctoBans] chaser sql checked, record: menacehack by SkyKosIV to 1500927487
20-07-17 03:15:09 [INFO] [OctoBans] neskuiik sql checked, record: spammp by iPurple_ to -1
20-07-17 03:15:09 [INFO] [OctoBans] neskuiik sql checked, record: spammp by iPurple_ to -1
20-07-17 03:15:09 [INFO] [OctoBans] neskuiik sql checked, record: insultestaff by Anzerti to 1500542777
20-07-17 03:15:09 [INFO] [OctoBans] neskuiik sql checked, record: insultestaff by Anzerti to 1500579026
20-07-17 03:18:52 [INFO] [OctoBans] drbrine punished loolm for: Langage incorrect
20-07-17 03:19:51 [INFO] [OctoBans] drbrine punished alffird for: Double Poste
20-07-17 03:20:11 [INFO] [OctoBans] drbrine punished xfraven for: Provocation
20-07-17 03:29:27 [INFO] [OctoBans] drbrine punished nathan2585 for: Majuscule
20-07-17 03:42:29 [INFO] [OctoBans] DEEProdole punished brookdu81 for: Double Poste
20-07-17 03:43:09 [INFO] [OctoBans] drbrine punished heppah for: Double Poste
20-07-17 03:45:16 [INFO] [OctoBans] Wiindows punished bois2boulogne for: Insulte
20-07-17 03:50:37 [INFO] [OctoBans] Wiindows punished neybey for: Langage incorrect
20-07-17 04:07:38 [INFO] [OctoBans] cratereble16 sql checked, record: insultegrave by drbrine to 1500545022
20-07-17 04:11:42 [INFO] [OctoBans] ztoxakumaswagy sql checked, record: incitationflood by SnowEffect to 1500542210
20-07-17 04:19:52 [INFO] [OctoBans] drbrine punished krais7681 for: Double Poste
20-07-17 04:20:48 [INFO] [OctoBans] DEEProdole punished neybey for: Double Poste
20-07-17 04:23:41 [INFO] [OctoBans] drbrine punished lakitaw for: Langage incorrect
20-07-17 04:25:57 [INFO] [OctoBans] iPurple_ punished _nytrospeed_jj for: Double Poste
20-07-17 04:36:00 [INFO] [OctoBans] DEEProdole punished thefurius for: Spam/flood
20-07-17 04:47:38 [INFO] [OctoBans] dark_sea sql checked, record: spammp by drbrine to -1
20-07-17 05:02:26 [INFO] [OctoBans] Wiindows punished kawaziu_ for: Fausses informations
20-07-17 05:07:08 [INFO] [OctoBans] Wiindows punished sam_ytb for: Langage incorrect
20-07-17 05:08:23 [INFO] [OctoBans] Wiindows punished rayder29 for: Langage incorrect
20-07-17 05:11:44 [INFO] [OctoBans] Wiindows punished sam_ytb for: Provocation
20-07-17 05:19:07 [INFO] [OctoBans] Wiindows punished neybey for: Spam/flood
20-07-17 05:21:58 [INFO] [OctoBans] neybey sql checked, record: spam by Wiindows to 1500531547
20-07-17 06:01:02 [INFO] [OctoBans] Disabling OctoBans v1.0
